2024-06-04 00:13:07,221 INFO  - Initialize application (at simulation time 181.000,000,000 s)
2024-06-04 00:13:07,222 INFO  - Activated WLAN Module (at simulation time 181.000,000,000 s)
2024-06-04 00:13:07,222 INFO  - Vehicle is outside the detection area. (at simulation time 181.000,000,000 s)
2024-06-04 00:13:07,222 INFO  - Sent broadcast CAM message to all vehicles (at simulation time 181.000,000,000 s)
2024-06-04 00:13:07,224 INFO  - Vehicle is outside the detection area. (at simulation time 181.100,000,000 s)
2024-06-04 00:13:07,224 INFO  - Sent broadcast CAM message to all vehicles (at simulation time 181.100,000,000 s)
2024-06-04 00:13:07,226 INFO  - Vehicle is outside the detection area. (at simulation time 181.200,000,000 s)
2024-06-04 00:13:07,226 INFO  - Sent broadcast CAM message to all vehicles (at simulation time 181.200,000,000 s)
2024-06-04 00:13:07,227 INFO  - Vehicle is outside the detection area. (at simulation time 181.300,000,000 s)
2024-06-04 00:13:07,227 INFO  - Sent broadcast CAM message to all vehicles (at simulation time 181.300,000,000 s)
2024-06-04 00:13:07,229 INFO  - Vehicle is outside the detection area. (at simulation time 181.400,000,000 s)
2024-06-04 00:13:07,229 INFO  - Sent broadcast CAM message to all vehicles (at simulation time 181.400,000,000 s)
2024-06-04 00:13:07,230 INFO  - Vehicle is outside the detection area. (at simulation time 181.500,000,000 s)
2024-06-04 00:13:07,230 INFO  - Sent broadcast CAM message to all vehicles (at simulation time 181.500,000,000 s)
2024-06-04 00:13:07,232 INFO  - Vehicle is outside the detection area. (at simulation time 181.600,000,000 s)
2024-06-04 00:13:07,232 INFO  - Sent broadcast CAM message to all vehicles (at simulation time 181.600,000,000 s)
2024-06-04 00:13:07,233 INFO  - Vehicle is outside the detection area. (at simulation time 181.700,000,000 s)
2024-06-04 00:13:07,233 INFO  - Sent broadcast CAM message to all vehicles (at simulation time 181.700,000,000 s)
2024-06-04 00:13:07,235 INFO  - Vehicle is outside the detection area. (at simulation time 181.800,000,000 s)
2024-06-04 00:13:07,235 INFO  - Sent broadcast CAM message to all vehicles (at simulation time 181.800,000,000 s)
2024-06-04 00:13:07,254 INFO  - Vehicle is outside the detection area. (at simulation time 181.900,000,000 s)
2024-06-04 00:13:07,254 INFO  - Sent broadcast CAM message to all vehicles (at simulation time 181.900,000,000 s)
2024-06-04 00:13:07,260 INFO  - Vehicle is outside the detection area. (at simulation time 182.000,000,000 s)
2024-06-04 00:13:07,260 INFO  - Sent broadcast CAM message to all vehicles (at simulation time 182.000,000,000 s)
2024-06-04 00:13:07,263 INFO  - Vehicle is outside the detection area. (at simulation time 182.100,000,000 s)
2024-06-04 00:13:07,263 INFO  - Sent broadcast CAM message to all vehicles (at simulation time 182.100,000,000 s)
2024-06-04 00:13:07,264 INFO  - Vehicle is outside the detection area. (at simulation time 182.200,000,000 s)
2024-06-04 00:13:07,264 INFO  - Sent broadcast CAM message to all vehicles (at simulation time 182.200,000,000 s)
2024-06-04 00:13:07,267 INFO  - Vehicle is outside the detection area. (at simulation time 182.300,000,000 s)
2024-06-04 00:13:07,267 INFO  - Sent broadcast CAM message to all vehicles (at simulation time 182.300,000,000 s)
2024-06-04 00:13:07,268 INFO  - Vehicle is outside the detection area. (at simulation time 182.400,000,000 s)
2024-06-04 00:13:07,268 INFO  - Sent broadcast CAM message to all vehicles (at simulation time 182.400,000,000 s)
2024-06-04 00:13:07,270 INFO  - Vehicle is outside the detection area. (at simulation time 182.500,000,000 s)
2024-06-04 00:13:07,270 INFO  - Sent broadcast CAM message to all vehicles (at simulation time 182.500,000,000 s)
2024-06-04 00:13:07,272 INFO  - Vehicle is outside the detection area. (at simulation time 182.600,000,000 s)
2024-06-04 00:13:07,272 INFO  - Sent broadcast CAM message to all vehicles (at simulation time 182.600,000,000 s)
2024-06-04 00:13:07,274 INFO  - Vehicle is outside the detection area. (at simulation time 182.700,000,000 s)
2024-06-04 00:13:07,274 INFO  - Sent broadcast CAM message to all vehicles (at simulation time 182.700,000,000 s)
2024-06-04 00:13:07,275 INFO  - Vehicle is outside the detection area. (at simulation time 182.800,000,000 s)
2024-06-04 00:13:07,275 INFO  - Sent broadcast CAM message to all vehicles (at simulation time 182.800,000,000 s)
2024-06-04 00:13:07,277 INFO  - Vehicle is outside the detection area. (at simulation time 182.900,000,000 s)
2024-06-04 00:13:07,277 INFO  - Sent broadcast CAM message to all vehicles (at simulation time 182.900,000,000 s)
2024-06-04 00:13:07,284 INFO  - Vehicle is inside the detection area. (at simulation time 183.000,000,000 s)
2024-06-04 00:13:07,284 INFO  - Vehicle is too far away from the traffic light. (at simulation time 183.000,000,000 s)
2024-06-04 00:13:07,284 INFO  - No vehicles in range. (at simulation time 183.000,000,000 s)
2024-06-04 00:13:07,284 INFO  - Neither the RSU nor any vehicle is in range. (at simulation time 183.000,000,000 s)
2024-06-04 00:13:07,284 INFO  - Sent broadcast CAM message to all vehicles (at simulation time 183.000,000,000 s)
2024-06-04 00:13:07,287 INFO  - Vehicle is inside the detection area. (at simulation time 183.100,000,000 s)
2024-06-04 00:13:07,287 INFO  - Vehicle is too far away from the traffic light. (at simulation time 183.100,000,000 s)
2024-06-04 00:13:07,287 INFO  - No vehicles in range. (at simulation time 183.100,000,000 s)
2024-06-04 00:13:07,287 INFO  - Neither the RSU nor any vehicle is in range. (at simulation time 183.100,000,000 s)
2024-06-04 00:13:07,287 INFO  - Sent broadcast CAM message to all vehicles (at simulation time 183.100,000,000 s)
2024-06-04 00:13:07,289 INFO  - Vehicle is inside the detection area. (at simulation time 183.200,000,000 s)
2024-06-04 00:13:07,289 INFO  - Vehicle is too far away from the traffic light. (at simulation time 183.200,000,000 s)
2024-06-04 00:13:07,289 INFO  - No vehicles in range. (at simulation time 183.200,000,000 s)
2024-06-04 00:13:07,289 INFO  - Neither the RSU nor any vehicle is in range. (at simulation time 183.200,000,000 s)
2024-06-04 00:13:07,289 INFO  - Sent broadcast CAM message to all vehicles (at simulation time 183.200,000,000 s)
2024-06-04 00:13:07,291 INFO  - Vehicle is inside the detection area. (at simulation time 183.300,000,000 s)
2024-06-04 00:13:07,291 INFO  - Vehicle is too far away from the traffic light. (at simulation time 183.300,000,000 s)
2024-06-04 00:13:07,291 INFO  - No vehicles in range. (at simulation time 183.300,000,000 s)
2024-06-04 00:13:07,291 INFO  - Neither the RSU nor any vehicle is in range. (at simulation time 183.300,000,000 s)
2024-06-04 00:13:07,291 INFO  - Sent broadcast CAM message to all vehicles (at simulation time 183.300,000,000 s)
2024-06-04 00:13:07,293 INFO  - Vehicle is inside the detection area. (at simulation time 183.400,000,000 s)
2024-06-04 00:13:07,293 INFO  - Vehicle is too far away from the traffic light. (at simulation time 183.400,000,000 s)
2024-06-04 00:13:07,293 INFO  - No vehicles in range. (at simulation time 183.400,000,000 s)
2024-06-04 00:13:07,293 INFO  - Neither the RSU nor any vehicle is in range. (at simulation time 183.400,000,000 s)
2024-06-04 00:13:07,293 INFO  - Sent broadcast CAM message to all vehicles (at simulation time 183.400,000,000 s)
2024-06-04 00:13:07,294 INFO  - Vehicle is inside the detection area. (at simulation time 183.500,000,000 s)
2024-06-04 00:13:07,294 INFO  - Vehicle is too far away from the traffic light. (at simulation time 183.500,000,000 s)
2024-06-04 00:13:07,294 INFO  - No vehicles in range. (at simulation time 183.500,000,000 s)
2024-06-04 00:13:07,294 INFO  - Neither the RSU nor any vehicle is in range. (at simulation time 183.500,000,000 s)
2024-06-04 00:13:07,294 INFO  - Sent broadcast CAM message to all vehicles (at simulation time 183.500,000,000 s)
2024-06-04 00:13:07,296 INFO  - Vehicle is inside the detection area. (at simulation time 183.600,000,000 s)
2024-06-04 00:13:07,296 INFO  - Vehicle is too far away from the traffic light. (at simulation time 183.600,000,000 s)
2024-06-04 00:13:07,296 INFO  - No vehicles in range. (at simulation time 183.600,000,000 s)
2024-06-04 00:13:07,296 INFO  - Neither the RSU nor any vehicle is in range. (at simulation time 183.600,000,000 s)
2024-06-04 00:13:07,296 INFO  - Sent broadcast CAM message to all vehicles (at simulation time 183.600,000,000 s)
2024-06-04 00:13:07,297 INFO  - Vehicle is inside the detection area. (at simulation time 183.700,000,000 s)
2024-06-04 00:13:07,297 INFO  - Vehicle is too far away from the traffic light. (at simulation time 183.700,000,000 s)
2024-06-04 00:13:07,297 INFO  - No vehicles in range. (at simulation time 183.700,000,000 s)
2024-06-04 00:13:07,297 INFO  - Neither the RSU nor any vehicle is in range. (at simulation time 183.700,000,000 s)
2024-06-04 00:13:07,297 INFO  - Sent broadcast CAM message to all vehicles (at simulation time 183.700,000,000 s)
2024-06-04 00:13:07,299 INFO  - Vehicle is inside the detection area. (at simulation time 183.800,000,000 s)
2024-06-04 00:13:07,299 INFO  - Vehicle is too far away from the traffic light. (at simulation time 183.800,000,000 s)
2024-06-04 00:13:07,299 INFO  - No vehicles in range. (at simulation time 183.800,000,000 s)
2024-06-04 00:13:07,299 INFO  - Neither the RSU nor any vehicle is in range. (at simulation time 183.800,000,000 s)
2024-06-04 00:13:07,299 INFO  - Sent broadcast CAM message to all vehicles (at simulation time 183.800,000,000 s)
2024-06-04 00:13:07,301 INFO  - Vehicle is inside the detection area. (at simulation time 183.900,000,000 s)
2024-06-04 00:13:07,301 INFO  - Vehicle is too far away from the traffic light. (at simulation time 183.900,000,000 s)
2024-06-04 00:13:07,301 INFO  - No vehicles in range. (at simulation time 183.900,000,000 s)
2024-06-04 00:13:07,301 INFO  - Neither the RSU nor any vehicle is in range. (at simulation time 183.900,000,000 s)
2024-06-04 00:13:07,301 INFO  - Sent broadcast CAM message to all vehicles (at simulation time 183.900,000,000 s)
2024-06-04 00:13:07,306 INFO  - Vehicle is inside the detection area. (at simulation time 184.000,000,000 s)
2024-06-04 00:13:07,306 INFO  - Vehicle is too far away from the traffic light. (at simulation time 184.000,000,000 s)
2024-06-04 00:13:07,306 INFO  - No vehicles in range. (at simulation time 184.000,000,000 s)
2024-06-04 00:13:07,306 INFO  - Neither the RSU nor any vehicle is in range. (at simulation time 184.000,000,000 s)
2024-06-04 00:13:07,306 INFO  - Sent broadcast CAM message to all vehicles (at simulation time 184.000,000,000 s)
2024-06-04 00:13:07,308 INFO  - Vehicle is inside the detection area. (at simulation time 184.100,000,000 s)
2024-06-04 00:13:07,308 INFO  - Vehicle is too far away from the traffic light. (at simulation time 184.100,000,000 s)
2024-06-04 00:13:07,308 INFO  - No vehicles in range. (at simulation time 184.100,000,000 s)
2024-06-04 00:13:07,308 INFO  - Neither the RSU nor any vehicle is in range. (at simulation time 184.100,000,000 s)
2024-06-04 00:13:07,308 INFO  - Sent broadcast CAM message to all vehicles (at simulation time 184.100,000,000 s)
2024-06-04 00:13:07,309 INFO  - Vehicle is inside the detection area. (at simulation time 184.200,000,000 s)
2024-06-04 00:13:07,309 INFO  - Vehicle is too far away from the traffic light. (at simulation time 184.200,000,000 s)
2024-06-04 00:13:07,309 INFO  - No vehicles in range. (at simulation time 184.200,000,000 s)
2024-06-04 00:13:07,309 INFO  - Neither the RSU nor any vehicle is in range. (at simulation time 184.200,000,000 s)
2024-06-04 00:13:07,309 INFO  - Sent broadcast CAM message to all vehicles (at simulation time 184.200,000,000 s)
2024-06-04 00:13:07,311 INFO  - Vehicle is inside the detection area. (at simulation time 184.300,000,000 s)
2024-06-04 00:13:07,311 INFO  - Vehicle is too far away from the traffic light. (at simulation time 184.300,000,000 s)
2024-06-04 00:13:07,311 INFO  - No vehicles in range. (at simulation time 184.300,000,000 s)
2024-06-04 00:13:07,311 INFO  - Neither the RSU nor any vehicle is in range. (at simulation time 184.300,000,000 s)
2024-06-04 00:13:07,311 INFO  - Sent broadcast CAM message to all vehicles (at simulation time 184.300,000,000 s)
2024-06-04 00:13:07,312 INFO  - Vehicle is inside the detection area. (at simulation time 184.400,000,000 s)
2024-06-04 00:13:07,312 INFO  - Vehicle is too far away from the traffic light. (at simulation time 184.400,000,000 s)
2024-06-04 00:13:07,312 INFO  - No vehicles in range. (at simulation time 184.400,000,000 s)
2024-06-04 00:13:07,312 INFO  - Neither the RSU nor any vehicle is in range. (at simulation time 184.400,000,000 s)
2024-06-04 00:13:07,312 INFO  - Sent broadcast CAM message to all vehicles (at simulation time 184.400,000,000 s)
2024-06-04 00:13:07,313 INFO  - Vehicle is inside the detection area. (at simulation time 184.500,000,000 s)
2024-06-04 00:13:07,313 INFO  - Vehicle is too far away from the traffic light. (at simulation time 184.500,000,000 s)
2024-06-04 00:13:07,313 INFO  - No vehicles in range. (at simulation time 184.500,000,000 s)
2024-06-04 00:13:07,313 INFO  - Neither the RSU nor any vehicle is in range. (at simulation time 184.500,000,000 s)
2024-06-04 00:13:07,313 INFO  - Sent broadcast CAM message to all vehicles (at simulation time 184.500,000,000 s)
2024-06-04 00:13:07,315 INFO  - Vehicle is inside the detection area. (at simulation time 184.600,000,000 s)
2024-06-04 00:13:07,315 INFO  - Vehicle is too far away from the traffic light. (at simulation time 184.600,000,000 s)
2024-06-04 00:13:07,315 INFO  - No vehicles in range. (at simulation time 184.600,000,000 s)
2024-06-04 00:13:07,315 INFO  - Neither the RSU nor any vehicle is in range. (at simulation time 184.600,000,000 s)
2024-06-04 00:13:07,315 INFO  - Sent broadcast CAM message to all vehicles (at simulation time 184.600,000,000 s)
2024-06-04 00:13:07,316 INFO  - Vehicle is inside the detection area. (at simulation time 184.700,000,000 s)
2024-06-04 00:13:07,316 INFO  - Vehicle is too far away from the traffic light. (at simulation time 184.700,000,000 s)
2024-06-04 00:13:07,316 INFO  - No vehicles in range. (at simulation time 184.700,000,000 s)
2024-06-04 00:13:07,316 INFO  - Neither the RSU nor any vehicle is in range. (at simulation time 184.700,000,000 s)
2024-06-04 00:13:07,316 INFO  - Sent broadcast CAM message to all vehicles (at simulation time 184.700,000,000 s)
2024-06-04 00:13:07,318 INFO  - Vehicle is inside the detection area. (at simulation time 184.800,000,000 s)
2024-06-04 00:13:07,318 INFO  - Vehicle is too far away from the traffic light. (at simulation time 184.800,000,000 s)
2024-06-04 00:13:07,318 INFO  - No vehicles in range. (at simulation time 184.800,000,000 s)
2024-06-04 00:13:07,318 INFO  - Neither the RSU nor any vehicle is in range. (at simulation time 184.800,000,000 s)
2024-06-04 00:13:07,318 INFO  - Sent broadcast CAM message to all vehicles (at simulation time 184.800,000,000 s)
2024-06-04 00:13:07,320 INFO  - Vehicle is inside the detection area. (at simulation time 184.900,000,000 s)
2024-06-04 00:13:07,320 INFO  - Vehicle is too far away from the traffic light. (at simulation time 184.900,000,000 s)
2024-06-04 00:13:07,320 INFO  - No vehicles in range. (at simulation time 184.900,000,000 s)
2024-06-04 00:13:07,320 INFO  - Neither the RSU nor any vehicle is in range. (at simulation time 184.900,000,000 s)
2024-06-04 00:13:07,320 INFO  - Sent broadcast CAM message to all vehicles (at simulation time 184.900,000,000 s)
2024-06-04 00:13:07,325 INFO  - Atempting to process queue (at simulation time 185.000,000,000 s)
2024-06-04 00:13:07,325 INFO  - Vehicle is inside the detection area. (at simulation time 185.000,000,000 s)
2024-06-04 00:13:07,325 INFO  - Sent Detection message to rsu_0 (at simulation time 185.000,000,000 s)
2024-06-04 00:13:07,325 INFO  - Sent broadcast CAM message to all vehicles (at simulation time 185.000,000,000 s)
2024-06-04 00:13:07,326 INFO  - Received CAM message from veh_66 (at simulation time 185.001,400,000 s)
2024-06-04 00:13:07,327 INFO  - Received CAM message from veh_38 (at simulation time 185.002,400,000 s)
2024-06-04 00:13:07,327 INFO  - Atempting to process queue (at simulation time 185.100,000,000 s)
2024-06-04 00:13:07,327 INFO  - Vehicle is inside the detection area. (at simulation time 185.100,000,000 s)
2024-06-04 00:13:07,327 INFO  - Sent Detection message to rsu_0 (at simulation time 185.100,000,000 s)
2024-06-04 00:13:07,327 INFO  - Sent broadcast CAM message to all vehicles (at simulation time 185.100,000,000 s)
2024-06-04 00:13:07,328 INFO  - Received CAM message from veh_38 (at simulation time 185.100,900,000 s)
2024-06-04 00:13:07,328 INFO  - Received CAM message from veh_66 (at simulation time 185.101,400,000 s)
2024-06-04 00:13:07,328 INFO  - Atempting to process queue (at simulation time 185.200,000,000 s)
2024-06-04 00:13:07,328 INFO  - Vehicle is inside the detection area. (at simulation time 185.200,000,000 s)
2024-06-04 00:13:07,328 INFO  - Sent Detection message to rsu_0 (at simulation time 185.200,000,000 s)
2024-06-04 00:13:07,328 INFO  - Sent broadcast CAM message to all vehicles (at simulation time 185.200,000,000 s)
2024-06-04 00:13:07,329 INFO  - Received CAM message from veh_66 (at simulation time 185.201,900,000 s)
2024-06-04 00:13:07,329 INFO  - Received CAM message from veh_38 (at simulation time 185.202,400,000 s)
2024-06-04 00:13:07,329 INFO  - Atempting to process queue (at simulation time 185.300,000,000 s)
2024-06-04 00:13:07,329 INFO  - Vehicle is inside the detection area. (at simulation time 185.300,000,000 s)
2024-06-04 00:13:07,329 INFO  - Sent Detection message to rsu_0 (at simulation time 185.300,000,000 s)
2024-06-04 00:13:07,329 INFO  - Sent broadcast CAM message to all vehicles (at simulation time 185.300,000,000 s)
2024-06-04 00:13:07,330 INFO  - Received CAM message from veh_66 (at simulation time 185.300,400,000 s)
2024-06-04 00:13:07,331 INFO  - Received CAM message from veh_38 (at simulation time 185.301,900,000 s)
2024-06-04 00:13:07,331 INFO  - Atempting to process queue (at simulation time 185.400,000,000 s)
2024-06-04 00:13:07,331 INFO  - Vehicle is inside the detection area. (at simulation time 185.400,000,000 s)
2024-06-04 00:13:07,331 INFO  - Sent Detection message to rsu_0 (at simulation time 185.400,000,000 s)
2024-06-04 00:13:07,331 INFO  - Sent broadcast CAM message to all vehicles (at simulation time 185.400,000,000 s)
2024-06-04 00:13:07,332 INFO  - Received CAM message from veh_66 (at simulation time 185.401,400,000 s)
2024-06-04 00:13:07,332 INFO  - Received CAM message from veh_38 (at simulation time 185.401,900,000 s)
2024-06-04 00:13:07,333 INFO  - Atempting to process queue (at simulation time 185.500,000,000 s)
2024-06-04 00:13:07,333 INFO  - Vehicle is inside the detection area. (at simulation time 185.500,000,000 s)
2024-06-04 00:13:07,333 INFO  - Sent Detection message to rsu_0 (at simulation time 185.500,000,000 s)
2024-06-04 00:13:07,333 INFO  - Sent broadcast CAM message to all vehicles (at simulation time 185.500,000,000 s)
2024-06-04 00:13:07,333 INFO  - Received CAM message from veh_66 (at simulation time 185.500,900,000 s)
2024-06-04 00:13:07,334 INFO  - Received CAM message from veh_38 (at simulation time 185.501,400,000 s)
2024-06-04 00:13:07,334 INFO  - Atempting to process queue (at simulation time 185.600,000,000 s)
2024-06-04 00:13:07,334 INFO  - Vehicle is inside the detection area. (at simulation time 185.600,000,000 s)
2024-06-04 00:13:07,334 INFO  - Sent Detection message to rsu_0 (at simulation time 185.600,000,000 s)
2024-06-04 00:13:07,334 INFO  - Sent broadcast CAM message to all vehicles (at simulation time 185.600,000,000 s)
2024-06-04 00:13:07,335 INFO  - Received CAM message from veh_66 (at simulation time 185.601,400,000 s)
2024-06-04 00:13:07,335 INFO  - Received CAM message from veh_38 (at simulation time 185.601,400,000 s)
2024-06-04 00:13:07,336 INFO  - Atempting to process queue (at simulation time 185.700,000,000 s)
2024-06-04 00:13:07,336 INFO  - Vehicle is inside the detection area. (at simulation time 185.700,000,000 s)
2024-06-04 00:13:07,336 INFO  - Sent Detection message to rsu_0 (at simulation time 185.700,000,000 s)
2024-06-04 00:13:07,336 INFO  - Sent broadcast CAM message to all vehicles (at simulation time 185.700,000,000 s)
2024-06-04 00:13:07,337 INFO  - Received CAM message from veh_38 (at simulation time 185.700,400,000 s)
2024-06-04 00:13:07,337 INFO  - Received CAM message from veh_66 (at simulation time 185.702,400,000 s)
2024-06-04 00:13:07,337 INFO  - Atempting to process queue (at simulation time 185.800,000,000 s)
2024-06-04 00:13:07,337 INFO  - Vehicle is inside the detection area. (at simulation time 185.800,000,000 s)
2024-06-04 00:13:07,337 INFO  - Sent Detection message to rsu_0 (at simulation time 185.800,000,000 s)
2024-06-04 00:13:07,337 INFO  - Sent broadcast CAM message to all vehicles (at simulation time 185.800,000,000 s)
2024-06-04 00:13:07,339 INFO  - Received CAM message from veh_66 (at simulation time 185.801,900,000 s)
2024-06-04 00:13:07,339 INFO  - Received CAM message from veh_38 (at simulation time 185.802,400,000 s)
2024-06-04 00:13:07,339 INFO  - Atempting to process queue (at simulation time 185.900,000,000 s)
2024-06-04 00:13:07,339 INFO  - Vehicle is inside the detection area. (at simulation time 185.900,000,000 s)
2024-06-04 00:13:07,339 INFO  - Sent Detection message to rsu_0 (at simulation time 185.900,000,000 s)
2024-06-04 00:13:07,339 INFO  - Sent broadcast CAM message to all vehicles (at simulation time 185.900,000,000 s)
2024-06-04 00:13:07,340 INFO  - Received CAM message from veh_38 (at simulation time 185.900,400,000 s)
2024-06-04 00:13:07,340 INFO  - Received CAM message from veh_66 (at simulation time 185.902,400,000 s)
2024-06-04 00:13:07,343 INFO  - Atempting to process queue (at simulation time 186.000,000,000 s)
2024-06-04 00:13:07,343 INFO  - Vehicle is inside the detection area. (at simulation time 186.000,000,000 s)
2024-06-04 00:13:07,343 INFO  - Sent Detection message to rsu_0 (at simulation time 186.000,000,000 s)
2024-06-04 00:13:07,343 INFO  - Sent broadcast CAM message to all vehicles (at simulation time 186.000,000,000 s)
2024-06-04 00:13:07,344 INFO  - Received CAM message from veh_84 (at simulation time 186.000,400,000 s)
2024-06-04 00:13:07,344 INFO  - Received CAM message from veh_50 (at simulation time 186.000,900,000 s)
2024-06-04 00:13:07,345 INFO  - Received CAM message from veh_74 (at simulation time 186.001,400,000 s)
2024-06-04 00:13:07,345 INFO  - Received CAM message from veh_54 (at simulation time 186.001,400,000 s)
2024-06-04 00:13:07,345 INFO  - Received CAM message from veh_38 (at simulation time 186.001,900,000 s)
2024-06-04 00:13:07,345 INFO  - Received CAM message from veh_90 (at simulation time 186.002,400,000 s)
2024-06-04 00:13:07,345 INFO  - Received CAM message from veh_66 (at simulation time 186.002,400,000 s)
2024-06-04 00:13:07,345 INFO  - Atempting to process queue (at simulation time 186.100,000,000 s)
2024-06-04 00:13:07,345 INFO  - Vehicle is inside the detection area. (at simulation time 186.100,000,000 s)
2024-06-04 00:13:07,345 INFO  - Sent Detection message to rsu_0 (at simulation time 186.100,000,000 s)
2024-06-04 00:13:07,345 INFO  - Sent broadcast CAM message to all vehicles (at simulation time 186.100,000,000 s)
2024-06-04 00:13:07,345 INFO  - Received CAM message from veh_84 (at simulation time 186.100,400,000 s)
2024-06-04 00:13:07,346 INFO  - Received CAM message from veh_38 (at simulation time 186.100,400,000 s)
2024-06-04 00:13:07,346 INFO  - Received CAM message from veh_74 (at simulation time 186.101,400,000 s)
2024-06-04 00:13:07,346 INFO  - Received CAM message from veh_90 (at simulation time 186.101,900,000 s)
2024-06-04 00:13:07,346 INFO  - Received CAM message from veh_54 (at simulation time 186.101,900,000 s)
2024-06-04 00:13:07,346 INFO  - Received CAM message from veh_66 (at simulation time 186.102,400,000 s)
2024-06-04 00:13:07,346 INFO  - Received CAM message from veh_50 (at simulation time 186.102,400,000 s)
2024-06-04 00:13:07,346 INFO  - Atempting to process queue (at simulation time 186.200,000,000 s)
2024-06-04 00:13:07,346 INFO  - Vehicle is inside the detection area. (at simulation time 186.200,000,000 s)
2024-06-04 00:13:07,346 INFO  - Sent Detection message to rsu_0 (at simulation time 186.200,000,000 s)
2024-06-04 00:13:07,346 INFO  - Sent broadcast CAM message to all vehicles (at simulation time 186.200,000,000 s)
2024-06-04 00:13:07,347 INFO  - Received CAM message from veh_84 (at simulation time 186.200,400,000 s)
2024-06-04 00:13:07,347 INFO  - Received CAM message from veh_50 (at simulation time 186.200,900,000 s)
2024-06-04 00:13:07,347 INFO  - Received CAM message from veh_66 (at simulation time 186.201,400,000 s)
2024-06-04 00:13:07,348 INFO  - Received CAM message from veh_90 (at simulation time 186.201,900,000 s)
2024-06-04 00:13:07,348 INFO  - Received CAM message from veh_74 (at simulation time 186.202,400,000 s)
2024-06-04 00:13:07,348 INFO  - Received CAM message from veh_54 (at simulation time 186.202,400,000 s)
2024-06-04 00:13:07,348 INFO  - Received CAM message from veh_38 (at simulation time 186.202,400,000 s)
2024-06-04 00:13:07,348 INFO  - Atempting to process queue (at simulation time 186.300,000,000 s)
2024-06-04 00:13:07,348 INFO  - Vehicle is inside the detection area. (at simulation time 186.300,000,000 s)
2024-06-04 00:13:07,348 INFO  - Sent Detection message to rsu_0 (at simulation time 186.300,000,000 s)
2024-06-04 00:13:07,348 INFO  - Sent broadcast CAM message to all vehicles (at simulation time 186.300,000,000 s)
2024-06-04 00:13:07,348 INFO  - Received CAM message from veh_90 (at simulation time 186.300,400,000 s)
2024-06-04 00:13:07,349 INFO  - Received CAM message from veh_54 (at simulation time 186.301,400,000 s)
2024-06-04 00:13:07,349 INFO  - Received CAM message from veh_38 (at simulation time 186.301,900,000 s)
2024-06-04 00:13:07,349 INFO  - Received CAM message from veh_84 (at simulation time 186.302,400,000 s)
2024-06-04 00:13:07,349 INFO  - Received CAM message from veh_74 (at simulation time 186.302,400,000 s)
2024-06-04 00:13:07,349 INFO  - Received CAM message from veh_66 (at simulation time 186.302,400,000 s)
2024-06-04 00:13:07,349 INFO  - Received CAM message from veh_50 (at simulation time 186.302,400,000 s)
2024-06-04 00:13:07,349 INFO  - Atempting to process queue (at simulation time 186.400,000,000 s)
2024-06-04 00:13:07,349 INFO  - Vehicle is inside the detection area. (at simulation time 186.400,000,000 s)
2024-06-04 00:13:07,349 INFO  - Sent Detection message to rsu_0 (at simulation time 186.400,000,000 s)
2024-06-04 00:13:07,349 INFO  - Sent broadcast CAM message to all vehicles (at simulation time 186.400,000,000 s)
2024-06-04 00:13:07,350 INFO  - Received CAM message from veh_66 (at simulation time 186.400,900,000 s)
2024-06-04 00:13:07,350 INFO  - Received CAM message from veh_84 (at simulation time 186.401,900,000 s)
2024-06-04 00:13:07,350 INFO  - Received CAM message from veh_74 (at simulation time 186.401,900,000 s)
2024-06-04 00:13:07,350 INFO  - Received CAM message from veh_54 (at simulation time 186.401,900,000 s)
2024-06-04 00:13:07,350 INFO  - Received CAM message from veh_50 (at simulation time 186.401,900,000 s)
2024-06-04 00:13:07,350 INFO  - Received CAM message from veh_90 (at simulation time 186.402,400,000 s)
2024-06-04 00:13:07,351 INFO  - Received CAM message from veh_38 (at simulation time 186.402,400,000 s)
2024-06-04 00:13:07,351 INFO  - Atempting to process queue (at simulation time 186.500,000,000 s)
2024-06-04 00:13:07,351 INFO  - Vehicle is inside the detection area. (at simulation time 186.500,000,000 s)
2024-06-04 00:13:07,351 INFO  - Sent Detection message to rsu_0 (at simulation time 186.500,000,000 s)
2024-06-04 00:13:07,351 INFO  - Sent broadcast CAM message to all vehicles (at simulation time 186.500,000,000 s)
2024-06-04 00:13:07,352 INFO  - Received CAM message from veh_54 (at simulation time 186.501,400,000 s)
2024-06-04 00:13:07,352 INFO  - Received CAM message from veh_90 (at simulation time 186.501,900,000 s)
2024-06-04 00:13:07,352 INFO  - Received CAM message from veh_74 (at simulation time 186.501,900,000 s)
2024-06-04 00:13:07,352 INFO  - Received CAM message from veh_50 (at simulation time 186.501,900,000 s)
2024-06-04 00:13:07,352 INFO  - Received CAM message from veh_84 (at simulation time 186.502,400,000 s)
2024-06-04 00:13:07,352 INFO  - Received CAM message from veh_66 (at simulation time 186.502,400,000 s)
2024-06-04 00:13:07,352 INFO  - Received CAM message from veh_38 (at simulation time 186.502,400,000 s)
2024-06-04 00:13:07,352 INFO  - Atempting to process queue (at simulation time 186.600,000,000 s)
2024-06-04 00:13:07,352 INFO  - Vehicle is inside the detection area. (at simulation time 186.600,000,000 s)
2024-06-04 00:13:07,352 INFO  - Sent Detection message to rsu_0 (at simulation time 186.600,000,000 s)
2024-06-04 00:13:07,352 INFO  - Sent broadcast CAM message to all vehicles (at simulation time 186.600,000,000 s)
2024-06-04 00:13:07,353 INFO  - Received CAM message from veh_84 (at simulation time 186.600,900,000 s)
2024-06-04 00:13:07,353 INFO  - Received CAM message from veh_38 (at simulation time 186.600,900,000 s)
2024-06-04 00:13:07,353 INFO  - Received CAM message from veh_90 (at simulation time 186.601,400,000 s)
2024-06-04 00:13:07,353 INFO  - Received CAM message from veh_50 (at simulation time 186.601,400,000 s)
2024-06-04 00:13:07,353 INFO  - Received CAM message from veh_66 (at simulation time 186.601,900,000 s)
2024-06-04 00:13:07,353 INFO  - Received CAM message from veh_74 (at simulation time 186.602,400,000 s)
2024-06-04 00:13:07,353 INFO  - Received CAM message from veh_54 (at simulation time 186.602,400,000 s)
2024-06-04 00:13:07,353 INFO  - Atempting to process queue (at simulation time 186.700,000,000 s)
2024-06-04 00:13:07,353 INFO  - Vehicle is inside the detection area. (at simulation time 186.700,000,000 s)
2024-06-04 00:13:07,353 INFO  - Sent Detection message to rsu_0 (at simulation time 186.700,000,000 s)
2024-06-04 00:13:07,353 INFO  - Sent broadcast CAM message to all vehicles (at simulation time 186.700,000,000 s)
2024-06-04 00:13:07,354 INFO  - Received CAM message from veh_74 (at simulation time 186.700,400,000 s)
2024-06-04 00:13:07,354 INFO  - Received CAM message from veh_38 (at simulation time 186.700,400,000 s)
2024-06-04 00:13:07,354 INFO  - Received CAM message from veh_90 (at simulation time 186.700,900,000 s)
2024-06-04 00:13:07,354 INFO  - Received CAM message from veh_84 (at simulation time 186.700,900,000 s)
2024-06-04 00:13:07,354 INFO  - Received CAM message from veh_54 (at simulation time 186.700,900,000 s)
2024-06-04 00:13:07,354 INFO  - Received CAM message from veh_66 (at simulation time 186.701,400,000 s)
2024-06-04 00:13:07,354 INFO  - Received CAM message from veh_50 (at simulation time 186.701,400,000 s)
2024-06-04 00:13:07,355 INFO  - Atempting to process queue (at simulation time 186.800,000,000 s)
2024-06-04 00:13:07,355 INFO  - Vehicle is inside the detection area. (at simulation time 186.800,000,000 s)
2024-06-04 00:13:07,355 INFO  - Sent Detection message to rsu_0 (at simulation time 186.800,000,000 s)
2024-06-04 00:13:07,355 INFO  - Sent broadcast CAM message to all vehicles (at simulation time 186.800,000,000 s)
2024-06-04 00:13:07,355 INFO  - Received CAM message from veh_90 (at simulation time 186.800,400,000 s)
2024-06-04 00:13:07,355 INFO  - Received CAM message from veh_84 (at simulation time 186.800,400,000 s)
2024-06-04 00:13:07,355 INFO  - Received CAM message from veh_74 (at simulation time 186.800,400,000 s)
2024-06-04 00:13:07,355 INFO  - Received CAM message from veh_38 (at simulation time 186.800,400,000 s)
2024-06-04 00:13:07,356 INFO  - Received CAM message from veh_66 (at simulation time 186.801,400,000 s)
2024-06-04 00:13:07,356 INFO  - Received CAM message from veh_50 (at simulation time 186.801,400,000 s)
2024-06-04 00:13:07,356 INFO  - Received CAM message from veh_54 (at simulation time 186.801,900,000 s)
2024-06-04 00:13:07,356 INFO  - Atempting to process queue (at simulation time 186.900,000,000 s)
2024-06-04 00:13:07,356 INFO  - Vehicle is inside the detection area. (at simulation time 186.900,000,000 s)
2024-06-04 00:13:07,356 INFO  - Sent Detection message to rsu_0 (at simulation time 186.900,000,000 s)
2024-06-04 00:13:07,356 INFO  - Sent broadcast CAM message to all vehicles (at simulation time 186.900,000,000 s)
2024-06-04 00:13:07,357 INFO  - Received CAM message from veh_74 (at simulation time 186.900,900,000 s)
2024-06-04 00:13:07,358 INFO  - Received CAM message from veh_84 (at simulation time 186.901,400,000 s)
2024-06-04 00:13:07,358 INFO  - Received CAM message from veh_66 (at simulation time 186.901,400,000 s)
2024-06-04 00:13:07,358 INFO  - Received CAM message from veh_54 (at simulation time 186.901,900,000 s)
2024-06-04 00:13:07,358 INFO  - Received CAM message from veh_90 (at simulation time 186.902,400,000 s)
2024-06-04 00:13:07,358 INFO  - Received CAM message from veh_50 (at simulation time 186.902,400,000 s)
2024-06-04 00:13:07,358 INFO  - Received CAM message from veh_38 (at simulation time 186.902,400,000 s)
2024-06-04 00:13:07,364 INFO  - Atempting to process queue (at simulation time 187.000,000,000 s)
2024-06-04 00:13:07,364 INFO  - Vehicle is outside the detection area. (at simulation time 187.000,000,000 s)
2024-06-04 00:13:07,364 INFO  - Sent broadcast CAM message to all vehicles (at simulation time 187.000,000,000 s)
2024-06-04 00:13:07,366 INFO  - Received CAM message from veh_90 (at simulation time 187.000,400,000 s)
2024-06-04 00:13:07,366 INFO  - Received CAM message from veh_50 (at simulation time 187.000,400,000 s)
2024-06-04 00:13:07,366 INFO  - Received CAM message from veh_38 (at simulation time 187.000,400,000 s)
2024-06-04 00:13:07,366 INFO  - Received CAM message from veh_84 (at simulation time 187.000,900,000 s)
2024-06-04 00:13:07,366 INFO  - Received CAM message from veh_74 (at simulation time 187.000,900,000 s)
2024-06-04 00:13:07,366 INFO  - Received CAM message from veh_54 (at simulation time 187.001,900,000 s)
2024-06-04 00:13:07,366 INFO  - Received CAM message from veh_66 (at simulation time 187.002,400,000 s)
2024-06-04 00:13:07,366 INFO  - Atempting to process queue (at simulation time 187.100,000,000 s)
2024-06-04 00:13:07,366 INFO  - Vehicle is outside the detection area. (at simulation time 187.100,000,000 s)
2024-06-04 00:13:07,366 INFO  - Sent broadcast CAM message to all vehicles (at simulation time 187.100,000,000 s)
2024-06-04 00:13:07,367 INFO  - Received CAM message from veh_74 (at simulation time 187.100,400,000 s)
2024-06-04 00:13:07,367 INFO  - Received CAM message from veh_54 (at simulation time 187.100,400,000 s)
2024-06-04 00:13:07,367 INFO  - Received CAM message from veh_50 (at simulation time 187.100,400,000 s)
2024-06-04 00:13:07,367 INFO  - Received CAM message from veh_90 (at simulation time 187.101,900,000 s)
2024-06-04 00:13:07,367 INFO  - Received CAM message from veh_84 (at simulation time 187.101,900,000 s)
2024-06-04 00:13:07,368 INFO  - Received CAM message from veh_66 (at simulation time 187.102,400,000 s)
2024-06-04 00:13:07,368 INFO  - Received CAM message from veh_38 (at simulation time 187.102,400,000 s)
2024-06-04 00:13:07,368 INFO  - Atempting to process queue (at simulation time 187.200,000,000 s)
2024-06-04 00:13:07,368 INFO  - Vehicle is outside the detection area. (at simulation time 187.200,000,000 s)
2024-06-04 00:13:07,368 INFO  - Sent broadcast CAM message to all vehicles (at simulation time 187.200,000,000 s)
2024-06-04 00:13:07,369 INFO  - Received CAM message from veh_54 (at simulation time 187.200,400,000 s)
2024-06-04 00:13:07,369 INFO  - Received CAM message from veh_66 (at simulation time 187.200,900,000 s)
2024-06-04 00:13:07,369 INFO  - Received CAM message from veh_50 (at simulation time 187.201,400,000 s)
2024-06-04 00:13:07,369 INFO  - Received CAM message from veh_90 (at simulation time 187.201,900,000 s)
2024-06-04 00:13:07,369 INFO  - Received CAM message from veh_74 (at simulation time 187.201,900,000 s)
2024-06-04 00:13:07,369 INFO  - Received CAM message from veh_84 (at simulation time 187.202,400,000 s)
2024-06-04 00:13:07,369 INFO  - Received CAM message from veh_38 (at simulation time 187.202,400,000 s)
2024-06-04 00:13:07,369 INFO  - Atempting to process queue (at simulation time 187.300,000,000 s)
2024-06-04 00:13:07,369 INFO  - Vehicle is outside the detection area. (at simulation time 187.300,000,000 s)
2024-06-04 00:13:07,369 INFO  - Sent broadcast CAM message to all vehicles (at simulation time 187.300,000,000 s)
2024-06-04 00:13:07,370 INFO  - Received CAM message from veh_74 (at simulation time 187.300,900,000 s)
2024-06-04 00:13:07,370 INFO  - Received CAM message from veh_54 (at simulation time 187.300,900,000 s)
2024-06-04 00:13:07,370 INFO  - Received CAM message from veh_66 (at simulation time 187.301,400,000 s)
2024-06-04 00:13:07,370 INFO  - Received CAM message from veh_84 (at simulation time 187.301,900,000 s)
2024-06-04 00:13:07,371 INFO  - Received CAM message from veh_90 (at simulation time 187.302,400,000 s)
2024-06-04 00:13:07,371 INFO  - Received CAM message from veh_50 (at simulation time 187.302,400,000 s)
2024-06-04 00:13:07,371 INFO  - Received CAM message from veh_38 (at simulation time 187.302,400,000 s)
2024-06-04 00:13:07,371 INFO  - Atempting to process queue (at simulation time 187.400,000,000 s)
2024-06-04 00:13:07,371 INFO  - Vehicle is outside the detection area. (at simulation time 187.400,000,000 s)
2024-06-04 00:13:07,371 INFO  - Sent broadcast CAM message to all vehicles (at simulation time 187.400,000,000 s)
2024-06-04 00:13:07,371 INFO  - Received CAM message from veh_84 (at simulation time 187.400,400,000 s)
2024-06-04 00:13:07,372 INFO  - Received CAM message from veh_38 (at simulation time 187.401,900,000 s)
2024-06-04 00:13:07,372 INFO  - Received CAM message from veh_90 (at simulation time 187.402,400,000 s)
2024-06-04 00:13:07,372 INFO  - Received CAM message from veh_74 (at simulation time 187.402,400,000 s)
2024-06-04 00:13:07,372 INFO  - Received CAM message from veh_66 (at simulation time 187.402,400,000 s)
2024-06-04 00:13:07,372 INFO  - Received CAM message from veh_54 (at simulation time 187.402,400,000 s)
2024-06-04 00:13:07,372 INFO  - Received CAM message from veh_50 (at simulation time 187.402,400,000 s)
2024-06-04 00:13:07,372 INFO  - Atempting to process queue (at simulation time 187.500,000,000 s)
2024-06-04 00:13:07,372 INFO  - Vehicle is outside the detection area. (at simulation time 187.500,000,000 s)
2024-06-04 00:13:07,372 INFO  - Sent broadcast CAM message to all vehicles (at simulation time 187.500,000,000 s)
2024-06-04 00:13:07,373 INFO  - Received CAM message from veh_90 (at simulation time 187.500,400,000 s)
2024-06-04 00:13:07,373 INFO  - Received CAM message from veh_66 (at simulation time 187.500,400,000 s)
2024-06-04 00:13:07,373 INFO  - Received CAM message from veh_50 (at simulation time 187.500,400,000 s)
2024-06-04 00:13:07,373 INFO  - Received CAM message from veh_38 (at simulation time 187.500,900,000 s)
2024-06-04 00:13:07,373 INFO  - Received CAM message from veh_74 (at simulation time 187.501,900,000 s)
2024-06-04 00:13:07,373 INFO  - Received CAM message from veh_54 (at simulation time 187.501,900,000 s)
2024-06-04 00:13:07,373 INFO  - Received CAM message from veh_84 (at simulation time 187.502,400,000 s)
2024-06-04 00:13:07,374 INFO  - Atempting to process queue (at simulation time 187.600,000,000 s)
2024-06-04 00:13:07,374 INFO  - Vehicle is outside the detection area. (at simulation time 187.600,000,000 s)
2024-06-04 00:13:07,374 INFO  - Sent broadcast CAM message to all vehicles (at simulation time 187.600,000,000 s)
2024-06-04 00:13:07,374 INFO  - Received CAM message from veh_66 (at simulation time 187.600,400,000 s)
2024-06-04 00:13:07,374 INFO  - Received CAM message from veh_38 (at simulation time 187.600,400,000 s)
2024-06-04 00:13:07,374 INFO  - Received CAM message from veh_84 (at simulation time 187.600,900,000 s)
2024-06-04 00:13:07,374 INFO  - Received CAM message from veh_74 (at simulation time 187.600,900,000 s)
2024-06-04 00:13:07,374 INFO  - Received CAM message from veh_50 (at simulation time 187.600,900,000 s)
2024-06-04 00:13:07,375 INFO  - Received CAM message from veh_90 (at simulation time 187.601,900,000 s)
2024-06-04 00:13:07,375 INFO  - Received CAM message from veh_54 (at simulation time 187.601,900,000 s)
2024-06-04 00:13:07,375 INFO  - Atempting to process queue (at simulation time 187.700,000,000 s)
2024-06-04 00:13:07,375 INFO  - Vehicle is outside the detection area. (at simulation time 187.700,000,000 s)
2024-06-04 00:13:07,375 INFO  - Sent broadcast CAM message to all vehicles (at simulation time 187.700,000,000 s)
2024-06-04 00:13:07,376 INFO  - Received CAM message from veh_66 (at simulation time 187.700,400,000 s)
2024-06-04 00:13:07,376 INFO  - Received CAM message from veh_38 (at simulation time 187.700,400,000 s)
2024-06-04 00:13:07,376 INFO  - Received CAM message from veh_84 (at simulation time 187.701,400,000 s)
2024-06-04 00:13:07,376 INFO  - Received CAM message from veh_90 (at simulation time 187.701,900,000 s)
2024-06-04 00:13:07,376 INFO  - Received CAM message from veh_74 (at simulation time 187.701,900,000 s)
2024-06-04 00:13:07,376 INFO  - Received CAM message from veh_50 (at simulation time 187.701,900,000 s)
2024-06-04 00:13:07,376 INFO  - Received CAM message from veh_54 (at simulation time 187.702,400,000 s)
2024-06-04 00:13:07,376 INFO  - Atempting to process queue (at simulation time 187.800,000,000 s)
2024-06-04 00:13:07,376 INFO  - Vehicle is outside the detection area. (at simulation time 187.800,000,000 s)
2024-06-04 00:13:07,376 INFO  - Sent broadcast CAM message to all vehicles (at simulation time 187.800,000,000 s)
2024-06-04 00:13:07,377 INFO  - Received CAM message from veh_90 (at simulation time 187.800,400,000 s)
2024-06-04 00:13:07,377 INFO  - Received CAM message from veh_84 (at simulation time 187.800,900,000 s)
2024-06-04 00:13:07,377 INFO  - Received CAM message from veh_66 (at simulation time 187.800,900,000 s)
2024-06-04 00:13:07,377 INFO  - Received CAM message from veh_54 (at simulation time 187.800,900,000 s)
2024-06-04 00:13:07,377 INFO  - Received CAM message from veh_38 (at simulation time 187.801,400,000 s)
2024-06-04 00:13:07,378 INFO  - Received CAM message from veh_74 (at simulation time 187.801,900,000 s)
2024-06-04 00:13:07,378 INFO  - Received CAM message from veh_50 (at simulation time 187.802,400,000 s)
2024-06-04 00:13:07,378 INFO  - Atempting to process queue (at simulation time 187.900,000,000 s)
2024-06-04 00:13:07,378 INFO  - Vehicle is outside the detection area. (at simulation time 187.900,000,000 s)
2024-06-04 00:13:07,378 INFO  - Sent broadcast CAM message to all vehicles (at simulation time 187.900,000,000 s)
2024-06-04 00:13:07,378 INFO  - Received CAM message from veh_90 (at simulation time 187.900,400,000 s)
2024-06-04 00:13:07,378 INFO  - Received CAM message from veh_54 (at simulation time 187.900,400,000 s)
2024-06-04 00:13:07,379 INFO  - Received CAM message from veh_84 (at simulation time 187.900,900,000 s)
2024-06-04 00:13:07,379 INFO  - Received CAM message from veh_66 (at simulation time 187.900,900,000 s)
2024-06-04 00:13:07,379 INFO  - Received CAM message from veh_74 (at simulation time 187.901,900,000 s)
2024-06-04 00:13:07,379 INFO  - Received CAM message from veh_50 (at simulation time 187.901,900,000 s)
2024-06-04 00:13:07,379 INFO  - Received CAM message from veh_38 (at simulation time 187.902,400,000 s)
2024-06-04 00:13:07,383 INFO  - Atempting to process queue (at simulation time 188.000,000,000 s)
2024-06-04 00:13:07,383 INFO  - Vehicle is outside the detection area. (at simulation time 188.000,000,000 s)
2024-06-04 00:13:07,383 INFO  - Sent broadcast CAM message to all vehicles (at simulation time 188.000,000,000 s)
2024-06-04 00:13:07,385 INFO  - Received CAM message from veh_74 (at simulation time 188.000,400,000 s)
2024-06-04 00:13:07,385 INFO  - Received CAM message from veh_38 (at simulation time 188.000,400,000 s)
2024-06-04 00:13:07,385 INFO  - Received CAM message from veh_66 (at simulation time 188.000,900,000 s)
2024-06-04 00:13:07,386 INFO  - Received CAM message from veh_84 (at simulation time 188.001,900,000 s)
2024-06-04 00:13:07,386 INFO  - Received CAM message from veh_54 (at simulation time 188.001,900,000 s)
2024-06-04 00:13:07,386 INFO  - Received CAM message from veh_90 (at simulation time 188.002,400,000 s)
2024-06-04 00:13:07,386 INFO  - Received CAM message from veh_50 (at simulation time 188.002,400,000 s)
2024-06-04 00:13:07,386 INFO  - Atempting to process queue (at simulation time 188.100,000,000 s)
2024-06-04 00:13:07,386 INFO  - Vehicle is outside the detection area. (at simulation time 188.100,000,000 s)
2024-06-04 00:13:07,386 INFO  - Sent broadcast CAM message to all vehicles (at simulation time 188.100,000,000 s)
2024-06-04 00:13:07,387 INFO  - Received CAM message from veh_50 (at simulation time 188.100,400,000 s)
2024-06-04 00:13:07,387 INFO  - Received CAM message from veh_84 (at simulation time 188.100,900,000 s)
2024-06-04 00:13:07,387 INFO  - Received CAM message from veh_66 (at simulation time 188.101,400,000 s)
2024-06-04 00:13:07,387 INFO  - Received CAM message from veh_54 (at simulation time 188.101,400,000 s)
2024-06-04 00:13:07,387 INFO  - Received CAM message from veh_38 (at simulation time 188.101,400,000 s)
2024-06-04 00:13:07,388 INFO  - Received CAM message from veh_90 (at simulation time 188.102,400,000 s)
2024-06-04 00:13:07,388 INFO  - Received CAM message from veh_74 (at simulation time 188.102,400,000 s)
2024-06-04 00:13:07,388 INFO  - Atempting to process queue (at simulation time 188.200,000,000 s)
2024-06-04 00:13:07,388 INFO  - Vehicle is outside the detection area. (at simulation time 188.200,000,000 s)
2024-06-04 00:13:07,388 INFO  - Sent broadcast CAM message to all vehicles (at simulation time 188.200,000,000 s)
2024-06-04 00:13:07,389 INFO  - Received CAM message from veh_90 (at simulation time 188.200,400,000 s)
2024-06-04 00:13:07,389 INFO  - Received CAM message from veh_84 (at simulation time 188.200,400,000 s)
2024-06-04 00:13:07,389 INFO  - Received CAM message from veh_74 (at simulation time 188.200,400,000 s)
2024-06-04 00:13:07,390 INFO  - Received CAM message from veh_66 (at simulation time 188.201,900,000 s)
2024-06-04 00:13:07,390 INFO  - Received CAM message from veh_54 (at simulation time 188.201,900,000 s)
2024-06-04 00:13:07,390 INFO  - Received CAM message from veh_50 (at simulation time 188.202,400,000 s)
2024-06-04 00:13:07,390 INFO  - Received CAM message from veh_38 (at simulation time 188.202,400,000 s)
2024-06-04 00:13:07,390 INFO  - Atempting to process queue (at simulation time 188.300,000,000 s)
2024-06-04 00:13:07,390 INFO  - Vehicle is outside the detection area. (at simulation time 188.300,000,000 s)
2024-06-04 00:13:07,390 INFO  - Sent broadcast CAM message to all vehicles (at simulation time 188.300,000,000 s)
2024-06-04 00:13:07,391 INFO  - Received CAM message from veh_90 (at simulation time 188.300,900,000 s)
2024-06-04 00:13:07,391 INFO  - Received CAM message from veh_54 (at simulation time 188.300,900,000 s)
2024-06-04 00:13:07,391 INFO  - Received CAM message from veh_38 (at simulation time 188.300,900,000 s)
2024-06-04 00:13:07,391 INFO  - Received CAM message from veh_66 (at simulation time 188.301,400,000 s)
2024-06-04 00:13:07,391 INFO  - Received CAM message from veh_74 (at simulation time 188.301,900,000 s)
2024-06-04 00:13:07,392 INFO  - Received CAM message from veh_84 (at simulation time 188.302,400,000 s)
2024-06-04 00:13:07,392 INFO  - Received CAM message from veh_50 (at simulation time 188.302,400,000 s)
2024-06-04 00:13:07,392 INFO  - Atempting to process queue (at simulation time 188.400,000,000 s)
2024-06-04 00:13:07,392 INFO  - Vehicle is outside the detection area. (at simulation time 188.400,000,000 s)
2024-06-04 00:13:07,392 INFO  - Sent broadcast CAM message to all vehicles (at simulation time 188.400,000,000 s)
2024-06-04 00:13:07,393 INFO  - Received CAM message from veh_90 (at simulation time 188.400,400,000 s)
2024-06-04 00:13:07,393 INFO  - Received CAM message from veh_50 (at simulation time 188.400,400,000 s)
2024-06-04 00:13:07,393 INFO  - Received CAM message from veh_66 (at simulation time 188.401,400,000 s)
2024-06-04 00:13:07,393 INFO  - Received CAM message from veh_54 (at simulation time 188.401,400,000 s)
2024-06-04 00:13:07,393 INFO  - Received CAM message from veh_38 (at simulation time 188.401,900,000 s)
2024-06-04 00:13:07,393 INFO  - Received CAM message from veh_84 (at simulation time 188.402,400,000 s)
2024-06-04 00:13:07,393 INFO  - Received CAM message from veh_74 (at simulation time 188.402,400,000 s)
2024-06-04 00:13:07,394 INFO  - Atempting to process queue (at simulation time 188.500,000,000 s)
2024-06-04 00:13:07,394 INFO  - Vehicle is outside the detection area. (at simulation time 188.500,000,000 s)
2024-06-04 00:13:07,394 INFO  - Sent broadcast CAM message to all vehicles (at simulation time 188.500,000,000 s)
2024-06-04 00:13:07,394 INFO  - Received CAM message from veh_74 (at simulation time 188.500,400,000 s)
2024-06-04 00:13:07,394 INFO  - Received CAM message from veh_66 (at simulation time 188.500,900,000 s)
2024-06-04 00:13:07,395 INFO  - Received CAM message from veh_38 (at simulation time 188.501,400,000 s)
2024-06-04 00:13:07,395 INFO  - Received CAM message from veh_90 (at simulation time 188.501,900,000 s)
2024-06-04 00:13:07,395 INFO  - Received CAM message from veh_84 (at simulation time 188.501,900,000 s)
2024-06-04 00:13:07,395 INFO  - Received CAM message from veh_54 (at simulation time 188.502,400,000 s)
2024-06-04 00:13:07,395 INFO  - Received CAM message from veh_50 (at simulation time 188.502,400,000 s)
2024-06-04 00:13:07,395 INFO  - Atempting to process queue (at simulation time 188.600,000,000 s)
2024-06-04 00:13:07,395 INFO  - Vehicle is outside the detection area. (at simulation time 188.600,000,000 s)
2024-06-04 00:13:07,395 INFO  - Sent broadcast CAM message to all vehicles (at simulation time 188.600,000,000 s)
2024-06-04 00:13:07,396 INFO  - Received CAM message from veh_74 (at simulation time 188.600,400,000 s)
2024-06-04 00:13:07,396 INFO  - Received CAM message from veh_66 (at simulation time 188.600,400,000 s)
2024-06-04 00:13:07,396 INFO  - Received CAM message from veh_54 (at simulation time 188.600,400,000 s)
2024-06-04 00:13:07,396 INFO  - Received CAM message from veh_38 (at simulation time 188.600,900,000 s)
2024-06-04 00:13:07,396 INFO  - Received CAM message from veh_84 (at simulation time 188.601,400,000 s)
2024-06-04 00:13:07,396 INFO  - Received CAM message from veh_50 (at simulation time 188.601,400,000 s)
2024-06-04 00:13:07,397 INFO  - Received CAM message from veh_90 (at simulation time 188.601,900,000 s)
2024-06-04 00:13:07,397 INFO  - Atempting to process queue (at simulation time 188.700,000,000 s)
2024-06-04 00:13:07,397 INFO  - Vehicle is outside the detection area. (at simulation time 188.700,000,000 s)
2024-06-04 00:13:07,397 INFO  - Sent broadcast CAM message to all vehicles (at simulation time 188.700,000,000 s)
2024-06-04 00:13:07,397 INFO  - Received CAM message from veh_84 (at simulation time 188.700,400,000 s)
2024-06-04 00:13:07,398 INFO  - Received CAM message from veh_90 (at simulation time 188.701,400,000 s)
2024-06-04 00:13:07,398 INFO  - Received CAM message from veh_74 (at simulation time 188.701,400,000 s)
2024-06-04 00:13:07,398 INFO  - Received CAM message from veh_54 (at simulation time 188.701,400,000 s)
2024-06-04 00:13:07,398 INFO  - Received CAM message from veh_50 (at simulation time 188.701,400,000 s)
2024-06-04 00:13:07,398 INFO  - Received CAM message from veh_66 (at simulation time 188.702,400,000 s)
2024-06-04 00:13:07,398 INFO  - Received CAM message from veh_38 (at simulation time 188.702,400,000 s)
2024-06-04 00:13:07,399 INFO  - Atempting to process queue (at simulation time 188.800,000,000 s)
2024-06-04 00:13:07,399 INFO  - Vehicle is outside the detection area. (at simulation time 188.800,000,000 s)
2024-06-04 00:13:07,399 INFO  - Sent broadcast CAM message to all vehicles (at simulation time 188.800,000,000 s)
2024-06-04 00:13:07,399 INFO  - Received CAM message from veh_50 (at simulation time 188.800,400,000 s)
2024-06-04 00:13:07,399 INFO  - Received CAM message from veh_84 (at simulation time 188.800,900,000 s)
2024-06-04 00:13:07,399 INFO  - Received CAM message from veh_74 (at simulation time 188.800,900,000 s)
2024-06-04 00:13:07,400 INFO  - Received CAM message from veh_38 (at simulation time 188.801,400,000 s)
2024-06-04 00:13:07,400 INFO  - Received CAM message from veh_90 (at simulation time 188.802,400,000 s)
2024-06-04 00:13:07,400 INFO  - Received CAM message from veh_66 (at simulation time 188.802,400,000 s)
2024-06-04 00:13:07,400 INFO  - Received CAM message from veh_54 (at simulation time 188.802,400,000 s)
2024-06-04 00:13:07,400 INFO  - Atempting to process queue (at simulation time 188.900,000,000 s)
2024-06-04 00:13:07,400 INFO  - Vehicle is outside the detection area. (at simulation time 188.900,000,000 s)
2024-06-04 00:13:07,400 INFO  - Sent broadcast CAM message to all vehicles (at simulation time 188.900,000,000 s)
2024-06-04 00:13:07,401 INFO  - Received CAM message from veh_74 (at simulation time 188.900,400,000 s)
2024-06-04 00:13:07,401 INFO  - Received CAM message from veh_50 (at simulation time 188.900,400,000 s)
2024-06-04 00:13:07,401 INFO  - Received CAM message from veh_54 (at simulation time 188.900,900,000 s)
2024-06-04 00:13:07,401 INFO  - Received CAM message from veh_84 (at simulation time 188.901,400,000 s)
2024-06-04 00:13:07,401 INFO  - Received CAM message from veh_66 (at simulation time 188.901,900,000 s)
2024-06-04 00:13:07,401 INFO  - Received CAM message from veh_38 (at simulation time 188.901,900,000 s)
2024-06-04 00:13:07,402 INFO  - Received CAM message from veh_90 (at simulation time 188.902,400,000 s)
2024-06-04 00:13:07,406 INFO  - Atempting to process queue (at simulation time 189.000,000,000 s)
2024-06-04 00:13:07,406 INFO  - Vehicle is outside the detection area. (at simulation time 189.000,000,000 s)
2024-06-04 00:13:07,406 INFO  - Sent broadcast CAM message to all vehicles (at simulation time 189.000,000,000 s)
2024-06-04 00:13:07,409 INFO  - Received CAM message from veh_50 (at simulation time 189.001,900,000 s)
2024-06-04 00:13:07,410 INFO  - Received CAM message from veh_84 (at simulation time 189.002,400,000 s)
2024-06-04 00:13:07,410 INFO  - Received CAM message from veh_66 (at simulation time 189.002,400,000 s)
2024-06-04 00:13:07,410 INFO  - Received CAM message from veh_38 (at simulation time 189.002,400,000 s)
2024-06-04 00:13:07,410 INFO  - Atempting to process queue (at simulation time 189.100,000,000 s)
2024-06-04 00:13:07,410 INFO  - Vehicle is outside the detection area. (at simulation time 189.100,000,000 s)
2024-06-04 00:13:07,410 INFO  - Sent broadcast CAM message to all vehicles (at simulation time 189.100,000,000 s)
2024-06-04 00:13:07,411 INFO  - Received CAM message from veh_50 (at simulation time 189.100,400,000 s)
2024-06-04 00:13:07,411 INFO  - Received CAM message from veh_66 (at simulation time 189.101,400,000 s)
2024-06-04 00:13:07,411 INFO  - Received CAM message from veh_38 (at simulation time 189.101,400,000 s)
2024-06-04 00:13:07,412 INFO  - Received CAM message from veh_84 (at simulation time 189.102,400,000 s)
2024-06-04 00:13:07,412 INFO  - Atempting to process queue (at simulation time 189.200,000,000 s)
2024-06-04 00:13:07,412 INFO  - Vehicle is outside the detection area. (at simulation time 189.200,000,000 s)
2024-06-04 00:13:07,412 INFO  - Sent broadcast CAM message to all vehicles (at simulation time 189.200,000,000 s)
2024-06-04 00:13:07,413 INFO  - Received CAM message from veh_50 (at simulation time 189.200,400,000 s)
2024-06-04 00:13:07,414 INFO  - Received CAM message from veh_84 (at simulation time 189.201,900,000 s)
2024-06-04 00:13:07,414 INFO  - Received CAM message from veh_66 (at simulation time 189.201,900,000 s)
2024-06-04 00:13:07,414 INFO  - Received CAM message from veh_38 (at simulation time 189.201,900,000 s)
2024-06-04 00:13:07,414 INFO  - Atempting to process queue (at simulation time 189.300,000,000 s)
2024-06-04 00:13:07,414 INFO  - Vehicle is outside the detection area. (at simulation time 189.300,000,000 s)
2024-06-04 00:13:07,414 INFO  - Sent broadcast CAM message to all vehicles (at simulation time 189.300,000,000 s)
2024-06-04 00:13:07,415 INFO  - Received CAM message from veh_84 (at simulation time 189.300,900,000 s)
2024-06-04 00:13:07,416 INFO  - Received CAM message from veh_66 (at simulation time 189.301,900,000 s)
2024-06-04 00:13:07,416 INFO  - Received CAM message from veh_50 (at simulation time 189.302,400,000 s)
2024-06-04 00:13:07,416 INFO  - Received CAM message from veh_38 (at simulation time 189.302,400,000 s)
2024-06-04 00:13:07,417 INFO  - Atempting to process queue (at simulation time 189.400,000,000 s)
2024-06-04 00:13:07,417 INFO  - Vehicle is outside the detection area. (at simulation time 189.400,000,000 s)
2024-06-04 00:13:07,417 INFO  - Sent broadcast CAM message to all vehicles (at simulation time 189.400,000,000 s)
2024-06-04 00:13:07,417 INFO  - Received CAM message from veh_66 (at simulation time 189.400,900,000 s)
2024-06-04 00:13:07,417 INFO  - Received CAM message from veh_38 (at simulation time 189.400,900,000 s)
2024-06-04 00:13:07,418 INFO  - Received CAM message from veh_84 (at simulation time 189.401,400,000 s)
2024-06-04 00:13:07,418 INFO  - Received CAM message from veh_50 (at simulation time 189.402,400,000 s)
2024-06-04 00:13:07,418 INFO  - Atempting to process queue (at simulation time 189.500,000,000 s)
2024-06-04 00:13:07,418 INFO  - Vehicle is outside the detection area. (at simulation time 189.500,000,000 s)
2024-06-04 00:13:07,418 INFO  - Sent broadcast CAM message to all vehicles (at simulation time 189.500,000,000 s)
2024-06-04 00:13:07,419 INFO  - Received CAM message from veh_84 (at simulation time 189.500,900,000 s)
2024-06-04 00:13:07,420 INFO  - Received CAM message from veh_38 (at simulation time 189.501,900,000 s)
2024-06-04 00:13:07,420 INFO  - Received CAM message from veh_66 (at simulation time 189.502,400,000 s)
2024-06-04 00:13:07,420 INFO  - Received CAM message from veh_50 (at simulation time 189.502,400,000 s)
2024-06-04 00:13:07,420 INFO  - Atempting to process queue (at simulation time 189.600,000,000 s)
2024-06-04 00:13:07,420 INFO  - Vehicle is outside the detection area. (at simulation time 189.600,000,000 s)
2024-06-04 00:13:07,420 INFO  - Sent broadcast CAM message to all vehicles (at simulation time 189.600,000,000 s)
2024-06-04 00:13:07,421 INFO  - Received CAM message from veh_84 (at simulation time 189.601,400,000 s)
2024-06-04 00:13:07,421 INFO  - Received CAM message from veh_66 (at simulation time 189.601,900,000 s)
2024-06-04 00:13:07,421 INFO  - Received CAM message from veh_50 (at simulation time 189.602,400,000 s)
2024-06-04 00:13:07,421 INFO  - Received CAM message from veh_38 (at simulation time 189.602,400,000 s)
2024-06-04 00:13:07,422 INFO  - Atempting to process queue (at simulation time 189.700,000,000 s)
2024-06-04 00:13:07,422 INFO  - Vehicle is outside the detection area. (at simulation time 189.700,000,000 s)
2024-06-04 00:13:07,422 INFO  - Sent broadcast CAM message to all vehicles (at simulation time 189.700,000,000 s)
2024-06-04 00:13:07,422 INFO  - Received CAM message from veh_38 (at simulation time 189.700,400,000 s)
2024-06-04 00:13:07,422 INFO  - Received CAM message from veh_84 (at simulation time 189.700,900,000 s)
2024-06-04 00:13:07,423 INFO  - Received CAM message from veh_50 (at simulation time 189.701,900,000 s)
2024-06-04 00:13:07,423 INFO  - Received CAM message from veh_66 (at simulation time 189.702,400,000 s)
2024-06-04 00:13:07,423 INFO  - Atempting to process queue (at simulation time 189.800,000,000 s)
2024-06-04 00:13:07,423 INFO  - Vehicle is outside the detection area. (at simulation time 189.800,000,000 s)
2024-06-04 00:13:07,423 INFO  - Sent broadcast CAM message to all vehicles (at simulation time 189.800,000,000 s)
2024-06-04 00:13:07,425 INFO  - Received CAM message from veh_84 (at simulation time 189.801,900,000 s)
2024-06-04 00:13:07,425 INFO  - Received CAM message from veh_66 (at simulation time 189.801,900,000 s)
2024-06-04 00:13:07,425 INFO  - Received CAM message from veh_50 (at simulation time 189.802,400,000 s)
2024-06-04 00:13:07,425 INFO  - Received CAM message from veh_38 (at simulation time 189.802,400,000 s)
2024-06-04 00:13:07,425 INFO  - Atempting to process queue (at simulation time 189.900,000,000 s)
2024-06-04 00:13:07,425 INFO  - Vehicle is outside the detection area. (at simulation time 189.900,000,000 s)
2024-06-04 00:13:07,425 INFO  - Sent broadcast CAM message to all vehicles (at simulation time 189.900,000,000 s)
2024-06-04 00:13:07,426 INFO  - Received CAM message from veh_66 (at simulation time 189.900,400,000 s)
2024-06-04 00:13:07,426 INFO  - Received CAM message from veh_38 (at simulation time 189.900,900,000 s)
2024-06-04 00:13:07,426 INFO  - Received CAM message from veh_84 (at simulation time 189.901,900,000 s)
2024-06-04 00:13:07,427 INFO  - Received CAM message from veh_50 (at simulation time 189.902,400,000 s)
2024-06-04 00:13:07,432 INFO  - Atempting to process queue (at simulation time 190.000,000,000 s)
2024-06-04 00:13:07,432 INFO  - Vehicle is outside the detection area. (at simulation time 190.000,000,000 s)
2024-06-04 00:13:07,432 INFO  - Sent broadcast CAM message to all vehicles (at simulation time 190.000,000,000 s)
2024-06-04 00:13:07,434 INFO  - Received CAM message from veh_38 (at simulation time 190.000,400,000 s)
2024-06-04 00:13:07,435 INFO  - Received CAM message from veh_66 (at simulation time 190.001,400,000 s)
2024-06-04 00:13:07,436 INFO  - Atempting to process queue (at simulation time 190.100,000,000 s)
2024-06-04 00:13:07,436 INFO  - Vehicle is outside the detection area. (at simulation time 190.100,000,000 s)
2024-06-04 00:13:07,436 INFO  - Sent broadcast CAM message to all vehicles (at simulation time 190.100,000,000 s)
2024-06-04 00:13:07,437 INFO  - Received CAM message from veh_66 (at simulation time 190.101,400,000 s)
2024-06-04 00:13:07,437 INFO  - Received CAM message from veh_38 (at simulation time 190.101,400,000 s)
2024-06-04 00:13:07,438 INFO  - Atempting to process queue (at simulation time 190.200,000,000 s)
2024-06-04 00:13:07,438 INFO  - Vehicle is outside the detection area. (at simulation time 190.200,000,000 s)
2024-06-04 00:13:07,438 INFO  - Sent broadcast CAM message to all vehicles (at simulation time 190.200,000,000 s)
2024-06-04 00:13:07,439 INFO  - Received CAM message from veh_66 (at simulation time 190.200,900,000 s)
2024-06-04 00:13:07,439 INFO  - Received CAM message from veh_38 (at simulation time 190.202,400,000 s)
2024-06-04 00:13:07,439 INFO  - Atempting to process queue (at simulation time 190.300,000,000 s)
2024-06-04 00:13:07,439 INFO  - Vehicle is outside the detection area. (at simulation time 190.300,000,000 s)
2024-06-04 00:13:07,439 INFO  - Sent broadcast CAM message to all vehicles (at simulation time 190.300,000,000 s)
2024-06-04 00:13:07,440 INFO  - Received CAM message from veh_38 (at simulation time 190.300,400,000 s)
2024-06-04 00:13:07,441 INFO  - Received CAM message from veh_66 (at simulation time 190.301,400,000 s)
2024-06-04 00:13:07,441 INFO  - Atempting to process queue (at simulation time 190.400,000,000 s)
2024-06-04 00:13:07,441 INFO  - Vehicle is outside the detection area. (at simulation time 190.400,000,000 s)
2024-06-04 00:13:07,441 INFO  - Sent broadcast CAM message to all vehicles (at simulation time 190.400,000,000 s)
2024-06-04 00:13:07,444 INFO  - Received CAM message from veh_66 (at simulation time 190.401,900,000 s)
2024-06-04 00:13:07,444 INFO  - Received CAM message from veh_38 (at simulation time 190.402,400,000 s)
2024-06-04 00:13:07,444 INFO  - Atempting to process queue (at simulation time 190.500,000,000 s)
2024-06-04 00:13:07,444 INFO  - Vehicle is outside the detection area. (at simulation time 190.500,000,000 s)
2024-06-04 00:13:07,444 INFO  - Sent broadcast CAM message to all vehicles (at simulation time 190.500,000,000 s)
2024-06-04 00:13:07,447 INFO  - Received CAM message from veh_66 (at simulation time 190.502,400,000 s)
2024-06-04 00:13:07,447 INFO  - Received CAM message from veh_38 (at simulation time 190.502,400,000 s)
2024-06-04 00:13:07,447 INFO  - Atempting to process queue (at simulation time 190.600,000,000 s)
2024-06-04 00:13:07,447 INFO  - Vehicle is outside the detection area. (at simulation time 190.600,000,000 s)
2024-06-04 00:13:07,447 INFO  - Sent broadcast CAM message to all vehicles (at simulation time 190.600,000,000 s)
2024-06-04 00:13:07,450 INFO  - Received CAM message from veh_38 (at simulation time 190.601,400,000 s)
2024-06-04 00:13:07,451 INFO  - Received CAM message from veh_66 (at simulation time 190.602,400,000 s)
2024-06-04 00:13:07,451 INFO  - Atempting to process queue (at simulation time 190.700,000,000 s)
2024-06-04 00:13:07,451 INFO  - Vehicle is outside the detection area. (at simulation time 190.700,000,000 s)
2024-06-04 00:13:07,451 INFO  - Sent broadcast CAM message to all vehicles (at simulation time 190.700,000,000 s)
2024-06-04 00:13:07,452 INFO  - Received CAM message from veh_38 (at simulation time 190.700,400,000 s)
2024-06-04 00:13:07,453 INFO  - Received CAM message from veh_66 (at simulation time 190.702,400,000 s)
2024-06-04 00:13:07,453 INFO  - Atempting to process queue (at simulation time 190.800,000,000 s)
2024-06-04 00:13:07,453 INFO  - Vehicle is outside the detection area. (at simulation time 190.800,000,000 s)
2024-06-04 00:13:07,453 INFO  - Sent broadcast CAM message to all vehicles (at simulation time 190.800,000,000 s)
2024-06-04 00:13:07,454 INFO  - Received CAM message from veh_38 (at simulation time 190.800,400,000 s)
2024-06-04 00:13:07,454 INFO  - Received CAM message from veh_66 (at simulation time 190.801,400,000 s)
2024-06-04 00:13:07,455 INFO  - Atempting to process queue (at simulation time 190.900,000,000 s)
2024-06-04 00:13:07,455 INFO  - Vehicle is outside the detection area. (at simulation time 190.900,000,000 s)
2024-06-04 00:13:07,455 INFO  - Sent broadcast CAM message to all vehicles (at simulation time 190.900,000,000 s)
2024-06-04 00:13:07,457 INFO  - Received CAM message from veh_66 (at simulation time 190.901,400,000 s)
2024-06-04 00:13:07,457 INFO  - Received CAM message from veh_38 (at simulation time 190.901,400,000 s)
2024-06-04 00:13:07,462 INFO  - Atempting to process queue (at simulation time 191.000,000,000 s)
2024-06-04 00:13:07,462 INFO  - Vehicle is outside the detection area. (at simulation time 191.000,000,000 s)
2024-06-04 00:13:07,462 INFO  - Sent broadcast CAM message to all vehicles (at simulation time 191.000,000,000 s)
2024-06-04 00:13:07,466 INFO  - Received CAM message from veh_66 (at simulation time 191.001,900,000 s)
2024-06-04 00:13:07,467 INFO  - Atempting to process queue (at simulation time 191.100,000,000 s)
2024-06-04 00:13:07,467 INFO  - Vehicle is outside the detection area. (at simulation time 191.100,000,000 s)
2024-06-04 00:13:07,467 INFO  - Sent broadcast CAM message to all vehicles (at simulation time 191.100,000,000 s)
2024-06-04 00:13:07,468 INFO  - Received CAM message from veh_66 (at simulation time 191.100,400,000 s)
2024-06-04 00:13:07,469 INFO  - Atempting to process queue (at simulation time 191.200,000,000 s)
2024-06-04 00:13:07,469 INFO  - Vehicle is outside the detection area. (at simulation time 191.200,000,000 s)
2024-06-04 00:13:07,469 INFO  - Sent broadcast CAM message to all vehicles (at simulation time 191.200,000,000 s)
2024-06-04 00:13:07,472 INFO  - Received CAM message from veh_66 (at simulation time 191.200,900,000 s)
2024-06-04 00:13:07,473 INFO  - Atempting to process queue (at simulation time 191.300,000,000 s)
2024-06-04 00:13:07,473 INFO  - Vehicle is outside the detection area. (at simulation time 191.300,000,000 s)
2024-06-04 00:13:07,473 INFO  - Sent broadcast CAM message to all vehicles (at simulation time 191.300,000,000 s)
2024-06-04 00:13:07,475 INFO  - Received CAM message from veh_66 (at simulation time 191.302,400,000 s)
2024-06-04 00:13:07,475 INFO  - Atempting to process queue (at simulation time 191.400,000,000 s)
2024-06-04 00:13:07,475 INFO  - Vehicle is outside the detection area. (at simulation time 191.400,000,000 s)
2024-06-04 00:13:07,475 INFO  - Sent broadcast CAM message to all vehicles (at simulation time 191.400,000,000 s)
2024-06-04 00:13:07,478 INFO  - Received CAM message from veh_66 (at simulation time 191.402,400,000 s)
2024-06-04 00:13:07,478 INFO  - Atempting to process queue (at simulation time 191.500,000,000 s)
2024-06-04 00:13:07,478 INFO  - Vehicle is outside the detection area. (at simulation time 191.500,000,000 s)
2024-06-04 00:13:07,478 INFO  - Sent broadcast CAM message to all vehicles (at simulation time 191.500,000,000 s)
2024-06-04 00:13:07,480 INFO  - Received CAM message from veh_66 (at simulation time 191.502,400,000 s)
2024-06-04 00:13:07,480 INFO  - Atempting to process queue (at simulation time 191.600,000,000 s)
2024-06-04 00:13:07,480 INFO  - Vehicle is outside the detection area. (at simulation time 191.600,000,000 s)
2024-06-04 00:13:07,480 INFO  - Sent broadcast CAM message to all vehicles (at simulation time 191.600,000,000 s)
2024-06-04 00:13:07,484 INFO  - Received CAM message from veh_66 (at simulation time 191.602,400,000 s)
2024-06-04 00:13:07,484 INFO  - Atempting to process queue (at simulation time 191.700,000,000 s)
2024-06-04 00:13:07,484 INFO  - Vehicle is outside the detection area. (at simulation time 191.700,000,000 s)
2024-06-04 00:13:07,484 INFO  - Sent broadcast CAM message to all vehicles (at simulation time 191.700,000,000 s)
2024-06-04 00:13:07,487 INFO  - Received CAM message from veh_66 (at simulation time 191.700,900,000 s)
2024-06-04 00:13:07,488 INFO  - Atempting to process queue (at simulation time 191.800,000,000 s)
2024-06-04 00:13:07,488 INFO  - Vehicle is outside the detection area. (at simulation time 191.800,000,000 s)
2024-06-04 00:13:07,488 INFO  - Sent broadcast CAM message to all vehicles (at simulation time 191.800,000,000 s)
2024-06-04 00:13:07,489 INFO  - Received CAM message from veh_66 (at simulation time 191.800,400,000 s)
2024-06-04 00:13:07,491 INFO  - Atempting to process queue (at simulation time 191.900,000,000 s)
2024-06-04 00:13:07,491 INFO  - Vehicle is outside the detection area. (at simulation time 191.900,000,000 s)
2024-06-04 00:13:07,491 INFO  - Sent broadcast CAM message to all vehicles (at simulation time 191.900,000,000 s)
2024-06-04 00:13:07,496 INFO  - Received CAM message from veh_66 (at simulation time 191.902,400,000 s)
2024-06-04 00:13:07,496 INFO  - Received Control message from rsu_0 to veh_110 (at simulation time 191.902,400,000 s)
2024-06-04 00:13:07,496 INFO  - Current route: 1, lane: 0 (at simulation time 191.902,400,000 s)
2024-06-04 00:13:07,496 INFO  - Vehicle position: GeoPoint{lat=40.743246,lon=-73.988474,alt=0.00} (at simulation time 191.902,400,000 s)
2024-06-04 00:13:07,512 INFO  - Atempting to process queue (at simulation time 192.000,000,000 s)
2024-06-04 00:13:07,512 INFO  - Vehicle is outside the detection area. (at simulation time 192.000,000,000 s)
2024-06-04 00:13:07,512 INFO  - Sent broadcast CAM message to all vehicles (at simulation time 192.000,000,000 s)
2024-06-04 00:13:07,514 INFO  - Received CAM message from veh_66 (at simulation time 192.001,900,000 s)
2024-06-04 00:13:07,515 INFO  - Atempting to process queue (at simulation time 192.100,000,000 s)
2024-06-04 00:13:07,515 INFO  - Vehicle is outside the detection area. (at simulation time 192.100,000,000 s)
2024-06-04 00:13:07,515 INFO  - Sent broadcast CAM message to all vehicles (at simulation time 192.100,000,000 s)
2024-06-04 00:13:07,516 INFO  - Received CAM message from veh_66 (at simulation time 192.101,900,000 s)
2024-06-04 00:13:07,516 INFO  - Atempting to process queue (at simulation time 192.200,000,000 s)
2024-06-04 00:13:07,516 INFO  - Vehicle is outside the detection area. (at simulation time 192.200,000,000 s)
2024-06-04 00:13:07,516 INFO  - Sent broadcast CAM message to all vehicles (at simulation time 192.200,000,000 s)
2024-06-04 00:13:07,518 INFO  - Received CAM message from veh_66 (at simulation time 192.200,400,000 s)
2024-06-04 00:13:07,520 INFO  - Atempting to process queue (at simulation time 192.300,000,000 s)
2024-06-04 00:13:07,520 INFO  - Vehicle is outside the detection area. (at simulation time 192.300,000,000 s)
2024-06-04 00:13:07,520 INFO  - Sent broadcast CAM message to all vehicles (at simulation time 192.300,000,000 s)
2024-06-04 00:13:07,521 INFO  - Received CAM message from veh_66 (at simulation time 192.301,900,000 s)
2024-06-04 00:13:07,522 INFO  - Atempting to process queue (at simulation time 192.400,000,000 s)
2024-06-04 00:13:07,522 INFO  - Vehicle is outside the detection area. (at simulation time 192.400,000,000 s)
2024-06-04 00:13:07,522 INFO  - Sent broadcast CAM message to all vehicles (at simulation time 192.400,000,000 s)
2024-06-04 00:13:07,524 INFO  - Received CAM message from veh_66 (at simulation time 192.401,900,000 s)
2024-06-04 00:13:07,524 INFO  - Atempting to process queue (at simulation time 192.500,000,000 s)
2024-06-04 00:13:07,524 INFO  - Vehicle is outside the detection area. (at simulation time 192.500,000,000 s)
2024-06-04 00:13:07,524 INFO  - Sent broadcast CAM message to all vehicles (at simulation time 192.500,000,000 s)
2024-06-04 00:13:07,525 INFO  - Received CAM message from veh_66 (at simulation time 192.501,400,000 s)
2024-06-04 00:13:07,525 INFO  - Atempting to process queue (at simulation time 192.600,000,000 s)
2024-06-04 00:13:07,525 INFO  - Vehicle is outside the detection area. (at simulation time 192.600,000,000 s)
2024-06-04 00:13:07,525 INFO  - Sent broadcast CAM message to all vehicles (at simulation time 192.600,000,000 s)
2024-06-04 00:13:07,527 INFO  - Received CAM message from veh_66 (at simulation time 192.602,400,000 s)
2024-06-04 00:13:07,527 INFO  - Atempting to process queue (at simulation time 192.700,000,000 s)
2024-06-04 00:13:07,527 INFO  - Vehicle is outside the detection area. (at simulation time 192.700,000,000 s)
2024-06-04 00:13:07,527 INFO  - Sent broadcast CAM message to all vehicles (at simulation time 192.700,000,000 s)
2024-06-04 00:13:07,528 INFO  - Received CAM message from veh_66 (at simulation time 192.701,900,000 s)
2024-06-04 00:13:07,528 INFO  - Atempting to process queue (at simulation time 192.800,000,000 s)
2024-06-04 00:13:07,528 INFO  - Vehicle is outside the detection area. (at simulation time 192.800,000,000 s)
2024-06-04 00:13:07,528 INFO  - Sent broadcast CAM message to all vehicles (at simulation time 192.800,000,000 s)
2024-06-04 00:13:07,529 INFO  - Received CAM message from veh_66 (at simulation time 192.800,400,000 s)
2024-06-04 00:13:07,530 INFO  - Atempting to process queue (at simulation time 192.900,000,000 s)
2024-06-04 00:13:07,530 INFO  - Vehicle is outside the detection area. (at simulation time 192.900,000,000 s)
2024-06-04 00:13:07,530 INFO  - Sent broadcast CAM message to all vehicles (at simulation time 192.900,000,000 s)
2024-06-04 00:13:07,531 INFO  - Received CAM message from veh_66 (at simulation time 192.902,400,000 s)
2024-06-04 00:13:07,538 INFO  - Atempting to process queue (at simulation time 193.000,000,000 s)
2024-06-04 00:13:07,538 INFO  - Vehicle is outside the detection area. (at simulation time 193.000,000,000 s)
2024-06-04 00:13:07,538 INFO  - Sent broadcast CAM message to all vehicles (at simulation time 193.000,000,000 s)
2024-06-04 00:13:07,541 INFO  - Received CAM message from veh_66 (at simulation time 193.002,400,000 s)
2024-06-04 00:13:07,541 INFO  - Atempting to process queue (at simulation time 193.100,000,000 s)
2024-06-04 00:13:07,541 INFO  - Vehicle is outside the detection area. (at simulation time 193.100,000,000 s)
2024-06-04 00:13:07,541 INFO  - Sent broadcast CAM message to all vehicles (at simulation time 193.100,000,000 s)
2024-06-04 00:13:07,542 INFO  - Received CAM message from veh_66 (at simulation time 193.100,900,000 s)
2024-06-04 00:13:07,543 INFO  - Atempting to process queue (at simulation time 193.200,000,000 s)
2024-06-04 00:13:07,543 INFO  - Vehicle is outside the detection area. (at simulation time 193.200,000,000 s)
2024-06-04 00:13:07,543 INFO  - Sent broadcast CAM message to all vehicles (at simulation time 193.200,000,000 s)
2024-06-04 00:13:07,544 INFO  - Received CAM message from veh_66 (at simulation time 193.202,400,000 s)
2024-06-04 00:13:07,544 INFO  - Atempting to process queue (at simulation time 193.300,000,000 s)
2024-06-04 00:13:07,544 INFO  - Vehicle is outside the detection area. (at simulation time 193.300,000,000 s)
2024-06-04 00:13:07,544 INFO  - Sent broadcast CAM message to all vehicles (at simulation time 193.300,000,000 s)
2024-06-04 00:13:07,546 INFO  - Received CAM message from veh_66 (at simulation time 193.301,900,000 s)
2024-06-04 00:13:07,546 INFO  - Atempting to process queue (at simulation time 193.400,000,000 s)
2024-06-04 00:13:07,546 INFO  - Vehicle is outside the detection area. (at simulation time 193.400,000,000 s)
2024-06-04 00:13:07,546 INFO  - Sent broadcast CAM message to all vehicles (at simulation time 193.400,000,000 s)
2024-06-04 00:13:07,547 INFO  - Received CAM message from veh_66 (at simulation time 193.401,400,000 s)
2024-06-04 00:13:07,548 INFO  - Atempting to process queue (at simulation time 193.500,000,000 s)
2024-06-04 00:13:07,548 INFO  - Vehicle is outside the detection area. (at simulation time 193.500,000,000 s)
2024-06-04 00:13:07,548 INFO  - Sent broadcast CAM message to all vehicles (at simulation time 193.500,000,000 s)
2024-06-04 00:13:07,549 INFO  - Received CAM message from veh_66 (at simulation time 193.501,400,000 s)
2024-06-04 00:13:07,549 INFO  - Atempting to process queue (at simulation time 193.600,000,000 s)
2024-06-04 00:13:07,549 INFO  - Vehicle is outside the detection area. (at simulation time 193.600,000,000 s)
2024-06-04 00:13:07,549 INFO  - Sent broadcast CAM message to all vehicles (at simulation time 193.600,000,000 s)
2024-06-04 00:13:07,550 INFO  - Received CAM message from veh_66 (at simulation time 193.600,400,000 s)
2024-06-04 00:13:07,551 INFO  - Atempting to process queue (at simulation time 193.700,000,000 s)
2024-06-04 00:13:07,551 INFO  - Vehicle is outside the detection area. (at simulation time 193.700,000,000 s)
2024-06-04 00:13:07,551 INFO  - Sent broadcast CAM message to all vehicles (at simulation time 193.700,000,000 s)
2024-06-04 00:13:07,552 INFO  - Received CAM message from veh_66 (at simulation time 193.701,900,000 s)
2024-06-04 00:13:07,552 INFO  - Atempting to process queue (at simulation time 193.800,000,000 s)
2024-06-04 00:13:07,552 INFO  - Vehicle is outside the detection area. (at simulation time 193.800,000,000 s)
2024-06-04 00:13:07,552 INFO  - Sent broadcast CAM message to all vehicles (at simulation time 193.800,000,000 s)
2024-06-04 00:13:07,553 INFO  - Received CAM message from veh_66 (at simulation time 193.800,900,000 s)
2024-06-04 00:13:07,553 INFO  - Atempting to process queue (at simulation time 193.900,000,000 s)
2024-06-04 00:13:07,553 INFO  - Vehicle is outside the detection area. (at simulation time 193.900,000,000 s)
2024-06-04 00:13:07,553 INFO  - Sent broadcast CAM message to all vehicles (at simulation time 193.900,000,000 s)
2024-06-04 00:13:07,554 INFO  - Received CAM message from veh_66 (at simulation time 193.900,900,000 s)
2024-06-04 00:13:07,557 INFO  - Atempting to process queue (at simulation time 194.000,000,000 s)
2024-06-04 00:13:07,557 INFO  - Vehicle is outside the detection area. (at simulation time 194.000,000,000 s)
2024-06-04 00:13:07,557 INFO  - Sent broadcast CAM message to all vehicles (at simulation time 194.000,000,000 s)
2024-06-04 00:13:07,564 INFO  - Received CAM message from veh_66 (at simulation time 194.000,400,000 s)
2024-06-04 00:13:07,565 INFO  - Atempting to process queue (at simulation time 194.100,000,000 s)
2024-06-04 00:13:07,565 INFO  - Vehicle is outside the detection area. (at simulation time 194.100,000,000 s)
2024-06-04 00:13:07,565 INFO  - Sent broadcast CAM message to all vehicles (at simulation time 194.100,000,000 s)
2024-06-04 00:13:07,567 INFO  - Received CAM message from veh_66 (at simulation time 194.100,900,000 s)
2024-06-04 00:13:07,569 INFO  - Atempting to process queue (at simulation time 194.200,000,000 s)
2024-06-04 00:13:07,569 INFO  - Vehicle is outside the detection area. (at simulation time 194.200,000,000 s)
2024-06-04 00:13:07,569 INFO  - Sent broadcast CAM message to all vehicles (at simulation time 194.200,000,000 s)
2024-06-04 00:13:07,570 INFO  - Received CAM message from veh_66 (at simulation time 194.201,400,000 s)
2024-06-04 00:13:07,570 INFO  - Atempting to process queue (at simulation time 194.300,000,000 s)
2024-06-04 00:13:07,570 INFO  - Vehicle is outside the detection area. (at simulation time 194.300,000,000 s)
2024-06-04 00:13:07,570 INFO  - Sent broadcast CAM message to all vehicles (at simulation time 194.300,000,000 s)
2024-06-04 00:13:07,572 INFO  - Received CAM message from veh_66 (at simulation time 194.301,900,000 s)
2024-06-04 00:13:07,572 INFO  - Atempting to process queue (at simulation time 194.400,000,000 s)
2024-06-04 00:13:07,572 INFO  - Vehicle is outside the detection area. (at simulation time 194.400,000,000 s)
2024-06-04 00:13:07,572 INFO  - Sent broadcast CAM message to all vehicles (at simulation time 194.400,000,000 s)
2024-06-04 00:13:07,573 INFO  - Received CAM message from veh_66 (at simulation time 194.400,900,000 s)
2024-06-04 00:13:07,573 INFO  - Atempting to process queue (at simulation time 194.500,000,000 s)
2024-06-04 00:13:07,573 INFO  - Vehicle is outside the detection area. (at simulation time 194.500,000,000 s)
2024-06-04 00:13:07,573 INFO  - Sent broadcast CAM message to all vehicles (at simulation time 194.500,000,000 s)
2024-06-04 00:13:07,574 INFO  - Received CAM message from veh_66 (at simulation time 194.501,400,000 s)
2024-06-04 00:13:07,575 INFO  - Atempting to process queue (at simulation time 194.600,000,000 s)
2024-06-04 00:13:07,575 INFO  - Vehicle is outside the detection area. (at simulation time 194.600,000,000 s)
2024-06-04 00:13:07,575 INFO  - Sent broadcast CAM message to all vehicles (at simulation time 194.600,000,000 s)
2024-06-04 00:13:07,576 INFO  - Received CAM message from veh_66 (at simulation time 194.602,400,000 s)
2024-06-04 00:13:07,576 INFO  - Atempting to process queue (at simulation time 194.700,000,000 s)
2024-06-04 00:13:07,576 INFO  - Vehicle is outside the detection area. (at simulation time 194.700,000,000 s)
2024-06-04 00:13:07,576 INFO  - Sent broadcast CAM message to all vehicles (at simulation time 194.700,000,000 s)
2024-06-04 00:13:07,577 INFO  - Received CAM message from veh_66 (at simulation time 194.700,400,000 s)
2024-06-04 00:13:07,578 INFO  - Atempting to process queue (at simulation time 194.800,000,000 s)
2024-06-04 00:13:07,578 INFO  - Vehicle is outside the detection area. (at simulation time 194.800,000,000 s)
2024-06-04 00:13:07,578 INFO  - Sent broadcast CAM message to all vehicles (at simulation time 194.800,000,000 s)
2024-06-04 00:13:07,578 INFO  - Received CAM message from veh_66 (at simulation time 194.800,900,000 s)
2024-06-04 00:13:07,579 INFO  - Atempting to process queue (at simulation time 194.900,000,000 s)
2024-06-04 00:13:07,579 INFO  - Vehicle is outside the detection area. (at simulation time 194.900,000,000 s)
2024-06-04 00:13:07,579 INFO  - Sent broadcast CAM message to all vehicles (at simulation time 194.900,000,000 s)
2024-06-04 00:13:07,580 INFO  - Received CAM message from veh_66 (at simulation time 194.901,900,000 s)
2024-06-04 00:13:07,583 INFO  - Atempting to process queue (at simulation time 195.000,000,000 s)
2024-06-04 00:13:07,583 INFO  - Vehicle is outside the detection area. (at simulation time 195.000,000,000 s)
2024-06-04 00:13:07,583 INFO  - Sent broadcast CAM message to all vehicles (at simulation time 195.000,000,000 s)
2024-06-04 00:13:07,585 INFO  - Atempting to process queue (at simulation time 195.100,000,000 s)
2024-06-04 00:13:07,585 INFO  - Vehicle is outside the detection area. (at simulation time 195.100,000,000 s)
2024-06-04 00:13:07,585 INFO  - Sent broadcast CAM message to all vehicles (at simulation time 195.100,000,000 s)
2024-06-04 00:13:07,587 INFO  - Atempting to process queue (at simulation time 195.200,000,000 s)
2024-06-04 00:13:07,587 INFO  - Vehicle is outside the detection area. (at simulation time 195.200,000,000 s)
2024-06-04 00:13:07,587 INFO  - Sent broadcast CAM message to all vehicles (at simulation time 195.200,000,000 s)
2024-06-04 00:13:07,590 INFO  - Atempting to process queue (at simulation time 195.300,000,000 s)
2024-06-04 00:13:07,590 INFO  - Vehicle is outside the detection area. (at simulation time 195.300,000,000 s)
2024-06-04 00:13:07,590 INFO  - Sent broadcast CAM message to all vehicles (at simulation time 195.300,000,000 s)
2024-06-04 00:13:07,593 INFO  - Atempting to process queue (at simulation time 195.400,000,000 s)
2024-06-04 00:13:07,593 INFO  - Vehicle is outside the detection area. (at simulation time 195.400,000,000 s)
2024-06-04 00:13:07,593 INFO  - Sent broadcast CAM message to all vehicles (at simulation time 195.400,000,000 s)
2024-06-04 00:13:07,595 INFO  - Atempting to process queue (at simulation time 195.500,000,000 s)
2024-06-04 00:13:07,595 INFO  - Vehicle is outside the detection area. (at simulation time 195.500,000,000 s)
2024-06-04 00:13:07,595 INFO  - Sent broadcast CAM message to all vehicles (at simulation time 195.500,000,000 s)
2024-06-04 00:13:07,596 INFO  - Atempting to process queue (at simulation time 195.600,000,000 s)
2024-06-04 00:13:07,596 INFO  - Vehicle is outside the detection area. (at simulation time 195.600,000,000 s)
2024-06-04 00:13:07,596 INFO  - Sent broadcast CAM message to all vehicles (at simulation time 195.600,000,000 s)
2024-06-04 00:13:07,598 INFO  - Atempting to process queue (at simulation time 195.700,000,000 s)
2024-06-04 00:13:07,598 INFO  - Vehicle is outside the detection area. (at simulation time 195.700,000,000 s)
2024-06-04 00:13:07,598 INFO  - Sent broadcast CAM message to all vehicles (at simulation time 195.700,000,000 s)
2024-06-04 00:13:07,599 INFO  - Atempting to process queue (at simulation time 195.800,000,000 s)
2024-06-04 00:13:07,599 INFO  - Vehicle is outside the detection area. (at simulation time 195.800,000,000 s)
2024-06-04 00:13:07,599 INFO  - Sent broadcast CAM message to all vehicles (at simulation time 195.800,000,000 s)
2024-06-04 00:13:07,600 INFO  - Atempting to process queue (at simulation time 195.900,000,000 s)
2024-06-04 00:13:07,600 INFO  - Vehicle is outside the detection area. (at simulation time 195.900,000,000 s)
2024-06-04 00:13:07,600 INFO  - Sent broadcast CAM message to all vehicles (at simulation time 195.900,000,000 s)
2024-06-04 00:13:07,603 INFO  - Shutdown application (at simulation time 196.000,000,000 s)
