2024-06-04 00:13:11,563 INFO  - Initialize application (at simulation time 349.000,000,000 s)
2024-06-04 00:13:11,564 INFO  - Activated WLAN Module (at simulation time 349.000,000,000 s)
2024-06-04 00:13:11,564 INFO  - Vehicle is outside the detection area. (at simulation time 349.000,000,000 s)
2024-06-04 00:13:11,564 INFO  - Sent broadcast CAM message to all vehicles (at simulation time 349.000,000,000 s)
2024-06-04 00:13:11,566 INFO  - Vehicle is outside the detection area. (at simulation time 349.100,000,000 s)
2024-06-04 00:13:11,566 INFO  - Sent broadcast CAM message to all vehicles (at simulation time 349.100,000,000 s)
2024-06-04 00:13:11,568 INFO  - Vehicle is outside the detection area. (at simulation time 349.200,000,000 s)
2024-06-04 00:13:11,568 INFO  - Sent broadcast CAM message to all vehicles (at simulation time 349.200,000,000 s)
2024-06-04 00:13:11,569 INFO  - Vehicle is outside the detection area. (at simulation time 349.300,000,000 s)
2024-06-04 00:13:11,569 INFO  - Sent broadcast CAM message to all vehicles (at simulation time 349.300,000,000 s)
2024-06-04 00:13:11,571 INFO  - Vehicle is outside the detection area. (at simulation time 349.400,000,000 s)
2024-06-04 00:13:11,571 INFO  - Sent broadcast CAM message to all vehicles (at simulation time 349.400,000,000 s)
2024-06-04 00:13:11,573 INFO  - Vehicle is outside the detection area. (at simulation time 349.500,000,000 s)
2024-06-04 00:13:11,573 INFO  - Sent broadcast CAM message to all vehicles (at simulation time 349.500,000,000 s)
2024-06-04 00:13:11,580 INFO  - Vehicle is outside the detection area. (at simulation time 349.600,000,000 s)
2024-06-04 00:13:11,580 INFO  - Sent broadcast CAM message to all vehicles (at simulation time 349.600,000,000 s)
2024-06-04 00:13:11,581 INFO  - Vehicle is outside the detection area. (at simulation time 349.700,000,000 s)
2024-06-04 00:13:11,581 INFO  - Sent broadcast CAM message to all vehicles (at simulation time 349.700,000,000 s)
2024-06-04 00:13:11,583 INFO  - Vehicle is outside the detection area. (at simulation time 349.800,000,000 s)
2024-06-04 00:13:11,583 INFO  - Sent broadcast CAM message to all vehicles (at simulation time 349.800,000,000 s)
2024-06-04 00:13:11,584 INFO  - Vehicle is outside the detection area. (at simulation time 349.900,000,000 s)
2024-06-04 00:13:11,584 INFO  - Sent broadcast CAM message to all vehicles (at simulation time 349.900,000,000 s)
2024-06-04 00:13:11,593 INFO  - Vehicle is outside the detection area. (at simulation time 350.000,000,000 s)
2024-06-04 00:13:11,593 INFO  - Sent broadcast CAM message to all vehicles (at simulation time 350.000,000,000 s)
2024-06-04 00:13:11,595 INFO  - Vehicle is outside the detection area. (at simulation time 350.100,000,000 s)
2024-06-04 00:13:11,595 INFO  - Sent broadcast CAM message to all vehicles (at simulation time 350.100,000,000 s)
2024-06-04 00:13:11,597 INFO  - Vehicle is outside the detection area. (at simulation time 350.200,000,000 s)
2024-06-04 00:13:11,597 INFO  - Sent broadcast CAM message to all vehicles (at simulation time 350.200,000,000 s)
2024-06-04 00:13:11,598 INFO  - Vehicle is outside the detection area. (at simulation time 350.300,000,000 s)
2024-06-04 00:13:11,598 INFO  - Sent broadcast CAM message to all vehicles (at simulation time 350.300,000,000 s)
2024-06-04 00:13:11,600 INFO  - Vehicle is outside the detection area. (at simulation time 350.400,000,000 s)
2024-06-04 00:13:11,600 INFO  - Sent broadcast CAM message to all vehicles (at simulation time 350.400,000,000 s)
2024-06-04 00:13:11,602 INFO  - Vehicle is outside the detection area. (at simulation time 350.500,000,000 s)
2024-06-04 00:13:11,602 INFO  - Sent broadcast CAM message to all vehicles (at simulation time 350.500,000,000 s)
2024-06-04 00:13:11,604 INFO  - Vehicle is outside the detection area. (at simulation time 350.600,000,000 s)
2024-06-04 00:13:11,604 INFO  - Sent broadcast CAM message to all vehicles (at simulation time 350.600,000,000 s)
2024-06-04 00:13:11,605 INFO  - Vehicle is outside the detection area. (at simulation time 350.700,000,000 s)
2024-06-04 00:13:11,605 INFO  - Sent broadcast CAM message to all vehicles (at simulation time 350.700,000,000 s)
2024-06-04 00:13:11,607 INFO  - Vehicle is outside the detection area. (at simulation time 350.800,000,000 s)
2024-06-04 00:13:11,607 INFO  - Sent broadcast CAM message to all vehicles (at simulation time 350.800,000,000 s)
2024-06-04 00:13:11,608 INFO  - Vehicle is outside the detection area. (at simulation time 350.900,000,000 s)
2024-06-04 00:13:11,608 INFO  - Sent broadcast CAM message to all vehicles (at simulation time 350.900,000,000 s)
2024-06-04 00:13:11,613 INFO  - Vehicle is inside the detection area. (at simulation time 351.000,000,000 s)
2024-06-04 00:13:11,613 INFO  - Vehicle is too far away from the traffic light. (at simulation time 351.000,000,000 s)
2024-06-04 00:13:11,613 INFO  - No vehicles in range. (at simulation time 351.000,000,000 s)
2024-06-04 00:13:11,613 INFO  - Neither the RSU nor any vehicle is in range. (at simulation time 351.000,000,000 s)
2024-06-04 00:13:11,613 INFO  - Sent broadcast CAM message to all vehicles (at simulation time 351.000,000,000 s)
2024-06-04 00:13:11,615 INFO  - Vehicle is inside the detection area. (at simulation time 351.100,000,000 s)
2024-06-04 00:13:11,615 INFO  - Vehicle is too far away from the traffic light. (at simulation time 351.100,000,000 s)
2024-06-04 00:13:11,615 INFO  - No vehicles in range. (at simulation time 351.100,000,000 s)
2024-06-04 00:13:11,615 INFO  - Neither the RSU nor any vehicle is in range. (at simulation time 351.100,000,000 s)
2024-06-04 00:13:11,615 INFO  - Sent broadcast CAM message to all vehicles (at simulation time 351.100,000,000 s)
2024-06-04 00:13:11,617 INFO  - Vehicle is inside the detection area. (at simulation time 351.200,000,000 s)
2024-06-04 00:13:11,617 INFO  - Vehicle is too far away from the traffic light. (at simulation time 351.200,000,000 s)
2024-06-04 00:13:11,617 INFO  - No vehicles in range. (at simulation time 351.200,000,000 s)
2024-06-04 00:13:11,617 INFO  - Neither the RSU nor any vehicle is in range. (at simulation time 351.200,000,000 s)
2024-06-04 00:13:11,617 INFO  - Sent broadcast CAM message to all vehicles (at simulation time 351.200,000,000 s)
2024-06-04 00:13:11,618 INFO  - Vehicle is inside the detection area. (at simulation time 351.300,000,000 s)
2024-06-04 00:13:11,618 INFO  - Vehicle is too far away from the traffic light. (at simulation time 351.300,000,000 s)
2024-06-04 00:13:11,618 INFO  - No vehicles in range. (at simulation time 351.300,000,000 s)
2024-06-04 00:13:11,618 INFO  - Neither the RSU nor any vehicle is in range. (at simulation time 351.300,000,000 s)
2024-06-04 00:13:11,618 INFO  - Sent broadcast CAM message to all vehicles (at simulation time 351.300,000,000 s)
2024-06-04 00:13:11,620 INFO  - Vehicle is inside the detection area. (at simulation time 351.400,000,000 s)
2024-06-04 00:13:11,620 INFO  - Vehicle is too far away from the traffic light. (at simulation time 351.400,000,000 s)
2024-06-04 00:13:11,620 INFO  - No vehicles in range. (at simulation time 351.400,000,000 s)
2024-06-04 00:13:11,620 INFO  - Neither the RSU nor any vehicle is in range. (at simulation time 351.400,000,000 s)
2024-06-04 00:13:11,620 INFO  - Sent broadcast CAM message to all vehicles (at simulation time 351.400,000,000 s)
2024-06-04 00:13:11,621 INFO  - Vehicle is inside the detection area. (at simulation time 351.500,000,000 s)
2024-06-04 00:13:11,621 INFO  - Vehicle is too far away from the traffic light. (at simulation time 351.500,000,000 s)
2024-06-04 00:13:11,621 INFO  - No vehicles in range. (at simulation time 351.500,000,000 s)
2024-06-04 00:13:11,621 INFO  - Neither the RSU nor any vehicle is in range. (at simulation time 351.500,000,000 s)
2024-06-04 00:13:11,621 INFO  - Sent broadcast CAM message to all vehicles (at simulation time 351.500,000,000 s)
2024-06-04 00:13:11,623 INFO  - Vehicle is inside the detection area. (at simulation time 351.600,000,000 s)
2024-06-04 00:13:11,623 INFO  - Vehicle is too far away from the traffic light. (at simulation time 351.600,000,000 s)
2024-06-04 00:13:11,623 INFO  - No vehicles in range. (at simulation time 351.600,000,000 s)
2024-06-04 00:13:11,623 INFO  - Neither the RSU nor any vehicle is in range. (at simulation time 351.600,000,000 s)
2024-06-04 00:13:11,623 INFO  - Sent broadcast CAM message to all vehicles (at simulation time 351.600,000,000 s)
2024-06-04 00:13:11,625 INFO  - Vehicle is inside the detection area. (at simulation time 351.700,000,000 s)
2024-06-04 00:13:11,625 INFO  - Vehicle is too far away from the traffic light. (at simulation time 351.700,000,000 s)
2024-06-04 00:13:11,625 INFO  - No vehicles in range. (at simulation time 351.700,000,000 s)
2024-06-04 00:13:11,625 INFO  - Neither the RSU nor any vehicle is in range. (at simulation time 351.700,000,000 s)
2024-06-04 00:13:11,625 INFO  - Sent broadcast CAM message to all vehicles (at simulation time 351.700,000,000 s)
2024-06-04 00:13:11,626 INFO  - Vehicle is inside the detection area. (at simulation time 351.800,000,000 s)
2024-06-04 00:13:11,626 INFO  - Vehicle is too far away from the traffic light. (at simulation time 351.800,000,000 s)
2024-06-04 00:13:11,626 INFO  - No vehicles in range. (at simulation time 351.800,000,000 s)
2024-06-04 00:13:11,626 INFO  - Neither the RSU nor any vehicle is in range. (at simulation time 351.800,000,000 s)
2024-06-04 00:13:11,626 INFO  - Sent broadcast CAM message to all vehicles (at simulation time 351.800,000,000 s)
2024-06-04 00:13:11,627 INFO  - Vehicle is inside the detection area. (at simulation time 351.900,000,000 s)
2024-06-04 00:13:11,627 INFO  - Vehicle is too far away from the traffic light. (at simulation time 351.900,000,000 s)
2024-06-04 00:13:11,627 INFO  - No vehicles in range. (at simulation time 351.900,000,000 s)
2024-06-04 00:13:11,627 INFO  - Neither the RSU nor any vehicle is in range. (at simulation time 351.900,000,000 s)
2024-06-04 00:13:11,627 INFO  - Sent broadcast CAM message to all vehicles (at simulation time 351.900,000,000 s)
2024-06-04 00:13:11,632 INFO  - Vehicle is inside the detection area. (at simulation time 352.000,000,000 s)
2024-06-04 00:13:11,632 INFO  - Vehicle is too far away from the traffic light. (at simulation time 352.000,000,000 s)
2024-06-04 00:13:11,632 INFO  - No vehicles in range. (at simulation time 352.000,000,000 s)
2024-06-04 00:13:11,632 INFO  - Neither the RSU nor any vehicle is in range. (at simulation time 352.000,000,000 s)
2024-06-04 00:13:11,632 INFO  - Sent broadcast CAM message to all vehicles (at simulation time 352.000,000,000 s)
2024-06-04 00:13:11,634 INFO  - Vehicle is inside the detection area. (at simulation time 352.100,000,000 s)
2024-06-04 00:13:11,634 INFO  - Vehicle is too far away from the traffic light. (at simulation time 352.100,000,000 s)
2024-06-04 00:13:11,634 INFO  - No vehicles in range. (at simulation time 352.100,000,000 s)
2024-06-04 00:13:11,634 INFO  - Neither the RSU nor any vehicle is in range. (at simulation time 352.100,000,000 s)
2024-06-04 00:13:11,634 INFO  - Sent broadcast CAM message to all vehicles (at simulation time 352.100,000,000 s)
2024-06-04 00:13:11,636 INFO  - Vehicle is inside the detection area. (at simulation time 352.200,000,000 s)
2024-06-04 00:13:11,636 INFO  - Vehicle is too far away from the traffic light. (at simulation time 352.200,000,000 s)
2024-06-04 00:13:11,636 INFO  - No vehicles in range. (at simulation time 352.200,000,000 s)
2024-06-04 00:13:11,636 INFO  - Neither the RSU nor any vehicle is in range. (at simulation time 352.200,000,000 s)
2024-06-04 00:13:11,636 INFO  - Sent broadcast CAM message to all vehicles (at simulation time 352.200,000,000 s)
2024-06-04 00:13:11,637 INFO  - Vehicle is inside the detection area. (at simulation time 352.300,000,000 s)
2024-06-04 00:13:11,637 INFO  - Vehicle is too far away from the traffic light. (at simulation time 352.300,000,000 s)
2024-06-04 00:13:11,637 INFO  - No vehicles in range. (at simulation time 352.300,000,000 s)
2024-06-04 00:13:11,637 INFO  - Neither the RSU nor any vehicle is in range. (at simulation time 352.300,000,000 s)
2024-06-04 00:13:11,637 INFO  - Sent broadcast CAM message to all vehicles (at simulation time 352.300,000,000 s)
2024-06-04 00:13:11,639 INFO  - Vehicle is inside the detection area. (at simulation time 352.400,000,000 s)
2024-06-04 00:13:11,639 INFO  - Vehicle is too far away from the traffic light. (at simulation time 352.400,000,000 s)
2024-06-04 00:13:11,639 INFO  - No vehicles in range. (at simulation time 352.400,000,000 s)
2024-06-04 00:13:11,639 INFO  - Neither the RSU nor any vehicle is in range. (at simulation time 352.400,000,000 s)
2024-06-04 00:13:11,639 INFO  - Sent broadcast CAM message to all vehicles (at simulation time 352.400,000,000 s)
2024-06-04 00:13:11,641 INFO  - Vehicle is inside the detection area. (at simulation time 352.500,000,000 s)
2024-06-04 00:13:11,641 INFO  - Vehicle is too far away from the traffic light. (at simulation time 352.500,000,000 s)
2024-06-04 00:13:11,641 INFO  - No vehicles in range. (at simulation time 352.500,000,000 s)
2024-06-04 00:13:11,641 INFO  - Neither the RSU nor any vehicle is in range. (at simulation time 352.500,000,000 s)
2024-06-04 00:13:11,641 INFO  - Sent broadcast CAM message to all vehicles (at simulation time 352.500,000,000 s)
2024-06-04 00:13:11,642 INFO  - Vehicle is inside the detection area. (at simulation time 352.600,000,000 s)
2024-06-04 00:13:11,642 INFO  - Vehicle is too far away from the traffic light. (at simulation time 352.600,000,000 s)
2024-06-04 00:13:11,642 INFO  - No vehicles in range. (at simulation time 352.600,000,000 s)
2024-06-04 00:13:11,642 INFO  - Neither the RSU nor any vehicle is in range. (at simulation time 352.600,000,000 s)
2024-06-04 00:13:11,642 INFO  - Sent broadcast CAM message to all vehicles (at simulation time 352.600,000,000 s)
2024-06-04 00:13:11,643 INFO  - Vehicle is inside the detection area. (at simulation time 352.700,000,000 s)
2024-06-04 00:13:11,643 INFO  - Vehicle is too far away from the traffic light. (at simulation time 352.700,000,000 s)
2024-06-04 00:13:11,643 INFO  - No vehicles in range. (at simulation time 352.700,000,000 s)
2024-06-04 00:13:11,643 INFO  - Neither the RSU nor any vehicle is in range. (at simulation time 352.700,000,000 s)
2024-06-04 00:13:11,643 INFO  - Sent broadcast CAM message to all vehicles (at simulation time 352.700,000,000 s)
2024-06-04 00:13:11,645 INFO  - Vehicle is inside the detection area. (at simulation time 352.800,000,000 s)
2024-06-04 00:13:11,645 INFO  - Vehicle is too far away from the traffic light. (at simulation time 352.800,000,000 s)
2024-06-04 00:13:11,645 INFO  - No vehicles in range. (at simulation time 352.800,000,000 s)
2024-06-04 00:13:11,645 INFO  - Neither the RSU nor any vehicle is in range. (at simulation time 352.800,000,000 s)
2024-06-04 00:13:11,645 INFO  - Sent broadcast CAM message to all vehicles (at simulation time 352.800,000,000 s)
2024-06-04 00:13:11,646 INFO  - Vehicle is inside the detection area. (at simulation time 352.900,000,000 s)
2024-06-04 00:13:11,646 INFO  - Vehicle is too far away from the traffic light. (at simulation time 352.900,000,000 s)
2024-06-04 00:13:11,646 INFO  - No vehicles in range. (at simulation time 352.900,000,000 s)
2024-06-04 00:13:11,646 INFO  - Neither the RSU nor any vehicle is in range. (at simulation time 352.900,000,000 s)
2024-06-04 00:13:11,646 INFO  - Sent broadcast CAM message to all vehicles (at simulation time 352.900,000,000 s)
2024-06-04 00:13:11,651 INFO  - Atempting to process queue (at simulation time 353.000,000,000 s)
2024-06-04 00:13:11,651 INFO  - Vehicle is inside the detection area. (at simulation time 353.000,000,000 s)
2024-06-04 00:13:11,651 INFO  - Sent Detection message to rsu_0 (at simulation time 353.000,000,000 s)
2024-06-04 00:13:11,651 INFO  - Sent broadcast CAM message to all vehicles (at simulation time 353.000,000,000 s)
2024-06-04 00:13:11,653 INFO  - Received CAM message from veh_123 (at simulation time 353.000,900,000 s)
2024-06-04 00:13:11,653 INFO  - Atempting to process queue (at simulation time 353.100,000,000 s)
2024-06-04 00:13:11,653 INFO  - Vehicle is inside the detection area. (at simulation time 353.100,000,000 s)
2024-06-04 00:13:11,653 INFO  - Sent Detection message to rsu_0 (at simulation time 353.100,000,000 s)
2024-06-04 00:13:11,653 INFO  - Sent broadcast CAM message to all vehicles (at simulation time 353.100,000,000 s)
2024-06-04 00:13:11,654 INFO  - Received CAM message from veh_123 (at simulation time 353.101,900,000 s)
2024-06-04 00:13:11,655 INFO  - Atempting to process queue (at simulation time 353.200,000,000 s)
2024-06-04 00:13:11,655 INFO  - Vehicle is inside the detection area. (at simulation time 353.200,000,000 s)
2024-06-04 00:13:11,655 INFO  - Sent Detection message to rsu_0 (at simulation time 353.200,000,000 s)
2024-06-04 00:13:11,655 INFO  - Sent broadcast CAM message to all vehicles (at simulation time 353.200,000,000 s)
2024-06-04 00:13:11,655 INFO  - Received CAM message from veh_123 (at simulation time 353.200,400,000 s)
2024-06-04 00:13:11,656 INFO  - Atempting to process queue (at simulation time 353.300,000,000 s)
2024-06-04 00:13:11,656 INFO  - Vehicle is inside the detection area. (at simulation time 353.300,000,000 s)
2024-06-04 00:13:11,656 INFO  - Sent Detection message to rsu_0 (at simulation time 353.300,000,000 s)
2024-06-04 00:13:11,656 INFO  - Sent broadcast CAM message to all vehicles (at simulation time 353.300,000,000 s)
2024-06-04 00:13:11,657 INFO  - Received CAM message from veh_123 (at simulation time 353.301,400,000 s)
2024-06-04 00:13:11,657 INFO  - Atempting to process queue (at simulation time 353.400,000,000 s)
2024-06-04 00:13:11,657 INFO  - Vehicle is inside the detection area. (at simulation time 353.400,000,000 s)
2024-06-04 00:13:11,657 INFO  - Sent Detection message to rsu_0 (at simulation time 353.400,000,000 s)
2024-06-04 00:13:11,657 INFO  - Sent broadcast CAM message to all vehicles (at simulation time 353.400,000,000 s)
2024-06-04 00:13:11,658 INFO  - Received CAM message from veh_123 (at simulation time 353.400,400,000 s)
2024-06-04 00:13:11,659 INFO  - Atempting to process queue (at simulation time 353.500,000,000 s)
2024-06-04 00:13:11,659 INFO  - Vehicle is inside the detection area. (at simulation time 353.500,000,000 s)
2024-06-04 00:13:11,659 INFO  - Sent Detection message to rsu_0 (at simulation time 353.500,000,000 s)
2024-06-04 00:13:11,659 INFO  - Sent broadcast CAM message to all vehicles (at simulation time 353.500,000,000 s)
2024-06-04 00:13:11,661 INFO  - Received Control message from rsu_0 to veh_194 (at simulation time 353.500,400,000 s)
2024-06-04 00:13:11,661 INFO  - Current route: 1, lane: 0 (at simulation time 353.500,400,000 s)
2024-06-04 00:13:11,661 INFO  - Vehicle position: GeoPoint{lat=40.743556,lon=-73.988558,alt=0.00} (at simulation time 353.500,400,000 s)
2024-06-04 00:13:11,665 INFO  - Received CAM message from veh_123 (at simulation time 353.502,400,000 s)
2024-06-04 00:13:11,680 INFO  - Atempting to process queue (at simulation time 353.600,000,000 s)
2024-06-04 00:13:11,680 INFO  - Vehicle is inside the detection area. (at simulation time 353.600,000,000 s)
2024-06-04 00:13:11,680 INFO  - Sent Detection message to rsu_0 (at simulation time 353.600,000,000 s)
2024-06-04 00:13:11,680 INFO  - Sent broadcast CAM message to all vehicles (at simulation time 353.600,000,000 s)
2024-06-04 00:13:11,682 INFO  - Received CAM message from veh_123 (at simulation time 353.602,400,000 s)
2024-06-04 00:13:11,682 INFO  - Atempting to process queue (at simulation time 353.700,000,000 s)
2024-06-04 00:13:11,682 INFO  - Vehicle is inside the detection area. (at simulation time 353.700,000,000 s)
2024-06-04 00:13:11,682 INFO  - Sent Detection message to rsu_0 (at simulation time 353.700,000,000 s)
2024-06-04 00:13:11,682 INFO  - Sent broadcast CAM message to all vehicles (at simulation time 353.700,000,000 s)
2024-06-04 00:13:11,683 INFO  - Received CAM message from veh_123 (at simulation time 353.701,400,000 s)
2024-06-04 00:13:11,683 INFO  - Atempting to process queue (at simulation time 353.800,000,000 s)
2024-06-04 00:13:11,683 INFO  - Vehicle is inside the detection area. (at simulation time 353.800,000,000 s)
2024-06-04 00:13:11,683 INFO  - Sent Detection message to rsu_0 (at simulation time 353.800,000,000 s)
2024-06-04 00:13:11,683 INFO  - Sent broadcast CAM message to all vehicles (at simulation time 353.800,000,000 s)
2024-06-04 00:13:11,685 INFO  - Received CAM message from veh_123 (at simulation time 353.802,400,000 s)
2024-06-04 00:13:11,685 INFO  - Atempting to process queue (at simulation time 353.900,000,000 s)
2024-06-04 00:13:11,685 INFO  - Vehicle is inside the detection area. (at simulation time 353.900,000,000 s)
2024-06-04 00:13:11,685 INFO  - Sent Detection message to rsu_0 (at simulation time 353.900,000,000 s)
2024-06-04 00:13:11,685 INFO  - Sent broadcast CAM message to all vehicles (at simulation time 353.900,000,000 s)
2024-06-04 00:13:11,686 INFO  - Received CAM message from veh_123 (at simulation time 353.902,400,000 s)
2024-06-04 00:13:11,690 INFO  - Atempting to process queue (at simulation time 354.000,000,000 s)
2024-06-04 00:13:11,690 INFO  - Vehicle is inside the detection area. (at simulation time 354.000,000,000 s)
2024-06-04 00:13:11,690 INFO  - Sent Detection message to rsu_0 (at simulation time 354.000,000,000 s)
2024-06-04 00:13:11,690 INFO  - Sent broadcast CAM message to all vehicles (at simulation time 354.000,000,000 s)
2024-06-04 00:13:11,692 INFO  - Received CAM message from veh_108 (at simulation time 354.000,400,000 s)
2024-06-04 00:13:11,692 INFO  - Received CAM message from veh_102 (at simulation time 354.000,400,000 s)
2024-06-04 00:13:11,692 INFO  - Received CAM message from veh_141 (at simulation time 354.000,900,000 s)
2024-06-04 00:13:11,692 INFO  - Received CAM message from veh_123 (at simulation time 354.000,900,000 s)
2024-06-04 00:13:11,693 INFO  - Received CAM message from veh_132 (at simulation time 354.001,900,000 s)
2024-06-04 00:13:11,693 INFO  - Received CAM message from veh_129 (at simulation time 354.002,400,000 s)
2024-06-04 00:13:11,693 INFO  - Atempting to process queue (at simulation time 354.100,000,000 s)
2024-06-04 00:13:11,693 INFO  - Vehicle is inside the detection area. (at simulation time 354.100,000,000 s)
2024-06-04 00:13:11,693 INFO  - Sent Detection message to rsu_0 (at simulation time 354.100,000,000 s)
2024-06-04 00:13:11,693 INFO  - Sent broadcast CAM message to all vehicles (at simulation time 354.100,000,000 s)
2024-06-04 00:13:11,693 INFO  - Received CAM message from veh_132 (at simulation time 354.100,400,000 s)
2024-06-04 00:13:11,694 INFO  - Received CAM message from veh_129 (at simulation time 354.101,400,000 s)
2024-06-04 00:13:11,694 INFO  - Received CAM message from veh_123 (at simulation time 354.101,900,000 s)
2024-06-04 00:13:11,694 INFO  - Received CAM message from veh_108 (at simulation time 354.101,900,000 s)
2024-06-04 00:13:11,694 INFO  - Received CAM message from veh_102 (at simulation time 354.101,900,000 s)
2024-06-04 00:13:11,694 INFO  - Received CAM message from veh_141 (at simulation time 354.102,400,000 s)
2024-06-04 00:13:11,694 INFO  - Atempting to process queue (at simulation time 354.200,000,000 s)
2024-06-04 00:13:11,694 INFO  - Vehicle is inside the detection area. (at simulation time 354.200,000,000 s)
2024-06-04 00:13:11,694 INFO  - Sent Detection message to rsu_0 (at simulation time 354.200,000,000 s)
2024-06-04 00:13:11,694 INFO  - Sent broadcast CAM message to all vehicles (at simulation time 354.200,000,000 s)
2024-06-04 00:13:11,695 INFO  - Received CAM message from veh_132 (at simulation time 354.200,400,000 s)
2024-06-04 00:13:11,695 INFO  - Received CAM message from veh_102 (at simulation time 354.200,900,000 s)
2024-06-04 00:13:11,695 INFO  - Received CAM message from veh_123 (at simulation time 354.201,400,000 s)
2024-06-04 00:13:11,695 INFO  - Received CAM message from veh_108 (at simulation time 354.201,400,000 s)
2024-06-04 00:13:11,696 INFO  - Received CAM message from veh_141 (at simulation time 354.202,400,000 s)
2024-06-04 00:13:11,696 INFO  - Received CAM message from veh_129 (at simulation time 354.202,400,000 s)
2024-06-04 00:13:11,696 INFO  - Atempting to process queue (at simulation time 354.300,000,000 s)
2024-06-04 00:13:11,696 INFO  - Vehicle is inside the detection area. (at simulation time 354.300,000,000 s)
2024-06-04 00:13:11,696 INFO  - Sent Detection message to rsu_0 (at simulation time 354.300,000,000 s)
2024-06-04 00:13:11,696 INFO  - Sent broadcast CAM message to all vehicles (at simulation time 354.300,000,000 s)
2024-06-04 00:13:11,696 INFO  - Received CAM message from veh_141 (at simulation time 354.300,900,000 s)
2024-06-04 00:13:11,697 INFO  - Received CAM message from veh_102 (at simulation time 354.301,400,000 s)
2024-06-04 00:13:11,697 INFO  - Received CAM message from veh_132 (at simulation time 354.301,900,000 s)
2024-06-04 00:13:11,697 INFO  - Received CAM message from veh_108 (at simulation time 354.301,900,000 s)
2024-06-04 00:13:11,697 INFO  - Received CAM message from veh_129 (at simulation time 354.302,400,000 s)
2024-06-04 00:13:11,697 INFO  - Received CAM message from veh_123 (at simulation time 354.302,400,000 s)
2024-06-04 00:13:11,697 INFO  - Atempting to process queue (at simulation time 354.400,000,000 s)
2024-06-04 00:13:11,697 INFO  - Vehicle is inside the detection area. (at simulation time 354.400,000,000 s)
2024-06-04 00:13:11,697 INFO  - Sent Detection message to rsu_0 (at simulation time 354.400,000,000 s)
2024-06-04 00:13:11,697 INFO  - Sent broadcast CAM message to all vehicles (at simulation time 354.400,000,000 s)
2024-06-04 00:13:11,697 INFO  - Received CAM message from veh_123 (at simulation time 354.400,400,000 s)
2024-06-04 00:13:11,697 INFO  - Received CAM message from veh_108 (at simulation time 354.400,400,000 s)
2024-06-04 00:13:11,698 INFO  - Received CAM message from veh_141 (at simulation time 354.400,900,000 s)
2024-06-04 00:13:11,698 INFO  - Received CAM message from veh_129 (at simulation time 354.400,900,000 s)
2024-06-04 00:13:11,698 INFO  - Received CAM message from veh_102 (at simulation time 354.401,400,000 s)
2024-06-04 00:13:11,698 INFO  - Received CAM message from veh_132 (at simulation time 354.402,400,000 s)
2024-06-04 00:13:11,699 INFO  - Atempting to process queue (at simulation time 354.500,000,000 s)
2024-06-04 00:13:11,699 INFO  - Vehicle is inside the detection area. (at simulation time 354.500,000,000 s)
2024-06-04 00:13:11,699 INFO  - Sent Detection message to rsu_0 (at simulation time 354.500,000,000 s)
2024-06-04 00:13:11,699 INFO  - Sent broadcast CAM message to all vehicles (at simulation time 354.500,000,000 s)
2024-06-04 00:13:11,699 INFO  - Received CAM message from veh_141 (at simulation time 354.500,400,000 s)
2024-06-04 00:13:11,699 INFO  - Received CAM message from veh_132 (at simulation time 354.501,400,000 s)
2024-06-04 00:13:11,699 INFO  - Received CAM message from veh_129 (at simulation time 354.501,400,000 s)
2024-06-04 00:13:11,699 INFO  - Received CAM message from veh_123 (at simulation time 354.501,400,000 s)
2024-06-04 00:13:11,699 INFO  - Received CAM message from veh_102 (at simulation time 354.501,400,000 s)
2024-06-04 00:13:11,700 INFO  - Received CAM message from veh_108 (at simulation time 354.502,400,000 s)
2024-06-04 00:13:11,700 INFO  - Atempting to process queue (at simulation time 354.600,000,000 s)
2024-06-04 00:13:11,700 INFO  - Vehicle is inside the detection area. (at simulation time 354.600,000,000 s)
2024-06-04 00:13:11,700 INFO  - Sent Detection message to rsu_0 (at simulation time 354.600,000,000 s)
2024-06-04 00:13:11,700 INFO  - Sent broadcast CAM message to all vehicles (at simulation time 354.600,000,000 s)
2024-06-04 00:13:11,700 INFO  - Received CAM message from veh_123 (at simulation time 354.600,400,000 s)
2024-06-04 00:13:11,700 INFO  - Received CAM message from veh_141 (at simulation time 354.600,900,000 s)
2024-06-04 00:13:11,701 INFO  - Received CAM message from veh_102 (at simulation time 354.600,900,000 s)
2024-06-04 00:13:11,701 INFO  - Received CAM message from veh_132 (at simulation time 354.601,400,000 s)
2024-06-04 00:13:11,701 INFO  - Received CAM message from veh_108 (at simulation time 354.601,400,000 s)
2024-06-04 00:13:11,701 INFO  - Received CAM message from veh_129 (at simulation time 354.602,400,000 s)
2024-06-04 00:13:11,701 INFO  - Atempting to process queue (at simulation time 354.700,000,000 s)
2024-06-04 00:13:11,701 INFO  - Vehicle is inside the detection area. (at simulation time 354.700,000,000 s)
2024-06-04 00:13:11,701 INFO  - Sent Detection message to rsu_0 (at simulation time 354.700,000,000 s)
2024-06-04 00:13:11,701 INFO  - Sent broadcast CAM message to all vehicles (at simulation time 354.700,000,000 s)
2024-06-04 00:13:11,702 INFO  - Received CAM message from veh_102 (at simulation time 354.700,400,000 s)
2024-06-04 00:13:11,702 INFO  - Received CAM message from veh_132 (at simulation time 354.701,400,000 s)
2024-06-04 00:13:11,702 INFO  - Received CAM message from veh_123 (at simulation time 354.701,400,000 s)
2024-06-04 00:13:11,702 INFO  - Received CAM message from veh_108 (at simulation time 354.701,400,000 s)
2024-06-04 00:13:11,703 INFO  - Received CAM message from veh_141 (at simulation time 354.702,400,000 s)
2024-06-04 00:13:11,703 INFO  - Received CAM message from veh_129 (at simulation time 354.702,400,000 s)
2024-06-04 00:13:11,703 INFO  - Atempting to process queue (at simulation time 354.800,000,000 s)
2024-06-04 00:13:11,703 INFO  - Vehicle is inside the detection area. (at simulation time 354.800,000,000 s)
2024-06-04 00:13:11,703 INFO  - Sent Detection message to rsu_0 (at simulation time 354.800,000,000 s)
2024-06-04 00:13:11,703 INFO  - Sent broadcast CAM message to all vehicles (at simulation time 354.800,000,000 s)
2024-06-04 00:13:11,704 INFO  - Received CAM message from veh_102 (at simulation time 354.800,900,000 s)
2024-06-04 00:13:11,704 INFO  - Received CAM message from veh_141 (at simulation time 354.801,400,000 s)
2024-06-04 00:13:11,704 INFO  - Received CAM message from veh_108 (at simulation time 354.801,400,000 s)
2024-06-04 00:13:11,704 INFO  - Received CAM message from veh_132 (at simulation time 354.801,900,000 s)
2024-06-04 00:13:11,704 INFO  - Received CAM message from veh_129 (at simulation time 354.801,900,000 s)
2024-06-04 00:13:11,704 INFO  - Received CAM message from veh_123 (at simulation time 354.801,900,000 s)
2024-06-04 00:13:11,704 INFO  - Atempting to process queue (at simulation time 354.900,000,000 s)
2024-06-04 00:13:11,704 INFO  - Vehicle is inside the detection area. (at simulation time 354.900,000,000 s)
2024-06-04 00:13:11,704 INFO  - Sent Detection message to rsu_0 (at simulation time 354.900,000,000 s)
2024-06-04 00:13:11,704 INFO  - Sent broadcast CAM message to all vehicles (at simulation time 354.900,000,000 s)
2024-06-04 00:13:11,705 INFO  - Received CAM message from veh_141 (at simulation time 354.900,400,000 s)
2024-06-04 00:13:11,705 INFO  - Received CAM message from veh_132 (at simulation time 354.900,900,000 s)
2024-06-04 00:13:11,705 INFO  - Received CAM message from veh_102 (at simulation time 354.900,900,000 s)
2024-06-04 00:13:11,706 INFO  - Received CAM message from veh_129 (at simulation time 354.901,400,000 s)
2024-06-04 00:13:11,706 INFO  - Received CAM message from veh_108 (at simulation time 354.901,400,000 s)
2024-06-04 00:13:11,706 INFO  - Received CAM message from veh_123 (at simulation time 354.902,400,000 s)
2024-06-04 00:13:11,712 INFO  - Atempting to process queue (at simulation time 355.000,000,000 s)
2024-06-04 00:13:11,713 INFO  - Vehicle is outside the detection area. (at simulation time 355.000,000,000 s)
2024-06-04 00:13:11,713 INFO  - Sent broadcast CAM message to all vehicles (at simulation time 355.000,000,000 s)
2024-06-04 00:13:11,714 INFO  - Received CAM message from veh_102 (at simulation time 355.000,400,000 s)
2024-06-04 00:13:11,714 INFO  - Received CAM message from veh_132 (at simulation time 355.000,900,000 s)
2024-06-04 00:13:11,714 INFO  - Received CAM message from veh_129 (at simulation time 355.000,900,000 s)
2024-06-04 00:13:11,714 INFO  - Received CAM message from veh_141 (at simulation time 355.001,400,000 s)
2024-06-04 00:13:11,714 INFO  - Received CAM message from veh_123 (at simulation time 355.001,400,000 s)
2024-06-04 00:13:11,714 INFO  - Received CAM message from veh_108 (at simulation time 355.001,900,000 s)
2024-06-04 00:13:11,715 INFO  - Atempting to process queue (at simulation time 355.100,000,000 s)
2024-06-04 00:13:11,715 INFO  - Vehicle is outside the detection area. (at simulation time 355.100,000,000 s)
2024-06-04 00:13:11,715 INFO  - Sent broadcast CAM message to all vehicles (at simulation time 355.100,000,000 s)
2024-06-04 00:13:11,715 INFO  - Received CAM message from veh_108 (at simulation time 355.100,400,000 s)
2024-06-04 00:13:11,715 INFO  - Received CAM message from veh_132 (at simulation time 355.100,900,000 s)
2024-06-04 00:13:11,715 INFO  - Received CAM message from veh_123 (at simulation time 355.100,900,000 s)
2024-06-04 00:13:11,715 INFO  - Received CAM message from veh_102 (at simulation time 355.100,900,000 s)
2024-06-04 00:13:11,716 INFO  - Received CAM message from veh_129 (at simulation time 355.101,900,000 s)
2024-06-04 00:13:11,716 INFO  - Received CAM message from veh_141 (at simulation time 355.102,400,000 s)
2024-06-04 00:13:11,716 INFO  - Atempting to process queue (at simulation time 355.200,000,000 s)
2024-06-04 00:13:11,716 INFO  - Vehicle is outside the detection area. (at simulation time 355.200,000,000 s)
2024-06-04 00:13:11,716 INFO  - Sent broadcast CAM message to all vehicles (at simulation time 355.200,000,000 s)
2024-06-04 00:13:11,717 INFO  - Received CAM message from veh_123 (at simulation time 355.200,400,000 s)
2024-06-04 00:13:11,717 INFO  - Received CAM message from veh_102 (at simulation time 355.200,400,000 s)
2024-06-04 00:13:11,717 INFO  - Received CAM message from veh_108 (at simulation time 355.201,400,000 s)
2024-06-04 00:13:11,717 INFO  - Received CAM message from veh_132 (at simulation time 355.201,900,000 s)
2024-06-04 00:13:11,717 INFO  - Received CAM message from veh_141 (at simulation time 355.202,400,000 s)
2024-06-04 00:13:11,717 INFO  - Received CAM message from veh_129 (at simulation time 355.202,400,000 s)
2024-06-04 00:13:11,717 INFO  - Atempting to process queue (at simulation time 355.300,000,000 s)
2024-06-04 00:13:11,717 INFO  - Vehicle is outside the detection area. (at simulation time 355.300,000,000 s)
2024-06-04 00:13:11,717 INFO  - Sent broadcast CAM message to all vehicles (at simulation time 355.300,000,000 s)
2024-06-04 00:13:11,718 INFO  - Received CAM message from veh_129 (at simulation time 355.300,400,000 s)
2024-06-04 00:13:11,718 INFO  - Received CAM message from veh_123 (at simulation time 355.300,900,000 s)
2024-06-04 00:13:11,718 INFO  - Received CAM message from veh_102 (at simulation time 355.300,900,000 s)
2024-06-04 00:13:11,718 INFO  - Received CAM message from veh_108 (at simulation time 355.301,400,000 s)
2024-06-04 00:13:11,718 INFO  - Received CAM message from veh_132 (at simulation time 355.301,900,000 s)
2024-06-04 00:13:11,718 INFO  - Received CAM message from veh_141 (at simulation time 355.302,400,000 s)
2024-06-04 00:13:11,718 INFO  - Atempting to process queue (at simulation time 355.400,000,000 s)
2024-06-04 00:13:11,718 INFO  - Vehicle is outside the detection area. (at simulation time 355.400,000,000 s)
2024-06-04 00:13:11,718 INFO  - Sent broadcast CAM message to all vehicles (at simulation time 355.400,000,000 s)
2024-06-04 00:13:11,719 INFO  - Received CAM message from veh_129 (at simulation time 355.400,900,000 s)
2024-06-04 00:13:11,719 INFO  - Received CAM message from veh_108 (at simulation time 355.400,900,000 s)
2024-06-04 00:13:11,720 INFO  - Received CAM message from veh_141 (at simulation time 355.401,900,000 s)
2024-06-04 00:13:11,720 INFO  - Received CAM message from veh_123 (at simulation time 355.401,900,000 s)
2024-06-04 00:13:11,720 INFO  - Received CAM message from veh_102 (at simulation time 355.401,900,000 s)
2024-06-04 00:13:11,720 INFO  - Received CAM message from veh_132 (at simulation time 355.402,400,000 s)
2024-06-04 00:13:11,720 INFO  - Atempting to process queue (at simulation time 355.500,000,000 s)
2024-06-04 00:13:11,720 INFO  - Vehicle is outside the detection area. (at simulation time 355.500,000,000 s)
2024-06-04 00:13:11,720 INFO  - Sent broadcast CAM message to all vehicles (at simulation time 355.500,000,000 s)
2024-06-04 00:13:11,720 INFO  - Received CAM message from veh_102 (at simulation time 355.500,400,000 s)
2024-06-04 00:13:11,721 INFO  - Received CAM message from veh_132 (at simulation time 355.501,400,000 s)
2024-06-04 00:13:11,721 INFO  - Received CAM message from veh_129 (at simulation time 355.501,400,000 s)
2024-06-04 00:13:11,721 INFO  - Received CAM message from veh_123 (at simulation time 355.501,400,000 s)
2024-06-04 00:13:11,721 INFO  - Received CAM message from veh_108 (at simulation time 355.501,400,000 s)
2024-06-04 00:13:11,721 INFO  - Received CAM message from veh_141 (at simulation time 355.501,900,000 s)
2024-06-04 00:13:11,721 INFO  - Atempting to process queue (at simulation time 355.600,000,000 s)
2024-06-04 00:13:11,721 INFO  - Vehicle is outside the detection area. (at simulation time 355.600,000,000 s)
2024-06-04 00:13:11,721 INFO  - Sent broadcast CAM message to all vehicles (at simulation time 355.600,000,000 s)
2024-06-04 00:13:11,722 INFO  - Received CAM message from veh_102 (at simulation time 355.600,400,000 s)
2024-06-04 00:13:11,723 INFO  - Received CAM message from veh_141 (at simulation time 355.601,400,000 s)
2024-06-04 00:13:11,723 INFO  - Received CAM message from veh_123 (at simulation time 355.601,900,000 s)
2024-06-04 00:13:11,723 INFO  - Received CAM message from veh_132 (at simulation time 355.602,400,000 s)
2024-06-04 00:13:11,723 INFO  - Received CAM message from veh_129 (at simulation time 355.602,400,000 s)
2024-06-04 00:13:11,723 INFO  - Received CAM message from veh_108 (at simulation time 355.602,400,000 s)
2024-06-04 00:13:11,723 INFO  - Atempting to process queue (at simulation time 355.700,000,000 s)
2024-06-04 00:13:11,723 INFO  - Vehicle is outside the detection area. (at simulation time 355.700,000,000 s)
2024-06-04 00:13:11,723 INFO  - Sent broadcast CAM message to all vehicles (at simulation time 355.700,000,000 s)
2024-06-04 00:13:11,724 INFO  - Received CAM message from veh_129 (at simulation time 355.700,900,000 s)
2024-06-04 00:13:11,724 INFO  - Received CAM message from veh_108 (at simulation time 355.701,400,000 s)
2024-06-04 00:13:11,724 INFO  - Received CAM message from veh_102 (at simulation time 355.701,400,000 s)
2024-06-04 00:13:11,724 INFO  - Received CAM message from veh_141 (at simulation time 355.701,900,000 s)
2024-06-04 00:13:11,724 INFO  - Received CAM message from veh_123 (at simulation time 355.701,900,000 s)
2024-06-04 00:13:11,724 INFO  - Received CAM message from veh_132 (at simulation time 355.702,400,000 s)
2024-06-04 00:13:11,724 INFO  - Atempting to process queue (at simulation time 355.800,000,000 s)
2024-06-04 00:13:11,724 INFO  - Vehicle is outside the detection area. (at simulation time 355.800,000,000 s)
2024-06-04 00:13:11,724 INFO  - Sent broadcast CAM message to all vehicles (at simulation time 355.800,000,000 s)
2024-06-04 00:13:11,725 INFO  - Received CAM message from veh_102 (at simulation time 355.800,400,000 s)
2024-06-04 00:13:11,725 INFO  - Received CAM message from veh_132 (at simulation time 355.801,400,000 s)
2024-06-04 00:13:11,726 INFO  - Received CAM message from veh_141 (at simulation time 355.802,400,000 s)
2024-06-04 00:13:11,726 INFO  - Received CAM message from veh_129 (at simulation time 355.802,400,000 s)
2024-06-04 00:13:11,726 INFO  - Received CAM message from veh_123 (at simulation time 355.802,400,000 s)
2024-06-04 00:13:11,726 INFO  - Received CAM message from veh_108 (at simulation time 355.802,400,000 s)
2024-06-04 00:13:11,726 INFO  - Atempting to process queue (at simulation time 355.900,000,000 s)
2024-06-04 00:13:11,726 INFO  - Vehicle is outside the detection area. (at simulation time 355.900,000,000 s)
2024-06-04 00:13:11,726 INFO  - Sent broadcast CAM message to all vehicles (at simulation time 355.900,000,000 s)
2024-06-04 00:13:11,727 INFO  - Received CAM message from veh_102 (at simulation time 355.900,400,000 s)
2024-06-04 00:13:11,727 INFO  - Received CAM message from veh_132 (at simulation time 355.900,900,000 s)
2024-06-04 00:13:11,727 INFO  - Received CAM message from veh_129 (at simulation time 355.900,900,000 s)
2024-06-04 00:13:11,727 INFO  - Received CAM message from veh_123 (at simulation time 355.901,400,000 s)
2024-06-04 00:13:11,727 INFO  - Received CAM message from veh_108 (at simulation time 355.901,900,000 s)
2024-06-04 00:13:11,727 INFO  - Received CAM message from veh_141 (at simulation time 355.902,400,000 s)
2024-06-04 00:13:11,730 INFO  - Atempting to process queue (at simulation time 356.000,000,000 s)
2024-06-04 00:13:11,730 INFO  - Vehicle is outside the detection area. (at simulation time 356.000,000,000 s)
2024-06-04 00:13:11,730 INFO  - Sent broadcast CAM message to all vehicles (at simulation time 356.000,000,000 s)
2024-06-04 00:13:11,732 INFO  - Received CAM message from veh_123 (at simulation time 356.000,400,000 s)
2024-06-04 00:13:11,732 INFO  - Received CAM message from veh_102 (at simulation time 356.000,900,000 s)
2024-06-04 00:13:11,733 INFO  - Received CAM message from veh_132 (at simulation time 356.001,400,000 s)
2024-06-04 00:13:11,733 INFO  - Received CAM message from veh_141 (at simulation time 356.002,400,000 s)
2024-06-04 00:13:11,733 INFO  - Received CAM message from veh_129 (at simulation time 356.002,400,000 s)
2024-06-04 00:13:11,733 INFO  - Atempting to process queue (at simulation time 356.100,000,000 s)
2024-06-04 00:13:11,733 INFO  - Vehicle is outside the detection area. (at simulation time 356.100,000,000 s)
2024-06-04 00:13:11,733 INFO  - Sent broadcast CAM message to all vehicles (at simulation time 356.100,000,000 s)
2024-06-04 00:13:11,734 INFO  - Received CAM message from veh_123 (at simulation time 356.100,400,000 s)
2024-06-04 00:13:11,734 INFO  - Received CAM message from veh_141 (at simulation time 356.100,900,000 s)
2024-06-04 00:13:11,734 INFO  - Received CAM message from veh_132 (at simulation time 356.100,900,000 s)
2024-06-04 00:13:11,735 INFO  - Received CAM message from veh_129 (at simulation time 356.102,400,000 s)
2024-06-04 00:13:11,735 INFO  - Received CAM message from veh_102 (at simulation time 356.102,400,000 s)
2024-06-04 00:13:11,735 INFO  - Atempting to process queue (at simulation time 356.200,000,000 s)
2024-06-04 00:13:11,735 INFO  - Vehicle is outside the detection area. (at simulation time 356.200,000,000 s)
2024-06-04 00:13:11,735 INFO  - Sent broadcast CAM message to all vehicles (at simulation time 356.200,000,000 s)
2024-06-04 00:13:11,736 INFO  - Received CAM message from veh_102 (at simulation time 356.200,400,000 s)
2024-06-04 00:13:11,736 INFO  - Received CAM message from veh_141 (at simulation time 356.201,400,000 s)
2024-06-04 00:13:11,736 INFO  - Received CAM message from veh_123 (at simulation time 356.201,400,000 s)
2024-06-04 00:13:11,736 INFO  - Received CAM message from veh_132 (at simulation time 356.202,400,000 s)
2024-06-04 00:13:11,736 INFO  - Received CAM message from veh_129 (at simulation time 356.202,400,000 s)
2024-06-04 00:13:11,736 INFO  - Atempting to process queue (at simulation time 356.300,000,000 s)
2024-06-04 00:13:11,736 INFO  - Vehicle is outside the detection area. (at simulation time 356.300,000,000 s)
2024-06-04 00:13:11,736 INFO  - Sent broadcast CAM message to all vehicles (at simulation time 356.300,000,000 s)
2024-06-04 00:13:11,737 INFO  - Received CAM message from veh_129 (at simulation time 356.300,400,000 s)
2024-06-04 00:13:11,737 INFO  - Received CAM message from veh_132 (at simulation time 356.300,900,000 s)
2024-06-04 00:13:11,737 INFO  - Received CAM message from veh_123 (at simulation time 356.300,900,000 s)
2024-06-04 00:13:11,737 INFO  - Received CAM message from veh_102 (at simulation time 356.300,900,000 s)
2024-06-04 00:13:11,738 INFO  - Received CAM message from veh_141 (at simulation time 356.302,400,000 s)
2024-06-04 00:13:11,738 INFO  - Atempting to process queue (at simulation time 356.400,000,000 s)
2024-06-04 00:13:11,738 INFO  - Vehicle is outside the detection area. (at simulation time 356.400,000,000 s)
2024-06-04 00:13:11,738 INFO  - Sent broadcast CAM message to all vehicles (at simulation time 356.400,000,000 s)
2024-06-04 00:13:11,738 INFO  - Received CAM message from veh_132 (at simulation time 356.400,400,000 s)
2024-06-04 00:13:11,739 INFO  - Received CAM message from veh_102 (at simulation time 356.400,900,000 s)
2024-06-04 00:13:11,739 INFO  - Received CAM message from veh_123 (at simulation time 356.401,400,000 s)
2024-06-04 00:13:11,740 INFO  - Received CAM message from veh_141 (at simulation time 356.402,400,000 s)
2024-06-04 00:13:11,740 INFO  - Received CAM message from veh_129 (at simulation time 356.402,400,000 s)
2024-06-04 00:13:11,740 INFO  - Atempting to process queue (at simulation time 356.500,000,000 s)
2024-06-04 00:13:11,740 INFO  - Vehicle is outside the detection area. (at simulation time 356.500,000,000 s)
2024-06-04 00:13:11,740 INFO  - Sent broadcast CAM message to all vehicles (at simulation time 356.500,000,000 s)
2024-06-04 00:13:11,740 INFO  - Received CAM message from veh_129 (at simulation time 356.500,400,000 s)
2024-06-04 00:13:11,741 INFO  - Received CAM message from veh_141 (at simulation time 356.501,400,000 s)
2024-06-04 00:13:11,741 INFO  - Received CAM message from veh_123 (at simulation time 356.501,900,000 s)
2024-06-04 00:13:11,741 INFO  - Received CAM message from veh_132 (at simulation time 356.502,400,000 s)
2024-06-04 00:13:11,741 INFO  - Received CAM message from veh_102 (at simulation time 356.502,400,000 s)
2024-06-04 00:13:11,741 INFO  - Atempting to process queue (at simulation time 356.600,000,000 s)
2024-06-04 00:13:11,741 INFO  - Vehicle is outside the detection area. (at simulation time 356.600,000,000 s)
2024-06-04 00:13:11,741 INFO  - Sent broadcast CAM message to all vehicles (at simulation time 356.600,000,000 s)
2024-06-04 00:13:11,742 INFO  - Received CAM message from veh_102 (at simulation time 356.600,400,000 s)
2024-06-04 00:13:11,742 INFO  - Received CAM message from veh_141 (at simulation time 356.601,400,000 s)
2024-06-04 00:13:11,742 INFO  - Received CAM message from veh_129 (at simulation time 356.601,400,000 s)
2024-06-04 00:13:11,742 INFO  - Received CAM message from veh_123 (at simulation time 356.601,400,000 s)
2024-06-04 00:13:11,743 INFO  - Received CAM message from veh_132 (at simulation time 356.602,400,000 s)
2024-06-04 00:13:11,743 INFO  - Atempting to process queue (at simulation time 356.700,000,000 s)
2024-06-04 00:13:11,743 INFO  - Vehicle is outside the detection area. (at simulation time 356.700,000,000 s)
2024-06-04 00:13:11,743 INFO  - Sent broadcast CAM message to all vehicles (at simulation time 356.700,000,000 s)
2024-06-04 00:13:11,743 INFO  - Received CAM message from veh_132 (at simulation time 356.700,900,000 s)
2024-06-04 00:13:11,743 INFO  - Received CAM message from veh_129 (at simulation time 356.700,900,000 s)
2024-06-04 00:13:11,744 INFO  - Received CAM message from veh_102 (at simulation time 356.701,900,000 s)
2024-06-04 00:13:11,744 INFO  - Received CAM message from veh_141 (at simulation time 356.702,400,000 s)
2024-06-04 00:13:11,744 INFO  - Received CAM message from veh_123 (at simulation time 356.702,400,000 s)
2024-06-04 00:13:11,744 INFO  - Atempting to process queue (at simulation time 356.800,000,000 s)
2024-06-04 00:13:11,744 INFO  - Vehicle is outside the detection area. (at simulation time 356.800,000,000 s)
2024-06-04 00:13:11,744 INFO  - Sent broadcast CAM message to all vehicles (at simulation time 356.800,000,000 s)
2024-06-04 00:13:11,745 INFO  - Received CAM message from veh_141 (at simulation time 356.801,400,000 s)
2024-06-04 00:13:11,745 INFO  - Received CAM message from veh_132 (at simulation time 356.801,400,000 s)
2024-06-04 00:13:11,745 INFO  - Received CAM message from veh_123 (at simulation time 356.801,400,000 s)
2024-06-04 00:13:11,745 INFO  - Received CAM message from veh_102 (at simulation time 356.801,400,000 s)
2024-06-04 00:13:11,745 INFO  - Received CAM message from veh_129 (at simulation time 356.802,400,000 s)
2024-06-04 00:13:11,745 INFO  - Atempting to process queue (at simulation time 356.900,000,000 s)
2024-06-04 00:13:11,745 INFO  - Vehicle is outside the detection area. (at simulation time 356.900,000,000 s)
2024-06-04 00:13:11,745 INFO  - Sent broadcast CAM message to all vehicles (at simulation time 356.900,000,000 s)
2024-06-04 00:13:11,746 INFO  - Received CAM message from veh_132 (at simulation time 356.900,900,000 s)
2024-06-04 00:13:11,746 INFO  - Received CAM message from veh_102 (at simulation time 356.900,900,000 s)
2024-06-04 00:13:11,746 INFO  - Received CAM message from veh_123 (at simulation time 356.901,400,000 s)
2024-06-04 00:13:11,746 INFO  - Received CAM message from veh_141 (at simulation time 356.902,400,000 s)
2024-06-04 00:13:11,746 INFO  - Received CAM message from veh_129 (at simulation time 356.902,400,000 s)
2024-06-04 00:13:11,751 INFO  - Atempting to process queue (at simulation time 357.000,000,000 s)
2024-06-04 00:13:11,751 INFO  - Vehicle is outside the detection area. (at simulation time 357.000,000,000 s)
2024-06-04 00:13:11,751 INFO  - Sent broadcast CAM message to all vehicles (at simulation time 357.000,000,000 s)
2024-06-04 00:13:11,753 INFO  - Received CAM message from veh_129 (at simulation time 357.000,900,000 s)
2024-06-04 00:13:11,753 INFO  - Received CAM message from veh_123 (at simulation time 357.001,400,000 s)
2024-06-04 00:13:11,754 INFO  - Received CAM message from veh_141 (at simulation time 357.002,400,000 s)
2024-06-04 00:13:11,754 INFO  - Atempting to process queue (at simulation time 357.100,000,000 s)
2024-06-04 00:13:11,754 INFO  - Vehicle is outside the detection area. (at simulation time 357.100,000,000 s)
2024-06-04 00:13:11,754 INFO  - Sent broadcast CAM message to all vehicles (at simulation time 357.100,000,000 s)
2024-06-04 00:13:11,755 INFO  - Received CAM message from veh_141 (at simulation time 357.102,400,000 s)
2024-06-04 00:13:11,755 INFO  - Received CAM message from veh_129 (at simulation time 357.102,400,000 s)
2024-06-04 00:13:11,756 INFO  - Received CAM message from veh_123 (at simulation time 357.102,400,000 s)
2024-06-04 00:13:11,756 INFO  - Atempting to process queue (at simulation time 357.200,000,000 s)
2024-06-04 00:13:11,756 INFO  - Vehicle is outside the detection area. (at simulation time 357.200,000,000 s)
2024-06-04 00:13:11,756 INFO  - Sent broadcast CAM message to all vehicles (at simulation time 357.200,000,000 s)
2024-06-04 00:13:11,757 INFO  - Received CAM message from veh_123 (at simulation time 357.200,400,000 s)
2024-06-04 00:13:11,757 INFO  - Received CAM message from veh_141 (at simulation time 357.201,400,000 s)
2024-06-04 00:13:11,757 INFO  - Received CAM message from veh_129 (at simulation time 357.201,900,000 s)
2024-06-04 00:13:11,758 INFO  - Atempting to process queue (at simulation time 357.300,000,000 s)
2024-06-04 00:13:11,758 INFO  - Vehicle is outside the detection area. (at simulation time 357.300,000,000 s)
2024-06-04 00:13:11,758 INFO  - Sent broadcast CAM message to all vehicles (at simulation time 357.300,000,000 s)
2024-06-04 00:13:11,758 INFO  - Received CAM message from veh_123 (at simulation time 357.300,400,000 s)
2024-06-04 00:13:11,759 INFO  - Received CAM message from veh_141 (at simulation time 357.300,900,000 s)
2024-06-04 00:13:11,759 INFO  - Received CAM message from veh_129 (at simulation time 357.300,900,000 s)
2024-06-04 00:13:11,759 INFO  - Atempting to process queue (at simulation time 357.400,000,000 s)
2024-06-04 00:13:11,759 INFO  - Vehicle is outside the detection area. (at simulation time 357.400,000,000 s)
2024-06-04 00:13:11,759 INFO  - Sent broadcast CAM message to all vehicles (at simulation time 357.400,000,000 s)
2024-06-04 00:13:11,760 INFO  - Received CAM message from veh_123 (at simulation time 357.401,900,000 s)
2024-06-04 00:13:11,760 INFO  - Received CAM message from veh_141 (at simulation time 357.402,400,000 s)
2024-06-04 00:13:11,760 INFO  - Received CAM message from veh_129 (at simulation time 357.402,400,000 s)
2024-06-04 00:13:11,760 INFO  - Atempting to process queue (at simulation time 357.500,000,000 s)
2024-06-04 00:13:11,760 INFO  - Vehicle is outside the detection area. (at simulation time 357.500,000,000 s)
2024-06-04 00:13:11,760 INFO  - Sent broadcast CAM message to all vehicles (at simulation time 357.500,000,000 s)
2024-06-04 00:13:11,761 INFO  - Received CAM message from veh_129 (at simulation time 357.500,400,000 s)
2024-06-04 00:13:11,761 INFO  - Received CAM message from veh_123 (at simulation time 357.501,900,000 s)
2024-06-04 00:13:11,762 INFO  - Received CAM message from veh_141 (at simulation time 357.502,400,000 s)
2024-06-04 00:13:11,762 INFO  - Atempting to process queue (at simulation time 357.600,000,000 s)
2024-06-04 00:13:11,762 INFO  - Vehicle is outside the detection area. (at simulation time 357.600,000,000 s)
2024-06-04 00:13:11,762 INFO  - Sent broadcast CAM message to all vehicles (at simulation time 357.600,000,000 s)
2024-06-04 00:13:11,762 INFO  - Received CAM message from veh_141 (at simulation time 357.600,400,000 s)
2024-06-04 00:13:11,763 INFO  - Received CAM message from veh_129 (at simulation time 357.601,900,000 s)
2024-06-04 00:13:11,764 INFO  - Received CAM message from veh_123 (at simulation time 357.602,400,000 s)
2024-06-04 00:13:11,764 INFO  - Atempting to process queue (at simulation time 357.700,000,000 s)
2024-06-04 00:13:11,764 INFO  - Vehicle is outside the detection area. (at simulation time 357.700,000,000 s)
2024-06-04 00:13:11,764 INFO  - Sent broadcast CAM message to all vehicles (at simulation time 357.700,000,000 s)
2024-06-04 00:13:11,765 INFO  - Received CAM message from veh_141 (at simulation time 357.700,400,000 s)
2024-06-04 00:13:11,765 INFO  - Received CAM message from veh_129 (at simulation time 357.701,900,000 s)
2024-06-04 00:13:11,766 INFO  - Received CAM message from veh_123 (at simulation time 357.702,400,000 s)
2024-06-04 00:13:11,766 INFO  - Atempting to process queue (at simulation time 357.800,000,000 s)
2024-06-04 00:13:11,766 INFO  - Vehicle is outside the detection area. (at simulation time 357.800,000,000 s)
2024-06-04 00:13:11,766 INFO  - Sent broadcast CAM message to all vehicles (at simulation time 357.800,000,000 s)
2024-06-04 00:13:11,767 INFO  - Received CAM message from veh_129 (at simulation time 357.800,900,000 s)
2024-06-04 00:13:11,767 INFO  - Received CAM message from veh_123 (at simulation time 357.801,400,000 s)
2024-06-04 00:13:11,767 INFO  - Received CAM message from veh_141 (at simulation time 357.801,900,000 s)
2024-06-04 00:13:11,768 INFO  - Atempting to process queue (at simulation time 357.900,000,000 s)
2024-06-04 00:13:11,768 INFO  - Vehicle is outside the detection area. (at simulation time 357.900,000,000 s)
2024-06-04 00:13:11,768 INFO  - Sent broadcast CAM message to all vehicles (at simulation time 357.900,000,000 s)
2024-06-04 00:13:11,768 INFO  - Received CAM message from veh_123 (at simulation time 357.900,400,000 s)
2024-06-04 00:13:11,769 INFO  - Received CAM message from veh_141 (at simulation time 357.900,900,000 s)
2024-06-04 00:13:11,769 INFO  - Received CAM message from veh_129 (at simulation time 357.902,400,000 s)
2024-06-04 00:13:11,772 INFO  - Atempting to process queue (at simulation time 358.000,000,000 s)
2024-06-04 00:13:11,772 INFO  - Vehicle is outside the detection area. (at simulation time 358.000,000,000 s)
2024-06-04 00:13:11,772 INFO  - Sent broadcast CAM message to all vehicles (at simulation time 358.000,000,000 s)
2024-06-04 00:13:11,774 INFO  - Received CAM message from veh_123 (at simulation time 358.000,900,000 s)
2024-06-04 00:13:11,774 INFO  - Atempting to process queue (at simulation time 358.100,000,000 s)
2024-06-04 00:13:11,774 INFO  - Vehicle is outside the detection area. (at simulation time 358.100,000,000 s)
2024-06-04 00:13:11,774 INFO  - Sent broadcast CAM message to all vehicles (at simulation time 358.100,000,000 s)
2024-06-04 00:13:11,775 INFO  - Received CAM message from veh_123 (at simulation time 358.102,400,000 s)
2024-06-04 00:13:11,775 INFO  - Atempting to process queue (at simulation time 358.200,000,000 s)
2024-06-04 00:13:11,775 INFO  - Vehicle is outside the detection area. (at simulation time 358.200,000,000 s)
2024-06-04 00:13:11,775 INFO  - Sent broadcast CAM message to all vehicles (at simulation time 358.200,000,000 s)
2024-06-04 00:13:11,776 INFO  - Received CAM message from veh_123 (at simulation time 358.200,900,000 s)
2024-06-04 00:13:11,777 INFO  - Atempting to process queue (at simulation time 358.300,000,000 s)
2024-06-04 00:13:11,777 INFO  - Vehicle is outside the detection area. (at simulation time 358.300,000,000 s)
2024-06-04 00:13:11,777 INFO  - Sent broadcast CAM message to all vehicles (at simulation time 358.300,000,000 s)
2024-06-04 00:13:11,778 INFO  - Received CAM message from veh_123 (at simulation time 358.301,400,000 s)
2024-06-04 00:13:11,778 INFO  - Atempting to process queue (at simulation time 358.400,000,000 s)
2024-06-04 00:13:11,778 INFO  - Vehicle is outside the detection area. (at simulation time 358.400,000,000 s)
2024-06-04 00:13:11,778 INFO  - Sent broadcast CAM message to all vehicles (at simulation time 358.400,000,000 s)
2024-06-04 00:13:11,779 INFO  - Received CAM message from veh_123 (at simulation time 358.402,400,000 s)
2024-06-04 00:13:11,780 INFO  - Atempting to process queue (at simulation time 358.500,000,000 s)
2024-06-04 00:13:11,780 INFO  - Vehicle is outside the detection area. (at simulation time 358.500,000,000 s)
2024-06-04 00:13:11,780 INFO  - Sent broadcast CAM message to all vehicles (at simulation time 358.500,000,000 s)
2024-06-04 00:13:11,780 INFO  - Received CAM message from veh_123 (at simulation time 358.500,400,000 s)
2024-06-04 00:13:11,781 INFO  - Atempting to process queue (at simulation time 358.600,000,000 s)
2024-06-04 00:13:11,781 INFO  - Vehicle is outside the detection area. (at simulation time 358.600,000,000 s)
2024-06-04 00:13:11,781 INFO  - Sent broadcast CAM message to all vehicles (at simulation time 358.600,000,000 s)
2024-06-04 00:13:11,782 INFO  - Received CAM message from veh_123 (at simulation time 358.601,900,000 s)
2024-06-04 00:13:11,782 INFO  - Atempting to process queue (at simulation time 358.700,000,000 s)
2024-06-04 00:13:11,782 INFO  - Vehicle is outside the detection area. (at simulation time 358.700,000,000 s)
2024-06-04 00:13:11,782 INFO  - Sent broadcast CAM message to all vehicles (at simulation time 358.700,000,000 s)
2024-06-04 00:13:11,783 INFO  - Received CAM message from veh_123 (at simulation time 358.700,900,000 s)
2024-06-04 00:13:11,784 INFO  - Atempting to process queue (at simulation time 358.800,000,000 s)
2024-06-04 00:13:11,784 INFO  - Vehicle is outside the detection area. (at simulation time 358.800,000,000 s)
2024-06-04 00:13:11,784 INFO  - Sent broadcast CAM message to all vehicles (at simulation time 358.800,000,000 s)
2024-06-04 00:13:11,785 INFO  - Received CAM message from veh_123 (at simulation time 358.800,900,000 s)
2024-06-04 00:13:11,786 INFO  - Atempting to process queue (at simulation time 358.900,000,000 s)
2024-06-04 00:13:11,786 INFO  - Vehicle is outside the detection area. (at simulation time 358.900,000,000 s)
2024-06-04 00:13:11,786 INFO  - Sent broadcast CAM message to all vehicles (at simulation time 358.900,000,000 s)
2024-06-04 00:13:11,787 INFO  - Received CAM message from veh_123 (at simulation time 358.902,400,000 s)
2024-06-04 00:13:11,790 INFO  - Atempting to process queue (at simulation time 359.000,000,000 s)
2024-06-04 00:13:11,790 INFO  - Vehicle is outside the detection area. (at simulation time 359.000,000,000 s)
2024-06-04 00:13:11,790 INFO  - Sent broadcast CAM message to all vehicles (at simulation time 359.000,000,000 s)
2024-06-04 00:13:11,791 INFO  - Received CAM message from veh_123 (at simulation time 359.000,400,000 s)
2024-06-04 00:13:11,792 INFO  - Atempting to process queue (at simulation time 359.100,000,000 s)
2024-06-04 00:13:11,792 INFO  - Vehicle is outside the detection area. (at simulation time 359.100,000,000 s)
2024-06-04 00:13:11,792 INFO  - Sent broadcast CAM message to all vehicles (at simulation time 359.100,000,000 s)
2024-06-04 00:13:11,792 INFO  - Received CAM message from veh_123 (at simulation time 359.100,900,000 s)
2024-06-04 00:13:11,793 INFO  - Atempting to process queue (at simulation time 359.200,000,000 s)
2024-06-04 00:13:11,793 INFO  - Vehicle is outside the detection area. (at simulation time 359.200,000,000 s)
2024-06-04 00:13:11,793 INFO  - Sent broadcast CAM message to all vehicles (at simulation time 359.200,000,000 s)
2024-06-04 00:13:11,794 INFO  - Received CAM message from veh_123 (at simulation time 359.201,400,000 s)
2024-06-04 00:13:11,794 INFO  - Atempting to process queue (at simulation time 359.300,000,000 s)
2024-06-04 00:13:11,794 INFO  - Vehicle is outside the detection area. (at simulation time 359.300,000,000 s)
2024-06-04 00:13:11,794 INFO  - Sent broadcast CAM message to all vehicles (at simulation time 359.300,000,000 s)
2024-06-04 00:13:11,795 INFO  - Received CAM message from veh_123 (at simulation time 359.301,900,000 s)
2024-06-04 00:13:11,795 INFO  - Atempting to process queue (at simulation time 359.400,000,000 s)
2024-06-04 00:13:11,795 INFO  - Vehicle is outside the detection area. (at simulation time 359.400,000,000 s)
2024-06-04 00:13:11,795 INFO  - Sent broadcast CAM message to all vehicles (at simulation time 359.400,000,000 s)
2024-06-04 00:13:11,797 INFO  - Received CAM message from veh_123 (at simulation time 359.402,400,000 s)
2024-06-04 00:13:11,797 INFO  - Atempting to process queue (at simulation time 359.500,000,000 s)
2024-06-04 00:13:11,797 INFO  - Vehicle is outside the detection area. (at simulation time 359.500,000,000 s)
2024-06-04 00:13:11,797 INFO  - Sent broadcast CAM message to all vehicles (at simulation time 359.500,000,000 s)
2024-06-04 00:13:11,798 INFO  - Received CAM message from veh_123 (at simulation time 359.502,400,000 s)
2024-06-04 00:13:11,798 INFO  - Atempting to process queue (at simulation time 359.600,000,000 s)
2024-06-04 00:13:11,798 INFO  - Vehicle is outside the detection area. (at simulation time 359.600,000,000 s)
2024-06-04 00:13:11,798 INFO  - Sent broadcast CAM message to all vehicles (at simulation time 359.600,000,000 s)
2024-06-04 00:13:11,799 INFO  - Received CAM message from veh_123 (at simulation time 359.600,900,000 s)
2024-06-04 00:13:11,799 INFO  - Atempting to process queue (at simulation time 359.700,000,000 s)
2024-06-04 00:13:11,799 INFO  - Vehicle is outside the detection area. (at simulation time 359.700,000,000 s)
2024-06-04 00:13:11,799 INFO  - Sent broadcast CAM message to all vehicles (at simulation time 359.700,000,000 s)
2024-06-04 00:13:11,801 INFO  - Received CAM message from veh_123 (at simulation time 359.701,400,000 s)
2024-06-04 00:13:11,801 INFO  - Atempting to process queue (at simulation time 359.800,000,000 s)
2024-06-04 00:13:11,801 INFO  - Vehicle is outside the detection area. (at simulation time 359.800,000,000 s)
2024-06-04 00:13:11,801 INFO  - Sent broadcast CAM message to all vehicles (at simulation time 359.800,000,000 s)
2024-06-04 00:13:11,802 INFO  - Received CAM message from veh_123 (at simulation time 359.800,400,000 s)
2024-06-04 00:13:11,802 INFO  - Atempting to process queue (at simulation time 359.900,000,000 s)
2024-06-04 00:13:11,802 INFO  - Vehicle is outside the detection area. (at simulation time 359.900,000,000 s)
2024-06-04 00:13:11,802 INFO  - Sent broadcast CAM message to all vehicles (at simulation time 359.900,000,000 s)
2024-06-04 00:13:11,804 INFO  - Received CAM message from veh_123 (at simulation time 359.902,400,000 s)
2024-06-04 00:13:11,807 INFO  - Atempting to process queue (at simulation time 360.000,000,000 s)
2024-06-04 00:13:11,807 INFO  - Vehicle is outside the detection area. (at simulation time 360.000,000,000 s)
2024-06-04 00:13:11,807 INFO  - Sent broadcast CAM message to all vehicles (at simulation time 360.000,000,000 s)
2024-06-04 00:13:11,809 INFO  - Received CAM message from veh_123 (at simulation time 360.001,400,000 s)
2024-06-04 00:13:11,809 INFO  - Atempting to process queue (at simulation time 360.100,000,000 s)
2024-06-04 00:13:11,809 INFO  - Vehicle is outside the detection area. (at simulation time 360.100,000,000 s)
2024-06-04 00:13:11,809 INFO  - Sent broadcast CAM message to all vehicles (at simulation time 360.100,000,000 s)
2024-06-04 00:13:11,810 INFO  - Received CAM message from veh_123 (at simulation time 360.102,400,000 s)
2024-06-04 00:13:11,810 INFO  - Atempting to process queue (at simulation time 360.200,000,000 s)
2024-06-04 00:13:11,810 INFO  - Vehicle is outside the detection area. (at simulation time 360.200,000,000 s)
2024-06-04 00:13:11,810 INFO  - Sent broadcast CAM message to all vehicles (at simulation time 360.200,000,000 s)
2024-06-04 00:13:11,811 INFO  - Received CAM message from veh_123 (at simulation time 360.202,400,000 s)
2024-06-04 00:13:11,811 INFO  - Atempting to process queue (at simulation time 360.300,000,000 s)
2024-06-04 00:13:11,811 INFO  - Vehicle is outside the detection area. (at simulation time 360.300,000,000 s)
2024-06-04 00:13:11,811 INFO  - Sent broadcast CAM message to all vehicles (at simulation time 360.300,000,000 s)
2024-06-04 00:13:11,812 INFO  - Received CAM message from veh_123 (at simulation time 360.301,400,000 s)
2024-06-04 00:13:11,813 INFO  - Atempting to process queue (at simulation time 360.400,000,000 s)
2024-06-04 00:13:11,813 INFO  - Vehicle is outside the detection area. (at simulation time 360.400,000,000 s)
2024-06-04 00:13:11,813 INFO  - Sent broadcast CAM message to all vehicles (at simulation time 360.400,000,000 s)
2024-06-04 00:13:11,813 INFO  - Received CAM message from veh_123 (at simulation time 360.401,400,000 s)
2024-06-04 00:13:11,814 INFO  - Atempting to process queue (at simulation time 360.500,000,000 s)
2024-06-04 00:13:11,814 INFO  - Vehicle is outside the detection area. (at simulation time 360.500,000,000 s)
2024-06-04 00:13:11,814 INFO  - Sent broadcast CAM message to all vehicles (at simulation time 360.500,000,000 s)
2024-06-04 00:13:11,815 INFO  - Received CAM message from veh_123 (at simulation time 360.502,400,000 s)
2024-06-04 00:13:11,815 INFO  - Atempting to process queue (at simulation time 360.600,000,000 s)
2024-06-04 00:13:11,815 INFO  - Vehicle is outside the detection area. (at simulation time 360.600,000,000 s)
2024-06-04 00:13:11,815 INFO  - Sent broadcast CAM message to all vehicles (at simulation time 360.600,000,000 s)
2024-06-04 00:13:11,816 INFO  - Received CAM message from veh_123 (at simulation time 360.600,900,000 s)
2024-06-04 00:13:11,816 INFO  - Atempting to process queue (at simulation time 360.700,000,000 s)
2024-06-04 00:13:11,816 INFO  - Vehicle is outside the detection area. (at simulation time 360.700,000,000 s)
2024-06-04 00:13:11,816 INFO  - Sent broadcast CAM message to all vehicles (at simulation time 360.700,000,000 s)
2024-06-04 00:13:11,817 INFO  - Received CAM message from veh_123 (at simulation time 360.701,400,000 s)
2024-06-04 00:13:11,818 INFO  - Atempting to process queue (at simulation time 360.800,000,000 s)
2024-06-04 00:13:11,818 INFO  - Vehicle is outside the detection area. (at simulation time 360.800,000,000 s)
2024-06-04 00:13:11,818 INFO  - Sent broadcast CAM message to all vehicles (at simulation time 360.800,000,000 s)
2024-06-04 00:13:11,819 INFO  - Received CAM message from veh_123 (at simulation time 360.801,400,000 s)
2024-06-04 00:13:11,819 INFO  - Atempting to process queue (at simulation time 360.900,000,000 s)
2024-06-04 00:13:11,819 INFO  - Vehicle is outside the detection area. (at simulation time 360.900,000,000 s)
2024-06-04 00:13:11,819 INFO  - Sent broadcast CAM message to all vehicles (at simulation time 360.900,000,000 s)
2024-06-04 00:13:11,820 INFO  - Received CAM message from veh_123 (at simulation time 360.901,400,000 s)
2024-06-04 00:13:11,827 INFO  - Atempting to process queue (at simulation time 361.000,000,000 s)
2024-06-04 00:13:11,827 INFO  - Vehicle is outside the detection area. (at simulation time 361.000,000,000 s)
2024-06-04 00:13:11,827 INFO  - Sent broadcast CAM message to all vehicles (at simulation time 361.000,000,000 s)
2024-06-04 00:13:11,829 INFO  - Received CAM message from veh_123 (at simulation time 361.002,400,000 s)
2024-06-04 00:13:11,829 INFO  - Atempting to process queue (at simulation time 361.100,000,000 s)
2024-06-04 00:13:11,829 INFO  - Vehicle is outside the detection area. (at simulation time 361.100,000,000 s)
2024-06-04 00:13:11,829 INFO  - Sent broadcast CAM message to all vehicles (at simulation time 361.100,000,000 s)
2024-06-04 00:13:11,830 INFO  - Received CAM message from veh_123 (at simulation time 361.102,400,000 s)
2024-06-04 00:13:11,830 INFO  - Atempting to process queue (at simulation time 361.200,000,000 s)
2024-06-04 00:13:11,830 INFO  - Vehicle is outside the detection area. (at simulation time 361.200,000,000 s)
2024-06-04 00:13:11,830 INFO  - Sent broadcast CAM message to all vehicles (at simulation time 361.200,000,000 s)
2024-06-04 00:13:11,831 INFO  - Received CAM message from veh_123 (at simulation time 361.201,900,000 s)
2024-06-04 00:13:11,832 INFO  - Atempting to process queue (at simulation time 361.300,000,000 s)
2024-06-04 00:13:11,832 INFO  - Vehicle is outside the detection area. (at simulation time 361.300,000,000 s)
2024-06-04 00:13:11,832 INFO  - Sent broadcast CAM message to all vehicles (at simulation time 361.300,000,000 s)
2024-06-04 00:13:11,832 INFO  - Received CAM message from veh_123 (at simulation time 361.300,900,000 s)
2024-06-04 00:13:11,833 INFO  - Atempting to process queue (at simulation time 361.400,000,000 s)
2024-06-04 00:13:11,833 INFO  - Vehicle is outside the detection area. (at simulation time 361.400,000,000 s)
2024-06-04 00:13:11,833 INFO  - Sent broadcast CAM message to all vehicles (at simulation time 361.400,000,000 s)
2024-06-04 00:13:11,834 INFO  - Received CAM message from veh_123 (at simulation time 361.400,400,000 s)
2024-06-04 00:13:11,835 INFO  - Atempting to process queue (at simulation time 361.500,000,000 s)
2024-06-04 00:13:11,835 INFO  - Vehicle is outside the detection area. (at simulation time 361.500,000,000 s)
2024-06-04 00:13:11,835 INFO  - Sent broadcast CAM message to all vehicles (at simulation time 361.500,000,000 s)
2024-06-04 00:13:11,836 INFO  - Received CAM message from veh_123 (at simulation time 361.500,400,000 s)
2024-06-04 00:13:11,837 INFO  - Atempting to process queue (at simulation time 361.600,000,000 s)
2024-06-04 00:13:11,837 INFO  - Vehicle is outside the detection area. (at simulation time 361.600,000,000 s)
2024-06-04 00:13:11,837 INFO  - Sent broadcast CAM message to all vehicles (at simulation time 361.600,000,000 s)
2024-06-04 00:13:11,838 INFO  - Received CAM message from veh_123 (at simulation time 361.600,900,000 s)
2024-06-04 00:13:11,838 INFO  - Atempting to process queue (at simulation time 361.700,000,000 s)
2024-06-04 00:13:11,838 INFO  - Vehicle is outside the detection area. (at simulation time 361.700,000,000 s)
2024-06-04 00:13:11,838 INFO  - Sent broadcast CAM message to all vehicles (at simulation time 361.700,000,000 s)
2024-06-04 00:13:11,840 INFO  - Received CAM message from veh_123 (at simulation time 361.701,900,000 s)
2024-06-04 00:13:11,840 INFO  - Atempting to process queue (at simulation time 361.800,000,000 s)
2024-06-04 00:13:11,840 INFO  - Vehicle is outside the detection area. (at simulation time 361.800,000,000 s)
2024-06-04 00:13:11,840 INFO  - Sent broadcast CAM message to all vehicles (at simulation time 361.800,000,000 s)
2024-06-04 00:13:11,842 INFO  - Received CAM message from veh_123 (at simulation time 361.802,400,000 s)
2024-06-04 00:13:11,842 INFO  - Atempting to process queue (at simulation time 361.900,000,000 s)
2024-06-04 00:13:11,842 INFO  - Vehicle is outside the detection area. (at simulation time 361.900,000,000 s)
2024-06-04 00:13:11,842 INFO  - Sent broadcast CAM message to all vehicles (at simulation time 361.900,000,000 s)
2024-06-04 00:13:11,843 INFO  - Received CAM message from veh_123 (at simulation time 361.901,400,000 s)
2024-06-04 00:13:11,846 INFO  - Atempting to process queue (at simulation time 362.000,000,000 s)
2024-06-04 00:13:11,846 INFO  - Vehicle is outside the detection area. (at simulation time 362.000,000,000 s)
2024-06-04 00:13:11,846 INFO  - Sent broadcast CAM message to all vehicles (at simulation time 362.000,000,000 s)
2024-06-04 00:13:11,849 INFO  - Received CAM message from veh_123 (at simulation time 362.002,400,000 s)
2024-06-04 00:13:11,849 INFO  - Atempting to process queue (at simulation time 362.100,000,000 s)
2024-06-04 00:13:11,849 INFO  - Vehicle is outside the detection area. (at simulation time 362.100,000,000 s)
2024-06-04 00:13:11,849 INFO  - Sent broadcast CAM message to all vehicles (at simulation time 362.100,000,000 s)
2024-06-04 00:13:11,850 INFO  - Received CAM message from veh_123 (at simulation time 362.100,900,000 s)
2024-06-04 00:13:11,850 INFO  - Atempting to process queue (at simulation time 362.200,000,000 s)
2024-06-04 00:13:11,850 INFO  - Vehicle is outside the detection area. (at simulation time 362.200,000,000 s)
2024-06-04 00:13:11,850 INFO  - Sent broadcast CAM message to all vehicles (at simulation time 362.200,000,000 s)
2024-06-04 00:13:11,852 INFO  - Received CAM message from veh_123 (at simulation time 362.201,900,000 s)
2024-06-04 00:13:11,852 INFO  - Atempting to process queue (at simulation time 362.300,000,000 s)
2024-06-04 00:13:11,852 INFO  - Vehicle is outside the detection area. (at simulation time 362.300,000,000 s)
2024-06-04 00:13:11,852 INFO  - Sent broadcast CAM message to all vehicles (at simulation time 362.300,000,000 s)
2024-06-04 00:13:11,853 INFO  - Received CAM message from veh_123 (at simulation time 362.300,900,000 s)
2024-06-04 00:13:11,854 INFO  - Atempting to process queue (at simulation time 362.400,000,000 s)
2024-06-04 00:13:11,854 INFO  - Vehicle is outside the detection area. (at simulation time 362.400,000,000 s)
2024-06-04 00:13:11,854 INFO  - Sent broadcast CAM message to all vehicles (at simulation time 362.400,000,000 s)
2024-06-04 00:13:11,855 INFO  - Received CAM message from veh_123 (at simulation time 362.401,400,000 s)
2024-06-04 00:13:11,856 INFO  - Atempting to process queue (at simulation time 362.500,000,000 s)
2024-06-04 00:13:11,856 INFO  - Vehicle is outside the detection area. (at simulation time 362.500,000,000 s)
2024-06-04 00:13:11,856 INFO  - Sent broadcast CAM message to all vehicles (at simulation time 362.500,000,000 s)
2024-06-04 00:13:11,858 INFO  - Received CAM message from veh_123 (at simulation time 362.502,400,000 s)
2024-06-04 00:13:11,858 INFO  - Atempting to process queue (at simulation time 362.600,000,000 s)
2024-06-04 00:13:11,858 INFO  - Vehicle is outside the detection area. (at simulation time 362.600,000,000 s)
2024-06-04 00:13:11,858 INFO  - Sent broadcast CAM message to all vehicles (at simulation time 362.600,000,000 s)
2024-06-04 00:13:11,859 INFO  - Received CAM message from veh_123 (at simulation time 362.602,400,000 s)
2024-06-04 00:13:11,859 INFO  - Atempting to process queue (at simulation time 362.700,000,000 s)
2024-06-04 00:13:11,859 INFO  - Vehicle is outside the detection area. (at simulation time 362.700,000,000 s)
2024-06-04 00:13:11,859 INFO  - Sent broadcast CAM message to all vehicles (at simulation time 362.700,000,000 s)
2024-06-04 00:13:11,860 INFO  - Received CAM message from veh_123 (at simulation time 362.700,400,000 s)
2024-06-04 00:13:11,861 INFO  - Atempting to process queue (at simulation time 362.800,000,000 s)
2024-06-04 00:13:11,861 INFO  - Vehicle is outside the detection area. (at simulation time 362.800,000,000 s)
2024-06-04 00:13:11,861 INFO  - Sent broadcast CAM message to all vehicles (at simulation time 362.800,000,000 s)
2024-06-04 00:13:11,862 INFO  - Received CAM message from veh_123 (at simulation time 362.801,400,000 s)
2024-06-04 00:13:11,862 INFO  - Atempting to process queue (at simulation time 362.900,000,000 s)
2024-06-04 00:13:11,862 INFO  - Vehicle is outside the detection area. (at simulation time 362.900,000,000 s)
2024-06-04 00:13:11,862 INFO  - Sent broadcast CAM message to all vehicles (at simulation time 362.900,000,000 s)
2024-06-04 00:13:11,864 INFO  - Received CAM message from veh_123 (at simulation time 362.901,900,000 s)
2024-06-04 00:13:11,868 INFO  - Atempting to process queue (at simulation time 363.000,000,000 s)
2024-06-04 00:13:11,868 INFO  - Vehicle is outside the detection area. (at simulation time 363.000,000,000 s)
2024-06-04 00:13:11,868 INFO  - Sent broadcast CAM message to all vehicles (at simulation time 363.000,000,000 s)
2024-06-04 00:13:11,871 INFO  - Atempting to process queue (at simulation time 363.100,000,000 s)
2024-06-04 00:13:11,871 INFO  - Vehicle is outside the detection area. (at simulation time 363.100,000,000 s)
2024-06-04 00:13:11,871 INFO  - Sent broadcast CAM message to all vehicles (at simulation time 363.100,000,000 s)
2024-06-04 00:13:11,872 INFO  - Atempting to process queue (at simulation time 363.200,000,000 s)
2024-06-04 00:13:11,872 INFO  - Vehicle is outside the detection area. (at simulation time 363.200,000,000 s)
2024-06-04 00:13:11,872 INFO  - Sent broadcast CAM message to all vehicles (at simulation time 363.200,000,000 s)
2024-06-04 00:13:11,874 INFO  - Atempting to process queue (at simulation time 363.300,000,000 s)
2024-06-04 00:13:11,874 INFO  - Vehicle is outside the detection area. (at simulation time 363.300,000,000 s)
2024-06-04 00:13:11,874 INFO  - Sent broadcast CAM message to all vehicles (at simulation time 363.300,000,000 s)
2024-06-04 00:13:11,876 INFO  - Atempting to process queue (at simulation time 363.400,000,000 s)
2024-06-04 00:13:11,876 INFO  - Vehicle is outside the detection area. (at simulation time 363.400,000,000 s)
2024-06-04 00:13:11,876 INFO  - Sent broadcast CAM message to all vehicles (at simulation time 363.400,000,000 s)
2024-06-04 00:13:11,877 INFO  - Atempting to process queue (at simulation time 363.500,000,000 s)
2024-06-04 00:13:11,877 INFO  - Vehicle is outside the detection area. (at simulation time 363.500,000,000 s)
2024-06-04 00:13:11,877 INFO  - Sent broadcast CAM message to all vehicles (at simulation time 363.500,000,000 s)
2024-06-04 00:13:11,879 INFO  - Atempting to process queue (at simulation time 363.600,000,000 s)
2024-06-04 00:13:11,879 INFO  - Vehicle is outside the detection area. (at simulation time 363.600,000,000 s)
2024-06-04 00:13:11,879 INFO  - Sent broadcast CAM message to all vehicles (at simulation time 363.600,000,000 s)
2024-06-04 00:13:11,906 INFO  - Atempting to process queue (at simulation time 363.700,000,000 s)
2024-06-04 00:13:11,906 INFO  - Vehicle is outside the detection area. (at simulation time 363.700,000,000 s)
2024-06-04 00:13:11,906 INFO  - Sent broadcast CAM message to all vehicles (at simulation time 363.700,000,000 s)
2024-06-04 00:13:11,908 INFO  - Atempting to process queue (at simulation time 363.800,000,000 s)
2024-06-04 00:13:11,908 INFO  - Vehicle is outside the detection area. (at simulation time 363.800,000,000 s)
2024-06-04 00:13:11,908 INFO  - Sent broadcast CAM message to all vehicles (at simulation time 363.800,000,000 s)
2024-06-04 00:13:11,909 INFO  - Atempting to process queue (at simulation time 363.900,000,000 s)
2024-06-04 00:13:11,909 INFO  - Vehicle is outside the detection area. (at simulation time 363.900,000,000 s)
2024-06-04 00:13:11,909 INFO  - Sent broadcast CAM message to all vehicles (at simulation time 363.900,000,000 s)
2024-06-04 00:13:11,913 INFO  - Shutdown application (at simulation time 364.000,000,000 s)
