2024-06-04 00:13:15,620 INFO  - Initialize application (at simulation time 490.000,000,000 s)
2024-06-04 00:13:15,620 INFO  - Activated WLAN Module (at simulation time 490.000,000,000 s)
2024-06-04 00:13:15,620 INFO  - Vehicle is outside the detection area. (at simulation time 490.000,000,000 s)
2024-06-04 00:13:15,620 INFO  - Sent broadcast CAM message to all vehicles (at simulation time 490.000,000,000 s)
2024-06-04 00:13:15,622 INFO  - Received CAM message from veh_210 (at simulation time 490.000,400,000 s)
2024-06-04 00:13:15,623 INFO  - Received CAM message from veh_213 (at simulation time 490.001,400,000 s)
2024-06-04 00:13:15,623 INFO  - Received CAM message from veh_198 (at simulation time 490.001,400,000 s)
2024-06-04 00:13:15,623 INFO  - Received CAM message from veh_195 (at simulation time 490.001,400,000 s)
2024-06-04 00:13:15,623 INFO  - Received CAM message from veh_207 (at simulation time 490.001,900,000 s)
2024-06-04 00:13:15,623 INFO  - Atempting to process queue (at simulation time 490.100,000,000 s)
2024-06-04 00:13:15,623 INFO  - Vehicle is outside the detection area. (at simulation time 490.100,000,000 s)
2024-06-04 00:13:15,623 INFO  - Sent broadcast CAM message to all vehicles (at simulation time 490.100,000,000 s)
2024-06-04 00:13:15,625 INFO  - Received CAM message from veh_210 (at simulation time 490.100,400,000 s)
2024-06-04 00:13:15,625 INFO  - Received CAM message from veh_207 (at simulation time 490.100,400,000 s)
2024-06-04 00:13:15,626 INFO  - Received CAM message from veh_213 (at simulation time 490.101,400,000 s)
2024-06-04 00:13:15,627 INFO  - Received CAM message from veh_198 (at simulation time 490.101,900,000 s)
2024-06-04 00:13:15,627 INFO  - Received CAM message from veh_195 (at simulation time 490.102,400,000 s)
2024-06-04 00:13:15,627 INFO  - Atempting to process queue (at simulation time 490.200,000,000 s)
2024-06-04 00:13:15,627 INFO  - Vehicle is outside the detection area. (at simulation time 490.200,000,000 s)
2024-06-04 00:13:15,628 INFO  - Sent broadcast CAM message to all vehicles (at simulation time 490.200,000,000 s)
2024-06-04 00:13:15,629 INFO  - Received CAM message from veh_213 (at simulation time 490.200,400,000 s)
2024-06-04 00:13:15,629 INFO  - Received CAM message from veh_207 (at simulation time 490.200,400,000 s)
2024-06-04 00:13:15,630 INFO  - Received CAM message from veh_198 (at simulation time 490.201,400,000 s)
2024-06-04 00:13:15,630 INFO  - Received CAM message from veh_195 (at simulation time 490.201,400,000 s)
2024-06-04 00:13:15,631 INFO  - Received CAM message from veh_210 (at simulation time 490.202,400,000 s)
2024-06-04 00:13:15,631 INFO  - Atempting to process queue (at simulation time 490.300,000,000 s)
2024-06-04 00:13:15,631 INFO  - Vehicle is outside the detection area. (at simulation time 490.300,000,000 s)
2024-06-04 00:13:15,631 INFO  - Sent broadcast CAM message to all vehicles (at simulation time 490.300,000,000 s)
2024-06-04 00:13:15,632 INFO  - Received CAM message from veh_213 (at simulation time 490.300,900,000 s)
2024-06-04 00:13:15,633 INFO  - Received CAM message from veh_207 (at simulation time 490.301,400,000 s)
2024-06-04 00:13:15,633 INFO  - Received CAM message from veh_195 (at simulation time 490.301,900,000 s)
2024-06-04 00:13:15,633 INFO  - Received CAM message from veh_210 (at simulation time 490.302,400,000 s)
2024-06-04 00:13:15,633 INFO  - Received CAM message from veh_198 (at simulation time 490.302,400,000 s)
2024-06-04 00:13:15,633 INFO  - Atempting to process queue (at simulation time 490.400,000,000 s)
2024-06-04 00:13:15,633 INFO  - Vehicle is outside the detection area. (at simulation time 490.400,000,000 s)
2024-06-04 00:13:15,633 INFO  - Sent broadcast CAM message to all vehicles (at simulation time 490.400,000,000 s)
2024-06-04 00:13:15,634 INFO  - Received CAM message from veh_213 (at simulation time 490.400,900,000 s)
2024-06-04 00:13:15,634 INFO  - Received CAM message from veh_207 (at simulation time 490.401,400,000 s)
2024-06-04 00:13:15,634 INFO  - Received CAM message from veh_195 (at simulation time 490.401,400,000 s)
2024-06-04 00:13:15,635 INFO  - Received CAM message from veh_210 (at simulation time 490.401,900,000 s)
2024-06-04 00:13:15,635 INFO  - Received CAM message from veh_198 (at simulation time 490.402,400,000 s)
2024-06-04 00:13:15,635 INFO  - Atempting to process queue (at simulation time 490.500,000,000 s)
2024-06-04 00:13:15,635 INFO  - Vehicle is outside the detection area. (at simulation time 490.500,000,000 s)
2024-06-04 00:13:15,635 INFO  - Sent broadcast CAM message to all vehicles (at simulation time 490.500,000,000 s)
2024-06-04 00:13:15,636 INFO  - Received CAM message from veh_213 (at simulation time 490.500,400,000 s)
2024-06-04 00:13:15,636 INFO  - Received CAM message from veh_210 (at simulation time 490.500,400,000 s)
2024-06-04 00:13:15,636 INFO  - Received CAM message from veh_198 (at simulation time 490.500,400,000 s)
2024-06-04 00:13:15,636 INFO  - Received CAM message from veh_207 (at simulation time 490.501,900,000 s)
2024-06-04 00:13:15,637 INFO  - Received CAM message from veh_195 (at simulation time 490.502,400,000 s)
2024-06-04 00:13:15,637 INFO  - Atempting to process queue (at simulation time 490.600,000,000 s)
2024-06-04 00:13:15,637 INFO  - Vehicle is outside the detection area. (at simulation time 490.600,000,000 s)
2024-06-04 00:13:15,637 INFO  - Sent broadcast CAM message to all vehicles (at simulation time 490.600,000,000 s)
2024-06-04 00:13:15,638 INFO  - Received CAM message from veh_207 (at simulation time 490.600,400,000 s)
2024-06-04 00:13:15,638 INFO  - Received CAM message from veh_198 (at simulation time 490.600,400,000 s)
2024-06-04 00:13:15,638 INFO  - Received CAM message from veh_213 (at simulation time 490.600,900,000 s)
2024-06-04 00:13:15,638 INFO  - Received CAM message from veh_210 (at simulation time 490.601,400,000 s)
2024-06-04 00:13:15,638 INFO  - Received CAM message from veh_195 (at simulation time 490.601,400,000 s)
2024-06-04 00:13:15,639 INFO  - Atempting to process queue (at simulation time 490.700,000,000 s)
2024-06-04 00:13:15,639 INFO  - Vehicle is outside the detection area. (at simulation time 490.700,000,000 s)
2024-06-04 00:13:15,639 INFO  - Sent broadcast CAM message to all vehicles (at simulation time 490.700,000,000 s)
2024-06-04 00:13:15,641 INFO  - Received CAM message from veh_213 (at simulation time 490.700,400,000 s)
2024-06-04 00:13:15,641 INFO  - Received CAM message from veh_210 (at simulation time 490.700,400,000 s)
2024-06-04 00:13:15,641 INFO  - Received CAM message from veh_198 (at simulation time 490.700,400,000 s)
2024-06-04 00:13:15,642 INFO  - Received CAM message from veh_207 (at simulation time 490.701,900,000 s)
2024-06-04 00:13:15,642 INFO  - Received CAM message from veh_195 (at simulation time 490.701,900,000 s)
2024-06-04 00:13:15,643 INFO  - Atempting to process queue (at simulation time 490.800,000,000 s)
2024-06-04 00:13:15,643 INFO  - Vehicle is outside the detection area. (at simulation time 490.800,000,000 s)
2024-06-04 00:13:15,643 INFO  - Sent broadcast CAM message to all vehicles (at simulation time 490.800,000,000 s)
2024-06-04 00:13:15,644 INFO  - Received CAM message from veh_210 (at simulation time 490.800,900,000 s)
2024-06-04 00:13:15,644 INFO  - Received CAM message from veh_195 (at simulation time 490.800,900,000 s)
2024-06-04 00:13:15,645 INFO  - Received CAM message from veh_198 (at simulation time 490.801,400,000 s)
2024-06-04 00:13:15,645 INFO  - Received CAM message from veh_213 (at simulation time 490.801,900,000 s)
2024-06-04 00:13:15,645 INFO  - Received CAM message from veh_207 (at simulation time 490.801,900,000 s)
2024-06-04 00:13:15,645 INFO  - Atempting to process queue (at simulation time 490.900,000,000 s)
2024-06-04 00:13:15,645 INFO  - Vehicle is outside the detection area. (at simulation time 490.900,000,000 s)
2024-06-04 00:13:15,645 INFO  - Sent broadcast CAM message to all vehicles (at simulation time 490.900,000,000 s)
2024-06-04 00:13:15,646 INFO  - Received CAM message from veh_207 (at simulation time 490.900,400,000 s)
2024-06-04 00:13:15,647 INFO  - Received CAM message from veh_195 (at simulation time 490.900,900,000 s)
2024-06-04 00:13:15,647 INFO  - Received CAM message from veh_213 (at simulation time 490.901,900,000 s)
2024-06-04 00:13:15,647 INFO  - Received CAM message from veh_210 (at simulation time 490.901,900,000 s)
2024-06-04 00:13:15,647 INFO  - Received CAM message from veh_198 (at simulation time 490.901,900,000 s)
2024-06-04 00:13:15,652 INFO  - Atempting to process queue (at simulation time 491.000,000,000 s)
2024-06-04 00:13:15,652 INFO  - Vehicle is outside the detection area. (at simulation time 491.000,000,000 s)
2024-06-04 00:13:15,653 INFO  - Sent broadcast CAM message to all vehicles (at simulation time 491.000,000,000 s)
2024-06-04 00:13:15,655 INFO  - Received CAM message from veh_213 (at simulation time 491.000,400,000 s)
2024-06-04 00:13:15,655 INFO  - Received CAM message from veh_195 (at simulation time 491.000,400,000 s)
2024-06-04 00:13:15,655 INFO  - Received CAM message from veh_210 (at simulation time 491.001,400,000 s)
2024-06-04 00:13:15,655 INFO  - Received CAM message from veh_204 (at simulation time 491.001,400,000 s)
2024-06-04 00:13:15,656 INFO  - Received CAM message from veh_207 (at simulation time 491.001,900,000 s)
2024-06-04 00:13:15,656 INFO  - Received CAM message from veh_198 (at simulation time 491.001,900,000 s)
2024-06-04 00:13:15,656 INFO  - Received CAM message from veh_189 (at simulation time 491.001,900,000 s)
2024-06-04 00:13:15,656 INFO  - Atempting to process queue (at simulation time 491.100,000,000 s)
2024-06-04 00:13:15,656 INFO  - Vehicle is outside the detection area. (at simulation time 491.100,000,000 s)
2024-06-04 00:13:15,656 INFO  - Sent broadcast CAM message to all vehicles (at simulation time 491.100,000,000 s)
2024-06-04 00:13:15,657 INFO  - Received CAM message from veh_195 (at simulation time 491.100,400,000 s)
2024-06-04 00:13:15,657 INFO  - Received CAM message from veh_189 (at simulation time 491.100,400,000 s)
2024-06-04 00:13:15,657 INFO  - Received CAM message from veh_210 (at simulation time 491.100,900,000 s)
2024-06-04 00:13:15,657 INFO  - Received CAM message from veh_207 (at simulation time 491.100,900,000 s)
2024-06-04 00:13:15,657 INFO  - Received CAM message from veh_213 (at simulation time 491.101,400,000 s)
2024-06-04 00:13:15,657 INFO  - Received CAM message from veh_198 (at simulation time 491.101,400,000 s)
2024-06-04 00:13:15,658 INFO  - Received CAM message from veh_204 (at simulation time 491.101,900,000 s)
2024-06-04 00:13:15,658 INFO  - Atempting to process queue (at simulation time 491.200,000,000 s)
2024-06-04 00:13:15,658 INFO  - Vehicle is outside the detection area. (at simulation time 491.200,000,000 s)
2024-06-04 00:13:15,658 INFO  - Sent broadcast CAM message to all vehicles (at simulation time 491.200,000,000 s)
2024-06-04 00:13:15,659 INFO  - Received CAM message from veh_207 (at simulation time 491.200,900,000 s)
2024-06-04 00:13:15,659 INFO  - Received CAM message from veh_213 (at simulation time 491.201,400,000 s)
2024-06-04 00:13:15,660 INFO  - Received CAM message from veh_204 (at simulation time 491.201,400,000 s)
2024-06-04 00:13:15,660 INFO  - Received CAM message from veh_198 (at simulation time 491.201,400,000 s)
2024-06-04 00:13:15,660 INFO  - Received CAM message from veh_189 (at simulation time 491.201,400,000 s)
2024-06-04 00:13:15,660 INFO  - Received CAM message from veh_210 (at simulation time 491.201,900,000 s)
2024-06-04 00:13:15,660 INFO  - Received CAM message from veh_195 (at simulation time 491.201,900,000 s)
2024-06-04 00:13:15,660 INFO  - Atempting to process queue (at simulation time 491.300,000,000 s)
2024-06-04 00:13:15,660 INFO  - Vehicle is outside the detection area. (at simulation time 491.300,000,000 s)
2024-06-04 00:13:15,660 INFO  - Sent broadcast CAM message to all vehicles (at simulation time 491.300,000,000 s)
2024-06-04 00:13:15,661 INFO  - Received CAM message from veh_204 (at simulation time 491.300,400,000 s)
2024-06-04 00:13:15,661 INFO  - Received CAM message from veh_198 (at simulation time 491.300,400,000 s)
2024-06-04 00:13:15,661 INFO  - Received CAM message from veh_189 (at simulation time 491.300,400,000 s)
2024-06-04 00:13:15,661 INFO  - Received CAM message from veh_213 (at simulation time 491.300,900,000 s)
2024-06-04 00:13:15,662 INFO  - Received CAM message from veh_195 (at simulation time 491.301,400,000 s)
2024-06-04 00:13:15,662 INFO  - Received CAM message from veh_210 (at simulation time 491.301,900,000 s)
2024-06-04 00:13:15,662 INFO  - Received CAM message from veh_207 (at simulation time 491.302,400,000 s)
2024-06-04 00:13:15,662 INFO  - Atempting to process queue (at simulation time 491.400,000,000 s)
2024-06-04 00:13:15,662 INFO  - Vehicle is outside the detection area. (at simulation time 491.400,000,000 s)
2024-06-04 00:13:15,662 INFO  - Sent broadcast CAM message to all vehicles (at simulation time 491.400,000,000 s)
2024-06-04 00:13:15,663 INFO  - Received CAM message from veh_207 (at simulation time 491.400,400,000 s)
2024-06-04 00:13:15,663 INFO  - Received CAM message from veh_195 (at simulation time 491.400,400,000 s)
2024-06-04 00:13:15,663 INFO  - Received CAM message from veh_198 (at simulation time 491.400,900,000 s)
2024-06-04 00:13:15,663 INFO  - Received CAM message from veh_189 (at simulation time 491.400,900,000 s)
2024-06-04 00:13:15,663 INFO  - Received CAM message from veh_213 (at simulation time 491.401,400,000 s)
2024-06-04 00:13:15,664 INFO  - Received CAM message from veh_210 (at simulation time 491.401,900,000 s)
2024-06-04 00:13:15,664 INFO  - Received CAM message from veh_204 (at simulation time 491.401,900,000 s)
2024-06-04 00:13:15,664 INFO  - Atempting to process queue (at simulation time 491.500,000,000 s)
2024-06-04 00:13:15,664 INFO  - Vehicle is outside the detection area. (at simulation time 491.500,000,000 s)
2024-06-04 00:13:15,664 INFO  - Sent broadcast CAM message to all vehicles (at simulation time 491.500,000,000 s)
2024-06-04 00:13:15,665 INFO  - Received CAM message from veh_210 (at simulation time 491.500,900,000 s)
2024-06-04 00:13:15,665 INFO  - Received CAM message from veh_195 (at simulation time 491.501,400,000 s)
2024-06-04 00:13:15,666 INFO  - Received CAM message from veh_204 (at simulation time 491.501,900,000 s)
2024-06-04 00:13:15,666 INFO  - Received CAM message from veh_189 (at simulation time 491.501,900,000 s)
2024-06-04 00:13:15,666 INFO  - Received CAM message from veh_213 (at simulation time 491.502,400,000 s)
2024-06-04 00:13:15,666 INFO  - Received CAM message from veh_207 (at simulation time 491.502,400,000 s)
2024-06-04 00:13:15,666 INFO  - Received CAM message from veh_198 (at simulation time 491.502,400,000 s)
2024-06-04 00:13:15,666 INFO  - Atempting to process queue (at simulation time 491.600,000,000 s)
2024-06-04 00:13:15,666 INFO  - Vehicle is outside the detection area. (at simulation time 491.600,000,000 s)
2024-06-04 00:13:15,666 INFO  - Sent broadcast CAM message to all vehicles (at simulation time 491.600,000,000 s)
2024-06-04 00:13:15,667 INFO  - Received CAM message from veh_204 (at simulation time 491.600,900,000 s)
2024-06-04 00:13:15,667 INFO  - Received CAM message from veh_195 (at simulation time 491.600,900,000 s)
2024-06-04 00:13:15,668 INFO  - Received CAM message from veh_213 (at simulation time 491.601,400,000 s)
2024-06-04 00:13:15,668 INFO  - Received CAM message from veh_210 (at simulation time 491.601,400,000 s)
2024-06-04 00:13:15,668 INFO  - Received CAM message from veh_207 (at simulation time 491.601,900,000 s)
2024-06-04 00:13:15,668 INFO  - Received CAM message from veh_198 (at simulation time 491.601,900,000 s)
2024-06-04 00:13:15,668 INFO  - Received CAM message from veh_189 (at simulation time 491.602,400,000 s)
2024-06-04 00:13:15,669 INFO  - Atempting to process queue (at simulation time 491.700,000,000 s)
2024-06-04 00:13:15,669 INFO  - Vehicle is outside the detection area. (at simulation time 491.700,000,000 s)
2024-06-04 00:13:15,669 INFO  - Sent broadcast CAM message to all vehicles (at simulation time 491.700,000,000 s)
2024-06-04 00:13:15,670 INFO  - Received CAM message from veh_195 (at simulation time 491.700,400,000 s)
2024-06-04 00:13:15,670 INFO  - Received CAM message from veh_189 (at simulation time 491.700,400,000 s)
2024-06-04 00:13:15,671 INFO  - Received CAM message from veh_213 (at simulation time 491.701,400,000 s)
2024-06-04 00:13:15,671 INFO  - Received CAM message from veh_204 (at simulation time 491.701,400,000 s)
2024-06-04 00:13:15,671 INFO  - Received CAM message from veh_210 (at simulation time 491.701,900,000 s)
2024-06-04 00:13:15,671 INFO  - Received CAM message from veh_207 (at simulation time 491.701,900,000 s)
2024-06-04 00:13:15,671 INFO  - Received CAM message from veh_198 (at simulation time 491.701,900,000 s)
2024-06-04 00:13:15,672 INFO  - Atempting to process queue (at simulation time 491.800,000,000 s)
2024-06-04 00:13:15,672 INFO  - Vehicle is outside the detection area. (at simulation time 491.800,000,000 s)
2024-06-04 00:13:15,672 INFO  - Sent broadcast CAM message to all vehicles (at simulation time 491.800,000,000 s)
2024-06-04 00:13:15,673 INFO  - Received CAM message from veh_213 (at simulation time 491.800,400,000 s)
2024-06-04 00:13:15,673 INFO  - Received CAM message from veh_189 (at simulation time 491.800,900,000 s)
2024-06-04 00:13:15,674 INFO  - Received CAM message from veh_195 (at simulation time 491.801,400,000 s)
2024-06-04 00:13:15,674 INFO  - Received CAM message from veh_210 (at simulation time 491.801,900,000 s)
2024-06-04 00:13:15,674 INFO  - Received CAM message from veh_207 (at simulation time 491.802,400,000 s)
2024-06-04 00:13:15,674 INFO  - Received CAM message from veh_204 (at simulation time 491.802,400,000 s)
2024-06-04 00:13:15,674 INFO  - Received CAM message from veh_198 (at simulation time 491.802,400,000 s)
2024-06-04 00:13:15,674 INFO  - Atempting to process queue (at simulation time 491.900,000,000 s)
2024-06-04 00:13:15,674 INFO  - Vehicle is outside the detection area. (at simulation time 491.900,000,000 s)
2024-06-04 00:13:15,674 INFO  - Sent broadcast CAM message to all vehicles (at simulation time 491.900,000,000 s)
2024-06-04 00:13:15,675 INFO  - Received CAM message from veh_195 (at simulation time 491.900,400,000 s)
2024-06-04 00:13:15,675 INFO  - Received CAM message from veh_210 (at simulation time 491.900,900,000 s)
2024-06-04 00:13:15,675 INFO  - Received CAM message from veh_198 (at simulation time 491.900,900,000 s)
2024-06-04 00:13:15,675 INFO  - Received CAM message from veh_189 (at simulation time 491.900,900,000 s)
2024-06-04 00:13:15,675 INFO  - Received CAM message from veh_213 (at simulation time 491.901,400,000 s)
2024-06-04 00:13:15,676 INFO  - Received CAM message from veh_204 (at simulation time 491.901,400,000 s)
2024-06-04 00:13:15,676 INFO  - Received CAM message from veh_207 (at simulation time 491.902,400,000 s)
2024-06-04 00:13:15,680 INFO  - Atempting to process queue (at simulation time 492.000,000,000 s)
2024-06-04 00:13:15,680 INFO  - Vehicle is outside the detection area. (at simulation time 492.000,000,000 s)
2024-06-04 00:13:15,680 INFO  - Sent broadcast CAM message to all vehicles (at simulation time 492.000,000,000 s)
2024-06-04 00:13:15,681 INFO  - Received CAM message from veh_210 (at simulation time 492.000,400,000 s)
2024-06-04 00:13:15,681 INFO  - Received CAM message from veh_207 (at simulation time 492.000,400,000 s)
2024-06-04 00:13:15,681 INFO  - Received CAM message from veh_189 (at simulation time 492.000,400,000 s)
2024-06-04 00:13:15,682 INFO  - Received CAM message from veh_204 (at simulation time 492.000,900,000 s)
2024-06-04 00:13:15,682 INFO  - Received CAM message from veh_195 (at simulation time 492.000,900,000 s)
2024-06-04 00:13:15,682 INFO  - Received CAM message from veh_198 (at simulation time 492.001,400,000 s)
2024-06-04 00:13:15,682 INFO  - Received CAM message from veh_213 (at simulation time 492.002,400,000 s)
2024-06-04 00:13:15,683 INFO  - Atempting to process queue (at simulation time 492.100,000,000 s)
2024-06-04 00:13:15,683 INFO  - Vehicle is outside the detection area. (at simulation time 492.100,000,000 s)
2024-06-04 00:13:15,683 INFO  - Sent broadcast CAM message to all vehicles (at simulation time 492.100,000,000 s)
2024-06-04 00:13:15,684 INFO  - Received CAM message from veh_207 (at simulation time 492.101,400,000 s)
2024-06-04 00:13:15,684 INFO  - Received CAM message from veh_195 (at simulation time 492.101,400,000 s)
2024-06-04 00:13:15,685 INFO  - Received CAM message from veh_210 (at simulation time 492.101,900,000 s)
2024-06-04 00:13:15,685 INFO  - Received CAM message from veh_213 (at simulation time 492.102,400,000 s)
2024-06-04 00:13:15,685 INFO  - Received CAM message from veh_204 (at simulation time 492.102,400,000 s)
2024-06-04 00:13:15,685 INFO  - Received CAM message from veh_198 (at simulation time 492.102,400,000 s)
2024-06-04 00:13:15,685 INFO  - Received CAM message from veh_189 (at simulation time 492.102,400,000 s)
2024-06-04 00:13:15,686 INFO  - Atempting to process queue (at simulation time 492.200,000,000 s)
2024-06-04 00:13:15,686 INFO  - Vehicle is outside the detection area. (at simulation time 492.200,000,000 s)
2024-06-04 00:13:15,686 INFO  - Sent broadcast CAM message to all vehicles (at simulation time 492.200,000,000 s)
2024-06-04 00:13:15,687 INFO  - Received CAM message from veh_213 (at simulation time 492.200,400,000 s)
2024-06-04 00:13:15,687 INFO  - Received CAM message from veh_210 (at simulation time 492.200,400,000 s)
2024-06-04 00:13:15,687 INFO  - Received CAM message from veh_204 (at simulation time 492.200,900,000 s)
2024-06-04 00:13:15,687 INFO  - Received CAM message from veh_198 (at simulation time 492.200,900,000 s)
2024-06-04 00:13:15,687 INFO  - Received CAM message from veh_195 (at simulation time 492.200,900,000 s)
2024-06-04 00:13:15,688 INFO  - Received CAM message from veh_207 (at simulation time 492.201,400,000 s)
2024-06-04 00:13:15,688 INFO  - Received CAM message from veh_189 (at simulation time 492.202,400,000 s)
2024-06-04 00:13:15,688 INFO  - Atempting to process queue (at simulation time 492.300,000,000 s)
2024-06-04 00:13:15,688 INFO  - Vehicle is outside the detection area. (at simulation time 492.300,000,000 s)
2024-06-04 00:13:15,688 INFO  - Sent broadcast CAM message to all vehicles (at simulation time 492.300,000,000 s)
2024-06-04 00:13:15,689 INFO  - Received CAM message from veh_204 (at simulation time 492.300,400,000 s)
2024-06-04 00:13:15,689 INFO  - Received CAM message from veh_189 (at simulation time 492.300,400,000 s)
2024-06-04 00:13:15,690 INFO  - Received CAM message from veh_213 (at simulation time 492.300,900,000 s)
2024-06-04 00:13:15,690 INFO  - Received CAM message from veh_195 (at simulation time 492.300,900,000 s)
2024-06-04 00:13:15,690 INFO  - Received CAM message from veh_207 (at simulation time 492.301,400,000 s)
2024-06-04 00:13:15,691 INFO  - Received CAM message from veh_198 (at simulation time 492.301,900,000 s)
2024-06-04 00:13:15,691 INFO  - Received CAM message from veh_210 (at simulation time 492.302,400,000 s)
2024-06-04 00:13:15,691 INFO  - Atempting to process queue (at simulation time 492.400,000,000 s)
2024-06-04 00:13:15,691 INFO  - Vehicle is outside the detection area. (at simulation time 492.400,000,000 s)
2024-06-04 00:13:15,691 INFO  - Sent broadcast CAM message to all vehicles (at simulation time 492.400,000,000 s)
2024-06-04 00:13:15,692 INFO  - Received CAM message from veh_213 (at simulation time 492.400,400,000 s)
2024-06-04 00:13:15,692 INFO  - Received CAM message from veh_207 (at simulation time 492.400,400,000 s)
2024-06-04 00:13:15,692 INFO  - Received CAM message from veh_189 (at simulation time 492.400,400,000 s)
2024-06-04 00:13:15,692 INFO  - Received CAM message from veh_195 (at simulation time 492.400,900,000 s)
2024-06-04 00:13:15,692 INFO  - Received CAM message from veh_210 (at simulation time 492.401,900,000 s)
2024-06-04 00:13:15,692 INFO  - Received CAM message from veh_204 (at simulation time 492.401,900,000 s)
2024-06-04 00:13:15,692 INFO  - Received CAM message from veh_198 (at simulation time 492.401,900,000 s)
2024-06-04 00:13:15,693 INFO  - Atempting to process queue (at simulation time 492.500,000,000 s)
2024-06-04 00:13:15,693 INFO  - Vehicle is outside the detection area. (at simulation time 492.500,000,000 s)
2024-06-04 00:13:15,693 INFO  - Sent broadcast CAM message to all vehicles (at simulation time 492.500,000,000 s)
2024-06-04 00:13:15,694 INFO  - Received CAM message from veh_213 (at simulation time 492.500,900,000 s)
2024-06-04 00:13:15,694 INFO  - Received CAM message from veh_204 (at simulation time 492.500,900,000 s)
2024-06-04 00:13:15,694 INFO  - Received CAM message from veh_210 (at simulation time 492.501,400,000 s)
2024-06-04 00:13:15,694 INFO  - Received CAM message from veh_207 (at simulation time 492.501,400,000 s)
2024-06-04 00:13:15,694 INFO  - Received CAM message from veh_198 (at simulation time 492.501,900,000 s)
2024-06-04 00:13:15,694 INFO  - Received CAM message from veh_189 (at simulation time 492.501,900,000 s)
2024-06-04 00:13:15,694 INFO  - Received CAM message from veh_195 (at simulation time 492.502,400,000 s)
2024-06-04 00:13:15,695 INFO  - Atempting to process queue (at simulation time 492.600,000,000 s)
2024-06-04 00:13:15,695 INFO  - Vehicle is outside the detection area. (at simulation time 492.600,000,000 s)
2024-06-04 00:13:15,695 INFO  - Sent broadcast CAM message to all vehicles (at simulation time 492.600,000,000 s)
2024-06-04 00:13:15,696 INFO  - Received CAM message from veh_213 (at simulation time 492.600,400,000 s)
2024-06-04 00:13:15,696 INFO  - Received CAM message from veh_207 (at simulation time 492.600,400,000 s)
2024-06-04 00:13:15,696 INFO  - Received CAM message from veh_195 (at simulation time 492.600,400,000 s)
2024-06-04 00:13:15,696 INFO  - Received CAM message from veh_189 (at simulation time 492.600,400,000 s)
2024-06-04 00:13:15,697 INFO  - Received CAM message from veh_210 (at simulation time 492.601,400,000 s)
2024-06-04 00:13:15,697 INFO  - Received CAM message from veh_204 (at simulation time 492.601,900,000 s)
2024-06-04 00:13:15,697 INFO  - Received CAM message from veh_198 (at simulation time 492.602,400,000 s)
2024-06-04 00:13:15,697 INFO  - Atempting to process queue (at simulation time 492.700,000,000 s)
2024-06-04 00:13:15,697 INFO  - Vehicle is outside the detection area. (at simulation time 492.700,000,000 s)
2024-06-04 00:13:15,697 INFO  - Sent broadcast CAM message to all vehicles (at simulation time 492.700,000,000 s)
2024-06-04 00:13:15,698 INFO  - Received CAM message from veh_213 (at simulation time 492.700,400,000 s)
2024-06-04 00:13:15,698 INFO  - Received CAM message from veh_189 (at simulation time 492.700,900,000 s)
2024-06-04 00:13:15,698 INFO  - Received CAM message from veh_195 (at simulation time 492.701,400,000 s)
2024-06-04 00:13:15,699 INFO  - Received CAM message from veh_210 (at simulation time 492.701,900,000 s)
2024-06-04 00:13:15,699 INFO  - Received CAM message from veh_198 (at simulation time 492.701,900,000 s)
2024-06-04 00:13:15,699 INFO  - Received CAM message from veh_207 (at simulation time 492.702,400,000 s)
2024-06-04 00:13:15,699 INFO  - Received CAM message from veh_204 (at simulation time 492.702,400,000 s)
2024-06-04 00:13:15,699 INFO  - Atempting to process queue (at simulation time 492.800,000,000 s)
2024-06-04 00:13:15,699 INFO  - Vehicle is outside the detection area. (at simulation time 492.800,000,000 s)
2024-06-04 00:13:15,699 INFO  - Sent broadcast CAM message to all vehicles (at simulation time 492.800,000,000 s)
2024-06-04 00:13:15,700 INFO  - Received CAM message from veh_189 (at simulation time 492.800,400,000 s)
2024-06-04 00:13:15,701 INFO  - Received CAM message from veh_213 (at simulation time 492.800,900,000 s)
2024-06-04 00:13:15,701 INFO  - Received CAM message from veh_207 (at simulation time 492.800,900,000 s)
2024-06-04 00:13:15,702 INFO  - Received CAM message from veh_210 (at simulation time 492.802,400,000 s)
2024-06-04 00:13:15,702 INFO  - Received CAM message from veh_204 (at simulation time 492.802,400,000 s)
2024-06-04 00:13:15,702 INFO  - Received CAM message from veh_198 (at simulation time 492.802,400,000 s)
2024-06-04 00:13:15,702 INFO  - Received CAM message from veh_195 (at simulation time 492.802,400,000 s)
2024-06-04 00:13:15,702 INFO  - Atempting to process queue (at simulation time 492.900,000,000 s)
2024-06-04 00:13:15,702 INFO  - Vehicle is outside the detection area. (at simulation time 492.900,000,000 s)
2024-06-04 00:13:15,702 INFO  - Sent broadcast CAM message to all vehicles (at simulation time 492.900,000,000 s)
2024-06-04 00:13:15,703 INFO  - Received CAM message from veh_189 (at simulation time 492.900,400,000 s)
2024-06-04 00:13:15,703 INFO  - Received CAM message from veh_210 (at simulation time 492.900,900,000 s)
2024-06-04 00:13:15,703 INFO  - Received CAM message from veh_204 (at simulation time 492.900,900,000 s)
2024-06-04 00:13:15,704 INFO  - Received CAM message from veh_213 (at simulation time 492.901,400,000 s)
2024-06-04 00:13:15,704 INFO  - Received CAM message from veh_198 (at simulation time 492.901,400,000 s)
2024-06-04 00:13:15,704 INFO  - Received CAM message from veh_195 (at simulation time 492.901,400,000 s)
2024-06-04 00:13:15,705 INFO  - Received CAM message from veh_207 (at simulation time 492.902,400,000 s)
2024-06-04 00:13:15,711 INFO  - Atempting to process queue (at simulation time 493.000,000,000 s)
2024-06-04 00:13:15,711 INFO  - Vehicle is outside the detection area. (at simulation time 493.000,000,000 s)
2024-06-04 00:13:15,711 INFO  - Sent broadcast CAM message to all vehicles (at simulation time 493.000,000,000 s)
2024-06-04 00:13:15,713 INFO  - Received CAM message from veh_210 (at simulation time 493.000,900,000 s)
2024-06-04 00:13:15,713 INFO  - Received CAM message from veh_189 (at simulation time 493.000,900,000 s)
2024-06-04 00:13:15,713 INFO  - Received CAM message from veh_213 (at simulation time 493.001,400,000 s)
2024-06-04 00:13:15,713 INFO  - Received CAM message from veh_204 (at simulation time 493.001,400,000 s)
2024-06-04 00:13:15,713 INFO  - Received CAM message from veh_195 (at simulation time 493.001,400,000 s)
2024-06-04 00:13:15,714 INFO  - Received CAM message from veh_207 (at simulation time 493.002,400,000 s)
2024-06-04 00:13:15,714 INFO  - Received CAM message from veh_198 (at simulation time 493.002,400,000 s)
2024-06-04 00:13:15,714 INFO  - Atempting to process queue (at simulation time 493.100,000,000 s)
2024-06-04 00:13:15,714 INFO  - Vehicle is outside the detection area. (at simulation time 493.100,000,000 s)
2024-06-04 00:13:15,714 INFO  - Sent broadcast CAM message to all vehicles (at simulation time 493.100,000,000 s)
2024-06-04 00:13:15,715 INFO  - Received CAM message from veh_195 (at simulation time 493.100,400,000 s)
2024-06-04 00:13:15,715 INFO  - Received CAM message from veh_213 (at simulation time 493.100,900,000 s)
2024-06-04 00:13:15,715 INFO  - Received CAM message from veh_210 (at simulation time 493.101,400,000 s)
2024-06-04 00:13:15,715 INFO  - Received CAM message from veh_204 (at simulation time 493.101,400,000 s)
2024-06-04 00:13:15,716 INFO  - Received CAM message from veh_189 (at simulation time 493.101,900,000 s)
2024-06-04 00:13:15,716 INFO  - Received CAM message from veh_207 (at simulation time 493.102,400,000 s)
2024-06-04 00:13:15,716 INFO  - Received CAM message from veh_198 (at simulation time 493.102,400,000 s)
2024-06-04 00:13:15,716 INFO  - Atempting to process queue (at simulation time 493.200,000,000 s)
2024-06-04 00:13:15,716 INFO  - Vehicle is outside the detection area. (at simulation time 493.200,000,000 s)
2024-06-04 00:13:15,716 INFO  - Sent broadcast CAM message to all vehicles (at simulation time 493.200,000,000 s)
2024-06-04 00:13:15,717 INFO  - Received CAM message from veh_213 (at simulation time 493.200,400,000 s)
2024-06-04 00:13:15,717 INFO  - Received CAM message from veh_204 (at simulation time 493.200,400,000 s)
2024-06-04 00:13:15,717 INFO  - Received CAM message from veh_195 (at simulation time 493.200,400,000 s)
2024-06-04 00:13:15,717 INFO  - Received CAM message from veh_210 (at simulation time 493.200,900,000 s)
2024-06-04 00:13:15,717 INFO  - Received CAM message from veh_207 (at simulation time 493.201,900,000 s)
2024-06-04 00:13:15,717 INFO  - Received CAM message from veh_189 (at simulation time 493.201,900,000 s)
2024-06-04 00:13:15,718 INFO  - Received CAM message from veh_198 (at simulation time 493.202,400,000 s)
2024-06-04 00:13:15,718 INFO  - Atempting to process queue (at simulation time 493.300,000,000 s)
2024-06-04 00:13:15,718 INFO  - Vehicle is outside the detection area. (at simulation time 493.300,000,000 s)
2024-06-04 00:13:15,718 INFO  - Sent broadcast CAM message to all vehicles (at simulation time 493.300,000,000 s)
2024-06-04 00:13:15,719 INFO  - Received CAM message from veh_210 (at simulation time 493.300,400,000 s)
2024-06-04 00:13:15,719 INFO  - Received CAM message from veh_204 (at simulation time 493.300,900,000 s)
2024-06-04 00:13:15,719 INFO  - Received CAM message from veh_195 (at simulation time 493.300,900,000 s)
2024-06-04 00:13:15,719 INFO  - Received CAM message from veh_189 (at simulation time 493.300,900,000 s)
2024-06-04 00:13:15,719 INFO  - Received CAM message from veh_207 (at simulation time 493.301,900,000 s)
2024-06-04 00:13:15,720 INFO  - Received CAM message from veh_213 (at simulation time 493.302,400,000 s)
2024-06-04 00:13:15,720 INFO  - Received CAM message from veh_198 (at simulation time 493.302,400,000 s)
2024-06-04 00:13:15,720 INFO  - Atempting to process queue (at simulation time 493.400,000,000 s)
2024-06-04 00:13:15,720 INFO  - Vehicle is outside the detection area. (at simulation time 493.400,000,000 s)
2024-06-04 00:13:15,720 INFO  - Sent broadcast CAM message to all vehicles (at simulation time 493.400,000,000 s)
2024-06-04 00:13:15,721 INFO  - Received CAM message from veh_213 (at simulation time 493.400,900,000 s)
2024-06-04 00:13:15,721 INFO  - Received CAM message from veh_195 (at simulation time 493.400,900,000 s)
2024-06-04 00:13:15,721 INFO  - Received CAM message from veh_207 (at simulation time 493.401,400,000 s)
2024-06-04 00:13:15,721 INFO  - Received CAM message from veh_189 (at simulation time 493.401,400,000 s)
2024-06-04 00:13:15,722 INFO  - Received CAM message from veh_204 (at simulation time 493.401,900,000 s)
2024-06-04 00:13:15,722 INFO  - Received CAM message from veh_198 (at simulation time 493.401,900,000 s)
2024-06-04 00:13:15,723 INFO  - Received CAM message from veh_210 (at simulation time 493.402,400,000 s)
2024-06-04 00:13:15,723 INFO  - Atempting to process queue (at simulation time 493.500,000,000 s)
2024-06-04 00:13:15,723 INFO  - Vehicle is outside the detection area. (at simulation time 493.500,000,000 s)
2024-06-04 00:13:15,723 INFO  - Sent broadcast CAM message to all vehicles (at simulation time 493.500,000,000 s)
2024-06-04 00:13:15,724 INFO  - Received CAM message from veh_213 (at simulation time 493.500,400,000 s)
2024-06-04 00:13:15,724 INFO  - Received CAM message from veh_204 (at simulation time 493.500,400,000 s)
2024-06-04 00:13:15,725 INFO  - Received CAM message from veh_198 (at simulation time 493.500,900,000 s)
2024-06-04 00:13:15,725 INFO  - Received CAM message from veh_210 (at simulation time 493.501,400,000 s)
2024-06-04 00:13:15,725 INFO  - Received CAM message from veh_207 (at simulation time 493.501,400,000 s)
2024-06-04 00:13:15,725 INFO  - Received CAM message from veh_195 (at simulation time 493.501,400,000 s)
2024-06-04 00:13:15,725 INFO  - Received CAM message from veh_189 (at simulation time 493.501,900,000 s)
2024-06-04 00:13:15,726 INFO  - Atempting to process queue (at simulation time 493.600,000,000 s)
2024-06-04 00:13:15,726 INFO  - Vehicle is outside the detection area. (at simulation time 493.600,000,000 s)
2024-06-04 00:13:15,726 INFO  - Sent broadcast CAM message to all vehicles (at simulation time 493.600,000,000 s)
2024-06-04 00:13:15,728 INFO  - Received CAM message from veh_213 (at simulation time 493.600,900,000 s)
2024-06-04 00:13:15,728 INFO  - Received CAM message from veh_210 (at simulation time 493.600,900,000 s)
2024-06-04 00:13:15,728 INFO  - Received CAM message from veh_198 (at simulation time 493.600,900,000 s)
2024-06-04 00:13:15,728 INFO  - Received CAM message from veh_189 (at simulation time 493.600,900,000 s)
2024-06-04 00:13:15,728 INFO  - Received CAM message from veh_207 (at simulation time 493.601,400,000 s)
2024-06-04 00:13:15,728 INFO  - Received CAM message from veh_204 (at simulation time 493.601,400,000 s)
2024-06-04 00:13:15,728 INFO  - Received CAM message from veh_195 (at simulation time 493.601,400,000 s)
2024-06-04 00:13:15,729 INFO  - Atempting to process queue (at simulation time 493.700,000,000 s)
2024-06-04 00:13:15,729 INFO  - Vehicle is outside the detection area. (at simulation time 493.700,000,000 s)
2024-06-04 00:13:15,729 INFO  - Sent broadcast CAM message to all vehicles (at simulation time 493.700,000,000 s)
2024-06-04 00:13:15,730 INFO  - Received CAM message from veh_210 (at simulation time 493.700,400,000 s)
2024-06-04 00:13:15,730 INFO  - Received CAM message from veh_207 (at simulation time 493.700,400,000 s)
2024-06-04 00:13:15,731 INFO  - Received CAM message from veh_213 (at simulation time 493.701,900,000 s)
2024-06-04 00:13:15,731 INFO  - Received CAM message from veh_195 (at simulation time 493.701,900,000 s)
2024-06-04 00:13:15,731 INFO  - Received CAM message from veh_204 (at simulation time 493.702,400,000 s)
2024-06-04 00:13:15,731 INFO  - Received CAM message from veh_198 (at simulation time 493.702,400,000 s)
2024-06-04 00:13:15,731 INFO  - Received CAM message from veh_189 (at simulation time 493.702,400,000 s)
2024-06-04 00:13:15,731 INFO  - Atempting to process queue (at simulation time 493.800,000,000 s)
2024-06-04 00:13:15,731 INFO  - Vehicle is outside the detection area. (at simulation time 493.800,000,000 s)
2024-06-04 00:13:15,731 INFO  - Sent broadcast CAM message to all vehicles (at simulation time 493.800,000,000 s)
2024-06-04 00:13:15,732 INFO  - Received CAM message from veh_195 (at simulation time 493.800,400,000 s)
2024-06-04 00:13:15,733 INFO  - Received CAM message from veh_198 (at simulation time 493.801,400,000 s)
2024-06-04 00:13:15,733 INFO  - Received CAM message from veh_189 (at simulation time 493.801,400,000 s)
2024-06-04 00:13:15,733 INFO  - Received CAM message from veh_210 (at simulation time 493.801,900,000 s)
2024-06-04 00:13:15,733 INFO  - Received CAM message from veh_207 (at simulation time 493.801,900,000 s)
2024-06-04 00:13:15,733 INFO  - Received CAM message from veh_204 (at simulation time 493.801,900,000 s)
2024-06-04 00:13:15,733 INFO  - Received CAM message from veh_213 (at simulation time 493.802,400,000 s)
2024-06-04 00:13:15,733 INFO  - Atempting to process queue (at simulation time 493.900,000,000 s)
2024-06-04 00:13:15,733 INFO  - Vehicle is outside the detection area. (at simulation time 493.900,000,000 s)
2024-06-04 00:13:15,733 INFO  - Sent broadcast CAM message to all vehicles (at simulation time 493.900,000,000 s)
2024-06-04 00:13:15,734 INFO  - Received CAM message from veh_213 (at simulation time 493.900,400,000 s)
2024-06-04 00:13:15,734 INFO  - Received CAM message from veh_207 (at simulation time 493.900,900,000 s)
2024-06-04 00:13:15,734 INFO  - Received CAM message from veh_198 (at simulation time 493.900,900,000 s)
2024-06-04 00:13:15,734 INFO  - Received CAM message from veh_189 (at simulation time 493.900,900,000 s)
2024-06-04 00:13:15,734 INFO  - Received CAM message from veh_210 (at simulation time 493.901,400,000 s)
2024-06-04 00:13:15,734 INFO  - Received CAM message from veh_204 (at simulation time 493.901,400,000 s)
2024-06-04 00:13:15,735 INFO  - Received CAM message from veh_195 (at simulation time 493.902,400,000 s)
2024-06-04 00:13:15,738 INFO  - Atempting to process queue (at simulation time 494.000,000,000 s)
2024-06-04 00:13:15,738 INFO  - Vehicle is outside the detection area. (at simulation time 494.000,000,000 s)
2024-06-04 00:13:15,738 INFO  - Sent broadcast CAM message to all vehicles (at simulation time 494.000,000,000 s)
2024-06-04 00:13:15,739 INFO  - Received CAM message from veh_207 (at simulation time 494.000,400,000 s)
2024-06-04 00:13:15,740 INFO  - Received CAM message from veh_195 (at simulation time 494.000,400,000 s)
2024-06-04 00:13:15,740 INFO  - Received CAM message from veh_204 (at simulation time 494.000,900,000 s)
2024-06-04 00:13:15,740 INFO  - Received CAM message from veh_213 (at simulation time 494.001,400,000 s)
2024-06-04 00:13:15,740 INFO  - Received CAM message from veh_210 (at simulation time 494.001,400,000 s)
2024-06-04 00:13:15,740 INFO  - Received CAM message from veh_189 (at simulation time 494.001,400,000 s)
2024-06-04 00:13:15,741 INFO  - Atempting to process queue (at simulation time 494.100,000,000 s)
2024-06-04 00:13:15,741 INFO  - Vehicle is outside the detection area. (at simulation time 494.100,000,000 s)
2024-06-04 00:13:15,741 INFO  - Sent broadcast CAM message to all vehicles (at simulation time 494.100,000,000 s)
2024-06-04 00:13:15,741 INFO  - Received CAM message from veh_213 (at simulation time 494.100,400,000 s)
2024-06-04 00:13:15,742 INFO  - Received CAM message from veh_210 (at simulation time 494.100,900,000 s)
2024-06-04 00:13:15,742 INFO  - Received CAM message from veh_195 (at simulation time 494.100,900,000 s)
2024-06-04 00:13:15,742 INFO  - Received CAM message from veh_189 (at simulation time 494.101,400,000 s)
2024-06-04 00:13:15,742 INFO  - Received CAM message from veh_204 (at simulation time 494.101,900,000 s)
2024-06-04 00:13:15,742 INFO  - Received CAM message from veh_207 (at simulation time 494.102,400,000 s)
2024-06-04 00:13:15,743 INFO  - Atempting to process queue (at simulation time 494.200,000,000 s)
2024-06-04 00:13:15,743 INFO  - Vehicle is outside the detection area. (at simulation time 494.200,000,000 s)
2024-06-04 00:13:15,743 INFO  - Sent broadcast CAM message to all vehicles (at simulation time 494.200,000,000 s)
2024-06-04 00:13:15,743 INFO  - Received CAM message from veh_195 (at simulation time 494.200,400,000 s)
2024-06-04 00:13:15,743 INFO  - Received CAM message from veh_189 (at simulation time 494.200,400,000 s)
2024-06-04 00:13:15,744 INFO  - Received CAM message from veh_213 (at simulation time 494.200,900,000 s)
2024-06-04 00:13:15,744 INFO  - Received CAM message from veh_204 (at simulation time 494.200,900,000 s)
2024-06-04 00:13:15,744 INFO  - Received CAM message from veh_210 (at simulation time 494.202,400,000 s)
2024-06-04 00:13:15,744 INFO  - Received CAM message from veh_207 (at simulation time 494.202,400,000 s)
2024-06-04 00:13:15,744 INFO  - Atempting to process queue (at simulation time 494.300,000,000 s)
2024-06-04 00:13:15,744 INFO  - Vehicle is outside the detection area. (at simulation time 494.300,000,000 s)
2024-06-04 00:13:15,744 INFO  - Sent broadcast CAM message to all vehicles (at simulation time 494.300,000,000 s)
2024-06-04 00:13:15,746 INFO  - Received CAM message from veh_210 (at simulation time 494.300,400,000 s)
2024-06-04 00:13:15,746 INFO  - Received CAM message from veh_213 (at simulation time 494.301,400,000 s)
2024-06-04 00:13:15,746 INFO  - Received CAM message from veh_204 (at simulation time 494.301,900,000 s)
2024-06-04 00:13:15,747 INFO  - Received CAM message from veh_207 (at simulation time 494.302,400,000 s)
2024-06-04 00:13:15,747 INFO  - Received CAM message from veh_195 (at simulation time 494.302,400,000 s)
2024-06-04 00:13:15,747 INFO  - Received CAM message from veh_189 (at simulation time 494.302,400,000 s)
2024-06-04 00:13:15,747 INFO  - Atempting to process queue (at simulation time 494.400,000,000 s)
2024-06-04 00:13:15,747 INFO  - Vehicle is outside the detection area. (at simulation time 494.400,000,000 s)
2024-06-04 00:13:15,747 INFO  - Sent broadcast CAM message to all vehicles (at simulation time 494.400,000,000 s)
2024-06-04 00:13:15,748 INFO  - Received CAM message from veh_207 (at simulation time 494.400,900,000 s)
2024-06-04 00:13:15,748 INFO  - Received CAM message from veh_195 (at simulation time 494.401,400,000 s)
2024-06-04 00:13:15,749 INFO  - Received CAM message from veh_210 (at simulation time 494.401,900,000 s)
2024-06-04 00:13:15,749 INFO  - Received CAM message from veh_213 (at simulation time 494.402,400,000 s)
2024-06-04 00:13:15,749 INFO  - Received CAM message from veh_204 (at simulation time 494.402,400,000 s)
2024-06-04 00:13:15,749 INFO  - Received CAM message from veh_189 (at simulation time 494.402,400,000 s)
2024-06-04 00:13:15,749 INFO  - Atempting to process queue (at simulation time 494.500,000,000 s)
2024-06-04 00:13:15,749 INFO  - Vehicle is outside the detection area. (at simulation time 494.500,000,000 s)
2024-06-04 00:13:15,749 INFO  - Sent broadcast CAM message to all vehicles (at simulation time 494.500,000,000 s)
2024-06-04 00:13:15,750 INFO  - Received CAM message from veh_210 (at simulation time 494.500,900,000 s)
2024-06-04 00:13:15,750 INFO  - Received CAM message from veh_207 (at simulation time 494.500,900,000 s)
2024-06-04 00:13:15,751 INFO  - Received CAM message from veh_213 (at simulation time 494.501,900,000 s)
2024-06-04 00:13:15,751 INFO  - Received CAM message from veh_204 (at simulation time 494.501,900,000 s)
2024-06-04 00:13:15,751 INFO  - Received CAM message from veh_189 (at simulation time 494.501,900,000 s)
2024-06-04 00:13:15,751 INFO  - Received CAM message from veh_195 (at simulation time 494.502,400,000 s)
2024-06-04 00:13:15,752 INFO  - Atempting to process queue (at simulation time 494.600,000,000 s)
2024-06-04 00:13:15,752 INFO  - Vehicle is outside the detection area. (at simulation time 494.600,000,000 s)
2024-06-04 00:13:15,752 INFO  - Sent broadcast CAM message to all vehicles (at simulation time 494.600,000,000 s)
2024-06-04 00:13:15,754 INFO  - Received CAM message from veh_189 (at simulation time 494.600,400,000 s)
2024-06-04 00:13:15,755 INFO  - Received CAM message from veh_213 (at simulation time 494.601,400,000 s)
2024-06-04 00:13:15,755 INFO  - Received CAM message from veh_195 (at simulation time 494.601,400,000 s)
2024-06-04 00:13:15,755 INFO  - Received CAM message from veh_210 (at simulation time 494.601,900,000 s)
2024-06-04 00:13:15,756 INFO  - Received CAM message from veh_207 (at simulation time 494.602,400,000 s)
2024-06-04 00:13:15,756 INFO  - Received CAM message from veh_204 (at simulation time 494.602,400,000 s)
2024-06-04 00:13:15,756 INFO  - Atempting to process queue (at simulation time 494.700,000,000 s)
2024-06-04 00:13:15,756 INFO  - Vehicle is outside the detection area. (at simulation time 494.700,000,000 s)
2024-06-04 00:13:15,756 INFO  - Sent broadcast CAM message to all vehicles (at simulation time 494.700,000,000 s)
2024-06-04 00:13:15,763 INFO  - Received CAM message from veh_207 (at simulation time 494.700,400,000 s)
2024-06-04 00:13:15,764 INFO  - Received CAM message from veh_204 (at simulation time 494.700,900,000 s)
2024-06-04 00:13:15,764 INFO  - Received CAM message from veh_195 (at simulation time 494.700,900,000 s)
2024-06-04 00:13:15,764 INFO  - Received CAM message from veh_189 (at simulation time 494.701,400,000 s)
2024-06-04 00:13:15,764 INFO  - Received CAM message from veh_213 (at simulation time 494.701,900,000 s)
2024-06-04 00:13:15,764 INFO  - Received CAM message from veh_210 (at simulation time 494.701,900,000 s)
2024-06-04 00:13:15,765 INFO  - Atempting to process queue (at simulation time 494.800,000,000 s)
2024-06-04 00:13:15,765 INFO  - Vehicle is outside the detection area. (at simulation time 494.800,000,000 s)
2024-06-04 00:13:15,765 INFO  - Sent broadcast CAM message to all vehicles (at simulation time 494.800,000,000 s)
2024-06-04 00:13:15,766 INFO  - Received CAM message from veh_195 (at simulation time 494.800,900,000 s)
2024-06-04 00:13:15,766 INFO  - Received CAM message from veh_210 (at simulation time 494.801,400,000 s)
2024-06-04 00:13:15,766 INFO  - Received CAM message from veh_204 (at simulation time 494.801,900,000 s)
2024-06-04 00:13:15,766 INFO  - Received CAM message from veh_213 (at simulation time 494.802,400,000 s)
2024-06-04 00:13:15,766 INFO  - Received CAM message from veh_207 (at simulation time 494.802,400,000 s)
2024-06-04 00:13:15,766 INFO  - Received CAM message from veh_189 (at simulation time 494.802,400,000 s)
2024-06-04 00:13:15,767 INFO  - Atempting to process queue (at simulation time 494.900,000,000 s)
2024-06-04 00:13:15,767 INFO  - Vehicle is outside the detection area. (at simulation time 494.900,000,000 s)
2024-06-04 00:13:15,767 INFO  - Sent broadcast CAM message to all vehicles (at simulation time 494.900,000,000 s)
2024-06-04 00:13:15,769 INFO  - Received CAM message from veh_195 (at simulation time 494.900,400,000 s)
2024-06-04 00:13:15,771 INFO  - Received CAM message from veh_210 (at simulation time 494.901,400,000 s)
2024-06-04 00:13:15,771 INFO  - Received CAM message from veh_207 (at simulation time 494.901,400,000 s)
2024-06-04 00:13:15,771 INFO  - Received CAM message from veh_189 (at simulation time 494.901,400,000 s)
2024-06-04 00:13:15,773 INFO  - Received CAM message from veh_204 (at simulation time 494.901,900,000 s)
2024-06-04 00:13:15,778 INFO  - Received CAM message from veh_213 (at simulation time 494.902,400,000 s)
2024-06-04 00:13:15,803 INFO  - Atempting to process queue (at simulation time 495.000,000,000 s)
2024-06-04 00:13:15,803 INFO  - Vehicle is outside the detection area. (at simulation time 495.000,000,000 s)
2024-06-04 00:13:15,803 INFO  - Sent broadcast CAM message to all vehicles (at simulation time 495.000,000,000 s)
2024-06-04 00:13:15,807 INFO  - Received CAM message from veh_189 (at simulation time 495.000,400,000 s)
2024-06-04 00:13:15,807 INFO  - Received CAM message from veh_213 (at simulation time 495.000,900,000 s)
2024-06-04 00:13:15,807 INFO  - Received CAM message from veh_195 (at simulation time 495.000,900,000 s)
2024-06-04 00:13:15,807 INFO  - Received CAM message from veh_204 (at simulation time 495.001,400,000 s)
2024-06-04 00:13:15,807 INFO  - Received CAM message from veh_210 (at simulation time 495.002,400,000 s)
2024-06-04 00:13:15,807 INFO  - Received CAM message from veh_207 (at simulation time 495.002,400,000 s)
2024-06-04 00:13:15,808 INFO  - Atempting to process queue (at simulation time 495.100,000,000 s)
2024-06-04 00:13:15,808 INFO  - Vehicle is outside the detection area. (at simulation time 495.100,000,000 s)
2024-06-04 00:13:15,808 INFO  - Sent broadcast CAM message to all vehicles (at simulation time 495.100,000,000 s)
2024-06-04 00:13:15,808 INFO  - Received CAM message from veh_195 (at simulation time 495.100,400,000 s)
2024-06-04 00:13:15,809 INFO  - Received CAM message from veh_207 (at simulation time 495.100,900,000 s)
2024-06-04 00:13:15,809 INFO  - Received CAM message from veh_210 (at simulation time 495.101,400,000 s)
2024-06-04 00:13:15,809 INFO  - Received CAM message from veh_213 (at simulation time 495.101,900,000 s)
2024-06-04 00:13:15,809 INFO  - Received CAM message from veh_204 (at simulation time 495.102,400,000 s)
2024-06-04 00:13:15,809 INFO  - Received CAM message from veh_189 (at simulation time 495.102,400,000 s)
2024-06-04 00:13:15,810 INFO  - Atempting to process queue (at simulation time 495.200,000,000 s)
2024-06-04 00:13:15,810 INFO  - Vehicle is outside the detection area. (at simulation time 495.200,000,000 s)
2024-06-04 00:13:15,810 INFO  - Sent broadcast CAM message to all vehicles (at simulation time 495.200,000,000 s)
2024-06-04 00:13:15,810 INFO  - Received CAM message from veh_210 (at simulation time 495.200,900,000 s)
2024-06-04 00:13:15,810 INFO  - Received CAM message from veh_204 (at simulation time 495.200,900,000 s)
2024-06-04 00:13:15,811 INFO  - Received CAM message from veh_195 (at simulation time 495.200,900,000 s)
2024-06-04 00:13:15,811 INFO  - Received CAM message from veh_213 (at simulation time 495.201,400,000 s)
2024-06-04 00:13:15,811 INFO  - Received CAM message from veh_207 (at simulation time 495.201,900,000 s)
2024-06-04 00:13:15,811 INFO  - Received CAM message from veh_189 (at simulation time 495.201,900,000 s)
2024-06-04 00:13:15,811 INFO  - Atempting to process queue (at simulation time 495.300,000,000 s)
2024-06-04 00:13:15,811 INFO  - Vehicle is outside the detection area. (at simulation time 495.300,000,000 s)
2024-06-04 00:13:15,811 INFO  - Sent broadcast CAM message to all vehicles (at simulation time 495.300,000,000 s)
2024-06-04 00:13:15,812 INFO  - Received CAM message from veh_213 (at simulation time 495.300,400,000 s)
2024-06-04 00:13:15,813 INFO  - Received CAM message from veh_207 (at simulation time 495.300,900,000 s)
2024-06-04 00:13:15,813 INFO  - Received CAM message from veh_195 (at simulation time 495.301,400,000 s)
2024-06-04 00:13:15,813 INFO  - Received CAM message from veh_210 (at simulation time 495.301,900,000 s)
2024-06-04 00:13:15,813 INFO  - Received CAM message from veh_204 (at simulation time 495.301,900,000 s)
2024-06-04 00:13:15,813 INFO  - Received CAM message from veh_189 (at simulation time 495.301,900,000 s)
2024-06-04 00:13:15,813 INFO  - Atempting to process queue (at simulation time 495.400,000,000 s)
2024-06-04 00:13:15,813 INFO  - Vehicle is outside the detection area. (at simulation time 495.400,000,000 s)
2024-06-04 00:13:15,813 INFO  - Sent broadcast CAM message to all vehicles (at simulation time 495.400,000,000 s)
2024-06-04 00:13:15,814 INFO  - Received CAM message from veh_189 (at simulation time 495.400,900,000 s)
2024-06-04 00:13:15,814 INFO  - Received CAM message from veh_210 (at simulation time 495.401,400,000 s)
2024-06-04 00:13:15,814 INFO  - Received CAM message from veh_195 (at simulation time 495.401,400,000 s)
2024-06-04 00:13:15,815 INFO  - Received CAM message from veh_204 (at simulation time 495.401,900,000 s)
2024-06-04 00:13:15,815 INFO  - Received CAM message from veh_213 (at simulation time 495.402,400,000 s)
2024-06-04 00:13:15,815 INFO  - Received CAM message from veh_207 (at simulation time 495.402,400,000 s)
2024-06-04 00:13:15,815 INFO  - Atempting to process queue (at simulation time 495.500,000,000 s)
2024-06-04 00:13:15,815 INFO  - Vehicle is outside the detection area. (at simulation time 495.500,000,000 s)
2024-06-04 00:13:15,815 INFO  - Sent broadcast CAM message to all vehicles (at simulation time 495.500,000,000 s)
2024-06-04 00:13:15,816 INFO  - Received CAM message from veh_213 (at simulation time 495.500,400,000 s)
2024-06-04 00:13:15,816 INFO  - Received CAM message from veh_195 (at simulation time 495.500,400,000 s)
2024-06-04 00:13:15,816 INFO  - Received CAM message from veh_210 (at simulation time 495.500,900,000 s)
2024-06-04 00:13:15,816 INFO  - Received CAM message from veh_189 (at simulation time 495.500,900,000 s)
2024-06-04 00:13:15,816 INFO  - Received CAM message from veh_207 (at simulation time 495.501,900,000 s)
2024-06-04 00:13:15,816 INFO  - Received CAM message from veh_204 (at simulation time 495.501,900,000 s)
2024-06-04 00:13:15,817 INFO  - Atempting to process queue (at simulation time 495.600,000,000 s)
2024-06-04 00:13:15,817 INFO  - Vehicle is outside the detection area. (at simulation time 495.600,000,000 s)
2024-06-04 00:13:15,817 INFO  - Sent broadcast CAM message to all vehicles (at simulation time 495.600,000,000 s)
2024-06-04 00:13:15,817 INFO  - Received CAM message from veh_210 (at simulation time 495.600,400,000 s)
2024-06-04 00:13:15,818 INFO  - Received CAM message from veh_207 (at simulation time 495.600,400,000 s)
2024-06-04 00:13:15,818 INFO  - Received CAM message from veh_204 (at simulation time 495.600,400,000 s)
2024-06-04 00:13:15,818 INFO  - Received CAM message from veh_195 (at simulation time 495.600,900,000 s)
2024-06-04 00:13:15,818 INFO  - Received CAM message from veh_189 (at simulation time 495.600,900,000 s)
2024-06-04 00:13:15,818 INFO  - Received CAM message from veh_213 (at simulation time 495.601,400,000 s)
2024-06-04 00:13:15,820 INFO  - Atempting to process queue (at simulation time 495.700,000,000 s)
2024-06-04 00:13:15,820 INFO  - Vehicle is outside the detection area. (at simulation time 495.700,000,000 s)
2024-06-04 00:13:15,820 INFO  - Sent broadcast CAM message to all vehicles (at simulation time 495.700,000,000 s)
2024-06-04 00:13:15,821 INFO  - Received CAM message from veh_213 (at simulation time 495.700,400,000 s)
2024-06-04 00:13:15,822 INFO  - Received CAM message from veh_189 (at simulation time 495.700,400,000 s)
2024-06-04 00:13:15,822 INFO  - Received CAM message from veh_210 (at simulation time 495.700,900,000 s)
2024-06-04 00:13:15,822 INFO  - Received CAM message from veh_207 (at simulation time 495.700,900,000 s)
2024-06-04 00:13:15,822 INFO  - Received CAM message from veh_204 (at simulation time 495.700,900,000 s)
2024-06-04 00:13:15,822 INFO  - Received CAM message from veh_195 (at simulation time 495.700,900,000 s)
2024-06-04 00:13:15,823 INFO  - Atempting to process queue (at simulation time 495.800,000,000 s)
2024-06-04 00:13:15,823 INFO  - Vehicle is outside the detection area. (at simulation time 495.800,000,000 s)
2024-06-04 00:13:15,823 INFO  - Sent broadcast CAM message to all vehicles (at simulation time 495.800,000,000 s)
2024-06-04 00:13:15,824 INFO  - Received CAM message from veh_204 (at simulation time 495.800,400,000 s)
2024-06-04 00:13:15,825 INFO  - Received CAM message from veh_213 (at simulation time 495.801,400,000 s)
2024-06-04 00:13:15,825 INFO  - Received CAM message from veh_210 (at simulation time 495.801,400,000 s)
2024-06-04 00:13:15,825 INFO  - Received CAM message from veh_195 (at simulation time 495.801,400,000 s)
2024-06-04 00:13:15,826 INFO  - Received CAM message from veh_207 (at simulation time 495.802,400,000 s)
2024-06-04 00:13:15,826 INFO  - Received CAM message from veh_189 (at simulation time 495.802,400,000 s)
2024-06-04 00:13:15,826 INFO  - Atempting to process queue (at simulation time 495.900,000,000 s)
2024-06-04 00:13:15,826 INFO  - Vehicle is outside the detection area. (at simulation time 495.900,000,000 s)
2024-06-04 00:13:15,826 INFO  - Sent broadcast CAM message to all vehicles (at simulation time 495.900,000,000 s)
2024-06-04 00:13:15,827 INFO  - Received CAM message from veh_189 (at simulation time 495.900,400,000 s)
2024-06-04 00:13:15,827 INFO  - Received CAM message from veh_207 (at simulation time 495.900,900,000 s)
2024-06-04 00:13:15,827 INFO  - Received CAM message from veh_213 (at simulation time 495.901,400,000 s)
2024-06-04 00:13:15,827 INFO  - Received CAM message from veh_195 (at simulation time 495.901,400,000 s)
2024-06-04 00:13:15,827 INFO  - Received CAM message from veh_210 (at simulation time 495.901,900,000 s)
2024-06-04 00:13:15,828 INFO  - Received CAM message from veh_204 (at simulation time 495.902,400,000 s)
2024-06-04 00:13:15,831 INFO  - Atempting to process queue (at simulation time 496.000,000,000 s)
2024-06-04 00:13:15,831 INFO  - Vehicle is outside the detection area. (at simulation time 496.000,000,000 s)
2024-06-04 00:13:15,831 INFO  - Sent broadcast CAM message to all vehicles (at simulation time 496.000,000,000 s)
2024-06-04 00:13:15,833 INFO  - Received CAM message from veh_204 (at simulation time 496.000,400,000 s)
2024-06-04 00:13:15,834 INFO  - Received CAM message from veh_207 (at simulation time 496.001,400,000 s)
2024-06-04 00:13:15,834 INFO  - Received CAM message from veh_213 (at simulation time 496.001,900,000 s)
2024-06-04 00:13:15,834 INFO  - Received CAM message from veh_210 (at simulation time 496.001,900,000 s)
2024-06-04 00:13:15,834 INFO  - Received CAM message from veh_195 (at simulation time 496.001,900,000 s)
2024-06-04 00:13:15,835 INFO  - Received CAM message from veh_189 (at simulation time 496.002,400,000 s)
2024-06-04 00:13:15,835 INFO  - Atempting to process queue (at simulation time 496.100,000,000 s)
2024-06-04 00:13:15,835 INFO  - Vehicle is outside the detection area. (at simulation time 496.100,000,000 s)
2024-06-04 00:13:15,835 INFO  - Sent broadcast CAM message to all vehicles (at simulation time 496.100,000,000 s)
2024-06-04 00:13:15,836 INFO  - Received CAM message from veh_189 (at simulation time 496.100,400,000 s)
2024-06-04 00:13:15,837 INFO  - Received CAM message from veh_204 (at simulation time 496.100,900,000 s)
2024-06-04 00:13:15,837 INFO  - Received CAM message from veh_207 (at simulation time 496.101,400,000 s)
2024-06-04 00:13:15,838 INFO  - Received CAM message from veh_213 (at simulation time 496.101,900,000 s)
2024-06-04 00:13:15,839 INFO  - Received CAM message from veh_195 (at simulation time 496.101,900,000 s)
2024-06-04 00:13:15,839 INFO  - Received CAM message from veh_210 (at simulation time 496.102,400,000 s)
2024-06-04 00:13:15,839 INFO  - Atempting to process queue (at simulation time 496.200,000,000 s)
2024-06-04 00:13:15,839 INFO  - Vehicle is outside the detection area. (at simulation time 496.200,000,000 s)
2024-06-04 00:13:15,839 INFO  - Sent broadcast CAM message to all vehicles (at simulation time 496.200,000,000 s)
2024-06-04 00:13:15,840 INFO  - Received CAM message from veh_204 (at simulation time 496.200,400,000 s)
2024-06-04 00:13:15,841 INFO  - Received CAM message from veh_189 (at simulation time 496.200,900,000 s)
2024-06-04 00:13:15,841 INFO  - Received CAM message from veh_213 (at simulation time 496.201,400,000 s)
2024-06-04 00:13:15,841 INFO  - Received CAM message from veh_210 (at simulation time 496.201,400,000 s)
2024-06-04 00:13:15,841 INFO  - Received CAM message from veh_207 (at simulation time 496.202,400,000 s)
2024-06-04 00:13:15,841 INFO  - Received CAM message from veh_195 (at simulation time 496.202,400,000 s)
2024-06-04 00:13:15,841 INFO  - Atempting to process queue (at simulation time 496.300,000,000 s)
2024-06-04 00:13:15,841 INFO  - Vehicle is outside the detection area. (at simulation time 496.300,000,000 s)
2024-06-04 00:13:15,841 INFO  - Sent broadcast CAM message to all vehicles (at simulation time 496.300,000,000 s)
2024-06-04 00:13:15,842 INFO  - Received CAM message from veh_213 (at simulation time 496.300,400,000 s)
2024-06-04 00:13:15,842 INFO  - Received CAM message from veh_207 (at simulation time 496.300,900,000 s)
2024-06-04 00:13:15,842 INFO  - Received CAM message from veh_204 (at simulation time 496.300,900,000 s)
2024-06-04 00:13:15,842 INFO  - Received CAM message from veh_189 (at simulation time 496.300,900,000 s)
2024-06-04 00:13:15,843 INFO  - Received CAM message from veh_195 (at simulation time 496.301,900,000 s)
2024-06-04 00:13:15,843 INFO  - Received CAM message from veh_210 (at simulation time 496.302,400,000 s)
2024-06-04 00:13:15,843 INFO  - Atempting to process queue (at simulation time 496.400,000,000 s)
2024-06-04 00:13:15,843 INFO  - Vehicle is outside the detection area. (at simulation time 496.400,000,000 s)
2024-06-04 00:13:15,843 INFO  - Sent broadcast CAM message to all vehicles (at simulation time 496.400,000,000 s)
2024-06-04 00:13:15,844 INFO  - Received CAM message from veh_207 (at simulation time 496.400,400,000 s)
2024-06-04 00:13:15,844 INFO  - Received CAM message from veh_195 (at simulation time 496.400,400,000 s)
2024-06-04 00:13:15,844 INFO  - Received CAM message from veh_210 (at simulation time 496.400,900,000 s)
2024-06-04 00:13:15,844 INFO  - Received CAM message from veh_189 (at simulation time 496.400,900,000 s)
2024-06-04 00:13:15,845 INFO  - Received CAM message from veh_204 (at simulation time 496.401,900,000 s)
2024-06-04 00:13:15,845 INFO  - Received CAM message from veh_213 (at simulation time 496.402,400,000 s)
2024-06-04 00:13:15,845 INFO  - Atempting to process queue (at simulation time 496.500,000,000 s)
2024-06-04 00:13:15,845 INFO  - Vehicle is outside the detection area. (at simulation time 496.500,000,000 s)
2024-06-04 00:13:15,845 INFO  - Sent broadcast CAM message to all vehicles (at simulation time 496.500,000,000 s)
2024-06-04 00:13:15,846 INFO  - Received CAM message from veh_204 (at simulation time 496.500,400,000 s)
2024-06-04 00:13:15,846 INFO  - Received CAM message from veh_213 (at simulation time 496.500,900,000 s)
2024-06-04 00:13:15,846 INFO  - Received CAM message from veh_207 (at simulation time 496.500,900,000 s)
2024-06-04 00:13:15,846 INFO  - Received CAM message from veh_195 (at simulation time 496.501,400,000 s)
2024-06-04 00:13:15,846 INFO  - Received CAM message from veh_210 (at simulation time 496.501,900,000 s)
2024-06-04 00:13:15,847 INFO  - Received CAM message from veh_189 (at simulation time 496.501,900,000 s)
2024-06-04 00:13:15,847 INFO  - Atempting to process queue (at simulation time 496.600,000,000 s)
2024-06-04 00:13:15,847 INFO  - Vehicle is outside the detection area. (at simulation time 496.600,000,000 s)
2024-06-04 00:13:15,847 INFO  - Sent broadcast CAM message to all vehicles (at simulation time 496.600,000,000 s)
2024-06-04 00:13:15,847 INFO  - Received CAM message from veh_210 (at simulation time 496.600,400,000 s)
2024-06-04 00:13:15,847 INFO  - Received CAM message from veh_207 (at simulation time 496.600,400,000 s)
2024-06-04 00:13:15,848 INFO  - Received CAM message from veh_213 (at simulation time 496.601,900,000 s)
2024-06-04 00:13:15,848 INFO  - Received CAM message from veh_195 (at simulation time 496.601,900,000 s)
2024-06-04 00:13:15,849 INFO  - Received CAM message from veh_204 (at simulation time 496.602,400,000 s)
2024-06-04 00:13:15,849 INFO  - Received CAM message from veh_189 (at simulation time 496.602,400,000 s)
2024-06-04 00:13:15,849 INFO  - Atempting to process queue (at simulation time 496.700,000,000 s)
2024-06-04 00:13:15,849 INFO  - Vehicle is outside the detection area. (at simulation time 496.700,000,000 s)
2024-06-04 00:13:15,849 INFO  - Sent broadcast CAM message to all vehicles (at simulation time 496.700,000,000 s)
2024-06-04 00:13:15,850 INFO  - Received CAM message from veh_213 (at simulation time 496.700,400,000 s)
2024-06-04 00:13:15,852 INFO  - Received CAM message from veh_195 (at simulation time 496.700,900,000 s)
2024-06-04 00:13:15,852 INFO  - Received CAM message from veh_189 (at simulation time 496.700,900,000 s)
2024-06-04 00:13:15,852 INFO  - Received CAM message from veh_210 (at simulation time 496.701,400,000 s)
2024-06-04 00:13:15,852 INFO  - Received CAM message from veh_207 (at simulation time 496.701,400,000 s)
2024-06-04 00:13:15,853 INFO  - Received CAM message from veh_204 (at simulation time 496.702,400,000 s)
2024-06-04 00:13:15,853 INFO  - Atempting to process queue (at simulation time 496.800,000,000 s)
2024-06-04 00:13:15,853 INFO  - Vehicle is outside the detection area. (at simulation time 496.800,000,000 s)
2024-06-04 00:13:15,853 INFO  - Sent broadcast CAM message to all vehicles (at simulation time 496.800,000,000 s)
2024-06-04 00:13:15,854 INFO  - Received CAM message from veh_210 (at simulation time 496.800,400,000 s)
2024-06-04 00:13:15,854 INFO  - Received CAM message from veh_204 (at simulation time 496.800,400,000 s)
2024-06-04 00:13:15,855 INFO  - Received CAM message from veh_195 (at simulation time 496.800,900,000 s)
2024-06-04 00:13:15,855 INFO  - Received CAM message from veh_207 (at simulation time 496.801,400,000 s)
2024-06-04 00:13:15,855 INFO  - Received CAM message from veh_189 (at simulation time 496.801,400,000 s)
2024-06-04 00:13:15,856 INFO  - Received CAM message from veh_213 (at simulation time 496.802,400,000 s)
2024-06-04 00:13:15,856 INFO  - Atempting to process queue (at simulation time 496.900,000,000 s)
2024-06-04 00:13:15,856 INFO  - Vehicle is outside the detection area. (at simulation time 496.900,000,000 s)
2024-06-04 00:13:15,856 INFO  - Sent broadcast CAM message to all vehicles (at simulation time 496.900,000,000 s)
2024-06-04 00:13:15,857 INFO  - Received CAM message from veh_204 (at simulation time 496.900,400,000 s)
2024-06-04 00:13:15,857 INFO  - Received CAM message from veh_195 (at simulation time 496.900,400,000 s)
2024-06-04 00:13:15,857 INFO  - Received CAM message from veh_207 (at simulation time 496.900,900,000 s)
2024-06-04 00:13:15,857 INFO  - Received CAM message from veh_189 (at simulation time 496.901,400,000 s)
2024-06-04 00:13:15,857 INFO  - Received CAM message from veh_213 (at simulation time 496.901,900,000 s)
2024-06-04 00:13:15,857 INFO  - Received CAM message from veh_210 (at simulation time 496.901,900,000 s)
2024-06-04 00:13:15,861 INFO  - Atempting to process queue (at simulation time 497.000,000,000 s)
2024-06-04 00:13:15,861 INFO  - Vehicle is outside the detection area. (at simulation time 497.000,000,000 s)
2024-06-04 00:13:15,861 INFO  - Sent broadcast CAM message to all vehicles (at simulation time 497.000,000,000 s)
2024-06-04 00:13:15,864 INFO  - Received CAM message from veh_204 (at simulation time 497.000,400,000 s)
2024-06-04 00:13:15,864 INFO  - Received CAM message from veh_213 (at simulation time 497.000,900,000 s)
2024-06-04 00:13:15,864 INFO  - Received CAM message from veh_210 (at simulation time 497.000,900,000 s)
2024-06-04 00:13:15,864 INFO  - Received CAM message from veh_189 (at simulation time 497.000,900,000 s)
2024-06-04 00:13:15,865 INFO  - Received CAM message from veh_195 (at simulation time 497.001,900,000 s)
2024-06-04 00:13:15,866 INFO  - Received CAM message from veh_207 (at simulation time 497.002,400,000 s)
2024-06-04 00:13:15,866 INFO  - Atempting to process queue (at simulation time 497.100,000,000 s)
2024-06-04 00:13:15,866 INFO  - Vehicle is outside the detection area. (at simulation time 497.100,000,000 s)
2024-06-04 00:13:15,866 INFO  - Sent broadcast CAM message to all vehicles (at simulation time 497.100,000,000 s)
2024-06-04 00:13:15,867 INFO  - Received CAM message from veh_207 (at simulation time 497.100,900,000 s)
2024-06-04 00:13:15,867 INFO  - Received CAM message from veh_195 (at simulation time 497.100,900,000 s)
2024-06-04 00:13:15,867 INFO  - Received CAM message from veh_189 (at simulation time 497.100,900,000 s)
2024-06-04 00:13:15,868 INFO  - Received CAM message from veh_213 (at simulation time 497.101,400,000 s)
2024-06-04 00:13:15,869 INFO  - Received CAM message from veh_210 (at simulation time 497.102,400,000 s)
2024-06-04 00:13:15,869 INFO  - Received CAM message from veh_204 (at simulation time 497.102,400,000 s)
2024-06-04 00:13:15,869 INFO  - Atempting to process queue (at simulation time 497.200,000,000 s)
2024-06-04 00:13:15,869 INFO  - Vehicle is outside the detection area. (at simulation time 497.200,000,000 s)
2024-06-04 00:13:15,869 INFO  - Sent broadcast CAM message to all vehicles (at simulation time 497.200,000,000 s)
2024-06-04 00:13:15,870 INFO  - Received CAM message from veh_210 (at simulation time 497.200,400,000 s)
2024-06-04 00:13:15,870 INFO  - Received CAM message from veh_207 (at simulation time 497.200,900,000 s)
2024-06-04 00:13:15,870 INFO  - Received CAM message from veh_213 (at simulation time 497.201,400,000 s)
2024-06-04 00:13:15,870 INFO  - Received CAM message from veh_189 (at simulation time 497.201,400,000 s)
2024-06-04 00:13:15,871 INFO  - Received CAM message from veh_204 (at simulation time 497.202,400,000 s)
2024-06-04 00:13:15,871 INFO  - Received CAM message from veh_195 (at simulation time 497.202,400,000 s)
2024-06-04 00:13:15,871 INFO  - Atempting to process queue (at simulation time 497.300,000,000 s)
2024-06-04 00:13:15,871 INFO  - Vehicle is outside the detection area. (at simulation time 497.300,000,000 s)
2024-06-04 00:13:15,871 INFO  - Sent broadcast CAM message to all vehicles (at simulation time 497.300,000,000 s)
2024-06-04 00:13:15,872 INFO  - Received CAM message from veh_213 (at simulation time 497.300,900,000 s)
2024-06-04 00:13:15,872 INFO  - Received CAM message from veh_210 (at simulation time 497.300,900,000 s)
2024-06-04 00:13:15,872 INFO  - Received CAM message from veh_195 (at simulation time 497.300,900,000 s)
2024-06-04 00:13:15,872 INFO  - Received CAM message from veh_189 (at simulation time 497.301,400,000 s)
2024-06-04 00:13:15,873 INFO  - Received CAM message from veh_207 (at simulation time 497.302,400,000 s)
2024-06-04 00:13:15,873 INFO  - Received CAM message from veh_204 (at simulation time 497.302,400,000 s)
2024-06-04 00:13:15,873 INFO  - Atempting to process queue (at simulation time 497.400,000,000 s)
2024-06-04 00:13:15,873 INFO  - Vehicle is outside the detection area. (at simulation time 497.400,000,000 s)
2024-06-04 00:13:15,873 INFO  - Sent broadcast CAM message to all vehicles (at simulation time 497.400,000,000 s)
2024-06-04 00:13:15,873 INFO  - Received CAM message from veh_207 (at simulation time 497.400,400,000 s)
2024-06-04 00:13:15,874 INFO  - Received CAM message from veh_213 (at simulation time 497.400,900,000 s)
2024-06-04 00:13:15,874 INFO  - Received CAM message from veh_195 (at simulation time 497.400,900,000 s)
2024-06-04 00:13:15,874 INFO  - Received CAM message from veh_204 (at simulation time 497.401,400,000 s)
2024-06-04 00:13:15,874 INFO  - Received CAM message from veh_210 (at simulation time 497.402,400,000 s)
2024-06-04 00:13:15,874 INFO  - Received CAM message from veh_189 (at simulation time 497.402,400,000 s)
2024-06-04 00:13:15,875 INFO  - Atempting to process queue (at simulation time 497.500,000,000 s)
2024-06-04 00:13:15,875 INFO  - Vehicle is outside the detection area. (at simulation time 497.500,000,000 s)
2024-06-04 00:13:15,875 INFO  - Sent broadcast CAM message to all vehicles (at simulation time 497.500,000,000 s)
2024-06-04 00:13:15,876 INFO  - Received CAM message from veh_210 (at simulation time 497.500,400,000 s)
2024-06-04 00:13:15,877 INFO  - Received CAM message from veh_213 (at simulation time 497.501,400,000 s)
2024-06-04 00:13:15,878 INFO  - Received CAM message from veh_207 (at simulation time 497.501,900,000 s)
2024-06-04 00:13:15,878 INFO  - Received CAM message from veh_204 (at simulation time 497.501,900,000 s)
2024-06-04 00:13:15,878 INFO  - Received CAM message from veh_195 (at simulation time 497.502,400,000 s)
2024-06-04 00:13:15,879 INFO  - Received CAM message from veh_189 (at simulation time 497.502,400,000 s)
2024-06-04 00:13:15,879 INFO  - Atempting to process queue (at simulation time 497.600,000,000 s)
2024-06-04 00:13:15,879 INFO  - Vehicle is outside the detection area. (at simulation time 497.600,000,000 s)
2024-06-04 00:13:15,879 INFO  - Sent broadcast CAM message to all vehicles (at simulation time 497.600,000,000 s)
2024-06-04 00:13:15,880 INFO  - Received CAM message from veh_207 (at simulation time 497.600,900,000 s)
2024-06-04 00:13:15,881 INFO  - Received CAM message from veh_204 (at simulation time 497.601,900,000 s)
2024-06-04 00:13:15,881 INFO  - Received CAM message from veh_195 (at simulation time 497.601,900,000 s)
2024-06-04 00:13:15,881 INFO  - Received CAM message from veh_213 (at simulation time 497.602,400,000 s)
2024-06-04 00:13:15,881 INFO  - Received CAM message from veh_210 (at simulation time 497.602,400,000 s)
2024-06-04 00:13:15,881 INFO  - Received CAM message from veh_189 (at simulation time 497.602,400,000 s)
2024-06-04 00:13:15,881 INFO  - Atempting to process queue (at simulation time 497.700,000,000 s)
2024-06-04 00:13:15,881 INFO  - Vehicle is outside the detection area. (at simulation time 497.700,000,000 s)
2024-06-04 00:13:15,881 INFO  - Sent broadcast CAM message to all vehicles (at simulation time 497.700,000,000 s)
2024-06-04 00:13:15,882 INFO  - Received CAM message from veh_210 (at simulation time 497.700,400,000 s)
2024-06-04 00:13:15,882 INFO  - Received CAM message from veh_189 (at simulation time 497.700,400,000 s)
2024-06-04 00:13:15,883 INFO  - Received CAM message from veh_207 (at simulation time 497.700,900,000 s)
2024-06-04 00:13:15,883 INFO  - Received CAM message from veh_204 (at simulation time 497.700,900,000 s)
2024-06-04 00:13:15,883 INFO  - Received CAM message from veh_195 (at simulation time 497.700,900,000 s)
2024-06-04 00:13:15,883 INFO  - Received CAM message from veh_213 (at simulation time 497.701,400,000 s)
2024-06-04 00:13:15,883 INFO  - Atempting to process queue (at simulation time 497.800,000,000 s)
2024-06-04 00:13:15,883 INFO  - Vehicle is outside the detection area. (at simulation time 497.800,000,000 s)
2024-06-04 00:13:15,883 INFO  - Sent broadcast CAM message to all vehicles (at simulation time 497.800,000,000 s)
2024-06-04 00:13:15,884 INFO  - Received CAM message from veh_213 (at simulation time 497.800,400,000 s)
2024-06-04 00:13:15,884 INFO  - Received CAM message from veh_210 (at simulation time 497.800,400,000 s)
2024-06-04 00:13:15,884 INFO  - Received CAM message from veh_207 (at simulation time 497.800,400,000 s)
2024-06-04 00:13:15,884 INFO  - Received CAM message from veh_189 (at simulation time 497.800,400,000 s)
2024-06-04 00:13:15,884 INFO  - Received CAM message from veh_195 (at simulation time 497.800,900,000 s)
2024-06-04 00:13:15,884 INFO  - Received CAM message from veh_204 (at simulation time 497.801,400,000 s)
2024-06-04 00:13:15,885 INFO  - Atempting to process queue (at simulation time 497.900,000,000 s)
2024-06-04 00:13:15,885 INFO  - Vehicle is outside the detection area. (at simulation time 497.900,000,000 s)
2024-06-04 00:13:15,885 INFO  - Sent broadcast CAM message to all vehicles (at simulation time 497.900,000,000 s)
2024-06-04 00:13:15,886 INFO  - Received CAM message from veh_213 (at simulation time 497.900,400,000 s)
2024-06-04 00:13:15,886 INFO  - Received CAM message from veh_207 (at simulation time 497.900,900,000 s)
2024-06-04 00:13:15,886 INFO  - Received CAM message from veh_195 (at simulation time 497.900,900,000 s)
2024-06-04 00:13:15,886 INFO  - Received CAM message from veh_189 (at simulation time 497.900,900,000 s)
2024-06-04 00:13:15,886 INFO  - Received CAM message from veh_210 (at simulation time 497.901,900,000 s)
2024-06-04 00:13:15,886 INFO  - Received CAM message from veh_204 (at simulation time 497.901,900,000 s)
2024-06-04 00:13:15,890 INFO  - Atempting to process queue (at simulation time 498.000,000,000 s)
2024-06-04 00:13:15,890 INFO  - Vehicle is outside the detection area. (at simulation time 498.000,000,000 s)
2024-06-04 00:13:15,890 INFO  - Sent broadcast CAM message to all vehicles (at simulation time 498.000,000,000 s)
2024-06-04 00:13:15,893 INFO  - Received CAM message from veh_213 (at simulation time 498.000,400,000 s)
2024-06-04 00:13:15,893 INFO  - Received CAM message from veh_210 (at simulation time 498.000,400,000 s)
2024-06-04 00:13:15,893 INFO  - Received CAM message from veh_189 (at simulation time 498.000,400,000 s)
2024-06-04 00:13:15,894 INFO  - Received CAM message from veh_204 (at simulation time 498.001,400,000 s)
2024-06-04 00:13:15,894 INFO  - Received CAM message from veh_207 (at simulation time 498.001,900,000 s)
2024-06-04 00:13:15,895 INFO  - Received CAM message from veh_195 (at simulation time 498.002,400,000 s)
2024-06-04 00:13:15,895 INFO  - Atempting to process queue (at simulation time 498.100,000,000 s)
2024-06-04 00:13:15,895 INFO  - Vehicle is outside the detection area. (at simulation time 498.100,000,000 s)
2024-06-04 00:13:15,895 INFO  - Sent broadcast CAM message to all vehicles (at simulation time 498.100,000,000 s)
2024-06-04 00:13:15,897 INFO  - Received CAM message from veh_204 (at simulation time 498.100,900,000 s)
2024-06-04 00:13:15,897 INFO  - Received CAM message from veh_213 (at simulation time 498.101,400,000 s)
2024-06-04 00:13:15,897 INFO  - Received CAM message from veh_195 (at simulation time 498.101,400,000 s)
2024-06-04 00:13:15,898 INFO  - Received CAM message from veh_210 (at simulation time 498.102,400,000 s)
2024-06-04 00:13:15,899 INFO  - Received CAM message from veh_207 (at simulation time 498.102,400,000 s)
2024-06-04 00:13:15,899 INFO  - Received CAM message from veh_189 (at simulation time 498.102,400,000 s)
2024-06-04 00:13:15,899 INFO  - Atempting to process queue (at simulation time 498.200,000,000 s)
2024-06-04 00:13:15,899 INFO  - Vehicle is outside the detection area. (at simulation time 498.200,000,000 s)
2024-06-04 00:13:15,899 INFO  - Sent broadcast CAM message to all vehicles (at simulation time 498.200,000,000 s)
2024-06-04 00:13:15,900 INFO  - Received CAM message from veh_189 (at simulation time 498.200,900,000 s)
2024-06-04 00:13:15,900 INFO  - Received CAM message from veh_213 (at simulation time 498.201,400,000 s)
2024-06-04 00:13:15,900 INFO  - Received CAM message from veh_207 (at simulation time 498.201,400,000 s)
2024-06-04 00:13:15,900 INFO  - Received CAM message from veh_210 (at simulation time 498.201,900,000 s)
2024-06-04 00:13:15,900 INFO  - Received CAM message from veh_195 (at simulation time 498.201,900,000 s)
2024-06-04 00:13:15,900 INFO  - Received CAM message from veh_204 (at simulation time 498.202,400,000 s)
2024-06-04 00:13:15,900 INFO  - Atempting to process queue (at simulation time 498.300,000,000 s)
2024-06-04 00:13:15,900 INFO  - Vehicle is outside the detection area. (at simulation time 498.300,000,000 s)
2024-06-04 00:13:15,900 INFO  - Sent broadcast CAM message to all vehicles (at simulation time 498.300,000,000 s)
2024-06-04 00:13:15,902 INFO  - Received CAM message from veh_210 (at simulation time 498.301,400,000 s)
2024-06-04 00:13:15,902 INFO  - Received CAM message from veh_195 (at simulation time 498.301,400,000 s)
2024-06-04 00:13:15,902 INFO  - Received CAM message from veh_189 (at simulation time 498.301,400,000 s)
2024-06-04 00:13:15,902 INFO  - Received CAM message from veh_204 (at simulation time 498.301,900,000 s)
2024-06-04 00:13:15,902 INFO  - Received CAM message from veh_213 (at simulation time 498.302,400,000 s)
2024-06-04 00:13:15,902 INFO  - Received CAM message from veh_207 (at simulation time 498.302,400,000 s)
2024-06-04 00:13:15,902 INFO  - Atempting to process queue (at simulation time 498.400,000,000 s)
2024-06-04 00:13:15,902 INFO  - Vehicle is outside the detection area. (at simulation time 498.400,000,000 s)
2024-06-04 00:13:15,902 INFO  - Sent broadcast CAM message to all vehicles (at simulation time 498.400,000,000 s)
2024-06-04 00:13:15,903 INFO  - Received CAM message from veh_210 (at simulation time 498.400,400,000 s)
2024-06-04 00:13:15,903 INFO  - Received CAM message from veh_204 (at simulation time 498.400,400,000 s)
2024-06-04 00:13:15,903 INFO  - Received CAM message from veh_195 (at simulation time 498.400,400,000 s)
2024-06-04 00:13:15,903 INFO  - Received CAM message from veh_189 (at simulation time 498.400,400,000 s)
2024-06-04 00:13:15,903 INFO  - Received CAM message from veh_213 (at simulation time 498.400,900,000 s)
2024-06-04 00:13:15,903 INFO  - Received CAM message from veh_207 (at simulation time 498.401,400,000 s)
2024-06-04 00:13:15,904 INFO  - Atempting to process queue (at simulation time 498.500,000,000 s)
2024-06-04 00:13:15,904 INFO  - Vehicle is outside the detection area. (at simulation time 498.500,000,000 s)
2024-06-04 00:13:15,904 INFO  - Sent broadcast CAM message to all vehicles (at simulation time 498.500,000,000 s)
2024-06-04 00:13:15,904 INFO  - Received CAM message from veh_207 (at simulation time 498.500,400,000 s)
2024-06-04 00:13:15,904 INFO  - Received CAM message from veh_189 (at simulation time 498.500,400,000 s)
2024-06-04 00:13:15,905 INFO  - Received CAM message from veh_213 (at simulation time 498.501,400,000 s)
2024-06-04 00:13:15,905 INFO  - Received CAM message from veh_195 (at simulation time 498.501,400,000 s)
2024-06-04 00:13:15,905 INFO  - Received CAM message from veh_204 (at simulation time 498.501,900,000 s)
2024-06-04 00:13:15,906 INFO  - Received CAM message from veh_210 (at simulation time 498.502,400,000 s)
2024-06-04 00:13:15,906 INFO  - Atempting to process queue (at simulation time 498.600,000,000 s)
2024-06-04 00:13:15,906 INFO  - Vehicle is outside the detection area. (at simulation time 498.600,000,000 s)
2024-06-04 00:13:15,906 INFO  - Sent broadcast CAM message to all vehicles (at simulation time 498.600,000,000 s)
2024-06-04 00:13:15,907 INFO  - Received CAM message from veh_204 (at simulation time 498.600,400,000 s)
2024-06-04 00:13:15,907 INFO  - Received CAM message from veh_207 (at simulation time 498.600,900,000 s)
2024-06-04 00:13:15,908 INFO  - Received CAM message from veh_189 (at simulation time 498.600,900,000 s)
2024-06-04 00:13:15,908 INFO  - Received CAM message from veh_210 (at simulation time 498.601,400,000 s)
2024-06-04 00:13:15,908 INFO  - Received CAM message from veh_195 (at simulation time 498.601,900,000 s)
2024-06-04 00:13:15,908 INFO  - Received CAM message from veh_213 (at simulation time 498.602,400,000 s)
2024-06-04 00:13:15,909 INFO  - Atempting to process queue (at simulation time 498.700,000,000 s)
2024-06-04 00:13:15,909 INFO  - Vehicle is outside the detection area. (at simulation time 498.700,000,000 s)
2024-06-04 00:13:15,909 INFO  - Sent broadcast CAM message to all vehicles (at simulation time 498.700,000,000 s)
2024-06-04 00:13:15,910 INFO  - Received CAM message from veh_210 (at simulation time 498.700,400,000 s)
2024-06-04 00:13:15,910 INFO  - Received CAM message from veh_207 (at simulation time 498.700,400,000 s)
2024-06-04 00:13:15,910 INFO  - Received CAM message from veh_189 (at simulation time 498.700,400,000 s)
2024-06-04 00:13:15,910 INFO  - Received CAM message from veh_204 (at simulation time 498.700,900,000 s)
2024-06-04 00:13:15,911 INFO  - Received CAM message from veh_195 (at simulation time 498.701,400,000 s)
2024-06-04 00:13:15,911 INFO  - Received CAM message from veh_213 (at simulation time 498.701,900,000 s)
2024-06-04 00:13:15,911 INFO  - Atempting to process queue (at simulation time 498.800,000,000 s)
2024-06-04 00:13:15,911 INFO  - Vehicle is outside the detection area. (at simulation time 498.800,000,000 s)
2024-06-04 00:13:15,911 INFO  - Sent broadcast CAM message to all vehicles (at simulation time 498.800,000,000 s)
2024-06-04 00:13:15,912 INFO  - Received CAM message from veh_189 (at simulation time 498.800,400,000 s)
2024-06-04 00:13:15,912 INFO  - Received CAM message from veh_195 (at simulation time 498.800,900,000 s)
2024-06-04 00:13:15,913 INFO  - Received CAM message from veh_210 (at simulation time 498.801,400,000 s)
2024-06-04 00:13:15,913 INFO  - Received CAM message from veh_207 (at simulation time 498.801,400,000 s)
2024-06-04 00:13:15,913 INFO  - Received CAM message from veh_213 (at simulation time 498.801,900,000 s)
2024-06-04 00:13:15,913 INFO  - Received CAM message from veh_204 (at simulation time 498.802,400,000 s)
2024-06-04 00:13:15,913 INFO  - Atempting to process queue (at simulation time 498.900,000,000 s)
2024-06-04 00:13:15,913 INFO  - Vehicle is outside the detection area. (at simulation time 498.900,000,000 s)
2024-06-04 00:13:15,913 INFO  - Sent broadcast CAM message to all vehicles (at simulation time 498.900,000,000 s)
2024-06-04 00:13:15,914 INFO  - Received CAM message from veh_204 (at simulation time 498.900,400,000 s)
2024-06-04 00:13:15,914 INFO  - Received CAM message from veh_195 (at simulation time 498.900,400,000 s)
2024-06-04 00:13:15,914 INFO  - Received CAM message from veh_213 (at simulation time 498.900,900,000 s)
2024-06-04 00:13:15,914 INFO  - Received CAM message from veh_207 (at simulation time 498.900,900,000 s)
2024-06-04 00:13:15,914 INFO  - Received CAM message from veh_189 (at simulation time 498.900,900,000 s)
2024-06-04 00:13:15,914 INFO  - Received CAM message from veh_210 (at simulation time 498.901,400,000 s)
2024-06-04 00:13:15,920 INFO  - Atempting to process queue (at simulation time 499.000,000,000 s)
2024-06-04 00:13:15,920 INFO  - Vehicle is outside the detection area. (at simulation time 499.000,000,000 s)
2024-06-04 00:13:15,920 INFO  - Sent broadcast CAM message to all vehicles (at simulation time 499.000,000,000 s)
2024-06-04 00:13:15,922 INFO  - Received CAM message from veh_195 (at simulation time 499.000,400,000 s)
2024-06-04 00:13:15,922 INFO  - Received CAM message from veh_210 (at simulation time 499.000,900,000 s)
2024-06-04 00:13:15,922 INFO  - Received CAM message from veh_207 (at simulation time 499.000,900,000 s)
2024-06-04 00:13:15,922 INFO  - Received CAM message from veh_189 (at simulation time 499.000,900,000 s)
2024-06-04 00:13:15,922 INFO  - Received CAM message from veh_213 (at simulation time 499.001,400,000 s)
2024-06-04 00:13:15,922 INFO  - Received CAM message from veh_204 (at simulation time 499.001,400,000 s)
2024-06-04 00:13:15,923 INFO  - Atempting to process queue (at simulation time 499.100,000,000 s)
2024-06-04 00:13:15,923 INFO  - Vehicle is outside the detection area. (at simulation time 499.100,000,000 s)
2024-06-04 00:13:15,923 INFO  - Sent broadcast CAM message to all vehicles (at simulation time 499.100,000,000 s)
2024-06-04 00:13:15,923 INFO  - Received CAM message from veh_207 (at simulation time 499.100,400,000 s)
2024-06-04 00:13:15,924 INFO  - Received CAM message from veh_204 (at simulation time 499.101,400,000 s)
2024-06-04 00:13:15,924 INFO  - Received CAM message from veh_195 (at simulation time 499.101,400,000 s)
2024-06-04 00:13:15,924 INFO  - Received CAM message from veh_189 (at simulation time 499.101,400,000 s)
2024-06-04 00:13:15,925 INFO  - Received CAM message from veh_210 (at simulation time 499.101,900,000 s)
2024-06-04 00:13:15,925 INFO  - Received CAM message from veh_213 (at simulation time 499.102,400,000 s)
2024-06-04 00:13:15,926 INFO  - Atempting to process queue (at simulation time 499.200,000,000 s)
2024-06-04 00:13:15,926 INFO  - Vehicle is outside the detection area. (at simulation time 499.200,000,000 s)
2024-06-04 00:13:15,926 INFO  - Sent broadcast CAM message to all vehicles (at simulation time 499.200,000,000 s)
2024-06-04 00:13:15,927 INFO  - Received CAM message from veh_204 (at simulation time 499.200,400,000 s)
2024-06-04 00:13:15,928 INFO  - Received CAM message from veh_195 (at simulation time 499.200,900,000 s)
2024-06-04 00:13:15,928 INFO  - Received CAM message from veh_213 (at simulation time 499.201,400,000 s)
2024-06-04 00:13:15,928 INFO  - Received CAM message from veh_210 (at simulation time 499.201,400,000 s)
2024-06-04 00:13:15,929 INFO  - Received CAM message from veh_189 (at simulation time 499.201,900,000 s)
2024-06-04 00:13:15,929 INFO  - Received CAM message from veh_207 (at simulation time 499.202,400,000 s)
2024-06-04 00:13:15,929 INFO  - Atempting to process queue (at simulation time 499.300,000,000 s)
2024-06-04 00:13:15,929 INFO  - Vehicle is outside the detection area. (at simulation time 499.300,000,000 s)
2024-06-04 00:13:15,929 INFO  - Sent broadcast CAM message to all vehicles (at simulation time 499.300,000,000 s)
2024-06-04 00:13:15,930 INFO  - Received CAM message from veh_213 (at simulation time 499.300,400,000 s)
2024-06-04 00:13:15,930 INFO  - Received CAM message from veh_210 (at simulation time 499.300,400,000 s)
2024-06-04 00:13:15,931 INFO  - Received CAM message from veh_207 (at simulation time 499.301,400,000 s)
2024-06-04 00:13:15,931 INFO  - Received CAM message from veh_189 (at simulation time 499.301,400,000 s)
2024-06-04 00:13:15,931 INFO  - Received CAM message from veh_195 (at simulation time 499.301,900,000 s)
2024-06-04 00:13:15,932 INFO  - Received CAM message from veh_204 (at simulation time 499.302,400,000 s)
2024-06-04 00:13:15,932 INFO  - Atempting to process queue (at simulation time 499.400,000,000 s)
2024-06-04 00:13:15,932 INFO  - Vehicle is outside the detection area. (at simulation time 499.400,000,000 s)
2024-06-04 00:13:15,932 INFO  - Sent broadcast CAM message to all vehicles (at simulation time 499.400,000,000 s)
2024-06-04 00:13:15,933 INFO  - Received CAM message from veh_207 (at simulation time 499.400,400,000 s)
2024-06-04 00:13:15,933 INFO  - Received CAM message from veh_204 (at simulation time 499.400,900,000 s)
2024-06-04 00:13:15,933 INFO  - Received CAM message from veh_213 (at simulation time 499.401,400,000 s)
2024-06-04 00:13:15,933 INFO  - Received CAM message from veh_195 (at simulation time 499.401,400,000 s)
2024-06-04 00:13:15,933 INFO  - Received CAM message from veh_189 (at simulation time 499.401,400,000 s)
2024-06-04 00:13:15,933 INFO  - Received CAM message from veh_210 (at simulation time 499.401,900,000 s)
2024-06-04 00:13:15,934 INFO  - Atempting to process queue (at simulation time 499.500,000,000 s)
2024-06-04 00:13:15,934 INFO  - Vehicle is outside the detection area. (at simulation time 499.500,000,000 s)
2024-06-04 00:13:15,934 INFO  - Sent broadcast CAM message to all vehicles (at simulation time 499.500,000,000 s)
2024-06-04 00:13:15,934 INFO  - Received CAM message from veh_189 (at simulation time 499.500,400,000 s)
2024-06-04 00:13:15,935 INFO  - Received CAM message from veh_195 (at simulation time 499.500,900,000 s)
2024-06-04 00:13:15,935 INFO  - Received CAM message from veh_204 (at simulation time 499.501,400,000 s)
2024-06-04 00:13:15,935 INFO  - Received CAM message from veh_210 (at simulation time 499.501,900,000 s)
2024-06-04 00:13:15,935 INFO  - Received CAM message from veh_207 (at simulation time 499.501,900,000 s)
2024-06-04 00:13:15,935 INFO  - Received CAM message from veh_213 (at simulation time 499.502,400,000 s)
2024-06-04 00:13:15,935 INFO  - Atempting to process queue (at simulation time 499.600,000,000 s)
2024-06-04 00:13:15,935 INFO  - Vehicle is outside the detection area. (at simulation time 499.600,000,000 s)
2024-06-04 00:13:15,935 INFO  - Sent broadcast CAM message to all vehicles (at simulation time 499.600,000,000 s)
2024-06-04 00:13:15,936 INFO  - Received CAM message from veh_213 (at simulation time 499.600,400,000 s)
2024-06-04 00:13:15,936 INFO  - Received CAM message from veh_195 (at simulation time 499.600,400,000 s)
2024-06-04 00:13:15,936 INFO  - Received CAM message from veh_207 (at simulation time 499.600,900,000 s)
2024-06-04 00:13:15,936 INFO  - Received CAM message from veh_204 (at simulation time 499.601,400,000 s)
2024-06-04 00:13:15,937 INFO  - Received CAM message from veh_189 (at simulation time 499.601,900,000 s)
2024-06-04 00:13:15,937 INFO  - Received CAM message from veh_210 (at simulation time 499.602,400,000 s)
2024-06-04 00:13:15,937 INFO  - Atempting to process queue (at simulation time 499.700,000,000 s)
2024-06-04 00:13:15,937 INFO  - Vehicle is outside the detection area. (at simulation time 499.700,000,000 s)
2024-06-04 00:13:15,937 INFO  - Sent broadcast CAM message to all vehicles (at simulation time 499.700,000,000 s)
2024-06-04 00:13:15,938 INFO  - Received CAM message from veh_213 (at simulation time 499.700,400,000 s)
2024-06-04 00:13:15,938 INFO  - Received CAM message from veh_210 (at simulation time 499.700,900,000 s)
2024-06-04 00:13:15,938 INFO  - Received CAM message from veh_204 (at simulation time 499.701,400,000 s)
2024-06-04 00:13:15,938 INFO  - Received CAM message from veh_195 (at simulation time 499.701,400,000 s)
2024-06-04 00:13:15,939 INFO  - Received CAM message from veh_207 (at simulation time 499.701,900,000 s)
2024-06-04 00:13:15,939 INFO  - Received CAM message from veh_189 (at simulation time 499.702,400,000 s)
2024-06-04 00:13:15,939 INFO  - Atempting to process queue (at simulation time 499.800,000,000 s)
2024-06-04 00:13:15,939 INFO  - Vehicle is outside the detection area. (at simulation time 499.800,000,000 s)
2024-06-04 00:13:15,939 INFO  - Sent broadcast CAM message to all vehicles (at simulation time 499.800,000,000 s)
2024-06-04 00:13:15,940 INFO  - Received CAM message from veh_204 (at simulation time 499.800,400,000 s)
2024-06-04 00:13:15,940 INFO  - Received CAM message from veh_207 (at simulation time 499.800,900,000 s)
2024-06-04 00:13:15,940 INFO  - Received CAM message from veh_189 (at simulation time 499.800,900,000 s)
2024-06-04 00:13:15,940 INFO  - Received CAM message from veh_195 (at simulation time 499.801,400,000 s)
2024-06-04 00:13:15,941 INFO  - Received CAM message from veh_213 (at simulation time 499.801,900,000 s)
2024-06-04 00:13:15,941 INFO  - Received CAM message from veh_210 (at simulation time 499.802,400,000 s)
2024-06-04 00:13:15,941 INFO  - Atempting to process queue (at simulation time 499.900,000,000 s)
2024-06-04 00:13:15,941 INFO  - Vehicle is outside the detection area. (at simulation time 499.900,000,000 s)
2024-06-04 00:13:15,941 INFO  - Sent broadcast CAM message to all vehicles (at simulation time 499.900,000,000 s)
2024-06-04 00:13:15,942 INFO  - Received CAM message from veh_207 (at simulation time 499.900,400,000 s)
2024-06-04 00:13:15,943 INFO  - Received CAM message from veh_195 (at simulation time 499.900,900,000 s)
2024-06-04 00:13:15,943 INFO  - Received CAM message from veh_189 (at simulation time 499.900,900,000 s)
2024-06-04 00:13:15,943 INFO  - Received CAM message from veh_213 (at simulation time 499.901,900,000 s)
2024-06-04 00:13:15,943 INFO  - Received CAM message from veh_204 (at simulation time 499.901,900,000 s)
2024-06-04 00:13:15,944 INFO  - Received CAM message from veh_210 (at simulation time 499.902,400,000 s)
2024-06-04 00:13:15,949 INFO  - Atempting to process queue (at simulation time 500.000,000,000 s)
2024-06-04 00:13:15,949 INFO  - Vehicle is outside the detection area. (at simulation time 500.000,000,000 s)
2024-06-04 00:13:15,949 INFO  - Sent broadcast CAM message to all vehicles (at simulation time 500.000,000,000 s)
2024-06-04 00:13:15,950 INFO  - Shutdown application (at simulation time 500.000,000,000 s)
