2024-06-04 00:13:06,400 INFO  - Initialize application (at simulation time 151.000,000,000 s)
2024-06-04 00:13:06,401 INFO  - Activated WLAN Module (at simulation time 151.000,000,000 s)
2024-06-04 00:13:06,401 INFO  - Vehicle is outside the detection area. (at simulation time 151.000,000,000 s)
2024-06-04 00:13:06,401 INFO  - Sent broadcast CAM message to all vehicles (at simulation time 151.000,000,000 s)
2024-06-04 00:13:06,405 INFO  - Vehicle is outside the detection area. (at simulation time 151.100,000,000 s)
2024-06-04 00:13:06,405 INFO  - Sent broadcast CAM message to all vehicles (at simulation time 151.100,000,000 s)
2024-06-04 00:13:06,407 INFO  - Vehicle is outside the detection area. (at simulation time 151.200,000,000 s)
2024-06-04 00:13:06,407 INFO  - Sent broadcast CAM message to all vehicles (at simulation time 151.200,000,000 s)
2024-06-04 00:13:06,409 INFO  - Vehicle is outside the detection area. (at simulation time 151.300,000,000 s)
2024-06-04 00:13:06,409 INFO  - Sent broadcast CAM message to all vehicles (at simulation time 151.300,000,000 s)
2024-06-04 00:13:06,411 INFO  - Vehicle is outside the detection area. (at simulation time 151.400,000,000 s)
2024-06-04 00:13:06,411 INFO  - Sent broadcast CAM message to all vehicles (at simulation time 151.400,000,000 s)
2024-06-04 00:13:06,412 INFO  - Vehicle is outside the detection area. (at simulation time 151.500,000,000 s)
2024-06-04 00:13:06,412 INFO  - Sent broadcast CAM message to all vehicles (at simulation time 151.500,000,000 s)
2024-06-04 00:13:06,428 INFO  - Vehicle is outside the detection area. (at simulation time 151.600,000,000 s)
2024-06-04 00:13:06,428 INFO  - Sent broadcast CAM message to all vehicles (at simulation time 151.600,000,000 s)
2024-06-04 00:13:06,430 INFO  - Vehicle is outside the detection area. (at simulation time 151.700,000,000 s)
2024-06-04 00:13:06,430 INFO  - Sent broadcast CAM message to all vehicles (at simulation time 151.700,000,000 s)
2024-06-04 00:13:06,432 INFO  - Vehicle is outside the detection area. (at simulation time 151.800,000,000 s)
2024-06-04 00:13:06,432 INFO  - Sent broadcast CAM message to all vehicles (at simulation time 151.800,000,000 s)
2024-06-04 00:13:06,434 INFO  - Vehicle is outside the detection area. (at simulation time 151.900,000,000 s)
2024-06-04 00:13:06,434 INFO  - Sent broadcast CAM message to all vehicles (at simulation time 151.900,000,000 s)
2024-06-04 00:13:06,437 INFO  - Vehicle is outside the detection area. (at simulation time 152.000,000,000 s)
2024-06-04 00:13:06,438 INFO  - Sent broadcast CAM message to all vehicles (at simulation time 152.000,000,000 s)
2024-06-04 00:13:06,440 INFO  - Vehicle is outside the detection area. (at simulation time 152.100,000,000 s)
2024-06-04 00:13:06,440 INFO  - Sent broadcast CAM message to all vehicles (at simulation time 152.100,000,000 s)
2024-06-04 00:13:06,442 INFO  - Vehicle is outside the detection area. (at simulation time 152.200,000,000 s)
2024-06-04 00:13:06,442 INFO  - Sent broadcast CAM message to all vehicles (at simulation time 152.200,000,000 s)
2024-06-04 00:13:06,443 INFO  - Vehicle is outside the detection area. (at simulation time 152.300,000,000 s)
2024-06-04 00:13:06,443 INFO  - Sent broadcast CAM message to all vehicles (at simulation time 152.300,000,000 s)
2024-06-04 00:13:06,445 INFO  - Vehicle is outside the detection area. (at simulation time 152.400,000,000 s)
2024-06-04 00:13:06,445 INFO  - Sent broadcast CAM message to all vehicles (at simulation time 152.400,000,000 s)
2024-06-04 00:13:06,447 INFO  - Vehicle is outside the detection area. (at simulation time 152.500,000,000 s)
2024-06-04 00:13:06,447 INFO  - Sent broadcast CAM message to all vehicles (at simulation time 152.500,000,000 s)
2024-06-04 00:13:06,449 INFO  - Vehicle is outside the detection area. (at simulation time 152.600,000,000 s)
2024-06-04 00:13:06,449 INFO  - Sent broadcast CAM message to all vehicles (at simulation time 152.600,000,000 s)
2024-06-04 00:13:06,451 INFO  - Vehicle is outside the detection area. (at simulation time 152.700,000,000 s)
2024-06-04 00:13:06,451 INFO  - Sent broadcast CAM message to all vehicles (at simulation time 152.700,000,000 s)
2024-06-04 00:13:06,453 INFO  - Vehicle is outside the detection area. (at simulation time 152.800,000,000 s)
2024-06-04 00:13:06,453 INFO  - Sent broadcast CAM message to all vehicles (at simulation time 152.800,000,000 s)
2024-06-04 00:13:06,455 INFO  - Vehicle is outside the detection area. (at simulation time 152.900,000,000 s)
2024-06-04 00:13:06,455 INFO  - Sent broadcast CAM message to all vehicles (at simulation time 152.900,000,000 s)
2024-06-04 00:13:06,458 INFO  - Vehicle is inside the detection area. (at simulation time 153.000,000,000 s)
2024-06-04 00:13:06,458 INFO  - Vehicle is too far away from the traffic light. (at simulation time 153.000,000,000 s)
2024-06-04 00:13:06,458 INFO  - No vehicles in range. (at simulation time 153.000,000,000 s)
2024-06-04 00:13:06,458 INFO  - Neither the RSU nor any vehicle is in range. (at simulation time 153.000,000,000 s)
2024-06-04 00:13:06,458 INFO  - Sent broadcast CAM message to all vehicles (at simulation time 153.000,000,000 s)
2024-06-04 00:13:06,460 INFO  - Vehicle is inside the detection area. (at simulation time 153.100,000,000 s)
2024-06-04 00:13:06,460 INFO  - Vehicle is too far away from the traffic light. (at simulation time 153.100,000,000 s)
2024-06-04 00:13:06,460 INFO  - No vehicles in range. (at simulation time 153.100,000,000 s)
2024-06-04 00:13:06,460 INFO  - Neither the RSU nor any vehicle is in range. (at simulation time 153.100,000,000 s)
2024-06-04 00:13:06,460 INFO  - Sent broadcast CAM message to all vehicles (at simulation time 153.100,000,000 s)
2024-06-04 00:13:06,462 INFO  - Vehicle is inside the detection area. (at simulation time 153.200,000,000 s)
2024-06-04 00:13:06,462 INFO  - Vehicle is too far away from the traffic light. (at simulation time 153.200,000,000 s)
2024-06-04 00:13:06,462 INFO  - No vehicles in range. (at simulation time 153.200,000,000 s)
2024-06-04 00:13:06,462 INFO  - Neither the RSU nor any vehicle is in range. (at simulation time 153.200,000,000 s)
2024-06-04 00:13:06,462 INFO  - Sent broadcast CAM message to all vehicles (at simulation time 153.200,000,000 s)
2024-06-04 00:13:06,464 INFO  - Vehicle is inside the detection area. (at simulation time 153.300,000,000 s)
2024-06-04 00:13:06,464 INFO  - Vehicle is too far away from the traffic light. (at simulation time 153.300,000,000 s)
2024-06-04 00:13:06,464 INFO  - No vehicles in range. (at simulation time 153.300,000,000 s)
2024-06-04 00:13:06,464 INFO  - Neither the RSU nor any vehicle is in range. (at simulation time 153.300,000,000 s)
2024-06-04 00:13:06,464 INFO  - Sent broadcast CAM message to all vehicles (at simulation time 153.300,000,000 s)
2024-06-04 00:13:06,466 INFO  - Vehicle is inside the detection area. (at simulation time 153.400,000,000 s)
2024-06-04 00:13:06,466 INFO  - Vehicle is too far away from the traffic light. (at simulation time 153.400,000,000 s)
2024-06-04 00:13:06,466 INFO  - No vehicles in range. (at simulation time 153.400,000,000 s)
2024-06-04 00:13:06,466 INFO  - Neither the RSU nor any vehicle is in range. (at simulation time 153.400,000,000 s)
2024-06-04 00:13:06,466 INFO  - Sent broadcast CAM message to all vehicles (at simulation time 153.400,000,000 s)
2024-06-04 00:13:06,468 INFO  - Vehicle is inside the detection area. (at simulation time 153.500,000,000 s)
2024-06-04 00:13:06,468 INFO  - Vehicle is too far away from the traffic light. (at simulation time 153.500,000,000 s)
2024-06-04 00:13:06,468 INFO  - No vehicles in range. (at simulation time 153.500,000,000 s)
2024-06-04 00:13:06,468 INFO  - Neither the RSU nor any vehicle is in range. (at simulation time 153.500,000,000 s)
2024-06-04 00:13:06,468 INFO  - Sent broadcast CAM message to all vehicles (at simulation time 153.500,000,000 s)
2024-06-04 00:13:06,469 INFO  - Vehicle is inside the detection area. (at simulation time 153.600,000,000 s)
2024-06-04 00:13:06,469 INFO  - Vehicle is too far away from the traffic light. (at simulation time 153.600,000,000 s)
2024-06-04 00:13:06,469 INFO  - No vehicles in range. (at simulation time 153.600,000,000 s)
2024-06-04 00:13:06,469 INFO  - Neither the RSU nor any vehicle is in range. (at simulation time 153.600,000,000 s)
2024-06-04 00:13:06,469 INFO  - Sent broadcast CAM message to all vehicles (at simulation time 153.600,000,000 s)
2024-06-04 00:13:06,471 INFO  - Vehicle is inside the detection area. (at simulation time 153.700,000,000 s)
2024-06-04 00:13:06,471 INFO  - Vehicle is too far away from the traffic light. (at simulation time 153.700,000,000 s)
2024-06-04 00:13:06,471 INFO  - No vehicles in range. (at simulation time 153.700,000,000 s)
2024-06-04 00:13:06,471 INFO  - Neither the RSU nor any vehicle is in range. (at simulation time 153.700,000,000 s)
2024-06-04 00:13:06,471 INFO  - Sent broadcast CAM message to all vehicles (at simulation time 153.700,000,000 s)
2024-06-04 00:13:06,472 INFO  - Vehicle is inside the detection area. (at simulation time 153.800,000,000 s)
2024-06-04 00:13:06,472 INFO  - Vehicle is too far away from the traffic light. (at simulation time 153.800,000,000 s)
2024-06-04 00:13:06,472 INFO  - No vehicles in range. (at simulation time 153.800,000,000 s)
2024-06-04 00:13:06,472 INFO  - Neither the RSU nor any vehicle is in range. (at simulation time 153.800,000,000 s)
2024-06-04 00:13:06,472 INFO  - Sent broadcast CAM message to all vehicles (at simulation time 153.800,000,000 s)
2024-06-04 00:13:06,474 INFO  - Vehicle is inside the detection area. (at simulation time 153.900,000,000 s)
2024-06-04 00:13:06,474 INFO  - Vehicle is too far away from the traffic light. (at simulation time 153.900,000,000 s)
2024-06-04 00:13:06,474 INFO  - No vehicles in range. (at simulation time 153.900,000,000 s)
2024-06-04 00:13:06,474 INFO  - Neither the RSU nor any vehicle is in range. (at simulation time 153.900,000,000 s)
2024-06-04 00:13:06,474 INFO  - Sent broadcast CAM message to all vehicles (at simulation time 153.900,000,000 s)
2024-06-04 00:13:06,477 INFO  - Vehicle is inside the detection area. (at simulation time 154.000,000,000 s)
2024-06-04 00:13:06,477 INFO  - Vehicle is too far away from the traffic light. (at simulation time 154.000,000,000 s)
2024-06-04 00:13:06,477 INFO  - No vehicles in range. (at simulation time 154.000,000,000 s)
2024-06-04 00:13:06,477 INFO  - Neither the RSU nor any vehicle is in range. (at simulation time 154.000,000,000 s)
2024-06-04 00:13:06,477 INFO  - Sent broadcast CAM message to all vehicles (at simulation time 154.000,000,000 s)
2024-06-04 00:13:06,479 INFO  - Vehicle is inside the detection area. (at simulation time 154.100,000,000 s)
2024-06-04 00:13:06,479 INFO  - Vehicle is too far away from the traffic light. (at simulation time 154.100,000,000 s)
2024-06-04 00:13:06,479 INFO  - No vehicles in range. (at simulation time 154.100,000,000 s)
2024-06-04 00:13:06,479 INFO  - Neither the RSU nor any vehicle is in range. (at simulation time 154.100,000,000 s)
2024-06-04 00:13:06,479 INFO  - Sent broadcast CAM message to all vehicles (at simulation time 154.100,000,000 s)
2024-06-04 00:13:06,480 INFO  - Vehicle is inside the detection area. (at simulation time 154.200,000,000 s)
2024-06-04 00:13:06,480 INFO  - Vehicle is too far away from the traffic light. (at simulation time 154.200,000,000 s)
2024-06-04 00:13:06,480 INFO  - No vehicles in range. (at simulation time 154.200,000,000 s)
2024-06-04 00:13:06,480 INFO  - Neither the RSU nor any vehicle is in range. (at simulation time 154.200,000,000 s)
2024-06-04 00:13:06,480 INFO  - Sent broadcast CAM message to all vehicles (at simulation time 154.200,000,000 s)
2024-06-04 00:13:06,482 INFO  - Vehicle is inside the detection area. (at simulation time 154.300,000,000 s)
2024-06-04 00:13:06,482 INFO  - Vehicle is too far away from the traffic light. (at simulation time 154.300,000,000 s)
2024-06-04 00:13:06,482 INFO  - No vehicles in range. (at simulation time 154.300,000,000 s)
2024-06-04 00:13:06,482 INFO  - Neither the RSU nor any vehicle is in range. (at simulation time 154.300,000,000 s)
2024-06-04 00:13:06,482 INFO  - Sent broadcast CAM message to all vehicles (at simulation time 154.300,000,000 s)
2024-06-04 00:13:06,484 INFO  - Vehicle is inside the detection area. (at simulation time 154.400,000,000 s)
2024-06-04 00:13:06,484 INFO  - Vehicle is too far away from the traffic light. (at simulation time 154.400,000,000 s)
2024-06-04 00:13:06,484 INFO  - No vehicles in range. (at simulation time 154.400,000,000 s)
2024-06-04 00:13:06,484 INFO  - Neither the RSU nor any vehicle is in range. (at simulation time 154.400,000,000 s)
2024-06-04 00:13:06,484 INFO  - Sent broadcast CAM message to all vehicles (at simulation time 154.400,000,000 s)
2024-06-04 00:13:06,486 INFO  - Vehicle is inside the detection area. (at simulation time 154.500,000,000 s)
2024-06-04 00:13:06,486 INFO  - Vehicle is too far away from the traffic light. (at simulation time 154.500,000,000 s)
2024-06-04 00:13:06,486 INFO  - No vehicles in range. (at simulation time 154.500,000,000 s)
2024-06-04 00:13:06,486 INFO  - Neither the RSU nor any vehicle is in range. (at simulation time 154.500,000,000 s)
2024-06-04 00:13:06,486 INFO  - Sent broadcast CAM message to all vehicles (at simulation time 154.500,000,000 s)
2024-06-04 00:13:06,487 INFO  - Vehicle is inside the detection area. (at simulation time 154.600,000,000 s)
2024-06-04 00:13:06,487 INFO  - Vehicle is too far away from the traffic light. (at simulation time 154.600,000,000 s)
2024-06-04 00:13:06,487 INFO  - No vehicles in range. (at simulation time 154.600,000,000 s)
2024-06-04 00:13:06,487 INFO  - Neither the RSU nor any vehicle is in range. (at simulation time 154.600,000,000 s)
2024-06-04 00:13:06,487 INFO  - Sent broadcast CAM message to all vehicles (at simulation time 154.600,000,000 s)
2024-06-04 00:13:06,488 INFO  - Vehicle is inside the detection area. (at simulation time 154.700,000,000 s)
2024-06-04 00:13:06,488 INFO  - Vehicle is too far away from the traffic light. (at simulation time 154.700,000,000 s)
2024-06-04 00:13:06,488 INFO  - No vehicles in range. (at simulation time 154.700,000,000 s)
2024-06-04 00:13:06,488 INFO  - Neither the RSU nor any vehicle is in range. (at simulation time 154.700,000,000 s)
2024-06-04 00:13:06,489 INFO  - Sent broadcast CAM message to all vehicles (at simulation time 154.700,000,000 s)
2024-06-04 00:13:06,490 INFO  - Vehicle is inside the detection area. (at simulation time 154.800,000,000 s)
2024-06-04 00:13:06,490 INFO  - Vehicle is too far away from the traffic light. (at simulation time 154.800,000,000 s)
2024-06-04 00:13:06,490 INFO  - No vehicles in range. (at simulation time 154.800,000,000 s)
2024-06-04 00:13:06,490 INFO  - Neither the RSU nor any vehicle is in range. (at simulation time 154.800,000,000 s)
2024-06-04 00:13:06,490 INFO  - Sent broadcast CAM message to all vehicles (at simulation time 154.800,000,000 s)
2024-06-04 00:13:06,491 INFO  - Vehicle is inside the detection area. (at simulation time 154.900,000,000 s)
2024-06-04 00:13:06,491 INFO  - Vehicle is too far away from the traffic light. (at simulation time 154.900,000,000 s)
2024-06-04 00:13:06,491 INFO  - No vehicles in range. (at simulation time 154.900,000,000 s)
2024-06-04 00:13:06,491 INFO  - Neither the RSU nor any vehicle is in range. (at simulation time 154.900,000,000 s)
2024-06-04 00:13:06,491 INFO  - Sent broadcast CAM message to all vehicles (at simulation time 154.900,000,000 s)
2024-06-04 00:13:06,495 INFO  - Atempting to process queue (at simulation time 155.000,000,000 s)
2024-06-04 00:13:06,495 INFO  - Vehicle is inside the detection area. (at simulation time 155.000,000,000 s)
2024-06-04 00:13:06,495 INFO  - Sent Detection message to rsu_0 (at simulation time 155.000,000,000 s)
2024-06-04 00:13:06,495 INFO  - Sent broadcast CAM message to all vehicles (at simulation time 155.000,000,000 s)
2024-06-04 00:13:06,497 INFO  - Received CAM message from veh_62 (at simulation time 155.000,400,000 s)
2024-06-04 00:13:06,497 INFO  - Received CAM message from veh_34 (at simulation time 155.000,400,000 s)
2024-06-04 00:13:06,497 INFO  - Received CAM message from veh_42 (at simulation time 155.001,400,000 s)
2024-06-04 00:13:06,497 INFO  - Received CAM message from veh_58 (at simulation time 155.001,900,000 s)
2024-06-04 00:13:06,497 INFO  - Received CAM message from veh_38 (at simulation time 155.001,900,000 s)
2024-06-04 00:13:06,497 INFO  - Atempting to process queue (at simulation time 155.100,000,000 s)
2024-06-04 00:13:06,497 INFO  - Vehicle is inside the detection area. (at simulation time 155.100,000,000 s)
2024-06-04 00:13:06,497 INFO  - Sent Detection message to rsu_0 (at simulation time 155.100,000,000 s)
2024-06-04 00:13:06,498 INFO  - Sent broadcast CAM message to all vehicles (at simulation time 155.100,000,000 s)
2024-06-04 00:13:06,498 INFO  - Received CAM message from veh_62 (at simulation time 155.100,400,000 s)
2024-06-04 00:13:06,498 INFO  - Received CAM message from veh_34 (at simulation time 155.100,400,000 s)
2024-06-04 00:13:06,499 INFO  - Received CAM message from veh_58 (at simulation time 155.101,400,000 s)
2024-06-04 00:13:06,499 INFO  - Received CAM message from veh_42 (at simulation time 155.101,400,000 s)
2024-06-04 00:13:06,499 INFO  - Received CAM message from veh_38 (at simulation time 155.101,900,000 s)
2024-06-04 00:13:06,499 INFO  - Atempting to process queue (at simulation time 155.200,000,000 s)
2024-06-04 00:13:06,499 INFO  - Vehicle is inside the detection area. (at simulation time 155.200,000,000 s)
2024-06-04 00:13:06,499 INFO  - Sent Detection message to rsu_0 (at simulation time 155.200,000,000 s)
2024-06-04 00:13:06,499 INFO  - Sent broadcast CAM message to all vehicles (at simulation time 155.200,000,000 s)
2024-06-04 00:13:06,500 INFO  - Received CAM message from veh_38 (at simulation time 155.200,400,000 s)
2024-06-04 00:13:06,500 INFO  - Received CAM message from veh_58 (at simulation time 155.200,900,000 s)
2024-06-04 00:13:06,500 INFO  - Received CAM message from veh_42 (at simulation time 155.200,900,000 s)
2024-06-04 00:13:06,500 INFO  - Received CAM message from veh_34 (at simulation time 155.201,400,000 s)
2024-06-04 00:13:06,501 INFO  - Received CAM message from veh_62 (at simulation time 155.202,400,000 s)
2024-06-04 00:13:06,501 INFO  - Atempting to process queue (at simulation time 155.300,000,000 s)
2024-06-04 00:13:06,501 INFO  - Vehicle is inside the detection area. (at simulation time 155.300,000,000 s)
2024-06-04 00:13:06,501 INFO  - Sent Detection message to rsu_0 (at simulation time 155.300,000,000 s)
2024-06-04 00:13:06,501 INFO  - Sent broadcast CAM message to all vehicles (at simulation time 155.300,000,000 s)
2024-06-04 00:13:06,501 INFO  - Received CAM message from veh_58 (at simulation time 155.300,400,000 s)
2024-06-04 00:13:06,501 INFO  - Received CAM message from veh_38 (at simulation time 155.300,400,000 s)
2024-06-04 00:13:06,502 INFO  - Received CAM message from veh_62 (at simulation time 155.301,400,000 s)
2024-06-04 00:13:06,502 INFO  - Received CAM message from veh_42 (at simulation time 155.301,400,000 s)
2024-06-04 00:13:06,502 INFO  - Received CAM message from veh_34 (at simulation time 155.302,400,000 s)
2024-06-04 00:13:06,502 INFO  - Atempting to process queue (at simulation time 155.400,000,000 s)
2024-06-04 00:13:06,502 INFO  - Vehicle is inside the detection area. (at simulation time 155.400,000,000 s)
2024-06-04 00:13:06,502 INFO  - Sent Detection message to rsu_0 (at simulation time 155.400,000,000 s)
2024-06-04 00:13:06,502 INFO  - Sent broadcast CAM message to all vehicles (at simulation time 155.400,000,000 s)
2024-06-04 00:13:06,503 INFO  - Received CAM message from veh_38 (at simulation time 155.400,900,000 s)
2024-06-04 00:13:06,503 INFO  - Received CAM message from veh_42 (at simulation time 155.401,400,000 s)
2024-06-04 00:13:06,504 INFO  - Received CAM message from veh_62 (at simulation time 155.402,400,000 s)
2024-06-04 00:13:06,504 INFO  - Received CAM message from veh_58 (at simulation time 155.402,400,000 s)
2024-06-04 00:13:06,504 INFO  - Received CAM message from veh_34 (at simulation time 155.402,400,000 s)
2024-06-04 00:13:06,504 INFO  - Atempting to process queue (at simulation time 155.500,000,000 s)
2024-06-04 00:13:06,504 INFO  - Vehicle is inside the detection area. (at simulation time 155.500,000,000 s)
2024-06-04 00:13:06,504 INFO  - Sent Detection message to rsu_0 (at simulation time 155.500,000,000 s)
2024-06-04 00:13:06,504 INFO  - Sent broadcast CAM message to all vehicles (at simulation time 155.500,000,000 s)
2024-06-04 00:13:06,505 INFO  - Received CAM message from veh_58 (at simulation time 155.500,400,000 s)
2024-06-04 00:13:06,505 INFO  - Received CAM message from veh_34 (at simulation time 155.500,400,000 s)
2024-06-04 00:13:06,505 INFO  - Received CAM message from veh_42 (at simulation time 155.501,400,000 s)
2024-06-04 00:13:06,505 INFO  - Received CAM message from veh_62 (at simulation time 155.501,900,000 s)
2024-06-04 00:13:06,506 INFO  - Received CAM message from veh_38 (at simulation time 155.502,400,000 s)
2024-06-04 00:13:06,506 INFO  - Atempting to process queue (at simulation time 155.600,000,000 s)
2024-06-04 00:13:06,506 INFO  - Vehicle is inside the detection area. (at simulation time 155.600,000,000 s)
2024-06-04 00:13:06,506 INFO  - Sent Detection message to rsu_0 (at simulation time 155.600,000,000 s)
2024-06-04 00:13:06,506 INFO  - Sent broadcast CAM message to all vehicles (at simulation time 155.600,000,000 s)
2024-06-04 00:13:06,506 INFO  - Received CAM message from veh_62 (at simulation time 155.600,400,000 s)
2024-06-04 00:13:06,506 INFO  - Received CAM message from veh_42 (at simulation time 155.600,400,000 s)
2024-06-04 00:13:06,506 INFO  - Received CAM message from veh_38 (at simulation time 155.600,400,000 s)
2024-06-04 00:13:06,507 INFO  - Received CAM message from veh_58 (at simulation time 155.602,400,000 s)
2024-06-04 00:13:06,507 INFO  - Received CAM message from veh_34 (at simulation time 155.602,400,000 s)
2024-06-04 00:13:06,507 INFO  - Atempting to process queue (at simulation time 155.700,000,000 s)
2024-06-04 00:13:06,507 INFO  - Vehicle is inside the detection area. (at simulation time 155.700,000,000 s)
2024-06-04 00:13:06,507 INFO  - Sent Detection message to rsu_0 (at simulation time 155.700,000,000 s)
2024-06-04 00:13:06,507 INFO  - Sent broadcast CAM message to all vehicles (at simulation time 155.700,000,000 s)
2024-06-04 00:13:06,508 INFO  - Received CAM message from veh_62 (at simulation time 155.700,400,000 s)
2024-06-04 00:13:06,508 INFO  - Received CAM message from veh_34 (at simulation time 155.701,400,000 s)
2024-06-04 00:13:06,509 INFO  - Received CAM message from veh_58 (at simulation time 155.701,900,000 s)
2024-06-04 00:13:06,509 INFO  - Received CAM message from veh_42 (at simulation time 155.702,400,000 s)
2024-06-04 00:13:06,509 INFO  - Received CAM message from veh_38 (at simulation time 155.702,400,000 s)
2024-06-04 00:13:06,509 INFO  - Atempting to process queue (at simulation time 155.800,000,000 s)
2024-06-04 00:13:06,509 INFO  - Vehicle is inside the detection area. (at simulation time 155.800,000,000 s)
2024-06-04 00:13:06,509 INFO  - Sent Detection message to rsu_0 (at simulation time 155.800,000,000 s)
2024-06-04 00:13:06,509 INFO  - Sent broadcast CAM message to all vehicles (at simulation time 155.800,000,000 s)
2024-06-04 00:13:06,509 INFO  - Received CAM message from veh_42 (at simulation time 155.800,400,000 s)
2024-06-04 00:13:06,509 INFO  - Received CAM message from veh_38 (at simulation time 155.800,400,000 s)
2024-06-04 00:13:06,510 INFO  - Received CAM message from veh_62 (at simulation time 155.800,900,000 s)
2024-06-04 00:13:06,510 INFO  - Received CAM message from veh_34 (at simulation time 155.800,900,000 s)
2024-06-04 00:13:06,510 INFO  - Received CAM message from veh_58 (at simulation time 155.801,900,000 s)
2024-06-04 00:13:06,510 INFO  - Atempting to process queue (at simulation time 155.900,000,000 s)
2024-06-04 00:13:06,510 INFO  - Vehicle is inside the detection area. (at simulation time 155.900,000,000 s)
2024-06-04 00:13:06,510 INFO  - Sent Detection message to rsu_0 (at simulation time 155.900,000,000 s)
2024-06-04 00:13:06,510 INFO  - Sent broadcast CAM message to all vehicles (at simulation time 155.900,000,000 s)
2024-06-04 00:13:06,511 INFO  - Received CAM message from veh_34 (at simulation time 155.900,400,000 s)
2024-06-04 00:13:06,511 INFO  - Received CAM message from veh_42 (at simulation time 155.900,900,000 s)
2024-06-04 00:13:06,511 INFO  - Received CAM message from veh_38 (at simulation time 155.900,900,000 s)
2024-06-04 00:13:06,511 INFO  - Received CAM message from veh_58 (at simulation time 155.901,900,000 s)
2024-06-04 00:13:06,511 INFO  - Received CAM message from veh_62 (at simulation time 155.902,400,000 s)
2024-06-04 00:13:06,513 INFO  - Atempting to process queue (at simulation time 156.000,000,000 s)
2024-06-04 00:13:06,513 INFO  - Vehicle is inside the detection area. (at simulation time 156.000,000,000 s)
2024-06-04 00:13:06,513 INFO  - Sent Detection message to rsu_0 (at simulation time 156.000,000,000 s)
2024-06-04 00:13:06,513 INFO  - Sent broadcast CAM message to all vehicles (at simulation time 156.000,000,000 s)
2024-06-04 00:13:06,515 INFO  - Received CAM message from veh_66 (at simulation time 156.000,400,000 s)
2024-06-04 00:13:06,515 INFO  - Received CAM message from veh_34 (at simulation time 156.000,900,000 s)
2024-06-04 00:13:06,515 INFO  - Received CAM message from veh_62 (at simulation time 156.001,400,000 s)
2024-06-04 00:13:06,515 INFO  - Received CAM message from veh_58 (at simulation time 156.001,400,000 s)
2024-06-04 00:13:06,515 INFO  - Received CAM message from veh_50 (at simulation time 156.001,400,000 s)
2024-06-04 00:13:06,515 INFO  - Received CAM message from veh_42 (at simulation time 156.002,400,000 s)
2024-06-04 00:13:06,515 INFO  - Received CAM message from veh_38 (at simulation time 156.002,400,000 s)
2024-06-04 00:13:06,515 INFO  - Atempting to process queue (at simulation time 156.100,000,000 s)
2024-06-04 00:13:06,515 INFO  - Vehicle is inside the detection area. (at simulation time 156.100,000,000 s)
2024-06-04 00:13:06,515 INFO  - Sent Detection message to rsu_0 (at simulation time 156.100,000,000 s)
2024-06-04 00:13:06,515 INFO  - Sent broadcast CAM message to all vehicles (at simulation time 156.100,000,000 s)
2024-06-04 00:13:06,516 INFO  - Received CAM message from veh_66 (at simulation time 156.100,400,000 s)
2024-06-04 00:13:06,516 INFO  - Received CAM message from veh_34 (at simulation time 156.100,900,000 s)
2024-06-04 00:13:06,516 INFO  - Received CAM message from veh_62 (at simulation time 156.101,400,000 s)
2024-06-04 00:13:06,516 INFO  - Received CAM message from veh_50 (at simulation time 156.101,900,000 s)
2024-06-04 00:13:06,516 INFO  - Received CAM message from veh_58 (at simulation time 156.102,400,000 s)
2024-06-04 00:13:06,517 INFO  - Received CAM message from veh_42 (at simulation time 156.102,400,000 s)
2024-06-04 00:13:06,517 INFO  - Received CAM message from veh_38 (at simulation time 156.102,400,000 s)
2024-06-04 00:13:06,517 INFO  - Atempting to process queue (at simulation time 156.200,000,000 s)
2024-06-04 00:13:06,517 INFO  - Vehicle is inside the detection area. (at simulation time 156.200,000,000 s)
2024-06-04 00:13:06,517 INFO  - Sent Detection message to rsu_0 (at simulation time 156.200,000,000 s)
2024-06-04 00:13:06,517 INFO  - Sent broadcast CAM message to all vehicles (at simulation time 156.200,000,000 s)
2024-06-04 00:13:06,517 INFO  - Received CAM message from veh_66 (at simulation time 156.200,400,000 s)
2024-06-04 00:13:06,517 INFO  - Received CAM message from veh_42 (at simulation time 156.200,400,000 s)
2024-06-04 00:13:06,517 INFO  - Received CAM message from veh_58 (at simulation time 156.200,900,000 s)
2024-06-04 00:13:06,517 INFO  - Received CAM message from veh_50 (at simulation time 156.200,900,000 s)
2024-06-04 00:13:06,518 INFO  - Received CAM message from veh_62 (at simulation time 156.201,900,000 s)
2024-06-04 00:13:06,518 INFO  - Received CAM message from veh_34 (at simulation time 156.201,900,000 s)
2024-06-04 00:13:06,518 INFO  - Received CAM message from veh_38 (at simulation time 156.202,400,000 s)
2024-06-04 00:13:06,518 INFO  - Atempting to process queue (at simulation time 156.300,000,000 s)
2024-06-04 00:13:06,518 INFO  - Vehicle is inside the detection area. (at simulation time 156.300,000,000 s)
2024-06-04 00:13:06,518 INFO  - Sent Detection message to rsu_0 (at simulation time 156.300,000,000 s)
2024-06-04 00:13:06,518 INFO  - Sent broadcast CAM message to all vehicles (at simulation time 156.300,000,000 s)
2024-06-04 00:13:06,519 INFO  - Received CAM message from veh_62 (at simulation time 156.300,900,000 s)
2024-06-04 00:13:06,519 INFO  - Received CAM message from veh_42 (at simulation time 156.300,900,000 s)
2024-06-04 00:13:06,519 INFO  - Received CAM message from veh_38 (at simulation time 156.300,900,000 s)
2024-06-04 00:13:06,519 INFO  - Received CAM message from veh_58 (at simulation time 156.301,400,000 s)
2024-06-04 00:13:06,519 INFO  - Received CAM message from veh_66 (at simulation time 156.302,400,000 s)
2024-06-04 00:13:06,519 INFO  - Received CAM message from veh_50 (at simulation time 156.302,400,000 s)
2024-06-04 00:13:06,519 INFO  - Received CAM message from veh_34 (at simulation time 156.302,400,000 s)
2024-06-04 00:13:06,519 INFO  - Atempting to process queue (at simulation time 156.400,000,000 s)
2024-06-04 00:13:06,519 INFO  - Vehicle is inside the detection area. (at simulation time 156.400,000,000 s)
2024-06-04 00:13:06,519 INFO  - Sent Detection message to rsu_0 (at simulation time 156.400,000,000 s)
2024-06-04 00:13:06,520 INFO  - Sent broadcast CAM message to all vehicles (at simulation time 156.400,000,000 s)
2024-06-04 00:13:06,520 INFO  - Received CAM message from veh_42 (at simulation time 156.400,900,000 s)
2024-06-04 00:13:06,521 INFO  - Received CAM message from veh_50 (at simulation time 156.401,400,000 s)
2024-06-04 00:13:06,521 INFO  - Received CAM message from veh_58 (at simulation time 156.401,900,000 s)
2024-06-04 00:13:06,521 INFO  - Received CAM message from veh_38 (at simulation time 156.401,900,000 s)
2024-06-04 00:13:06,521 INFO  - Received CAM message from veh_34 (at simulation time 156.401,900,000 s)
2024-06-04 00:13:06,521 INFO  - Received CAM message from veh_66 (at simulation time 156.402,400,000 s)
2024-06-04 00:13:06,521 INFO  - Received CAM message from veh_62 (at simulation time 156.402,400,000 s)
2024-06-04 00:13:06,521 INFO  - Atempting to process queue (at simulation time 156.500,000,000 s)
2024-06-04 00:13:06,521 INFO  - Vehicle is inside the detection area. (at simulation time 156.500,000,000 s)
2024-06-04 00:13:06,521 INFO  - Sent Detection message to rsu_0 (at simulation time 156.500,000,000 s)
2024-06-04 00:13:06,521 INFO  - Sent broadcast CAM message to all vehicles (at simulation time 156.500,000,000 s)
2024-06-04 00:13:06,522 INFO  - Received CAM message from veh_58 (at simulation time 156.500,400,000 s)
2024-06-04 00:13:06,522 INFO  - Received CAM message from veh_50 (at simulation time 156.500,400,000 s)
2024-06-04 00:13:06,522 INFO  - Received CAM message from veh_66 (at simulation time 156.500,900,000 s)
2024-06-04 00:13:06,522 INFO  - Received CAM message from veh_42 (at simulation time 156.500,900,000 s)
2024-06-04 00:13:06,522 INFO  - Received CAM message from veh_38 (at simulation time 156.500,900,000 s)
2024-06-04 00:13:06,523 INFO  - Received CAM message from veh_62 (at simulation time 156.501,900,000 s)
2024-06-04 00:13:06,523 INFO  - Received CAM message from veh_34 (at simulation time 156.502,400,000 s)
2024-06-04 00:13:06,523 INFO  - Atempting to process queue (at simulation time 156.600,000,000 s)
2024-06-04 00:13:06,523 INFO  - Vehicle is inside the detection area. (at simulation time 156.600,000,000 s)
2024-06-04 00:13:06,523 INFO  - Sent Detection message to rsu_0 (at simulation time 156.600,000,000 s)
2024-06-04 00:13:06,523 INFO  - Sent broadcast CAM message to all vehicles (at simulation time 156.600,000,000 s)
2024-06-04 00:13:06,523 INFO  - Received CAM message from veh_62 (at simulation time 156.600,400,000 s)
2024-06-04 00:13:06,523 INFO  - Received CAM message from veh_50 (at simulation time 156.600,400,000 s)
2024-06-04 00:13:06,523 INFO  - Received CAM message from veh_42 (at simulation time 156.600,400,000 s)
2024-06-04 00:13:06,524 INFO  - Received CAM message from veh_38 (at simulation time 156.600,900,000 s)
2024-06-04 00:13:06,524 INFO  - Received CAM message from veh_34 (at simulation time 156.600,900,000 s)
2024-06-04 00:13:06,524 INFO  - Received CAM message from veh_58 (at simulation time 156.601,400,000 s)
2024-06-04 00:13:06,524 INFO  - Received CAM message from veh_66 (at simulation time 156.601,900,000 s)
2024-06-04 00:13:06,524 INFO  - Atempting to process queue (at simulation time 156.700,000,000 s)
2024-06-04 00:13:06,524 INFO  - Vehicle is inside the detection area. (at simulation time 156.700,000,000 s)
2024-06-04 00:13:06,524 INFO  - Sent Detection message to rsu_0 (at simulation time 156.700,000,000 s)
2024-06-04 00:13:06,524 INFO  - Sent broadcast CAM message to all vehicles (at simulation time 156.700,000,000 s)
2024-06-04 00:13:06,530 INFO  - Received CAM message from veh_62 (at simulation time 156.700,900,000 s)
2024-06-04 00:13:06,530 INFO  - Received CAM message from veh_50 (at simulation time 156.700,900,000 s)
2024-06-04 00:13:06,530 INFO  - Received CAM message from veh_34 (at simulation time 156.700,900,000 s)
2024-06-04 00:13:06,530 INFO  - Received CAM message from veh_58 (at simulation time 156.701,400,000 s)
2024-06-04 00:13:06,531 INFO  - Received CAM message from veh_42 (at simulation time 156.701,400,000 s)
2024-06-04 00:13:06,531 INFO  - Received CAM message from veh_38 (at simulation time 156.701,400,000 s)
2024-06-04 00:13:06,531 INFO  - Received CAM message from veh_66 (at simulation time 156.701,900,000 s)
2024-06-04 00:13:06,531 INFO  - Atempting to process queue (at simulation time 156.800,000,000 s)
2024-06-04 00:13:06,531 INFO  - Vehicle is inside the detection area. (at simulation time 156.800,000,000 s)
2024-06-04 00:13:06,531 INFO  - Sent Detection message to rsu_0 (at simulation time 156.800,000,000 s)
2024-06-04 00:13:06,531 INFO  - Sent broadcast CAM message to all vehicles (at simulation time 156.800,000,000 s)
2024-06-04 00:13:06,532 INFO  - Received CAM message from veh_50 (at simulation time 156.800,900,000 s)
2024-06-04 00:13:06,532 INFO  - Received CAM message from veh_42 (at simulation time 156.801,400,000 s)
2024-06-04 00:13:06,532 INFO  - Received CAM message from veh_62 (at simulation time 156.801,900,000 s)
2024-06-04 00:13:06,532 INFO  - Received CAM message from veh_58 (at simulation time 156.801,900,000 s)
2024-06-04 00:13:06,532 INFO  - Received CAM message from veh_38 (at simulation time 156.801,900,000 s)
2024-06-04 00:13:06,532 INFO  - Received CAM message from veh_34 (at simulation time 156.801,900,000 s)
2024-06-04 00:13:06,532 INFO  - Received CAM message from veh_66 (at simulation time 156.802,400,000 s)
2024-06-04 00:13:06,532 INFO  - Atempting to process queue (at simulation time 156.900,000,000 s)
2024-06-04 00:13:06,532 INFO  - Vehicle is inside the detection area. (at simulation time 156.900,000,000 s)
2024-06-04 00:13:06,532 INFO  - Sent Detection message to rsu_0 (at simulation time 156.900,000,000 s)
2024-06-04 00:13:06,532 INFO  - Sent broadcast CAM message to all vehicles (at simulation time 156.900,000,000 s)
2024-06-04 00:13:06,533 INFO  - Received CAM message from veh_50 (at simulation time 156.900,400,000 s)
2024-06-04 00:13:06,533 INFO  - Received CAM message from veh_38 (at simulation time 156.900,400,000 s)
2024-06-04 00:13:06,533 INFO  - Received CAM message from veh_62 (at simulation time 156.900,900,000 s)
2024-06-04 00:13:06,533 INFO  - Received CAM message from veh_58 (at simulation time 156.901,400,000 s)
2024-06-04 00:13:06,533 INFO  - Received CAM message from veh_42 (at simulation time 156.901,400,000 s)
2024-06-04 00:13:06,533 INFO  - Received CAM message from veh_66 (at simulation time 156.902,400,000 s)
2024-06-04 00:13:06,534 INFO  - Received CAM message from veh_34 (at simulation time 156.902,400,000 s)
2024-06-04 00:13:06,539 INFO  - Atempting to process queue (at simulation time 157.000,000,000 s)
2024-06-04 00:13:06,539 INFO  - Vehicle is outside the detection area. (at simulation time 157.000,000,000 s)
2024-06-04 00:13:06,539 INFO  - Sent broadcast CAM message to all vehicles (at simulation time 157.000,000,000 s)
2024-06-04 00:13:06,542 INFO  - Received CAM message from veh_38 (at simulation time 157.000,400,000 s)
2024-06-04 00:13:06,542 INFO  - Received CAM message from veh_34 (at simulation time 157.000,400,000 s)
2024-06-04 00:13:06,542 INFO  - Received CAM message from veh_66 (at simulation time 157.001,400,000 s)
2024-06-04 00:13:06,542 INFO  - Received CAM message from veh_62 (at simulation time 157.001,400,000 s)
2024-06-04 00:13:06,542 INFO  - Received CAM message from veh_50 (at simulation time 157.001,400,000 s)
2024-06-04 00:13:06,542 INFO  - Received CAM message from veh_42 (at simulation time 157.001,400,000 s)
2024-06-04 00:13:06,542 INFO  - Received CAM message from veh_58 (at simulation time 157.001,900,000 s)
2024-06-04 00:13:06,542 INFO  - Received CAM message from veh_54 (at simulation time 157.001,900,000 s)
2024-06-04 00:13:06,543 INFO  - Atempting to process queue (at simulation time 157.100,000,000 s)
2024-06-04 00:13:06,543 INFO  - Vehicle is outside the detection area. (at simulation time 157.100,000,000 s)
2024-06-04 00:13:06,543 INFO  - Sent broadcast CAM message to all vehicles (at simulation time 157.100,000,000 s)
2024-06-04 00:13:06,544 INFO  - Received CAM message from veh_66 (at simulation time 157.100,900,000 s)
2024-06-04 00:13:06,544 INFO  - Received CAM message from veh_62 (at simulation time 157.100,900,000 s)
2024-06-04 00:13:06,544 INFO  - Received CAM message from veh_58 (at simulation time 157.101,400,000 s)
2024-06-04 00:13:06,544 INFO  - Received CAM message from veh_38 (at simulation time 157.101,400,000 s)
2024-06-04 00:13:06,544 INFO  - Received CAM message from veh_50 (at simulation time 157.101,900,000 s)
2024-06-04 00:13:06,544 INFO  - Received CAM message from veh_42 (at simulation time 157.101,900,000 s)
2024-06-04 00:13:06,544 INFO  - Received CAM message from veh_34 (at simulation time 157.101,900,000 s)
2024-06-04 00:13:06,544 INFO  - Received CAM message from veh_54 (at simulation time 157.102,400,000 s)
2024-06-04 00:13:06,544 INFO  - Atempting to process queue (at simulation time 157.200,000,000 s)
2024-06-04 00:13:06,544 INFO  - Vehicle is outside the detection area. (at simulation time 157.200,000,000 s)
2024-06-04 00:13:06,544 INFO  - Sent broadcast CAM message to all vehicles (at simulation time 157.200,000,000 s)
2024-06-04 00:13:06,545 INFO  - Received CAM message from veh_66 (at simulation time 157.200,900,000 s)
2024-06-04 00:13:06,545 INFO  - Received CAM message from veh_62 (at simulation time 157.200,900,000 s)
2024-06-04 00:13:06,545 INFO  - Received CAM message from veh_34 (at simulation time 157.200,900,000 s)
2024-06-04 00:13:06,545 INFO  - Received CAM message from veh_58 (at simulation time 157.201,400,000 s)
2024-06-04 00:13:06,546 INFO  - Received CAM message from veh_50 (at simulation time 157.201,400,000 s)
2024-06-04 00:13:06,546 INFO  - Received CAM message from veh_54 (at simulation time 157.201,900,000 s)
2024-06-04 00:13:06,546 INFO  - Received CAM message from veh_42 (at simulation time 157.201,900,000 s)
2024-06-04 00:13:06,546 INFO  - Received CAM message from veh_38 (at simulation time 157.202,400,000 s)
2024-06-04 00:13:06,546 INFO  - Atempting to process queue (at simulation time 157.300,000,000 s)
2024-06-04 00:13:06,546 INFO  - Vehicle is outside the detection area. (at simulation time 157.300,000,000 s)
2024-06-04 00:13:06,546 INFO  - Sent broadcast CAM message to all vehicles (at simulation time 157.300,000,000 s)
2024-06-04 00:13:06,547 INFO  - Received CAM message from veh_66 (at simulation time 157.300,900,000 s)
2024-06-04 00:13:06,547 INFO  - Received CAM message from veh_54 (at simulation time 157.301,400,000 s)
2024-06-04 00:13:06,547 INFO  - Received CAM message from veh_50 (at simulation time 157.301,400,000 s)
2024-06-04 00:13:06,547 INFO  - Received CAM message from veh_58 (at simulation time 157.301,900,000 s)
2024-06-04 00:13:06,547 INFO  - Received CAM message from veh_34 (at simulation time 157.301,900,000 s)
2024-06-04 00:13:06,547 INFO  - Received CAM message from veh_62 (at simulation time 157.302,400,000 s)
2024-06-04 00:13:06,547 INFO  - Received CAM message from veh_42 (at simulation time 157.302,400,000 s)
2024-06-04 00:13:06,547 INFO  - Received CAM message from veh_38 (at simulation time 157.302,400,000 s)
2024-06-04 00:13:06,547 INFO  - Atempting to process queue (at simulation time 157.400,000,000 s)
2024-06-04 00:13:06,547 INFO  - Vehicle is outside the detection area. (at simulation time 157.400,000,000 s)
2024-06-04 00:13:06,547 INFO  - Sent broadcast CAM message to all vehicles (at simulation time 157.400,000,000 s)
2024-06-04 00:13:06,548 INFO  - Received CAM message from veh_58 (at simulation time 157.400,400,000 s)
2024-06-04 00:13:06,548 INFO  - Received CAM message from veh_38 (at simulation time 157.400,400,000 s)
2024-06-04 00:13:06,548 INFO  - Received CAM message from veh_54 (at simulation time 157.400,900,000 s)
2024-06-04 00:13:06,548 INFO  - Received CAM message from veh_42 (at simulation time 157.400,900,000 s)
2024-06-04 00:13:06,549 INFO  - Received CAM message from veh_62 (at simulation time 157.401,900,000 s)
2024-06-04 00:13:06,549 INFO  - Received CAM message from veh_50 (at simulation time 157.401,900,000 s)
2024-06-04 00:13:06,549 INFO  - Received CAM message from veh_34 (at simulation time 157.401,900,000 s)
2024-06-04 00:13:06,549 INFO  - Received CAM message from veh_66 (at simulation time 157.402,400,000 s)
2024-06-04 00:13:06,549 INFO  - Atempting to process queue (at simulation time 157.500,000,000 s)
2024-06-04 00:13:06,549 INFO  - Vehicle is outside the detection area. (at simulation time 157.500,000,000 s)
2024-06-04 00:13:06,549 INFO  - Sent broadcast CAM message to all vehicles (at simulation time 157.500,000,000 s)
2024-06-04 00:13:06,550 INFO  - Received CAM message from veh_66 (at simulation time 157.500,400,000 s)
2024-06-04 00:13:06,550 INFO  - Received CAM message from veh_38 (at simulation time 157.500,400,000 s)
2024-06-04 00:13:06,550 INFO  - Received CAM message from veh_54 (at simulation time 157.500,900,000 s)
2024-06-04 00:13:06,550 INFO  - Received CAM message from veh_58 (at simulation time 157.501,400,000 s)
2024-06-04 00:13:06,550 INFO  - Received CAM message from veh_50 (at simulation time 157.501,400,000 s)
2024-06-04 00:13:06,550 INFO  - Received CAM message from veh_42 (at simulation time 157.501,400,000 s)
2024-06-04 00:13:06,550 INFO  - Received CAM message from veh_62 (at simulation time 157.501,900,000 s)
2024-06-04 00:13:06,551 INFO  - Received CAM message from veh_34 (at simulation time 157.502,400,000 s)
2024-06-04 00:13:06,551 INFO  - Atempting to process queue (at simulation time 157.600,000,000 s)
2024-06-04 00:13:06,551 INFO  - Vehicle is outside the detection area. (at simulation time 157.600,000,000 s)
2024-06-04 00:13:06,551 INFO  - Sent broadcast CAM message to all vehicles (at simulation time 157.600,000,000 s)
2024-06-04 00:13:06,551 INFO  - Received CAM message from veh_58 (at simulation time 157.600,400,000 s)
2024-06-04 00:13:06,551 INFO  - Received CAM message from veh_34 (at simulation time 157.600,400,000 s)
2024-06-04 00:13:06,552 INFO  - Received CAM message from veh_54 (at simulation time 157.600,900,000 s)
2024-06-04 00:13:06,552 INFO  - Received CAM message from veh_66 (at simulation time 157.601,400,000 s)
2024-06-04 00:13:06,552 INFO  - Received CAM message from veh_62 (at simulation time 157.601,400,000 s)
2024-06-04 00:13:06,552 INFO  - Received CAM message from veh_42 (at simulation time 157.601,400,000 s)
2024-06-04 00:13:06,552 INFO  - Received CAM message from veh_38 (at simulation time 157.601,400,000 s)
2024-06-04 00:13:06,552 INFO  - Received CAM message from veh_50 (at simulation time 157.602,400,000 s)
2024-06-04 00:13:06,552 INFO  - Atempting to process queue (at simulation time 157.700,000,000 s)
2024-06-04 00:13:06,552 INFO  - Vehicle is outside the detection area. (at simulation time 157.700,000,000 s)
2024-06-04 00:13:06,552 INFO  - Sent broadcast CAM message to all vehicles (at simulation time 157.700,000,000 s)
2024-06-04 00:13:06,554 INFO  - Received CAM message from veh_58 (at simulation time 157.700,400,000 s)
2024-06-04 00:13:06,554 INFO  - Received CAM message from veh_42 (at simulation time 157.700,900,000 s)
2024-06-04 00:13:06,554 INFO  - Received CAM message from veh_66 (at simulation time 157.701,400,000 s)
2024-06-04 00:13:06,554 INFO  - Received CAM message from veh_62 (at simulation time 157.701,400,000 s)
2024-06-04 00:13:06,554 INFO  - Received CAM message from veh_38 (at simulation time 157.701,400,000 s)
2024-06-04 00:13:06,554 INFO  - Received CAM message from veh_50 (at simulation time 157.701,900,000 s)
2024-06-04 00:13:06,555 INFO  - Received CAM message from veh_54 (at simulation time 157.702,400,000 s)
2024-06-04 00:13:06,555 INFO  - Received CAM message from veh_34 (at simulation time 157.702,400,000 s)
2024-06-04 00:13:06,555 INFO  - Atempting to process queue (at simulation time 157.800,000,000 s)
2024-06-04 00:13:06,555 INFO  - Vehicle is outside the detection area. (at simulation time 157.800,000,000 s)
2024-06-04 00:13:06,555 INFO  - Sent broadcast CAM message to all vehicles (at simulation time 157.800,000,000 s)
2024-06-04 00:13:06,555 INFO  - Received CAM message from veh_38 (at simulation time 157.800,400,000 s)
2024-06-04 00:13:06,556 INFO  - Received CAM message from veh_66 (at simulation time 157.800,900,000 s)
2024-06-04 00:13:06,556 INFO  - Received CAM message from veh_58 (at simulation time 157.800,900,000 s)
2024-06-04 00:13:06,556 INFO  - Received CAM message from veh_50 (at simulation time 157.800,900,000 s)
2024-06-04 00:13:06,556 INFO  - Received CAM message from veh_42 (at simulation time 157.800,900,000 s)
2024-06-04 00:13:06,556 INFO  - Received CAM message from veh_62 (at simulation time 157.801,400,000 s)
2024-06-04 00:13:06,556 INFO  - Received CAM message from veh_54 (at simulation time 157.802,400,000 s)
2024-06-04 00:13:06,556 INFO  - Received CAM message from veh_34 (at simulation time 157.802,400,000 s)
2024-06-04 00:13:06,556 INFO  - Atempting to process queue (at simulation time 157.900,000,000 s)
2024-06-04 00:13:06,556 INFO  - Vehicle is outside the detection area. (at simulation time 157.900,000,000 s)
2024-06-04 00:13:06,556 INFO  - Sent broadcast CAM message to all vehicles (at simulation time 157.900,000,000 s)
2024-06-04 00:13:06,557 INFO  - Received CAM message from veh_50 (at simulation time 157.900,400,000 s)
2024-06-04 00:13:06,557 INFO  - Received CAM message from veh_38 (at simulation time 157.900,400,000 s)
2024-06-04 00:13:06,557 INFO  - Received CAM message from veh_54 (at simulation time 157.900,900,000 s)
2024-06-04 00:13:06,558 INFO  - Received CAM message from veh_58 (at simulation time 157.901,400,000 s)
2024-06-04 00:13:06,558 INFO  - Received CAM message from veh_42 (at simulation time 157.901,400,000 s)
2024-06-04 00:13:06,558 INFO  - Received CAM message from veh_34 (at simulation time 157.901,400,000 s)
2024-06-04 00:13:06,558 INFO  - Received CAM message from veh_62 (at simulation time 157.901,900,000 s)
2024-06-04 00:13:06,558 INFO  - Received CAM message from veh_66 (at simulation time 157.902,400,000 s)
2024-06-04 00:13:06,563 INFO  - Atempting to process queue (at simulation time 158.000,000,000 s)
2024-06-04 00:13:06,563 INFO  - Vehicle is outside the detection area. (at simulation time 158.000,000,000 s)
2024-06-04 00:13:06,563 INFO  - Sent broadcast CAM message to all vehicles (at simulation time 158.000,000,000 s)
2024-06-04 00:13:06,565 INFO  - Received CAM message from veh_66 (at simulation time 158.000,400,000 s)
2024-06-04 00:13:06,565 INFO  - Received CAM message from veh_58 (at simulation time 158.000,400,000 s)
2024-06-04 00:13:06,566 INFO  - Received CAM message from veh_34 (at simulation time 158.000,400,000 s)
2024-06-04 00:13:06,566 INFO  - Received CAM message from veh_42 (at simulation time 158.001,400,000 s)
2024-06-04 00:13:06,566 INFO  - Received CAM message from veh_38 (at simulation time 158.001,400,000 s)
2024-06-04 00:13:06,566 INFO  - Received CAM message from veh_62 (at simulation time 158.001,900,000 s)
2024-06-04 00:13:06,566 INFO  - Received CAM message from veh_50 (at simulation time 158.001,900,000 s)
2024-06-04 00:13:06,567 INFO  - Atempting to process queue (at simulation time 158.100,000,000 s)
2024-06-04 00:13:06,567 INFO  - Vehicle is outside the detection area. (at simulation time 158.100,000,000 s)
2024-06-04 00:13:06,567 INFO  - Sent broadcast CAM message to all vehicles (at simulation time 158.100,000,000 s)
2024-06-04 00:13:06,567 INFO  - Received CAM message from veh_50 (at simulation time 158.100,400,000 s)
2024-06-04 00:13:06,567 INFO  - Received CAM message from veh_66 (at simulation time 158.100,900,000 s)
2024-06-04 00:13:06,568 INFO  - Received CAM message from veh_62 (at simulation time 158.101,400,000 s)
2024-06-04 00:13:06,568 INFO  - Received CAM message from veh_58 (at simulation time 158.101,400,000 s)
2024-06-04 00:13:06,568 INFO  - Received CAM message from veh_34 (at simulation time 158.101,400,000 s)
2024-06-04 00:13:06,568 INFO  - Received CAM message from veh_38 (at simulation time 158.101,900,000 s)
2024-06-04 00:13:06,568 INFO  - Received CAM message from veh_42 (at simulation time 158.102,400,000 s)
2024-06-04 00:13:06,568 INFO  - Atempting to process queue (at simulation time 158.200,000,000 s)
2024-06-04 00:13:06,568 INFO  - Vehicle is outside the detection area. (at simulation time 158.200,000,000 s)
2024-06-04 00:13:06,568 INFO  - Sent broadcast CAM message to all vehicles (at simulation time 158.200,000,000 s)
2024-06-04 00:13:06,569 INFO  - Received CAM message from veh_62 (at simulation time 158.200,400,000 s)
2024-06-04 00:13:06,569 INFO  - Received CAM message from veh_58 (at simulation time 158.200,400,000 s)
2024-06-04 00:13:06,569 INFO  - Received CAM message from veh_34 (at simulation time 158.200,400,000 s)
2024-06-04 00:13:06,570 INFO  - Received CAM message from veh_66 (at simulation time 158.200,900,000 s)
2024-06-04 00:13:06,570 INFO  - Received CAM message from veh_38 (at simulation time 158.200,900,000 s)
2024-06-04 00:13:06,570 INFO  - Received CAM message from veh_50 (at simulation time 158.201,900,000 s)
2024-06-04 00:13:06,570 INFO  - Received CAM message from veh_42 (at simulation time 158.202,400,000 s)
2024-06-04 00:13:06,570 INFO  - Atempting to process queue (at simulation time 158.300,000,000 s)
2024-06-04 00:13:06,570 INFO  - Vehicle is outside the detection area. (at simulation time 158.300,000,000 s)
2024-06-04 00:13:06,570 INFO  - Sent broadcast CAM message to all vehicles (at simulation time 158.300,000,000 s)
2024-06-04 00:13:06,571 INFO  - Received CAM message from veh_34 (at simulation time 158.300,400,000 s)
2024-06-04 00:13:06,571 INFO  - Received CAM message from veh_66 (at simulation time 158.300,900,000 s)
2024-06-04 00:13:06,571 INFO  - Received CAM message from veh_50 (at simulation time 158.300,900,000 s)
2024-06-04 00:13:06,571 INFO  - Received CAM message from veh_62 (at simulation time 158.301,900,000 s)
2024-06-04 00:13:06,571 INFO  - Received CAM message from veh_58 (at simulation time 158.301,900,000 s)
2024-06-04 00:13:06,571 INFO  - Received CAM message from veh_42 (at simulation time 158.302,400,000 s)
2024-06-04 00:13:06,571 INFO  - Received CAM message from veh_38 (at simulation time 158.302,400,000 s)
2024-06-04 00:13:06,572 INFO  - Atempting to process queue (at simulation time 158.400,000,000 s)
2024-06-04 00:13:06,572 INFO  - Vehicle is outside the detection area. (at simulation time 158.400,000,000 s)
2024-06-04 00:13:06,572 INFO  - Sent broadcast CAM message to all vehicles (at simulation time 158.400,000,000 s)
2024-06-04 00:13:06,572 INFO  - Received CAM message from veh_58 (at simulation time 158.400,400,000 s)
2024-06-04 00:13:06,573 INFO  - Received CAM message from veh_62 (at simulation time 158.400,900,000 s)
2024-06-04 00:13:06,573 INFO  - Received CAM message from veh_50 (at simulation time 158.400,900,000 s)
2024-06-04 00:13:06,573 INFO  - Received CAM message from veh_42 (at simulation time 158.401,900,000 s)
2024-06-04 00:13:06,573 INFO  - Received CAM message from veh_38 (at simulation time 158.401,900,000 s)
2024-06-04 00:13:06,573 INFO  - Received CAM message from veh_34 (at simulation time 158.401,900,000 s)
2024-06-04 00:13:06,573 INFO  - Received CAM message from veh_66 (at simulation time 158.402,400,000 s)
2024-06-04 00:13:06,573 INFO  - Atempting to process queue (at simulation time 158.500,000,000 s)
2024-06-04 00:13:06,573 INFO  - Vehicle is outside the detection area. (at simulation time 158.500,000,000 s)
2024-06-04 00:13:06,573 INFO  - Sent broadcast CAM message to all vehicles (at simulation time 158.500,000,000 s)
2024-06-04 00:13:06,574 INFO  - Received CAM message from veh_66 (at simulation time 158.500,400,000 s)
2024-06-04 00:13:06,574 INFO  - Received CAM message from veh_62 (at simulation time 158.500,400,000 s)
2024-06-04 00:13:06,574 INFO  - Received CAM message from veh_50 (at simulation time 158.500,900,000 s)
2024-06-04 00:13:06,574 INFO  - Received CAM message from veh_34 (at simulation time 158.500,900,000 s)
2024-06-04 00:13:06,574 INFO  - Received CAM message from veh_58 (at simulation time 158.501,900,000 s)
2024-06-04 00:13:06,574 INFO  - Received CAM message from veh_38 (at simulation time 158.501,900,000 s)
2024-06-04 00:13:06,575 INFO  - Received CAM message from veh_42 (at simulation time 158.502,400,000 s)
2024-06-04 00:13:06,575 INFO  - Atempting to process queue (at simulation time 158.600,000,000 s)
2024-06-04 00:13:06,575 INFO  - Vehicle is outside the detection area. (at simulation time 158.600,000,000 s)
2024-06-04 00:13:06,575 INFO  - Sent broadcast CAM message to all vehicles (at simulation time 158.600,000,000 s)
2024-06-04 00:13:06,575 INFO  - Received CAM message from veh_62 (at simulation time 158.600,400,000 s)
2024-06-04 00:13:06,575 INFO  - Received CAM message from veh_58 (at simulation time 158.600,400,000 s)
2024-06-04 00:13:06,575 INFO  - Received CAM message from veh_66 (at simulation time 158.600,900,000 s)
2024-06-04 00:13:06,576 INFO  - Received CAM message from veh_38 (at simulation time 158.601,400,000 s)
2024-06-04 00:13:06,576 INFO  - Received CAM message from veh_42 (at simulation time 158.601,900,000 s)
2024-06-04 00:13:06,576 INFO  - Received CAM message from veh_34 (at simulation time 158.601,900,000 s)
2024-06-04 00:13:06,576 INFO  - Received CAM message from veh_50 (at simulation time 158.602,400,000 s)
2024-06-04 00:13:06,576 INFO  - Atempting to process queue (at simulation time 158.700,000,000 s)
2024-06-04 00:13:06,576 INFO  - Vehicle is outside the detection area. (at simulation time 158.700,000,000 s)
2024-06-04 00:13:06,576 INFO  - Sent broadcast CAM message to all vehicles (at simulation time 158.700,000,000 s)
2024-06-04 00:13:06,577 INFO  - Received CAM message from veh_58 (at simulation time 158.700,400,000 s)
2024-06-04 00:13:06,577 INFO  - Received CAM message from veh_50 (at simulation time 158.700,400,000 s)
2024-06-04 00:13:06,577 INFO  - Received CAM message from veh_62 (at simulation time 158.700,900,000 s)
2024-06-04 00:13:06,577 INFO  - Received CAM message from veh_42 (at simulation time 158.701,400,000 s)
2024-06-04 00:13:06,577 INFO  - Received CAM message from veh_38 (at simulation time 158.701,400,000 s)
2024-06-04 00:13:06,577 INFO  - Received CAM message from veh_34 (at simulation time 158.701,900,000 s)
2024-06-04 00:13:06,578 INFO  - Received CAM message from veh_66 (at simulation time 158.702,400,000 s)
2024-06-04 00:13:06,578 INFO  - Atempting to process queue (at simulation time 158.800,000,000 s)
2024-06-04 00:13:06,578 INFO  - Vehicle is outside the detection area. (at simulation time 158.800,000,000 s)
2024-06-04 00:13:06,578 INFO  - Sent broadcast CAM message to all vehicles (at simulation time 158.800,000,000 s)
2024-06-04 00:13:06,578 INFO  - Received CAM message from veh_62 (at simulation time 158.800,400,000 s)
2024-06-04 00:13:06,579 INFO  - Received CAM message from veh_58 (at simulation time 158.801,400,000 s)
2024-06-04 00:13:06,579 INFO  - Received CAM message from veh_34 (at simulation time 158.801,400,000 s)
2024-06-04 00:13:06,579 INFO  - Received CAM message from veh_50 (at simulation time 158.801,900,000 s)
2024-06-04 00:13:06,579 INFO  - Received CAM message from veh_42 (at simulation time 158.801,900,000 s)
2024-06-04 00:13:06,579 INFO  - Received CAM message from veh_66 (at simulation time 158.802,400,000 s)
2024-06-04 00:13:06,579 INFO  - Received CAM message from veh_38 (at simulation time 158.802,400,000 s)
2024-06-04 00:13:06,579 INFO  - Atempting to process queue (at simulation time 158.900,000,000 s)
2024-06-04 00:13:06,579 INFO  - Vehicle is outside the detection area. (at simulation time 158.900,000,000 s)
2024-06-04 00:13:06,579 INFO  - Sent broadcast CAM message to all vehicles (at simulation time 158.900,000,000 s)
2024-06-04 00:13:06,580 INFO  - Received CAM message from veh_50 (at simulation time 158.900,400,000 s)
2024-06-04 00:13:06,580 INFO  - Received CAM message from veh_66 (at simulation time 158.901,400,000 s)
2024-06-04 00:13:06,580 INFO  - Received CAM message from veh_42 (at simulation time 158.901,400,000 s)
2024-06-04 00:13:06,581 INFO  - Received CAM message from veh_58 (at simulation time 158.901,900,000 s)
2024-06-04 00:13:06,581 INFO  - Received CAM message from veh_38 (at simulation time 158.901,900,000 s)
2024-06-04 00:13:06,581 INFO  - Received CAM message from veh_62 (at simulation time 158.902,400,000 s)
2024-06-04 00:13:06,581 INFO  - Received CAM message from veh_34 (at simulation time 158.902,400,000 s)
2024-06-04 00:13:06,584 INFO  - Atempting to process queue (at simulation time 159.000,000,000 s)
2024-06-04 00:13:06,584 INFO  - Vehicle is outside the detection area. (at simulation time 159.000,000,000 s)
2024-06-04 00:13:06,585 INFO  - Sent broadcast CAM message to all vehicles (at simulation time 159.000,000,000 s)
2024-06-04 00:13:06,587 INFO  - Received CAM message from veh_34 (at simulation time 159.000,400,000 s)
2024-06-04 00:13:06,587 INFO  - Received CAM message from veh_62 (at simulation time 159.000,900,000 s)
2024-06-04 00:13:06,588 INFO  - Received CAM message from veh_42 (at simulation time 159.000,900,000 s)
2024-06-04 00:13:06,588 INFO  - Received CAM message from veh_66 (at simulation time 159.001,400,000 s)
2024-06-04 00:13:06,589 INFO  - Received CAM message from veh_58 (at simulation time 159.002,400,000 s)
2024-06-04 00:13:06,589 INFO  - Received CAM message from veh_38 (at simulation time 159.002,400,000 s)
2024-06-04 00:13:06,589 INFO  - Atempting to process queue (at simulation time 159.100,000,000 s)
2024-06-04 00:13:06,589 INFO  - Vehicle is outside the detection area. (at simulation time 159.100,000,000 s)
2024-06-04 00:13:06,589 INFO  - Sent broadcast CAM message to all vehicles (at simulation time 159.100,000,000 s)
2024-06-04 00:13:06,590 INFO  - Received CAM message from veh_42 (at simulation time 159.100,900,000 s)
2024-06-04 00:13:06,590 INFO  - Received CAM message from veh_34 (at simulation time 159.100,900,000 s)
2024-06-04 00:13:06,590 INFO  - Received CAM message from veh_66 (at simulation time 159.101,400,000 s)
2024-06-04 00:13:06,590 INFO  - Received CAM message from veh_62 (at simulation time 159.101,900,000 s)
2024-06-04 00:13:06,591 INFO  - Received CAM message from veh_58 (at simulation time 159.102,400,000 s)
2024-06-04 00:13:06,591 INFO  - Received CAM message from veh_38 (at simulation time 159.102,400,000 s)
2024-06-04 00:13:06,591 INFO  - Atempting to process queue (at simulation time 159.200,000,000 s)
2024-06-04 00:13:06,591 INFO  - Vehicle is outside the detection area. (at simulation time 159.200,000,000 s)
2024-06-04 00:13:06,591 INFO  - Sent broadcast CAM message to all vehicles (at simulation time 159.200,000,000 s)
2024-06-04 00:13:06,592 INFO  - Received CAM message from veh_38 (at simulation time 159.200,400,000 s)
2024-06-04 00:13:06,592 INFO  - Received CAM message from veh_42 (at simulation time 159.200,900,000 s)
2024-06-04 00:13:06,592 INFO  - Received CAM message from veh_34 (at simulation time 159.200,900,000 s)
2024-06-04 00:13:06,592 INFO  - Received CAM message from veh_66 (at simulation time 159.201,400,000 s)
2024-06-04 00:13:06,593 INFO  - Received CAM message from veh_62 (at simulation time 159.201,900,000 s)
2024-06-04 00:13:06,593 INFO  - Received CAM message from veh_58 (at simulation time 159.202,400,000 s)
2024-06-04 00:13:06,593 INFO  - Atempting to process queue (at simulation time 159.300,000,000 s)
2024-06-04 00:13:06,593 INFO  - Vehicle is outside the detection area. (at simulation time 159.300,000,000 s)
2024-06-04 00:13:06,593 INFO  - Sent broadcast CAM message to all vehicles (at simulation time 159.300,000,000 s)
2024-06-04 00:13:06,594 INFO  - Received CAM message from veh_66 (at simulation time 159.300,900,000 s)
2024-06-04 00:13:06,594 INFO  - Received CAM message from veh_38 (at simulation time 159.300,900,000 s)
2024-06-04 00:13:06,594 INFO  - Received CAM message from veh_34 (at simulation time 159.300,900,000 s)
2024-06-04 00:13:06,594 INFO  - Received CAM message from veh_62 (at simulation time 159.301,400,000 s)
2024-06-04 00:13:06,594 INFO  - Received CAM message from veh_58 (at simulation time 159.301,400,000 s)
2024-06-04 00:13:06,594 INFO  - Received CAM message from veh_42 (at simulation time 159.302,400,000 s)
2024-06-04 00:13:06,594 INFO  - Atempting to process queue (at simulation time 159.400,000,000 s)
2024-06-04 00:13:06,594 INFO  - Vehicle is outside the detection area. (at simulation time 159.400,000,000 s)
2024-06-04 00:13:06,594 INFO  - Sent broadcast CAM message to all vehicles (at simulation time 159.400,000,000 s)
2024-06-04 00:13:06,595 INFO  - Received CAM message from veh_38 (at simulation time 159.400,400,000 s)
2024-06-04 00:13:06,595 INFO  - Received CAM message from veh_34 (at simulation time 159.400,400,000 s)
2024-06-04 00:13:06,596 INFO  - Received CAM message from veh_66 (at simulation time 159.401,900,000 s)
2024-06-04 00:13:06,596 INFO  - Received CAM message from veh_62 (at simulation time 159.401,900,000 s)
2024-06-04 00:13:06,596 INFO  - Received CAM message from veh_58 (at simulation time 159.401,900,000 s)
2024-06-04 00:13:06,596 INFO  - Received CAM message from veh_42 (at simulation time 159.401,900,000 s)
2024-06-04 00:13:06,596 INFO  - Atempting to process queue (at simulation time 159.500,000,000 s)
2024-06-04 00:13:06,596 INFO  - Vehicle is outside the detection area. (at simulation time 159.500,000,000 s)
2024-06-04 00:13:06,596 INFO  - Sent broadcast CAM message to all vehicles (at simulation time 159.500,000,000 s)
2024-06-04 00:13:06,597 INFO  - Received CAM message from veh_42 (at simulation time 159.500,400,000 s)
2024-06-04 00:13:06,597 INFO  - Received CAM message from veh_34 (at simulation time 159.500,400,000 s)
2024-06-04 00:13:06,598 INFO  - Received CAM message from veh_66 (at simulation time 159.501,400,000 s)
2024-06-04 00:13:06,598 INFO  - Received CAM message from veh_58 (at simulation time 159.501,400,000 s)
2024-06-04 00:13:06,598 INFO  - Received CAM message from veh_62 (at simulation time 159.501,900,000 s)
2024-06-04 00:13:06,598 INFO  - Received CAM message from veh_38 (at simulation time 159.501,900,000 s)
2024-06-04 00:13:06,598 INFO  - Atempting to process queue (at simulation time 159.600,000,000 s)
2024-06-04 00:13:06,598 INFO  - Vehicle is outside the detection area. (at simulation time 159.600,000,000 s)
2024-06-04 00:13:06,598 INFO  - Sent broadcast CAM message to all vehicles (at simulation time 159.600,000,000 s)
2024-06-04 00:13:06,599 INFO  - Received CAM message from veh_62 (at simulation time 159.600,900,000 s)
2024-06-04 00:13:06,599 INFO  - Received CAM message from veh_58 (at simulation time 159.600,900,000 s)
2024-06-04 00:13:06,600 INFO  - Received CAM message from veh_38 (at simulation time 159.601,400,000 s)
2024-06-04 00:13:06,600 INFO  - Received CAM message from veh_66 (at simulation time 159.602,400,000 s)
2024-06-04 00:13:06,600 INFO  - Received CAM message from veh_42 (at simulation time 159.602,400,000 s)
2024-06-04 00:13:06,600 INFO  - Received CAM message from veh_34 (at simulation time 159.602,400,000 s)
2024-06-04 00:13:06,600 INFO  - Atempting to process queue (at simulation time 159.700,000,000 s)
2024-06-04 00:13:06,600 INFO  - Vehicle is outside the detection area. (at simulation time 159.700,000,000 s)
2024-06-04 00:13:06,600 INFO  - Sent broadcast CAM message to all vehicles (at simulation time 159.700,000,000 s)
2024-06-04 00:13:06,601 INFO  - Received CAM message from veh_66 (at simulation time 159.700,400,000 s)
2024-06-04 00:13:06,601 INFO  - Received CAM message from veh_34 (at simulation time 159.700,400,000 s)
2024-06-04 00:13:06,601 INFO  - Received CAM message from veh_42 (at simulation time 159.701,400,000 s)
2024-06-04 00:13:06,601 INFO  - Received CAM message from veh_38 (at simulation time 159.701,400,000 s)
2024-06-04 00:13:06,602 INFO  - Received CAM message from veh_62 (at simulation time 159.702,400,000 s)
2024-06-04 00:13:06,602 INFO  - Received CAM message from veh_58 (at simulation time 159.702,400,000 s)
2024-06-04 00:13:06,602 INFO  - Atempting to process queue (at simulation time 159.800,000,000 s)
2024-06-04 00:13:06,602 INFO  - Vehicle is outside the detection area. (at simulation time 159.800,000,000 s)
2024-06-04 00:13:06,602 INFO  - Sent broadcast CAM message to all vehicles (at simulation time 159.800,000,000 s)
2024-06-04 00:13:06,603 INFO  - Received CAM message from veh_38 (at simulation time 159.800,400,000 s)
2024-06-04 00:13:06,603 INFO  - Received CAM message from veh_34 (at simulation time 159.800,400,000 s)
2024-06-04 00:13:06,603 INFO  - Received CAM message from veh_58 (at simulation time 159.801,400,000 s)
2024-06-04 00:13:06,603 INFO  - Received CAM message from veh_42 (at simulation time 159.801,400,000 s)
2024-06-04 00:13:06,604 INFO  - Received CAM message from veh_66 (at simulation time 159.802,400,000 s)
2024-06-04 00:13:06,604 INFO  - Received CAM message from veh_62 (at simulation time 159.802,400,000 s)
2024-06-04 00:13:06,604 INFO  - Atempting to process queue (at simulation time 159.900,000,000 s)
2024-06-04 00:13:06,604 INFO  - Vehicle is outside the detection area. (at simulation time 159.900,000,000 s)
2024-06-04 00:13:06,604 INFO  - Sent broadcast CAM message to all vehicles (at simulation time 159.900,000,000 s)
2024-06-04 00:13:06,605 INFO  - Received CAM message from veh_58 (at simulation time 159.900,400,000 s)
2024-06-04 00:13:06,605 INFO  - Received CAM message from veh_62 (at simulation time 159.900,900,000 s)
2024-06-04 00:13:06,605 INFO  - Received CAM message from veh_42 (at simulation time 159.900,900,000 s)
2024-06-04 00:13:06,605 INFO  - Received CAM message from veh_66 (at simulation time 159.901,400,000 s)
2024-06-04 00:13:06,605 INFO  - Received CAM message from veh_34 (at simulation time 159.901,400,000 s)
2024-06-04 00:13:06,606 INFO  - Received CAM message from veh_38 (at simulation time 159.902,400,000 s)
2024-06-04 00:13:06,610 INFO  - Atempting to process queue (at simulation time 160.000,000,000 s)
2024-06-04 00:13:06,610 INFO  - Vehicle is outside the detection area. (at simulation time 160.000,000,000 s)
2024-06-04 00:13:06,610 INFO  - Sent broadcast CAM message to all vehicles (at simulation time 160.000,000,000 s)
2024-06-04 00:13:06,612 INFO  - Received CAM message from veh_58 (at simulation time 160.000,400,000 s)
2024-06-04 00:13:06,613 INFO  - Received CAM message from veh_34 (at simulation time 160.000,900,000 s)
2024-06-04 00:13:06,613 INFO  - Received CAM message from veh_42 (at simulation time 160.001,400,000 s)
2024-06-04 00:13:06,613 INFO  - Atempting to process queue (at simulation time 160.100,000,000 s)
2024-06-04 00:13:06,613 INFO  - Vehicle is outside the detection area. (at simulation time 160.100,000,000 s)
2024-06-04 00:13:06,613 INFO  - Sent broadcast CAM message to all vehicles (at simulation time 160.100,000,000 s)
2024-06-04 00:13:06,614 INFO  - Received CAM message from veh_58 (at simulation time 160.100,400,000 s)
2024-06-04 00:13:06,614 INFO  - Received CAM message from veh_34 (at simulation time 160.100,400,000 s)
2024-06-04 00:13:06,615 INFO  - Received CAM message from veh_42 (at simulation time 160.101,400,000 s)
2024-06-04 00:13:06,615 INFO  - Atempting to process queue (at simulation time 160.200,000,000 s)
2024-06-04 00:13:06,615 INFO  - Vehicle is outside the detection area. (at simulation time 160.200,000,000 s)
2024-06-04 00:13:06,615 INFO  - Sent broadcast CAM message to all vehicles (at simulation time 160.200,000,000 s)
2024-06-04 00:13:06,616 INFO  - Received CAM message from veh_42 (at simulation time 160.201,400,000 s)
2024-06-04 00:13:06,617 INFO  - Received CAM message from veh_34 (at simulation time 160.201,400,000 s)
2024-06-04 00:13:06,617 INFO  - Received CAM message from veh_58 (at simulation time 160.201,900,000 s)
2024-06-04 00:13:06,617 INFO  - Atempting to process queue (at simulation time 160.300,000,000 s)
2024-06-04 00:13:06,617 INFO  - Vehicle is outside the detection area. (at simulation time 160.300,000,000 s)
2024-06-04 00:13:06,617 INFO  - Sent broadcast CAM message to all vehicles (at simulation time 160.300,000,000 s)
2024-06-04 00:13:06,618 INFO  - Received CAM message from veh_58 (at simulation time 160.300,400,000 s)
2024-06-04 00:13:06,618 INFO  - Received CAM message from veh_34 (at simulation time 160.300,400,000 s)
2024-06-04 00:13:06,618 INFO  - Received CAM message from veh_42 (at simulation time 160.302,400,000 s)
2024-06-04 00:13:06,618 INFO  - Atempting to process queue (at simulation time 160.400,000,000 s)
2024-06-04 00:13:06,618 INFO  - Vehicle is outside the detection area. (at simulation time 160.400,000,000 s)
2024-06-04 00:13:06,618 INFO  - Sent broadcast CAM message to all vehicles (at simulation time 160.400,000,000 s)
2024-06-04 00:13:06,619 INFO  - Received CAM message from veh_58 (at simulation time 160.400,400,000 s)
2024-06-04 00:13:06,619 INFO  - Received CAM message from veh_34 (at simulation time 160.400,400,000 s)
2024-06-04 00:13:06,619 INFO  - Received CAM message from veh_42 (at simulation time 160.400,900,000 s)
2024-06-04 00:13:06,620 INFO  - Atempting to process queue (at simulation time 160.500,000,000 s)
2024-06-04 00:13:06,620 INFO  - Vehicle is outside the detection area. (at simulation time 160.500,000,000 s)
2024-06-04 00:13:06,620 INFO  - Sent broadcast CAM message to all vehicles (at simulation time 160.500,000,000 s)
2024-06-04 00:13:06,621 INFO  - Received CAM message from veh_42 (at simulation time 160.500,400,000 s)
2024-06-04 00:13:06,621 INFO  - Received CAM message from veh_34 (at simulation time 160.501,400,000 s)
2024-06-04 00:13:06,621 INFO  - Received CAM message from veh_58 (at simulation time 160.502,400,000 s)
2024-06-04 00:13:06,621 INFO  - Atempting to process queue (at simulation time 160.600,000,000 s)
2024-06-04 00:13:06,621 INFO  - Vehicle is outside the detection area. (at simulation time 160.600,000,000 s)
2024-06-04 00:13:06,621 INFO  - Sent broadcast CAM message to all vehicles (at simulation time 160.600,000,000 s)
2024-06-04 00:13:06,622 INFO  - Received CAM message from veh_58 (at simulation time 160.600,400,000 s)
2024-06-04 00:13:06,622 INFO  - Received CAM message from veh_42 (at simulation time 160.600,900,000 s)
2024-06-04 00:13:06,623 INFO  - Received CAM message from veh_34 (at simulation time 160.602,400,000 s)
2024-06-04 00:13:06,623 INFO  - Atempting to process queue (at simulation time 160.700,000,000 s)
2024-06-04 00:13:06,623 INFO  - Vehicle is outside the detection area. (at simulation time 160.700,000,000 s)
2024-06-04 00:13:06,623 INFO  - Sent broadcast CAM message to all vehicles (at simulation time 160.700,000,000 s)
2024-06-04 00:13:06,624 INFO  - Received CAM message from veh_58 (at simulation time 160.701,900,000 s)
2024-06-04 00:13:06,624 INFO  - Received CAM message from veh_42 (at simulation time 160.701,900,000 s)
2024-06-04 00:13:06,624 INFO  - Received CAM message from veh_34 (at simulation time 160.702,400,000 s)
2024-06-04 00:13:06,624 INFO  - Atempting to process queue (at simulation time 160.800,000,000 s)
2024-06-04 00:13:06,624 INFO  - Vehicle is outside the detection area. (at simulation time 160.800,000,000 s)
2024-06-04 00:13:06,624 INFO  - Sent broadcast CAM message to all vehicles (at simulation time 160.800,000,000 s)
2024-06-04 00:13:06,625 INFO  - Received CAM message from veh_58 (at simulation time 160.800,900,000 s)
2024-06-04 00:13:06,625 INFO  - Received CAM message from veh_42 (at simulation time 160.800,900,000 s)
2024-06-04 00:13:06,625 INFO  - Received CAM message from veh_34 (at simulation time 160.801,900,000 s)
2024-06-04 00:13:06,625 INFO  - Atempting to process queue (at simulation time 160.900,000,000 s)
2024-06-04 00:13:06,625 INFO  - Vehicle is outside the detection area. (at simulation time 160.900,000,000 s)
2024-06-04 00:13:06,625 INFO  - Sent broadcast CAM message to all vehicles (at simulation time 160.900,000,000 s)
2024-06-04 00:13:06,626 INFO  - Received CAM message from veh_58 (at simulation time 160.900,400,000 s)
2024-06-04 00:13:06,626 INFO  - Received CAM message from veh_42 (at simulation time 160.901,400,000 s)
2024-06-04 00:13:06,627 INFO  - Received CAM message from veh_34 (at simulation time 160.902,400,000 s)
2024-06-04 00:13:06,630 INFO  - Atempting to process queue (at simulation time 161.000,000,000 s)
2024-06-04 00:13:06,630 INFO  - Vehicle is outside the detection area. (at simulation time 161.000,000,000 s)
2024-06-04 00:13:06,630 INFO  - Sent broadcast CAM message to all vehicles (at simulation time 161.000,000,000 s)
2024-06-04 00:13:06,633 INFO  - Received CAM message from veh_42 (at simulation time 161.001,400,000 s)
2024-06-04 00:13:06,633 INFO  - Atempting to process queue (at simulation time 161.100,000,000 s)
2024-06-04 00:13:06,633 INFO  - Vehicle is outside the detection area. (at simulation time 161.100,000,000 s)
2024-06-04 00:13:06,633 INFO  - Sent broadcast CAM message to all vehicles (at simulation time 161.100,000,000 s)
2024-06-04 00:13:06,634 INFO  - Received CAM message from veh_42 (at simulation time 161.101,400,000 s)
2024-06-04 00:13:06,635 INFO  - Atempting to process queue (at simulation time 161.200,000,000 s)
2024-06-04 00:13:06,635 INFO  - Vehicle is outside the detection area. (at simulation time 161.200,000,000 s)
2024-06-04 00:13:06,635 INFO  - Sent broadcast CAM message to all vehicles (at simulation time 161.200,000,000 s)
2024-06-04 00:13:06,637 INFO  - Received CAM message from veh_42 (at simulation time 161.202,400,000 s)
2024-06-04 00:13:06,637 INFO  - Atempting to process queue (at simulation time 161.300,000,000 s)
2024-06-04 00:13:06,637 INFO  - Vehicle is outside the detection area. (at simulation time 161.300,000,000 s)
2024-06-04 00:13:06,637 INFO  - Sent broadcast CAM message to all vehicles (at simulation time 161.300,000,000 s)
2024-06-04 00:13:06,638 INFO  - Received CAM message from veh_42 (at simulation time 161.302,400,000 s)
2024-06-04 00:13:06,638 INFO  - Atempting to process queue (at simulation time 161.400,000,000 s)
2024-06-04 00:13:06,638 INFO  - Vehicle is outside the detection area. (at simulation time 161.400,000,000 s)
2024-06-04 00:13:06,638 INFO  - Sent broadcast CAM message to all vehicles (at simulation time 161.400,000,000 s)
2024-06-04 00:13:06,639 INFO  - Received CAM message from veh_42 (at simulation time 161.400,400,000 s)
2024-06-04 00:13:06,640 INFO  - Atempting to process queue (at simulation time 161.500,000,000 s)
2024-06-04 00:13:06,640 INFO  - Vehicle is outside the detection area. (at simulation time 161.500,000,000 s)
2024-06-04 00:13:06,640 INFO  - Sent broadcast CAM message to all vehicles (at simulation time 161.500,000,000 s)
2024-06-04 00:13:06,640 INFO  - Received CAM message from veh_42 (at simulation time 161.500,900,000 s)
2024-06-04 00:13:06,641 INFO  - Atempting to process queue (at simulation time 161.600,000,000 s)
2024-06-04 00:13:06,641 INFO  - Vehicle is outside the detection area. (at simulation time 161.600,000,000 s)
2024-06-04 00:13:06,641 INFO  - Sent broadcast CAM message to all vehicles (at simulation time 161.600,000,000 s)
2024-06-04 00:13:06,643 INFO  - Received CAM message from veh_42 (at simulation time 161.600,900,000 s)
2024-06-04 00:13:06,646 INFO  - Received Control message from rsu_0 to veh_95 (at simulation time 161.602,400,000 s)
2024-06-04 00:13:06,646 INFO  - Current route: 1, lane: 0 (at simulation time 161.602,400,000 s)
2024-06-04 00:13:06,646 INFO  - Vehicle position: GeoPoint{lat=40.743246,lon=-73.988474,alt=0.00} (at simulation time 161.602,400,000 s)
2024-06-04 00:13:06,657 INFO  - Atempting to process queue (at simulation time 161.700,000,000 s)
2024-06-04 00:13:06,657 INFO  - Vehicle is outside the detection area. (at simulation time 161.700,000,000 s)
2024-06-04 00:13:06,657 INFO  - Sent broadcast CAM message to all vehicles (at simulation time 161.700,000,000 s)
2024-06-04 00:13:06,657 INFO  - Received CAM message from veh_42 (at simulation time 161.700,400,000 s)
2024-06-04 00:13:06,658 INFO  - Atempting to process queue (at simulation time 161.800,000,000 s)
2024-06-04 00:13:06,658 INFO  - Vehicle is outside the detection area. (at simulation time 161.800,000,000 s)
2024-06-04 00:13:06,658 INFO  - Sent broadcast CAM message to all vehicles (at simulation time 161.800,000,000 s)
2024-06-04 00:13:06,659 INFO  - Received CAM message from veh_42 (at simulation time 161.801,400,000 s)
2024-06-04 00:13:06,660 INFO  - Atempting to process queue (at simulation time 161.900,000,000 s)
2024-06-04 00:13:06,660 INFO  - Vehicle is outside the detection area. (at simulation time 161.900,000,000 s)
2024-06-04 00:13:06,660 INFO  - Sent broadcast CAM message to all vehicles (at simulation time 161.900,000,000 s)
2024-06-04 00:13:06,661 INFO  - Received CAM message from veh_42 (at simulation time 161.902,400,000 s)
2024-06-04 00:13:06,664 INFO  - Atempting to process queue (at simulation time 162.000,000,000 s)
2024-06-04 00:13:06,664 INFO  - Vehicle is outside the detection area. (at simulation time 162.000,000,000 s)
2024-06-04 00:13:06,664 INFO  - Sent broadcast CAM message to all vehicles (at simulation time 162.000,000,000 s)
2024-06-04 00:13:06,667 INFO  - Vehicle is outside the detection area. (at simulation time 162.100,000,000 s)
2024-06-04 00:13:06,667 INFO  - Sent broadcast CAM message to all vehicles (at simulation time 162.100,000,000 s)
2024-06-04 00:13:06,669 INFO  - Vehicle is outside the detection area. (at simulation time 162.200,000,000 s)
2024-06-04 00:13:06,669 INFO  - Sent broadcast CAM message to all vehicles (at simulation time 162.200,000,000 s)
2024-06-04 00:13:06,671 INFO  - Vehicle is outside the detection area. (at simulation time 162.300,000,000 s)
2024-06-04 00:13:06,671 INFO  - Sent broadcast CAM message to all vehicles (at simulation time 162.300,000,000 s)
2024-06-04 00:13:06,673 INFO  - Vehicle is outside the detection area. (at simulation time 162.400,000,000 s)
2024-06-04 00:13:06,673 INFO  - Sent broadcast CAM message to all vehicles (at simulation time 162.400,000,000 s)
2024-06-04 00:13:06,674 INFO  - Vehicle is outside the detection area. (at simulation time 162.500,000,000 s)
2024-06-04 00:13:06,674 INFO  - Sent broadcast CAM message to all vehicles (at simulation time 162.500,000,000 s)
2024-06-04 00:13:06,676 INFO  - Vehicle is outside the detection area. (at simulation time 162.600,000,000 s)
2024-06-04 00:13:06,676 INFO  - Sent broadcast CAM message to all vehicles (at simulation time 162.600,000,000 s)
2024-06-04 00:13:06,677 INFO  - Vehicle is outside the detection area. (at simulation time 162.700,000,000 s)
2024-06-04 00:13:06,677 INFO  - Sent broadcast CAM message to all vehicles (at simulation time 162.700,000,000 s)
2024-06-04 00:13:06,679 INFO  - Vehicle is outside the detection area. (at simulation time 162.800,000,000 s)
2024-06-04 00:13:06,679 INFO  - Sent broadcast CAM message to all vehicles (at simulation time 162.800,000,000 s)
2024-06-04 00:13:06,680 INFO  - Vehicle is outside the detection area. (at simulation time 162.900,000,000 s)
2024-06-04 00:13:06,680 INFO  - Sent broadcast CAM message to all vehicles (at simulation time 162.900,000,000 s)
2024-06-04 00:13:06,688 INFO  - Vehicle is outside the detection area. (at simulation time 163.000,000,000 s)
2024-06-04 00:13:06,688 INFO  - Sent broadcast CAM message to all vehicles (at simulation time 163.000,000,000 s)
2024-06-04 00:13:06,691 INFO  - Vehicle is outside the detection area. (at simulation time 163.100,000,000 s)
2024-06-04 00:13:06,691 INFO  - Sent broadcast CAM message to all vehicles (at simulation time 163.100,000,000 s)
2024-06-04 00:13:06,693 INFO  - Vehicle is outside the detection area. (at simulation time 163.200,000,000 s)
2024-06-04 00:13:06,693 INFO  - Sent broadcast CAM message to all vehicles (at simulation time 163.200,000,000 s)
2024-06-04 00:13:06,695 INFO  - Vehicle is outside the detection area. (at simulation time 163.300,000,000 s)
2024-06-04 00:13:06,695 INFO  - Sent broadcast CAM message to all vehicles (at simulation time 163.300,000,000 s)
2024-06-04 00:13:06,697 INFO  - Vehicle is outside the detection area. (at simulation time 163.400,000,000 s)
2024-06-04 00:13:06,697 INFO  - Sent broadcast CAM message to all vehicles (at simulation time 163.400,000,000 s)
2024-06-04 00:13:06,698 INFO  - Vehicle is outside the detection area. (at simulation time 163.500,000,000 s)
2024-06-04 00:13:06,698 INFO  - Sent broadcast CAM message to all vehicles (at simulation time 163.500,000,000 s)
2024-06-04 00:13:06,700 INFO  - Vehicle is outside the detection area. (at simulation time 163.600,000,000 s)
2024-06-04 00:13:06,700 INFO  - Sent broadcast CAM message to all vehicles (at simulation time 163.600,000,000 s)
2024-06-04 00:13:06,701 INFO  - Vehicle is outside the detection area. (at simulation time 163.700,000,000 s)
2024-06-04 00:13:06,701 INFO  - Sent broadcast CAM message to all vehicles (at simulation time 163.700,000,000 s)
2024-06-04 00:13:06,703 INFO  - Vehicle is outside the detection area. (at simulation time 163.800,000,000 s)
2024-06-04 00:13:06,703 INFO  - Sent broadcast CAM message to all vehicles (at simulation time 163.800,000,000 s)
2024-06-04 00:13:06,705 INFO  - Vehicle is outside the detection area. (at simulation time 163.900,000,000 s)
2024-06-04 00:13:06,705 INFO  - Sent broadcast CAM message to all vehicles (at simulation time 163.900,000,000 s)
2024-06-04 00:13:06,710 INFO  - Vehicle is outside the detection area. (at simulation time 164.000,000,000 s)
2024-06-04 00:13:06,710 INFO  - Sent broadcast CAM message to all vehicles (at simulation time 164.000,000,000 s)
2024-06-04 00:13:06,713 INFO  - Vehicle is outside the detection area. (at simulation time 164.100,000,000 s)
2024-06-04 00:13:06,713 INFO  - Sent broadcast CAM message to all vehicles (at simulation time 164.100,000,000 s)
2024-06-04 00:13:06,716 INFO  - Vehicle is outside the detection area. (at simulation time 164.200,000,000 s)
2024-06-04 00:13:06,716 INFO  - Sent broadcast CAM message to all vehicles (at simulation time 164.200,000,000 s)
2024-06-04 00:13:06,718 INFO  - Vehicle is outside the detection area. (at simulation time 164.300,000,000 s)
2024-06-04 00:13:06,718 INFO  - Sent broadcast CAM message to all vehicles (at simulation time 164.300,000,000 s)
2024-06-04 00:13:06,719 INFO  - Vehicle is outside the detection area. (at simulation time 164.400,000,000 s)
2024-06-04 00:13:06,719 INFO  - Sent broadcast CAM message to all vehicles (at simulation time 164.400,000,000 s)
2024-06-04 00:13:06,721 INFO  - Vehicle is outside the detection area. (at simulation time 164.500,000,000 s)
2024-06-04 00:13:06,721 INFO  - Sent broadcast CAM message to all vehicles (at simulation time 164.500,000,000 s)
2024-06-04 00:13:06,723 INFO  - Vehicle is outside the detection area. (at simulation time 164.600,000,000 s)
2024-06-04 00:13:06,723 INFO  - Sent broadcast CAM message to all vehicles (at simulation time 164.600,000,000 s)
2024-06-04 00:13:06,724 INFO  - Vehicle is outside the detection area. (at simulation time 164.700,000,000 s)
2024-06-04 00:13:06,725 INFO  - Sent broadcast CAM message to all vehicles (at simulation time 164.700,000,000 s)
2024-06-04 00:13:06,726 INFO  - Vehicle is outside the detection area. (at simulation time 164.800,000,000 s)
2024-06-04 00:13:06,726 INFO  - Sent broadcast CAM message to all vehicles (at simulation time 164.800,000,000 s)
2024-06-04 00:13:06,728 INFO  - Vehicle is outside the detection area. (at simulation time 164.900,000,000 s)
2024-06-04 00:13:06,728 INFO  - Sent broadcast CAM message to all vehicles (at simulation time 164.900,000,000 s)
2024-06-04 00:13:06,734 INFO  - Vehicle is outside the detection area. (at simulation time 165.000,000,000 s)
2024-06-04 00:13:06,734 INFO  - Sent broadcast CAM message to all vehicles (at simulation time 165.000,000,000 s)
2024-06-04 00:13:06,737 INFO  - Vehicle is outside the detection area. (at simulation time 165.100,000,000 s)
2024-06-04 00:13:06,737 INFO  - Sent broadcast CAM message to all vehicles (at simulation time 165.100,000,000 s)
2024-06-04 00:13:06,740 INFO  - Vehicle is outside the detection area. (at simulation time 165.200,000,000 s)
2024-06-04 00:13:06,740 INFO  - Sent broadcast CAM message to all vehicles (at simulation time 165.200,000,000 s)
2024-06-04 00:13:06,742 INFO  - Vehicle is outside the detection area. (at simulation time 165.300,000,000 s)
2024-06-04 00:13:06,742 INFO  - Sent broadcast CAM message to all vehicles (at simulation time 165.300,000,000 s)
2024-06-04 00:13:06,744 INFO  - Vehicle is outside the detection area. (at simulation time 165.400,000,000 s)
2024-06-04 00:13:06,744 INFO  - Sent broadcast CAM message to all vehicles (at simulation time 165.400,000,000 s)
2024-06-04 00:13:06,746 INFO  - Vehicle is outside the detection area. (at simulation time 165.500,000,000 s)
2024-06-04 00:13:06,746 INFO  - Sent broadcast CAM message to all vehicles (at simulation time 165.500,000,000 s)
2024-06-04 00:13:06,747 INFO  - Vehicle is outside the detection area. (at simulation time 165.600,000,000 s)
2024-06-04 00:13:06,747 INFO  - Sent broadcast CAM message to all vehicles (at simulation time 165.600,000,000 s)
2024-06-04 00:13:06,749 INFO  - Vehicle is outside the detection area. (at simulation time 165.700,000,000 s)
2024-06-04 00:13:06,749 INFO  - Sent broadcast CAM message to all vehicles (at simulation time 165.700,000,000 s)
2024-06-04 00:13:06,751 INFO  - Vehicle is outside the detection area. (at simulation time 165.800,000,000 s)
2024-06-04 00:13:06,751 INFO  - Sent broadcast CAM message to all vehicles (at simulation time 165.800,000,000 s)
2024-06-04 00:13:06,753 INFO  - Vehicle is outside the detection area. (at simulation time 165.900,000,000 s)
2024-06-04 00:13:06,753 INFO  - Sent broadcast CAM message to all vehicles (at simulation time 165.900,000,000 s)
2024-06-04 00:13:06,756 INFO  - Shutdown application (at simulation time 166.000,000,000 s)
