2024-06-04 00:13:12,855 INFO  - Initialize application (at simulation time 397.000,000,000 s)
2024-06-04 00:13:12,855 INFO  - Activated WLAN Module (at simulation time 397.000,000,000 s)
2024-06-04 00:13:12,855 INFO  - Vehicle is outside the detection area. (at simulation time 397.000,000,000 s)
2024-06-04 00:13:12,855 INFO  - Sent broadcast CAM message to all vehicles (at simulation time 397.000,000,000 s)
2024-06-04 00:13:12,858 INFO  - Vehicle is outside the detection area. (at simulation time 397.100,000,000 s)
2024-06-04 00:13:12,858 INFO  - Sent broadcast CAM message to all vehicles (at simulation time 397.100,000,000 s)
2024-06-04 00:13:12,860 INFO  - Vehicle is outside the detection area. (at simulation time 397.200,000,000 s)
2024-06-04 00:13:12,860 INFO  - Sent broadcast CAM message to all vehicles (at simulation time 397.200,000,000 s)
2024-06-04 00:13:12,862 INFO  - Vehicle is outside the detection area. (at simulation time 397.300,000,000 s)
2024-06-04 00:13:12,862 INFO  - Sent broadcast CAM message to all vehicles (at simulation time 397.300,000,000 s)
2024-06-04 00:13:12,864 INFO  - Vehicle is outside the detection area. (at simulation time 397.400,000,000 s)
2024-06-04 00:13:12,864 INFO  - Sent broadcast CAM message to all vehicles (at simulation time 397.400,000,000 s)
2024-06-04 00:13:12,866 INFO  - Vehicle is outside the detection area. (at simulation time 397.500,000,000 s)
2024-06-04 00:13:12,866 INFO  - Sent broadcast CAM message to all vehicles (at simulation time 397.500,000,000 s)
2024-06-04 00:13:12,867 INFO  - Vehicle is outside the detection area. (at simulation time 397.600,000,000 s)
2024-06-04 00:13:12,867 INFO  - Sent broadcast CAM message to all vehicles (at simulation time 397.600,000,000 s)
2024-06-04 00:13:12,869 INFO  - Vehicle is outside the detection area. (at simulation time 397.700,000,000 s)
2024-06-04 00:13:12,869 INFO  - Sent broadcast CAM message to all vehicles (at simulation time 397.700,000,000 s)
2024-06-04 00:13:12,871 INFO  - Vehicle is outside the detection area. (at simulation time 397.800,000,000 s)
2024-06-04 00:13:12,871 INFO  - Sent broadcast CAM message to all vehicles (at simulation time 397.800,000,000 s)
2024-06-04 00:13:12,872 INFO  - Vehicle is outside the detection area. (at simulation time 397.900,000,000 s)
2024-06-04 00:13:12,872 INFO  - Sent broadcast CAM message to all vehicles (at simulation time 397.900,000,000 s)
2024-06-04 00:13:12,877 INFO  - Vehicle is outside the detection area. (at simulation time 398.000,000,000 s)
2024-06-04 00:13:12,877 INFO  - Sent broadcast CAM message to all vehicles (at simulation time 398.000,000,000 s)
2024-06-04 00:13:12,880 INFO  - Vehicle is outside the detection area. (at simulation time 398.100,000,000 s)
2024-06-04 00:13:12,880 INFO  - Sent broadcast CAM message to all vehicles (at simulation time 398.100,000,000 s)
2024-06-04 00:13:12,883 INFO  - Vehicle is outside the detection area. (at simulation time 398.200,000,000 s)
2024-06-04 00:13:12,883 INFO  - Sent broadcast CAM message to all vehicles (at simulation time 398.200,000,000 s)
2024-06-04 00:13:12,884 INFO  - Vehicle is outside the detection area. (at simulation time 398.300,000,000 s)
2024-06-04 00:13:12,884 INFO  - Sent broadcast CAM message to all vehicles (at simulation time 398.300,000,000 s)
2024-06-04 00:13:12,886 INFO  - Vehicle is outside the detection area. (at simulation time 398.400,000,000 s)
2024-06-04 00:13:12,886 INFO  - Sent broadcast CAM message to all vehicles (at simulation time 398.400,000,000 s)
2024-06-04 00:13:12,887 INFO  - Vehicle is outside the detection area. (at simulation time 398.500,000,000 s)
2024-06-04 00:13:12,888 INFO  - Sent broadcast CAM message to all vehicles (at simulation time 398.500,000,000 s)
2024-06-04 00:13:12,889 INFO  - Vehicle is outside the detection area. (at simulation time 398.600,000,000 s)
2024-06-04 00:13:12,889 INFO  - Sent broadcast CAM message to all vehicles (at simulation time 398.600,000,000 s)
2024-06-04 00:13:12,891 INFO  - Vehicle is outside the detection area. (at simulation time 398.700,000,000 s)
2024-06-04 00:13:12,891 INFO  - Sent broadcast CAM message to all vehicles (at simulation time 398.700,000,000 s)
2024-06-04 00:13:12,893 INFO  - Vehicle is outside the detection area. (at simulation time 398.800,000,000 s)
2024-06-04 00:13:12,893 INFO  - Sent broadcast CAM message to all vehicles (at simulation time 398.800,000,000 s)
2024-06-04 00:13:12,895 INFO  - Vehicle is outside the detection area. (at simulation time 398.900,000,000 s)
2024-06-04 00:13:12,895 INFO  - Sent broadcast CAM message to all vehicles (at simulation time 398.900,000,000 s)
2024-06-04 00:13:12,900 INFO  - Vehicle is inside the detection area. (at simulation time 399.000,000,000 s)
2024-06-04 00:13:12,900 INFO  - Vehicle is too far away from the traffic light. (at simulation time 399.000,000,000 s)
2024-06-04 00:13:12,900 INFO  - No vehicles in range. (at simulation time 399.000,000,000 s)
2024-06-04 00:13:12,900 INFO  - Neither the RSU nor any vehicle is in range. (at simulation time 399.000,000,000 s)
2024-06-04 00:13:12,900 INFO  - Sent broadcast CAM message to all vehicles (at simulation time 399.000,000,000 s)
2024-06-04 00:13:12,902 INFO  - Vehicle is inside the detection area. (at simulation time 399.100,000,000 s)
2024-06-04 00:13:12,902 INFO  - Vehicle is too far away from the traffic light. (at simulation time 399.100,000,000 s)
2024-06-04 00:13:12,902 INFO  - No vehicles in range. (at simulation time 399.100,000,000 s)
2024-06-04 00:13:12,902 INFO  - Neither the RSU nor any vehicle is in range. (at simulation time 399.100,000,000 s)
2024-06-04 00:13:12,902 INFO  - Sent broadcast CAM message to all vehicles (at simulation time 399.100,000,000 s)
2024-06-04 00:13:12,903 INFO  - Vehicle is inside the detection area. (at simulation time 399.200,000,000 s)
2024-06-04 00:13:12,903 INFO  - Vehicle is too far away from the traffic light. (at simulation time 399.200,000,000 s)
2024-06-04 00:13:12,903 INFO  - No vehicles in range. (at simulation time 399.200,000,000 s)
2024-06-04 00:13:12,903 INFO  - Neither the RSU nor any vehicle is in range. (at simulation time 399.200,000,000 s)
2024-06-04 00:13:12,903 INFO  - Sent broadcast CAM message to all vehicles (at simulation time 399.200,000,000 s)
2024-06-04 00:13:12,905 INFO  - Vehicle is inside the detection area. (at simulation time 399.300,000,000 s)
2024-06-04 00:13:12,905 INFO  - Vehicle is too far away from the traffic light. (at simulation time 399.300,000,000 s)
2024-06-04 00:13:12,905 INFO  - No vehicles in range. (at simulation time 399.300,000,000 s)
2024-06-04 00:13:12,905 INFO  - Neither the RSU nor any vehicle is in range. (at simulation time 399.300,000,000 s)
2024-06-04 00:13:12,905 INFO  - Sent broadcast CAM message to all vehicles (at simulation time 399.300,000,000 s)
2024-06-04 00:13:12,906 INFO  - Vehicle is inside the detection area. (at simulation time 399.400,000,000 s)
2024-06-04 00:13:12,906 INFO  - Vehicle is too far away from the traffic light. (at simulation time 399.400,000,000 s)
2024-06-04 00:13:12,906 INFO  - No vehicles in range. (at simulation time 399.400,000,000 s)
2024-06-04 00:13:12,906 INFO  - Neither the RSU nor any vehicle is in range. (at simulation time 399.400,000,000 s)
2024-06-04 00:13:12,906 INFO  - Sent broadcast CAM message to all vehicles (at simulation time 399.400,000,000 s)
2024-06-04 00:13:12,908 INFO  - Vehicle is inside the detection area. (at simulation time 399.500,000,000 s)
2024-06-04 00:13:12,908 INFO  - Vehicle is too far away from the traffic light. (at simulation time 399.500,000,000 s)
2024-06-04 00:13:12,908 INFO  - No vehicles in range. (at simulation time 399.500,000,000 s)
2024-06-04 00:13:12,908 INFO  - Neither the RSU nor any vehicle is in range. (at simulation time 399.500,000,000 s)
2024-06-04 00:13:12,908 INFO  - Sent broadcast CAM message to all vehicles (at simulation time 399.500,000,000 s)
2024-06-04 00:13:12,910 INFO  - Vehicle is inside the detection area. (at simulation time 399.600,000,000 s)
2024-06-04 00:13:12,910 INFO  - Vehicle is too far away from the traffic light. (at simulation time 399.600,000,000 s)
2024-06-04 00:13:12,910 INFO  - No vehicles in range. (at simulation time 399.600,000,000 s)
2024-06-04 00:13:12,910 INFO  - Neither the RSU nor any vehicle is in range. (at simulation time 399.600,000,000 s)
2024-06-04 00:13:12,910 INFO  - Sent broadcast CAM message to all vehicles (at simulation time 399.600,000,000 s)
2024-06-04 00:13:12,911 INFO  - Vehicle is inside the detection area. (at simulation time 399.700,000,000 s)
2024-06-04 00:13:12,911 INFO  - Vehicle is too far away from the traffic light. (at simulation time 399.700,000,000 s)
2024-06-04 00:13:12,911 INFO  - No vehicles in range. (at simulation time 399.700,000,000 s)
2024-06-04 00:13:12,911 INFO  - Neither the RSU nor any vehicle is in range. (at simulation time 399.700,000,000 s)
2024-06-04 00:13:12,911 INFO  - Sent broadcast CAM message to all vehicles (at simulation time 399.700,000,000 s)
2024-06-04 00:13:12,913 INFO  - Vehicle is inside the detection area. (at simulation time 399.800,000,000 s)
2024-06-04 00:13:12,913 INFO  - Vehicle is too far away from the traffic light. (at simulation time 399.800,000,000 s)
2024-06-04 00:13:12,913 INFO  - No vehicles in range. (at simulation time 399.800,000,000 s)
2024-06-04 00:13:12,913 INFO  - Neither the RSU nor any vehicle is in range. (at simulation time 399.800,000,000 s)
2024-06-04 00:13:12,913 INFO  - Sent broadcast CAM message to all vehicles (at simulation time 399.800,000,000 s)
2024-06-04 00:13:12,915 INFO  - Vehicle is inside the detection area. (at simulation time 399.900,000,000 s)
2024-06-04 00:13:12,915 INFO  - Vehicle is too far away from the traffic light. (at simulation time 399.900,000,000 s)
2024-06-04 00:13:12,915 INFO  - No vehicles in range. (at simulation time 399.900,000,000 s)
2024-06-04 00:13:12,915 INFO  - Neither the RSU nor any vehicle is in range. (at simulation time 399.900,000,000 s)
2024-06-04 00:13:12,915 INFO  - Sent broadcast CAM message to all vehicles (at simulation time 399.900,000,000 s)
2024-06-04 00:13:12,920 INFO  - Vehicle is inside the detection area. (at simulation time 400.000,000,000 s)
2024-06-04 00:13:12,920 INFO  - Vehicle is too far away from the traffic light. (at simulation time 400.000,000,000 s)
2024-06-04 00:13:12,920 INFO  - No vehicles in range. (at simulation time 400.000,000,000 s)
2024-06-04 00:13:12,920 INFO  - Neither the RSU nor any vehicle is in range. (at simulation time 400.000,000,000 s)
2024-06-04 00:13:12,920 INFO  - Sent broadcast CAM message to all vehicles (at simulation time 400.000,000,000 s)
2024-06-04 00:13:12,922 INFO  - Vehicle is inside the detection area. (at simulation time 400.100,000,000 s)
2024-06-04 00:13:12,922 INFO  - Vehicle is too far away from the traffic light. (at simulation time 400.100,000,000 s)
2024-06-04 00:13:12,922 INFO  - No vehicles in range. (at simulation time 400.100,000,000 s)
2024-06-04 00:13:12,922 INFO  - Neither the RSU nor any vehicle is in range. (at simulation time 400.100,000,000 s)
2024-06-04 00:13:12,922 INFO  - Sent broadcast CAM message to all vehicles (at simulation time 400.100,000,000 s)
2024-06-04 00:13:12,923 INFO  - Vehicle is inside the detection area. (at simulation time 400.200,000,000 s)
2024-06-04 00:13:12,923 INFO  - Vehicle is too far away from the traffic light. (at simulation time 400.200,000,000 s)
2024-06-04 00:13:12,923 INFO  - No vehicles in range. (at simulation time 400.200,000,000 s)
2024-06-04 00:13:12,923 INFO  - Neither the RSU nor any vehicle is in range. (at simulation time 400.200,000,000 s)
2024-06-04 00:13:12,923 INFO  - Sent broadcast CAM message to all vehicles (at simulation time 400.200,000,000 s)
2024-06-04 00:13:12,926 INFO  - Vehicle is inside the detection area. (at simulation time 400.300,000,000 s)
2024-06-04 00:13:12,926 INFO  - Vehicle is too far away from the traffic light. (at simulation time 400.300,000,000 s)
2024-06-04 00:13:12,926 INFO  - No vehicles in range. (at simulation time 400.300,000,000 s)
2024-06-04 00:13:12,926 INFO  - Neither the RSU nor any vehicle is in range. (at simulation time 400.300,000,000 s)
2024-06-04 00:13:12,926 INFO  - Sent broadcast CAM message to all vehicles (at simulation time 400.300,000,000 s)
2024-06-04 00:13:12,927 INFO  - Vehicle is inside the detection area. (at simulation time 400.400,000,000 s)
2024-06-04 00:13:12,927 INFO  - Vehicle is too far away from the traffic light. (at simulation time 400.400,000,000 s)
2024-06-04 00:13:12,927 INFO  - No vehicles in range. (at simulation time 400.400,000,000 s)
2024-06-04 00:13:12,927 INFO  - Neither the RSU nor any vehicle is in range. (at simulation time 400.400,000,000 s)
2024-06-04 00:13:12,927 INFO  - Sent broadcast CAM message to all vehicles (at simulation time 400.400,000,000 s)
2024-06-04 00:13:12,929 INFO  - Vehicle is inside the detection area. (at simulation time 400.500,000,000 s)
2024-06-04 00:13:12,929 INFO  - Vehicle is too far away from the traffic light. (at simulation time 400.500,000,000 s)
2024-06-04 00:13:12,929 INFO  - No vehicles in range. (at simulation time 400.500,000,000 s)
2024-06-04 00:13:12,929 INFO  - Neither the RSU nor any vehicle is in range. (at simulation time 400.500,000,000 s)
2024-06-04 00:13:12,930 INFO  - Sent broadcast CAM message to all vehicles (at simulation time 400.500,000,000 s)
2024-06-04 00:13:12,931 INFO  - Vehicle is inside the detection area. (at simulation time 400.600,000,000 s)
2024-06-04 00:13:12,931 INFO  - Vehicle is too far away from the traffic light. (at simulation time 400.600,000,000 s)
2024-06-04 00:13:12,931 INFO  - No vehicles in range. (at simulation time 400.600,000,000 s)
2024-06-04 00:13:12,931 INFO  - Neither the RSU nor any vehicle is in range. (at simulation time 400.600,000,000 s)
2024-06-04 00:13:12,931 INFO  - Sent broadcast CAM message to all vehicles (at simulation time 400.600,000,000 s)
2024-06-04 00:13:12,933 INFO  - Vehicle is inside the detection area. (at simulation time 400.700,000,000 s)
2024-06-04 00:13:12,933 INFO  - Vehicle is too far away from the traffic light. (at simulation time 400.700,000,000 s)
2024-06-04 00:13:12,933 INFO  - No vehicles in range. (at simulation time 400.700,000,000 s)
2024-06-04 00:13:12,933 INFO  - Neither the RSU nor any vehicle is in range. (at simulation time 400.700,000,000 s)
2024-06-04 00:13:12,933 INFO  - Sent broadcast CAM message to all vehicles (at simulation time 400.700,000,000 s)
2024-06-04 00:13:12,934 INFO  - Vehicle is inside the detection area. (at simulation time 400.800,000,000 s)
2024-06-04 00:13:12,934 INFO  - Vehicle is too far away from the traffic light. (at simulation time 400.800,000,000 s)
2024-06-04 00:13:12,934 INFO  - No vehicles in range. (at simulation time 400.800,000,000 s)
2024-06-04 00:13:12,934 INFO  - Neither the RSU nor any vehicle is in range. (at simulation time 400.800,000,000 s)
2024-06-04 00:13:12,934 INFO  - Sent broadcast CAM message to all vehicles (at simulation time 400.800,000,000 s)
2024-06-04 00:13:12,936 INFO  - Vehicle is inside the detection area. (at simulation time 400.900,000,000 s)
2024-06-04 00:13:12,936 INFO  - Vehicle is too far away from the traffic light. (at simulation time 400.900,000,000 s)
2024-06-04 00:13:12,936 INFO  - No vehicles in range. (at simulation time 400.900,000,000 s)
2024-06-04 00:13:12,936 INFO  - Neither the RSU nor any vehicle is in range. (at simulation time 400.900,000,000 s)
2024-06-04 00:13:12,936 INFO  - Sent broadcast CAM message to all vehicles (at simulation time 400.900,000,000 s)
2024-06-04 00:13:12,939 INFO  - Atempting to process queue (at simulation time 401.000,000,000 s)
2024-06-04 00:13:12,939 INFO  - Vehicle is inside the detection area. (at simulation time 401.000,000,000 s)
2024-06-04 00:13:12,939 INFO  - Sent Detection message to rsu_0 (at simulation time 401.000,000,000 s)
2024-06-04 00:13:12,939 INFO  - Sent broadcast CAM message to all vehicles (at simulation time 401.000,000,000 s)
2024-06-04 00:13:12,941 INFO  - Received CAM message from veh_108 (at simulation time 401.000,400,000 s)
2024-06-04 00:13:12,941 INFO  - Received CAM message from veh_153 (at simulation time 401.000,900,000 s)
2024-06-04 00:13:12,941 INFO  - Received CAM message from veh_138 (at simulation time 401.001,900,000 s)
2024-06-04 00:13:12,941 INFO  - Received CAM message from veh_102 (at simulation time 401.001,900,000 s)
2024-06-04 00:13:12,942 INFO  - Atempting to process queue (at simulation time 401.100,000,000 s)
2024-06-04 00:13:12,942 INFO  - Vehicle is inside the detection area. (at simulation time 401.100,000,000 s)
2024-06-04 00:13:12,942 INFO  - Sent Detection message to rsu_0 (at simulation time 401.100,000,000 s)
2024-06-04 00:13:12,942 INFO  - Sent broadcast CAM message to all vehicles (at simulation time 401.100,000,000 s)
2024-06-04 00:13:12,942 INFO  - Received CAM message from veh_153 (at simulation time 401.100,400,000 s)
2024-06-04 00:13:12,943 INFO  - Received CAM message from veh_102 (at simulation time 401.100,900,000 s)
2024-06-04 00:13:12,943 INFO  - Received CAM message from veh_138 (at simulation time 401.101,900,000 s)
2024-06-04 00:13:12,943 INFO  - Received CAM message from veh_108 (at simulation time 401.102,400,000 s)
2024-06-04 00:13:12,943 INFO  - Atempting to process queue (at simulation time 401.200,000,000 s)
2024-06-04 00:13:12,943 INFO  - Vehicle is inside the detection area. (at simulation time 401.200,000,000 s)
2024-06-04 00:13:12,943 INFO  - Sent Detection message to rsu_0 (at simulation time 401.200,000,000 s)
2024-06-04 00:13:12,943 INFO  - Sent broadcast CAM message to all vehicles (at simulation time 401.200,000,000 s)
2024-06-04 00:13:12,945 INFO  - Received CAM message from veh_138 (at simulation time 401.200,400,000 s)
2024-06-04 00:13:12,945 INFO  - Received CAM message from veh_102 (at simulation time 401.200,400,000 s)
2024-06-04 00:13:12,945 INFO  - Received CAM message from veh_153 (at simulation time 401.200,900,000 s)
2024-06-04 00:13:12,946 INFO  - Received CAM message from veh_108 (at simulation time 401.201,900,000 s)
2024-06-04 00:13:12,946 INFO  - Atempting to process queue (at simulation time 401.300,000,000 s)
2024-06-04 00:13:12,946 INFO  - Vehicle is inside the detection area. (at simulation time 401.300,000,000 s)
2024-06-04 00:13:12,946 INFO  - Sent Detection message to rsu_0 (at simulation time 401.300,000,000 s)
2024-06-04 00:13:12,946 INFO  - Sent broadcast CAM message to all vehicles (at simulation time 401.300,000,000 s)
2024-06-04 00:13:12,947 INFO  - Received CAM message from veh_138 (at simulation time 401.300,400,000 s)
2024-06-04 00:13:12,947 INFO  - Received CAM message from veh_108 (at simulation time 401.300,400,000 s)
2024-06-04 00:13:12,948 INFO  - Received CAM message from veh_102 (at simulation time 401.301,400,000 s)
2024-06-04 00:13:12,948 INFO  - Received CAM message from veh_153 (at simulation time 401.302,400,000 s)
2024-06-04 00:13:12,948 INFO  - Atempting to process queue (at simulation time 401.400,000,000 s)
2024-06-04 00:13:12,948 INFO  - Vehicle is inside the detection area. (at simulation time 401.400,000,000 s)
2024-06-04 00:13:12,948 INFO  - Sent Detection message to rsu_0 (at simulation time 401.400,000,000 s)
2024-06-04 00:13:12,948 INFO  - Sent broadcast CAM message to all vehicles (at simulation time 401.400,000,000 s)
2024-06-04 00:13:12,949 INFO  - Received CAM message from veh_108 (at simulation time 401.400,400,000 s)
2024-06-04 00:13:12,950 INFO  - Received CAM message from veh_153 (at simulation time 401.400,900,000 s)
2024-06-04 00:13:12,950 INFO  - Received CAM message from veh_138 (at simulation time 401.401,400,000 s)
2024-06-04 00:13:12,950 INFO  - Received CAM message from veh_102 (at simulation time 401.402,400,000 s)
2024-06-04 00:13:12,950 INFO  - Atempting to process queue (at simulation time 401.500,000,000 s)
2024-06-04 00:13:12,950 INFO  - Vehicle is inside the detection area. (at simulation time 401.500,000,000 s)
2024-06-04 00:13:12,950 INFO  - Sent Detection message to rsu_0 (at simulation time 401.500,000,000 s)
2024-06-04 00:13:12,950 INFO  - Sent broadcast CAM message to all vehicles (at simulation time 401.500,000,000 s)
2024-06-04 00:13:12,951 INFO  - Received CAM message from veh_108 (at simulation time 401.500,400,000 s)
2024-06-04 00:13:12,951 INFO  - Received CAM message from veh_153 (at simulation time 401.500,900,000 s)
2024-06-04 00:13:12,951 INFO  - Received CAM message from veh_138 (at simulation time 401.500,900,000 s)
2024-06-04 00:13:12,952 INFO  - Received CAM message from veh_102 (at simulation time 401.501,900,000 s)
2024-06-04 00:13:12,952 INFO  - Atempting to process queue (at simulation time 401.600,000,000 s)
2024-06-04 00:13:12,952 INFO  - Vehicle is inside the detection area. (at simulation time 401.600,000,000 s)
2024-06-04 00:13:12,952 INFO  - Sent Detection message to rsu_0 (at simulation time 401.600,000,000 s)
2024-06-04 00:13:12,952 INFO  - Sent broadcast CAM message to all vehicles (at simulation time 401.600,000,000 s)
2024-06-04 00:13:12,953 INFO  - Received CAM message from veh_138 (at simulation time 401.600,400,000 s)
2024-06-04 00:13:12,954 INFO  - Received CAM message from veh_108 (at simulation time 401.601,400,000 s)
2024-06-04 00:13:12,954 INFO  - Received CAM message from veh_102 (at simulation time 401.601,400,000 s)
2024-06-04 00:13:12,954 INFO  - Received CAM message from veh_153 (at simulation time 401.601,900,000 s)
2024-06-04 00:13:12,954 INFO  - Atempting to process queue (at simulation time 401.700,000,000 s)
2024-06-04 00:13:12,954 INFO  - Vehicle is inside the detection area. (at simulation time 401.700,000,000 s)
2024-06-04 00:13:12,954 INFO  - Sent Detection message to rsu_0 (at simulation time 401.700,000,000 s)
2024-06-04 00:13:12,954 INFO  - Sent broadcast CAM message to all vehicles (at simulation time 401.700,000,000 s)
2024-06-04 00:13:12,955 INFO  - Received CAM message from veh_108 (at simulation time 401.700,900,000 s)
2024-06-04 00:13:12,955 INFO  - Received CAM message from veh_153 (at simulation time 401.701,400,000 s)
2024-06-04 00:13:12,955 INFO  - Received CAM message from veh_138 (at simulation time 401.701,400,000 s)
2024-06-04 00:13:12,956 INFO  - Received CAM message from veh_102 (at simulation time 401.701,900,000 s)
2024-06-04 00:13:12,956 INFO  - Atempting to process queue (at simulation time 401.800,000,000 s)
2024-06-04 00:13:12,956 INFO  - Vehicle is inside the detection area. (at simulation time 401.800,000,000 s)
2024-06-04 00:13:12,956 INFO  - Sent Detection message to rsu_0 (at simulation time 401.800,000,000 s)
2024-06-04 00:13:12,956 INFO  - Sent broadcast CAM message to all vehicles (at simulation time 401.800,000,000 s)
2024-06-04 00:13:12,957 INFO  - Received CAM message from veh_102 (at simulation time 401.801,400,000 s)
2024-06-04 00:13:12,958 INFO  - Received CAM message from veh_153 (at simulation time 401.801,900,000 s)
2024-06-04 00:13:12,958 INFO  - Received CAM message from veh_138 (at simulation time 401.801,900,000 s)
2024-06-04 00:13:12,958 INFO  - Received CAM message from veh_108 (at simulation time 401.802,400,000 s)
2024-06-04 00:13:12,958 INFO  - Atempting to process queue (at simulation time 401.900,000,000 s)
2024-06-04 00:13:12,958 INFO  - Vehicle is inside the detection area. (at simulation time 401.900,000,000 s)
2024-06-04 00:13:12,958 INFO  - Sent Detection message to rsu_0 (at simulation time 401.900,000,000 s)
2024-06-04 00:13:12,958 INFO  - Sent broadcast CAM message to all vehicles (at simulation time 401.900,000,000 s)
2024-06-04 00:13:12,959 INFO  - Received CAM message from veh_138 (at simulation time 401.900,400,000 s)
2024-06-04 00:13:12,959 INFO  - Received CAM message from veh_102 (at simulation time 401.900,400,000 s)
2024-06-04 00:13:12,959 INFO  - Received CAM message from veh_153 (at simulation time 401.901,900,000 s)
2024-06-04 00:13:12,960 INFO  - Received CAM message from veh_108 (at simulation time 401.902,400,000 s)
2024-06-04 00:13:12,962 INFO  - Atempting to process queue (at simulation time 402.000,000,000 s)
2024-06-04 00:13:12,962 INFO  - Vehicle is inside the detection area. (at simulation time 402.000,000,000 s)
2024-06-04 00:13:12,962 INFO  - Sent Detection message to rsu_0 (at simulation time 402.000,000,000 s)
2024-06-04 00:13:12,962 INFO  - Sent broadcast CAM message to all vehicles (at simulation time 402.000,000,000 s)
2024-06-04 00:13:12,965 INFO  - Received CAM message from veh_150 (at simulation time 402.000,900,000 s)
2024-06-04 00:13:12,965 INFO  - Received CAM message from veh_108 (at simulation time 402.001,400,000 s)
2024-06-04 00:13:12,966 INFO  - Received CAM message from veh_153 (at simulation time 402.001,900,000 s)
2024-06-04 00:13:12,966 INFO  - Received CAM message from veh_138 (at simulation time 402.001,900,000 s)
2024-06-04 00:13:12,966 INFO  - Received CAM message from veh_102 (at simulation time 402.001,900,000 s)
2024-06-04 00:13:12,966 INFO  - Atempting to process queue (at simulation time 402.100,000,000 s)
2024-06-04 00:13:12,966 INFO  - Vehicle is inside the detection area. (at simulation time 402.100,000,000 s)
2024-06-04 00:13:12,966 INFO  - Sent Detection message to rsu_0 (at simulation time 402.100,000,000 s)
2024-06-04 00:13:12,966 INFO  - Sent broadcast CAM message to all vehicles (at simulation time 402.100,000,000 s)
2024-06-04 00:13:12,967 INFO  - Received CAM message from veh_108 (at simulation time 402.100,400,000 s)
2024-06-04 00:13:12,967 INFO  - Received CAM message from veh_138 (at simulation time 402.101,400,000 s)
2024-06-04 00:13:12,968 INFO  - Received CAM message from veh_150 (at simulation time 402.101,900,000 s)
2024-06-04 00:13:12,968 INFO  - Received CAM message from veh_102 (at simulation time 402.101,900,000 s)
2024-06-04 00:13:12,968 INFO  - Received CAM message from veh_153 (at simulation time 402.102,400,000 s)
2024-06-04 00:13:12,968 INFO  - Atempting to process queue (at simulation time 402.200,000,000 s)
2024-06-04 00:13:12,968 INFO  - Vehicle is inside the detection area. (at simulation time 402.200,000,000 s)
2024-06-04 00:13:12,968 INFO  - Sent Detection message to rsu_0 (at simulation time 402.200,000,000 s)
2024-06-04 00:13:12,968 INFO  - Sent broadcast CAM message to all vehicles (at simulation time 402.200,000,000 s)
2024-06-04 00:13:12,970 INFO  - Received CAM message from veh_153 (at simulation time 402.200,400,000 s)
2024-06-04 00:13:12,970 INFO  - Received CAM message from veh_150 (at simulation time 402.200,400,000 s)
2024-06-04 00:13:12,970 INFO  - Received CAM message from veh_102 (at simulation time 402.200,400,000 s)
2024-06-04 00:13:12,970 INFO  - Received CAM message from veh_108 (at simulation time 402.200,900,000 s)
2024-06-04 00:13:12,971 INFO  - Received CAM message from veh_138 (at simulation time 402.201,400,000 s)
2024-06-04 00:13:12,971 INFO  - Atempting to process queue (at simulation time 402.300,000,000 s)
2024-06-04 00:13:12,971 INFO  - Vehicle is inside the detection area. (at simulation time 402.300,000,000 s)
2024-06-04 00:13:12,971 INFO  - Sent Detection message to rsu_0 (at simulation time 402.300,000,000 s)
2024-06-04 00:13:12,971 INFO  - Sent broadcast CAM message to all vehicles (at simulation time 402.300,000,000 s)
2024-06-04 00:13:12,972 INFO  - Received CAM message from veh_153 (at simulation time 402.300,400,000 s)
2024-06-04 00:13:12,972 INFO  - Received CAM message from veh_138 (at simulation time 402.300,900,000 s)
2024-06-04 00:13:12,972 INFO  - Received CAM message from veh_108 (at simulation time 402.300,900,000 s)
2024-06-04 00:13:12,973 INFO  - Received CAM message from veh_150 (at simulation time 402.301,900,000 s)
2024-06-04 00:13:12,973 INFO  - Received CAM message from veh_102 (at simulation time 402.302,400,000 s)
2024-06-04 00:13:12,973 INFO  - Atempting to process queue (at simulation time 402.400,000,000 s)
2024-06-04 00:13:12,973 INFO  - Vehicle is inside the detection area. (at simulation time 402.400,000,000 s)
2024-06-04 00:13:12,973 INFO  - Sent Detection message to rsu_0 (at simulation time 402.400,000,000 s)
2024-06-04 00:13:12,973 INFO  - Sent broadcast CAM message to all vehicles (at simulation time 402.400,000,000 s)
2024-06-04 00:13:12,974 INFO  - Received CAM message from veh_150 (at simulation time 402.400,400,000 s)
2024-06-04 00:13:12,975 INFO  - Received CAM message from veh_153 (at simulation time 402.400,900,000 s)
2024-06-04 00:13:12,975 INFO  - Received CAM message from veh_102 (at simulation time 402.400,900,000 s)
2024-06-04 00:13:12,975 INFO  - Received CAM message from veh_138 (at simulation time 402.401,400,000 s)
2024-06-04 00:13:12,976 INFO  - Received CAM message from veh_108 (at simulation time 402.402,400,000 s)
2024-06-04 00:13:12,976 INFO  - Atempting to process queue (at simulation time 402.500,000,000 s)
2024-06-04 00:13:12,976 INFO  - Vehicle is inside the detection area. (at simulation time 402.500,000,000 s)
2024-06-04 00:13:12,976 INFO  - Sent Detection message to rsu_0 (at simulation time 402.500,000,000 s)
2024-06-04 00:13:12,976 INFO  - Sent broadcast CAM message to all vehicles (at simulation time 402.500,000,000 s)
2024-06-04 00:13:12,976 INFO  - Received CAM message from veh_150 (at simulation time 402.500,400,000 s)
2024-06-04 00:13:12,976 INFO  - Received CAM message from veh_102 (at simulation time 402.500,400,000 s)
2024-06-04 00:13:12,977 INFO  - Received CAM message from veh_138 (at simulation time 402.500,900,000 s)
2024-06-04 00:13:12,977 INFO  - Received CAM message from veh_108 (at simulation time 402.501,400,000 s)
2024-06-04 00:13:12,977 INFO  - Received CAM message from veh_153 (at simulation time 402.502,400,000 s)
2024-06-04 00:13:12,977 INFO  - Atempting to process queue (at simulation time 402.600,000,000 s)
2024-06-04 00:13:12,977 INFO  - Vehicle is inside the detection area. (at simulation time 402.600,000,000 s)
2024-06-04 00:13:12,977 INFO  - Sent Detection message to rsu_0 (at simulation time 402.600,000,000 s)
2024-06-04 00:13:12,977 INFO  - Sent broadcast CAM message to all vehicles (at simulation time 402.600,000,000 s)
2024-06-04 00:13:12,978 INFO  - Received CAM message from veh_150 (at simulation time 402.600,400,000 s)
2024-06-04 00:13:12,978 INFO  - Received CAM message from veh_138 (at simulation time 402.600,400,000 s)
2024-06-04 00:13:12,979 INFO  - Received CAM message from veh_102 (at simulation time 402.601,400,000 s)
2024-06-04 00:13:12,980 INFO  - Received CAM message from veh_153 (at simulation time 402.601,900,000 s)
2024-06-04 00:13:12,980 INFO  - Received CAM message from veh_108 (at simulation time 402.601,900,000 s)
2024-06-04 00:13:12,980 INFO  - Atempting to process queue (at simulation time 402.700,000,000 s)
2024-06-04 00:13:12,980 INFO  - Vehicle is inside the detection area. (at simulation time 402.700,000,000 s)
2024-06-04 00:13:12,980 INFO  - Sent Detection message to rsu_0 (at simulation time 402.700,000,000 s)
2024-06-04 00:13:12,980 INFO  - Sent broadcast CAM message to all vehicles (at simulation time 402.700,000,000 s)
2024-06-04 00:13:12,981 INFO  - Received CAM message from veh_102 (at simulation time 402.700,400,000 s)
2024-06-04 00:13:12,981 INFO  - Received CAM message from veh_138 (at simulation time 402.700,900,000 s)
2024-06-04 00:13:12,981 INFO  - Received CAM message from veh_150 (at simulation time 402.701,400,000 s)
2024-06-04 00:13:12,982 INFO  - Received CAM message from veh_153 (at simulation time 402.702,400,000 s)
2024-06-04 00:13:12,982 INFO  - Received CAM message from veh_108 (at simulation time 402.702,400,000 s)
2024-06-04 00:13:12,982 INFO  - Atempting to process queue (at simulation time 402.800,000,000 s)
2024-06-04 00:13:12,982 INFO  - Vehicle is inside the detection area. (at simulation time 402.800,000,000 s)
2024-06-04 00:13:12,982 INFO  - Sent Detection message to rsu_0 (at simulation time 402.800,000,000 s)
2024-06-04 00:13:12,982 INFO  - Sent broadcast CAM message to all vehicles (at simulation time 402.800,000,000 s)
2024-06-04 00:13:12,983 INFO  - Received CAM message from veh_108 (at simulation time 402.800,400,000 s)
2024-06-04 00:13:12,983 INFO  - Received CAM message from veh_102 (at simulation time 402.800,400,000 s)
2024-06-04 00:13:12,985 INFO  - Received CAM message from veh_138 (at simulation time 402.801,400,000 s)
2024-06-04 00:13:12,985 INFO  - Received CAM message from veh_153 (at simulation time 402.801,900,000 s)
2024-06-04 00:13:12,990 INFO  - Received CAM message from veh_150 (at simulation time 402.802,400,000 s)
2024-06-04 00:13:12,990 INFO  - Atempting to process queue (at simulation time 402.900,000,000 s)
2024-06-04 00:13:12,990 INFO  - Vehicle is inside the detection area. (at simulation time 402.900,000,000 s)
2024-06-04 00:13:12,990 INFO  - Sent Detection message to rsu_0 (at simulation time 402.900,000,000 s)
2024-06-04 00:13:12,990 INFO  - Sent broadcast CAM message to all vehicles (at simulation time 402.900,000,000 s)
2024-06-04 00:13:12,991 INFO  - Received CAM message from veh_150 (at simulation time 402.900,400,000 s)
2024-06-04 00:13:12,991 INFO  - Received CAM message from veh_102 (at simulation time 402.900,400,000 s)
2024-06-04 00:13:12,992 INFO  - Received CAM message from veh_153 (at simulation time 402.901,400,000 s)
2024-06-04 00:13:12,992 INFO  - Received CAM message from veh_108 (at simulation time 402.901,400,000 s)
2024-06-04 00:13:12,992 INFO  - Received CAM message from veh_138 (at simulation time 402.901,900,000 s)
2024-06-04 00:13:12,997 INFO  - Atempting to process queue (at simulation time 403.000,000,000 s)
2024-06-04 00:13:12,997 INFO  - Vehicle is outside the detection area. (at simulation time 403.000,000,000 s)
2024-06-04 00:13:12,997 INFO  - Sent broadcast CAM message to all vehicles (at simulation time 403.000,000,000 s)
2024-06-04 00:13:12,999 INFO  - Received CAM message from veh_102 (at simulation time 403.000,400,000 s)
2024-06-04 00:13:13,000 INFO  - Received CAM message from veh_150 (at simulation time 403.001,400,000 s)
2024-06-04 00:13:13,000 INFO  - Received CAM message from veh_138 (at simulation time 403.001,400,000 s)
2024-06-04 00:13:13,000 INFO  - Received CAM message from veh_153 (at simulation time 403.001,900,000 s)
2024-06-04 00:13:13,000 INFO  - Received CAM message from veh_108 (at simulation time 403.001,900,000 s)
2024-06-04 00:13:13,000 INFO  - Atempting to process queue (at simulation time 403.100,000,000 s)
2024-06-04 00:13:13,000 INFO  - Vehicle is outside the detection area. (at simulation time 403.100,000,000 s)
2024-06-04 00:13:13,000 INFO  - Sent broadcast CAM message to all vehicles (at simulation time 403.100,000,000 s)
2024-06-04 00:13:13,001 INFO  - Received CAM message from veh_108 (at simulation time 403.100,400,000 s)
2024-06-04 00:13:13,002 INFO  - Received CAM message from veh_102 (at simulation time 403.100,900,000 s)
2024-06-04 00:13:13,002 INFO  - Received CAM message from veh_138 (at simulation time 403.101,400,000 s)
2024-06-04 00:13:13,002 INFO  - Received CAM message from veh_150 (at simulation time 403.101,900,000 s)
2024-06-04 00:13:13,002 INFO  - Received CAM message from veh_153 (at simulation time 403.102,400,000 s)
2024-06-04 00:13:13,003 INFO  - Atempting to process queue (at simulation time 403.200,000,000 s)
2024-06-04 00:13:13,003 INFO  - Vehicle is outside the detection area. (at simulation time 403.200,000,000 s)
2024-06-04 00:13:13,003 INFO  - Sent broadcast CAM message to all vehicles (at simulation time 403.200,000,000 s)
2024-06-04 00:13:13,003 INFO  - Received CAM message from veh_102 (at simulation time 403.200,400,000 s)
2024-06-04 00:13:13,003 INFO  - Received CAM message from veh_150 (at simulation time 403.200,900,000 s)
2024-06-04 00:13:13,004 INFO  - Received CAM message from veh_138 (at simulation time 403.200,900,000 s)
2024-06-04 00:13:13,004 INFO  - Received CAM message from veh_108 (at simulation time 403.201,400,000 s)
2024-06-04 00:13:13,004 INFO  - Received CAM message from veh_153 (at simulation time 403.202,400,000 s)
2024-06-04 00:13:13,004 INFO  - Atempting to process queue (at simulation time 403.300,000,000 s)
2024-06-04 00:13:13,004 INFO  - Vehicle is outside the detection area. (at simulation time 403.300,000,000 s)
2024-06-04 00:13:13,004 INFO  - Sent broadcast CAM message to all vehicles (at simulation time 403.300,000,000 s)
2024-06-04 00:13:13,005 INFO  - Received CAM message from veh_102 (at simulation time 403.300,400,000 s)
2024-06-04 00:13:13,005 INFO  - Received CAM message from veh_150 (at simulation time 403.300,900,000 s)
2024-06-04 00:13:13,006 INFO  - Received CAM message from veh_153 (at simulation time 403.301,900,000 s)
2024-06-04 00:13:13,006 INFO  - Received CAM message from veh_138 (at simulation time 403.302,400,000 s)
2024-06-04 00:13:13,006 INFO  - Received CAM message from veh_108 (at simulation time 403.302,400,000 s)
2024-06-04 00:13:13,006 INFO  - Atempting to process queue (at simulation time 403.400,000,000 s)
2024-06-04 00:13:13,006 INFO  - Vehicle is outside the detection area. (at simulation time 403.400,000,000 s)
2024-06-04 00:13:13,006 INFO  - Sent broadcast CAM message to all vehicles (at simulation time 403.400,000,000 s)
2024-06-04 00:13:13,007 INFO  - Received CAM message from veh_108 (at simulation time 403.400,400,000 s)
2024-06-04 00:13:13,007 INFO  - Received CAM message from veh_150 (at simulation time 403.400,900,000 s)
2024-06-04 00:13:13,007 INFO  - Received CAM message from veh_138 (at simulation time 403.400,900,000 s)
2024-06-04 00:13:13,008 INFO  - Received CAM message from veh_153 (at simulation time 403.402,400,000 s)
2024-06-04 00:13:13,008 INFO  - Received CAM message from veh_102 (at simulation time 403.402,400,000 s)
2024-06-04 00:13:13,008 INFO  - Atempting to process queue (at simulation time 403.500,000,000 s)
2024-06-04 00:13:13,008 INFO  - Vehicle is outside the detection area. (at simulation time 403.500,000,000 s)
2024-06-04 00:13:13,008 INFO  - Sent broadcast CAM message to all vehicles (at simulation time 403.500,000,000 s)
2024-06-04 00:13:13,008 INFO  - Received CAM message from veh_153 (at simulation time 403.500,400,000 s)
2024-06-04 00:13:13,008 INFO  - Received CAM message from veh_108 (at simulation time 403.500,400,000 s)
2024-06-04 00:13:13,009 INFO  - Received CAM message from veh_102 (at simulation time 403.500,900,000 s)
2024-06-04 00:13:13,009 INFO  - Received CAM message from veh_150 (at simulation time 403.502,400,000 s)
2024-06-04 00:13:13,009 INFO  - Received CAM message from veh_138 (at simulation time 403.502,400,000 s)
2024-06-04 00:13:13,009 INFO  - Atempting to process queue (at simulation time 403.600,000,000 s)
2024-06-04 00:13:13,009 INFO  - Vehicle is outside the detection area. (at simulation time 403.600,000,000 s)
2024-06-04 00:13:13,009 INFO  - Sent broadcast CAM message to all vehicles (at simulation time 403.600,000,000 s)
2024-06-04 00:13:13,010 INFO  - Received CAM message from veh_102 (at simulation time 403.600,900,000 s)
2024-06-04 00:13:13,010 INFO  - Received CAM message from veh_153 (at simulation time 403.601,900,000 s)
2024-06-04 00:13:13,011 INFO  - Received CAM message from veh_150 (at simulation time 403.602,400,000 s)
2024-06-04 00:13:13,011 INFO  - Received CAM message from veh_138 (at simulation time 403.602,400,000 s)
2024-06-04 00:13:13,011 INFO  - Received CAM message from veh_108 (at simulation time 403.602,400,000 s)
2024-06-04 00:13:13,011 INFO  - Atempting to process queue (at simulation time 403.700,000,000 s)
2024-06-04 00:13:13,011 INFO  - Vehicle is outside the detection area. (at simulation time 403.700,000,000 s)
2024-06-04 00:13:13,011 INFO  - Sent broadcast CAM message to all vehicles (at simulation time 403.700,000,000 s)
2024-06-04 00:13:13,011 INFO  - Received CAM message from veh_102 (at simulation time 403.700,400,000 s)
2024-06-04 00:13:13,012 INFO  - Received CAM message from veh_153 (at simulation time 403.700,900,000 s)
2024-06-04 00:13:13,012 INFO  - Received CAM message from veh_138 (at simulation time 403.700,900,000 s)
2024-06-04 00:13:13,012 INFO  - Received CAM message from veh_150 (at simulation time 403.701,400,000 s)
2024-06-04 00:13:13,012 INFO  - Received CAM message from veh_108 (at simulation time 403.701,900,000 s)
2024-06-04 00:13:13,012 INFO  - Atempting to process queue (at simulation time 403.800,000,000 s)
2024-06-04 00:13:13,012 INFO  - Vehicle is outside the detection area. (at simulation time 403.800,000,000 s)
2024-06-04 00:13:13,012 INFO  - Sent broadcast CAM message to all vehicles (at simulation time 403.800,000,000 s)
2024-06-04 00:13:13,013 INFO  - Received CAM message from veh_150 (at simulation time 403.800,900,000 s)
2024-06-04 00:13:13,013 INFO  - Received CAM message from veh_138 (at simulation time 403.800,900,000 s)
2024-06-04 00:13:13,013 INFO  - Received CAM message from veh_102 (at simulation time 403.800,900,000 s)
2024-06-04 00:13:13,014 INFO  - Received CAM message from veh_153 (at simulation time 403.802,400,000 s)
2024-06-04 00:13:13,014 INFO  - Received CAM message from veh_108 (at simulation time 403.802,400,000 s)
2024-06-04 00:13:13,014 INFO  - Atempting to process queue (at simulation time 403.900,000,000 s)
2024-06-04 00:13:13,014 INFO  - Vehicle is outside the detection area. (at simulation time 403.900,000,000 s)
2024-06-04 00:13:13,014 INFO  - Sent broadcast CAM message to all vehicles (at simulation time 403.900,000,000 s)
2024-06-04 00:13:13,015 INFO  - Received CAM message from veh_150 (at simulation time 403.900,400,000 s)
2024-06-04 00:13:13,015 INFO  - Received CAM message from veh_108 (at simulation time 403.900,400,000 s)
2024-06-04 00:13:13,015 INFO  - Received CAM message from veh_153 (at simulation time 403.901,900,000 s)
2024-06-04 00:13:13,016 INFO  - Received CAM message from veh_138 (at simulation time 403.902,400,000 s)
2024-06-04 00:13:13,016 INFO  - Received CAM message from veh_102 (at simulation time 403.902,400,000 s)
2024-06-04 00:13:13,119 INFO  - Atempting to process queue (at simulation time 404.000,000,000 s)
2024-06-04 00:13:13,119 INFO  - Vehicle is outside the detection area. (at simulation time 404.000,000,000 s)
2024-06-04 00:13:13,119 INFO  - Sent broadcast CAM message to all vehicles (at simulation time 404.000,000,000 s)
2024-06-04 00:13:13,122 INFO  - Received Control message from rsu_0 to veh_140 (at simulation time 404.000,400,000 s)
2024-06-04 00:13:13,122 INFO  - Forwarded Control message to veh_150 (at simulation time 404.000,400,000 s)
2024-06-04 00:13:13,122 INFO  - Received Control message from rsu_0 to veh_116 (at simulation time 404.000,400,000 s)
2024-06-04 00:13:13,122 INFO  - Forwarded Control message to veh_150 (at simulation time 404.000,400,000 s)
2024-06-04 00:13:13,122 INFO  - Received Control message from rsu_0 to veh_155 (at simulation time 404.000,400,000 s)
2024-06-04 00:13:13,122 INFO  - Forwarded Control message to veh_150 (at simulation time 404.000,400,000 s)
2024-06-04 00:13:13,122 INFO  - Received Control message from rsu_0 to veh_64 (at simulation time 404.000,400,000 s)
2024-06-04 00:13:13,122 INFO  - Forwarded Control message to veh_150 (at simulation time 404.000,400,000 s)
2024-06-04 00:13:13,122 INFO  - Received Control message from rsu_0 to veh_128 (at simulation time 404.000,400,000 s)
2024-06-04 00:13:13,122 INFO  - Forwarded Control message to veh_150 (at simulation time 404.000,400,000 s)
2024-06-04 00:13:13,122 INFO  - Received Control message from rsu_0 to veh_122 (at simulation time 404.000,400,000 s)
2024-06-04 00:13:13,122 INFO  - Forwarded Control message to veh_150 (at simulation time 404.000,400,000 s)
2024-06-04 00:13:13,122 INFO  - Received Control message from rsu_0 to veh_48 (at simulation time 404.000,400,000 s)
2024-06-04 00:13:13,122 INFO  - Forwarded Control message to veh_150 (at simulation time 404.000,400,000 s)
2024-06-04 00:13:13,122 INFO  - Received Control message from rsu_0 to veh_137 (at simulation time 404.000,400,000 s)
2024-06-04 00:13:13,122 INFO  - Forwarded Control message to veh_150 (at simulation time 404.000,400,000 s)
2024-06-04 00:13:13,122 INFO  - Received Control message from rsu_0 to veh_131 (at simulation time 404.000,400,000 s)
2024-06-04 00:13:13,122 INFO  - Forwarded Control message to veh_150 (at simulation time 404.000,400,000 s)
2024-06-04 00:13:13,123 INFO  - Received Control message from rsu_0 to veh_146 (at simulation time 404.000,900,000 s)
2024-06-04 00:13:13,123 INFO  - Forwarded Control message to veh_150 (at simulation time 404.000,900,000 s)
2024-06-04 00:13:13,123 INFO  - Received Control message from rsu_0 to veh_182 (at simulation time 404.000,900,000 s)
2024-06-04 00:13:13,123 INFO  - Forwarded Control message to veh_150 (at simulation time 404.000,900,000 s)
2024-06-04 00:13:13,123 INFO  - Received Control message from rsu_0 to veh_24 (at simulation time 404.000,900,000 s)
2024-06-04 00:13:13,123 INFO  - Forwarded Control message to veh_150 (at simulation time 404.000,900,000 s)
2024-06-04 00:13:13,123 INFO  - Received Control message from rsu_0 to veh_60 (at simulation time 404.000,900,000 s)
2024-06-04 00:13:13,123 INFO  - Forwarded Control message to veh_150 (at simulation time 404.000,900,000 s)
2024-06-04 00:13:13,123 INFO  - Received Control message from rsu_0 to veh_209 (at simulation time 404.000,900,000 s)
2024-06-04 00:13:13,123 INFO  - Forwarded Control message to veh_150 (at simulation time 404.000,900,000 s)
2024-06-04 00:13:13,123 INFO  - Received Control message from rsu_0 to veh_125 (at simulation time 404.000,900,000 s)
2024-06-04 00:13:13,123 INFO  - Forwarded Control message to veh_150 (at simulation time 404.000,900,000 s)
2024-06-04 00:13:13,123 INFO  - Received Control message from rsu_0 to veh_36 (at simulation time 404.000,900,000 s)
2024-06-04 00:13:13,123 INFO  - Forwarded Control message to veh_150 (at simulation time 404.000,900,000 s)
2024-06-04 00:13:13,123 INFO  - Received Control message from rsu_0 to veh_72 (at simulation time 404.000,900,000 s)
2024-06-04 00:13:13,123 INFO  - Forwarded Control message to veh_150 (at simulation time 404.000,900,000 s)
2024-06-04 00:13:13,123 INFO  - Received Control message from rsu_0 to veh_92 (at simulation time 404.000,900,000 s)
2024-06-04 00:13:13,123 INFO  - Forwarded Control message to veh_150 (at simulation time 404.000,900,000 s)
2024-06-04 00:13:13,123 INFO  - Received Control message from rsu_0 to veh_212 (at simulation time 404.000,900,000 s)
2024-06-04 00:13:13,123 INFO  - Forwarded Control message to veh_150 (at simulation time 404.000,900,000 s)
2024-06-04 00:13:13,123 INFO  - Received Control message from rsu_0 to veh_40 (at simulation time 404.000,900,000 s)
2024-06-04 00:13:13,123 INFO  - Forwarded Control message to veh_150 (at simulation time 404.000,900,000 s)
2024-06-04 00:13:13,124 INFO  - Received CAM message from veh_138 (at simulation time 404.001,400,000 s)
2024-06-04 00:13:13,124 INFO  - Received CAM message from veh_108 (at simulation time 404.001,400,000 s)
2024-06-04 00:13:13,124 INFO  - Received Control message from rsu_0 to veh_107 (at simulation time 404.001,400,000 s)
2024-06-04 00:13:13,124 INFO  - Forwarded Control message to veh_150 (at simulation time 404.001,400,000 s)
2024-06-04 00:13:13,124 INFO  - Received Control message from rsu_0 to veh_149 (at simulation time 404.001,400,000 s)
2024-06-04 00:13:13,124 INFO  - Forwarded Control message to veh_150 (at simulation time 404.001,400,000 s)
2024-06-04 00:13:13,124 INFO  - Received Control message from rsu_0 to veh_104 (at simulation time 404.001,400,000 s)
2024-06-04 00:13:13,124 INFO  - Forwarded Control message to veh_150 (at simulation time 404.001,400,000 s)
2024-06-04 00:13:13,124 INFO  - Received Control message from rsu_0 to veh_101 (at simulation time 404.001,400,000 s)
2024-06-04 00:13:13,124 INFO  - Forwarded Control message to veh_150 (at simulation time 404.001,400,000 s)
2024-06-04 00:13:13,124 INFO  - Received Control message from rsu_0 to veh_143 (at simulation time 404.001,400,000 s)
2024-06-04 00:13:13,124 INFO  - Forwarded Control message to veh_150 (at simulation time 404.001,400,000 s)
2024-06-04 00:13:13,124 INFO  - Received Control message from rsu_0 to veh_0 (at simulation time 404.001,400,000 s)
2024-06-04 00:13:13,124 INFO  - Forwarded Control message to veh_150 (at simulation time 404.001,400,000 s)
2024-06-04 00:13:13,124 INFO  - Received Control message from rsu_0 to veh_206 (at simulation time 404.001,400,000 s)
2024-06-04 00:13:13,124 INFO  - Forwarded Control message to veh_150 (at simulation time 404.001,400,000 s)
2024-06-04 00:13:13,124 INFO  - Received Control message from rsu_0 to veh_179 (at simulation time 404.001,400,000 s)
2024-06-04 00:13:13,124 INFO  - Forwarded Control message to veh_150 (at simulation time 404.001,400,000 s)
2024-06-04 00:13:13,124 INFO  - Received Control message from rsu_0 to veh_83 (at simulation time 404.001,400,000 s)
2024-06-04 00:13:13,124 INFO  - Forwarded Control message to veh_150 (at simulation time 404.001,400,000 s)
2024-06-04 00:13:13,124 INFO  - Received Control message from rsu_0 to veh_89 (at simulation time 404.001,400,000 s)
2024-06-04 00:13:13,124 INFO  - Forwarded Control message to veh_150 (at simulation time 404.001,400,000 s)
2024-06-04 00:13:13,125 INFO  - Received CAM message from veh_150 (at simulation time 404.001,900,000 s)
2024-06-04 00:13:13,125 INFO  - Received Control message from rsu_0 to veh_188 (at simulation time 404.001,900,000 s)
2024-06-04 00:13:13,125 INFO  - Forwarded Control message to veh_150 (at simulation time 404.001,900,000 s)
2024-06-04 00:13:13,125 INFO  - Received Control message from rsu_0 to veh_185 (at simulation time 404.001,900,000 s)
2024-06-04 00:13:13,125 INFO  - Forwarded Control message to veh_150 (at simulation time 404.001,900,000 s)
2024-06-04 00:13:13,125 INFO  - Received Control message from rsu_0 to veh_95 (at simulation time 404.001,900,000 s)
2024-06-04 00:13:13,125 INFO  - Forwarded Control message to veh_150 (at simulation time 404.001,900,000 s)
2024-06-04 00:13:13,125 INFO  - Received Control message from rsu_0 to veh_56 (at simulation time 404.001,900,000 s)
2024-06-04 00:13:13,125 INFO  - Forwarded Control message to veh_150 (at simulation time 404.001,900,000 s)
2024-06-04 00:13:13,125 INFO  - Received Control message from rsu_0 to veh_158 (at simulation time 404.001,900,000 s)
2024-06-04 00:13:13,125 INFO  - Forwarded Control message to veh_150 (at simulation time 404.001,900,000 s)
2024-06-04 00:13:13,125 INFO  - Received Control message from rsu_0 to veh_152 (at simulation time 404.001,900,000 s)
2024-06-04 00:13:13,125 INFO  - Forwarded Control message to veh_150 (at simulation time 404.001,900,000 s)
2024-06-04 00:13:13,125 INFO  - Received Control message from rsu_0 to veh_197 (at simulation time 404.001,900,000 s)
2024-06-04 00:13:13,125 INFO  - Forwarded Control message to veh_150 (at simulation time 404.001,900,000 s)
2024-06-04 00:13:13,125 INFO  - Received Control message from rsu_0 to veh_194 (at simulation time 404.001,900,000 s)
2024-06-04 00:13:13,125 INFO  - Forwarded Control message to veh_150 (at simulation time 404.001,900,000 s)
2024-06-04 00:13:13,125 INFO  - Received Control message from rsu_0 to veh_8 (at simulation time 404.001,900,000 s)
2024-06-04 00:13:13,126 INFO  - Forwarded Control message to veh_150 (at simulation time 404.001,900,000 s)
2024-06-04 00:13:13,126 INFO  - Received Control message from rsu_0 to veh_191 (at simulation time 404.001,900,000 s)
2024-06-04 00:13:13,126 INFO  - Forwarded Control message to veh_150 (at simulation time 404.001,900,000 s)
2024-06-04 00:13:13,126 INFO  - Received Control message from rsu_0 to veh_203 (at simulation time 404.001,900,000 s)
2024-06-04 00:13:13,126 INFO  - Forwarded Control message to veh_150 (at simulation time 404.001,900,000 s)
2024-06-04 00:13:13,126 INFO  - Received Control message from rsu_0 to veh_167 (at simulation time 404.001,900,000 s)
2024-06-04 00:13:13,126 INFO  - Forwarded Control message to veh_150 (at simulation time 404.001,900,000 s)
2024-06-04 00:13:13,126 INFO  - Received Control message from rsu_0 to veh_200 (at simulation time 404.001,900,000 s)
2024-06-04 00:13:13,126 INFO  - Forwarded Control message to veh_150 (at simulation time 404.001,900,000 s)
2024-06-04 00:13:13,126 INFO  - Received Control message from rsu_0 to veh_164 (at simulation time 404.001,900,000 s)
2024-06-04 00:13:13,126 INFO  - Forwarded Control message to veh_150 (at simulation time 404.001,900,000 s)
2024-06-04 00:13:13,126 INFO  - Received Control message from rsu_0 to veh_76 (at simulation time 404.001,900,000 s)
2024-06-04 00:13:13,126 INFO  - Forwarded Control message to veh_150 (at simulation time 404.001,900,000 s)
2024-06-04 00:13:13,126 INFO  - Received Control message from rsu_0 to veh_173 (at simulation time 404.001,900,000 s)
2024-06-04 00:13:13,126 INFO  - Forwarded Control message to veh_150 (at simulation time 404.001,900,000 s)
2024-06-04 00:13:13,126 INFO  - Received Control message from rsu_0 to veh_44 (at simulation time 404.001,900,000 s)
2024-06-04 00:13:13,126 INFO  - Forwarded Control message to veh_150 (at simulation time 404.001,900,000 s)
2024-06-04 00:13:13,126 INFO  - Received Control message from rsu_0 to veh_86 (at simulation time 404.001,900,000 s)
2024-06-04 00:13:13,126 INFO  - Forwarded Control message to veh_150 (at simulation time 404.001,900,000 s)
2024-06-04 00:13:13,127 INFO  - Received CAM message from veh_153 (at simulation time 404.002,400,000 s)
2024-06-04 00:13:13,127 INFO  - Received CAM message from veh_102 (at simulation time 404.002,400,000 s)
2024-06-04 00:13:13,127 INFO  - Received Control message from rsu_0 to veh_16 (at simulation time 404.002,400,000 s)
2024-06-04 00:13:13,127 INFO  - Forwarded Control message to veh_150 (at simulation time 404.002,400,000 s)
2024-06-04 00:13:13,127 INFO  - Received Control message from rsu_0 to veh_52 (at simulation time 404.002,400,000 s)
2024-06-04 00:13:13,127 INFO  - Forwarded Control message to veh_150 (at simulation time 404.002,400,000 s)
2024-06-04 00:13:13,127 INFO  - Received Control message from rsu_0 to veh_12 (at simulation time 404.002,400,000 s)
2024-06-04 00:13:13,127 INFO  - Forwarded Control message to veh_150 (at simulation time 404.002,400,000 s)
2024-06-04 00:13:13,127 INFO  - Received Control message from rsu_0 to veh_98 (at simulation time 404.002,400,000 s)
2024-06-04 00:13:13,127 INFO  - Forwarded Control message to veh_150 (at simulation time 404.002,400,000 s)
2024-06-04 00:13:13,127 INFO  - Received Control message from rsu_0 to veh_4 (at simulation time 404.002,400,000 s)
2024-06-04 00:13:13,127 INFO  - Forwarded Control message to veh_150 (at simulation time 404.002,400,000 s)
2024-06-04 00:13:13,127 INFO  - Received Control message from rsu_0 to veh_119 (at simulation time 404.002,400,000 s)
2024-06-04 00:13:13,127 INFO  - Forwarded Control message to veh_150 (at simulation time 404.002,400,000 s)
2024-06-04 00:13:13,127 INFO  - Received Control message from rsu_0 to veh_68 (at simulation time 404.002,400,000 s)
2024-06-04 00:13:13,127 INFO  - Forwarded Control message to veh_150 (at simulation time 404.002,400,000 s)
2024-06-04 00:13:13,127 INFO  - Received Control message from rsu_0 to veh_113 (at simulation time 404.002,400,000 s)
2024-06-04 00:13:13,127 INFO  - Forwarded Control message to veh_150 (at simulation time 404.002,400,000 s)
2024-06-04 00:13:13,127 INFO  - Received Control message from rsu_0 to veh_110 (at simulation time 404.002,400,000 s)
2024-06-04 00:13:13,127 INFO  - Forwarded Control message to veh_150 (at simulation time 404.002,400,000 s)
2024-06-04 00:13:13,127 INFO  - Received Control message from rsu_0 to veh_28 (at simulation time 404.002,400,000 s)
2024-06-04 00:13:13,127 INFO  - Forwarded Control message to veh_150 (at simulation time 404.002,400,000 s)
2024-06-04 00:13:13,127 INFO  - Received Control message from rsu_0 to veh_20 (at simulation time 404.002,400,000 s)
2024-06-04 00:13:13,127 INFO  - Forwarded Control message to veh_150 (at simulation time 404.002,400,000 s)
2024-06-04 00:13:13,127 INFO  - Received Control message from rsu_0 to veh_80 (at simulation time 404.002,400,000 s)
2024-06-04 00:13:13,127 INFO  - Forwarded Control message to veh_150 (at simulation time 404.002,400,000 s)
2024-06-04 00:13:13,127 INFO  - Received Control message from rsu_0 to veh_161 (at simulation time 404.002,400,000 s)
2024-06-04 00:13:13,127 INFO  - Forwarded Control message to veh_150 (at simulation time 404.002,400,000 s)
2024-06-04 00:13:13,127 INFO  - Received Control message from rsu_0 to veh_32 (at simulation time 404.002,400,000 s)
2024-06-04 00:13:13,127 INFO  - Forwarded Control message to veh_150 (at simulation time 404.002,400,000 s)
2024-06-04 00:13:13,127 INFO  - Received Control message from rsu_0 to veh_218 (at simulation time 404.002,400,000 s)
2024-06-04 00:13:13,127 INFO  - Current route: 1, lane: 0 (at simulation time 404.002,400,000 s)
2024-06-04 00:13:13,127 INFO  - Vehicle position: GeoPoint{lat=40.743427,lon=-73.988366,alt=0.00} (at simulation time 404.002,400,000 s)
2024-06-04 00:13:13,127 INFO  - Received Control message from rsu_0 to veh_215 (at simulation time 404.002,400,000 s)
2024-06-04 00:13:13,127 INFO  - Forwarded Control message to veh_150 (at simulation time 404.002,400,000 s)
2024-06-04 00:13:13,127 INFO  - Received Control message from rsu_0 to veh_134 (at simulation time 404.002,400,000 s)
2024-06-04 00:13:13,127 INFO  - Forwarded Control message to veh_150 (at simulation time 404.002,400,000 s)
2024-06-04 00:13:13,127 INFO  - Received Control message from rsu_0 to veh_176 (at simulation time 404.002,400,000 s)
2024-06-04 00:13:13,127 INFO  - Forwarded Control message to veh_150 (at simulation time 404.002,400,000 s)
2024-06-04 00:13:13,127 INFO  - Received Control message from rsu_0 to veh_170 (at simulation time 404.002,400,000 s)
2024-06-04 00:13:13,127 INFO  - Forwarded Control message to veh_150 (at simulation time 404.002,400,000 s)
2024-06-04 00:13:13,144 INFO  - Atempting to process queue (at simulation time 404.100,000,000 s)
2024-06-04 00:13:13,144 INFO  - Vehicle is outside the detection area. (at simulation time 404.100,000,000 s)
2024-06-04 00:13:13,144 INFO  - Sent broadcast CAM message to all vehicles (at simulation time 404.100,000,000 s)
2024-06-04 00:13:13,144 INFO  - Received CAM message from veh_150 (at simulation time 404.100,400,000 s)
2024-06-04 00:13:13,145 INFO  - Received CAM message from veh_108 (at simulation time 404.100,900,000 s)
2024-06-04 00:13:13,145 INFO  - Received CAM message from veh_153 (at simulation time 404.102,400,000 s)
2024-06-04 00:13:13,145 INFO  - Received CAM message from veh_138 (at simulation time 404.102,400,000 s)
2024-06-04 00:13:13,145 INFO  - Received CAM message from veh_102 (at simulation time 404.102,400,000 s)
2024-06-04 00:13:13,145 INFO  - Atempting to process queue (at simulation time 404.200,000,000 s)
2024-06-04 00:13:13,145 INFO  - Vehicle is outside the detection area. (at simulation time 404.200,000,000 s)
2024-06-04 00:13:13,145 INFO  - Sent broadcast CAM message to all vehicles (at simulation time 404.200,000,000 s)
2024-06-04 00:13:13,146 INFO  - Received CAM message from veh_150 (at simulation time 404.200,900,000 s)
2024-06-04 00:13:13,146 INFO  - Received CAM message from veh_138 (at simulation time 404.200,900,000 s)
2024-06-04 00:13:13,146 INFO  - Received CAM message from veh_108 (at simulation time 404.200,900,000 s)
2024-06-04 00:13:13,147 INFO  - Received CAM message from veh_153 (at simulation time 404.202,400,000 s)
2024-06-04 00:13:13,147 INFO  - Received CAM message from veh_102 (at simulation time 404.202,400,000 s)
2024-06-04 00:13:13,147 INFO  - Atempting to process queue (at simulation time 404.300,000,000 s)
2024-06-04 00:13:13,147 INFO  - Vehicle is outside the detection area. (at simulation time 404.300,000,000 s)
2024-06-04 00:13:13,147 INFO  - Sent broadcast CAM message to all vehicles (at simulation time 404.300,000,000 s)
2024-06-04 00:13:13,148 INFO  - Received CAM message from veh_102 (at simulation time 404.300,400,000 s)
2024-06-04 00:13:13,149 INFO  - Received CAM message from veh_153 (at simulation time 404.301,900,000 s)
2024-06-04 00:13:13,149 INFO  - Received CAM message from veh_150 (at simulation time 404.301,900,000 s)
2024-06-04 00:13:13,149 INFO  - Received CAM message from veh_108 (at simulation time 404.301,900,000 s)
2024-06-04 00:13:13,149 INFO  - Received CAM message from veh_138 (at simulation time 404.302,400,000 s)
2024-06-04 00:13:13,149 INFO  - Atempting to process queue (at simulation time 404.400,000,000 s)
2024-06-04 00:13:13,149 INFO  - Vehicle is outside the detection area. (at simulation time 404.400,000,000 s)
2024-06-04 00:13:13,149 INFO  - Sent broadcast CAM message to all vehicles (at simulation time 404.400,000,000 s)
2024-06-04 00:13:13,150 INFO  - Received CAM message from veh_102 (at simulation time 404.400,400,000 s)
2024-06-04 00:13:13,151 INFO  - Received CAM message from veh_153 (at simulation time 404.400,900,000 s)
2024-06-04 00:13:13,151 INFO  - Received CAM message from veh_108 (at simulation time 404.400,900,000 s)
2024-06-04 00:13:13,151 INFO  - Received CAM message from veh_150 (at simulation time 404.401,400,000 s)
2024-06-04 00:13:13,151 INFO  - Received CAM message from veh_138 (at simulation time 404.401,900,000 s)
2024-06-04 00:13:13,151 INFO  - Atempting to process queue (at simulation time 404.500,000,000 s)
2024-06-04 00:13:13,151 INFO  - Vehicle is outside the detection area. (at simulation time 404.500,000,000 s)
2024-06-04 00:13:13,151 INFO  - Sent broadcast CAM message to all vehicles (at simulation time 404.500,000,000 s)
2024-06-04 00:13:13,152 INFO  - Received CAM message from veh_153 (at simulation time 404.500,400,000 s)
2024-06-04 00:13:13,152 INFO  - Received CAM message from veh_108 (at simulation time 404.500,400,000 s)
2024-06-04 00:13:13,152 INFO  - Received CAM message from veh_150 (at simulation time 404.500,900,000 s)
2024-06-04 00:13:13,153 INFO  - Received CAM message from veh_138 (at simulation time 404.501,400,000 s)
2024-06-04 00:13:13,153 INFO  - Received CAM message from veh_102 (at simulation time 404.502,400,000 s)
2024-06-04 00:13:13,154 INFO  - Atempting to process queue (at simulation time 404.600,000,000 s)
2024-06-04 00:13:13,154 INFO  - Vehicle is outside the detection area. (at simulation time 404.600,000,000 s)
2024-06-04 00:13:13,154 INFO  - Sent broadcast CAM message to all vehicles (at simulation time 404.600,000,000 s)
2024-06-04 00:13:13,155 INFO  - Received CAM message from veh_150 (at simulation time 404.601,400,000 s)
2024-06-04 00:13:13,155 INFO  - Received CAM message from veh_108 (at simulation time 404.601,400,000 s)
2024-06-04 00:13:13,155 INFO  - Received CAM message from veh_102 (at simulation time 404.601,400,000 s)
2024-06-04 00:13:13,155 INFO  - Received CAM message from veh_153 (at simulation time 404.602,400,000 s)
2024-06-04 00:13:13,155 INFO  - Received CAM message from veh_138 (at simulation time 404.602,400,000 s)
2024-06-04 00:13:13,155 INFO  - Atempting to process queue (at simulation time 404.700,000,000 s)
2024-06-04 00:13:13,155 INFO  - Vehicle is outside the detection area. (at simulation time 404.700,000,000 s)
2024-06-04 00:13:13,155 INFO  - Sent broadcast CAM message to all vehicles (at simulation time 404.700,000,000 s)
2024-06-04 00:13:13,157 INFO  - Received CAM message from veh_138 (at simulation time 404.701,400,000 s)
2024-06-04 00:13:13,157 INFO  - Received CAM message from veh_102 (at simulation time 404.701,400,000 s)
2024-06-04 00:13:13,157 INFO  - Received CAM message from veh_153 (at simulation time 404.701,900,000 s)
2024-06-04 00:13:13,157 INFO  - Received CAM message from veh_108 (at simulation time 404.701,900,000 s)
2024-06-04 00:13:13,157 INFO  - Received CAM message from veh_150 (at simulation time 404.702,400,000 s)
2024-06-04 00:13:13,157 INFO  - Atempting to process queue (at simulation time 404.800,000,000 s)
2024-06-04 00:13:13,157 INFO  - Vehicle is outside the detection area. (at simulation time 404.800,000,000 s)
2024-06-04 00:13:13,157 INFO  - Sent broadcast CAM message to all vehicles (at simulation time 404.800,000,000 s)
2024-06-04 00:13:13,158 INFO  - Received CAM message from veh_108 (at simulation time 404.800,400,000 s)
2024-06-04 00:13:13,158 INFO  - Received CAM message from veh_102 (at simulation time 404.800,400,000 s)
2024-06-04 00:13:13,159 INFO  - Received CAM message from veh_150 (at simulation time 404.801,400,000 s)
2024-06-04 00:13:13,159 INFO  - Received CAM message from veh_138 (at simulation time 404.801,400,000 s)
2024-06-04 00:13:13,159 INFO  - Received CAM message from veh_153 (at simulation time 404.802,400,000 s)
2024-06-04 00:13:13,159 INFO  - Atempting to process queue (at simulation time 404.900,000,000 s)
2024-06-04 00:13:13,159 INFO  - Vehicle is outside the detection area. (at simulation time 404.900,000,000 s)
2024-06-04 00:13:13,159 INFO  - Sent broadcast CAM message to all vehicles (at simulation time 404.900,000,000 s)
2024-06-04 00:13:13,160 INFO  - Received CAM message from veh_138 (at simulation time 404.900,400,000 s)
2024-06-04 00:13:13,160 INFO  - Received CAM message from veh_102 (at simulation time 404.900,400,000 s)
2024-06-04 00:13:13,160 INFO  - Received CAM message from veh_150 (at simulation time 404.901,400,000 s)
2024-06-04 00:13:13,160 INFO  - Received CAM message from veh_108 (at simulation time 404.901,400,000 s)
2024-06-04 00:13:13,161 INFO  - Received CAM message from veh_153 (at simulation time 404.902,400,000 s)
2024-06-04 00:13:13,164 INFO  - Atempting to process queue (at simulation time 405.000,000,000 s)
2024-06-04 00:13:13,164 INFO  - Vehicle is outside the detection area. (at simulation time 405.000,000,000 s)
2024-06-04 00:13:13,164 INFO  - Sent broadcast CAM message to all vehicles (at simulation time 405.000,000,000 s)
2024-06-04 00:13:13,166 INFO  - Received CAM message from veh_153 (at simulation time 405.000,900,000 s)
2024-06-04 00:13:13,166 INFO  - Received CAM message from veh_138 (at simulation time 405.001,400,000 s)
2024-06-04 00:13:13,166 INFO  - Received CAM message from veh_108 (at simulation time 405.001,400,000 s)
2024-06-04 00:13:13,166 INFO  - Received CAM message from veh_102 (at simulation time 405.001,900,000 s)
2024-06-04 00:13:13,167 INFO  - Atempting to process queue (at simulation time 405.100,000,000 s)
2024-06-04 00:13:13,167 INFO  - Vehicle is outside the detection area. (at simulation time 405.100,000,000 s)
2024-06-04 00:13:13,167 INFO  - Sent broadcast CAM message to all vehicles (at simulation time 405.100,000,000 s)
2024-06-04 00:13:13,168 INFO  - Received CAM message from veh_102 (at simulation time 405.100,400,000 s)
2024-06-04 00:13:13,168 INFO  - Received CAM message from veh_138 (at simulation time 405.100,900,000 s)
2024-06-04 00:13:13,168 INFO  - Received CAM message from veh_153 (at simulation time 405.101,400,000 s)
2024-06-04 00:13:13,169 INFO  - Received CAM message from veh_108 (at simulation time 405.102,400,000 s)
2024-06-04 00:13:13,169 INFO  - Atempting to process queue (at simulation time 405.200,000,000 s)
2024-06-04 00:13:13,169 INFO  - Vehicle is outside the detection area. (at simulation time 405.200,000,000 s)
2024-06-04 00:13:13,169 INFO  - Sent broadcast CAM message to all vehicles (at simulation time 405.200,000,000 s)
2024-06-04 00:13:13,170 INFO  - Received CAM message from veh_153 (at simulation time 405.200,400,000 s)
2024-06-04 00:13:13,170 INFO  - Received CAM message from veh_102 (at simulation time 405.200,400,000 s)
2024-06-04 00:13:13,170 INFO  - Received CAM message from veh_138 (at simulation time 405.201,400,000 s)
2024-06-04 00:13:13,171 INFO  - Received CAM message from veh_108 (at simulation time 405.202,400,000 s)
2024-06-04 00:13:13,171 INFO  - Atempting to process queue (at simulation time 405.300,000,000 s)
2024-06-04 00:13:13,171 INFO  - Vehicle is outside the detection area. (at simulation time 405.300,000,000 s)
2024-06-04 00:13:13,171 INFO  - Sent broadcast CAM message to all vehicles (at simulation time 405.300,000,000 s)
2024-06-04 00:13:13,172 INFO  - Received CAM message from veh_138 (at simulation time 405.300,900,000 s)
2024-06-04 00:13:13,172 INFO  - Received CAM message from veh_153 (at simulation time 405.301,400,000 s)
2024-06-04 00:13:13,172 INFO  - Received CAM message from veh_108 (at simulation time 405.301,900,000 s)
2024-06-04 00:13:13,173 INFO  - Received CAM message from veh_102 (at simulation time 405.302,400,000 s)
2024-06-04 00:13:13,173 INFO  - Atempting to process queue (at simulation time 405.400,000,000 s)
2024-06-04 00:13:13,173 INFO  - Vehicle is outside the detection area. (at simulation time 405.400,000,000 s)
2024-06-04 00:13:13,173 INFO  - Sent broadcast CAM message to all vehicles (at simulation time 405.400,000,000 s)
2024-06-04 00:13:13,174 INFO  - Received CAM message from veh_153 (at simulation time 405.400,900,000 s)
2024-06-04 00:13:13,174 INFO  - Received CAM message from veh_102 (at simulation time 405.400,900,000 s)
2024-06-04 00:13:13,174 INFO  - Received CAM message from veh_138 (at simulation time 405.401,900,000 s)
2024-06-04 00:13:13,174 INFO  - Received CAM message from veh_108 (at simulation time 405.402,400,000 s)
2024-06-04 00:13:13,174 INFO  - Atempting to process queue (at simulation time 405.500,000,000 s)
2024-06-04 00:13:13,174 INFO  - Vehicle is outside the detection area. (at simulation time 405.500,000,000 s)
2024-06-04 00:13:13,174 INFO  - Sent broadcast CAM message to all vehicles (at simulation time 405.500,000,000 s)
2024-06-04 00:13:13,175 INFO  - Received CAM message from veh_153 (at simulation time 405.500,400,000 s)
2024-06-04 00:13:13,175 INFO  - Received CAM message from veh_102 (at simulation time 405.501,400,000 s)
2024-06-04 00:13:13,176 INFO  - Received CAM message from veh_138 (at simulation time 405.501,900,000 s)
2024-06-04 00:13:13,176 INFO  - Received CAM message from veh_108 (at simulation time 405.501,900,000 s)
2024-06-04 00:13:13,176 INFO  - Atempting to process queue (at simulation time 405.600,000,000 s)
2024-06-04 00:13:13,176 INFO  - Vehicle is outside the detection area. (at simulation time 405.600,000,000 s)
2024-06-04 00:13:13,176 INFO  - Sent broadcast CAM message to all vehicles (at simulation time 405.600,000,000 s)
2024-06-04 00:13:13,176 INFO  - Received CAM message from veh_153 (at simulation time 405.600,400,000 s)
2024-06-04 00:13:13,177 INFO  - Received CAM message from veh_138 (at simulation time 405.600,400,000 s)
2024-06-04 00:13:13,177 INFO  - Received CAM message from veh_108 (at simulation time 405.600,400,000 s)
2024-06-04 00:13:13,177 INFO  - Received CAM message from veh_102 (at simulation time 405.601,900,000 s)
2024-06-04 00:13:13,177 INFO  - Atempting to process queue (at simulation time 405.700,000,000 s)
2024-06-04 00:13:13,177 INFO  - Vehicle is outside the detection area. (at simulation time 405.700,000,000 s)
2024-06-04 00:13:13,177 INFO  - Sent broadcast CAM message to all vehicles (at simulation time 405.700,000,000 s)
2024-06-04 00:13:13,178 INFO  - Received CAM message from veh_153 (at simulation time 405.700,400,000 s)
2024-06-04 00:13:13,178 INFO  - Received CAM message from veh_138 (at simulation time 405.700,400,000 s)
2024-06-04 00:13:13,178 INFO  - Received CAM message from veh_102 (at simulation time 405.701,400,000 s)
2024-06-04 00:13:13,179 INFO  - Received CAM message from veh_108 (at simulation time 405.701,900,000 s)
2024-06-04 00:13:13,179 INFO  - Atempting to process queue (at simulation time 405.800,000,000 s)
2024-06-04 00:13:13,179 INFO  - Vehicle is outside the detection area. (at simulation time 405.800,000,000 s)
2024-06-04 00:13:13,179 INFO  - Sent broadcast CAM message to all vehicles (at simulation time 405.800,000,000 s)
2024-06-04 00:13:13,180 INFO  - Received CAM message from veh_153 (at simulation time 405.801,400,000 s)
2024-06-04 00:13:13,180 INFO  - Received CAM message from veh_108 (at simulation time 405.801,900,000 s)
2024-06-04 00:13:13,180 INFO  - Received CAM message from veh_138 (at simulation time 405.802,400,000 s)
2024-06-04 00:13:13,180 INFO  - Received CAM message from veh_102 (at simulation time 405.802,400,000 s)
2024-06-04 00:13:13,180 INFO  - Atempting to process queue (at simulation time 405.900,000,000 s)
2024-06-04 00:13:13,180 INFO  - Vehicle is outside the detection area. (at simulation time 405.900,000,000 s)
2024-06-04 00:13:13,180 INFO  - Sent broadcast CAM message to all vehicles (at simulation time 405.900,000,000 s)
2024-06-04 00:13:13,181 INFO  - Received CAM message from veh_108 (at simulation time 405.900,400,000 s)
2024-06-04 00:13:13,181 INFO  - Received CAM message from veh_102 (at simulation time 405.900,400,000 s)
2024-06-04 00:13:13,182 INFO  - Received CAM message from veh_153 (at simulation time 405.901,900,000 s)
2024-06-04 00:13:13,182 INFO  - Received CAM message from veh_138 (at simulation time 405.901,900,000 s)
2024-06-04 00:13:13,185 INFO  - Atempting to process queue (at simulation time 406.000,000,000 s)
2024-06-04 00:13:13,185 INFO  - Vehicle is outside the detection area. (at simulation time 406.000,000,000 s)
2024-06-04 00:13:13,185 INFO  - Sent broadcast CAM message to all vehicles (at simulation time 406.000,000,000 s)
2024-06-04 00:13:13,186 INFO  - Received CAM message from veh_138 (at simulation time 406.000,400,000 s)
2024-06-04 00:13:13,186 INFO  - Received CAM message from veh_102 (at simulation time 406.000,400,000 s)
2024-06-04 00:13:13,186 INFO  - Received CAM message from veh_153 (at simulation time 406.002,400,000 s)
2024-06-04 00:13:13,187 INFO  - Atempting to process queue (at simulation time 406.100,000,000 s)
2024-06-04 00:13:13,187 INFO  - Vehicle is outside the detection area. (at simulation time 406.100,000,000 s)
2024-06-04 00:13:13,187 INFO  - Sent broadcast CAM message to all vehicles (at simulation time 406.100,000,000 s)
2024-06-04 00:13:13,187 INFO  - Received CAM message from veh_102 (at simulation time 406.100,400,000 s)
2024-06-04 00:13:13,187 INFO  - Received CAM message from veh_153 (at simulation time 406.100,900,000 s)
2024-06-04 00:13:13,187 INFO  - Received CAM message from veh_138 (at simulation time 406.100,900,000 s)
2024-06-04 00:13:13,188 INFO  - Atempting to process queue (at simulation time 406.200,000,000 s)
2024-06-04 00:13:13,188 INFO  - Vehicle is outside the detection area. (at simulation time 406.200,000,000 s)
2024-06-04 00:13:13,188 INFO  - Sent broadcast CAM message to all vehicles (at simulation time 406.200,000,000 s)
2024-06-04 00:13:13,189 INFO  - Received CAM message from veh_153 (at simulation time 406.200,900,000 s)
2024-06-04 00:13:13,189 INFO  - Received CAM message from veh_102 (at simulation time 406.200,900,000 s)
2024-06-04 00:13:13,189 INFO  - Received CAM message from veh_138 (at simulation time 406.201,900,000 s)
2024-06-04 00:13:13,190 INFO  - Atempting to process queue (at simulation time 406.300,000,000 s)
2024-06-04 00:13:13,190 INFO  - Vehicle is outside the detection area. (at simulation time 406.300,000,000 s)
2024-06-04 00:13:13,190 INFO  - Sent broadcast CAM message to all vehicles (at simulation time 406.300,000,000 s)
2024-06-04 00:13:13,191 INFO  - Received CAM message from veh_138 (at simulation time 406.300,400,000 s)
2024-06-04 00:13:13,191 INFO  - Received CAM message from veh_102 (at simulation time 406.300,400,000 s)
2024-06-04 00:13:13,191 INFO  - Received CAM message from veh_153 (at simulation time 406.301,900,000 s)
2024-06-04 00:13:13,192 INFO  - Atempting to process queue (at simulation time 406.400,000,000 s)
2024-06-04 00:13:13,192 INFO  - Vehicle is outside the detection area. (at simulation time 406.400,000,000 s)
2024-06-04 00:13:13,192 INFO  - Sent broadcast CAM message to all vehicles (at simulation time 406.400,000,000 s)
2024-06-04 00:13:13,193 INFO  - Received CAM message from veh_153 (at simulation time 406.400,900,000 s)
2024-06-04 00:13:13,193 INFO  - Received CAM message from veh_102 (at simulation time 406.400,900,000 s)
2024-06-04 00:13:13,194 INFO  - Received CAM message from veh_138 (at simulation time 406.402,400,000 s)
2024-06-04 00:13:13,194 INFO  - Atempting to process queue (at simulation time 406.500,000,000 s)
2024-06-04 00:13:13,194 INFO  - Vehicle is outside the detection area. (at simulation time 406.500,000,000 s)
2024-06-04 00:13:13,194 INFO  - Sent broadcast CAM message to all vehicles (at simulation time 406.500,000,000 s)
2024-06-04 00:13:13,195 INFO  - Received CAM message from veh_138 (at simulation time 406.500,900,000 s)
2024-06-04 00:13:13,195 INFO  - Received CAM message from veh_102 (at simulation time 406.500,900,000 s)
2024-06-04 00:13:13,196 INFO  - Received CAM message from veh_153 (at simulation time 406.502,400,000 s)
2024-06-04 00:13:13,196 INFO  - Atempting to process queue (at simulation time 406.600,000,000 s)
2024-06-04 00:13:13,196 INFO  - Vehicle is outside the detection area. (at simulation time 406.600,000,000 s)
2024-06-04 00:13:13,196 INFO  - Sent broadcast CAM message to all vehicles (at simulation time 406.600,000,000 s)
2024-06-04 00:13:13,198 INFO  - Received CAM message from veh_153 (at simulation time 406.601,900,000 s)
2024-06-04 00:13:13,198 INFO  - Received CAM message from veh_102 (at simulation time 406.601,900,000 s)
2024-06-04 00:13:13,198 INFO  - Received CAM message from veh_138 (at simulation time 406.602,400,000 s)
2024-06-04 00:13:13,198 INFO  - Atempting to process queue (at simulation time 406.700,000,000 s)
2024-06-04 00:13:13,198 INFO  - Vehicle is outside the detection area. (at simulation time 406.700,000,000 s)
2024-06-04 00:13:13,198 INFO  - Sent broadcast CAM message to all vehicles (at simulation time 406.700,000,000 s)
2024-06-04 00:13:13,199 INFO  - Received CAM message from veh_138 (at simulation time 406.700,900,000 s)
2024-06-04 00:13:13,199 INFO  - Received CAM message from veh_153 (at simulation time 406.701,400,000 s)
2024-06-04 00:13:13,200 INFO  - Received CAM message from veh_102 (at simulation time 406.702,400,000 s)
2024-06-04 00:13:13,200 INFO  - Atempting to process queue (at simulation time 406.800,000,000 s)
2024-06-04 00:13:13,200 INFO  - Vehicle is outside the detection area. (at simulation time 406.800,000,000 s)
2024-06-04 00:13:13,200 INFO  - Sent broadcast CAM message to all vehicles (at simulation time 406.800,000,000 s)
2024-06-04 00:13:13,200 INFO  - Received CAM message from veh_153 (at simulation time 406.800,400,000 s)
2024-06-04 00:13:13,200 INFO  - Received CAM message from veh_102 (at simulation time 406.800,400,000 s)
2024-06-04 00:13:13,202 INFO  - Received CAM message from veh_138 (at simulation time 406.802,400,000 s)
2024-06-04 00:13:13,202 INFO  - Atempting to process queue (at simulation time 406.900,000,000 s)
2024-06-04 00:13:13,202 INFO  - Vehicle is outside the detection area. (at simulation time 406.900,000,000 s)
2024-06-04 00:13:13,202 INFO  - Sent broadcast CAM message to all vehicles (at simulation time 406.900,000,000 s)
2024-06-04 00:13:13,202 INFO  - Received CAM message from veh_153 (at simulation time 406.900,900,000 s)
2024-06-04 00:13:13,202 INFO  - Received CAM message from veh_102 (at simulation time 406.900,900,000 s)
2024-06-04 00:13:13,203 INFO  - Received CAM message from veh_138 (at simulation time 406.902,400,000 s)
2024-06-04 00:13:13,205 INFO  - Atempting to process queue (at simulation time 407.000,000,000 s)
2024-06-04 00:13:13,205 INFO  - Vehicle is outside the detection area. (at simulation time 407.000,000,000 s)
2024-06-04 00:13:13,205 INFO  - Sent broadcast CAM message to all vehicles (at simulation time 407.000,000,000 s)
2024-06-04 00:13:13,206 INFO  - Received CAM message from veh_138 (at simulation time 407.000,400,000 s)
2024-06-04 00:13:13,206 INFO  - Received CAM message from veh_153 (at simulation time 407.000,900,000 s)
2024-06-04 00:13:13,207 INFO  - Atempting to process queue (at simulation time 407.100,000,000 s)
2024-06-04 00:13:13,207 INFO  - Vehicle is outside the detection area. (at simulation time 407.100,000,000 s)
2024-06-04 00:13:13,207 INFO  - Sent broadcast CAM message to all vehicles (at simulation time 407.100,000,000 s)
2024-06-04 00:13:13,207 INFO  - Received CAM message from veh_153 (at simulation time 407.100,400,000 s)
2024-06-04 00:13:13,207 INFO  - Received CAM message from veh_138 (at simulation time 407.100,400,000 s)
2024-06-04 00:13:13,208 INFO  - Atempting to process queue (at simulation time 407.200,000,000 s)
2024-06-04 00:13:13,208 INFO  - Vehicle is outside the detection area. (at simulation time 407.200,000,000 s)
2024-06-04 00:13:13,208 INFO  - Sent broadcast CAM message to all vehicles (at simulation time 407.200,000,000 s)
2024-06-04 00:13:13,209 INFO  - Received CAM message from veh_153 (at simulation time 407.200,400,000 s)
2024-06-04 00:13:13,209 INFO  - Received CAM message from veh_138 (at simulation time 407.200,400,000 s)
2024-06-04 00:13:13,210 INFO  - Atempting to process queue (at simulation time 407.300,000,000 s)
2024-06-04 00:13:13,210 INFO  - Vehicle is outside the detection area. (at simulation time 407.300,000,000 s)
2024-06-04 00:13:13,210 INFO  - Sent broadcast CAM message to all vehicles (at simulation time 407.300,000,000 s)
2024-06-04 00:13:13,210 INFO  - Received CAM message from veh_153 (at simulation time 407.300,400,000 s)
2024-06-04 00:13:13,211 INFO  - Received CAM message from veh_138 (at simulation time 407.300,900,000 s)
2024-06-04 00:13:13,211 INFO  - Atempting to process queue (at simulation time 407.400,000,000 s)
2024-06-04 00:13:13,211 INFO  - Vehicle is outside the detection area. (at simulation time 407.400,000,000 s)
2024-06-04 00:13:13,211 INFO  - Sent broadcast CAM message to all vehicles (at simulation time 407.400,000,000 s)
2024-06-04 00:13:13,213 INFO  - Received CAM message from veh_153 (at simulation time 407.401,400,000 s)
2024-06-04 00:13:13,213 INFO  - Received CAM message from veh_138 (at simulation time 407.401,900,000 s)
2024-06-04 00:13:13,213 INFO  - Atempting to process queue (at simulation time 407.500,000,000 s)
2024-06-04 00:13:13,213 INFO  - Vehicle is outside the detection area. (at simulation time 407.500,000,000 s)
2024-06-04 00:13:13,213 INFO  - Sent broadcast CAM message to all vehicles (at simulation time 407.500,000,000 s)
2024-06-04 00:13:13,215 INFO  - Received CAM message from veh_153 (at simulation time 407.502,400,000 s)
2024-06-04 00:13:13,215 INFO  - Received CAM message from veh_138 (at simulation time 407.502,400,000 s)
2024-06-04 00:13:13,215 INFO  - Atempting to process queue (at simulation time 407.600,000,000 s)
2024-06-04 00:13:13,215 INFO  - Vehicle is outside the detection area. (at simulation time 407.600,000,000 s)
2024-06-04 00:13:13,215 INFO  - Sent broadcast CAM message to all vehicles (at simulation time 407.600,000,000 s)
2024-06-04 00:13:13,217 INFO  - Received CAM message from veh_153 (at simulation time 407.601,400,000 s)
2024-06-04 00:13:13,217 INFO  - Received CAM message from veh_138 (at simulation time 407.602,400,000 s)
2024-06-04 00:13:13,217 INFO  - Atempting to process queue (at simulation time 407.700,000,000 s)
2024-06-04 00:13:13,217 INFO  - Vehicle is outside the detection area. (at simulation time 407.700,000,000 s)
2024-06-04 00:13:13,217 INFO  - Sent broadcast CAM message to all vehicles (at simulation time 407.700,000,000 s)
2024-06-04 00:13:13,218 INFO  - Received CAM message from veh_138 (at simulation time 407.700,900,000 s)
2024-06-04 00:13:13,219 INFO  - Received CAM message from veh_153 (at simulation time 407.701,900,000 s)
2024-06-04 00:13:13,219 INFO  - Atempting to process queue (at simulation time 407.800,000,000 s)
2024-06-04 00:13:13,219 INFO  - Vehicle is outside the detection area. (at simulation time 407.800,000,000 s)
2024-06-04 00:13:13,219 INFO  - Sent broadcast CAM message to all vehicles (at simulation time 407.800,000,000 s)
2024-06-04 00:13:13,219 INFO  - Received CAM message from veh_153 (at simulation time 407.800,400,000 s)
2024-06-04 00:13:13,220 INFO  - Received CAM message from veh_138 (at simulation time 407.801,900,000 s)
2024-06-04 00:13:13,220 INFO  - Atempting to process queue (at simulation time 407.900,000,000 s)
2024-06-04 00:13:13,220 INFO  - Vehicle is outside the detection area. (at simulation time 407.900,000,000 s)
2024-06-04 00:13:13,220 INFO  - Sent broadcast CAM message to all vehicles (at simulation time 407.900,000,000 s)
2024-06-04 00:13:13,221 INFO  - Received CAM message from veh_138 (at simulation time 407.900,900,000 s)
2024-06-04 00:13:13,222 INFO  - Received CAM message from veh_153 (at simulation time 407.902,400,000 s)
2024-06-04 00:13:13,224 INFO  - Atempting to process queue (at simulation time 408.000,000,000 s)
2024-06-04 00:13:13,224 INFO  - Vehicle is outside the detection area. (at simulation time 408.000,000,000 s)
2024-06-04 00:13:13,224 INFO  - Sent broadcast CAM message to all vehicles (at simulation time 408.000,000,000 s)
2024-06-04 00:13:13,226 INFO  - Received CAM message from veh_153 (at simulation time 408.001,900,000 s)
2024-06-04 00:13:13,226 INFO  - Atempting to process queue (at simulation time 408.100,000,000 s)
2024-06-04 00:13:13,226 INFO  - Vehicle is outside the detection area. (at simulation time 408.100,000,000 s)
2024-06-04 00:13:13,226 INFO  - Sent broadcast CAM message to all vehicles (at simulation time 408.100,000,000 s)
2024-06-04 00:13:13,227 INFO  - Received CAM message from veh_153 (at simulation time 408.100,400,000 s)
2024-06-04 00:13:13,227 INFO  - Atempting to process queue (at simulation time 408.200,000,000 s)
2024-06-04 00:13:13,227 INFO  - Vehicle is outside the detection area. (at simulation time 408.200,000,000 s)
2024-06-04 00:13:13,227 INFO  - Sent broadcast CAM message to all vehicles (at simulation time 408.200,000,000 s)
2024-06-04 00:13:13,229 INFO  - Received CAM message from veh_153 (at simulation time 408.200,900,000 s)
2024-06-04 00:13:13,229 INFO  - Atempting to process queue (at simulation time 408.300,000,000 s)
2024-06-04 00:13:13,229 INFO  - Vehicle is outside the detection area. (at simulation time 408.300,000,000 s)
2024-06-04 00:13:13,229 INFO  - Sent broadcast CAM message to all vehicles (at simulation time 408.300,000,000 s)
2024-06-04 00:13:13,231 INFO  - Received CAM message from veh_153 (at simulation time 408.302,400,000 s)
2024-06-04 00:13:13,231 INFO  - Atempting to process queue (at simulation time 408.400,000,000 s)
2024-06-04 00:13:13,231 INFO  - Vehicle is outside the detection area. (at simulation time 408.400,000,000 s)
2024-06-04 00:13:13,231 INFO  - Sent broadcast CAM message to all vehicles (at simulation time 408.400,000,000 s)
2024-06-04 00:13:13,233 INFO  - Received CAM message from veh_153 (at simulation time 408.401,900,000 s)
2024-06-04 00:13:13,233 INFO  - Atempting to process queue (at simulation time 408.500,000,000 s)
2024-06-04 00:13:13,233 INFO  - Vehicle is outside the detection area. (at simulation time 408.500,000,000 s)
2024-06-04 00:13:13,233 INFO  - Sent broadcast CAM message to all vehicles (at simulation time 408.500,000,000 s)
2024-06-04 00:13:13,235 INFO  - Received CAM message from veh_153 (at simulation time 408.501,900,000 s)
2024-06-04 00:13:13,235 INFO  - Atempting to process queue (at simulation time 408.600,000,000 s)
2024-06-04 00:13:13,235 INFO  - Vehicle is outside the detection area. (at simulation time 408.600,000,000 s)
2024-06-04 00:13:13,235 INFO  - Sent broadcast CAM message to all vehicles (at simulation time 408.600,000,000 s)
2024-06-04 00:13:13,236 INFO  - Received CAM message from veh_153 (at simulation time 408.601,400,000 s)
2024-06-04 00:13:13,237 INFO  - Atempting to process queue (at simulation time 408.700,000,000 s)
2024-06-04 00:13:13,237 INFO  - Vehicle is outside the detection area. (at simulation time 408.700,000,000 s)
2024-06-04 00:13:13,237 INFO  - Sent broadcast CAM message to all vehicles (at simulation time 408.700,000,000 s)
2024-06-04 00:13:13,237 INFO  - Received CAM message from veh_153 (at simulation time 408.700,400,000 s)
2024-06-04 00:13:13,238 INFO  - Atempting to process queue (at simulation time 408.800,000,000 s)
2024-06-04 00:13:13,238 INFO  - Vehicle is outside the detection area. (at simulation time 408.800,000,000 s)
2024-06-04 00:13:13,238 INFO  - Sent broadcast CAM message to all vehicles (at simulation time 408.800,000,000 s)
2024-06-04 00:13:13,239 INFO  - Received CAM message from veh_153 (at simulation time 408.801,400,000 s)
2024-06-04 00:13:13,240 INFO  - Atempting to process queue (at simulation time 408.900,000,000 s)
2024-06-04 00:13:13,240 INFO  - Vehicle is outside the detection area. (at simulation time 408.900,000,000 s)
2024-06-04 00:13:13,240 INFO  - Sent broadcast CAM message to all vehicles (at simulation time 408.900,000,000 s)
2024-06-04 00:13:13,241 INFO  - Received CAM message from veh_153 (at simulation time 408.901,400,000 s)
2024-06-04 00:13:13,248 INFO  - Atempting to process queue (at simulation time 409.000,000,000 s)
2024-06-04 00:13:13,248 INFO  - Vehicle is outside the detection area. (at simulation time 409.000,000,000 s)
2024-06-04 00:13:13,248 INFO  - Sent broadcast CAM message to all vehicles (at simulation time 409.000,000,000 s)
2024-06-04 00:13:13,251 INFO  - Received CAM message from veh_153 (at simulation time 409.000,900,000 s)
2024-06-04 00:13:13,252 INFO  - Atempting to process queue (at simulation time 409.100,000,000 s)
2024-06-04 00:13:13,252 INFO  - Vehicle is outside the detection area. (at simulation time 409.100,000,000 s)
2024-06-04 00:13:13,252 INFO  - Sent broadcast CAM message to all vehicles (at simulation time 409.100,000,000 s)
2024-06-04 00:13:13,254 INFO  - Received CAM message from veh_153 (at simulation time 409.102,400,000 s)
2024-06-04 00:13:13,254 INFO  - Atempting to process queue (at simulation time 409.200,000,000 s)
2024-06-04 00:13:13,254 INFO  - Vehicle is outside the detection area. (at simulation time 409.200,000,000 s)
2024-06-04 00:13:13,254 INFO  - Sent broadcast CAM message to all vehicles (at simulation time 409.200,000,000 s)
2024-06-04 00:13:13,256 INFO  - Received CAM message from veh_153 (at simulation time 409.201,400,000 s)
2024-06-04 00:13:13,256 INFO  - Atempting to process queue (at simulation time 409.300,000,000 s)
2024-06-04 00:13:13,256 INFO  - Vehicle is outside the detection area. (at simulation time 409.300,000,000 s)
2024-06-04 00:13:13,256 INFO  - Sent broadcast CAM message to all vehicles (at simulation time 409.300,000,000 s)
2024-06-04 00:13:13,258 INFO  - Received CAM message from veh_153 (at simulation time 409.302,400,000 s)
2024-06-04 00:13:13,258 INFO  - Atempting to process queue (at simulation time 409.400,000,000 s)
2024-06-04 00:13:13,258 INFO  - Vehicle is outside the detection area. (at simulation time 409.400,000,000 s)
2024-06-04 00:13:13,258 INFO  - Sent broadcast CAM message to all vehicles (at simulation time 409.400,000,000 s)
2024-06-04 00:13:13,259 INFO  - Received CAM message from veh_153 (at simulation time 409.400,400,000 s)
2024-06-04 00:13:13,260 INFO  - Atempting to process queue (at simulation time 409.500,000,000 s)
2024-06-04 00:13:13,260 INFO  - Vehicle is outside the detection area. (at simulation time 409.500,000,000 s)
2024-06-04 00:13:13,260 INFO  - Sent broadcast CAM message to all vehicles (at simulation time 409.500,000,000 s)
2024-06-04 00:13:13,260 INFO  - Received CAM message from veh_153 (at simulation time 409.500,900,000 s)
2024-06-04 00:13:13,261 INFO  - Atempting to process queue (at simulation time 409.600,000,000 s)
2024-06-04 00:13:13,261 INFO  - Vehicle is outside the detection area. (at simulation time 409.600,000,000 s)
2024-06-04 00:13:13,261 INFO  - Sent broadcast CAM message to all vehicles (at simulation time 409.600,000,000 s)
2024-06-04 00:13:13,262 INFO  - Received CAM message from veh_153 (at simulation time 409.600,900,000 s)
2024-06-04 00:13:13,263 INFO  - Atempting to process queue (at simulation time 409.700,000,000 s)
2024-06-04 00:13:13,263 INFO  - Vehicle is outside the detection area. (at simulation time 409.700,000,000 s)
2024-06-04 00:13:13,263 INFO  - Sent broadcast CAM message to all vehicles (at simulation time 409.700,000,000 s)
2024-06-04 00:13:13,265 INFO  - Received CAM message from veh_153 (at simulation time 409.702,400,000 s)
2024-06-04 00:13:13,265 INFO  - Atempting to process queue (at simulation time 409.800,000,000 s)
2024-06-04 00:13:13,265 INFO  - Vehicle is outside the detection area. (at simulation time 409.800,000,000 s)
2024-06-04 00:13:13,265 INFO  - Sent broadcast CAM message to all vehicles (at simulation time 409.800,000,000 s)
2024-06-04 00:13:13,266 INFO  - Received CAM message from veh_153 (at simulation time 409.801,400,000 s)
2024-06-04 00:13:13,267 INFO  - Atempting to process queue (at simulation time 409.900,000,000 s)
2024-06-04 00:13:13,267 INFO  - Vehicle is outside the detection area. (at simulation time 409.900,000,000 s)
2024-06-04 00:13:13,267 INFO  - Sent broadcast CAM message to all vehicles (at simulation time 409.900,000,000 s)
2024-06-04 00:13:13,268 INFO  - Received CAM message from veh_153 (at simulation time 409.901,400,000 s)
2024-06-04 00:13:13,274 INFO  - Atempting to process queue (at simulation time 410.000,000,000 s)
2024-06-04 00:13:13,274 INFO  - Vehicle is outside the detection area. (at simulation time 410.000,000,000 s)
2024-06-04 00:13:13,274 INFO  - Sent broadcast CAM message to all vehicles (at simulation time 410.000,000,000 s)
2024-06-04 00:13:13,276 INFO  - Atempting to process queue (at simulation time 410.100,000,000 s)
2024-06-04 00:13:13,276 INFO  - Vehicle is outside the detection area. (at simulation time 410.100,000,000 s)
2024-06-04 00:13:13,276 INFO  - Sent broadcast CAM message to all vehicles (at simulation time 410.100,000,000 s)
2024-06-04 00:13:13,277 INFO  - Atempting to process queue (at simulation time 410.200,000,000 s)
2024-06-04 00:13:13,277 INFO  - Vehicle is outside the detection area. (at simulation time 410.200,000,000 s)
2024-06-04 00:13:13,278 INFO  - Sent broadcast CAM message to all vehicles (at simulation time 410.200,000,000 s)
2024-06-04 00:13:13,280 INFO  - Atempting to process queue (at simulation time 410.300,000,000 s)
2024-06-04 00:13:13,280 INFO  - Vehicle is outside the detection area. (at simulation time 410.300,000,000 s)
2024-06-04 00:13:13,280 INFO  - Sent broadcast CAM message to all vehicles (at simulation time 410.300,000,000 s)
2024-06-04 00:13:13,281 INFO  - Atempting to process queue (at simulation time 410.400,000,000 s)
2024-06-04 00:13:13,281 INFO  - Vehicle is outside the detection area. (at simulation time 410.400,000,000 s)
2024-06-04 00:13:13,281 INFO  - Sent broadcast CAM message to all vehicles (at simulation time 410.400,000,000 s)
2024-06-04 00:13:13,283 INFO  - Atempting to process queue (at simulation time 410.500,000,000 s)
2024-06-04 00:13:13,283 INFO  - Vehicle is outside the detection area. (at simulation time 410.500,000,000 s)
2024-06-04 00:13:13,283 INFO  - Sent broadcast CAM message to all vehicles (at simulation time 410.500,000,000 s)
2024-06-04 00:13:13,284 INFO  - Atempting to process queue (at simulation time 410.600,000,000 s)
2024-06-04 00:13:13,284 INFO  - Vehicle is outside the detection area. (at simulation time 410.600,000,000 s)
2024-06-04 00:13:13,284 INFO  - Sent broadcast CAM message to all vehicles (at simulation time 410.600,000,000 s)
2024-06-04 00:13:13,286 INFO  - Atempting to process queue (at simulation time 410.700,000,000 s)
2024-06-04 00:13:13,286 INFO  - Vehicle is outside the detection area. (at simulation time 410.700,000,000 s)
2024-06-04 00:13:13,286 INFO  - Sent broadcast CAM message to all vehicles (at simulation time 410.700,000,000 s)
2024-06-04 00:13:13,288 INFO  - Atempting to process queue (at simulation time 410.800,000,000 s)
2024-06-04 00:13:13,288 INFO  - Vehicle is outside the detection area. (at simulation time 410.800,000,000 s)
2024-06-04 00:13:13,288 INFO  - Sent broadcast CAM message to all vehicles (at simulation time 410.800,000,000 s)
2024-06-04 00:13:13,291 INFO  - Atempting to process queue (at simulation time 410.900,000,000 s)
2024-06-04 00:13:13,291 INFO  - Vehicle is outside the detection area. (at simulation time 410.900,000,000 s)
2024-06-04 00:13:13,291 INFO  - Sent broadcast CAM message to all vehicles (at simulation time 410.900,000,000 s)
2024-06-04 00:13:13,296 INFO  - Atempting to process queue (at simulation time 411.000,000,000 s)
2024-06-04 00:13:13,296 INFO  - Vehicle is outside the detection area. (at simulation time 411.000,000,000 s)
2024-06-04 00:13:13,296 INFO  - Sent broadcast CAM message to all vehicles (at simulation time 411.000,000,000 s)
2024-06-04 00:13:13,298 INFO  - Atempting to process queue (at simulation time 411.100,000,000 s)
2024-06-04 00:13:13,298 INFO  - Vehicle is outside the detection area. (at simulation time 411.100,000,000 s)
2024-06-04 00:13:13,298 INFO  - Sent broadcast CAM message to all vehicles (at simulation time 411.100,000,000 s)
2024-06-04 00:13:13,300 INFO  - Atempting to process queue (at simulation time 411.200,000,000 s)
2024-06-04 00:13:13,300 INFO  - Vehicle is outside the detection area. (at simulation time 411.200,000,000 s)
2024-06-04 00:13:13,300 INFO  - Sent broadcast CAM message to all vehicles (at simulation time 411.200,000,000 s)
2024-06-04 00:13:13,301 INFO  - Atempting to process queue (at simulation time 411.300,000,000 s)
2024-06-04 00:13:13,301 INFO  - Vehicle is outside the detection area. (at simulation time 411.300,000,000 s)
2024-06-04 00:13:13,301 INFO  - Sent broadcast CAM message to all vehicles (at simulation time 411.300,000,000 s)
2024-06-04 00:13:13,302 INFO  - Atempting to process queue (at simulation time 411.400,000,000 s)
2024-06-04 00:13:13,302 INFO  - Vehicle is outside the detection area. (at simulation time 411.400,000,000 s)
2024-06-04 00:13:13,302 INFO  - Sent broadcast CAM message to all vehicles (at simulation time 411.400,000,000 s)
2024-06-04 00:13:13,304 INFO  - Atempting to process queue (at simulation time 411.500,000,000 s)
2024-06-04 00:13:13,304 INFO  - Vehicle is outside the detection area. (at simulation time 411.500,000,000 s)
2024-06-04 00:13:13,304 INFO  - Sent broadcast CAM message to all vehicles (at simulation time 411.500,000,000 s)
2024-06-04 00:13:13,305 INFO  - Atempting to process queue (at simulation time 411.600,000,000 s)
2024-06-04 00:13:13,305 INFO  - Vehicle is outside the detection area. (at simulation time 411.600,000,000 s)
2024-06-04 00:13:13,305 INFO  - Sent broadcast CAM message to all vehicles (at simulation time 411.600,000,000 s)
2024-06-04 00:13:13,307 INFO  - Atempting to process queue (at simulation time 411.700,000,000 s)
2024-06-04 00:13:13,307 INFO  - Vehicle is outside the detection area. (at simulation time 411.700,000,000 s)
2024-06-04 00:13:13,307 INFO  - Sent broadcast CAM message to all vehicles (at simulation time 411.700,000,000 s)
2024-06-04 00:13:13,310 INFO  - Atempting to process queue (at simulation time 411.800,000,000 s)
2024-06-04 00:13:13,310 INFO  - Vehicle is outside the detection area. (at simulation time 411.800,000,000 s)
2024-06-04 00:13:13,310 INFO  - Sent broadcast CAM message to all vehicles (at simulation time 411.800,000,000 s)
2024-06-04 00:13:13,312 INFO  - Atempting to process queue (at simulation time 411.900,000,000 s)
2024-06-04 00:13:13,312 INFO  - Vehicle is outside the detection area. (at simulation time 411.900,000,000 s)
2024-06-04 00:13:13,312 INFO  - Sent broadcast CAM message to all vehicles (at simulation time 411.900,000,000 s)
2024-06-04 00:13:13,316 INFO  - Shutdown application (at simulation time 412.000,000,000 s)
