2024-06-04 00:13:03,491 INFO  - Initialize application (at simulation time 49.000,000,000 s)
2024-06-04 00:13:03,492 INFO  - Activated WLAN Module (at simulation time 49.000,000,000 s)
2024-06-04 00:13:03,492 INFO  - Vehicle is outside the detection area. (at simulation time 49.000,000,000 s)
2024-06-04 00:13:03,492 INFO  - Sent broadcast CAM message to all vehicles (at simulation time 49.000,000,000 s)
2024-06-04 00:13:03,495 INFO  - Vehicle is outside the detection area. (at simulation time 49.100,000,000 s)
2024-06-04 00:13:03,495 INFO  - Sent broadcast CAM message to all vehicles (at simulation time 49.100,000,000 s)
2024-06-04 00:13:03,496 INFO  - Vehicle is outside the detection area. (at simulation time 49.200,000,000 s)
2024-06-04 00:13:03,496 INFO  - Sent broadcast CAM message to all vehicles (at simulation time 49.200,000,000 s)
2024-06-04 00:13:03,497 INFO  - Vehicle is outside the detection area. (at simulation time 49.300,000,000 s)
2024-06-04 00:13:03,497 INFO  - Sent broadcast CAM message to all vehicles (at simulation time 49.300,000,000 s)
2024-06-04 00:13:03,498 INFO  - Vehicle is outside the detection area. (at simulation time 49.400,000,000 s)
2024-06-04 00:13:03,498 INFO  - Sent broadcast CAM message to all vehicles (at simulation time 49.400,000,000 s)
2024-06-04 00:13:03,500 INFO  - Vehicle is outside the detection area. (at simulation time 49.500,000,000 s)
2024-06-04 00:13:03,500 INFO  - Sent broadcast CAM message to all vehicles (at simulation time 49.500,000,000 s)
2024-06-04 00:13:03,501 INFO  - Vehicle is outside the detection area. (at simulation time 49.600,000,000 s)
2024-06-04 00:13:03,501 INFO  - Sent broadcast CAM message to all vehicles (at simulation time 49.600,000,000 s)
2024-06-04 00:13:03,502 INFO  - Vehicle is outside the detection area. (at simulation time 49.700,000,000 s)
2024-06-04 00:13:03,502 INFO  - Sent broadcast CAM message to all vehicles (at simulation time 49.700,000,000 s)
2024-06-04 00:13:03,504 INFO  - Vehicle is outside the detection area. (at simulation time 49.800,000,000 s)
2024-06-04 00:13:03,504 INFO  - Sent broadcast CAM message to all vehicles (at simulation time 49.800,000,000 s)
2024-06-04 00:13:03,506 INFO  - Vehicle is outside the detection area. (at simulation time 49.900,000,000 s)
2024-06-04 00:13:03,506 INFO  - Sent broadcast CAM message to all vehicles (at simulation time 49.900,000,000 s)
2024-06-04 00:13:03,520 INFO  - Vehicle is outside the detection area. (at simulation time 50.000,000,000 s)
2024-06-04 00:13:03,520 INFO  - Sent broadcast CAM message to all vehicles (at simulation time 50.000,000,000 s)
2024-06-04 00:13:03,523 INFO  - Vehicle is outside the detection area. (at simulation time 50.100,000,000 s)
2024-06-04 00:13:03,523 INFO  - Sent broadcast CAM message to all vehicles (at simulation time 50.100,000,000 s)
2024-06-04 00:13:03,524 INFO  - Received CAM message from veh_33 (at simulation time 50.102,400,000 s)
2024-06-04 00:13:03,524 INFO  - Atempting to process queue (at simulation time 50.200,000,000 s)
2024-06-04 00:13:03,524 INFO  - Vehicle is outside the detection area. (at simulation time 50.200,000,000 s)
2024-06-04 00:13:03,524 INFO  - Sent broadcast CAM message to all vehicles (at simulation time 50.200,000,000 s)
2024-06-04 00:13:03,525 INFO  - Received CAM message from veh_33 (at simulation time 50.201,400,000 s)
2024-06-04 00:13:03,525 INFO  - Atempting to process queue (at simulation time 50.300,000,000 s)
2024-06-04 00:13:03,525 INFO  - Vehicle is outside the detection area. (at simulation time 50.300,000,000 s)
2024-06-04 00:13:03,525 INFO  - Sent broadcast CAM message to all vehicles (at simulation time 50.300,000,000 s)
2024-06-04 00:13:03,526 INFO  - Received CAM message from veh_33 (at simulation time 50.300,400,000 s)
2024-06-04 00:13:03,527 INFO  - Atempting to process queue (at simulation time 50.400,000,000 s)
2024-06-04 00:13:03,527 INFO  - Vehicle is outside the detection area. (at simulation time 50.400,000,000 s)
2024-06-04 00:13:03,527 INFO  - Sent broadcast CAM message to all vehicles (at simulation time 50.400,000,000 s)
2024-06-04 00:13:03,527 INFO  - Received CAM message from veh_33 (at simulation time 50.400,900,000 s)
2024-06-04 00:13:03,528 INFO  - Atempting to process queue (at simulation time 50.500,000,000 s)
2024-06-04 00:13:03,528 INFO  - Vehicle is outside the detection area. (at simulation time 50.500,000,000 s)
2024-06-04 00:13:03,528 INFO  - Sent broadcast CAM message to all vehicles (at simulation time 50.500,000,000 s)
2024-06-04 00:13:03,539 INFO  - Received CAM message from veh_33 (at simulation time 50.501,900,000 s)
2024-06-04 00:13:03,558 INFO  - Atempting to process queue (at simulation time 50.600,000,000 s)
2024-06-04 00:13:03,558 INFO  - Vehicle is outside the detection area. (at simulation time 50.600,000,000 s)
2024-06-04 00:13:03,558 INFO  - Sent broadcast CAM message to all vehicles (at simulation time 50.600,000,000 s)
2024-06-04 00:13:03,560 INFO  - Received CAM message from veh_33 (at simulation time 50.601,900,000 s)
2024-06-04 00:13:03,561 INFO  - Atempting to process queue (at simulation time 50.700,000,000 s)
2024-06-04 00:13:03,561 INFO  - Vehicle is outside the detection area. (at simulation time 50.700,000,000 s)
2024-06-04 00:13:03,561 INFO  - Sent broadcast CAM message to all vehicles (at simulation time 50.700,000,000 s)
2024-06-04 00:13:03,562 INFO  - Received CAM message from veh_33 (at simulation time 50.700,400,000 s)
2024-06-04 00:13:03,563 INFO  - Atempting to process queue (at simulation time 50.800,000,000 s)
2024-06-04 00:13:03,563 INFO  - Vehicle is outside the detection area. (at simulation time 50.800,000,000 s)
2024-06-04 00:13:03,563 INFO  - Sent broadcast CAM message to all vehicles (at simulation time 50.800,000,000 s)
2024-06-04 00:13:03,564 INFO  - Received CAM message from veh_33 (at simulation time 50.800,900,000 s)
2024-06-04 00:13:03,564 INFO  - Atempting to process queue (at simulation time 50.900,000,000 s)
2024-06-04 00:13:03,564 INFO  - Vehicle is outside the detection area. (at simulation time 50.900,000,000 s)
2024-06-04 00:13:03,565 INFO  - Sent broadcast CAM message to all vehicles (at simulation time 50.900,000,000 s)
2024-06-04 00:13:03,565 INFO  - Received CAM message from veh_33 (at simulation time 50.900,400,000 s)
2024-06-04 00:13:03,569 INFO  - Atempting to process queue (at simulation time 51.000,000,000 s)
2024-06-04 00:13:03,569 INFO  - Vehicle is inside the detection area. (at simulation time 51.000,000,000 s)
2024-06-04 00:13:03,570 INFO  - Vehicle is too far away from the traffic light. (at simulation time 51.000,000,000 s)
2024-06-04 00:13:03,570 INFO  - Neither the RSU nor any vehicle is in range. (at simulation time 51.000,000,000 s)
2024-06-04 00:13:03,570 INFO  - Sent broadcast CAM message to all vehicles (at simulation time 51.000,000,000 s)
2024-06-04 00:13:03,573 INFO  - Received CAM message from veh_33 (at simulation time 51.002,400,000 s)
2024-06-04 00:13:03,573 INFO  - Atempting to process queue (at simulation time 51.100,000,000 s)
2024-06-04 00:13:03,573 INFO  - Vehicle is inside the detection area. (at simulation time 51.100,000,000 s)
2024-06-04 00:13:03,573 INFO  - Vehicle is too far away from the traffic light. (at simulation time 51.100,000,000 s)
2024-06-04 00:13:03,573 INFO  - Neither the RSU nor any vehicle is in range. (at simulation time 51.100,000,000 s)
2024-06-04 00:13:03,573 INFO  - Sent broadcast CAM message to all vehicles (at simulation time 51.100,000,000 s)
2024-06-04 00:13:03,575 INFO  - Received CAM message from veh_33 (at simulation time 51.100,400,000 s)
2024-06-04 00:13:03,576 INFO  - Atempting to process queue (at simulation time 51.200,000,000 s)
2024-06-04 00:13:03,576 INFO  - Vehicle is inside the detection area. (at simulation time 51.200,000,000 s)
2024-06-04 00:13:03,576 INFO  - Vehicle is too far away from the traffic light. (at simulation time 51.200,000,000 s)
2024-06-04 00:13:03,576 INFO  - Neither the RSU nor any vehicle is in range. (at simulation time 51.200,000,000 s)
2024-06-04 00:13:03,576 INFO  - Sent broadcast CAM message to all vehicles (at simulation time 51.200,000,000 s)
2024-06-04 00:13:03,579 INFO  - Received CAM message from veh_33 (at simulation time 51.201,900,000 s)
2024-06-04 00:13:03,579 INFO  - Atempting to process queue (at simulation time 51.300,000,000 s)
2024-06-04 00:13:03,579 INFO  - Vehicle is inside the detection area. (at simulation time 51.300,000,000 s)
2024-06-04 00:13:03,579 INFO  - Vehicle is too far away from the traffic light. (at simulation time 51.300,000,000 s)
2024-06-04 00:13:03,579 INFO  - Neither the RSU nor any vehicle is in range. (at simulation time 51.300,000,000 s)
2024-06-04 00:13:03,579 INFO  - Sent broadcast CAM message to all vehicles (at simulation time 51.300,000,000 s)
2024-06-04 00:13:03,580 INFO  - Received CAM message from veh_33 (at simulation time 51.300,900,000 s)
2024-06-04 00:13:03,582 INFO  - Atempting to process queue (at simulation time 51.400,000,000 s)
2024-06-04 00:13:03,582 INFO  - Vehicle is inside the detection area. (at simulation time 51.400,000,000 s)
2024-06-04 00:13:03,582 INFO  - Vehicle is too far away from the traffic light. (at simulation time 51.400,000,000 s)
2024-06-04 00:13:03,582 INFO  - Neither the RSU nor any vehicle is in range. (at simulation time 51.400,000,000 s)
2024-06-04 00:13:03,582 INFO  - Sent broadcast CAM message to all vehicles (at simulation time 51.400,000,000 s)
2024-06-04 00:13:03,583 INFO  - Received CAM message from veh_33 (at simulation time 51.401,900,000 s)
2024-06-04 00:13:03,584 INFO  - Atempting to process queue (at simulation time 51.500,000,000 s)
2024-06-04 00:13:03,584 INFO  - Vehicle is inside the detection area. (at simulation time 51.500,000,000 s)
2024-06-04 00:13:03,584 INFO  - Vehicle is too far away from the traffic light. (at simulation time 51.500,000,000 s)
2024-06-04 00:13:03,584 INFO  - Neither the RSU nor any vehicle is in range. (at simulation time 51.500,000,000 s)
2024-06-04 00:13:03,584 INFO  - Sent broadcast CAM message to all vehicles (at simulation time 51.500,000,000 s)
2024-06-04 00:13:03,585 INFO  - Received CAM message from veh_33 (at simulation time 51.501,900,000 s)
2024-06-04 00:13:03,585 INFO  - Atempting to process queue (at simulation time 51.600,000,000 s)
2024-06-04 00:13:03,586 INFO  - Vehicle is inside the detection area. (at simulation time 51.600,000,000 s)
2024-06-04 00:13:03,586 INFO  - Vehicle is too far away from the traffic light. (at simulation time 51.600,000,000 s)
2024-06-04 00:13:03,586 INFO  - Neither the RSU nor any vehicle is in range. (at simulation time 51.600,000,000 s)
2024-06-04 00:13:03,586 INFO  - Sent broadcast CAM message to all vehicles (at simulation time 51.600,000,000 s)
2024-06-04 00:13:03,586 INFO  - Received CAM message from veh_33 (at simulation time 51.601,400,000 s)
2024-06-04 00:13:03,587 INFO  - Atempting to process queue (at simulation time 51.700,000,000 s)
2024-06-04 00:13:03,587 INFO  - Vehicle is inside the detection area. (at simulation time 51.700,000,000 s)
2024-06-04 00:13:03,587 INFO  - Vehicle is too far away from the traffic light. (at simulation time 51.700,000,000 s)
2024-06-04 00:13:03,587 INFO  - Neither the RSU nor any vehicle is in range. (at simulation time 51.700,000,000 s)
2024-06-04 00:13:03,587 INFO  - Sent broadcast CAM message to all vehicles (at simulation time 51.700,000,000 s)
2024-06-04 00:13:03,588 INFO  - Received CAM message from veh_33 (at simulation time 51.701,400,000 s)
2024-06-04 00:13:03,588 INFO  - Atempting to process queue (at simulation time 51.800,000,000 s)
2024-06-04 00:13:03,588 INFO  - Vehicle is inside the detection area. (at simulation time 51.800,000,000 s)
2024-06-04 00:13:03,588 INFO  - Vehicle is too far away from the traffic light. (at simulation time 51.800,000,000 s)
2024-06-04 00:13:03,588 INFO  - Neither the RSU nor any vehicle is in range. (at simulation time 51.800,000,000 s)
2024-06-04 00:13:03,588 INFO  - Sent broadcast CAM message to all vehicles (at simulation time 51.800,000,000 s)
2024-06-04 00:13:03,589 INFO  - Received CAM message from veh_33 (at simulation time 51.801,900,000 s)
2024-06-04 00:13:03,589 INFO  - Atempting to process queue (at simulation time 51.900,000,000 s)
2024-06-04 00:13:03,589 INFO  - Vehicle is inside the detection area. (at simulation time 51.900,000,000 s)
2024-06-04 00:13:03,589 INFO  - Vehicle is too far away from the traffic light. (at simulation time 51.900,000,000 s)
2024-06-04 00:13:03,589 INFO  - Neither the RSU nor any vehicle is in range. (at simulation time 51.900,000,000 s)
2024-06-04 00:13:03,589 INFO  - Sent broadcast CAM message to all vehicles (at simulation time 51.900,000,000 s)
2024-06-04 00:13:03,590 INFO  - Received CAM message from veh_33 (at simulation time 51.901,400,000 s)
2024-06-04 00:13:03,592 INFO  - Atempting to process queue (at simulation time 52.000,000,000 s)
2024-06-04 00:13:03,592 INFO  - Vehicle is inside the detection area. (at simulation time 52.000,000,000 s)
2024-06-04 00:13:03,592 INFO  - Vehicle is too far away from the traffic light. (at simulation time 52.000,000,000 s)
2024-06-04 00:13:03,592 INFO  - Neither the RSU nor any vehicle is in range. (at simulation time 52.000,000,000 s)
2024-06-04 00:13:03,592 INFO  - Sent broadcast CAM message to all vehicles (at simulation time 52.000,000,000 s)
2024-06-04 00:13:03,593 INFO  - Received CAM message from veh_33 (at simulation time 52.001,400,000 s)
2024-06-04 00:13:03,594 INFO  - Atempting to process queue (at simulation time 52.100,000,000 s)
2024-06-04 00:13:03,594 INFO  - Vehicle is inside the detection area. (at simulation time 52.100,000,000 s)
2024-06-04 00:13:03,594 INFO  - Vehicle is too far away from the traffic light. (at simulation time 52.100,000,000 s)
2024-06-04 00:13:03,594 INFO  - Neither the RSU nor any vehicle is in range. (at simulation time 52.100,000,000 s)
2024-06-04 00:13:03,594 INFO  - Sent broadcast CAM message to all vehicles (at simulation time 52.100,000,000 s)
2024-06-04 00:13:03,594 INFO  - Received CAM message from veh_33 (at simulation time 52.100,400,000 s)
2024-06-04 00:13:03,594 INFO  - Atempting to process queue (at simulation time 52.200,000,000 s)
2024-06-04 00:13:03,594 INFO  - Vehicle is inside the detection area. (at simulation time 52.200,000,000 s)
2024-06-04 00:13:03,594 INFO  - Vehicle is too far away from the traffic light. (at simulation time 52.200,000,000 s)
2024-06-04 00:13:03,594 INFO  - Neither the RSU nor any vehicle is in range. (at simulation time 52.200,000,000 s)
2024-06-04 00:13:03,594 INFO  - Sent broadcast CAM message to all vehicles (at simulation time 52.200,000,000 s)
2024-06-04 00:13:03,595 INFO  - Received CAM message from veh_33 (at simulation time 52.201,400,000 s)
2024-06-04 00:13:03,595 INFO  - Atempting to process queue (at simulation time 52.300,000,000 s)
2024-06-04 00:13:03,595 INFO  - Vehicle is inside the detection area. (at simulation time 52.300,000,000 s)
2024-06-04 00:13:03,595 INFO  - Vehicle is too far away from the traffic light. (at simulation time 52.300,000,000 s)
2024-06-04 00:13:03,595 INFO  - Neither the RSU nor any vehicle is in range. (at simulation time 52.300,000,000 s)
2024-06-04 00:13:03,595 INFO  - Sent broadcast CAM message to all vehicles (at simulation time 52.300,000,000 s)
2024-06-04 00:13:03,596 INFO  - Received CAM message from veh_33 (at simulation time 52.300,900,000 s)
2024-06-04 00:13:03,596 INFO  - Atempting to process queue (at simulation time 52.400,000,000 s)
2024-06-04 00:13:03,596 INFO  - Vehicle is inside the detection area. (at simulation time 52.400,000,000 s)
2024-06-04 00:13:03,596 INFO  - Vehicle is too far away from the traffic light. (at simulation time 52.400,000,000 s)
2024-06-04 00:13:03,596 INFO  - Neither the RSU nor any vehicle is in range. (at simulation time 52.400,000,000 s)
2024-06-04 00:13:03,596 INFO  - Sent broadcast CAM message to all vehicles (at simulation time 52.400,000,000 s)
2024-06-04 00:13:03,597 INFO  - Received CAM message from veh_33 (at simulation time 52.400,400,000 s)
2024-06-04 00:13:03,597 INFO  - Atempting to process queue (at simulation time 52.500,000,000 s)
2024-06-04 00:13:03,597 INFO  - Vehicle is inside the detection area. (at simulation time 52.500,000,000 s)
2024-06-04 00:13:03,597 INFO  - Vehicle is too far away from the traffic light. (at simulation time 52.500,000,000 s)
2024-06-04 00:13:03,597 INFO  - Neither the RSU nor any vehicle is in range. (at simulation time 52.500,000,000 s)
2024-06-04 00:13:03,597 INFO  - Sent broadcast CAM message to all vehicles (at simulation time 52.500,000,000 s)
2024-06-04 00:13:03,598 INFO  - Received CAM message from veh_33 (at simulation time 52.500,400,000 s)
2024-06-04 00:13:03,598 INFO  - Atempting to process queue (at simulation time 52.600,000,000 s)
2024-06-04 00:13:03,598 INFO  - Vehicle is inside the detection area. (at simulation time 52.600,000,000 s)
2024-06-04 00:13:03,598 INFO  - Vehicle is too far away from the traffic light. (at simulation time 52.600,000,000 s)
2024-06-04 00:13:03,598 INFO  - Neither the RSU nor any vehicle is in range. (at simulation time 52.600,000,000 s)
2024-06-04 00:13:03,598 INFO  - Sent broadcast CAM message to all vehicles (at simulation time 52.600,000,000 s)
2024-06-04 00:13:03,599 INFO  - Received CAM message from veh_33 (at simulation time 52.600,900,000 s)
2024-06-04 00:13:03,599 INFO  - Atempting to process queue (at simulation time 52.700,000,000 s)
2024-06-04 00:13:03,599 INFO  - Vehicle is inside the detection area. (at simulation time 52.700,000,000 s)
2024-06-04 00:13:03,599 INFO  - Vehicle is too far away from the traffic light. (at simulation time 52.700,000,000 s)
2024-06-04 00:13:03,599 INFO  - Neither the RSU nor any vehicle is in range. (at simulation time 52.700,000,000 s)
2024-06-04 00:13:03,599 INFO  - Sent broadcast CAM message to all vehicles (at simulation time 52.700,000,000 s)
2024-06-04 00:13:03,600 INFO  - Received CAM message from veh_33 (at simulation time 52.700,400,000 s)
2024-06-04 00:13:03,600 INFO  - Atempting to process queue (at simulation time 52.800,000,000 s)
2024-06-04 00:13:03,600 INFO  - Vehicle is inside the detection area. (at simulation time 52.800,000,000 s)
2024-06-04 00:13:03,600 INFO  - Vehicle is too far away from the traffic light. (at simulation time 52.800,000,000 s)
2024-06-04 00:13:03,600 INFO  - Neither the RSU nor any vehicle is in range. (at simulation time 52.800,000,000 s)
2024-06-04 00:13:03,600 INFO  - Sent broadcast CAM message to all vehicles (at simulation time 52.800,000,000 s)
2024-06-04 00:13:03,601 INFO  - Received CAM message from veh_33 (at simulation time 52.802,400,000 s)
2024-06-04 00:13:03,601 INFO  - Atempting to process queue (at simulation time 52.900,000,000 s)
2024-06-04 00:13:03,601 INFO  - Vehicle is inside the detection area. (at simulation time 52.900,000,000 s)
2024-06-04 00:13:03,601 INFO  - Vehicle is too far away from the traffic light. (at simulation time 52.900,000,000 s)
2024-06-04 00:13:03,601 INFO  - Neither the RSU nor any vehicle is in range. (at simulation time 52.900,000,000 s)
2024-06-04 00:13:03,601 INFO  - Sent broadcast CAM message to all vehicles (at simulation time 52.900,000,000 s)
2024-06-04 00:13:03,602 INFO  - Received CAM message from veh_33 (at simulation time 52.900,400,000 s)
2024-06-04 00:13:03,604 INFO  - Atempting to process queue (at simulation time 53.000,000,000 s)
2024-06-04 00:13:03,604 INFO  - Vehicle is inside the detection area. (at simulation time 53.000,000,000 s)
2024-06-04 00:13:03,604 INFO  - Sent Detection message to rsu_0 (at simulation time 53.000,000,000 s)
2024-06-04 00:13:03,604 INFO  - Sent broadcast CAM message to all vehicles (at simulation time 53.000,000,000 s)
2024-06-04 00:13:03,607 INFO  - Received CAM message from veh_33 (at simulation time 53.000,400,000 s)
2024-06-04 00:13:03,608 INFO  - Received CAM message from veh_18 (at simulation time 53.001,400,000 s)
2024-06-04 00:13:03,608 INFO  - Received CAM message from veh_6 (at simulation time 53.001,400,000 s)
2024-06-04 00:13:03,608 INFO  - Received CAM message from veh_14 (at simulation time 53.001,900,000 s)
2024-06-04 00:13:03,608 INFO  - Received CAM message from veh_10 (at simulation time 53.001,900,000 s)
2024-06-04 00:13:03,609 INFO  - Received Detection message from veh_33 to veh_32 (at simulation time 53.002,400,000 s)
2024-06-04 00:13:03,609 INFO  - Forwarded Detection message to rsu_0 (at simulation time 53.002,400,000 s)
2024-06-04 00:13:03,610 INFO  - Atempting to process queue (at simulation time 53.100,000,000 s)
2024-06-04 00:13:03,610 INFO  - Vehicle is inside the detection area. (at simulation time 53.100,000,000 s)
2024-06-04 00:13:03,610 INFO  - Sent Detection message to rsu_0 (at simulation time 53.100,000,000 s)
2024-06-04 00:13:03,610 INFO  - Sent broadcast CAM message to all vehicles (at simulation time 53.100,000,000 s)
2024-06-04 00:13:03,611 INFO  - Received CAM message from veh_14 (at simulation time 53.100,400,000 s)
2024-06-04 00:13:03,611 INFO  - Received CAM message from veh_33 (at simulation time 53.100,900,000 s)
2024-06-04 00:13:03,611 INFO  - Received CAM message from veh_10 (at simulation time 53.100,900,000 s)
2024-06-04 00:13:03,612 INFO  - Received CAM message from veh_6 (at simulation time 53.101,900,000 s)
2024-06-04 00:13:03,612 INFO  - Received Detection message from veh_33 to veh_32 (at simulation time 53.102,400,000 s)
2024-06-04 00:13:03,612 INFO  - Forwarded Detection message to rsu_0 (at simulation time 53.102,400,000 s)
2024-06-04 00:13:03,612 INFO  - Received CAM message from veh_18 (at simulation time 53.102,400,000 s)
2024-06-04 00:13:03,612 INFO  - Atempting to process queue (at simulation time 53.200,000,000 s)
2024-06-04 00:13:03,612 INFO  - Vehicle is inside the detection area. (at simulation time 53.200,000,000 s)
2024-06-04 00:13:03,612 INFO  - Sent Detection message to rsu_0 (at simulation time 53.200,000,000 s)
2024-06-04 00:13:03,612 INFO  - Sent broadcast CAM message to all vehicles (at simulation time 53.200,000,000 s)
2024-06-04 00:13:03,614 INFO  - Received CAM message from veh_6 (at simulation time 53.200,400,000 s)
2024-06-04 00:13:03,614 INFO  - Received Detection message from veh_33 to veh_32 (at simulation time 53.200,900,000 s)
2024-06-04 00:13:03,614 INFO  - Forwarded Detection message to rsu_0 (at simulation time 53.200,900,000 s)
2024-06-04 00:13:03,614 INFO  - Received CAM message from veh_33 (at simulation time 53.200,900,000 s)
2024-06-04 00:13:03,614 INFO  - Received CAM message from veh_10 (at simulation time 53.200,900,000 s)
2024-06-04 00:13:03,614 INFO  - Received CAM message from veh_18 (at simulation time 53.201,400,000 s)
2024-06-04 00:13:03,614 INFO  - Received CAM message from veh_14 (at simulation time 53.201,900,000 s)
2024-06-04 00:13:03,615 INFO  - Atempting to process queue (at simulation time 53.300,000,000 s)
2024-06-04 00:13:03,615 INFO  - Vehicle is inside the detection area. (at simulation time 53.300,000,000 s)
2024-06-04 00:13:03,615 INFO  - Sent Detection message to rsu_0 (at simulation time 53.300,000,000 s)
2024-06-04 00:13:03,615 INFO  - Sent broadcast CAM message to all vehicles (at simulation time 53.300,000,000 s)
2024-06-04 00:13:03,616 INFO  - Received CAM message from veh_18 (at simulation time 53.300,900,000 s)
2024-06-04 00:13:03,616 INFO  - Received CAM message from veh_14 (at simulation time 53.300,900,000 s)
2024-06-04 00:13:03,616 INFO  - Received CAM message from veh_6 (at simulation time 53.300,900,000 s)
2024-06-04 00:13:03,616 INFO  - Received CAM message from veh_33 (at simulation time 53.301,400,000 s)
2024-06-04 00:13:03,616 INFO  - Received CAM message from veh_10 (at simulation time 53.301,400,000 s)
2024-06-04 00:13:03,616 INFO  - Received Detection message from veh_33 to veh_32 (at simulation time 53.302,400,000 s)
2024-06-04 00:13:03,617 INFO  - Forwarded Detection message to rsu_0 (at simulation time 53.302,400,000 s)
2024-06-04 00:13:03,617 INFO  - Atempting to process queue (at simulation time 53.400,000,000 s)
2024-06-04 00:13:03,617 INFO  - Vehicle is inside the detection area. (at simulation time 53.400,000,000 s)
2024-06-04 00:13:03,617 INFO  - Sent Detection message to rsu_0 (at simulation time 53.400,000,000 s)
2024-06-04 00:13:03,617 INFO  - Sent broadcast CAM message to all vehicles (at simulation time 53.400,000,000 s)
2024-06-04 00:13:03,618 INFO  - Received CAM message from veh_33 (at simulation time 53.400,400,000 s)
2024-06-04 00:13:03,618 INFO  - Received CAM message from veh_10 (at simulation time 53.400,900,000 s)
2024-06-04 00:13:03,618 INFO  - Received CAM message from veh_18 (at simulation time 53.401,400,000 s)
2024-06-04 00:13:03,619 INFO  - Received Detection message from veh_33 to veh_32 (at simulation time 53.401,900,000 s)
2024-06-04 00:13:03,619 INFO  - Forwarded Detection message to rsu_0 (at simulation time 53.401,900,000 s)
2024-06-04 00:13:03,619 INFO  - Received CAM message from veh_6 (at simulation time 53.401,900,000 s)
2024-06-04 00:13:03,619 INFO  - Received CAM message from veh_14 (at simulation time 53.402,400,000 s)
2024-06-04 00:13:03,619 INFO  - Atempting to process queue (at simulation time 53.500,000,000 s)
2024-06-04 00:13:03,619 INFO  - Vehicle is inside the detection area. (at simulation time 53.500,000,000 s)
2024-06-04 00:13:03,619 INFO  - Sent Detection message to rsu_0 (at simulation time 53.500,000,000 s)
2024-06-04 00:13:03,619 INFO  - Sent broadcast CAM message to all vehicles (at simulation time 53.500,000,000 s)
2024-06-04 00:13:03,620 INFO  - Received CAM message from veh_18 (at simulation time 53.500,400,000 s)
2024-06-04 00:13:03,620 INFO  - Received CAM message from veh_10 (at simulation time 53.500,400,000 s)
2024-06-04 00:13:03,620 INFO  - Received CAM message from veh_14 (at simulation time 53.500,900,000 s)
2024-06-04 00:13:03,620 INFO  - Received Detection message from veh_33 to veh_32 (at simulation time 53.501,900,000 s)
2024-06-04 00:13:03,620 INFO  - Forwarded Detection message to rsu_0 (at simulation time 53.501,900,000 s)
2024-06-04 00:13:03,620 INFO  - Received CAM message from veh_6 (at simulation time 53.501,900,000 s)
2024-06-04 00:13:03,620 INFO  - Received CAM message from veh_33 (at simulation time 53.502,400,000 s)
2024-06-04 00:13:03,620 INFO  - Atempting to process queue (at simulation time 53.600,000,000 s)
2024-06-04 00:13:03,620 INFO  - Vehicle is inside the detection area. (at simulation time 53.600,000,000 s)
2024-06-04 00:13:03,620 INFO  - Sent Detection message to rsu_0 (at simulation time 53.600,000,000 s)
2024-06-04 00:13:03,620 INFO  - Sent broadcast CAM message to all vehicles (at simulation time 53.600,000,000 s)
2024-06-04 00:13:03,621 INFO  - Received CAM message from veh_33 (at simulation time 53.600,900,000 s)
2024-06-04 00:13:03,621 INFO  - Received Detection message from veh_33 to veh_32 (at simulation time 53.601,400,000 s)
2024-06-04 00:13:03,621 INFO  - Forwarded Detection message to rsu_0 (at simulation time 53.601,400,000 s)
2024-06-04 00:13:03,622 INFO  - Received CAM message from veh_10 (at simulation time 53.601,400,000 s)
2024-06-04 00:13:03,622 INFO  - Received CAM message from veh_18 (at simulation time 53.601,900,000 s)
2024-06-04 00:13:03,622 INFO  - Received CAM message from veh_14 (at simulation time 53.601,900,000 s)
2024-06-04 00:13:03,622 INFO  - Received CAM message from veh_6 (at simulation time 53.602,400,000 s)
2024-06-04 00:13:03,622 INFO  - Atempting to process queue (at simulation time 53.700,000,000 s)
2024-06-04 00:13:03,622 INFO  - Vehicle is inside the detection area. (at simulation time 53.700,000,000 s)
2024-06-04 00:13:03,622 INFO  - Sent Detection message to rsu_0 (at simulation time 53.700,000,000 s)
2024-06-04 00:13:03,622 INFO  - Sent broadcast CAM message to all vehicles (at simulation time 53.700,000,000 s)
2024-06-04 00:13:03,623 INFO  - Received CAM message from veh_18 (at simulation time 53.700,400,000 s)
2024-06-04 00:13:03,623 INFO  - Received CAM message from veh_33 (at simulation time 53.700,900,000 s)
2024-06-04 00:13:03,623 INFO  - Received CAM message from veh_10 (at simulation time 53.700,900,000 s)
2024-06-04 00:13:03,623 INFO  - Received Detection message from veh_33 to veh_32 (at simulation time 53.701,900,000 s)
2024-06-04 00:13:03,623 INFO  - Forwarded Detection message to rsu_0 (at simulation time 53.701,900,000 s)
2024-06-04 00:13:03,623 INFO  - Received CAM message from veh_14 (at simulation time 53.701,900,000 s)
2024-06-04 00:13:03,623 INFO  - Received CAM message from veh_6 (at simulation time 53.702,400,000 s)
2024-06-04 00:13:03,624 INFO  - Atempting to process queue (at simulation time 53.800,000,000 s)
2024-06-04 00:13:03,624 INFO  - Vehicle is inside the detection area. (at simulation time 53.800,000,000 s)
2024-06-04 00:13:03,624 INFO  - Sent Detection message to rsu_0 (at simulation time 53.800,000,000 s)
2024-06-04 00:13:03,624 INFO  - Sent broadcast CAM message to all vehicles (at simulation time 53.800,000,000 s)
2024-06-04 00:13:03,624 INFO  - Received CAM message from veh_33 (at simulation time 53.800,400,000 s)
2024-06-04 00:13:03,625 INFO  - Received Detection message from veh_33 to veh_32 (at simulation time 53.800,900,000 s)
2024-06-04 00:13:03,625 INFO  - Forwarded Detection message to rsu_0 (at simulation time 53.800,900,000 s)
2024-06-04 00:13:03,625 INFO  - Received CAM message from veh_18 (at simulation time 53.800,900,000 s)
2024-06-04 00:13:03,625 INFO  - Received CAM message from veh_14 (at simulation time 53.800,900,000 s)
2024-06-04 00:13:03,625 INFO  - Received CAM message from veh_6 (at simulation time 53.801,400,000 s)
2024-06-04 00:13:03,625 INFO  - Received CAM message from veh_10 (at simulation time 53.802,400,000 s)
2024-06-04 00:13:03,625 INFO  - Atempting to process queue (at simulation time 53.900,000,000 s)
2024-06-04 00:13:03,625 INFO  - Vehicle is inside the detection area. (at simulation time 53.900,000,000 s)
2024-06-04 00:13:03,625 INFO  - Sent Detection message to rsu_0 (at simulation time 53.900,000,000 s)
2024-06-04 00:13:03,625 INFO  - Sent broadcast CAM message to all vehicles (at simulation time 53.900,000,000 s)
2024-06-04 00:13:03,626 INFO  - Received Detection message from veh_33 to veh_32 (at simulation time 53.900,400,000 s)
2024-06-04 00:13:03,626 INFO  - Forwarded Detection message to rsu_0 (at simulation time 53.900,400,000 s)
2024-06-04 00:13:03,626 INFO  - Received CAM message from veh_33 (at simulation time 53.900,400,000 s)
2024-06-04 00:13:03,626 INFO  - Received CAM message from veh_14 (at simulation time 53.900,400,000 s)
2024-06-04 00:13:03,626 INFO  - Received CAM message from veh_18 (at simulation time 53.900,900,000 s)
2024-06-04 00:13:03,626 INFO  - Received CAM message from veh_10 (at simulation time 53.900,900,000 s)
2024-06-04 00:13:03,626 INFO  - Received CAM message from veh_6 (at simulation time 53.901,400,000 s)
2024-06-04 00:13:03,629 INFO  - Atempting to process queue (at simulation time 54.000,000,000 s)
2024-06-04 00:13:03,629 INFO  - Vehicle is inside the detection area. (at simulation time 54.000,000,000 s)
2024-06-04 00:13:03,629 INFO  - Sent Detection message to rsu_0 (at simulation time 54.000,000,000 s)
2024-06-04 00:13:03,629 INFO  - Sent broadcast CAM message to all vehicles (at simulation time 54.000,000,000 s)
2024-06-04 00:13:03,634 INFO  - Received CAM message from veh_22 (at simulation time 54.000,400,000 s)
2024-06-04 00:13:03,635 INFO  - Received CAM message from veh_18 (at simulation time 54.000,900,000 s)
2024-06-04 00:13:03,635 INFO  - Received CAM message from veh_6 (at simulation time 54.000,900,000 s)
2024-06-04 00:13:03,635 INFO  - Received CAM message from veh_33 (at simulation time 54.001,400,000 s)
2024-06-04 00:13:03,641 INFO  - Received CAM message from veh_10 (at simulation time 54.001,400,000 s)
2024-06-04 00:13:03,642 INFO  - Received Detection message from veh_33 to veh_32 (at simulation time 54.001,900,000 s)
2024-06-04 00:13:03,642 INFO  - Forwarded Detection message to rsu_0 (at simulation time 54.001,900,000 s)
2024-06-04 00:13:03,642 INFO  - Received CAM message from veh_26 (at simulation time 54.002,400,000 s)
2024-06-04 00:13:03,642 INFO  - Received CAM message from veh_14 (at simulation time 54.002,400,000 s)
2024-06-04 00:13:03,642 INFO  - Atempting to process queue (at simulation time 54.100,000,000 s)
2024-06-04 00:13:03,642 INFO  - Vehicle is inside the detection area. (at simulation time 54.100,000,000 s)
2024-06-04 00:13:03,642 INFO  - Sent Detection message to rsu_0 (at simulation time 54.100,000,000 s)
2024-06-04 00:13:03,642 INFO  - Sent broadcast CAM message to all vehicles (at simulation time 54.100,000,000 s)
2024-06-04 00:13:03,643 INFO  - Received CAM message from veh_22 (at simulation time 54.100,400,000 s)
2024-06-04 00:13:03,644 INFO  - Received CAM message from veh_26 (at simulation time 54.100,900,000 s)
2024-06-04 00:13:03,644 INFO  - Received CAM message from veh_14 (at simulation time 54.100,900,000 s)
2024-06-04 00:13:03,644 INFO  - Received CAM message from veh_10 (at simulation time 54.101,400,000 s)
2024-06-04 00:13:03,644 INFO  - Received CAM message from veh_6 (at simulation time 54.101,400,000 s)
2024-06-04 00:13:03,644 INFO  - Received CAM message from veh_18 (at simulation time 54.101,900,000 s)
2024-06-04 00:13:03,644 INFO  - Received Detection message from veh_33 to veh_32 (at simulation time 54.102,400,000 s)
2024-06-04 00:13:03,644 INFO  - Forwarded Detection message to rsu_0 (at simulation time 54.102,400,000 s)
2024-06-04 00:13:03,644 INFO  - Received CAM message from veh_33 (at simulation time 54.102,400,000 s)
2024-06-04 00:13:03,644 INFO  - Atempting to process queue (at simulation time 54.200,000,000 s)
2024-06-04 00:13:03,644 INFO  - Vehicle is inside the detection area. (at simulation time 54.200,000,000 s)
2024-06-04 00:13:03,644 INFO  - Sent Detection message to rsu_0 (at simulation time 54.200,000,000 s)
2024-06-04 00:13:03,645 INFO  - Sent broadcast CAM message to all vehicles (at simulation time 54.200,000,000 s)
2024-06-04 00:13:03,645 INFO  - Received CAM message from veh_22 (at simulation time 54.200,400,000 s)
2024-06-04 00:13:03,645 INFO  - Received CAM message from veh_33 (at simulation time 54.200,900,000 s)
2024-06-04 00:13:03,645 INFO  - Received CAM message from veh_26 (at simulation time 54.200,900,000 s)
2024-06-04 00:13:03,646 INFO  - Received CAM message from veh_6 (at simulation time 54.201,400,000 s)
2024-06-04 00:13:03,646 INFO  - Received Detection message from veh_33 to veh_32 (at simulation time 54.201,900,000 s)
2024-06-04 00:13:03,646 INFO  - Forwarded Detection message to rsu_0 (at simulation time 54.201,900,000 s)
2024-06-04 00:13:03,646 INFO  - Received CAM message from veh_18 (at simulation time 54.201,900,000 s)
2024-06-04 00:13:03,646 INFO  - Received CAM message from veh_14 (at simulation time 54.201,900,000 s)
2024-06-04 00:13:03,646 INFO  - Received CAM message from veh_10 (at simulation time 54.202,400,000 s)
2024-06-04 00:13:03,646 INFO  - Atempting to process queue (at simulation time 54.300,000,000 s)
2024-06-04 00:13:03,646 INFO  - Vehicle is inside the detection area. (at simulation time 54.300,000,000 s)
2024-06-04 00:13:03,646 INFO  - Sent Detection message to rsu_0 (at simulation time 54.300,000,000 s)
2024-06-04 00:13:03,646 INFO  - Sent broadcast CAM message to all vehicles (at simulation time 54.300,000,000 s)
2024-06-04 00:13:03,647 INFO  - Received CAM message from veh_22 (at simulation time 54.300,900,000 s)
2024-06-04 00:13:03,647 INFO  - Received CAM message from veh_14 (at simulation time 54.300,900,000 s)
2024-06-04 00:13:03,647 INFO  - Received CAM message from veh_26 (at simulation time 54.301,400,000 s)
2024-06-04 00:13:03,647 INFO  - Received CAM message from veh_6 (at simulation time 54.301,400,000 s)
2024-06-04 00:13:03,647 INFO  - Received Detection message from veh_33 to veh_32 (at simulation time 54.301,900,000 s)
2024-06-04 00:13:03,647 INFO  - Forwarded Detection message to rsu_0 (at simulation time 54.301,900,000 s)
2024-06-04 00:13:03,647 INFO  - Received CAM message from veh_33 (at simulation time 54.302,400,000 s)
2024-06-04 00:13:03,647 INFO  - Received CAM message from veh_18 (at simulation time 54.302,400,000 s)
2024-06-04 00:13:03,647 INFO  - Received CAM message from veh_10 (at simulation time 54.302,400,000 s)
2024-06-04 00:13:03,647 INFO  - Atempting to process queue (at simulation time 54.400,000,000 s)
2024-06-04 00:13:03,647 INFO  - Vehicle is inside the detection area. (at simulation time 54.400,000,000 s)
2024-06-04 00:13:03,647 INFO  - Sent Detection message to rsu_0 (at simulation time 54.400,000,000 s)
2024-06-04 00:13:03,647 INFO  - Sent broadcast CAM message to all vehicles (at simulation time 54.400,000,000 s)
2024-06-04 00:13:03,648 INFO  - Received Detection message from veh_33 to veh_32 (at simulation time 54.400,400,000 s)
2024-06-04 00:13:03,648 INFO  - Forwarded Detection message to rsu_0 (at simulation time 54.400,400,000 s)
2024-06-04 00:13:03,648 INFO  - Received CAM message from veh_18 (at simulation time 54.400,400,000 s)
2024-06-04 00:13:03,648 INFO  - Received CAM message from veh_33 (at simulation time 54.400,900,000 s)
2024-06-04 00:13:03,648 INFO  - Received CAM message from veh_6 (at simulation time 54.400,900,000 s)
2024-06-04 00:13:03,649 INFO  - Received CAM message from veh_26 (at simulation time 54.401,900,000 s)
2024-06-04 00:13:03,649 INFO  - Received CAM message from veh_22 (at simulation time 54.401,900,000 s)
2024-06-04 00:13:03,649 INFO  - Received CAM message from veh_14 (at simulation time 54.401,900,000 s)
2024-06-04 00:13:03,649 INFO  - Received CAM message from veh_10 (at simulation time 54.402,400,000 s)
2024-06-04 00:13:03,650 INFO  - Atempting to process queue (at simulation time 54.500,000,000 s)
2024-06-04 00:13:03,650 INFO  - Vehicle is inside the detection area. (at simulation time 54.500,000,000 s)
2024-06-04 00:13:03,650 INFO  - Sent Detection message to rsu_0 (at simulation time 54.500,000,000 s)
2024-06-04 00:13:03,650 INFO  - Sent broadcast CAM message to all vehicles (at simulation time 54.500,000,000 s)
2024-06-04 00:13:03,650 INFO  - Received CAM message from veh_26 (at simulation time 54.500,400,000 s)
2024-06-04 00:13:03,651 INFO  - Received CAM message from veh_10 (at simulation time 54.500,900,000 s)
2024-06-04 00:13:03,651 INFO  - Received CAM message from veh_33 (at simulation time 54.501,900,000 s)
2024-06-04 00:13:03,651 INFO  - Received CAM message from veh_22 (at simulation time 54.501,900,000 s)
2024-06-04 00:13:03,651 INFO  - Received CAM message from veh_14 (at simulation time 54.501,900,000 s)
2024-06-04 00:13:03,651 INFO  - Received Detection message from veh_33 to veh_32 (at simulation time 54.502,400,000 s)
2024-06-04 00:13:03,651 INFO  - Forwarded Detection message to rsu_0 (at simulation time 54.502,400,000 s)
2024-06-04 00:13:03,651 INFO  - Received CAM message from veh_18 (at simulation time 54.502,400,000 s)
2024-06-04 00:13:03,651 INFO  - Received CAM message from veh_6 (at simulation time 54.502,400,000 s)
2024-06-04 00:13:03,651 INFO  - Atempting to process queue (at simulation time 54.600,000,000 s)
2024-06-04 00:13:03,651 INFO  - Vehicle is inside the detection area. (at simulation time 54.600,000,000 s)
2024-06-04 00:13:03,651 INFO  - Sent Detection message to rsu_0 (at simulation time 54.600,000,000 s)
2024-06-04 00:13:03,651 INFO  - Sent broadcast CAM message to all vehicles (at simulation time 54.600,000,000 s)
2024-06-04 00:13:03,652 INFO  - Received CAM message from veh_26 (at simulation time 54.600,400,000 s)
2024-06-04 00:13:03,652 INFO  - Received CAM message from veh_10 (at simulation time 54.600,400,000 s)
2024-06-04 00:13:03,652 INFO  - Received CAM message from veh_33 (at simulation time 54.600,900,000 s)
2024-06-04 00:13:03,652 INFO  - Received CAM message from veh_18 (at simulation time 54.601,900,000 s)
2024-06-04 00:13:03,652 INFO  - Received CAM message from veh_14 (at simulation time 54.601,900,000 s)
2024-06-04 00:13:03,652 INFO  - Received Detection message from veh_33 to veh_32 (at simulation time 54.602,400,000 s)
2024-06-04 00:13:03,652 INFO  - Forwarded Detection message to rsu_0 (at simulation time 54.602,400,000 s)
2024-06-04 00:13:03,653 INFO  - Received CAM message from veh_22 (at simulation time 54.602,400,000 s)
2024-06-04 00:13:03,653 INFO  - Received CAM message from veh_6 (at simulation time 54.602,400,000 s)
2024-06-04 00:13:03,653 INFO  - Atempting to process queue (at simulation time 54.700,000,000 s)
2024-06-04 00:13:03,653 INFO  - Vehicle is inside the detection area. (at simulation time 54.700,000,000 s)
2024-06-04 00:13:03,653 INFO  - Sent Detection message to rsu_0 (at simulation time 54.700,000,000 s)
2024-06-04 00:13:03,653 INFO  - Sent broadcast CAM message to all vehicles (at simulation time 54.700,000,000 s)
2024-06-04 00:13:03,653 INFO  - Received CAM message from veh_10 (at simulation time 54.700,400,000 s)
2024-06-04 00:13:03,654 INFO  - Received CAM message from veh_26 (at simulation time 54.700,900,000 s)
2024-06-04 00:13:03,654 INFO  - Received CAM message from veh_22 (at simulation time 54.700,900,000 s)
2024-06-04 00:13:03,654 INFO  - Received Detection message from veh_33 to veh_32 (at simulation time 54.701,400,000 s)
2024-06-04 00:13:03,654 INFO  - Forwarded Detection message to rsu_0 (at simulation time 54.701,400,000 s)
2024-06-04 00:13:03,654 INFO  - Received CAM message from veh_33 (at simulation time 54.701,400,000 s)
2024-06-04 00:13:03,654 INFO  - Received CAM message from veh_18 (at simulation time 54.701,400,000 s)
2024-06-04 00:13:03,654 INFO  - Received CAM message from veh_14 (at simulation time 54.701,400,000 s)
2024-06-04 00:13:03,654 INFO  - Received CAM message from veh_6 (at simulation time 54.701,400,000 s)
2024-06-04 00:13:03,654 INFO  - Atempting to process queue (at simulation time 54.800,000,000 s)
2024-06-04 00:13:03,654 INFO  - Vehicle is inside the detection area. (at simulation time 54.800,000,000 s)
2024-06-04 00:13:03,654 INFO  - Sent Detection message to rsu_0 (at simulation time 54.800,000,000 s)
2024-06-04 00:13:03,654 INFO  - Sent broadcast CAM message to all vehicles (at simulation time 54.800,000,000 s)
2024-06-04 00:13:03,655 INFO  - Received CAM message from veh_26 (at simulation time 54.800,400,000 s)
2024-06-04 00:13:03,655 INFO  - Received CAM message from veh_6 (at simulation time 54.800,400,000 s)
2024-06-04 00:13:03,655 INFO  - Received Detection message from veh_33 to veh_32 (at simulation time 54.800,900,000 s)
2024-06-04 00:13:03,655 INFO  - Forwarded Detection message to rsu_0 (at simulation time 54.800,900,000 s)
2024-06-04 00:13:03,655 INFO  - Received CAM message from veh_18 (at simulation time 54.800,900,000 s)
2024-06-04 00:13:03,656 INFO  - Received CAM message from veh_33 (at simulation time 54.801,900,000 s)
2024-06-04 00:13:03,656 INFO  - Received CAM message from veh_22 (at simulation time 54.801,900,000 s)
2024-06-04 00:13:03,656 INFO  - Received CAM message from veh_10 (at simulation time 54.801,900,000 s)
2024-06-04 00:13:03,656 INFO  - Received CAM message from veh_14 (at simulation time 54.802,400,000 s)
2024-06-04 00:13:03,657 INFO  - Atempting to process queue (at simulation time 54.900,000,000 s)
2024-06-04 00:13:03,657 INFO  - Vehicle is inside the detection area. (at simulation time 54.900,000,000 s)
2024-06-04 00:13:03,657 INFO  - Sent Detection message to rsu_0 (at simulation time 54.900,000,000 s)
2024-06-04 00:13:03,657 INFO  - Sent broadcast CAM message to all vehicles (at simulation time 54.900,000,000 s)
2024-06-04 00:13:03,658 INFO  - Received CAM message from veh_10 (at simulation time 54.901,400,000 s)
2024-06-04 00:13:03,658 INFO  - Received CAM message from veh_22 (at simulation time 54.901,900,000 s)
2024-06-04 00:13:03,658 INFO  - Received CAM message from veh_18 (at simulation time 54.901,900,000 s)
2024-06-04 00:13:03,658 INFO  - Received CAM message from veh_6 (at simulation time 54.901,900,000 s)
2024-06-04 00:13:03,658 INFO  - Received Detection message from veh_33 to veh_32 (at simulation time 54.902,400,000 s)
2024-06-04 00:13:03,658 INFO  - Forwarded Detection message to rsu_0 (at simulation time 54.902,400,000 s)
2024-06-04 00:13:03,658 INFO  - Received CAM message from veh_33 (at simulation time 54.902,400,000 s)
2024-06-04 00:13:03,658 INFO  - Received CAM message from veh_26 (at simulation time 54.902,400,000 s)
2024-06-04 00:13:03,658 INFO  - Received CAM message from veh_14 (at simulation time 54.902,400,000 s)
2024-06-04 00:13:03,678 INFO  - Atempting to process queue (at simulation time 55.000,000,000 s)
2024-06-04 00:13:03,678 INFO  - Vehicle is outside the detection area. (at simulation time 55.000,000,000 s)
2024-06-04 00:13:03,678 INFO  - Sent broadcast CAM message to all vehicles (at simulation time 55.000,000,000 s)
2024-06-04 00:13:03,680 INFO  - Received CAM message from veh_33 (at simulation time 55.000,400,000 s)
2024-06-04 00:13:03,680 INFO  - Received CAM message from veh_30 (at simulation time 55.000,400,000 s)
2024-06-04 00:13:03,680 INFO  - Received CAM message from veh_22 (at simulation time 55.000,400,000 s)
2024-06-04 00:13:03,680 INFO  - Received CAM message from veh_10 (at simulation time 55.000,400,000 s)
2024-06-04 00:13:03,680 INFO  - Received CAM message from veh_18 (at simulation time 55.001,400,000 s)
2024-06-04 00:13:03,680 INFO  - Received CAM message from veh_6 (at simulation time 55.001,400,000 s)
2024-06-04 00:13:03,680 INFO  - Received CAM message from veh_26 (at simulation time 55.002,400,000 s)
2024-06-04 00:13:03,681 INFO  - Received CAM message from veh_14 (at simulation time 55.002,400,000 s)
2024-06-04 00:13:03,681 INFO  - Atempting to process queue (at simulation time 55.100,000,000 s)
2024-06-04 00:13:03,681 INFO  - Vehicle is outside the detection area. (at simulation time 55.100,000,000 s)
2024-06-04 00:13:03,681 INFO  - Sent broadcast CAM message to all vehicles (at simulation time 55.100,000,000 s)
2024-06-04 00:13:03,681 INFO  - Received CAM message from veh_18 (at simulation time 55.100,400,000 s)
2024-06-04 00:13:03,681 INFO  - Received CAM message from veh_6 (at simulation time 55.100,400,000 s)
2024-06-04 00:13:03,681 INFO  - Received CAM message from veh_33 (at simulation time 55.100,900,000 s)
2024-06-04 00:13:03,682 INFO  - Received CAM message from veh_22 (at simulation time 55.100,900,000 s)
2024-06-04 00:13:03,682 INFO  - Received CAM message from veh_10 (at simulation time 55.100,900,000 s)
2024-06-04 00:13:03,682 INFO  - Received CAM message from veh_26 (at simulation time 55.101,400,000 s)
2024-06-04 00:13:03,682 INFO  - Received CAM message from veh_14 (at simulation time 55.101,400,000 s)
2024-06-04 00:13:03,682 INFO  - Received CAM message from veh_30 (at simulation time 55.102,400,000 s)
2024-06-04 00:13:03,682 INFO  - Atempting to process queue (at simulation time 55.200,000,000 s)
2024-06-04 00:13:03,682 INFO  - Vehicle is outside the detection area. (at simulation time 55.200,000,000 s)
2024-06-04 00:13:03,682 INFO  - Sent broadcast CAM message to all vehicles (at simulation time 55.200,000,000 s)
2024-06-04 00:13:03,683 INFO  - Received CAM message from veh_33 (at simulation time 55.200,900,000 s)
2024-06-04 00:13:03,683 INFO  - Received CAM message from veh_30 (at simulation time 55.200,900,000 s)
2024-06-04 00:13:03,683 INFO  - Received CAM message from veh_18 (at simulation time 55.200,900,000 s)
2024-06-04 00:13:03,683 INFO  - Received CAM message from veh_26 (at simulation time 55.201,400,000 s)
2024-06-04 00:13:03,683 INFO  - Received CAM message from veh_10 (at simulation time 55.201,400,000 s)
2024-06-04 00:13:03,683 INFO  - Received CAM message from veh_22 (at simulation time 55.201,900,000 s)
2024-06-04 00:13:03,683 INFO  - Received CAM message from veh_14 (at simulation time 55.201,900,000 s)
2024-06-04 00:13:03,683 INFO  - Received CAM message from veh_6 (at simulation time 55.201,900,000 s)
2024-06-04 00:13:03,684 INFO  - Atempting to process queue (at simulation time 55.300,000,000 s)
2024-06-04 00:13:03,684 INFO  - Vehicle is outside the detection area. (at simulation time 55.300,000,000 s)
2024-06-04 00:13:03,684 INFO  - Sent broadcast CAM message to all vehicles (at simulation time 55.300,000,000 s)
2024-06-04 00:13:03,685 INFO  - Received CAM message from veh_14 (at simulation time 55.300,400,000 s)
2024-06-04 00:13:03,685 INFO  - Received CAM message from veh_10 (at simulation time 55.300,400,000 s)
2024-06-04 00:13:03,685 INFO  - Received CAM message from veh_33 (at simulation time 55.300,900,000 s)
2024-06-04 00:13:03,685 INFO  - Received CAM message from veh_6 (at simulation time 55.300,900,000 s)
2024-06-04 00:13:03,685 INFO  - Received CAM message from veh_18 (at simulation time 55.301,400,000 s)
2024-06-04 00:13:03,685 INFO  - Received CAM message from veh_26 (at simulation time 55.301,900,000 s)
2024-06-04 00:13:03,685 INFO  - Received CAM message from veh_22 (at simulation time 55.301,900,000 s)
2024-06-04 00:13:03,685 INFO  - Received CAM message from veh_30 (at simulation time 55.302,400,000 s)
2024-06-04 00:13:03,685 INFO  - Atempting to process queue (at simulation time 55.400,000,000 s)
2024-06-04 00:13:03,685 INFO  - Vehicle is outside the detection area. (at simulation time 55.400,000,000 s)
2024-06-04 00:13:03,685 INFO  - Sent broadcast CAM message to all vehicles (at simulation time 55.400,000,000 s)
2024-06-04 00:13:03,687 INFO  - Received CAM message from veh_30 (at simulation time 55.400,400,000 s)
2024-06-04 00:13:03,687 INFO  - Received CAM message from veh_26 (at simulation time 55.400,400,000 s)
2024-06-04 00:13:03,687 INFO  - Received CAM message from veh_14 (at simulation time 55.400,900,000 s)
2024-06-04 00:13:03,687 INFO  - Received CAM message from veh_6 (at simulation time 55.400,900,000 s)
2024-06-04 00:13:03,687 INFO  - Received CAM message from veh_33 (at simulation time 55.401,900,000 s)
2024-06-04 00:13:03,687 INFO  - Received CAM message from veh_18 (at simulation time 55.401,900,000 s)
2024-06-04 00:13:03,687 INFO  - Received CAM message from veh_22 (at simulation time 55.402,400,000 s)
2024-06-04 00:13:03,687 INFO  - Received CAM message from veh_10 (at simulation time 55.402,400,000 s)
2024-06-04 00:13:03,687 INFO  - Atempting to process queue (at simulation time 55.500,000,000 s)
2024-06-04 00:13:03,687 INFO  - Vehicle is outside the detection area. (at simulation time 55.500,000,000 s)
2024-06-04 00:13:03,687 INFO  - Sent broadcast CAM message to all vehicles (at simulation time 55.500,000,000 s)
2024-06-04 00:13:03,688 INFO  - Received CAM message from veh_33 (at simulation time 55.500,400,000 s)
2024-06-04 00:13:03,688 INFO  - Received CAM message from veh_14 (at simulation time 55.500,400,000 s)
2024-06-04 00:13:03,688 INFO  - Received CAM message from veh_10 (at simulation time 55.500,400,000 s)
2024-06-04 00:13:03,688 INFO  - Received CAM message from veh_6 (at simulation time 55.500,900,000 s)
2024-06-04 00:13:03,689 INFO  - Received CAM message from veh_30 (at simulation time 55.501,900,000 s)
2024-06-04 00:13:03,689 INFO  - Received CAM message from veh_26 (at simulation time 55.501,900,000 s)
2024-06-04 00:13:03,689 INFO  - Received CAM message from veh_22 (at simulation time 55.501,900,000 s)
2024-06-04 00:13:03,689 INFO  - Received CAM message from veh_18 (at simulation time 55.502,400,000 s)
2024-06-04 00:13:03,689 INFO  - Atempting to process queue (at simulation time 55.600,000,000 s)
2024-06-04 00:13:03,689 INFO  - Vehicle is outside the detection area. (at simulation time 55.600,000,000 s)
2024-06-04 00:13:03,689 INFO  - Sent broadcast CAM message to all vehicles (at simulation time 55.600,000,000 s)
2024-06-04 00:13:03,690 INFO  - Received CAM message from veh_26 (at simulation time 55.600,400,000 s)
2024-06-04 00:13:03,690 INFO  - Received CAM message from veh_33 (at simulation time 55.600,900,000 s)
2024-06-04 00:13:03,690 INFO  - Received CAM message from veh_18 (at simulation time 55.600,900,000 s)
2024-06-04 00:13:03,690 INFO  - Received CAM message from veh_22 (at simulation time 55.601,400,000 s)
2024-06-04 00:13:03,690 INFO  - Received CAM message from veh_14 (at simulation time 55.601,400,000 s)
2024-06-04 00:13:03,690 INFO  - Received CAM message from veh_6 (at simulation time 55.601,400,000 s)
2024-06-04 00:13:03,690 INFO  - Received CAM message from veh_30 (at simulation time 55.601,900,000 s)
2024-06-04 00:13:03,690 INFO  - Received CAM message from veh_10 (at simulation time 55.602,400,000 s)
2024-06-04 00:13:03,691 INFO  - Atempting to process queue (at simulation time 55.700,000,000 s)
2024-06-04 00:13:03,691 INFO  - Vehicle is outside the detection area. (at simulation time 55.700,000,000 s)
2024-06-04 00:13:03,691 INFO  - Sent broadcast CAM message to all vehicles (at simulation time 55.700,000,000 s)
2024-06-04 00:13:03,692 INFO  - Received CAM message from veh_22 (at simulation time 55.700,400,000 s)
2024-06-04 00:13:03,692 INFO  - Received CAM message from veh_33 (at simulation time 55.700,900,000 s)
2024-06-04 00:13:03,692 INFO  - Received CAM message from veh_26 (at simulation time 55.700,900,000 s)
2024-06-04 00:13:03,692 INFO  - Received CAM message from veh_14 (at simulation time 55.700,900,000 s)
2024-06-04 00:13:03,692 INFO  - Received CAM message from veh_18 (at simulation time 55.701,400,000 s)
2024-06-04 00:13:03,692 INFO  - Received CAM message from veh_6 (at simulation time 55.701,400,000 s)
2024-06-04 00:13:03,693 INFO  - Received CAM message from veh_30 (at simulation time 55.701,900,000 s)
2024-06-04 00:13:03,693 INFO  - Received CAM message from veh_10 (at simulation time 55.702,400,000 s)
2024-06-04 00:13:03,693 INFO  - Atempting to process queue (at simulation time 55.800,000,000 s)
2024-06-04 00:13:03,693 INFO  - Vehicle is outside the detection area. (at simulation time 55.800,000,000 s)
2024-06-04 00:13:03,693 INFO  - Sent broadcast CAM message to all vehicles (at simulation time 55.800,000,000 s)
2024-06-04 00:13:03,695 INFO  - Received CAM message from veh_33 (at simulation time 55.800,400,000 s)
2024-06-04 00:13:03,695 INFO  - Received CAM message from veh_30 (at simulation time 55.800,400,000 s)
2024-06-04 00:13:03,695 INFO  - Received CAM message from veh_22 (at simulation time 55.800,400,000 s)
2024-06-04 00:13:03,695 INFO  - Received CAM message from veh_14 (at simulation time 55.800,900,000 s)
2024-06-04 00:13:03,695 INFO  - Received CAM message from veh_10 (at simulation time 55.800,900,000 s)
2024-06-04 00:13:03,695 INFO  - Received CAM message from veh_18 (at simulation time 55.801,400,000 s)
2024-06-04 00:13:03,696 INFO  - Received CAM message from veh_26 (at simulation time 55.802,400,000 s)
2024-06-04 00:13:03,696 INFO  - Received CAM message from veh_6 (at simulation time 55.802,400,000 s)
2024-06-04 00:13:03,696 INFO  - Atempting to process queue (at simulation time 55.900,000,000 s)
2024-06-04 00:13:03,696 INFO  - Vehicle is outside the detection area. (at simulation time 55.900,000,000 s)
2024-06-04 00:13:03,696 INFO  - Sent broadcast CAM message to all vehicles (at simulation time 55.900,000,000 s)
2024-06-04 00:13:03,697 INFO  - Received CAM message from veh_33 (at simulation time 55.900,900,000 s)
2024-06-04 00:13:03,697 INFO  - Received CAM message from veh_10 (at simulation time 55.900,900,000 s)
2024-06-04 00:13:03,697 INFO  - Received CAM message from veh_30 (at simulation time 55.901,400,000 s)
2024-06-04 00:13:03,697 INFO  - Received CAM message from veh_22 (at simulation time 55.901,900,000 s)
2024-06-04 00:13:03,697 INFO  - Received CAM message from veh_18 (at simulation time 55.901,900,000 s)
2024-06-04 00:13:03,697 INFO  - Received CAM message from veh_26 (at simulation time 55.902,400,000 s)
2024-06-04 00:13:03,697 INFO  - Received CAM message from veh_14 (at simulation time 55.902,400,000 s)
2024-06-04 00:13:03,697 INFO  - Received CAM message from veh_6 (at simulation time 55.902,400,000 s)
2024-06-04 00:13:03,703 INFO  - Atempting to process queue (at simulation time 56.000,000,000 s)
2024-06-04 00:13:03,703 INFO  - Vehicle is outside the detection area. (at simulation time 56.000,000,000 s)
2024-06-04 00:13:03,703 INFO  - Sent broadcast CAM message to all vehicles (at simulation time 56.000,000,000 s)
2024-06-04 00:13:03,705 INFO  - Received CAM message from veh_33 (at simulation time 56.000,400,000 s)
2024-06-04 00:13:03,705 INFO  - Received CAM message from veh_22 (at simulation time 56.000,400,000 s)
2024-06-04 00:13:03,705 INFO  - Received CAM message from veh_14 (at simulation time 56.000,900,000 s)
2024-06-04 00:13:03,705 INFO  - Received CAM message from veh_6 (at simulation time 56.000,900,000 s)
2024-06-04 00:13:03,705 INFO  - Received CAM message from veh_10 (at simulation time 56.001,400,000 s)
2024-06-04 00:13:03,706 INFO  - Received CAM message from veh_18 (at simulation time 56.001,900,000 s)
2024-06-04 00:13:03,706 INFO  - Atempting to process queue (at simulation time 56.100,000,000 s)
2024-06-04 00:13:03,706 INFO  - Vehicle is outside the detection area. (at simulation time 56.100,000,000 s)
2024-06-04 00:13:03,706 INFO  - Sent broadcast CAM message to all vehicles (at simulation time 56.100,000,000 s)
2024-06-04 00:13:03,707 INFO  - Received CAM message from veh_10 (at simulation time 56.100,900,000 s)
2024-06-04 00:13:03,707 INFO  - Received CAM message from veh_33 (at simulation time 56.101,400,000 s)
2024-06-04 00:13:03,707 INFO  - Received CAM message from veh_22 (at simulation time 56.101,900,000 s)
2024-06-04 00:13:03,707 INFO  - Received CAM message from veh_18 (at simulation time 56.101,900,000 s)
2024-06-04 00:13:03,707 INFO  - Received CAM message from veh_14 (at simulation time 56.101,900,000 s)
2024-06-04 00:13:03,707 INFO  - Received CAM message from veh_6 (at simulation time 56.102,400,000 s)
2024-06-04 00:13:03,707 INFO  - Atempting to process queue (at simulation time 56.200,000,000 s)
2024-06-04 00:13:03,707 INFO  - Vehicle is outside the detection area. (at simulation time 56.200,000,000 s)
2024-06-04 00:13:03,707 INFO  - Sent broadcast CAM message to all vehicles (at simulation time 56.200,000,000 s)
2024-06-04 00:13:03,708 INFO  - Received CAM message from veh_33 (at simulation time 56.201,400,000 s)
2024-06-04 00:13:03,708 INFO  - Received CAM message from veh_10 (at simulation time 56.201,400,000 s)
2024-06-04 00:13:03,708 INFO  - Received CAM message from veh_6 (at simulation time 56.201,400,000 s)
2024-06-04 00:13:03,708 INFO  - Received CAM message from veh_22 (at simulation time 56.202,400,000 s)
2024-06-04 00:13:03,708 INFO  - Received CAM message from veh_18 (at simulation time 56.202,400,000 s)
2024-06-04 00:13:03,708 INFO  - Received CAM message from veh_14 (at simulation time 56.202,400,000 s)
2024-06-04 00:13:03,708 INFO  - Atempting to process queue (at simulation time 56.300,000,000 s)
2024-06-04 00:13:03,708 INFO  - Vehicle is outside the detection area. (at simulation time 56.300,000,000 s)
2024-06-04 00:13:03,708 INFO  - Sent broadcast CAM message to all vehicles (at simulation time 56.300,000,000 s)
2024-06-04 00:13:03,709 INFO  - Received CAM message from veh_33 (at simulation time 56.300,400,000 s)
2024-06-04 00:13:03,709 INFO  - Received CAM message from veh_22 (at simulation time 56.300,900,000 s)
2024-06-04 00:13:03,709 INFO  - Received CAM message from veh_18 (at simulation time 56.300,900,000 s)
2024-06-04 00:13:03,709 INFO  - Received CAM message from veh_6 (at simulation time 56.300,900,000 s)
2024-06-04 00:13:03,710 INFO  - Received CAM message from veh_14 (at simulation time 56.302,400,000 s)
2024-06-04 00:13:03,710 INFO  - Received CAM message from veh_10 (at simulation time 56.302,400,000 s)
2024-06-04 00:13:03,710 INFO  - Atempting to process queue (at simulation time 56.400,000,000 s)
2024-06-04 00:13:03,710 INFO  - Vehicle is outside the detection area. (at simulation time 56.400,000,000 s)
2024-06-04 00:13:03,710 INFO  - Sent broadcast CAM message to all vehicles (at simulation time 56.400,000,000 s)
2024-06-04 00:13:03,711 INFO  - Received CAM message from veh_33 (at simulation time 56.400,900,000 s)
2024-06-04 00:13:03,711 INFO  - Received CAM message from veh_22 (at simulation time 56.400,900,000 s)
2024-06-04 00:13:03,711 INFO  - Received CAM message from veh_18 (at simulation time 56.400,900,000 s)
2024-06-04 00:13:03,711 INFO  - Received CAM message from veh_10 (at simulation time 56.400,900,000 s)
2024-06-04 00:13:03,711 INFO  - Received CAM message from veh_14 (at simulation time 56.401,400,000 s)
2024-06-04 00:13:03,711 INFO  - Received CAM message from veh_6 (at simulation time 56.402,400,000 s)
2024-06-04 00:13:03,711 INFO  - Atempting to process queue (at simulation time 56.500,000,000 s)
2024-06-04 00:13:03,711 INFO  - Vehicle is outside the detection area. (at simulation time 56.500,000,000 s)
2024-06-04 00:13:03,711 INFO  - Sent broadcast CAM message to all vehicles (at simulation time 56.500,000,000 s)
2024-06-04 00:13:03,712 INFO  - Received CAM message from veh_22 (at simulation time 56.500,400,000 s)
2024-06-04 00:13:03,712 INFO  - Received CAM message from veh_33 (at simulation time 56.500,900,000 s)
2024-06-04 00:13:03,712 INFO  - Received CAM message from veh_10 (at simulation time 56.501,400,000 s)
2024-06-04 00:13:03,712 INFO  - Received CAM message from veh_6 (at simulation time 56.501,400,000 s)
2024-06-04 00:13:03,712 INFO  - Received CAM message from veh_18 (at simulation time 56.501,900,000 s)
2024-06-04 00:13:03,712 INFO  - Received CAM message from veh_14 (at simulation time 56.501,900,000 s)
2024-06-04 00:13:03,713 INFO  - Atempting to process queue (at simulation time 56.600,000,000 s)
2024-06-04 00:13:03,713 INFO  - Vehicle is outside the detection area. (at simulation time 56.600,000,000 s)
2024-06-04 00:13:03,713 INFO  - Sent broadcast CAM message to all vehicles (at simulation time 56.600,000,000 s)
2024-06-04 00:13:03,713 INFO  - Received CAM message from veh_33 (at simulation time 56.600,400,000 s)
2024-06-04 00:13:03,713 INFO  - Received CAM message from veh_6 (at simulation time 56.600,900,000 s)
2024-06-04 00:13:03,713 INFO  - Received CAM message from veh_22 (at simulation time 56.601,400,000 s)
2024-06-04 00:13:03,713 INFO  - Received CAM message from veh_10 (at simulation time 56.601,400,000 s)
2024-06-04 00:13:03,713 INFO  - Received CAM message from veh_14 (at simulation time 56.601,900,000 s)
2024-06-04 00:13:03,713 INFO  - Received CAM message from veh_18 (at simulation time 56.602,400,000 s)
2024-06-04 00:13:03,713 INFO  - Atempting to process queue (at simulation time 56.700,000,000 s)
2024-06-04 00:13:03,713 INFO  - Vehicle is outside the detection area. (at simulation time 56.700,000,000 s)
2024-06-04 00:13:03,713 INFO  - Sent broadcast CAM message to all vehicles (at simulation time 56.700,000,000 s)
2024-06-04 00:13:03,714 INFO  - Received CAM message from veh_22 (at simulation time 56.700,900,000 s)
2024-06-04 00:13:03,714 INFO  - Received CAM message from veh_18 (at simulation time 56.700,900,000 s)
2024-06-04 00:13:03,714 INFO  - Received CAM message from veh_14 (at simulation time 56.700,900,000 s)
2024-06-04 00:13:03,714 INFO  - Received CAM message from veh_6 (at simulation time 56.700,900,000 s)
2024-06-04 00:13:03,715 INFO  - Received CAM message from veh_33 (at simulation time 56.702,400,000 s)
2024-06-04 00:13:03,715 INFO  - Received CAM message from veh_10 (at simulation time 56.702,400,000 s)
2024-06-04 00:13:03,715 INFO  - Atempting to process queue (at simulation time 56.800,000,000 s)
2024-06-04 00:13:03,715 INFO  - Vehicle is outside the detection area. (at simulation time 56.800,000,000 s)
2024-06-04 00:13:03,715 INFO  - Sent broadcast CAM message to all vehicles (at simulation time 56.800,000,000 s)
2024-06-04 00:13:03,716 INFO  - Received CAM message from veh_22 (at simulation time 56.800,900,000 s)
2024-06-04 00:13:03,716 INFO  - Received CAM message from veh_14 (at simulation time 56.800,900,000 s)
2024-06-04 00:13:03,716 INFO  - Received CAM message from veh_10 (at simulation time 56.800,900,000 s)
2024-06-04 00:13:03,716 INFO  - Received CAM message from veh_33 (at simulation time 56.801,400,000 s)
2024-06-04 00:13:03,716 INFO  - Received CAM message from veh_18 (at simulation time 56.801,400,000 s)
2024-06-04 00:13:03,716 INFO  - Received CAM message from veh_6 (at simulation time 56.801,900,000 s)
2024-06-04 00:13:03,716 INFO  - Atempting to process queue (at simulation time 56.900,000,000 s)
2024-06-04 00:13:03,716 INFO  - Vehicle is outside the detection area. (at simulation time 56.900,000,000 s)
2024-06-04 00:13:03,716 INFO  - Sent broadcast CAM message to all vehicles (at simulation time 56.900,000,000 s)
2024-06-04 00:13:03,718 INFO  - Received CAM message from veh_14 (at simulation time 56.900,400,000 s)
2024-06-04 00:13:03,719 INFO  - Received CAM message from veh_33 (at simulation time 56.901,400,000 s)
2024-06-04 00:13:03,719 INFO  - Received CAM message from veh_22 (at simulation time 56.901,400,000 s)
2024-06-04 00:13:03,719 INFO  - Received CAM message from veh_10 (at simulation time 56.901,400,000 s)
2024-06-04 00:13:03,719 INFO  - Received CAM message from veh_18 (at simulation time 56.901,900,000 s)
2024-06-04 00:13:03,719 INFO  - Received CAM message from veh_6 (at simulation time 56.901,900,000 s)
2024-06-04 00:13:03,724 INFO  - Atempting to process queue (at simulation time 57.000,000,000 s)
2024-06-04 00:13:03,724 INFO  - Vehicle is outside the detection area. (at simulation time 57.000,000,000 s)
2024-06-04 00:13:03,724 INFO  - Sent broadcast CAM message to all vehicles (at simulation time 57.000,000,000 s)
2024-06-04 00:13:03,725 INFO  - Received CAM message from veh_14 (at simulation time 57.000,400,000 s)
2024-06-04 00:13:03,725 INFO  - Received CAM message from veh_33 (at simulation time 57.000,900,000 s)
2024-06-04 00:13:03,725 INFO  - Received CAM message from veh_22 (at simulation time 57.001,400,000 s)
2024-06-04 00:13:03,726 INFO  - Received CAM message from veh_18 (at simulation time 57.001,400,000 s)
2024-06-04 00:13:03,726 INFO  - Received CAM message from veh_10 (at simulation time 57.001,900,000 s)
2024-06-04 00:13:03,726 INFO  - Received CAM message from veh_6 (at simulation time 57.002,400,000 s)
2024-06-04 00:13:03,726 INFO  - Atempting to process queue (at simulation time 57.100,000,000 s)
2024-06-04 00:13:03,726 INFO  - Vehicle is outside the detection area. (at simulation time 57.100,000,000 s)
2024-06-04 00:13:03,726 INFO  - Sent broadcast CAM message to all vehicles (at simulation time 57.100,000,000 s)
2024-06-04 00:13:03,727 INFO  - Received CAM message from veh_33 (at simulation time 57.100,900,000 s)
2024-06-04 00:13:03,727 INFO  - Received CAM message from veh_22 (at simulation time 57.100,900,000 s)
2024-06-04 00:13:03,727 INFO  - Received CAM message from veh_18 (at simulation time 57.100,900,000 s)
2024-06-04 00:13:03,727 INFO  - Received CAM message from veh_14 (at simulation time 57.101,400,000 s)
2024-06-04 00:13:03,727 INFO  - Received CAM message from veh_6 (at simulation time 57.101,400,000 s)
2024-06-04 00:13:03,727 INFO  - Received CAM message from veh_10 (at simulation time 57.101,900,000 s)
2024-06-04 00:13:03,727 INFO  - Atempting to process queue (at simulation time 57.200,000,000 s)
2024-06-04 00:13:03,727 INFO  - Vehicle is outside the detection area. (at simulation time 57.200,000,000 s)
2024-06-04 00:13:03,727 INFO  - Sent broadcast CAM message to all vehicles (at simulation time 57.200,000,000 s)
2024-06-04 00:13:03,728 INFO  - Received CAM message from veh_22 (at simulation time 57.200,400,000 s)
2024-06-04 00:13:03,728 INFO  - Received CAM message from veh_33 (at simulation time 57.200,900,000 s)
2024-06-04 00:13:03,728 INFO  - Received CAM message from veh_14 (at simulation time 57.200,900,000 s)
2024-06-04 00:13:03,728 INFO  - Received CAM message from veh_6 (at simulation time 57.201,400,000 s)
2024-06-04 00:13:03,728 INFO  - Received CAM message from veh_18 (at simulation time 57.201,900,000 s)
2024-06-04 00:13:03,729 INFO  - Received CAM message from veh_10 (at simulation time 57.202,400,000 s)
2024-06-04 00:13:03,729 INFO  - Atempting to process queue (at simulation time 57.300,000,000 s)
2024-06-04 00:13:03,729 INFO  - Vehicle is outside the detection area. (at simulation time 57.300,000,000 s)
2024-06-04 00:13:03,729 INFO  - Sent broadcast CAM message to all vehicles (at simulation time 57.300,000,000 s)
2024-06-04 00:13:03,729 INFO  - Received CAM message from veh_14 (at simulation time 57.300,900,000 s)
2024-06-04 00:13:03,729 INFO  - Received CAM message from veh_10 (at simulation time 57.300,900,000 s)
2024-06-04 00:13:03,730 INFO  - Received CAM message from veh_33 (at simulation time 57.301,400,000 s)
2024-06-04 00:13:03,730 INFO  - Received CAM message from veh_22 (at simulation time 57.301,400,000 s)
2024-06-04 00:13:03,730 INFO  - Received CAM message from veh_18 (at simulation time 57.301,400,000 s)
2024-06-04 00:13:03,730 INFO  - Received CAM message from veh_6 (at simulation time 57.302,400,000 s)
2024-06-04 00:13:03,730 INFO  - Atempting to process queue (at simulation time 57.400,000,000 s)
2024-06-04 00:13:03,730 INFO  - Vehicle is outside the detection area. (at simulation time 57.400,000,000 s)
2024-06-04 00:13:03,730 INFO  - Sent broadcast CAM message to all vehicles (at simulation time 57.400,000,000 s)
2024-06-04 00:13:03,731 INFO  - Received CAM message from veh_33 (at simulation time 57.400,900,000 s)
2024-06-04 00:13:03,731 INFO  - Received CAM message from veh_22 (at simulation time 57.400,900,000 s)
2024-06-04 00:13:03,731 INFO  - Received CAM message from veh_18 (at simulation time 57.401,400,000 s)
2024-06-04 00:13:03,731 INFO  - Received CAM message from veh_10 (at simulation time 57.401,400,000 s)
2024-06-04 00:13:03,731 INFO  - Received CAM message from veh_14 (at simulation time 57.402,400,000 s)
2024-06-04 00:13:03,731 INFO  - Received CAM message from veh_6 (at simulation time 57.402,400,000 s)
2024-06-04 00:13:03,731 INFO  - Atempting to process queue (at simulation time 57.500,000,000 s)
2024-06-04 00:13:03,731 INFO  - Vehicle is outside the detection area. (at simulation time 57.500,000,000 s)
2024-06-04 00:13:03,731 INFO  - Sent broadcast CAM message to all vehicles (at simulation time 57.500,000,000 s)
2024-06-04 00:13:03,732 INFO  - Received CAM message from veh_22 (at simulation time 57.500,400,000 s)
2024-06-04 00:13:03,732 INFO  - Received CAM message from veh_18 (at simulation time 57.500,900,000 s)
2024-06-04 00:13:03,732 INFO  - Received CAM message from veh_6 (at simulation time 57.500,900,000 s)
2024-06-04 00:13:03,732 INFO  - Received CAM message from veh_33 (at simulation time 57.501,400,000 s)
2024-06-04 00:13:03,732 INFO  - Received CAM message from veh_14 (at simulation time 57.501,400,000 s)
2024-06-04 00:13:03,732 INFO  - Received CAM message from veh_10 (at simulation time 57.502,400,000 s)
2024-06-04 00:13:03,732 INFO  - Atempting to process queue (at simulation time 57.600,000,000 s)
2024-06-04 00:13:03,732 INFO  - Vehicle is outside the detection area. (at simulation time 57.600,000,000 s)
2024-06-04 00:13:03,732 INFO  - Sent broadcast CAM message to all vehicles (at simulation time 57.600,000,000 s)
2024-06-04 00:13:03,733 INFO  - Received CAM message from veh_18 (at simulation time 57.600,900,000 s)
2024-06-04 00:13:03,733 INFO  - Received CAM message from veh_33 (at simulation time 57.601,900,000 s)
2024-06-04 00:13:03,733 INFO  - Received CAM message from veh_22 (at simulation time 57.601,900,000 s)
2024-06-04 00:13:03,733 INFO  - Received CAM message from veh_14 (at simulation time 57.601,900,000 s)
2024-06-04 00:13:03,733 INFO  - Received CAM message from veh_10 (at simulation time 57.601,900,000 s)
2024-06-04 00:13:03,733 INFO  - Received CAM message from veh_6 (at simulation time 57.602,400,000 s)
2024-06-04 00:13:03,733 INFO  - Atempting to process queue (at simulation time 57.700,000,000 s)
2024-06-04 00:13:03,733 INFO  - Vehicle is outside the detection area. (at simulation time 57.700,000,000 s)
2024-06-04 00:13:03,733 INFO  - Sent broadcast CAM message to all vehicles (at simulation time 57.700,000,000 s)
2024-06-04 00:13:03,734 INFO  - Received CAM message from veh_6 (at simulation time 57.700,400,000 s)
2024-06-04 00:13:03,734 INFO  - Received CAM message from veh_33 (at simulation time 57.701,400,000 s)
2024-06-04 00:13:03,734 INFO  - Received CAM message from veh_22 (at simulation time 57.701,400,000 s)
2024-06-04 00:13:03,734 INFO  - Received CAM message from veh_18 (at simulation time 57.701,900,000 s)
2024-06-04 00:13:03,734 INFO  - Received CAM message from veh_14 (at simulation time 57.702,400,000 s)
2024-06-04 00:13:03,734 INFO  - Received CAM message from veh_10 (at simulation time 57.702,400,000 s)
2024-06-04 00:13:03,734 INFO  - Atempting to process queue (at simulation time 57.800,000,000 s)
2024-06-04 00:13:03,734 INFO  - Vehicle is outside the detection area. (at simulation time 57.800,000,000 s)
2024-06-04 00:13:03,734 INFO  - Sent broadcast CAM message to all vehicles (at simulation time 57.800,000,000 s)
2024-06-04 00:13:03,735 INFO  - Received CAM message from veh_6 (at simulation time 57.800,400,000 s)
2024-06-04 00:13:03,735 INFO  - Received CAM message from veh_22 (at simulation time 57.800,900,000 s)
2024-06-04 00:13:03,735 INFO  - Received CAM message from veh_33 (at simulation time 57.801,400,000 s)
2024-06-04 00:13:03,735 INFO  - Received CAM message from veh_18 (at simulation time 57.801,400,000 s)
2024-06-04 00:13:03,735 INFO  - Received CAM message from veh_14 (at simulation time 57.801,900,000 s)
2024-06-04 00:13:03,735 INFO  - Received CAM message from veh_10 (at simulation time 57.801,900,000 s)
2024-06-04 00:13:03,735 INFO  - Atempting to process queue (at simulation time 57.900,000,000 s)
2024-06-04 00:13:03,735 INFO  - Vehicle is outside the detection area. (at simulation time 57.900,000,000 s)
2024-06-04 00:13:03,735 INFO  - Sent broadcast CAM message to all vehicles (at simulation time 57.900,000,000 s)
2024-06-04 00:13:03,736 INFO  - Received CAM message from veh_18 (at simulation time 57.900,400,000 s)
2024-06-04 00:13:03,736 INFO  - Received CAM message from veh_10 (at simulation time 57.900,400,000 s)
2024-06-04 00:13:03,736 INFO  - Received CAM message from veh_14 (at simulation time 57.901,400,000 s)
2024-06-04 00:13:03,736 INFO  - Received CAM message from veh_22 (at simulation time 57.901,900,000 s)
2024-06-04 00:13:03,736 INFO  - Received CAM message from veh_33 (at simulation time 57.902,400,000 s)
2024-06-04 00:13:03,736 INFO  - Received CAM message from veh_6 (at simulation time 57.902,400,000 s)
2024-06-04 00:13:03,738 INFO  - Atempting to process queue (at simulation time 58.000,000,000 s)
2024-06-04 00:13:03,738 INFO  - Vehicle is outside the detection area. (at simulation time 58.000,000,000 s)
2024-06-04 00:13:03,738 INFO  - Sent broadcast CAM message to all vehicles (at simulation time 58.000,000,000 s)
2024-06-04 00:13:03,740 INFO  - Received CAM message from veh_10 (at simulation time 58.001,900,000 s)
2024-06-04 00:13:03,740 INFO  - Received CAM message from veh_33 (at simulation time 58.002,400,000 s)
2024-06-04 00:13:03,740 INFO  - Received CAM message from veh_6 (at simulation time 58.002,400,000 s)
2024-06-04 00:13:03,740 INFO  - Atempting to process queue (at simulation time 58.100,000,000 s)
2024-06-04 00:13:03,740 INFO  - Vehicle is outside the detection area. (at simulation time 58.100,000,000 s)
2024-06-04 00:13:03,740 INFO  - Sent broadcast CAM message to all vehicles (at simulation time 58.100,000,000 s)
2024-06-04 00:13:03,740 INFO  - Received CAM message from veh_33 (at simulation time 58.100,400,000 s)
2024-06-04 00:13:03,741 INFO  - Received CAM message from veh_10 (at simulation time 58.101,400,000 s)
2024-06-04 00:13:03,741 INFO  - Received CAM message from veh_6 (at simulation time 58.102,400,000 s)
2024-06-04 00:13:03,741 INFO  - Atempting to process queue (at simulation time 58.200,000,000 s)
2024-06-04 00:13:03,741 INFO  - Vehicle is outside the detection area. (at simulation time 58.200,000,000 s)
2024-06-04 00:13:03,741 INFO  - Sent broadcast CAM message to all vehicles (at simulation time 58.200,000,000 s)
2024-06-04 00:13:03,742 INFO  - Received CAM message from veh_33 (at simulation time 58.201,400,000 s)
2024-06-04 00:13:03,742 INFO  - Received CAM message from veh_10 (at simulation time 58.201,400,000 s)
2024-06-04 00:13:03,742 INFO  - Received CAM message from veh_6 (at simulation time 58.201,400,000 s)
2024-06-04 00:13:03,742 INFO  - Atempting to process queue (at simulation time 58.300,000,000 s)
2024-06-04 00:13:03,742 INFO  - Vehicle is outside the detection area. (at simulation time 58.300,000,000 s)
2024-06-04 00:13:03,742 INFO  - Sent broadcast CAM message to all vehicles (at simulation time 58.300,000,000 s)
2024-06-04 00:13:03,743 INFO  - Received CAM message from veh_33 (at simulation time 58.300,400,000 s)
2024-06-04 00:13:03,743 INFO  - Received CAM message from veh_6 (at simulation time 58.301,400,000 s)
2024-06-04 00:13:03,743 INFO  - Received CAM message from veh_10 (at simulation time 58.302,400,000 s)
2024-06-04 00:13:03,743 INFO  - Atempting to process queue (at simulation time 58.400,000,000 s)
2024-06-04 00:13:03,743 INFO  - Vehicle is outside the detection area. (at simulation time 58.400,000,000 s)
2024-06-04 00:13:03,743 INFO  - Sent broadcast CAM message to all vehicles (at simulation time 58.400,000,000 s)
2024-06-04 00:13:03,745 INFO  - Received CAM message from veh_10 (at simulation time 58.400,900,000 s)
2024-06-04 00:13:03,745 INFO  - Received CAM message from veh_6 (at simulation time 58.400,900,000 s)
2024-06-04 00:13:03,746 INFO  - Received CAM message from veh_33 (at simulation time 58.401,900,000 s)
2024-06-04 00:13:03,746 INFO  - Atempting to process queue (at simulation time 58.500,000,000 s)
2024-06-04 00:13:03,746 INFO  - Vehicle is outside the detection area. (at simulation time 58.500,000,000 s)
2024-06-04 00:13:03,746 INFO  - Sent broadcast CAM message to all vehicles (at simulation time 58.500,000,000 s)
2024-06-04 00:13:03,746 INFO  - Received CAM message from veh_33 (at simulation time 58.500,400,000 s)
2024-06-04 00:13:03,747 INFO  - Received CAM message from veh_6 (at simulation time 58.501,900,000 s)
2024-06-04 00:13:03,747 INFO  - Received CAM message from veh_10 (at simulation time 58.502,400,000 s)
2024-06-04 00:13:03,747 INFO  - Atempting to process queue (at simulation time 58.600,000,000 s)
2024-06-04 00:13:03,747 INFO  - Vehicle is outside the detection area. (at simulation time 58.600,000,000 s)
2024-06-04 00:13:03,747 INFO  - Sent broadcast CAM message to all vehicles (at simulation time 58.600,000,000 s)
2024-06-04 00:13:03,749 INFO  - Received CAM message from veh_6 (at simulation time 58.600,900,000 s)
2024-06-04 00:13:03,749 INFO  - Received CAM message from veh_33 (at simulation time 58.601,400,000 s)
2024-06-04 00:13:03,749 INFO  - Received CAM message from veh_10 (at simulation time 58.601,900,000 s)
2024-06-04 00:13:03,749 INFO  - Atempting to process queue (at simulation time 58.700,000,000 s)
2024-06-04 00:13:03,749 INFO  - Vehicle is outside the detection area. (at simulation time 58.700,000,000 s)
2024-06-04 00:13:03,749 INFO  - Sent broadcast CAM message to all vehicles (at simulation time 58.700,000,000 s)
2024-06-04 00:13:03,751 INFO  - Received CAM message from veh_10 (at simulation time 58.700,900,000 s)
2024-06-04 00:13:03,751 INFO  - Received CAM message from veh_6 (at simulation time 58.701,900,000 s)
2024-06-04 00:13:03,751 INFO  - Received CAM message from veh_33 (at simulation time 58.702,400,000 s)
2024-06-04 00:13:03,751 INFO  - Atempting to process queue (at simulation time 58.800,000,000 s)
2024-06-04 00:13:03,751 INFO  - Vehicle is outside the detection area. (at simulation time 58.800,000,000 s)
2024-06-04 00:13:03,751 INFO  - Sent broadcast CAM message to all vehicles (at simulation time 58.800,000,000 s)
2024-06-04 00:13:03,753 INFO  - Received CAM message from veh_33 (at simulation time 58.800,400,000 s)
2024-06-04 00:13:03,753 INFO  - Received CAM message from veh_10 (at simulation time 58.800,900,000 s)
2024-06-04 00:13:03,753 INFO  - Received CAM message from veh_6 (at simulation time 58.800,900,000 s)
2024-06-04 00:13:03,753 INFO  - Atempting to process queue (at simulation time 58.900,000,000 s)
2024-06-04 00:13:03,753 INFO  - Vehicle is outside the detection area. (at simulation time 58.900,000,000 s)
2024-06-04 00:13:03,753 INFO  - Sent broadcast CAM message to all vehicles (at simulation time 58.900,000,000 s)
2024-06-04 00:13:03,754 INFO  - Received CAM message from veh_6 (at simulation time 58.900,400,000 s)
2024-06-04 00:13:03,754 INFO  - Received CAM message from veh_33 (at simulation time 58.900,900,000 s)
2024-06-04 00:13:03,755 INFO  - Received CAM message from veh_10 (at simulation time 58.902,400,000 s)
2024-06-04 00:13:03,757 INFO  - Atempting to process queue (at simulation time 59.000,000,000 s)
2024-06-04 00:13:03,757 INFO  - Vehicle is outside the detection area. (at simulation time 59.000,000,000 s)
2024-06-04 00:13:03,757 INFO  - Sent broadcast CAM message to all vehicles (at simulation time 59.000,000,000 s)
2024-06-04 00:13:03,759 INFO  - Atempting to process queue (at simulation time 59.100,000,000 s)
2024-06-04 00:13:03,759 INFO  - Vehicle is outside the detection area. (at simulation time 59.100,000,000 s)
2024-06-04 00:13:03,759 INFO  - Sent broadcast CAM message to all vehicles (at simulation time 59.100,000,000 s)
2024-06-04 00:13:03,760 INFO  - Atempting to process queue (at simulation time 59.200,000,000 s)
2024-06-04 00:13:03,760 INFO  - Vehicle is outside the detection area. (at simulation time 59.200,000,000 s)
2024-06-04 00:13:03,760 INFO  - Sent broadcast CAM message to all vehicles (at simulation time 59.200,000,000 s)
2024-06-04 00:13:03,761 INFO  - Atempting to process queue (at simulation time 59.300,000,000 s)
2024-06-04 00:13:03,761 INFO  - Vehicle is outside the detection area. (at simulation time 59.300,000,000 s)
2024-06-04 00:13:03,761 INFO  - Sent broadcast CAM message to all vehicles (at simulation time 59.300,000,000 s)
2024-06-04 00:13:03,762 INFO  - Atempting to process queue (at simulation time 59.400,000,000 s)
2024-06-04 00:13:03,762 INFO  - Vehicle is outside the detection area. (at simulation time 59.400,000,000 s)
2024-06-04 00:13:03,762 INFO  - Sent broadcast CAM message to all vehicles (at simulation time 59.400,000,000 s)
2024-06-04 00:13:03,763 INFO  - Atempting to process queue (at simulation time 59.500,000,000 s)
2024-06-04 00:13:03,763 INFO  - Vehicle is outside the detection area. (at simulation time 59.500,000,000 s)
2024-06-04 00:13:03,763 INFO  - Sent broadcast CAM message to all vehicles (at simulation time 59.500,000,000 s)
2024-06-04 00:13:03,764 INFO  - Atempting to process queue (at simulation time 59.600,000,000 s)
2024-06-04 00:13:03,764 INFO  - Vehicle is outside the detection area. (at simulation time 59.600,000,000 s)
2024-06-04 00:13:03,764 INFO  - Sent broadcast CAM message to all vehicles (at simulation time 59.600,000,000 s)
2024-06-04 00:13:03,765 INFO  - Atempting to process queue (at simulation time 59.700,000,000 s)
2024-06-04 00:13:03,765 INFO  - Vehicle is outside the detection area. (at simulation time 59.700,000,000 s)
2024-06-04 00:13:03,765 INFO  - Sent broadcast CAM message to all vehicles (at simulation time 59.700,000,000 s)
2024-06-04 00:13:03,766 INFO  - Atempting to process queue (at simulation time 59.800,000,000 s)
2024-06-04 00:13:03,766 INFO  - Vehicle is outside the detection area. (at simulation time 59.800,000,000 s)
2024-06-04 00:13:03,766 INFO  - Sent broadcast CAM message to all vehicles (at simulation time 59.800,000,000 s)
2024-06-04 00:13:03,767 INFO  - Atempting to process queue (at simulation time 59.900,000,000 s)
2024-06-04 00:13:03,767 INFO  - Vehicle is outside the detection area. (at simulation time 59.900,000,000 s)
2024-06-04 00:13:03,767 INFO  - Sent broadcast CAM message to all vehicles (at simulation time 59.900,000,000 s)
2024-06-04 00:13:03,773 INFO  - Vehicle is outside the detection area. (at simulation time 60.000,000,000 s)
2024-06-04 00:13:03,773 INFO  - Sent broadcast CAM message to all vehicles (at simulation time 60.000,000,000 s)
2024-06-04 00:13:03,777 INFO  - Vehicle is outside the detection area. (at simulation time 60.100,000,000 s)
2024-06-04 00:13:03,777 INFO  - Sent broadcast CAM message to all vehicles (at simulation time 60.100,000,000 s)
2024-06-04 00:13:03,780 INFO  - Vehicle is outside the detection area. (at simulation time 60.200,000,000 s)
2024-06-04 00:13:03,780 INFO  - Sent broadcast CAM message to all vehicles (at simulation time 60.200,000,000 s)
2024-06-04 00:13:03,782 INFO  - Vehicle is outside the detection area. (at simulation time 60.300,000,000 s)
2024-06-04 00:13:03,782 INFO  - Sent broadcast CAM message to all vehicles (at simulation time 60.300,000,000 s)
2024-06-04 00:13:03,785 INFO  - Vehicle is outside the detection area. (at simulation time 60.400,000,000 s)
2024-06-04 00:13:03,785 INFO  - Sent broadcast CAM message to all vehicles (at simulation time 60.400,000,000 s)
2024-06-04 00:13:03,787 INFO  - Vehicle is outside the detection area. (at simulation time 60.500,000,000 s)
2024-06-04 00:13:03,787 INFO  - Sent broadcast CAM message to all vehicles (at simulation time 60.500,000,000 s)
2024-06-04 00:13:03,789 INFO  - Vehicle is outside the detection area. (at simulation time 60.600,000,000 s)
2024-06-04 00:13:03,789 INFO  - Sent broadcast CAM message to all vehicles (at simulation time 60.600,000,000 s)
2024-06-04 00:13:03,803 INFO  - Vehicle is outside the detection area. (at simulation time 60.700,000,000 s)
2024-06-04 00:13:03,803 INFO  - Sent broadcast CAM message to all vehicles (at simulation time 60.700,000,000 s)
2024-06-04 00:13:03,805 INFO  - Vehicle is outside the detection area. (at simulation time 60.800,000,000 s)
2024-06-04 00:13:03,805 INFO  - Sent broadcast CAM message to all vehicles (at simulation time 60.800,000,000 s)
2024-06-04 00:13:03,806 INFO  - Vehicle is outside the detection area. (at simulation time 60.900,000,000 s)
2024-06-04 00:13:03,806 INFO  - Sent broadcast CAM message to all vehicles (at simulation time 60.900,000,000 s)
2024-06-04 00:13:03,817 INFO  - Vehicle is outside the detection area. (at simulation time 61.000,000,000 s)
2024-06-04 00:13:03,817 INFO  - Sent broadcast CAM message to all vehicles (at simulation time 61.000,000,000 s)
2024-06-04 00:13:03,819 INFO  - Vehicle is outside the detection area. (at simulation time 61.100,000,000 s)
2024-06-04 00:13:03,819 INFO  - Sent broadcast CAM message to all vehicles (at simulation time 61.100,000,000 s)
2024-06-04 00:13:03,820 INFO  - Vehicle is outside the detection area. (at simulation time 61.200,000,000 s)
2024-06-04 00:13:03,820 INFO  - Sent broadcast CAM message to all vehicles (at simulation time 61.200,000,000 s)
2024-06-04 00:13:03,821 INFO  - Vehicle is outside the detection area. (at simulation time 61.300,000,000 s)
2024-06-04 00:13:03,821 INFO  - Sent broadcast CAM message to all vehicles (at simulation time 61.300,000,000 s)
2024-06-04 00:13:03,822 INFO  - Vehicle is outside the detection area. (at simulation time 61.400,000,000 s)
2024-06-04 00:13:03,822 INFO  - Sent broadcast CAM message to all vehicles (at simulation time 61.400,000,000 s)
2024-06-04 00:13:03,823 INFO  - Vehicle is outside the detection area. (at simulation time 61.500,000,000 s)
2024-06-04 00:13:03,823 INFO  - Sent broadcast CAM message to all vehicles (at simulation time 61.500,000,000 s)
2024-06-04 00:13:03,824 INFO  - Vehicle is outside the detection area. (at simulation time 61.600,000,000 s)
2024-06-04 00:13:03,824 INFO  - Sent broadcast CAM message to all vehicles (at simulation time 61.600,000,000 s)
2024-06-04 00:13:03,825 INFO  - Vehicle is outside the detection area. (at simulation time 61.700,000,000 s)
2024-06-04 00:13:03,825 INFO  - Sent broadcast CAM message to all vehicles (at simulation time 61.700,000,000 s)
2024-06-04 00:13:03,826 INFO  - Vehicle is outside the detection area. (at simulation time 61.800,000,000 s)
2024-06-04 00:13:03,826 INFO  - Sent broadcast CAM message to all vehicles (at simulation time 61.800,000,000 s)
2024-06-04 00:13:03,827 INFO  - Vehicle is outside the detection area. (at simulation time 61.900,000,000 s)
2024-06-04 00:13:03,827 INFO  - Sent broadcast CAM message to all vehicles (at simulation time 61.900,000,000 s)
2024-06-04 00:13:03,832 INFO  - Vehicle is outside the detection area. (at simulation time 62.000,000,000 s)
2024-06-04 00:13:03,832 INFO  - Sent broadcast CAM message to all vehicles (at simulation time 62.000,000,000 s)
2024-06-04 00:13:03,835 INFO  - Vehicle is outside the detection area. (at simulation time 62.100,000,000 s)
2024-06-04 00:13:03,835 INFO  - Sent broadcast CAM message to all vehicles (at simulation time 62.100,000,000 s)
2024-06-04 00:13:03,836 INFO  - Vehicle is outside the detection area. (at simulation time 62.200,000,000 s)
2024-06-04 00:13:03,836 INFO  - Sent broadcast CAM message to all vehicles (at simulation time 62.200,000,000 s)
2024-06-04 00:13:03,837 INFO  - Vehicle is outside the detection area. (at simulation time 62.300,000,000 s)
2024-06-04 00:13:03,837 INFO  - Sent broadcast CAM message to all vehicles (at simulation time 62.300,000,000 s)
2024-06-04 00:13:03,839 INFO  - Vehicle is outside the detection area. (at simulation time 62.400,000,000 s)
2024-06-04 00:13:03,839 INFO  - Sent broadcast CAM message to all vehicles (at simulation time 62.400,000,000 s)
2024-06-04 00:13:03,840 INFO  - Vehicle is outside the detection area. (at simulation time 62.500,000,000 s)
2024-06-04 00:13:03,840 INFO  - Sent broadcast CAM message to all vehicles (at simulation time 62.500,000,000 s)
2024-06-04 00:13:03,841 INFO  - Vehicle is outside the detection area. (at simulation time 62.600,000,000 s)
2024-06-04 00:13:03,841 INFO  - Sent broadcast CAM message to all vehicles (at simulation time 62.600,000,000 s)
2024-06-04 00:13:03,843 INFO  - Vehicle is outside the detection area. (at simulation time 62.700,000,000 s)
2024-06-04 00:13:03,843 INFO  - Sent broadcast CAM message to all vehicles (at simulation time 62.700,000,000 s)
2024-06-04 00:13:03,844 INFO  - Vehicle is outside the detection area. (at simulation time 62.800,000,000 s)
2024-06-04 00:13:03,844 INFO  - Sent broadcast CAM message to all vehicles (at simulation time 62.800,000,000 s)
2024-06-04 00:13:03,844 INFO  - Vehicle is outside the detection area. (at simulation time 62.900,000,000 s)
2024-06-04 00:13:03,844 INFO  - Sent broadcast CAM message to all vehicles (at simulation time 62.900,000,000 s)
2024-06-04 00:13:03,847 INFO  - Vehicle is outside the detection area. (at simulation time 63.000,000,000 s)
2024-06-04 00:13:03,847 INFO  - Sent broadcast CAM message to all vehicles (at simulation time 63.000,000,000 s)
2024-06-04 00:13:03,849 INFO  - Vehicle is outside the detection area. (at simulation time 63.100,000,000 s)
2024-06-04 00:13:03,849 INFO  - Sent broadcast CAM message to all vehicles (at simulation time 63.100,000,000 s)
2024-06-04 00:13:03,852 INFO  - Vehicle is outside the detection area. (at simulation time 63.200,000,000 s)
2024-06-04 00:13:03,852 INFO  - Sent broadcast CAM message to all vehicles (at simulation time 63.200,000,000 s)
2024-06-04 00:13:03,853 INFO  - Vehicle is outside the detection area. (at simulation time 63.300,000,000 s)
2024-06-04 00:13:03,853 INFO  - Sent broadcast CAM message to all vehicles (at simulation time 63.300,000,000 s)
2024-06-04 00:13:03,855 INFO  - Vehicle is outside the detection area. (at simulation time 63.400,000,000 s)
2024-06-04 00:13:03,855 INFO  - Sent broadcast CAM message to all vehicles (at simulation time 63.400,000,000 s)
2024-06-04 00:13:03,856 INFO  - Vehicle is outside the detection area. (at simulation time 63.500,000,000 s)
2024-06-04 00:13:03,856 INFO  - Sent broadcast CAM message to all vehicles (at simulation time 63.500,000,000 s)
2024-06-04 00:13:03,856 INFO  - Vehicle is outside the detection area. (at simulation time 63.600,000,000 s)
2024-06-04 00:13:03,857 INFO  - Sent broadcast CAM message to all vehicles (at simulation time 63.600,000,000 s)
2024-06-04 00:13:03,858 INFO  - Vehicle is outside the detection area. (at simulation time 63.700,000,000 s)
2024-06-04 00:13:03,858 INFO  - Sent broadcast CAM message to all vehicles (at simulation time 63.700,000,000 s)
2024-06-04 00:13:03,859 INFO  - Vehicle is outside the detection area. (at simulation time 63.800,000,000 s)
2024-06-04 00:13:03,859 INFO  - Sent broadcast CAM message to all vehicles (at simulation time 63.800,000,000 s)
2024-06-04 00:13:03,860 INFO  - Vehicle is outside the detection area. (at simulation time 63.900,000,000 s)
2024-06-04 00:13:03,860 INFO  - Sent broadcast CAM message to all vehicles (at simulation time 63.900,000,000 s)
2024-06-04 00:13:03,864 INFO  - Shutdown application (at simulation time 64.000,000,000 s)
