2024-06-04 00:13:10,785 INFO  - Initialize application (at simulation time 319.000,000,000 s)
2024-06-04 00:13:10,786 INFO  - Activated WLAN Module (at simulation time 319.000,000,000 s)
2024-06-04 00:13:10,786 INFO  - Vehicle is outside the detection area. (at simulation time 319.000,000,000 s)
2024-06-04 00:13:10,786 INFO  - Sent broadcast CAM message to all vehicles (at simulation time 319.000,000,000 s)
2024-06-04 00:13:10,789 INFO  - Vehicle is outside the detection area. (at simulation time 319.100,000,000 s)
2024-06-04 00:13:10,790 INFO  - Sent broadcast CAM message to all vehicles (at simulation time 319.100,000,000 s)
2024-06-04 00:13:10,792 INFO  - Vehicle is outside the detection area. (at simulation time 319.200,000,000 s)
2024-06-04 00:13:10,792 INFO  - Sent broadcast CAM message to all vehicles (at simulation time 319.200,000,000 s)
2024-06-04 00:13:10,793 INFO  - Vehicle is outside the detection area. (at simulation time 319.300,000,000 s)
2024-06-04 00:13:10,793 INFO  - Sent broadcast CAM message to all vehicles (at simulation time 319.300,000,000 s)
2024-06-04 00:13:10,795 INFO  - Vehicle is outside the detection area. (at simulation time 319.400,000,000 s)
2024-06-04 00:13:10,795 INFO  - Sent broadcast CAM message to all vehicles (at simulation time 319.400,000,000 s)
2024-06-04 00:13:10,796 INFO  - Vehicle is outside the detection area. (at simulation time 319.500,000,000 s)
2024-06-04 00:13:10,796 INFO  - Sent broadcast CAM message to all vehicles (at simulation time 319.500,000,000 s)
2024-06-04 00:13:10,798 INFO  - Vehicle is outside the detection area. (at simulation time 319.600,000,000 s)
2024-06-04 00:13:10,798 INFO  - Sent broadcast CAM message to all vehicles (at simulation time 319.600,000,000 s)
2024-06-04 00:13:10,800 INFO  - Vehicle is outside the detection area. (at simulation time 319.700,000,000 s)
2024-06-04 00:13:10,800 INFO  - Sent broadcast CAM message to all vehicles (at simulation time 319.700,000,000 s)
2024-06-04 00:13:10,802 INFO  - Vehicle is outside the detection area. (at simulation time 319.800,000,000 s)
2024-06-04 00:13:10,802 INFO  - Sent broadcast CAM message to all vehicles (at simulation time 319.800,000,000 s)
2024-06-04 00:13:10,803 INFO  - Vehicle is outside the detection area. (at simulation time 319.900,000,000 s)
2024-06-04 00:13:10,803 INFO  - Sent broadcast CAM message to all vehicles (at simulation time 319.900,000,000 s)
2024-06-04 00:13:10,809 INFO  - Vehicle is outside the detection area. (at simulation time 320.000,000,000 s)
2024-06-04 00:13:10,809 INFO  - Sent broadcast CAM message to all vehicles (at simulation time 320.000,000,000 s)
2024-06-04 00:13:10,811 INFO  - Vehicle is outside the detection area. (at simulation time 320.100,000,000 s)
2024-06-04 00:13:10,811 INFO  - Sent broadcast CAM message to all vehicles (at simulation time 320.100,000,000 s)
2024-06-04 00:13:10,813 INFO  - Vehicle is outside the detection area. (at simulation time 320.200,000,000 s)
2024-06-04 00:13:10,813 INFO  - Sent broadcast CAM message to all vehicles (at simulation time 320.200,000,000 s)
2024-06-04 00:13:10,814 INFO  - Vehicle is outside the detection area. (at simulation time 320.300,000,000 s)
2024-06-04 00:13:10,814 INFO  - Sent broadcast CAM message to all vehicles (at simulation time 320.300,000,000 s)
2024-06-04 00:13:10,816 INFO  - Vehicle is outside the detection area. (at simulation time 320.400,000,000 s)
2024-06-04 00:13:10,816 INFO  - Sent broadcast CAM message to all vehicles (at simulation time 320.400,000,000 s)
2024-06-04 00:13:10,818 INFO  - Vehicle is outside the detection area. (at simulation time 320.500,000,000 s)
2024-06-04 00:13:10,818 INFO  - Sent broadcast CAM message to all vehicles (at simulation time 320.500,000,000 s)
2024-06-04 00:13:10,819 INFO  - Vehicle is outside the detection area. (at simulation time 320.600,000,000 s)
2024-06-04 00:13:10,819 INFO  - Sent broadcast CAM message to all vehicles (at simulation time 320.600,000,000 s)
2024-06-04 00:13:10,821 INFO  - Vehicle is outside the detection area. (at simulation time 320.700,000,000 s)
2024-06-04 00:13:10,821 INFO  - Sent broadcast CAM message to all vehicles (at simulation time 320.700,000,000 s)
2024-06-04 00:13:10,823 INFO  - Vehicle is outside the detection area. (at simulation time 320.800,000,000 s)
2024-06-04 00:13:10,823 INFO  - Sent broadcast CAM message to all vehicles (at simulation time 320.800,000,000 s)
2024-06-04 00:13:10,824 INFO  - Vehicle is outside the detection area. (at simulation time 320.900,000,000 s)
2024-06-04 00:13:10,824 INFO  - Sent broadcast CAM message to all vehicles (at simulation time 320.900,000,000 s)
2024-06-04 00:13:10,829 INFO  - Vehicle is inside the detection area. (at simulation time 321.000,000,000 s)
2024-06-04 00:13:10,829 INFO  - Vehicle is too far away from the traffic light. (at simulation time 321.000,000,000 s)
2024-06-04 00:13:10,829 INFO  - No vehicles in range. (at simulation time 321.000,000,000 s)
2024-06-04 00:13:10,829 INFO  - Neither the RSU nor any vehicle is in range. (at simulation time 321.000,000,000 s)
2024-06-04 00:13:10,829 INFO  - Sent broadcast CAM message to all vehicles (at simulation time 321.000,000,000 s)
2024-06-04 00:13:10,832 INFO  - Vehicle is inside the detection area. (at simulation time 321.100,000,000 s)
2024-06-04 00:13:10,832 INFO  - Vehicle is too far away from the traffic light. (at simulation time 321.100,000,000 s)
2024-06-04 00:13:10,832 INFO  - No vehicles in range. (at simulation time 321.100,000,000 s)
2024-06-04 00:13:10,832 INFO  - Neither the RSU nor any vehicle is in range. (at simulation time 321.100,000,000 s)
2024-06-04 00:13:10,832 INFO  - Sent broadcast CAM message to all vehicles (at simulation time 321.100,000,000 s)
2024-06-04 00:13:10,834 INFO  - Vehicle is inside the detection area. (at simulation time 321.200,000,000 s)
2024-06-04 00:13:10,834 INFO  - Vehicle is too far away from the traffic light. (at simulation time 321.200,000,000 s)
2024-06-04 00:13:10,834 INFO  - No vehicles in range. (at simulation time 321.200,000,000 s)
2024-06-04 00:13:10,834 INFO  - Neither the RSU nor any vehicle is in range. (at simulation time 321.200,000,000 s)
2024-06-04 00:13:10,834 INFO  - Sent broadcast CAM message to all vehicles (at simulation time 321.200,000,000 s)
2024-06-04 00:13:10,835 INFO  - Vehicle is inside the detection area. (at simulation time 321.300,000,000 s)
2024-06-04 00:13:10,835 INFO  - Vehicle is too far away from the traffic light. (at simulation time 321.300,000,000 s)
2024-06-04 00:13:10,835 INFO  - No vehicles in range. (at simulation time 321.300,000,000 s)
2024-06-04 00:13:10,835 INFO  - Neither the RSU nor any vehicle is in range. (at simulation time 321.300,000,000 s)
2024-06-04 00:13:10,835 INFO  - Sent broadcast CAM message to all vehicles (at simulation time 321.300,000,000 s)
2024-06-04 00:13:10,837 INFO  - Vehicle is inside the detection area. (at simulation time 321.400,000,000 s)
2024-06-04 00:13:10,837 INFO  - Vehicle is too far away from the traffic light. (at simulation time 321.400,000,000 s)
2024-06-04 00:13:10,837 INFO  - No vehicles in range. (at simulation time 321.400,000,000 s)
2024-06-04 00:13:10,837 INFO  - Neither the RSU nor any vehicle is in range. (at simulation time 321.400,000,000 s)
2024-06-04 00:13:10,837 INFO  - Sent broadcast CAM message to all vehicles (at simulation time 321.400,000,000 s)
2024-06-04 00:13:10,839 INFO  - Vehicle is inside the detection area. (at simulation time 321.500,000,000 s)
2024-06-04 00:13:10,839 INFO  - Vehicle is too far away from the traffic light. (at simulation time 321.500,000,000 s)
2024-06-04 00:13:10,839 INFO  - No vehicles in range. (at simulation time 321.500,000,000 s)
2024-06-04 00:13:10,839 INFO  - Neither the RSU nor any vehicle is in range. (at simulation time 321.500,000,000 s)
2024-06-04 00:13:10,839 INFO  - Sent broadcast CAM message to all vehicles (at simulation time 321.500,000,000 s)
2024-06-04 00:13:10,841 INFO  - Vehicle is inside the detection area. (at simulation time 321.600,000,000 s)
2024-06-04 00:13:10,841 INFO  - Vehicle is too far away from the traffic light. (at simulation time 321.600,000,000 s)
2024-06-04 00:13:10,841 INFO  - No vehicles in range. (at simulation time 321.600,000,000 s)
2024-06-04 00:13:10,841 INFO  - Neither the RSU nor any vehicle is in range. (at simulation time 321.600,000,000 s)
2024-06-04 00:13:10,841 INFO  - Sent broadcast CAM message to all vehicles (at simulation time 321.600,000,000 s)
2024-06-04 00:13:10,842 INFO  - Vehicle is inside the detection area. (at simulation time 321.700,000,000 s)
2024-06-04 00:13:10,842 INFO  - Vehicle is too far away from the traffic light. (at simulation time 321.700,000,000 s)
2024-06-04 00:13:10,842 INFO  - No vehicles in range. (at simulation time 321.700,000,000 s)
2024-06-04 00:13:10,842 INFO  - Neither the RSU nor any vehicle is in range. (at simulation time 321.700,000,000 s)
2024-06-04 00:13:10,842 INFO  - Sent broadcast CAM message to all vehicles (at simulation time 321.700,000,000 s)
2024-06-04 00:13:10,844 INFO  - Vehicle is inside the detection area. (at simulation time 321.800,000,000 s)
2024-06-04 00:13:10,844 INFO  - Vehicle is too far away from the traffic light. (at simulation time 321.800,000,000 s)
2024-06-04 00:13:10,844 INFO  - No vehicles in range. (at simulation time 321.800,000,000 s)
2024-06-04 00:13:10,844 INFO  - Neither the RSU nor any vehicle is in range. (at simulation time 321.800,000,000 s)
2024-06-04 00:13:10,844 INFO  - Sent broadcast CAM message to all vehicles (at simulation time 321.800,000,000 s)
2024-06-04 00:13:10,845 INFO  - Vehicle is inside the detection area. (at simulation time 321.900,000,000 s)
2024-06-04 00:13:10,845 INFO  - Vehicle is too far away from the traffic light. (at simulation time 321.900,000,000 s)
2024-06-04 00:13:10,845 INFO  - No vehicles in range. (at simulation time 321.900,000,000 s)
2024-06-04 00:13:10,845 INFO  - Neither the RSU nor any vehicle is in range. (at simulation time 321.900,000,000 s)
2024-06-04 00:13:10,845 INFO  - Sent broadcast CAM message to all vehicles (at simulation time 321.900,000,000 s)
2024-06-04 00:13:10,849 INFO  - Vehicle is inside the detection area. (at simulation time 322.000,000,000 s)
2024-06-04 00:13:10,849 INFO  - Vehicle is too far away from the traffic light. (at simulation time 322.000,000,000 s)
2024-06-04 00:13:10,849 INFO  - No vehicles in range. (at simulation time 322.000,000,000 s)
2024-06-04 00:13:10,849 INFO  - Neither the RSU nor any vehicle is in range. (at simulation time 322.000,000,000 s)
2024-06-04 00:13:10,849 INFO  - Sent broadcast CAM message to all vehicles (at simulation time 322.000,000,000 s)
2024-06-04 00:13:10,852 INFO  - Received CAM message from veh_176 (at simulation time 322.001,900,000 s)
2024-06-04 00:13:10,852 INFO  - Atempting to process queue (at simulation time 322.100,000,000 s)
2024-06-04 00:13:10,852 INFO  - Vehicle is inside the detection area. (at simulation time 322.100,000,000 s)
2024-06-04 00:13:10,852 INFO  - Vehicle is too far away from the traffic light. (at simulation time 322.100,000,000 s)
2024-06-04 00:13:10,852 INFO  - Sent Detection message to veh_176 (at simulation time 322.100,000,000 s)
2024-06-04 00:13:10,852 INFO  - Sent broadcast CAM message to all vehicles (at simulation time 322.100,000,000 s)
2024-06-04 00:13:10,853 INFO  - Received CAM message from veh_176 (at simulation time 322.102,400,000 s)
2024-06-04 00:13:10,853 INFO  - Atempting to process queue (at simulation time 322.200,000,000 s)
2024-06-04 00:13:10,853 INFO  - Vehicle is inside the detection area. (at simulation time 322.200,000,000 s)
2024-06-04 00:13:10,853 INFO  - Vehicle is too far away from the traffic light. (at simulation time 322.200,000,000 s)
2024-06-04 00:13:10,854 INFO  - Sent Detection message to veh_176 (at simulation time 322.200,000,000 s)
2024-06-04 00:13:10,854 INFO  - Sent broadcast CAM message to all vehicles (at simulation time 322.200,000,000 s)
2024-06-04 00:13:10,855 INFO  - Received CAM message from veh_176 (at simulation time 322.201,400,000 s)
2024-06-04 00:13:10,856 INFO  - Atempting to process queue (at simulation time 322.300,000,000 s)
2024-06-04 00:13:10,856 INFO  - Vehicle is inside the detection area. (at simulation time 322.300,000,000 s)
2024-06-04 00:13:10,856 INFO  - Vehicle is too far away from the traffic light. (at simulation time 322.300,000,000 s)
2024-06-04 00:13:10,856 INFO  - Sent Detection message to veh_176 (at simulation time 322.300,000,000 s)
2024-06-04 00:13:10,856 INFO  - Sent broadcast CAM message to all vehicles (at simulation time 322.300,000,000 s)
2024-06-04 00:13:10,856 INFO  - Received CAM message from veh_176 (at simulation time 322.301,400,000 s)
2024-06-04 00:13:10,857 INFO  - Atempting to process queue (at simulation time 322.400,000,000 s)
2024-06-04 00:13:10,857 INFO  - Vehicle is inside the detection area. (at simulation time 322.400,000,000 s)
2024-06-04 00:13:10,857 INFO  - Vehicle is too far away from the traffic light. (at simulation time 322.400,000,000 s)
2024-06-04 00:13:10,857 INFO  - Sent Detection message to veh_176 (at simulation time 322.400,000,000 s)
2024-06-04 00:13:10,857 INFO  - Sent broadcast CAM message to all vehicles (at simulation time 322.400,000,000 s)
2024-06-04 00:13:10,859 INFO  - Received CAM message from veh_176 (at simulation time 322.400,900,000 s)
2024-06-04 00:13:10,859 INFO  - Atempting to process queue (at simulation time 322.500,000,000 s)
2024-06-04 00:13:10,859 INFO  - Vehicle is inside the detection area. (at simulation time 322.500,000,000 s)
2024-06-04 00:13:10,859 INFO  - Vehicle is too far away from the traffic light. (at simulation time 322.500,000,000 s)
2024-06-04 00:13:10,859 INFO  - Sent Detection message to veh_176 (at simulation time 322.500,000,000 s)
2024-06-04 00:13:10,859 INFO  - Sent broadcast CAM message to all vehicles (at simulation time 322.500,000,000 s)
2024-06-04 00:13:10,860 INFO  - Received CAM message from veh_176 (at simulation time 322.500,400,000 s)
2024-06-04 00:13:10,861 INFO  - Atempting to process queue (at simulation time 322.600,000,000 s)
2024-06-04 00:13:10,861 INFO  - Vehicle is inside the detection area. (at simulation time 322.600,000,000 s)
2024-06-04 00:13:10,861 INFO  - Vehicle is too far away from the traffic light. (at simulation time 322.600,000,000 s)
2024-06-04 00:13:10,861 INFO  - Sent Detection message to veh_176 (at simulation time 322.600,000,000 s)
2024-06-04 00:13:10,861 INFO  - Sent broadcast CAM message to all vehicles (at simulation time 322.600,000,000 s)
2024-06-04 00:13:10,862 INFO  - Received CAM message from veh_176 (at simulation time 322.601,900,000 s)
2024-06-04 00:13:10,862 INFO  - Atempting to process queue (at simulation time 322.700,000,000 s)
2024-06-04 00:13:10,862 INFO  - Vehicle is inside the detection area. (at simulation time 322.700,000,000 s)
2024-06-04 00:13:10,862 INFO  - Vehicle is too far away from the traffic light. (at simulation time 322.700,000,000 s)
2024-06-04 00:13:10,862 INFO  - Sent Detection message to veh_176 (at simulation time 322.700,000,000 s)
2024-06-04 00:13:10,862 INFO  - Sent broadcast CAM message to all vehicles (at simulation time 322.700,000,000 s)
2024-06-04 00:13:10,863 INFO  - Received CAM message from veh_176 (at simulation time 322.701,400,000 s)
2024-06-04 00:13:10,863 INFO  - Atempting to process queue (at simulation time 322.800,000,000 s)
2024-06-04 00:13:10,863 INFO  - Vehicle is inside the detection area. (at simulation time 322.800,000,000 s)
2024-06-04 00:13:10,863 INFO  - Vehicle is too far away from the traffic light. (at simulation time 322.800,000,000 s)
2024-06-04 00:13:10,863 INFO  - Sent Detection message to veh_176 (at simulation time 322.800,000,000 s)
2024-06-04 00:13:10,863 INFO  - Sent broadcast CAM message to all vehicles (at simulation time 322.800,000,000 s)
2024-06-04 00:13:10,864 INFO  - Received CAM message from veh_176 (at simulation time 322.801,400,000 s)
2024-06-04 00:13:10,865 INFO  - Atempting to process queue (at simulation time 322.900,000,000 s)
2024-06-04 00:13:10,865 INFO  - Vehicle is inside the detection area. (at simulation time 322.900,000,000 s)
2024-06-04 00:13:10,865 INFO  - Vehicle is too far away from the traffic light. (at simulation time 322.900,000,000 s)
2024-06-04 00:13:10,865 INFO  - Sent Detection message to veh_176 (at simulation time 322.900,000,000 s)
2024-06-04 00:13:10,865 INFO  - Sent broadcast CAM message to all vehicles (at simulation time 322.900,000,000 s)
2024-06-04 00:13:10,866 INFO  - Received CAM message from veh_176 (at simulation time 322.901,900,000 s)
2024-06-04 00:13:10,869 INFO  - Atempting to process queue (at simulation time 323.000,000,000 s)
2024-06-04 00:13:10,869 INFO  - Vehicle is inside the detection area. (at simulation time 323.000,000,000 s)
2024-06-04 00:13:10,869 INFO  - Sent Detection message to rsu_0 (at simulation time 323.000,000,000 s)
2024-06-04 00:13:10,869 INFO  - Sent broadcast CAM message to all vehicles (at simulation time 323.000,000,000 s)
2024-06-04 00:13:10,870 INFO  - Received CAM message from veh_176 (at simulation time 323.000,400,000 s)
2024-06-04 00:13:10,870 INFO  - Received CAM message from veh_81 (at simulation time 323.000,400,000 s)
2024-06-04 00:13:10,871 INFO  - Received CAM message from veh_117 (at simulation time 323.001,400,000 s)
2024-06-04 00:13:10,871 INFO  - Received CAM message from veh_120 (at simulation time 323.001,900,000 s)
2024-06-04 00:13:10,871 INFO  - Atempting to process queue (at simulation time 323.100,000,000 s)
2024-06-04 00:13:10,871 INFO  - Vehicle is inside the detection area. (at simulation time 323.100,000,000 s)
2024-06-04 00:13:10,871 INFO  - Sent Detection message to rsu_0 (at simulation time 323.100,000,000 s)
2024-06-04 00:13:10,871 INFO  - Sent broadcast CAM message to all vehicles (at simulation time 323.100,000,000 s)
2024-06-04 00:13:10,872 INFO  - Received CAM message from veh_120 (at simulation time 323.100,400,000 s)
2024-06-04 00:13:10,872 INFO  - Received CAM message from veh_81 (at simulation time 323.100,400,000 s)
2024-06-04 00:13:10,872 INFO  - Received CAM message from veh_117 (at simulation time 323.101,400,000 s)
2024-06-04 00:13:10,872 INFO  - Received CAM message from veh_176 (at simulation time 323.101,900,000 s)
2024-06-04 00:13:10,873 INFO  - Atempting to process queue (at simulation time 323.200,000,000 s)
2024-06-04 00:13:10,873 INFO  - Vehicle is inside the detection area. (at simulation time 323.200,000,000 s)
2024-06-04 00:13:10,873 INFO  - Sent Detection message to rsu_0 (at simulation time 323.200,000,000 s)
2024-06-04 00:13:10,873 INFO  - Sent broadcast CAM message to all vehicles (at simulation time 323.200,000,000 s)
2024-06-04 00:13:10,876 INFO  - Received CAM message from veh_176 (at simulation time 323.200,900,000 s)
2024-06-04 00:13:10,876 INFO  - Received Control message from rsu_0 to veh_179 (at simulation time 323.200,900,000 s)
2024-06-04 00:13:10,876 INFO  - Current route: 1, lane: 0 (at simulation time 323.200,900,000 s)
2024-06-04 00:13:10,876 INFO  - Vehicle position: GeoPoint{lat=40.743556,lon=-73.988559,alt=0.00} (at simulation time 323.200,900,000 s)
2024-06-04 00:13:10,877 INFO  - Received CAM message from veh_120 (at simulation time 323.201,400,000 s)
2024-06-04 00:13:10,879 INFO  - Received CAM message from veh_117 (at simulation time 323.201,900,000 s)
2024-06-04 00:13:10,879 INFO  - Received CAM message from veh_81 (at simulation time 323.201,900,000 s)
2024-06-04 00:13:10,895 INFO  - Atempting to process queue (at simulation time 323.300,000,000 s)
2024-06-04 00:13:10,895 INFO  - Vehicle is inside the detection area. (at simulation time 323.300,000,000 s)
2024-06-04 00:13:10,895 INFO  - Sent Detection message to rsu_0 (at simulation time 323.300,000,000 s)
2024-06-04 00:13:10,895 INFO  - Sent broadcast CAM message to all vehicles (at simulation time 323.300,000,000 s)
2024-06-04 00:13:10,896 INFO  - Received CAM message from veh_81 (at simulation time 323.300,400,000 s)
2024-06-04 00:13:10,896 INFO  - Received CAM message from veh_120 (at simulation time 323.300,900,000 s)
2024-06-04 00:13:10,896 INFO  - Received CAM message from veh_176 (at simulation time 323.301,400,000 s)
2024-06-04 00:13:10,896 INFO  - Received CAM message from veh_117 (at simulation time 323.301,400,000 s)
2024-06-04 00:13:10,897 INFO  - Atempting to process queue (at simulation time 323.400,000,000 s)
2024-06-04 00:13:10,897 INFO  - Vehicle is inside the detection area. (at simulation time 323.400,000,000 s)
2024-06-04 00:13:10,897 INFO  - Sent Detection message to rsu_0 (at simulation time 323.400,000,000 s)
2024-06-04 00:13:10,897 INFO  - Sent broadcast CAM message to all vehicles (at simulation time 323.400,000,000 s)
2024-06-04 00:13:10,898 INFO  - Received CAM message from veh_81 (at simulation time 323.400,400,000 s)
2024-06-04 00:13:10,898 INFO  - Received CAM message from veh_176 (at simulation time 323.400,900,000 s)
2024-06-04 00:13:10,898 INFO  - Received CAM message from veh_120 (at simulation time 323.400,900,000 s)
2024-06-04 00:13:10,898 INFO  - Received CAM message from veh_117 (at simulation time 323.401,900,000 s)
2024-06-04 00:13:10,899 INFO  - Atempting to process queue (at simulation time 323.500,000,000 s)
2024-06-04 00:13:10,899 INFO  - Vehicle is inside the detection area. (at simulation time 323.500,000,000 s)
2024-06-04 00:13:10,899 INFO  - Sent Detection message to rsu_0 (at simulation time 323.500,000,000 s)
2024-06-04 00:13:10,899 INFO  - Sent broadcast CAM message to all vehicles (at simulation time 323.500,000,000 s)
2024-06-04 00:13:10,899 INFO  - Received CAM message from veh_176 (at simulation time 323.500,400,000 s)
2024-06-04 00:13:10,899 INFO  - Received CAM message from veh_120 (at simulation time 323.500,900,000 s)
2024-06-04 00:13:10,899 INFO  - Received CAM message from veh_81 (at simulation time 323.500,900,000 s)
2024-06-04 00:13:10,900 INFO  - Received CAM message from veh_117 (at simulation time 323.501,900,000 s)
2024-06-04 00:13:10,900 INFO  - Atempting to process queue (at simulation time 323.600,000,000 s)
2024-06-04 00:13:10,900 INFO  - Vehicle is inside the detection area. (at simulation time 323.600,000,000 s)
2024-06-04 00:13:10,900 INFO  - Sent Detection message to rsu_0 (at simulation time 323.600,000,000 s)
2024-06-04 00:13:10,900 INFO  - Sent broadcast CAM message to all vehicles (at simulation time 323.600,000,000 s)
2024-06-04 00:13:10,900 INFO  - Received CAM message from veh_120 (at simulation time 323.600,400,000 s)
2024-06-04 00:13:10,900 INFO  - Received CAM message from veh_117 (at simulation time 323.600,400,000 s)
2024-06-04 00:13:10,900 INFO  - Received CAM message from veh_81 (at simulation time 323.600,400,000 s)
2024-06-04 00:13:10,901 INFO  - Received CAM message from veh_176 (at simulation time 323.602,400,000 s)
2024-06-04 00:13:10,901 INFO  - Atempting to process queue (at simulation time 323.700,000,000 s)
2024-06-04 00:13:10,901 INFO  - Vehicle is inside the detection area. (at simulation time 323.700,000,000 s)
2024-06-04 00:13:10,901 INFO  - Sent Detection message to rsu_0 (at simulation time 323.700,000,000 s)
2024-06-04 00:13:10,901 INFO  - Sent broadcast CAM message to all vehicles (at simulation time 323.700,000,000 s)
2024-06-04 00:13:10,902 INFO  - Received CAM message from veh_176 (at simulation time 323.700,400,000 s)
2024-06-04 00:13:10,902 INFO  - Received CAM message from veh_120 (at simulation time 323.700,900,000 s)
2024-06-04 00:13:10,902 INFO  - Received CAM message from veh_81 (at simulation time 323.700,900,000 s)
2024-06-04 00:13:10,902 INFO  - Received CAM message from veh_117 (at simulation time 323.702,400,000 s)
2024-06-04 00:13:10,902 INFO  - Atempting to process queue (at simulation time 323.800,000,000 s)
2024-06-04 00:13:10,902 INFO  - Vehicle is inside the detection area. (at simulation time 323.800,000,000 s)
2024-06-04 00:13:10,902 INFO  - Sent Detection message to rsu_0 (at simulation time 323.800,000,000 s)
2024-06-04 00:13:10,902 INFO  - Sent broadcast CAM message to all vehicles (at simulation time 323.800,000,000 s)
2024-06-04 00:13:10,903 INFO  - Received CAM message from veh_117 (at simulation time 323.800,900,000 s)
2024-06-04 00:13:10,903 INFO  - Received CAM message from veh_81 (at simulation time 323.801,400,000 s)
2024-06-04 00:13:10,903 INFO  - Received CAM message from veh_120 (at simulation time 323.801,900,000 s)
2024-06-04 00:13:10,903 INFO  - Received CAM message from veh_176 (at simulation time 323.802,400,000 s)
2024-06-04 00:13:10,904 INFO  - Atempting to process queue (at simulation time 323.900,000,000 s)
2024-06-04 00:13:10,904 INFO  - Vehicle is inside the detection area. (at simulation time 323.900,000,000 s)
2024-06-04 00:13:10,904 INFO  - Sent Detection message to rsu_0 (at simulation time 323.900,000,000 s)
2024-06-04 00:13:10,904 INFO  - Sent broadcast CAM message to all vehicles (at simulation time 323.900,000,000 s)
2024-06-04 00:13:10,904 INFO  - Received CAM message from veh_176 (at simulation time 323.900,400,000 s)
2024-06-04 00:13:10,904 INFO  - Received CAM message from veh_117 (at simulation time 323.900,400,000 s)
2024-06-04 00:13:10,904 INFO  - Received CAM message from veh_81 (at simulation time 323.900,900,000 s)
2024-06-04 00:13:10,905 INFO  - Received CAM message from veh_120 (at simulation time 323.901,900,000 s)
2024-06-04 00:13:10,907 INFO  - Atempting to process queue (at simulation time 324.000,000,000 s)
2024-06-04 00:13:10,907 INFO  - Vehicle is inside the detection area. (at simulation time 324.000,000,000 s)
2024-06-04 00:13:10,907 INFO  - Sent Detection message to rsu_0 (at simulation time 324.000,000,000 s)
2024-06-04 00:13:10,907 INFO  - Sent broadcast CAM message to all vehicles (at simulation time 324.000,000,000 s)
2024-06-04 00:13:10,909 INFO  - Received CAM message from veh_117 (at simulation time 324.000,400,000 s)
2024-06-04 00:13:10,909 INFO  - Received CAM message from veh_123 (at simulation time 324.000,900,000 s)
2024-06-04 00:13:10,909 INFO  - Received CAM message from veh_176 (at simulation time 324.001,400,000 s)
2024-06-04 00:13:10,910 INFO  - Received CAM message from veh_120 (at simulation time 324.001,400,000 s)
2024-06-04 00:13:10,910 INFO  - Received CAM message from veh_81 (at simulation time 324.001,900,000 s)
2024-06-04 00:13:10,910 INFO  - Atempting to process queue (at simulation time 324.100,000,000 s)
2024-06-04 00:13:10,910 INFO  - Vehicle is inside the detection area. (at simulation time 324.100,000,000 s)
2024-06-04 00:13:10,910 INFO  - Sent Detection message to rsu_0 (at simulation time 324.100,000,000 s)
2024-06-04 00:13:10,910 INFO  - Sent broadcast CAM message to all vehicles (at simulation time 324.100,000,000 s)
2024-06-04 00:13:10,911 INFO  - Received CAM message from veh_81 (at simulation time 324.101,400,000 s)
2024-06-04 00:13:10,911 INFO  - Received CAM message from veh_123 (at simulation time 324.101,900,000 s)
2024-06-04 00:13:10,911 INFO  - Received CAM message from veh_176 (at simulation time 324.102,400,000 s)
2024-06-04 00:13:10,911 INFO  - Received CAM message from veh_120 (at simulation time 324.102,400,000 s)
2024-06-04 00:13:10,911 INFO  - Received CAM message from veh_117 (at simulation time 324.102,400,000 s)
2024-06-04 00:13:10,912 INFO  - Atempting to process queue (at simulation time 324.200,000,000 s)
2024-06-04 00:13:10,912 INFO  - Vehicle is inside the detection area. (at simulation time 324.200,000,000 s)
2024-06-04 00:13:10,912 INFO  - Sent Detection message to rsu_0 (at simulation time 324.200,000,000 s)
2024-06-04 00:13:10,912 INFO  - Sent broadcast CAM message to all vehicles (at simulation time 324.200,000,000 s)
2024-06-04 00:13:10,913 INFO  - Received CAM message from veh_120 (at simulation time 324.200,400,000 s)
2024-06-04 00:13:10,913 INFO  - Received CAM message from veh_81 (at simulation time 324.200,400,000 s)
2024-06-04 00:13:10,913 INFO  - Received CAM message from veh_176 (at simulation time 324.201,400,000 s)
2024-06-04 00:13:10,913 INFO  - Received CAM message from veh_123 (at simulation time 324.201,900,000 s)
2024-06-04 00:13:10,913 INFO  - Received CAM message from veh_117 (at simulation time 324.201,900,000 s)
2024-06-04 00:13:10,913 INFO  - Atempting to process queue (at simulation time 324.300,000,000 s)
2024-06-04 00:13:10,913 INFO  - Vehicle is inside the detection area. (at simulation time 324.300,000,000 s)
2024-06-04 00:13:10,913 INFO  - Sent Detection message to rsu_0 (at simulation time 324.300,000,000 s)
2024-06-04 00:13:10,913 INFO  - Sent broadcast CAM message to all vehicles (at simulation time 324.300,000,000 s)
2024-06-04 00:13:10,914 INFO  - Received CAM message from veh_117 (at simulation time 324.300,900,000 s)
2024-06-04 00:13:10,914 INFO  - Received CAM message from veh_176 (at simulation time 324.301,400,000 s)
2024-06-04 00:13:10,914 INFO  - Received CAM message from veh_123 (at simulation time 324.301,400,000 s)
2024-06-04 00:13:10,915 INFO  - Received CAM message from veh_81 (at simulation time 324.301,400,000 s)
2024-06-04 00:13:10,915 INFO  - Received CAM message from veh_120 (at simulation time 324.302,400,000 s)
2024-06-04 00:13:10,915 INFO  - Atempting to process queue (at simulation time 324.400,000,000 s)
2024-06-04 00:13:10,915 INFO  - Vehicle is inside the detection area. (at simulation time 324.400,000,000 s)
2024-06-04 00:13:10,915 INFO  - Sent Detection message to rsu_0 (at simulation time 324.400,000,000 s)
2024-06-04 00:13:10,915 INFO  - Sent broadcast CAM message to all vehicles (at simulation time 324.400,000,000 s)
2024-06-04 00:13:10,916 INFO  - Received CAM message from veh_81 (at simulation time 324.400,400,000 s)
2024-06-04 00:13:10,916 INFO  - Received CAM message from veh_123 (at simulation time 324.400,900,000 s)
2024-06-04 00:13:10,916 INFO  - Received CAM message from veh_176 (at simulation time 324.401,400,000 s)
2024-06-04 00:13:10,916 INFO  - Received CAM message from veh_120 (at simulation time 324.402,400,000 s)
2024-06-04 00:13:10,916 INFO  - Received CAM message from veh_117 (at simulation time 324.402,400,000 s)
2024-06-04 00:13:10,917 INFO  - Atempting to process queue (at simulation time 324.500,000,000 s)
2024-06-04 00:13:10,917 INFO  - Vehicle is inside the detection area. (at simulation time 324.500,000,000 s)
2024-06-04 00:13:10,917 INFO  - Sent Detection message to rsu_0 (at simulation time 324.500,000,000 s)
2024-06-04 00:13:10,917 INFO  - Sent broadcast CAM message to all vehicles (at simulation time 324.500,000,000 s)
2024-06-04 00:13:10,917 INFO  - Received CAM message from veh_176 (at simulation time 324.500,400,000 s)
2024-06-04 00:13:10,917 INFO  - Received CAM message from veh_123 (at simulation time 324.500,400,000 s)
2024-06-04 00:13:10,917 INFO  - Received CAM message from veh_120 (at simulation time 324.500,400,000 s)
2024-06-04 00:13:10,917 INFO  - Received CAM message from veh_117 (at simulation time 324.500,900,000 s)
2024-06-04 00:13:10,918 INFO  - Received CAM message from veh_81 (at simulation time 324.501,900,000 s)
2024-06-04 00:13:10,918 INFO  - Atempting to process queue (at simulation time 324.600,000,000 s)
2024-06-04 00:13:10,918 INFO  - Vehicle is inside the detection area. (at simulation time 324.600,000,000 s)
2024-06-04 00:13:10,918 INFO  - Sent Detection message to rsu_0 (at simulation time 324.600,000,000 s)
2024-06-04 00:13:10,918 INFO  - Sent broadcast CAM message to all vehicles (at simulation time 324.600,000,000 s)
2024-06-04 00:13:10,919 INFO  - Received CAM message from veh_117 (at simulation time 324.600,400,000 s)
2024-06-04 00:13:10,919 INFO  - Received CAM message from veh_81 (at simulation time 324.600,400,000 s)
2024-06-04 00:13:10,919 INFO  - Received CAM message from veh_120 (at simulation time 324.600,900,000 s)
2024-06-04 00:13:10,920 INFO  - Received CAM message from veh_123 (at simulation time 324.601,900,000 s)
2024-06-04 00:13:10,920 INFO  - Received CAM message from veh_176 (at simulation time 324.602,400,000 s)
2024-06-04 00:13:10,920 INFO  - Atempting to process queue (at simulation time 324.700,000,000 s)
2024-06-04 00:13:10,920 INFO  - Vehicle is inside the detection area. (at simulation time 324.700,000,000 s)
2024-06-04 00:13:10,920 INFO  - Sent Detection message to rsu_0 (at simulation time 324.700,000,000 s)
2024-06-04 00:13:10,920 INFO  - Sent broadcast CAM message to all vehicles (at simulation time 324.700,000,000 s)
2024-06-04 00:13:10,920 INFO  - Received CAM message from veh_176 (at simulation time 324.700,400,000 s)
2024-06-04 00:13:10,920 INFO  - Received CAM message from veh_117 (at simulation time 324.700,900,000 s)
2024-06-04 00:13:10,921 INFO  - Received CAM message from veh_81 (at simulation time 324.701,400,000 s)
2024-06-04 00:13:10,921 INFO  - Received CAM message from veh_123 (at simulation time 324.702,400,000 s)
2024-06-04 00:13:10,921 INFO  - Received CAM message from veh_120 (at simulation time 324.702,400,000 s)
2024-06-04 00:13:10,921 INFO  - Atempting to process queue (at simulation time 324.800,000,000 s)
2024-06-04 00:13:10,921 INFO  - Vehicle is inside the detection area. (at simulation time 324.800,000,000 s)
2024-06-04 00:13:10,921 INFO  - Sent Detection message to rsu_0 (at simulation time 324.800,000,000 s)
2024-06-04 00:13:10,921 INFO  - Sent broadcast CAM message to all vehicles (at simulation time 324.800,000,000 s)
2024-06-04 00:13:10,922 INFO  - Received CAM message from veh_123 (at simulation time 324.800,400,000 s)
2024-06-04 00:13:10,922 INFO  - Received CAM message from veh_117 (at simulation time 324.800,900,000 s)
2024-06-04 00:13:10,922 INFO  - Received CAM message from veh_120 (at simulation time 324.801,400,000 s)
2024-06-04 00:13:10,922 INFO  - Received CAM message from veh_176 (at simulation time 324.801,900,000 s)
2024-06-04 00:13:10,922 INFO  - Received CAM message from veh_81 (at simulation time 324.801,900,000 s)
2024-06-04 00:13:10,922 INFO  - Atempting to process queue (at simulation time 324.900,000,000 s)
2024-06-04 00:13:10,922 INFO  - Vehicle is inside the detection area. (at simulation time 324.900,000,000 s)
2024-06-04 00:13:10,922 INFO  - Sent Detection message to rsu_0 (at simulation time 324.900,000,000 s)
2024-06-04 00:13:10,922 INFO  - Sent broadcast CAM message to all vehicles (at simulation time 324.900,000,000 s)
2024-06-04 00:13:10,923 INFO  - Received CAM message from veh_176 (at simulation time 324.900,900,000 s)
2024-06-04 00:13:10,923 INFO  - Received CAM message from veh_123 (at simulation time 324.900,900,000 s)
2024-06-04 00:13:10,923 INFO  - Received CAM message from veh_120 (at simulation time 324.901,400,000 s)
2024-06-04 00:13:10,923 INFO  - Received CAM message from veh_81 (at simulation time 324.901,400,000 s)
2024-06-04 00:13:10,923 INFO  - Received CAM message from veh_117 (at simulation time 324.901,900,000 s)
2024-06-04 00:13:10,930 INFO  - Atempting to process queue (at simulation time 325.000,000,000 s)
2024-06-04 00:13:10,930 INFO  - Vehicle is outside the detection area. (at simulation time 325.000,000,000 s)
2024-06-04 00:13:10,930 INFO  - Sent broadcast CAM message to all vehicles (at simulation time 325.000,000,000 s)
2024-06-04 00:13:10,932 INFO  - Received CAM message from veh_176 (at simulation time 325.000,400,000 s)
2024-06-04 00:13:10,933 INFO  - Received CAM message from veh_102 (at simulation time 325.000,900,000 s)
2024-06-04 00:13:10,933 INFO  - Received CAM message from veh_123 (at simulation time 325.001,900,000 s)
2024-06-04 00:13:10,933 INFO  - Received CAM message from veh_120 (at simulation time 325.001,900,000 s)
2024-06-04 00:13:10,933 INFO  - Received CAM message from veh_117 (at simulation time 325.001,900,000 s)
2024-06-04 00:13:10,933 INFO  - Received CAM message from veh_81 (at simulation time 325.001,900,000 s)
2024-06-04 00:13:10,933 INFO  - Atempting to process queue (at simulation time 325.100,000,000 s)
2024-06-04 00:13:10,933 INFO  - Vehicle is outside the detection area. (at simulation time 325.100,000,000 s)
2024-06-04 00:13:10,933 INFO  - Sent broadcast CAM message to all vehicles (at simulation time 325.100,000,000 s)
2024-06-04 00:13:10,934 INFO  - Received CAM message from veh_102 (at simulation time 325.100,400,000 s)
2024-06-04 00:13:10,934 INFO  - Received CAM message from veh_81 (at simulation time 325.100,900,000 s)
2024-06-04 00:13:10,934 INFO  - Received CAM message from veh_176 (at simulation time 325.101,400,000 s)
2024-06-04 00:13:10,934 INFO  - Received CAM message from veh_117 (at simulation time 325.101,400,000 s)
2024-06-04 00:13:10,935 INFO  - Received CAM message from veh_123 (at simulation time 325.101,900,000 s)
2024-06-04 00:13:10,935 INFO  - Received CAM message from veh_120 (at simulation time 325.102,400,000 s)
2024-06-04 00:13:10,935 INFO  - Atempting to process queue (at simulation time 325.200,000,000 s)
2024-06-04 00:13:10,935 INFO  - Vehicle is outside the detection area. (at simulation time 325.200,000,000 s)
2024-06-04 00:13:10,935 INFO  - Sent broadcast CAM message to all vehicles (at simulation time 325.200,000,000 s)
2024-06-04 00:13:10,936 INFO  - Received CAM message from veh_102 (at simulation time 325.200,400,000 s)
2024-06-04 00:13:10,936 INFO  - Received CAM message from veh_176 (at simulation time 325.200,900,000 s)
2024-06-04 00:13:10,936 INFO  - Received CAM message from veh_120 (at simulation time 325.200,900,000 s)
2024-06-04 00:13:10,936 INFO  - Received CAM message from veh_123 (at simulation time 325.201,400,000 s)
2024-06-04 00:13:10,936 INFO  - Received CAM message from veh_81 (at simulation time 325.201,900,000 s)
2024-06-04 00:13:10,936 INFO  - Received CAM message from veh_117 (at simulation time 325.202,400,000 s)
2024-06-04 00:13:10,936 INFO  - Atempting to process queue (at simulation time 325.300,000,000 s)
2024-06-04 00:13:10,936 INFO  - Vehicle is outside the detection area. (at simulation time 325.300,000,000 s)
2024-06-04 00:13:10,936 INFO  - Sent broadcast CAM message to all vehicles (at simulation time 325.300,000,000 s)
2024-06-04 00:13:10,937 INFO  - Received CAM message from veh_102 (at simulation time 325.300,400,000 s)
2024-06-04 00:13:10,937 INFO  - Received CAM message from veh_123 (at simulation time 325.300,900,000 s)
2024-06-04 00:13:10,937 INFO  - Received CAM message from veh_81 (at simulation time 325.300,900,000 s)
2024-06-04 00:13:10,937 INFO  - Received CAM message from veh_120 (at simulation time 325.301,400,000 s)
2024-06-04 00:13:10,937 INFO  - Received CAM message from veh_117 (at simulation time 325.301,400,000 s)
2024-06-04 00:13:10,937 INFO  - Received CAM message from veh_176 (at simulation time 325.301,900,000 s)
2024-06-04 00:13:10,938 INFO  - Atempting to process queue (at simulation time 325.400,000,000 s)
2024-06-04 00:13:10,938 INFO  - Vehicle is outside the detection area. (at simulation time 325.400,000,000 s)
2024-06-04 00:13:10,938 INFO  - Sent broadcast CAM message to all vehicles (at simulation time 325.400,000,000 s)
2024-06-04 00:13:10,938 INFO  - Received CAM message from veh_123 (at simulation time 325.400,400,000 s)
2024-06-04 00:13:10,939 INFO  - Received CAM message from veh_117 (at simulation time 325.400,900,000 s)
2024-06-04 00:13:10,939 INFO  - Received CAM message from veh_81 (at simulation time 325.400,900,000 s)
2024-06-04 00:13:10,939 INFO  - Received CAM message from veh_176 (at simulation time 325.401,400,000 s)
2024-06-04 00:13:10,939 INFO  - Received CAM message from veh_120 (at simulation time 325.401,400,000 s)
2024-06-04 00:13:10,939 INFO  - Received CAM message from veh_102 (at simulation time 325.401,900,000 s)
2024-06-04 00:13:10,939 INFO  - Atempting to process queue (at simulation time 325.500,000,000 s)
2024-06-04 00:13:10,939 INFO  - Vehicle is outside the detection area. (at simulation time 325.500,000,000 s)
2024-06-04 00:13:10,939 INFO  - Sent broadcast CAM message to all vehicles (at simulation time 325.500,000,000 s)
2024-06-04 00:13:10,940 INFO  - Received CAM message from veh_117 (at simulation time 325.500,400,000 s)
2024-06-04 00:13:10,940 INFO  - Received CAM message from veh_120 (at simulation time 325.500,900,000 s)
2024-06-04 00:13:10,940 INFO  - Received CAM message from veh_102 (at simulation time 325.500,900,000 s)
2024-06-04 00:13:10,940 INFO  - Received CAM message from veh_176 (at simulation time 325.501,400,000 s)
2024-06-04 00:13:10,940 INFO  - Received CAM message from veh_81 (at simulation time 325.501,400,000 s)
2024-06-04 00:13:10,940 INFO  - Received CAM message from veh_123 (at simulation time 325.501,900,000 s)
2024-06-04 00:13:10,941 INFO  - Atempting to process queue (at simulation time 325.600,000,000 s)
2024-06-04 00:13:10,941 INFO  - Vehicle is outside the detection area. (at simulation time 325.600,000,000 s)
2024-06-04 00:13:10,941 INFO  - Sent broadcast CAM message to all vehicles (at simulation time 325.600,000,000 s)
2024-06-04 00:13:10,941 INFO  - Received CAM message from veh_120 (at simulation time 325.600,400,000 s)
2024-06-04 00:13:10,941 INFO  - Received CAM message from veh_81 (at simulation time 325.600,400,000 s)
2024-06-04 00:13:10,941 INFO  - Received CAM message from veh_123 (at simulation time 325.600,900,000 s)
2024-06-04 00:13:10,941 INFO  - Received CAM message from veh_102 (at simulation time 325.601,400,000 s)
2024-06-04 00:13:10,942 INFO  - Received CAM message from veh_176 (at simulation time 325.601,900,000 s)
2024-06-04 00:13:10,942 INFO  - Received CAM message from veh_117 (at simulation time 325.602,400,000 s)
2024-06-04 00:13:10,942 INFO  - Atempting to process queue (at simulation time 325.700,000,000 s)
2024-06-04 00:13:10,942 INFO  - Vehicle is outside the detection area. (at simulation time 325.700,000,000 s)
2024-06-04 00:13:10,942 INFO  - Sent broadcast CAM message to all vehicles (at simulation time 325.700,000,000 s)
2024-06-04 00:13:10,942 INFO  - Received CAM message from veh_117 (at simulation time 325.700,400,000 s)
2024-06-04 00:13:10,943 INFO  - Received CAM message from veh_123 (at simulation time 325.701,400,000 s)
2024-06-04 00:13:10,943 INFO  - Received CAM message from veh_81 (at simulation time 325.701,400,000 s)
2024-06-04 00:13:10,943 INFO  - Received CAM message from veh_176 (at simulation time 325.702,400,000 s)
2024-06-04 00:13:10,943 INFO  - Received CAM message from veh_120 (at simulation time 325.702,400,000 s)
2024-06-04 00:13:10,943 INFO  - Received CAM message from veh_102 (at simulation time 325.702,400,000 s)
2024-06-04 00:13:10,943 INFO  - Atempting to process queue (at simulation time 325.800,000,000 s)
2024-06-04 00:13:10,943 INFO  - Vehicle is outside the detection area. (at simulation time 325.800,000,000 s)
2024-06-04 00:13:10,943 INFO  - Sent broadcast CAM message to all vehicles (at simulation time 325.800,000,000 s)
2024-06-04 00:13:10,944 INFO  - Received CAM message from veh_123 (at simulation time 325.800,900,000 s)
2024-06-04 00:13:10,944 INFO  - Received CAM message from veh_81 (at simulation time 325.800,900,000 s)
2024-06-04 00:13:10,944 INFO  - Received CAM message from veh_102 (at simulation time 325.801,400,000 s)
2024-06-04 00:13:10,944 INFO  - Received CAM message from veh_176 (at simulation time 325.801,900,000 s)
2024-06-04 00:13:10,944 INFO  - Received CAM message from veh_120 (at simulation time 325.801,900,000 s)
2024-06-04 00:13:10,944 INFO  - Received CAM message from veh_117 (at simulation time 325.802,400,000 s)
2024-06-04 00:13:10,945 INFO  - Atempting to process queue (at simulation time 325.900,000,000 s)
2024-06-04 00:13:10,945 INFO  - Vehicle is outside the detection area. (at simulation time 325.900,000,000 s)
2024-06-04 00:13:10,945 INFO  - Sent broadcast CAM message to all vehicles (at simulation time 325.900,000,000 s)
2024-06-04 00:13:10,945 INFO  - Received CAM message from veh_176 (at simulation time 325.900,400,000 s)
2024-06-04 00:13:10,945 INFO  - Received CAM message from veh_117 (at simulation time 325.900,900,000 s)
2024-06-04 00:13:10,945 INFO  - Received CAM message from veh_123 (at simulation time 325.901,400,000 s)
2024-06-04 00:13:10,945 INFO  - Received CAM message from veh_120 (at simulation time 325.901,400,000 s)
2024-06-04 00:13:10,946 INFO  - Received CAM message from veh_102 (at simulation time 325.902,400,000 s)
2024-06-04 00:13:10,946 INFO  - Received CAM message from veh_81 (at simulation time 325.902,400,000 s)
2024-06-04 00:13:10,949 INFO  - Atempting to process queue (at simulation time 326.000,000,000 s)
2024-06-04 00:13:10,949 INFO  - Vehicle is outside the detection area. (at simulation time 326.000,000,000 s)
2024-06-04 00:13:10,949 INFO  - Sent broadcast CAM message to all vehicles (at simulation time 326.000,000,000 s)
2024-06-04 00:13:10,952 INFO  - Received CAM message from veh_123 (at simulation time 326.000,400,000 s)
2024-06-04 00:13:10,952 INFO  - Received CAM message from veh_117 (at simulation time 326.000,400,000 s)
2024-06-04 00:13:10,952 INFO  - Received CAM message from veh_120 (at simulation time 326.001,400,000 s)
2024-06-04 00:13:10,953 INFO  - Received CAM message from veh_176 (at simulation time 326.002,400,000 s)
2024-06-04 00:13:10,953 INFO  - Received CAM message from veh_81 (at simulation time 326.002,400,000 s)
2024-06-04 00:13:10,953 INFO  - Atempting to process queue (at simulation time 326.100,000,000 s)
2024-06-04 00:13:10,953 INFO  - Vehicle is outside the detection area. (at simulation time 326.100,000,000 s)
2024-06-04 00:13:10,953 INFO  - Sent broadcast CAM message to all vehicles (at simulation time 326.100,000,000 s)
2024-06-04 00:13:10,953 INFO  - Received CAM message from veh_176 (at simulation time 326.100,400,000 s)
2024-06-04 00:13:10,954 INFO  - Received CAM message from veh_120 (at simulation time 326.100,900,000 s)
2024-06-04 00:13:10,954 INFO  - Received CAM message from veh_117 (at simulation time 326.100,900,000 s)
2024-06-04 00:13:10,954 INFO  - Received CAM message from veh_81 (at simulation time 326.100,900,000 s)
2024-06-04 00:13:10,954 INFO  - Received CAM message from veh_123 (at simulation time 326.101,400,000 s)
2024-06-04 00:13:10,955 INFO  - Atempting to process queue (at simulation time 326.200,000,000 s)
2024-06-04 00:13:10,955 INFO  - Vehicle is outside the detection area. (at simulation time 326.200,000,000 s)
2024-06-04 00:13:10,955 INFO  - Sent broadcast CAM message to all vehicles (at simulation time 326.200,000,000 s)
2024-06-04 00:13:10,956 INFO  - Received CAM message from veh_117 (at simulation time 326.200,400,000 s)
2024-06-04 00:13:10,956 INFO  - Received CAM message from veh_176 (at simulation time 326.201,400,000 s)
2024-06-04 00:13:10,956 INFO  - Received CAM message from veh_81 (at simulation time 326.201,400,000 s)
2024-06-04 00:13:10,956 INFO  - Received CAM message from veh_123 (at simulation time 326.202,400,000 s)
2024-06-04 00:13:10,956 INFO  - Received CAM message from veh_120 (at simulation time 326.202,400,000 s)
2024-06-04 00:13:10,956 INFO  - Atempting to process queue (at simulation time 326.300,000,000 s)
2024-06-04 00:13:10,956 INFO  - Vehicle is outside the detection area. (at simulation time 326.300,000,000 s)
2024-06-04 00:13:10,957 INFO  - Sent broadcast CAM message to all vehicles (at simulation time 326.300,000,000 s)
2024-06-04 00:13:10,957 INFO  - Received CAM message from veh_123 (at simulation time 326.300,400,000 s)
2024-06-04 00:13:10,957 INFO  - Received CAM message from veh_120 (at simulation time 326.300,400,000 s)
2024-06-04 00:13:10,957 INFO  - Received CAM message from veh_81 (at simulation time 326.300,400,000 s)
2024-06-04 00:13:10,958 INFO  - Received CAM message from veh_117 (at simulation time 326.301,900,000 s)
2024-06-04 00:13:10,958 INFO  - Received CAM message from veh_176 (at simulation time 326.302,400,000 s)
2024-06-04 00:13:10,958 INFO  - Atempting to process queue (at simulation time 326.400,000,000 s)
2024-06-04 00:13:10,958 INFO  - Vehicle is outside the detection area. (at simulation time 326.400,000,000 s)
2024-06-04 00:13:10,958 INFO  - Sent broadcast CAM message to all vehicles (at simulation time 326.400,000,000 s)
2024-06-04 00:13:10,959 INFO  - Received CAM message from veh_81 (at simulation time 326.400,400,000 s)
2024-06-04 00:13:10,959 INFO  - Received CAM message from veh_123 (at simulation time 326.400,900,000 s)
2024-06-04 00:13:10,960 INFO  - Received CAM message from veh_176 (at simulation time 326.401,900,000 s)
2024-06-04 00:13:10,960 INFO  - Received CAM message from veh_117 (at simulation time 326.401,900,000 s)
2024-06-04 00:13:10,960 INFO  - Received CAM message from veh_120 (at simulation time 326.402,400,000 s)
2024-06-04 00:13:10,960 INFO  - Atempting to process queue (at simulation time 326.500,000,000 s)
2024-06-04 00:13:10,960 INFO  - Vehicle is outside the detection area. (at simulation time 326.500,000,000 s)
2024-06-04 00:13:10,960 INFO  - Sent broadcast CAM message to all vehicles (at simulation time 326.500,000,000 s)
2024-06-04 00:13:10,960 INFO  - Received CAM message from veh_120 (at simulation time 326.500,400,000 s)
2024-06-04 00:13:10,961 INFO  - Received CAM message from veh_176 (at simulation time 326.500,900,000 s)
2024-06-04 00:13:10,961 INFO  - Received CAM message from veh_117 (at simulation time 326.500,900,000 s)
2024-06-04 00:13:10,961 INFO  - Received CAM message from veh_123 (at simulation time 326.501,400,000 s)
2024-06-04 00:13:10,961 INFO  - Received CAM message from veh_81 (at simulation time 326.501,400,000 s)
2024-06-04 00:13:10,962 INFO  - Atempting to process queue (at simulation time 326.600,000,000 s)
2024-06-04 00:13:10,962 INFO  - Vehicle is outside the detection area. (at simulation time 326.600,000,000 s)
2024-06-04 00:13:10,962 INFO  - Sent broadcast CAM message to all vehicles (at simulation time 326.600,000,000 s)
2024-06-04 00:13:10,962 INFO  - Received CAM message from veh_123 (at simulation time 326.600,900,000 s)
2024-06-04 00:13:10,962 INFO  - Received CAM message from veh_117 (at simulation time 326.600,900,000 s)
2024-06-04 00:13:10,963 INFO  - Received CAM message from veh_176 (at simulation time 326.601,400,000 s)
2024-06-04 00:13:10,963 INFO  - Received CAM message from veh_81 (at simulation time 326.601,400,000 s)
2024-06-04 00:13:10,963 INFO  - Received CAM message from veh_120 (at simulation time 326.601,900,000 s)
2024-06-04 00:13:10,963 INFO  - Atempting to process queue (at simulation time 326.700,000,000 s)
2024-06-04 00:13:10,963 INFO  - Vehicle is outside the detection area. (at simulation time 326.700,000,000 s)
2024-06-04 00:13:10,963 INFO  - Sent broadcast CAM message to all vehicles (at simulation time 326.700,000,000 s)
2024-06-04 00:13:10,964 INFO  - Received CAM message from veh_123 (at simulation time 326.700,900,000 s)
2024-06-04 00:13:10,964 INFO  - Received CAM message from veh_117 (at simulation time 326.700,900,000 s)
2024-06-04 00:13:10,965 INFO  - Received CAM message from veh_81 (at simulation time 326.701,900,000 s)
2024-06-04 00:13:10,965 INFO  - Received CAM message from veh_176 (at simulation time 326.702,400,000 s)
2024-06-04 00:13:10,965 INFO  - Received CAM message from veh_120 (at simulation time 326.702,400,000 s)
2024-06-04 00:13:10,965 INFO  - Atempting to process queue (at simulation time 326.800,000,000 s)
2024-06-04 00:13:10,965 INFO  - Vehicle is outside the detection area. (at simulation time 326.800,000,000 s)
2024-06-04 00:13:10,965 INFO  - Sent broadcast CAM message to all vehicles (at simulation time 326.800,000,000 s)
2024-06-04 00:13:10,966 INFO  - Received CAM message from veh_176 (at simulation time 326.800,400,000 s)
2024-06-04 00:13:10,966 INFO  - Received CAM message from veh_120 (at simulation time 326.800,900,000 s)
2024-06-04 00:13:10,966 INFO  - Received CAM message from veh_81 (at simulation time 326.800,900,000 s)
2024-06-04 00:13:10,967 INFO  - Received CAM message from veh_123 (at simulation time 326.801,900,000 s)
2024-06-04 00:13:10,967 INFO  - Received CAM message from veh_117 (at simulation time 326.802,400,000 s)
2024-06-04 00:13:10,967 INFO  - Atempting to process queue (at simulation time 326.900,000,000 s)
2024-06-04 00:13:10,967 INFO  - Vehicle is outside the detection area. (at simulation time 326.900,000,000 s)
2024-06-04 00:13:10,967 INFO  - Sent broadcast CAM message to all vehicles (at simulation time 326.900,000,000 s)
2024-06-04 00:13:10,968 INFO  - Received CAM message from veh_123 (at simulation time 326.900,900,000 s)
2024-06-04 00:13:10,968 INFO  - Received CAM message from veh_176 (at simulation time 326.901,400,000 s)
2024-06-04 00:13:10,968 INFO  - Received CAM message from veh_120 (at simulation time 326.901,400,000 s)
2024-06-04 00:13:10,968 INFO  - Received CAM message from veh_117 (at simulation time 326.901,400,000 s)
2024-06-04 00:13:10,968 INFO  - Received CAM message from veh_81 (at simulation time 326.901,900,000 s)
2024-06-04 00:13:10,971 INFO  - Atempting to process queue (at simulation time 327.000,000,000 s)
2024-06-04 00:13:10,971 INFO  - Vehicle is outside the detection area. (at simulation time 327.000,000,000 s)
2024-06-04 00:13:10,971 INFO  - Sent broadcast CAM message to all vehicles (at simulation time 327.000,000,000 s)
2024-06-04 00:13:10,972 INFO  - Received CAM message from veh_176 (at simulation time 327.000,400,000 s)
2024-06-04 00:13:10,972 INFO  - Received CAM message from veh_123 (at simulation time 327.000,400,000 s)
2024-06-04 00:13:10,973 INFO  - Received CAM message from veh_120 (at simulation time 327.000,900,000 s)
2024-06-04 00:13:10,973 INFO  - Received CAM message from veh_117 (at simulation time 327.002,400,000 s)
2024-06-04 00:13:10,973 INFO  - Received CAM message from veh_81 (at simulation time 327.002,400,000 s)
2024-06-04 00:13:10,973 INFO  - Atempting to process queue (at simulation time 327.100,000,000 s)
2024-06-04 00:13:10,973 INFO  - Vehicle is outside the detection area. (at simulation time 327.100,000,000 s)
2024-06-04 00:13:10,973 INFO  - Sent broadcast CAM message to all vehicles (at simulation time 327.100,000,000 s)
2024-06-04 00:13:10,974 INFO  - Received CAM message from veh_176 (at simulation time 327.100,900,000 s)
2024-06-04 00:13:10,974 INFO  - Received CAM message from veh_81 (at simulation time 327.100,900,000 s)
2024-06-04 00:13:10,974 INFO  - Received CAM message from veh_123 (at simulation time 327.101,400,000 s)
2024-06-04 00:13:10,974 INFO  - Received CAM message from veh_120 (at simulation time 327.101,400,000 s)
2024-06-04 00:13:10,974 INFO  - Received CAM message from veh_117 (at simulation time 327.101,400,000 s)
2024-06-04 00:13:10,974 INFO  - Atempting to process queue (at simulation time 327.200,000,000 s)
2024-06-04 00:13:10,974 INFO  - Vehicle is outside the detection area. (at simulation time 327.200,000,000 s)
2024-06-04 00:13:10,974 INFO  - Sent broadcast CAM message to all vehicles (at simulation time 327.200,000,000 s)
2024-06-04 00:13:10,975 INFO  - Received CAM message from veh_81 (at simulation time 327.200,400,000 s)
2024-06-04 00:13:10,975 INFO  - Received CAM message from veh_120 (at simulation time 327.201,400,000 s)
2024-06-04 00:13:10,975 INFO  - Received CAM message from veh_176 (at simulation time 327.201,900,000 s)
2024-06-04 00:13:10,975 INFO  - Received CAM message from veh_123 (at simulation time 327.201,900,000 s)
2024-06-04 00:13:10,976 INFO  - Received CAM message from veh_117 (at simulation time 327.202,400,000 s)
2024-06-04 00:13:10,976 INFO  - Atempting to process queue (at simulation time 327.300,000,000 s)
2024-06-04 00:13:10,976 INFO  - Vehicle is outside the detection area. (at simulation time 327.300,000,000 s)
2024-06-04 00:13:10,976 INFO  - Sent broadcast CAM message to all vehicles (at simulation time 327.300,000,000 s)
2024-06-04 00:13:10,976 INFO  - Received CAM message from veh_123 (at simulation time 327.300,400,000 s)
2024-06-04 00:13:10,976 INFO  - Received CAM message from veh_176 (at simulation time 327.300,900,000 s)
2024-06-04 00:13:10,976 INFO  - Received CAM message from veh_117 (at simulation time 327.300,900,000 s)
2024-06-04 00:13:10,977 INFO  - Received CAM message from veh_81 (at simulation time 327.301,900,000 s)
2024-06-04 00:13:10,977 INFO  - Received CAM message from veh_120 (at simulation time 327.302,400,000 s)
2024-06-04 00:13:10,977 INFO  - Atempting to process queue (at simulation time 327.400,000,000 s)
2024-06-04 00:13:10,977 INFO  - Vehicle is outside the detection area. (at simulation time 327.400,000,000 s)
2024-06-04 00:13:10,977 INFO  - Sent broadcast CAM message to all vehicles (at simulation time 327.400,000,000 s)
2024-06-04 00:13:10,977 INFO  - Received CAM message from veh_176 (at simulation time 327.400,400,000 s)
2024-06-04 00:13:10,978 INFO  - Received CAM message from veh_123 (at simulation time 327.400,400,000 s)
2024-06-04 00:13:10,978 INFO  - Received CAM message from veh_120 (at simulation time 327.400,900,000 s)
2024-06-04 00:13:10,978 INFO  - Received CAM message from veh_117 (at simulation time 327.401,400,000 s)
2024-06-04 00:13:10,979 INFO  - Received CAM message from veh_81 (at simulation time 327.402,400,000 s)
2024-06-04 00:13:10,979 INFO  - Atempting to process queue (at simulation time 327.500,000,000 s)
2024-06-04 00:13:10,979 INFO  - Vehicle is outside the detection area. (at simulation time 327.500,000,000 s)
2024-06-04 00:13:10,979 INFO  - Sent broadcast CAM message to all vehicles (at simulation time 327.500,000,000 s)
2024-06-04 00:13:10,979 INFO  - Received CAM message from veh_81 (at simulation time 327.500,400,000 s)
2024-06-04 00:13:10,979 INFO  - Received CAM message from veh_123 (at simulation time 327.500,900,000 s)
2024-06-04 00:13:10,979 INFO  - Received CAM message from veh_120 (at simulation time 327.500,900,000 s)
2024-06-04 00:13:10,980 INFO  - Received CAM message from veh_176 (at simulation time 327.501,400,000 s)
2024-06-04 00:13:10,980 INFO  - Received CAM message from veh_117 (at simulation time 327.501,400,000 s)
2024-06-04 00:13:10,980 INFO  - Atempting to process queue (at simulation time 327.600,000,000 s)
2024-06-04 00:13:10,980 INFO  - Vehicle is outside the detection area. (at simulation time 327.600,000,000 s)
2024-06-04 00:13:10,980 INFO  - Sent broadcast CAM message to all vehicles (at simulation time 327.600,000,000 s)
2024-06-04 00:13:10,981 INFO  - Received CAM message from veh_81 (at simulation time 327.600,400,000 s)
2024-06-04 00:13:10,981 INFO  - Received CAM message from veh_176 (at simulation time 327.601,900,000 s)
2024-06-04 00:13:10,981 INFO  - Received CAM message from veh_123 (at simulation time 327.601,900,000 s)
2024-06-04 00:13:10,981 INFO  - Received CAM message from veh_120 (at simulation time 327.601,900,000 s)
2024-06-04 00:13:10,981 INFO  - Received CAM message from veh_117 (at simulation time 327.601,900,000 s)
2024-06-04 00:13:10,982 INFO  - Atempting to process queue (at simulation time 327.700,000,000 s)
2024-06-04 00:13:10,982 INFO  - Vehicle is outside the detection area. (at simulation time 327.700,000,000 s)
2024-06-04 00:13:10,982 INFO  - Sent broadcast CAM message to all vehicles (at simulation time 327.700,000,000 s)
2024-06-04 00:13:10,983 INFO  - Received CAM message from veh_120 (at simulation time 327.700,400,000 s)
2024-06-04 00:13:10,983 INFO  - Received CAM message from veh_81 (at simulation time 327.700,400,000 s)
2024-06-04 00:13:10,983 INFO  - Received CAM message from veh_123 (at simulation time 327.700,900,000 s)
2024-06-04 00:13:10,983 INFO  - Received CAM message from veh_176 (at simulation time 327.701,900,000 s)
2024-06-04 00:13:10,984 INFO  - Received CAM message from veh_117 (at simulation time 327.702,400,000 s)
2024-06-04 00:13:10,984 INFO  - Atempting to process queue (at simulation time 327.800,000,000 s)
2024-06-04 00:13:10,984 INFO  - Vehicle is outside the detection area. (at simulation time 327.800,000,000 s)
2024-06-04 00:13:10,984 INFO  - Sent broadcast CAM message to all vehicles (at simulation time 327.800,000,000 s)
2024-06-04 00:13:10,985 INFO  - Received CAM message from veh_120 (at simulation time 327.801,400,000 s)
2024-06-04 00:13:10,985 INFO  - Received CAM message from veh_123 (at simulation time 327.801,900,000 s)
2024-06-04 00:13:10,985 INFO  - Received CAM message from veh_117 (at simulation time 327.801,900,000 s)
2024-06-04 00:13:10,985 INFO  - Received CAM message from veh_81 (at simulation time 327.801,900,000 s)
2024-06-04 00:13:10,985 INFO  - Received CAM message from veh_176 (at simulation time 327.802,400,000 s)
2024-06-04 00:13:10,985 INFO  - Atempting to process queue (at simulation time 327.900,000,000 s)
2024-06-04 00:13:10,985 INFO  - Vehicle is outside the detection area. (at simulation time 327.900,000,000 s)
2024-06-04 00:13:10,985 INFO  - Sent broadcast CAM message to all vehicles (at simulation time 327.900,000,000 s)
2024-06-04 00:13:10,986 INFO  - Received CAM message from veh_123 (at simulation time 327.900,400,000 s)
2024-06-04 00:13:10,987 INFO  - Received CAM message from veh_120 (at simulation time 327.900,900,000 s)
2024-06-04 00:13:10,987 INFO  - Received CAM message from veh_81 (at simulation time 327.900,900,000 s)
2024-06-04 00:13:10,987 INFO  - Received CAM message from veh_176 (at simulation time 327.901,900,000 s)
2024-06-04 00:13:10,987 INFO  - Received CAM message from veh_117 (at simulation time 327.902,400,000 s)
2024-06-04 00:13:11,092 INFO  - Atempting to process queue (at simulation time 328.000,000,000 s)
2024-06-04 00:13:11,092 INFO  - Vehicle is outside the detection area. (at simulation time 328.000,000,000 s)
2024-06-04 00:13:11,092 INFO  - Sent broadcast CAM message to all vehicles (at simulation time 328.000,000,000 s)
2024-06-04 00:13:11,093 INFO  - Received CAM message from veh_120 (at simulation time 328.000,400,000 s)
2024-06-04 00:13:11,093 INFO  - Received CAM message from veh_176 (at simulation time 328.000,900,000 s)
2024-06-04 00:13:11,093 INFO  - Received CAM message from veh_117 (at simulation time 328.001,400,000 s)
2024-06-04 00:13:11,094 INFO  - Received CAM message from veh_81 (at simulation time 328.001,900,000 s)
2024-06-04 00:13:11,094 INFO  - Atempting to process queue (at simulation time 328.100,000,000 s)
2024-06-04 00:13:11,094 INFO  - Vehicle is outside the detection area. (at simulation time 328.100,000,000 s)
2024-06-04 00:13:11,094 INFO  - Sent broadcast CAM message to all vehicles (at simulation time 328.100,000,000 s)
2024-06-04 00:13:11,094 INFO  - Received CAM message from veh_120 (at simulation time 328.100,400,000 s)
2024-06-04 00:13:11,094 INFO  - Received CAM message from veh_176 (at simulation time 328.100,900,000 s)
2024-06-04 00:13:11,094 INFO  - Received CAM message from veh_117 (at simulation time 328.100,900,000 s)
2024-06-04 00:13:11,095 INFO  - Received CAM message from veh_81 (at simulation time 328.102,400,000 s)
2024-06-04 00:13:11,095 INFO  - Atempting to process queue (at simulation time 328.200,000,000 s)
2024-06-04 00:13:11,095 INFO  - Vehicle is outside the detection area. (at simulation time 328.200,000,000 s)
2024-06-04 00:13:11,095 INFO  - Sent broadcast CAM message to all vehicles (at simulation time 328.200,000,000 s)
2024-06-04 00:13:11,095 INFO  - Received CAM message from veh_81 (at simulation time 328.200,400,000 s)
2024-06-04 00:13:11,096 INFO  - Received CAM message from veh_117 (at simulation time 328.200,900,000 s)
2024-06-04 00:13:11,097 INFO  - Received CAM message from veh_120 (at simulation time 328.201,900,000 s)
2024-06-04 00:13:11,097 INFO  - Received CAM message from veh_176 (at simulation time 328.202,400,000 s)
2024-06-04 00:13:11,097 INFO  - Atempting to process queue (at simulation time 328.300,000,000 s)
2024-06-04 00:13:11,097 INFO  - Vehicle is outside the detection area. (at simulation time 328.300,000,000 s)
2024-06-04 00:13:11,097 INFO  - Sent broadcast CAM message to all vehicles (at simulation time 328.300,000,000 s)
2024-06-04 00:13:11,097 INFO  - Received CAM message from veh_176 (at simulation time 328.300,400,000 s)
2024-06-04 00:13:11,098 INFO  - Received CAM message from veh_117 (at simulation time 328.300,400,000 s)
2024-06-04 00:13:11,098 INFO  - Received CAM message from veh_81 (at simulation time 328.300,400,000 s)
2024-06-04 00:13:11,098 INFO  - Received CAM message from veh_120 (at simulation time 328.301,900,000 s)
2024-06-04 00:13:11,099 INFO  - Atempting to process queue (at simulation time 328.400,000,000 s)
2024-06-04 00:13:11,099 INFO  - Vehicle is outside the detection area. (at simulation time 328.400,000,000 s)
2024-06-04 00:13:11,099 INFO  - Sent broadcast CAM message to all vehicles (at simulation time 328.400,000,000 s)
2024-06-04 00:13:11,099 INFO  - Received CAM message from veh_120 (at simulation time 328.400,400,000 s)
2024-06-04 00:13:11,099 INFO  - Received CAM message from veh_81 (at simulation time 328.400,900,000 s)
2024-06-04 00:13:11,100 INFO  - Received CAM message from veh_176 (at simulation time 328.401,400,000 s)
2024-06-04 00:13:11,100 INFO  - Received CAM message from veh_117 (at simulation time 328.402,400,000 s)
2024-06-04 00:13:11,100 INFO  - Atempting to process queue (at simulation time 328.500,000,000 s)
2024-06-04 00:13:11,100 INFO  - Vehicle is outside the detection area. (at simulation time 328.500,000,000 s)
2024-06-04 00:13:11,101 INFO  - Sent broadcast CAM message to all vehicles (at simulation time 328.500,000,000 s)
2024-06-04 00:13:11,101 INFO  - Received CAM message from veh_117 (at simulation time 328.500,900,000 s)
2024-06-04 00:13:11,102 INFO  - Received CAM message from veh_176 (at simulation time 328.501,400,000 s)
2024-06-04 00:13:11,102 INFO  - Received CAM message from veh_120 (at simulation time 328.501,900,000 s)
2024-06-04 00:13:11,102 INFO  - Received CAM message from veh_81 (at simulation time 328.502,400,000 s)
2024-06-04 00:13:11,102 INFO  - Atempting to process queue (at simulation time 328.600,000,000 s)
2024-06-04 00:13:11,102 INFO  - Vehicle is outside the detection area. (at simulation time 328.600,000,000 s)
2024-06-04 00:13:11,102 INFO  - Sent broadcast CAM message to all vehicles (at simulation time 328.600,000,000 s)
2024-06-04 00:13:11,103 INFO  - Received CAM message from veh_176 (at simulation time 328.600,400,000 s)
2024-06-04 00:13:11,103 INFO  - Received CAM message from veh_120 (at simulation time 328.600,400,000 s)
2024-06-04 00:13:11,103 INFO  - Received CAM message from veh_117 (at simulation time 328.601,400,000 s)
2024-06-04 00:13:11,103 INFO  - Received CAM message from veh_81 (at simulation time 328.601,900,000 s)
2024-06-04 00:13:11,104 INFO  - Atempting to process queue (at simulation time 328.700,000,000 s)
2024-06-04 00:13:11,104 INFO  - Vehicle is outside the detection area. (at simulation time 328.700,000,000 s)
2024-06-04 00:13:11,104 INFO  - Sent broadcast CAM message to all vehicles (at simulation time 328.700,000,000 s)
2024-06-04 00:13:11,104 INFO  - Received CAM message from veh_117 (at simulation time 328.700,400,000 s)
2024-06-04 00:13:11,105 INFO  - Received CAM message from veh_176 (at simulation time 328.700,900,000 s)
2024-06-04 00:13:11,105 INFO  - Received CAM message from veh_81 (at simulation time 328.701,400,000 s)
2024-06-04 00:13:11,105 INFO  - Received CAM message from veh_120 (at simulation time 328.702,400,000 s)
2024-06-04 00:13:11,105 INFO  - Atempting to process queue (at simulation time 328.800,000,000 s)
2024-06-04 00:13:11,105 INFO  - Vehicle is outside the detection area. (at simulation time 328.800,000,000 s)
2024-06-04 00:13:11,105 INFO  - Sent broadcast CAM message to all vehicles (at simulation time 328.800,000,000 s)
2024-06-04 00:13:11,106 INFO  - Received CAM message from veh_176 (at simulation time 328.800,400,000 s)
2024-06-04 00:13:11,106 INFO  - Received CAM message from veh_81 (at simulation time 328.800,400,000 s)
2024-06-04 00:13:11,106 INFO  - Received CAM message from veh_117 (at simulation time 328.800,900,000 s)
2024-06-04 00:13:11,107 INFO  - Received CAM message from veh_120 (at simulation time 328.802,400,000 s)
2024-06-04 00:13:11,107 INFO  - Atempting to process queue (at simulation time 328.900,000,000 s)
2024-06-04 00:13:11,107 INFO  - Vehicle is outside the detection area. (at simulation time 328.900,000,000 s)
2024-06-04 00:13:11,107 INFO  - Sent broadcast CAM message to all vehicles (at simulation time 328.900,000,000 s)
2024-06-04 00:13:11,108 INFO  - Received CAM message from veh_120 (at simulation time 328.900,400,000 s)
2024-06-04 00:13:11,108 INFO  - Received CAM message from veh_81 (at simulation time 328.900,400,000 s)
2024-06-04 00:13:11,108 INFO  - Received CAM message from veh_176 (at simulation time 328.901,400,000 s)
2024-06-04 00:13:11,109 INFO  - Received CAM message from veh_117 (at simulation time 328.901,900,000 s)
2024-06-04 00:13:11,113 INFO  - Atempting to process queue (at simulation time 329.000,000,000 s)
2024-06-04 00:13:11,113 INFO  - Vehicle is outside the detection area. (at simulation time 329.000,000,000 s)
2024-06-04 00:13:11,113 INFO  - Sent broadcast CAM message to all vehicles (at simulation time 329.000,000,000 s)
2024-06-04 00:13:11,115 INFO  - Received CAM message from veh_176 (at simulation time 329.001,400,000 s)
2024-06-04 00:13:11,115 INFO  - Received CAM message from veh_117 (at simulation time 329.001,900,000 s)
2024-06-04 00:13:11,115 INFO  - Atempting to process queue (at simulation time 329.100,000,000 s)
2024-06-04 00:13:11,115 INFO  - Vehicle is outside the detection area. (at simulation time 329.100,000,000 s)
2024-06-04 00:13:11,115 INFO  - Sent broadcast CAM message to all vehicles (at simulation time 329.100,000,000 s)
2024-06-04 00:13:11,117 INFO  - Received CAM message from veh_176 (at simulation time 329.102,400,000 s)
2024-06-04 00:13:11,117 INFO  - Received CAM message from veh_117 (at simulation time 329.102,400,000 s)
2024-06-04 00:13:11,117 INFO  - Atempting to process queue (at simulation time 329.200,000,000 s)
2024-06-04 00:13:11,117 INFO  - Vehicle is outside the detection area. (at simulation time 329.200,000,000 s)
2024-06-04 00:13:11,117 INFO  - Sent broadcast CAM message to all vehicles (at simulation time 329.200,000,000 s)
2024-06-04 00:13:11,117 INFO  - Received CAM message from veh_117 (at simulation time 329.200,400,000 s)
2024-06-04 00:13:11,118 INFO  - Received CAM message from veh_176 (at simulation time 329.201,900,000 s)
2024-06-04 00:13:11,119 INFO  - Atempting to process queue (at simulation time 329.300,000,000 s)
2024-06-04 00:13:11,119 INFO  - Vehicle is outside the detection area. (at simulation time 329.300,000,000 s)
2024-06-04 00:13:11,119 INFO  - Sent broadcast CAM message to all vehicles (at simulation time 329.300,000,000 s)
2024-06-04 00:13:11,119 INFO  - Received CAM message from veh_117 (at simulation time 329.300,900,000 s)
2024-06-04 00:13:11,119 INFO  - Received CAM message from veh_176 (at simulation time 329.301,400,000 s)
2024-06-04 00:13:11,120 INFO  - Atempting to process queue (at simulation time 329.400,000,000 s)
2024-06-04 00:13:11,120 INFO  - Vehicle is outside the detection area. (at simulation time 329.400,000,000 s)
2024-06-04 00:13:11,120 INFO  - Sent broadcast CAM message to all vehicles (at simulation time 329.400,000,000 s)
2024-06-04 00:13:11,121 INFO  - Received CAM message from veh_176 (at simulation time 329.401,400,000 s)
2024-06-04 00:13:11,121 INFO  - Received CAM message from veh_117 (at simulation time 329.401,400,000 s)
2024-06-04 00:13:11,122 INFO  - Atempting to process queue (at simulation time 329.500,000,000 s)
2024-06-04 00:13:11,122 INFO  - Vehicle is outside the detection area. (at simulation time 329.500,000,000 s)
2024-06-04 00:13:11,122 INFO  - Sent broadcast CAM message to all vehicles (at simulation time 329.500,000,000 s)
2024-06-04 00:13:11,122 INFO  - Received CAM message from veh_117 (at simulation time 329.500,400,000 s)
2024-06-04 00:13:11,123 INFO  - Received CAM message from veh_176 (at simulation time 329.502,400,000 s)
2024-06-04 00:13:11,123 INFO  - Atempting to process queue (at simulation time 329.600,000,000 s)
2024-06-04 00:13:11,123 INFO  - Vehicle is outside the detection area. (at simulation time 329.600,000,000 s)
2024-06-04 00:13:11,123 INFO  - Sent broadcast CAM message to all vehicles (at simulation time 329.600,000,000 s)
2024-06-04 00:13:11,124 INFO  - Received CAM message from veh_176 (at simulation time 329.601,900,000 s)
2024-06-04 00:13:11,124 INFO  - Received CAM message from veh_117 (at simulation time 329.601,900,000 s)
2024-06-04 00:13:11,125 INFO  - Atempting to process queue (at simulation time 329.700,000,000 s)
2024-06-04 00:13:11,125 INFO  - Vehicle is outside the detection area. (at simulation time 329.700,000,000 s)
2024-06-04 00:13:11,125 INFO  - Sent broadcast CAM message to all vehicles (at simulation time 329.700,000,000 s)
2024-06-04 00:13:11,126 INFO  - Received CAM message from veh_176 (at simulation time 329.701,900,000 s)
2024-06-04 00:13:11,126 INFO  - Received CAM message from veh_117 (at simulation time 329.701,900,000 s)
2024-06-04 00:13:11,126 INFO  - Atempting to process queue (at simulation time 329.800,000,000 s)
2024-06-04 00:13:11,126 INFO  - Vehicle is outside the detection area. (at simulation time 329.800,000,000 s)
2024-06-04 00:13:11,126 INFO  - Sent broadcast CAM message to all vehicles (at simulation time 329.800,000,000 s)
2024-06-04 00:13:11,131 INFO  - Received CAM message from veh_176 (at simulation time 329.800,900,000 s)
2024-06-04 00:13:11,131 INFO  - Received CAM message from veh_117 (at simulation time 329.801,400,000 s)
2024-06-04 00:13:11,132 INFO  - Atempting to process queue (at simulation time 329.900,000,000 s)
2024-06-04 00:13:11,132 INFO  - Vehicle is outside the detection area. (at simulation time 329.900,000,000 s)
2024-06-04 00:13:11,132 INFO  - Sent broadcast CAM message to all vehicles (at simulation time 329.900,000,000 s)
2024-06-04 00:13:11,133 INFO  - Received CAM message from veh_117 (at simulation time 329.900,900,000 s)
2024-06-04 00:13:11,133 INFO  - Received CAM message from veh_176 (at simulation time 329.901,900,000 s)
2024-06-04 00:13:11,137 INFO  - Atempting to process queue (at simulation time 330.000,000,000 s)
2024-06-04 00:13:11,137 INFO  - Vehicle is outside the detection area. (at simulation time 330.000,000,000 s)
2024-06-04 00:13:11,137 INFO  - Sent broadcast CAM message to all vehicles (at simulation time 330.000,000,000 s)
2024-06-04 00:13:11,140 INFO  - Received CAM message from veh_176 (at simulation time 330.000,900,000 s)
2024-06-04 00:13:11,141 INFO  - Atempting to process queue (at simulation time 330.100,000,000 s)
2024-06-04 00:13:11,141 INFO  - Vehicle is outside the detection area. (at simulation time 330.100,000,000 s)
2024-06-04 00:13:11,141 INFO  - Sent broadcast CAM message to all vehicles (at simulation time 330.100,000,000 s)
2024-06-04 00:13:11,142 INFO  - Received CAM message from veh_176 (at simulation time 330.102,400,000 s)
2024-06-04 00:13:11,142 INFO  - Atempting to process queue (at simulation time 330.200,000,000 s)
2024-06-04 00:13:11,142 INFO  - Vehicle is outside the detection area. (at simulation time 330.200,000,000 s)
2024-06-04 00:13:11,142 INFO  - Sent broadcast CAM message to all vehicles (at simulation time 330.200,000,000 s)
2024-06-04 00:13:11,143 INFO  - Received CAM message from veh_176 (at simulation time 330.201,400,000 s)
2024-06-04 00:13:11,143 INFO  - Atempting to process queue (at simulation time 330.300,000,000 s)
2024-06-04 00:13:11,143 INFO  - Vehicle is outside the detection area. (at simulation time 330.300,000,000 s)
2024-06-04 00:13:11,143 INFO  - Sent broadcast CAM message to all vehicles (at simulation time 330.300,000,000 s)
2024-06-04 00:13:11,144 INFO  - Received CAM message from veh_176 (at simulation time 330.302,400,000 s)
2024-06-04 00:13:11,144 INFO  - Atempting to process queue (at simulation time 330.400,000,000 s)
2024-06-04 00:13:11,144 INFO  - Vehicle is outside the detection area. (at simulation time 330.400,000,000 s)
2024-06-04 00:13:11,144 INFO  - Sent broadcast CAM message to all vehicles (at simulation time 330.400,000,000 s)
2024-06-04 00:13:11,145 INFO  - Received CAM message from veh_176 (at simulation time 330.400,400,000 s)
2024-06-04 00:13:11,146 INFO  - Atempting to process queue (at simulation time 330.500,000,000 s)
2024-06-04 00:13:11,146 INFO  - Vehicle is outside the detection area. (at simulation time 330.500,000,000 s)
2024-06-04 00:13:11,146 INFO  - Sent broadcast CAM message to all vehicles (at simulation time 330.500,000,000 s)
2024-06-04 00:13:11,147 INFO  - Received CAM message from veh_176 (at simulation time 330.501,900,000 s)
2024-06-04 00:13:11,147 INFO  - Atempting to process queue (at simulation time 330.600,000,000 s)
2024-06-04 00:13:11,147 INFO  - Vehicle is outside the detection area. (at simulation time 330.600,000,000 s)
2024-06-04 00:13:11,147 INFO  - Sent broadcast CAM message to all vehicles (at simulation time 330.600,000,000 s)
2024-06-04 00:13:11,148 INFO  - Received CAM message from veh_176 (at simulation time 330.601,400,000 s)
2024-06-04 00:13:11,148 INFO  - Atempting to process queue (at simulation time 330.700,000,000 s)
2024-06-04 00:13:11,148 INFO  - Vehicle is outside the detection area. (at simulation time 330.700,000,000 s)
2024-06-04 00:13:11,148 INFO  - Sent broadcast CAM message to all vehicles (at simulation time 330.700,000,000 s)
2024-06-04 00:13:11,150 INFO  - Received CAM message from veh_176 (at simulation time 330.701,900,000 s)
2024-06-04 00:13:11,150 INFO  - Atempting to process queue (at simulation time 330.800,000,000 s)
2024-06-04 00:13:11,150 INFO  - Vehicle is outside the detection area. (at simulation time 330.800,000,000 s)
2024-06-04 00:13:11,150 INFO  - Sent broadcast CAM message to all vehicles (at simulation time 330.800,000,000 s)
2024-06-04 00:13:11,151 INFO  - Received CAM message from veh_176 (at simulation time 330.801,400,000 s)
2024-06-04 00:13:11,152 INFO  - Atempting to process queue (at simulation time 330.900,000,000 s)
2024-06-04 00:13:11,152 INFO  - Vehicle is outside the detection area. (at simulation time 330.900,000,000 s)
2024-06-04 00:13:11,152 INFO  - Sent broadcast CAM message to all vehicles (at simulation time 330.900,000,000 s)
2024-06-04 00:13:11,153 INFO  - Received CAM message from veh_176 (at simulation time 330.901,900,000 s)
2024-06-04 00:13:11,160 INFO  - Atempting to process queue (at simulation time 331.000,000,000 s)
2024-06-04 00:13:11,160 INFO  - Vehicle is outside the detection area. (at simulation time 331.000,000,000 s)
2024-06-04 00:13:11,160 INFO  - Sent broadcast CAM message to all vehicles (at simulation time 331.000,000,000 s)
2024-06-04 00:13:11,162 INFO  - Received CAM message from veh_176 (at simulation time 331.000,900,000 s)
2024-06-04 00:13:11,163 INFO  - Atempting to process queue (at simulation time 331.100,000,000 s)
2024-06-04 00:13:11,163 INFO  - Vehicle is outside the detection area. (at simulation time 331.100,000,000 s)
2024-06-04 00:13:11,163 INFO  - Sent broadcast CAM message to all vehicles (at simulation time 331.100,000,000 s)
2024-06-04 00:13:11,164 INFO  - Received CAM message from veh_176 (at simulation time 331.101,900,000 s)
2024-06-04 00:13:11,164 INFO  - Atempting to process queue (at simulation time 331.200,000,000 s)
2024-06-04 00:13:11,164 INFO  - Vehicle is outside the detection area. (at simulation time 331.200,000,000 s)
2024-06-04 00:13:11,164 INFO  - Sent broadcast CAM message to all vehicles (at simulation time 331.200,000,000 s)
2024-06-04 00:13:11,165 INFO  - Received CAM message from veh_176 (at simulation time 331.200,900,000 s)
2024-06-04 00:13:11,166 INFO  - Atempting to process queue (at simulation time 331.300,000,000 s)
2024-06-04 00:13:11,166 INFO  - Vehicle is outside the detection area. (at simulation time 331.300,000,000 s)
2024-06-04 00:13:11,166 INFO  - Sent broadcast CAM message to all vehicles (at simulation time 331.300,000,000 s)
2024-06-04 00:13:11,167 INFO  - Received CAM message from veh_176 (at simulation time 331.302,400,000 s)
2024-06-04 00:13:11,167 INFO  - Atempting to process queue (at simulation time 331.400,000,000 s)
2024-06-04 00:13:11,167 INFO  - Vehicle is outside the detection area. (at simulation time 331.400,000,000 s)
2024-06-04 00:13:11,167 INFO  - Sent broadcast CAM message to all vehicles (at simulation time 331.400,000,000 s)
2024-06-04 00:13:11,170 INFO  - Received CAM message from veh_176 (at simulation time 331.401,900,000 s)
2024-06-04 00:13:11,171 INFO  - Atempting to process queue (at simulation time 331.500,000,000 s)
2024-06-04 00:13:11,171 INFO  - Vehicle is outside the detection area. (at simulation time 331.500,000,000 s)
2024-06-04 00:13:11,171 INFO  - Sent broadcast CAM message to all vehicles (at simulation time 331.500,000,000 s)
2024-06-04 00:13:11,172 INFO  - Received CAM message from veh_176 (at simulation time 331.500,400,000 s)
2024-06-04 00:13:11,174 INFO  - Atempting to process queue (at simulation time 331.600,000,000 s)
2024-06-04 00:13:11,174 INFO  - Vehicle is outside the detection area. (at simulation time 331.600,000,000 s)
2024-06-04 00:13:11,174 INFO  - Sent broadcast CAM message to all vehicles (at simulation time 331.600,000,000 s)
2024-06-04 00:13:11,175 INFO  - Received CAM message from veh_176 (at simulation time 331.600,900,000 s)
2024-06-04 00:13:11,176 INFO  - Atempting to process queue (at simulation time 331.700,000,000 s)
2024-06-04 00:13:11,176 INFO  - Vehicle is outside the detection area. (at simulation time 331.700,000,000 s)
2024-06-04 00:13:11,176 INFO  - Sent broadcast CAM message to all vehicles (at simulation time 331.700,000,000 s)
2024-06-04 00:13:11,176 INFO  - Received CAM message from veh_176 (at simulation time 331.700,400,000 s)
2024-06-04 00:13:11,177 INFO  - Atempting to process queue (at simulation time 331.800,000,000 s)
2024-06-04 00:13:11,177 INFO  - Vehicle is outside the detection area. (at simulation time 331.800,000,000 s)
2024-06-04 00:13:11,177 INFO  - Sent broadcast CAM message to all vehicles (at simulation time 331.800,000,000 s)
2024-06-04 00:13:11,179 INFO  - Received CAM message from veh_176 (at simulation time 331.802,400,000 s)
2024-06-04 00:13:11,179 INFO  - Atempting to process queue (at simulation time 331.900,000,000 s)
2024-06-04 00:13:11,179 INFO  - Vehicle is outside the detection area. (at simulation time 331.900,000,000 s)
2024-06-04 00:13:11,179 INFO  - Sent broadcast CAM message to all vehicles (at simulation time 331.900,000,000 s)
2024-06-04 00:13:11,180 INFO  - Received CAM message from veh_176 (at simulation time 331.901,900,000 s)
2024-06-04 00:13:11,184 INFO  - Atempting to process queue (at simulation time 332.000,000,000 s)
2024-06-04 00:13:11,184 INFO  - Vehicle is outside the detection area. (at simulation time 332.000,000,000 s)
2024-06-04 00:13:11,184 INFO  - Sent broadcast CAM message to all vehicles (at simulation time 332.000,000,000 s)
2024-06-04 00:13:11,186 INFO  - Received CAM message from veh_176 (at simulation time 332.000,900,000 s)
2024-06-04 00:13:11,187 INFO  - Atempting to process queue (at simulation time 332.100,000,000 s)
2024-06-04 00:13:11,187 INFO  - Vehicle is outside the detection area. (at simulation time 332.100,000,000 s)
2024-06-04 00:13:11,187 INFO  - Sent broadcast CAM message to all vehicles (at simulation time 332.100,000,000 s)
2024-06-04 00:13:11,187 INFO  - Received CAM message from veh_176 (at simulation time 332.100,400,000 s)
2024-06-04 00:13:11,188 INFO  - Atempting to process queue (at simulation time 332.200,000,000 s)
2024-06-04 00:13:11,188 INFO  - Vehicle is outside the detection area. (at simulation time 332.200,000,000 s)
2024-06-04 00:13:11,188 INFO  - Sent broadcast CAM message to all vehicles (at simulation time 332.200,000,000 s)
2024-06-04 00:13:11,189 INFO  - Received CAM message from veh_176 (at simulation time 332.200,400,000 s)
2024-06-04 00:13:11,190 INFO  - Atempting to process queue (at simulation time 332.300,000,000 s)
2024-06-04 00:13:11,190 INFO  - Vehicle is outside the detection area. (at simulation time 332.300,000,000 s)
2024-06-04 00:13:11,190 INFO  - Sent broadcast CAM message to all vehicles (at simulation time 332.300,000,000 s)
2024-06-04 00:13:11,191 INFO  - Received CAM message from veh_176 (at simulation time 332.302,400,000 s)
2024-06-04 00:13:11,192 INFO  - Atempting to process queue (at simulation time 332.400,000,000 s)
2024-06-04 00:13:11,192 INFO  - Vehicle is outside the detection area. (at simulation time 332.400,000,000 s)
2024-06-04 00:13:11,192 INFO  - Sent broadcast CAM message to all vehicles (at simulation time 332.400,000,000 s)
2024-06-04 00:13:11,193 INFO  - Received CAM message from veh_176 (at simulation time 332.402,400,000 s)
2024-06-04 00:13:11,193 INFO  - Atempting to process queue (at simulation time 332.500,000,000 s)
2024-06-04 00:13:11,193 INFO  - Vehicle is outside the detection area. (at simulation time 332.500,000,000 s)
2024-06-04 00:13:11,193 INFO  - Sent broadcast CAM message to all vehicles (at simulation time 332.500,000,000 s)
2024-06-04 00:13:11,194 INFO  - Received CAM message from veh_176 (at simulation time 332.502,400,000 s)
2024-06-04 00:13:11,194 INFO  - Atempting to process queue (at simulation time 332.600,000,000 s)
2024-06-04 00:13:11,194 INFO  - Vehicle is outside the detection area. (at simulation time 332.600,000,000 s)
2024-06-04 00:13:11,194 INFO  - Sent broadcast CAM message to all vehicles (at simulation time 332.600,000,000 s)
2024-06-04 00:13:11,195 INFO  - Received CAM message from veh_176 (at simulation time 332.600,900,000 s)
2024-06-04 00:13:11,196 INFO  - Atempting to process queue (at simulation time 332.700,000,000 s)
2024-06-04 00:13:11,196 INFO  - Vehicle is outside the detection area. (at simulation time 332.700,000,000 s)
2024-06-04 00:13:11,196 INFO  - Sent broadcast CAM message to all vehicles (at simulation time 332.700,000,000 s)
2024-06-04 00:13:11,197 INFO  - Received CAM message from veh_176 (at simulation time 332.701,900,000 s)
2024-06-04 00:13:11,197 INFO  - Atempting to process queue (at simulation time 332.800,000,000 s)
2024-06-04 00:13:11,197 INFO  - Vehicle is outside the detection area. (at simulation time 332.800,000,000 s)
2024-06-04 00:13:11,197 INFO  - Sent broadcast CAM message to all vehicles (at simulation time 332.800,000,000 s)
2024-06-04 00:13:11,199 INFO  - Received CAM message from veh_176 (at simulation time 332.802,400,000 s)
2024-06-04 00:13:11,199 INFO  - Atempting to process queue (at simulation time 332.900,000,000 s)
2024-06-04 00:13:11,199 INFO  - Vehicle is outside the detection area. (at simulation time 332.900,000,000 s)
2024-06-04 00:13:11,199 INFO  - Sent broadcast CAM message to all vehicles (at simulation time 332.900,000,000 s)
2024-06-04 00:13:11,200 INFO  - Received CAM message from veh_176 (at simulation time 332.900,400,000 s)
2024-06-04 00:13:11,204 INFO  - Atempting to process queue (at simulation time 333.000,000,000 s)
2024-06-04 00:13:11,204 INFO  - Vehicle is outside the detection area. (at simulation time 333.000,000,000 s)
2024-06-04 00:13:11,204 INFO  - Sent broadcast CAM message to all vehicles (at simulation time 333.000,000,000 s)
2024-06-04 00:13:11,207 INFO  - Atempting to process queue (at simulation time 333.100,000,000 s)
2024-06-04 00:13:11,207 INFO  - Vehicle is outside the detection area. (at simulation time 333.100,000,000 s)
2024-06-04 00:13:11,207 INFO  - Sent broadcast CAM message to all vehicles (at simulation time 333.100,000,000 s)
2024-06-04 00:13:11,208 INFO  - Atempting to process queue (at simulation time 333.200,000,000 s)
2024-06-04 00:13:11,208 INFO  - Vehicle is outside the detection area. (at simulation time 333.200,000,000 s)
2024-06-04 00:13:11,208 INFO  - Sent broadcast CAM message to all vehicles (at simulation time 333.200,000,000 s)
2024-06-04 00:13:11,210 INFO  - Atempting to process queue (at simulation time 333.300,000,000 s)
2024-06-04 00:13:11,210 INFO  - Vehicle is outside the detection area. (at simulation time 333.300,000,000 s)
2024-06-04 00:13:11,210 INFO  - Sent broadcast CAM message to all vehicles (at simulation time 333.300,000,000 s)
2024-06-04 00:13:11,231 INFO  - Atempting to process queue (at simulation time 333.400,000,000 s)
2024-06-04 00:13:11,231 INFO  - Vehicle is outside the detection area. (at simulation time 333.400,000,000 s)
2024-06-04 00:13:11,231 INFO  - Sent broadcast CAM message to all vehicles (at simulation time 333.400,000,000 s)
2024-06-04 00:13:11,232 INFO  - Atempting to process queue (at simulation time 333.500,000,000 s)
2024-06-04 00:13:11,232 INFO  - Vehicle is outside the detection area. (at simulation time 333.500,000,000 s)
2024-06-04 00:13:11,232 INFO  - Sent broadcast CAM message to all vehicles (at simulation time 333.500,000,000 s)
2024-06-04 00:13:11,234 INFO  - Atempting to process queue (at simulation time 333.600,000,000 s)
2024-06-04 00:13:11,234 INFO  - Vehicle is outside the detection area. (at simulation time 333.600,000,000 s)
2024-06-04 00:13:11,234 INFO  - Sent broadcast CAM message to all vehicles (at simulation time 333.600,000,000 s)
2024-06-04 00:13:11,235 INFO  - Atempting to process queue (at simulation time 333.700,000,000 s)
2024-06-04 00:13:11,235 INFO  - Vehicle is outside the detection area. (at simulation time 333.700,000,000 s)
2024-06-04 00:13:11,235 INFO  - Sent broadcast CAM message to all vehicles (at simulation time 333.700,000,000 s)
2024-06-04 00:13:11,237 INFO  - Atempting to process queue (at simulation time 333.800,000,000 s)
2024-06-04 00:13:11,237 INFO  - Vehicle is outside the detection area. (at simulation time 333.800,000,000 s)
2024-06-04 00:13:11,237 INFO  - Sent broadcast CAM message to all vehicles (at simulation time 333.800,000,000 s)
2024-06-04 00:13:11,238 INFO  - Atempting to process queue (at simulation time 333.900,000,000 s)
2024-06-04 00:13:11,238 INFO  - Vehicle is outside the detection area. (at simulation time 333.900,000,000 s)
2024-06-04 00:13:11,238 INFO  - Sent broadcast CAM message to all vehicles (at simulation time 333.900,000,000 s)
2024-06-04 00:13:11,244 INFO  - Shutdown application (at simulation time 334.000,000,000 s)
