2024-06-04 00:13:05,743 INFO  - Initialize application (at simulation time 127.000,000,000 s)
2024-06-04 00:13:05,744 INFO  - Activated WLAN Module (at simulation time 127.000,000,000 s)
2024-06-04 00:13:05,744 INFO  - Vehicle is outside the detection area. (at simulation time 127.000,000,000 s)
2024-06-04 00:13:05,744 INFO  - Sent broadcast CAM message to all vehicles (at simulation time 127.000,000,000 s)
2024-06-04 00:13:05,746 INFO  - Vehicle is outside the detection area. (at simulation time 127.100,000,000 s)
2024-06-04 00:13:05,746 INFO  - Sent broadcast CAM message to all vehicles (at simulation time 127.100,000,000 s)
2024-06-04 00:13:05,748 INFO  - Vehicle is outside the detection area. (at simulation time 127.200,000,000 s)
2024-06-04 00:13:05,748 INFO  - Sent broadcast CAM message to all vehicles (at simulation time 127.200,000,000 s)
2024-06-04 00:13:05,750 INFO  - Vehicle is outside the detection area. (at simulation time 127.300,000,000 s)
2024-06-04 00:13:05,750 INFO  - Sent broadcast CAM message to all vehicles (at simulation time 127.300,000,000 s)
2024-06-04 00:13:05,752 INFO  - Vehicle is outside the detection area. (at simulation time 127.400,000,000 s)
2024-06-04 00:13:05,752 INFO  - Sent broadcast CAM message to all vehicles (at simulation time 127.400,000,000 s)
2024-06-04 00:13:05,754 INFO  - Vehicle is outside the detection area. (at simulation time 127.500,000,000 s)
2024-06-04 00:13:05,754 INFO  - Sent broadcast CAM message to all vehicles (at simulation time 127.500,000,000 s)
2024-06-04 00:13:05,756 INFO  - Vehicle is outside the detection area. (at simulation time 127.600,000,000 s)
2024-06-04 00:13:05,756 INFO  - Sent broadcast CAM message to all vehicles (at simulation time 127.600,000,000 s)
2024-06-04 00:13:05,758 INFO  - Vehicle is outside the detection area. (at simulation time 127.700,000,000 s)
2024-06-04 00:13:05,758 INFO  - Sent broadcast CAM message to all vehicles (at simulation time 127.700,000,000 s)
2024-06-04 00:13:05,760 INFO  - Vehicle is outside the detection area. (at simulation time 127.800,000,000 s)
2024-06-04 00:13:05,760 INFO  - Sent broadcast CAM message to all vehicles (at simulation time 127.800,000,000 s)
2024-06-04 00:13:05,761 INFO  - Vehicle is outside the detection area. (at simulation time 127.900,000,000 s)
2024-06-04 00:13:05,761 INFO  - Sent broadcast CAM message to all vehicles (at simulation time 127.900,000,000 s)
2024-06-04 00:13:05,766 INFO  - Vehicle is outside the detection area. (at simulation time 128.000,000,000 s)
2024-06-04 00:13:05,766 INFO  - Sent broadcast CAM message to all vehicles (at simulation time 128.000,000,000 s)
2024-06-04 00:13:05,769 INFO  - Vehicle is outside the detection area. (at simulation time 128.100,000,000 s)
2024-06-04 00:13:05,769 INFO  - Sent broadcast CAM message to all vehicles (at simulation time 128.100,000,000 s)
2024-06-04 00:13:05,771 INFO  - Vehicle is outside the detection area. (at simulation time 128.200,000,000 s)
2024-06-04 00:13:05,771 INFO  - Sent broadcast CAM message to all vehicles (at simulation time 128.200,000,000 s)
2024-06-04 00:13:05,773 INFO  - Vehicle is outside the detection area. (at simulation time 128.300,000,000 s)
2024-06-04 00:13:05,773 INFO  - Sent broadcast CAM message to all vehicles (at simulation time 128.300,000,000 s)
2024-06-04 00:13:05,775 INFO  - Vehicle is outside the detection area. (at simulation time 128.400,000,000 s)
2024-06-04 00:13:05,775 INFO  - Sent broadcast CAM message to all vehicles (at simulation time 128.400,000,000 s)
2024-06-04 00:13:05,777 INFO  - Vehicle is outside the detection area. (at simulation time 128.500,000,000 s)
2024-06-04 00:13:05,777 INFO  - Sent broadcast CAM message to all vehicles (at simulation time 128.500,000,000 s)
2024-06-04 00:13:05,778 INFO  - Vehicle is outside the detection area. (at simulation time 128.600,000,000 s)
2024-06-04 00:13:05,778 INFO  - Sent broadcast CAM message to all vehicles (at simulation time 128.600,000,000 s)
2024-06-04 00:13:05,780 INFO  - Vehicle is outside the detection area. (at simulation time 128.700,000,000 s)
2024-06-04 00:13:05,780 INFO  - Sent broadcast CAM message to all vehicles (at simulation time 128.700,000,000 s)
2024-06-04 00:13:05,782 INFO  - Vehicle is outside the detection area. (at simulation time 128.800,000,000 s)
2024-06-04 00:13:05,782 INFO  - Sent broadcast CAM message to all vehicles (at simulation time 128.800,000,000 s)
2024-06-04 00:13:05,784 INFO  - Vehicle is outside the detection area. (at simulation time 128.900,000,000 s)
2024-06-04 00:13:05,784 INFO  - Sent broadcast CAM message to all vehicles (at simulation time 128.900,000,000 s)
2024-06-04 00:13:05,788 INFO  - Vehicle is inside the detection area. (at simulation time 129.000,000,000 s)
2024-06-04 00:13:05,788 INFO  - Vehicle is too far away from the traffic light. (at simulation time 129.000,000,000 s)
2024-06-04 00:13:05,788 INFO  - No vehicles in range. (at simulation time 129.000,000,000 s)
2024-06-04 00:13:05,788 INFO  - Neither the RSU nor any vehicle is in range. (at simulation time 129.000,000,000 s)
2024-06-04 00:13:05,788 INFO  - Sent broadcast CAM message to all vehicles (at simulation time 129.000,000,000 s)
2024-06-04 00:13:05,791 INFO  - Vehicle is inside the detection area. (at simulation time 129.100,000,000 s)
2024-06-04 00:13:05,791 INFO  - Vehicle is too far away from the traffic light. (at simulation time 129.100,000,000 s)
2024-06-04 00:13:05,791 INFO  - No vehicles in range. (at simulation time 129.100,000,000 s)
2024-06-04 00:13:05,791 INFO  - Neither the RSU nor any vehicle is in range. (at simulation time 129.100,000,000 s)
2024-06-04 00:13:05,791 INFO  - Sent broadcast CAM message to all vehicles (at simulation time 129.100,000,000 s)
2024-06-04 00:13:05,793 INFO  - Vehicle is inside the detection area. (at simulation time 129.200,000,000 s)
2024-06-04 00:13:05,793 INFO  - Vehicle is too far away from the traffic light. (at simulation time 129.200,000,000 s)
2024-06-04 00:13:05,793 INFO  - No vehicles in range. (at simulation time 129.200,000,000 s)
2024-06-04 00:13:05,793 INFO  - Neither the RSU nor any vehicle is in range. (at simulation time 129.200,000,000 s)
2024-06-04 00:13:05,793 INFO  - Sent broadcast CAM message to all vehicles (at simulation time 129.200,000,000 s)
2024-06-04 00:13:05,794 INFO  - Vehicle is inside the detection area. (at simulation time 129.300,000,000 s)
2024-06-04 00:13:05,794 INFO  - Vehicle is too far away from the traffic light. (at simulation time 129.300,000,000 s)
2024-06-04 00:13:05,794 INFO  - No vehicles in range. (at simulation time 129.300,000,000 s)
2024-06-04 00:13:05,794 INFO  - Neither the RSU nor any vehicle is in range. (at simulation time 129.300,000,000 s)
2024-06-04 00:13:05,794 INFO  - Sent broadcast CAM message to all vehicles (at simulation time 129.300,000,000 s)
2024-06-04 00:13:05,796 INFO  - Vehicle is inside the detection area. (at simulation time 129.400,000,000 s)
2024-06-04 00:13:05,796 INFO  - Vehicle is too far away from the traffic light. (at simulation time 129.400,000,000 s)
2024-06-04 00:13:05,796 INFO  - No vehicles in range. (at simulation time 129.400,000,000 s)
2024-06-04 00:13:05,796 INFO  - Neither the RSU nor any vehicle is in range. (at simulation time 129.400,000,000 s)
2024-06-04 00:13:05,796 INFO  - Sent broadcast CAM message to all vehicles (at simulation time 129.400,000,000 s)
2024-06-04 00:13:05,797 INFO  - Vehicle is inside the detection area. (at simulation time 129.500,000,000 s)
2024-06-04 00:13:05,797 INFO  - Vehicle is too far away from the traffic light. (at simulation time 129.500,000,000 s)
2024-06-04 00:13:05,797 INFO  - No vehicles in range. (at simulation time 129.500,000,000 s)
2024-06-04 00:13:05,797 INFO  - Neither the RSU nor any vehicle is in range. (at simulation time 129.500,000,000 s)
2024-06-04 00:13:05,797 INFO  - Sent broadcast CAM message to all vehicles (at simulation time 129.500,000,000 s)
2024-06-04 00:13:05,799 INFO  - Vehicle is inside the detection area. (at simulation time 129.600,000,000 s)
2024-06-04 00:13:05,799 INFO  - Vehicle is too far away from the traffic light. (at simulation time 129.600,000,000 s)
2024-06-04 00:13:05,799 INFO  - No vehicles in range. (at simulation time 129.600,000,000 s)
2024-06-04 00:13:05,799 INFO  - Neither the RSU nor any vehicle is in range. (at simulation time 129.600,000,000 s)
2024-06-04 00:13:05,799 INFO  - Sent broadcast CAM message to all vehicles (at simulation time 129.600,000,000 s)
2024-06-04 00:13:05,801 INFO  - Vehicle is inside the detection area. (at simulation time 129.700,000,000 s)
2024-06-04 00:13:05,801 INFO  - Vehicle is too far away from the traffic light. (at simulation time 129.700,000,000 s)
2024-06-04 00:13:05,801 INFO  - No vehicles in range. (at simulation time 129.700,000,000 s)
2024-06-04 00:13:05,801 INFO  - Neither the RSU nor any vehicle is in range. (at simulation time 129.700,000,000 s)
2024-06-04 00:13:05,801 INFO  - Sent broadcast CAM message to all vehicles (at simulation time 129.700,000,000 s)
2024-06-04 00:13:05,803 INFO  - Vehicle is inside the detection area. (at simulation time 129.800,000,000 s)
2024-06-04 00:13:05,803 INFO  - Vehicle is too far away from the traffic light. (at simulation time 129.800,000,000 s)
2024-06-04 00:13:05,803 INFO  - No vehicles in range. (at simulation time 129.800,000,000 s)
2024-06-04 00:13:05,803 INFO  - Neither the RSU nor any vehicle is in range. (at simulation time 129.800,000,000 s)
2024-06-04 00:13:05,803 INFO  - Sent broadcast CAM message to all vehicles (at simulation time 129.800,000,000 s)
2024-06-04 00:13:05,804 INFO  - Vehicle is inside the detection area. (at simulation time 129.900,000,000 s)
2024-06-04 00:13:05,804 INFO  - Vehicle is too far away from the traffic light. (at simulation time 129.900,000,000 s)
2024-06-04 00:13:05,804 INFO  - No vehicles in range. (at simulation time 129.900,000,000 s)
2024-06-04 00:13:05,804 INFO  - Neither the RSU nor any vehicle is in range. (at simulation time 129.900,000,000 s)
2024-06-04 00:13:05,804 INFO  - Sent broadcast CAM message to all vehicles (at simulation time 129.900,000,000 s)
2024-06-04 00:13:05,810 INFO  - Vehicle is inside the detection area. (at simulation time 130.000,000,000 s)
2024-06-04 00:13:05,810 INFO  - Vehicle is too far away from the traffic light. (at simulation time 130.000,000,000 s)
2024-06-04 00:13:05,810 INFO  - No vehicles in range. (at simulation time 130.000,000,000 s)
2024-06-04 00:13:05,810 INFO  - Neither the RSU nor any vehicle is in range. (at simulation time 130.000,000,000 s)
2024-06-04 00:13:05,810 INFO  - Sent broadcast CAM message to all vehicles (at simulation time 130.000,000,000 s)
2024-06-04 00:13:05,811 INFO  - Vehicle is inside the detection area. (at simulation time 130.100,000,000 s)
2024-06-04 00:13:05,812 INFO  - Vehicle is too far away from the traffic light. (at simulation time 130.100,000,000 s)
2024-06-04 00:13:05,812 INFO  - No vehicles in range. (at simulation time 130.100,000,000 s)
2024-06-04 00:13:05,812 INFO  - Neither the RSU nor any vehicle is in range. (at simulation time 130.100,000,000 s)
2024-06-04 00:13:05,812 INFO  - Sent broadcast CAM message to all vehicles (at simulation time 130.100,000,000 s)
2024-06-04 00:13:05,813 INFO  - Vehicle is inside the detection area. (at simulation time 130.200,000,000 s)
2024-06-04 00:13:05,813 INFO  - Vehicle is too far away from the traffic light. (at simulation time 130.200,000,000 s)
2024-06-04 00:13:05,813 INFO  - No vehicles in range. (at simulation time 130.200,000,000 s)
2024-06-04 00:13:05,813 INFO  - Neither the RSU nor any vehicle is in range. (at simulation time 130.200,000,000 s)
2024-06-04 00:13:05,813 INFO  - Sent broadcast CAM message to all vehicles (at simulation time 130.200,000,000 s)
2024-06-04 00:13:05,814 INFO  - Vehicle is inside the detection area. (at simulation time 130.300,000,000 s)
2024-06-04 00:13:05,815 INFO  - Vehicle is too far away from the traffic light. (at simulation time 130.300,000,000 s)
2024-06-04 00:13:05,815 INFO  - No vehicles in range. (at simulation time 130.300,000,000 s)
2024-06-04 00:13:05,815 INFO  - Neither the RSU nor any vehicle is in range. (at simulation time 130.300,000,000 s)
2024-06-04 00:13:05,815 INFO  - Sent broadcast CAM message to all vehicles (at simulation time 130.300,000,000 s)
2024-06-04 00:13:05,816 INFO  - Vehicle is inside the detection area. (at simulation time 130.400,000,000 s)
2024-06-04 00:13:05,816 INFO  - Vehicle is too far away from the traffic light. (at simulation time 130.400,000,000 s)
2024-06-04 00:13:05,816 INFO  - No vehicles in range. (at simulation time 130.400,000,000 s)
2024-06-04 00:13:05,816 INFO  - Neither the RSU nor any vehicle is in range. (at simulation time 130.400,000,000 s)
2024-06-04 00:13:05,816 INFO  - Sent broadcast CAM message to all vehicles (at simulation time 130.400,000,000 s)
2024-06-04 00:13:05,818 INFO  - Vehicle is inside the detection area. (at simulation time 130.500,000,000 s)
2024-06-04 00:13:05,818 INFO  - Vehicle is too far away from the traffic light. (at simulation time 130.500,000,000 s)
2024-06-04 00:13:05,818 INFO  - No vehicles in range. (at simulation time 130.500,000,000 s)
2024-06-04 00:13:05,818 INFO  - Neither the RSU nor any vehicle is in range. (at simulation time 130.500,000,000 s)
2024-06-04 00:13:05,818 INFO  - Sent broadcast CAM message to all vehicles (at simulation time 130.500,000,000 s)
2024-06-04 00:13:05,820 INFO  - Vehicle is inside the detection area. (at simulation time 130.600,000,000 s)
2024-06-04 00:13:05,820 INFO  - Vehicle is too far away from the traffic light. (at simulation time 130.600,000,000 s)
2024-06-04 00:13:05,820 INFO  - No vehicles in range. (at simulation time 130.600,000,000 s)
2024-06-04 00:13:05,820 INFO  - Neither the RSU nor any vehicle is in range. (at simulation time 130.600,000,000 s)
2024-06-04 00:13:05,820 INFO  - Sent broadcast CAM message to all vehicles (at simulation time 130.600,000,000 s)
2024-06-04 00:13:05,821 INFO  - Vehicle is inside the detection area. (at simulation time 130.700,000,000 s)
2024-06-04 00:13:05,821 INFO  - Vehicle is too far away from the traffic light. (at simulation time 130.700,000,000 s)
2024-06-04 00:13:05,821 INFO  - No vehicles in range. (at simulation time 130.700,000,000 s)
2024-06-04 00:13:05,821 INFO  - Neither the RSU nor any vehicle is in range. (at simulation time 130.700,000,000 s)
2024-06-04 00:13:05,821 INFO  - Sent broadcast CAM message to all vehicles (at simulation time 130.700,000,000 s)
2024-06-04 00:13:05,823 INFO  - Vehicle is inside the detection area. (at simulation time 130.800,000,000 s)
2024-06-04 00:13:05,823 INFO  - Vehicle is too far away from the traffic light. (at simulation time 130.800,000,000 s)
2024-06-04 00:13:05,823 INFO  - No vehicles in range. (at simulation time 130.800,000,000 s)
2024-06-04 00:13:05,823 INFO  - Neither the RSU nor any vehicle is in range. (at simulation time 130.800,000,000 s)
2024-06-04 00:13:05,823 INFO  - Sent broadcast CAM message to all vehicles (at simulation time 130.800,000,000 s)
2024-06-04 00:13:05,824 INFO  - Vehicle is inside the detection area. (at simulation time 130.900,000,000 s)
2024-06-04 00:13:05,824 INFO  - Vehicle is too far away from the traffic light. (at simulation time 130.900,000,000 s)
2024-06-04 00:13:05,824 INFO  - No vehicles in range. (at simulation time 130.900,000,000 s)
2024-06-04 00:13:05,824 INFO  - Neither the RSU nor any vehicle is in range. (at simulation time 130.900,000,000 s)
2024-06-04 00:13:05,824 INFO  - Sent broadcast CAM message to all vehicles (at simulation time 130.900,000,000 s)
2024-06-04 00:13:05,828 INFO  - Atempting to process queue (at simulation time 131.000,000,000 s)
2024-06-04 00:13:05,828 INFO  - Vehicle is inside the detection area. (at simulation time 131.000,000,000 s)
2024-06-04 00:13:05,828 INFO  - Sent Detection message to rsu_0 (at simulation time 131.000,000,000 s)
2024-06-04 00:13:05,828 INFO  - Sent broadcast CAM message to all vehicles (at simulation time 131.000,000,000 s)
2024-06-04 00:13:05,830 INFO  - Received CAM message from veh_30 (at simulation time 131.000,400,000 s)
2024-06-04 00:13:05,830 INFO  - Received CAM message from veh_26 (at simulation time 131.000,900,000 s)
2024-06-04 00:13:05,830 INFO  - Received CAM message from veh_38 (at simulation time 131.001,400,000 s)
2024-06-04 00:13:05,830 INFO  - Received CAM message from veh_34 (at simulation time 131.001,900,000 s)
2024-06-04 00:13:05,831 INFO  - Received CAM message from veh_18 (at simulation time 131.002,400,000 s)
2024-06-04 00:13:05,831 INFO  - Atempting to process queue (at simulation time 131.100,000,000 s)
2024-06-04 00:13:05,831 INFO  - Vehicle is inside the detection area. (at simulation time 131.100,000,000 s)
2024-06-04 00:13:05,831 INFO  - Sent Detection message to rsu_0 (at simulation time 131.100,000,000 s)
2024-06-04 00:13:05,831 INFO  - Sent broadcast CAM message to all vehicles (at simulation time 131.100,000,000 s)
2024-06-04 00:13:05,832 INFO  - Received CAM message from veh_18 (at simulation time 131.100,400,000 s)
2024-06-04 00:13:05,832 INFO  - Received CAM message from veh_30 (at simulation time 131.100,900,000 s)
2024-06-04 00:13:05,832 INFO  - Received CAM message from veh_38 (at simulation time 131.101,400,000 s)
2024-06-04 00:13:05,832 INFO  - Received CAM message from veh_26 (at simulation time 131.101,900,000 s)
2024-06-04 00:13:05,833 INFO  - Received CAM message from veh_34 (at simulation time 131.102,400,000 s)
2024-06-04 00:13:05,833 INFO  - Atempting to process queue (at simulation time 131.200,000,000 s)
2024-06-04 00:13:05,833 INFO  - Vehicle is inside the detection area. (at simulation time 131.200,000,000 s)
2024-06-04 00:13:05,833 INFO  - Sent Detection message to rsu_0 (at simulation time 131.200,000,000 s)
2024-06-04 00:13:05,833 INFO  - Sent broadcast CAM message to all vehicles (at simulation time 131.200,000,000 s)
2024-06-04 00:13:05,834 INFO  - Received CAM message from veh_38 (at simulation time 131.200,900,000 s)
2024-06-04 00:13:05,834 INFO  - Received CAM message from veh_30 (at simulation time 131.200,900,000 s)
2024-06-04 00:13:05,834 INFO  - Received CAM message from veh_26 (at simulation time 131.201,400,000 s)
2024-06-04 00:13:05,834 INFO  - Received CAM message from veh_18 (at simulation time 131.201,400,000 s)
2024-06-04 00:13:05,835 INFO  - Received CAM message from veh_34 (at simulation time 131.202,400,000 s)
2024-06-04 00:13:05,835 INFO  - Atempting to process queue (at simulation time 131.300,000,000 s)
2024-06-04 00:13:05,835 INFO  - Vehicle is inside the detection area. (at simulation time 131.300,000,000 s)
2024-06-04 00:13:05,835 INFO  - Sent Detection message to rsu_0 (at simulation time 131.300,000,000 s)
2024-06-04 00:13:05,835 INFO  - Sent broadcast CAM message to all vehicles (at simulation time 131.300,000,000 s)
2024-06-04 00:13:05,837 INFO  - Received CAM message from veh_26 (at simulation time 131.300,400,000 s)
2024-06-04 00:13:05,837 INFO  - Received Control message from rsu_0 to veh_16 (at simulation time 131.300,400,000 s)
2024-06-04 00:13:05,837 INFO  - Forwarded Control message to veh_30 (at simulation time 131.300,400,000 s)
2024-06-04 00:13:05,837 INFO  - Received Control message from rsu_0 to veh_48 (at simulation time 131.300,400,000 s)
2024-06-04 00:13:05,837 INFO  - Forwarded Control message to veh_30 (at simulation time 131.300,400,000 s)
2024-06-04 00:13:05,837 INFO  - Received Control message from rsu_0 to veh_72 (at simulation time 131.300,400,000 s)
2024-06-04 00:13:05,837 INFO  - Forwarded Control message to veh_30 (at simulation time 131.300,400,000 s)
2024-06-04 00:13:05,837 INFO  - Received Control message from rsu_0 to veh_83 (at simulation time 131.300,400,000 s)
2024-06-04 00:13:05,837 INFO  - Current route: 1, lane: 0 (at simulation time 131.300,400,000 s)
2024-06-04 00:13:05,837 INFO  - Vehicle position: GeoPoint{lat=40.743556,lon=-73.988557,alt=0.00} (at simulation time 131.300,400,000 s)
2024-06-04 00:13:05,837 INFO  - Received Control message from rsu_0 to veh_32 (at simulation time 131.300,400,000 s)
2024-06-04 00:13:05,837 INFO  - Forwarded Control message to veh_30 (at simulation time 131.300,400,000 s)
2024-06-04 00:13:05,837 INFO  - Received Control message from rsu_0 to veh_64 (at simulation time 131.300,400,000 s)
2024-06-04 00:13:05,837 INFO  - Forwarded Control message to veh_30 (at simulation time 131.300,400,000 s)
2024-06-04 00:13:05,838 INFO  - Received CAM message from veh_34 (at simulation time 131.300,900,000 s)
2024-06-04 00:13:05,838 INFO  - Received CAM message from veh_18 (at simulation time 131.300,900,000 s)
2024-06-04 00:13:05,838 INFO  - Received Control message from rsu_0 to veh_68 (at simulation time 131.300,900,000 s)
2024-06-04 00:13:05,838 INFO  - Forwarded Control message to veh_30 (at simulation time 131.300,900,000 s)
2024-06-04 00:13:05,838 INFO  - Received Control message from rsu_0 to veh_56 (at simulation time 131.300,900,000 s)
2024-06-04 00:13:05,838 INFO  - Forwarded Control message to veh_30 (at simulation time 131.300,900,000 s)
2024-06-04 00:13:05,838 INFO  - Received Control message from rsu_0 to veh_20 (at simulation time 131.300,900,000 s)
2024-06-04 00:13:05,838 INFO  - Forwarded Control message to veh_30 (at simulation time 131.300,900,000 s)
2024-06-04 00:13:05,840 INFO  - Received CAM message from veh_30 (at simulation time 131.301,400,000 s)
2024-06-04 00:13:05,840 INFO  - Received Control message from rsu_0 to veh_36 (at simulation time 131.301,400,000 s)
2024-06-04 00:13:05,840 INFO  - Forwarded Control message to veh_30 (at simulation time 131.301,400,000 s)
2024-06-04 00:13:05,840 INFO  - Received Control message from rsu_0 to veh_28 (at simulation time 131.301,400,000 s)
2024-06-04 00:13:05,840 INFO  - Forwarded Control message to veh_30 (at simulation time 131.301,400,000 s)
2024-06-04 00:13:05,840 INFO  - Received Control message from rsu_0 to veh_60 (at simulation time 131.301,400,000 s)
2024-06-04 00:13:05,840 INFO  - Forwarded Control message to veh_30 (at simulation time 131.301,400,000 s)
2024-06-04 00:13:05,842 INFO  - Received Control message from rsu_0 to veh_52 (at simulation time 131.301,900,000 s)
2024-06-04 00:13:05,842 INFO  - Forwarded Control message to veh_30 (at simulation time 131.301,900,000 s)
2024-06-04 00:13:05,842 INFO  - Received Control message from rsu_0 to veh_40 (at simulation time 131.301,900,000 s)
2024-06-04 00:13:05,842 INFO  - Forwarded Control message to veh_30 (at simulation time 131.301,900,000 s)
2024-06-04 00:13:05,842 INFO  - Received Control message from rsu_0 to veh_12 (at simulation time 131.301,900,000 s)
2024-06-04 00:13:05,842 INFO  - Forwarded Control message to veh_30 (at simulation time 131.301,900,000 s)
2024-06-04 00:13:05,842 INFO  - Received Control message from rsu_0 to veh_76 (at simulation time 131.301,900,000 s)
2024-06-04 00:13:05,842 INFO  - Forwarded Control message to veh_30 (at simulation time 131.301,900,000 s)
2024-06-04 00:13:05,843 INFO  - Received CAM message from veh_38 (at simulation time 131.302,400,000 s)
2024-06-04 00:13:05,844 INFO  - Received Control message from rsu_0 to veh_4 (at simulation time 131.302,400,000 s)
2024-06-04 00:13:05,844 INFO  - Forwarded Control message to veh_30 (at simulation time 131.302,400,000 s)
2024-06-04 00:13:05,844 INFO  - Received Control message from rsu_0 to veh_0 (at simulation time 131.302,400,000 s)
2024-06-04 00:13:05,844 INFO  - Forwarded Control message to veh_30 (at simulation time 131.302,400,000 s)
2024-06-04 00:13:05,844 INFO  - Received Control message from rsu_0 to veh_24 (at simulation time 131.302,400,000 s)
2024-06-04 00:13:05,844 INFO  - Forwarded Control message to veh_30 (at simulation time 131.302,400,000 s)
2024-06-04 00:13:05,844 INFO  - Received Control message from rsu_0 to veh_8 (at simulation time 131.302,400,000 s)
2024-06-04 00:13:05,844 INFO  - Forwarded Control message to veh_30 (at simulation time 131.302,400,000 s)
2024-06-04 00:13:05,844 INFO  - Received Control message from rsu_0 to veh_44 (at simulation time 131.302,400,000 s)
2024-06-04 00:13:05,844 INFO  - Forwarded Control message to veh_30 (at simulation time 131.302,400,000 s)
2024-06-04 00:13:05,852 INFO  - Atempting to process queue (at simulation time 131.400,000,000 s)
2024-06-04 00:13:05,852 INFO  - Vehicle is inside the detection area. (at simulation time 131.400,000,000 s)
2024-06-04 00:13:05,852 INFO  - Sent Detection message to rsu_0 (at simulation time 131.400,000,000 s)
2024-06-04 00:13:05,852 INFO  - Sent broadcast CAM message to all vehicles (at simulation time 131.400,000,000 s)
2024-06-04 00:13:05,854 INFO  - Received CAM message from veh_26 (at simulation time 131.400,400,000 s)
2024-06-04 00:13:05,854 INFO  - Received CAM message from veh_18 (at simulation time 131.400,400,000 s)
2024-06-04 00:13:05,855 INFO  - Received CAM message from veh_34 (at simulation time 131.401,900,000 s)
2024-06-04 00:13:05,855 INFO  - Received CAM message from veh_38 (at simulation time 131.402,400,000 s)
2024-06-04 00:13:05,855 INFO  - Received CAM message from veh_30 (at simulation time 131.402,400,000 s)
2024-06-04 00:13:05,855 INFO  - Atempting to process queue (at simulation time 131.500,000,000 s)
2024-06-04 00:13:05,855 INFO  - Vehicle is inside the detection area. (at simulation time 131.500,000,000 s)
2024-06-04 00:13:05,855 INFO  - Sent Detection message to rsu_0 (at simulation time 131.500,000,000 s)
2024-06-04 00:13:05,855 INFO  - Sent broadcast CAM message to all vehicles (at simulation time 131.500,000,000 s)
2024-06-04 00:13:05,856 INFO  - Received CAM message from veh_26 (at simulation time 131.500,900,000 s)
2024-06-04 00:13:05,856 INFO  - Received CAM message from veh_30 (at simulation time 131.501,400,000 s)
2024-06-04 00:13:05,856 INFO  - Received CAM message from veh_18 (at simulation time 131.501,400,000 s)
2024-06-04 00:13:05,856 INFO  - Received CAM message from veh_34 (at simulation time 131.501,900,000 s)
2024-06-04 00:13:05,857 INFO  - Received CAM message from veh_38 (at simulation time 131.502,400,000 s)
2024-06-04 00:13:05,857 INFO  - Atempting to process queue (at simulation time 131.600,000,000 s)
2024-06-04 00:13:05,857 INFO  - Vehicle is inside the detection area. (at simulation time 131.600,000,000 s)
2024-06-04 00:13:05,857 INFO  - Sent Detection message to rsu_0 (at simulation time 131.600,000,000 s)
2024-06-04 00:13:05,857 INFO  - Sent broadcast CAM message to all vehicles (at simulation time 131.600,000,000 s)
2024-06-04 00:13:05,858 INFO  - Received CAM message from veh_18 (at simulation time 131.600,400,000 s)
2024-06-04 00:13:05,858 INFO  - Received CAM message from veh_34 (at simulation time 131.601,400,000 s)
2024-06-04 00:13:05,858 INFO  - Received CAM message from veh_30 (at simulation time 131.601,400,000 s)
2024-06-04 00:13:05,859 INFO  - Received CAM message from veh_38 (at simulation time 131.601,900,000 s)
2024-06-04 00:13:05,859 INFO  - Received CAM message from veh_26 (at simulation time 131.601,900,000 s)
2024-06-04 00:13:05,859 INFO  - Atempting to process queue (at simulation time 131.700,000,000 s)
2024-06-04 00:13:05,859 INFO  - Vehicle is inside the detection area. (at simulation time 131.700,000,000 s)
2024-06-04 00:13:05,859 INFO  - Sent Detection message to rsu_0 (at simulation time 131.700,000,000 s)
2024-06-04 00:13:05,859 INFO  - Sent broadcast CAM message to all vehicles (at simulation time 131.700,000,000 s)
2024-06-04 00:13:05,859 INFO  - Received CAM message from veh_30 (at simulation time 131.700,400,000 s)
2024-06-04 00:13:05,860 INFO  - Received CAM message from veh_38 (at simulation time 131.702,400,000 s)
2024-06-04 00:13:05,860 INFO  - Received CAM message from veh_34 (at simulation time 131.702,400,000 s)
2024-06-04 00:13:05,860 INFO  - Received CAM message from veh_26 (at simulation time 131.702,400,000 s)
2024-06-04 00:13:05,860 INFO  - Received CAM message from veh_18 (at simulation time 131.702,400,000 s)
2024-06-04 00:13:05,860 INFO  - Atempting to process queue (at simulation time 131.800,000,000 s)
2024-06-04 00:13:05,860 INFO  - Vehicle is inside the detection area. (at simulation time 131.800,000,000 s)
2024-06-04 00:13:05,860 INFO  - Sent Detection message to rsu_0 (at simulation time 131.800,000,000 s)
2024-06-04 00:13:05,861 INFO  - Sent broadcast CAM message to all vehicles (at simulation time 131.800,000,000 s)
2024-06-04 00:13:05,861 INFO  - Received CAM message from veh_26 (at simulation time 131.800,400,000 s)
2024-06-04 00:13:05,862 INFO  - Received CAM message from veh_38 (at simulation time 131.801,400,000 s)
2024-06-04 00:13:05,862 INFO  - Received CAM message from veh_18 (at simulation time 131.801,400,000 s)
2024-06-04 00:13:05,862 INFO  - Received CAM message from veh_34 (at simulation time 131.802,400,000 s)
2024-06-04 00:13:05,862 INFO  - Received CAM message from veh_30 (at simulation time 131.802,400,000 s)
2024-06-04 00:13:05,862 INFO  - Atempting to process queue (at simulation time 131.900,000,000 s)
2024-06-04 00:13:05,862 INFO  - Vehicle is inside the detection area. (at simulation time 131.900,000,000 s)
2024-06-04 00:13:05,862 INFO  - Sent Detection message to rsu_0 (at simulation time 131.900,000,000 s)
2024-06-04 00:13:05,862 INFO  - Sent broadcast CAM message to all vehicles (at simulation time 131.900,000,000 s)
2024-06-04 00:13:05,863 INFO  - Received CAM message from veh_30 (at simulation time 131.900,400,000 s)
2024-06-04 00:13:05,863 INFO  - Received CAM message from veh_18 (at simulation time 131.900,400,000 s)
2024-06-04 00:13:05,863 INFO  - Received CAM message from veh_26 (at simulation time 131.901,400,000 s)
2024-06-04 00:13:05,863 INFO  - Received CAM message from veh_38 (at simulation time 131.901,900,000 s)
2024-06-04 00:13:05,863 INFO  - Received CAM message from veh_34 (at simulation time 131.901,900,000 s)
2024-06-04 00:13:05,866 INFO  - Atempting to process queue (at simulation time 132.000,000,000 s)
2024-06-04 00:13:05,866 INFO  - Vehicle is inside the detection area. (at simulation time 132.000,000,000 s)
2024-06-04 00:13:05,866 INFO  - Sent Detection message to rsu_0 (at simulation time 132.000,000,000 s)
2024-06-04 00:13:05,866 INFO  - Sent broadcast CAM message to all vehicles (at simulation time 132.000,000,000 s)
2024-06-04 00:13:05,870 INFO  - Received CAM message from veh_46 (at simulation time 132.000,400,000 s)
2024-06-04 00:13:05,870 INFO  - Received CAM message from veh_34 (at simulation time 132.000,400,000 s)
2024-06-04 00:13:05,871 INFO  - Received CAM message from veh_38 (at simulation time 132.001,400,000 s)
2024-06-04 00:13:05,871 INFO  - Received CAM message from veh_18 (at simulation time 132.001,400,000 s)
2024-06-04 00:13:05,871 INFO  - Received CAM message from veh_42 (at simulation time 132.001,900,000 s)
2024-06-04 00:13:05,871 INFO  - Received CAM message from veh_30 (at simulation time 132.001,900,000 s)
2024-06-04 00:13:05,871 INFO  - Received CAM message from veh_26 (at simulation time 132.002,400,000 s)
2024-06-04 00:13:05,871 INFO  - Atempting to process queue (at simulation time 132.100,000,000 s)
2024-06-04 00:13:05,871 INFO  - Vehicle is inside the detection area. (at simulation time 132.100,000,000 s)
2024-06-04 00:13:05,871 INFO  - Sent Detection message to rsu_0 (at simulation time 132.100,000,000 s)
2024-06-04 00:13:05,871 INFO  - Sent broadcast CAM message to all vehicles (at simulation time 132.100,000,000 s)
2024-06-04 00:13:05,872 INFO  - Received CAM message from veh_42 (at simulation time 132.100,400,000 s)
2024-06-04 00:13:05,872 INFO  - Received CAM message from veh_34 (at simulation time 132.100,400,000 s)
2024-06-04 00:13:05,873 INFO  - Received CAM message from veh_38 (at simulation time 132.101,400,000 s)
2024-06-04 00:13:05,873 INFO  - Received CAM message from veh_18 (at simulation time 132.101,400,000 s)
2024-06-04 00:13:05,873 INFO  - Received CAM message from veh_30 (at simulation time 132.101,900,000 s)
2024-06-04 00:13:05,874 INFO  - Received CAM message from veh_46 (at simulation time 132.102,400,000 s)
2024-06-04 00:13:05,874 INFO  - Received CAM message from veh_26 (at simulation time 132.102,400,000 s)
2024-06-04 00:13:05,874 INFO  - Atempting to process queue (at simulation time 132.200,000,000 s)
2024-06-04 00:13:05,874 INFO  - Vehicle is inside the detection area. (at simulation time 132.200,000,000 s)
2024-06-04 00:13:05,874 INFO  - Sent Detection message to rsu_0 (at simulation time 132.200,000,000 s)
2024-06-04 00:13:05,874 INFO  - Sent broadcast CAM message to all vehicles (at simulation time 132.200,000,000 s)
2024-06-04 00:13:05,876 INFO  - Received CAM message from veh_42 (at simulation time 132.200,900,000 s)
2024-06-04 00:13:05,876 INFO  - Received CAM message from veh_18 (at simulation time 132.200,900,000 s)
2024-06-04 00:13:05,876 INFO  - Received CAM message from veh_38 (at simulation time 132.201,400,000 s)
2024-06-04 00:13:05,876 INFO  - Received CAM message from veh_30 (at simulation time 132.201,400,000 s)
2024-06-04 00:13:05,876 INFO  - Received CAM message from veh_34 (at simulation time 132.201,900,000 s)
2024-06-04 00:13:05,876 INFO  - Received CAM message from veh_26 (at simulation time 132.201,900,000 s)
2024-06-04 00:13:05,877 INFO  - Received CAM message from veh_46 (at simulation time 132.202,400,000 s)
2024-06-04 00:13:05,877 INFO  - Atempting to process queue (at simulation time 132.300,000,000 s)
2024-06-04 00:13:05,877 INFO  - Vehicle is inside the detection area. (at simulation time 132.300,000,000 s)
2024-06-04 00:13:05,877 INFO  - Sent Detection message to rsu_0 (at simulation time 132.300,000,000 s)
2024-06-04 00:13:05,877 INFO  - Sent broadcast CAM message to all vehicles (at simulation time 132.300,000,000 s)
2024-06-04 00:13:05,878 INFO  - Received CAM message from veh_34 (at simulation time 132.300,900,000 s)
2024-06-04 00:13:05,878 INFO  - Received CAM message from veh_26 (at simulation time 132.300,900,000 s)
2024-06-04 00:13:05,878 INFO  - Received CAM message from veh_46 (at simulation time 132.301,400,000 s)
2024-06-04 00:13:05,878 INFO  - Received CAM message from veh_30 (at simulation time 132.301,400,000 s)
2024-06-04 00:13:05,878 INFO  - Received CAM message from veh_38 (at simulation time 132.301,900,000 s)
2024-06-04 00:13:05,878 INFO  - Received CAM message from veh_18 (at simulation time 132.301,900,000 s)
2024-06-04 00:13:05,879 INFO  - Received CAM message from veh_42 (at simulation time 132.302,400,000 s)
2024-06-04 00:13:05,879 INFO  - Atempting to process queue (at simulation time 132.400,000,000 s)
2024-06-04 00:13:05,879 INFO  - Vehicle is inside the detection area. (at simulation time 132.400,000,000 s)
2024-06-04 00:13:05,879 INFO  - Sent Detection message to rsu_0 (at simulation time 132.400,000,000 s)
2024-06-04 00:13:05,879 INFO  - Sent broadcast CAM message to all vehicles (at simulation time 132.400,000,000 s)
2024-06-04 00:13:05,880 INFO  - Received CAM message from veh_38 (at simulation time 132.400,400,000 s)
2024-06-04 00:13:05,880 INFO  - Received CAM message from veh_30 (at simulation time 132.400,400,000 s)
2024-06-04 00:13:05,881 INFO  - Received CAM message from veh_42 (at simulation time 132.401,400,000 s)
2024-06-04 00:13:05,881 INFO  - Received CAM message from veh_34 (at simulation time 132.401,900,000 s)
2024-06-04 00:13:05,881 INFO  - Received CAM message from veh_18 (at simulation time 132.401,900,000 s)
2024-06-04 00:13:05,881 INFO  - Received CAM message from veh_46 (at simulation time 132.402,400,000 s)
2024-06-04 00:13:05,881 INFO  - Received CAM message from veh_26 (at simulation time 132.402,400,000 s)
2024-06-04 00:13:05,881 INFO  - Atempting to process queue (at simulation time 132.500,000,000 s)
2024-06-04 00:13:05,881 INFO  - Vehicle is inside the detection area. (at simulation time 132.500,000,000 s)
2024-06-04 00:13:05,881 INFO  - Sent Detection message to rsu_0 (at simulation time 132.500,000,000 s)
2024-06-04 00:13:05,882 INFO  - Sent broadcast CAM message to all vehicles (at simulation time 132.500,000,000 s)
2024-06-04 00:13:05,883 INFO  - Received CAM message from veh_38 (at simulation time 132.500,400,000 s)
2024-06-04 00:13:05,883 INFO  - Received CAM message from veh_26 (at simulation time 132.500,400,000 s)
2024-06-04 00:13:05,883 INFO  - Received CAM message from veh_18 (at simulation time 132.500,400,000 s)
2024-06-04 00:13:05,883 INFO  - Received CAM message from veh_30 (at simulation time 132.501,400,000 s)
2024-06-04 00:13:05,884 INFO  - Received CAM message from veh_42 (at simulation time 132.501,900,000 s)
2024-06-04 00:13:05,884 INFO  - Received CAM message from veh_46 (at simulation time 132.502,400,000 s)
2024-06-04 00:13:05,885 INFO  - Received CAM message from veh_34 (at simulation time 132.502,400,000 s)
2024-06-04 00:13:05,885 INFO  - Atempting to process queue (at simulation time 132.600,000,000 s)
2024-06-04 00:13:05,885 INFO  - Vehicle is inside the detection area. (at simulation time 132.600,000,000 s)
2024-06-04 00:13:05,885 INFO  - Sent Detection message to rsu_0 (at simulation time 132.600,000,000 s)
2024-06-04 00:13:05,885 INFO  - Sent broadcast CAM message to all vehicles (at simulation time 132.600,000,000 s)
2024-06-04 00:13:05,886 INFO  - Received CAM message from veh_30 (at simulation time 132.600,400,000 s)
2024-06-04 00:13:05,886 INFO  - Received CAM message from veh_46 (at simulation time 132.600,900,000 s)
2024-06-04 00:13:05,886 INFO  - Received CAM message from veh_42 (at simulation time 132.600,900,000 s)
2024-06-04 00:13:05,886 INFO  - Received CAM message from veh_18 (at simulation time 132.600,900,000 s)
2024-06-04 00:13:05,886 INFO  - Received CAM message from veh_34 (at simulation time 132.601,400,000 s)
2024-06-04 00:13:05,887 INFO  - Received CAM message from veh_26 (at simulation time 132.601,400,000 s)
2024-06-04 00:13:05,887 INFO  - Received CAM message from veh_38 (at simulation time 132.602,400,000 s)
2024-06-04 00:13:05,887 INFO  - Atempting to process queue (at simulation time 132.700,000,000 s)
2024-06-04 00:13:05,887 INFO  - Vehicle is inside the detection area. (at simulation time 132.700,000,000 s)
2024-06-04 00:13:05,887 INFO  - Sent Detection message to rsu_0 (at simulation time 132.700,000,000 s)
2024-06-04 00:13:05,887 INFO  - Sent broadcast CAM message to all vehicles (at simulation time 132.700,000,000 s)
2024-06-04 00:13:05,889 INFO  - Received CAM message from veh_42 (at simulation time 132.700,900,000 s)
2024-06-04 00:13:05,889 INFO  - Received CAM message from veh_34 (at simulation time 132.700,900,000 s)
2024-06-04 00:13:05,889 INFO  - Received CAM message from veh_30 (at simulation time 132.700,900,000 s)
2024-06-04 00:13:05,889 INFO  - Received CAM message from veh_46 (at simulation time 132.701,400,000 s)
2024-06-04 00:13:05,889 INFO  - Received CAM message from veh_26 (at simulation time 132.701,900,000 s)
2024-06-04 00:13:05,889 INFO  - Received CAM message from veh_18 (at simulation time 132.701,900,000 s)
2024-06-04 00:13:05,890 INFO  - Received CAM message from veh_38 (at simulation time 132.702,400,000 s)
2024-06-04 00:13:05,890 INFO  - Atempting to process queue (at simulation time 132.800,000,000 s)
2024-06-04 00:13:05,890 INFO  - Vehicle is inside the detection area. (at simulation time 132.800,000,000 s)
2024-06-04 00:13:05,890 INFO  - Sent Detection message to rsu_0 (at simulation time 132.800,000,000 s)
2024-06-04 00:13:05,890 INFO  - Sent broadcast CAM message to all vehicles (at simulation time 132.800,000,000 s)
2024-06-04 00:13:05,891 INFO  - Received CAM message from veh_46 (at simulation time 132.800,900,000 s)
2024-06-04 00:13:05,892 INFO  - Received CAM message from veh_26 (at simulation time 132.801,400,000 s)
2024-06-04 00:13:05,892 INFO  - Received CAM message from veh_42 (at simulation time 132.801,900,000 s)
2024-06-04 00:13:05,892 INFO  - Received CAM message from veh_34 (at simulation time 132.801,900,000 s)
2024-06-04 00:13:05,892 INFO  - Received CAM message from veh_30 (at simulation time 132.801,900,000 s)
2024-06-04 00:13:05,892 INFO  - Received CAM message from veh_38 (at simulation time 132.802,400,000 s)
2024-06-04 00:13:05,892 INFO  - Received CAM message from veh_18 (at simulation time 132.802,400,000 s)
2024-06-04 00:13:05,892 INFO  - Atempting to process queue (at simulation time 132.900,000,000 s)
2024-06-04 00:13:05,892 INFO  - Vehicle is inside the detection area. (at simulation time 132.900,000,000 s)
2024-06-04 00:13:05,892 INFO  - Sent Detection message to rsu_0 (at simulation time 132.900,000,000 s)
2024-06-04 00:13:05,892 INFO  - Sent broadcast CAM message to all vehicles (at simulation time 132.900,000,000 s)
2024-06-04 00:13:05,893 INFO  - Received CAM message from veh_18 (at simulation time 132.900,400,000 s)
2024-06-04 00:13:05,894 INFO  - Received CAM message from veh_38 (at simulation time 132.900,900,000 s)
2024-06-04 00:13:05,894 INFO  - Received CAM message from veh_26 (at simulation time 132.900,900,000 s)
2024-06-04 00:13:05,894 INFO  - Received CAM message from veh_42 (at simulation time 132.901,900,000 s)
2024-06-04 00:13:05,895 INFO  - Received CAM message from veh_46 (at simulation time 132.902,400,000 s)
2024-06-04 00:13:05,895 INFO  - Received CAM message from veh_34 (at simulation time 132.902,400,000 s)
2024-06-04 00:13:05,895 INFO  - Received CAM message from veh_30 (at simulation time 132.902,400,000 s)
2024-06-04 00:13:05,901 INFO  - Atempting to process queue (at simulation time 133.000,000,000 s)
2024-06-04 00:13:05,901 INFO  - Vehicle is outside the detection area. (at simulation time 133.000,000,000 s)
2024-06-04 00:13:05,901 INFO  - Sent broadcast CAM message to all vehicles (at simulation time 133.000,000,000 s)
2024-06-04 00:13:05,904 INFO  - Received CAM message from veh_30 (at simulation time 133.000,400,000 s)
2024-06-04 00:13:05,905 INFO  - Received CAM message from veh_50 (at simulation time 133.000,900,000 s)
2024-06-04 00:13:05,905 INFO  - Received CAM message from veh_26 (at simulation time 133.000,900,000 s)
2024-06-04 00:13:05,905 INFO  - Received CAM message from veh_38 (at simulation time 133.001,400,000 s)
2024-06-04 00:13:05,905 INFO  - Received CAM message from veh_18 (at simulation time 133.001,400,000 s)
2024-06-04 00:13:05,905 INFO  - Received CAM message from veh_46 (at simulation time 133.001,900,000 s)
2024-06-04 00:13:05,905 INFO  - Received CAM message from veh_34 (at simulation time 133.001,900,000 s)
2024-06-04 00:13:05,905 INFO  - Received CAM message from veh_42 (at simulation time 133.002,400,000 s)
2024-06-04 00:13:05,905 INFO  - Atempting to process queue (at simulation time 133.100,000,000 s)
2024-06-04 00:13:05,905 INFO  - Vehicle is outside the detection area. (at simulation time 133.100,000,000 s)
2024-06-04 00:13:05,905 INFO  - Sent broadcast CAM message to all vehicles (at simulation time 133.100,000,000 s)
2024-06-04 00:13:05,906 INFO  - Received CAM message from veh_38 (at simulation time 133.100,400,000 s)
2024-06-04 00:13:05,906 INFO  - Received CAM message from veh_18 (at simulation time 133.100,400,000 s)
2024-06-04 00:13:05,907 INFO  - Received CAM message from veh_50 (at simulation time 133.100,900,000 s)
2024-06-04 00:13:05,907 INFO  - Received CAM message from veh_46 (at simulation time 133.100,900,000 s)
2024-06-04 00:13:05,907 INFO  - Received CAM message from veh_42 (at simulation time 133.100,900,000 s)
2024-06-04 00:13:05,907 INFO  - Received CAM message from veh_30 (at simulation time 133.100,900,000 s)
2024-06-04 00:13:05,907 INFO  - Received CAM message from veh_26 (at simulation time 133.101,400,000 s)
2024-06-04 00:13:05,908 INFO  - Received CAM message from veh_34 (at simulation time 133.102,400,000 s)
2024-06-04 00:13:05,908 INFO  - Atempting to process queue (at simulation time 133.200,000,000 s)
2024-06-04 00:13:05,908 INFO  - Vehicle is outside the detection area. (at simulation time 133.200,000,000 s)
2024-06-04 00:13:05,908 INFO  - Sent broadcast CAM message to all vehicles (at simulation time 133.200,000,000 s)
2024-06-04 00:13:05,909 INFO  - Received CAM message from veh_38 (at simulation time 133.200,400,000 s)
2024-06-04 00:13:05,909 INFO  - Received CAM message from veh_26 (at simulation time 133.200,400,000 s)
2024-06-04 00:13:05,909 INFO  - Received CAM message from veh_46 (at simulation time 133.200,900,000 s)
2024-06-04 00:13:05,909 INFO  - Received CAM message from veh_30 (at simulation time 133.200,900,000 s)
2024-06-04 00:13:05,910 INFO  - Received CAM message from veh_42 (at simulation time 133.201,400,000 s)
2024-06-04 00:13:05,910 INFO  - Received CAM message from veh_34 (at simulation time 133.201,400,000 s)
2024-06-04 00:13:05,910 INFO  - Received CAM message from veh_18 (at simulation time 133.201,400,000 s)
2024-06-04 00:13:05,910 INFO  - Received CAM message from veh_50 (at simulation time 133.201,900,000 s)
2024-06-04 00:13:05,910 INFO  - Atempting to process queue (at simulation time 133.300,000,000 s)
2024-06-04 00:13:05,910 INFO  - Vehicle is outside the detection area. (at simulation time 133.300,000,000 s)
2024-06-04 00:13:05,910 INFO  - Sent broadcast CAM message to all vehicles (at simulation time 133.300,000,000 s)
2024-06-04 00:13:05,911 INFO  - Received CAM message from veh_38 (at simulation time 133.300,400,000 s)
2024-06-04 00:13:05,912 INFO  - Received CAM message from veh_30 (at simulation time 133.300,900,000 s)
2024-06-04 00:13:05,912 INFO  - Received CAM message from veh_50 (at simulation time 133.301,400,000 s)
2024-06-04 00:13:05,912 INFO  - Received CAM message from veh_42 (at simulation time 133.301,400,000 s)
2024-06-04 00:13:05,912 INFO  - Received CAM message from veh_46 (at simulation time 133.301,900,000 s)
2024-06-04 00:13:05,912 INFO  - Received CAM message from veh_26 (at simulation time 133.301,900,000 s)
2024-06-04 00:13:05,912 INFO  - Received CAM message from veh_18 (at simulation time 133.301,900,000 s)
2024-06-04 00:13:05,912 INFO  - Received CAM message from veh_34 (at simulation time 133.302,400,000 s)
2024-06-04 00:13:05,913 INFO  - Atempting to process queue (at simulation time 133.400,000,000 s)
2024-06-04 00:13:05,913 INFO  - Vehicle is outside the detection area. (at simulation time 133.400,000,000 s)
2024-06-04 00:13:05,913 INFO  - Sent broadcast CAM message to all vehicles (at simulation time 133.400,000,000 s)
2024-06-04 00:13:05,913 INFO  - Received CAM message from veh_30 (at simulation time 133.400,400,000 s)
2024-06-04 00:13:05,914 INFO  - Received CAM message from veh_50 (at simulation time 133.400,900,000 s)
2024-06-04 00:13:05,914 INFO  - Received CAM message from veh_38 (at simulation time 133.400,900,000 s)
2024-06-04 00:13:05,914 INFO  - Received CAM message from veh_46 (at simulation time 133.401,400,000 s)
2024-06-04 00:13:05,914 INFO  - Received CAM message from veh_26 (at simulation time 133.401,400,000 s)
2024-06-04 00:13:05,914 INFO  - Received CAM message from veh_42 (at simulation time 133.401,900,000 s)
2024-06-04 00:13:05,915 INFO  - Received CAM message from veh_34 (at simulation time 133.402,400,000 s)
2024-06-04 00:13:05,915 INFO  - Received CAM message from veh_18 (at simulation time 133.402,400,000 s)
2024-06-04 00:13:05,915 INFO  - Atempting to process queue (at simulation time 133.500,000,000 s)
2024-06-04 00:13:05,915 INFO  - Vehicle is outside the detection area. (at simulation time 133.500,000,000 s)
2024-06-04 00:13:05,915 INFO  - Sent broadcast CAM message to all vehicles (at simulation time 133.500,000,000 s)
2024-06-04 00:13:05,917 INFO  - Received CAM message from veh_18 (at simulation time 133.500,400,000 s)
2024-06-04 00:13:05,917 INFO  - Received CAM message from veh_46 (at simulation time 133.500,900,000 s)
2024-06-04 00:13:05,917 INFO  - Received CAM message from veh_34 (at simulation time 133.500,900,000 s)
2024-06-04 00:13:05,917 INFO  - Received CAM message from veh_50 (at simulation time 133.501,400,000 s)
2024-06-04 00:13:05,917 INFO  - Received CAM message from veh_38 (at simulation time 133.501,400,000 s)
2024-06-04 00:13:05,917 INFO  - Received CAM message from veh_30 (at simulation time 133.501,400,000 s)
2024-06-04 00:13:05,917 INFO  - Received CAM message from veh_26 (at simulation time 133.501,400,000 s)
2024-06-04 00:13:05,918 INFO  - Received CAM message from veh_42 (at simulation time 133.502,400,000 s)
2024-06-04 00:13:05,918 INFO  - Atempting to process queue (at simulation time 133.600,000,000 s)
2024-06-04 00:13:05,918 INFO  - Vehicle is outside the detection area. (at simulation time 133.600,000,000 s)
2024-06-04 00:13:05,918 INFO  - Sent broadcast CAM message to all vehicles (at simulation time 133.600,000,000 s)
2024-06-04 00:13:05,919 INFO  - Received CAM message from veh_34 (at simulation time 133.600,400,000 s)
2024-06-04 00:13:05,919 INFO  - Received CAM message from veh_46 (at simulation time 133.600,900,000 s)
2024-06-04 00:13:05,919 INFO  - Received CAM message from veh_38 (at simulation time 133.600,900,000 s)
2024-06-04 00:13:05,919 INFO  - Received CAM message from veh_42 (at simulation time 133.601,400,000 s)
2024-06-04 00:13:05,920 INFO  - Received CAM message from veh_50 (at simulation time 133.601,900,000 s)
2024-06-04 00:13:05,920 INFO  - Received CAM message from veh_30 (at simulation time 133.601,900,000 s)
2024-06-04 00:13:05,920 INFO  - Received CAM message from veh_26 (at simulation time 133.602,400,000 s)
2024-06-04 00:13:05,920 INFO  - Received CAM message from veh_18 (at simulation time 133.602,400,000 s)
2024-06-04 00:13:05,920 INFO  - Atempting to process queue (at simulation time 133.700,000,000 s)
2024-06-04 00:13:05,920 INFO  - Vehicle is outside the detection area. (at simulation time 133.700,000,000 s)
2024-06-04 00:13:05,920 INFO  - Sent broadcast CAM message to all vehicles (at simulation time 133.700,000,000 s)
2024-06-04 00:13:05,922 INFO  - Received CAM message from veh_30 (at simulation time 133.700,900,000 s)
2024-06-04 00:13:05,922 INFO  - Received CAM message from veh_50 (at simulation time 133.701,400,000 s)
2024-06-04 00:13:05,922 INFO  - Received CAM message from veh_38 (at simulation time 133.701,400,000 s)
2024-06-04 00:13:05,922 INFO  - Received CAM message from veh_34 (at simulation time 133.701,400,000 s)
2024-06-04 00:13:05,922 INFO  - Received CAM message from veh_42 (at simulation time 133.701,900,000 s)
2024-06-04 00:13:05,922 INFO  - Received CAM message from veh_26 (at simulation time 133.701,900,000 s)
2024-06-04 00:13:05,922 INFO  - Received CAM message from veh_46 (at simulation time 133.702,400,000 s)
2024-06-04 00:13:05,922 INFO  - Received CAM message from veh_18 (at simulation time 133.702,400,000 s)
2024-06-04 00:13:05,922 INFO  - Atempting to process queue (at simulation time 133.800,000,000 s)
2024-06-04 00:13:05,922 INFO  - Vehicle is outside the detection area. (at simulation time 133.800,000,000 s)
2024-06-04 00:13:05,922 INFO  - Sent broadcast CAM message to all vehicles (at simulation time 133.800,000,000 s)
2024-06-04 00:13:05,923 INFO  - Received CAM message from veh_30 (at simulation time 133.800,400,000 s)
2024-06-04 00:13:05,923 INFO  - Received CAM message from veh_38 (at simulation time 133.800,900,000 s)
2024-06-04 00:13:05,923 INFO  - Received CAM message from veh_26 (at simulation time 133.800,900,000 s)
2024-06-04 00:13:05,923 INFO  - Received CAM message from veh_18 (at simulation time 133.800,900,000 s)
2024-06-04 00:13:05,924 INFO  - Received CAM message from veh_50 (at simulation time 133.801,400,000 s)
2024-06-04 00:13:05,924 INFO  - Received CAM message from veh_46 (at simulation time 133.801,400,000 s)
2024-06-04 00:13:05,924 INFO  - Received CAM message from veh_42 (at simulation time 133.801,900,000 s)
2024-06-04 00:13:05,924 INFO  - Received CAM message from veh_34 (at simulation time 133.801,900,000 s)
2024-06-04 00:13:05,924 INFO  - Atempting to process queue (at simulation time 133.900,000,000 s)
2024-06-04 00:13:05,924 INFO  - Vehicle is outside the detection area. (at simulation time 133.900,000,000 s)
2024-06-04 00:13:05,924 INFO  - Sent broadcast CAM message to all vehicles (at simulation time 133.900,000,000 s)
2024-06-04 00:13:05,926 INFO  - Received CAM message from veh_26 (at simulation time 133.900,900,000 s)
2024-06-04 00:13:05,926 INFO  - Received CAM message from veh_46 (at simulation time 133.901,400,000 s)
2024-06-04 00:13:05,926 INFO  - Received CAM message from veh_34 (at simulation time 133.901,400,000 s)
2024-06-04 00:13:05,926 INFO  - Received CAM message from veh_50 (at simulation time 133.901,900,000 s)
2024-06-04 00:13:05,926 INFO  - Received CAM message from veh_38 (at simulation time 133.901,900,000 s)
2024-06-04 00:13:05,926 INFO  - Received CAM message from veh_42 (at simulation time 133.902,400,000 s)
2024-06-04 00:13:05,926 INFO  - Received CAM message from veh_30 (at simulation time 133.902,400,000 s)
2024-06-04 00:13:05,926 INFO  - Received CAM message from veh_18 (at simulation time 133.902,400,000 s)
2024-06-04 00:13:06,030 INFO  - Atempting to process queue (at simulation time 134.000,000,000 s)
2024-06-04 00:13:06,030 INFO  - Vehicle is outside the detection area. (at simulation time 134.000,000,000 s)
2024-06-04 00:13:06,030 INFO  - Sent broadcast CAM message to all vehicles (at simulation time 134.000,000,000 s)
2024-06-04 00:13:06,032 INFO  - Received CAM message from veh_26 (at simulation time 134.000,400,000 s)
2024-06-04 00:13:06,032 INFO  - Received CAM message from veh_42 (at simulation time 134.000,900,000 s)
2024-06-04 00:13:06,032 INFO  - Received CAM message from veh_38 (at simulation time 134.000,900,000 s)
2024-06-04 00:13:06,033 INFO  - Received CAM message from veh_30 (at simulation time 134.000,900,000 s)
2024-06-04 00:13:06,033 INFO  - Received CAM message from veh_18 (at simulation time 134.000,900,000 s)
2024-06-04 00:13:06,033 INFO  - Received CAM message from veh_34 (at simulation time 134.001,900,000 s)
2024-06-04 00:13:06,033 INFO  - Received CAM message from veh_46 (at simulation time 134.002,400,000 s)
2024-06-04 00:13:06,033 INFO  - Atempting to process queue (at simulation time 134.100,000,000 s)
2024-06-04 00:13:06,033 INFO  - Vehicle is outside the detection area. (at simulation time 134.100,000,000 s)
2024-06-04 00:13:06,033 INFO  - Sent broadcast CAM message to all vehicles (at simulation time 134.100,000,000 s)
2024-06-04 00:13:06,034 INFO  - Received CAM message from veh_34 (at simulation time 134.100,400,000 s)
2024-06-04 00:13:06,034 INFO  - Received CAM message from veh_38 (at simulation time 134.100,900,000 s)
2024-06-04 00:13:06,035 INFO  - Received CAM message from veh_42 (at simulation time 134.101,400,000 s)
2024-06-04 00:13:06,035 INFO  - Received CAM message from veh_26 (at simulation time 134.101,400,000 s)
2024-06-04 00:13:06,035 INFO  - Received CAM message from veh_46 (at simulation time 134.101,900,000 s)
2024-06-04 00:13:06,035 INFO  - Received CAM message from veh_30 (at simulation time 134.102,400,000 s)
2024-06-04 00:13:06,035 INFO  - Received CAM message from veh_18 (at simulation time 134.102,400,000 s)
2024-06-04 00:13:06,035 INFO  - Atempting to process queue (at simulation time 134.200,000,000 s)
2024-06-04 00:13:06,035 INFO  - Vehicle is outside the detection area. (at simulation time 134.200,000,000 s)
2024-06-04 00:13:06,035 INFO  - Sent broadcast CAM message to all vehicles (at simulation time 134.200,000,000 s)
2024-06-04 00:13:06,036 INFO  - Received CAM message from veh_30 (at simulation time 134.200,400,000 s)
2024-06-04 00:13:06,036 INFO  - Received CAM message from veh_46 (at simulation time 134.200,900,000 s)
2024-06-04 00:13:06,036 INFO  - Received CAM message from veh_34 (at simulation time 134.200,900,000 s)
2024-06-04 00:13:06,036 INFO  - Received CAM message from veh_18 (at simulation time 134.200,900,000 s)
2024-06-04 00:13:06,036 INFO  - Received CAM message from veh_42 (at simulation time 134.201,400,000 s)
2024-06-04 00:13:06,036 INFO  - Received CAM message from veh_38 (at simulation time 134.201,400,000 s)
2024-06-04 00:13:06,037 INFO  - Received CAM message from veh_26 (at simulation time 134.201,900,000 s)
2024-06-04 00:13:06,037 INFO  - Atempting to process queue (at simulation time 134.300,000,000 s)
2024-06-04 00:13:06,037 INFO  - Vehicle is outside the detection area. (at simulation time 134.300,000,000 s)
2024-06-04 00:13:06,037 INFO  - Sent broadcast CAM message to all vehicles (at simulation time 134.300,000,000 s)
2024-06-04 00:13:06,038 INFO  - Received CAM message from veh_42 (at simulation time 134.300,400,000 s)
2024-06-04 00:13:06,038 INFO  - Received CAM message from veh_30 (at simulation time 134.300,400,000 s)
2024-06-04 00:13:06,038 INFO  - Received CAM message from veh_18 (at simulation time 134.300,400,000 s)
2024-06-04 00:13:06,038 INFO  - Received CAM message from veh_46 (at simulation time 134.300,900,000 s)
2024-06-04 00:13:06,039 INFO  - Received CAM message from veh_38 (at simulation time 134.302,400,000 s)
2024-06-04 00:13:06,039 INFO  - Received CAM message from veh_34 (at simulation time 134.302,400,000 s)
2024-06-04 00:13:06,039 INFO  - Received CAM message from veh_26 (at simulation time 134.302,400,000 s)
2024-06-04 00:13:06,039 INFO  - Atempting to process queue (at simulation time 134.400,000,000 s)
2024-06-04 00:13:06,039 INFO  - Vehicle is outside the detection area. (at simulation time 134.400,000,000 s)
2024-06-04 00:13:06,039 INFO  - Sent broadcast CAM message to all vehicles (at simulation time 134.400,000,000 s)
2024-06-04 00:13:06,039 INFO  - Received CAM message from veh_38 (at simulation time 134.400,400,000 s)
2024-06-04 00:13:06,040 INFO  - Received CAM message from veh_42 (at simulation time 134.401,400,000 s)
2024-06-04 00:13:06,040 INFO  - Received CAM message from veh_30 (at simulation time 134.401,400,000 s)
2024-06-04 00:13:06,040 INFO  - Received CAM message from veh_46 (at simulation time 134.401,900,000 s)
2024-06-04 00:13:06,040 INFO  - Received CAM message from veh_34 (at simulation time 134.401,900,000 s)
2024-06-04 00:13:06,040 INFO  - Received CAM message from veh_26 (at simulation time 134.401,900,000 s)
2024-06-04 00:13:06,040 INFO  - Received CAM message from veh_18 (at simulation time 134.401,900,000 s)
2024-06-04 00:13:06,040 INFO  - Atempting to process queue (at simulation time 134.500,000,000 s)
2024-06-04 00:13:06,040 INFO  - Vehicle is outside the detection area. (at simulation time 134.500,000,000 s)
2024-06-04 00:13:06,040 INFO  - Sent broadcast CAM message to all vehicles (at simulation time 134.500,000,000 s)
2024-06-04 00:13:06,041 INFO  - Received CAM message from veh_42 (at simulation time 134.500,400,000 s)
2024-06-04 00:13:06,041 INFO  - Received CAM message from veh_34 (at simulation time 134.500,400,000 s)
2024-06-04 00:13:06,041 INFO  - Received CAM message from veh_46 (at simulation time 134.501,400,000 s)
2024-06-04 00:13:06,042 INFO  - Received CAM message from veh_26 (at simulation time 134.501,900,000 s)
2024-06-04 00:13:06,042 INFO  - Received CAM message from veh_38 (at simulation time 134.502,400,000 s)
2024-06-04 00:13:06,042 INFO  - Received CAM message from veh_30 (at simulation time 134.502,400,000 s)
2024-06-04 00:13:06,042 INFO  - Received CAM message from veh_18 (at simulation time 134.502,400,000 s)
2024-06-04 00:13:06,042 INFO  - Atempting to process queue (at simulation time 134.600,000,000 s)
2024-06-04 00:13:06,042 INFO  - Vehicle is outside the detection area. (at simulation time 134.600,000,000 s)
2024-06-04 00:13:06,042 INFO  - Sent broadcast CAM message to all vehicles (at simulation time 134.600,000,000 s)
2024-06-04 00:13:06,043 INFO  - Received CAM message from veh_46 (at simulation time 134.600,400,000 s)
2024-06-04 00:13:06,043 INFO  - Received CAM message from veh_34 (at simulation time 134.600,400,000 s)
2024-06-04 00:13:06,043 INFO  - Received CAM message from veh_26 (at simulation time 134.600,400,000 s)
2024-06-04 00:13:06,043 INFO  - Received CAM message from veh_42 (at simulation time 134.601,400,000 s)
2024-06-04 00:13:06,043 INFO  - Received CAM message from veh_30 (at simulation time 134.601,900,000 s)
2024-06-04 00:13:06,043 INFO  - Received CAM message from veh_18 (at simulation time 134.601,900,000 s)
2024-06-04 00:13:06,043 INFO  - Received CAM message from veh_38 (at simulation time 134.602,400,000 s)
2024-06-04 00:13:06,043 INFO  - Atempting to process queue (at simulation time 134.700,000,000 s)
2024-06-04 00:13:06,043 INFO  - Vehicle is outside the detection area. (at simulation time 134.700,000,000 s)
2024-06-04 00:13:06,043 INFO  - Sent broadcast CAM message to all vehicles (at simulation time 134.700,000,000 s)
2024-06-04 00:13:06,044 INFO  - Received CAM message from veh_38 (at simulation time 134.700,900,000 s)
2024-06-04 00:13:06,044 INFO  - Received CAM message from veh_34 (at simulation time 134.700,900,000 s)
2024-06-04 00:13:06,044 INFO  - Received CAM message from veh_42 (at simulation time 134.701,400,000 s)
2024-06-04 00:13:06,045 INFO  - Received CAM message from veh_46 (at simulation time 134.701,900,000 s)
2024-06-04 00:13:06,045 INFO  - Received CAM message from veh_30 (at simulation time 134.702,400,000 s)
2024-06-04 00:13:06,045 INFO  - Received CAM message from veh_26 (at simulation time 134.702,400,000 s)
2024-06-04 00:13:06,045 INFO  - Received CAM message from veh_18 (at simulation time 134.702,400,000 s)
2024-06-04 00:13:06,045 INFO  - Atempting to process queue (at simulation time 134.800,000,000 s)
2024-06-04 00:13:06,045 INFO  - Vehicle is outside the detection area. (at simulation time 134.800,000,000 s)
2024-06-04 00:13:06,045 INFO  - Sent broadcast CAM message to all vehicles (at simulation time 134.800,000,000 s)
2024-06-04 00:13:06,046 INFO  - Received CAM message from veh_42 (at simulation time 134.800,400,000 s)
2024-06-04 00:13:06,046 INFO  - Received CAM message from veh_30 (at simulation time 134.800,400,000 s)
2024-06-04 00:13:06,046 INFO  - Received CAM message from veh_46 (at simulation time 134.801,400,000 s)
2024-06-04 00:13:06,046 INFO  - Received CAM message from veh_26 (at simulation time 134.801,400,000 s)
2024-06-04 00:13:06,046 INFO  - Received CAM message from veh_34 (at simulation time 134.801,900,000 s)
2024-06-04 00:13:06,046 INFO  - Received CAM message from veh_38 (at simulation time 134.802,400,000 s)
2024-06-04 00:13:06,046 INFO  - Received CAM message from veh_18 (at simulation time 134.802,400,000 s)
2024-06-04 00:13:06,046 INFO  - Atempting to process queue (at simulation time 134.900,000,000 s)
2024-06-04 00:13:06,046 INFO  - Vehicle is outside the detection area. (at simulation time 134.900,000,000 s)
2024-06-04 00:13:06,046 INFO  - Sent broadcast CAM message to all vehicles (at simulation time 134.900,000,000 s)
2024-06-04 00:13:06,047 INFO  - Received CAM message from veh_30 (at simulation time 134.900,400,000 s)
2024-06-04 00:13:06,047 INFO  - Received CAM message from veh_46 (at simulation time 134.900,900,000 s)
2024-06-04 00:13:06,047 INFO  - Received CAM message from veh_42 (at simulation time 134.901,400,000 s)
2024-06-04 00:13:06,048 INFO  - Received CAM message from veh_38 (at simulation time 134.901,900,000 s)
2024-06-04 00:13:06,048 INFO  - Received CAM message from veh_34 (at simulation time 134.902,400,000 s)
2024-06-04 00:13:06,048 INFO  - Received CAM message from veh_26 (at simulation time 134.902,400,000 s)
2024-06-04 00:13:06,048 INFO  - Received CAM message from veh_18 (at simulation time 134.902,400,000 s)
2024-06-04 00:13:06,052 INFO  - Atempting to process queue (at simulation time 135.000,000,000 s)
2024-06-04 00:13:06,052 INFO  - Vehicle is outside the detection area. (at simulation time 135.000,000,000 s)
2024-06-04 00:13:06,052 INFO  - Sent broadcast CAM message to all vehicles (at simulation time 135.000,000,000 s)
2024-06-04 00:13:06,055 INFO  - Received CAM message from veh_38 (at simulation time 135.000,900,000 s)
2024-06-04 00:13:06,055 INFO  - Received CAM message from veh_30 (at simulation time 135.001,400,000 s)
2024-06-04 00:13:06,055 INFO  - Received CAM message from veh_26 (at simulation time 135.001,400,000 s)
2024-06-04 00:13:06,055 INFO  - Received CAM message from veh_18 (at simulation time 135.001,900,000 s)
2024-06-04 00:13:06,055 INFO  - Received CAM message from veh_42 (at simulation time 135.002,400,000 s)
2024-06-04 00:13:06,055 INFO  - Received CAM message from veh_34 (at simulation time 135.002,400,000 s)
2024-06-04 00:13:06,055 INFO  - Atempting to process queue (at simulation time 135.100,000,000 s)
2024-06-04 00:13:06,055 INFO  - Vehicle is outside the detection area. (at simulation time 135.100,000,000 s)
2024-06-04 00:13:06,056 INFO  - Sent broadcast CAM message to all vehicles (at simulation time 135.100,000,000 s)
2024-06-04 00:13:06,057 INFO  - Received CAM message from veh_42 (at simulation time 135.100,900,000 s)
2024-06-04 00:13:06,057 INFO  - Received CAM message from veh_30 (at simulation time 135.100,900,000 s)
2024-06-04 00:13:06,057 INFO  - Received CAM message from veh_26 (at simulation time 135.101,400,000 s)
2024-06-04 00:13:06,057 INFO  - Received CAM message from veh_38 (at simulation time 135.101,900,000 s)
2024-06-04 00:13:06,057 INFO  - Received CAM message from veh_34 (at simulation time 135.101,900,000 s)
2024-06-04 00:13:06,057 INFO  - Received CAM message from veh_18 (at simulation time 135.101,900,000 s)
2024-06-04 00:13:06,058 INFO  - Atempting to process queue (at simulation time 135.200,000,000 s)
2024-06-04 00:13:06,058 INFO  - Vehicle is outside the detection area. (at simulation time 135.200,000,000 s)
2024-06-04 00:13:06,058 INFO  - Sent broadcast CAM message to all vehicles (at simulation time 135.200,000,000 s)
2024-06-04 00:13:06,059 INFO  - Received CAM message from veh_42 (at simulation time 135.200,900,000 s)
2024-06-04 00:13:06,059 INFO  - Received CAM message from veh_18 (at simulation time 135.200,900,000 s)
2024-06-04 00:13:06,059 INFO  - Received CAM message from veh_30 (at simulation time 135.201,400,000 s)
2024-06-04 00:13:06,059 INFO  - Received CAM message from veh_38 (at simulation time 135.201,900,000 s)
2024-06-04 00:13:06,059 INFO  - Received CAM message from veh_34 (at simulation time 135.201,900,000 s)
2024-06-04 00:13:06,059 INFO  - Received CAM message from veh_26 (at simulation time 135.202,400,000 s)
2024-06-04 00:13:06,059 INFO  - Atempting to process queue (at simulation time 135.300,000,000 s)
2024-06-04 00:13:06,059 INFO  - Vehicle is outside the detection area. (at simulation time 135.300,000,000 s)
2024-06-04 00:13:06,059 INFO  - Sent broadcast CAM message to all vehicles (at simulation time 135.300,000,000 s)
2024-06-04 00:13:06,060 INFO  - Received CAM message from veh_38 (at simulation time 135.300,400,000 s)
2024-06-04 00:13:06,060 INFO  - Received CAM message from veh_34 (at simulation time 135.300,400,000 s)
2024-06-04 00:13:06,060 INFO  - Received CAM message from veh_30 (at simulation time 135.300,400,000 s)
2024-06-04 00:13:06,060 INFO  - Received CAM message from veh_42 (at simulation time 135.301,900,000 s)
2024-06-04 00:13:06,060 INFO  - Received CAM message from veh_26 (at simulation time 135.301,900,000 s)
2024-06-04 00:13:06,061 INFO  - Received CAM message from veh_18 (at simulation time 135.302,400,000 s)
2024-06-04 00:13:06,061 INFO  - Atempting to process queue (at simulation time 135.400,000,000 s)
2024-06-04 00:13:06,061 INFO  - Vehicle is outside the detection area. (at simulation time 135.400,000,000 s)
2024-06-04 00:13:06,061 INFO  - Sent broadcast CAM message to all vehicles (at simulation time 135.400,000,000 s)
2024-06-04 00:13:06,062 INFO  - Received CAM message from veh_42 (at simulation time 135.400,900,000 s)
2024-06-04 00:13:06,062 INFO  - Received CAM message from veh_38 (at simulation time 135.401,400,000 s)
2024-06-04 00:13:06,062 INFO  - Received CAM message from veh_34 (at simulation time 135.401,900,000 s)
2024-06-04 00:13:06,062 INFO  - Received CAM message from veh_30 (at simulation time 135.401,900,000 s)
2024-06-04 00:13:06,062 INFO  - Received CAM message from veh_18 (at simulation time 135.401,900,000 s)
2024-06-04 00:13:06,062 INFO  - Received CAM message from veh_26 (at simulation time 135.402,400,000 s)
2024-06-04 00:13:06,062 INFO  - Atempting to process queue (at simulation time 135.500,000,000 s)
2024-06-04 00:13:06,062 INFO  - Vehicle is outside the detection area. (at simulation time 135.500,000,000 s)
2024-06-04 00:13:06,062 INFO  - Sent broadcast CAM message to all vehicles (at simulation time 135.500,000,000 s)
2024-06-04 00:13:06,063 INFO  - Received CAM message from veh_42 (at simulation time 135.500,400,000 s)
2024-06-04 00:13:06,063 INFO  - Received CAM message from veh_34 (at simulation time 135.500,400,000 s)
2024-06-04 00:13:06,063 INFO  - Received CAM message from veh_30 (at simulation time 135.500,400,000 s)
2024-06-04 00:13:06,063 INFO  - Received CAM message from veh_18 (at simulation time 135.500,400,000 s)
2024-06-04 00:13:06,063 INFO  - Received CAM message from veh_26 (at simulation time 135.501,900,000 s)
2024-06-04 00:13:06,064 INFO  - Received CAM message from veh_38 (at simulation time 135.502,400,000 s)
2024-06-04 00:13:06,064 INFO  - Atempting to process queue (at simulation time 135.600,000,000 s)
2024-06-04 00:13:06,064 INFO  - Vehicle is outside the detection area. (at simulation time 135.600,000,000 s)
2024-06-04 00:13:06,064 INFO  - Sent broadcast CAM message to all vehicles (at simulation time 135.600,000,000 s)
2024-06-04 00:13:06,064 INFO  - Received CAM message from veh_42 (at simulation time 135.600,400,000 s)
2024-06-04 00:13:06,064 INFO  - Received CAM message from veh_18 (at simulation time 135.600,400,000 s)
2024-06-04 00:13:06,065 INFO  - Received CAM message from veh_34 (at simulation time 135.601,400,000 s)
2024-06-04 00:13:06,065 INFO  - Received CAM message from veh_26 (at simulation time 135.601,400,000 s)
2024-06-04 00:13:06,065 INFO  - Received CAM message from veh_38 (at simulation time 135.601,900,000 s)
2024-06-04 00:13:06,065 INFO  - Received CAM message from veh_30 (at simulation time 135.602,400,000 s)
2024-06-04 00:13:06,065 INFO  - Atempting to process queue (at simulation time 135.700,000,000 s)
2024-06-04 00:13:06,065 INFO  - Vehicle is outside the detection area. (at simulation time 135.700,000,000 s)
2024-06-04 00:13:06,065 INFO  - Sent broadcast CAM message to all vehicles (at simulation time 135.700,000,000 s)
2024-06-04 00:13:06,067 INFO  - Received CAM message from veh_42 (at simulation time 135.700,900,000 s)
2024-06-04 00:13:06,067 INFO  - Received CAM message from veh_30 (at simulation time 135.700,900,000 s)
2024-06-04 00:13:06,067 INFO  - Received CAM message from veh_26 (at simulation time 135.701,400,000 s)
2024-06-04 00:13:06,067 INFO  - Received CAM message from veh_18 (at simulation time 135.701,400,000 s)
2024-06-04 00:13:06,067 INFO  - Received CAM message from veh_34 (at simulation time 135.701,900,000 s)
2024-06-04 00:13:06,068 INFO  - Received CAM message from veh_38 (at simulation time 135.702,400,000 s)
2024-06-04 00:13:06,068 INFO  - Atempting to process queue (at simulation time 135.800,000,000 s)
2024-06-04 00:13:06,068 INFO  - Vehicle is outside the detection area. (at simulation time 135.800,000,000 s)
2024-06-04 00:13:06,068 INFO  - Sent broadcast CAM message to all vehicles (at simulation time 135.800,000,000 s)
2024-06-04 00:13:06,069 INFO  - Received CAM message from veh_26 (at simulation time 135.800,400,000 s)
2024-06-04 00:13:06,069 INFO  - Received CAM message from veh_38 (at simulation time 135.800,900,000 s)
2024-06-04 00:13:06,069 INFO  - Received CAM message from veh_30 (at simulation time 135.800,900,000 s)
2024-06-04 00:13:06,069 INFO  - Received CAM message from veh_34 (at simulation time 135.801,900,000 s)
2024-06-04 00:13:06,069 INFO  - Received CAM message from veh_18 (at simulation time 135.801,900,000 s)
2024-06-04 00:13:06,069 INFO  - Received CAM message from veh_42 (at simulation time 135.802,400,000 s)
2024-06-04 00:13:06,070 INFO  - Atempting to process queue (at simulation time 135.900,000,000 s)
2024-06-04 00:13:06,070 INFO  - Vehicle is outside the detection area. (at simulation time 135.900,000,000 s)
2024-06-04 00:13:06,070 INFO  - Sent broadcast CAM message to all vehicles (at simulation time 135.900,000,000 s)
2024-06-04 00:13:06,070 INFO  - Received CAM message from veh_18 (at simulation time 135.900,400,000 s)
2024-06-04 00:13:06,070 INFO  - Received CAM message from veh_38 (at simulation time 135.900,900,000 s)
2024-06-04 00:13:06,071 INFO  - Received CAM message from veh_42 (at simulation time 135.901,400,000 s)
2024-06-04 00:13:06,071 INFO  - Received CAM message from veh_34 (at simulation time 135.901,400,000 s)
2024-06-04 00:13:06,071 INFO  - Received CAM message from veh_30 (at simulation time 135.901,400,000 s)
2024-06-04 00:13:06,071 INFO  - Received CAM message from veh_26 (at simulation time 135.902,400,000 s)
2024-06-04 00:13:06,074 INFO  - Atempting to process queue (at simulation time 136.000,000,000 s)
2024-06-04 00:13:06,074 INFO  - Vehicle is outside the detection area. (at simulation time 136.000,000,000 s)
2024-06-04 00:13:06,074 INFO  - Sent broadcast CAM message to all vehicles (at simulation time 136.000,000,000 s)
2024-06-04 00:13:06,076 INFO  - Received CAM message from veh_18 (at simulation time 136.001,400,000 s)
2024-06-04 00:13:06,076 INFO  - Received CAM message from veh_26 (at simulation time 136.002,400,000 s)
2024-06-04 00:13:06,076 INFO  - Atempting to process queue (at simulation time 136.100,000,000 s)
2024-06-04 00:13:06,076 INFO  - Vehicle is outside the detection area. (at simulation time 136.100,000,000 s)
2024-06-04 00:13:06,076 INFO  - Sent broadcast CAM message to all vehicles (at simulation time 136.100,000,000 s)
2024-06-04 00:13:06,077 INFO  - Received CAM message from veh_26 (at simulation time 136.100,900,000 s)
2024-06-04 00:13:06,077 INFO  - Received CAM message from veh_18 (at simulation time 136.100,900,000 s)
2024-06-04 00:13:06,077 INFO  - Atempting to process queue (at simulation time 136.200,000,000 s)
2024-06-04 00:13:06,077 INFO  - Vehicle is outside the detection area. (at simulation time 136.200,000,000 s)
2024-06-04 00:13:06,078 INFO  - Sent broadcast CAM message to all vehicles (at simulation time 136.200,000,000 s)
2024-06-04 00:13:06,079 INFO  - Received CAM message from veh_26 (at simulation time 136.201,900,000 s)
2024-06-04 00:13:06,079 INFO  - Received CAM message from veh_18 (at simulation time 136.201,900,000 s)
2024-06-04 00:13:06,079 INFO  - Atempting to process queue (at simulation time 136.300,000,000 s)
2024-06-04 00:13:06,079 INFO  - Vehicle is outside the detection area. (at simulation time 136.300,000,000 s)
2024-06-04 00:13:06,079 INFO  - Sent broadcast CAM message to all vehicles (at simulation time 136.300,000,000 s)
2024-06-04 00:13:06,080 INFO  - Received CAM message from veh_26 (at simulation time 136.301,400,000 s)
2024-06-04 00:13:06,080 INFO  - Received CAM message from veh_18 (at simulation time 136.302,400,000 s)
2024-06-04 00:13:06,080 INFO  - Atempting to process queue (at simulation time 136.400,000,000 s)
2024-06-04 00:13:06,080 INFO  - Vehicle is outside the detection area. (at simulation time 136.400,000,000 s)
2024-06-04 00:13:06,080 INFO  - Sent broadcast CAM message to all vehicles (at simulation time 136.400,000,000 s)
2024-06-04 00:13:06,082 INFO  - Received CAM message from veh_26 (at simulation time 136.401,900,000 s)
2024-06-04 00:13:06,082 INFO  - Received CAM message from veh_18 (at simulation time 136.402,400,000 s)
2024-06-04 00:13:06,082 INFO  - Atempting to process queue (at simulation time 136.500,000,000 s)
2024-06-04 00:13:06,082 INFO  - Vehicle is outside the detection area. (at simulation time 136.500,000,000 s)
2024-06-04 00:13:06,082 INFO  - Sent broadcast CAM message to all vehicles (at simulation time 136.500,000,000 s)
2024-06-04 00:13:06,084 INFO  - Received CAM message from veh_26 (at simulation time 136.501,900,000 s)
2024-06-04 00:13:06,084 INFO  - Received CAM message from veh_18 (at simulation time 136.502,400,000 s)
2024-06-04 00:13:06,084 INFO  - Atempting to process queue (at simulation time 136.600,000,000 s)
2024-06-04 00:13:06,084 INFO  - Vehicle is outside the detection area. (at simulation time 136.600,000,000 s)
2024-06-04 00:13:06,084 INFO  - Sent broadcast CAM message to all vehicles (at simulation time 136.600,000,000 s)
2024-06-04 00:13:06,085 INFO  - Received CAM message from veh_26 (at simulation time 136.600,400,000 s)
2024-06-04 00:13:06,085 INFO  - Received CAM message from veh_18 (at simulation time 136.601,900,000 s)
2024-06-04 00:13:06,086 INFO  - Atempting to process queue (at simulation time 136.700,000,000 s)
2024-06-04 00:13:06,086 INFO  - Vehicle is outside the detection area. (at simulation time 136.700,000,000 s)
2024-06-04 00:13:06,086 INFO  - Sent broadcast CAM message to all vehicles (at simulation time 136.700,000,000 s)
2024-06-04 00:13:06,086 INFO  - Received CAM message from veh_26 (at simulation time 136.700,400,000 s)
2024-06-04 00:13:06,087 INFO  - Received CAM message from veh_18 (at simulation time 136.701,900,000 s)
2024-06-04 00:13:06,087 INFO  - Atempting to process queue (at simulation time 136.800,000,000 s)
2024-06-04 00:13:06,087 INFO  - Vehicle is outside the detection area. (at simulation time 136.800,000,000 s)
2024-06-04 00:13:06,087 INFO  - Sent broadcast CAM message to all vehicles (at simulation time 136.800,000,000 s)
2024-06-04 00:13:06,088 INFO  - Received CAM message from veh_18 (at simulation time 136.800,400,000 s)
2024-06-04 00:13:06,089 INFO  - Received CAM message from veh_26 (at simulation time 136.801,900,000 s)
2024-06-04 00:13:06,089 INFO  - Atempting to process queue (at simulation time 136.900,000,000 s)
2024-06-04 00:13:06,089 INFO  - Vehicle is outside the detection area. (at simulation time 136.900,000,000 s)
2024-06-04 00:13:06,089 INFO  - Sent broadcast CAM message to all vehicles (at simulation time 136.900,000,000 s)
2024-06-04 00:13:06,090 INFO  - Received CAM message from veh_26 (at simulation time 136.900,400,000 s)
2024-06-04 00:13:06,090 INFO  - Received CAM message from veh_18 (at simulation time 136.901,900,000 s)
2024-06-04 00:13:06,094 INFO  - Atempting to process queue (at simulation time 137.000,000,000 s)
2024-06-04 00:13:06,094 INFO  - Vehicle is outside the detection area. (at simulation time 137.000,000,000 s)
2024-06-04 00:13:06,094 INFO  - Sent broadcast CAM message to all vehicles (at simulation time 137.000,000,000 s)
2024-06-04 00:13:06,096 INFO  - Received CAM message from veh_18 (at simulation time 137.002,400,000 s)
2024-06-04 00:13:06,096 INFO  - Atempting to process queue (at simulation time 137.100,000,000 s)
2024-06-04 00:13:06,096 INFO  - Vehicle is outside the detection area. (at simulation time 137.100,000,000 s)
2024-06-04 00:13:06,096 INFO  - Sent broadcast CAM message to all vehicles (at simulation time 137.100,000,000 s)
2024-06-04 00:13:06,097 INFO  - Received CAM message from veh_18 (at simulation time 137.100,900,000 s)
2024-06-04 00:13:06,097 INFO  - Atempting to process queue (at simulation time 137.200,000,000 s)
2024-06-04 00:13:06,097 INFO  - Vehicle is outside the detection area. (at simulation time 137.200,000,000 s)
2024-06-04 00:13:06,097 INFO  - Sent broadcast CAM message to all vehicles (at simulation time 137.200,000,000 s)
2024-06-04 00:13:06,098 INFO  - Received CAM message from veh_18 (at simulation time 137.200,900,000 s)
2024-06-04 00:13:06,099 INFO  - Atempting to process queue (at simulation time 137.300,000,000 s)
2024-06-04 00:13:06,099 INFO  - Vehicle is outside the detection area. (at simulation time 137.300,000,000 s)
2024-06-04 00:13:06,099 INFO  - Sent broadcast CAM message to all vehicles (at simulation time 137.300,000,000 s)
2024-06-04 00:13:06,100 INFO  - Received CAM message from veh_18 (at simulation time 137.302,400,000 s)
2024-06-04 00:13:06,100 INFO  - Atempting to process queue (at simulation time 137.400,000,000 s)
2024-06-04 00:13:06,100 INFO  - Vehicle is outside the detection area. (at simulation time 137.400,000,000 s)
2024-06-04 00:13:06,100 INFO  - Sent broadcast CAM message to all vehicles (at simulation time 137.400,000,000 s)
2024-06-04 00:13:06,102 INFO  - Received CAM message from veh_18 (at simulation time 137.401,400,000 s)
2024-06-04 00:13:06,102 INFO  - Atempting to process queue (at simulation time 137.500,000,000 s)
2024-06-04 00:13:06,102 INFO  - Vehicle is outside the detection area. (at simulation time 137.500,000,000 s)
2024-06-04 00:13:06,102 INFO  - Sent broadcast CAM message to all vehicles (at simulation time 137.500,000,000 s)
2024-06-04 00:13:06,109 INFO  - Received CAM message from veh_18 (at simulation time 137.501,400,000 s)
2024-06-04 00:13:06,109 INFO  - Atempting to process queue (at simulation time 137.600,000,000 s)
2024-06-04 00:13:06,109 INFO  - Vehicle is outside the detection area. (at simulation time 137.600,000,000 s)
2024-06-04 00:13:06,109 INFO  - Sent broadcast CAM message to all vehicles (at simulation time 137.600,000,000 s)
2024-06-04 00:13:06,110 INFO  - Received CAM message from veh_18 (at simulation time 137.600,400,000 s)
2024-06-04 00:13:06,111 INFO  - Atempting to process queue (at simulation time 137.700,000,000 s)
2024-06-04 00:13:06,111 INFO  - Vehicle is outside the detection area. (at simulation time 137.700,000,000 s)
2024-06-04 00:13:06,111 INFO  - Sent broadcast CAM message to all vehicles (at simulation time 137.700,000,000 s)
2024-06-04 00:13:06,112 INFO  - Received CAM message from veh_18 (at simulation time 137.701,400,000 s)
2024-06-04 00:13:06,112 INFO  - Atempting to process queue (at simulation time 137.800,000,000 s)
2024-06-04 00:13:06,112 INFO  - Vehicle is outside the detection area. (at simulation time 137.800,000,000 s)
2024-06-04 00:13:06,112 INFO  - Sent broadcast CAM message to all vehicles (at simulation time 137.800,000,000 s)
2024-06-04 00:13:06,112 INFO  - Received CAM message from veh_18 (at simulation time 137.800,400,000 s)
2024-06-04 00:13:06,113 INFO  - Atempting to process queue (at simulation time 137.900,000,000 s)
2024-06-04 00:13:06,113 INFO  - Vehicle is outside the detection area. (at simulation time 137.900,000,000 s)
2024-06-04 00:13:06,113 INFO  - Sent broadcast CAM message to all vehicles (at simulation time 137.900,000,000 s)
2024-06-04 00:13:06,115 INFO  - Received CAM message from veh_18 (at simulation time 137.901,900,000 s)
2024-06-04 00:13:06,118 INFO  - Atempting to process queue (at simulation time 138.000,000,000 s)
2024-06-04 00:13:06,118 INFO  - Vehicle is outside the detection area. (at simulation time 138.000,000,000 s)
2024-06-04 00:13:06,118 INFO  - Sent broadcast CAM message to all vehicles (at simulation time 138.000,000,000 s)
2024-06-04 00:13:06,120 INFO  - Received CAM message from veh_18 (at simulation time 138.000,400,000 s)
2024-06-04 00:13:06,121 INFO  - Atempting to process queue (at simulation time 138.100,000,000 s)
2024-06-04 00:13:06,121 INFO  - Vehicle is outside the detection area. (at simulation time 138.100,000,000 s)
2024-06-04 00:13:06,121 INFO  - Sent broadcast CAM message to all vehicles (at simulation time 138.100,000,000 s)
2024-06-04 00:13:06,122 INFO  - Received CAM message from veh_18 (at simulation time 138.101,900,000 s)
2024-06-04 00:13:06,122 INFO  - Atempting to process queue (at simulation time 138.200,000,000 s)
2024-06-04 00:13:06,122 INFO  - Vehicle is outside the detection area. (at simulation time 138.200,000,000 s)
2024-06-04 00:13:06,122 INFO  - Sent broadcast CAM message to all vehicles (at simulation time 138.200,000,000 s)
2024-06-04 00:13:06,123 INFO  - Received CAM message from veh_18 (at simulation time 138.200,400,000 s)
2024-06-04 00:13:06,124 INFO  - Atempting to process queue (at simulation time 138.300,000,000 s)
2024-06-04 00:13:06,124 INFO  - Vehicle is outside the detection area. (at simulation time 138.300,000,000 s)
2024-06-04 00:13:06,124 INFO  - Sent broadcast CAM message to all vehicles (at simulation time 138.300,000,000 s)
2024-06-04 00:13:06,125 INFO  - Received CAM message from veh_18 (at simulation time 138.300,400,000 s)
2024-06-04 00:13:06,125 INFO  - Atempting to process queue (at simulation time 138.400,000,000 s)
2024-06-04 00:13:06,125 INFO  - Vehicle is outside the detection area. (at simulation time 138.400,000,000 s)
2024-06-04 00:13:06,125 INFO  - Sent broadcast CAM message to all vehicles (at simulation time 138.400,000,000 s)
2024-06-04 00:13:06,127 INFO  - Received CAM message from veh_18 (at simulation time 138.402,400,000 s)
2024-06-04 00:13:06,127 INFO  - Atempting to process queue (at simulation time 138.500,000,000 s)
2024-06-04 00:13:06,127 INFO  - Vehicle is outside the detection area. (at simulation time 138.500,000,000 s)
2024-06-04 00:13:06,127 INFO  - Sent broadcast CAM message to all vehicles (at simulation time 138.500,000,000 s)
2024-06-04 00:13:06,128 INFO  - Received CAM message from veh_18 (at simulation time 138.502,400,000 s)
2024-06-04 00:13:06,128 INFO  - Atempting to process queue (at simulation time 138.600,000,000 s)
2024-06-04 00:13:06,128 INFO  - Vehicle is outside the detection area. (at simulation time 138.600,000,000 s)
2024-06-04 00:13:06,128 INFO  - Sent broadcast CAM message to all vehicles (at simulation time 138.600,000,000 s)
2024-06-04 00:13:06,129 INFO  - Received CAM message from veh_18 (at simulation time 138.601,900,000 s)
2024-06-04 00:13:06,130 INFO  - Atempting to process queue (at simulation time 138.700,000,000 s)
2024-06-04 00:13:06,130 INFO  - Vehicle is outside the detection area. (at simulation time 138.700,000,000 s)
2024-06-04 00:13:06,130 INFO  - Sent broadcast CAM message to all vehicles (at simulation time 138.700,000,000 s)
2024-06-04 00:13:06,130 INFO  - Received CAM message from veh_18 (at simulation time 138.700,900,000 s)
2024-06-04 00:13:06,131 INFO  - Atempting to process queue (at simulation time 138.800,000,000 s)
2024-06-04 00:13:06,131 INFO  - Vehicle is outside the detection area. (at simulation time 138.800,000,000 s)
2024-06-04 00:13:06,131 INFO  - Sent broadcast CAM message to all vehicles (at simulation time 138.800,000,000 s)
2024-06-04 00:13:06,132 INFO  - Received CAM message from veh_18 (at simulation time 138.800,400,000 s)
2024-06-04 00:13:06,133 INFO  - Atempting to process queue (at simulation time 138.900,000,000 s)
2024-06-04 00:13:06,133 INFO  - Vehicle is outside the detection area. (at simulation time 138.900,000,000 s)
2024-06-04 00:13:06,133 INFO  - Sent broadcast CAM message to all vehicles (at simulation time 138.900,000,000 s)
2024-06-04 00:13:06,133 INFO  - Received CAM message from veh_18 (at simulation time 138.900,400,000 s)
2024-06-04 00:13:06,141 INFO  - Atempting to process queue (at simulation time 139.000,000,000 s)
2024-06-04 00:13:06,141 INFO  - Vehicle is outside the detection area. (at simulation time 139.000,000,000 s)
2024-06-04 00:13:06,141 INFO  - Sent broadcast CAM message to all vehicles (at simulation time 139.000,000,000 s)
2024-06-04 00:13:06,143 INFO  - Received CAM message from veh_18 (at simulation time 139.001,900,000 s)
2024-06-04 00:13:06,143 INFO  - Atempting to process queue (at simulation time 139.100,000,000 s)
2024-06-04 00:13:06,143 INFO  - Vehicle is outside the detection area. (at simulation time 139.100,000,000 s)
2024-06-04 00:13:06,143 INFO  - Sent broadcast CAM message to all vehicles (at simulation time 139.100,000,000 s)
2024-06-04 00:13:06,144 INFO  - Received CAM message from veh_18 (at simulation time 139.101,400,000 s)
2024-06-04 00:13:06,145 INFO  - Atempting to process queue (at simulation time 139.200,000,000 s)
2024-06-04 00:13:06,145 INFO  - Vehicle is outside the detection area. (at simulation time 139.200,000,000 s)
2024-06-04 00:13:06,145 INFO  - Sent broadcast CAM message to all vehicles (at simulation time 139.200,000,000 s)
2024-06-04 00:13:06,146 INFO  - Received CAM message from veh_18 (at simulation time 139.200,900,000 s)
2024-06-04 00:13:06,146 INFO  - Atempting to process queue (at simulation time 139.300,000,000 s)
2024-06-04 00:13:06,146 INFO  - Vehicle is outside the detection area. (at simulation time 139.300,000,000 s)
2024-06-04 00:13:06,146 INFO  - Sent broadcast CAM message to all vehicles (at simulation time 139.300,000,000 s)
2024-06-04 00:13:06,147 INFO  - Received CAM message from veh_18 (at simulation time 139.300,900,000 s)
2024-06-04 00:13:06,148 INFO  - Atempting to process queue (at simulation time 139.400,000,000 s)
2024-06-04 00:13:06,148 INFO  - Vehicle is outside the detection area. (at simulation time 139.400,000,000 s)
2024-06-04 00:13:06,148 INFO  - Sent broadcast CAM message to all vehicles (at simulation time 139.400,000,000 s)
2024-06-04 00:13:06,149 INFO  - Received CAM message from veh_18 (at simulation time 139.401,400,000 s)
2024-06-04 00:13:06,150 INFO  - Atempting to process queue (at simulation time 139.500,000,000 s)
2024-06-04 00:13:06,150 INFO  - Vehicle is outside the detection area. (at simulation time 139.500,000,000 s)
2024-06-04 00:13:06,150 INFO  - Sent broadcast CAM message to all vehicles (at simulation time 139.500,000,000 s)
2024-06-04 00:13:06,151 INFO  - Received CAM message from veh_18 (at simulation time 139.501,900,000 s)
2024-06-04 00:13:06,152 INFO  - Atempting to process queue (at simulation time 139.600,000,000 s)
2024-06-04 00:13:06,152 INFO  - Vehicle is outside the detection area. (at simulation time 139.600,000,000 s)
2024-06-04 00:13:06,152 INFO  - Sent broadcast CAM message to all vehicles (at simulation time 139.600,000,000 s)
2024-06-04 00:13:06,152 INFO  - Received CAM message from veh_18 (at simulation time 139.600,400,000 s)
2024-06-04 00:13:06,153 INFO  - Atempting to process queue (at simulation time 139.700,000,000 s)
2024-06-04 00:13:06,153 INFO  - Vehicle is outside the detection area. (at simulation time 139.700,000,000 s)
2024-06-04 00:13:06,153 INFO  - Sent broadcast CAM message to all vehicles (at simulation time 139.700,000,000 s)
2024-06-04 00:13:06,154 INFO  - Received CAM message from veh_18 (at simulation time 139.701,900,000 s)
2024-06-04 00:13:06,155 INFO  - Atempting to process queue (at simulation time 139.800,000,000 s)
2024-06-04 00:13:06,155 INFO  - Vehicle is outside the detection area. (at simulation time 139.800,000,000 s)
2024-06-04 00:13:06,155 INFO  - Sent broadcast CAM message to all vehicles (at simulation time 139.800,000,000 s)
2024-06-04 00:13:06,156 INFO  - Received CAM message from veh_18 (at simulation time 139.801,400,000 s)
2024-06-04 00:13:06,157 INFO  - Atempting to process queue (at simulation time 139.900,000,000 s)
2024-06-04 00:13:06,157 INFO  - Vehicle is outside the detection area. (at simulation time 139.900,000,000 s)
2024-06-04 00:13:06,157 INFO  - Sent broadcast CAM message to all vehicles (at simulation time 139.900,000,000 s)
2024-06-04 00:13:06,158 INFO  - Received CAM message from veh_18 (at simulation time 139.901,900,000 s)
2024-06-04 00:13:06,161 INFO  - Atempting to process queue (at simulation time 140.000,000,000 s)
2024-06-04 00:13:06,161 INFO  - Vehicle is outside the detection area. (at simulation time 140.000,000,000 s)
2024-06-04 00:13:06,161 INFO  - Sent broadcast CAM message to all vehicles (at simulation time 140.000,000,000 s)
2024-06-04 00:13:06,163 INFO  - Received CAM message from veh_18 (at simulation time 140.000,400,000 s)
2024-06-04 00:13:06,164 INFO  - Atempting to process queue (at simulation time 140.100,000,000 s)
2024-06-04 00:13:06,164 INFO  - Vehicle is outside the detection area. (at simulation time 140.100,000,000 s)
2024-06-04 00:13:06,164 INFO  - Sent broadcast CAM message to all vehicles (at simulation time 140.100,000,000 s)
2024-06-04 00:13:06,165 INFO  - Received CAM message from veh_18 (at simulation time 140.100,900,000 s)
2024-06-04 00:13:06,166 INFO  - Atempting to process queue (at simulation time 140.200,000,000 s)
2024-06-04 00:13:06,166 INFO  - Vehicle is outside the detection area. (at simulation time 140.200,000,000 s)
2024-06-04 00:13:06,166 INFO  - Sent broadcast CAM message to all vehicles (at simulation time 140.200,000,000 s)
2024-06-04 00:13:06,168 INFO  - Received CAM message from veh_18 (at simulation time 140.202,400,000 s)
2024-06-04 00:13:06,168 INFO  - Atempting to process queue (at simulation time 140.300,000,000 s)
2024-06-04 00:13:06,168 INFO  - Vehicle is outside the detection area. (at simulation time 140.300,000,000 s)
2024-06-04 00:13:06,168 INFO  - Sent broadcast CAM message to all vehicles (at simulation time 140.300,000,000 s)
2024-06-04 00:13:06,170 INFO  - Received CAM message from veh_18 (at simulation time 140.302,400,000 s)
2024-06-04 00:13:06,170 INFO  - Atempting to process queue (at simulation time 140.400,000,000 s)
2024-06-04 00:13:06,170 INFO  - Vehicle is outside the detection area. (at simulation time 140.400,000,000 s)
2024-06-04 00:13:06,170 INFO  - Sent broadcast CAM message to all vehicles (at simulation time 140.400,000,000 s)
2024-06-04 00:13:06,171 INFO  - Received CAM message from veh_18 (at simulation time 140.402,400,000 s)
2024-06-04 00:13:06,171 INFO  - Atempting to process queue (at simulation time 140.500,000,000 s)
2024-06-04 00:13:06,171 INFO  - Vehicle is outside the detection area. (at simulation time 140.500,000,000 s)
2024-06-04 00:13:06,171 INFO  - Sent broadcast CAM message to all vehicles (at simulation time 140.500,000,000 s)
2024-06-04 00:13:06,172 INFO  - Received CAM message from veh_18 (at simulation time 140.500,400,000 s)
2024-06-04 00:13:06,173 INFO  - Atempting to process queue (at simulation time 140.600,000,000 s)
2024-06-04 00:13:06,173 INFO  - Vehicle is outside the detection area. (at simulation time 140.600,000,000 s)
2024-06-04 00:13:06,173 INFO  - Sent broadcast CAM message to all vehicles (at simulation time 140.600,000,000 s)
2024-06-04 00:13:06,175 INFO  - Received CAM message from veh_18 (at simulation time 140.602,400,000 s)
2024-06-04 00:13:06,175 INFO  - Atempting to process queue (at simulation time 140.700,000,000 s)
2024-06-04 00:13:06,175 INFO  - Vehicle is outside the detection area. (at simulation time 140.700,000,000 s)
2024-06-04 00:13:06,175 INFO  - Sent broadcast CAM message to all vehicles (at simulation time 140.700,000,000 s)
2024-06-04 00:13:06,176 INFO  - Received CAM message from veh_18 (at simulation time 140.700,400,000 s)
2024-06-04 00:13:06,177 INFO  - Atempting to process queue (at simulation time 140.800,000,000 s)
2024-06-04 00:13:06,177 INFO  - Vehicle is outside the detection area. (at simulation time 140.800,000,000 s)
2024-06-04 00:13:06,177 INFO  - Sent broadcast CAM message to all vehicles (at simulation time 140.800,000,000 s)
2024-06-04 00:13:06,178 INFO  - Received CAM message from veh_18 (at simulation time 140.800,900,000 s)
2024-06-04 00:13:06,178 INFO  - Atempting to process queue (at simulation time 140.900,000,000 s)
2024-06-04 00:13:06,178 INFO  - Vehicle is outside the detection area. (at simulation time 140.900,000,000 s)
2024-06-04 00:13:06,178 INFO  - Sent broadcast CAM message to all vehicles (at simulation time 140.900,000,000 s)
2024-06-04 00:13:06,179 INFO  - Received CAM message from veh_18 (at simulation time 140.900,900,000 s)
2024-06-04 00:13:06,183 INFO  - Atempting to process queue (at simulation time 141.000,000,000 s)
2024-06-04 00:13:06,183 INFO  - Vehicle is outside the detection area. (at simulation time 141.000,000,000 s)
2024-06-04 00:13:06,183 INFO  - Sent broadcast CAM message to all vehicles (at simulation time 141.000,000,000 s)
2024-06-04 00:13:06,185 INFO  - Received CAM message from veh_18 (at simulation time 141.000,400,000 s)
2024-06-04 00:13:06,186 INFO  - Atempting to process queue (at simulation time 141.100,000,000 s)
2024-06-04 00:13:06,186 INFO  - Vehicle is outside the detection area. (at simulation time 141.100,000,000 s)
2024-06-04 00:13:06,186 INFO  - Sent broadcast CAM message to all vehicles (at simulation time 141.100,000,000 s)
2024-06-04 00:13:06,187 INFO  - Received CAM message from veh_18 (at simulation time 141.101,400,000 s)
2024-06-04 00:13:06,187 INFO  - Atempting to process queue (at simulation time 141.200,000,000 s)
2024-06-04 00:13:06,187 INFO  - Vehicle is outside the detection area. (at simulation time 141.200,000,000 s)
2024-06-04 00:13:06,187 INFO  - Sent broadcast CAM message to all vehicles (at simulation time 141.200,000,000 s)
2024-06-04 00:13:06,188 INFO  - Received CAM message from veh_18 (at simulation time 141.200,900,000 s)
2024-06-04 00:13:06,189 INFO  - Atempting to process queue (at simulation time 141.300,000,000 s)
2024-06-04 00:13:06,189 INFO  - Vehicle is outside the detection area. (at simulation time 141.300,000,000 s)
2024-06-04 00:13:06,189 INFO  - Sent broadcast CAM message to all vehicles (at simulation time 141.300,000,000 s)
2024-06-04 00:13:06,190 INFO  - Received CAM message from veh_18 (at simulation time 141.300,400,000 s)
2024-06-04 00:13:06,191 INFO  - Atempting to process queue (at simulation time 141.400,000,000 s)
2024-06-04 00:13:06,191 INFO  - Vehicle is outside the detection area. (at simulation time 141.400,000,000 s)
2024-06-04 00:13:06,191 INFO  - Sent broadcast CAM message to all vehicles (at simulation time 141.400,000,000 s)
2024-06-04 00:13:06,193 INFO  - Received CAM message from veh_18 (at simulation time 141.400,400,000 s)
2024-06-04 00:13:06,208 INFO  - Atempting to process queue (at simulation time 141.500,000,000 s)
2024-06-04 00:13:06,208 INFO  - Vehicle is outside the detection area. (at simulation time 141.500,000,000 s)
2024-06-04 00:13:06,208 INFO  - Sent broadcast CAM message to all vehicles (at simulation time 141.500,000,000 s)
2024-06-04 00:13:06,209 INFO  - Received CAM message from veh_18 (at simulation time 141.500,400,000 s)
2024-06-04 00:13:06,210 INFO  - Atempting to process queue (at simulation time 141.600,000,000 s)
2024-06-04 00:13:06,210 INFO  - Vehicle is outside the detection area. (at simulation time 141.600,000,000 s)
2024-06-04 00:13:06,210 INFO  - Sent broadcast CAM message to all vehicles (at simulation time 141.600,000,000 s)
2024-06-04 00:13:06,211 INFO  - Received CAM message from veh_18 (at simulation time 141.601,900,000 s)
2024-06-04 00:13:06,211 INFO  - Atempting to process queue (at simulation time 141.700,000,000 s)
2024-06-04 00:13:06,211 INFO  - Vehicle is outside the detection area. (at simulation time 141.700,000,000 s)
2024-06-04 00:13:06,211 INFO  - Sent broadcast CAM message to all vehicles (at simulation time 141.700,000,000 s)
2024-06-04 00:13:06,212 INFO  - Received CAM message from veh_18 (at simulation time 141.701,400,000 s)
2024-06-04 00:13:06,213 INFO  - Atempting to process queue (at simulation time 141.800,000,000 s)
2024-06-04 00:13:06,213 INFO  - Vehicle is outside the detection area. (at simulation time 141.800,000,000 s)
2024-06-04 00:13:06,213 INFO  - Sent broadcast CAM message to all vehicles (at simulation time 141.800,000,000 s)
2024-06-04 00:13:06,214 INFO  - Received CAM message from veh_18 (at simulation time 141.801,900,000 s)
2024-06-04 00:13:06,214 INFO  - Atempting to process queue (at simulation time 141.900,000,000 s)
2024-06-04 00:13:06,214 INFO  - Vehicle is outside the detection area. (at simulation time 141.900,000,000 s)
2024-06-04 00:13:06,214 INFO  - Sent broadcast CAM message to all vehicles (at simulation time 141.900,000,000 s)
2024-06-04 00:13:06,215 INFO  - Received CAM message from veh_18 (at simulation time 141.900,900,000 s)
2024-06-04 00:13:06,219 INFO  - Shutdown application (at simulation time 142.000,000,000 s)
