2024-06-04 00:13:07,670 INFO  - Initialize application (at simulation time 199.000,000,000 s)
2024-06-04 00:13:07,671 INFO  - Activated WLAN Module (at simulation time 199.000,000,000 s)
2024-06-04 00:13:07,671 INFO  - Vehicle is outside the detection area. (at simulation time 199.000,000,000 s)
2024-06-04 00:13:07,671 INFO  - Sent broadcast CAM message to all vehicles (at simulation time 199.000,000,000 s)
2024-06-04 00:13:07,674 INFO  - Vehicle is outside the detection area. (at simulation time 199.100,000,000 s)
2024-06-04 00:13:07,674 INFO  - Sent broadcast CAM message to all vehicles (at simulation time 199.100,000,000 s)
2024-06-04 00:13:07,676 INFO  - Vehicle is outside the detection area. (at simulation time 199.200,000,000 s)
2024-06-04 00:13:07,676 INFO  - Sent broadcast CAM message to all vehicles (at simulation time 199.200,000,000 s)
2024-06-04 00:13:07,677 INFO  - Vehicle is outside the detection area. (at simulation time 199.300,000,000 s)
2024-06-04 00:13:07,678 INFO  - Sent broadcast CAM message to all vehicles (at simulation time 199.300,000,000 s)
2024-06-04 00:13:07,679 INFO  - Vehicle is outside the detection area. (at simulation time 199.400,000,000 s)
2024-06-04 00:13:07,679 INFO  - Sent broadcast CAM message to all vehicles (at simulation time 199.400,000,000 s)
2024-06-04 00:13:07,680 INFO  - Vehicle is outside the detection area. (at simulation time 199.500,000,000 s)
2024-06-04 00:13:07,681 INFO  - Sent broadcast CAM message to all vehicles (at simulation time 199.500,000,000 s)
2024-06-04 00:13:07,682 INFO  - Vehicle is outside the detection area. (at simulation time 199.600,000,000 s)
2024-06-04 00:13:07,682 INFO  - Sent broadcast CAM message to all vehicles (at simulation time 199.600,000,000 s)
2024-06-04 00:13:07,683 INFO  - Vehicle is outside the detection area. (at simulation time 199.700,000,000 s)
2024-06-04 00:13:07,683 INFO  - Sent broadcast CAM message to all vehicles (at simulation time 199.700,000,000 s)
2024-06-04 00:13:07,685 INFO  - Vehicle is outside the detection area. (at simulation time 199.800,000,000 s)
2024-06-04 00:13:07,685 INFO  - Sent broadcast CAM message to all vehicles (at simulation time 199.800,000,000 s)
2024-06-04 00:13:07,687 INFO  - Vehicle is outside the detection area. (at simulation time 199.900,000,000 s)
2024-06-04 00:13:07,687 INFO  - Sent broadcast CAM message to all vehicles (at simulation time 199.900,000,000 s)
2024-06-04 00:13:07,692 INFO  - Vehicle is outside the detection area. (at simulation time 200.000,000,000 s)
2024-06-04 00:13:07,692 INFO  - Sent broadcast CAM message to all vehicles (at simulation time 200.000,000,000 s)
2024-06-04 00:13:07,694 INFO  - Vehicle is outside the detection area. (at simulation time 200.100,000,000 s)
2024-06-04 00:13:07,695 INFO  - Sent broadcast CAM message to all vehicles (at simulation time 200.100,000,000 s)
2024-06-04 00:13:07,696 INFO  - Vehicle is outside the detection area. (at simulation time 200.200,000,000 s)
2024-06-04 00:13:07,696 INFO  - Sent broadcast CAM message to all vehicles (at simulation time 200.200,000,000 s)
2024-06-04 00:13:07,697 INFO  - Vehicle is outside the detection area. (at simulation time 200.300,000,000 s)
2024-06-04 00:13:07,697 INFO  - Sent broadcast CAM message to all vehicles (at simulation time 200.300,000,000 s)
2024-06-04 00:13:07,699 INFO  - Vehicle is outside the detection area. (at simulation time 200.400,000,000 s)
2024-06-04 00:13:07,699 INFO  - Sent broadcast CAM message to all vehicles (at simulation time 200.400,000,000 s)
2024-06-04 00:13:07,700 INFO  - Vehicle is outside the detection area. (at simulation time 200.500,000,000 s)
2024-06-04 00:13:07,700 INFO  - Sent broadcast CAM message to all vehicles (at simulation time 200.500,000,000 s)
2024-06-04 00:13:07,701 INFO  - Vehicle is outside the detection area. (at simulation time 200.600,000,000 s)
2024-06-04 00:13:07,701 INFO  - Sent broadcast CAM message to all vehicles (at simulation time 200.600,000,000 s)
2024-06-04 00:13:07,703 INFO  - Vehicle is outside the detection area. (at simulation time 200.700,000,000 s)
2024-06-04 00:13:07,703 INFO  - Sent broadcast CAM message to all vehicles (at simulation time 200.700,000,000 s)
2024-06-04 00:13:07,705 INFO  - Vehicle is outside the detection area. (at simulation time 200.800,000,000 s)
2024-06-04 00:13:07,705 INFO  - Sent broadcast CAM message to all vehicles (at simulation time 200.800,000,000 s)
2024-06-04 00:13:07,708 INFO  - Vehicle is outside the detection area. (at simulation time 200.900,000,000 s)
2024-06-04 00:13:07,708 INFO  - Sent broadcast CAM message to all vehicles (at simulation time 200.900,000,000 s)
2024-06-04 00:13:07,713 INFO  - Vehicle is inside the detection area. (at simulation time 201.000,000,000 s)
2024-06-04 00:13:07,713 INFO  - Vehicle is too far away from the traffic light. (at simulation time 201.000,000,000 s)
2024-06-04 00:13:07,713 INFO  - No vehicles in range. (at simulation time 201.000,000,000 s)
2024-06-04 00:13:07,713 INFO  - Neither the RSU nor any vehicle is in range. (at simulation time 201.000,000,000 s)
2024-06-04 00:13:07,713 INFO  - Sent broadcast CAM message to all vehicles (at simulation time 201.000,000,000 s)
2024-06-04 00:13:07,715 INFO  - Vehicle is inside the detection area. (at simulation time 201.100,000,000 s)
2024-06-04 00:13:07,715 INFO  - Vehicle is too far away from the traffic light. (at simulation time 201.100,000,000 s)
2024-06-04 00:13:07,715 INFO  - No vehicles in range. (at simulation time 201.100,000,000 s)
2024-06-04 00:13:07,715 INFO  - Neither the RSU nor any vehicle is in range. (at simulation time 201.100,000,000 s)
2024-06-04 00:13:07,715 INFO  - Sent broadcast CAM message to all vehicles (at simulation time 201.100,000,000 s)
2024-06-04 00:13:07,717 INFO  - Vehicle is inside the detection area. (at simulation time 201.200,000,000 s)
2024-06-04 00:13:07,717 INFO  - Vehicle is too far away from the traffic light. (at simulation time 201.200,000,000 s)
2024-06-04 00:13:07,717 INFO  - No vehicles in range. (at simulation time 201.200,000,000 s)
2024-06-04 00:13:07,717 INFO  - Neither the RSU nor any vehicle is in range. (at simulation time 201.200,000,000 s)
2024-06-04 00:13:07,717 INFO  - Sent broadcast CAM message to all vehicles (at simulation time 201.200,000,000 s)
2024-06-04 00:13:07,718 INFO  - Vehicle is inside the detection area. (at simulation time 201.300,000,000 s)
2024-06-04 00:13:07,718 INFO  - Vehicle is too far away from the traffic light. (at simulation time 201.300,000,000 s)
2024-06-04 00:13:07,718 INFO  - No vehicles in range. (at simulation time 201.300,000,000 s)
2024-06-04 00:13:07,718 INFO  - Neither the RSU nor any vehicle is in range. (at simulation time 201.300,000,000 s)
2024-06-04 00:13:07,718 INFO  - Sent broadcast CAM message to all vehicles (at simulation time 201.300,000,000 s)
2024-06-04 00:13:07,720 INFO  - Vehicle is inside the detection area. (at simulation time 201.400,000,000 s)
2024-06-04 00:13:07,720 INFO  - Vehicle is too far away from the traffic light. (at simulation time 201.400,000,000 s)
2024-06-04 00:13:07,720 INFO  - No vehicles in range. (at simulation time 201.400,000,000 s)
2024-06-04 00:13:07,720 INFO  - Neither the RSU nor any vehicle is in range. (at simulation time 201.400,000,000 s)
2024-06-04 00:13:07,720 INFO  - Sent broadcast CAM message to all vehicles (at simulation time 201.400,000,000 s)
2024-06-04 00:13:07,722 INFO  - Vehicle is inside the detection area. (at simulation time 201.500,000,000 s)
2024-06-04 00:13:07,722 INFO  - Vehicle is too far away from the traffic light. (at simulation time 201.500,000,000 s)
2024-06-04 00:13:07,722 INFO  - No vehicles in range. (at simulation time 201.500,000,000 s)
2024-06-04 00:13:07,722 INFO  - Neither the RSU nor any vehicle is in range. (at simulation time 201.500,000,000 s)
2024-06-04 00:13:07,722 INFO  - Sent broadcast CAM message to all vehicles (at simulation time 201.500,000,000 s)
2024-06-04 00:13:07,725 INFO  - Vehicle is inside the detection area. (at simulation time 201.600,000,000 s)
2024-06-04 00:13:07,725 INFO  - Vehicle is too far away from the traffic light. (at simulation time 201.600,000,000 s)
2024-06-04 00:13:07,725 INFO  - No vehicles in range. (at simulation time 201.600,000,000 s)
2024-06-04 00:13:07,725 INFO  - Neither the RSU nor any vehicle is in range. (at simulation time 201.600,000,000 s)
2024-06-04 00:13:07,725 INFO  - Sent broadcast CAM message to all vehicles (at simulation time 201.600,000,000 s)
2024-06-04 00:13:07,727 INFO  - Vehicle is inside the detection area. (at simulation time 201.700,000,000 s)
2024-06-04 00:13:07,727 INFO  - Vehicle is too far away from the traffic light. (at simulation time 201.700,000,000 s)
2024-06-04 00:13:07,727 INFO  - No vehicles in range. (at simulation time 201.700,000,000 s)
2024-06-04 00:13:07,727 INFO  - Neither the RSU nor any vehicle is in range. (at simulation time 201.700,000,000 s)
2024-06-04 00:13:07,727 INFO  - Sent broadcast CAM message to all vehicles (at simulation time 201.700,000,000 s)
2024-06-04 00:13:07,729 INFO  - Vehicle is inside the detection area. (at simulation time 201.800,000,000 s)
2024-06-04 00:13:07,729 INFO  - Vehicle is too far away from the traffic light. (at simulation time 201.800,000,000 s)
2024-06-04 00:13:07,729 INFO  - No vehicles in range. (at simulation time 201.800,000,000 s)
2024-06-04 00:13:07,729 INFO  - Neither the RSU nor any vehicle is in range. (at simulation time 201.800,000,000 s)
2024-06-04 00:13:07,729 INFO  - Sent broadcast CAM message to all vehicles (at simulation time 201.800,000,000 s)
2024-06-04 00:13:07,730 INFO  - Vehicle is inside the detection area. (at simulation time 201.900,000,000 s)
2024-06-04 00:13:07,730 INFO  - Vehicle is too far away from the traffic light. (at simulation time 201.900,000,000 s)
2024-06-04 00:13:07,730 INFO  - No vehicles in range. (at simulation time 201.900,000,000 s)
2024-06-04 00:13:07,730 INFO  - Neither the RSU nor any vehicle is in range. (at simulation time 201.900,000,000 s)
2024-06-04 00:13:07,730 INFO  - Sent broadcast CAM message to all vehicles (at simulation time 201.900,000,000 s)
2024-06-04 00:13:07,734 INFO  - Vehicle is inside the detection area. (at simulation time 202.000,000,000 s)
2024-06-04 00:13:07,734 INFO  - Vehicle is too far away from the traffic light. (at simulation time 202.000,000,000 s)
2024-06-04 00:13:07,734 INFO  - No vehicles in range. (at simulation time 202.000,000,000 s)
2024-06-04 00:13:07,734 INFO  - Neither the RSU nor any vehicle is in range. (at simulation time 202.000,000,000 s)
2024-06-04 00:13:07,734 INFO  - Sent broadcast CAM message to all vehicles (at simulation time 202.000,000,000 s)
2024-06-04 00:13:07,754 INFO  - Vehicle is inside the detection area. (at simulation time 202.100,000,000 s)
2024-06-04 00:13:07,754 INFO  - Vehicle is too far away from the traffic light. (at simulation time 202.100,000,000 s)
2024-06-04 00:13:07,754 INFO  - No vehicles in range. (at simulation time 202.100,000,000 s)
2024-06-04 00:13:07,754 INFO  - Neither the RSU nor any vehicle is in range. (at simulation time 202.100,000,000 s)
2024-06-04 00:13:07,754 INFO  - Sent broadcast CAM message to all vehicles (at simulation time 202.100,000,000 s)
2024-06-04 00:13:07,755 INFO  - Vehicle is inside the detection area. (at simulation time 202.200,000,000 s)
2024-06-04 00:13:07,755 INFO  - Vehicle is too far away from the traffic light. (at simulation time 202.200,000,000 s)
2024-06-04 00:13:07,755 INFO  - No vehicles in range. (at simulation time 202.200,000,000 s)
2024-06-04 00:13:07,755 INFO  - Neither the RSU nor any vehicle is in range. (at simulation time 202.200,000,000 s)
2024-06-04 00:13:07,755 INFO  - Sent broadcast CAM message to all vehicles (at simulation time 202.200,000,000 s)
2024-06-04 00:13:07,757 INFO  - Vehicle is inside the detection area. (at simulation time 202.300,000,000 s)
2024-06-04 00:13:07,757 INFO  - Vehicle is too far away from the traffic light. (at simulation time 202.300,000,000 s)
2024-06-04 00:13:07,757 INFO  - No vehicles in range. (at simulation time 202.300,000,000 s)
2024-06-04 00:13:07,757 INFO  - Neither the RSU nor any vehicle is in range. (at simulation time 202.300,000,000 s)
2024-06-04 00:13:07,757 INFO  - Sent broadcast CAM message to all vehicles (at simulation time 202.300,000,000 s)
2024-06-04 00:13:07,759 INFO  - Vehicle is inside the detection area. (at simulation time 202.400,000,000 s)
2024-06-04 00:13:07,759 INFO  - Vehicle is too far away from the traffic light. (at simulation time 202.400,000,000 s)
2024-06-04 00:13:07,759 INFO  - No vehicles in range. (at simulation time 202.400,000,000 s)
2024-06-04 00:13:07,759 INFO  - Neither the RSU nor any vehicle is in range. (at simulation time 202.400,000,000 s)
2024-06-04 00:13:07,759 INFO  - Sent broadcast CAM message to all vehicles (at simulation time 202.400,000,000 s)
2024-06-04 00:13:07,761 INFO  - Vehicle is inside the detection area. (at simulation time 202.500,000,000 s)
2024-06-04 00:13:07,761 INFO  - Vehicle is too far away from the traffic light. (at simulation time 202.500,000,000 s)
2024-06-04 00:13:07,761 INFO  - No vehicles in range. (at simulation time 202.500,000,000 s)
2024-06-04 00:13:07,761 INFO  - Neither the RSU nor any vehicle is in range. (at simulation time 202.500,000,000 s)
2024-06-04 00:13:07,761 INFO  - Sent broadcast CAM message to all vehicles (at simulation time 202.500,000,000 s)
2024-06-04 00:13:07,764 INFO  - Vehicle is inside the detection area. (at simulation time 202.600,000,000 s)
2024-06-04 00:13:07,764 INFO  - Vehicle is too far away from the traffic light. (at simulation time 202.600,000,000 s)
2024-06-04 00:13:07,764 INFO  - No vehicles in range. (at simulation time 202.600,000,000 s)
2024-06-04 00:13:07,764 INFO  - Neither the RSU nor any vehicle is in range. (at simulation time 202.600,000,000 s)
2024-06-04 00:13:07,765 INFO  - Sent broadcast CAM message to all vehicles (at simulation time 202.600,000,000 s)
2024-06-04 00:13:07,767 INFO  - Vehicle is inside the detection area. (at simulation time 202.700,000,000 s)
2024-06-04 00:13:07,767 INFO  - Vehicle is too far away from the traffic light. (at simulation time 202.700,000,000 s)
2024-06-04 00:13:07,767 INFO  - No vehicles in range. (at simulation time 202.700,000,000 s)
2024-06-04 00:13:07,767 INFO  - Neither the RSU nor any vehicle is in range. (at simulation time 202.700,000,000 s)
2024-06-04 00:13:07,767 INFO  - Sent broadcast CAM message to all vehicles (at simulation time 202.700,000,000 s)
2024-06-04 00:13:07,769 INFO  - Vehicle is inside the detection area. (at simulation time 202.800,000,000 s)
2024-06-04 00:13:07,769 INFO  - Vehicle is too far away from the traffic light. (at simulation time 202.800,000,000 s)
2024-06-04 00:13:07,769 INFO  - No vehicles in range. (at simulation time 202.800,000,000 s)
2024-06-04 00:13:07,769 INFO  - Neither the RSU nor any vehicle is in range. (at simulation time 202.800,000,000 s)
2024-06-04 00:13:07,769 INFO  - Sent broadcast CAM message to all vehicles (at simulation time 202.800,000,000 s)
2024-06-04 00:13:07,770 INFO  - Vehicle is inside the detection area. (at simulation time 202.900,000,000 s)
2024-06-04 00:13:07,770 INFO  - Vehicle is too far away from the traffic light. (at simulation time 202.900,000,000 s)
2024-06-04 00:13:07,770 INFO  - No vehicles in range. (at simulation time 202.900,000,000 s)
2024-06-04 00:13:07,770 INFO  - Neither the RSU nor any vehicle is in range. (at simulation time 202.900,000,000 s)
2024-06-04 00:13:07,770 INFO  - Sent broadcast CAM message to all vehicles (at simulation time 202.900,000,000 s)
2024-06-04 00:13:07,774 INFO  - Atempting to process queue (at simulation time 203.000,000,000 s)
2024-06-04 00:13:07,774 INFO  - Vehicle is inside the detection area. (at simulation time 203.000,000,000 s)
2024-06-04 00:13:07,774 INFO  - Sent Detection message to rsu_0 (at simulation time 203.000,000,000 s)
2024-06-04 00:13:07,774 INFO  - Sent broadcast CAM message to all vehicles (at simulation time 203.000,000,000 s)
2024-06-04 00:13:07,775 INFO  - Received CAM message from veh_84 (at simulation time 203.000,400,000 s)
2024-06-04 00:13:07,775 INFO  - Received CAM message from veh_50 (at simulation time 203.000,400,000 s)
2024-06-04 00:13:07,775 INFO  - Received CAM message from veh_54 (at simulation time 203.001,400,000 s)
2024-06-04 00:13:07,775 INFO  - Received CAM message from veh_90 (at simulation time 203.001,900,000 s)
2024-06-04 00:13:07,776 INFO  - Atempting to process queue (at simulation time 203.100,000,000 s)
2024-06-04 00:13:07,776 INFO  - Vehicle is inside the detection area. (at simulation time 203.100,000,000 s)
2024-06-04 00:13:07,776 INFO  - Sent Detection message to rsu_0 (at simulation time 203.100,000,000 s)
2024-06-04 00:13:07,776 INFO  - Sent broadcast CAM message to all vehicles (at simulation time 203.100,000,000 s)
2024-06-04 00:13:07,776 INFO  - Received CAM message from veh_84 (at simulation time 203.100,400,000 s)
2024-06-04 00:13:07,776 INFO  - Received CAM message from veh_54 (at simulation time 203.100,400,000 s)
2024-06-04 00:13:07,777 INFO  - Received CAM message from veh_90 (at simulation time 203.101,900,000 s)
2024-06-04 00:13:07,777 INFO  - Received CAM message from veh_50 (at simulation time 203.102,400,000 s)
2024-06-04 00:13:07,777 INFO  - Atempting to process queue (at simulation time 203.200,000,000 s)
2024-06-04 00:13:07,777 INFO  - Vehicle is inside the detection area. (at simulation time 203.200,000,000 s)
2024-06-04 00:13:07,777 INFO  - Sent Detection message to rsu_0 (at simulation time 203.200,000,000 s)
2024-06-04 00:13:07,777 INFO  - Sent broadcast CAM message to all vehicles (at simulation time 203.200,000,000 s)
2024-06-04 00:13:07,778 INFO  - Received CAM message from veh_90 (at simulation time 203.200,400,000 s)
2024-06-04 00:13:07,778 INFO  - Received CAM message from veh_84 (at simulation time 203.200,400,000 s)
2024-06-04 00:13:07,778 INFO  - Received CAM message from veh_54 (at simulation time 203.200,900,000 s)
2024-06-04 00:13:07,779 INFO  - Received CAM message from veh_50 (at simulation time 203.201,900,000 s)
2024-06-04 00:13:07,779 INFO  - Atempting to process queue (at simulation time 203.300,000,000 s)
2024-06-04 00:13:07,779 INFO  - Vehicle is inside the detection area. (at simulation time 203.300,000,000 s)
2024-06-04 00:13:07,779 INFO  - Sent Detection message to rsu_0 (at simulation time 203.300,000,000 s)
2024-06-04 00:13:07,779 INFO  - Sent broadcast CAM message to all vehicles (at simulation time 203.300,000,000 s)
2024-06-04 00:13:07,780 INFO  - Received CAM message from veh_84 (at simulation time 203.300,400,000 s)
2024-06-04 00:13:07,780 INFO  - Received CAM message from veh_54 (at simulation time 203.300,400,000 s)
2024-06-04 00:13:07,781 INFO  - Received CAM message from veh_90 (at simulation time 203.301,900,000 s)
2024-06-04 00:13:07,781 INFO  - Received CAM message from veh_50 (at simulation time 203.301,900,000 s)
2024-06-04 00:13:07,781 INFO  - Atempting to process queue (at simulation time 203.400,000,000 s)
2024-06-04 00:13:07,781 INFO  - Vehicle is inside the detection area. (at simulation time 203.400,000,000 s)
2024-06-04 00:13:07,781 INFO  - Sent Detection message to rsu_0 (at simulation time 203.400,000,000 s)
2024-06-04 00:13:07,781 INFO  - Sent broadcast CAM message to all vehicles (at simulation time 203.400,000,000 s)
2024-06-04 00:13:07,783 INFO  - Received CAM message from veh_54 (at simulation time 203.400,900,000 s)
2024-06-04 00:13:07,783 INFO  - Received CAM message from veh_50 (at simulation time 203.400,900,000 s)
2024-06-04 00:13:07,784 INFO  - Received CAM message from veh_84 (at simulation time 203.401,400,000 s)
2024-06-04 00:13:07,784 INFO  - Received CAM message from veh_90 (at simulation time 203.401,900,000 s)
2024-06-04 00:13:07,784 INFO  - Atempting to process queue (at simulation time 203.500,000,000 s)
2024-06-04 00:13:07,784 INFO  - Vehicle is inside the detection area. (at simulation time 203.500,000,000 s)
2024-06-04 00:13:07,784 INFO  - Sent Detection message to rsu_0 (at simulation time 203.500,000,000 s)
2024-06-04 00:13:07,784 INFO  - Sent broadcast CAM message to all vehicles (at simulation time 203.500,000,000 s)
2024-06-04 00:13:07,785 INFO  - Received CAM message from veh_50 (at simulation time 203.500,400,000 s)
2024-06-04 00:13:07,785 INFO  - Received CAM message from veh_90 (at simulation time 203.500,900,000 s)
2024-06-04 00:13:07,785 INFO  - Received CAM message from veh_54 (at simulation time 203.500,900,000 s)
2024-06-04 00:13:07,786 INFO  - Received CAM message from veh_84 (at simulation time 203.501,900,000 s)
2024-06-04 00:13:07,786 INFO  - Atempting to process queue (at simulation time 203.600,000,000 s)
2024-06-04 00:13:07,786 INFO  - Vehicle is inside the detection area. (at simulation time 203.600,000,000 s)
2024-06-04 00:13:07,786 INFO  - Sent Detection message to rsu_0 (at simulation time 203.600,000,000 s)
2024-06-04 00:13:07,786 INFO  - Sent broadcast CAM message to all vehicles (at simulation time 203.600,000,000 s)
2024-06-04 00:13:07,787 INFO  - Received CAM message from veh_90 (at simulation time 203.600,900,000 s)
2024-06-04 00:13:07,787 INFO  - Received CAM message from veh_84 (at simulation time 203.600,900,000 s)
2024-06-04 00:13:07,788 INFO  - Received CAM message from veh_50 (at simulation time 203.601,900,000 s)
2024-06-04 00:13:07,788 INFO  - Received CAM message from veh_54 (at simulation time 203.602,400,000 s)
2024-06-04 00:13:07,788 INFO  - Atempting to process queue (at simulation time 203.700,000,000 s)
2024-06-04 00:13:07,788 INFO  - Vehicle is inside the detection area. (at simulation time 203.700,000,000 s)
2024-06-04 00:13:07,788 INFO  - Sent Detection message to rsu_0 (at simulation time 203.700,000,000 s)
2024-06-04 00:13:07,788 INFO  - Sent broadcast CAM message to all vehicles (at simulation time 203.700,000,000 s)
2024-06-04 00:13:07,789 INFO  - Received CAM message from veh_84 (at simulation time 203.700,400,000 s)
2024-06-04 00:13:07,789 INFO  - Received CAM message from veh_50 (at simulation time 203.700,400,000 s)
2024-06-04 00:13:07,789 INFO  - Received CAM message from veh_90 (at simulation time 203.701,400,000 s)
2024-06-04 00:13:07,789 INFO  - Received CAM message from veh_54 (at simulation time 203.702,400,000 s)
2024-06-04 00:13:07,789 INFO  - Atempting to process queue (at simulation time 203.800,000,000 s)
2024-06-04 00:13:07,789 INFO  - Vehicle is inside the detection area. (at simulation time 203.800,000,000 s)
2024-06-04 00:13:07,789 INFO  - Sent Detection message to rsu_0 (at simulation time 203.800,000,000 s)
2024-06-04 00:13:07,789 INFO  - Sent broadcast CAM message to all vehicles (at simulation time 203.800,000,000 s)
2024-06-04 00:13:07,790 INFO  - Received CAM message from veh_84 (at simulation time 203.800,400,000 s)
2024-06-04 00:13:07,790 INFO  - Received CAM message from veh_54 (at simulation time 203.801,400,000 s)
2024-06-04 00:13:07,791 INFO  - Received CAM message from veh_50 (at simulation time 203.801,900,000 s)
2024-06-04 00:13:07,791 INFO  - Received CAM message from veh_90 (at simulation time 203.802,400,000 s)
2024-06-04 00:13:07,791 INFO  - Atempting to process queue (at simulation time 203.900,000,000 s)
2024-06-04 00:13:07,791 INFO  - Vehicle is inside the detection area. (at simulation time 203.900,000,000 s)
2024-06-04 00:13:07,791 INFO  - Sent Detection message to rsu_0 (at simulation time 203.900,000,000 s)
2024-06-04 00:13:07,791 INFO  - Sent broadcast CAM message to all vehicles (at simulation time 203.900,000,000 s)
2024-06-04 00:13:07,792 INFO  - Received CAM message from veh_90 (at simulation time 203.900,400,000 s)
2024-06-04 00:13:07,792 INFO  - Received CAM message from veh_54 (at simulation time 203.900,900,000 s)
2024-06-04 00:13:07,792 INFO  - Received CAM message from veh_84 (at simulation time 203.902,400,000 s)
2024-06-04 00:13:07,792 INFO  - Received CAM message from veh_50 (at simulation time 203.902,400,000 s)
2024-06-04 00:13:07,795 INFO  - Atempting to process queue (at simulation time 204.000,000,000 s)
2024-06-04 00:13:07,795 INFO  - Vehicle is inside the detection area. (at simulation time 204.000,000,000 s)
2024-06-04 00:13:07,795 INFO  - Sent Detection message to rsu_0 (at simulation time 204.000,000,000 s)
2024-06-04 00:13:07,795 INFO  - Sent broadcast CAM message to all vehicles (at simulation time 204.000,000,000 s)
2024-06-04 00:13:07,796 INFO  - Received CAM message from veh_96 (at simulation time 204.000,900,000 s)
2024-06-04 00:13:07,796 INFO  - Received CAM message from veh_90 (at simulation time 204.000,900,000 s)
2024-06-04 00:13:07,796 INFO  - Received CAM message from veh_50 (at simulation time 204.000,900,000 s)
2024-06-04 00:13:07,797 INFO  - Received CAM message from veh_54 (at simulation time 204.001,400,000 s)
2024-06-04 00:13:07,797 INFO  - Received CAM message from veh_74 (at simulation time 204.001,900,000 s)
2024-06-04 00:13:07,797 INFO  - Received CAM message from veh_84 (at simulation time 204.002,400,000 s)
2024-06-04 00:13:07,797 INFO  - Atempting to process queue (at simulation time 204.100,000,000 s)
2024-06-04 00:13:07,797 INFO  - Vehicle is inside the detection area. (at simulation time 204.100,000,000 s)
2024-06-04 00:13:07,797 INFO  - Sent Detection message to rsu_0 (at simulation time 204.100,000,000 s)
2024-06-04 00:13:07,797 INFO  - Sent broadcast CAM message to all vehicles (at simulation time 204.100,000,000 s)
2024-06-04 00:13:07,798 INFO  - Received CAM message from veh_96 (at simulation time 204.100,400,000 s)
2024-06-04 00:13:07,798 INFO  - Received CAM message from veh_90 (at simulation time 204.100,900,000 s)
2024-06-04 00:13:07,798 INFO  - Received CAM message from veh_54 (at simulation time 204.100,900,000 s)
2024-06-04 00:13:07,798 INFO  - Received CAM message from veh_50 (at simulation time 204.100,900,000 s)
2024-06-04 00:13:07,798 INFO  - Received CAM message from veh_84 (at simulation time 204.101,900,000 s)
2024-06-04 00:13:07,798 INFO  - Received CAM message from veh_74 (at simulation time 204.101,900,000 s)
2024-06-04 00:13:07,799 INFO  - Atempting to process queue (at simulation time 204.200,000,000 s)
2024-06-04 00:13:07,799 INFO  - Vehicle is inside the detection area. (at simulation time 204.200,000,000 s)
2024-06-04 00:13:07,799 INFO  - Sent Detection message to rsu_0 (at simulation time 204.200,000,000 s)
2024-06-04 00:13:07,799 INFO  - Sent broadcast CAM message to all vehicles (at simulation time 204.200,000,000 s)
2024-06-04 00:13:07,800 INFO  - Received CAM message from veh_50 (at simulation time 204.200,900,000 s)
2024-06-04 00:13:07,800 INFO  - Received CAM message from veh_54 (at simulation time 204.201,400,000 s)
2024-06-04 00:13:07,801 INFO  - Received CAM message from veh_84 (at simulation time 204.201,900,000 s)
2024-06-04 00:13:07,801 INFO  - Received CAM message from veh_74 (at simulation time 204.201,900,000 s)
2024-06-04 00:13:07,801 INFO  - Received CAM message from veh_96 (at simulation time 204.202,400,000 s)
2024-06-04 00:13:07,801 INFO  - Received CAM message from veh_90 (at simulation time 204.202,400,000 s)
2024-06-04 00:13:07,801 INFO  - Atempting to process queue (at simulation time 204.300,000,000 s)
2024-06-04 00:13:07,801 INFO  - Vehicle is inside the detection area. (at simulation time 204.300,000,000 s)
2024-06-04 00:13:07,801 INFO  - Sent Detection message to rsu_0 (at simulation time 204.300,000,000 s)
2024-06-04 00:13:07,801 INFO  - Sent broadcast CAM message to all vehicles (at simulation time 204.300,000,000 s)
2024-06-04 00:13:07,803 INFO  - Received CAM message from veh_74 (at simulation time 204.300,400,000 s)
2024-06-04 00:13:07,803 INFO  - Received CAM message from veh_54 (at simulation time 204.300,400,000 s)
2024-06-04 00:13:07,803 INFO  - Received CAM message from veh_50 (at simulation time 204.300,400,000 s)
2024-06-04 00:13:07,803 INFO  - Received CAM message from veh_90 (at simulation time 204.300,900,000 s)
2024-06-04 00:13:07,803 INFO  - Received CAM message from veh_84 (at simulation time 204.300,900,000 s)
2024-06-04 00:13:07,804 INFO  - Received CAM message from veh_96 (at simulation time 204.302,400,000 s)
2024-06-04 00:13:07,804 INFO  - Atempting to process queue (at simulation time 204.400,000,000 s)
2024-06-04 00:13:07,804 INFO  - Vehicle is inside the detection area. (at simulation time 204.400,000,000 s)
2024-06-04 00:13:07,804 INFO  - Sent Detection message to rsu_0 (at simulation time 204.400,000,000 s)
2024-06-04 00:13:07,804 INFO  - Sent broadcast CAM message to all vehicles (at simulation time 204.400,000,000 s)
2024-06-04 00:13:07,805 INFO  - Received CAM message from veh_96 (at simulation time 204.400,400,000 s)
2024-06-04 00:13:07,805 INFO  - Received CAM message from veh_90 (at simulation time 204.400,400,000 s)
2024-06-04 00:13:07,806 INFO  - Received CAM message from veh_84 (at simulation time 204.400,900,000 s)
2024-06-04 00:13:07,806 INFO  - Received CAM message from veh_74 (at simulation time 204.401,400,000 s)
2024-06-04 00:13:07,806 INFO  - Received CAM message from veh_50 (at simulation time 204.401,400,000 s)
2024-06-04 00:13:07,806 INFO  - Received CAM message from veh_54 (at simulation time 204.401,900,000 s)
2024-06-04 00:13:07,807 INFO  - Atempting to process queue (at simulation time 204.500,000,000 s)
2024-06-04 00:13:07,807 INFO  - Vehicle is inside the detection area. (at simulation time 204.500,000,000 s)
2024-06-04 00:13:07,807 INFO  - Sent Detection message to rsu_0 (at simulation time 204.500,000,000 s)
2024-06-04 00:13:07,807 INFO  - Sent broadcast CAM message to all vehicles (at simulation time 204.500,000,000 s)
2024-06-04 00:13:07,808 INFO  - Received CAM message from veh_74 (at simulation time 204.500,400,000 s)
2024-06-04 00:13:07,808 INFO  - Received CAM message from veh_96 (at simulation time 204.501,400,000 s)
2024-06-04 00:13:07,808 INFO  - Received CAM message from veh_90 (at simulation time 204.501,400,000 s)
2024-06-04 00:13:07,808 INFO  - Received CAM message from veh_84 (at simulation time 204.502,400,000 s)
2024-06-04 00:13:07,808 INFO  - Received CAM message from veh_54 (at simulation time 204.502,400,000 s)
2024-06-04 00:13:07,808 INFO  - Received CAM message from veh_50 (at simulation time 204.502,400,000 s)
2024-06-04 00:13:07,808 INFO  - Atempting to process queue (at simulation time 204.600,000,000 s)
2024-06-04 00:13:07,808 INFO  - Vehicle is inside the detection area. (at simulation time 204.600,000,000 s)
2024-06-04 00:13:07,808 INFO  - Sent Detection message to rsu_0 (at simulation time 204.600,000,000 s)
2024-06-04 00:13:07,808 INFO  - Sent broadcast CAM message to all vehicles (at simulation time 204.600,000,000 s)
2024-06-04 00:13:07,809 INFO  - Received CAM message from veh_84 (at simulation time 204.600,400,000 s)
2024-06-04 00:13:07,809 INFO  - Received CAM message from veh_74 (at simulation time 204.600,400,000 s)
2024-06-04 00:13:07,809 INFO  - Received CAM message from veh_54 (at simulation time 204.600,400,000 s)
2024-06-04 00:13:07,809 INFO  - Received CAM message from veh_90 (at simulation time 204.600,900,000 s)
2024-06-04 00:13:07,809 INFO  - Received CAM message from veh_50 (at simulation time 204.600,900,000 s)
2024-06-04 00:13:07,810 INFO  - Received CAM message from veh_96 (at simulation time 204.601,900,000 s)
2024-06-04 00:13:07,810 INFO  - Atempting to process queue (at simulation time 204.700,000,000 s)
2024-06-04 00:13:07,810 INFO  - Vehicle is inside the detection area. (at simulation time 204.700,000,000 s)
2024-06-04 00:13:07,810 INFO  - Sent Detection message to rsu_0 (at simulation time 204.700,000,000 s)
2024-06-04 00:13:07,810 INFO  - Sent broadcast CAM message to all vehicles (at simulation time 204.700,000,000 s)
2024-06-04 00:13:07,811 INFO  - Received CAM message from veh_50 (at simulation time 204.701,400,000 s)
2024-06-04 00:13:07,811 INFO  - Received CAM message from veh_96 (at simulation time 204.701,900,000 s)
2024-06-04 00:13:07,811 INFO  - Received CAM message from veh_84 (at simulation time 204.701,900,000 s)
2024-06-04 00:13:07,811 INFO  - Received CAM message from veh_74 (at simulation time 204.701,900,000 s)
2024-06-04 00:13:07,811 INFO  - Received CAM message from veh_54 (at simulation time 204.701,900,000 s)
2024-06-04 00:13:07,811 INFO  - Received CAM message from veh_90 (at simulation time 204.702,400,000 s)
2024-06-04 00:13:07,811 INFO  - Atempting to process queue (at simulation time 204.800,000,000 s)
2024-06-04 00:13:07,811 INFO  - Vehicle is inside the detection area. (at simulation time 204.800,000,000 s)
2024-06-04 00:13:07,811 INFO  - Sent Detection message to rsu_0 (at simulation time 204.800,000,000 s)
2024-06-04 00:13:07,811 INFO  - Sent broadcast CAM message to all vehicles (at simulation time 204.800,000,000 s)
2024-06-04 00:13:07,812 INFO  - Received CAM message from veh_90 (at simulation time 204.800,400,000 s)
2024-06-04 00:13:07,812 INFO  - Received CAM message from veh_54 (at simulation time 204.800,900,000 s)
2024-06-04 00:13:07,812 INFO  - Received CAM message from veh_50 (at simulation time 204.800,900,000 s)
2024-06-04 00:13:07,812 INFO  - Received CAM message from veh_96 (at simulation time 204.801,400,000 s)
2024-06-04 00:13:07,813 INFO  - Received CAM message from veh_74 (at simulation time 204.801,900,000 s)
2024-06-04 00:13:07,813 INFO  - Received CAM message from veh_84 (at simulation time 204.802,400,000 s)
2024-06-04 00:13:07,813 INFO  - Atempting to process queue (at simulation time 204.900,000,000 s)
2024-06-04 00:13:07,813 INFO  - Vehicle is inside the detection area. (at simulation time 204.900,000,000 s)
2024-06-04 00:13:07,813 INFO  - Sent Detection message to rsu_0 (at simulation time 204.900,000,000 s)
2024-06-04 00:13:07,813 INFO  - Sent broadcast CAM message to all vehicles (at simulation time 204.900,000,000 s)
2024-06-04 00:13:07,814 INFO  - Received CAM message from veh_84 (at simulation time 204.900,400,000 s)
2024-06-04 00:13:07,814 INFO  - Received CAM message from veh_54 (at simulation time 204.900,400,000 s)
2024-06-04 00:13:07,814 INFO  - Received CAM message from veh_96 (at simulation time 204.901,900,000 s)
2024-06-04 00:13:07,814 INFO  - Received CAM message from veh_90 (at simulation time 204.901,900,000 s)
2024-06-04 00:13:07,814 INFO  - Received CAM message from veh_50 (at simulation time 204.901,900,000 s)
2024-06-04 00:13:07,814 INFO  - Received CAM message from veh_74 (at simulation time 204.902,400,000 s)
2024-06-04 00:13:07,821 INFO  - Atempting to process queue (at simulation time 205.000,000,000 s)
2024-06-04 00:13:07,821 INFO  - Vehicle is outside the detection area. (at simulation time 205.000,000,000 s)
2024-06-04 00:13:07,821 INFO  - Sent broadcast CAM message to all vehicles (at simulation time 205.000,000,000 s)
2024-06-04 00:13:07,824 INFO  - Received CAM message from veh_90 (at simulation time 205.000,400,000 s)
2024-06-04 00:13:07,824 INFO  - Received CAM message from veh_84 (at simulation time 205.000,400,000 s)
2024-06-04 00:13:07,825 INFO  - Received CAM message from veh_50 (at simulation time 205.001,400,000 s)
2024-06-04 00:13:07,825 INFO  - Received CAM message from veh_96 (at simulation time 205.002,400,000 s)
2024-06-04 00:13:07,826 INFO  - Received CAM message from veh_74 (at simulation time 205.002,400,000 s)
2024-06-04 00:13:07,826 INFO  - Received CAM message from veh_54 (at simulation time 205.002,400,000 s)
2024-06-04 00:13:07,826 INFO  - Atempting to process queue (at simulation time 205.100,000,000 s)
2024-06-04 00:13:07,826 INFO  - Vehicle is outside the detection area. (at simulation time 205.100,000,000 s)
2024-06-04 00:13:07,826 INFO  - Sent broadcast CAM message to all vehicles (at simulation time 205.100,000,000 s)
2024-06-04 00:13:07,827 INFO  - Received CAM message from veh_50 (at simulation time 205.100,400,000 s)
2024-06-04 00:13:07,827 INFO  - Received CAM message from veh_74 (at simulation time 205.100,900,000 s)
2024-06-04 00:13:07,827 INFO  - Received CAM message from veh_96 (at simulation time 205.101,400,000 s)
2024-06-04 00:13:07,827 INFO  - Received CAM message from veh_84 (at simulation time 205.101,400,000 s)
2024-06-04 00:13:07,828 INFO  - Received CAM message from veh_90 (at simulation time 205.102,400,000 s)
2024-06-04 00:13:07,828 INFO  - Received CAM message from veh_54 (at simulation time 205.102,400,000 s)
2024-06-04 00:13:07,828 INFO  - Atempting to process queue (at simulation time 205.200,000,000 s)
2024-06-04 00:13:07,828 INFO  - Vehicle is outside the detection area. (at simulation time 205.200,000,000 s)
2024-06-04 00:13:07,828 INFO  - Sent broadcast CAM message to all vehicles (at simulation time 205.200,000,000 s)
2024-06-04 00:13:07,829 INFO  - Received CAM message from veh_50 (at simulation time 205.200,900,000 s)
2024-06-04 00:13:07,830 INFO  - Received CAM message from veh_90 (at simulation time 205.201,400,000 s)
2024-06-04 00:13:07,830 INFO  - Received CAM message from veh_84 (at simulation time 205.201,400,000 s)
2024-06-04 00:13:07,830 INFO  - Received CAM message from veh_54 (at simulation time 205.201,400,000 s)
2024-06-04 00:13:07,830 INFO  - Received CAM message from veh_96 (at simulation time 205.201,900,000 s)
2024-06-04 00:13:07,830 INFO  - Received CAM message from veh_74 (at simulation time 205.202,400,000 s)
2024-06-04 00:13:07,830 INFO  - Atempting to process queue (at simulation time 205.300,000,000 s)
2024-06-04 00:13:07,830 INFO  - Vehicle is outside the detection area. (at simulation time 205.300,000,000 s)
2024-06-04 00:13:07,830 INFO  - Sent broadcast CAM message to all vehicles (at simulation time 205.300,000,000 s)
2024-06-04 00:13:07,831 INFO  - Received CAM message from veh_84 (at simulation time 205.300,400,000 s)
2024-06-04 00:13:07,831 INFO  - Received CAM message from veh_50 (at simulation time 205.300,400,000 s)
2024-06-04 00:13:07,831 INFO  - Received CAM message from veh_90 (at simulation time 205.300,900,000 s)
2024-06-04 00:13:07,831 INFO  - Received CAM message from veh_96 (at simulation time 205.301,900,000 s)
2024-06-04 00:13:07,831 INFO  - Received CAM message from veh_74 (at simulation time 205.301,900,000 s)
2024-06-04 00:13:07,832 INFO  - Received CAM message from veh_54 (at simulation time 205.302,400,000 s)
2024-06-04 00:13:07,832 INFO  - Atempting to process queue (at simulation time 205.400,000,000 s)
2024-06-04 00:13:07,832 INFO  - Vehicle is outside the detection area. (at simulation time 205.400,000,000 s)
2024-06-04 00:13:07,832 INFO  - Sent broadcast CAM message to all vehicles (at simulation time 205.400,000,000 s)
2024-06-04 00:13:07,832 INFO  - Received CAM message from veh_90 (at simulation time 205.400,400,000 s)
2024-06-04 00:13:07,833 INFO  - Received CAM message from veh_84 (at simulation time 205.400,900,000 s)
2024-06-04 00:13:07,833 INFO  - Received CAM message from veh_96 (at simulation time 205.401,400,000 s)
2024-06-04 00:13:07,833 INFO  - Received CAM message from veh_74 (at simulation time 205.401,400,000 s)
2024-06-04 00:13:07,833 INFO  - Received CAM message from veh_54 (at simulation time 205.401,400,000 s)
2024-06-04 00:13:07,833 INFO  - Received CAM message from veh_50 (at simulation time 205.401,900,000 s)
2024-06-04 00:13:07,833 INFO  - Atempting to process queue (at simulation time 205.500,000,000 s)
2024-06-04 00:13:07,833 INFO  - Vehicle is outside the detection area. (at simulation time 205.500,000,000 s)
2024-06-04 00:13:07,833 INFO  - Sent broadcast CAM message to all vehicles (at simulation time 205.500,000,000 s)
2024-06-04 00:13:07,834 INFO  - Received CAM message from veh_74 (at simulation time 205.500,400,000 s)
2024-06-04 00:13:07,834 INFO  - Received CAM message from veh_54 (at simulation time 205.500,400,000 s)
2024-06-04 00:13:07,834 INFO  - Received CAM message from veh_96 (at simulation time 205.500,900,000 s)
2024-06-04 00:13:07,834 INFO  - Received CAM message from veh_50 (at simulation time 205.500,900,000 s)
2024-06-04 00:13:07,834 INFO  - Received CAM message from veh_90 (at simulation time 205.501,900,000 s)
2024-06-04 00:13:07,835 INFO  - Received CAM message from veh_84 (at simulation time 205.502,400,000 s)
2024-06-04 00:13:07,835 INFO  - Atempting to process queue (at simulation time 205.600,000,000 s)
2024-06-04 00:13:07,835 INFO  - Vehicle is outside the detection area. (at simulation time 205.600,000,000 s)
2024-06-04 00:13:07,835 INFO  - Sent broadcast CAM message to all vehicles (at simulation time 205.600,000,000 s)
2024-06-04 00:13:07,835 INFO  - Received CAM message from veh_96 (at simulation time 205.600,400,000 s)
2024-06-04 00:13:07,836 INFO  - Received CAM message from veh_90 (at simulation time 205.600,400,000 s)
2024-06-04 00:13:07,836 INFO  - Received CAM message from veh_74 (at simulation time 205.600,400,000 s)
2024-06-04 00:13:07,836 INFO  - Received CAM message from veh_84 (at simulation time 205.600,900,000 s)
2024-06-04 00:13:07,836 INFO  - Received CAM message from veh_54 (at simulation time 205.601,900,000 s)
2024-06-04 00:13:07,836 INFO  - Received CAM message from veh_50 (at simulation time 205.602,400,000 s)
2024-06-04 00:13:07,836 INFO  - Atempting to process queue (at simulation time 205.700,000,000 s)
2024-06-04 00:13:07,836 INFO  - Vehicle is outside the detection area. (at simulation time 205.700,000,000 s)
2024-06-04 00:13:07,836 INFO  - Sent broadcast CAM message to all vehicles (at simulation time 205.700,000,000 s)
2024-06-04 00:13:07,837 INFO  - Received CAM message from veh_90 (at simulation time 205.700,400,000 s)
2024-06-04 00:13:07,837 INFO  - Received CAM message from veh_50 (at simulation time 205.700,900,000 s)
2024-06-04 00:13:07,837 INFO  - Received CAM message from veh_74 (at simulation time 205.701,400,000 s)
2024-06-04 00:13:07,837 INFO  - Received CAM message from veh_54 (at simulation time 205.701,400,000 s)
2024-06-04 00:13:07,837 INFO  - Received CAM message from veh_96 (at simulation time 205.701,900,000 s)
2024-06-04 00:13:07,838 INFO  - Received CAM message from veh_84 (at simulation time 205.702,400,000 s)
2024-06-04 00:13:07,838 INFO  - Atempting to process queue (at simulation time 205.800,000,000 s)
2024-06-04 00:13:07,838 INFO  - Vehicle is outside the detection area. (at simulation time 205.800,000,000 s)
2024-06-04 00:13:07,838 INFO  - Sent broadcast CAM message to all vehicles (at simulation time 205.800,000,000 s)
2024-06-04 00:13:07,839 INFO  - Received CAM message from veh_84 (at simulation time 205.800,900,000 s)
2024-06-04 00:13:07,839 INFO  - Received CAM message from veh_54 (at simulation time 205.800,900,000 s)
2024-06-04 00:13:07,839 INFO  - Received CAM message from veh_90 (at simulation time 205.801,400,000 s)
2024-06-04 00:13:07,839 INFO  - Received CAM message from veh_74 (at simulation time 205.801,900,000 s)
2024-06-04 00:13:07,839 INFO  - Received CAM message from veh_96 (at simulation time 205.802,400,000 s)
2024-06-04 00:13:07,839 INFO  - Received CAM message from veh_50 (at simulation time 205.802,400,000 s)
2024-06-04 00:13:07,839 INFO  - Atempting to process queue (at simulation time 205.900,000,000 s)
2024-06-04 00:13:07,839 INFO  - Vehicle is outside the detection area. (at simulation time 205.900,000,000 s)
2024-06-04 00:13:07,839 INFO  - Sent broadcast CAM message to all vehicles (at simulation time 205.900,000,000 s)
2024-06-04 00:13:07,840 INFO  - Received CAM message from veh_84 (at simulation time 205.900,400,000 s)
2024-06-04 00:13:07,840 INFO  - Received CAM message from veh_90 (at simulation time 205.900,900,000 s)
2024-06-04 00:13:07,841 INFO  - Received CAM message from veh_74 (at simulation time 205.901,900,000 s)
2024-06-04 00:13:07,841 INFO  - Received CAM message from veh_50 (at simulation time 205.901,900,000 s)
2024-06-04 00:13:07,841 INFO  - Received CAM message from veh_96 (at simulation time 205.902,400,000 s)
2024-06-04 00:13:07,841 INFO  - Received CAM message from veh_54 (at simulation time 205.902,400,000 s)
2024-06-04 00:13:07,847 INFO  - Atempting to process queue (at simulation time 206.000,000,000 s)
2024-06-04 00:13:07,847 INFO  - Vehicle is outside the detection area. (at simulation time 206.000,000,000 s)
2024-06-04 00:13:07,847 INFO  - Sent broadcast CAM message to all vehicles (at simulation time 206.000,000,000 s)
2024-06-04 00:13:07,850 INFO  - Received CAM message from veh_50 (at simulation time 206.000,400,000 s)
2024-06-04 00:13:07,850 INFO  - Received CAM message from veh_90 (at simulation time 206.000,900,000 s)
2024-06-04 00:13:07,851 INFO  - Received CAM message from veh_54 (at simulation time 206.000,900,000 s)
2024-06-04 00:13:07,851 INFO  - Received CAM message from veh_84 (at simulation time 206.001,400,000 s)
2024-06-04 00:13:07,851 INFO  - Received CAM message from veh_74 (at simulation time 206.001,900,000 s)
2024-06-04 00:13:07,851 INFO  - Received CAM message from veh_96 (at simulation time 206.002,400,000 s)
2024-06-04 00:13:07,851 INFO  - Atempting to process queue (at simulation time 206.100,000,000 s)
2024-06-04 00:13:07,851 INFO  - Vehicle is outside the detection area. (at simulation time 206.100,000,000 s)
2024-06-04 00:13:07,851 INFO  - Sent broadcast CAM message to all vehicles (at simulation time 206.100,000,000 s)
2024-06-04 00:13:07,852 INFO  - Received CAM message from veh_54 (at simulation time 206.100,400,000 s)
2024-06-04 00:13:07,852 INFO  - Received CAM message from veh_90 (at simulation time 206.101,400,000 s)
2024-06-04 00:13:07,852 INFO  - Received CAM message from veh_50 (at simulation time 206.101,400,000 s)
2024-06-04 00:13:07,853 INFO  - Received CAM message from veh_96 (at simulation time 206.101,900,000 s)
2024-06-04 00:13:07,853 INFO  - Received CAM message from veh_84 (at simulation time 206.102,400,000 s)
2024-06-04 00:13:07,853 INFO  - Received CAM message from veh_74 (at simulation time 206.102,400,000 s)
2024-06-04 00:13:07,853 INFO  - Atempting to process queue (at simulation time 206.200,000,000 s)
2024-06-04 00:13:07,853 INFO  - Vehicle is outside the detection area. (at simulation time 206.200,000,000 s)
2024-06-04 00:13:07,853 INFO  - Sent broadcast CAM message to all vehicles (at simulation time 206.200,000,000 s)
2024-06-04 00:13:07,854 INFO  - Received CAM message from veh_84 (at simulation time 206.200,400,000 s)
2024-06-04 00:13:07,854 INFO  - Received CAM message from veh_54 (at simulation time 206.200,400,000 s)
2024-06-04 00:13:07,854 INFO  - Received CAM message from veh_96 (at simulation time 206.200,900,000 s)
2024-06-04 00:13:07,854 INFO  - Received CAM message from veh_74 (at simulation time 206.201,400,000 s)
2024-06-04 00:13:07,854 INFO  - Received CAM message from veh_50 (at simulation time 206.201,400,000 s)
2024-06-04 00:13:07,854 INFO  - Received CAM message from veh_90 (at simulation time 206.202,400,000 s)
2024-06-04 00:13:07,854 INFO  - Atempting to process queue (at simulation time 206.300,000,000 s)
2024-06-04 00:13:07,855 INFO  - Vehicle is outside the detection area. (at simulation time 206.300,000,000 s)
2024-06-04 00:13:07,855 INFO  - Sent broadcast CAM message to all vehicles (at simulation time 206.300,000,000 s)
2024-06-04 00:13:07,855 INFO  - Received CAM message from veh_90 (at simulation time 206.300,400,000 s)
2024-06-04 00:13:07,855 INFO  - Received CAM message from veh_96 (at simulation time 206.300,900,000 s)
2024-06-04 00:13:07,855 INFO  - Received CAM message from veh_50 (at simulation time 206.300,900,000 s)
2024-06-04 00:13:07,856 INFO  - Received CAM message from veh_84 (at simulation time 206.301,900,000 s)
2024-06-04 00:13:07,856 INFO  - Received CAM message from veh_74 (at simulation time 206.301,900,000 s)
2024-06-04 00:13:07,856 INFO  - Received CAM message from veh_54 (at simulation time 206.302,400,000 s)
2024-06-04 00:13:07,856 INFO  - Atempting to process queue (at simulation time 206.400,000,000 s)
2024-06-04 00:13:07,856 INFO  - Vehicle is outside the detection area. (at simulation time 206.400,000,000 s)
2024-06-04 00:13:07,856 INFO  - Sent broadcast CAM message to all vehicles (at simulation time 206.400,000,000 s)
2024-06-04 00:13:07,857 INFO  - Received CAM message from veh_90 (at simulation time 206.400,400,000 s)
2024-06-04 00:13:07,857 INFO  - Received CAM message from veh_74 (at simulation time 206.400,400,000 s)
2024-06-04 00:13:07,857 INFO  - Received CAM message from veh_50 (at simulation time 206.400,400,000 s)
2024-06-04 00:13:07,857 INFO  - Received CAM message from veh_84 (at simulation time 206.400,900,000 s)
2024-06-04 00:13:07,857 INFO  - Received CAM message from veh_54 (at simulation time 206.401,900,000 s)
2024-06-04 00:13:07,857 INFO  - Received CAM message from veh_96 (at simulation time 206.402,400,000 s)
2024-06-04 00:13:07,858 INFO  - Atempting to process queue (at simulation time 206.500,000,000 s)
2024-06-04 00:13:07,858 INFO  - Vehicle is outside the detection area. (at simulation time 206.500,000,000 s)
2024-06-04 00:13:07,858 INFO  - Sent broadcast CAM message to all vehicles (at simulation time 206.500,000,000 s)
2024-06-04 00:13:07,858 INFO  - Received CAM message from veh_84 (at simulation time 206.500,400,000 s)
2024-06-04 00:13:07,858 INFO  - Received CAM message from veh_96 (at simulation time 206.501,400,000 s)
2024-06-04 00:13:07,859 INFO  - Received CAM message from veh_54 (at simulation time 206.501,400,000 s)
2024-06-04 00:13:07,859 INFO  - Received CAM message from veh_50 (at simulation time 206.501,900,000 s)
2024-06-04 00:13:07,859 INFO  - Received CAM message from veh_90 (at simulation time 206.502,400,000 s)
2024-06-04 00:13:07,859 INFO  - Received CAM message from veh_74 (at simulation time 206.502,400,000 s)
2024-06-04 00:13:07,859 INFO  - Atempting to process queue (at simulation time 206.600,000,000 s)
2024-06-04 00:13:07,859 INFO  - Vehicle is outside the detection area. (at simulation time 206.600,000,000 s)
2024-06-04 00:13:07,859 INFO  - Sent broadcast CAM message to all vehicles (at simulation time 206.600,000,000 s)
2024-06-04 00:13:07,860 INFO  - Received CAM message from veh_74 (at simulation time 206.600,400,000 s)
2024-06-04 00:13:07,860 INFO  - Received CAM message from veh_54 (at simulation time 206.600,400,000 s)
2024-06-04 00:13:07,860 INFO  - Received CAM message from veh_50 (at simulation time 206.600,400,000 s)
2024-06-04 00:13:07,860 INFO  - Received CAM message from veh_90 (at simulation time 206.601,400,000 s)
2024-06-04 00:13:07,860 INFO  - Received CAM message from veh_84 (at simulation time 206.601,400,000 s)
2024-06-04 00:13:07,860 INFO  - Received CAM message from veh_96 (at simulation time 206.602,400,000 s)
2024-06-04 00:13:07,860 INFO  - Atempting to process queue (at simulation time 206.700,000,000 s)
2024-06-04 00:13:07,860 INFO  - Vehicle is outside the detection area. (at simulation time 206.700,000,000 s)
2024-06-04 00:13:07,860 INFO  - Sent broadcast CAM message to all vehicles (at simulation time 206.700,000,000 s)
2024-06-04 00:13:07,861 INFO  - Received CAM message from veh_90 (at simulation time 206.700,400,000 s)
2024-06-04 00:13:07,861 INFO  - Received CAM message from veh_96 (at simulation time 206.701,400,000 s)
2024-06-04 00:13:07,862 INFO  - Received CAM message from veh_74 (at simulation time 206.701,900,000 s)
2024-06-04 00:13:07,862 INFO  - Received CAM message from veh_54 (at simulation time 206.701,900,000 s)
2024-06-04 00:13:07,862 INFO  - Received CAM message from veh_84 (at simulation time 206.702,400,000 s)
2024-06-04 00:13:07,862 INFO  - Received CAM message from veh_50 (at simulation time 206.702,400,000 s)
2024-06-04 00:13:07,862 INFO  - Atempting to process queue (at simulation time 206.800,000,000 s)
2024-06-04 00:13:07,862 INFO  - Vehicle is outside the detection area. (at simulation time 206.800,000,000 s)
2024-06-04 00:13:07,862 INFO  - Sent broadcast CAM message to all vehicles (at simulation time 206.800,000,000 s)
2024-06-04 00:13:07,863 INFO  - Received CAM message from veh_84 (at simulation time 206.800,400,000 s)
2024-06-04 00:13:07,863 INFO  - Received CAM message from veh_74 (at simulation time 206.801,400,000 s)
2024-06-04 00:13:07,864 INFO  - Received CAM message from veh_96 (at simulation time 206.802,400,000 s)
2024-06-04 00:13:07,864 INFO  - Received CAM message from veh_90 (at simulation time 206.802,400,000 s)
2024-06-04 00:13:07,864 INFO  - Received CAM message from veh_54 (at simulation time 206.802,400,000 s)
2024-06-04 00:13:07,864 INFO  - Received CAM message from veh_50 (at simulation time 206.802,400,000 s)
2024-06-04 00:13:07,864 INFO  - Atempting to process queue (at simulation time 206.900,000,000 s)
2024-06-04 00:13:07,864 INFO  - Vehicle is outside the detection area. (at simulation time 206.900,000,000 s)
2024-06-04 00:13:07,864 INFO  - Sent broadcast CAM message to all vehicles (at simulation time 206.900,000,000 s)
2024-06-04 00:13:07,865 INFO  - Received CAM message from veh_50 (at simulation time 206.900,900,000 s)
2024-06-04 00:13:07,865 INFO  - Received CAM message from veh_96 (at simulation time 206.901,400,000 s)
2024-06-04 00:13:07,865 INFO  - Received CAM message from veh_54 (at simulation time 206.901,400,000 s)
2024-06-04 00:13:07,865 INFO  - Received CAM message from veh_84 (at simulation time 206.901,900,000 s)
2024-06-04 00:13:07,865 INFO  - Received CAM message from veh_90 (at simulation time 206.902,400,000 s)
2024-06-04 00:13:07,865 INFO  - Received CAM message from veh_74 (at simulation time 206.902,400,000 s)
2024-06-04 00:13:07,869 INFO  - Atempting to process queue (at simulation time 207.000,000,000 s)
2024-06-04 00:13:07,869 INFO  - Vehicle is outside the detection area. (at simulation time 207.000,000,000 s)
2024-06-04 00:13:07,869 INFO  - Sent broadcast CAM message to all vehicles (at simulation time 207.000,000,000 s)
2024-06-04 00:13:07,873 INFO  - Received CAM message from veh_84 (at simulation time 207.000,900,000 s)
2024-06-04 00:13:07,873 INFO  - Received CAM message from veh_90 (at simulation time 207.001,400,000 s)
2024-06-04 00:13:07,873 INFO  - Received CAM message from veh_50 (at simulation time 207.001,400,000 s)
2024-06-04 00:13:07,874 INFO  - Received CAM message from veh_74 (at simulation time 207.002,400,000 s)
2024-06-04 00:13:07,874 INFO  - Received CAM message from veh_54 (at simulation time 207.002,400,000 s)
2024-06-04 00:13:07,874 INFO  - Atempting to process queue (at simulation time 207.100,000,000 s)
2024-06-04 00:13:07,874 INFO  - Vehicle is outside the detection area. (at simulation time 207.100,000,000 s)
2024-06-04 00:13:07,874 INFO  - Sent broadcast CAM message to all vehicles (at simulation time 207.100,000,000 s)
2024-06-04 00:13:07,875 INFO  - Received CAM message from veh_84 (at simulation time 207.100,900,000 s)
2024-06-04 00:13:07,875 INFO  - Received CAM message from veh_74 (at simulation time 207.100,900,000 s)
2024-06-04 00:13:07,875 INFO  - Received CAM message from veh_54 (at simulation time 207.100,900,000 s)
2024-06-04 00:13:07,876 INFO  - Received CAM message from veh_50 (at simulation time 207.101,900,000 s)
2024-06-04 00:13:07,876 INFO  - Received CAM message from veh_90 (at simulation time 207.102,400,000 s)
2024-06-04 00:13:07,876 INFO  - Atempting to process queue (at simulation time 207.200,000,000 s)
2024-06-04 00:13:07,876 INFO  - Vehicle is outside the detection area. (at simulation time 207.200,000,000 s)
2024-06-04 00:13:07,876 INFO  - Sent broadcast CAM message to all vehicles (at simulation time 207.200,000,000 s)
2024-06-04 00:13:07,877 INFO  - Received CAM message from veh_84 (at simulation time 207.200,400,000 s)
2024-06-04 00:13:07,877 INFO  - Received CAM message from veh_90 (at simulation time 207.200,900,000 s)
2024-06-04 00:13:07,877 INFO  - Received CAM message from veh_74 (at simulation time 207.200,900,000 s)
2024-06-04 00:13:07,877 INFO  - Received CAM message from veh_50 (at simulation time 207.200,900,000 s)
2024-06-04 00:13:07,878 INFO  - Received CAM message from veh_54 (at simulation time 207.202,400,000 s)
2024-06-04 00:13:07,878 INFO  - Atempting to process queue (at simulation time 207.300,000,000 s)
2024-06-04 00:13:07,878 INFO  - Vehicle is outside the detection area. (at simulation time 207.300,000,000 s)
2024-06-04 00:13:07,878 INFO  - Sent broadcast CAM message to all vehicles (at simulation time 207.300,000,000 s)
2024-06-04 00:13:07,878 INFO  - Received CAM message from veh_90 (at simulation time 207.300,400,000 s)
2024-06-04 00:13:07,879 INFO  - Received CAM message from veh_84 (at simulation time 207.300,400,000 s)
2024-06-04 00:13:07,879 INFO  - Received CAM message from veh_74 (at simulation time 207.300,900,000 s)
2024-06-04 00:13:07,879 INFO  - Received CAM message from veh_54 (at simulation time 207.301,400,000 s)
2024-06-04 00:13:07,879 INFO  - Received CAM message from veh_50 (at simulation time 207.302,400,000 s)
2024-06-04 00:13:07,879 INFO  - Atempting to process queue (at simulation time 207.400,000,000 s)
2024-06-04 00:13:07,879 INFO  - Vehicle is outside the detection area. (at simulation time 207.400,000,000 s)
2024-06-04 00:13:07,879 INFO  - Sent broadcast CAM message to all vehicles (at simulation time 207.400,000,000 s)
2024-06-04 00:13:07,880 INFO  - Received CAM message from veh_54 (at simulation time 207.400,900,000 s)
2024-06-04 00:13:07,881 INFO  - Received CAM message from veh_90 (at simulation time 207.401,400,000 s)
2024-06-04 00:13:07,881 INFO  - Received CAM message from veh_84 (at simulation time 207.401,400,000 s)
2024-06-04 00:13:07,881 INFO  - Received CAM message from veh_74 (at simulation time 207.401,400,000 s)
2024-06-04 00:13:07,881 INFO  - Received CAM message from veh_50 (at simulation time 207.401,900,000 s)
2024-06-04 00:13:07,881 INFO  - Atempting to process queue (at simulation time 207.500,000,000 s)
2024-06-04 00:13:07,881 INFO  - Vehicle is outside the detection area. (at simulation time 207.500,000,000 s)
2024-06-04 00:13:07,881 INFO  - Sent broadcast CAM message to all vehicles (at simulation time 207.500,000,000 s)
2024-06-04 00:13:07,882 INFO  - Received CAM message from veh_90 (at simulation time 207.500,900,000 s)
2024-06-04 00:13:07,882 INFO  - Received CAM message from veh_84 (at simulation time 207.500,900,000 s)
2024-06-04 00:13:07,882 INFO  - Received CAM message from veh_74 (at simulation time 207.500,900,000 s)
2024-06-04 00:13:07,882 INFO  - Received CAM message from veh_50 (at simulation time 207.501,900,000 s)
2024-06-04 00:13:07,882 INFO  - Received CAM message from veh_54 (at simulation time 207.502,400,000 s)
2024-06-04 00:13:07,882 INFO  - Atempting to process queue (at simulation time 207.600,000,000 s)
2024-06-04 00:13:07,882 INFO  - Vehicle is outside the detection area. (at simulation time 207.600,000,000 s)
2024-06-04 00:13:07,882 INFO  - Sent broadcast CAM message to all vehicles (at simulation time 207.600,000,000 s)
2024-06-04 00:13:07,883 INFO  - Received CAM message from veh_84 (at simulation time 207.600,900,000 s)
2024-06-04 00:13:07,883 INFO  - Received CAM message from veh_54 (at simulation time 207.600,900,000 s)
2024-06-04 00:13:07,884 INFO  - Received CAM message from veh_90 (at simulation time 207.601,400,000 s)
2024-06-04 00:13:07,884 INFO  - Received CAM message from veh_74 (at simulation time 207.601,900,000 s)
2024-06-04 00:13:07,884 INFO  - Received CAM message from veh_50 (at simulation time 207.602,400,000 s)
2024-06-04 00:13:07,884 INFO  - Atempting to process queue (at simulation time 207.700,000,000 s)
2024-06-04 00:13:07,884 INFO  - Vehicle is outside the detection area. (at simulation time 207.700,000,000 s)
2024-06-04 00:13:07,884 INFO  - Sent broadcast CAM message to all vehicles (at simulation time 207.700,000,000 s)
2024-06-04 00:13:07,885 INFO  - Received CAM message from veh_50 (at simulation time 207.701,400,000 s)
2024-06-04 00:13:07,885 INFO  - Received CAM message from veh_84 (at simulation time 207.701,900,000 s)
2024-06-04 00:13:07,885 INFO  - Received CAM message from veh_54 (at simulation time 207.701,900,000 s)
2024-06-04 00:13:07,885 INFO  - Received CAM message from veh_90 (at simulation time 207.702,400,000 s)
2024-06-04 00:13:07,885 INFO  - Received CAM message from veh_74 (at simulation time 207.702,400,000 s)
2024-06-04 00:13:07,885 INFO  - Atempting to process queue (at simulation time 207.800,000,000 s)
2024-06-04 00:13:07,885 INFO  - Vehicle is outside the detection area. (at simulation time 207.800,000,000 s)
2024-06-04 00:13:07,885 INFO  - Sent broadcast CAM message to all vehicles (at simulation time 207.800,000,000 s)
2024-06-04 00:13:07,886 INFO  - Received CAM message from veh_74 (at simulation time 207.800,400,000 s)
2024-06-04 00:13:07,886 INFO  - Received CAM message from veh_90 (at simulation time 207.800,900,000 s)
2024-06-04 00:13:07,887 INFO  - Received CAM message from veh_50 (at simulation time 207.801,900,000 s)
2024-06-04 00:13:07,887 INFO  - Received CAM message from veh_84 (at simulation time 207.802,400,000 s)
2024-06-04 00:13:07,887 INFO  - Received CAM message from veh_54 (at simulation time 207.802,400,000 s)
2024-06-04 00:13:07,887 INFO  - Atempting to process queue (at simulation time 207.900,000,000 s)
2024-06-04 00:13:07,887 INFO  - Vehicle is outside the detection area. (at simulation time 207.900,000,000 s)
2024-06-04 00:13:07,887 INFO  - Sent broadcast CAM message to all vehicles (at simulation time 207.900,000,000 s)
2024-06-04 00:13:07,887 INFO  - Received CAM message from veh_90 (at simulation time 207.900,400,000 s)
2024-06-04 00:13:07,887 INFO  - Received CAM message from veh_74 (at simulation time 207.900,400,000 s)
2024-06-04 00:13:07,888 INFO  - Received CAM message from veh_54 (at simulation time 207.901,900,000 s)
2024-06-04 00:13:07,888 INFO  - Received CAM message from veh_84 (at simulation time 207.902,400,000 s)
2024-06-04 00:13:07,888 INFO  - Received CAM message from veh_50 (at simulation time 207.902,400,000 s)
2024-06-04 00:13:07,891 INFO  - Atempting to process queue (at simulation time 208.000,000,000 s)
2024-06-04 00:13:07,891 INFO  - Vehicle is outside the detection area. (at simulation time 208.000,000,000 s)
2024-06-04 00:13:07,891 INFO  - Sent broadcast CAM message to all vehicles (at simulation time 208.000,000,000 s)
2024-06-04 00:13:07,895 INFO  - Received CAM message from veh_84 (at simulation time 208.000,400,000 s)
2024-06-04 00:13:07,896 INFO  - Received CAM message from veh_50 (at simulation time 208.001,400,000 s)
2024-06-04 00:13:07,897 INFO  - Received CAM message from veh_90 (at simulation time 208.002,400,000 s)
2024-06-04 00:13:07,897 INFO  - Received CAM message from veh_54 (at simulation time 208.002,400,000 s)
2024-06-04 00:13:07,898 INFO  - Atempting to process queue (at simulation time 208.100,000,000 s)
2024-06-04 00:13:07,898 INFO  - Vehicle is outside the detection area. (at simulation time 208.100,000,000 s)
2024-06-04 00:13:07,898 INFO  - Sent broadcast CAM message to all vehicles (at simulation time 208.100,000,000 s)
2024-06-04 00:13:07,899 INFO  - Received CAM message from veh_54 (at simulation time 208.100,900,000 s)
2024-06-04 00:13:07,899 INFO  - Received CAM message from veh_50 (at simulation time 208.100,900,000 s)
2024-06-04 00:13:07,900 INFO  - Received CAM message from veh_84 (at simulation time 208.101,900,000 s)
2024-06-04 00:13:07,900 INFO  - Received CAM message from veh_90 (at simulation time 208.102,400,000 s)
2024-06-04 00:13:07,900 INFO  - Atempting to process queue (at simulation time 208.200,000,000 s)
2024-06-04 00:13:07,900 INFO  - Vehicle is outside the detection area. (at simulation time 208.200,000,000 s)
2024-06-04 00:13:07,900 INFO  - Sent broadcast CAM message to all vehicles (at simulation time 208.200,000,000 s)
2024-06-04 00:13:07,901 INFO  - Received CAM message from veh_90 (at simulation time 208.200,900,000 s)
2024-06-04 00:13:07,901 INFO  - Received CAM message from veh_84 (at simulation time 208.200,900,000 s)
2024-06-04 00:13:07,901 INFO  - Received CAM message from veh_54 (at simulation time 208.200,900,000 s)
2024-06-04 00:13:07,901 INFO  - Received CAM message from veh_50 (at simulation time 208.200,900,000 s)
2024-06-04 00:13:07,902 INFO  - Atempting to process queue (at simulation time 208.300,000,000 s)
2024-06-04 00:13:07,902 INFO  - Vehicle is outside the detection area. (at simulation time 208.300,000,000 s)
2024-06-04 00:13:07,902 INFO  - Sent broadcast CAM message to all vehicles (at simulation time 208.300,000,000 s)
2024-06-04 00:13:07,902 INFO  - Received CAM message from veh_90 (at simulation time 208.300,400,000 s)
2024-06-04 00:13:07,903 INFO  - Received CAM message from veh_54 (at simulation time 208.300,400,000 s)
2024-06-04 00:13:07,903 INFO  - Received CAM message from veh_84 (at simulation time 208.301,400,000 s)
2024-06-04 00:13:07,903 INFO  - Received CAM message from veh_50 (at simulation time 208.302,400,000 s)
2024-06-04 00:13:07,903 INFO  - Atempting to process queue (at simulation time 208.400,000,000 s)
2024-06-04 00:13:07,903 INFO  - Vehicle is outside the detection area. (at simulation time 208.400,000,000 s)
2024-06-04 00:13:07,903 INFO  - Sent broadcast CAM message to all vehicles (at simulation time 208.400,000,000 s)
2024-06-04 00:13:07,904 INFO  - Received CAM message from veh_90 (at simulation time 208.400,400,000 s)
2024-06-04 00:13:07,904 INFO  - Received CAM message from veh_54 (at simulation time 208.400,400,000 s)
2024-06-04 00:13:07,904 INFO  - Received CAM message from veh_84 (at simulation time 208.401,400,000 s)
2024-06-04 00:13:07,905 INFO  - Received CAM message from veh_50 (at simulation time 208.402,400,000 s)
2024-06-04 00:13:07,905 INFO  - Atempting to process queue (at simulation time 208.500,000,000 s)
2024-06-04 00:13:07,905 INFO  - Vehicle is outside the detection area. (at simulation time 208.500,000,000 s)
2024-06-04 00:13:07,905 INFO  - Sent broadcast CAM message to all vehicles (at simulation time 208.500,000,000 s)
2024-06-04 00:13:07,905 INFO  - Received CAM message from veh_90 (at simulation time 208.500,400,000 s)
2024-06-04 00:13:07,905 INFO  - Received CAM message from veh_50 (at simulation time 208.500,400,000 s)
2024-06-04 00:13:07,905 INFO  - Received CAM message from veh_54 (at simulation time 208.500,900,000 s)
2024-06-04 00:13:07,906 INFO  - Received CAM message from veh_84 (at simulation time 208.501,900,000 s)
2024-06-04 00:13:07,906 INFO  - Atempting to process queue (at simulation time 208.600,000,000 s)
2024-06-04 00:13:07,906 INFO  - Vehicle is outside the detection area. (at simulation time 208.600,000,000 s)
2024-06-04 00:13:07,906 INFO  - Sent broadcast CAM message to all vehicles (at simulation time 208.600,000,000 s)
2024-06-04 00:13:07,906 INFO  - Received CAM message from veh_84 (at simulation time 208.600,400,000 s)
2024-06-04 00:13:07,907 INFO  - Received CAM message from veh_54 (at simulation time 208.600,900,000 s)
2024-06-04 00:13:07,907 INFO  - Received CAM message from veh_90 (at simulation time 208.601,900,000 s)
2024-06-04 00:13:07,907 INFO  - Received CAM message from veh_50 (at simulation time 208.602,400,000 s)
2024-06-04 00:13:07,907 INFO  - Atempting to process queue (at simulation time 208.700,000,000 s)
2024-06-04 00:13:07,907 INFO  - Vehicle is outside the detection area. (at simulation time 208.700,000,000 s)
2024-06-04 00:13:07,907 INFO  - Sent broadcast CAM message to all vehicles (at simulation time 208.700,000,000 s)
2024-06-04 00:13:07,908 INFO  - Received CAM message from veh_90 (at simulation time 208.700,900,000 s)
2024-06-04 00:13:07,908 INFO  - Received CAM message from veh_50 (at simulation time 208.700,900,000 s)
2024-06-04 00:13:07,908 INFO  - Received CAM message from veh_54 (at simulation time 208.701,400,000 s)
2024-06-04 00:13:07,908 INFO  - Received CAM message from veh_84 (at simulation time 208.701,900,000 s)
2024-06-04 00:13:07,908 INFO  - Atempting to process queue (at simulation time 208.800,000,000 s)
2024-06-04 00:13:07,908 INFO  - Vehicle is outside the detection area. (at simulation time 208.800,000,000 s)
2024-06-04 00:13:07,909 INFO  - Sent broadcast CAM message to all vehicles (at simulation time 208.800,000,000 s)
2024-06-04 00:13:07,909 INFO  - Received CAM message from veh_84 (at simulation time 208.800,900,000 s)
2024-06-04 00:13:07,909 INFO  - Received CAM message from veh_54 (at simulation time 208.800,900,000 s)
2024-06-04 00:13:07,909 INFO  - Received CAM message from veh_50 (at simulation time 208.800,900,000 s)
2024-06-04 00:13:07,910 INFO  - Received CAM message from veh_90 (at simulation time 208.801,900,000 s)
2024-06-04 00:13:07,910 INFO  - Atempting to process queue (at simulation time 208.900,000,000 s)
2024-06-04 00:13:07,910 INFO  - Vehicle is outside the detection area. (at simulation time 208.900,000,000 s)
2024-06-04 00:13:07,910 INFO  - Sent broadcast CAM message to all vehicles (at simulation time 208.900,000,000 s)
2024-06-04 00:13:07,910 INFO  - Received CAM message from veh_54 (at simulation time 208.900,400,000 s)
2024-06-04 00:13:07,911 INFO  - Received CAM message from veh_90 (at simulation time 208.901,400,000 s)
2024-06-04 00:13:07,911 INFO  - Received CAM message from veh_84 (at simulation time 208.901,900,000 s)
2024-06-04 00:13:07,911 INFO  - Received CAM message from veh_50 (at simulation time 208.901,900,000 s)
2024-06-04 00:13:07,914 INFO  - Atempting to process queue (at simulation time 209.000,000,000 s)
2024-06-04 00:13:07,914 INFO  - Vehicle is outside the detection area. (at simulation time 209.000,000,000 s)
2024-06-04 00:13:07,914 INFO  - Sent broadcast CAM message to all vehicles (at simulation time 209.000,000,000 s)
2024-06-04 00:13:07,915 INFO  - Received CAM message from veh_50 (at simulation time 209.000,400,000 s)
2024-06-04 00:13:07,916 INFO  - Received CAM message from veh_84 (at simulation time 209.002,400,000 s)
2024-06-04 00:13:07,916 INFO  - Atempting to process queue (at simulation time 209.100,000,000 s)
2024-06-04 00:13:07,916 INFO  - Vehicle is outside the detection area. (at simulation time 209.100,000,000 s)
2024-06-04 00:13:07,916 INFO  - Sent broadcast CAM message to all vehicles (at simulation time 209.100,000,000 s)
2024-06-04 00:13:07,916 INFO  - Received CAM message from veh_50 (at simulation time 209.100,900,000 s)
2024-06-04 00:13:07,917 INFO  - Received CAM message from veh_84 (at simulation time 209.102,400,000 s)
2024-06-04 00:13:07,917 INFO  - Atempting to process queue (at simulation time 209.200,000,000 s)
2024-06-04 00:13:07,917 INFO  - Vehicle is outside the detection area. (at simulation time 209.200,000,000 s)
2024-06-04 00:13:07,917 INFO  - Sent broadcast CAM message to all vehicles (at simulation time 209.200,000,000 s)
2024-06-04 00:13:07,918 INFO  - Received CAM message from veh_50 (at simulation time 209.200,900,000 s)
2024-06-04 00:13:07,919 INFO  - Received CAM message from veh_84 (at simulation time 209.201,400,000 s)
2024-06-04 00:13:07,919 INFO  - Atempting to process queue (at simulation time 209.300,000,000 s)
2024-06-04 00:13:07,919 INFO  - Vehicle is outside the detection area. (at simulation time 209.300,000,000 s)
2024-06-04 00:13:07,919 INFO  - Sent broadcast CAM message to all vehicles (at simulation time 209.300,000,000 s)
2024-06-04 00:13:07,920 INFO  - Received CAM message from veh_84 (at simulation time 209.300,900,000 s)
2024-06-04 00:13:07,921 INFO  - Received CAM message from veh_50 (at simulation time 209.301,900,000 s)
2024-06-04 00:13:07,922 INFO  - Atempting to process queue (at simulation time 209.400,000,000 s)
2024-06-04 00:13:07,922 INFO  - Vehicle is outside the detection area. (at simulation time 209.400,000,000 s)
2024-06-04 00:13:07,922 INFO  - Sent broadcast CAM message to all vehicles (at simulation time 209.400,000,000 s)
2024-06-04 00:13:07,923 INFO  - Received CAM message from veh_84 (at simulation time 209.400,900,000 s)
2024-06-04 00:13:07,923 INFO  - Received CAM message from veh_50 (at simulation time 209.400,900,000 s)
2024-06-04 00:13:07,924 INFO  - Atempting to process queue (at simulation time 209.500,000,000 s)
2024-06-04 00:13:07,924 INFO  - Vehicle is outside the detection area. (at simulation time 209.500,000,000 s)
2024-06-04 00:13:07,924 INFO  - Sent broadcast CAM message to all vehicles (at simulation time 209.500,000,000 s)
2024-06-04 00:13:07,925 INFO  - Received CAM message from veh_50 (at simulation time 209.500,900,000 s)
2024-06-04 00:13:07,926 INFO  - Received CAM message from veh_84 (at simulation time 209.501,400,000 s)
2024-06-04 00:13:07,926 INFO  - Atempting to process queue (at simulation time 209.600,000,000 s)
2024-06-04 00:13:07,926 INFO  - Vehicle is outside the detection area. (at simulation time 209.600,000,000 s)
2024-06-04 00:13:07,926 INFO  - Sent broadcast CAM message to all vehicles (at simulation time 209.600,000,000 s)
2024-06-04 00:13:07,927 INFO  - Received CAM message from veh_84 (at simulation time 209.600,400,000 s)
2024-06-04 00:13:07,927 INFO  - Received CAM message from veh_50 (at simulation time 209.600,400,000 s)
2024-06-04 00:13:07,927 INFO  - Atempting to process queue (at simulation time 209.700,000,000 s)
2024-06-04 00:13:07,927 INFO  - Vehicle is outside the detection area. (at simulation time 209.700,000,000 s)
2024-06-04 00:13:07,927 INFO  - Sent broadcast CAM message to all vehicles (at simulation time 209.700,000,000 s)
2024-06-04 00:13:07,929 INFO  - Received CAM message from veh_84 (at simulation time 209.701,900,000 s)
2024-06-04 00:13:07,929 INFO  - Received CAM message from veh_50 (at simulation time 209.702,400,000 s)
2024-06-04 00:13:07,929 INFO  - Atempting to process queue (at simulation time 209.800,000,000 s)
2024-06-04 00:13:07,929 INFO  - Vehicle is outside the detection area. (at simulation time 209.800,000,000 s)
2024-06-04 00:13:07,929 INFO  - Sent broadcast CAM message to all vehicles (at simulation time 209.800,000,000 s)
2024-06-04 00:13:07,930 INFO  - Received CAM message from veh_84 (at simulation time 209.801,400,000 s)
2024-06-04 00:13:07,930 INFO  - Received CAM message from veh_50 (at simulation time 209.801,400,000 s)
2024-06-04 00:13:07,930 INFO  - Atempting to process queue (at simulation time 209.900,000,000 s)
2024-06-04 00:13:07,930 INFO  - Vehicle is outside the detection area. (at simulation time 209.900,000,000 s)
2024-06-04 00:13:07,930 INFO  - Sent broadcast CAM message to all vehicles (at simulation time 209.900,000,000 s)
2024-06-04 00:13:07,931 INFO  - Received CAM message from veh_84 (at simulation time 209.900,400,000 s)
2024-06-04 00:13:07,931 INFO  - Received CAM message from veh_50 (at simulation time 209.901,400,000 s)
2024-06-04 00:13:07,935 INFO  - Atempting to process queue (at simulation time 210.000,000,000 s)
2024-06-04 00:13:07,935 INFO  - Vehicle is outside the detection area. (at simulation time 210.000,000,000 s)
2024-06-04 00:13:07,935 INFO  - Sent broadcast CAM message to all vehicles (at simulation time 210.000,000,000 s)
2024-06-04 00:13:07,936 INFO  - Received CAM message from veh_84 (at simulation time 210.001,900,000 s)
2024-06-04 00:13:07,937 INFO  - Received CAM message from veh_50 (at simulation time 210.002,400,000 s)
2024-06-04 00:13:07,937 INFO  - Atempting to process queue (at simulation time 210.100,000,000 s)
2024-06-04 00:13:07,937 INFO  - Vehicle is outside the detection area. (at simulation time 210.100,000,000 s)
2024-06-04 00:13:07,937 INFO  - Sent broadcast CAM message to all vehicles (at simulation time 210.100,000,000 s)
2024-06-04 00:13:07,937 INFO  - Received CAM message from veh_50 (at simulation time 210.100,400,000 s)
2024-06-04 00:13:07,938 INFO  - Received CAM message from veh_84 (at simulation time 210.101,900,000 s)
2024-06-04 00:13:07,938 INFO  - Atempting to process queue (at simulation time 210.200,000,000 s)
2024-06-04 00:13:07,938 INFO  - Vehicle is outside the detection area. (at simulation time 210.200,000,000 s)
2024-06-04 00:13:07,938 INFO  - Sent broadcast CAM message to all vehicles (at simulation time 210.200,000,000 s)
2024-06-04 00:13:07,938 INFO  - Received CAM message from veh_84 (at simulation time 210.200,400,000 s)
2024-06-04 00:13:07,940 INFO  - Received CAM message from veh_50 (at simulation time 210.202,400,000 s)
2024-06-04 00:13:07,940 INFO  - Atempting to process queue (at simulation time 210.300,000,000 s)
2024-06-04 00:13:07,940 INFO  - Vehicle is outside the detection area. (at simulation time 210.300,000,000 s)
2024-06-04 00:13:07,940 INFO  - Sent broadcast CAM message to all vehicles (at simulation time 210.300,000,000 s)
2024-06-04 00:13:07,941 INFO  - Received CAM message from veh_50 (at simulation time 210.301,900,000 s)
2024-06-04 00:13:07,941 INFO  - Received CAM message from veh_84 (at simulation time 210.302,400,000 s)
2024-06-04 00:13:07,941 INFO  - Atempting to process queue (at simulation time 210.400,000,000 s)
2024-06-04 00:13:07,941 INFO  - Vehicle is outside the detection area. (at simulation time 210.400,000,000 s)
2024-06-04 00:13:07,941 INFO  - Sent broadcast CAM message to all vehicles (at simulation time 210.400,000,000 s)
2024-06-04 00:13:07,942 INFO  - Received CAM message from veh_84 (at simulation time 210.400,900,000 s)
2024-06-04 00:13:07,943 INFO  - Received CAM message from veh_50 (at simulation time 210.402,400,000 s)
2024-06-04 00:13:07,943 INFO  - Atempting to process queue (at simulation time 210.500,000,000 s)
2024-06-04 00:13:07,943 INFO  - Vehicle is outside the detection area. (at simulation time 210.500,000,000 s)
2024-06-04 00:13:07,943 INFO  - Sent broadcast CAM message to all vehicles (at simulation time 210.500,000,000 s)
2024-06-04 00:13:07,944 INFO  - Received CAM message from veh_84 (at simulation time 210.500,900,000 s)
2024-06-04 00:13:07,944 INFO  - Received CAM message from veh_50 (at simulation time 210.501,900,000 s)
2024-06-04 00:13:07,945 INFO  - Atempting to process queue (at simulation time 210.600,000,000 s)
2024-06-04 00:13:07,945 INFO  - Vehicle is outside the detection area. (at simulation time 210.600,000,000 s)
2024-06-04 00:13:07,945 INFO  - Sent broadcast CAM message to all vehicles (at simulation time 210.600,000,000 s)
2024-06-04 00:13:07,946 INFO  - Received CAM message from veh_84 (at simulation time 210.600,900,000 s)
2024-06-04 00:13:07,947 INFO  - Received CAM message from veh_50 (at simulation time 210.602,400,000 s)
2024-06-04 00:13:07,947 INFO  - Atempting to process queue (at simulation time 210.700,000,000 s)
2024-06-04 00:13:07,947 INFO  - Vehicle is outside the detection area. (at simulation time 210.700,000,000 s)
2024-06-04 00:13:07,947 INFO  - Sent broadcast CAM message to all vehicles (at simulation time 210.700,000,000 s)
2024-06-04 00:13:07,949 INFO  - Received CAM message from veh_84 (at simulation time 210.700,400,000 s)
2024-06-04 00:13:07,950 INFO  - Received CAM message from veh_50 (at simulation time 210.701,900,000 s)
2024-06-04 00:13:07,950 INFO  - Atempting to process queue (at simulation time 210.800,000,000 s)
2024-06-04 00:13:07,950 INFO  - Vehicle is outside the detection area. (at simulation time 210.800,000,000 s)
2024-06-04 00:13:07,950 INFO  - Sent broadcast CAM message to all vehicles (at simulation time 210.800,000,000 s)
2024-06-04 00:13:07,951 INFO  - Received CAM message from veh_84 (at simulation time 210.800,400,000 s)
2024-06-04 00:13:07,951 INFO  - Received CAM message from veh_50 (at simulation time 210.801,400,000 s)
2024-06-04 00:13:07,952 INFO  - Atempting to process queue (at simulation time 210.900,000,000 s)
2024-06-04 00:13:07,952 INFO  - Vehicle is outside the detection area. (at simulation time 210.900,000,000 s)
2024-06-04 00:13:07,952 INFO  - Sent broadcast CAM message to all vehicles (at simulation time 210.900,000,000 s)
2024-06-04 00:13:07,952 INFO  - Received CAM message from veh_50 (at simulation time 210.900,400,000 s)
2024-06-04 00:13:07,953 INFO  - Received CAM message from veh_84 (at simulation time 210.901,900,000 s)
2024-06-04 00:13:08,059 INFO  - Atempting to process queue (at simulation time 211.000,000,000 s)
2024-06-04 00:13:08,059 INFO  - Vehicle is outside the detection area. (at simulation time 211.000,000,000 s)
2024-06-04 00:13:08,059 INFO  - Sent broadcast CAM message to all vehicles (at simulation time 211.000,000,000 s)
2024-06-04 00:13:08,061 INFO  - Received CAM message from veh_84 (at simulation time 211.000,900,000 s)
2024-06-04 00:13:08,061 INFO  - Received CAM message from veh_50 (at simulation time 211.002,400,000 s)
2024-06-04 00:13:08,061 INFO  - Atempting to process queue (at simulation time 211.100,000,000 s)
2024-06-04 00:13:08,061 INFO  - Vehicle is outside the detection area. (at simulation time 211.100,000,000 s)
2024-06-04 00:13:08,061 INFO  - Sent broadcast CAM message to all vehicles (at simulation time 211.100,000,000 s)
2024-06-04 00:13:08,062 INFO  - Received CAM message from veh_50 (at simulation time 211.101,900,000 s)
2024-06-04 00:13:08,063 INFO  - Received CAM message from veh_84 (at simulation time 211.102,400,000 s)
2024-06-04 00:13:08,063 INFO  - Atempting to process queue (at simulation time 211.200,000,000 s)
2024-06-04 00:13:08,063 INFO  - Vehicle is outside the detection area. (at simulation time 211.200,000,000 s)
2024-06-04 00:13:08,063 INFO  - Sent broadcast CAM message to all vehicles (at simulation time 211.200,000,000 s)
2024-06-04 00:13:08,064 INFO  - Received CAM message from veh_84 (at simulation time 211.200,400,000 s)
2024-06-04 00:13:08,064 INFO  - Received CAM message from veh_50 (at simulation time 211.201,400,000 s)
2024-06-04 00:13:08,065 INFO  - Atempting to process queue (at simulation time 211.300,000,000 s)
2024-06-04 00:13:08,065 INFO  - Vehicle is outside the detection area. (at simulation time 211.300,000,000 s)
2024-06-04 00:13:08,065 INFO  - Sent broadcast CAM message to all vehicles (at simulation time 211.300,000,000 s)
2024-06-04 00:13:08,066 INFO  - Received CAM message from veh_84 (at simulation time 211.300,400,000 s)
2024-06-04 00:13:08,066 INFO  - Received CAM message from veh_50 (at simulation time 211.300,400,000 s)
2024-06-04 00:13:08,067 INFO  - Atempting to process queue (at simulation time 211.400,000,000 s)
2024-06-04 00:13:08,067 INFO  - Vehicle is outside the detection area. (at simulation time 211.400,000,000 s)
2024-06-04 00:13:08,067 INFO  - Sent broadcast CAM message to all vehicles (at simulation time 211.400,000,000 s)
2024-06-04 00:13:08,067 INFO  - Received CAM message from veh_84 (at simulation time 211.400,400,000 s)
2024-06-04 00:13:08,068 INFO  - Received CAM message from veh_50 (at simulation time 211.402,400,000 s)
2024-06-04 00:13:08,068 INFO  - Atempting to process queue (at simulation time 211.500,000,000 s)
2024-06-04 00:13:08,068 INFO  - Vehicle is outside the detection area. (at simulation time 211.500,000,000 s)
2024-06-04 00:13:08,069 INFO  - Sent broadcast CAM message to all vehicles (at simulation time 211.500,000,000 s)
2024-06-04 00:13:08,069 INFO  - Received CAM message from veh_50 (at simulation time 211.500,400,000 s)
2024-06-04 00:13:08,069 INFO  - Received CAM message from veh_84 (at simulation time 211.500,900,000 s)
2024-06-04 00:13:08,070 INFO  - Atempting to process queue (at simulation time 211.600,000,000 s)
2024-06-04 00:13:08,070 INFO  - Vehicle is outside the detection area. (at simulation time 211.600,000,000 s)
2024-06-04 00:13:08,070 INFO  - Sent broadcast CAM message to all vehicles (at simulation time 211.600,000,000 s)
2024-06-04 00:13:08,071 INFO  - Received CAM message from veh_50 (at simulation time 211.601,400,000 s)
2024-06-04 00:13:08,072 INFO  - Received CAM message from veh_84 (at simulation time 211.602,400,000 s)
2024-06-04 00:13:08,072 INFO  - Atempting to process queue (at simulation time 211.700,000,000 s)
2024-06-04 00:13:08,072 INFO  - Vehicle is outside the detection area. (at simulation time 211.700,000,000 s)
2024-06-04 00:13:08,072 INFO  - Sent broadcast CAM message to all vehicles (at simulation time 211.700,000,000 s)
2024-06-04 00:13:08,073 INFO  - Received CAM message from veh_84 (at simulation time 211.700,400,000 s)
2024-06-04 00:13:08,073 INFO  - Received CAM message from veh_50 (at simulation time 211.701,400,000 s)
2024-06-04 00:13:08,074 INFO  - Atempting to process queue (at simulation time 211.800,000,000 s)
2024-06-04 00:13:08,074 INFO  - Vehicle is outside the detection area. (at simulation time 211.800,000,000 s)
2024-06-04 00:13:08,074 INFO  - Sent broadcast CAM message to all vehicles (at simulation time 211.800,000,000 s)
2024-06-04 00:13:08,074 INFO  - Received CAM message from veh_84 (at simulation time 211.800,400,000 s)
2024-06-04 00:13:08,075 INFO  - Received CAM message from veh_50 (at simulation time 211.801,900,000 s)
2024-06-04 00:13:08,075 INFO  - Atempting to process queue (at simulation time 211.900,000,000 s)
2024-06-04 00:13:08,075 INFO  - Vehicle is outside the detection area. (at simulation time 211.900,000,000 s)
2024-06-04 00:13:08,075 INFO  - Sent broadcast CAM message to all vehicles (at simulation time 211.900,000,000 s)
2024-06-04 00:13:08,076 INFO  - Received CAM message from veh_50 (at simulation time 211.901,400,000 s)
2024-06-04 00:13:08,077 INFO  - Received CAM message from veh_84 (at simulation time 211.902,400,000 s)
2024-06-04 00:13:08,079 INFO  - Atempting to process queue (at simulation time 212.000,000,000 s)
2024-06-04 00:13:08,079 INFO  - Vehicle is outside the detection area. (at simulation time 212.000,000,000 s)
2024-06-04 00:13:08,079 INFO  - Sent broadcast CAM message to all vehicles (at simulation time 212.000,000,000 s)
2024-06-04 00:13:08,081 INFO  - Received CAM message from veh_84 (at simulation time 212.000,900,000 s)
2024-06-04 00:13:08,081 INFO  - Received CAM message from veh_50 (at simulation time 212.000,900,000 s)
2024-06-04 00:13:08,081 INFO  - Atempting to process queue (at simulation time 212.100,000,000 s)
2024-06-04 00:13:08,081 INFO  - Vehicle is outside the detection area. (at simulation time 212.100,000,000 s)
2024-06-04 00:13:08,081 INFO  - Sent broadcast CAM message to all vehicles (at simulation time 212.100,000,000 s)
2024-06-04 00:13:08,083 INFO  - Received CAM message from veh_50 (at simulation time 212.100,400,000 s)
2024-06-04 00:13:08,087 INFO  - Received CAM message from veh_84 (at simulation time 212.102,400,000 s)
2024-06-04 00:13:08,109 INFO  - Atempting to process queue (at simulation time 212.200,000,000 s)
2024-06-04 00:13:08,109 INFO  - Vehicle is outside the detection area. (at simulation time 212.200,000,000 s)
2024-06-04 00:13:08,109 INFO  - Sent broadcast CAM message to all vehicles (at simulation time 212.200,000,000 s)
2024-06-04 00:13:08,110 INFO  - Received CAM message from veh_50 (at simulation time 212.200,400,000 s)
2024-06-04 00:13:08,111 INFO  - Received CAM message from veh_84 (at simulation time 212.201,900,000 s)
2024-06-04 00:13:08,111 INFO  - Atempting to process queue (at simulation time 212.300,000,000 s)
2024-06-04 00:13:08,111 INFO  - Vehicle is outside the detection area. (at simulation time 212.300,000,000 s)
2024-06-04 00:13:08,111 INFO  - Sent broadcast CAM message to all vehicles (at simulation time 212.300,000,000 s)
2024-06-04 00:13:08,112 INFO  - Received CAM message from veh_84 (at simulation time 212.301,400,000 s)
2024-06-04 00:13:08,112 INFO  - Received CAM message from veh_50 (at simulation time 212.302,400,000 s)
2024-06-04 00:13:08,113 INFO  - Atempting to process queue (at simulation time 212.400,000,000 s)
2024-06-04 00:13:08,113 INFO  - Vehicle is outside the detection area. (at simulation time 212.400,000,000 s)
2024-06-04 00:13:08,113 INFO  - Sent broadcast CAM message to all vehicles (at simulation time 212.400,000,000 s)
2024-06-04 00:13:08,113 INFO  - Received CAM message from veh_84 (at simulation time 212.400,400,000 s)
2024-06-04 00:13:08,113 INFO  - Received CAM message from veh_50 (at simulation time 212.400,400,000 s)
2024-06-04 00:13:08,114 INFO  - Atempting to process queue (at simulation time 212.500,000,000 s)
2024-06-04 00:13:08,114 INFO  - Vehicle is outside the detection area. (at simulation time 212.500,000,000 s)
2024-06-04 00:13:08,114 INFO  - Sent broadcast CAM message to all vehicles (at simulation time 212.500,000,000 s)
2024-06-04 00:13:08,116 INFO  - Received CAM message from veh_84 (at simulation time 212.501,400,000 s)
2024-06-04 00:13:08,116 INFO  - Received CAM message from veh_50 (at simulation time 212.502,400,000 s)
2024-06-04 00:13:08,116 INFO  - Atempting to process queue (at simulation time 212.600,000,000 s)
2024-06-04 00:13:08,116 INFO  - Vehicle is outside the detection area. (at simulation time 212.600,000,000 s)
2024-06-04 00:13:08,116 INFO  - Sent broadcast CAM message to all vehicles (at simulation time 212.600,000,000 s)
2024-06-04 00:13:08,117 INFO  - Received CAM message from veh_50 (at simulation time 212.600,900,000 s)
2024-06-04 00:13:08,117 INFO  - Received CAM message from veh_84 (at simulation time 212.601,900,000 s)
2024-06-04 00:13:08,118 INFO  - Atempting to process queue (at simulation time 212.700,000,000 s)
2024-06-04 00:13:08,118 INFO  - Vehicle is outside the detection area. (at simulation time 212.700,000,000 s)
2024-06-04 00:13:08,118 INFO  - Sent broadcast CAM message to all vehicles (at simulation time 212.700,000,000 s)
2024-06-04 00:13:08,119 INFO  - Received CAM message from veh_84 (at simulation time 212.701,400,000 s)
2024-06-04 00:13:08,119 INFO  - Received CAM message from veh_50 (at simulation time 212.701,400,000 s)
2024-06-04 00:13:08,119 INFO  - Atempting to process queue (at simulation time 212.800,000,000 s)
2024-06-04 00:13:08,119 INFO  - Vehicle is outside the detection area. (at simulation time 212.800,000,000 s)
2024-06-04 00:13:08,119 INFO  - Sent broadcast CAM message to all vehicles (at simulation time 212.800,000,000 s)
2024-06-04 00:13:08,121 INFO  - Received CAM message from veh_50 (at simulation time 212.801,900,000 s)
2024-06-04 00:13:08,121 INFO  - Received CAM message from veh_84 (at simulation time 212.802,400,000 s)
2024-06-04 00:13:08,121 INFO  - Atempting to process queue (at simulation time 212.900,000,000 s)
2024-06-04 00:13:08,121 INFO  - Vehicle is outside the detection area. (at simulation time 212.900,000,000 s)
2024-06-04 00:13:08,121 INFO  - Sent broadcast CAM message to all vehicles (at simulation time 212.900,000,000 s)
2024-06-04 00:13:08,122 INFO  - Received CAM message from veh_84 (at simulation time 212.901,400,000 s)
2024-06-04 00:13:08,122 INFO  - Received CAM message from veh_50 (at simulation time 212.901,900,000 s)
2024-06-04 00:13:08,126 INFO  - Atempting to process queue (at simulation time 213.000,000,000 s)
2024-06-04 00:13:08,126 INFO  - Vehicle is outside the detection area. (at simulation time 213.000,000,000 s)
2024-06-04 00:13:08,126 INFO  - Sent broadcast CAM message to all vehicles (at simulation time 213.000,000,000 s)
2024-06-04 00:13:08,129 INFO  - Atempting to process queue (at simulation time 213.100,000,000 s)
2024-06-04 00:13:08,129 INFO  - Vehicle is outside the detection area. (at simulation time 213.100,000,000 s)
2024-06-04 00:13:08,129 INFO  - Sent broadcast CAM message to all vehicles (at simulation time 213.100,000,000 s)
2024-06-04 00:13:08,131 INFO  - Atempting to process queue (at simulation time 213.200,000,000 s)
2024-06-04 00:13:08,131 INFO  - Vehicle is outside the detection area. (at simulation time 213.200,000,000 s)
2024-06-04 00:13:08,131 INFO  - Sent broadcast CAM message to all vehicles (at simulation time 213.200,000,000 s)
2024-06-04 00:13:08,133 INFO  - Atempting to process queue (at simulation time 213.300,000,000 s)
2024-06-04 00:13:08,133 INFO  - Vehicle is outside the detection area. (at simulation time 213.300,000,000 s)
2024-06-04 00:13:08,133 INFO  - Sent broadcast CAM message to all vehicles (at simulation time 213.300,000,000 s)
2024-06-04 00:13:08,135 INFO  - Atempting to process queue (at simulation time 213.400,000,000 s)
2024-06-04 00:13:08,135 INFO  - Vehicle is outside the detection area. (at simulation time 213.400,000,000 s)
2024-06-04 00:13:08,135 INFO  - Sent broadcast CAM message to all vehicles (at simulation time 213.400,000,000 s)
2024-06-04 00:13:08,136 INFO  - Atempting to process queue (at simulation time 213.500,000,000 s)
2024-06-04 00:13:08,136 INFO  - Vehicle is outside the detection area. (at simulation time 213.500,000,000 s)
2024-06-04 00:13:08,136 INFO  - Sent broadcast CAM message to all vehicles (at simulation time 213.500,000,000 s)
2024-06-04 00:13:08,138 INFO  - Atempting to process queue (at simulation time 213.600,000,000 s)
2024-06-04 00:13:08,138 INFO  - Vehicle is outside the detection area. (at simulation time 213.600,000,000 s)
2024-06-04 00:13:08,138 INFO  - Sent broadcast CAM message to all vehicles (at simulation time 213.600,000,000 s)
2024-06-04 00:13:08,139 INFO  - Atempting to process queue (at simulation time 213.700,000,000 s)
2024-06-04 00:13:08,139 INFO  - Vehicle is outside the detection area. (at simulation time 213.700,000,000 s)
2024-06-04 00:13:08,139 INFO  - Sent broadcast CAM message to all vehicles (at simulation time 213.700,000,000 s)
2024-06-04 00:13:08,141 INFO  - Atempting to process queue (at simulation time 213.800,000,000 s)
2024-06-04 00:13:08,141 INFO  - Vehicle is outside the detection area. (at simulation time 213.800,000,000 s)
2024-06-04 00:13:08,141 INFO  - Sent broadcast CAM message to all vehicles (at simulation time 213.800,000,000 s)
2024-06-04 00:13:08,148 INFO  - Atempting to process queue (at simulation time 213.900,000,000 s)
2024-06-04 00:13:08,148 INFO  - Vehicle is outside the detection area. (at simulation time 213.900,000,000 s)
2024-06-04 00:13:08,148 INFO  - Sent broadcast CAM message to all vehicles (at simulation time 213.900,000,000 s)
2024-06-04 00:13:08,154 INFO  - Shutdown application (at simulation time 214.000,000,000 s)
