2024-06-04 00:13:08,059 INFO  - Initialize application (at simulation time 211.000,000,000 s)
2024-06-04 00:13:08,059 INFO  - Activated WLAN Module (at simulation time 211.000,000,000 s)
2024-06-04 00:13:08,059 INFO  - Vehicle is outside the detection area. (at simulation time 211.000,000,000 s)
2024-06-04 00:13:08,059 INFO  - Sent broadcast CAM message to all vehicles (at simulation time 211.000,000,000 s)
2024-06-04 00:13:08,061 INFO  - Vehicle is outside the detection area. (at simulation time 211.100,000,000 s)
2024-06-04 00:13:08,061 INFO  - Sent broadcast CAM message to all vehicles (at simulation time 211.100,000,000 s)
2024-06-04 00:13:08,063 INFO  - Vehicle is outside the detection area. (at simulation time 211.200,000,000 s)
2024-06-04 00:13:08,063 INFO  - Sent broadcast CAM message to all vehicles (at simulation time 211.200,000,000 s)
2024-06-04 00:13:08,065 INFO  - Vehicle is outside the detection area. (at simulation time 211.300,000,000 s)
2024-06-04 00:13:08,065 INFO  - Sent broadcast CAM message to all vehicles (at simulation time 211.300,000,000 s)
2024-06-04 00:13:08,067 INFO  - Vehicle is outside the detection area. (at simulation time 211.400,000,000 s)
2024-06-04 00:13:08,067 INFO  - Sent broadcast CAM message to all vehicles (at simulation time 211.400,000,000 s)
2024-06-04 00:13:08,068 INFO  - Vehicle is outside the detection area. (at simulation time 211.500,000,000 s)
2024-06-04 00:13:08,068 INFO  - Sent broadcast CAM message to all vehicles (at simulation time 211.500,000,000 s)
2024-06-04 00:13:08,070 INFO  - Vehicle is outside the detection area. (at simulation time 211.600,000,000 s)
2024-06-04 00:13:08,070 INFO  - Sent broadcast CAM message to all vehicles (at simulation time 211.600,000,000 s)
2024-06-04 00:13:08,072 INFO  - Vehicle is outside the detection area. (at simulation time 211.700,000,000 s)
2024-06-04 00:13:08,072 INFO  - Sent broadcast CAM message to all vehicles (at simulation time 211.700,000,000 s)
2024-06-04 00:13:08,074 INFO  - Vehicle is outside the detection area. (at simulation time 211.800,000,000 s)
2024-06-04 00:13:08,074 INFO  - Sent broadcast CAM message to all vehicles (at simulation time 211.800,000,000 s)
2024-06-04 00:13:08,075 INFO  - Vehicle is outside the detection area. (at simulation time 211.900,000,000 s)
2024-06-04 00:13:08,075 INFO  - Sent broadcast CAM message to all vehicles (at simulation time 211.900,000,000 s)
2024-06-04 00:13:08,079 INFO  - Vehicle is outside the detection area. (at simulation time 212.000,000,000 s)
2024-06-04 00:13:08,079 INFO  - Sent broadcast CAM message to all vehicles (at simulation time 212.000,000,000 s)
2024-06-04 00:13:08,081 INFO  - Vehicle is outside the detection area. (at simulation time 212.100,000,000 s)
2024-06-04 00:13:08,081 INFO  - Sent broadcast CAM message to all vehicles (at simulation time 212.100,000,000 s)
2024-06-04 00:13:08,109 INFO  - Vehicle is outside the detection area. (at simulation time 212.200,000,000 s)
2024-06-04 00:13:08,109 INFO  - Sent broadcast CAM message to all vehicles (at simulation time 212.200,000,000 s)
2024-06-04 00:13:08,111 INFO  - Vehicle is outside the detection area. (at simulation time 212.300,000,000 s)
2024-06-04 00:13:08,111 INFO  - Sent broadcast CAM message to all vehicles (at simulation time 212.300,000,000 s)
2024-06-04 00:13:08,113 INFO  - Vehicle is outside the detection area. (at simulation time 212.400,000,000 s)
2024-06-04 00:13:08,113 INFO  - Sent broadcast CAM message to all vehicles (at simulation time 212.400,000,000 s)
2024-06-04 00:13:08,114 INFO  - Vehicle is outside the detection area. (at simulation time 212.500,000,000 s)
2024-06-04 00:13:08,114 INFO  - Sent broadcast CAM message to all vehicles (at simulation time 212.500,000,000 s)
2024-06-04 00:13:08,116 INFO  - Vehicle is outside the detection area. (at simulation time 212.600,000,000 s)
2024-06-04 00:13:08,116 INFO  - Sent broadcast CAM message to all vehicles (at simulation time 212.600,000,000 s)
2024-06-04 00:13:08,117 INFO  - Vehicle is outside the detection area. (at simulation time 212.700,000,000 s)
2024-06-04 00:13:08,118 INFO  - Sent broadcast CAM message to all vehicles (at simulation time 212.700,000,000 s)
2024-06-04 00:13:08,119 INFO  - Vehicle is outside the detection area. (at simulation time 212.800,000,000 s)
2024-06-04 00:13:08,119 INFO  - Sent broadcast CAM message to all vehicles (at simulation time 212.800,000,000 s)
2024-06-04 00:13:08,121 INFO  - Vehicle is outside the detection area. (at simulation time 212.900,000,000 s)
2024-06-04 00:13:08,121 INFO  - Sent broadcast CAM message to all vehicles (at simulation time 212.900,000,000 s)
2024-06-04 00:13:08,126 INFO  - Vehicle is inside the detection area. (at simulation time 213.000,000,000 s)
2024-06-04 00:13:08,126 INFO  - Vehicle is too far away from the traffic light. (at simulation time 213.000,000,000 s)
2024-06-04 00:13:08,126 INFO  - No vehicles in range. (at simulation time 213.000,000,000 s)
2024-06-04 00:13:08,126 INFO  - Neither the RSU nor any vehicle is in range. (at simulation time 213.000,000,000 s)
2024-06-04 00:13:08,126 INFO  - Sent broadcast CAM message to all vehicles (at simulation time 213.000,000,000 s)
2024-06-04 00:13:08,129 INFO  - Vehicle is inside the detection area. (at simulation time 213.100,000,000 s)
2024-06-04 00:13:08,129 INFO  - Vehicle is too far away from the traffic light. (at simulation time 213.100,000,000 s)
2024-06-04 00:13:08,129 INFO  - No vehicles in range. (at simulation time 213.100,000,000 s)
2024-06-04 00:13:08,129 INFO  - Neither the RSU nor any vehicle is in range. (at simulation time 213.100,000,000 s)
2024-06-04 00:13:08,129 INFO  - Sent broadcast CAM message to all vehicles (at simulation time 213.100,000,000 s)
2024-06-04 00:13:08,131 INFO  - Vehicle is inside the detection area. (at simulation time 213.200,000,000 s)
2024-06-04 00:13:08,131 INFO  - Vehicle is too far away from the traffic light. (at simulation time 213.200,000,000 s)
2024-06-04 00:13:08,131 INFO  - No vehicles in range. (at simulation time 213.200,000,000 s)
2024-06-04 00:13:08,131 INFO  - Neither the RSU nor any vehicle is in range. (at simulation time 213.200,000,000 s)
2024-06-04 00:13:08,131 INFO  - Sent broadcast CAM message to all vehicles (at simulation time 213.200,000,000 s)
2024-06-04 00:13:08,133 INFO  - Vehicle is inside the detection area. (at simulation time 213.300,000,000 s)
2024-06-04 00:13:08,133 INFO  - Vehicle is too far away from the traffic light. (at simulation time 213.300,000,000 s)
2024-06-04 00:13:08,133 INFO  - No vehicles in range. (at simulation time 213.300,000,000 s)
2024-06-04 00:13:08,133 INFO  - Neither the RSU nor any vehicle is in range. (at simulation time 213.300,000,000 s)
2024-06-04 00:13:08,133 INFO  - Sent broadcast CAM message to all vehicles (at simulation time 213.300,000,000 s)
2024-06-04 00:13:08,135 INFO  - Vehicle is inside the detection area. (at simulation time 213.400,000,000 s)
2024-06-04 00:13:08,135 INFO  - Vehicle is too far away from the traffic light. (at simulation time 213.400,000,000 s)
2024-06-04 00:13:08,135 INFO  - No vehicles in range. (at simulation time 213.400,000,000 s)
2024-06-04 00:13:08,135 INFO  - Neither the RSU nor any vehicle is in range. (at simulation time 213.400,000,000 s)
2024-06-04 00:13:08,135 INFO  - Sent broadcast CAM message to all vehicles (at simulation time 213.400,000,000 s)
2024-06-04 00:13:08,136 INFO  - Vehicle is inside the detection area. (at simulation time 213.500,000,000 s)
2024-06-04 00:13:08,136 INFO  - Vehicle is too far away from the traffic light. (at simulation time 213.500,000,000 s)
2024-06-04 00:13:08,136 INFO  - No vehicles in range. (at simulation time 213.500,000,000 s)
2024-06-04 00:13:08,136 INFO  - Neither the RSU nor any vehicle is in range. (at simulation time 213.500,000,000 s)
2024-06-04 00:13:08,136 INFO  - Sent broadcast CAM message to all vehicles (at simulation time 213.500,000,000 s)
2024-06-04 00:13:08,138 INFO  - Vehicle is inside the detection area. (at simulation time 213.600,000,000 s)
2024-06-04 00:13:08,138 INFO  - Vehicle is too far away from the traffic light. (at simulation time 213.600,000,000 s)
2024-06-04 00:13:08,138 INFO  - No vehicles in range. (at simulation time 213.600,000,000 s)
2024-06-04 00:13:08,138 INFO  - Neither the RSU nor any vehicle is in range. (at simulation time 213.600,000,000 s)
2024-06-04 00:13:08,138 INFO  - Sent broadcast CAM message to all vehicles (at simulation time 213.600,000,000 s)
2024-06-04 00:13:08,139 INFO  - Vehicle is inside the detection area. (at simulation time 213.700,000,000 s)
2024-06-04 00:13:08,139 INFO  - Vehicle is too far away from the traffic light. (at simulation time 213.700,000,000 s)
2024-06-04 00:13:08,139 INFO  - No vehicles in range. (at simulation time 213.700,000,000 s)
2024-06-04 00:13:08,139 INFO  - Neither the RSU nor any vehicle is in range. (at simulation time 213.700,000,000 s)
2024-06-04 00:13:08,139 INFO  - Sent broadcast CAM message to all vehicles (at simulation time 213.700,000,000 s)
2024-06-04 00:13:08,141 INFO  - Vehicle is inside the detection area. (at simulation time 213.800,000,000 s)
2024-06-04 00:13:08,141 INFO  - Vehicle is too far away from the traffic light. (at simulation time 213.800,000,000 s)
2024-06-04 00:13:08,141 INFO  - No vehicles in range. (at simulation time 213.800,000,000 s)
2024-06-04 00:13:08,141 INFO  - Neither the RSU nor any vehicle is in range. (at simulation time 213.800,000,000 s)
2024-06-04 00:13:08,141 INFO  - Sent broadcast CAM message to all vehicles (at simulation time 213.800,000,000 s)
2024-06-04 00:13:08,148 INFO  - Vehicle is inside the detection area. (at simulation time 213.900,000,000 s)
2024-06-04 00:13:08,148 INFO  - Vehicle is too far away from the traffic light. (at simulation time 213.900,000,000 s)
2024-06-04 00:13:08,148 INFO  - No vehicles in range. (at simulation time 213.900,000,000 s)
2024-06-04 00:13:08,148 INFO  - Neither the RSU nor any vehicle is in range. (at simulation time 213.900,000,000 s)
2024-06-04 00:13:08,148 INFO  - Sent broadcast CAM message to all vehicles (at simulation time 213.900,000,000 s)
2024-06-04 00:13:08,154 INFO  - Vehicle is inside the detection area. (at simulation time 214.000,000,000 s)
2024-06-04 00:13:08,154 INFO  - Vehicle is too far away from the traffic light. (at simulation time 214.000,000,000 s)
2024-06-04 00:13:08,154 INFO  - No vehicles in range. (at simulation time 214.000,000,000 s)
2024-06-04 00:13:08,154 INFO  - Neither the RSU nor any vehicle is in range. (at simulation time 214.000,000,000 s)
2024-06-04 00:13:08,154 INFO  - Sent broadcast CAM message to all vehicles (at simulation time 214.000,000,000 s)
2024-06-04 00:13:08,156 INFO  - Vehicle is inside the detection area. (at simulation time 214.100,000,000 s)
2024-06-04 00:13:08,156 INFO  - Vehicle is too far away from the traffic light. (at simulation time 214.100,000,000 s)
2024-06-04 00:13:08,156 INFO  - No vehicles in range. (at simulation time 214.100,000,000 s)
2024-06-04 00:13:08,156 INFO  - Neither the RSU nor any vehicle is in range. (at simulation time 214.100,000,000 s)
2024-06-04 00:13:08,156 INFO  - Sent broadcast CAM message to all vehicles (at simulation time 214.100,000,000 s)
2024-06-04 00:13:08,158 INFO  - Vehicle is inside the detection area. (at simulation time 214.200,000,000 s)
2024-06-04 00:13:08,158 INFO  - Vehicle is too far away from the traffic light. (at simulation time 214.200,000,000 s)
2024-06-04 00:13:08,158 INFO  - No vehicles in range. (at simulation time 214.200,000,000 s)
2024-06-04 00:13:08,158 INFO  - Neither the RSU nor any vehicle is in range. (at simulation time 214.200,000,000 s)
2024-06-04 00:13:08,158 INFO  - Sent broadcast CAM message to all vehicles (at simulation time 214.200,000,000 s)
2024-06-04 00:13:08,160 INFO  - Vehicle is inside the detection area. (at simulation time 214.300,000,000 s)
2024-06-04 00:13:08,160 INFO  - Vehicle is too far away from the traffic light. (at simulation time 214.300,000,000 s)
2024-06-04 00:13:08,160 INFO  - No vehicles in range. (at simulation time 214.300,000,000 s)
2024-06-04 00:13:08,160 INFO  - Neither the RSU nor any vehicle is in range. (at simulation time 214.300,000,000 s)
2024-06-04 00:13:08,160 INFO  - Sent broadcast CAM message to all vehicles (at simulation time 214.300,000,000 s)
2024-06-04 00:13:08,161 INFO  - Vehicle is inside the detection area. (at simulation time 214.400,000,000 s)
2024-06-04 00:13:08,161 INFO  - Vehicle is too far away from the traffic light. (at simulation time 214.400,000,000 s)
2024-06-04 00:13:08,161 INFO  - No vehicles in range. (at simulation time 214.400,000,000 s)
2024-06-04 00:13:08,161 INFO  - Neither the RSU nor any vehicle is in range. (at simulation time 214.400,000,000 s)
2024-06-04 00:13:08,161 INFO  - Sent broadcast CAM message to all vehicles (at simulation time 214.400,000,000 s)
2024-06-04 00:13:08,163 INFO  - Vehicle is inside the detection area. (at simulation time 214.500,000,000 s)
2024-06-04 00:13:08,163 INFO  - Vehicle is too far away from the traffic light. (at simulation time 214.500,000,000 s)
2024-06-04 00:13:08,163 INFO  - No vehicles in range. (at simulation time 214.500,000,000 s)
2024-06-04 00:13:08,163 INFO  - Neither the RSU nor any vehicle is in range. (at simulation time 214.500,000,000 s)
2024-06-04 00:13:08,163 INFO  - Sent broadcast CAM message to all vehicles (at simulation time 214.500,000,000 s)
2024-06-04 00:13:08,165 INFO  - Vehicle is inside the detection area. (at simulation time 214.600,000,000 s)
2024-06-04 00:13:08,165 INFO  - Vehicle is too far away from the traffic light. (at simulation time 214.600,000,000 s)
2024-06-04 00:13:08,165 INFO  - No vehicles in range. (at simulation time 214.600,000,000 s)
2024-06-04 00:13:08,165 INFO  - Neither the RSU nor any vehicle is in range. (at simulation time 214.600,000,000 s)
2024-06-04 00:13:08,165 INFO  - Sent broadcast CAM message to all vehicles (at simulation time 214.600,000,000 s)
2024-06-04 00:13:08,166 INFO  - Vehicle is inside the detection area. (at simulation time 214.700,000,000 s)
2024-06-04 00:13:08,166 INFO  - Vehicle is too far away from the traffic light. (at simulation time 214.700,000,000 s)
2024-06-04 00:13:08,166 INFO  - No vehicles in range. (at simulation time 214.700,000,000 s)
2024-06-04 00:13:08,166 INFO  - Neither the RSU nor any vehicle is in range. (at simulation time 214.700,000,000 s)
2024-06-04 00:13:08,166 INFO  - Sent broadcast CAM message to all vehicles (at simulation time 214.700,000,000 s)
2024-06-04 00:13:08,168 INFO  - Vehicle is inside the detection area. (at simulation time 214.800,000,000 s)
2024-06-04 00:13:08,168 INFO  - Vehicle is too far away from the traffic light. (at simulation time 214.800,000,000 s)
2024-06-04 00:13:08,168 INFO  - No vehicles in range. (at simulation time 214.800,000,000 s)
2024-06-04 00:13:08,168 INFO  - Neither the RSU nor any vehicle is in range. (at simulation time 214.800,000,000 s)
2024-06-04 00:13:08,168 INFO  - Sent broadcast CAM message to all vehicles (at simulation time 214.800,000,000 s)
2024-06-04 00:13:08,170 INFO  - Vehicle is inside the detection area. (at simulation time 214.900,000,000 s)
2024-06-04 00:13:08,170 INFO  - Vehicle is too far away from the traffic light. (at simulation time 214.900,000,000 s)
2024-06-04 00:13:08,170 INFO  - No vehicles in range. (at simulation time 214.900,000,000 s)
2024-06-04 00:13:08,170 INFO  - Neither the RSU nor any vehicle is in range. (at simulation time 214.900,000,000 s)
2024-06-04 00:13:08,170 INFO  - Sent broadcast CAM message to all vehicles (at simulation time 214.900,000,000 s)
2024-06-04 00:13:08,178 INFO  - Atempting to process queue (at simulation time 215.000,000,000 s)
2024-06-04 00:13:08,178 INFO  - Vehicle is inside the detection area. (at simulation time 215.000,000,000 s)
2024-06-04 00:13:08,178 INFO  - Sent Detection message to rsu_0 (at simulation time 215.000,000,000 s)
2024-06-04 00:13:08,178 INFO  - Sent broadcast CAM message to all vehicles (at simulation time 215.000,000,000 s)
2024-06-04 00:13:08,180 INFO  - Received CAM message from veh_122 (at simulation time 215.000,400,000 s)
2024-06-04 00:13:08,180 INFO  - Received CAM message from veh_90 (at simulation time 215.000,400,000 s)
2024-06-04 00:13:08,180 INFO  - Received CAM message from veh_54 (at simulation time 215.000,900,000 s)
2024-06-04 00:13:08,181 INFO  - Atempting to process queue (at simulation time 215.100,000,000 s)
2024-06-04 00:13:08,181 INFO  - Vehicle is inside the detection area. (at simulation time 215.100,000,000 s)
2024-06-04 00:13:08,181 INFO  - Sent Detection message to rsu_0 (at simulation time 215.100,000,000 s)
2024-06-04 00:13:08,181 INFO  - Sent broadcast CAM message to all vehicles (at simulation time 215.100,000,000 s)
2024-06-04 00:13:08,182 INFO  - Received CAM message from veh_90 (at simulation time 215.100,400,000 s)
2024-06-04 00:13:08,183 INFO  - Received CAM message from veh_54 (at simulation time 215.100,900,000 s)
2024-06-04 00:13:08,183 INFO  - Received CAM message from veh_122 (at simulation time 215.101,400,000 s)
2024-06-04 00:13:08,184 INFO  - Atempting to process queue (at simulation time 215.200,000,000 s)
2024-06-04 00:13:08,184 INFO  - Vehicle is inside the detection area. (at simulation time 215.200,000,000 s)
2024-06-04 00:13:08,184 INFO  - Sent Detection message to rsu_0 (at simulation time 215.200,000,000 s)
2024-06-04 00:13:08,184 INFO  - Sent broadcast CAM message to all vehicles (at simulation time 215.200,000,000 s)
2024-06-04 00:13:08,185 INFO  - Received CAM message from veh_122 (at simulation time 215.200,400,000 s)
2024-06-04 00:13:08,187 INFO  - Received CAM message from veh_90 (at simulation time 215.201,900,000 s)
2024-06-04 00:13:08,187 INFO  - Received CAM message from veh_54 (at simulation time 215.202,400,000 s)
2024-06-04 00:13:08,187 INFO  - Atempting to process queue (at simulation time 215.300,000,000 s)
2024-06-04 00:13:08,187 INFO  - Vehicle is inside the detection area. (at simulation time 215.300,000,000 s)
2024-06-04 00:13:08,187 INFO  - Sent Detection message to rsu_0 (at simulation time 215.300,000,000 s)
2024-06-04 00:13:08,187 INFO  - Sent broadcast CAM message to all vehicles (at simulation time 215.300,000,000 s)
2024-06-04 00:13:08,189 INFO  - Received CAM message from veh_90 (at simulation time 215.300,900,000 s)
2024-06-04 00:13:08,190 INFO  - Received CAM message from veh_122 (at simulation time 215.301,900,000 s)
2024-06-04 00:13:08,190 INFO  - Received CAM message from veh_54 (at simulation time 215.301,900,000 s)
2024-06-04 00:13:08,191 INFO  - Atempting to process queue (at simulation time 215.400,000,000 s)
2024-06-04 00:13:08,191 INFO  - Vehicle is inside the detection area. (at simulation time 215.400,000,000 s)
2024-06-04 00:13:08,191 INFO  - Sent Detection message to rsu_0 (at simulation time 215.400,000,000 s)
2024-06-04 00:13:08,191 INFO  - Sent broadcast CAM message to all vehicles (at simulation time 215.400,000,000 s)
2024-06-04 00:13:08,192 INFO  - Received CAM message from veh_54 (at simulation time 215.400,400,000 s)
2024-06-04 00:13:08,193 INFO  - Received CAM message from veh_122 (at simulation time 215.401,900,000 s)
2024-06-04 00:13:08,193 INFO  - Received CAM message from veh_90 (at simulation time 215.402,400,000 s)
2024-06-04 00:13:08,194 INFO  - Atempting to process queue (at simulation time 215.500,000,000 s)
2024-06-04 00:13:08,194 INFO  - Vehicle is inside the detection area. (at simulation time 215.500,000,000 s)
2024-06-04 00:13:08,194 INFO  - Sent Detection message to rsu_0 (at simulation time 215.500,000,000 s)
2024-06-04 00:13:08,194 INFO  - Sent broadcast CAM message to all vehicles (at simulation time 215.500,000,000 s)
2024-06-04 00:13:08,196 INFO  - Received CAM message from veh_90 (at simulation time 215.500,400,000 s)
2024-06-04 00:13:08,196 INFO  - Received CAM message from veh_122 (at simulation time 215.501,900,000 s)
2024-06-04 00:13:08,197 INFO  - Received CAM message from veh_54 (at simulation time 215.502,400,000 s)
2024-06-04 00:13:08,197 INFO  - Atempting to process queue (at simulation time 215.600,000,000 s)
2024-06-04 00:13:08,197 INFO  - Vehicle is inside the detection area. (at simulation time 215.600,000,000 s)
2024-06-04 00:13:08,197 INFO  - Sent Detection message to rsu_0 (at simulation time 215.600,000,000 s)
2024-06-04 00:13:08,197 INFO  - Sent broadcast CAM message to all vehicles (at simulation time 215.600,000,000 s)
2024-06-04 00:13:08,198 INFO  - Received CAM message from veh_54 (at simulation time 215.600,400,000 s)
2024-06-04 00:13:08,199 INFO  - Received CAM message from veh_90 (at simulation time 215.600,900,000 s)
2024-06-04 00:13:08,199 INFO  - Received CAM message from veh_122 (at simulation time 215.601,400,000 s)
2024-06-04 00:13:08,200 INFO  - Atempting to process queue (at simulation time 215.700,000,000 s)
2024-06-04 00:13:08,200 INFO  - Vehicle is inside the detection area. (at simulation time 215.700,000,000 s)
2024-06-04 00:13:08,200 INFO  - Sent Detection message to rsu_0 (at simulation time 215.700,000,000 s)
2024-06-04 00:13:08,200 INFO  - Sent broadcast CAM message to all vehicles (at simulation time 215.700,000,000 s)
2024-06-04 00:13:08,202 INFO  - Received CAM message from veh_90 (at simulation time 215.700,400,000 s)
2024-06-04 00:13:08,202 INFO  - Received CAM message from veh_54 (at simulation time 215.700,400,000 s)
2024-06-04 00:13:08,204 INFO  - Received CAM message from veh_122 (at simulation time 215.702,400,000 s)
2024-06-04 00:13:08,205 INFO  - Atempting to process queue (at simulation time 215.800,000,000 s)
2024-06-04 00:13:08,205 INFO  - Vehicle is inside the detection area. (at simulation time 215.800,000,000 s)
2024-06-04 00:13:08,205 INFO  - Sent Detection message to rsu_0 (at simulation time 215.800,000,000 s)
2024-06-04 00:13:08,205 INFO  - Sent broadcast CAM message to all vehicles (at simulation time 215.800,000,000 s)
2024-06-04 00:13:08,206 INFO  - Received CAM message from veh_90 (at simulation time 215.800,900,000 s)
2024-06-04 00:13:08,207 INFO  - Received CAM message from veh_54 (at simulation time 215.801,400,000 s)
2024-06-04 00:13:08,207 INFO  - Received CAM message from veh_122 (at simulation time 215.802,400,000 s)
2024-06-04 00:13:08,207 INFO  - Atempting to process queue (at simulation time 215.900,000,000 s)
2024-06-04 00:13:08,207 INFO  - Vehicle is inside the detection area. (at simulation time 215.900,000,000 s)
2024-06-04 00:13:08,207 INFO  - Sent Detection message to rsu_0 (at simulation time 215.900,000,000 s)
2024-06-04 00:13:08,207 INFO  - Sent broadcast CAM message to all vehicles (at simulation time 215.900,000,000 s)
2024-06-04 00:13:08,208 INFO  - Received CAM message from veh_122 (at simulation time 215.900,900,000 s)
2024-06-04 00:13:08,209 INFO  - Received CAM message from veh_54 (at simulation time 215.900,900,000 s)
2024-06-04 00:13:08,209 INFO  - Received CAM message from veh_90 (at simulation time 215.901,900,000 s)
2024-06-04 00:13:08,214 INFO  - Atempting to process queue (at simulation time 216.000,000,000 s)
2024-06-04 00:13:08,214 INFO  - Vehicle is inside the detection area. (at simulation time 216.000,000,000 s)
2024-06-04 00:13:08,214 INFO  - Sent Detection message to rsu_0 (at simulation time 216.000,000,000 s)
2024-06-04 00:13:08,214 INFO  - Sent broadcast CAM message to all vehicles (at simulation time 216.000,000,000 s)
2024-06-04 00:13:08,216 INFO  - Received CAM message from veh_90 (at simulation time 216.000,900,000 s)
2024-06-04 00:13:08,217 INFO  - Received CAM message from veh_122 (at simulation time 216.001,900,000 s)
2024-06-04 00:13:08,217 INFO  - Received CAM message from veh_96 (at simulation time 216.001,900,000 s)
2024-06-04 00:13:08,217 INFO  - Received CAM message from veh_74 (at simulation time 216.001,900,000 s)
2024-06-04 00:13:08,217 INFO  - Received CAM message from veh_54 (at simulation time 216.001,900,000 s)
2024-06-04 00:13:08,217 INFO  - Received CAM message from veh_70 (at simulation time 216.002,400,000 s)
2024-06-04 00:13:08,217 INFO  - Atempting to process queue (at simulation time 216.100,000,000 s)
2024-06-04 00:13:08,217 INFO  - Vehicle is inside the detection area. (at simulation time 216.100,000,000 s)
2024-06-04 00:13:08,217 INFO  - Sent Detection message to rsu_0 (at simulation time 216.100,000,000 s)
2024-06-04 00:13:08,217 INFO  - Sent broadcast CAM message to all vehicles (at simulation time 216.100,000,000 s)
2024-06-04 00:13:08,218 INFO  - Received CAM message from veh_96 (at simulation time 216.101,400,000 s)
2024-06-04 00:13:08,218 INFO  - Received CAM message from veh_90 (at simulation time 216.101,400,000 s)
2024-06-04 00:13:08,219 INFO  - Received CAM message from veh_74 (at simulation time 216.101,900,000 s)
2024-06-04 00:13:08,219 INFO  - Received CAM message from veh_122 (at simulation time 216.102,400,000 s)
2024-06-04 00:13:08,219 INFO  - Received CAM message from veh_70 (at simulation time 216.102,400,000 s)
2024-06-04 00:13:08,219 INFO  - Received CAM message from veh_54 (at simulation time 216.102,400,000 s)
2024-06-04 00:13:08,219 INFO  - Atempting to process queue (at simulation time 216.200,000,000 s)
2024-06-04 00:13:08,219 INFO  - Vehicle is inside the detection area. (at simulation time 216.200,000,000 s)
2024-06-04 00:13:08,219 INFO  - Sent Detection message to rsu_0 (at simulation time 216.200,000,000 s)
2024-06-04 00:13:08,219 INFO  - Sent broadcast CAM message to all vehicles (at simulation time 216.200,000,000 s)
2024-06-04 00:13:08,219 INFO  - Received CAM message from veh_90 (at simulation time 216.200,400,000 s)
2024-06-04 00:13:08,219 INFO  - Received CAM message from veh_70 (at simulation time 216.200,400,000 s)
2024-06-04 00:13:08,220 INFO  - Received CAM message from veh_54 (at simulation time 216.200,400,000 s)
2024-06-04 00:13:08,220 INFO  - Received CAM message from veh_122 (at simulation time 216.200,900,000 s)
2024-06-04 00:13:08,221 INFO  - Received CAM message from veh_96 (at simulation time 216.202,400,000 s)
2024-06-04 00:13:08,221 INFO  - Received CAM message from veh_74 (at simulation time 216.202,400,000 s)
2024-06-04 00:13:08,221 INFO  - Atempting to process queue (at simulation time 216.300,000,000 s)
2024-06-04 00:13:08,221 INFO  - Vehicle is inside the detection area. (at simulation time 216.300,000,000 s)
2024-06-04 00:13:08,221 INFO  - Sent Detection message to rsu_0 (at simulation time 216.300,000,000 s)
2024-06-04 00:13:08,221 INFO  - Sent broadcast CAM message to all vehicles (at simulation time 216.300,000,000 s)
2024-06-04 00:13:08,222 INFO  - Received CAM message from veh_122 (at simulation time 216.300,900,000 s)
2024-06-04 00:13:08,222 INFO  - Received CAM message from veh_96 (at simulation time 216.300,900,000 s)
2024-06-04 00:13:08,222 INFO  - Received CAM message from veh_90 (at simulation time 216.300,900,000 s)
2024-06-04 00:13:08,222 INFO  - Received CAM message from veh_54 (at simulation time 216.301,400,000 s)
2024-06-04 00:13:08,222 INFO  - Received CAM message from veh_70 (at simulation time 216.301,900,000 s)
2024-06-04 00:13:08,223 INFO  - Received CAM message from veh_74 (at simulation time 216.302,400,000 s)
2024-06-04 00:13:08,223 INFO  - Atempting to process queue (at simulation time 216.400,000,000 s)
2024-06-04 00:13:08,223 INFO  - Vehicle is inside the detection area. (at simulation time 216.400,000,000 s)
2024-06-04 00:13:08,223 INFO  - Sent Detection message to rsu_0 (at simulation time 216.400,000,000 s)
2024-06-04 00:13:08,223 INFO  - Sent broadcast CAM message to all vehicles (at simulation time 216.400,000,000 s)
2024-06-04 00:13:08,223 INFO  - Received CAM message from veh_96 (at simulation time 216.400,400,000 s)
2024-06-04 00:13:08,224 INFO  - Received CAM message from veh_122 (at simulation time 216.401,400,000 s)
2024-06-04 00:13:08,224 INFO  - Received CAM message from veh_70 (at simulation time 216.401,400,000 s)
2024-06-04 00:13:08,224 INFO  - Received CAM message from veh_90 (at simulation time 216.401,900,000 s)
2024-06-04 00:13:08,224 INFO  - Received CAM message from veh_74 (at simulation time 216.401,900,000 s)
2024-06-04 00:13:08,224 INFO  - Received CAM message from veh_54 (at simulation time 216.402,400,000 s)
2024-06-04 00:13:08,225 INFO  - Atempting to process queue (at simulation time 216.500,000,000 s)
2024-06-04 00:13:08,225 INFO  - Vehicle is inside the detection area. (at simulation time 216.500,000,000 s)
2024-06-04 00:13:08,225 INFO  - Sent Detection message to rsu_0 (at simulation time 216.500,000,000 s)
2024-06-04 00:13:08,225 INFO  - Sent broadcast CAM message to all vehicles (at simulation time 216.500,000,000 s)
2024-06-04 00:13:08,226 INFO  - Received CAM message from veh_96 (at simulation time 216.500,400,000 s)
2024-06-04 00:13:08,226 INFO  - Received CAM message from veh_54 (at simulation time 216.500,900,000 s)
2024-06-04 00:13:08,226 INFO  - Received CAM message from veh_90 (at simulation time 216.501,400,000 s)
2024-06-04 00:13:08,226 INFO  - Received CAM message from veh_74 (at simulation time 216.501,400,000 s)
2024-06-04 00:13:08,227 INFO  - Received CAM message from veh_122 (at simulation time 216.502,400,000 s)
2024-06-04 00:13:08,227 INFO  - Received CAM message from veh_70 (at simulation time 216.502,400,000 s)
2024-06-04 00:13:08,227 INFO  - Atempting to process queue (at simulation time 216.600,000,000 s)
2024-06-04 00:13:08,227 INFO  - Vehicle is inside the detection area. (at simulation time 216.600,000,000 s)
2024-06-04 00:13:08,227 INFO  - Sent Detection message to rsu_0 (at simulation time 216.600,000,000 s)
2024-06-04 00:13:08,227 INFO  - Sent broadcast CAM message to all vehicles (at simulation time 216.600,000,000 s)
2024-06-04 00:13:08,228 INFO  - Received CAM message from veh_96 (at simulation time 216.600,400,000 s)
2024-06-04 00:13:08,228 INFO  - Received CAM message from veh_74 (at simulation time 216.600,900,000 s)
2024-06-04 00:13:08,228 INFO  - Received CAM message from veh_54 (at simulation time 216.600,900,000 s)
2024-06-04 00:13:08,229 INFO  - Received CAM message from veh_70 (at simulation time 216.601,400,000 s)
2024-06-04 00:13:08,229 INFO  - Received CAM message from veh_90 (at simulation time 216.601,900,000 s)
2024-06-04 00:13:08,229 INFO  - Received CAM message from veh_122 (at simulation time 216.602,400,000 s)
2024-06-04 00:13:08,230 INFO  - Atempting to process queue (at simulation time 216.700,000,000 s)
2024-06-04 00:13:08,230 INFO  - Vehicle is inside the detection area. (at simulation time 216.700,000,000 s)
2024-06-04 00:13:08,230 INFO  - Sent Detection message to rsu_0 (at simulation time 216.700,000,000 s)
2024-06-04 00:13:08,230 INFO  - Sent broadcast CAM message to all vehicles (at simulation time 216.700,000,000 s)
2024-06-04 00:13:08,232 INFO  - Received CAM message from veh_70 (at simulation time 216.700,900,000 s)
2024-06-04 00:13:08,232 INFO  - Received CAM message from veh_74 (at simulation time 216.701,400,000 s)
2024-06-04 00:13:08,232 INFO  - Received CAM message from veh_54 (at simulation time 216.701,400,000 s)
2024-06-04 00:13:08,233 INFO  - Received CAM message from veh_122 (at simulation time 216.702,400,000 s)
2024-06-04 00:13:08,233 INFO  - Received CAM message from veh_96 (at simulation time 216.702,400,000 s)
2024-06-04 00:13:08,233 INFO  - Received CAM message from veh_90 (at simulation time 216.702,400,000 s)
2024-06-04 00:13:08,234 INFO  - Atempting to process queue (at simulation time 216.800,000,000 s)
2024-06-04 00:13:08,234 INFO  - Vehicle is inside the detection area. (at simulation time 216.800,000,000 s)
2024-06-04 00:13:08,234 INFO  - Sent Detection message to rsu_0 (at simulation time 216.800,000,000 s)
2024-06-04 00:13:08,234 INFO  - Sent broadcast CAM message to all vehicles (at simulation time 216.800,000,000 s)
2024-06-04 00:13:08,235 INFO  - Received CAM message from veh_122 (at simulation time 216.800,900,000 s)
2024-06-04 00:13:08,235 INFO  - Received CAM message from veh_90 (at simulation time 216.800,900,000 s)
2024-06-04 00:13:08,236 INFO  - Received CAM message from veh_74 (at simulation time 216.801,400,000 s)
2024-06-04 00:13:08,236 INFO  - Received CAM message from veh_70 (at simulation time 216.801,400,000 s)
2024-06-04 00:13:08,236 INFO  - Received CAM message from veh_96 (at simulation time 216.801,900,000 s)
2024-06-04 00:13:08,236 INFO  - Received CAM message from veh_54 (at simulation time 216.801,900,000 s)
2024-06-04 00:13:08,236 INFO  - Atempting to process queue (at simulation time 216.900,000,000 s)
2024-06-04 00:13:08,236 INFO  - Vehicle is inside the detection area. (at simulation time 216.900,000,000 s)
2024-06-04 00:13:08,236 INFO  - Sent Detection message to rsu_0 (at simulation time 216.900,000,000 s)
2024-06-04 00:13:08,236 INFO  - Sent broadcast CAM message to all vehicles (at simulation time 216.900,000,000 s)
2024-06-04 00:13:08,238 INFO  - Received CAM message from veh_74 (at simulation time 216.900,400,000 s)
2024-06-04 00:13:08,238 INFO  - Received CAM message from veh_70 (at simulation time 216.900,400,000 s)
2024-06-04 00:13:08,238 INFO  - Received CAM message from veh_122 (at simulation time 216.900,900,000 s)
2024-06-04 00:13:08,238 INFO  - Received CAM message from veh_54 (at simulation time 216.901,400,000 s)
2024-06-04 00:13:08,239 INFO  - Received CAM message from veh_96 (at simulation time 216.901,900,000 s)
2024-06-04 00:13:08,239 INFO  - Received CAM message from veh_90 (at simulation time 216.902,400,000 s)
2024-06-04 00:13:08,247 INFO  - Atempting to process queue (at simulation time 217.000,000,000 s)
2024-06-04 00:13:08,247 INFO  - Vehicle is outside the detection area. (at simulation time 217.000,000,000 s)
2024-06-04 00:13:08,247 INFO  - Sent broadcast CAM message to all vehicles (at simulation time 217.000,000,000 s)
2024-06-04 00:13:08,250 INFO  - Received CAM message from veh_96 (at simulation time 217.000,400,000 s)
2024-06-04 00:13:08,250 INFO  - Received CAM message from veh_90 (at simulation time 217.000,400,000 s)
2024-06-04 00:13:08,250 INFO  - Received CAM message from veh_54 (at simulation time 217.000,400,000 s)
2024-06-04 00:13:08,250 INFO  - Received CAM message from veh_122 (at simulation time 217.001,400,000 s)
2024-06-04 00:13:08,250 INFO  - Received CAM message from veh_74 (at simulation time 217.001,400,000 s)
2024-06-04 00:13:08,251 INFO  - Received CAM message from veh_70 (at simulation time 217.002,400,000 s)
2024-06-04 00:13:08,251 INFO  - Atempting to process queue (at simulation time 217.100,000,000 s)
2024-06-04 00:13:08,251 INFO  - Vehicle is outside the detection area. (at simulation time 217.100,000,000 s)
2024-06-04 00:13:08,251 INFO  - Sent broadcast CAM message to all vehicles (at simulation time 217.100,000,000 s)
2024-06-04 00:13:08,252 INFO  - Received CAM message from veh_96 (at simulation time 217.100,400,000 s)
2024-06-04 00:13:08,252 INFO  - Received CAM message from veh_122 (at simulation time 217.100,900,000 s)
2024-06-04 00:13:08,253 INFO  - Received CAM message from veh_54 (at simulation time 217.100,900,000 s)
2024-06-04 00:13:08,253 INFO  - Received CAM message from veh_74 (at simulation time 217.101,400,000 s)
2024-06-04 00:13:08,253 INFO  - Received CAM message from veh_70 (at simulation time 217.101,400,000 s)
2024-06-04 00:13:08,253 INFO  - Received CAM message from veh_90 (at simulation time 217.102,400,000 s)
2024-06-04 00:13:08,253 INFO  - Atempting to process queue (at simulation time 217.200,000,000 s)
2024-06-04 00:13:08,253 INFO  - Vehicle is outside the detection area. (at simulation time 217.200,000,000 s)
2024-06-04 00:13:08,253 INFO  - Sent broadcast CAM message to all vehicles (at simulation time 217.200,000,000 s)
2024-06-04 00:13:08,254 INFO  - Received CAM message from veh_96 (at simulation time 217.200,400,000 s)
2024-06-04 00:13:08,255 INFO  - Received CAM message from veh_74 (at simulation time 217.201,400,000 s)
2024-06-04 00:13:08,255 INFO  - Received CAM message from veh_122 (at simulation time 217.201,900,000 s)
2024-06-04 00:13:08,255 INFO  - Received CAM message from veh_90 (at simulation time 217.201,900,000 s)
2024-06-04 00:13:08,255 INFO  - Received CAM message from veh_54 (at simulation time 217.201,900,000 s)
2024-06-04 00:13:08,256 INFO  - Received CAM message from veh_70 (at simulation time 217.202,400,000 s)
2024-06-04 00:13:08,256 INFO  - Atempting to process queue (at simulation time 217.300,000,000 s)
2024-06-04 00:13:08,256 INFO  - Vehicle is outside the detection area. (at simulation time 217.300,000,000 s)
2024-06-04 00:13:08,256 INFO  - Sent broadcast CAM message to all vehicles (at simulation time 217.300,000,000 s)
2024-06-04 00:13:08,256 INFO  - Received CAM message from veh_74 (at simulation time 217.300,400,000 s)
2024-06-04 00:13:08,256 INFO  - Received CAM message from veh_122 (at simulation time 217.300,900,000 s)
2024-06-04 00:13:08,257 INFO  - Received CAM message from veh_96 (at simulation time 217.300,900,000 s)
2024-06-04 00:13:08,257 INFO  - Received CAM message from veh_54 (at simulation time 217.300,900,000 s)
2024-06-04 00:13:08,257 INFO  - Received CAM message from veh_70 (at simulation time 217.301,400,000 s)
2024-06-04 00:13:08,257 INFO  - Received CAM message from veh_90 (at simulation time 217.302,400,000 s)
2024-06-04 00:13:08,257 INFO  - Atempting to process queue (at simulation time 217.400,000,000 s)
2024-06-04 00:13:08,257 INFO  - Vehicle is outside the detection area. (at simulation time 217.400,000,000 s)
2024-06-04 00:13:08,257 INFO  - Sent broadcast CAM message to all vehicles (at simulation time 217.400,000,000 s)
2024-06-04 00:13:08,258 INFO  - Received CAM message from veh_96 (at simulation time 217.400,400,000 s)
2024-06-04 00:13:08,258 INFO  - Received CAM message from veh_70 (at simulation time 217.400,400,000 s)
2024-06-04 00:13:08,258 INFO  - Received CAM message from veh_54 (at simulation time 217.400,400,000 s)
2024-06-04 00:13:08,259 INFO  - Received CAM message from veh_90 (at simulation time 217.400,900,000 s)
2024-06-04 00:13:08,260 INFO  - Received CAM message from veh_122 (at simulation time 217.402,400,000 s)
2024-06-04 00:13:08,261 INFO  - Received CAM message from veh_74 (at simulation time 217.402,400,000 s)
2024-06-04 00:13:08,261 INFO  - Atempting to process queue (at simulation time 217.500,000,000 s)
2024-06-04 00:13:08,261 INFO  - Vehicle is outside the detection area. (at simulation time 217.500,000,000 s)
2024-06-04 00:13:08,261 INFO  - Sent broadcast CAM message to all vehicles (at simulation time 217.500,000,000 s)
2024-06-04 00:13:08,265 INFO  - Received CAM message from veh_70 (at simulation time 217.501,400,000 s)
2024-06-04 00:13:08,265 INFO  - Received CAM message from veh_54 (at simulation time 217.501,400,000 s)
2024-06-04 00:13:08,265 INFO  - Received CAM message from veh_96 (at simulation time 217.501,900,000 s)
2024-06-04 00:13:08,265 INFO  - Received CAM message from veh_122 (at simulation time 217.502,400,000 s)
2024-06-04 00:13:08,265 INFO  - Received CAM message from veh_90 (at simulation time 217.502,400,000 s)
2024-06-04 00:13:08,266 INFO  - Received CAM message from veh_74 (at simulation time 217.502,400,000 s)
2024-06-04 00:13:08,266 INFO  - Atempting to process queue (at simulation time 217.600,000,000 s)
2024-06-04 00:13:08,266 INFO  - Vehicle is outside the detection area. (at simulation time 217.600,000,000 s)
2024-06-04 00:13:08,266 INFO  - Sent broadcast CAM message to all vehicles (at simulation time 217.600,000,000 s)
2024-06-04 00:13:08,268 INFO  - Received CAM message from veh_122 (at simulation time 217.600,900,000 s)
2024-06-04 00:13:08,268 INFO  - Received CAM message from veh_70 (at simulation time 217.600,900,000 s)
2024-06-04 00:13:08,268 INFO  - Received CAM message from veh_54 (at simulation time 217.600,900,000 s)
2024-06-04 00:13:08,268 INFO  - Received CAM message from veh_96 (at simulation time 217.601,400,000 s)
2024-06-04 00:13:08,268 INFO  - Received CAM message from veh_90 (at simulation time 217.601,400,000 s)
2024-06-04 00:13:08,269 INFO  - Received CAM message from veh_74 (at simulation time 217.601,900,000 s)
2024-06-04 00:13:08,269 INFO  - Atempting to process queue (at simulation time 217.700,000,000 s)
2024-06-04 00:13:08,269 INFO  - Vehicle is outside the detection area. (at simulation time 217.700,000,000 s)
2024-06-04 00:13:08,269 INFO  - Sent broadcast CAM message to all vehicles (at simulation time 217.700,000,000 s)
2024-06-04 00:13:08,270 INFO  - Received CAM message from veh_90 (at simulation time 217.700,400,000 s)
2024-06-04 00:13:08,271 INFO  - Received CAM message from veh_70 (at simulation time 217.701,400,000 s)
2024-06-04 00:13:08,271 INFO  - Received CAM message from veh_122 (at simulation time 217.701,900,000 s)
2024-06-04 00:13:08,271 INFO  - Received CAM message from veh_54 (at simulation time 217.701,900,000 s)
2024-06-04 00:13:08,271 INFO  - Received CAM message from veh_96 (at simulation time 217.702,400,000 s)
2024-06-04 00:13:08,271 INFO  - Received CAM message from veh_74 (at simulation time 217.702,400,000 s)
2024-06-04 00:13:08,271 INFO  - Atempting to process queue (at simulation time 217.800,000,000 s)
2024-06-04 00:13:08,271 INFO  - Vehicle is outside the detection area. (at simulation time 217.800,000,000 s)
2024-06-04 00:13:08,271 INFO  - Sent broadcast CAM message to all vehicles (at simulation time 217.800,000,000 s)
2024-06-04 00:13:08,272 INFO  - Received CAM message from veh_90 (at simulation time 217.800,400,000 s)
2024-06-04 00:13:08,272 INFO  - Received CAM message from veh_54 (at simulation time 217.800,400,000 s)
2024-06-04 00:13:08,272 INFO  - Received CAM message from veh_122 (at simulation time 217.800,900,000 s)
2024-06-04 00:13:08,273 INFO  - Received CAM message from veh_70 (at simulation time 217.801,900,000 s)
2024-06-04 00:13:08,273 INFO  - Received CAM message from veh_96 (at simulation time 217.802,400,000 s)
2024-06-04 00:13:08,273 INFO  - Received CAM message from veh_74 (at simulation time 217.802,400,000 s)
2024-06-04 00:13:08,273 INFO  - Atempting to process queue (at simulation time 217.900,000,000 s)
2024-06-04 00:13:08,273 INFO  - Vehicle is outside the detection area. (at simulation time 217.900,000,000 s)
2024-06-04 00:13:08,273 INFO  - Sent broadcast CAM message to all vehicles (at simulation time 217.900,000,000 s)
2024-06-04 00:13:08,275 INFO  - Received CAM message from veh_90 (at simulation time 217.900,900,000 s)
2024-06-04 00:13:08,275 INFO  - Received CAM message from veh_74 (at simulation time 217.900,900,000 s)
2024-06-04 00:13:08,275 INFO  - Received CAM message from veh_70 (at simulation time 217.900,900,000 s)
2024-06-04 00:13:08,275 INFO  - Received CAM message from veh_122 (at simulation time 217.901,400,000 s)
2024-06-04 00:13:08,275 INFO  - Received CAM message from veh_96 (at simulation time 217.901,900,000 s)
2024-06-04 00:13:08,276 INFO  - Received CAM message from veh_54 (at simulation time 217.902,400,000 s)
2024-06-04 00:13:08,277 INFO  - Atempting to process queue (at simulation time 218.000,000,000 s)
2024-06-04 00:13:08,277 INFO  - Vehicle is outside the detection area. (at simulation time 218.000,000,000 s)
2024-06-04 00:13:08,277 INFO  - Sent broadcast CAM message to all vehicles (at simulation time 218.000,000,000 s)
2024-06-04 00:13:08,279 INFO  - Received CAM message from veh_122 (at simulation time 218.000,400,000 s)
2024-06-04 00:13:08,279 INFO  - Received CAM message from veh_96 (at simulation time 218.000,400,000 s)
2024-06-04 00:13:08,279 INFO  - Received CAM message from veh_74 (at simulation time 218.000,400,000 s)
2024-06-04 00:13:08,279 INFO  - Received CAM message from veh_90 (at simulation time 218.000,900,000 s)
2024-06-04 00:13:08,279 INFO  - Received CAM message from veh_54 (at simulation time 218.000,900,000 s)
2024-06-04 00:13:08,279 INFO  - Received CAM message from veh_70 (at simulation time 218.001,400,000 s)
2024-06-04 00:13:08,280 INFO  - Atempting to process queue (at simulation time 218.100,000,000 s)
2024-06-04 00:13:08,280 INFO  - Vehicle is outside the detection area. (at simulation time 218.100,000,000 s)
2024-06-04 00:13:08,280 INFO  - Sent broadcast CAM message to all vehicles (at simulation time 218.100,000,000 s)
2024-06-04 00:13:08,281 INFO  - Received CAM message from veh_90 (at simulation time 218.100,400,000 s)
2024-06-04 00:13:08,281 INFO  - Received CAM message from veh_96 (at simulation time 218.100,900,000 s)
2024-06-04 00:13:08,281 INFO  - Received CAM message from veh_70 (at simulation time 218.100,900,000 s)
2024-06-04 00:13:08,281 INFO  - Received CAM message from veh_122 (at simulation time 218.101,400,000 s)
2024-06-04 00:13:08,281 INFO  - Received CAM message from veh_74 (at simulation time 218.102,400,000 s)
2024-06-04 00:13:08,281 INFO  - Received CAM message from veh_54 (at simulation time 218.102,400,000 s)
2024-06-04 00:13:08,282 INFO  - Atempting to process queue (at simulation time 218.200,000,000 s)
2024-06-04 00:13:08,282 INFO  - Vehicle is outside the detection area. (at simulation time 218.200,000,000 s)
2024-06-04 00:13:08,282 INFO  - Sent broadcast CAM message to all vehicles (at simulation time 218.200,000,000 s)
2024-06-04 00:13:08,282 INFO  - Received CAM message from veh_74 (at simulation time 218.200,400,000 s)
2024-06-04 00:13:08,283 INFO  - Received CAM message from veh_96 (at simulation time 218.200,900,000 s)
2024-06-04 00:13:08,283 INFO  - Received CAM message from veh_54 (at simulation time 218.200,900,000 s)
2024-06-04 00:13:08,283 INFO  - Received CAM message from veh_70 (at simulation time 218.201,400,000 s)
2024-06-04 00:13:08,283 INFO  - Received CAM message from veh_122 (at simulation time 218.202,400,000 s)
2024-06-04 00:13:08,283 INFO  - Received CAM message from veh_90 (at simulation time 218.202,400,000 s)
2024-06-04 00:13:08,283 INFO  - Atempting to process queue (at simulation time 218.300,000,000 s)
2024-06-04 00:13:08,283 INFO  - Vehicle is outside the detection area. (at simulation time 218.300,000,000 s)
2024-06-04 00:13:08,283 INFO  - Sent broadcast CAM message to all vehicles (at simulation time 218.300,000,000 s)
2024-06-04 00:13:08,284 INFO  - Received CAM message from veh_96 (at simulation time 218.300,900,000 s)
2024-06-04 00:13:08,284 INFO  - Received CAM message from veh_74 (at simulation time 218.300,900,000 s)
2024-06-04 00:13:08,285 INFO  - Received CAM message from veh_70 (at simulation time 218.301,400,000 s)
2024-06-04 00:13:08,285 INFO  - Received CAM message from veh_54 (at simulation time 218.301,400,000 s)
2024-06-04 00:13:08,285 INFO  - Received CAM message from veh_122 (at simulation time 218.301,900,000 s)
2024-06-04 00:13:08,285 INFO  - Received CAM message from veh_90 (at simulation time 218.302,400,000 s)
2024-06-04 00:13:08,285 INFO  - Atempting to process queue (at simulation time 218.400,000,000 s)
2024-06-04 00:13:08,285 INFO  - Vehicle is outside the detection area. (at simulation time 218.400,000,000 s)
2024-06-04 00:13:08,285 INFO  - Sent broadcast CAM message to all vehicles (at simulation time 218.400,000,000 s)
2024-06-04 00:13:08,286 INFO  - Received CAM message from veh_122 (at simulation time 218.400,400,000 s)
2024-06-04 00:13:08,286 INFO  - Received CAM message from veh_96 (at simulation time 218.400,400,000 s)
2024-06-04 00:13:08,286 INFO  - Received CAM message from veh_90 (at simulation time 218.400,900,000 s)
2024-06-04 00:13:08,286 INFO  - Received CAM message from veh_54 (at simulation time 218.400,900,000 s)
2024-06-04 00:13:08,287 INFO  - Received CAM message from veh_70 (at simulation time 218.401,900,000 s)
2024-06-04 00:13:08,287 INFO  - Received CAM message from veh_74 (at simulation time 218.402,400,000 s)
2024-06-04 00:13:08,287 INFO  - Atempting to process queue (at simulation time 218.500,000,000 s)
2024-06-04 00:13:08,287 INFO  - Vehicle is outside the detection area. (at simulation time 218.500,000,000 s)
2024-06-04 00:13:08,287 INFO  - Sent broadcast CAM message to all vehicles (at simulation time 218.500,000,000 s)
2024-06-04 00:13:08,288 INFO  - Received CAM message from veh_70 (at simulation time 218.500,400,000 s)
2024-06-04 00:13:08,289 INFO  - Received CAM message from veh_96 (at simulation time 218.501,400,000 s)
2024-06-04 00:13:08,289 INFO  - Received CAM message from veh_54 (at simulation time 218.501,400,000 s)
2024-06-04 00:13:08,289 INFO  - Received CAM message from veh_122 (at simulation time 218.502,400,000 s)
2024-06-04 00:13:08,289 INFO  - Received CAM message from veh_90 (at simulation time 218.502,400,000 s)
2024-06-04 00:13:08,289 INFO  - Received CAM message from veh_74 (at simulation time 218.502,400,000 s)
2024-06-04 00:13:08,289 INFO  - Atempting to process queue (at simulation time 218.600,000,000 s)
2024-06-04 00:13:08,289 INFO  - Vehicle is outside the detection area. (at simulation time 218.600,000,000 s)
2024-06-04 00:13:08,289 INFO  - Sent broadcast CAM message to all vehicles (at simulation time 218.600,000,000 s)
2024-06-04 00:13:08,290 INFO  - Received CAM message from veh_122 (at simulation time 218.600,900,000 s)
2024-06-04 00:13:08,291 INFO  - Received CAM message from veh_70 (at simulation time 218.600,900,000 s)
2024-06-04 00:13:08,291 INFO  - Received CAM message from veh_54 (at simulation time 218.600,900,000 s)
2024-06-04 00:13:08,291 INFO  - Received CAM message from veh_96 (at simulation time 218.601,900,000 s)
2024-06-04 00:13:08,292 INFO  - Received CAM message from veh_90 (at simulation time 218.602,400,000 s)
2024-06-04 00:13:08,292 INFO  - Received CAM message from veh_74 (at simulation time 218.602,400,000 s)
2024-06-04 00:13:08,292 INFO  - Atempting to process queue (at simulation time 218.700,000,000 s)
2024-06-04 00:13:08,292 INFO  - Vehicle is outside the detection area. (at simulation time 218.700,000,000 s)
2024-06-04 00:13:08,292 INFO  - Sent broadcast CAM message to all vehicles (at simulation time 218.700,000,000 s)
2024-06-04 00:13:08,293 INFO  - Received CAM message from veh_90 (at simulation time 218.700,400,000 s)
2024-06-04 00:13:08,293 INFO  - Received CAM message from veh_74 (at simulation time 218.700,400,000 s)
2024-06-04 00:13:08,293 INFO  - Received CAM message from veh_70 (at simulation time 218.700,400,000 s)
2024-06-04 00:13:08,293 INFO  - Received CAM message from veh_122 (at simulation time 218.700,900,000 s)
2024-06-04 00:13:08,293 INFO  - Received CAM message from veh_54 (at simulation time 218.700,900,000 s)
2024-06-04 00:13:08,294 INFO  - Received CAM message from veh_96 (at simulation time 218.701,400,000 s)
2024-06-04 00:13:08,294 INFO  - Atempting to process queue (at simulation time 218.800,000,000 s)
2024-06-04 00:13:08,294 INFO  - Vehicle is outside the detection area. (at simulation time 218.800,000,000 s)
2024-06-04 00:13:08,294 INFO  - Sent broadcast CAM message to all vehicles (at simulation time 218.800,000,000 s)
2024-06-04 00:13:08,295 INFO  - Received CAM message from veh_122 (at simulation time 218.800,400,000 s)
2024-06-04 00:13:08,295 INFO  - Received CAM message from veh_90 (at simulation time 218.800,400,000 s)
2024-06-04 00:13:08,295 INFO  - Received CAM message from veh_54 (at simulation time 218.800,400,000 s)
2024-06-04 00:13:08,296 INFO  - Received CAM message from veh_74 (at simulation time 218.801,900,000 s)
2024-06-04 00:13:08,296 INFO  - Received CAM message from veh_96 (at simulation time 218.802,400,000 s)
2024-06-04 00:13:08,296 INFO  - Received CAM message from veh_70 (at simulation time 218.802,400,000 s)
2024-06-04 00:13:08,296 INFO  - Atempting to process queue (at simulation time 218.900,000,000 s)
2024-06-04 00:13:08,296 INFO  - Vehicle is outside the detection area. (at simulation time 218.900,000,000 s)
2024-06-04 00:13:08,296 INFO  - Sent broadcast CAM message to all vehicles (at simulation time 218.900,000,000 s)
2024-06-04 00:13:08,297 INFO  - Received CAM message from veh_90 (at simulation time 218.900,900,000 s)
2024-06-04 00:13:08,298 INFO  - Received CAM message from veh_96 (at simulation time 218.901,400,000 s)
2024-06-04 00:13:08,298 INFO  - Received CAM message from veh_54 (at simulation time 218.901,400,000 s)
2024-06-04 00:13:08,298 INFO  - Received CAM message from veh_122 (at simulation time 218.901,900,000 s)
2024-06-04 00:13:08,298 INFO  - Received CAM message from veh_74 (at simulation time 218.901,900,000 s)
2024-06-04 00:13:08,299 INFO  - Received CAM message from veh_70 (at simulation time 218.902,400,000 s)
2024-06-04 00:13:08,301 INFO  - Atempting to process queue (at simulation time 219.000,000,000 s)
2024-06-04 00:13:08,301 INFO  - Vehicle is outside the detection area. (at simulation time 219.000,000,000 s)
2024-06-04 00:13:08,301 INFO  - Sent broadcast CAM message to all vehicles (at simulation time 219.000,000,000 s)
2024-06-04 00:13:08,302 INFO  - Received CAM message from veh_74 (at simulation time 219.000,400,000 s)
2024-06-04 00:13:08,302 INFO  - Received CAM message from veh_54 (at simulation time 219.000,400,000 s)
2024-06-04 00:13:08,303 INFO  - Received CAM message from veh_122 (at simulation time 219.001,900,000 s)
2024-06-04 00:13:08,303 INFO  - Received CAM message from veh_90 (at simulation time 219.002,400,000 s)
2024-06-04 00:13:08,303 INFO  - Atempting to process queue (at simulation time 219.100,000,000 s)
2024-06-04 00:13:08,303 INFO  - Vehicle is outside the detection area. (at simulation time 219.100,000,000 s)
2024-06-04 00:13:08,303 INFO  - Sent broadcast CAM message to all vehicles (at simulation time 219.100,000,000 s)
2024-06-04 00:13:08,304 INFO  - Received CAM message from veh_54 (at simulation time 219.100,900,000 s)
2024-06-04 00:13:08,304 INFO  - Received CAM message from veh_74 (at simulation time 219.101,400,000 s)
2024-06-04 00:13:08,304 INFO  - Received CAM message from veh_122 (at simulation time 219.101,900,000 s)
2024-06-04 00:13:08,304 INFO  - Received CAM message from veh_90 (at simulation time 219.101,900,000 s)
2024-06-04 00:13:08,305 INFO  - Atempting to process queue (at simulation time 219.200,000,000 s)
2024-06-04 00:13:08,305 INFO  - Vehicle is outside the detection area. (at simulation time 219.200,000,000 s)
2024-06-04 00:13:08,305 INFO  - Sent broadcast CAM message to all vehicles (at simulation time 219.200,000,000 s)
2024-06-04 00:13:08,305 INFO  - Received CAM message from veh_122 (at simulation time 219.200,400,000 s)
2024-06-04 00:13:08,306 INFO  - Received CAM message from veh_90 (at simulation time 219.200,900,000 s)
2024-06-04 00:13:08,306 INFO  - Received CAM message from veh_74 (at simulation time 219.200,900,000 s)
2024-06-04 00:13:08,306 INFO  - Received CAM message from veh_54 (at simulation time 219.202,400,000 s)
2024-06-04 00:13:08,306 INFO  - Atempting to process queue (at simulation time 219.300,000,000 s)
2024-06-04 00:13:08,306 INFO  - Vehicle is outside the detection area. (at simulation time 219.300,000,000 s)
2024-06-04 00:13:08,306 INFO  - Sent broadcast CAM message to all vehicles (at simulation time 219.300,000,000 s)
2024-06-04 00:13:08,307 INFO  - Received CAM message from veh_90 (at simulation time 219.300,400,000 s)
2024-06-04 00:13:08,307 INFO  - Received CAM message from veh_74 (at simulation time 219.300,400,000 s)
2024-06-04 00:13:08,307 INFO  - Received CAM message from veh_122 (at simulation time 219.300,900,000 s)
2024-06-04 00:13:08,307 INFO  - Received CAM message from veh_54 (at simulation time 219.301,900,000 s)
2024-06-04 00:13:08,308 INFO  - Atempting to process queue (at simulation time 219.400,000,000 s)
2024-06-04 00:13:08,308 INFO  - Vehicle is outside the detection area. (at simulation time 219.400,000,000 s)
2024-06-04 00:13:08,308 INFO  - Sent broadcast CAM message to all vehicles (at simulation time 219.400,000,000 s)
2024-06-04 00:13:08,308 INFO  - Received CAM message from veh_122 (at simulation time 219.400,400,000 s)
2024-06-04 00:13:08,309 INFO  - Received CAM message from veh_90 (at simulation time 219.401,400,000 s)
2024-06-04 00:13:08,309 INFO  - Received CAM message from veh_74 (at simulation time 219.401,400,000 s)
2024-06-04 00:13:08,309 INFO  - Received CAM message from veh_54 (at simulation time 219.401,400,000 s)
2024-06-04 00:13:08,309 INFO  - Atempting to process queue (at simulation time 219.500,000,000 s)
2024-06-04 00:13:08,309 INFO  - Vehicle is outside the detection area. (at simulation time 219.500,000,000 s)
2024-06-04 00:13:08,309 INFO  - Sent broadcast CAM message to all vehicles (at simulation time 219.500,000,000 s)
2024-06-04 00:13:08,310 INFO  - Received CAM message from veh_74 (at simulation time 219.500,900,000 s)
2024-06-04 00:13:08,310 INFO  - Received CAM message from veh_122 (at simulation time 219.501,400,000 s)
2024-06-04 00:13:08,310 INFO  - Received CAM message from veh_90 (at simulation time 219.502,400,000 s)
2024-06-04 00:13:08,310 INFO  - Received CAM message from veh_54 (at simulation time 219.502,400,000 s)
2024-06-04 00:13:08,311 INFO  - Atempting to process queue (at simulation time 219.600,000,000 s)
2024-06-04 00:13:08,311 INFO  - Vehicle is outside the detection area. (at simulation time 219.600,000,000 s)
2024-06-04 00:13:08,311 INFO  - Sent broadcast CAM message to all vehicles (at simulation time 219.600,000,000 s)
2024-06-04 00:13:08,311 INFO  - Received CAM message from veh_54 (at simulation time 219.600,400,000 s)
2024-06-04 00:13:08,311 INFO  - Received CAM message from veh_90 (at simulation time 219.600,900,000 s)
2024-06-04 00:13:08,312 INFO  - Received CAM message from veh_122 (at simulation time 219.602,400,000 s)
2024-06-04 00:13:08,312 INFO  - Received CAM message from veh_74 (at simulation time 219.602,400,000 s)
2024-06-04 00:13:08,312 INFO  - Atempting to process queue (at simulation time 219.700,000,000 s)
2024-06-04 00:13:08,312 INFO  - Vehicle is outside the detection area. (at simulation time 219.700,000,000 s)
2024-06-04 00:13:08,312 INFO  - Sent broadcast CAM message to all vehicles (at simulation time 219.700,000,000 s)
2024-06-04 00:13:08,313 INFO  - Received CAM message from veh_54 (at simulation time 219.700,400,000 s)
2024-06-04 00:13:08,313 INFO  - Received CAM message from veh_74 (at simulation time 219.701,400,000 s)
2024-06-04 00:13:08,313 INFO  - Received CAM message from veh_122 (at simulation time 219.701,900,000 s)
2024-06-04 00:13:08,313 INFO  - Received CAM message from veh_90 (at simulation time 219.701,900,000 s)
2024-06-04 00:13:08,314 INFO  - Atempting to process queue (at simulation time 219.800,000,000 s)
2024-06-04 00:13:08,314 INFO  - Vehicle is outside the detection area. (at simulation time 219.800,000,000 s)
2024-06-04 00:13:08,314 INFO  - Sent broadcast CAM message to all vehicles (at simulation time 219.800,000,000 s)
2024-06-04 00:13:08,314 INFO  - Received CAM message from veh_74 (at simulation time 219.800,900,000 s)
2024-06-04 00:13:08,314 INFO  - Received CAM message from veh_54 (at simulation time 219.801,400,000 s)
2024-06-04 00:13:08,315 INFO  - Received CAM message from veh_122 (at simulation time 219.801,900,000 s)
2024-06-04 00:13:08,315 INFO  - Received CAM message from veh_90 (at simulation time 219.801,900,000 s)
2024-06-04 00:13:08,315 INFO  - Atempting to process queue (at simulation time 219.900,000,000 s)
2024-06-04 00:13:08,315 INFO  - Vehicle is outside the detection area. (at simulation time 219.900,000,000 s)
2024-06-04 00:13:08,315 INFO  - Sent broadcast CAM message to all vehicles (at simulation time 219.900,000,000 s)
2024-06-04 00:13:08,316 INFO  - Received CAM message from veh_54 (at simulation time 219.901,400,000 s)
2024-06-04 00:13:08,317 INFO  - Received CAM message from veh_122 (at simulation time 219.901,900,000 s)
2024-06-04 00:13:08,317 INFO  - Received CAM message from veh_90 (at simulation time 219.901,900,000 s)
2024-06-04 00:13:08,317 INFO  - Received CAM message from veh_74 (at simulation time 219.902,400,000 s)
2024-06-04 00:13:08,321 INFO  - Atempting to process queue (at simulation time 220.000,000,000 s)
2024-06-04 00:13:08,321 INFO  - Vehicle is outside the detection area. (at simulation time 220.000,000,000 s)
2024-06-04 00:13:08,321 INFO  - Sent broadcast CAM message to all vehicles (at simulation time 220.000,000,000 s)
2024-06-04 00:13:08,323 INFO  - Received CAM message from veh_54 (at simulation time 220.001,400,000 s)
2024-06-04 00:13:08,324 INFO  - Received CAM message from veh_122 (at simulation time 220.001,900,000 s)
2024-06-04 00:13:08,324 INFO  - Received CAM message from veh_90 (at simulation time 220.001,900,000 s)
2024-06-04 00:13:08,324 INFO  - Atempting to process queue (at simulation time 220.100,000,000 s)
2024-06-04 00:13:08,324 INFO  - Vehicle is outside the detection area. (at simulation time 220.100,000,000 s)
2024-06-04 00:13:08,324 INFO  - Sent broadcast CAM message to all vehicles (at simulation time 220.100,000,000 s)
2024-06-04 00:13:08,326 INFO  - Received CAM message from veh_122 (at simulation time 220.101,900,000 s)
2024-06-04 00:13:08,326 INFO  - Received CAM message from veh_90 (at simulation time 220.101,900,000 s)
2024-06-04 00:13:08,326 INFO  - Received CAM message from veh_54 (at simulation time 220.101,900,000 s)
2024-06-04 00:13:08,326 INFO  - Atempting to process queue (at simulation time 220.200,000,000 s)
2024-06-04 00:13:08,326 INFO  - Vehicle is outside the detection area. (at simulation time 220.200,000,000 s)
2024-06-04 00:13:08,326 INFO  - Sent broadcast CAM message to all vehicles (at simulation time 220.200,000,000 s)
2024-06-04 00:13:08,328 INFO  - Received CAM message from veh_54 (at simulation time 220.201,400,000 s)
2024-06-04 00:13:08,328 INFO  - Received CAM message from veh_122 (at simulation time 220.202,400,000 s)
2024-06-04 00:13:08,328 INFO  - Received CAM message from veh_90 (at simulation time 220.202,400,000 s)
2024-06-04 00:13:08,328 INFO  - Atempting to process queue (at simulation time 220.300,000,000 s)
2024-06-04 00:13:08,328 INFO  - Vehicle is outside the detection area. (at simulation time 220.300,000,000 s)
2024-06-04 00:13:08,328 INFO  - Sent broadcast CAM message to all vehicles (at simulation time 220.300,000,000 s)
2024-06-04 00:13:08,329 INFO  - Received CAM message from veh_122 (at simulation time 220.301,400,000 s)
2024-06-04 00:13:08,330 INFO  - Received CAM message from veh_90 (at simulation time 220.301,900,000 s)
2024-06-04 00:13:08,330 INFO  - Received CAM message from veh_54 (at simulation time 220.302,400,000 s)
2024-06-04 00:13:08,330 INFO  - Atempting to process queue (at simulation time 220.400,000,000 s)
2024-06-04 00:13:08,330 INFO  - Vehicle is outside the detection area. (at simulation time 220.400,000,000 s)
2024-06-04 00:13:08,330 INFO  - Sent broadcast CAM message to all vehicles (at simulation time 220.400,000,000 s)
2024-06-04 00:13:08,331 INFO  - Received CAM message from veh_90 (at simulation time 220.401,400,000 s)
2024-06-04 00:13:08,332 INFO  - Received CAM message from veh_122 (at simulation time 220.401,900,000 s)
2024-06-04 00:13:08,332 INFO  - Received CAM message from veh_54 (at simulation time 220.401,900,000 s)
2024-06-04 00:13:08,332 INFO  - Atempting to process queue (at simulation time 220.500,000,000 s)
2024-06-04 00:13:08,332 INFO  - Vehicle is outside the detection area. (at simulation time 220.500,000,000 s)
2024-06-04 00:13:08,332 INFO  - Sent broadcast CAM message to all vehicles (at simulation time 220.500,000,000 s)
2024-06-04 00:13:08,333 INFO  - Received CAM message from veh_122 (at simulation time 220.500,400,000 s)
2024-06-04 00:13:08,333 INFO  - Received CAM message from veh_90 (at simulation time 220.500,900,000 s)
2024-06-04 00:13:08,333 INFO  - Received CAM message from veh_54 (at simulation time 220.502,400,000 s)
2024-06-04 00:13:08,333 INFO  - Atempting to process queue (at simulation time 220.600,000,000 s)
2024-06-04 00:13:08,333 INFO  - Vehicle is outside the detection area. (at simulation time 220.600,000,000 s)
2024-06-04 00:13:08,333 INFO  - Sent broadcast CAM message to all vehicles (at simulation time 220.600,000,000 s)
2024-06-04 00:13:08,334 INFO  - Received CAM message from veh_122 (at simulation time 220.600,900,000 s)
2024-06-04 00:13:08,334 INFO  - Received CAM message from veh_90 (at simulation time 220.601,400,000 s)
2024-06-04 00:13:08,335 INFO  - Received CAM message from veh_54 (at simulation time 220.601,400,000 s)
2024-06-04 00:13:08,335 INFO  - Atempting to process queue (at simulation time 220.700,000,000 s)
2024-06-04 00:13:08,335 INFO  - Vehicle is outside the detection area. (at simulation time 220.700,000,000 s)
2024-06-04 00:13:08,335 INFO  - Sent broadcast CAM message to all vehicles (at simulation time 220.700,000,000 s)
2024-06-04 00:13:08,336 INFO  - Received CAM message from veh_90 (at simulation time 220.700,900,000 s)
2024-06-04 00:13:08,336 INFO  - Received CAM message from veh_54 (at simulation time 220.701,900,000 s)
2024-06-04 00:13:08,337 INFO  - Received CAM message from veh_122 (at simulation time 220.702,400,000 s)
2024-06-04 00:13:08,337 INFO  - Atempting to process queue (at simulation time 220.800,000,000 s)
2024-06-04 00:13:08,337 INFO  - Vehicle is outside the detection area. (at simulation time 220.800,000,000 s)
2024-06-04 00:13:08,337 INFO  - Sent broadcast CAM message to all vehicles (at simulation time 220.800,000,000 s)
2024-06-04 00:13:08,338 INFO  - Received CAM message from veh_90 (at simulation time 220.800,900,000 s)
2024-06-04 00:13:08,338 INFO  - Received CAM message from veh_54 (at simulation time 220.801,400,000 s)
2024-06-04 00:13:08,338 INFO  - Received CAM message from veh_122 (at simulation time 220.801,900,000 s)
2024-06-04 00:13:08,338 INFO  - Atempting to process queue (at simulation time 220.900,000,000 s)
2024-06-04 00:13:08,338 INFO  - Vehicle is outside the detection area. (at simulation time 220.900,000,000 s)
2024-06-04 00:13:08,338 INFO  - Sent broadcast CAM message to all vehicles (at simulation time 220.900,000,000 s)
2024-06-04 00:13:08,339 INFO  - Received CAM message from veh_90 (at simulation time 220.900,900,000 s)
2024-06-04 00:13:08,340 INFO  - Received CAM message from veh_54 (at simulation time 220.901,900,000 s)
2024-06-04 00:13:08,340 INFO  - Received CAM message from veh_122 (at simulation time 220.902,400,000 s)
2024-06-04 00:13:08,343 INFO  - Atempting to process queue (at simulation time 221.000,000,000 s)
2024-06-04 00:13:08,343 INFO  - Vehicle is outside the detection area. (at simulation time 221.000,000,000 s)
2024-06-04 00:13:08,343 INFO  - Sent broadcast CAM message to all vehicles (at simulation time 221.000,000,000 s)
2024-06-04 00:13:08,345 INFO  - Received CAM message from veh_90 (at simulation time 221.000,400,000 s)
2024-06-04 00:13:08,345 INFO  - Received CAM message from veh_54 (at simulation time 221.001,400,000 s)
2024-06-04 00:13:08,345 INFO  - Received CAM message from veh_122 (at simulation time 221.001,900,000 s)
2024-06-04 00:13:08,346 INFO  - Atempting to process queue (at simulation time 221.100,000,000 s)
2024-06-04 00:13:08,346 INFO  - Vehicle is outside the detection area. (at simulation time 221.100,000,000 s)
2024-06-04 00:13:08,346 INFO  - Sent broadcast CAM message to all vehicles (at simulation time 221.100,000,000 s)
2024-06-04 00:13:08,346 INFO  - Received CAM message from veh_90 (at simulation time 221.100,400,000 s)
2024-06-04 00:13:08,347 INFO  - Received CAM message from veh_122 (at simulation time 221.101,900,000 s)
2024-06-04 00:13:08,347 INFO  - Received CAM message from veh_54 (at simulation time 221.101,900,000 s)
2024-06-04 00:13:08,347 INFO  - Atempting to process queue (at simulation time 221.200,000,000 s)
2024-06-04 00:13:08,347 INFO  - Vehicle is outside the detection area. (at simulation time 221.200,000,000 s)
2024-06-04 00:13:08,347 INFO  - Sent broadcast CAM message to all vehicles (at simulation time 221.200,000,000 s)
2024-06-04 00:13:08,349 INFO  - Received CAM message from veh_122 (at simulation time 221.201,400,000 s)
2024-06-04 00:13:08,349 INFO  - Received CAM message from veh_90 (at simulation time 221.201,900,000 s)
2024-06-04 00:13:08,350 INFO  - Received CAM message from veh_54 (at simulation time 221.202,400,000 s)
2024-06-04 00:13:08,350 INFO  - Atempting to process queue (at simulation time 221.300,000,000 s)
2024-06-04 00:13:08,350 INFO  - Vehicle is outside the detection area. (at simulation time 221.300,000,000 s)
2024-06-04 00:13:08,350 INFO  - Sent broadcast CAM message to all vehicles (at simulation time 221.300,000,000 s)
2024-06-04 00:13:08,351 INFO  - Received CAM message from veh_54 (at simulation time 221.300,400,000 s)
2024-06-04 00:13:08,351 INFO  - Received CAM message from veh_122 (at simulation time 221.301,400,000 s)
2024-06-04 00:13:08,351 INFO  - Received CAM message from veh_90 (at simulation time 221.301,400,000 s)
2024-06-04 00:13:08,351 INFO  - Atempting to process queue (at simulation time 221.400,000,000 s)
2024-06-04 00:13:08,351 INFO  - Vehicle is outside the detection area. (at simulation time 221.400,000,000 s)
2024-06-04 00:13:08,351 INFO  - Sent broadcast CAM message to all vehicles (at simulation time 221.400,000,000 s)
2024-06-04 00:13:08,352 INFO  - Received CAM message from veh_54 (at simulation time 221.400,400,000 s)
2024-06-04 00:13:08,353 INFO  - Received CAM message from veh_90 (at simulation time 221.401,400,000 s)
2024-06-04 00:13:08,353 INFO  - Received CAM message from veh_122 (at simulation time 221.402,400,000 s)
2024-06-04 00:13:08,353 INFO  - Atempting to process queue (at simulation time 221.500,000,000 s)
2024-06-04 00:13:08,353 INFO  - Vehicle is outside the detection area. (at simulation time 221.500,000,000 s)
2024-06-04 00:13:08,353 INFO  - Sent broadcast CAM message to all vehicles (at simulation time 221.500,000,000 s)
2024-06-04 00:13:08,355 INFO  - Received CAM message from veh_122 (at simulation time 221.501,400,000 s)
2024-06-04 00:13:08,355 INFO  - Received CAM message from veh_90 (at simulation time 221.501,900,000 s)
2024-06-04 00:13:08,355 INFO  - Received CAM message from veh_54 (at simulation time 221.501,900,000 s)
2024-06-04 00:13:08,355 INFO  - Atempting to process queue (at simulation time 221.600,000,000 s)
2024-06-04 00:13:08,355 INFO  - Vehicle is outside the detection area. (at simulation time 221.600,000,000 s)
2024-06-04 00:13:08,355 INFO  - Sent broadcast CAM message to all vehicles (at simulation time 221.600,000,000 s)
2024-06-04 00:13:08,356 INFO  - Received CAM message from veh_122 (at simulation time 221.600,400,000 s)
2024-06-04 00:13:08,356 INFO  - Received CAM message from veh_54 (at simulation time 221.600,400,000 s)
2024-06-04 00:13:08,357 INFO  - Received CAM message from veh_90 (at simulation time 221.602,400,000 s)
2024-06-04 00:13:08,357 INFO  - Atempting to process queue (at simulation time 221.700,000,000 s)
2024-06-04 00:13:08,357 INFO  - Vehicle is outside the detection area. (at simulation time 221.700,000,000 s)
2024-06-04 00:13:08,357 INFO  - Sent broadcast CAM message to all vehicles (at simulation time 221.700,000,000 s)
2024-06-04 00:13:08,358 INFO  - Received CAM message from veh_122 (at simulation time 221.701,400,000 s)
2024-06-04 00:13:08,358 INFO  - Received CAM message from veh_90 (at simulation time 221.701,900,000 s)
2024-06-04 00:13:08,358 INFO  - Received CAM message from veh_54 (at simulation time 221.701,900,000 s)
2024-06-04 00:13:08,358 INFO  - Atempting to process queue (at simulation time 221.800,000,000 s)
2024-06-04 00:13:08,358 INFO  - Vehicle is outside the detection area. (at simulation time 221.800,000,000 s)
2024-06-04 00:13:08,358 INFO  - Sent broadcast CAM message to all vehicles (at simulation time 221.800,000,000 s)
2024-06-04 00:13:08,359 INFO  - Received CAM message from veh_122 (at simulation time 221.800,400,000 s)
2024-06-04 00:13:08,359 INFO  - Received CAM message from veh_90 (at simulation time 221.800,400,000 s)
2024-06-04 00:13:08,359 INFO  - Received CAM message from veh_54 (at simulation time 221.800,900,000 s)
2024-06-04 00:13:08,360 INFO  - Atempting to process queue (at simulation time 221.900,000,000 s)
2024-06-04 00:13:08,360 INFO  - Vehicle is outside the detection area. (at simulation time 221.900,000,000 s)
2024-06-04 00:13:08,360 INFO  - Sent broadcast CAM message to all vehicles (at simulation time 221.900,000,000 s)
2024-06-04 00:13:08,361 INFO  - Received CAM message from veh_90 (at simulation time 221.900,400,000 s)
2024-06-04 00:13:08,361 INFO  - Received CAM message from veh_54 (at simulation time 221.900,400,000 s)
2024-06-04 00:13:08,362 INFO  - Received CAM message from veh_122 (at simulation time 221.901,900,000 s)
2024-06-04 00:13:08,365 INFO  - Atempting to process queue (at simulation time 222.000,000,000 s)
2024-06-04 00:13:08,365 INFO  - Vehicle is outside the detection area. (at simulation time 222.000,000,000 s)
2024-06-04 00:13:08,365 INFO  - Sent broadcast CAM message to all vehicles (at simulation time 222.000,000,000 s)
2024-06-04 00:13:08,369 INFO  - Received CAM message from veh_122 (at simulation time 222.002,400,000 s)
2024-06-04 00:13:08,369 INFO  - Atempting to process queue (at simulation time 222.100,000,000 s)
2024-06-04 00:13:08,369 INFO  - Vehicle is outside the detection area. (at simulation time 222.100,000,000 s)
2024-06-04 00:13:08,369 INFO  - Sent broadcast CAM message to all vehicles (at simulation time 222.100,000,000 s)
2024-06-04 00:13:08,370 INFO  - Received CAM message from veh_122 (at simulation time 222.102,400,000 s)
2024-06-04 00:13:08,370 INFO  - Atempting to process queue (at simulation time 222.200,000,000 s)
2024-06-04 00:13:08,370 INFO  - Vehicle is outside the detection area. (at simulation time 222.200,000,000 s)
2024-06-04 00:13:08,370 INFO  - Sent broadcast CAM message to all vehicles (at simulation time 222.200,000,000 s)
2024-06-04 00:13:08,374 INFO  - Received CAM message from veh_122 (at simulation time 222.201,900,000 s)
2024-06-04 00:13:08,387 INFO  - Atempting to process queue (at simulation time 222.300,000,000 s)
2024-06-04 00:13:08,387 INFO  - Vehicle is outside the detection area. (at simulation time 222.300,000,000 s)
2024-06-04 00:13:08,387 INFO  - Sent broadcast CAM message to all vehicles (at simulation time 222.300,000,000 s)
2024-06-04 00:13:08,389 INFO  - Received CAM message from veh_122 (at simulation time 222.301,400,000 s)
2024-06-04 00:13:08,389 INFO  - Atempting to process queue (at simulation time 222.400,000,000 s)
2024-06-04 00:13:08,389 INFO  - Vehicle is outside the detection area. (at simulation time 222.400,000,000 s)
2024-06-04 00:13:08,389 INFO  - Sent broadcast CAM message to all vehicles (at simulation time 222.400,000,000 s)
2024-06-04 00:13:08,390 INFO  - Received CAM message from veh_122 (at simulation time 222.400,900,000 s)
2024-06-04 00:13:08,391 INFO  - Atempting to process queue (at simulation time 222.500,000,000 s)
2024-06-04 00:13:08,391 INFO  - Vehicle is outside the detection area. (at simulation time 222.500,000,000 s)
2024-06-04 00:13:08,391 INFO  - Sent broadcast CAM message to all vehicles (at simulation time 222.500,000,000 s)
2024-06-04 00:13:08,392 INFO  - Received CAM message from veh_122 (at simulation time 222.500,900,000 s)
2024-06-04 00:13:08,393 INFO  - Atempting to process queue (at simulation time 222.600,000,000 s)
2024-06-04 00:13:08,393 INFO  - Vehicle is outside the detection area. (at simulation time 222.600,000,000 s)
2024-06-04 00:13:08,393 INFO  - Sent broadcast CAM message to all vehicles (at simulation time 222.600,000,000 s)
2024-06-04 00:13:08,395 INFO  - Received CAM message from veh_122 (at simulation time 222.602,400,000 s)
2024-06-04 00:13:08,396 INFO  - Atempting to process queue (at simulation time 222.700,000,000 s)
2024-06-04 00:13:08,396 INFO  - Vehicle is outside the detection area. (at simulation time 222.700,000,000 s)
2024-06-04 00:13:08,396 INFO  - Sent broadcast CAM message to all vehicles (at simulation time 222.700,000,000 s)
2024-06-04 00:13:08,397 INFO  - Received CAM message from veh_122 (at simulation time 222.701,400,000 s)
2024-06-04 00:13:08,397 INFO  - Atempting to process queue (at simulation time 222.800,000,000 s)
2024-06-04 00:13:08,397 INFO  - Vehicle is outside the detection area. (at simulation time 222.800,000,000 s)
2024-06-04 00:13:08,397 INFO  - Sent broadcast CAM message to all vehicles (at simulation time 222.800,000,000 s)
2024-06-04 00:13:08,398 INFO  - Received CAM message from veh_122 (at simulation time 222.800,900,000 s)
2024-06-04 00:13:08,399 INFO  - Atempting to process queue (at simulation time 222.900,000,000 s)
2024-06-04 00:13:08,399 INFO  - Vehicle is outside the detection area. (at simulation time 222.900,000,000 s)
2024-06-04 00:13:08,399 INFO  - Sent broadcast CAM message to all vehicles (at simulation time 222.900,000,000 s)
2024-06-04 00:13:08,400 INFO  - Received CAM message from veh_122 (at simulation time 222.902,400,000 s)
2024-06-04 00:13:08,407 INFO  - Atempting to process queue (at simulation time 223.000,000,000 s)
2024-06-04 00:13:08,407 INFO  - Vehicle is outside the detection area. (at simulation time 223.000,000,000 s)
2024-06-04 00:13:08,407 INFO  - Sent broadcast CAM message to all vehicles (at simulation time 223.000,000,000 s)
2024-06-04 00:13:08,409 INFO  - Received CAM message from veh_122 (at simulation time 223.002,400,000 s)
2024-06-04 00:13:08,409 INFO  - Atempting to process queue (at simulation time 223.100,000,000 s)
2024-06-04 00:13:08,409 INFO  - Vehicle is outside the detection area. (at simulation time 223.100,000,000 s)
2024-06-04 00:13:08,409 INFO  - Sent broadcast CAM message to all vehicles (at simulation time 223.100,000,000 s)
2024-06-04 00:13:08,410 INFO  - Received CAM message from veh_122 (at simulation time 223.100,900,000 s)
2024-06-04 00:13:08,410 INFO  - Atempting to process queue (at simulation time 223.200,000,000 s)
2024-06-04 00:13:08,410 INFO  - Vehicle is outside the detection area. (at simulation time 223.200,000,000 s)
2024-06-04 00:13:08,410 INFO  - Sent broadcast CAM message to all vehicles (at simulation time 223.200,000,000 s)
2024-06-04 00:13:08,411 INFO  - Received CAM message from veh_122 (at simulation time 223.200,400,000 s)
2024-06-04 00:13:08,412 INFO  - Atempting to process queue (at simulation time 223.300,000,000 s)
2024-06-04 00:13:08,412 INFO  - Vehicle is outside the detection area. (at simulation time 223.300,000,000 s)
2024-06-04 00:13:08,412 INFO  - Sent broadcast CAM message to all vehicles (at simulation time 223.300,000,000 s)
2024-06-04 00:13:08,412 INFO  - Received CAM message from veh_122 (at simulation time 223.300,900,000 s)
2024-06-04 00:13:08,413 INFO  - Atempting to process queue (at simulation time 223.400,000,000 s)
2024-06-04 00:13:08,413 INFO  - Vehicle is outside the detection area. (at simulation time 223.400,000,000 s)
2024-06-04 00:13:08,413 INFO  - Sent broadcast CAM message to all vehicles (at simulation time 223.400,000,000 s)
2024-06-04 00:13:08,415 INFO  - Received CAM message from veh_122 (at simulation time 223.402,400,000 s)
2024-06-04 00:13:08,415 INFO  - Atempting to process queue (at simulation time 223.500,000,000 s)
2024-06-04 00:13:08,415 INFO  - Vehicle is outside the detection area. (at simulation time 223.500,000,000 s)
2024-06-04 00:13:08,415 INFO  - Sent broadcast CAM message to all vehicles (at simulation time 223.500,000,000 s)
2024-06-04 00:13:08,416 INFO  - Received CAM message from veh_122 (at simulation time 223.500,400,000 s)
2024-06-04 00:13:08,417 INFO  - Atempting to process queue (at simulation time 223.600,000,000 s)
2024-06-04 00:13:08,417 INFO  - Vehicle is outside the detection area. (at simulation time 223.600,000,000 s)
2024-06-04 00:13:08,417 INFO  - Sent broadcast CAM message to all vehicles (at simulation time 223.600,000,000 s)
2024-06-04 00:13:08,418 INFO  - Received CAM message from veh_122 (at simulation time 223.601,400,000 s)
2024-06-04 00:13:08,419 INFO  - Atempting to process queue (at simulation time 223.700,000,000 s)
2024-06-04 00:13:08,419 INFO  - Vehicle is outside the detection area. (at simulation time 223.700,000,000 s)
2024-06-04 00:13:08,419 INFO  - Sent broadcast CAM message to all vehicles (at simulation time 223.700,000,000 s)
2024-06-04 00:13:08,420 INFO  - Received CAM message from veh_122 (at simulation time 223.701,900,000 s)
2024-06-04 00:13:08,420 INFO  - Atempting to process queue (at simulation time 223.800,000,000 s)
2024-06-04 00:13:08,420 INFO  - Vehicle is outside the detection area. (at simulation time 223.800,000,000 s)
2024-06-04 00:13:08,420 INFO  - Sent broadcast CAM message to all vehicles (at simulation time 223.800,000,000 s)
2024-06-04 00:13:08,421 INFO  - Received CAM message from veh_122 (at simulation time 223.800,400,000 s)
2024-06-04 00:13:08,422 INFO  - Atempting to process queue (at simulation time 223.900,000,000 s)
2024-06-04 00:13:08,422 INFO  - Vehicle is outside the detection area. (at simulation time 223.900,000,000 s)
2024-06-04 00:13:08,422 INFO  - Sent broadcast CAM message to all vehicles (at simulation time 223.900,000,000 s)
2024-06-04 00:13:08,423 INFO  - Received CAM message from veh_122 (at simulation time 223.902,400,000 s)
2024-06-04 00:13:08,426 INFO  - Atempting to process queue (at simulation time 224.000,000,000 s)
2024-06-04 00:13:08,426 INFO  - Vehicle is outside the detection area. (at simulation time 224.000,000,000 s)
2024-06-04 00:13:08,426 INFO  - Sent broadcast CAM message to all vehicles (at simulation time 224.000,000,000 s)
2024-06-04 00:13:08,427 INFO  - Received CAM message from veh_122 (at simulation time 224.000,400,000 s)
2024-06-04 00:13:08,427 INFO  - Atempting to process queue (at simulation time 224.100,000,000 s)
2024-06-04 00:13:08,427 INFO  - Vehicle is outside the detection area. (at simulation time 224.100,000,000 s)
2024-06-04 00:13:08,427 INFO  - Sent broadcast CAM message to all vehicles (at simulation time 224.100,000,000 s)
2024-06-04 00:13:08,428 INFO  - Received CAM message from veh_122 (at simulation time 224.101,400,000 s)
2024-06-04 00:13:08,429 INFO  - Atempting to process queue (at simulation time 224.200,000,000 s)
2024-06-04 00:13:08,429 INFO  - Vehicle is outside the detection area. (at simulation time 224.200,000,000 s)
2024-06-04 00:13:08,429 INFO  - Sent broadcast CAM message to all vehicles (at simulation time 224.200,000,000 s)
2024-06-04 00:13:08,430 INFO  - Received CAM message from veh_122 (at simulation time 224.201,900,000 s)
2024-06-04 00:13:08,430 INFO  - Atempting to process queue (at simulation time 224.300,000,000 s)
2024-06-04 00:13:08,430 INFO  - Vehicle is outside the detection area. (at simulation time 224.300,000,000 s)
2024-06-04 00:13:08,430 INFO  - Sent broadcast CAM message to all vehicles (at simulation time 224.300,000,000 s)
2024-06-04 00:13:08,431 INFO  - Received CAM message from veh_122 (at simulation time 224.300,900,000 s)
2024-06-04 00:13:08,432 INFO  - Atempting to process queue (at simulation time 224.400,000,000 s)
2024-06-04 00:13:08,432 INFO  - Vehicle is outside the detection area. (at simulation time 224.400,000,000 s)
2024-06-04 00:13:08,432 INFO  - Sent broadcast CAM message to all vehicles (at simulation time 224.400,000,000 s)
2024-06-04 00:13:08,434 INFO  - Received CAM message from veh_122 (at simulation time 224.401,900,000 s)
2024-06-04 00:13:08,435 INFO  - Atempting to process queue (at simulation time 224.500,000,000 s)
2024-06-04 00:13:08,435 INFO  - Vehicle is outside the detection area. (at simulation time 224.500,000,000 s)
2024-06-04 00:13:08,435 INFO  - Sent broadcast CAM message to all vehicles (at simulation time 224.500,000,000 s)
2024-06-04 00:13:08,436 INFO  - Received CAM message from veh_122 (at simulation time 224.501,900,000 s)
2024-06-04 00:13:08,436 INFO  - Atempting to process queue (at simulation time 224.600,000,000 s)
2024-06-04 00:13:08,436 INFO  - Vehicle is outside the detection area. (at simulation time 224.600,000,000 s)
2024-06-04 00:13:08,436 INFO  - Sent broadcast CAM message to all vehicles (at simulation time 224.600,000,000 s)
2024-06-04 00:13:08,438 INFO  - Received CAM message from veh_122 (at simulation time 224.602,400,000 s)
2024-06-04 00:13:08,438 INFO  - Atempting to process queue (at simulation time 224.700,000,000 s)
2024-06-04 00:13:08,438 INFO  - Vehicle is outside the detection area. (at simulation time 224.700,000,000 s)
2024-06-04 00:13:08,438 INFO  - Sent broadcast CAM message to all vehicles (at simulation time 224.700,000,000 s)
2024-06-04 00:13:08,440 INFO  - Received CAM message from veh_122 (at simulation time 224.702,400,000 s)
2024-06-04 00:13:08,440 INFO  - Atempting to process queue (at simulation time 224.800,000,000 s)
2024-06-04 00:13:08,440 INFO  - Vehicle is outside the detection area. (at simulation time 224.800,000,000 s)
2024-06-04 00:13:08,440 INFO  - Sent broadcast CAM message to all vehicles (at simulation time 224.800,000,000 s)
2024-06-04 00:13:08,440 INFO  - Received CAM message from veh_122 (at simulation time 224.800,400,000 s)
2024-06-04 00:13:08,442 INFO  - Atempting to process queue (at simulation time 224.900,000,000 s)
2024-06-04 00:13:08,442 INFO  - Vehicle is outside the detection area. (at simulation time 224.900,000,000 s)
2024-06-04 00:13:08,442 INFO  - Sent broadcast CAM message to all vehicles (at simulation time 224.900,000,000 s)
2024-06-04 00:13:08,443 INFO  - Received CAM message from veh_122 (at simulation time 224.901,900,000 s)
2024-06-04 00:13:08,447 INFO  - Atempting to process queue (at simulation time 225.000,000,000 s)
2024-06-04 00:13:08,447 INFO  - Vehicle is outside the detection area. (at simulation time 225.000,000,000 s)
2024-06-04 00:13:08,447 INFO  - Sent broadcast CAM message to all vehicles (at simulation time 225.000,000,000 s)
2024-06-04 00:13:08,450 INFO  - Atempting to process queue (at simulation time 225.100,000,000 s)
2024-06-04 00:13:08,450 INFO  - Vehicle is outside the detection area. (at simulation time 225.100,000,000 s)
2024-06-04 00:13:08,450 INFO  - Sent broadcast CAM message to all vehicles (at simulation time 225.100,000,000 s)
2024-06-04 00:13:08,452 INFO  - Atempting to process queue (at simulation time 225.200,000,000 s)
2024-06-04 00:13:08,452 INFO  - Vehicle is outside the detection area. (at simulation time 225.200,000,000 s)
2024-06-04 00:13:08,452 INFO  - Sent broadcast CAM message to all vehicles (at simulation time 225.200,000,000 s)
2024-06-04 00:13:08,453 INFO  - Atempting to process queue (at simulation time 225.300,000,000 s)
2024-06-04 00:13:08,453 INFO  - Vehicle is outside the detection area. (at simulation time 225.300,000,000 s)
2024-06-04 00:13:08,453 INFO  - Sent broadcast CAM message to all vehicles (at simulation time 225.300,000,000 s)
2024-06-04 00:13:08,455 INFO  - Atempting to process queue (at simulation time 225.400,000,000 s)
2024-06-04 00:13:08,455 INFO  - Vehicle is outside the detection area. (at simulation time 225.400,000,000 s)
2024-06-04 00:13:08,455 INFO  - Sent broadcast CAM message to all vehicles (at simulation time 225.400,000,000 s)
2024-06-04 00:13:08,456 INFO  - Atempting to process queue (at simulation time 225.500,000,000 s)
2024-06-04 00:13:08,456 INFO  - Vehicle is outside the detection area. (at simulation time 225.500,000,000 s)
2024-06-04 00:13:08,456 INFO  - Sent broadcast CAM message to all vehicles (at simulation time 225.500,000,000 s)
2024-06-04 00:13:08,457 INFO  - Atempting to process queue (at simulation time 225.600,000,000 s)
2024-06-04 00:13:08,457 INFO  - Vehicle is outside the detection area. (at simulation time 225.600,000,000 s)
2024-06-04 00:13:08,457 INFO  - Sent broadcast CAM message to all vehicles (at simulation time 225.600,000,000 s)
2024-06-04 00:13:08,459 INFO  - Atempting to process queue (at simulation time 225.700,000,000 s)
2024-06-04 00:13:08,459 INFO  - Vehicle is outside the detection area. (at simulation time 225.700,000,000 s)
2024-06-04 00:13:08,459 INFO  - Sent broadcast CAM message to all vehicles (at simulation time 225.700,000,000 s)
2024-06-04 00:13:08,460 INFO  - Atempting to process queue (at simulation time 225.800,000,000 s)
2024-06-04 00:13:08,460 INFO  - Vehicle is outside the detection area. (at simulation time 225.800,000,000 s)
2024-06-04 00:13:08,460 INFO  - Sent broadcast CAM message to all vehicles (at simulation time 225.800,000,000 s)
2024-06-04 00:13:08,461 INFO  - Atempting to process queue (at simulation time 225.900,000,000 s)
2024-06-04 00:13:08,461 INFO  - Vehicle is outside the detection area. (at simulation time 225.900,000,000 s)
2024-06-04 00:13:08,461 INFO  - Sent broadcast CAM message to all vehicles (at simulation time 225.900,000,000 s)
2024-06-04 00:13:08,464 INFO  - Shutdown application (at simulation time 226.000,000,000 s)
