2024-06-04 00:13:08,930 INFO  - Initialize application (at simulation time 247.000,000,000 s)
2024-06-04 00:13:08,931 INFO  - Activated WLAN Module (at simulation time 247.000,000,000 s)
2024-06-04 00:13:08,931 INFO  - Vehicle is outside the detection area. (at simulation time 247.000,000,000 s)
2024-06-04 00:13:08,931 INFO  - Sent broadcast CAM message to all vehicles (at simulation time 247.000,000,000 s)
2024-06-04 00:13:08,934 INFO  - Vehicle is outside the detection area. (at simulation time 247.100,000,000 s)
2024-06-04 00:13:08,934 INFO  - Sent broadcast CAM message to all vehicles (at simulation time 247.100,000,000 s)
2024-06-04 00:13:08,936 INFO  - Vehicle is outside the detection area. (at simulation time 247.200,000,000 s)
2024-06-04 00:13:08,936 INFO  - Sent broadcast CAM message to all vehicles (at simulation time 247.200,000,000 s)
2024-06-04 00:13:08,937 INFO  - Vehicle is outside the detection area. (at simulation time 247.300,000,000 s)
2024-06-04 00:13:08,937 INFO  - Sent broadcast CAM message to all vehicles (at simulation time 247.300,000,000 s)
2024-06-04 00:13:08,939 INFO  - Vehicle is outside the detection area. (at simulation time 247.400,000,000 s)
2024-06-04 00:13:08,939 INFO  - Sent broadcast CAM message to all vehicles (at simulation time 247.400,000,000 s)
2024-06-04 00:13:08,940 INFO  - Vehicle is outside the detection area. (at simulation time 247.500,000,000 s)
2024-06-04 00:13:08,940 INFO  - Sent broadcast CAM message to all vehicles (at simulation time 247.500,000,000 s)
2024-06-04 00:13:08,942 INFO  - Vehicle is outside the detection area. (at simulation time 247.600,000,000 s)
2024-06-04 00:13:08,942 INFO  - Sent broadcast CAM message to all vehicles (at simulation time 247.600,000,000 s)
2024-06-04 00:13:08,944 INFO  - Vehicle is outside the detection area. (at simulation time 247.700,000,000 s)
2024-06-04 00:13:08,944 INFO  - Sent broadcast CAM message to all vehicles (at simulation time 247.700,000,000 s)
2024-06-04 00:13:08,945 INFO  - Vehicle is outside the detection area. (at simulation time 247.800,000,000 s)
2024-06-04 00:13:08,946 INFO  - Sent broadcast CAM message to all vehicles (at simulation time 247.800,000,000 s)
2024-06-04 00:13:08,948 INFO  - Vehicle is outside the detection area. (at simulation time 247.900,000,000 s)
2024-06-04 00:13:08,948 INFO  - Sent broadcast CAM message to all vehicles (at simulation time 247.900,000,000 s)
2024-06-04 00:13:08,952 INFO  - Vehicle is outside the detection area. (at simulation time 248.000,000,000 s)
2024-06-04 00:13:08,952 INFO  - Sent broadcast CAM message to all vehicles (at simulation time 248.000,000,000 s)
2024-06-04 00:13:08,956 INFO  - Vehicle is outside the detection area. (at simulation time 248.100,000,000 s)
2024-06-04 00:13:08,956 INFO  - Sent broadcast CAM message to all vehicles (at simulation time 248.100,000,000 s)
2024-06-04 00:13:08,957 INFO  - Vehicle is outside the detection area. (at simulation time 248.200,000,000 s)
2024-06-04 00:13:08,957 INFO  - Sent broadcast CAM message to all vehicles (at simulation time 248.200,000,000 s)
2024-06-04 00:13:08,960 INFO  - Vehicle is outside the detection area. (at simulation time 248.300,000,000 s)
2024-06-04 00:13:08,960 INFO  - Sent broadcast CAM message to all vehicles (at simulation time 248.300,000,000 s)
2024-06-04 00:13:08,962 INFO  - Vehicle is outside the detection area. (at simulation time 248.400,000,000 s)
2024-06-04 00:13:08,962 INFO  - Sent broadcast CAM message to all vehicles (at simulation time 248.400,000,000 s)
2024-06-04 00:13:08,963 INFO  - Vehicle is outside the detection area. (at simulation time 248.500,000,000 s)
2024-06-04 00:13:08,963 INFO  - Sent broadcast CAM message to all vehicles (at simulation time 248.500,000,000 s)
2024-06-04 00:13:08,965 INFO  - Vehicle is outside the detection area. (at simulation time 248.600,000,000 s)
2024-06-04 00:13:08,966 INFO  - Sent broadcast CAM message to all vehicles (at simulation time 248.600,000,000 s)
2024-06-04 00:13:08,968 INFO  - Vehicle is outside the detection area. (at simulation time 248.700,000,000 s)
2024-06-04 00:13:08,968 INFO  - Sent broadcast CAM message to all vehicles (at simulation time 248.700,000,000 s)
2024-06-04 00:13:08,970 INFO  - Vehicle is outside the detection area. (at simulation time 248.800,000,000 s)
2024-06-04 00:13:08,970 INFO  - Sent broadcast CAM message to all vehicles (at simulation time 248.800,000,000 s)
2024-06-04 00:13:08,971 INFO  - Vehicle is outside the detection area. (at simulation time 248.900,000,000 s)
2024-06-04 00:13:08,971 INFO  - Sent broadcast CAM message to all vehicles (at simulation time 248.900,000,000 s)
2024-06-04 00:13:09,078 INFO  - Vehicle is inside the detection area. (at simulation time 249.000,000,000 s)
2024-06-04 00:13:09,078 INFO  - Vehicle is too far away from the traffic light. (at simulation time 249.000,000,000 s)
2024-06-04 00:13:09,078 INFO  - No vehicles in range. (at simulation time 249.000,000,000 s)
2024-06-04 00:13:09,078 INFO  - Neither the RSU nor any vehicle is in range. (at simulation time 249.000,000,000 s)
2024-06-04 00:13:09,078 INFO  - Sent broadcast CAM message to all vehicles (at simulation time 249.000,000,000 s)
2024-06-04 00:13:09,080 INFO  - Vehicle is inside the detection area. (at simulation time 249.100,000,000 s)
2024-06-04 00:13:09,080 INFO  - Vehicle is too far away from the traffic light. (at simulation time 249.100,000,000 s)
2024-06-04 00:13:09,080 INFO  - No vehicles in range. (at simulation time 249.100,000,000 s)
2024-06-04 00:13:09,080 INFO  - Neither the RSU nor any vehicle is in range. (at simulation time 249.100,000,000 s)
2024-06-04 00:13:09,080 INFO  - Sent broadcast CAM message to all vehicles (at simulation time 249.100,000,000 s)
2024-06-04 00:13:09,081 INFO  - Vehicle is inside the detection area. (at simulation time 249.200,000,000 s)
2024-06-04 00:13:09,081 INFO  - Vehicle is too far away from the traffic light. (at simulation time 249.200,000,000 s)
2024-06-04 00:13:09,081 INFO  - No vehicles in range. (at simulation time 249.200,000,000 s)
2024-06-04 00:13:09,081 INFO  - Neither the RSU nor any vehicle is in range. (at simulation time 249.200,000,000 s)
2024-06-04 00:13:09,081 INFO  - Sent broadcast CAM message to all vehicles (at simulation time 249.200,000,000 s)
2024-06-04 00:13:09,083 INFO  - Vehicle is inside the detection area. (at simulation time 249.300,000,000 s)
2024-06-04 00:13:09,083 INFO  - Vehicle is too far away from the traffic light. (at simulation time 249.300,000,000 s)
2024-06-04 00:13:09,083 INFO  - No vehicles in range. (at simulation time 249.300,000,000 s)
2024-06-04 00:13:09,083 INFO  - Neither the RSU nor any vehicle is in range. (at simulation time 249.300,000,000 s)
2024-06-04 00:13:09,083 INFO  - Sent broadcast CAM message to all vehicles (at simulation time 249.300,000,000 s)
2024-06-04 00:13:09,084 INFO  - Vehicle is inside the detection area. (at simulation time 249.400,000,000 s)
2024-06-04 00:13:09,084 INFO  - Vehicle is too far away from the traffic light. (at simulation time 249.400,000,000 s)
2024-06-04 00:13:09,084 INFO  - No vehicles in range. (at simulation time 249.400,000,000 s)
2024-06-04 00:13:09,084 INFO  - Neither the RSU nor any vehicle is in range. (at simulation time 249.400,000,000 s)
2024-06-04 00:13:09,084 INFO  - Sent broadcast CAM message to all vehicles (at simulation time 249.400,000,000 s)
2024-06-04 00:13:09,086 INFO  - Vehicle is inside the detection area. (at simulation time 249.500,000,000 s)
2024-06-04 00:13:09,086 INFO  - Vehicle is too far away from the traffic light. (at simulation time 249.500,000,000 s)
2024-06-04 00:13:09,086 INFO  - No vehicles in range. (at simulation time 249.500,000,000 s)
2024-06-04 00:13:09,086 INFO  - Neither the RSU nor any vehicle is in range. (at simulation time 249.500,000,000 s)
2024-06-04 00:13:09,086 INFO  - Sent broadcast CAM message to all vehicles (at simulation time 249.500,000,000 s)
2024-06-04 00:13:09,087 INFO  - Vehicle is inside the detection area. (at simulation time 249.600,000,000 s)
2024-06-04 00:13:09,087 INFO  - Vehicle is too far away from the traffic light. (at simulation time 249.600,000,000 s)
2024-06-04 00:13:09,087 INFO  - No vehicles in range. (at simulation time 249.600,000,000 s)
2024-06-04 00:13:09,087 INFO  - Neither the RSU nor any vehicle is in range. (at simulation time 249.600,000,000 s)
2024-06-04 00:13:09,087 INFO  - Sent broadcast CAM message to all vehicles (at simulation time 249.600,000,000 s)
2024-06-04 00:13:09,089 INFO  - Vehicle is inside the detection area. (at simulation time 249.700,000,000 s)
2024-06-04 00:13:09,089 INFO  - Vehicle is too far away from the traffic light. (at simulation time 249.700,000,000 s)
2024-06-04 00:13:09,089 INFO  - No vehicles in range. (at simulation time 249.700,000,000 s)
2024-06-04 00:13:09,089 INFO  - Neither the RSU nor any vehicle is in range. (at simulation time 249.700,000,000 s)
2024-06-04 00:13:09,089 INFO  - Sent broadcast CAM message to all vehicles (at simulation time 249.700,000,000 s)
2024-06-04 00:13:09,090 INFO  - Vehicle is inside the detection area. (at simulation time 249.800,000,000 s)
2024-06-04 00:13:09,090 INFO  - Vehicle is too far away from the traffic light. (at simulation time 249.800,000,000 s)
2024-06-04 00:13:09,090 INFO  - No vehicles in range. (at simulation time 249.800,000,000 s)
2024-06-04 00:13:09,090 INFO  - Neither the RSU nor any vehicle is in range. (at simulation time 249.800,000,000 s)
2024-06-04 00:13:09,090 INFO  - Sent broadcast CAM message to all vehicles (at simulation time 249.800,000,000 s)
2024-06-04 00:13:09,091 INFO  - Vehicle is inside the detection area. (at simulation time 249.900,000,000 s)
2024-06-04 00:13:09,091 INFO  - Vehicle is too far away from the traffic light. (at simulation time 249.900,000,000 s)
2024-06-04 00:13:09,091 INFO  - No vehicles in range. (at simulation time 249.900,000,000 s)
2024-06-04 00:13:09,091 INFO  - Neither the RSU nor any vehicle is in range. (at simulation time 249.900,000,000 s)
2024-06-04 00:13:09,091 INFO  - Sent broadcast CAM message to all vehicles (at simulation time 249.900,000,000 s)
2024-06-04 00:13:09,096 INFO  - Vehicle is inside the detection area. (at simulation time 250.000,000,000 s)
2024-06-04 00:13:09,096 INFO  - Vehicle is too far away from the traffic light. (at simulation time 250.000,000,000 s)
2024-06-04 00:13:09,096 INFO  - No vehicles in range. (at simulation time 250.000,000,000 s)
2024-06-04 00:13:09,096 INFO  - Neither the RSU nor any vehicle is in range. (at simulation time 250.000,000,000 s)
2024-06-04 00:13:09,096 INFO  - Sent broadcast CAM message to all vehicles (at simulation time 250.000,000,000 s)
2024-06-04 00:13:09,097 INFO  - Received CAM message from veh_140 (at simulation time 250.001,900,000 s)
2024-06-04 00:13:09,097 INFO  - Atempting to process queue (at simulation time 250.100,000,000 s)
2024-06-04 00:13:09,097 INFO  - Vehicle is inside the detection area. (at simulation time 250.100,000,000 s)
2024-06-04 00:13:09,097 INFO  - Vehicle is too far away from the traffic light. (at simulation time 250.100,000,000 s)
2024-06-04 00:13:09,097 INFO  - Sent Detection message to veh_140 (at simulation time 250.100,000,000 s)
2024-06-04 00:13:09,097 INFO  - Sent broadcast CAM message to all vehicles (at simulation time 250.100,000,000 s)
2024-06-04 00:13:09,099 INFO  - Received CAM message from veh_140 (at simulation time 250.102,400,000 s)
2024-06-04 00:13:09,099 INFO  - Atempting to process queue (at simulation time 250.200,000,000 s)
2024-06-04 00:13:09,099 INFO  - Vehicle is inside the detection area. (at simulation time 250.200,000,000 s)
2024-06-04 00:13:09,099 INFO  - Vehicle is too far away from the traffic light. (at simulation time 250.200,000,000 s)
2024-06-04 00:13:09,099 INFO  - Sent Detection message to veh_140 (at simulation time 250.200,000,000 s)
2024-06-04 00:13:09,099 INFO  - Sent broadcast CAM message to all vehicles (at simulation time 250.200,000,000 s)
2024-06-04 00:13:09,099 INFO  - Received CAM message from veh_140 (at simulation time 250.200,900,000 s)
2024-06-04 00:13:09,100 INFO  - Atempting to process queue (at simulation time 250.300,000,000 s)
2024-06-04 00:13:09,100 INFO  - Vehicle is inside the detection area. (at simulation time 250.300,000,000 s)
2024-06-04 00:13:09,100 INFO  - Vehicle is too far away from the traffic light. (at simulation time 250.300,000,000 s)
2024-06-04 00:13:09,100 INFO  - Sent Detection message to veh_140 (at simulation time 250.300,000,000 s)
2024-06-04 00:13:09,100 INFO  - Sent broadcast CAM message to all vehicles (at simulation time 250.300,000,000 s)
2024-06-04 00:13:09,101 INFO  - Received CAM message from veh_140 (at simulation time 250.301,400,000 s)
2024-06-04 00:13:09,102 INFO  - Atempting to process queue (at simulation time 250.400,000,000 s)
2024-06-04 00:13:09,102 INFO  - Vehicle is inside the detection area. (at simulation time 250.400,000,000 s)
2024-06-04 00:13:09,102 INFO  - Vehicle is too far away from the traffic light. (at simulation time 250.400,000,000 s)
2024-06-04 00:13:09,102 INFO  - Sent Detection message to veh_140 (at simulation time 250.400,000,000 s)
2024-06-04 00:13:09,102 INFO  - Sent broadcast CAM message to all vehicles (at simulation time 250.400,000,000 s)
2024-06-04 00:13:09,102 INFO  - Received CAM message from veh_140 (at simulation time 250.400,900,000 s)
2024-06-04 00:13:09,103 INFO  - Atempting to process queue (at simulation time 250.500,000,000 s)
2024-06-04 00:13:09,103 INFO  - Vehicle is inside the detection area. (at simulation time 250.500,000,000 s)
2024-06-04 00:13:09,103 INFO  - Vehicle is too far away from the traffic light. (at simulation time 250.500,000,000 s)
2024-06-04 00:13:09,103 INFO  - Sent Detection message to veh_140 (at simulation time 250.500,000,000 s)
2024-06-04 00:13:09,103 INFO  - Sent broadcast CAM message to all vehicles (at simulation time 250.500,000,000 s)
2024-06-04 00:13:09,104 INFO  - Received CAM message from veh_140 (at simulation time 250.502,400,000 s)
2024-06-04 00:13:09,104 INFO  - Atempting to process queue (at simulation time 250.600,000,000 s)
2024-06-04 00:13:09,104 INFO  - Vehicle is inside the detection area. (at simulation time 250.600,000,000 s)
2024-06-04 00:13:09,104 INFO  - Vehicle is too far away from the traffic light. (at simulation time 250.600,000,000 s)
2024-06-04 00:13:09,104 INFO  - Sent Detection message to veh_140 (at simulation time 250.600,000,000 s)
2024-06-04 00:13:09,104 INFO  - Sent broadcast CAM message to all vehicles (at simulation time 250.600,000,000 s)
2024-06-04 00:13:09,106 INFO  - Received CAM message from veh_140 (at simulation time 250.602,400,000 s)
2024-06-04 00:13:09,106 INFO  - Atempting to process queue (at simulation time 250.700,000,000 s)
2024-06-04 00:13:09,106 INFO  - Vehicle is inside the detection area. (at simulation time 250.700,000,000 s)
2024-06-04 00:13:09,106 INFO  - Vehicle is too far away from the traffic light. (at simulation time 250.700,000,000 s)
2024-06-04 00:13:09,106 INFO  - Sent Detection message to veh_140 (at simulation time 250.700,000,000 s)
2024-06-04 00:13:09,106 INFO  - Sent broadcast CAM message to all vehicles (at simulation time 250.700,000,000 s)
2024-06-04 00:13:09,107 INFO  - Received CAM message from veh_140 (at simulation time 250.700,900,000 s)
2024-06-04 00:13:09,107 INFO  - Atempting to process queue (at simulation time 250.800,000,000 s)
2024-06-04 00:13:09,107 INFO  - Vehicle is inside the detection area. (at simulation time 250.800,000,000 s)
2024-06-04 00:13:09,107 INFO  - Vehicle is too far away from the traffic light. (at simulation time 250.800,000,000 s)
2024-06-04 00:13:09,107 INFO  - Sent Detection message to veh_140 (at simulation time 250.800,000,000 s)
2024-06-04 00:13:09,107 INFO  - Sent broadcast CAM message to all vehicles (at simulation time 250.800,000,000 s)
2024-06-04 00:13:09,108 INFO  - Received CAM message from veh_140 (at simulation time 250.801,400,000 s)
2024-06-04 00:13:09,109 INFO  - Atempting to process queue (at simulation time 250.900,000,000 s)
2024-06-04 00:13:09,109 INFO  - Vehicle is inside the detection area. (at simulation time 250.900,000,000 s)
2024-06-04 00:13:09,109 INFO  - Vehicle is too far away from the traffic light. (at simulation time 250.900,000,000 s)
2024-06-04 00:13:09,109 INFO  - Sent Detection message to veh_140 (at simulation time 250.900,000,000 s)
2024-06-04 00:13:09,109 INFO  - Sent broadcast CAM message to all vehicles (at simulation time 250.900,000,000 s)
2024-06-04 00:13:09,109 INFO  - Received CAM message from veh_140 (at simulation time 250.900,400,000 s)
2024-06-04 00:13:09,112 INFO  - Atempting to process queue (at simulation time 251.000,000,000 s)
2024-06-04 00:13:09,112 INFO  - Vehicle is inside the detection area. (at simulation time 251.000,000,000 s)
2024-06-04 00:13:09,112 INFO  - Sent Detection message to rsu_0 (at simulation time 251.000,000,000 s)
2024-06-04 00:13:09,112 INFO  - Sent broadcast CAM message to all vehicles (at simulation time 251.000,000,000 s)
2024-06-04 00:13:09,114 INFO  - Received CAM message from veh_70 (at simulation time 251.000,400,000 s)
2024-06-04 00:13:09,114 INFO  - Received CAM message from veh_140 (at simulation time 251.000,900,000 s)
2024-06-04 00:13:09,114 INFO  - Received CAM message from veh_99 (at simulation time 251.001,400,000 s)
2024-06-04 00:13:09,115 INFO  - Atempting to process queue (at simulation time 251.100,000,000 s)
2024-06-04 00:13:09,115 INFO  - Vehicle is inside the detection area. (at simulation time 251.100,000,000 s)
2024-06-04 00:13:09,115 INFO  - Sent Detection message to rsu_0 (at simulation time 251.100,000,000 s)
2024-06-04 00:13:09,115 INFO  - Sent broadcast CAM message to all vehicles (at simulation time 251.100,000,000 s)
2024-06-04 00:13:09,115 INFO  - Received CAM message from veh_70 (at simulation time 251.100,400,000 s)
2024-06-04 00:13:09,116 INFO  - Received CAM message from veh_140 (at simulation time 251.101,400,000 s)
2024-06-04 00:13:09,116 INFO  - Received CAM message from veh_99 (at simulation time 251.101,400,000 s)
2024-06-04 00:13:09,116 INFO  - Atempting to process queue (at simulation time 251.200,000,000 s)
2024-06-04 00:13:09,116 INFO  - Vehicle is inside the detection area. (at simulation time 251.200,000,000 s)
2024-06-04 00:13:09,116 INFO  - Sent Detection message to rsu_0 (at simulation time 251.200,000,000 s)
2024-06-04 00:13:09,116 INFO  - Sent broadcast CAM message to all vehicles (at simulation time 251.200,000,000 s)
2024-06-04 00:13:09,117 INFO  - Received CAM message from veh_99 (at simulation time 251.200,900,000 s)
2024-06-04 00:13:09,117 INFO  - Received CAM message from veh_140 (at simulation time 251.201,900,000 s)
2024-06-04 00:13:09,117 INFO  - Received CAM message from veh_70 (at simulation time 251.201,900,000 s)
2024-06-04 00:13:09,118 INFO  - Atempting to process queue (at simulation time 251.300,000,000 s)
2024-06-04 00:13:09,118 INFO  - Vehicle is inside the detection area. (at simulation time 251.300,000,000 s)
2024-06-04 00:13:09,118 INFO  - Sent Detection message to rsu_0 (at simulation time 251.300,000,000 s)
2024-06-04 00:13:09,118 INFO  - Sent broadcast CAM message to all vehicles (at simulation time 251.300,000,000 s)
2024-06-04 00:13:09,118 INFO  - Received CAM message from veh_140 (at simulation time 251.300,400,000 s)
2024-06-04 00:13:09,118 INFO  - Received CAM message from veh_70 (at simulation time 251.301,400,000 s)
2024-06-04 00:13:09,119 INFO  - Received CAM message from veh_99 (at simulation time 251.301,900,000 s)
2024-06-04 00:13:09,119 INFO  - Atempting to process queue (at simulation time 251.400,000,000 s)
2024-06-04 00:13:09,119 INFO  - Vehicle is inside the detection area. (at simulation time 251.400,000,000 s)
2024-06-04 00:13:09,119 INFO  - Sent Detection message to rsu_0 (at simulation time 251.400,000,000 s)
2024-06-04 00:13:09,119 INFO  - Sent broadcast CAM message to all vehicles (at simulation time 251.400,000,000 s)
2024-06-04 00:13:09,120 INFO  - Received CAM message from veh_70 (at simulation time 251.400,900,000 s)
2024-06-04 00:13:09,120 INFO  - Received CAM message from veh_99 (at simulation time 251.401,400,000 s)
2024-06-04 00:13:09,120 INFO  - Received CAM message from veh_140 (at simulation time 251.401,900,000 s)
2024-06-04 00:13:09,120 INFO  - Atempting to process queue (at simulation time 251.500,000,000 s)
2024-06-04 00:13:09,120 INFO  - Vehicle is inside the detection area. (at simulation time 251.500,000,000 s)
2024-06-04 00:13:09,120 INFO  - Sent Detection message to rsu_0 (at simulation time 251.500,000,000 s)
2024-06-04 00:13:09,120 INFO  - Sent broadcast CAM message to all vehicles (at simulation time 251.500,000,000 s)
2024-06-04 00:13:09,121 INFO  - Received CAM message from veh_140 (at simulation time 251.501,400,000 s)
2024-06-04 00:13:09,121 INFO  - Received CAM message from veh_99 (at simulation time 251.501,900,000 s)
2024-06-04 00:13:09,121 INFO  - Received CAM message from veh_70 (at simulation time 251.502,400,000 s)
2024-06-04 00:13:09,121 INFO  - Atempting to process queue (at simulation time 251.600,000,000 s)
2024-06-04 00:13:09,121 INFO  - Vehicle is inside the detection area. (at simulation time 251.600,000,000 s)
2024-06-04 00:13:09,121 INFO  - Sent Detection message to rsu_0 (at simulation time 251.600,000,000 s)
2024-06-04 00:13:09,121 INFO  - Sent broadcast CAM message to all vehicles (at simulation time 251.600,000,000 s)
2024-06-04 00:13:09,122 INFO  - Received CAM message from veh_140 (at simulation time 251.600,900,000 s)
2024-06-04 00:13:09,123 INFO  - Received CAM message from veh_99 (at simulation time 251.601,900,000 s)
2024-06-04 00:13:09,123 INFO  - Received CAM message from veh_70 (at simulation time 251.602,400,000 s)
2024-06-04 00:13:09,123 INFO  - Atempting to process queue (at simulation time 251.700,000,000 s)
2024-06-04 00:13:09,123 INFO  - Vehicle is inside the detection area. (at simulation time 251.700,000,000 s)
2024-06-04 00:13:09,123 INFO  - Sent Detection message to rsu_0 (at simulation time 251.700,000,000 s)
2024-06-04 00:13:09,123 INFO  - Sent broadcast CAM message to all vehicles (at simulation time 251.700,000,000 s)
2024-06-04 00:13:09,123 INFO  - Received CAM message from veh_140 (at simulation time 251.700,400,000 s)
2024-06-04 00:13:09,124 INFO  - Received CAM message from veh_99 (at simulation time 251.702,400,000 s)
2024-06-04 00:13:09,124 INFO  - Received CAM message from veh_70 (at simulation time 251.702,400,000 s)
2024-06-04 00:13:09,124 INFO  - Atempting to process queue (at simulation time 251.800,000,000 s)
2024-06-04 00:13:09,124 INFO  - Vehicle is inside the detection area. (at simulation time 251.800,000,000 s)
2024-06-04 00:13:09,124 INFO  - Sent Detection message to rsu_0 (at simulation time 251.800,000,000 s)
2024-06-04 00:13:09,124 INFO  - Sent broadcast CAM message to all vehicles (at simulation time 251.800,000,000 s)
2024-06-04 00:13:09,125 INFO  - Received CAM message from veh_140 (at simulation time 251.801,900,000 s)
2024-06-04 00:13:09,125 INFO  - Received CAM message from veh_99 (at simulation time 251.801,900,000 s)
2024-06-04 00:13:09,125 INFO  - Received CAM message from veh_70 (at simulation time 251.801,900,000 s)
2024-06-04 00:13:09,125 INFO  - Atempting to process queue (at simulation time 251.900,000,000 s)
2024-06-04 00:13:09,125 INFO  - Vehicle is inside the detection area. (at simulation time 251.900,000,000 s)
2024-06-04 00:13:09,125 INFO  - Sent Detection message to rsu_0 (at simulation time 251.900,000,000 s)
2024-06-04 00:13:09,125 INFO  - Sent broadcast CAM message to all vehicles (at simulation time 251.900,000,000 s)
2024-06-04 00:13:09,126 INFO  - Received CAM message from veh_140 (at simulation time 251.900,900,000 s)
2024-06-04 00:13:09,126 INFO  - Received CAM message from veh_99 (at simulation time 251.902,400,000 s)
2024-06-04 00:13:09,126 INFO  - Received CAM message from veh_70 (at simulation time 251.902,400,000 s)
2024-06-04 00:13:09,129 INFO  - Atempting to process queue (at simulation time 252.000,000,000 s)
2024-06-04 00:13:09,129 INFO  - Vehicle is inside the detection area. (at simulation time 252.000,000,000 s)
2024-06-04 00:13:09,129 INFO  - Sent Detection message to rsu_0 (at simulation time 252.000,000,000 s)
2024-06-04 00:13:09,129 INFO  - Sent broadcast CAM message to all vehicles (at simulation time 252.000,000,000 s)
2024-06-04 00:13:09,131 INFO  - Received CAM message from veh_70 (at simulation time 252.000,900,000 s)
2024-06-04 00:13:09,131 INFO  - Received CAM message from veh_140 (at simulation time 252.001,400,000 s)
2024-06-04 00:13:09,131 INFO  - Received CAM message from veh_99 (at simulation time 252.001,400,000 s)
2024-06-04 00:13:09,131 INFO  - Received CAM message from veh_81 (at simulation time 252.001,900,000 s)
2024-06-04 00:13:09,131 INFO  - Received CAM message from veh_87 (at simulation time 252.002,400,000 s)
2024-06-04 00:13:09,131 INFO  - Received CAM message from veh_78 (at simulation time 252.002,400,000 s)
2024-06-04 00:13:09,131 INFO  - Atempting to process queue (at simulation time 252.100,000,000 s)
2024-06-04 00:13:09,131 INFO  - Vehicle is inside the detection area. (at simulation time 252.100,000,000 s)
2024-06-04 00:13:09,131 INFO  - Sent Detection message to rsu_0 (at simulation time 252.100,000,000 s)
2024-06-04 00:13:09,131 INFO  - Sent broadcast CAM message to all vehicles (at simulation time 252.100,000,000 s)
2024-06-04 00:13:09,132 INFO  - Received CAM message from veh_87 (at simulation time 252.100,400,000 s)
2024-06-04 00:13:09,132 INFO  - Received CAM message from veh_78 (at simulation time 252.100,400,000 s)
2024-06-04 00:13:09,132 INFO  - Received CAM message from veh_99 (at simulation time 252.100,900,000 s)
2024-06-04 00:13:09,132 INFO  - Received CAM message from veh_70 (at simulation time 252.100,900,000 s)
2024-06-04 00:13:09,132 INFO  - Received CAM message from veh_140 (at simulation time 252.102,400,000 s)
2024-06-04 00:13:09,132 INFO  - Received CAM message from veh_81 (at simulation time 252.102,400,000 s)
2024-06-04 00:13:09,132 INFO  - Atempting to process queue (at simulation time 252.200,000,000 s)
2024-06-04 00:13:09,132 INFO  - Vehicle is inside the detection area. (at simulation time 252.200,000,000 s)
2024-06-04 00:13:09,132 INFO  - Sent Detection message to rsu_0 (at simulation time 252.200,000,000 s)
2024-06-04 00:13:09,132 INFO  - Sent broadcast CAM message to all vehicles (at simulation time 252.200,000,000 s)
2024-06-04 00:13:09,133 INFO  - Received CAM message from veh_140 (at simulation time 252.201,400,000 s)
2024-06-04 00:13:09,133 INFO  - Received CAM message from veh_99 (at simulation time 252.201,900,000 s)
2024-06-04 00:13:09,133 INFO  - Received CAM message from veh_78 (at simulation time 252.201,900,000 s)
2024-06-04 00:13:09,134 INFO  - Received CAM message from veh_87 (at simulation time 252.202,400,000 s)
2024-06-04 00:13:09,134 INFO  - Received CAM message from veh_81 (at simulation time 252.202,400,000 s)
2024-06-04 00:13:09,134 INFO  - Received CAM message from veh_70 (at simulation time 252.202,400,000 s)
2024-06-04 00:13:09,134 INFO  - Atempting to process queue (at simulation time 252.300,000,000 s)
2024-06-04 00:13:09,134 INFO  - Vehicle is inside the detection area. (at simulation time 252.300,000,000 s)
2024-06-04 00:13:09,134 INFO  - Sent Detection message to rsu_0 (at simulation time 252.300,000,000 s)
2024-06-04 00:13:09,134 INFO  - Sent broadcast CAM message to all vehicles (at simulation time 252.300,000,000 s)
2024-06-04 00:13:09,135 INFO  - Received CAM message from veh_70 (at simulation time 252.300,400,000 s)
2024-06-04 00:13:09,135 INFO  - Received CAM message from veh_140 (at simulation time 252.300,900,000 s)
2024-06-04 00:13:09,135 INFO  - Received CAM message from veh_81 (at simulation time 252.301,400,000 s)
2024-06-04 00:13:09,135 INFO  - Received CAM message from veh_78 (at simulation time 252.301,400,000 s)
2024-06-04 00:13:09,135 INFO  - Received CAM message from veh_99 (at simulation time 252.301,900,000 s)
2024-06-04 00:13:09,135 INFO  - Received CAM message from veh_87 (at simulation time 252.301,900,000 s)
2024-06-04 00:13:09,135 INFO  - Atempting to process queue (at simulation time 252.400,000,000 s)
2024-06-04 00:13:09,135 INFO  - Vehicle is inside the detection area. (at simulation time 252.400,000,000 s)
2024-06-04 00:13:09,135 INFO  - Sent Detection message to rsu_0 (at simulation time 252.400,000,000 s)
2024-06-04 00:13:09,135 INFO  - Sent broadcast CAM message to all vehicles (at simulation time 252.400,000,000 s)
2024-06-04 00:13:09,136 INFO  - Received CAM message from veh_140 (at simulation time 252.400,400,000 s)
2024-06-04 00:13:09,136 INFO  - Received CAM message from veh_81 (at simulation time 252.400,400,000 s)
2024-06-04 00:13:09,136 INFO  - Received CAM message from veh_70 (at simulation time 252.400,400,000 s)
2024-06-04 00:13:09,136 INFO  - Received CAM message from veh_87 (at simulation time 252.401,400,000 s)
2024-06-04 00:13:09,136 INFO  - Received CAM message from veh_99 (at simulation time 252.402,400,000 s)
2024-06-04 00:13:09,136 INFO  - Received CAM message from veh_78 (at simulation time 252.402,400,000 s)
2024-06-04 00:13:09,136 INFO  - Atempting to process queue (at simulation time 252.500,000,000 s)
2024-06-04 00:13:09,137 INFO  - Vehicle is inside the detection area. (at simulation time 252.500,000,000 s)
2024-06-04 00:13:09,137 INFO  - Sent Detection message to rsu_0 (at simulation time 252.500,000,000 s)
2024-06-04 00:13:09,137 INFO  - Sent broadcast CAM message to all vehicles (at simulation time 252.500,000,000 s)
2024-06-04 00:13:09,138 INFO  - Received CAM message from veh_81 (at simulation time 252.500,400,000 s)
2024-06-04 00:13:09,138 INFO  - Received CAM message from veh_70 (at simulation time 252.500,400,000 s)
2024-06-04 00:13:09,140 INFO  - Received Control message from rsu_0 to veh_143 (at simulation time 252.500,900,000 s)
2024-06-04 00:13:09,140 INFO  - Current route: 1, lane: 0 (at simulation time 252.500,900,000 s)
2024-06-04 00:13:09,140 INFO  - Vehicle position: GeoPoint{lat=40.743506,lon=-73.988441,alt=0.00} (at simulation time 252.500,900,000 s)
2024-06-04 00:13:09,141 INFO  - Received CAM message from veh_78 (at simulation time 252.501,400,000 s)
2024-06-04 00:13:09,141 INFO  - Received CAM message from veh_140 (at simulation time 252.501,900,000 s)
2024-06-04 00:13:09,141 INFO  - Received CAM message from veh_87 (at simulation time 252.501,900,000 s)
2024-06-04 00:13:09,142 INFO  - Received CAM message from veh_99 (at simulation time 252.502,400,000 s)
2024-06-04 00:13:09,154 INFO  - Atempting to process queue (at simulation time 252.600,000,000 s)
2024-06-04 00:13:09,154 INFO  - Vehicle is inside the detection area. (at simulation time 252.600,000,000 s)
2024-06-04 00:13:09,154 INFO  - Sent Detection message to rsu_0 (at simulation time 252.600,000,000 s)
2024-06-04 00:13:09,154 INFO  - Sent broadcast CAM message to all vehicles (at simulation time 252.600,000,000 s)
2024-06-04 00:13:09,155 INFO  - Received CAM message from veh_99 (at simulation time 252.600,400,000 s)
2024-06-04 00:13:09,155 INFO  - Received CAM message from veh_81 (at simulation time 252.600,900,000 s)
2024-06-04 00:13:09,155 INFO  - Received CAM message from veh_87 (at simulation time 252.601,400,000 s)
2024-06-04 00:13:09,155 INFO  - Received CAM message from veh_78 (at simulation time 252.601,400,000 s)
2024-06-04 00:13:09,155 INFO  - Received CAM message from veh_70 (at simulation time 252.601,400,000 s)
2024-06-04 00:13:09,155 INFO  - Received CAM message from veh_140 (at simulation time 252.601,900,000 s)
2024-06-04 00:13:09,155 INFO  - Atempting to process queue (at simulation time 252.700,000,000 s)
2024-06-04 00:13:09,155 INFO  - Vehicle is inside the detection area. (at simulation time 252.700,000,000 s)
2024-06-04 00:13:09,155 INFO  - Sent Detection message to rsu_0 (at simulation time 252.700,000,000 s)
2024-06-04 00:13:09,155 INFO  - Sent broadcast CAM message to all vehicles (at simulation time 252.700,000,000 s)
2024-06-04 00:13:09,156 INFO  - Received CAM message from veh_99 (at simulation time 252.700,400,000 s)
2024-06-04 00:13:09,157 INFO  - Received CAM message from veh_81 (at simulation time 252.700,900,000 s)
2024-06-04 00:13:09,157 INFO  - Received CAM message from veh_87 (at simulation time 252.701,400,000 s)
2024-06-04 00:13:09,157 INFO  - Received CAM message from veh_70 (at simulation time 252.701,400,000 s)
2024-06-04 00:13:09,157 INFO  - Received CAM message from veh_140 (at simulation time 252.702,400,000 s)
2024-06-04 00:13:09,157 INFO  - Received CAM message from veh_78 (at simulation time 252.702,400,000 s)
2024-06-04 00:13:09,157 INFO  - Atempting to process queue (at simulation time 252.800,000,000 s)
2024-06-04 00:13:09,157 INFO  - Vehicle is inside the detection area. (at simulation time 252.800,000,000 s)
2024-06-04 00:13:09,157 INFO  - Sent Detection message to rsu_0 (at simulation time 252.800,000,000 s)
2024-06-04 00:13:09,157 INFO  - Sent broadcast CAM message to all vehicles (at simulation time 252.800,000,000 s)
2024-06-04 00:13:09,157 INFO  - Received CAM message from veh_140 (at simulation time 252.800,400,000 s)
2024-06-04 00:13:09,158 INFO  - Received CAM message from veh_87 (at simulation time 252.800,400,000 s)
2024-06-04 00:13:09,158 INFO  - Received CAM message from veh_99 (at simulation time 252.800,900,000 s)
2024-06-04 00:13:09,158 INFO  - Received CAM message from veh_78 (at simulation time 252.800,900,000 s)
2024-06-04 00:13:09,158 INFO  - Received CAM message from veh_81 (at simulation time 252.801,900,000 s)
2024-06-04 00:13:09,158 INFO  - Received CAM message from veh_70 (at simulation time 252.801,900,000 s)
2024-06-04 00:13:09,158 INFO  - Atempting to process queue (at simulation time 252.900,000,000 s)
2024-06-04 00:13:09,158 INFO  - Vehicle is inside the detection area. (at simulation time 252.900,000,000 s)
2024-06-04 00:13:09,159 INFO  - Sent Detection message to rsu_0 (at simulation time 252.900,000,000 s)
2024-06-04 00:13:09,159 INFO  - Sent broadcast CAM message to all vehicles (at simulation time 252.900,000,000 s)
2024-06-04 00:13:09,159 INFO  - Received CAM message from veh_78 (at simulation time 252.900,900,000 s)
2024-06-04 00:13:09,159 INFO  - Received CAM message from veh_140 (at simulation time 252.901,400,000 s)
2024-06-04 00:13:09,159 INFO  - Received CAM message from veh_87 (at simulation time 252.901,400,000 s)
2024-06-04 00:13:09,159 INFO  - Received CAM message from veh_70 (at simulation time 252.901,400,000 s)
2024-06-04 00:13:09,160 INFO  - Received CAM message from veh_99 (at simulation time 252.902,400,000 s)
2024-06-04 00:13:09,160 INFO  - Received CAM message from veh_81 (at simulation time 252.902,400,000 s)
2024-06-04 00:13:09,165 INFO  - Atempting to process queue (at simulation time 253.000,000,000 s)
2024-06-04 00:13:09,165 INFO  - Vehicle is outside the detection area. (at simulation time 253.000,000,000 s)
2024-06-04 00:13:09,165 INFO  - Sent broadcast CAM message to all vehicles (at simulation time 253.000,000,000 s)
2024-06-04 00:13:09,167 INFO  - Received CAM message from veh_87 (at simulation time 253.000,400,000 s)
2024-06-04 00:13:09,167 INFO  - Received CAM message from veh_99 (at simulation time 253.000,900,000 s)
2024-06-04 00:13:09,167 INFO  - Received CAM message from veh_93 (at simulation time 253.000,900,000 s)
2024-06-04 00:13:09,167 INFO  - Received CAM message from veh_78 (at simulation time 253.000,900,000 s)
2024-06-04 00:13:09,167 INFO  - Received CAM message from veh_111 (at simulation time 253.001,400,000 s)
2024-06-04 00:13:09,167 INFO  - Received CAM message from veh_81 (at simulation time 253.001,900,000 s)
2024-06-04 00:13:09,167 INFO  - Received CAM message from veh_70 (at simulation time 253.001,900,000 s)
2024-06-04 00:13:09,167 INFO  - Received CAM message from veh_140 (at simulation time 253.002,400,000 s)
2024-06-04 00:13:09,167 INFO  - Atempting to process queue (at simulation time 253.100,000,000 s)
2024-06-04 00:13:09,167 INFO  - Vehicle is outside the detection area. (at simulation time 253.100,000,000 s)
2024-06-04 00:13:09,167 INFO  - Sent broadcast CAM message to all vehicles (at simulation time 253.100,000,000 s)
2024-06-04 00:13:09,168 INFO  - Received CAM message from veh_140 (at simulation time 253.100,400,000 s)
2024-06-04 00:13:09,168 INFO  - Received CAM message from veh_87 (at simulation time 253.100,400,000 s)
2024-06-04 00:13:09,168 INFO  - Received CAM message from veh_99 (at simulation time 253.101,400,000 s)
2024-06-04 00:13:09,168 INFO  - Received CAM message from veh_93 (at simulation time 253.101,400,000 s)
2024-06-04 00:13:09,168 INFO  - Received CAM message from veh_111 (at simulation time 253.101,900,000 s)
2024-06-04 00:13:09,168 INFO  - Received CAM message from veh_81 (at simulation time 253.101,900,000 s)
2024-06-04 00:13:09,168 INFO  - Received CAM message from veh_78 (at simulation time 253.101,900,000 s)
2024-06-04 00:13:09,169 INFO  - Received CAM message from veh_70 (at simulation time 253.102,400,000 s)
2024-06-04 00:13:09,169 INFO  - Atempting to process queue (at simulation time 253.200,000,000 s)
2024-06-04 00:13:09,169 INFO  - Vehicle is outside the detection area. (at simulation time 253.200,000,000 s)
2024-06-04 00:13:09,169 INFO  - Sent broadcast CAM message to all vehicles (at simulation time 253.200,000,000 s)
2024-06-04 00:13:09,169 INFO  - Received CAM message from veh_111 (at simulation time 253.200,400,000 s)
2024-06-04 00:13:09,169 INFO  - Received CAM message from veh_99 (at simulation time 253.200,400,000 s)
2024-06-04 00:13:09,169 INFO  - Received CAM message from veh_87 (at simulation time 253.200,400,000 s)
2024-06-04 00:13:09,169 INFO  - Received CAM message from veh_81 (at simulation time 253.200,400,000 s)
2024-06-04 00:13:09,169 INFO  - Received CAM message from veh_70 (at simulation time 253.200,400,000 s)
2024-06-04 00:13:09,170 INFO  - Received CAM message from veh_140 (at simulation time 253.201,900,000 s)
2024-06-04 00:13:09,170 INFO  - Received CAM message from veh_93 (at simulation time 253.201,900,000 s)
2024-06-04 00:13:09,170 INFO  - Received CAM message from veh_78 (at simulation time 253.201,900,000 s)
2024-06-04 00:13:09,170 INFO  - Atempting to process queue (at simulation time 253.300,000,000 s)
2024-06-04 00:13:09,170 INFO  - Vehicle is outside the detection area. (at simulation time 253.300,000,000 s)
2024-06-04 00:13:09,170 INFO  - Sent broadcast CAM message to all vehicles (at simulation time 253.300,000,000 s)
2024-06-04 00:13:09,170 INFO  - Received CAM message from veh_111 (at simulation time 253.300,400,000 s)
2024-06-04 00:13:09,170 INFO  - Received CAM message from veh_70 (at simulation time 253.300,400,000 s)
2024-06-04 00:13:09,171 INFO  - Received CAM message from veh_81 (at simulation time 253.300,900,000 s)
2024-06-04 00:13:09,171 INFO  - Received CAM message from veh_99 (at simulation time 253.301,400,000 s)
2024-06-04 00:13:09,171 INFO  - Received CAM message from veh_78 (at simulation time 253.301,400,000 s)
2024-06-04 00:13:09,171 INFO  - Received CAM message from veh_93 (at simulation time 253.301,900,000 s)
2024-06-04 00:13:09,171 INFO  - Received CAM message from veh_87 (at simulation time 253.301,900,000 s)
2024-06-04 00:13:09,171 INFO  - Received CAM message from veh_140 (at simulation time 253.302,400,000 s)
2024-06-04 00:13:09,171 INFO  - Atempting to process queue (at simulation time 253.400,000,000 s)
2024-06-04 00:13:09,171 INFO  - Vehicle is outside the detection area. (at simulation time 253.400,000,000 s)
2024-06-04 00:13:09,171 INFO  - Sent broadcast CAM message to all vehicles (at simulation time 253.400,000,000 s)
2024-06-04 00:13:09,172 INFO  - Received CAM message from veh_111 (at simulation time 253.400,400,000 s)
2024-06-04 00:13:09,172 INFO  - Received CAM message from veh_140 (at simulation time 253.400,900,000 s)
2024-06-04 00:13:09,172 INFO  - Received CAM message from veh_87 (at simulation time 253.401,400,000 s)
2024-06-04 00:13:09,172 INFO  - Received CAM message from veh_81 (at simulation time 253.401,400,000 s)
2024-06-04 00:13:09,172 INFO  - Received CAM message from veh_78 (at simulation time 253.401,400,000 s)
2024-06-04 00:13:09,173 INFO  - Received CAM message from veh_99 (at simulation time 253.401,900,000 s)
2024-06-04 00:13:09,173 INFO  - Received CAM message from veh_70 (at simulation time 253.401,900,000 s)
2024-06-04 00:13:09,173 INFO  - Received CAM message from veh_93 (at simulation time 253.402,400,000 s)
2024-06-04 00:13:09,173 INFO  - Atempting to process queue (at simulation time 253.500,000,000 s)
2024-06-04 00:13:09,173 INFO  - Vehicle is outside the detection area. (at simulation time 253.500,000,000 s)
2024-06-04 00:13:09,173 INFO  - Sent broadcast CAM message to all vehicles (at simulation time 253.500,000,000 s)
2024-06-04 00:13:09,174 INFO  - Received CAM message from veh_93 (at simulation time 253.500,900,000 s)
2024-06-04 00:13:09,174 INFO  - Received CAM message from veh_70 (at simulation time 253.500,900,000 s)
2024-06-04 00:13:09,174 INFO  - Received CAM message from veh_78 (at simulation time 253.501,400,000 s)
2024-06-04 00:13:09,174 INFO  - Received CAM message from veh_99 (at simulation time 253.501,900,000 s)
2024-06-04 00:13:09,174 INFO  - Received CAM message from veh_81 (at simulation time 253.501,900,000 s)
2024-06-04 00:13:09,174 INFO  - Received CAM message from veh_140 (at simulation time 253.502,400,000 s)
2024-06-04 00:13:09,174 INFO  - Received CAM message from veh_111 (at simulation time 253.502,400,000 s)
2024-06-04 00:13:09,174 INFO  - Received CAM message from veh_87 (at simulation time 253.502,400,000 s)
2024-06-04 00:13:09,174 INFO  - Atempting to process queue (at simulation time 253.600,000,000 s)
2024-06-04 00:13:09,174 INFO  - Vehicle is outside the detection area. (at simulation time 253.600,000,000 s)
2024-06-04 00:13:09,174 INFO  - Sent broadcast CAM message to all vehicles (at simulation time 253.600,000,000 s)
2024-06-04 00:13:09,175 INFO  - Received CAM message from veh_140 (at simulation time 253.600,400,000 s)
2024-06-04 00:13:09,175 INFO  - Received CAM message from veh_99 (at simulation time 253.600,900,000 s)
2024-06-04 00:13:09,175 INFO  - Received CAM message from veh_70 (at simulation time 253.600,900,000 s)
2024-06-04 00:13:09,175 INFO  - Received CAM message from veh_111 (at simulation time 253.601,400,000 s)
2024-06-04 00:13:09,176 INFO  - Received CAM message from veh_93 (at simulation time 253.601,900,000 s)
2024-06-04 00:13:09,176 INFO  - Received CAM message from veh_81 (at simulation time 253.601,900,000 s)
2024-06-04 00:13:09,176 INFO  - Received CAM message from veh_87 (at simulation time 253.602,400,000 s)
2024-06-04 00:13:09,176 INFO  - Received CAM message from veh_78 (at simulation time 253.602,400,000 s)
2024-06-04 00:13:09,176 INFO  - Atempting to process queue (at simulation time 253.700,000,000 s)
2024-06-04 00:13:09,176 INFO  - Vehicle is outside the detection area. (at simulation time 253.700,000,000 s)
2024-06-04 00:13:09,176 INFO  - Sent broadcast CAM message to all vehicles (at simulation time 253.700,000,000 s)
2024-06-04 00:13:09,177 INFO  - Received CAM message from veh_81 (at simulation time 253.700,900,000 s)
2024-06-04 00:13:09,177 INFO  - Received CAM message from veh_140 (at simulation time 253.701,400,000 s)
2024-06-04 00:13:09,177 INFO  - Received CAM message from veh_99 (at simulation time 253.701,400,000 s)
2024-06-04 00:13:09,177 INFO  - Received CAM message from veh_93 (at simulation time 253.701,400,000 s)
2024-06-04 00:13:09,177 INFO  - Received CAM message from veh_111 (at simulation time 253.701,900,000 s)
2024-06-04 00:13:09,177 INFO  - Received CAM message from veh_87 (at simulation time 253.701,900,000 s)
2024-06-04 00:13:09,177 INFO  - Received CAM message from veh_78 (at simulation time 253.701,900,000 s)
2024-06-04 00:13:09,177 INFO  - Received CAM message from veh_70 (at simulation time 253.701,900,000 s)
2024-06-04 00:13:09,177 INFO  - Atempting to process queue (at simulation time 253.800,000,000 s)
2024-06-04 00:13:09,177 INFO  - Vehicle is outside the detection area. (at simulation time 253.800,000,000 s)
2024-06-04 00:13:09,177 INFO  - Sent broadcast CAM message to all vehicles (at simulation time 253.800,000,000 s)
2024-06-04 00:13:09,179 INFO  - Received CAM message from veh_87 (at simulation time 253.800,900,000 s)
2024-06-04 00:13:09,179 INFO  - Received CAM message from veh_81 (at simulation time 253.800,900,000 s)
2024-06-04 00:13:09,179 INFO  - Received CAM message from veh_78 (at simulation time 253.800,900,000 s)
2024-06-04 00:13:09,179 INFO  - Received CAM message from veh_111 (at simulation time 253.801,400,000 s)
2024-06-04 00:13:09,179 INFO  - Received CAM message from veh_99 (at simulation time 253.801,400,000 s)
2024-06-04 00:13:09,179 INFO  - Received CAM message from veh_140 (at simulation time 253.801,900,000 s)
2024-06-04 00:13:09,179 INFO  - Received CAM message from veh_93 (at simulation time 253.801,900,000 s)
2024-06-04 00:13:09,179 INFO  - Received CAM message from veh_70 (at simulation time 253.802,400,000 s)
2024-06-04 00:13:09,179 INFO  - Atempting to process queue (at simulation time 253.900,000,000 s)
2024-06-04 00:13:09,179 INFO  - Vehicle is outside the detection area. (at simulation time 253.900,000,000 s)
2024-06-04 00:13:09,179 INFO  - Sent broadcast CAM message to all vehicles (at simulation time 253.900,000,000 s)
2024-06-04 00:13:09,180 INFO  - Received CAM message from veh_140 (at simulation time 253.901,400,000 s)
2024-06-04 00:13:09,180 INFO  - Received CAM message from veh_99 (at simulation time 253.901,400,000 s)
2024-06-04 00:13:09,180 INFO  - Received CAM message from veh_81 (at simulation time 253.901,400,000 s)
2024-06-04 00:13:09,180 INFO  - Received CAM message from veh_87 (at simulation time 253.901,900,000 s)
2024-06-04 00:13:09,180 INFO  - Received CAM message from veh_111 (at simulation time 253.902,400,000 s)
2024-06-04 00:13:09,181 INFO  - Received CAM message from veh_93 (at simulation time 253.902,400,000 s)
2024-06-04 00:13:09,181 INFO  - Received CAM message from veh_78 (at simulation time 253.902,400,000 s)
2024-06-04 00:13:09,181 INFO  - Received CAM message from veh_70 (at simulation time 253.902,400,000 s)
2024-06-04 00:13:09,183 INFO  - Atempting to process queue (at simulation time 254.000,000,000 s)
2024-06-04 00:13:09,183 INFO  - Vehicle is outside the detection area. (at simulation time 254.000,000,000 s)
2024-06-04 00:13:09,183 INFO  - Sent broadcast CAM message to all vehicles (at simulation time 254.000,000,000 s)
2024-06-04 00:13:09,184 INFO  - Received CAM message from veh_99 (at simulation time 254.000,400,000 s)
2024-06-04 00:13:09,184 INFO  - Received CAM message from veh_78 (at simulation time 254.000,400,000 s)
2024-06-04 00:13:09,184 INFO  - Received CAM message from veh_70 (at simulation time 254.000,400,000 s)
2024-06-04 00:13:09,184 INFO  - Received CAM message from veh_140 (at simulation time 254.000,900,000 s)
2024-06-04 00:13:09,185 INFO  - Received CAM message from veh_93 (at simulation time 254.001,900,000 s)
2024-06-04 00:13:09,185 INFO  - Received CAM message from veh_87 (at simulation time 254.002,400,000 s)
2024-06-04 00:13:09,185 INFO  - Atempting to process queue (at simulation time 254.100,000,000 s)
2024-06-04 00:13:09,185 INFO  - Vehicle is outside the detection area. (at simulation time 254.100,000,000 s)
2024-06-04 00:13:09,185 INFO  - Sent broadcast CAM message to all vehicles (at simulation time 254.100,000,000 s)
2024-06-04 00:13:09,185 INFO  - Received CAM message from veh_99 (at simulation time 254.100,400,000 s)
2024-06-04 00:13:09,186 INFO  - Received CAM message from veh_87 (at simulation time 254.101,400,000 s)
2024-06-04 00:13:09,186 INFO  - Received CAM message from veh_78 (at simulation time 254.101,400,000 s)
2024-06-04 00:13:09,186 INFO  - Received CAM message from veh_93 (at simulation time 254.101,900,000 s)
2024-06-04 00:13:09,186 INFO  - Received CAM message from veh_140 (at simulation time 254.102,400,000 s)
2024-06-04 00:13:09,186 INFO  - Received CAM message from veh_70 (at simulation time 254.102,400,000 s)
2024-06-04 00:13:09,186 INFO  - Atempting to process queue (at simulation time 254.200,000,000 s)
2024-06-04 00:13:09,186 INFO  - Vehicle is outside the detection area. (at simulation time 254.200,000,000 s)
2024-06-04 00:13:09,186 INFO  - Sent broadcast CAM message to all vehicles (at simulation time 254.200,000,000 s)
2024-06-04 00:13:09,186 INFO  - Received CAM message from veh_99 (at simulation time 254.200,400,000 s)
2024-06-04 00:13:09,187 INFO  - Received CAM message from veh_93 (at simulation time 254.200,900,000 s)
2024-06-04 00:13:09,187 INFO  - Received CAM message from veh_87 (at simulation time 254.200,900,000 s)
2024-06-04 00:13:09,187 INFO  - Received CAM message from veh_140 (at simulation time 254.201,400,000 s)
2024-06-04 00:13:09,187 INFO  - Received CAM message from veh_78 (at simulation time 254.201,400,000 s)
2024-06-04 00:13:09,187 INFO  - Received CAM message from veh_70 (at simulation time 254.202,400,000 s)
2024-06-04 00:13:09,187 INFO  - Atempting to process queue (at simulation time 254.300,000,000 s)
2024-06-04 00:13:09,187 INFO  - Vehicle is outside the detection area. (at simulation time 254.300,000,000 s)
2024-06-04 00:13:09,187 INFO  - Sent broadcast CAM message to all vehicles (at simulation time 254.300,000,000 s)
2024-06-04 00:13:09,188 INFO  - Received CAM message from veh_140 (at simulation time 254.300,900,000 s)
2024-06-04 00:13:09,188 INFO  - Received CAM message from veh_93 (at simulation time 254.301,400,000 s)
2024-06-04 00:13:09,188 INFO  - Received CAM message from veh_78 (at simulation time 254.301,400,000 s)
2024-06-04 00:13:09,188 INFO  - Received CAM message from veh_70 (at simulation time 254.301,400,000 s)
2024-06-04 00:13:09,188 INFO  - Received CAM message from veh_99 (at simulation time 254.301,900,000 s)
2024-06-04 00:13:09,188 INFO  - Received CAM message from veh_87 (at simulation time 254.301,900,000 s)
2024-06-04 00:13:09,188 INFO  - Atempting to process queue (at simulation time 254.400,000,000 s)
2024-06-04 00:13:09,188 INFO  - Vehicle is outside the detection area. (at simulation time 254.400,000,000 s)
2024-06-04 00:13:09,188 INFO  - Sent broadcast CAM message to all vehicles (at simulation time 254.400,000,000 s)
2024-06-04 00:13:09,189 INFO  - Received CAM message from veh_78 (at simulation time 254.400,400,000 s)
2024-06-04 00:13:09,189 INFO  - Received CAM message from veh_87 (at simulation time 254.400,900,000 s)
2024-06-04 00:13:09,189 INFO  - Received CAM message from veh_70 (at simulation time 254.400,900,000 s)
2024-06-04 00:13:09,189 INFO  - Received CAM message from veh_140 (at simulation time 254.401,400,000 s)
2024-06-04 00:13:09,190 INFO  - Received CAM message from veh_99 (at simulation time 254.401,900,000 s)
2024-06-04 00:13:09,190 INFO  - Received CAM message from veh_93 (at simulation time 254.402,400,000 s)
2024-06-04 00:13:09,190 INFO  - Atempting to process queue (at simulation time 254.500,000,000 s)
2024-06-04 00:13:09,190 INFO  - Vehicle is outside the detection area. (at simulation time 254.500,000,000 s)
2024-06-04 00:13:09,190 INFO  - Sent broadcast CAM message to all vehicles (at simulation time 254.500,000,000 s)
2024-06-04 00:13:09,190 INFO  - Received CAM message from veh_87 (at simulation time 254.500,400,000 s)
2024-06-04 00:13:09,190 INFO  - Received CAM message from veh_140 (at simulation time 254.500,900,000 s)
2024-06-04 00:13:09,191 INFO  - Received CAM message from veh_99 (at simulation time 254.501,900,000 s)
2024-06-04 00:13:09,191 INFO  - Received CAM message from veh_93 (at simulation time 254.501,900,000 s)
2024-06-04 00:13:09,191 INFO  - Received CAM message from veh_78 (at simulation time 254.502,400,000 s)
2024-06-04 00:13:09,191 INFO  - Received CAM message from veh_70 (at simulation time 254.502,400,000 s)
2024-06-04 00:13:09,191 INFO  - Atempting to process queue (at simulation time 254.600,000,000 s)
2024-06-04 00:13:09,191 INFO  - Vehicle is outside the detection area. (at simulation time 254.600,000,000 s)
2024-06-04 00:13:09,191 INFO  - Sent broadcast CAM message to all vehicles (at simulation time 254.600,000,000 s)
2024-06-04 00:13:09,192 INFO  - Received CAM message from veh_70 (at simulation time 254.600,400,000 s)
2024-06-04 00:13:09,192 INFO  - Received CAM message from veh_99 (at simulation time 254.600,900,000 s)
2024-06-04 00:13:09,192 INFO  - Received CAM message from veh_93 (at simulation time 254.600,900,000 s)
2024-06-04 00:13:09,192 INFO  - Received CAM message from veh_87 (at simulation time 254.601,900,000 s)
2024-06-04 00:13:09,192 INFO  - Received CAM message from veh_78 (at simulation time 254.601,900,000 s)
2024-06-04 00:13:09,192 INFO  - Received CAM message from veh_140 (at simulation time 254.602,400,000 s)
2024-06-04 00:13:09,192 INFO  - Atempting to process queue (at simulation time 254.700,000,000 s)
2024-06-04 00:13:09,192 INFO  - Vehicle is outside the detection area. (at simulation time 254.700,000,000 s)
2024-06-04 00:13:09,192 INFO  - Sent broadcast CAM message to all vehicles (at simulation time 254.700,000,000 s)
2024-06-04 00:13:09,193 INFO  - Received CAM message from veh_140 (at simulation time 254.700,400,000 s)
2024-06-04 00:13:09,194 INFO  - Received CAM message from veh_93 (at simulation time 254.701,400,000 s)
2024-06-04 00:13:09,194 INFO  - Received CAM message from veh_78 (at simulation time 254.701,900,000 s)
2024-06-04 00:13:09,194 INFO  - Received CAM message from veh_99 (at simulation time 254.702,400,000 s)
2024-06-04 00:13:09,194 INFO  - Received CAM message from veh_87 (at simulation time 254.702,400,000 s)
2024-06-04 00:13:09,194 INFO  - Received CAM message from veh_70 (at simulation time 254.702,400,000 s)
2024-06-04 00:13:09,194 INFO  - Atempting to process queue (at simulation time 254.800,000,000 s)
2024-06-04 00:13:09,194 INFO  - Vehicle is outside the detection area. (at simulation time 254.800,000,000 s)
2024-06-04 00:13:09,194 INFO  - Sent broadcast CAM message to all vehicles (at simulation time 254.800,000,000 s)
2024-06-04 00:13:09,195 INFO  - Received CAM message from veh_99 (at simulation time 254.800,400,000 s)
2024-06-04 00:13:09,195 INFO  - Received CAM message from veh_78 (at simulation time 254.800,400,000 s)
2024-06-04 00:13:09,195 INFO  - Received CAM message from veh_140 (at simulation time 254.801,900,000 s)
2024-06-04 00:13:09,196 INFO  - Received CAM message from veh_93 (at simulation time 254.802,400,000 s)
2024-06-04 00:13:09,196 INFO  - Received CAM message from veh_87 (at simulation time 254.802,400,000 s)
2024-06-04 00:13:09,196 INFO  - Received CAM message from veh_70 (at simulation time 254.802,400,000 s)
2024-06-04 00:13:09,196 INFO  - Atempting to process queue (at simulation time 254.900,000,000 s)
2024-06-04 00:13:09,196 INFO  - Vehicle is outside the detection area. (at simulation time 254.900,000,000 s)
2024-06-04 00:13:09,196 INFO  - Sent broadcast CAM message to all vehicles (at simulation time 254.900,000,000 s)
2024-06-04 00:13:09,197 INFO  - Received CAM message from veh_99 (at simulation time 254.900,900,000 s)
2024-06-04 00:13:09,197 INFO  - Received CAM message from veh_93 (at simulation time 254.901,400,000 s)
2024-06-04 00:13:09,197 INFO  - Received CAM message from veh_87 (at simulation time 254.901,400,000 s)
2024-06-04 00:13:09,197 INFO  - Received CAM message from veh_70 (at simulation time 254.901,400,000 s)
2024-06-04 00:13:09,197 INFO  - Received CAM message from veh_140 (at simulation time 254.901,900,000 s)
2024-06-04 00:13:09,197 INFO  - Received CAM message from veh_78 (at simulation time 254.902,400,000 s)
2024-06-04 00:13:09,202 INFO  - Atempting to process queue (at simulation time 255.000,000,000 s)
2024-06-04 00:13:09,202 INFO  - Vehicle is outside the detection area. (at simulation time 255.000,000,000 s)
2024-06-04 00:13:09,202 INFO  - Sent broadcast CAM message to all vehicles (at simulation time 255.000,000,000 s)
2024-06-04 00:13:09,203 INFO  - Received CAM message from veh_87 (at simulation time 255.000,400,000 s)
2024-06-04 00:13:09,203 INFO  - Received CAM message from veh_140 (at simulation time 255.001,400,000 s)
2024-06-04 00:13:09,203 INFO  - Received CAM message from veh_99 (at simulation time 255.002,400,000 s)
2024-06-04 00:13:09,203 INFO  - Received CAM message from veh_70 (at simulation time 255.002,400,000 s)
2024-06-04 00:13:09,203 INFO  - Atempting to process queue (at simulation time 255.100,000,000 s)
2024-06-04 00:13:09,203 INFO  - Vehicle is outside the detection area. (at simulation time 255.100,000,000 s)
2024-06-04 00:13:09,203 INFO  - Sent broadcast CAM message to all vehicles (at simulation time 255.100,000,000 s)
2024-06-04 00:13:09,204 INFO  - Received CAM message from veh_99 (at simulation time 255.100,400,000 s)
2024-06-04 00:13:09,204 INFO  - Received CAM message from veh_140 (at simulation time 255.100,900,000 s)
2024-06-04 00:13:09,204 INFO  - Received CAM message from veh_87 (at simulation time 255.100,900,000 s)
2024-06-04 00:13:09,204 INFO  - Received CAM message from veh_70 (at simulation time 255.101,900,000 s)
2024-06-04 00:13:09,204 INFO  - Atempting to process queue (at simulation time 255.200,000,000 s)
2024-06-04 00:13:09,204 INFO  - Vehicle is outside the detection area. (at simulation time 255.200,000,000 s)
2024-06-04 00:13:09,204 INFO  - Sent broadcast CAM message to all vehicles (at simulation time 255.200,000,000 s)
2024-06-04 00:13:09,205 INFO  - Received CAM message from veh_87 (at simulation time 255.201,400,000 s)
2024-06-04 00:13:09,205 INFO  - Received CAM message from veh_70 (at simulation time 255.201,400,000 s)
2024-06-04 00:13:09,206 INFO  - Received CAM message from veh_99 (at simulation time 255.201,900,000 s)
2024-06-04 00:13:09,206 INFO  - Received CAM message from veh_140 (at simulation time 255.202,400,000 s)
2024-06-04 00:13:09,206 INFO  - Atempting to process queue (at simulation time 255.300,000,000 s)
2024-06-04 00:13:09,206 INFO  - Vehicle is outside the detection area. (at simulation time 255.300,000,000 s)
2024-06-04 00:13:09,206 INFO  - Sent broadcast CAM message to all vehicles (at simulation time 255.300,000,000 s)
2024-06-04 00:13:09,206 INFO  - Received CAM message from veh_140 (at simulation time 255.300,400,000 s)
2024-06-04 00:13:09,206 INFO  - Received CAM message from veh_70 (at simulation time 255.300,400,000 s)
2024-06-04 00:13:09,206 INFO  - Received CAM message from veh_99 (at simulation time 255.300,900,000 s)
2024-06-04 00:13:09,207 INFO  - Received CAM message from veh_87 (at simulation time 255.302,400,000 s)
2024-06-04 00:13:09,207 INFO  - Atempting to process queue (at simulation time 255.400,000,000 s)
2024-06-04 00:13:09,207 INFO  - Vehicle is outside the detection area. (at simulation time 255.400,000,000 s)
2024-06-04 00:13:09,207 INFO  - Sent broadcast CAM message to all vehicles (at simulation time 255.400,000,000 s)
2024-06-04 00:13:09,207 INFO  - Received CAM message from veh_140 (at simulation time 255.400,400,000 s)
2024-06-04 00:13:09,207 INFO  - Received CAM message from veh_99 (at simulation time 255.400,400,000 s)
2024-06-04 00:13:09,207 INFO  - Received CAM message from veh_70 (at simulation time 255.400,900,000 s)
2024-06-04 00:13:09,208 INFO  - Received CAM message from veh_87 (at simulation time 255.401,400,000 s)
2024-06-04 00:13:09,208 INFO  - Atempting to process queue (at simulation time 255.500,000,000 s)
2024-06-04 00:13:09,208 INFO  - Vehicle is outside the detection area. (at simulation time 255.500,000,000 s)
2024-06-04 00:13:09,208 INFO  - Sent broadcast CAM message to all vehicles (at simulation time 255.500,000,000 s)
2024-06-04 00:13:09,209 INFO  - Received CAM message from veh_140 (at simulation time 255.500,900,000 s)
2024-06-04 00:13:09,209 INFO  - Received CAM message from veh_70 (at simulation time 255.501,400,000 s)
2024-06-04 00:13:09,209 INFO  - Received CAM message from veh_99 (at simulation time 255.502,400,000 s)
2024-06-04 00:13:09,210 INFO  - Received CAM message from veh_87 (at simulation time 255.502,400,000 s)
2024-06-04 00:13:09,210 INFO  - Atempting to process queue (at simulation time 255.600,000,000 s)
2024-06-04 00:13:09,210 INFO  - Vehicle is outside the detection area. (at simulation time 255.600,000,000 s)
2024-06-04 00:13:09,210 INFO  - Sent broadcast CAM message to all vehicles (at simulation time 255.600,000,000 s)
2024-06-04 00:13:09,210 INFO  - Received CAM message from veh_140 (at simulation time 255.600,400,000 s)
2024-06-04 00:13:09,210 INFO  - Received CAM message from veh_70 (at simulation time 255.600,900,000 s)
2024-06-04 00:13:09,211 INFO  - Received CAM message from veh_99 (at simulation time 255.601,400,000 s)
2024-06-04 00:13:09,211 INFO  - Received CAM message from veh_87 (at simulation time 255.601,900,000 s)
2024-06-04 00:13:09,211 INFO  - Atempting to process queue (at simulation time 255.700,000,000 s)
2024-06-04 00:13:09,211 INFO  - Vehicle is outside the detection area. (at simulation time 255.700,000,000 s)
2024-06-04 00:13:09,211 INFO  - Sent broadcast CAM message to all vehicles (at simulation time 255.700,000,000 s)
2024-06-04 00:13:09,212 INFO  - Received CAM message from veh_70 (at simulation time 255.701,400,000 s)
2024-06-04 00:13:09,213 INFO  - Received CAM message from veh_87 (at simulation time 255.701,900,000 s)
2024-06-04 00:13:09,213 INFO  - Received CAM message from veh_140 (at simulation time 255.702,400,000 s)
2024-06-04 00:13:09,213 INFO  - Received CAM message from veh_99 (at simulation time 255.702,400,000 s)
2024-06-04 00:13:09,213 INFO  - Atempting to process queue (at simulation time 255.800,000,000 s)
2024-06-04 00:13:09,213 INFO  - Vehicle is outside the detection area. (at simulation time 255.800,000,000 s)
2024-06-04 00:13:09,213 INFO  - Sent broadcast CAM message to all vehicles (at simulation time 255.800,000,000 s)
2024-06-04 00:13:09,214 INFO  - Received CAM message from veh_70 (at simulation time 255.800,900,000 s)
2024-06-04 00:13:09,214 INFO  - Received CAM message from veh_140 (at simulation time 255.801,900,000 s)
2024-06-04 00:13:09,214 INFO  - Received CAM message from veh_99 (at simulation time 255.802,400,000 s)
2024-06-04 00:13:09,214 INFO  - Received CAM message from veh_87 (at simulation time 255.802,400,000 s)
2024-06-04 00:13:09,214 INFO  - Atempting to process queue (at simulation time 255.900,000,000 s)
2024-06-04 00:13:09,214 INFO  - Vehicle is outside the detection area. (at simulation time 255.900,000,000 s)
2024-06-04 00:13:09,214 INFO  - Sent broadcast CAM message to all vehicles (at simulation time 255.900,000,000 s)
2024-06-04 00:13:09,219 INFO  - Received CAM message from veh_99 (at simulation time 255.900,400,000 s)
2024-06-04 00:13:09,220 INFO  - Received CAM message from veh_140 (at simulation time 255.901,900,000 s)
2024-06-04 00:13:09,220 INFO  - Received CAM message from veh_87 (at simulation time 255.901,900,000 s)
2024-06-04 00:13:09,220 INFO  - Received CAM message from veh_70 (at simulation time 255.901,900,000 s)
2024-06-04 00:13:09,224 INFO  - Atempting to process queue (at simulation time 256.000,000,000 s)
2024-06-04 00:13:09,224 INFO  - Vehicle is outside the detection area. (at simulation time 256.000,000,000 s)
2024-06-04 00:13:09,224 INFO  - Sent broadcast CAM message to all vehicles (at simulation time 256.000,000,000 s)
2024-06-04 00:13:09,226 INFO  - Received CAM message from veh_87 (at simulation time 256.000,400,000 s)
2024-06-04 00:13:09,226 INFO  - Received CAM message from veh_140 (at simulation time 256.000,900,000 s)
2024-06-04 00:13:09,226 INFO  - Received CAM message from veh_99 (at simulation time 256.000,900,000 s)
2024-06-04 00:13:09,227 INFO  - Received CAM message from veh_70 (at simulation time 256.002,400,000 s)
2024-06-04 00:13:09,227 INFO  - Atempting to process queue (at simulation time 256.100,000,000 s)
2024-06-04 00:13:09,227 INFO  - Vehicle is outside the detection area. (at simulation time 256.100,000,000 s)
2024-06-04 00:13:09,227 INFO  - Sent broadcast CAM message to all vehicles (at simulation time 256.100,000,000 s)
2024-06-04 00:13:09,228 INFO  - Received CAM message from veh_140 (at simulation time 256.100,900,000 s)
2024-06-04 00:13:09,228 INFO  - Received CAM message from veh_99 (at simulation time 256.100,900,000 s)
2024-06-04 00:13:09,228 INFO  - Received CAM message from veh_87 (at simulation time 256.101,400,000 s)
2024-06-04 00:13:09,228 INFO  - Received CAM message from veh_70 (at simulation time 256.102,400,000 s)
2024-06-04 00:13:09,228 INFO  - Atempting to process queue (at simulation time 256.200,000,000 s)
2024-06-04 00:13:09,228 INFO  - Vehicle is outside the detection area. (at simulation time 256.200,000,000 s)
2024-06-04 00:13:09,228 INFO  - Sent broadcast CAM message to all vehicles (at simulation time 256.200,000,000 s)
2024-06-04 00:13:09,229 INFO  - Received CAM message from veh_99 (at simulation time 256.200,400,000 s)
2024-06-04 00:13:09,229 INFO  - Received CAM message from veh_87 (at simulation time 256.200,400,000 s)
2024-06-04 00:13:09,230 INFO  - Received CAM message from veh_140 (at simulation time 256.200,900,000 s)
2024-06-04 00:13:09,231 INFO  - Received CAM message from veh_70 (at simulation time 256.202,400,000 s)
2024-06-04 00:13:09,231 INFO  - Atempting to process queue (at simulation time 256.300,000,000 s)
2024-06-04 00:13:09,231 INFO  - Vehicle is outside the detection area. (at simulation time 256.300,000,000 s)
2024-06-04 00:13:09,231 INFO  - Sent broadcast CAM message to all vehicles (at simulation time 256.300,000,000 s)
2024-06-04 00:13:09,232 INFO  - Received CAM message from veh_140 (at simulation time 256.300,900,000 s)
2024-06-04 00:13:09,232 INFO  - Received CAM message from veh_99 (at simulation time 256.300,900,000 s)
2024-06-04 00:13:09,232 INFO  - Received CAM message from veh_87 (at simulation time 256.301,400,000 s)
2024-06-04 00:13:09,232 INFO  - Received CAM message from veh_70 (at simulation time 256.301,900,000 s)
2024-06-04 00:13:09,233 INFO  - Atempting to process queue (at simulation time 256.400,000,000 s)
2024-06-04 00:13:09,233 INFO  - Vehicle is outside the detection area. (at simulation time 256.400,000,000 s)
2024-06-04 00:13:09,233 INFO  - Sent broadcast CAM message to all vehicles (at simulation time 256.400,000,000 s)
2024-06-04 00:13:09,233 INFO  - Received CAM message from veh_70 (at simulation time 256.400,400,000 s)
2024-06-04 00:13:09,233 INFO  - Received CAM message from veh_99 (at simulation time 256.400,900,000 s)
2024-06-04 00:13:09,234 INFO  - Received CAM message from veh_87 (at simulation time 256.401,900,000 s)
2024-06-04 00:13:09,234 INFO  - Received CAM message from veh_140 (at simulation time 256.402,400,000 s)
2024-06-04 00:13:09,234 INFO  - Atempting to process queue (at simulation time 256.500,000,000 s)
2024-06-04 00:13:09,234 INFO  - Vehicle is outside the detection area. (at simulation time 256.500,000,000 s)
2024-06-04 00:13:09,234 INFO  - Sent broadcast CAM message to all vehicles (at simulation time 256.500,000,000 s)
2024-06-04 00:13:09,235 INFO  - Received CAM message from veh_140 (at simulation time 256.501,400,000 s)
2024-06-04 00:13:09,236 INFO  - Received CAM message from veh_70 (at simulation time 256.501,400,000 s)
2024-06-04 00:13:09,236 INFO  - Received CAM message from veh_87 (at simulation time 256.501,900,000 s)
2024-06-04 00:13:09,236 INFO  - Received CAM message from veh_99 (at simulation time 256.502,400,000 s)
2024-06-04 00:13:09,236 INFO  - Atempting to process queue (at simulation time 256.600,000,000 s)
2024-06-04 00:13:09,236 INFO  - Vehicle is outside the detection area. (at simulation time 256.600,000,000 s)
2024-06-04 00:13:09,236 INFO  - Sent broadcast CAM message to all vehicles (at simulation time 256.600,000,000 s)
2024-06-04 00:13:09,237 INFO  - Received CAM message from veh_70 (at simulation time 256.600,400,000 s)
2024-06-04 00:13:09,237 INFO  - Received CAM message from veh_99 (at simulation time 256.601,400,000 s)
2024-06-04 00:13:09,237 INFO  - Received CAM message from veh_87 (at simulation time 256.601,400,000 s)
2024-06-04 00:13:09,237 INFO  - Received CAM message from veh_140 (at simulation time 256.602,400,000 s)
2024-06-04 00:13:09,237 INFO  - Atempting to process queue (at simulation time 256.700,000,000 s)
2024-06-04 00:13:09,237 INFO  - Vehicle is outside the detection area. (at simulation time 256.700,000,000 s)
2024-06-04 00:13:09,237 INFO  - Sent broadcast CAM message to all vehicles (at simulation time 256.700,000,000 s)
2024-06-04 00:13:09,238 INFO  - Received CAM message from veh_87 (at simulation time 256.700,400,000 s)
2024-06-04 00:13:09,239 INFO  - Received CAM message from veh_70 (at simulation time 256.700,900,000 s)
2024-06-04 00:13:09,239 INFO  - Received CAM message from veh_140 (at simulation time 256.701,900,000 s)
2024-06-04 00:13:09,239 INFO  - Received CAM message from veh_99 (at simulation time 256.701,900,000 s)
2024-06-04 00:13:09,239 INFO  - Atempting to process queue (at simulation time 256.800,000,000 s)
2024-06-04 00:13:09,239 INFO  - Vehicle is outside the detection area. (at simulation time 256.800,000,000 s)
2024-06-04 00:13:09,239 INFO  - Sent broadcast CAM message to all vehicles (at simulation time 256.800,000,000 s)
2024-06-04 00:13:09,240 INFO  - Received CAM message from veh_87 (at simulation time 256.800,400,000 s)
2024-06-04 00:13:09,240 INFO  - Received CAM message from veh_140 (at simulation time 256.800,900,000 s)
2024-06-04 00:13:09,241 INFO  - Received CAM message from veh_99 (at simulation time 256.801,900,000 s)
2024-06-04 00:13:09,241 INFO  - Received CAM message from veh_70 (at simulation time 256.802,400,000 s)
2024-06-04 00:13:09,241 INFO  - Atempting to process queue (at simulation time 256.900,000,000 s)
2024-06-04 00:13:09,241 INFO  - Vehicle is outside the detection area. (at simulation time 256.900,000,000 s)
2024-06-04 00:13:09,241 INFO  - Sent broadcast CAM message to all vehicles (at simulation time 256.900,000,000 s)
2024-06-04 00:13:09,242 INFO  - Received CAM message from veh_140 (at simulation time 256.900,400,000 s)
2024-06-04 00:13:09,242 INFO  - Received CAM message from veh_99 (at simulation time 256.900,400,000 s)
2024-06-04 00:13:09,242 INFO  - Received CAM message from veh_70 (at simulation time 256.901,900,000 s)
2024-06-04 00:13:09,243 INFO  - Received CAM message from veh_87 (at simulation time 256.902,400,000 s)
2024-06-04 00:13:09,245 INFO  - Atempting to process queue (at simulation time 257.000,000,000 s)
2024-06-04 00:13:09,245 INFO  - Vehicle is outside the detection area. (at simulation time 257.000,000,000 s)
2024-06-04 00:13:09,245 INFO  - Sent broadcast CAM message to all vehicles (at simulation time 257.000,000,000 s)
2024-06-04 00:13:09,246 INFO  - Received CAM message from veh_140 (at simulation time 257.000,400,000 s)
2024-06-04 00:13:09,247 INFO  - Atempting to process queue (at simulation time 257.100,000,000 s)
2024-06-04 00:13:09,247 INFO  - Vehicle is outside the detection area. (at simulation time 257.100,000,000 s)
2024-06-04 00:13:09,247 INFO  - Sent broadcast CAM message to all vehicles (at simulation time 257.100,000,000 s)
2024-06-04 00:13:09,248 INFO  - Received CAM message from veh_140 (at simulation time 257.100,900,000 s)
2024-06-04 00:13:09,249 INFO  - Atempting to process queue (at simulation time 257.200,000,000 s)
2024-06-04 00:13:09,249 INFO  - Vehicle is outside the detection area. (at simulation time 257.200,000,000 s)
2024-06-04 00:13:09,249 INFO  - Sent broadcast CAM message to all vehicles (at simulation time 257.200,000,000 s)
2024-06-04 00:13:09,249 INFO  - Received CAM message from veh_140 (at simulation time 257.200,400,000 s)
2024-06-04 00:13:09,250 INFO  - Atempting to process queue (at simulation time 257.300,000,000 s)
2024-06-04 00:13:09,250 INFO  - Vehicle is outside the detection area. (at simulation time 257.300,000,000 s)
2024-06-04 00:13:09,250 INFO  - Sent broadcast CAM message to all vehicles (at simulation time 257.300,000,000 s)
2024-06-04 00:13:09,251 INFO  - Received CAM message from veh_140 (at simulation time 257.300,400,000 s)
2024-06-04 00:13:09,252 INFO  - Atempting to process queue (at simulation time 257.400,000,000 s)
2024-06-04 00:13:09,252 INFO  - Vehicle is outside the detection area. (at simulation time 257.400,000,000 s)
2024-06-04 00:13:09,252 INFO  - Sent broadcast CAM message to all vehicles (at simulation time 257.400,000,000 s)
2024-06-04 00:13:09,253 INFO  - Received CAM message from veh_140 (at simulation time 257.401,900,000 s)
2024-06-04 00:13:09,254 INFO  - Atempting to process queue (at simulation time 257.500,000,000 s)
2024-06-04 00:13:09,254 INFO  - Vehicle is outside the detection area. (at simulation time 257.500,000,000 s)
2024-06-04 00:13:09,254 INFO  - Sent broadcast CAM message to all vehicles (at simulation time 257.500,000,000 s)
2024-06-04 00:13:09,255 INFO  - Received CAM message from veh_140 (at simulation time 257.500,900,000 s)
2024-06-04 00:13:09,255 INFO  - Atempting to process queue (at simulation time 257.600,000,000 s)
2024-06-04 00:13:09,255 INFO  - Vehicle is outside the detection area. (at simulation time 257.600,000,000 s)
2024-06-04 00:13:09,255 INFO  - Sent broadcast CAM message to all vehicles (at simulation time 257.600,000,000 s)
2024-06-04 00:13:09,256 INFO  - Received CAM message from veh_140 (at simulation time 257.600,400,000 s)
2024-06-04 00:13:09,257 INFO  - Atempting to process queue (at simulation time 257.700,000,000 s)
2024-06-04 00:13:09,257 INFO  - Vehicle is outside the detection area. (at simulation time 257.700,000,000 s)
2024-06-04 00:13:09,257 INFO  - Sent broadcast CAM message to all vehicles (at simulation time 257.700,000,000 s)
2024-06-04 00:13:09,258 INFO  - Received CAM message from veh_140 (at simulation time 257.701,400,000 s)
2024-06-04 00:13:09,259 INFO  - Atempting to process queue (at simulation time 257.800,000,000 s)
2024-06-04 00:13:09,259 INFO  - Vehicle is outside the detection area. (at simulation time 257.800,000,000 s)
2024-06-04 00:13:09,259 INFO  - Sent broadcast CAM message to all vehicles (at simulation time 257.800,000,000 s)
2024-06-04 00:13:09,260 INFO  - Received CAM message from veh_140 (at simulation time 257.801,900,000 s)
2024-06-04 00:13:09,260 INFO  - Atempting to process queue (at simulation time 257.900,000,000 s)
2024-06-04 00:13:09,260 INFO  - Vehicle is outside the detection area. (at simulation time 257.900,000,000 s)
2024-06-04 00:13:09,260 INFO  - Sent broadcast CAM message to all vehicles (at simulation time 257.900,000,000 s)
2024-06-04 00:13:09,261 INFO  - Received CAM message from veh_140 (at simulation time 257.901,900,000 s)
2024-06-04 00:13:09,265 INFO  - Atempting to process queue (at simulation time 258.000,000,000 s)
2024-06-04 00:13:09,265 INFO  - Vehicle is outside the detection area. (at simulation time 258.000,000,000 s)
2024-06-04 00:13:09,265 INFO  - Sent broadcast CAM message to all vehicles (at simulation time 258.000,000,000 s)
2024-06-04 00:13:09,267 INFO  - Received CAM message from veh_140 (at simulation time 258.001,400,000 s)
2024-06-04 00:13:09,268 INFO  - Atempting to process queue (at simulation time 258.100,000,000 s)
2024-06-04 00:13:09,268 INFO  - Vehicle is outside the detection area. (at simulation time 258.100,000,000 s)
2024-06-04 00:13:09,268 INFO  - Sent broadcast CAM message to all vehicles (at simulation time 258.100,000,000 s)
2024-06-04 00:13:09,269 INFO  - Received CAM message from veh_140 (at simulation time 258.102,400,000 s)
2024-06-04 00:13:09,270 INFO  - Atempting to process queue (at simulation time 258.200,000,000 s)
2024-06-04 00:13:09,270 INFO  - Vehicle is outside the detection area. (at simulation time 258.200,000,000 s)
2024-06-04 00:13:09,270 INFO  - Sent broadcast CAM message to all vehicles (at simulation time 258.200,000,000 s)
2024-06-04 00:13:09,270 INFO  - Received CAM message from veh_140 (at simulation time 258.200,400,000 s)
2024-06-04 00:13:09,271 INFO  - Atempting to process queue (at simulation time 258.300,000,000 s)
2024-06-04 00:13:09,271 INFO  - Vehicle is outside the detection area. (at simulation time 258.300,000,000 s)
2024-06-04 00:13:09,271 INFO  - Sent broadcast CAM message to all vehicles (at simulation time 258.300,000,000 s)
2024-06-04 00:13:09,273 INFO  - Received CAM message from veh_140 (at simulation time 258.302,400,000 s)
2024-06-04 00:13:09,273 INFO  - Atempting to process queue (at simulation time 258.400,000,000 s)
2024-06-04 00:13:09,273 INFO  - Vehicle is outside the detection area. (at simulation time 258.400,000,000 s)
2024-06-04 00:13:09,273 INFO  - Sent broadcast CAM message to all vehicles (at simulation time 258.400,000,000 s)
2024-06-04 00:13:09,275 INFO  - Received CAM message from veh_140 (at simulation time 258.402,400,000 s)
2024-06-04 00:13:09,275 INFO  - Atempting to process queue (at simulation time 258.500,000,000 s)
2024-06-04 00:13:09,275 INFO  - Vehicle is outside the detection area. (at simulation time 258.500,000,000 s)
2024-06-04 00:13:09,275 INFO  - Sent broadcast CAM message to all vehicles (at simulation time 258.500,000,000 s)
2024-06-04 00:13:09,276 INFO  - Received CAM message from veh_140 (at simulation time 258.500,900,000 s)
2024-06-04 00:13:09,276 INFO  - Atempting to process queue (at simulation time 258.600,000,000 s)
2024-06-04 00:13:09,276 INFO  - Vehicle is outside the detection area. (at simulation time 258.600,000,000 s)
2024-06-04 00:13:09,276 INFO  - Sent broadcast CAM message to all vehicles (at simulation time 258.600,000,000 s)
2024-06-04 00:13:09,277 INFO  - Received CAM message from veh_140 (at simulation time 258.601,400,000 s)
2024-06-04 00:13:09,278 INFO  - Atempting to process queue (at simulation time 258.700,000,000 s)
2024-06-04 00:13:09,278 INFO  - Vehicle is outside the detection area. (at simulation time 258.700,000,000 s)
2024-06-04 00:13:09,278 INFO  - Sent broadcast CAM message to all vehicles (at simulation time 258.700,000,000 s)
2024-06-04 00:13:09,279 INFO  - Received CAM message from veh_140 (at simulation time 258.702,400,000 s)
2024-06-04 00:13:09,279 INFO  - Atempting to process queue (at simulation time 258.800,000,000 s)
2024-06-04 00:13:09,279 INFO  - Vehicle is outside the detection area. (at simulation time 258.800,000,000 s)
2024-06-04 00:13:09,279 INFO  - Sent broadcast CAM message to all vehicles (at simulation time 258.800,000,000 s)
2024-06-04 00:13:09,280 INFO  - Received CAM message from veh_140 (at simulation time 258.800,900,000 s)
2024-06-04 00:13:09,281 INFO  - Atempting to process queue (at simulation time 258.900,000,000 s)
2024-06-04 00:13:09,281 INFO  - Vehicle is outside the detection area. (at simulation time 258.900,000,000 s)
2024-06-04 00:13:09,281 INFO  - Sent broadcast CAM message to all vehicles (at simulation time 258.900,000,000 s)
2024-06-04 00:13:09,281 INFO  - Received CAM message from veh_140 (at simulation time 258.900,900,000 s)
2024-06-04 00:13:09,288 INFO  - Atempting to process queue (at simulation time 259.000,000,000 s)
2024-06-04 00:13:09,288 INFO  - Vehicle is outside the detection area. (at simulation time 259.000,000,000 s)
2024-06-04 00:13:09,288 INFO  - Sent broadcast CAM message to all vehicles (at simulation time 259.000,000,000 s)
2024-06-04 00:13:09,290 INFO  - Received CAM message from veh_140 (at simulation time 259.001,900,000 s)
2024-06-04 00:13:09,291 INFO  - Atempting to process queue (at simulation time 259.100,000,000 s)
2024-06-04 00:13:09,291 INFO  - Vehicle is outside the detection area. (at simulation time 259.100,000,000 s)
2024-06-04 00:13:09,291 INFO  - Sent broadcast CAM message to all vehicles (at simulation time 259.100,000,000 s)
2024-06-04 00:13:09,292 INFO  - Received CAM message from veh_140 (at simulation time 259.101,400,000 s)
2024-06-04 00:13:09,292 INFO  - Atempting to process queue (at simulation time 259.200,000,000 s)
2024-06-04 00:13:09,292 INFO  - Vehicle is outside the detection area. (at simulation time 259.200,000,000 s)
2024-06-04 00:13:09,292 INFO  - Sent broadcast CAM message to all vehicles (at simulation time 259.200,000,000 s)
2024-06-04 00:13:09,293 INFO  - Received CAM message from veh_140 (at simulation time 259.202,400,000 s)
2024-06-04 00:13:09,294 INFO  - Atempting to process queue (at simulation time 259.300,000,000 s)
2024-06-04 00:13:09,294 INFO  - Vehicle is outside the detection area. (at simulation time 259.300,000,000 s)
2024-06-04 00:13:09,294 INFO  - Sent broadcast CAM message to all vehicles (at simulation time 259.300,000,000 s)
2024-06-04 00:13:09,295 INFO  - Received CAM message from veh_140 (at simulation time 259.302,400,000 s)
2024-06-04 00:13:09,295 INFO  - Atempting to process queue (at simulation time 259.400,000,000 s)
2024-06-04 00:13:09,295 INFO  - Vehicle is outside the detection area. (at simulation time 259.400,000,000 s)
2024-06-04 00:13:09,295 INFO  - Sent broadcast CAM message to all vehicles (at simulation time 259.400,000,000 s)
2024-06-04 00:13:09,296 INFO  - Received CAM message from veh_140 (at simulation time 259.402,400,000 s)
2024-06-04 00:13:09,296 INFO  - Atempting to process queue (at simulation time 259.500,000,000 s)
2024-06-04 00:13:09,297 INFO  - Vehicle is outside the detection area. (at simulation time 259.500,000,000 s)
2024-06-04 00:13:09,297 INFO  - Sent broadcast CAM message to all vehicles (at simulation time 259.500,000,000 s)
2024-06-04 00:13:09,298 INFO  - Received CAM message from veh_140 (at simulation time 259.502,400,000 s)
2024-06-04 00:13:09,298 INFO  - Atempting to process queue (at simulation time 259.600,000,000 s)
2024-06-04 00:13:09,298 INFO  - Vehicle is outside the detection area. (at simulation time 259.600,000,000 s)
2024-06-04 00:13:09,298 INFO  - Sent broadcast CAM message to all vehicles (at simulation time 259.600,000,000 s)
2024-06-04 00:13:09,299 INFO  - Received CAM message from veh_140 (at simulation time 259.600,400,000 s)
2024-06-04 00:13:09,300 INFO  - Atempting to process queue (at simulation time 259.700,000,000 s)
2024-06-04 00:13:09,300 INFO  - Vehicle is outside the detection area. (at simulation time 259.700,000,000 s)
2024-06-04 00:13:09,300 INFO  - Sent broadcast CAM message to all vehicles (at simulation time 259.700,000,000 s)
2024-06-04 00:13:09,301 INFO  - Received CAM message from veh_140 (at simulation time 259.702,400,000 s)
2024-06-04 00:13:09,301 INFO  - Atempting to process queue (at simulation time 259.800,000,000 s)
2024-06-04 00:13:09,301 INFO  - Vehicle is outside the detection area. (at simulation time 259.800,000,000 s)
2024-06-04 00:13:09,301 INFO  - Sent broadcast CAM message to all vehicles (at simulation time 259.800,000,000 s)
2024-06-04 00:13:09,303 INFO  - Received CAM message from veh_140 (at simulation time 259.802,400,000 s)
2024-06-04 00:13:09,303 INFO  - Atempting to process queue (at simulation time 259.900,000,000 s)
2024-06-04 00:13:09,303 INFO  - Vehicle is outside the detection area. (at simulation time 259.900,000,000 s)
2024-06-04 00:13:09,303 INFO  - Sent broadcast CAM message to all vehicles (at simulation time 259.900,000,000 s)
2024-06-04 00:13:09,305 INFO  - Received CAM message from veh_140 (at simulation time 259.902,400,000 s)
2024-06-04 00:13:09,309 INFO  - Atempting to process queue (at simulation time 260.000,000,000 s)
2024-06-04 00:13:09,309 INFO  - Vehicle is outside the detection area. (at simulation time 260.000,000,000 s)
2024-06-04 00:13:09,309 INFO  - Sent broadcast CAM message to all vehicles (at simulation time 260.000,000,000 s)
2024-06-04 00:13:09,311 INFO  - Received CAM message from veh_140 (at simulation time 260.002,400,000 s)
2024-06-04 00:13:09,311 INFO  - Atempting to process queue (at simulation time 260.100,000,000 s)
2024-06-04 00:13:09,311 INFO  - Vehicle is outside the detection area. (at simulation time 260.100,000,000 s)
2024-06-04 00:13:09,311 INFO  - Sent broadcast CAM message to all vehicles (at simulation time 260.100,000,000 s)
2024-06-04 00:13:09,311 INFO  - Received CAM message from veh_140 (at simulation time 260.100,400,000 s)
2024-06-04 00:13:09,312 INFO  - Atempting to process queue (at simulation time 260.200,000,000 s)
2024-06-04 00:13:09,312 INFO  - Vehicle is outside the detection area. (at simulation time 260.200,000,000 s)
2024-06-04 00:13:09,312 INFO  - Sent broadcast CAM message to all vehicles (at simulation time 260.200,000,000 s)
2024-06-04 00:13:09,313 INFO  - Received CAM message from veh_140 (at simulation time 260.201,400,000 s)
2024-06-04 00:13:09,314 INFO  - Atempting to process queue (at simulation time 260.300,000,000 s)
2024-06-04 00:13:09,314 INFO  - Vehicle is outside the detection area. (at simulation time 260.300,000,000 s)
2024-06-04 00:13:09,314 INFO  - Sent broadcast CAM message to all vehicles (at simulation time 260.300,000,000 s)
2024-06-04 00:13:09,315 INFO  - Received CAM message from veh_140 (at simulation time 260.301,900,000 s)
2024-06-04 00:13:09,315 INFO  - Atempting to process queue (at simulation time 260.400,000,000 s)
2024-06-04 00:13:09,315 INFO  - Vehicle is outside the detection area. (at simulation time 260.400,000,000 s)
2024-06-04 00:13:09,315 INFO  - Sent broadcast CAM message to all vehicles (at simulation time 260.400,000,000 s)
2024-06-04 00:13:09,316 INFO  - Received CAM message from veh_140 (at simulation time 260.401,400,000 s)
2024-06-04 00:13:09,316 INFO  - Atempting to process queue (at simulation time 260.500,000,000 s)
2024-06-04 00:13:09,316 INFO  - Vehicle is outside the detection area. (at simulation time 260.500,000,000 s)
2024-06-04 00:13:09,316 INFO  - Sent broadcast CAM message to all vehicles (at simulation time 260.500,000,000 s)
2024-06-04 00:13:09,317 INFO  - Received CAM message from veh_140 (at simulation time 260.500,900,000 s)
2024-06-04 00:13:09,318 INFO  - Atempting to process queue (at simulation time 260.600,000,000 s)
2024-06-04 00:13:09,318 INFO  - Vehicle is outside the detection area. (at simulation time 260.600,000,000 s)
2024-06-04 00:13:09,318 INFO  - Sent broadcast CAM message to all vehicles (at simulation time 260.600,000,000 s)
2024-06-04 00:13:09,319 INFO  - Received CAM message from veh_140 (at simulation time 260.601,400,000 s)
2024-06-04 00:13:09,319 INFO  - Atempting to process queue (at simulation time 260.700,000,000 s)
2024-06-04 00:13:09,319 INFO  - Vehicle is outside the detection area. (at simulation time 260.700,000,000 s)
2024-06-04 00:13:09,319 INFO  - Sent broadcast CAM message to all vehicles (at simulation time 260.700,000,000 s)
2024-06-04 00:13:09,321 INFO  - Received CAM message from veh_140 (at simulation time 260.701,900,000 s)
2024-06-04 00:13:09,321 INFO  - Atempting to process queue (at simulation time 260.800,000,000 s)
2024-06-04 00:13:09,321 INFO  - Vehicle is outside the detection area. (at simulation time 260.800,000,000 s)
2024-06-04 00:13:09,321 INFO  - Sent broadcast CAM message to all vehicles (at simulation time 260.800,000,000 s)
2024-06-04 00:13:09,323 INFO  - Received CAM message from veh_140 (at simulation time 260.802,400,000 s)
2024-06-04 00:13:09,323 INFO  - Atempting to process queue (at simulation time 260.900,000,000 s)
2024-06-04 00:13:09,323 INFO  - Vehicle is outside the detection area. (at simulation time 260.900,000,000 s)
2024-06-04 00:13:09,323 INFO  - Sent broadcast CAM message to all vehicles (at simulation time 260.900,000,000 s)
2024-06-04 00:13:09,324 INFO  - Received CAM message from veh_140 (at simulation time 260.900,400,000 s)
2024-06-04 00:13:09,328 INFO  - Atempting to process queue (at simulation time 261.000,000,000 s)
2024-06-04 00:13:09,328 INFO  - Vehicle is outside the detection area. (at simulation time 261.000,000,000 s)
2024-06-04 00:13:09,328 INFO  - Sent broadcast CAM message to all vehicles (at simulation time 261.000,000,000 s)
2024-06-04 00:13:09,330 INFO  - Atempting to process queue (at simulation time 261.100,000,000 s)
2024-06-04 00:13:09,330 INFO  - Vehicle is outside the detection area. (at simulation time 261.100,000,000 s)
2024-06-04 00:13:09,330 INFO  - Sent broadcast CAM message to all vehicles (at simulation time 261.100,000,000 s)
2024-06-04 00:13:09,331 INFO  - Atempting to process queue (at simulation time 261.200,000,000 s)
2024-06-04 00:13:09,331 INFO  - Vehicle is outside the detection area. (at simulation time 261.200,000,000 s)
2024-06-04 00:13:09,331 INFO  - Sent broadcast CAM message to all vehicles (at simulation time 261.200,000,000 s)
2024-06-04 00:13:09,333 INFO  - Atempting to process queue (at simulation time 261.300,000,000 s)
2024-06-04 00:13:09,333 INFO  - Vehicle is outside the detection area. (at simulation time 261.300,000,000 s)
2024-06-04 00:13:09,333 INFO  - Sent broadcast CAM message to all vehicles (at simulation time 261.300,000,000 s)
2024-06-04 00:13:09,334 INFO  - Atempting to process queue (at simulation time 261.400,000,000 s)
2024-06-04 00:13:09,334 INFO  - Vehicle is outside the detection area. (at simulation time 261.400,000,000 s)
2024-06-04 00:13:09,334 INFO  - Sent broadcast CAM message to all vehicles (at simulation time 261.400,000,000 s)
2024-06-04 00:13:09,335 INFO  - Atempting to process queue (at simulation time 261.500,000,000 s)
2024-06-04 00:13:09,335 INFO  - Vehicle is outside the detection area. (at simulation time 261.500,000,000 s)
2024-06-04 00:13:09,335 INFO  - Sent broadcast CAM message to all vehicles (at simulation time 261.500,000,000 s)
2024-06-04 00:13:09,337 INFO  - Atempting to process queue (at simulation time 261.600,000,000 s)
2024-06-04 00:13:09,337 INFO  - Vehicle is outside the detection area. (at simulation time 261.600,000,000 s)
2024-06-04 00:13:09,337 INFO  - Sent broadcast CAM message to all vehicles (at simulation time 261.600,000,000 s)
2024-06-04 00:13:09,338 INFO  - Atempting to process queue (at simulation time 261.700,000,000 s)
2024-06-04 00:13:09,338 INFO  - Vehicle is outside the detection area. (at simulation time 261.700,000,000 s)
2024-06-04 00:13:09,338 INFO  - Sent broadcast CAM message to all vehicles (at simulation time 261.700,000,000 s)
2024-06-04 00:13:09,340 INFO  - Atempting to process queue (at simulation time 261.800,000,000 s)
2024-06-04 00:13:09,340 INFO  - Vehicle is outside the detection area. (at simulation time 261.800,000,000 s)
2024-06-04 00:13:09,340 INFO  - Sent broadcast CAM message to all vehicles (at simulation time 261.800,000,000 s)
2024-06-04 00:13:09,342 INFO  - Atempting to process queue (at simulation time 261.900,000,000 s)
2024-06-04 00:13:09,342 INFO  - Vehicle is outside the detection area. (at simulation time 261.900,000,000 s)
2024-06-04 00:13:09,342 INFO  - Sent broadcast CAM message to all vehicles (at simulation time 261.900,000,000 s)
2024-06-04 00:13:09,347 INFO  - Shutdown application (at simulation time 262.000,000,000 s)
