2024-06-04 00:13:11,159 INFO  - Initialize application (at simulation time 331.000,000,000 s)
2024-06-04 00:13:11,160 INFO  - Activated WLAN Module (at simulation time 331.000,000,000 s)
2024-06-04 00:13:11,160 INFO  - Vehicle is outside the detection area. (at simulation time 331.000,000,000 s)
2024-06-04 00:13:11,160 INFO  - Sent broadcast CAM message to all vehicles (at simulation time 331.000,000,000 s)
2024-06-04 00:13:11,163 INFO  - Vehicle is outside the detection area. (at simulation time 331.100,000,000 s)
2024-06-04 00:13:11,163 INFO  - Sent broadcast CAM message to all vehicles (at simulation time 331.100,000,000 s)
2024-06-04 00:13:11,164 INFO  - Vehicle is outside the detection area. (at simulation time 331.200,000,000 s)
2024-06-04 00:13:11,164 INFO  - Sent broadcast CAM message to all vehicles (at simulation time 331.200,000,000 s)
2024-06-04 00:13:11,166 INFO  - Vehicle is outside the detection area. (at simulation time 331.300,000,000 s)
2024-06-04 00:13:11,166 INFO  - Sent broadcast CAM message to all vehicles (at simulation time 331.300,000,000 s)
2024-06-04 00:13:11,167 INFO  - Vehicle is outside the detection area. (at simulation time 331.400,000,000 s)
2024-06-04 00:13:11,167 INFO  - Sent broadcast CAM message to all vehicles (at simulation time 331.400,000,000 s)
2024-06-04 00:13:11,170 INFO  - Vehicle is outside the detection area. (at simulation time 331.500,000,000 s)
2024-06-04 00:13:11,170 INFO  - Sent broadcast CAM message to all vehicles (at simulation time 331.500,000,000 s)
2024-06-04 00:13:11,174 INFO  - Vehicle is outside the detection area. (at simulation time 331.600,000,000 s)
2024-06-04 00:13:11,174 INFO  - Sent broadcast CAM message to all vehicles (at simulation time 331.600,000,000 s)
2024-06-04 00:13:11,176 INFO  - Vehicle is outside the detection area. (at simulation time 331.700,000,000 s)
2024-06-04 00:13:11,176 INFO  - Sent broadcast CAM message to all vehicles (at simulation time 331.700,000,000 s)
2024-06-04 00:13:11,177 INFO  - Vehicle is outside the detection area. (at simulation time 331.800,000,000 s)
2024-06-04 00:13:11,177 INFO  - Sent broadcast CAM message to all vehicles (at simulation time 331.800,000,000 s)
2024-06-04 00:13:11,179 INFO  - Vehicle is outside the detection area. (at simulation time 331.900,000,000 s)
2024-06-04 00:13:11,179 INFO  - Sent broadcast CAM message to all vehicles (at simulation time 331.900,000,000 s)
2024-06-04 00:13:11,183 INFO  - Vehicle is outside the detection area. (at simulation time 332.000,000,000 s)
2024-06-04 00:13:11,184 INFO  - Sent broadcast CAM message to all vehicles (at simulation time 332.000,000,000 s)
2024-06-04 00:13:11,186 INFO  - Vehicle is outside the detection area. (at simulation time 332.100,000,000 s)
2024-06-04 00:13:11,187 INFO  - Sent broadcast CAM message to all vehicles (at simulation time 332.100,000,000 s)
2024-06-04 00:13:11,188 INFO  - Vehicle is outside the detection area. (at simulation time 332.200,000,000 s)
2024-06-04 00:13:11,188 INFO  - Sent broadcast CAM message to all vehicles (at simulation time 332.200,000,000 s)
2024-06-04 00:13:11,190 INFO  - Vehicle is outside the detection area. (at simulation time 332.300,000,000 s)
2024-06-04 00:13:11,190 INFO  - Sent broadcast CAM message to all vehicles (at simulation time 332.300,000,000 s)
2024-06-04 00:13:11,192 INFO  - Vehicle is outside the detection area. (at simulation time 332.400,000,000 s)
2024-06-04 00:13:11,192 INFO  - Sent broadcast CAM message to all vehicles (at simulation time 332.400,000,000 s)
2024-06-04 00:13:11,193 INFO  - Vehicle is outside the detection area. (at simulation time 332.500,000,000 s)
2024-06-04 00:13:11,193 INFO  - Sent broadcast CAM message to all vehicles (at simulation time 332.500,000,000 s)
2024-06-04 00:13:11,194 INFO  - Vehicle is outside the detection area. (at simulation time 332.600,000,000 s)
2024-06-04 00:13:11,194 INFO  - Sent broadcast CAM message to all vehicles (at simulation time 332.600,000,000 s)
2024-06-04 00:13:11,196 INFO  - Vehicle is outside the detection area. (at simulation time 332.700,000,000 s)
2024-06-04 00:13:11,196 INFO  - Sent broadcast CAM message to all vehicles (at simulation time 332.700,000,000 s)
2024-06-04 00:13:11,197 INFO  - Vehicle is outside the detection area. (at simulation time 332.800,000,000 s)
2024-06-04 00:13:11,197 INFO  - Sent broadcast CAM message to all vehicles (at simulation time 332.800,000,000 s)
2024-06-04 00:13:11,199 INFO  - Vehicle is outside the detection area. (at simulation time 332.900,000,000 s)
2024-06-04 00:13:11,199 INFO  - Sent broadcast CAM message to all vehicles (at simulation time 332.900,000,000 s)
2024-06-04 00:13:11,204 INFO  - Vehicle is inside the detection area. (at simulation time 333.000,000,000 s)
2024-06-04 00:13:11,204 INFO  - Vehicle is too far away from the traffic light. (at simulation time 333.000,000,000 s)
2024-06-04 00:13:11,204 INFO  - No vehicles in range. (at simulation time 333.000,000,000 s)
2024-06-04 00:13:11,204 INFO  - Neither the RSU nor any vehicle is in range. (at simulation time 333.000,000,000 s)
2024-06-04 00:13:11,204 INFO  - Sent broadcast CAM message to all vehicles (at simulation time 333.000,000,000 s)
2024-06-04 00:13:11,207 INFO  - Vehicle is inside the detection area. (at simulation time 333.100,000,000 s)
2024-06-04 00:13:11,207 INFO  - Vehicle is too far away from the traffic light. (at simulation time 333.100,000,000 s)
2024-06-04 00:13:11,207 INFO  - No vehicles in range. (at simulation time 333.100,000,000 s)
2024-06-04 00:13:11,207 INFO  - Neither the RSU nor any vehicle is in range. (at simulation time 333.100,000,000 s)
2024-06-04 00:13:11,207 INFO  - Sent broadcast CAM message to all vehicles (at simulation time 333.100,000,000 s)
2024-06-04 00:13:11,208 INFO  - Vehicle is inside the detection area. (at simulation time 333.200,000,000 s)
2024-06-04 00:13:11,208 INFO  - Vehicle is too far away from the traffic light. (at simulation time 333.200,000,000 s)
2024-06-04 00:13:11,208 INFO  - No vehicles in range. (at simulation time 333.200,000,000 s)
2024-06-04 00:13:11,208 INFO  - Neither the RSU nor any vehicle is in range. (at simulation time 333.200,000,000 s)
2024-06-04 00:13:11,208 INFO  - Sent broadcast CAM message to all vehicles (at simulation time 333.200,000,000 s)
2024-06-04 00:13:11,210 INFO  - Vehicle is inside the detection area. (at simulation time 333.300,000,000 s)
2024-06-04 00:13:11,210 INFO  - Vehicle is too far away from the traffic light. (at simulation time 333.300,000,000 s)
2024-06-04 00:13:11,210 INFO  - No vehicles in range. (at simulation time 333.300,000,000 s)
2024-06-04 00:13:11,210 INFO  - Neither the RSU nor any vehicle is in range. (at simulation time 333.300,000,000 s)
2024-06-04 00:13:11,210 INFO  - Sent broadcast CAM message to all vehicles (at simulation time 333.300,000,000 s)
2024-06-04 00:13:11,231 INFO  - Vehicle is inside the detection area. (at simulation time 333.400,000,000 s)
2024-06-04 00:13:11,231 INFO  - Vehicle is too far away from the traffic light. (at simulation time 333.400,000,000 s)
2024-06-04 00:13:11,231 INFO  - No vehicles in range. (at simulation time 333.400,000,000 s)
2024-06-04 00:13:11,231 INFO  - Neither the RSU nor any vehicle is in range. (at simulation time 333.400,000,000 s)
2024-06-04 00:13:11,231 INFO  - Sent broadcast CAM message to all vehicles (at simulation time 333.400,000,000 s)
2024-06-04 00:13:11,232 INFO  - Vehicle is inside the detection area. (at simulation time 333.500,000,000 s)
2024-06-04 00:13:11,232 INFO  - Vehicle is too far away from the traffic light. (at simulation time 333.500,000,000 s)
2024-06-04 00:13:11,232 INFO  - No vehicles in range. (at simulation time 333.500,000,000 s)
2024-06-04 00:13:11,232 INFO  - Neither the RSU nor any vehicle is in range. (at simulation time 333.500,000,000 s)
2024-06-04 00:13:11,232 INFO  - Sent broadcast CAM message to all vehicles (at simulation time 333.500,000,000 s)
2024-06-04 00:13:11,234 INFO  - Vehicle is inside the detection area. (at simulation time 333.600,000,000 s)
2024-06-04 00:13:11,234 INFO  - Vehicle is too far away from the traffic light. (at simulation time 333.600,000,000 s)
2024-06-04 00:13:11,234 INFO  - No vehicles in range. (at simulation time 333.600,000,000 s)
2024-06-04 00:13:11,234 INFO  - Neither the RSU nor any vehicle is in range. (at simulation time 333.600,000,000 s)
2024-06-04 00:13:11,234 INFO  - Sent broadcast CAM message to all vehicles (at simulation time 333.600,000,000 s)
2024-06-04 00:13:11,235 INFO  - Vehicle is inside the detection area. (at simulation time 333.700,000,000 s)
2024-06-04 00:13:11,235 INFO  - Vehicle is too far away from the traffic light. (at simulation time 333.700,000,000 s)
2024-06-04 00:13:11,235 INFO  - No vehicles in range. (at simulation time 333.700,000,000 s)
2024-06-04 00:13:11,235 INFO  - Neither the RSU nor any vehicle is in range. (at simulation time 333.700,000,000 s)
2024-06-04 00:13:11,235 INFO  - Sent broadcast CAM message to all vehicles (at simulation time 333.700,000,000 s)
2024-06-04 00:13:11,237 INFO  - Vehicle is inside the detection area. (at simulation time 333.800,000,000 s)
2024-06-04 00:13:11,237 INFO  - Vehicle is too far away from the traffic light. (at simulation time 333.800,000,000 s)
2024-06-04 00:13:11,237 INFO  - No vehicles in range. (at simulation time 333.800,000,000 s)
2024-06-04 00:13:11,237 INFO  - Neither the RSU nor any vehicle is in range. (at simulation time 333.800,000,000 s)
2024-06-04 00:13:11,237 INFO  - Sent broadcast CAM message to all vehicles (at simulation time 333.800,000,000 s)
2024-06-04 00:13:11,238 INFO  - Vehicle is inside the detection area. (at simulation time 333.900,000,000 s)
2024-06-04 00:13:11,238 INFO  - Vehicle is too far away from the traffic light. (at simulation time 333.900,000,000 s)
2024-06-04 00:13:11,238 INFO  - No vehicles in range. (at simulation time 333.900,000,000 s)
2024-06-04 00:13:11,238 INFO  - Neither the RSU nor any vehicle is in range. (at simulation time 333.900,000,000 s)
2024-06-04 00:13:11,238 INFO  - Sent broadcast CAM message to all vehicles (at simulation time 333.900,000,000 s)
2024-06-04 00:13:11,244 INFO  - Vehicle is inside the detection area. (at simulation time 334.000,000,000 s)
2024-06-04 00:13:11,244 INFO  - Vehicle is too far away from the traffic light. (at simulation time 334.000,000,000 s)
2024-06-04 00:13:11,244 INFO  - No vehicles in range. (at simulation time 334.000,000,000 s)
2024-06-04 00:13:11,244 INFO  - Neither the RSU nor any vehicle is in range. (at simulation time 334.000,000,000 s)
2024-06-04 00:13:11,244 INFO  - Sent broadcast CAM message to all vehicles (at simulation time 334.000,000,000 s)
2024-06-04 00:13:11,246 INFO  - Vehicle is inside the detection area. (at simulation time 334.100,000,000 s)
2024-06-04 00:13:11,246 INFO  - Vehicle is too far away from the traffic light. (at simulation time 334.100,000,000 s)
2024-06-04 00:13:11,246 INFO  - No vehicles in range. (at simulation time 334.100,000,000 s)
2024-06-04 00:13:11,246 INFO  - Neither the RSU nor any vehicle is in range. (at simulation time 334.100,000,000 s)
2024-06-04 00:13:11,246 INFO  - Sent broadcast CAM message to all vehicles (at simulation time 334.100,000,000 s)
2024-06-04 00:13:11,247 INFO  - Vehicle is inside the detection area. (at simulation time 334.200,000,000 s)
2024-06-04 00:13:11,247 INFO  - Vehicle is too far away from the traffic light. (at simulation time 334.200,000,000 s)
2024-06-04 00:13:11,247 INFO  - No vehicles in range. (at simulation time 334.200,000,000 s)
2024-06-04 00:13:11,247 INFO  - Neither the RSU nor any vehicle is in range. (at simulation time 334.200,000,000 s)
2024-06-04 00:13:11,247 INFO  - Sent broadcast CAM message to all vehicles (at simulation time 334.200,000,000 s)
2024-06-04 00:13:11,248 INFO  - Vehicle is inside the detection area. (at simulation time 334.300,000,000 s)
2024-06-04 00:13:11,248 INFO  - Vehicle is too far away from the traffic light. (at simulation time 334.300,000,000 s)
2024-06-04 00:13:11,248 INFO  - No vehicles in range. (at simulation time 334.300,000,000 s)
2024-06-04 00:13:11,248 INFO  - Neither the RSU nor any vehicle is in range. (at simulation time 334.300,000,000 s)
2024-06-04 00:13:11,248 INFO  - Sent broadcast CAM message to all vehicles (at simulation time 334.300,000,000 s)
2024-06-04 00:13:11,249 INFO  - Vehicle is inside the detection area. (at simulation time 334.400,000,000 s)
2024-06-04 00:13:11,249 INFO  - Vehicle is too far away from the traffic light. (at simulation time 334.400,000,000 s)
2024-06-04 00:13:11,249 INFO  - No vehicles in range. (at simulation time 334.400,000,000 s)
2024-06-04 00:13:11,249 INFO  - Neither the RSU nor any vehicle is in range. (at simulation time 334.400,000,000 s)
2024-06-04 00:13:11,249 INFO  - Sent broadcast CAM message to all vehicles (at simulation time 334.400,000,000 s)
2024-06-04 00:13:11,251 INFO  - Vehicle is inside the detection area. (at simulation time 334.500,000,000 s)
2024-06-04 00:13:11,251 INFO  - Vehicle is too far away from the traffic light. (at simulation time 334.500,000,000 s)
2024-06-04 00:13:11,251 INFO  - No vehicles in range. (at simulation time 334.500,000,000 s)
2024-06-04 00:13:11,251 INFO  - Neither the RSU nor any vehicle is in range. (at simulation time 334.500,000,000 s)
2024-06-04 00:13:11,251 INFO  - Sent broadcast CAM message to all vehicles (at simulation time 334.500,000,000 s)
2024-06-04 00:13:11,252 INFO  - Vehicle is inside the detection area. (at simulation time 334.600,000,000 s)
2024-06-04 00:13:11,252 INFO  - Vehicle is too far away from the traffic light. (at simulation time 334.600,000,000 s)
2024-06-04 00:13:11,252 INFO  - No vehicles in range. (at simulation time 334.600,000,000 s)
2024-06-04 00:13:11,252 INFO  - Neither the RSU nor any vehicle is in range. (at simulation time 334.600,000,000 s)
2024-06-04 00:13:11,252 INFO  - Sent broadcast CAM message to all vehicles (at simulation time 334.600,000,000 s)
2024-06-04 00:13:11,253 INFO  - Vehicle is inside the detection area. (at simulation time 334.700,000,000 s)
2024-06-04 00:13:11,253 INFO  - Vehicle is too far away from the traffic light. (at simulation time 334.700,000,000 s)
2024-06-04 00:13:11,253 INFO  - No vehicles in range. (at simulation time 334.700,000,000 s)
2024-06-04 00:13:11,253 INFO  - Neither the RSU nor any vehicle is in range. (at simulation time 334.700,000,000 s)
2024-06-04 00:13:11,253 INFO  - Sent broadcast CAM message to all vehicles (at simulation time 334.700,000,000 s)
2024-06-04 00:13:11,255 INFO  - Vehicle is inside the detection area. (at simulation time 334.800,000,000 s)
2024-06-04 00:13:11,255 INFO  - Vehicle is too far away from the traffic light. (at simulation time 334.800,000,000 s)
2024-06-04 00:13:11,255 INFO  - No vehicles in range. (at simulation time 334.800,000,000 s)
2024-06-04 00:13:11,255 INFO  - Neither the RSU nor any vehicle is in range. (at simulation time 334.800,000,000 s)
2024-06-04 00:13:11,255 INFO  - Sent broadcast CAM message to all vehicles (at simulation time 334.800,000,000 s)
2024-06-04 00:13:11,256 INFO  - Vehicle is inside the detection area. (at simulation time 334.900,000,000 s)
2024-06-04 00:13:11,256 INFO  - Vehicle is too far away from the traffic light. (at simulation time 334.900,000,000 s)
2024-06-04 00:13:11,256 INFO  - No vehicles in range. (at simulation time 334.900,000,000 s)
2024-06-04 00:13:11,256 INFO  - Neither the RSU nor any vehicle is in range. (at simulation time 334.900,000,000 s)
2024-06-04 00:13:11,256 INFO  - Sent broadcast CAM message to all vehicles (at simulation time 334.900,000,000 s)
2024-06-04 00:13:11,261 INFO  - Atempting to process queue (at simulation time 335.000,000,000 s)
2024-06-04 00:13:11,261 INFO  - Vehicle is inside the detection area. (at simulation time 335.000,000,000 s)
2024-06-04 00:13:11,261 INFO  - Sent Detection message to rsu_0 (at simulation time 335.000,000,000 s)
2024-06-04 00:13:11,261 INFO  - Sent broadcast CAM message to all vehicles (at simulation time 335.000,000,000 s)
2024-06-04 00:13:11,262 INFO  - Received CAM message from veh_120 (at simulation time 335.000,400,000 s)
2024-06-04 00:13:11,262 INFO  - Received CAM message from veh_81 (at simulation time 335.000,400,000 s)
2024-06-04 00:13:11,262 INFO  - Received CAM message from veh_123 (at simulation time 335.001,900,000 s)
2024-06-04 00:13:11,262 INFO  - Atempting to process queue (at simulation time 335.100,000,000 s)
2024-06-04 00:13:11,262 INFO  - Vehicle is inside the detection area. (at simulation time 335.100,000,000 s)
2024-06-04 00:13:11,262 INFO  - Sent Detection message to rsu_0 (at simulation time 335.100,000,000 s)
2024-06-04 00:13:11,262 INFO  - Sent broadcast CAM message to all vehicles (at simulation time 335.100,000,000 s)
2024-06-04 00:13:11,263 INFO  - Received CAM message from veh_120 (at simulation time 335.100,900,000 s)
2024-06-04 00:13:11,263 INFO  - Received CAM message from veh_81 (at simulation time 335.101,900,000 s)
2024-06-04 00:13:11,263 INFO  - Received CAM message from veh_123 (at simulation time 335.102,400,000 s)
2024-06-04 00:13:11,263 INFO  - Atempting to process queue (at simulation time 335.200,000,000 s)
2024-06-04 00:13:11,263 INFO  - Vehicle is inside the detection area. (at simulation time 335.200,000,000 s)
2024-06-04 00:13:11,263 INFO  - Sent Detection message to rsu_0 (at simulation time 335.200,000,000 s)
2024-06-04 00:13:11,263 INFO  - Sent broadcast CAM message to all vehicles (at simulation time 335.200,000,000 s)
2024-06-04 00:13:11,265 INFO  - Received CAM message from veh_81 (at simulation time 335.201,900,000 s)
2024-06-04 00:13:11,265 INFO  - Received CAM message from veh_123 (at simulation time 335.202,400,000 s)
2024-06-04 00:13:11,265 INFO  - Received CAM message from veh_120 (at simulation time 335.202,400,000 s)
2024-06-04 00:13:11,265 INFO  - Atempting to process queue (at simulation time 335.300,000,000 s)
2024-06-04 00:13:11,265 INFO  - Vehicle is inside the detection area. (at simulation time 335.300,000,000 s)
2024-06-04 00:13:11,265 INFO  - Sent Detection message to rsu_0 (at simulation time 335.300,000,000 s)
2024-06-04 00:13:11,265 INFO  - Sent broadcast CAM message to all vehicles (at simulation time 335.300,000,000 s)
2024-06-04 00:13:11,266 INFO  - Received CAM message from veh_81 (at simulation time 335.300,900,000 s)
2024-06-04 00:13:11,266 INFO  - Received CAM message from veh_123 (at simulation time 335.301,900,000 s)
2024-06-04 00:13:11,266 INFO  - Received CAM message from veh_120 (at simulation time 335.302,400,000 s)
2024-06-04 00:13:11,266 INFO  - Atempting to process queue (at simulation time 335.400,000,000 s)
2024-06-04 00:13:11,266 INFO  - Vehicle is inside the detection area. (at simulation time 335.400,000,000 s)
2024-06-04 00:13:11,266 INFO  - Sent Detection message to rsu_0 (at simulation time 335.400,000,000 s)
2024-06-04 00:13:11,266 INFO  - Sent broadcast CAM message to all vehicles (at simulation time 335.400,000,000 s)
2024-06-04 00:13:11,267 INFO  - Received CAM message from veh_120 (at simulation time 335.401,400,000 s)
2024-06-04 00:13:11,267 INFO  - Received CAM message from veh_81 (at simulation time 335.401,900,000 s)
2024-06-04 00:13:11,267 INFO  - Received CAM message from veh_123 (at simulation time 335.402,400,000 s)
2024-06-04 00:13:11,267 INFO  - Atempting to process queue (at simulation time 335.500,000,000 s)
2024-06-04 00:13:11,267 INFO  - Vehicle is inside the detection area. (at simulation time 335.500,000,000 s)
2024-06-04 00:13:11,267 INFO  - Sent Detection message to rsu_0 (at simulation time 335.500,000,000 s)
2024-06-04 00:13:11,267 INFO  - Sent broadcast CAM message to all vehicles (at simulation time 335.500,000,000 s)
2024-06-04 00:13:11,268 INFO  - Received CAM message from veh_120 (at simulation time 335.500,900,000 s)
2024-06-04 00:13:11,269 INFO  - Received CAM message from veh_123 (at simulation time 335.501,400,000 s)
2024-06-04 00:13:11,269 INFO  - Received CAM message from veh_81 (at simulation time 335.501,400,000 s)
2024-06-04 00:13:11,269 INFO  - Atempting to process queue (at simulation time 335.600,000,000 s)
2024-06-04 00:13:11,269 INFO  - Vehicle is inside the detection area. (at simulation time 335.600,000,000 s)
2024-06-04 00:13:11,269 INFO  - Sent Detection message to rsu_0 (at simulation time 335.600,000,000 s)
2024-06-04 00:13:11,269 INFO  - Sent broadcast CAM message to all vehicles (at simulation time 335.600,000,000 s)
2024-06-04 00:13:11,270 INFO  - Received CAM message from veh_120 (at simulation time 335.600,400,000 s)
2024-06-04 00:13:11,270 INFO  - Received CAM message from veh_123 (at simulation time 335.600,900,000 s)
2024-06-04 00:13:11,270 INFO  - Received CAM message from veh_81 (at simulation time 335.600,900,000 s)
2024-06-04 00:13:11,270 INFO  - Atempting to process queue (at simulation time 335.700,000,000 s)
2024-06-04 00:13:11,270 INFO  - Vehicle is inside the detection area. (at simulation time 335.700,000,000 s)
2024-06-04 00:13:11,270 INFO  - Sent Detection message to rsu_0 (at simulation time 335.700,000,000 s)
2024-06-04 00:13:11,270 INFO  - Sent broadcast CAM message to all vehicles (at simulation time 335.700,000,000 s)
2024-06-04 00:13:11,271 INFO  - Received CAM message from veh_123 (at simulation time 335.700,400,000 s)
2024-06-04 00:13:11,271 INFO  - Received CAM message from veh_120 (at simulation time 335.700,400,000 s)
2024-06-04 00:13:11,272 INFO  - Received CAM message from veh_81 (at simulation time 335.702,400,000 s)
2024-06-04 00:13:11,272 INFO  - Atempting to process queue (at simulation time 335.800,000,000 s)
2024-06-04 00:13:11,272 INFO  - Vehicle is inside the detection area. (at simulation time 335.800,000,000 s)
2024-06-04 00:13:11,272 INFO  - Sent Detection message to rsu_0 (at simulation time 335.800,000,000 s)
2024-06-04 00:13:11,272 INFO  - Sent broadcast CAM message to all vehicles (at simulation time 335.800,000,000 s)
2024-06-04 00:13:11,273 INFO  - Received CAM message from veh_120 (at simulation time 335.801,900,000 s)
2024-06-04 00:13:11,273 INFO  - Received CAM message from veh_81 (at simulation time 335.801,900,000 s)
2024-06-04 00:13:11,273 INFO  - Received CAM message from veh_123 (at simulation time 335.802,400,000 s)
2024-06-04 00:13:11,273 INFO  - Atempting to process queue (at simulation time 335.900,000,000 s)
2024-06-04 00:13:11,273 INFO  - Vehicle is inside the detection area. (at simulation time 335.900,000,000 s)
2024-06-04 00:13:11,273 INFO  - Sent Detection message to rsu_0 (at simulation time 335.900,000,000 s)
2024-06-04 00:13:11,273 INFO  - Sent broadcast CAM message to all vehicles (at simulation time 335.900,000,000 s)
2024-06-04 00:13:11,273 INFO  - Received CAM message from veh_120 (at simulation time 335.900,400,000 s)
2024-06-04 00:13:11,273 INFO  - Received CAM message from veh_81 (at simulation time 335.900,400,000 s)
2024-06-04 00:13:11,274 INFO  - Received CAM message from veh_123 (at simulation time 335.902,400,000 s)
2024-06-04 00:13:11,277 INFO  - Atempting to process queue (at simulation time 336.000,000,000 s)
2024-06-04 00:13:11,277 INFO  - Vehicle is inside the detection area. (at simulation time 336.000,000,000 s)
2024-06-04 00:13:11,277 INFO  - Sent Detection message to rsu_0 (at simulation time 336.000,000,000 s)
2024-06-04 00:13:11,277 INFO  - Sent broadcast CAM message to all vehicles (at simulation time 336.000,000,000 s)
2024-06-04 00:13:11,278 INFO  - Received CAM message from veh_120 (at simulation time 336.000,400,000 s)
2024-06-04 00:13:11,278 INFO  - Received CAM message from veh_81 (at simulation time 336.000,400,000 s)
2024-06-04 00:13:11,278 INFO  - Received CAM message from veh_129 (at simulation time 336.000,900,000 s)
2024-06-04 00:13:11,279 INFO  - Received CAM message from veh_123 (at simulation time 336.001,400,000 s)
2024-06-04 00:13:11,279 INFO  - Atempting to process queue (at simulation time 336.100,000,000 s)
2024-06-04 00:13:11,279 INFO  - Vehicle is inside the detection area. (at simulation time 336.100,000,000 s)
2024-06-04 00:13:11,279 INFO  - Sent Detection message to rsu_0 (at simulation time 336.100,000,000 s)
2024-06-04 00:13:11,279 INFO  - Sent broadcast CAM message to all vehicles (at simulation time 336.100,000,000 s)
2024-06-04 00:13:11,279 INFO  - Received CAM message from veh_129 (at simulation time 336.100,400,000 s)
2024-06-04 00:13:11,280 INFO  - Received CAM message from veh_81 (at simulation time 336.100,900,000 s)
2024-06-04 00:13:11,280 INFO  - Received CAM message from veh_123 (at simulation time 336.101,400,000 s)
2024-06-04 00:13:11,280 INFO  - Received CAM message from veh_120 (at simulation time 336.101,900,000 s)
2024-06-04 00:13:11,280 INFO  - Atempting to process queue (at simulation time 336.200,000,000 s)
2024-06-04 00:13:11,280 INFO  - Vehicle is inside the detection area. (at simulation time 336.200,000,000 s)
2024-06-04 00:13:11,280 INFO  - Sent Detection message to rsu_0 (at simulation time 336.200,000,000 s)
2024-06-04 00:13:11,280 INFO  - Sent broadcast CAM message to all vehicles (at simulation time 336.200,000,000 s)
2024-06-04 00:13:11,281 INFO  - Received CAM message from veh_123 (at simulation time 336.200,900,000 s)
2024-06-04 00:13:11,281 INFO  - Received CAM message from veh_120 (at simulation time 336.201,400,000 s)
2024-06-04 00:13:11,281 INFO  - Received CAM message from veh_81 (at simulation time 336.201,900,000 s)
2024-06-04 00:13:11,281 INFO  - Received CAM message from veh_129 (at simulation time 336.202,400,000 s)
2024-06-04 00:13:11,281 INFO  - Atempting to process queue (at simulation time 336.300,000,000 s)
2024-06-04 00:13:11,281 INFO  - Vehicle is inside the detection area. (at simulation time 336.300,000,000 s)
2024-06-04 00:13:11,281 INFO  - Sent Detection message to rsu_0 (at simulation time 336.300,000,000 s)
2024-06-04 00:13:11,281 INFO  - Sent broadcast CAM message to all vehicles (at simulation time 336.300,000,000 s)
2024-06-04 00:13:11,282 INFO  - Received CAM message from veh_123 (at simulation time 336.300,900,000 s)
2024-06-04 00:13:11,282 INFO  - Received CAM message from veh_129 (at simulation time 336.301,900,000 s)
2024-06-04 00:13:11,282 INFO  - Received CAM message from veh_81 (at simulation time 336.301,900,000 s)
2024-06-04 00:13:11,282 INFO  - Received CAM message from veh_120 (at simulation time 336.302,400,000 s)
2024-06-04 00:13:11,282 INFO  - Atempting to process queue (at simulation time 336.400,000,000 s)
2024-06-04 00:13:11,282 INFO  - Vehicle is inside the detection area. (at simulation time 336.400,000,000 s)
2024-06-04 00:13:11,282 INFO  - Sent Detection message to rsu_0 (at simulation time 336.400,000,000 s)
2024-06-04 00:13:11,282 INFO  - Sent broadcast CAM message to all vehicles (at simulation time 336.400,000,000 s)
2024-06-04 00:13:11,283 INFO  - Received CAM message from veh_123 (at simulation time 336.400,900,000 s)
2024-06-04 00:13:11,283 INFO  - Received CAM message from veh_81 (at simulation time 336.400,900,000 s)
2024-06-04 00:13:11,283 INFO  - Received CAM message from veh_129 (at simulation time 336.401,900,000 s)
2024-06-04 00:13:11,283 INFO  - Received CAM message from veh_120 (at simulation time 336.402,400,000 s)
2024-06-04 00:13:11,283 INFO  - Atempting to process queue (at simulation time 336.500,000,000 s)
2024-06-04 00:13:11,283 INFO  - Vehicle is inside the detection area. (at simulation time 336.500,000,000 s)
2024-06-04 00:13:11,283 INFO  - Sent Detection message to rsu_0 (at simulation time 336.500,000,000 s)
2024-06-04 00:13:11,283 INFO  - Sent broadcast CAM message to all vehicles (at simulation time 336.500,000,000 s)
2024-06-04 00:13:11,284 INFO  - Received CAM message from veh_81 (at simulation time 336.500,400,000 s)
2024-06-04 00:13:11,284 INFO  - Received CAM message from veh_120 (at simulation time 336.500,900,000 s)
2024-06-04 00:13:11,284 INFO  - Received CAM message from veh_123 (at simulation time 336.501,400,000 s)
2024-06-04 00:13:11,285 INFO  - Received CAM message from veh_129 (at simulation time 336.501,900,000 s)
2024-06-04 00:13:11,285 INFO  - Atempting to process queue (at simulation time 336.600,000,000 s)
2024-06-04 00:13:11,285 INFO  - Vehicle is inside the detection area. (at simulation time 336.600,000,000 s)
2024-06-04 00:13:11,285 INFO  - Sent Detection message to rsu_0 (at simulation time 336.600,000,000 s)
2024-06-04 00:13:11,285 INFO  - Sent broadcast CAM message to all vehicles (at simulation time 336.600,000,000 s)
2024-06-04 00:13:11,286 INFO  - Received CAM message from veh_129 (at simulation time 336.601,400,000 s)
2024-06-04 00:13:11,286 INFO  - Received CAM message from veh_120 (at simulation time 336.601,400,000 s)
2024-06-04 00:13:11,286 INFO  - Received CAM message from veh_81 (at simulation time 336.601,900,000 s)
2024-06-04 00:13:11,286 INFO  - Received CAM message from veh_123 (at simulation time 336.602,400,000 s)
2024-06-04 00:13:11,286 INFO  - Atempting to process queue (at simulation time 336.700,000,000 s)
2024-06-04 00:13:11,286 INFO  - Vehicle is inside the detection area. (at simulation time 336.700,000,000 s)
2024-06-04 00:13:11,286 INFO  - Sent Detection message to rsu_0 (at simulation time 336.700,000,000 s)
2024-06-04 00:13:11,286 INFO  - Sent broadcast CAM message to all vehicles (at simulation time 336.700,000,000 s)
2024-06-04 00:13:11,287 INFO  - Received CAM message from veh_129 (at simulation time 336.700,400,000 s)
2024-06-04 00:13:11,287 INFO  - Received CAM message from veh_81 (at simulation time 336.700,900,000 s)
2024-06-04 00:13:11,287 INFO  - Received CAM message from veh_120 (at simulation time 336.701,400,000 s)
2024-06-04 00:13:11,287 INFO  - Received CAM message from veh_123 (at simulation time 336.701,900,000 s)
2024-06-04 00:13:11,288 INFO  - Atempting to process queue (at simulation time 336.800,000,000 s)
2024-06-04 00:13:11,288 INFO  - Vehicle is inside the detection area. (at simulation time 336.800,000,000 s)
2024-06-04 00:13:11,288 INFO  - Sent Detection message to rsu_0 (at simulation time 336.800,000,000 s)
2024-06-04 00:13:11,288 INFO  - Sent broadcast CAM message to all vehicles (at simulation time 336.800,000,000 s)
2024-06-04 00:13:11,288 INFO  - Received CAM message from veh_129 (at simulation time 336.801,400,000 s)
2024-06-04 00:13:11,289 INFO  - Received CAM message from veh_81 (at simulation time 336.801,400,000 s)
2024-06-04 00:13:11,289 INFO  - Received CAM message from veh_123 (at simulation time 336.801,900,000 s)
2024-06-04 00:13:11,289 INFO  - Received CAM message from veh_120 (at simulation time 336.801,900,000 s)
2024-06-04 00:13:11,289 INFO  - Atempting to process queue (at simulation time 336.900,000,000 s)
2024-06-04 00:13:11,289 INFO  - Vehicle is inside the detection area. (at simulation time 336.900,000,000 s)
2024-06-04 00:13:11,289 INFO  - Sent Detection message to rsu_0 (at simulation time 336.900,000,000 s)
2024-06-04 00:13:11,289 INFO  - Sent broadcast CAM message to all vehicles (at simulation time 336.900,000,000 s)
2024-06-04 00:13:11,290 INFO  - Received CAM message from veh_120 (at simulation time 336.900,900,000 s)
2024-06-04 00:13:11,290 INFO  - Received CAM message from veh_123 (at simulation time 336.901,900,000 s)
2024-06-04 00:13:11,290 INFO  - Received CAM message from veh_81 (at simulation time 336.901,900,000 s)
2024-06-04 00:13:11,290 INFO  - Received CAM message from veh_129 (at simulation time 336.902,400,000 s)
2024-06-04 00:13:11,296 INFO  - Atempting to process queue (at simulation time 337.000,000,000 s)
2024-06-04 00:13:11,296 INFO  - Vehicle is outside the detection area. (at simulation time 337.000,000,000 s)
2024-06-04 00:13:11,296 INFO  - Sent broadcast CAM message to all vehicles (at simulation time 337.000,000,000 s)
2024-06-04 00:13:11,297 INFO  - Received CAM message from veh_129 (at simulation time 337.000,900,000 s)
2024-06-04 00:13:11,298 INFO  - Received CAM message from veh_120 (at simulation time 337.000,900,000 s)
2024-06-04 00:13:11,298 INFO  - Received CAM message from veh_102 (at simulation time 337.000,900,000 s)
2024-06-04 00:13:11,298 INFO  - Received CAM message from veh_81 (at simulation time 337.001,900,000 s)
2024-06-04 00:13:11,298 INFO  - Received CAM message from veh_123 (at simulation time 337.002,400,000 s)
2024-06-04 00:13:11,298 INFO  - Atempting to process queue (at simulation time 337.100,000,000 s)
2024-06-04 00:13:11,298 INFO  - Vehicle is outside the detection area. (at simulation time 337.100,000,000 s)
2024-06-04 00:13:11,298 INFO  - Sent broadcast CAM message to all vehicles (at simulation time 337.100,000,000 s)
2024-06-04 00:13:11,299 INFO  - Received CAM message from veh_102 (at simulation time 337.100,400,000 s)
2024-06-04 00:13:11,299 INFO  - Received CAM message from veh_81 (at simulation time 337.100,400,000 s)
2024-06-04 00:13:11,299 INFO  - Received CAM message from veh_123 (at simulation time 337.100,900,000 s)
2024-06-04 00:13:11,299 INFO  - Received CAM message from veh_129 (at simulation time 337.101,400,000 s)
2024-06-04 00:13:11,299 INFO  - Received CAM message from veh_120 (at simulation time 337.101,900,000 s)
2024-06-04 00:13:11,299 INFO  - Atempting to process queue (at simulation time 337.200,000,000 s)
2024-06-04 00:13:11,299 INFO  - Vehicle is outside the detection area. (at simulation time 337.200,000,000 s)
2024-06-04 00:13:11,299 INFO  - Sent broadcast CAM message to all vehicles (at simulation time 337.200,000,000 s)
2024-06-04 00:13:11,300 INFO  - Received CAM message from veh_129 (at simulation time 337.200,400,000 s)
2024-06-04 00:13:11,300 INFO  - Received CAM message from veh_123 (at simulation time 337.201,400,000 s)
2024-06-04 00:13:11,300 INFO  - Received CAM message from veh_81 (at simulation time 337.201,400,000 s)
2024-06-04 00:13:11,301 INFO  - Received CAM message from veh_120 (at simulation time 337.202,400,000 s)
2024-06-04 00:13:11,301 INFO  - Received CAM message from veh_102 (at simulation time 337.202,400,000 s)
2024-06-04 00:13:11,301 INFO  - Atempting to process queue (at simulation time 337.300,000,000 s)
2024-06-04 00:13:11,301 INFO  - Vehicle is outside the detection area. (at simulation time 337.300,000,000 s)
2024-06-04 00:13:11,301 INFO  - Sent broadcast CAM message to all vehicles (at simulation time 337.300,000,000 s)
2024-06-04 00:13:11,301 INFO  - Received CAM message from veh_102 (at simulation time 337.300,400,000 s)
2024-06-04 00:13:11,301 INFO  - Received CAM message from veh_81 (at simulation time 337.300,400,000 s)
2024-06-04 00:13:11,302 INFO  - Received CAM message from veh_129 (at simulation time 337.301,400,000 s)
2024-06-04 00:13:11,302 INFO  - Received CAM message from veh_123 (at simulation time 337.301,400,000 s)
2024-06-04 00:13:11,302 INFO  - Received CAM message from veh_120 (at simulation time 337.301,400,000 s)
2024-06-04 00:13:11,302 INFO  - Atempting to process queue (at simulation time 337.400,000,000 s)
2024-06-04 00:13:11,302 INFO  - Vehicle is outside the detection area. (at simulation time 337.400,000,000 s)
2024-06-04 00:13:11,302 INFO  - Sent broadcast CAM message to all vehicles (at simulation time 337.400,000,000 s)
2024-06-04 00:13:11,303 INFO  - Received CAM message from veh_123 (at simulation time 337.400,900,000 s)
2024-06-04 00:13:11,303 INFO  - Received CAM message from veh_129 (at simulation time 337.401,400,000 s)
2024-06-04 00:13:11,303 INFO  - Received CAM message from veh_81 (at simulation time 337.401,400,000 s)
2024-06-04 00:13:11,303 INFO  - Received CAM message from veh_102 (at simulation time 337.401,900,000 s)
2024-06-04 00:13:11,303 INFO  - Received CAM message from veh_120 (at simulation time 337.402,400,000 s)
2024-06-04 00:13:11,303 INFO  - Atempting to process queue (at simulation time 337.500,000,000 s)
2024-06-04 00:13:11,303 INFO  - Vehicle is outside the detection area. (at simulation time 337.500,000,000 s)
2024-06-04 00:13:11,303 INFO  - Sent broadcast CAM message to all vehicles (at simulation time 337.500,000,000 s)
2024-06-04 00:13:11,304 INFO  - Received CAM message from veh_129 (at simulation time 337.500,400,000 s)
2024-06-04 00:13:11,304 INFO  - Received CAM message from veh_81 (at simulation time 337.500,400,000 s)
2024-06-04 00:13:11,304 INFO  - Received CAM message from veh_123 (at simulation time 337.500,900,000 s)
2024-06-04 00:13:11,304 INFO  - Received CAM message from veh_120 (at simulation time 337.500,900,000 s)
2024-06-04 00:13:11,304 INFO  - Received CAM message from veh_102 (at simulation time 337.500,900,000 s)
2024-06-04 00:13:11,305 INFO  - Atempting to process queue (at simulation time 337.600,000,000 s)
2024-06-04 00:13:11,305 INFO  - Vehicle is outside the detection area. (at simulation time 337.600,000,000 s)
2024-06-04 00:13:11,305 INFO  - Sent broadcast CAM message to all vehicles (at simulation time 337.600,000,000 s)
2024-06-04 00:13:11,305 INFO  - Received CAM message from veh_120 (at simulation time 337.600,400,000 s)
2024-06-04 00:13:11,305 INFO  - Received CAM message from veh_102 (at simulation time 337.600,400,000 s)
2024-06-04 00:13:11,305 INFO  - Received CAM message from veh_81 (at simulation time 337.600,400,000 s)
2024-06-04 00:13:11,305 INFO  - Received CAM message from veh_129 (at simulation time 337.600,900,000 s)
2024-06-04 00:13:11,306 INFO  - Received CAM message from veh_123 (at simulation time 337.602,400,000 s)
2024-06-04 00:13:11,306 INFO  - Atempting to process queue (at simulation time 337.700,000,000 s)
2024-06-04 00:13:11,306 INFO  - Vehicle is outside the detection area. (at simulation time 337.700,000,000 s)
2024-06-04 00:13:11,306 INFO  - Sent broadcast CAM message to all vehicles (at simulation time 337.700,000,000 s)
2024-06-04 00:13:11,307 INFO  - Received CAM message from veh_123 (at simulation time 337.700,400,000 s)
2024-06-04 00:13:11,307 INFO  - Received CAM message from veh_120 (at simulation time 337.700,400,000 s)
2024-06-04 00:13:11,307 INFO  - Received CAM message from veh_102 (at simulation time 337.700,900,000 s)
2024-06-04 00:13:11,307 INFO  - Received CAM message from veh_129 (at simulation time 337.701,400,000 s)
2024-06-04 00:13:11,307 INFO  - Received CAM message from veh_81 (at simulation time 337.701,400,000 s)
2024-06-04 00:13:11,308 INFO  - Atempting to process queue (at simulation time 337.800,000,000 s)
2024-06-04 00:13:11,308 INFO  - Vehicle is outside the detection area. (at simulation time 337.800,000,000 s)
2024-06-04 00:13:11,308 INFO  - Sent broadcast CAM message to all vehicles (at simulation time 337.800,000,000 s)
2024-06-04 00:13:11,309 INFO  - Received CAM message from veh_123 (at simulation time 337.800,900,000 s)
2024-06-04 00:13:11,309 INFO  - Received CAM message from veh_129 (at simulation time 337.801,400,000 s)
2024-06-04 00:13:11,309 INFO  - Received CAM message from veh_102 (at simulation time 337.801,400,000 s)
2024-06-04 00:13:11,309 INFO  - Received CAM message from veh_120 (at simulation time 337.801,900,000 s)
2024-06-04 00:13:11,309 INFO  - Received CAM message from veh_81 (at simulation time 337.801,900,000 s)
2024-06-04 00:13:11,309 INFO  - Atempting to process queue (at simulation time 337.900,000,000 s)
2024-06-04 00:13:11,309 INFO  - Vehicle is outside the detection area. (at simulation time 337.900,000,000 s)
2024-06-04 00:13:11,309 INFO  - Sent broadcast CAM message to all vehicles (at simulation time 337.900,000,000 s)
2024-06-04 00:13:11,310 INFO  - Received CAM message from veh_102 (at simulation time 337.900,900,000 s)
2024-06-04 00:13:11,311 INFO  - Received CAM message from veh_123 (at simulation time 337.901,400,000 s)
2024-06-04 00:13:11,311 INFO  - Received CAM message from veh_120 (at simulation time 337.901,400,000 s)
2024-06-04 00:13:11,311 INFO  - Received CAM message from veh_129 (at simulation time 337.902,400,000 s)
2024-06-04 00:13:11,311 INFO  - Received CAM message from veh_81 (at simulation time 337.902,400,000 s)
2024-06-04 00:13:11,314 INFO  - Atempting to process queue (at simulation time 338.000,000,000 s)
2024-06-04 00:13:11,314 INFO  - Vehicle is outside the detection area. (at simulation time 338.000,000,000 s)
2024-06-04 00:13:11,314 INFO  - Sent broadcast CAM message to all vehicles (at simulation time 338.000,000,000 s)
2024-06-04 00:13:11,316 INFO  - Received CAM message from veh_123 (at simulation time 338.000,400,000 s)
2024-06-04 00:13:11,316 INFO  - Received CAM message from veh_81 (at simulation time 338.000,900,000 s)
2024-06-04 00:13:11,316 INFO  - Received CAM message from veh_120 (at simulation time 338.001,400,000 s)
2024-06-04 00:13:11,316 INFO  - Atempting to process queue (at simulation time 338.100,000,000 s)
2024-06-04 00:13:11,316 INFO  - Vehicle is outside the detection area. (at simulation time 338.100,000,000 s)
2024-06-04 00:13:11,316 INFO  - Sent broadcast CAM message to all vehicles (at simulation time 338.100,000,000 s)
2024-06-04 00:13:11,317 INFO  - Received CAM message from veh_81 (at simulation time 338.100,400,000 s)
2024-06-04 00:13:11,317 INFO  - Received CAM message from veh_123 (at simulation time 338.101,400,000 s)
2024-06-04 00:13:11,318 INFO  - Received CAM message from veh_120 (at simulation time 338.102,400,000 s)
2024-06-04 00:13:11,318 INFO  - Atempting to process queue (at simulation time 338.200,000,000 s)
2024-06-04 00:13:11,318 INFO  - Vehicle is outside the detection area. (at simulation time 338.200,000,000 s)
2024-06-04 00:13:11,318 INFO  - Sent broadcast CAM message to all vehicles (at simulation time 338.200,000,000 s)
2024-06-04 00:13:11,319 INFO  - Received CAM message from veh_120 (at simulation time 338.200,900,000 s)
2024-06-04 00:13:11,319 INFO  - Received CAM message from veh_81 (at simulation time 338.200,900,000 s)
2024-06-04 00:13:11,319 INFO  - Received CAM message from veh_123 (at simulation time 338.201,900,000 s)
2024-06-04 00:13:11,319 INFO  - Atempting to process queue (at simulation time 338.300,000,000 s)
2024-06-04 00:13:11,319 INFO  - Vehicle is outside the detection area. (at simulation time 338.300,000,000 s)
2024-06-04 00:13:11,319 INFO  - Sent broadcast CAM message to all vehicles (at simulation time 338.300,000,000 s)
2024-06-04 00:13:11,320 INFO  - Received CAM message from veh_120 (at simulation time 338.300,900,000 s)
2024-06-04 00:13:11,320 INFO  - Received CAM message from veh_123 (at simulation time 338.302,400,000 s)
2024-06-04 00:13:11,320 INFO  - Received CAM message from veh_81 (at simulation time 338.302,400,000 s)
2024-06-04 00:13:11,320 INFO  - Atempting to process queue (at simulation time 338.400,000,000 s)
2024-06-04 00:13:11,320 INFO  - Vehicle is outside the detection area. (at simulation time 338.400,000,000 s)
2024-06-04 00:13:11,320 INFO  - Sent broadcast CAM message to all vehicles (at simulation time 338.400,000,000 s)
2024-06-04 00:13:11,321 INFO  - Received CAM message from veh_123 (at simulation time 338.400,900,000 s)
2024-06-04 00:13:11,321 INFO  - Received CAM message from veh_120 (at simulation time 338.401,400,000 s)
2024-06-04 00:13:11,322 INFO  - Received CAM message from veh_81 (at simulation time 338.402,400,000 s)
2024-06-04 00:13:11,322 INFO  - Atempting to process queue (at simulation time 338.500,000,000 s)
2024-06-04 00:13:11,322 INFO  - Vehicle is outside the detection area. (at simulation time 338.500,000,000 s)
2024-06-04 00:13:11,322 INFO  - Sent broadcast CAM message to all vehicles (at simulation time 338.500,000,000 s)
2024-06-04 00:13:11,323 INFO  - Received CAM message from veh_120 (at simulation time 338.501,400,000 s)
2024-06-04 00:13:11,323 INFO  - Received CAM message from veh_81 (at simulation time 338.501,400,000 s)
2024-06-04 00:13:11,323 INFO  - Received CAM message from veh_123 (at simulation time 338.502,400,000 s)
2024-06-04 00:13:11,323 INFO  - Atempting to process queue (at simulation time 338.600,000,000 s)
2024-06-04 00:13:11,323 INFO  - Vehicle is outside the detection area. (at simulation time 338.600,000,000 s)
2024-06-04 00:13:11,323 INFO  - Sent broadcast CAM message to all vehicles (at simulation time 338.600,000,000 s)
2024-06-04 00:13:11,324 INFO  - Received CAM message from veh_123 (at simulation time 338.600,900,000 s)
2024-06-04 00:13:11,324 INFO  - Received CAM message from veh_81 (at simulation time 338.600,900,000 s)
2024-06-04 00:13:11,324 INFO  - Received CAM message from veh_120 (at simulation time 338.601,400,000 s)
2024-06-04 00:13:11,325 INFO  - Atempting to process queue (at simulation time 338.700,000,000 s)
2024-06-04 00:13:11,325 INFO  - Vehicle is outside the detection area. (at simulation time 338.700,000,000 s)
2024-06-04 00:13:11,325 INFO  - Sent broadcast CAM message to all vehicles (at simulation time 338.700,000,000 s)
2024-06-04 00:13:11,326 INFO  - Received CAM message from veh_81 (at simulation time 338.700,900,000 s)
2024-06-04 00:13:11,326 INFO  - Received CAM message from veh_123 (at simulation time 338.701,400,000 s)
2024-06-04 00:13:11,326 INFO  - Received CAM message from veh_120 (at simulation time 338.701,900,000 s)
2024-06-04 00:13:11,326 INFO  - Atempting to process queue (at simulation time 338.800,000,000 s)
2024-06-04 00:13:11,326 INFO  - Vehicle is outside the detection area. (at simulation time 338.800,000,000 s)
2024-06-04 00:13:11,326 INFO  - Sent broadcast CAM message to all vehicles (at simulation time 338.800,000,000 s)
2024-06-04 00:13:11,327 INFO  - Received CAM message from veh_81 (at simulation time 338.800,400,000 s)
2024-06-04 00:13:11,327 INFO  - Received CAM message from veh_120 (at simulation time 338.800,900,000 s)
2024-06-04 00:13:11,328 INFO  - Received CAM message from veh_123 (at simulation time 338.802,400,000 s)
2024-06-04 00:13:11,328 INFO  - Atempting to process queue (at simulation time 338.900,000,000 s)
2024-06-04 00:13:11,328 INFO  - Vehicle is outside the detection area. (at simulation time 338.900,000,000 s)
2024-06-04 00:13:11,328 INFO  - Sent broadcast CAM message to all vehicles (at simulation time 338.900,000,000 s)
2024-06-04 00:13:11,329 INFO  - Received CAM message from veh_120 (at simulation time 338.900,400,000 s)
2024-06-04 00:13:11,329 INFO  - Received CAM message from veh_123 (at simulation time 338.900,900,000 s)
2024-06-04 00:13:11,330 INFO  - Received CAM message from veh_81 (at simulation time 338.902,400,000 s)
2024-06-04 00:13:11,333 INFO  - Atempting to process queue (at simulation time 339.000,000,000 s)
2024-06-04 00:13:11,333 INFO  - Vehicle is outside the detection area. (at simulation time 339.000,000,000 s)
2024-06-04 00:13:11,333 INFO  - Sent broadcast CAM message to all vehicles (at simulation time 339.000,000,000 s)
2024-06-04 00:13:11,334 INFO  - Received CAM message from veh_120 (at simulation time 339.000,400,000 s)
2024-06-04 00:13:11,335 INFO  - Received CAM message from veh_123 (at simulation time 339.001,400,000 s)
2024-06-04 00:13:11,335 INFO  - Received CAM message from veh_81 (at simulation time 339.002,400,000 s)
2024-06-04 00:13:11,335 INFO  - Atempting to process queue (at simulation time 339.100,000,000 s)
2024-06-04 00:13:11,335 INFO  - Vehicle is outside the detection area. (at simulation time 339.100,000,000 s)
2024-06-04 00:13:11,335 INFO  - Sent broadcast CAM message to all vehicles (at simulation time 339.100,000,000 s)
2024-06-04 00:13:11,336 INFO  - Received CAM message from veh_120 (at simulation time 339.100,900,000 s)
2024-06-04 00:13:11,336 INFO  - Received CAM message from veh_123 (at simulation time 339.101,900,000 s)
2024-06-04 00:13:11,336 INFO  - Received CAM message from veh_81 (at simulation time 339.102,400,000 s)
2024-06-04 00:13:11,336 INFO  - Atempting to process queue (at simulation time 339.200,000,000 s)
2024-06-04 00:13:11,336 INFO  - Vehicle is outside the detection area. (at simulation time 339.200,000,000 s)
2024-06-04 00:13:11,336 INFO  - Sent broadcast CAM message to all vehicles (at simulation time 339.200,000,000 s)
2024-06-04 00:13:11,337 INFO  - Received CAM message from veh_120 (at simulation time 339.201,400,000 s)
2024-06-04 00:13:11,338 INFO  - Received CAM message from veh_123 (at simulation time 339.201,900,000 s)
2024-06-04 00:13:11,338 INFO  - Received CAM message from veh_81 (at simulation time 339.202,400,000 s)
2024-06-04 00:13:11,338 INFO  - Atempting to process queue (at simulation time 339.300,000,000 s)
2024-06-04 00:13:11,338 INFO  - Vehicle is outside the detection area. (at simulation time 339.300,000,000 s)
2024-06-04 00:13:11,338 INFO  - Sent broadcast CAM message to all vehicles (at simulation time 339.300,000,000 s)
2024-06-04 00:13:11,338 INFO  - Received CAM message from veh_81 (at simulation time 339.300,400,000 s)
2024-06-04 00:13:11,339 INFO  - Received CAM message from veh_123 (at simulation time 339.300,900,000 s)
2024-06-04 00:13:11,339 INFO  - Received CAM message from veh_120 (at simulation time 339.301,400,000 s)
2024-06-04 00:13:11,339 INFO  - Atempting to process queue (at simulation time 339.400,000,000 s)
2024-06-04 00:13:11,339 INFO  - Vehicle is outside the detection area. (at simulation time 339.400,000,000 s)
2024-06-04 00:13:11,339 INFO  - Sent broadcast CAM message to all vehicles (at simulation time 339.400,000,000 s)
2024-06-04 00:13:11,340 INFO  - Received CAM message from veh_120 (at simulation time 339.400,400,000 s)
2024-06-04 00:13:11,340 INFO  - Received CAM message from veh_81 (at simulation time 339.400,900,000 s)
2024-06-04 00:13:11,341 INFO  - Received CAM message from veh_123 (at simulation time 339.401,900,000 s)
2024-06-04 00:13:11,341 INFO  - Atempting to process queue (at simulation time 339.500,000,000 s)
2024-06-04 00:13:11,341 INFO  - Vehicle is outside the detection area. (at simulation time 339.500,000,000 s)
2024-06-04 00:13:11,341 INFO  - Sent broadcast CAM message to all vehicles (at simulation time 339.500,000,000 s)
2024-06-04 00:13:11,342 INFO  - Received CAM message from veh_120 (at simulation time 339.500,900,000 s)
2024-06-04 00:13:11,342 INFO  - Received CAM message from veh_81 (at simulation time 339.501,400,000 s)
2024-06-04 00:13:11,342 INFO  - Received CAM message from veh_123 (at simulation time 339.501,900,000 s)
2024-06-04 00:13:11,343 INFO  - Atempting to process queue (at simulation time 339.600,000,000 s)
2024-06-04 00:13:11,343 INFO  - Vehicle is outside the detection area. (at simulation time 339.600,000,000 s)
2024-06-04 00:13:11,343 INFO  - Sent broadcast CAM message to all vehicles (at simulation time 339.600,000,000 s)
2024-06-04 00:13:11,343 INFO  - Received CAM message from veh_120 (at simulation time 339.600,400,000 s)
2024-06-04 00:13:11,344 INFO  - Received CAM message from veh_81 (at simulation time 339.601,400,000 s)
2024-06-04 00:13:11,344 INFO  - Received CAM message from veh_123 (at simulation time 339.602,400,000 s)
2024-06-04 00:13:11,344 INFO  - Atempting to process queue (at simulation time 339.700,000,000 s)
2024-06-04 00:13:11,344 INFO  - Vehicle is outside the detection area. (at simulation time 339.700,000,000 s)
2024-06-04 00:13:11,344 INFO  - Sent broadcast CAM message to all vehicles (at simulation time 339.700,000,000 s)
2024-06-04 00:13:11,345 INFO  - Received CAM message from veh_123 (at simulation time 339.700,400,000 s)
2024-06-04 00:13:11,345 INFO  - Received CAM message from veh_81 (at simulation time 339.701,400,000 s)
2024-06-04 00:13:11,345 INFO  - Received CAM message from veh_120 (at simulation time 339.701,900,000 s)
2024-06-04 00:13:11,346 INFO  - Atempting to process queue (at simulation time 339.800,000,000 s)
2024-06-04 00:13:11,346 INFO  - Vehicle is outside the detection area. (at simulation time 339.800,000,000 s)
2024-06-04 00:13:11,346 INFO  - Sent broadcast CAM message to all vehicles (at simulation time 339.800,000,000 s)
2024-06-04 00:13:11,347 INFO  - Received CAM message from veh_123 (at simulation time 339.800,900,000 s)
2024-06-04 00:13:11,347 INFO  - Received CAM message from veh_81 (at simulation time 339.801,400,000 s)
2024-06-04 00:13:11,347 INFO  - Received CAM message from veh_120 (at simulation time 339.801,900,000 s)
2024-06-04 00:13:11,347 INFO  - Atempting to process queue (at simulation time 339.900,000,000 s)
2024-06-04 00:13:11,347 INFO  - Vehicle is outside the detection area. (at simulation time 339.900,000,000 s)
2024-06-04 00:13:11,347 INFO  - Sent broadcast CAM message to all vehicles (at simulation time 339.900,000,000 s)
2024-06-04 00:13:11,348 INFO  - Received CAM message from veh_120 (at simulation time 339.900,900,000 s)
2024-06-04 00:13:11,348 INFO  - Received CAM message from veh_81 (at simulation time 339.900,900,000 s)
2024-06-04 00:13:11,349 INFO  - Received CAM message from veh_123 (at simulation time 339.901,400,000 s)
2024-06-04 00:13:11,352 INFO  - Atempting to process queue (at simulation time 340.000,000,000 s)
2024-06-04 00:13:11,352 INFO  - Vehicle is outside the detection area. (at simulation time 340.000,000,000 s)
2024-06-04 00:13:11,352 INFO  - Sent broadcast CAM message to all vehicles (at simulation time 340.000,000,000 s)
2024-06-04 00:13:11,354 INFO  - Received CAM message from veh_120 (at simulation time 340.000,900,000 s)
2024-06-04 00:13:11,354 INFO  - Received CAM message from veh_81 (at simulation time 340.000,900,000 s)
2024-06-04 00:13:11,354 INFO  - Received CAM message from veh_123 (at simulation time 340.001,400,000 s)
2024-06-04 00:13:11,354 INFO  - Atempting to process queue (at simulation time 340.100,000,000 s)
2024-06-04 00:13:11,354 INFO  - Vehicle is outside the detection area. (at simulation time 340.100,000,000 s)
2024-06-04 00:13:11,354 INFO  - Sent broadcast CAM message to all vehicles (at simulation time 340.100,000,000 s)
2024-06-04 00:13:11,355 INFO  - Received CAM message from veh_81 (at simulation time 340.100,900,000 s)
2024-06-04 00:13:11,355 INFO  - Received CAM message from veh_120 (at simulation time 340.101,400,000 s)
2024-06-04 00:13:11,355 INFO  - Received CAM message from veh_123 (at simulation time 340.101,900,000 s)
2024-06-04 00:13:11,355 INFO  - Atempting to process queue (at simulation time 340.200,000,000 s)
2024-06-04 00:13:11,355 INFO  - Vehicle is outside the detection area. (at simulation time 340.200,000,000 s)
2024-06-04 00:13:11,355 INFO  - Sent broadcast CAM message to all vehicles (at simulation time 340.200,000,000 s)
2024-06-04 00:13:11,356 INFO  - Received CAM message from veh_123 (at simulation time 340.200,400,000 s)
2024-06-04 00:13:11,356 INFO  - Received CAM message from veh_120 (at simulation time 340.200,900,000 s)
2024-06-04 00:13:11,356 INFO  - Received CAM message from veh_81 (at simulation time 340.202,400,000 s)
2024-06-04 00:13:11,357 INFO  - Atempting to process queue (at simulation time 340.300,000,000 s)
2024-06-04 00:13:11,357 INFO  - Vehicle is outside the detection area. (at simulation time 340.300,000,000 s)
2024-06-04 00:13:11,357 INFO  - Sent broadcast CAM message to all vehicles (at simulation time 340.300,000,000 s)
2024-06-04 00:13:11,357 INFO  - Received CAM message from veh_123 (at simulation time 340.300,400,000 s)
2024-06-04 00:13:11,357 INFO  - Received CAM message from veh_120 (at simulation time 340.300,900,000 s)
2024-06-04 00:13:11,358 INFO  - Received CAM message from veh_81 (at simulation time 340.302,400,000 s)
2024-06-04 00:13:11,358 INFO  - Atempting to process queue (at simulation time 340.400,000,000 s)
2024-06-04 00:13:11,358 INFO  - Vehicle is outside the detection area. (at simulation time 340.400,000,000 s)
2024-06-04 00:13:11,358 INFO  - Sent broadcast CAM message to all vehicles (at simulation time 340.400,000,000 s)
2024-06-04 00:13:11,358 INFO  - Received CAM message from veh_81 (at simulation time 340.400,400,000 s)
2024-06-04 00:13:11,359 INFO  - Received CAM message from veh_123 (at simulation time 340.401,900,000 s)
2024-06-04 00:13:11,359 INFO  - Received CAM message from veh_120 (at simulation time 340.401,900,000 s)
2024-06-04 00:13:11,359 INFO  - Atempting to process queue (at simulation time 340.500,000,000 s)
2024-06-04 00:13:11,359 INFO  - Vehicle is outside the detection area. (at simulation time 340.500,000,000 s)
2024-06-04 00:13:11,359 INFO  - Sent broadcast CAM message to all vehicles (at simulation time 340.500,000,000 s)
2024-06-04 00:13:11,360 INFO  - Received CAM message from veh_123 (at simulation time 340.501,400,000 s)
2024-06-04 00:13:11,360 INFO  - Received CAM message from veh_120 (at simulation time 340.501,400,000 s)
2024-06-04 00:13:11,360 INFO  - Received CAM message from veh_81 (at simulation time 340.501,400,000 s)
2024-06-04 00:13:11,360 INFO  - Atempting to process queue (at simulation time 340.600,000,000 s)
2024-06-04 00:13:11,360 INFO  - Vehicle is outside the detection area. (at simulation time 340.600,000,000 s)
2024-06-04 00:13:11,360 INFO  - Sent broadcast CAM message to all vehicles (at simulation time 340.600,000,000 s)
2024-06-04 00:13:11,361 INFO  - Received CAM message from veh_120 (at simulation time 340.600,900,000 s)
2024-06-04 00:13:11,361 INFO  - Received CAM message from veh_123 (at simulation time 340.601,400,000 s)
2024-06-04 00:13:11,361 INFO  - Received CAM message from veh_81 (at simulation time 340.601,900,000 s)
2024-06-04 00:13:11,362 INFO  - Atempting to process queue (at simulation time 340.700,000,000 s)
2024-06-04 00:13:11,362 INFO  - Vehicle is outside the detection area. (at simulation time 340.700,000,000 s)
2024-06-04 00:13:11,362 INFO  - Sent broadcast CAM message to all vehicles (at simulation time 340.700,000,000 s)
2024-06-04 00:13:11,362 INFO  - Received CAM message from veh_120 (at simulation time 340.700,900,000 s)
2024-06-04 00:13:11,363 INFO  - Received CAM message from veh_123 (at simulation time 340.701,400,000 s)
2024-06-04 00:13:11,363 INFO  - Received CAM message from veh_81 (at simulation time 340.701,900,000 s)
2024-06-04 00:13:11,363 INFO  - Atempting to process queue (at simulation time 340.800,000,000 s)
2024-06-04 00:13:11,363 INFO  - Vehicle is outside the detection area. (at simulation time 340.800,000,000 s)
2024-06-04 00:13:11,363 INFO  - Sent broadcast CAM message to all vehicles (at simulation time 340.800,000,000 s)
2024-06-04 00:13:11,364 INFO  - Received CAM message from veh_123 (at simulation time 340.801,900,000 s)
2024-06-04 00:13:11,364 INFO  - Received CAM message from veh_120 (at simulation time 340.801,900,000 s)
2024-06-04 00:13:11,364 INFO  - Received CAM message from veh_81 (at simulation time 340.801,900,000 s)
2024-06-04 00:13:11,365 INFO  - Atempting to process queue (at simulation time 340.900,000,000 s)
2024-06-04 00:13:11,365 INFO  - Vehicle is outside the detection area. (at simulation time 340.900,000,000 s)
2024-06-04 00:13:11,365 INFO  - Sent broadcast CAM message to all vehicles (at simulation time 340.900,000,000 s)
2024-06-04 00:13:11,365 INFO  - Received CAM message from veh_123 (at simulation time 340.900,900,000 s)
2024-06-04 00:13:11,366 INFO  - Received CAM message from veh_120 (at simulation time 340.900,900,000 s)
2024-06-04 00:13:11,366 INFO  - Received CAM message from veh_81 (at simulation time 340.902,400,000 s)
2024-06-04 00:13:11,370 INFO  - Atempting to process queue (at simulation time 341.000,000,000 s)
2024-06-04 00:13:11,370 INFO  - Vehicle is outside the detection area. (at simulation time 341.000,000,000 s)
2024-06-04 00:13:11,370 INFO  - Sent broadcast CAM message to all vehicles (at simulation time 341.000,000,000 s)
2024-06-04 00:13:11,372 INFO  - Received CAM message from veh_120 (at simulation time 341.002,400,000 s)
2024-06-04 00:13:11,372 INFO  - Atempting to process queue (at simulation time 341.100,000,000 s)
2024-06-04 00:13:11,372 INFO  - Vehicle is outside the detection area. (at simulation time 341.100,000,000 s)
2024-06-04 00:13:11,372 INFO  - Sent broadcast CAM message to all vehicles (at simulation time 341.100,000,000 s)
2024-06-04 00:13:11,373 INFO  - Received CAM message from veh_120 (at simulation time 341.102,400,000 s)
2024-06-04 00:13:11,373 INFO  - Atempting to process queue (at simulation time 341.200,000,000 s)
2024-06-04 00:13:11,373 INFO  - Vehicle is outside the detection area. (at simulation time 341.200,000,000 s)
2024-06-04 00:13:11,373 INFO  - Sent broadcast CAM message to all vehicles (at simulation time 341.200,000,000 s)
2024-06-04 00:13:11,374 INFO  - Received CAM message from veh_120 (at simulation time 341.202,400,000 s)
2024-06-04 00:13:11,374 INFO  - Atempting to process queue (at simulation time 341.300,000,000 s)
2024-06-04 00:13:11,374 INFO  - Vehicle is outside the detection area. (at simulation time 341.300,000,000 s)
2024-06-04 00:13:11,374 INFO  - Sent broadcast CAM message to all vehicles (at simulation time 341.300,000,000 s)
2024-06-04 00:13:11,375 INFO  - Received CAM message from veh_120 (at simulation time 341.302,400,000 s)
2024-06-04 00:13:11,376 INFO  - Atempting to process queue (at simulation time 341.400,000,000 s)
2024-06-04 00:13:11,376 INFO  - Vehicle is outside the detection area. (at simulation time 341.400,000,000 s)
2024-06-04 00:13:11,376 INFO  - Sent broadcast CAM message to all vehicles (at simulation time 341.400,000,000 s)
2024-06-04 00:13:11,377 INFO  - Received CAM message from veh_120 (at simulation time 341.401,900,000 s)
2024-06-04 00:13:11,377 INFO  - Atempting to process queue (at simulation time 341.500,000,000 s)
2024-06-04 00:13:11,377 INFO  - Vehicle is outside the detection area. (at simulation time 341.500,000,000 s)
2024-06-04 00:13:11,377 INFO  - Sent broadcast CAM message to all vehicles (at simulation time 341.500,000,000 s)
2024-06-04 00:13:11,378 INFO  - Received CAM message from veh_120 (at simulation time 341.500,400,000 s)
2024-06-04 00:13:11,379 INFO  - Atempting to process queue (at simulation time 341.600,000,000 s)
2024-06-04 00:13:11,379 INFO  - Vehicle is outside the detection area. (at simulation time 341.600,000,000 s)
2024-06-04 00:13:11,379 INFO  - Sent broadcast CAM message to all vehicles (at simulation time 341.600,000,000 s)
2024-06-04 00:13:11,380 INFO  - Received CAM message from veh_120 (at simulation time 341.602,400,000 s)
2024-06-04 00:13:11,380 INFO  - Atempting to process queue (at simulation time 341.700,000,000 s)
2024-06-04 00:13:11,380 INFO  - Vehicle is outside the detection area. (at simulation time 341.700,000,000 s)
2024-06-04 00:13:11,380 INFO  - Sent broadcast CAM message to all vehicles (at simulation time 341.700,000,000 s)
2024-06-04 00:13:11,381 INFO  - Received CAM message from veh_120 (at simulation time 341.701,400,000 s)
2024-06-04 00:13:11,382 INFO  - Atempting to process queue (at simulation time 341.800,000,000 s)
2024-06-04 00:13:11,382 INFO  - Vehicle is outside the detection area. (at simulation time 341.800,000,000 s)
2024-06-04 00:13:11,382 INFO  - Sent broadcast CAM message to all vehicles (at simulation time 341.800,000,000 s)
2024-06-04 00:13:11,383 INFO  - Received CAM message from veh_120 (at simulation time 341.801,400,000 s)
2024-06-04 00:13:11,383 INFO  - Atempting to process queue (at simulation time 341.900,000,000 s)
2024-06-04 00:13:11,383 INFO  - Vehicle is outside the detection area. (at simulation time 341.900,000,000 s)
2024-06-04 00:13:11,383 INFO  - Sent broadcast CAM message to all vehicles (at simulation time 341.900,000,000 s)
2024-06-04 00:13:11,385 INFO  - Received CAM message from veh_120 (at simulation time 341.901,900,000 s)
2024-06-04 00:13:11,388 INFO  - Atempting to process queue (at simulation time 342.000,000,000 s)
2024-06-04 00:13:11,388 INFO  - Vehicle is outside the detection area. (at simulation time 342.000,000,000 s)
2024-06-04 00:13:11,388 INFO  - Sent broadcast CAM message to all vehicles (at simulation time 342.000,000,000 s)
2024-06-04 00:13:11,391 INFO  - Vehicle is outside the detection area. (at simulation time 342.100,000,000 s)
2024-06-04 00:13:11,391 INFO  - Sent broadcast CAM message to all vehicles (at simulation time 342.100,000,000 s)
2024-06-04 00:13:11,393 INFO  - Vehicle is outside the detection area. (at simulation time 342.200,000,000 s)
2024-06-04 00:13:11,393 INFO  - Sent broadcast CAM message to all vehicles (at simulation time 342.200,000,000 s)
2024-06-04 00:13:11,396 INFO  - Vehicle is outside the detection area. (at simulation time 342.300,000,000 s)
2024-06-04 00:13:11,396 INFO  - Sent broadcast CAM message to all vehicles (at simulation time 342.300,000,000 s)
2024-06-04 00:13:11,398 INFO  - Vehicle is outside the detection area. (at simulation time 342.400,000,000 s)
2024-06-04 00:13:11,398 INFO  - Sent broadcast CAM message to all vehicles (at simulation time 342.400,000,000 s)
2024-06-04 00:13:11,400 INFO  - Vehicle is outside the detection area. (at simulation time 342.500,000,000 s)
2024-06-04 00:13:11,400 INFO  - Sent broadcast CAM message to all vehicles (at simulation time 342.500,000,000 s)
2024-06-04 00:13:11,403 INFO  - Vehicle is outside the detection area. (at simulation time 342.600,000,000 s)
2024-06-04 00:13:11,403 INFO  - Sent broadcast CAM message to all vehicles (at simulation time 342.600,000,000 s)
2024-06-04 00:13:11,405 INFO  - Vehicle is outside the detection area. (at simulation time 342.700,000,000 s)
2024-06-04 00:13:11,405 INFO  - Sent broadcast CAM message to all vehicles (at simulation time 342.700,000,000 s)
2024-06-04 00:13:11,407 INFO  - Vehicle is outside the detection area. (at simulation time 342.800,000,000 s)
2024-06-04 00:13:11,407 INFO  - Sent broadcast CAM message to all vehicles (at simulation time 342.800,000,000 s)
2024-06-04 00:13:11,409 INFO  - Vehicle is outside the detection area. (at simulation time 342.900,000,000 s)
2024-06-04 00:13:11,409 INFO  - Sent broadcast CAM message to all vehicles (at simulation time 342.900,000,000 s)
2024-06-04 00:13:11,420 INFO  - Vehicle is outside the detection area. (at simulation time 343.000,000,000 s)
2024-06-04 00:13:11,420 INFO  - Sent broadcast CAM message to all vehicles (at simulation time 343.000,000,000 s)
2024-06-04 00:13:11,423 INFO  - Vehicle is outside the detection area. (at simulation time 343.100,000,000 s)
2024-06-04 00:13:11,423 INFO  - Sent broadcast CAM message to all vehicles (at simulation time 343.100,000,000 s)
2024-06-04 00:13:11,425 INFO  - Vehicle is outside the detection area. (at simulation time 343.200,000,000 s)
2024-06-04 00:13:11,425 INFO  - Sent broadcast CAM message to all vehicles (at simulation time 343.200,000,000 s)
2024-06-04 00:13:11,426 INFO  - Vehicle is outside the detection area. (at simulation time 343.300,000,000 s)
2024-06-04 00:13:11,426 INFO  - Sent broadcast CAM message to all vehicles (at simulation time 343.300,000,000 s)
2024-06-04 00:13:11,427 INFO  - Vehicle is outside the detection area. (at simulation time 343.400,000,000 s)
2024-06-04 00:13:11,427 INFO  - Sent broadcast CAM message to all vehicles (at simulation time 343.400,000,000 s)
2024-06-04 00:13:11,452 INFO  - Vehicle is outside the detection area. (at simulation time 343.500,000,000 s)
2024-06-04 00:13:11,452 INFO  - Sent broadcast CAM message to all vehicles (at simulation time 343.500,000,000 s)
2024-06-04 00:13:11,454 INFO  - Vehicle is outside the detection area. (at simulation time 343.600,000,000 s)
2024-06-04 00:13:11,454 INFO  - Sent broadcast CAM message to all vehicles (at simulation time 343.600,000,000 s)
2024-06-04 00:13:11,456 INFO  - Vehicle is outside the detection area. (at simulation time 343.700,000,000 s)
2024-06-04 00:13:11,456 INFO  - Sent broadcast CAM message to all vehicles (at simulation time 343.700,000,000 s)
2024-06-04 00:13:11,458 INFO  - Vehicle is outside the detection area. (at simulation time 343.800,000,000 s)
2024-06-04 00:13:11,458 INFO  - Sent broadcast CAM message to all vehicles (at simulation time 343.800,000,000 s)
2024-06-04 00:13:11,459 INFO  - Vehicle is outside the detection area. (at simulation time 343.900,000,000 s)
2024-06-04 00:13:11,459 INFO  - Sent broadcast CAM message to all vehicles (at simulation time 343.900,000,000 s)
2024-06-04 00:13:11,464 INFO  - Vehicle is outside the detection area. (at simulation time 344.000,000,000 s)
2024-06-04 00:13:11,464 INFO  - Sent broadcast CAM message to all vehicles (at simulation time 344.000,000,000 s)
2024-06-04 00:13:11,466 INFO  - Vehicle is outside the detection area. (at simulation time 344.100,000,000 s)
2024-06-04 00:13:11,466 INFO  - Sent broadcast CAM message to all vehicles (at simulation time 344.100,000,000 s)
2024-06-04 00:13:11,467 INFO  - Vehicle is outside the detection area. (at simulation time 344.200,000,000 s)
2024-06-04 00:13:11,467 INFO  - Sent broadcast CAM message to all vehicles (at simulation time 344.200,000,000 s)
2024-06-04 00:13:11,469 INFO  - Vehicle is outside the detection area. (at simulation time 344.300,000,000 s)
2024-06-04 00:13:11,469 INFO  - Sent broadcast CAM message to all vehicles (at simulation time 344.300,000,000 s)
2024-06-04 00:13:11,470 INFO  - Vehicle is outside the detection area. (at simulation time 344.400,000,000 s)
2024-06-04 00:13:11,470 INFO  - Sent broadcast CAM message to all vehicles (at simulation time 344.400,000,000 s)
2024-06-04 00:13:11,472 INFO  - Vehicle is outside the detection area. (at simulation time 344.500,000,000 s)
2024-06-04 00:13:11,472 INFO  - Sent broadcast CAM message to all vehicles (at simulation time 344.500,000,000 s)
2024-06-04 00:13:11,473 INFO  - Vehicle is outside the detection area. (at simulation time 344.600,000,000 s)
2024-06-04 00:13:11,473 INFO  - Sent broadcast CAM message to all vehicles (at simulation time 344.600,000,000 s)
2024-06-04 00:13:11,475 INFO  - Vehicle is outside the detection area. (at simulation time 344.700,000,000 s)
2024-06-04 00:13:11,475 INFO  - Sent broadcast CAM message to all vehicles (at simulation time 344.700,000,000 s)
2024-06-04 00:13:11,477 INFO  - Vehicle is outside the detection area. (at simulation time 344.800,000,000 s)
2024-06-04 00:13:11,477 INFO  - Sent broadcast CAM message to all vehicles (at simulation time 344.800,000,000 s)
2024-06-04 00:13:11,478 INFO  - Vehicle is outside the detection area. (at simulation time 344.900,000,000 s)
2024-06-04 00:13:11,478 INFO  - Sent broadcast CAM message to all vehicles (at simulation time 344.900,000,000 s)
2024-06-04 00:13:11,484 INFO  - Vehicle is outside the detection area. (at simulation time 345.000,000,000 s)
2024-06-04 00:13:11,484 INFO  - Sent broadcast CAM message to all vehicles (at simulation time 345.000,000,000 s)
2024-06-04 00:13:11,486 INFO  - Vehicle is outside the detection area. (at simulation time 345.100,000,000 s)
2024-06-04 00:13:11,486 INFO  - Sent broadcast CAM message to all vehicles (at simulation time 345.100,000,000 s)
2024-06-04 00:13:11,487 INFO  - Vehicle is outside the detection area. (at simulation time 345.200,000,000 s)
2024-06-04 00:13:11,487 INFO  - Sent broadcast CAM message to all vehicles (at simulation time 345.200,000,000 s)
2024-06-04 00:13:11,488 INFO  - Vehicle is outside the detection area. (at simulation time 345.300,000,000 s)
2024-06-04 00:13:11,488 INFO  - Sent broadcast CAM message to all vehicles (at simulation time 345.300,000,000 s)
2024-06-04 00:13:11,489 INFO  - Vehicle is outside the detection area. (at simulation time 345.400,000,000 s)
2024-06-04 00:13:11,489 INFO  - Sent broadcast CAM message to all vehicles (at simulation time 345.400,000,000 s)
2024-06-04 00:13:11,491 INFO  - Vehicle is outside the detection area. (at simulation time 345.500,000,000 s)
2024-06-04 00:13:11,491 INFO  - Sent broadcast CAM message to all vehicles (at simulation time 345.500,000,000 s)
2024-06-04 00:13:11,492 INFO  - Vehicle is outside the detection area. (at simulation time 345.600,000,000 s)
2024-06-04 00:13:11,492 INFO  - Sent broadcast CAM message to all vehicles (at simulation time 345.600,000,000 s)
2024-06-04 00:13:11,493 INFO  - Vehicle is outside the detection area. (at simulation time 345.700,000,000 s)
2024-06-04 00:13:11,493 INFO  - Sent broadcast CAM message to all vehicles (at simulation time 345.700,000,000 s)
2024-06-04 00:13:11,495 INFO  - Vehicle is outside the detection area. (at simulation time 345.800,000,000 s)
2024-06-04 00:13:11,495 INFO  - Sent broadcast CAM message to all vehicles (at simulation time 345.800,000,000 s)
2024-06-04 00:13:11,496 INFO  - Vehicle is outside the detection area. (at simulation time 345.900,000,000 s)
2024-06-04 00:13:11,496 INFO  - Sent broadcast CAM message to all vehicles (at simulation time 345.900,000,000 s)
2024-06-04 00:13:11,501 INFO  - Shutdown application (at simulation time 346.000,000,000 s)
