2024-06-04 00:13:08,245 INFO  - Initialize application (at simulation time 217.000,000,000 s)
2024-06-04 00:13:08,247 INFO  - Activated WLAN Module (at simulation time 217.000,000,000 s)
2024-06-04 00:13:08,247 INFO  - Vehicle is outside the detection area. (at simulation time 217.000,000,000 s)
2024-06-04 00:13:08,247 INFO  - Sent broadcast CAM message to all vehicles (at simulation time 217.000,000,000 s)
2024-06-04 00:13:08,251 INFO  - Vehicle is outside the detection area. (at simulation time 217.100,000,000 s)
2024-06-04 00:13:08,251 INFO  - Sent broadcast CAM message to all vehicles (at simulation time 217.100,000,000 s)
2024-06-04 00:13:08,253 INFO  - Vehicle is outside the detection area. (at simulation time 217.200,000,000 s)
2024-06-04 00:13:08,253 INFO  - Sent broadcast CAM message to all vehicles (at simulation time 217.200,000,000 s)
2024-06-04 00:13:08,256 INFO  - Vehicle is outside the detection area. (at simulation time 217.300,000,000 s)
2024-06-04 00:13:08,256 INFO  - Sent broadcast CAM message to all vehicles (at simulation time 217.300,000,000 s)
2024-06-04 00:13:08,257 INFO  - Vehicle is outside the detection area. (at simulation time 217.400,000,000 s)
2024-06-04 00:13:08,257 INFO  - Sent broadcast CAM message to all vehicles (at simulation time 217.400,000,000 s)
2024-06-04 00:13:08,261 INFO  - Vehicle is outside the detection area. (at simulation time 217.500,000,000 s)
2024-06-04 00:13:08,261 INFO  - Sent broadcast CAM message to all vehicles (at simulation time 217.500,000,000 s)
2024-06-04 00:13:08,266 INFO  - Vehicle is outside the detection area. (at simulation time 217.600,000,000 s)
2024-06-04 00:13:08,266 INFO  - Sent broadcast CAM message to all vehicles (at simulation time 217.600,000,000 s)
2024-06-04 00:13:08,269 INFO  - Vehicle is outside the detection area. (at simulation time 217.700,000,000 s)
2024-06-04 00:13:08,269 INFO  - Sent broadcast CAM message to all vehicles (at simulation time 217.700,000,000 s)
2024-06-04 00:13:08,271 INFO  - Vehicle is outside the detection area. (at simulation time 217.800,000,000 s)
2024-06-04 00:13:08,271 INFO  - Sent broadcast CAM message to all vehicles (at simulation time 217.800,000,000 s)
2024-06-04 00:13:08,273 INFO  - Vehicle is outside the detection area. (at simulation time 217.900,000,000 s)
2024-06-04 00:13:08,273 INFO  - Sent broadcast CAM message to all vehicles (at simulation time 217.900,000,000 s)
2024-06-04 00:13:08,277 INFO  - Vehicle is outside the detection area. (at simulation time 218.000,000,000 s)
2024-06-04 00:13:08,277 INFO  - Sent broadcast CAM message to all vehicles (at simulation time 218.000,000,000 s)
2024-06-04 00:13:08,280 INFO  - Vehicle is outside the detection area. (at simulation time 218.100,000,000 s)
2024-06-04 00:13:08,280 INFO  - Sent broadcast CAM message to all vehicles (at simulation time 218.100,000,000 s)
2024-06-04 00:13:08,282 INFO  - Vehicle is outside the detection area. (at simulation time 218.200,000,000 s)
2024-06-04 00:13:08,282 INFO  - Sent broadcast CAM message to all vehicles (at simulation time 218.200,000,000 s)
2024-06-04 00:13:08,283 INFO  - Vehicle is outside the detection area. (at simulation time 218.300,000,000 s)
2024-06-04 00:13:08,283 INFO  - Sent broadcast CAM message to all vehicles (at simulation time 218.300,000,000 s)
2024-06-04 00:13:08,285 INFO  - Vehicle is outside the detection area. (at simulation time 218.400,000,000 s)
2024-06-04 00:13:08,285 INFO  - Sent broadcast CAM message to all vehicles (at simulation time 218.400,000,000 s)
2024-06-04 00:13:08,287 INFO  - Vehicle is outside the detection area. (at simulation time 218.500,000,000 s)
2024-06-04 00:13:08,287 INFO  - Sent broadcast CAM message to all vehicles (at simulation time 218.500,000,000 s)
2024-06-04 00:13:08,289 INFO  - Vehicle is outside the detection area. (at simulation time 218.600,000,000 s)
2024-06-04 00:13:08,289 INFO  - Sent broadcast CAM message to all vehicles (at simulation time 218.600,000,000 s)
2024-06-04 00:13:08,292 INFO  - Vehicle is outside the detection area. (at simulation time 218.700,000,000 s)
2024-06-04 00:13:08,292 INFO  - Sent broadcast CAM message to all vehicles (at simulation time 218.700,000,000 s)
2024-06-04 00:13:08,294 INFO  - Vehicle is outside the detection area. (at simulation time 218.800,000,000 s)
2024-06-04 00:13:08,294 INFO  - Sent broadcast CAM message to all vehicles (at simulation time 218.800,000,000 s)
2024-06-04 00:13:08,296 INFO  - Vehicle is outside the detection area. (at simulation time 218.900,000,000 s)
2024-06-04 00:13:08,296 INFO  - Sent broadcast CAM message to all vehicles (at simulation time 218.900,000,000 s)
2024-06-04 00:13:08,301 INFO  - Vehicle is inside the detection area. (at simulation time 219.000,000,000 s)
2024-06-04 00:13:08,301 INFO  - Vehicle is too far away from the traffic light. (at simulation time 219.000,000,000 s)
2024-06-04 00:13:08,301 INFO  - No vehicles in range. (at simulation time 219.000,000,000 s)
2024-06-04 00:13:08,301 INFO  - Neither the RSU nor any vehicle is in range. (at simulation time 219.000,000,000 s)
2024-06-04 00:13:08,301 INFO  - Sent broadcast CAM message to all vehicles (at simulation time 219.000,000,000 s)
2024-06-04 00:13:08,303 INFO  - Vehicle is inside the detection area. (at simulation time 219.100,000,000 s)
2024-06-04 00:13:08,303 INFO  - Vehicle is too far away from the traffic light. (at simulation time 219.100,000,000 s)
2024-06-04 00:13:08,303 INFO  - No vehicles in range. (at simulation time 219.100,000,000 s)
2024-06-04 00:13:08,303 INFO  - Neither the RSU nor any vehicle is in range. (at simulation time 219.100,000,000 s)
2024-06-04 00:13:08,303 INFO  - Sent broadcast CAM message to all vehicles (at simulation time 219.100,000,000 s)
2024-06-04 00:13:08,305 INFO  - Vehicle is inside the detection area. (at simulation time 219.200,000,000 s)
2024-06-04 00:13:08,305 INFO  - Vehicle is too far away from the traffic light. (at simulation time 219.200,000,000 s)
2024-06-04 00:13:08,305 INFO  - No vehicles in range. (at simulation time 219.200,000,000 s)
2024-06-04 00:13:08,305 INFO  - Neither the RSU nor any vehicle is in range. (at simulation time 219.200,000,000 s)
2024-06-04 00:13:08,305 INFO  - Sent broadcast CAM message to all vehicles (at simulation time 219.200,000,000 s)
2024-06-04 00:13:08,306 INFO  - Vehicle is inside the detection area. (at simulation time 219.300,000,000 s)
2024-06-04 00:13:08,306 INFO  - Vehicle is too far away from the traffic light. (at simulation time 219.300,000,000 s)
2024-06-04 00:13:08,306 INFO  - No vehicles in range. (at simulation time 219.300,000,000 s)
2024-06-04 00:13:08,306 INFO  - Neither the RSU nor any vehicle is in range. (at simulation time 219.300,000,000 s)
2024-06-04 00:13:08,306 INFO  - Sent broadcast CAM message to all vehicles (at simulation time 219.300,000,000 s)
2024-06-04 00:13:08,308 INFO  - Vehicle is inside the detection area. (at simulation time 219.400,000,000 s)
2024-06-04 00:13:08,308 INFO  - Vehicle is too far away from the traffic light. (at simulation time 219.400,000,000 s)
2024-06-04 00:13:08,308 INFO  - No vehicles in range. (at simulation time 219.400,000,000 s)
2024-06-04 00:13:08,308 INFO  - Neither the RSU nor any vehicle is in range. (at simulation time 219.400,000,000 s)
2024-06-04 00:13:08,308 INFO  - Sent broadcast CAM message to all vehicles (at simulation time 219.400,000,000 s)
2024-06-04 00:13:08,309 INFO  - Vehicle is inside the detection area. (at simulation time 219.500,000,000 s)
2024-06-04 00:13:08,309 INFO  - Vehicle is too far away from the traffic light. (at simulation time 219.500,000,000 s)
2024-06-04 00:13:08,309 INFO  - No vehicles in range. (at simulation time 219.500,000,000 s)
2024-06-04 00:13:08,309 INFO  - Neither the RSU nor any vehicle is in range. (at simulation time 219.500,000,000 s)
2024-06-04 00:13:08,309 INFO  - Sent broadcast CAM message to all vehicles (at simulation time 219.500,000,000 s)
2024-06-04 00:13:08,310 INFO  - Vehicle is inside the detection area. (at simulation time 219.600,000,000 s)
2024-06-04 00:13:08,310 INFO  - Vehicle is too far away from the traffic light. (at simulation time 219.600,000,000 s)
2024-06-04 00:13:08,310 INFO  - No vehicles in range. (at simulation time 219.600,000,000 s)
2024-06-04 00:13:08,310 INFO  - Neither the RSU nor any vehicle is in range. (at simulation time 219.600,000,000 s)
2024-06-04 00:13:08,310 INFO  - Sent broadcast CAM message to all vehicles (at simulation time 219.600,000,000 s)
2024-06-04 00:13:08,312 INFO  - Vehicle is inside the detection area. (at simulation time 219.700,000,000 s)
2024-06-04 00:13:08,312 INFO  - Vehicle is too far away from the traffic light. (at simulation time 219.700,000,000 s)
2024-06-04 00:13:08,312 INFO  - No vehicles in range. (at simulation time 219.700,000,000 s)
2024-06-04 00:13:08,312 INFO  - Neither the RSU nor any vehicle is in range. (at simulation time 219.700,000,000 s)
2024-06-04 00:13:08,312 INFO  - Sent broadcast CAM message to all vehicles (at simulation time 219.700,000,000 s)
2024-06-04 00:13:08,314 INFO  - Vehicle is inside the detection area. (at simulation time 219.800,000,000 s)
2024-06-04 00:13:08,314 INFO  - Vehicle is too far away from the traffic light. (at simulation time 219.800,000,000 s)
2024-06-04 00:13:08,314 INFO  - No vehicles in range. (at simulation time 219.800,000,000 s)
2024-06-04 00:13:08,314 INFO  - Neither the RSU nor any vehicle is in range. (at simulation time 219.800,000,000 s)
2024-06-04 00:13:08,314 INFO  - Sent broadcast CAM message to all vehicles (at simulation time 219.800,000,000 s)
2024-06-04 00:13:08,315 INFO  - Vehicle is inside the detection area. (at simulation time 219.900,000,000 s)
2024-06-04 00:13:08,315 INFO  - Vehicle is too far away from the traffic light. (at simulation time 219.900,000,000 s)
2024-06-04 00:13:08,315 INFO  - No vehicles in range. (at simulation time 219.900,000,000 s)
2024-06-04 00:13:08,315 INFO  - Neither the RSU nor any vehicle is in range. (at simulation time 219.900,000,000 s)
2024-06-04 00:13:08,315 INFO  - Sent broadcast CAM message to all vehicles (at simulation time 219.900,000,000 s)
2024-06-04 00:13:08,321 INFO  - Vehicle is inside the detection area. (at simulation time 220.000,000,000 s)
2024-06-04 00:13:08,321 INFO  - Vehicle is too far away from the traffic light. (at simulation time 220.000,000,000 s)
2024-06-04 00:13:08,321 INFO  - No vehicles in range. (at simulation time 220.000,000,000 s)
2024-06-04 00:13:08,321 INFO  - Neither the RSU nor any vehicle is in range. (at simulation time 220.000,000,000 s)
2024-06-04 00:13:08,321 INFO  - Sent broadcast CAM message to all vehicles (at simulation time 220.000,000,000 s)
2024-06-04 00:13:08,324 INFO  - Vehicle is inside the detection area. (at simulation time 220.100,000,000 s)
2024-06-04 00:13:08,324 INFO  - Vehicle is too far away from the traffic light. (at simulation time 220.100,000,000 s)
2024-06-04 00:13:08,324 INFO  - No vehicles in range. (at simulation time 220.100,000,000 s)
2024-06-04 00:13:08,324 INFO  - Neither the RSU nor any vehicle is in range. (at simulation time 220.100,000,000 s)
2024-06-04 00:13:08,324 INFO  - Sent broadcast CAM message to all vehicles (at simulation time 220.100,000,000 s)
2024-06-04 00:13:08,326 INFO  - Vehicle is inside the detection area. (at simulation time 220.200,000,000 s)
2024-06-04 00:13:08,326 INFO  - Vehicle is too far away from the traffic light. (at simulation time 220.200,000,000 s)
2024-06-04 00:13:08,326 INFO  - No vehicles in range. (at simulation time 220.200,000,000 s)
2024-06-04 00:13:08,326 INFO  - Neither the RSU nor any vehicle is in range. (at simulation time 220.200,000,000 s)
2024-06-04 00:13:08,326 INFO  - Sent broadcast CAM message to all vehicles (at simulation time 220.200,000,000 s)
2024-06-04 00:13:08,328 INFO  - Vehicle is inside the detection area. (at simulation time 220.300,000,000 s)
2024-06-04 00:13:08,328 INFO  - Vehicle is too far away from the traffic light. (at simulation time 220.300,000,000 s)
2024-06-04 00:13:08,328 INFO  - No vehicles in range. (at simulation time 220.300,000,000 s)
2024-06-04 00:13:08,328 INFO  - Neither the RSU nor any vehicle is in range. (at simulation time 220.300,000,000 s)
2024-06-04 00:13:08,328 INFO  - Sent broadcast CAM message to all vehicles (at simulation time 220.300,000,000 s)
2024-06-04 00:13:08,330 INFO  - Vehicle is inside the detection area. (at simulation time 220.400,000,000 s)
2024-06-04 00:13:08,330 INFO  - Vehicle is too far away from the traffic light. (at simulation time 220.400,000,000 s)
2024-06-04 00:13:08,330 INFO  - No vehicles in range. (at simulation time 220.400,000,000 s)
2024-06-04 00:13:08,330 INFO  - Neither the RSU nor any vehicle is in range. (at simulation time 220.400,000,000 s)
2024-06-04 00:13:08,330 INFO  - Sent broadcast CAM message to all vehicles (at simulation time 220.400,000,000 s)
2024-06-04 00:13:08,332 INFO  - Vehicle is inside the detection area. (at simulation time 220.500,000,000 s)
2024-06-04 00:13:08,332 INFO  - Vehicle is too far away from the traffic light. (at simulation time 220.500,000,000 s)
2024-06-04 00:13:08,332 INFO  - No vehicles in range. (at simulation time 220.500,000,000 s)
2024-06-04 00:13:08,332 INFO  - Neither the RSU nor any vehicle is in range. (at simulation time 220.500,000,000 s)
2024-06-04 00:13:08,332 INFO  - Sent broadcast CAM message to all vehicles (at simulation time 220.500,000,000 s)
2024-06-04 00:13:08,333 INFO  - Vehicle is inside the detection area. (at simulation time 220.600,000,000 s)
2024-06-04 00:13:08,333 INFO  - Vehicle is too far away from the traffic light. (at simulation time 220.600,000,000 s)
2024-06-04 00:13:08,333 INFO  - No vehicles in range. (at simulation time 220.600,000,000 s)
2024-06-04 00:13:08,333 INFO  - Neither the RSU nor any vehicle is in range. (at simulation time 220.600,000,000 s)
2024-06-04 00:13:08,333 INFO  - Sent broadcast CAM message to all vehicles (at simulation time 220.600,000,000 s)
2024-06-04 00:13:08,335 INFO  - Vehicle is inside the detection area. (at simulation time 220.700,000,000 s)
2024-06-04 00:13:08,335 INFO  - Vehicle is too far away from the traffic light. (at simulation time 220.700,000,000 s)
2024-06-04 00:13:08,335 INFO  - No vehicles in range. (at simulation time 220.700,000,000 s)
2024-06-04 00:13:08,335 INFO  - Neither the RSU nor any vehicle is in range. (at simulation time 220.700,000,000 s)
2024-06-04 00:13:08,335 INFO  - Sent broadcast CAM message to all vehicles (at simulation time 220.700,000,000 s)
2024-06-04 00:13:08,337 INFO  - Vehicle is inside the detection area. (at simulation time 220.800,000,000 s)
2024-06-04 00:13:08,337 INFO  - Vehicle is too far away from the traffic light. (at simulation time 220.800,000,000 s)
2024-06-04 00:13:08,337 INFO  - No vehicles in range. (at simulation time 220.800,000,000 s)
2024-06-04 00:13:08,337 INFO  - Neither the RSU nor any vehicle is in range. (at simulation time 220.800,000,000 s)
2024-06-04 00:13:08,337 INFO  - Sent broadcast CAM message to all vehicles (at simulation time 220.800,000,000 s)
2024-06-04 00:13:08,338 INFO  - Vehicle is inside the detection area. (at simulation time 220.900,000,000 s)
2024-06-04 00:13:08,338 INFO  - Vehicle is too far away from the traffic light. (at simulation time 220.900,000,000 s)
2024-06-04 00:13:08,338 INFO  - No vehicles in range. (at simulation time 220.900,000,000 s)
2024-06-04 00:13:08,338 INFO  - Neither the RSU nor any vehicle is in range. (at simulation time 220.900,000,000 s)
2024-06-04 00:13:08,338 INFO  - Sent broadcast CAM message to all vehicles (at simulation time 220.900,000,000 s)
2024-06-04 00:13:08,343 INFO  - Atempting to process queue (at simulation time 221.000,000,000 s)
2024-06-04 00:13:08,343 INFO  - Vehicle is inside the detection area. (at simulation time 221.000,000,000 s)
2024-06-04 00:13:08,343 INFO  - Sent Detection message to rsu_0 (at simulation time 221.000,000,000 s)
2024-06-04 00:13:08,343 INFO  - Sent broadcast CAM message to all vehicles (at simulation time 221.000,000,000 s)
2024-06-04 00:13:08,345 INFO  - Received CAM message from veh_90 (at simulation time 221.000,900,000 s)
2024-06-04 00:13:08,345 INFO  - Received CAM message from veh_54 (at simulation time 221.001,900,000 s)
2024-06-04 00:13:08,345 INFO  - Received CAM message from veh_74 (at simulation time 221.002,400,000 s)
2024-06-04 00:13:08,345 INFO  - Atempting to process queue (at simulation time 221.100,000,000 s)
2024-06-04 00:13:08,345 INFO  - Vehicle is inside the detection area. (at simulation time 221.100,000,000 s)
2024-06-04 00:13:08,346 INFO  - Sent Detection message to rsu_0 (at simulation time 221.100,000,000 s)
2024-06-04 00:13:08,346 INFO  - Sent broadcast CAM message to all vehicles (at simulation time 221.100,000,000 s)
2024-06-04 00:13:08,346 INFO  - Received CAM message from veh_90 (at simulation time 221.100,900,000 s)
2024-06-04 00:13:08,347 INFO  - Received CAM message from veh_54 (at simulation time 221.101,400,000 s)
2024-06-04 00:13:08,347 INFO  - Received CAM message from veh_74 (at simulation time 221.101,900,000 s)
2024-06-04 00:13:08,347 INFO  - Atempting to process queue (at simulation time 221.200,000,000 s)
2024-06-04 00:13:08,347 INFO  - Vehicle is inside the detection area. (at simulation time 221.200,000,000 s)
2024-06-04 00:13:08,347 INFO  - Sent Detection message to rsu_0 (at simulation time 221.200,000,000 s)
2024-06-04 00:13:08,347 INFO  - Sent broadcast CAM message to all vehicles (at simulation time 221.200,000,000 s)
2024-06-04 00:13:08,348 INFO  - Received CAM message from veh_54 (at simulation time 221.200,400,000 s)
2024-06-04 00:13:08,349 INFO  - Received CAM message from veh_74 (at simulation time 221.201,900,000 s)
2024-06-04 00:13:08,349 INFO  - Received CAM message from veh_90 (at simulation time 221.202,400,000 s)
2024-06-04 00:13:08,350 INFO  - Atempting to process queue (at simulation time 221.300,000,000 s)
2024-06-04 00:13:08,350 INFO  - Vehicle is inside the detection area. (at simulation time 221.300,000,000 s)
2024-06-04 00:13:08,350 INFO  - Sent Detection message to rsu_0 (at simulation time 221.300,000,000 s)
2024-06-04 00:13:08,350 INFO  - Sent broadcast CAM message to all vehicles (at simulation time 221.300,000,000 s)
2024-06-04 00:13:08,351 INFO  - Received CAM message from veh_90 (at simulation time 221.301,400,000 s)
2024-06-04 00:13:08,351 INFO  - Received CAM message from veh_74 (at simulation time 221.301,400,000 s)
2024-06-04 00:13:08,351 INFO  - Received CAM message from veh_54 (at simulation time 221.302,400,000 s)
2024-06-04 00:13:08,351 INFO  - Atempting to process queue (at simulation time 221.400,000,000 s)
2024-06-04 00:13:08,351 INFO  - Vehicle is inside the detection area. (at simulation time 221.400,000,000 s)
2024-06-04 00:13:08,351 INFO  - Sent Detection message to rsu_0 (at simulation time 221.400,000,000 s)
2024-06-04 00:13:08,351 INFO  - Sent broadcast CAM message to all vehicles (at simulation time 221.400,000,000 s)
2024-06-04 00:13:08,352 INFO  - Received CAM message from veh_90 (at simulation time 221.400,400,000 s)
2024-06-04 00:13:08,352 INFO  - Received CAM message from veh_74 (at simulation time 221.400,900,000 s)
2024-06-04 00:13:08,353 INFO  - Received CAM message from veh_54 (at simulation time 221.402,400,000 s)
2024-06-04 00:13:08,353 INFO  - Atempting to process queue (at simulation time 221.500,000,000 s)
2024-06-04 00:13:08,353 INFO  - Vehicle is inside the detection area. (at simulation time 221.500,000,000 s)
2024-06-04 00:13:08,353 INFO  - Sent Detection message to rsu_0 (at simulation time 221.500,000,000 s)
2024-06-04 00:13:08,353 INFO  - Sent broadcast CAM message to all vehicles (at simulation time 221.500,000,000 s)
2024-06-04 00:13:08,355 INFO  - Received CAM message from veh_90 (at simulation time 221.501,900,000 s)
2024-06-04 00:13:08,355 INFO  - Received CAM message from veh_54 (at simulation time 221.501,900,000 s)
2024-06-04 00:13:08,355 INFO  - Received CAM message from veh_74 (at simulation time 221.502,400,000 s)
2024-06-04 00:13:08,355 INFO  - Atempting to process queue (at simulation time 221.600,000,000 s)
2024-06-04 00:13:08,355 INFO  - Vehicle is inside the detection area. (at simulation time 221.600,000,000 s)
2024-06-04 00:13:08,355 INFO  - Sent Detection message to rsu_0 (at simulation time 221.600,000,000 s)
2024-06-04 00:13:08,355 INFO  - Sent broadcast CAM message to all vehicles (at simulation time 221.600,000,000 s)
2024-06-04 00:13:08,356 INFO  - Received CAM message from veh_74 (at simulation time 221.601,400,000 s)
2024-06-04 00:13:08,357 INFO  - Received CAM message from veh_54 (at simulation time 221.601,900,000 s)
2024-06-04 00:13:08,357 INFO  - Received CAM message from veh_90 (at simulation time 221.602,400,000 s)
2024-06-04 00:13:08,357 INFO  - Atempting to process queue (at simulation time 221.700,000,000 s)
2024-06-04 00:13:08,357 INFO  - Vehicle is inside the detection area. (at simulation time 221.700,000,000 s)
2024-06-04 00:13:08,357 INFO  - Sent Detection message to rsu_0 (at simulation time 221.700,000,000 s)
2024-06-04 00:13:08,357 INFO  - Sent broadcast CAM message to all vehicles (at simulation time 221.700,000,000 s)
2024-06-04 00:13:08,358 INFO  - Received CAM message from veh_90 (at simulation time 221.700,900,000 s)
2024-06-04 00:13:08,358 INFO  - Received CAM message from veh_54 (at simulation time 221.701,400,000 s)
2024-06-04 00:13:08,358 INFO  - Received CAM message from veh_74 (at simulation time 221.702,400,000 s)
2024-06-04 00:13:08,358 INFO  - Atempting to process queue (at simulation time 221.800,000,000 s)
2024-06-04 00:13:08,358 INFO  - Vehicle is inside the detection area. (at simulation time 221.800,000,000 s)
2024-06-04 00:13:08,358 INFO  - Sent Detection message to rsu_0 (at simulation time 221.800,000,000 s)
2024-06-04 00:13:08,358 INFO  - Sent broadcast CAM message to all vehicles (at simulation time 221.800,000,000 s)
2024-06-04 00:13:08,359 INFO  - Received CAM message from veh_54 (at simulation time 221.800,400,000 s)
2024-06-04 00:13:08,360 INFO  - Received CAM message from veh_74 (at simulation time 221.801,400,000 s)
2024-06-04 00:13:08,360 INFO  - Received CAM message from veh_90 (at simulation time 221.802,400,000 s)
2024-06-04 00:13:08,360 INFO  - Atempting to process queue (at simulation time 221.900,000,000 s)
2024-06-04 00:13:08,360 INFO  - Vehicle is inside the detection area. (at simulation time 221.900,000,000 s)
2024-06-04 00:13:08,360 INFO  - Sent Detection message to rsu_0 (at simulation time 221.900,000,000 s)
2024-06-04 00:13:08,360 INFO  - Sent broadcast CAM message to all vehicles (at simulation time 221.900,000,000 s)
2024-06-04 00:13:08,361 INFO  - Received CAM message from veh_90 (at simulation time 221.900,400,000 s)
2024-06-04 00:13:08,361 INFO  - Received CAM message from veh_54 (at simulation time 221.900,400,000 s)
2024-06-04 00:13:08,361 INFO  - Received CAM message from veh_74 (at simulation time 221.900,900,000 s)
2024-06-04 00:13:08,365 INFO  - Atempting to process queue (at simulation time 222.000,000,000 s)
2024-06-04 00:13:08,365 INFO  - Vehicle is inside the detection area. (at simulation time 222.000,000,000 s)
2024-06-04 00:13:08,365 INFO  - Sent Detection message to rsu_0 (at simulation time 222.000,000,000 s)
2024-06-04 00:13:08,365 INFO  - Sent broadcast CAM message to all vehicles (at simulation time 222.000,000,000 s)
2024-06-04 00:13:08,368 INFO  - Received CAM message from veh_90 (at simulation time 222.000,900,000 s)
2024-06-04 00:13:08,368 INFO  - Received CAM message from veh_74 (at simulation time 222.000,900,000 s)
2024-06-04 00:13:08,368 INFO  - Received CAM message from veh_96 (at simulation time 222.001,400,000 s)
2024-06-04 00:13:08,368 INFO  - Received CAM message from veh_54 (at simulation time 222.001,400,000 s)
2024-06-04 00:13:08,369 INFO  - Received CAM message from veh_70 (at simulation time 222.002,400,000 s)
2024-06-04 00:13:08,369 INFO  - Atempting to process queue (at simulation time 222.100,000,000 s)
2024-06-04 00:13:08,369 INFO  - Vehicle is inside the detection area. (at simulation time 222.100,000,000 s)
2024-06-04 00:13:08,369 INFO  - Sent Detection message to rsu_0 (at simulation time 222.100,000,000 s)
2024-06-04 00:13:08,369 INFO  - Sent broadcast CAM message to all vehicles (at simulation time 222.100,000,000 s)
2024-06-04 00:13:08,369 INFO  - Received CAM message from veh_70 (at simulation time 222.100,900,000 s)
2024-06-04 00:13:08,370 INFO  - Received CAM message from veh_96 (at simulation time 222.101,900,000 s)
2024-06-04 00:13:08,370 INFO  - Received CAM message from veh_90 (at simulation time 222.101,900,000 s)
2024-06-04 00:13:08,370 INFO  - Received CAM message from veh_74 (at simulation time 222.102,400,000 s)
2024-06-04 00:13:08,370 INFO  - Received CAM message from veh_54 (at simulation time 222.102,400,000 s)
2024-06-04 00:13:08,370 INFO  - Atempting to process queue (at simulation time 222.200,000,000 s)
2024-06-04 00:13:08,370 INFO  - Vehicle is inside the detection area. (at simulation time 222.200,000,000 s)
2024-06-04 00:13:08,370 INFO  - Sent Detection message to rsu_0 (at simulation time 222.200,000,000 s)
2024-06-04 00:13:08,370 INFO  - Sent broadcast CAM message to all vehicles (at simulation time 222.200,000,000 s)
2024-06-04 00:13:08,372 INFO  - Received CAM message from veh_96 (at simulation time 222.200,400,000 s)
2024-06-04 00:13:08,372 INFO  - Received Control message from rsu_0 to veh_125 (at simulation time 222.200,400,000 s)
2024-06-04 00:13:08,372 INFO  - Forwarded Control message to veh_74 (at simulation time 222.200,400,000 s)
2024-06-04 00:13:08,372 INFO  - Received Control message from rsu_0 to veh_104 (at simulation time 222.200,400,000 s)
2024-06-04 00:13:08,372 INFO  - Forwarded Control message to veh_74 (at simulation time 222.200,400,000 s)
2024-06-04 00:13:08,372 INFO  - Received Control message from rsu_0 to veh_95 (at simulation time 222.200,400,000 s)
2024-06-04 00:13:08,372 INFO  - Forwarded Control message to veh_74 (at simulation time 222.200,400,000 s)
2024-06-04 00:13:08,372 INFO  - Received Control message from rsu_0 to veh_98 (at simulation time 222.200,400,000 s)
2024-06-04 00:13:08,372 INFO  - Forwarded Control message to veh_74 (at simulation time 222.200,400,000 s)
2024-06-04 00:13:08,372 INFO  - Received Control message from rsu_0 to veh_68 (at simulation time 222.200,400,000 s)
2024-06-04 00:13:08,372 INFO  - Forwarded Control message to veh_74 (at simulation time 222.200,400,000 s)
2024-06-04 00:13:08,372 INFO  - Received Control message from rsu_0 to veh_113 (at simulation time 222.200,400,000 s)
2024-06-04 00:13:08,372 INFO  - Forwarded Control message to veh_74 (at simulation time 222.200,400,000 s)
2024-06-04 00:13:08,372 INFO  - Received Control message from rsu_0 to veh_110 (at simulation time 222.200,400,000 s)
2024-06-04 00:13:08,372 INFO  - Forwarded Control message to veh_74 (at simulation time 222.200,400,000 s)
2024-06-04 00:13:08,373 INFO  - Received CAM message from veh_74 (at simulation time 222.200,900,000 s)
2024-06-04 00:13:08,373 INFO  - Received CAM message from veh_70 (at simulation time 222.200,900,000 s)
2024-06-04 00:13:08,373 INFO  - Received Control message from rsu_0 to veh_36 (at simulation time 222.200,900,000 s)
2024-06-04 00:13:08,373 INFO  - Forwarded Control message to veh_74 (at simulation time 222.200,900,000 s)
2024-06-04 00:13:08,373 INFO  - Received Control message from rsu_0 to veh_12 (at simulation time 222.200,900,000 s)
2024-06-04 00:13:08,373 INFO  - Forwarded Control message to veh_74 (at simulation time 222.200,900,000 s)
2024-06-04 00:13:08,373 INFO  - Received Control message from rsu_0 to veh_0 (at simulation time 222.200,900,000 s)
2024-06-04 00:13:08,373 INFO  - Forwarded Control message to veh_74 (at simulation time 222.200,900,000 s)
2024-06-04 00:13:08,373 INFO  - Received Control message from rsu_0 to veh_92 (at simulation time 222.200,900,000 s)
2024-06-04 00:13:08,373 INFO  - Forwarded Control message to veh_74 (at simulation time 222.200,900,000 s)
2024-06-04 00:13:08,373 INFO  - Received Control message from rsu_0 to veh_28 (at simulation time 222.200,900,000 s)
2024-06-04 00:13:08,373 INFO  - Forwarded Control message to veh_74 (at simulation time 222.200,900,000 s)
2024-06-04 00:13:08,373 INFO  - Received CAM message from veh_54 (at simulation time 222.201,400,000 s)
2024-06-04 00:13:08,373 INFO  - Received Control message from rsu_0 to veh_80 (at simulation time 222.201,400,000 s)
2024-06-04 00:13:08,373 INFO  - Forwarded Control message to veh_74 (at simulation time 222.201,400,000 s)
2024-06-04 00:13:08,373 INFO  - Received Control message from rsu_0 to veh_16 (at simulation time 222.201,400,000 s)
2024-06-04 00:13:08,373 INFO  - Forwarded Control message to veh_74 (at simulation time 222.201,400,000 s)
2024-06-04 00:13:08,373 INFO  - Received Control message from rsu_0 to veh_122 (at simulation time 222.201,400,000 s)
2024-06-04 00:13:08,373 INFO  - Forwarded Control message to veh_74 (at simulation time 222.201,400,000 s)
2024-06-04 00:13:08,373 INFO  - Received Control message from rsu_0 to veh_72 (at simulation time 222.201,400,000 s)
2024-06-04 00:13:08,373 INFO  - Forwarded Control message to veh_74 (at simulation time 222.201,400,000 s)
2024-06-04 00:13:08,373 INFO  - Received Control message from rsu_0 to veh_32 (at simulation time 222.201,400,000 s)
2024-06-04 00:13:08,374 INFO  - Forwarded Control message to veh_74 (at simulation time 222.201,400,000 s)
2024-06-04 00:13:08,374 INFO  - Received Control message from rsu_0 to veh_76 (at simulation time 222.201,400,000 s)
2024-06-04 00:13:08,374 INFO  - Forwarded Control message to veh_74 (at simulation time 222.201,400,000 s)
2024-06-04 00:13:08,374 INFO  - Received Control message from rsu_0 to veh_119 (at simulation time 222.201,400,000 s)
2024-06-04 00:13:08,374 INFO  - Forwarded Control message to veh_74 (at simulation time 222.201,400,000 s)
2024-06-04 00:13:08,374 INFO  - Received Control message from rsu_0 to veh_48 (at simulation time 222.201,400,000 s)
2024-06-04 00:13:08,374 INFO  - Forwarded Control message to veh_74 (at simulation time 222.201,400,000 s)
2024-06-04 00:13:08,374 INFO  - Received Control message from rsu_0 to veh_24 (at simulation time 222.201,400,000 s)
2024-06-04 00:13:08,374 INFO  - Forwarded Control message to veh_74 (at simulation time 222.201,400,000 s)
2024-06-04 00:13:08,374 INFO  - Received Control message from rsu_0 to veh_83 (at simulation time 222.201,400,000 s)
2024-06-04 00:13:08,374 INFO  - Forwarded Control message to veh_74 (at simulation time 222.201,400,000 s)
2024-06-04 00:13:08,374 INFO  - Received Control message from rsu_0 to veh_89 (at simulation time 222.201,400,000 s)
2024-06-04 00:13:08,374 INFO  - Forwarded Control message to veh_74 (at simulation time 222.201,400,000 s)
2024-06-04 00:13:08,374 INFO  - Received CAM message from veh_90 (at simulation time 222.201,900,000 s)
2024-06-04 00:13:08,374 INFO  - Received Control message from rsu_0 to veh_107 (at simulation time 222.201,900,000 s)
2024-06-04 00:13:08,375 INFO  - Forwarded Control message to veh_74 (at simulation time 222.201,900,000 s)
2024-06-04 00:13:08,375 INFO  - Received Control message from rsu_0 to veh_101 (at simulation time 222.201,900,000 s)
2024-06-04 00:13:08,375 INFO  - Forwarded Control message to veh_74 (at simulation time 222.201,900,000 s)
2024-06-04 00:13:08,375 INFO  - Received Control message from rsu_0 to veh_56 (at simulation time 222.201,900,000 s)
2024-06-04 00:13:08,375 INFO  - Forwarded Control message to veh_74 (at simulation time 222.201,900,000 s)
2024-06-04 00:13:08,375 INFO  - Received Control message from rsu_0 to veh_4 (at simulation time 222.201,900,000 s)
2024-06-04 00:13:08,375 INFO  - Forwarded Control message to veh_74 (at simulation time 222.201,900,000 s)
2024-06-04 00:13:08,375 INFO  - Received Control message from rsu_0 to veh_8 (at simulation time 222.201,900,000 s)
2024-06-04 00:13:08,375 INFO  - Forwarded Control message to veh_74 (at simulation time 222.201,900,000 s)
2024-06-04 00:13:08,376 INFO  - Received Control message from rsu_0 to veh_128 (at simulation time 222.202,400,000 s)
2024-06-04 00:13:08,376 INFO  - Current route: 1, lane: 0 (at simulation time 222.202,400,000 s)
2024-06-04 00:13:08,376 INFO  - Vehicle position: GeoPoint{lat=40.743508,lon=-73.988445,alt=0.00} (at simulation time 222.202,400,000 s)
2024-06-04 00:13:08,376 INFO  - Received Control message from rsu_0 to veh_52 (at simulation time 222.202,400,000 s)
2024-06-04 00:13:08,376 INFO  - Forwarded Control message to veh_74 (at simulation time 222.202,400,000 s)
2024-06-04 00:13:08,376 INFO  - Received Control message from rsu_0 to veh_116 (at simulation time 222.202,400,000 s)
2024-06-04 00:13:08,376 INFO  - Forwarded Control message to veh_74 (at simulation time 222.202,400,000 s)
2024-06-04 00:13:08,376 INFO  - Received Control message from rsu_0 to veh_40 (at simulation time 222.202,400,000 s)
2024-06-04 00:13:08,376 INFO  - Forwarded Control message to veh_74 (at simulation time 222.202,400,000 s)
2024-06-04 00:13:08,376 INFO  - Received Control message from rsu_0 to veh_60 (at simulation time 222.202,400,000 s)
2024-06-04 00:13:08,376 INFO  - Forwarded Control message to veh_74 (at simulation time 222.202,400,000 s)
2024-06-04 00:13:08,376 INFO  - Received Control message from rsu_0 to veh_44 (at simulation time 222.202,400,000 s)
2024-06-04 00:13:08,376 INFO  - Forwarded Control message to veh_74 (at simulation time 222.202,400,000 s)
2024-06-04 00:13:08,376 INFO  - Received Control message from rsu_0 to veh_20 (at simulation time 222.202,400,000 s)
2024-06-04 00:13:08,376 INFO  - Forwarded Control message to veh_74 (at simulation time 222.202,400,000 s)
2024-06-04 00:13:08,376 INFO  - Received Control message from rsu_0 to veh_64 (at simulation time 222.202,400,000 s)
2024-06-04 00:13:08,376 INFO  - Forwarded Control message to veh_74 (at simulation time 222.202,400,000 s)
2024-06-04 00:13:08,376 INFO  - Received Control message from rsu_0 to veh_86 (at simulation time 222.202,400,000 s)
2024-06-04 00:13:08,376 INFO  - Forwarded Control message to veh_74 (at simulation time 222.202,400,000 s)
2024-06-04 00:13:08,387 INFO  - Atempting to process queue (at simulation time 222.300,000,000 s)
2024-06-04 00:13:08,387 INFO  - Vehicle is inside the detection area. (at simulation time 222.300,000,000 s)
2024-06-04 00:13:08,387 INFO  - Sent Detection message to rsu_0 (at simulation time 222.300,000,000 s)
2024-06-04 00:13:08,387 INFO  - Sent broadcast CAM message to all vehicles (at simulation time 222.300,000,000 s)
2024-06-04 00:13:08,388 INFO  - Received CAM message from veh_96 (at simulation time 222.300,400,000 s)
2024-06-04 00:13:08,388 INFO  - Received CAM message from veh_90 (at simulation time 222.300,400,000 s)
2024-06-04 00:13:08,389 INFO  - Received CAM message from veh_74 (at simulation time 222.301,400,000 s)
2024-06-04 00:13:08,389 INFO  - Received CAM message from veh_70 (at simulation time 222.302,400,000 s)
2024-06-04 00:13:08,389 INFO  - Received CAM message from veh_54 (at simulation time 222.302,400,000 s)
2024-06-04 00:13:08,389 INFO  - Atempting to process queue (at simulation time 222.400,000,000 s)
2024-06-04 00:13:08,389 INFO  - Vehicle is inside the detection area. (at simulation time 222.400,000,000 s)
2024-06-04 00:13:08,389 INFO  - Sent Detection message to rsu_0 (at simulation time 222.400,000,000 s)
2024-06-04 00:13:08,389 INFO  - Sent broadcast CAM message to all vehicles (at simulation time 222.400,000,000 s)
2024-06-04 00:13:08,390 INFO  - Received CAM message from veh_96 (at simulation time 222.400,900,000 s)
2024-06-04 00:13:08,391 INFO  - Received CAM message from veh_90 (at simulation time 222.401,400,000 s)
2024-06-04 00:13:08,391 INFO  - Received CAM message from veh_74 (at simulation time 222.401,400,000 s)
2024-06-04 00:13:08,391 INFO  - Received CAM message from veh_70 (at simulation time 222.401,400,000 s)
2024-06-04 00:13:08,391 INFO  - Received CAM message from veh_54 (at simulation time 222.402,400,000 s)
2024-06-04 00:13:08,391 INFO  - Atempting to process queue (at simulation time 222.500,000,000 s)
2024-06-04 00:13:08,391 INFO  - Vehicle is inside the detection area. (at simulation time 222.500,000,000 s)
2024-06-04 00:13:08,391 INFO  - Sent Detection message to rsu_0 (at simulation time 222.500,000,000 s)
2024-06-04 00:13:08,391 INFO  - Sent broadcast CAM message to all vehicles (at simulation time 222.500,000,000 s)
2024-06-04 00:13:08,392 INFO  - Received CAM message from veh_90 (at simulation time 222.500,400,000 s)
2024-06-04 00:13:08,392 INFO  - Received CAM message from veh_54 (at simulation time 222.500,400,000 s)
2024-06-04 00:13:08,392 INFO  - Received CAM message from veh_70 (at simulation time 222.500,900,000 s)
2024-06-04 00:13:08,392 INFO  - Received CAM message from veh_96 (at simulation time 222.501,400,000 s)
2024-06-04 00:13:08,393 INFO  - Received CAM message from veh_74 (at simulation time 222.502,400,000 s)
2024-06-04 00:13:08,393 INFO  - Atempting to process queue (at simulation time 222.600,000,000 s)
2024-06-04 00:13:08,393 INFO  - Vehicle is inside the detection area. (at simulation time 222.600,000,000 s)
2024-06-04 00:13:08,393 INFO  - Sent Detection message to rsu_0 (at simulation time 222.600,000,000 s)
2024-06-04 00:13:08,393 INFO  - Sent broadcast CAM message to all vehicles (at simulation time 222.600,000,000 s)
2024-06-04 00:13:08,395 INFO  - Received CAM message from veh_70 (at simulation time 222.600,400,000 s)
2024-06-04 00:13:08,395 INFO  - Received CAM message from veh_90 (at simulation time 222.601,400,000 s)
2024-06-04 00:13:08,395 INFO  - Received CAM message from veh_96 (at simulation time 222.601,900,000 s)
2024-06-04 00:13:08,395 INFO  - Received CAM message from veh_54 (at simulation time 222.601,900,000 s)
2024-06-04 00:13:08,396 INFO  - Received CAM message from veh_74 (at simulation time 222.602,400,000 s)
2024-06-04 00:13:08,396 INFO  - Atempting to process queue (at simulation time 222.700,000,000 s)
2024-06-04 00:13:08,396 INFO  - Vehicle is inside the detection area. (at simulation time 222.700,000,000 s)
2024-06-04 00:13:08,396 INFO  - Sent Detection message to rsu_0 (at simulation time 222.700,000,000 s)
2024-06-04 00:13:08,396 INFO  - Sent broadcast CAM message to all vehicles (at simulation time 222.700,000,000 s)
2024-06-04 00:13:08,396 INFO  - Received CAM message from veh_54 (at simulation time 222.700,400,000 s)
2024-06-04 00:13:08,397 INFO  - Received CAM message from veh_96 (at simulation time 222.700,900,000 s)
2024-06-04 00:13:08,397 INFO  - Received CAM message from veh_70 (at simulation time 222.700,900,000 s)
2024-06-04 00:13:08,397 INFO  - Received CAM message from veh_90 (at simulation time 222.701,400,000 s)
2024-06-04 00:13:08,397 INFO  - Received CAM message from veh_74 (at simulation time 222.701,900,000 s)
2024-06-04 00:13:08,397 INFO  - Atempting to process queue (at simulation time 222.800,000,000 s)
2024-06-04 00:13:08,397 INFO  - Vehicle is inside the detection area. (at simulation time 222.800,000,000 s)
2024-06-04 00:13:08,397 INFO  - Sent Detection message to rsu_0 (at simulation time 222.800,000,000 s)
2024-06-04 00:13:08,397 INFO  - Sent broadcast CAM message to all vehicles (at simulation time 222.800,000,000 s)
2024-06-04 00:13:08,398 INFO  - Received CAM message from veh_96 (at simulation time 222.800,400,000 s)
2024-06-04 00:13:08,398 INFO  - Received CAM message from veh_74 (at simulation time 222.800,400,000 s)
2024-06-04 00:13:08,398 INFO  - Received CAM message from veh_70 (at simulation time 222.800,400,000 s)
2024-06-04 00:13:08,398 INFO  - Received CAM message from veh_54 (at simulation time 222.800,400,000 s)
2024-06-04 00:13:08,399 INFO  - Received CAM message from veh_90 (at simulation time 222.801,400,000 s)
2024-06-04 00:13:08,399 INFO  - Atempting to process queue (at simulation time 222.900,000,000 s)
2024-06-04 00:13:08,399 INFO  - Vehicle is inside the detection area. (at simulation time 222.900,000,000 s)
2024-06-04 00:13:08,399 INFO  - Sent Detection message to rsu_0 (at simulation time 222.900,000,000 s)
2024-06-04 00:13:08,399 INFO  - Sent broadcast CAM message to all vehicles (at simulation time 222.900,000,000 s)
2024-06-04 00:13:08,400 INFO  - Received CAM message from veh_74 (at simulation time 222.900,400,000 s)
2024-06-04 00:13:08,401 INFO  - Received CAM message from veh_96 (at simulation time 222.902,400,000 s)
2024-06-04 00:13:08,401 INFO  - Received CAM message from veh_90 (at simulation time 222.902,400,000 s)
2024-06-04 00:13:08,401 INFO  - Received CAM message from veh_70 (at simulation time 222.902,400,000 s)
2024-06-04 00:13:08,401 INFO  - Received CAM message from veh_54 (at simulation time 222.902,400,000 s)
2024-06-04 00:13:08,407 INFO  - Atempting to process queue (at simulation time 223.000,000,000 s)
2024-06-04 00:13:08,407 INFO  - Vehicle is outside the detection area. (at simulation time 223.000,000,000 s)
2024-06-04 00:13:08,407 INFO  - Sent broadcast CAM message to all vehicles (at simulation time 223.000,000,000 s)
2024-06-04 00:13:08,409 INFO  - Received CAM message from veh_96 (at simulation time 223.000,900,000 s)
2024-06-04 00:13:08,409 INFO  - Received CAM message from veh_90 (at simulation time 223.000,900,000 s)
2024-06-04 00:13:08,409 INFO  - Received CAM message from veh_74 (at simulation time 223.001,400,000 s)
2024-06-04 00:13:08,409 INFO  - Received CAM message from veh_70 (at simulation time 223.001,400,000 s)
2024-06-04 00:13:08,409 INFO  - Received CAM message from veh_54 (at simulation time 223.001,900,000 s)
2024-06-04 00:13:08,409 INFO  - Atempting to process queue (at simulation time 223.100,000,000 s)
2024-06-04 00:13:08,409 INFO  - Vehicle is outside the detection area. (at simulation time 223.100,000,000 s)
2024-06-04 00:13:08,409 INFO  - Sent broadcast CAM message to all vehicles (at simulation time 223.100,000,000 s)
2024-06-04 00:13:08,410 INFO  - Received CAM message from veh_90 (at simulation time 223.100,900,000 s)
2024-06-04 00:13:08,410 INFO  - Received CAM message from veh_70 (at simulation time 223.101,900,000 s)
2024-06-04 00:13:08,410 INFO  - Received CAM message from veh_54 (at simulation time 223.101,900,000 s)
2024-06-04 00:13:08,410 INFO  - Received CAM message from veh_96 (at simulation time 223.102,400,000 s)
2024-06-04 00:13:08,410 INFO  - Received CAM message from veh_74 (at simulation time 223.102,400,000 s)
2024-06-04 00:13:08,410 INFO  - Atempting to process queue (at simulation time 223.200,000,000 s)
2024-06-04 00:13:08,410 INFO  - Vehicle is outside the detection area. (at simulation time 223.200,000,000 s)
2024-06-04 00:13:08,410 INFO  - Sent broadcast CAM message to all vehicles (at simulation time 223.200,000,000 s)
2024-06-04 00:13:08,411 INFO  - Received CAM message from veh_90 (at simulation time 223.200,400,000 s)
2024-06-04 00:13:08,411 INFO  - Received CAM message from veh_74 (at simulation time 223.200,400,000 s)
2024-06-04 00:13:08,411 INFO  - Received CAM message from veh_54 (at simulation time 223.200,400,000 s)
2024-06-04 00:13:08,411 INFO  - Received CAM message from veh_96 (at simulation time 223.201,400,000 s)
2024-06-04 00:13:08,411 INFO  - Received CAM message from veh_70 (at simulation time 223.201,400,000 s)
2024-06-04 00:13:08,412 INFO  - Atempting to process queue (at simulation time 223.300,000,000 s)
2024-06-04 00:13:08,412 INFO  - Vehicle is outside the detection area. (at simulation time 223.300,000,000 s)
2024-06-04 00:13:08,412 INFO  - Sent broadcast CAM message to all vehicles (at simulation time 223.300,000,000 s)
2024-06-04 00:13:08,412 INFO  - Received CAM message from veh_96 (at simulation time 223.300,400,000 s)
2024-06-04 00:13:08,413 INFO  - Received CAM message from veh_90 (at simulation time 223.301,400,000 s)
2024-06-04 00:13:08,413 INFO  - Received CAM message from veh_74 (at simulation time 223.301,400,000 s)
2024-06-04 00:13:08,413 INFO  - Received CAM message from veh_70 (at simulation time 223.301,900,000 s)
2024-06-04 00:13:08,413 INFO  - Received CAM message from veh_54 (at simulation time 223.302,400,000 s)
2024-06-04 00:13:08,413 INFO  - Atempting to process queue (at simulation time 223.400,000,000 s)
2024-06-04 00:13:08,413 INFO  - Vehicle is outside the detection area. (at simulation time 223.400,000,000 s)
2024-06-04 00:13:08,413 INFO  - Sent broadcast CAM message to all vehicles (at simulation time 223.400,000,000 s)
2024-06-04 00:13:08,414 INFO  - Received CAM message from veh_90 (at simulation time 223.400,400,000 s)
2024-06-04 00:13:08,414 INFO  - Received CAM message from veh_74 (at simulation time 223.400,400,000 s)
2024-06-04 00:13:08,415 INFO  - Received CAM message from veh_96 (at simulation time 223.401,400,000 s)
2024-06-04 00:13:08,415 INFO  - Received CAM message from veh_70 (at simulation time 223.401,900,000 s)
2024-06-04 00:13:08,415 INFO  - Received CAM message from veh_54 (at simulation time 223.401,900,000 s)
2024-06-04 00:13:08,415 INFO  - Atempting to process queue (at simulation time 223.500,000,000 s)
2024-06-04 00:13:08,415 INFO  - Vehicle is outside the detection area. (at simulation time 223.500,000,000 s)
2024-06-04 00:13:08,415 INFO  - Sent broadcast CAM message to all vehicles (at simulation time 223.500,000,000 s)
2024-06-04 00:13:08,416 INFO  - Received CAM message from veh_74 (at simulation time 223.500,400,000 s)
2024-06-04 00:13:08,416 INFO  - Received CAM message from veh_90 (at simulation time 223.500,900,000 s)
2024-06-04 00:13:08,416 INFO  - Received CAM message from veh_70 (at simulation time 223.500,900,000 s)
2024-06-04 00:13:08,416 INFO  - Received CAM message from veh_54 (at simulation time 223.501,400,000 s)
2024-06-04 00:13:08,416 INFO  - Received CAM message from veh_96 (at simulation time 223.502,400,000 s)
2024-06-04 00:13:08,416 INFO  - Atempting to process queue (at simulation time 223.600,000,000 s)
2024-06-04 00:13:08,417 INFO  - Vehicle is outside the detection area. (at simulation time 223.600,000,000 s)
2024-06-04 00:13:08,417 INFO  - Sent broadcast CAM message to all vehicles (at simulation time 223.600,000,000 s)
2024-06-04 00:13:08,417 INFO  - Received CAM message from veh_96 (at simulation time 223.600,900,000 s)
2024-06-04 00:13:08,418 INFO  - Received CAM message from veh_90 (at simulation time 223.601,900,000 s)
2024-06-04 00:13:08,418 INFO  - Received CAM message from veh_74 (at simulation time 223.601,900,000 s)
2024-06-04 00:13:08,418 INFO  - Received CAM message from veh_54 (at simulation time 223.601,900,000 s)
2024-06-04 00:13:08,418 INFO  - Received CAM message from veh_70 (at simulation time 223.602,400,000 s)
2024-06-04 00:13:08,419 INFO  - Atempting to process queue (at simulation time 223.700,000,000 s)
2024-06-04 00:13:08,419 INFO  - Vehicle is outside the detection area. (at simulation time 223.700,000,000 s)
2024-06-04 00:13:08,419 INFO  - Sent broadcast CAM message to all vehicles (at simulation time 223.700,000,000 s)
2024-06-04 00:13:08,420 INFO  - Received CAM message from veh_74 (at simulation time 223.701,400,000 s)
2024-06-04 00:13:08,420 INFO  - Received CAM message from veh_54 (at simulation time 223.701,400,000 s)
2024-06-04 00:13:08,420 INFO  - Received CAM message from veh_96 (at simulation time 223.701,900,000 s)
2024-06-04 00:13:08,420 INFO  - Received CAM message from veh_70 (at simulation time 223.701,900,000 s)
2024-06-04 00:13:08,420 INFO  - Received CAM message from veh_90 (at simulation time 223.702,400,000 s)
2024-06-04 00:13:08,420 INFO  - Atempting to process queue (at simulation time 223.800,000,000 s)
2024-06-04 00:13:08,420 INFO  - Vehicle is outside the detection area. (at simulation time 223.800,000,000 s)
2024-06-04 00:13:08,420 INFO  - Sent broadcast CAM message to all vehicles (at simulation time 223.800,000,000 s)
2024-06-04 00:13:08,421 INFO  - Received CAM message from veh_96 (at simulation time 223.800,400,000 s)
2024-06-04 00:13:08,421 INFO  - Received CAM message from veh_54 (at simulation time 223.800,900,000 s)
2024-06-04 00:13:08,421 INFO  - Received CAM message from veh_70 (at simulation time 223.801,900,000 s)
2024-06-04 00:13:08,422 INFO  - Received CAM message from veh_90 (at simulation time 223.802,400,000 s)
2024-06-04 00:13:08,422 INFO  - Received CAM message from veh_74 (at simulation time 223.802,400,000 s)
2024-06-04 00:13:08,422 INFO  - Atempting to process queue (at simulation time 223.900,000,000 s)
2024-06-04 00:13:08,422 INFO  - Vehicle is outside the detection area. (at simulation time 223.900,000,000 s)
2024-06-04 00:13:08,422 INFO  - Sent broadcast CAM message to all vehicles (at simulation time 223.900,000,000 s)
2024-06-04 00:13:08,423 INFO  - Received CAM message from veh_90 (at simulation time 223.900,900,000 s)
2024-06-04 00:13:08,423 INFO  - Received CAM message from veh_96 (at simulation time 223.901,400,000 s)
2024-06-04 00:13:08,423 INFO  - Received CAM message from veh_70 (at simulation time 223.901,400,000 s)
2024-06-04 00:13:08,423 INFO  - Received CAM message from veh_74 (at simulation time 223.901,900,000 s)
2024-06-04 00:13:08,423 INFO  - Received CAM message from veh_54 (at simulation time 223.902,400,000 s)
2024-06-04 00:13:08,426 INFO  - Atempting to process queue (at simulation time 224.000,000,000 s)
2024-06-04 00:13:08,426 INFO  - Vehicle is outside the detection area. (at simulation time 224.000,000,000 s)
2024-06-04 00:13:08,426 INFO  - Sent broadcast CAM message to all vehicles (at simulation time 224.000,000,000 s)
2024-06-04 00:13:08,427 INFO  - Received CAM message from veh_90 (at simulation time 224.000,400,000 s)
2024-06-04 00:13:08,427 INFO  - Received CAM message from veh_74 (at simulation time 224.000,900,000 s)
2024-06-04 00:13:08,427 INFO  - Received CAM message from veh_70 (at simulation time 224.000,900,000 s)
2024-06-04 00:13:08,427 INFO  - Received CAM message from veh_96 (at simulation time 224.001,400,000 s)
2024-06-04 00:13:08,427 INFO  - Received CAM message from veh_54 (at simulation time 224.001,900,000 s)
2024-06-04 00:13:08,427 INFO  - Atempting to process queue (at simulation time 224.100,000,000 s)
2024-06-04 00:13:08,427 INFO  - Vehicle is outside the detection area. (at simulation time 224.100,000,000 s)
2024-06-04 00:13:08,427 INFO  - Sent broadcast CAM message to all vehicles (at simulation time 224.100,000,000 s)
2024-06-04 00:13:08,428 INFO  - Received CAM message from veh_96 (at simulation time 224.100,400,000 s)
2024-06-04 00:13:08,428 INFO  - Received CAM message from veh_54 (at simulation time 224.100,400,000 s)
2024-06-04 00:13:08,428 INFO  - Received CAM message from veh_90 (at simulation time 224.101,900,000 s)
2024-06-04 00:13:08,428 INFO  - Received CAM message from veh_74 (at simulation time 224.101,900,000 s)
2024-06-04 00:13:08,428 INFO  - Received CAM message from veh_70 (at simulation time 224.101,900,000 s)
2024-06-04 00:13:08,429 INFO  - Atempting to process queue (at simulation time 224.200,000,000 s)
2024-06-04 00:13:08,429 INFO  - Vehicle is outside the detection area. (at simulation time 224.200,000,000 s)
2024-06-04 00:13:08,429 INFO  - Sent broadcast CAM message to all vehicles (at simulation time 224.200,000,000 s)
2024-06-04 00:13:08,430 INFO  - Received CAM message from veh_90 (at simulation time 224.200,400,000 s)
2024-06-04 00:13:08,430 INFO  - Received CAM message from veh_70 (at simulation time 224.200,900,000 s)
2024-06-04 00:13:08,430 INFO  - Received CAM message from veh_74 (at simulation time 224.201,900,000 s)
2024-06-04 00:13:08,430 INFO  - Received CAM message from veh_96 (at simulation time 224.202,400,000 s)
2024-06-04 00:13:08,430 INFO  - Received CAM message from veh_54 (at simulation time 224.202,400,000 s)
2024-06-04 00:13:08,430 INFO  - Atempting to process queue (at simulation time 224.300,000,000 s)
2024-06-04 00:13:08,430 INFO  - Vehicle is outside the detection area. (at simulation time 224.300,000,000 s)
2024-06-04 00:13:08,430 INFO  - Sent broadcast CAM message to all vehicles (at simulation time 224.300,000,000 s)
2024-06-04 00:13:08,431 INFO  - Received CAM message from veh_70 (at simulation time 224.300,400,000 s)
2024-06-04 00:13:08,432 INFO  - Received CAM message from veh_96 (at simulation time 224.301,900,000 s)
2024-06-04 00:13:08,432 INFO  - Received CAM message from veh_74 (at simulation time 224.301,900,000 s)
2024-06-04 00:13:08,432 INFO  - Received CAM message from veh_54 (at simulation time 224.301,900,000 s)
2024-06-04 00:13:08,432 INFO  - Received CAM message from veh_90 (at simulation time 224.302,400,000 s)
2024-06-04 00:13:08,432 INFO  - Atempting to process queue (at simulation time 224.400,000,000 s)
2024-06-04 00:13:08,432 INFO  - Vehicle is outside the detection area. (at simulation time 224.400,000,000 s)
2024-06-04 00:13:08,432 INFO  - Sent broadcast CAM message to all vehicles (at simulation time 224.400,000,000 s)
2024-06-04 00:13:08,434 INFO  - Received CAM message from veh_74 (at simulation time 224.400,900,000 s)
2024-06-04 00:13:08,434 INFO  - Received CAM message from veh_70 (at simulation time 224.401,900,000 s)
2024-06-04 00:13:08,434 INFO  - Received CAM message from veh_54 (at simulation time 224.401,900,000 s)
2024-06-04 00:13:08,434 INFO  - Received CAM message from veh_96 (at simulation time 224.402,400,000 s)
2024-06-04 00:13:08,434 INFO  - Received CAM message from veh_90 (at simulation time 224.402,400,000 s)
2024-06-04 00:13:08,435 INFO  - Atempting to process queue (at simulation time 224.500,000,000 s)
2024-06-04 00:13:08,435 INFO  - Vehicle is outside the detection area. (at simulation time 224.500,000,000 s)
2024-06-04 00:13:08,435 INFO  - Sent broadcast CAM message to all vehicles (at simulation time 224.500,000,000 s)
2024-06-04 00:13:08,436 INFO  - Received CAM message from veh_54 (at simulation time 224.500,400,000 s)
2024-06-04 00:13:08,436 INFO  - Received CAM message from veh_96 (at simulation time 224.501,400,000 s)
2024-06-04 00:13:08,436 INFO  - Received CAM message from veh_74 (at simulation time 224.501,900,000 s)
2024-06-04 00:13:08,436 INFO  - Received CAM message from veh_70 (at simulation time 224.501,900,000 s)
2024-06-04 00:13:08,436 INFO  - Received CAM message from veh_90 (at simulation time 224.502,400,000 s)
2024-06-04 00:13:08,436 INFO  - Atempting to process queue (at simulation time 224.600,000,000 s)
2024-06-04 00:13:08,436 INFO  - Vehicle is outside the detection area. (at simulation time 224.600,000,000 s)
2024-06-04 00:13:08,436 INFO  - Sent broadcast CAM message to all vehicles (at simulation time 224.600,000,000 s)
2024-06-04 00:13:08,437 INFO  - Received CAM message from veh_70 (at simulation time 224.600,900,000 s)
2024-06-04 00:13:08,438 INFO  - Received CAM message from veh_96 (at simulation time 224.601,400,000 s)
2024-06-04 00:13:08,438 INFO  - Received CAM message from veh_74 (at simulation time 224.601,900,000 s)
2024-06-04 00:13:08,438 INFO  - Received CAM message from veh_54 (at simulation time 224.601,900,000 s)
2024-06-04 00:13:08,438 INFO  - Received CAM message from veh_90 (at simulation time 224.602,400,000 s)
2024-06-04 00:13:08,438 INFO  - Atempting to process queue (at simulation time 224.700,000,000 s)
2024-06-04 00:13:08,438 INFO  - Vehicle is outside the detection area. (at simulation time 224.700,000,000 s)
2024-06-04 00:13:08,438 INFO  - Sent broadcast CAM message to all vehicles (at simulation time 224.700,000,000 s)
2024-06-04 00:13:08,439 INFO  - Received CAM message from veh_96 (at simulation time 224.700,400,000 s)
2024-06-04 00:13:08,439 INFO  - Received CAM message from veh_90 (at simulation time 224.701,400,000 s)
2024-06-04 00:13:08,440 INFO  - Received CAM message from veh_74 (at simulation time 224.701,900,000 s)
2024-06-04 00:13:08,440 INFO  - Received CAM message from veh_70 (at simulation time 224.701,900,000 s)
2024-06-04 00:13:08,440 INFO  - Received CAM message from veh_54 (at simulation time 224.702,400,000 s)
2024-06-04 00:13:08,440 INFO  - Atempting to process queue (at simulation time 224.800,000,000 s)
2024-06-04 00:13:08,440 INFO  - Vehicle is outside the detection area. (at simulation time 224.800,000,000 s)
2024-06-04 00:13:08,440 INFO  - Sent broadcast CAM message to all vehicles (at simulation time 224.800,000,000 s)
2024-06-04 00:13:08,440 INFO  - Received CAM message from veh_70 (at simulation time 224.800,400,000 s)
2024-06-04 00:13:08,441 INFO  - Received CAM message from veh_74 (at simulation time 224.801,400,000 s)
2024-06-04 00:13:08,441 INFO  - Received CAM message from veh_54 (at simulation time 224.801,900,000 s)
2024-06-04 00:13:08,442 INFO  - Received CAM message from veh_96 (at simulation time 224.802,400,000 s)
2024-06-04 00:13:08,442 INFO  - Received CAM message from veh_90 (at simulation time 224.802,400,000 s)
2024-06-04 00:13:08,442 INFO  - Atempting to process queue (at simulation time 224.900,000,000 s)
2024-06-04 00:13:08,442 INFO  - Vehicle is outside the detection area. (at simulation time 224.900,000,000 s)
2024-06-04 00:13:08,442 INFO  - Sent broadcast CAM message to all vehicles (at simulation time 224.900,000,000 s)
2024-06-04 00:13:08,442 INFO  - Received CAM message from veh_96 (at simulation time 224.900,400,000 s)
2024-06-04 00:13:08,442 INFO  - Received CAM message from veh_90 (at simulation time 224.900,900,000 s)
2024-06-04 00:13:08,442 INFO  - Received CAM message from veh_70 (at simulation time 224.900,900,000 s)
2024-06-04 00:13:08,443 INFO  - Received CAM message from veh_54 (at simulation time 224.901,400,000 s)
2024-06-04 00:13:08,443 INFO  - Received CAM message from veh_74 (at simulation time 224.901,900,000 s)
2024-06-04 00:13:08,447 INFO  - Atempting to process queue (at simulation time 225.000,000,000 s)
2024-06-04 00:13:08,447 INFO  - Vehicle is outside the detection area. (at simulation time 225.000,000,000 s)
2024-06-04 00:13:08,447 INFO  - Sent broadcast CAM message to all vehicles (at simulation time 225.000,000,000 s)
2024-06-04 00:13:08,449 INFO  - Received CAM message from veh_96 (at simulation time 225.000,400,000 s)
2024-06-04 00:13:08,449 INFO  - Received CAM message from veh_74 (at simulation time 225.000,400,000 s)
2024-06-04 00:13:08,449 INFO  - Received CAM message from veh_54 (at simulation time 225.000,400,000 s)
2024-06-04 00:13:08,450 INFO  - Received CAM message from veh_90 (at simulation time 225.002,400,000 s)
2024-06-04 00:13:08,450 INFO  - Atempting to process queue (at simulation time 225.100,000,000 s)
2024-06-04 00:13:08,450 INFO  - Vehicle is outside the detection area. (at simulation time 225.100,000,000 s)
2024-06-04 00:13:08,450 INFO  - Sent broadcast CAM message to all vehicles (at simulation time 225.100,000,000 s)
2024-06-04 00:13:08,451 INFO  - Received CAM message from veh_90 (at simulation time 225.101,400,000 s)
2024-06-04 00:13:08,451 INFO  - Received CAM message from veh_74 (at simulation time 225.101,400,000 s)
2024-06-04 00:13:08,451 INFO  - Received CAM message from veh_54 (at simulation time 225.101,400,000 s)
2024-06-04 00:13:08,451 INFO  - Received CAM message from veh_96 (at simulation time 225.101,900,000 s)
2024-06-04 00:13:08,451 INFO  - Atempting to process queue (at simulation time 225.200,000,000 s)
2024-06-04 00:13:08,451 INFO  - Vehicle is outside the detection area. (at simulation time 225.200,000,000 s)
2024-06-04 00:13:08,452 INFO  - Sent broadcast CAM message to all vehicles (at simulation time 225.200,000,000 s)
2024-06-04 00:13:08,453 INFO  - Received CAM message from veh_54 (at simulation time 225.200,900,000 s)
2024-06-04 00:13:08,453 INFO  - Received CAM message from veh_90 (at simulation time 225.201,900,000 s)
2024-06-04 00:13:08,453 INFO  - Received CAM message from veh_74 (at simulation time 225.201,900,000 s)
2024-06-04 00:13:08,453 INFO  - Received CAM message from veh_96 (at simulation time 225.202,400,000 s)
2024-06-04 00:13:08,453 INFO  - Atempting to process queue (at simulation time 225.300,000,000 s)
2024-06-04 00:13:08,453 INFO  - Vehicle is outside the detection area. (at simulation time 225.300,000,000 s)
2024-06-04 00:13:08,453 INFO  - Sent broadcast CAM message to all vehicles (at simulation time 225.300,000,000 s)
2024-06-04 00:13:08,454 INFO  - Received CAM message from veh_74 (at simulation time 225.300,400,000 s)
2024-06-04 00:13:08,454 INFO  - Received CAM message from veh_90 (at simulation time 225.300,900,000 s)
2024-06-04 00:13:08,454 INFO  - Received CAM message from veh_54 (at simulation time 225.301,900,000 s)
2024-06-04 00:13:08,454 INFO  - Received CAM message from veh_96 (at simulation time 225.302,400,000 s)
2024-06-04 00:13:08,454 INFO  - Atempting to process queue (at simulation time 225.400,000,000 s)
2024-06-04 00:13:08,454 INFO  - Vehicle is outside the detection area. (at simulation time 225.400,000,000 s)
2024-06-04 00:13:08,454 INFO  - Sent broadcast CAM message to all vehicles (at simulation time 225.400,000,000 s)
2024-06-04 00:13:08,456 INFO  - Received CAM message from veh_96 (at simulation time 225.401,900,000 s)
2024-06-04 00:13:08,456 INFO  - Received CAM message from veh_54 (at simulation time 225.401,900,000 s)
2024-06-04 00:13:08,456 INFO  - Received CAM message from veh_90 (at simulation time 225.402,400,000 s)
2024-06-04 00:13:08,456 INFO  - Received CAM message from veh_74 (at simulation time 225.402,400,000 s)
2024-06-04 00:13:08,456 INFO  - Atempting to process queue (at simulation time 225.500,000,000 s)
2024-06-04 00:13:08,456 INFO  - Vehicle is outside the detection area. (at simulation time 225.500,000,000 s)
2024-06-04 00:13:08,456 INFO  - Sent broadcast CAM message to all vehicles (at simulation time 225.500,000,000 s)
2024-06-04 00:13:08,457 INFO  - Received CAM message from veh_90 (at simulation time 225.500,900,000 s)
2024-06-04 00:13:08,457 INFO  - Received CAM message from veh_54 (at simulation time 225.501,900,000 s)
2024-06-04 00:13:08,457 INFO  - Received CAM message from veh_96 (at simulation time 225.502,400,000 s)
2024-06-04 00:13:08,457 INFO  - Received CAM message from veh_74 (at simulation time 225.502,400,000 s)
2024-06-04 00:13:08,457 INFO  - Atempting to process queue (at simulation time 225.600,000,000 s)
2024-06-04 00:13:08,457 INFO  - Vehicle is outside the detection area. (at simulation time 225.600,000,000 s)
2024-06-04 00:13:08,457 INFO  - Sent broadcast CAM message to all vehicles (at simulation time 225.600,000,000 s)
2024-06-04 00:13:08,458 INFO  - Received CAM message from veh_54 (at simulation time 225.600,400,000 s)
2024-06-04 00:13:08,458 INFO  - Received CAM message from veh_90 (at simulation time 225.600,900,000 s)
2024-06-04 00:13:08,458 INFO  - Received CAM message from veh_74 (at simulation time 225.600,900,000 s)
2024-06-04 00:13:08,458 INFO  - Received CAM message from veh_96 (at simulation time 225.601,900,000 s)
2024-06-04 00:13:08,459 INFO  - Atempting to process queue (at simulation time 225.700,000,000 s)
2024-06-04 00:13:08,459 INFO  - Vehicle is outside the detection area. (at simulation time 225.700,000,000 s)
2024-06-04 00:13:08,459 INFO  - Sent broadcast CAM message to all vehicles (at simulation time 225.700,000,000 s)
2024-06-04 00:13:08,459 INFO  - Received CAM message from veh_54 (at simulation time 225.700,900,000 s)
2024-06-04 00:13:08,460 INFO  - Received CAM message from veh_74 (at simulation time 225.701,400,000 s)
2024-06-04 00:13:08,460 INFO  - Received CAM message from veh_96 (at simulation time 225.702,400,000 s)
2024-06-04 00:13:08,460 INFO  - Received CAM message from veh_90 (at simulation time 225.702,400,000 s)
2024-06-04 00:13:08,460 INFO  - Atempting to process queue (at simulation time 225.800,000,000 s)
2024-06-04 00:13:08,460 INFO  - Vehicle is outside the detection area. (at simulation time 225.800,000,000 s)
2024-06-04 00:13:08,460 INFO  - Sent broadcast CAM message to all vehicles (at simulation time 225.800,000,000 s)
2024-06-04 00:13:08,460 INFO  - Received CAM message from veh_90 (at simulation time 225.800,400,000 s)
2024-06-04 00:13:08,460 INFO  - Received CAM message from veh_54 (at simulation time 225.800,400,000 s)
2024-06-04 00:13:08,461 INFO  - Received CAM message from veh_96 (at simulation time 225.801,900,000 s)
2024-06-04 00:13:08,461 INFO  - Received CAM message from veh_74 (at simulation time 225.801,900,000 s)
2024-06-04 00:13:08,461 INFO  - Atempting to process queue (at simulation time 225.900,000,000 s)
2024-06-04 00:13:08,461 INFO  - Vehicle is outside the detection area. (at simulation time 225.900,000,000 s)
2024-06-04 00:13:08,461 INFO  - Sent broadcast CAM message to all vehicles (at simulation time 225.900,000,000 s)
2024-06-04 00:13:08,461 INFO  - Received CAM message from veh_74 (at simulation time 225.900,400,000 s)
2024-06-04 00:13:08,462 INFO  - Received CAM message from veh_90 (at simulation time 225.901,400,000 s)
2024-06-04 00:13:08,462 INFO  - Received CAM message from veh_96 (at simulation time 225.901,900,000 s)
2024-06-04 00:13:08,462 INFO  - Received CAM message from veh_54 (at simulation time 225.901,900,000 s)
2024-06-04 00:13:08,464 INFO  - Atempting to process queue (at simulation time 226.000,000,000 s)
2024-06-04 00:13:08,464 INFO  - Vehicle is outside the detection area. (at simulation time 226.000,000,000 s)
2024-06-04 00:13:08,464 INFO  - Sent broadcast CAM message to all vehicles (at simulation time 226.000,000,000 s)
2024-06-04 00:13:08,465 INFO  - Received CAM message from veh_90 (at simulation time 226.000,400,000 s)
2024-06-04 00:13:08,466 INFO  - Received CAM message from veh_74 (at simulation time 226.001,900,000 s)
2024-06-04 00:13:08,466 INFO  - Received CAM message from veh_54 (at simulation time 226.001,900,000 s)
2024-06-04 00:13:08,466 INFO  - Atempting to process queue (at simulation time 226.100,000,000 s)
2024-06-04 00:13:08,466 INFO  - Vehicle is outside the detection area. (at simulation time 226.100,000,000 s)
2024-06-04 00:13:08,466 INFO  - Sent broadcast CAM message to all vehicles (at simulation time 226.100,000,000 s)
2024-06-04 00:13:08,466 INFO  - Received CAM message from veh_74 (at simulation time 226.100,400,000 s)
2024-06-04 00:13:08,467 INFO  - Received CAM message from veh_54 (at simulation time 226.101,900,000 s)
2024-06-04 00:13:08,467 INFO  - Received CAM message from veh_90 (at simulation time 226.102,400,000 s)
2024-06-04 00:13:08,467 INFO  - Atempting to process queue (at simulation time 226.200,000,000 s)
2024-06-04 00:13:08,467 INFO  - Vehicle is outside the detection area. (at simulation time 226.200,000,000 s)
2024-06-04 00:13:08,467 INFO  - Sent broadcast CAM message to all vehicles (at simulation time 226.200,000,000 s)
2024-06-04 00:13:08,467 INFO  - Received CAM message from veh_90 (at simulation time 226.200,900,000 s)
2024-06-04 00:13:08,467 INFO  - Received CAM message from veh_54 (at simulation time 226.200,900,000 s)
2024-06-04 00:13:08,468 INFO  - Received CAM message from veh_74 (at simulation time 226.202,400,000 s)
2024-06-04 00:13:08,468 INFO  - Atempting to process queue (at simulation time 226.300,000,000 s)
2024-06-04 00:13:08,468 INFO  - Vehicle is outside the detection area. (at simulation time 226.300,000,000 s)
2024-06-04 00:13:08,468 INFO  - Sent broadcast CAM message to all vehicles (at simulation time 226.300,000,000 s)
2024-06-04 00:13:08,469 INFO  - Received CAM message from veh_74 (at simulation time 226.301,400,000 s)
2024-06-04 00:13:08,469 INFO  - Received CAM message from veh_54 (at simulation time 226.301,900,000 s)
2024-06-04 00:13:08,469 INFO  - Received CAM message from veh_90 (at simulation time 226.302,400,000 s)
2024-06-04 00:13:08,469 INFO  - Atempting to process queue (at simulation time 226.400,000,000 s)
2024-06-04 00:13:08,469 INFO  - Vehicle is outside the detection area. (at simulation time 226.400,000,000 s)
2024-06-04 00:13:08,469 INFO  - Sent broadcast CAM message to all vehicles (at simulation time 226.400,000,000 s)
2024-06-04 00:13:08,470 INFO  - Received CAM message from veh_90 (at simulation time 226.400,900,000 s)
2024-06-04 00:13:08,470 INFO  - Received CAM message from veh_74 (at simulation time 226.401,400,000 s)
2024-06-04 00:13:08,470 INFO  - Received CAM message from veh_54 (at simulation time 226.401,900,000 s)
2024-06-04 00:13:08,470 INFO  - Atempting to process queue (at simulation time 226.500,000,000 s)
2024-06-04 00:13:08,470 INFO  - Vehicle is outside the detection area. (at simulation time 226.500,000,000 s)
2024-06-04 00:13:08,470 INFO  - Sent broadcast CAM message to all vehicles (at simulation time 226.500,000,000 s)
2024-06-04 00:13:08,471 INFO  - Received CAM message from veh_90 (at simulation time 226.500,400,000 s)
2024-06-04 00:13:08,471 INFO  - Received CAM message from veh_54 (at simulation time 226.500,400,000 s)
2024-06-04 00:13:08,472 INFO  - Received CAM message from veh_74 (at simulation time 226.502,400,000 s)
2024-06-04 00:13:08,472 INFO  - Atempting to process queue (at simulation time 226.600,000,000 s)
2024-06-04 00:13:08,472 INFO  - Vehicle is outside the detection area. (at simulation time 226.600,000,000 s)
2024-06-04 00:13:08,472 INFO  - Sent broadcast CAM message to all vehicles (at simulation time 226.600,000,000 s)
2024-06-04 00:13:08,472 INFO  - Received CAM message from veh_54 (at simulation time 226.600,400,000 s)
2024-06-04 00:13:08,473 INFO  - Received CAM message from veh_90 (at simulation time 226.601,900,000 s)
2024-06-04 00:13:08,473 INFO  - Received CAM message from veh_74 (at simulation time 226.602,400,000 s)
2024-06-04 00:13:08,473 INFO  - Atempting to process queue (at simulation time 226.700,000,000 s)
2024-06-04 00:13:08,473 INFO  - Vehicle is outside the detection area. (at simulation time 226.700,000,000 s)
2024-06-04 00:13:08,473 INFO  - Sent broadcast CAM message to all vehicles (at simulation time 226.700,000,000 s)
2024-06-04 00:13:08,474 INFO  - Received CAM message from veh_74 (at simulation time 226.700,400,000 s)
2024-06-04 00:13:08,474 INFO  - Received CAM message from veh_54 (at simulation time 226.700,400,000 s)
2024-06-04 00:13:08,474 INFO  - Received CAM message from veh_90 (at simulation time 226.702,400,000 s)
2024-06-04 00:13:08,475 INFO  - Atempting to process queue (at simulation time 226.800,000,000 s)
2024-06-04 00:13:08,475 INFO  - Vehicle is outside the detection area. (at simulation time 226.800,000,000 s)
2024-06-04 00:13:08,475 INFO  - Sent broadcast CAM message to all vehicles (at simulation time 226.800,000,000 s)
2024-06-04 00:13:08,475 INFO  - Received CAM message from veh_90 (at simulation time 226.800,900,000 s)
2024-06-04 00:13:08,475 INFO  - Received CAM message from veh_74 (at simulation time 226.800,900,000 s)
2024-06-04 00:13:08,476 INFO  - Received CAM message from veh_54 (at simulation time 226.802,400,000 s)
2024-06-04 00:13:08,476 INFO  - Atempting to process queue (at simulation time 226.900,000,000 s)
2024-06-04 00:13:08,476 INFO  - Vehicle is outside the detection area. (at simulation time 226.900,000,000 s)
2024-06-04 00:13:08,476 INFO  - Sent broadcast CAM message to all vehicles (at simulation time 226.900,000,000 s)
2024-06-04 00:13:08,476 INFO  - Received CAM message from veh_54 (at simulation time 226.900,400,000 s)
2024-06-04 00:13:08,477 INFO  - Received CAM message from veh_90 (at simulation time 226.901,900,000 s)
2024-06-04 00:13:08,477 INFO  - Received CAM message from veh_74 (at simulation time 226.901,900,000 s)
2024-06-04 00:13:08,479 INFO  - Atempting to process queue (at simulation time 227.000,000,000 s)
2024-06-04 00:13:08,479 INFO  - Vehicle is outside the detection area. (at simulation time 227.000,000,000 s)
2024-06-04 00:13:08,479 INFO  - Sent broadcast CAM message to all vehicles (at simulation time 227.000,000,000 s)
2024-06-04 00:13:08,481 INFO  - Received CAM message from veh_54 (at simulation time 227.000,900,000 s)
2024-06-04 00:13:08,481 INFO  - Received CAM message from veh_90 (at simulation time 227.002,400,000 s)
2024-06-04 00:13:08,481 INFO  - Atempting to process queue (at simulation time 227.100,000,000 s)
2024-06-04 00:13:08,481 INFO  - Vehicle is outside the detection area. (at simulation time 227.100,000,000 s)
2024-06-04 00:13:08,481 INFO  - Sent broadcast CAM message to all vehicles (at simulation time 227.100,000,000 s)
2024-06-04 00:13:08,482 INFO  - Received CAM message from veh_90 (at simulation time 227.100,400,000 s)
2024-06-04 00:13:08,482 INFO  - Received CAM message from veh_54 (at simulation time 227.100,900,000 s)
2024-06-04 00:13:08,482 INFO  - Atempting to process queue (at simulation time 227.200,000,000 s)
2024-06-04 00:13:08,482 INFO  - Vehicle is outside the detection area. (at simulation time 227.200,000,000 s)
2024-06-04 00:13:08,482 INFO  - Sent broadcast CAM message to all vehicles (at simulation time 227.200,000,000 s)
2024-06-04 00:13:08,483 INFO  - Received CAM message from veh_54 (at simulation time 227.200,400,000 s)
2024-06-04 00:13:08,483 INFO  - Received CAM message from veh_90 (at simulation time 227.202,400,000 s)
2024-06-04 00:13:08,483 INFO  - Atempting to process queue (at simulation time 227.300,000,000 s)
2024-06-04 00:13:08,483 INFO  - Vehicle is outside the detection area. (at simulation time 227.300,000,000 s)
2024-06-04 00:13:08,483 INFO  - Sent broadcast CAM message to all vehicles (at simulation time 227.300,000,000 s)
2024-06-04 00:13:08,484 INFO  - Received CAM message from veh_54 (at simulation time 227.301,400,000 s)
2024-06-04 00:13:08,484 INFO  - Received CAM message from veh_90 (at simulation time 227.302,400,000 s)
2024-06-04 00:13:08,484 INFO  - Atempting to process queue (at simulation time 227.400,000,000 s)
2024-06-04 00:13:08,484 INFO  - Vehicle is outside the detection area. (at simulation time 227.400,000,000 s)
2024-06-04 00:13:08,484 INFO  - Sent broadcast CAM message to all vehicles (at simulation time 227.400,000,000 s)
2024-06-04 00:13:08,485 INFO  - Received CAM message from veh_90 (at simulation time 227.401,400,000 s)
2024-06-04 00:13:08,485 INFO  - Received CAM message from veh_54 (at simulation time 227.401,900,000 s)
2024-06-04 00:13:08,485 INFO  - Atempting to process queue (at simulation time 227.500,000,000 s)
2024-06-04 00:13:08,485 INFO  - Vehicle is outside the detection area. (at simulation time 227.500,000,000 s)
2024-06-04 00:13:08,485 INFO  - Sent broadcast CAM message to all vehicles (at simulation time 227.500,000,000 s)
2024-06-04 00:13:08,486 INFO  - Received CAM message from veh_90 (at simulation time 227.500,400,000 s)
2024-06-04 00:13:08,486 INFO  - Received CAM message from veh_54 (at simulation time 227.500,400,000 s)
2024-06-04 00:13:08,487 INFO  - Atempting to process queue (at simulation time 227.600,000,000 s)
2024-06-04 00:13:08,487 INFO  - Vehicle is outside the detection area. (at simulation time 227.600,000,000 s)
2024-06-04 00:13:08,487 INFO  - Sent broadcast CAM message to all vehicles (at simulation time 227.600,000,000 s)
2024-06-04 00:13:08,487 INFO  - Received CAM message from veh_90 (at simulation time 227.600,400,000 s)
2024-06-04 00:13:08,487 INFO  - Received CAM message from veh_54 (at simulation time 227.601,400,000 s)
2024-06-04 00:13:08,488 INFO  - Atempting to process queue (at simulation time 227.700,000,000 s)
2024-06-04 00:13:08,488 INFO  - Vehicle is outside the detection area. (at simulation time 227.700,000,000 s)
2024-06-04 00:13:08,488 INFO  - Sent broadcast CAM message to all vehicles (at simulation time 227.700,000,000 s)
2024-06-04 00:13:08,488 INFO  - Received CAM message from veh_54 (at simulation time 227.700,900,000 s)
2024-06-04 00:13:08,488 INFO  - Received CAM message from veh_90 (at simulation time 227.701,400,000 s)
2024-06-04 00:13:08,489 INFO  - Atempting to process queue (at simulation time 227.800,000,000 s)
2024-06-04 00:13:08,489 INFO  - Vehicle is outside the detection area. (at simulation time 227.800,000,000 s)
2024-06-04 00:13:08,489 INFO  - Sent broadcast CAM message to all vehicles (at simulation time 227.800,000,000 s)
2024-06-04 00:13:08,490 INFO  - Received CAM message from veh_90 (at simulation time 227.800,900,000 s)
2024-06-04 00:13:08,490 INFO  - Received CAM message from veh_54 (at simulation time 227.802,400,000 s)
2024-06-04 00:13:08,490 INFO  - Atempting to process queue (at simulation time 227.900,000,000 s)
2024-06-04 00:13:08,490 INFO  - Vehicle is outside the detection area. (at simulation time 227.900,000,000 s)
2024-06-04 00:13:08,490 INFO  - Sent broadcast CAM message to all vehicles (at simulation time 227.900,000,000 s)
2024-06-04 00:13:08,491 INFO  - Received CAM message from veh_90 (at simulation time 227.900,900,000 s)
2024-06-04 00:13:08,491 INFO  - Received CAM message from veh_54 (at simulation time 227.902,400,000 s)
2024-06-04 00:13:08,495 INFO  - Atempting to process queue (at simulation time 228.000,000,000 s)
2024-06-04 00:13:08,495 INFO  - Vehicle is outside the detection area. (at simulation time 228.000,000,000 s)
2024-06-04 00:13:08,495 INFO  - Sent broadcast CAM message to all vehicles (at simulation time 228.000,000,000 s)
2024-06-04 00:13:08,496 INFO  - Received CAM message from veh_90 (at simulation time 228.001,400,000 s)
2024-06-04 00:13:08,496 INFO  - Received CAM message from veh_54 (at simulation time 228.001,400,000 s)
2024-06-04 00:13:08,497 INFO  - Atempting to process queue (at simulation time 228.100,000,000 s)
2024-06-04 00:13:08,497 INFO  - Vehicle is outside the detection area. (at simulation time 228.100,000,000 s)
2024-06-04 00:13:08,497 INFO  - Sent broadcast CAM message to all vehicles (at simulation time 228.100,000,000 s)
2024-06-04 00:13:08,498 INFO  - Received CAM message from veh_90 (at simulation time 228.101,400,000 s)
2024-06-04 00:13:08,498 INFO  - Received CAM message from veh_54 (at simulation time 228.101,900,000 s)
2024-06-04 00:13:08,498 INFO  - Atempting to process queue (at simulation time 228.200,000,000 s)
2024-06-04 00:13:08,498 INFO  - Vehicle is outside the detection area. (at simulation time 228.200,000,000 s)
2024-06-04 00:13:08,498 INFO  - Sent broadcast CAM message to all vehicles (at simulation time 228.200,000,000 s)
2024-06-04 00:13:08,499 INFO  - Received CAM message from veh_90 (at simulation time 228.200,900,000 s)
2024-06-04 00:13:08,499 INFO  - Received CAM message from veh_54 (at simulation time 228.201,400,000 s)
2024-06-04 00:13:08,500 INFO  - Atempting to process queue (at simulation time 228.300,000,000 s)
2024-06-04 00:13:08,500 INFO  - Vehicle is outside the detection area. (at simulation time 228.300,000,000 s)
2024-06-04 00:13:08,500 INFO  - Sent broadcast CAM message to all vehicles (at simulation time 228.300,000,000 s)
2024-06-04 00:13:08,501 INFO  - Received CAM message from veh_90 (at simulation time 228.302,400,000 s)
2024-06-04 00:13:08,501 INFO  - Received CAM message from veh_54 (at simulation time 228.302,400,000 s)
2024-06-04 00:13:08,501 INFO  - Atempting to process queue (at simulation time 228.400,000,000 s)
2024-06-04 00:13:08,501 INFO  - Vehicle is outside the detection area. (at simulation time 228.400,000,000 s)
2024-06-04 00:13:08,501 INFO  - Sent broadcast CAM message to all vehicles (at simulation time 228.400,000,000 s)
2024-06-04 00:13:08,502 INFO  - Received CAM message from veh_90 (at simulation time 228.402,400,000 s)
2024-06-04 00:13:08,502 INFO  - Received CAM message from veh_54 (at simulation time 228.402,400,000 s)
2024-06-04 00:13:08,502 INFO  - Atempting to process queue (at simulation time 228.500,000,000 s)
2024-06-04 00:13:08,502 INFO  - Vehicle is outside the detection area. (at simulation time 228.500,000,000 s)
2024-06-04 00:13:08,502 INFO  - Sent broadcast CAM message to all vehicles (at simulation time 228.500,000,000 s)
2024-06-04 00:13:08,503 INFO  - Received CAM message from veh_90 (at simulation time 228.501,900,000 s)
2024-06-04 00:13:08,503 INFO  - Received CAM message from veh_54 (at simulation time 228.501,900,000 s)
2024-06-04 00:13:08,503 INFO  - Atempting to process queue (at simulation time 228.600,000,000 s)
2024-06-04 00:13:08,503 INFO  - Vehicle is outside the detection area. (at simulation time 228.600,000,000 s)
2024-06-04 00:13:08,503 INFO  - Sent broadcast CAM message to all vehicles (at simulation time 228.600,000,000 s)
2024-06-04 00:13:08,504 INFO  - Received CAM message from veh_54 (at simulation time 228.600,900,000 s)
2024-06-04 00:13:08,504 INFO  - Received CAM message from veh_90 (at simulation time 228.601,900,000 s)
2024-06-04 00:13:08,504 INFO  - Atempting to process queue (at simulation time 228.700,000,000 s)
2024-06-04 00:13:08,504 INFO  - Vehicle is outside the detection area. (at simulation time 228.700,000,000 s)
2024-06-04 00:13:08,504 INFO  - Sent broadcast CAM message to all vehicles (at simulation time 228.700,000,000 s)
2024-06-04 00:13:08,505 INFO  - Received CAM message from veh_90 (at simulation time 228.701,400,000 s)
2024-06-04 00:13:08,505 INFO  - Received CAM message from veh_54 (at simulation time 228.701,900,000 s)
2024-06-04 00:13:08,505 INFO  - Atempting to process queue (at simulation time 228.800,000,000 s)
2024-06-04 00:13:08,505 INFO  - Vehicle is outside the detection area. (at simulation time 228.800,000,000 s)
2024-06-04 00:13:08,505 INFO  - Sent broadcast CAM message to all vehicles (at simulation time 228.800,000,000 s)
2024-06-04 00:13:08,506 INFO  - Received CAM message from veh_90 (at simulation time 228.801,400,000 s)
2024-06-04 00:13:08,506 INFO  - Received CAM message from veh_54 (at simulation time 228.801,400,000 s)
2024-06-04 00:13:08,506 INFO  - Atempting to process queue (at simulation time 228.900,000,000 s)
2024-06-04 00:13:08,506 INFO  - Vehicle is outside the detection area. (at simulation time 228.900,000,000 s)
2024-06-04 00:13:08,506 INFO  - Sent broadcast CAM message to all vehicles (at simulation time 228.900,000,000 s)
2024-06-04 00:13:08,507 INFO  - Received CAM message from veh_90 (at simulation time 228.900,400,000 s)
2024-06-04 00:13:08,507 INFO  - Received CAM message from veh_54 (at simulation time 228.900,400,000 s)
2024-06-04 00:13:08,513 INFO  - Atempting to process queue (at simulation time 229.000,000,000 s)
2024-06-04 00:13:08,513 INFO  - Vehicle is outside the detection area. (at simulation time 229.000,000,000 s)
2024-06-04 00:13:08,513 INFO  - Sent broadcast CAM message to all vehicles (at simulation time 229.000,000,000 s)
2024-06-04 00:13:08,515 INFO  - Received CAM message from veh_54 (at simulation time 229.000,900,000 s)
2024-06-04 00:13:08,515 INFO  - Received CAM message from veh_90 (at simulation time 229.001,400,000 s)
2024-06-04 00:13:08,516 INFO  - Atempting to process queue (at simulation time 229.100,000,000 s)
2024-06-04 00:13:08,516 INFO  - Vehicle is outside the detection area. (at simulation time 229.100,000,000 s)
2024-06-04 00:13:08,516 INFO  - Sent broadcast CAM message to all vehicles (at simulation time 229.100,000,000 s)
2024-06-04 00:13:08,516 INFO  - Received CAM message from veh_54 (at simulation time 229.100,400,000 s)
2024-06-04 00:13:08,517 INFO  - Received CAM message from veh_90 (at simulation time 229.101,400,000 s)
2024-06-04 00:13:08,517 INFO  - Atempting to process queue (at simulation time 229.200,000,000 s)
2024-06-04 00:13:08,517 INFO  - Vehicle is outside the detection area. (at simulation time 229.200,000,000 s)
2024-06-04 00:13:08,517 INFO  - Sent broadcast CAM message to all vehicles (at simulation time 229.200,000,000 s)
2024-06-04 00:13:08,518 INFO  - Received CAM message from veh_90 (at simulation time 229.200,400,000 s)
2024-06-04 00:13:08,518 INFO  - Received CAM message from veh_54 (at simulation time 229.201,400,000 s)
2024-06-04 00:13:08,519 INFO  - Atempting to process queue (at simulation time 229.300,000,000 s)
2024-06-04 00:13:08,519 INFO  - Vehicle is outside the detection area. (at simulation time 229.300,000,000 s)
2024-06-04 00:13:08,519 INFO  - Sent broadcast CAM message to all vehicles (at simulation time 229.300,000,000 s)
2024-06-04 00:13:08,520 INFO  - Received CAM message from veh_54 (at simulation time 229.301,400,000 s)
2024-06-04 00:13:08,520 INFO  - Received CAM message from veh_90 (at simulation time 229.301,900,000 s)
2024-06-04 00:13:08,520 INFO  - Atempting to process queue (at simulation time 229.400,000,000 s)
2024-06-04 00:13:08,520 INFO  - Vehicle is outside the detection area. (at simulation time 229.400,000,000 s)
2024-06-04 00:13:08,520 INFO  - Sent broadcast CAM message to all vehicles (at simulation time 229.400,000,000 s)
2024-06-04 00:13:08,520 INFO  - Received CAM message from veh_54 (at simulation time 229.400,400,000 s)
2024-06-04 00:13:08,521 INFO  - Received CAM message from veh_90 (at simulation time 229.401,400,000 s)
2024-06-04 00:13:08,521 INFO  - Atempting to process queue (at simulation time 229.500,000,000 s)
2024-06-04 00:13:08,521 INFO  - Vehicle is outside the detection area. (at simulation time 229.500,000,000 s)
2024-06-04 00:13:08,521 INFO  - Sent broadcast CAM message to all vehicles (at simulation time 229.500,000,000 s)
2024-06-04 00:13:08,522 INFO  - Received CAM message from veh_54 (at simulation time 229.500,400,000 s)
2024-06-04 00:13:08,522 INFO  - Received CAM message from veh_90 (at simulation time 229.500,900,000 s)
2024-06-04 00:13:08,522 INFO  - Atempting to process queue (at simulation time 229.600,000,000 s)
2024-06-04 00:13:08,522 INFO  - Vehicle is outside the detection area. (at simulation time 229.600,000,000 s)
2024-06-04 00:13:08,522 INFO  - Sent broadcast CAM message to all vehicles (at simulation time 229.600,000,000 s)
2024-06-04 00:13:08,523 INFO  - Received CAM message from veh_90 (at simulation time 229.600,400,000 s)
2024-06-04 00:13:08,523 INFO  - Received CAM message from veh_54 (at simulation time 229.601,400,000 s)
2024-06-04 00:13:08,523 INFO  - Atempting to process queue (at simulation time 229.700,000,000 s)
2024-06-04 00:13:08,523 INFO  - Vehicle is outside the detection area. (at simulation time 229.700,000,000 s)
2024-06-04 00:13:08,523 INFO  - Sent broadcast CAM message to all vehicles (at simulation time 229.700,000,000 s)
2024-06-04 00:13:08,524 INFO  - Received CAM message from veh_54 (at simulation time 229.700,400,000 s)
2024-06-04 00:13:08,524 INFO  - Received CAM message from veh_90 (at simulation time 229.700,900,000 s)
2024-06-04 00:13:08,525 INFO  - Atempting to process queue (at simulation time 229.800,000,000 s)
2024-06-04 00:13:08,525 INFO  - Vehicle is outside the detection area. (at simulation time 229.800,000,000 s)
2024-06-04 00:13:08,525 INFO  - Sent broadcast CAM message to all vehicles (at simulation time 229.800,000,000 s)
2024-06-04 00:13:08,525 INFO  - Received CAM message from veh_54 (at simulation time 229.800,400,000 s)
2024-06-04 00:13:08,526 INFO  - Received CAM message from veh_90 (at simulation time 229.801,400,000 s)
2024-06-04 00:13:08,526 INFO  - Atempting to process queue (at simulation time 229.900,000,000 s)
2024-06-04 00:13:08,526 INFO  - Vehicle is outside the detection area. (at simulation time 229.900,000,000 s)
2024-06-04 00:13:08,526 INFO  - Sent broadcast CAM message to all vehicles (at simulation time 229.900,000,000 s)
2024-06-04 00:13:08,527 INFO  - Received CAM message from veh_54 (at simulation time 229.901,400,000 s)
2024-06-04 00:13:08,527 INFO  - Received CAM message from veh_90 (at simulation time 229.901,900,000 s)
2024-06-04 00:13:08,533 INFO  - Atempting to process queue (at simulation time 230.000,000,000 s)
2024-06-04 00:13:08,533 INFO  - Vehicle is outside the detection area. (at simulation time 230.000,000,000 s)
2024-06-04 00:13:08,533 INFO  - Sent broadcast CAM message to all vehicles (at simulation time 230.000,000,000 s)
2024-06-04 00:13:08,535 INFO  - Received CAM message from veh_54 (at simulation time 230.001,900,000 s)
2024-06-04 00:13:08,535 INFO  - Atempting to process queue (at simulation time 230.100,000,000 s)
2024-06-04 00:13:08,535 INFO  - Vehicle is outside the detection area. (at simulation time 230.100,000,000 s)
2024-06-04 00:13:08,535 INFO  - Sent broadcast CAM message to all vehicles (at simulation time 230.100,000,000 s)
2024-06-04 00:13:08,536 INFO  - Received CAM message from veh_54 (at simulation time 230.100,900,000 s)
2024-06-04 00:13:08,536 INFO  - Atempting to process queue (at simulation time 230.200,000,000 s)
2024-06-04 00:13:08,536 INFO  - Vehicle is outside the detection area. (at simulation time 230.200,000,000 s)
2024-06-04 00:13:08,536 INFO  - Sent broadcast CAM message to all vehicles (at simulation time 230.200,000,000 s)
2024-06-04 00:13:08,537 INFO  - Received CAM message from veh_54 (at simulation time 230.200,900,000 s)
2024-06-04 00:13:08,538 INFO  - Atempting to process queue (at simulation time 230.300,000,000 s)
2024-06-04 00:13:08,538 INFO  - Vehicle is outside the detection area. (at simulation time 230.300,000,000 s)
2024-06-04 00:13:08,538 INFO  - Sent broadcast CAM message to all vehicles (at simulation time 230.300,000,000 s)
2024-06-04 00:13:08,538 INFO  - Received CAM message from veh_54 (at simulation time 230.300,400,000 s)
2024-06-04 00:13:08,539 INFO  - Atempting to process queue (at simulation time 230.400,000,000 s)
2024-06-04 00:13:08,539 INFO  - Vehicle is outside the detection area. (at simulation time 230.400,000,000 s)
2024-06-04 00:13:08,539 INFO  - Sent broadcast CAM message to all vehicles (at simulation time 230.400,000,000 s)
2024-06-04 00:13:08,540 INFO  - Received CAM message from veh_54 (at simulation time 230.401,900,000 s)
2024-06-04 00:13:08,541 INFO  - Atempting to process queue (at simulation time 230.500,000,000 s)
2024-06-04 00:13:08,541 INFO  - Vehicle is outside the detection area. (at simulation time 230.500,000,000 s)
2024-06-04 00:13:08,541 INFO  - Sent broadcast CAM message to all vehicles (at simulation time 230.500,000,000 s)
2024-06-04 00:13:08,542 INFO  - Received CAM message from veh_54 (at simulation time 230.502,400,000 s)
2024-06-04 00:13:08,542 INFO  - Atempting to process queue (at simulation time 230.600,000,000 s)
2024-06-04 00:13:08,542 INFO  - Vehicle is outside the detection area. (at simulation time 230.600,000,000 s)
2024-06-04 00:13:08,542 INFO  - Sent broadcast CAM message to all vehicles (at simulation time 230.600,000,000 s)
2024-06-04 00:13:08,543 INFO  - Received CAM message from veh_54 (at simulation time 230.601,400,000 s)
2024-06-04 00:13:08,543 INFO  - Atempting to process queue (at simulation time 230.700,000,000 s)
2024-06-04 00:13:08,543 INFO  - Vehicle is outside the detection area. (at simulation time 230.700,000,000 s)
2024-06-04 00:13:08,543 INFO  - Sent broadcast CAM message to all vehicles (at simulation time 230.700,000,000 s)
2024-06-04 00:13:08,545 INFO  - Received CAM message from veh_54 (at simulation time 230.702,400,000 s)
2024-06-04 00:13:08,545 INFO  - Atempting to process queue (at simulation time 230.800,000,000 s)
2024-06-04 00:13:08,545 INFO  - Vehicle is outside the detection area. (at simulation time 230.800,000,000 s)
2024-06-04 00:13:08,545 INFO  - Sent broadcast CAM message to all vehicles (at simulation time 230.800,000,000 s)
2024-06-04 00:13:08,546 INFO  - Received CAM message from veh_54 (at simulation time 230.802,400,000 s)
2024-06-04 00:13:08,546 INFO  - Atempting to process queue (at simulation time 230.900,000,000 s)
2024-06-04 00:13:08,546 INFO  - Vehicle is outside the detection area. (at simulation time 230.900,000,000 s)
2024-06-04 00:13:08,546 INFO  - Sent broadcast CAM message to all vehicles (at simulation time 230.900,000,000 s)
2024-06-04 00:13:08,548 INFO  - Received CAM message from veh_54 (at simulation time 230.901,900,000 s)
2024-06-04 00:13:08,550 INFO  - Atempting to process queue (at simulation time 231.000,000,000 s)
2024-06-04 00:13:08,550 INFO  - Vehicle is outside the detection area. (at simulation time 231.000,000,000 s)
2024-06-04 00:13:08,550 INFO  - Sent broadcast CAM message to all vehicles (at simulation time 231.000,000,000 s)
2024-06-04 00:13:08,551 INFO  - Atempting to process queue (at simulation time 231.100,000,000 s)
2024-06-04 00:13:08,551 INFO  - Vehicle is outside the detection area. (at simulation time 231.100,000,000 s)
2024-06-04 00:13:08,551 INFO  - Sent broadcast CAM message to all vehicles (at simulation time 231.100,000,000 s)
2024-06-04 00:13:08,552 INFO  - Atempting to process queue (at simulation time 231.200,000,000 s)
2024-06-04 00:13:08,552 INFO  - Vehicle is outside the detection area. (at simulation time 231.200,000,000 s)
2024-06-04 00:13:08,552 INFO  - Sent broadcast CAM message to all vehicles (at simulation time 231.200,000,000 s)
2024-06-04 00:13:08,554 INFO  - Atempting to process queue (at simulation time 231.300,000,000 s)
2024-06-04 00:13:08,554 INFO  - Vehicle is outside the detection area. (at simulation time 231.300,000,000 s)
2024-06-04 00:13:08,554 INFO  - Sent broadcast CAM message to all vehicles (at simulation time 231.300,000,000 s)
2024-06-04 00:13:08,555 INFO  - Atempting to process queue (at simulation time 231.400,000,000 s)
2024-06-04 00:13:08,555 INFO  - Vehicle is outside the detection area. (at simulation time 231.400,000,000 s)
2024-06-04 00:13:08,555 INFO  - Sent broadcast CAM message to all vehicles (at simulation time 231.400,000,000 s)
2024-06-04 00:13:08,557 INFO  - Atempting to process queue (at simulation time 231.500,000,000 s)
2024-06-04 00:13:08,557 INFO  - Vehicle is outside the detection area. (at simulation time 231.500,000,000 s)
2024-06-04 00:13:08,557 INFO  - Sent broadcast CAM message to all vehicles (at simulation time 231.500,000,000 s)
2024-06-04 00:13:08,560 INFO  - Atempting to process queue (at simulation time 231.600,000,000 s)
2024-06-04 00:13:08,560 INFO  - Vehicle is outside the detection area. (at simulation time 231.600,000,000 s)
2024-06-04 00:13:08,560 INFO  - Sent broadcast CAM message to all vehicles (at simulation time 231.600,000,000 s)
2024-06-04 00:13:08,561 INFO  - Atempting to process queue (at simulation time 231.700,000,000 s)
2024-06-04 00:13:08,561 INFO  - Vehicle is outside the detection area. (at simulation time 231.700,000,000 s)
2024-06-04 00:13:08,561 INFO  - Sent broadcast CAM message to all vehicles (at simulation time 231.700,000,000 s)
2024-06-04 00:13:08,563 INFO  - Atempting to process queue (at simulation time 231.800,000,000 s)
2024-06-04 00:13:08,563 INFO  - Vehicle is outside the detection area. (at simulation time 231.800,000,000 s)
2024-06-04 00:13:08,563 INFO  - Sent broadcast CAM message to all vehicles (at simulation time 231.800,000,000 s)
2024-06-04 00:13:08,564 INFO  - Atempting to process queue (at simulation time 231.900,000,000 s)
2024-06-04 00:13:08,564 INFO  - Vehicle is outside the detection area. (at simulation time 231.900,000,000 s)
2024-06-04 00:13:08,564 INFO  - Sent broadcast CAM message to all vehicles (at simulation time 231.900,000,000 s)
2024-06-04 00:13:08,567 INFO  - Shutdown application (at simulation time 232.000,000,000 s)
