2024-06-04 00:13:10,929 INFO  - Initialize application (at simulation time 325.000,000,000 s)
2024-06-04 00:13:10,930 INFO  - Activated WLAN Module (at simulation time 325.000,000,000 s)
2024-06-04 00:13:10,930 INFO  - Vehicle is outside the detection area. (at simulation time 325.000,000,000 s)
2024-06-04 00:13:10,930 INFO  - Sent broadcast CAM message to all vehicles (at simulation time 325.000,000,000 s)
2024-06-04 00:13:10,933 INFO  - Vehicle is outside the detection area. (at simulation time 325.100,000,000 s)
2024-06-04 00:13:10,933 INFO  - Sent broadcast CAM message to all vehicles (at simulation time 325.100,000,000 s)
2024-06-04 00:13:10,935 INFO  - Vehicle is outside the detection area. (at simulation time 325.200,000,000 s)
2024-06-04 00:13:10,935 INFO  - Sent broadcast CAM message to all vehicles (at simulation time 325.200,000,000 s)
2024-06-04 00:13:10,936 INFO  - Vehicle is outside the detection area. (at simulation time 325.300,000,000 s)
2024-06-04 00:13:10,936 INFO  - Sent broadcast CAM message to all vehicles (at simulation time 325.300,000,000 s)
2024-06-04 00:13:10,938 INFO  - Vehicle is outside the detection area. (at simulation time 325.400,000,000 s)
2024-06-04 00:13:10,938 INFO  - Sent broadcast CAM message to all vehicles (at simulation time 325.400,000,000 s)
2024-06-04 00:13:10,939 INFO  - Vehicle is outside the detection area. (at simulation time 325.500,000,000 s)
2024-06-04 00:13:10,939 INFO  - Sent broadcast CAM message to all vehicles (at simulation time 325.500,000,000 s)
2024-06-04 00:13:10,941 INFO  - Vehicle is outside the detection area. (at simulation time 325.600,000,000 s)
2024-06-04 00:13:10,941 INFO  - Sent broadcast CAM message to all vehicles (at simulation time 325.600,000,000 s)
2024-06-04 00:13:10,942 INFO  - Vehicle is outside the detection area. (at simulation time 325.700,000,000 s)
2024-06-04 00:13:10,942 INFO  - Sent broadcast CAM message to all vehicles (at simulation time 325.700,000,000 s)
2024-06-04 00:13:10,943 INFO  - Vehicle is outside the detection area. (at simulation time 325.800,000,000 s)
2024-06-04 00:13:10,943 INFO  - Sent broadcast CAM message to all vehicles (at simulation time 325.800,000,000 s)
2024-06-04 00:13:10,945 INFO  - Vehicle is outside the detection area. (at simulation time 325.900,000,000 s)
2024-06-04 00:13:10,945 INFO  - Sent broadcast CAM message to all vehicles (at simulation time 325.900,000,000 s)
2024-06-04 00:13:10,949 INFO  - Vehicle is outside the detection area. (at simulation time 326.000,000,000 s)
2024-06-04 00:13:10,949 INFO  - Sent broadcast CAM message to all vehicles (at simulation time 326.000,000,000 s)
2024-06-04 00:13:10,953 INFO  - Vehicle is outside the detection area. (at simulation time 326.100,000,000 s)
2024-06-04 00:13:10,953 INFO  - Sent broadcast CAM message to all vehicles (at simulation time 326.100,000,000 s)
2024-06-04 00:13:10,955 INFO  - Vehicle is outside the detection area. (at simulation time 326.200,000,000 s)
2024-06-04 00:13:10,955 INFO  - Sent broadcast CAM message to all vehicles (at simulation time 326.200,000,000 s)
2024-06-04 00:13:10,956 INFO  - Vehicle is outside the detection area. (at simulation time 326.300,000,000 s)
2024-06-04 00:13:10,956 INFO  - Sent broadcast CAM message to all vehicles (at simulation time 326.300,000,000 s)
2024-06-04 00:13:10,958 INFO  - Vehicle is outside the detection area. (at simulation time 326.400,000,000 s)
2024-06-04 00:13:10,958 INFO  - Sent broadcast CAM message to all vehicles (at simulation time 326.400,000,000 s)
2024-06-04 00:13:10,960 INFO  - Vehicle is outside the detection area. (at simulation time 326.500,000,000 s)
2024-06-04 00:13:10,960 INFO  - Sent broadcast CAM message to all vehicles (at simulation time 326.500,000,000 s)
2024-06-04 00:13:10,961 INFO  - Vehicle is outside the detection area. (at simulation time 326.600,000,000 s)
2024-06-04 00:13:10,962 INFO  - Sent broadcast CAM message to all vehicles (at simulation time 326.600,000,000 s)
2024-06-04 00:13:10,963 INFO  - Vehicle is outside the detection area. (at simulation time 326.700,000,000 s)
2024-06-04 00:13:10,963 INFO  - Sent broadcast CAM message to all vehicles (at simulation time 326.700,000,000 s)
2024-06-04 00:13:10,965 INFO  - Vehicle is outside the detection area. (at simulation time 326.800,000,000 s)
2024-06-04 00:13:10,965 INFO  - Sent broadcast CAM message to all vehicles (at simulation time 326.800,000,000 s)
2024-06-04 00:13:10,967 INFO  - Vehicle is outside the detection area. (at simulation time 326.900,000,000 s)
2024-06-04 00:13:10,967 INFO  - Sent broadcast CAM message to all vehicles (at simulation time 326.900,000,000 s)
2024-06-04 00:13:10,971 INFO  - Vehicle is inside the detection area. (at simulation time 327.000,000,000 s)
2024-06-04 00:13:10,971 INFO  - Vehicle is too far away from the traffic light. (at simulation time 327.000,000,000 s)
2024-06-04 00:13:10,971 INFO  - No vehicles in range. (at simulation time 327.000,000,000 s)
2024-06-04 00:13:10,971 INFO  - Neither the RSU nor any vehicle is in range. (at simulation time 327.000,000,000 s)
2024-06-04 00:13:10,971 INFO  - Sent broadcast CAM message to all vehicles (at simulation time 327.000,000,000 s)
2024-06-04 00:13:10,973 INFO  - Vehicle is inside the detection area. (at simulation time 327.100,000,000 s)
2024-06-04 00:13:10,973 INFO  - Vehicle is too far away from the traffic light. (at simulation time 327.100,000,000 s)
2024-06-04 00:13:10,973 INFO  - No vehicles in range. (at simulation time 327.100,000,000 s)
2024-06-04 00:13:10,973 INFO  - Neither the RSU nor any vehicle is in range. (at simulation time 327.100,000,000 s)
2024-06-04 00:13:10,973 INFO  - Sent broadcast CAM message to all vehicles (at simulation time 327.100,000,000 s)
2024-06-04 00:13:10,974 INFO  - Vehicle is inside the detection area. (at simulation time 327.200,000,000 s)
2024-06-04 00:13:10,974 INFO  - Vehicle is too far away from the traffic light. (at simulation time 327.200,000,000 s)
2024-06-04 00:13:10,974 INFO  - No vehicles in range. (at simulation time 327.200,000,000 s)
2024-06-04 00:13:10,974 INFO  - Neither the RSU nor any vehicle is in range. (at simulation time 327.200,000,000 s)
2024-06-04 00:13:10,974 INFO  - Sent broadcast CAM message to all vehicles (at simulation time 327.200,000,000 s)
2024-06-04 00:13:10,976 INFO  - Vehicle is inside the detection area. (at simulation time 327.300,000,000 s)
2024-06-04 00:13:10,976 INFO  - Vehicle is too far away from the traffic light. (at simulation time 327.300,000,000 s)
2024-06-04 00:13:10,976 INFO  - No vehicles in range. (at simulation time 327.300,000,000 s)
2024-06-04 00:13:10,976 INFO  - Neither the RSU nor any vehicle is in range. (at simulation time 327.300,000,000 s)
2024-06-04 00:13:10,976 INFO  - Sent broadcast CAM message to all vehicles (at simulation time 327.300,000,000 s)
2024-06-04 00:13:10,977 INFO  - Vehicle is inside the detection area. (at simulation time 327.400,000,000 s)
2024-06-04 00:13:10,977 INFO  - Vehicle is too far away from the traffic light. (at simulation time 327.400,000,000 s)
2024-06-04 00:13:10,977 INFO  - No vehicles in range. (at simulation time 327.400,000,000 s)
2024-06-04 00:13:10,977 INFO  - Neither the RSU nor any vehicle is in range. (at simulation time 327.400,000,000 s)
2024-06-04 00:13:10,977 INFO  - Sent broadcast CAM message to all vehicles (at simulation time 327.400,000,000 s)
2024-06-04 00:13:10,979 INFO  - Vehicle is inside the detection area. (at simulation time 327.500,000,000 s)
2024-06-04 00:13:10,979 INFO  - Vehicle is too far away from the traffic light. (at simulation time 327.500,000,000 s)
2024-06-04 00:13:10,979 INFO  - No vehicles in range. (at simulation time 327.500,000,000 s)
2024-06-04 00:13:10,979 INFO  - Neither the RSU nor any vehicle is in range. (at simulation time 327.500,000,000 s)
2024-06-04 00:13:10,979 INFO  - Sent broadcast CAM message to all vehicles (at simulation time 327.500,000,000 s)
2024-06-04 00:13:10,980 INFO  - Vehicle is inside the detection area. (at simulation time 327.600,000,000 s)
2024-06-04 00:13:10,980 INFO  - Vehicle is too far away from the traffic light. (at simulation time 327.600,000,000 s)
2024-06-04 00:13:10,980 INFO  - No vehicles in range. (at simulation time 327.600,000,000 s)
2024-06-04 00:13:10,980 INFO  - Neither the RSU nor any vehicle is in range. (at simulation time 327.600,000,000 s)
2024-06-04 00:13:10,980 INFO  - Sent broadcast CAM message to all vehicles (at simulation time 327.600,000,000 s)
2024-06-04 00:13:10,982 INFO  - Vehicle is inside the detection area. (at simulation time 327.700,000,000 s)
2024-06-04 00:13:10,982 INFO  - Vehicle is too far away from the traffic light. (at simulation time 327.700,000,000 s)
2024-06-04 00:13:10,982 INFO  - No vehicles in range. (at simulation time 327.700,000,000 s)
2024-06-04 00:13:10,982 INFO  - Neither the RSU nor any vehicle is in range. (at simulation time 327.700,000,000 s)
2024-06-04 00:13:10,982 INFO  - Sent broadcast CAM message to all vehicles (at simulation time 327.700,000,000 s)
2024-06-04 00:13:10,984 INFO  - Vehicle is inside the detection area. (at simulation time 327.800,000,000 s)
2024-06-04 00:13:10,984 INFO  - Vehicle is too far away from the traffic light. (at simulation time 327.800,000,000 s)
2024-06-04 00:13:10,984 INFO  - No vehicles in range. (at simulation time 327.800,000,000 s)
2024-06-04 00:13:10,984 INFO  - Neither the RSU nor any vehicle is in range. (at simulation time 327.800,000,000 s)
2024-06-04 00:13:10,984 INFO  - Sent broadcast CAM message to all vehicles (at simulation time 327.800,000,000 s)
2024-06-04 00:13:10,985 INFO  - Vehicle is inside the detection area. (at simulation time 327.900,000,000 s)
2024-06-04 00:13:10,985 INFO  - Vehicle is too far away from the traffic light. (at simulation time 327.900,000,000 s)
2024-06-04 00:13:10,985 INFO  - No vehicles in range. (at simulation time 327.900,000,000 s)
2024-06-04 00:13:10,985 INFO  - Neither the RSU nor any vehicle is in range. (at simulation time 327.900,000,000 s)
2024-06-04 00:13:10,985 INFO  - Sent broadcast CAM message to all vehicles (at simulation time 327.900,000,000 s)
2024-06-04 00:13:11,091 INFO  - Vehicle is inside the detection area. (at simulation time 328.000,000,000 s)
2024-06-04 00:13:11,091 INFO  - Vehicle is too far away from the traffic light. (at simulation time 328.000,000,000 s)
2024-06-04 00:13:11,091 INFO  - No vehicles in range. (at simulation time 328.000,000,000 s)
2024-06-04 00:13:11,091 INFO  - Neither the RSU nor any vehicle is in range. (at simulation time 328.000,000,000 s)
2024-06-04 00:13:11,092 INFO  - Sent broadcast CAM message to all vehicles (at simulation time 328.000,000,000 s)
2024-06-04 00:13:11,094 INFO  - Vehicle is inside the detection area. (at simulation time 328.100,000,000 s)
2024-06-04 00:13:11,094 INFO  - Vehicle is too far away from the traffic light. (at simulation time 328.100,000,000 s)
2024-06-04 00:13:11,094 INFO  - No vehicles in range. (at simulation time 328.100,000,000 s)
2024-06-04 00:13:11,094 INFO  - Neither the RSU nor any vehicle is in range. (at simulation time 328.100,000,000 s)
2024-06-04 00:13:11,094 INFO  - Sent broadcast CAM message to all vehicles (at simulation time 328.100,000,000 s)
2024-06-04 00:13:11,095 INFO  - Vehicle is inside the detection area. (at simulation time 328.200,000,000 s)
2024-06-04 00:13:11,095 INFO  - Vehicle is too far away from the traffic light. (at simulation time 328.200,000,000 s)
2024-06-04 00:13:11,095 INFO  - No vehicles in range. (at simulation time 328.200,000,000 s)
2024-06-04 00:13:11,095 INFO  - Neither the RSU nor any vehicle is in range. (at simulation time 328.200,000,000 s)
2024-06-04 00:13:11,095 INFO  - Sent broadcast CAM message to all vehicles (at simulation time 328.200,000,000 s)
2024-06-04 00:13:11,097 INFO  - Vehicle is inside the detection area. (at simulation time 328.300,000,000 s)
2024-06-04 00:13:11,097 INFO  - Vehicle is too far away from the traffic light. (at simulation time 328.300,000,000 s)
2024-06-04 00:13:11,097 INFO  - No vehicles in range. (at simulation time 328.300,000,000 s)
2024-06-04 00:13:11,097 INFO  - Neither the RSU nor any vehicle is in range. (at simulation time 328.300,000,000 s)
2024-06-04 00:13:11,097 INFO  - Sent broadcast CAM message to all vehicles (at simulation time 328.300,000,000 s)
2024-06-04 00:13:11,098 INFO  - Vehicle is inside the detection area. (at simulation time 328.400,000,000 s)
2024-06-04 00:13:11,098 INFO  - Vehicle is too far away from the traffic light. (at simulation time 328.400,000,000 s)
2024-06-04 00:13:11,098 INFO  - No vehicles in range. (at simulation time 328.400,000,000 s)
2024-06-04 00:13:11,098 INFO  - Neither the RSU nor any vehicle is in range. (at simulation time 328.400,000,000 s)
2024-06-04 00:13:11,099 INFO  - Sent broadcast CAM message to all vehicles (at simulation time 328.400,000,000 s)
2024-06-04 00:13:11,100 INFO  - Vehicle is inside the detection area. (at simulation time 328.500,000,000 s)
2024-06-04 00:13:11,100 INFO  - Vehicle is too far away from the traffic light. (at simulation time 328.500,000,000 s)
2024-06-04 00:13:11,100 INFO  - No vehicles in range. (at simulation time 328.500,000,000 s)
2024-06-04 00:13:11,100 INFO  - Neither the RSU nor any vehicle is in range. (at simulation time 328.500,000,000 s)
2024-06-04 00:13:11,100 INFO  - Sent broadcast CAM message to all vehicles (at simulation time 328.500,000,000 s)
2024-06-04 00:13:11,102 INFO  - Vehicle is inside the detection area. (at simulation time 328.600,000,000 s)
2024-06-04 00:13:11,102 INFO  - Vehicle is too far away from the traffic light. (at simulation time 328.600,000,000 s)
2024-06-04 00:13:11,102 INFO  - No vehicles in range. (at simulation time 328.600,000,000 s)
2024-06-04 00:13:11,102 INFO  - Neither the RSU nor any vehicle is in range. (at simulation time 328.600,000,000 s)
2024-06-04 00:13:11,102 INFO  - Sent broadcast CAM message to all vehicles (at simulation time 328.600,000,000 s)
2024-06-04 00:13:11,103 INFO  - Vehicle is inside the detection area. (at simulation time 328.700,000,000 s)
2024-06-04 00:13:11,103 INFO  - Vehicle is too far away from the traffic light. (at simulation time 328.700,000,000 s)
2024-06-04 00:13:11,103 INFO  - No vehicles in range. (at simulation time 328.700,000,000 s)
2024-06-04 00:13:11,103 INFO  - Neither the RSU nor any vehicle is in range. (at simulation time 328.700,000,000 s)
2024-06-04 00:13:11,104 INFO  - Sent broadcast CAM message to all vehicles (at simulation time 328.700,000,000 s)
2024-06-04 00:13:11,105 INFO  - Vehicle is inside the detection area. (at simulation time 328.800,000,000 s)
2024-06-04 00:13:11,105 INFO  - Vehicle is too far away from the traffic light. (at simulation time 328.800,000,000 s)
2024-06-04 00:13:11,105 INFO  - No vehicles in range. (at simulation time 328.800,000,000 s)
2024-06-04 00:13:11,105 INFO  - Neither the RSU nor any vehicle is in range. (at simulation time 328.800,000,000 s)
2024-06-04 00:13:11,105 INFO  - Sent broadcast CAM message to all vehicles (at simulation time 328.800,000,000 s)
2024-06-04 00:13:11,107 INFO  - Vehicle is inside the detection area. (at simulation time 328.900,000,000 s)
2024-06-04 00:13:11,107 INFO  - Vehicle is too far away from the traffic light. (at simulation time 328.900,000,000 s)
2024-06-04 00:13:11,107 INFO  - No vehicles in range. (at simulation time 328.900,000,000 s)
2024-06-04 00:13:11,107 INFO  - Neither the RSU nor any vehicle is in range. (at simulation time 328.900,000,000 s)
2024-06-04 00:13:11,107 INFO  - Sent broadcast CAM message to all vehicles (at simulation time 328.900,000,000 s)
2024-06-04 00:13:11,113 INFO  - Atempting to process queue (at simulation time 329.000,000,000 s)
2024-06-04 00:13:11,113 INFO  - Vehicle is inside the detection area. (at simulation time 329.000,000,000 s)
2024-06-04 00:13:11,113 INFO  - Sent Detection message to rsu_0 (at simulation time 329.000,000,000 s)
2024-06-04 00:13:11,113 INFO  - Sent broadcast CAM message to all vehicles (at simulation time 329.000,000,000 s)
2024-06-04 00:13:11,114 INFO  - Received CAM message from veh_117 (at simulation time 329.000,400,000 s)
2024-06-04 00:13:11,114 INFO  - Received CAM message from veh_81 (at simulation time 329.000,900,000 s)
2024-06-04 00:13:11,115 INFO  - Received CAM message from veh_123 (at simulation time 329.002,400,000 s)
2024-06-04 00:13:11,115 INFO  - Received CAM message from veh_120 (at simulation time 329.002,400,000 s)
2024-06-04 00:13:11,115 INFO  - Atempting to process queue (at simulation time 329.100,000,000 s)
2024-06-04 00:13:11,115 INFO  - Vehicle is inside the detection area. (at simulation time 329.100,000,000 s)
2024-06-04 00:13:11,115 INFO  - Sent Detection message to rsu_0 (at simulation time 329.100,000,000 s)
2024-06-04 00:13:11,115 INFO  - Sent broadcast CAM message to all vehicles (at simulation time 329.100,000,000 s)
2024-06-04 00:13:11,116 INFO  - Received CAM message from veh_120 (at simulation time 329.100,400,000 s)
2024-06-04 00:13:11,116 INFO  - Received CAM message from veh_123 (at simulation time 329.101,400,000 s)
2024-06-04 00:13:11,117 INFO  - Received CAM message from veh_81 (at simulation time 329.101,900,000 s)
2024-06-04 00:13:11,117 INFO  - Received CAM message from veh_117 (at simulation time 329.102,400,000 s)
2024-06-04 00:13:11,117 INFO  - Atempting to process queue (at simulation time 329.200,000,000 s)
2024-06-04 00:13:11,117 INFO  - Vehicle is inside the detection area. (at simulation time 329.200,000,000 s)
2024-06-04 00:13:11,117 INFO  - Sent Detection message to rsu_0 (at simulation time 329.200,000,000 s)
2024-06-04 00:13:11,117 INFO  - Sent broadcast CAM message to all vehicles (at simulation time 329.200,000,000 s)
2024-06-04 00:13:11,117 INFO  - Received CAM message from veh_117 (at simulation time 329.200,400,000 s)
2024-06-04 00:13:11,117 INFO  - Received CAM message from veh_81 (at simulation time 329.200,400,000 s)
2024-06-04 00:13:11,118 INFO  - Received CAM message from veh_120 (at simulation time 329.201,400,000 s)
2024-06-04 00:13:11,118 INFO  - Received CAM message from veh_123 (at simulation time 329.201,900,000 s)
2024-06-04 00:13:11,118 INFO  - Atempting to process queue (at simulation time 329.300,000,000 s)
2024-06-04 00:13:11,118 INFO  - Vehicle is inside the detection area. (at simulation time 329.300,000,000 s)
2024-06-04 00:13:11,119 INFO  - Sent Detection message to rsu_0 (at simulation time 329.300,000,000 s)
2024-06-04 00:13:11,119 INFO  - Sent broadcast CAM message to all vehicles (at simulation time 329.300,000,000 s)
2024-06-04 00:13:11,119 INFO  - Received CAM message from veh_120 (at simulation time 329.300,400,000 s)
2024-06-04 00:13:11,119 INFO  - Received CAM message from veh_117 (at simulation time 329.300,400,000 s)
2024-06-04 00:13:11,119 INFO  - Received CAM message from veh_81 (at simulation time 329.300,400,000 s)
2024-06-04 00:13:11,120 INFO  - Received CAM message from veh_123 (at simulation time 329.302,400,000 s)
2024-06-04 00:13:11,120 INFO  - Atempting to process queue (at simulation time 329.400,000,000 s)
2024-06-04 00:13:11,120 INFO  - Vehicle is inside the detection area. (at simulation time 329.400,000,000 s)
2024-06-04 00:13:11,120 INFO  - Sent Detection message to rsu_0 (at simulation time 329.400,000,000 s)
2024-06-04 00:13:11,120 INFO  - Sent broadcast CAM message to all vehicles (at simulation time 329.400,000,000 s)
2024-06-04 00:13:11,120 INFO  - Received CAM message from veh_117 (at simulation time 329.400,400,000 s)
2024-06-04 00:13:11,121 INFO  - Received CAM message from veh_123 (at simulation time 329.400,900,000 s)
2024-06-04 00:13:11,121 INFO  - Received CAM message from veh_81 (at simulation time 329.400,900,000 s)
2024-06-04 00:13:11,121 INFO  - Received CAM message from veh_120 (at simulation time 329.401,400,000 s)
2024-06-04 00:13:11,122 INFO  - Atempting to process queue (at simulation time 329.500,000,000 s)
2024-06-04 00:13:11,122 INFO  - Vehicle is inside the detection area. (at simulation time 329.500,000,000 s)
2024-06-04 00:13:11,122 INFO  - Sent Detection message to rsu_0 (at simulation time 329.500,000,000 s)
2024-06-04 00:13:11,122 INFO  - Sent broadcast CAM message to all vehicles (at simulation time 329.500,000,000 s)
2024-06-04 00:13:11,123 INFO  - Received CAM message from veh_120 (at simulation time 329.500,900,000 s)
2024-06-04 00:13:11,123 INFO  - Received CAM message from veh_123 (at simulation time 329.501,900,000 s)
2024-06-04 00:13:11,123 INFO  - Received CAM message from veh_117 (at simulation time 329.501,900,000 s)
2024-06-04 00:13:11,123 INFO  - Received CAM message from veh_81 (at simulation time 329.502,400,000 s)
2024-06-04 00:13:11,123 INFO  - Atempting to process queue (at simulation time 329.600,000,000 s)
2024-06-04 00:13:11,123 INFO  - Vehicle is inside the detection area. (at simulation time 329.600,000,000 s)
2024-06-04 00:13:11,123 INFO  - Sent Detection message to rsu_0 (at simulation time 329.600,000,000 s)
2024-06-04 00:13:11,123 INFO  - Sent broadcast CAM message to all vehicles (at simulation time 329.600,000,000 s)
2024-06-04 00:13:11,124 INFO  - Received CAM message from veh_120 (at simulation time 329.600,400,000 s)
2024-06-04 00:13:11,124 INFO  - Received CAM message from veh_81 (at simulation time 329.600,400,000 s)
2024-06-04 00:13:11,124 INFO  - Received CAM message from veh_117 (at simulation time 329.600,900,000 s)
2024-06-04 00:13:11,124 INFO  - Received CAM message from veh_123 (at simulation time 329.601,400,000 s)
2024-06-04 00:13:11,125 INFO  - Atempting to process queue (at simulation time 329.700,000,000 s)
2024-06-04 00:13:11,125 INFO  - Vehicle is inside the detection area. (at simulation time 329.700,000,000 s)
2024-06-04 00:13:11,125 INFO  - Sent Detection message to rsu_0 (at simulation time 329.700,000,000 s)
2024-06-04 00:13:11,125 INFO  - Sent broadcast CAM message to all vehicles (at simulation time 329.700,000,000 s)
2024-06-04 00:13:11,125 INFO  - Received CAM message from veh_120 (at simulation time 329.700,400,000 s)
2024-06-04 00:13:11,125 INFO  - Received CAM message from veh_81 (at simulation time 329.700,400,000 s)
2024-06-04 00:13:11,126 INFO  - Received CAM message from veh_123 (at simulation time 329.701,400,000 s)
2024-06-04 00:13:11,126 INFO  - Received CAM message from veh_117 (at simulation time 329.702,400,000 s)
2024-06-04 00:13:11,126 INFO  - Atempting to process queue (at simulation time 329.800,000,000 s)
2024-06-04 00:13:11,126 INFO  - Vehicle is inside the detection area. (at simulation time 329.800,000,000 s)
2024-06-04 00:13:11,126 INFO  - Sent Detection message to rsu_0 (at simulation time 329.800,000,000 s)
2024-06-04 00:13:11,126 INFO  - Sent broadcast CAM message to all vehicles (at simulation time 329.800,000,000 s)
2024-06-04 00:13:11,131 INFO  - Received CAM message from veh_123 (at simulation time 329.800,400,000 s)
2024-06-04 00:13:11,131 INFO  - Received CAM message from veh_120 (at simulation time 329.800,400,000 s)
2024-06-04 00:13:11,131 INFO  - Received CAM message from veh_81 (at simulation time 329.800,900,000 s)
2024-06-04 00:13:11,131 INFO  - Received CAM message from veh_117 (at simulation time 329.801,400,000 s)
2024-06-04 00:13:11,132 INFO  - Atempting to process queue (at simulation time 329.900,000,000 s)
2024-06-04 00:13:11,132 INFO  - Vehicle is inside the detection area. (at simulation time 329.900,000,000 s)
2024-06-04 00:13:11,132 INFO  - Sent Detection message to rsu_0 (at simulation time 329.900,000,000 s)
2024-06-04 00:13:11,132 INFO  - Sent broadcast CAM message to all vehicles (at simulation time 329.900,000,000 s)
2024-06-04 00:13:11,133 INFO  - Received CAM message from veh_120 (at simulation time 329.900,900,000 s)
2024-06-04 00:13:11,133 INFO  - Received CAM message from veh_117 (at simulation time 329.900,900,000 s)
2024-06-04 00:13:11,133 INFO  - Received CAM message from veh_81 (at simulation time 329.900,900,000 s)
2024-06-04 00:13:11,133 INFO  - Received CAM message from veh_123 (at simulation time 329.902,400,000 s)
2024-06-04 00:13:11,137 INFO  - Atempting to process queue (at simulation time 330.000,000,000 s)
2024-06-04 00:13:11,137 INFO  - Vehicle is inside the detection area. (at simulation time 330.000,000,000 s)
2024-06-04 00:13:11,137 INFO  - Sent Detection message to rsu_0 (at simulation time 330.000,000,000 s)
2024-06-04 00:13:11,137 INFO  - Sent broadcast CAM message to all vehicles (at simulation time 330.000,000,000 s)
2024-06-04 00:13:11,140 INFO  - Received CAM message from veh_120 (at simulation time 330.000,900,000 s)
2024-06-04 00:13:11,140 INFO  - Received CAM message from veh_81 (at simulation time 330.000,900,000 s)
2024-06-04 00:13:11,140 INFO  - Received CAM message from veh_123 (at simulation time 330.001,400,000 s)
2024-06-04 00:13:11,140 INFO  - Received CAM message from veh_117 (at simulation time 330.002,400,000 s)
2024-06-04 00:13:11,141 INFO  - Atempting to process queue (at simulation time 330.100,000,000 s)
2024-06-04 00:13:11,141 INFO  - Vehicle is inside the detection area. (at simulation time 330.100,000,000 s)
2024-06-04 00:13:11,141 INFO  - Sent Detection message to rsu_0 (at simulation time 330.100,000,000 s)
2024-06-04 00:13:11,141 INFO  - Sent broadcast CAM message to all vehicles (at simulation time 330.100,000,000 s)
2024-06-04 00:13:11,141 INFO  - Received CAM message from veh_117 (at simulation time 330.100,400,000 s)
2024-06-04 00:13:11,141 INFO  - Received CAM message from veh_81 (at simulation time 330.100,900,000 s)
2024-06-04 00:13:11,142 INFO  - Received CAM message from veh_123 (at simulation time 330.101,900,000 s)
2024-06-04 00:13:11,142 INFO  - Received CAM message from veh_120 (at simulation time 330.102,400,000 s)
2024-06-04 00:13:11,142 INFO  - Atempting to process queue (at simulation time 330.200,000,000 s)
2024-06-04 00:13:11,142 INFO  - Vehicle is inside the detection area. (at simulation time 330.200,000,000 s)
2024-06-04 00:13:11,142 INFO  - Sent Detection message to rsu_0 (at simulation time 330.200,000,000 s)
2024-06-04 00:13:11,142 INFO  - Sent broadcast CAM message to all vehicles (at simulation time 330.200,000,000 s)
2024-06-04 00:13:11,142 INFO  - Received CAM message from veh_120 (at simulation time 330.200,400,000 s)
2024-06-04 00:13:11,143 INFO  - Received CAM message from veh_117 (at simulation time 330.200,900,000 s)
2024-06-04 00:13:11,143 INFO  - Received CAM message from veh_123 (at simulation time 330.201,400,000 s)
2024-06-04 00:13:11,143 INFO  - Received CAM message from veh_81 (at simulation time 330.202,400,000 s)
2024-06-04 00:13:11,143 INFO  - Atempting to process queue (at simulation time 330.300,000,000 s)
2024-06-04 00:13:11,143 INFO  - Vehicle is inside the detection area. (at simulation time 330.300,000,000 s)
2024-06-04 00:13:11,143 INFO  - Sent Detection message to rsu_0 (at simulation time 330.300,000,000 s)
2024-06-04 00:13:11,143 INFO  - Sent broadcast CAM message to all vehicles (at simulation time 330.300,000,000 s)
2024-06-04 00:13:11,144 INFO  - Received CAM message from veh_123 (at simulation time 330.300,400,000 s)
2024-06-04 00:13:11,144 INFO  - Received CAM message from veh_81 (at simulation time 330.300,400,000 s)
2024-06-04 00:13:11,144 INFO  - Received CAM message from veh_120 (at simulation time 330.300,900,000 s)
2024-06-04 00:13:11,144 INFO  - Received CAM message from veh_117 (at simulation time 330.301,400,000 s)
2024-06-04 00:13:11,144 INFO  - Atempting to process queue (at simulation time 330.400,000,000 s)
2024-06-04 00:13:11,144 INFO  - Vehicle is inside the detection area. (at simulation time 330.400,000,000 s)
2024-06-04 00:13:11,144 INFO  - Sent Detection message to rsu_0 (at simulation time 330.400,000,000 s)
2024-06-04 00:13:11,144 INFO  - Sent broadcast CAM message to all vehicles (at simulation time 330.400,000,000 s)
2024-06-04 00:13:11,145 INFO  - Received CAM message from veh_117 (at simulation time 330.401,400,000 s)
2024-06-04 00:13:11,146 INFO  - Received CAM message from veh_123 (at simulation time 330.402,400,000 s)
2024-06-04 00:13:11,146 INFO  - Received CAM message from veh_120 (at simulation time 330.402,400,000 s)
2024-06-04 00:13:11,146 INFO  - Received CAM message from veh_81 (at simulation time 330.402,400,000 s)
2024-06-04 00:13:11,146 INFO  - Atempting to process queue (at simulation time 330.500,000,000 s)
2024-06-04 00:13:11,146 INFO  - Vehicle is inside the detection area. (at simulation time 330.500,000,000 s)
2024-06-04 00:13:11,146 INFO  - Sent Detection message to rsu_0 (at simulation time 330.500,000,000 s)
2024-06-04 00:13:11,146 INFO  - Sent broadcast CAM message to all vehicles (at simulation time 330.500,000,000 s)
2024-06-04 00:13:11,146 INFO  - Received CAM message from veh_117 (at simulation time 330.500,400,000 s)
2024-06-04 00:13:11,146 INFO  - Received CAM message from veh_81 (at simulation time 330.500,400,000 s)
2024-06-04 00:13:11,146 INFO  - Received CAM message from veh_123 (at simulation time 330.500,900,000 s)
2024-06-04 00:13:11,147 INFO  - Received CAM message from veh_120 (at simulation time 330.501,400,000 s)
2024-06-04 00:13:11,147 INFO  - Atempting to process queue (at simulation time 330.600,000,000 s)
2024-06-04 00:13:11,147 INFO  - Vehicle is inside the detection area. (at simulation time 330.600,000,000 s)
2024-06-04 00:13:11,147 INFO  - Sent Detection message to rsu_0 (at simulation time 330.600,000,000 s)
2024-06-04 00:13:11,147 INFO  - Sent broadcast CAM message to all vehicles (at simulation time 330.600,000,000 s)
2024-06-04 00:13:11,148 INFO  - Received CAM message from veh_120 (at simulation time 330.600,900,000 s)
2024-06-04 00:13:11,148 INFO  - Received CAM message from veh_117 (at simulation time 330.601,400,000 s)
2024-06-04 00:13:11,148 INFO  - Received CAM message from veh_81 (at simulation time 330.601,400,000 s)
2024-06-04 00:13:11,148 INFO  - Received CAM message from veh_123 (at simulation time 330.601,900,000 s)
2024-06-04 00:13:11,148 INFO  - Atempting to process queue (at simulation time 330.700,000,000 s)
2024-06-04 00:13:11,148 INFO  - Vehicle is inside the detection area. (at simulation time 330.700,000,000 s)
2024-06-04 00:13:11,148 INFO  - Sent Detection message to rsu_0 (at simulation time 330.700,000,000 s)
2024-06-04 00:13:11,148 INFO  - Sent broadcast CAM message to all vehicles (at simulation time 330.700,000,000 s)
2024-06-04 00:13:11,150 INFO  - Received CAM message from veh_123 (at simulation time 330.700,900,000 s)
2024-06-04 00:13:11,150 INFO  - Received CAM message from veh_117 (at simulation time 330.701,400,000 s)
2024-06-04 00:13:11,150 INFO  - Received CAM message from veh_120 (at simulation time 330.701,900,000 s)
2024-06-04 00:13:11,150 INFO  - Received CAM message from veh_81 (at simulation time 330.702,400,000 s)
2024-06-04 00:13:11,150 INFO  - Atempting to process queue (at simulation time 330.800,000,000 s)
2024-06-04 00:13:11,150 INFO  - Vehicle is inside the detection area. (at simulation time 330.800,000,000 s)
2024-06-04 00:13:11,150 INFO  - Sent Detection message to rsu_0 (at simulation time 330.800,000,000 s)
2024-06-04 00:13:11,150 INFO  - Sent broadcast CAM message to all vehicles (at simulation time 330.800,000,000 s)
2024-06-04 00:13:11,151 INFO  - Received CAM message from veh_123 (at simulation time 330.800,400,000 s)
2024-06-04 00:13:11,151 INFO  - Received CAM message from veh_117 (at simulation time 330.801,400,000 s)
2024-06-04 00:13:11,152 INFO  - Received CAM message from veh_120 (at simulation time 330.801,900,000 s)
2024-06-04 00:13:11,152 INFO  - Received CAM message from veh_81 (at simulation time 330.801,900,000 s)
2024-06-04 00:13:11,152 INFO  - Atempting to process queue (at simulation time 330.900,000,000 s)
2024-06-04 00:13:11,152 INFO  - Vehicle is inside the detection area. (at simulation time 330.900,000,000 s)
2024-06-04 00:13:11,152 INFO  - Sent Detection message to rsu_0 (at simulation time 330.900,000,000 s)
2024-06-04 00:13:11,152 INFO  - Sent broadcast CAM message to all vehicles (at simulation time 330.900,000,000 s)
2024-06-04 00:13:11,152 INFO  - Received CAM message from veh_123 (at simulation time 330.900,400,000 s)
2024-06-04 00:13:11,152 INFO  - Received CAM message from veh_120 (at simulation time 330.900,400,000 s)
2024-06-04 00:13:11,153 INFO  - Received CAM message from veh_81 (at simulation time 330.900,400,000 s)
2024-06-04 00:13:11,153 INFO  - Received CAM message from veh_117 (at simulation time 330.901,900,000 s)
2024-06-04 00:13:11,160 INFO  - Atempting to process queue (at simulation time 331.000,000,000 s)
2024-06-04 00:13:11,160 INFO  - Vehicle is outside the detection area. (at simulation time 331.000,000,000 s)
2024-06-04 00:13:11,160 INFO  - Sent broadcast CAM message to all vehicles (at simulation time 331.000,000,000 s)
2024-06-04 00:13:11,162 INFO  - Received CAM message from veh_129 (at simulation time 331.000,400,000 s)
2024-06-04 00:13:11,162 INFO  - Received CAM message from veh_120 (at simulation time 331.000,400,000 s)
2024-06-04 00:13:11,162 INFO  - Received CAM message from veh_102 (at simulation time 331.000,400,000 s)
2024-06-04 00:13:11,162 INFO  - Received CAM message from veh_117 (at simulation time 331.001,400,000 s)
2024-06-04 00:13:11,162 INFO  - Received CAM message from veh_81 (at simulation time 331.001,400,000 s)
2024-06-04 00:13:11,163 INFO  - Received CAM message from veh_123 (at simulation time 331.002,400,000 s)
2024-06-04 00:13:11,163 INFO  - Atempting to process queue (at simulation time 331.100,000,000 s)
2024-06-04 00:13:11,163 INFO  - Vehicle is outside the detection area. (at simulation time 331.100,000,000 s)
2024-06-04 00:13:11,163 INFO  - Sent broadcast CAM message to all vehicles (at simulation time 331.100,000,000 s)
2024-06-04 00:13:11,163 INFO  - Received CAM message from veh_123 (at simulation time 331.100,400,000 s)
2024-06-04 00:13:11,163 INFO  - Received CAM message from veh_129 (at simulation time 331.100,900,000 s)
2024-06-04 00:13:11,163 INFO  - Received CAM message from veh_81 (at simulation time 331.100,900,000 s)
2024-06-04 00:13:11,164 INFO  - Received CAM message from veh_117 (at simulation time 331.101,900,000 s)
2024-06-04 00:13:11,164 INFO  - Received CAM message from veh_102 (at simulation time 331.101,900,000 s)
2024-06-04 00:13:11,164 INFO  - Received CAM message from veh_120 (at simulation time 331.102,400,000 s)
2024-06-04 00:13:11,164 INFO  - Atempting to process queue (at simulation time 331.200,000,000 s)
2024-06-04 00:13:11,164 INFO  - Vehicle is outside the detection area. (at simulation time 331.200,000,000 s)
2024-06-04 00:13:11,164 INFO  - Sent broadcast CAM message to all vehicles (at simulation time 331.200,000,000 s)
2024-06-04 00:13:11,165 INFO  - Received CAM message from veh_123 (at simulation time 331.200,400,000 s)
2024-06-04 00:13:11,165 INFO  - Received CAM message from veh_117 (at simulation time 331.200,400,000 s)
2024-06-04 00:13:11,165 INFO  - Received CAM message from veh_102 (at simulation time 331.200,900,000 s)
2024-06-04 00:13:11,165 INFO  - Received CAM message from veh_120 (at simulation time 331.201,400,000 s)
2024-06-04 00:13:11,165 INFO  - Received CAM message from veh_129 (at simulation time 331.201,900,000 s)
2024-06-04 00:13:11,166 INFO  - Received CAM message from veh_81 (at simulation time 331.202,400,000 s)
2024-06-04 00:13:11,166 INFO  - Atempting to process queue (at simulation time 331.300,000,000 s)
2024-06-04 00:13:11,166 INFO  - Vehicle is outside the detection area. (at simulation time 331.300,000,000 s)
2024-06-04 00:13:11,166 INFO  - Sent broadcast CAM message to all vehicles (at simulation time 331.300,000,000 s)
2024-06-04 00:13:11,167 INFO  - Received CAM message from veh_120 (at simulation time 331.300,900,000 s)
2024-06-04 00:13:11,167 INFO  - Received CAM message from veh_117 (at simulation time 331.301,400,000 s)
2024-06-04 00:13:11,167 INFO  - Received CAM message from veh_81 (at simulation time 331.301,400,000 s)
2024-06-04 00:13:11,167 INFO  - Received CAM message from veh_123 (at simulation time 331.301,900,000 s)
2024-06-04 00:13:11,167 INFO  - Received CAM message from veh_129 (at simulation time 331.302,400,000 s)
2024-06-04 00:13:11,167 INFO  - Received CAM message from veh_102 (at simulation time 331.302,400,000 s)
2024-06-04 00:13:11,167 INFO  - Atempting to process queue (at simulation time 331.400,000,000 s)
2024-06-04 00:13:11,167 INFO  - Vehicle is outside the detection area. (at simulation time 331.400,000,000 s)
2024-06-04 00:13:11,167 INFO  - Sent broadcast CAM message to all vehicles (at simulation time 331.400,000,000 s)
2024-06-04 00:13:11,168 INFO  - Received CAM message from veh_123 (at simulation time 331.400,400,000 s)
2024-06-04 00:13:11,168 INFO  - Received CAM message from veh_81 (at simulation time 331.400,400,000 s)
2024-06-04 00:13:11,169 INFO  - Received CAM message from veh_117 (at simulation time 331.400,900,000 s)
2024-06-04 00:13:11,170 INFO  - Received CAM message from veh_120 (at simulation time 331.401,900,000 s)
2024-06-04 00:13:11,170 INFO  - Received CAM message from veh_129 (at simulation time 331.402,400,000 s)
2024-06-04 00:13:11,170 INFO  - Received CAM message from veh_102 (at simulation time 331.402,400,000 s)
2024-06-04 00:13:11,171 INFO  - Atempting to process queue (at simulation time 331.500,000,000 s)
2024-06-04 00:13:11,171 INFO  - Vehicle is outside the detection area. (at simulation time 331.500,000,000 s)
2024-06-04 00:13:11,171 INFO  - Sent broadcast CAM message to all vehicles (at simulation time 331.500,000,000 s)
2024-06-04 00:13:11,173 INFO  - Received CAM message from veh_123 (at simulation time 331.501,400,000 s)
2024-06-04 00:13:11,173 INFO  - Received CAM message from veh_117 (at simulation time 331.501,400,000 s)
2024-06-04 00:13:11,173 INFO  - Received CAM message from veh_81 (at simulation time 331.501,400,000 s)
2024-06-04 00:13:11,174 INFO  - Received CAM message from veh_102 (at simulation time 331.501,900,000 s)
2024-06-04 00:13:11,174 INFO  - Received CAM message from veh_129 (at simulation time 331.502,400,000 s)
2024-06-04 00:13:11,174 INFO  - Received CAM message from veh_120 (at simulation time 331.502,400,000 s)
2024-06-04 00:13:11,174 INFO  - Atempting to process queue (at simulation time 331.600,000,000 s)
2024-06-04 00:13:11,174 INFO  - Vehicle is outside the detection area. (at simulation time 331.600,000,000 s)
2024-06-04 00:13:11,174 INFO  - Sent broadcast CAM message to all vehicles (at simulation time 331.600,000,000 s)
2024-06-04 00:13:11,176 INFO  - Received CAM message from veh_117 (at simulation time 331.600,900,000 s)
2024-06-04 00:13:11,176 INFO  - Received CAM message from veh_123 (at simulation time 331.601,400,000 s)
2024-06-04 00:13:11,176 INFO  - Received CAM message from veh_81 (at simulation time 331.601,400,000 s)
2024-06-04 00:13:11,176 INFO  - Received CAM message from veh_120 (at simulation time 331.601,900,000 s)
2024-06-04 00:13:11,176 INFO  - Received CAM message from veh_129 (at simulation time 331.602,400,000 s)
2024-06-04 00:13:11,176 INFO  - Received CAM message from veh_102 (at simulation time 331.602,400,000 s)
2024-06-04 00:13:11,176 INFO  - Atempting to process queue (at simulation time 331.700,000,000 s)
2024-06-04 00:13:11,176 INFO  - Vehicle is outside the detection area. (at simulation time 331.700,000,000 s)
2024-06-04 00:13:11,176 INFO  - Sent broadcast CAM message to all vehicles (at simulation time 331.700,000,000 s)
2024-06-04 00:13:11,177 INFO  - Received CAM message from veh_123 (at simulation time 331.700,400,000 s)
2024-06-04 00:13:11,177 INFO  - Received CAM message from veh_117 (at simulation time 331.700,400,000 s)
2024-06-04 00:13:11,177 INFO  - Received CAM message from veh_102 (at simulation time 331.700,400,000 s)
2024-06-04 00:13:11,177 INFO  - Received CAM message from veh_81 (at simulation time 331.700,400,000 s)
2024-06-04 00:13:11,177 INFO  - Received CAM message from veh_120 (at simulation time 331.701,400,000 s)
2024-06-04 00:13:11,177 INFO  - Received CAM message from veh_129 (at simulation time 331.702,400,000 s)
2024-06-04 00:13:11,177 INFO  - Atempting to process queue (at simulation time 331.800,000,000 s)
2024-06-04 00:13:11,177 INFO  - Vehicle is outside the detection area. (at simulation time 331.800,000,000 s)
2024-06-04 00:13:11,177 INFO  - Sent broadcast CAM message to all vehicles (at simulation time 331.800,000,000 s)
2024-06-04 00:13:11,178 INFO  - Received CAM message from veh_129 (at simulation time 331.800,400,000 s)
2024-06-04 00:13:11,178 INFO  - Received CAM message from veh_102 (at simulation time 331.800,400,000 s)
2024-06-04 00:13:11,178 INFO  - Received CAM message from veh_123 (at simulation time 331.800,900,000 s)
2024-06-04 00:13:11,178 INFO  - Received CAM message from veh_120 (at simulation time 331.801,900,000 s)
2024-06-04 00:13:11,178 INFO  - Received CAM message from veh_117 (at simulation time 331.801,900,000 s)
2024-06-04 00:13:11,179 INFO  - Received CAM message from veh_81 (at simulation time 331.802,400,000 s)
2024-06-04 00:13:11,179 INFO  - Atempting to process queue (at simulation time 331.900,000,000 s)
2024-06-04 00:13:11,179 INFO  - Vehicle is outside the detection area. (at simulation time 331.900,000,000 s)
2024-06-04 00:13:11,179 INFO  - Sent broadcast CAM message to all vehicles (at simulation time 331.900,000,000 s)
2024-06-04 00:13:11,179 INFO  - Received CAM message from veh_117 (at simulation time 331.900,400,000 s)
2024-06-04 00:13:11,179 INFO  - Received CAM message from veh_123 (at simulation time 331.900,900,000 s)
2024-06-04 00:13:11,180 INFO  - Received CAM message from veh_81 (at simulation time 331.901,400,000 s)
2024-06-04 00:13:11,180 INFO  - Received CAM message from veh_120 (at simulation time 331.901,900,000 s)
2024-06-04 00:13:11,180 INFO  - Received CAM message from veh_102 (at simulation time 331.901,900,000 s)
2024-06-04 00:13:11,180 INFO  - Received CAM message from veh_129 (at simulation time 331.902,400,000 s)
2024-06-04 00:13:11,184 INFO  - Atempting to process queue (at simulation time 332.000,000,000 s)
2024-06-04 00:13:11,184 INFO  - Vehicle is outside the detection area. (at simulation time 332.000,000,000 s)
2024-06-04 00:13:11,184 INFO  - Sent broadcast CAM message to all vehicles (at simulation time 332.000,000,000 s)
2024-06-04 00:13:11,186 INFO  - Received CAM message from veh_123 (at simulation time 332.001,400,000 s)
2024-06-04 00:13:11,186 INFO  - Received CAM message from veh_120 (at simulation time 332.001,900,000 s)
2024-06-04 00:13:11,186 INFO  - Received CAM message from veh_117 (at simulation time 332.001,900,000 s)
2024-06-04 00:13:11,186 INFO  - Received CAM message from veh_81 (at simulation time 332.001,900,000 s)
2024-06-04 00:13:11,187 INFO  - Atempting to process queue (at simulation time 332.100,000,000 s)
2024-06-04 00:13:11,187 INFO  - Vehicle is outside the detection area. (at simulation time 332.100,000,000 s)
2024-06-04 00:13:11,187 INFO  - Sent broadcast CAM message to all vehicles (at simulation time 332.100,000,000 s)
2024-06-04 00:13:11,187 INFO  - Received CAM message from veh_81 (at simulation time 332.100,400,000 s)
2024-06-04 00:13:11,187 INFO  - Received CAM message from veh_123 (at simulation time 332.100,900,000 s)
2024-06-04 00:13:11,188 INFO  - Received CAM message from veh_120 (at simulation time 332.101,400,000 s)
2024-06-04 00:13:11,188 INFO  - Received CAM message from veh_117 (at simulation time 332.101,400,000 s)
2024-06-04 00:13:11,188 INFO  - Atempting to process queue (at simulation time 332.200,000,000 s)
2024-06-04 00:13:11,188 INFO  - Vehicle is outside the detection area. (at simulation time 332.200,000,000 s)
2024-06-04 00:13:11,188 INFO  - Sent broadcast CAM message to all vehicles (at simulation time 332.200,000,000 s)
2024-06-04 00:13:11,189 INFO  - Received CAM message from veh_117 (at simulation time 332.200,400,000 s)
2024-06-04 00:13:11,189 INFO  - Received CAM message from veh_120 (at simulation time 332.200,900,000 s)
2024-06-04 00:13:11,190 INFO  - Received CAM message from veh_123 (at simulation time 332.202,400,000 s)
2024-06-04 00:13:11,190 INFO  - Received CAM message from veh_81 (at simulation time 332.202,400,000 s)
2024-06-04 00:13:11,190 INFO  - Atempting to process queue (at simulation time 332.300,000,000 s)
2024-06-04 00:13:11,190 INFO  - Vehicle is outside the detection area. (at simulation time 332.300,000,000 s)
2024-06-04 00:13:11,190 INFO  - Sent broadcast CAM message to all vehicles (at simulation time 332.300,000,000 s)
2024-06-04 00:13:11,191 INFO  - Received CAM message from veh_123 (at simulation time 332.300,400,000 s)
2024-06-04 00:13:11,191 INFO  - Received CAM message from veh_81 (at simulation time 332.300,900,000 s)
2024-06-04 00:13:11,191 INFO  - Received CAM message from veh_120 (at simulation time 332.301,400,000 s)
2024-06-04 00:13:11,192 INFO  - Received CAM message from veh_117 (at simulation time 332.302,400,000 s)
2024-06-04 00:13:11,192 INFO  - Atempting to process queue (at simulation time 332.400,000,000 s)
2024-06-04 00:13:11,192 INFO  - Vehicle is outside the detection area. (at simulation time 332.400,000,000 s)
2024-06-04 00:13:11,192 INFO  - Sent broadcast CAM message to all vehicles (at simulation time 332.400,000,000 s)
2024-06-04 00:13:11,192 INFO  - Received CAM message from veh_123 (at simulation time 332.400,400,000 s)
2024-06-04 00:13:11,193 INFO  - Received CAM message from veh_120 (at simulation time 332.401,400,000 s)
2024-06-04 00:13:11,193 INFO  - Received CAM message from veh_117 (at simulation time 332.401,400,000 s)
2024-06-04 00:13:11,193 INFO  - Received CAM message from veh_81 (at simulation time 332.402,400,000 s)
2024-06-04 00:13:11,193 INFO  - Atempting to process queue (at simulation time 332.500,000,000 s)
2024-06-04 00:13:11,193 INFO  - Vehicle is outside the detection area. (at simulation time 332.500,000,000 s)
2024-06-04 00:13:11,193 INFO  - Sent broadcast CAM message to all vehicles (at simulation time 332.500,000,000 s)
2024-06-04 00:13:11,194 INFO  - Received CAM message from veh_123 (at simulation time 332.500,400,000 s)
2024-06-04 00:13:11,194 INFO  - Received CAM message from veh_120 (at simulation time 332.500,900,000 s)
2024-06-04 00:13:11,194 INFO  - Received CAM message from veh_117 (at simulation time 332.500,900,000 s)
2024-06-04 00:13:11,194 INFO  - Received CAM message from veh_81 (at simulation time 332.501,900,000 s)
2024-06-04 00:13:11,194 INFO  - Atempting to process queue (at simulation time 332.600,000,000 s)
2024-06-04 00:13:11,194 INFO  - Vehicle is outside the detection area. (at simulation time 332.600,000,000 s)
2024-06-04 00:13:11,194 INFO  - Sent broadcast CAM message to all vehicles (at simulation time 332.600,000,000 s)
2024-06-04 00:13:11,195 INFO  - Received CAM message from veh_123 (at simulation time 332.600,400,000 s)
2024-06-04 00:13:11,195 INFO  - Received CAM message from veh_117 (at simulation time 332.601,400,000 s)
2024-06-04 00:13:11,196 INFO  - Received CAM message from veh_120 (at simulation time 332.601,900,000 s)
2024-06-04 00:13:11,196 INFO  - Received CAM message from veh_81 (at simulation time 332.602,400,000 s)
2024-06-04 00:13:11,196 INFO  - Atempting to process queue (at simulation time 332.700,000,000 s)
2024-06-04 00:13:11,196 INFO  - Vehicle is outside the detection area. (at simulation time 332.700,000,000 s)
2024-06-04 00:13:11,196 INFO  - Sent broadcast CAM message to all vehicles (at simulation time 332.700,000,000 s)
2024-06-04 00:13:11,197 INFO  - Received CAM message from veh_123 (at simulation time 332.700,900,000 s)
2024-06-04 00:13:11,197 INFO  - Received CAM message from veh_81 (at simulation time 332.701,400,000 s)
2024-06-04 00:13:11,197 INFO  - Received CAM message from veh_120 (at simulation time 332.702,400,000 s)
2024-06-04 00:13:11,197 INFO  - Received CAM message from veh_117 (at simulation time 332.702,400,000 s)
2024-06-04 00:13:11,197 INFO  - Atempting to process queue (at simulation time 332.800,000,000 s)
2024-06-04 00:13:11,197 INFO  - Vehicle is outside the detection area. (at simulation time 332.800,000,000 s)
2024-06-04 00:13:11,197 INFO  - Sent broadcast CAM message to all vehicles (at simulation time 332.800,000,000 s)
2024-06-04 00:13:11,198 INFO  - Received CAM message from veh_117 (at simulation time 332.800,400,000 s)
2024-06-04 00:13:11,198 INFO  - Received CAM message from veh_123 (at simulation time 332.800,900,000 s)
2024-06-04 00:13:11,198 INFO  - Received CAM message from veh_120 (at simulation time 332.800,900,000 s)
2024-06-04 00:13:11,199 INFO  - Received CAM message from veh_81 (at simulation time 332.802,400,000 s)
2024-06-04 00:13:11,199 INFO  - Atempting to process queue (at simulation time 332.900,000,000 s)
2024-06-04 00:13:11,199 INFO  - Vehicle is outside the detection area. (at simulation time 332.900,000,000 s)
2024-06-04 00:13:11,199 INFO  - Sent broadcast CAM message to all vehicles (at simulation time 332.900,000,000 s)
2024-06-04 00:13:11,200 INFO  - Received CAM message from veh_120 (at simulation time 332.900,400,000 s)
2024-06-04 00:13:11,201 INFO  - Received CAM message from veh_123 (at simulation time 332.901,900,000 s)
2024-06-04 00:13:11,201 INFO  - Received CAM message from veh_117 (at simulation time 332.901,900,000 s)
2024-06-04 00:13:11,201 INFO  - Received CAM message from veh_81 (at simulation time 332.901,900,000 s)
2024-06-04 00:13:11,204 INFO  - Atempting to process queue (at simulation time 333.000,000,000 s)
2024-06-04 00:13:11,204 INFO  - Vehicle is outside the detection area. (at simulation time 333.000,000,000 s)
2024-06-04 00:13:11,204 INFO  - Sent broadcast CAM message to all vehicles (at simulation time 333.000,000,000 s)
2024-06-04 00:13:11,206 INFO  - Received CAM message from veh_120 (at simulation time 333.000,400,000 s)
2024-06-04 00:13:11,207 INFO  - Received CAM message from veh_123 (at simulation time 333.000,900,000 s)
2024-06-04 00:13:11,207 INFO  - Received CAM message from veh_117 (at simulation time 333.000,900,000 s)
2024-06-04 00:13:11,207 INFO  - Received CAM message from veh_81 (at simulation time 333.001,900,000 s)
2024-06-04 00:13:11,207 INFO  - Atempting to process queue (at simulation time 333.100,000,000 s)
2024-06-04 00:13:11,207 INFO  - Vehicle is outside the detection area. (at simulation time 333.100,000,000 s)
2024-06-04 00:13:11,207 INFO  - Sent broadcast CAM message to all vehicles (at simulation time 333.100,000,000 s)
2024-06-04 00:13:11,208 INFO  - Received CAM message from veh_117 (at simulation time 333.100,900,000 s)
2024-06-04 00:13:11,208 INFO  - Received CAM message from veh_120 (at simulation time 333.101,900,000 s)
2024-06-04 00:13:11,208 INFO  - Received CAM message from veh_123 (at simulation time 333.102,400,000 s)
2024-06-04 00:13:11,208 INFO  - Received CAM message from veh_81 (at simulation time 333.102,400,000 s)
2024-06-04 00:13:11,208 INFO  - Atempting to process queue (at simulation time 333.200,000,000 s)
2024-06-04 00:13:11,208 INFO  - Vehicle is outside the detection area. (at simulation time 333.200,000,000 s)
2024-06-04 00:13:11,208 INFO  - Sent broadcast CAM message to all vehicles (at simulation time 333.200,000,000 s)
2024-06-04 00:13:11,209 INFO  - Received CAM message from veh_117 (at simulation time 333.200,900,000 s)
2024-06-04 00:13:11,209 INFO  - Received CAM message from veh_123 (at simulation time 333.201,400,000 s)
2024-06-04 00:13:11,209 INFO  - Received CAM message from veh_81 (at simulation time 333.201,400,000 s)
2024-06-04 00:13:11,210 INFO  - Received CAM message from veh_120 (at simulation time 333.202,400,000 s)
2024-06-04 00:13:11,210 INFO  - Atempting to process queue (at simulation time 333.300,000,000 s)
2024-06-04 00:13:11,210 INFO  - Vehicle is outside the detection area. (at simulation time 333.300,000,000 s)
2024-06-04 00:13:11,210 INFO  - Sent broadcast CAM message to all vehicles (at simulation time 333.300,000,000 s)
2024-06-04 00:13:11,211 INFO  - Received CAM message from veh_123 (at simulation time 333.300,400,000 s)
2024-06-04 00:13:11,211 INFO  - Received Control message from rsu_0 to veh_182 (at simulation time 333.300,400,000 s)
2024-06-04 00:13:11,211 INFO  - Current route: 1, lane: 0 (at simulation time 333.300,400,000 s)
2024-06-04 00:13:11,211 INFO  - Vehicle position: GeoPoint{lat=40.743374,lon=-73.988403,alt=0.00} (at simulation time 333.300,400,000 s)
2024-06-04 00:13:11,212 INFO  - Received CAM message from veh_81 (at simulation time 333.300,900,000 s)
2024-06-04 00:13:11,215 INFO  - Received CAM message from veh_120 (at simulation time 333.301,900,000 s)
2024-06-04 00:13:11,215 INFO  - Received CAM message from veh_117 (at simulation time 333.301,900,000 s)
2024-06-04 00:13:11,231 INFO  - Atempting to process queue (at simulation time 333.400,000,000 s)
2024-06-04 00:13:11,231 INFO  - Vehicle is outside the detection area. (at simulation time 333.400,000,000 s)
2024-06-04 00:13:11,231 INFO  - Sent broadcast CAM message to all vehicles (at simulation time 333.400,000,000 s)
2024-06-04 00:13:11,232 INFO  - Received CAM message from veh_123 (at simulation time 333.400,900,000 s)
2024-06-04 00:13:11,232 INFO  - Received CAM message from veh_117 (at simulation time 333.401,400,000 s)
2024-06-04 00:13:11,232 INFO  - Received CAM message from veh_81 (at simulation time 333.401,400,000 s)
2024-06-04 00:13:11,232 INFO  - Received CAM message from veh_120 (at simulation time 333.402,400,000 s)
2024-06-04 00:13:11,232 INFO  - Atempting to process queue (at simulation time 333.500,000,000 s)
2024-06-04 00:13:11,232 INFO  - Vehicle is outside the detection area. (at simulation time 333.500,000,000 s)
2024-06-04 00:13:11,232 INFO  - Sent broadcast CAM message to all vehicles (at simulation time 333.500,000,000 s)
2024-06-04 00:13:11,233 INFO  - Received CAM message from veh_123 (at simulation time 333.500,900,000 s)
2024-06-04 00:13:11,234 INFO  - Received CAM message from veh_81 (at simulation time 333.501,400,000 s)
2024-06-04 00:13:11,234 INFO  - Received CAM message from veh_120 (at simulation time 333.501,900,000 s)
2024-06-04 00:13:11,234 INFO  - Received CAM message from veh_117 (at simulation time 333.502,400,000 s)
2024-06-04 00:13:11,234 INFO  - Atempting to process queue (at simulation time 333.600,000,000 s)
2024-06-04 00:13:11,234 INFO  - Vehicle is outside the detection area. (at simulation time 333.600,000,000 s)
2024-06-04 00:13:11,234 INFO  - Sent broadcast CAM message to all vehicles (at simulation time 333.600,000,000 s)
2024-06-04 00:13:11,235 INFO  - Received CAM message from veh_117 (at simulation time 333.600,900,000 s)
2024-06-04 00:13:11,235 INFO  - Received CAM message from veh_123 (at simulation time 333.601,400,000 s)
2024-06-04 00:13:11,235 INFO  - Received CAM message from veh_120 (at simulation time 333.601,400,000 s)
2024-06-04 00:13:11,235 INFO  - Received CAM message from veh_81 (at simulation time 333.601,900,000 s)
2024-06-04 00:13:11,235 INFO  - Atempting to process queue (at simulation time 333.700,000,000 s)
2024-06-04 00:13:11,235 INFO  - Vehicle is outside the detection area. (at simulation time 333.700,000,000 s)
2024-06-04 00:13:11,235 INFO  - Sent broadcast CAM message to all vehicles (at simulation time 333.700,000,000 s)
2024-06-04 00:13:11,236 INFO  - Received CAM message from veh_117 (at simulation time 333.700,900,000 s)
2024-06-04 00:13:11,237 INFO  - Received CAM message from veh_120 (at simulation time 333.701,900,000 s)
2024-06-04 00:13:11,237 INFO  - Received CAM message from veh_123 (at simulation time 333.702,400,000 s)
2024-06-04 00:13:11,237 INFO  - Received CAM message from veh_81 (at simulation time 333.702,400,000 s)
2024-06-04 00:13:11,237 INFO  - Atempting to process queue (at simulation time 333.800,000,000 s)
2024-06-04 00:13:11,237 INFO  - Vehicle is outside the detection area. (at simulation time 333.800,000,000 s)
2024-06-04 00:13:11,237 INFO  - Sent broadcast CAM message to all vehicles (at simulation time 333.800,000,000 s)
2024-06-04 00:13:11,238 INFO  - Received CAM message from veh_117 (at simulation time 333.800,900,000 s)
2024-06-04 00:13:11,238 INFO  - Received CAM message from veh_81 (at simulation time 333.800,900,000 s)
2024-06-04 00:13:11,238 INFO  - Received CAM message from veh_120 (at simulation time 333.801,900,000 s)
2024-06-04 00:13:11,238 INFO  - Received CAM message from veh_123 (at simulation time 333.802,400,000 s)
2024-06-04 00:13:11,238 INFO  - Atempting to process queue (at simulation time 333.900,000,000 s)
2024-06-04 00:13:11,238 INFO  - Vehicle is outside the detection area. (at simulation time 333.900,000,000 s)
2024-06-04 00:13:11,238 INFO  - Sent broadcast CAM message to all vehicles (at simulation time 333.900,000,000 s)
2024-06-04 00:13:11,240 INFO  - Received CAM message from veh_120 (at simulation time 333.900,400,000 s)
2024-06-04 00:13:11,241 INFO  - Received CAM message from veh_81 (at simulation time 333.901,400,000 s)
2024-06-04 00:13:11,241 INFO  - Received CAM message from veh_117 (at simulation time 333.901,900,000 s)
2024-06-04 00:13:11,241 INFO  - Received CAM message from veh_123 (at simulation time 333.902,400,000 s)
2024-06-04 00:13:11,244 INFO  - Atempting to process queue (at simulation time 334.000,000,000 s)
2024-06-04 00:13:11,244 INFO  - Vehicle is outside the detection area. (at simulation time 334.000,000,000 s)
2024-06-04 00:13:11,244 INFO  - Sent broadcast CAM message to all vehicles (at simulation time 334.000,000,000 s)
2024-06-04 00:13:11,245 INFO  - Received CAM message from veh_81 (at simulation time 334.000,400,000 s)
2024-06-04 00:13:11,245 INFO  - Received CAM message from veh_120 (at simulation time 334.000,900,000 s)
2024-06-04 00:13:11,246 INFO  - Received CAM message from veh_117 (at simulation time 334.002,400,000 s)
2024-06-04 00:13:11,246 INFO  - Atempting to process queue (at simulation time 334.100,000,000 s)
2024-06-04 00:13:11,246 INFO  - Vehicle is outside the detection area. (at simulation time 334.100,000,000 s)
2024-06-04 00:13:11,246 INFO  - Sent broadcast CAM message to all vehicles (at simulation time 334.100,000,000 s)
2024-06-04 00:13:11,246 INFO  - Received CAM message from veh_120 (at simulation time 334.100,900,000 s)
2024-06-04 00:13:11,246 INFO  - Received CAM message from veh_81 (at simulation time 334.100,900,000 s)
2024-06-04 00:13:11,247 INFO  - Received CAM message from veh_117 (at simulation time 334.102,400,000 s)
2024-06-04 00:13:11,247 INFO  - Atempting to process queue (at simulation time 334.200,000,000 s)
2024-06-04 00:13:11,247 INFO  - Vehicle is outside the detection area. (at simulation time 334.200,000,000 s)
2024-06-04 00:13:11,247 INFO  - Sent broadcast CAM message to all vehicles (at simulation time 334.200,000,000 s)
2024-06-04 00:13:11,247 INFO  - Received CAM message from veh_120 (at simulation time 334.200,400,000 s)
2024-06-04 00:13:11,248 INFO  - Received CAM message from veh_117 (at simulation time 334.201,400,000 s)
2024-06-04 00:13:11,248 INFO  - Received CAM message from veh_81 (at simulation time 334.201,900,000 s)
2024-06-04 00:13:11,248 INFO  - Atempting to process queue (at simulation time 334.300,000,000 s)
2024-06-04 00:13:11,248 INFO  - Vehicle is outside the detection area. (at simulation time 334.300,000,000 s)
2024-06-04 00:13:11,248 INFO  - Sent broadcast CAM message to all vehicles (at simulation time 334.300,000,000 s)
2024-06-04 00:13:11,249 INFO  - Received CAM message from veh_117 (at simulation time 334.300,900,000 s)
2024-06-04 00:13:11,249 INFO  - Received CAM message from veh_81 (at simulation time 334.301,900,000 s)
2024-06-04 00:13:11,249 INFO  - Received CAM message from veh_120 (at simulation time 334.302,400,000 s)
2024-06-04 00:13:11,249 INFO  - Atempting to process queue (at simulation time 334.400,000,000 s)
2024-06-04 00:13:11,249 INFO  - Vehicle is outside the detection area. (at simulation time 334.400,000,000 s)
2024-06-04 00:13:11,249 INFO  - Sent broadcast CAM message to all vehicles (at simulation time 334.400,000,000 s)
2024-06-04 00:13:11,250 INFO  - Received CAM message from veh_117 (at simulation time 334.400,400,000 s)
2024-06-04 00:13:11,250 INFO  - Received CAM message from veh_81 (at simulation time 334.400,900,000 s)
2024-06-04 00:13:11,250 INFO  - Received CAM message from veh_120 (at simulation time 334.401,900,000 s)
2024-06-04 00:13:11,251 INFO  - Atempting to process queue (at simulation time 334.500,000,000 s)
2024-06-04 00:13:11,251 INFO  - Vehicle is outside the detection area. (at simulation time 334.500,000,000 s)
2024-06-04 00:13:11,251 INFO  - Sent broadcast CAM message to all vehicles (at simulation time 334.500,000,000 s)
2024-06-04 00:13:11,252 INFO  - Received CAM message from veh_120 (at simulation time 334.500,400,000 s)
2024-06-04 00:13:11,252 INFO  - Received CAM message from veh_117 (at simulation time 334.501,900,000 s)
2024-06-04 00:13:11,252 INFO  - Received CAM message from veh_81 (at simulation time 334.501,900,000 s)
2024-06-04 00:13:11,252 INFO  - Atempting to process queue (at simulation time 334.600,000,000 s)
2024-06-04 00:13:11,252 INFO  - Vehicle is outside the detection area. (at simulation time 334.600,000,000 s)
2024-06-04 00:13:11,252 INFO  - Sent broadcast CAM message to all vehicles (at simulation time 334.600,000,000 s)
2024-06-04 00:13:11,253 INFO  - Received CAM message from veh_120 (at simulation time 334.600,400,000 s)
2024-06-04 00:13:11,253 INFO  - Received CAM message from veh_81 (at simulation time 334.600,400,000 s)
2024-06-04 00:13:11,253 INFO  - Received CAM message from veh_117 (at simulation time 334.602,400,000 s)
2024-06-04 00:13:11,253 INFO  - Atempting to process queue (at simulation time 334.700,000,000 s)
2024-06-04 00:13:11,253 INFO  - Vehicle is outside the detection area. (at simulation time 334.700,000,000 s)
2024-06-04 00:13:11,253 INFO  - Sent broadcast CAM message to all vehicles (at simulation time 334.700,000,000 s)
2024-06-04 00:13:11,255 INFO  - Received CAM message from veh_120 (at simulation time 334.701,900,000 s)
2024-06-04 00:13:11,255 INFO  - Received CAM message from veh_81 (at simulation time 334.701,900,000 s)
2024-06-04 00:13:11,255 INFO  - Received CAM message from veh_117 (at simulation time 334.702,400,000 s)
2024-06-04 00:13:11,255 INFO  - Atempting to process queue (at simulation time 334.800,000,000 s)
2024-06-04 00:13:11,255 INFO  - Vehicle is outside the detection area. (at simulation time 334.800,000,000 s)
2024-06-04 00:13:11,255 INFO  - Sent broadcast CAM message to all vehicles (at simulation time 334.800,000,000 s)
2024-06-04 00:13:11,256 INFO  - Received CAM message from veh_120 (at simulation time 334.800,900,000 s)
2024-06-04 00:13:11,256 INFO  - Received CAM message from veh_117 (at simulation time 334.800,900,000 s)
2024-06-04 00:13:11,256 INFO  - Received CAM message from veh_81 (at simulation time 334.801,400,000 s)
2024-06-04 00:13:11,256 INFO  - Atempting to process queue (at simulation time 334.900,000,000 s)
2024-06-04 00:13:11,256 INFO  - Vehicle is outside the detection area. (at simulation time 334.900,000,000 s)
2024-06-04 00:13:11,256 INFO  - Sent broadcast CAM message to all vehicles (at simulation time 334.900,000,000 s)
2024-06-04 00:13:11,257 INFO  - Received CAM message from veh_81 (at simulation time 334.900,400,000 s)
2024-06-04 00:13:11,257 INFO  - Received CAM message from veh_120 (at simulation time 334.902,400,000 s)
2024-06-04 00:13:11,257 INFO  - Received CAM message from veh_117 (at simulation time 334.902,400,000 s)
2024-06-04 00:13:11,261 INFO  - Atempting to process queue (at simulation time 335.000,000,000 s)
2024-06-04 00:13:11,261 INFO  - Vehicle is outside the detection area. (at simulation time 335.000,000,000 s)
2024-06-04 00:13:11,261 INFO  - Sent broadcast CAM message to all vehicles (at simulation time 335.000,000,000 s)
2024-06-04 00:13:11,262 INFO  - Received CAM message from veh_117 (at simulation time 335.001,900,000 s)
2024-06-04 00:13:11,262 INFO  - Atempting to process queue (at simulation time 335.100,000,000 s)
2024-06-04 00:13:11,262 INFO  - Vehicle is outside the detection area. (at simulation time 335.100,000,000 s)
2024-06-04 00:13:11,262 INFO  - Sent broadcast CAM message to all vehicles (at simulation time 335.100,000,000 s)
2024-06-04 00:13:11,263 INFO  - Received CAM message from veh_117 (at simulation time 335.100,400,000 s)
2024-06-04 00:13:11,264 INFO  - Atempting to process queue (at simulation time 335.200,000,000 s)
2024-06-04 00:13:11,264 INFO  - Vehicle is outside the detection area. (at simulation time 335.200,000,000 s)
2024-06-04 00:13:11,264 INFO  - Sent broadcast CAM message to all vehicles (at simulation time 335.200,000,000 s)
2024-06-04 00:13:11,264 INFO  - Received CAM message from veh_117 (at simulation time 335.200,400,000 s)
2024-06-04 00:13:11,265 INFO  - Atempting to process queue (at simulation time 335.300,000,000 s)
2024-06-04 00:13:11,265 INFO  - Vehicle is outside the detection area. (at simulation time 335.300,000,000 s)
2024-06-04 00:13:11,265 INFO  - Sent broadcast CAM message to all vehicles (at simulation time 335.300,000,000 s)
2024-06-04 00:13:11,266 INFO  - Received CAM message from veh_117 (at simulation time 335.301,900,000 s)
2024-06-04 00:13:11,266 INFO  - Atempting to process queue (at simulation time 335.400,000,000 s)
2024-06-04 00:13:11,266 INFO  - Vehicle is outside the detection area. (at simulation time 335.400,000,000 s)
2024-06-04 00:13:11,266 INFO  - Sent broadcast CAM message to all vehicles (at simulation time 335.400,000,000 s)
2024-06-04 00:13:11,267 INFO  - Received CAM message from veh_117 (at simulation time 335.400,400,000 s)
2024-06-04 00:13:11,267 INFO  - Atempting to process queue (at simulation time 335.500,000,000 s)
2024-06-04 00:13:11,267 INFO  - Vehicle is outside the detection area. (at simulation time 335.500,000,000 s)
2024-06-04 00:13:11,267 INFO  - Sent broadcast CAM message to all vehicles (at simulation time 335.500,000,000 s)
2024-06-04 00:13:11,268 INFO  - Received CAM message from veh_117 (at simulation time 335.500,900,000 s)
2024-06-04 00:13:11,269 INFO  - Atempting to process queue (at simulation time 335.600,000,000 s)
2024-06-04 00:13:11,269 INFO  - Vehicle is outside the detection area. (at simulation time 335.600,000,000 s)
2024-06-04 00:13:11,269 INFO  - Sent broadcast CAM message to all vehicles (at simulation time 335.600,000,000 s)
2024-06-04 00:13:11,270 INFO  - Received CAM message from veh_117 (at simulation time 335.600,400,000 s)
2024-06-04 00:13:11,270 INFO  - Atempting to process queue (at simulation time 335.700,000,000 s)
2024-06-04 00:13:11,270 INFO  - Vehicle is outside the detection area. (at simulation time 335.700,000,000 s)
2024-06-04 00:13:11,270 INFO  - Sent broadcast CAM message to all vehicles (at simulation time 335.700,000,000 s)
2024-06-04 00:13:11,271 INFO  - Received CAM message from veh_117 (at simulation time 335.701,900,000 s)
2024-06-04 00:13:11,272 INFO  - Atempting to process queue (at simulation time 335.800,000,000 s)
2024-06-04 00:13:11,272 INFO  - Vehicle is outside the detection area. (at simulation time 335.800,000,000 s)
2024-06-04 00:13:11,272 INFO  - Sent broadcast CAM message to all vehicles (at simulation time 335.800,000,000 s)
2024-06-04 00:13:11,273 INFO  - Received CAM message from veh_117 (at simulation time 335.800,900,000 s)
2024-06-04 00:13:11,273 INFO  - Atempting to process queue (at simulation time 335.900,000,000 s)
2024-06-04 00:13:11,273 INFO  - Vehicle is outside the detection area. (at simulation time 335.900,000,000 s)
2024-06-04 00:13:11,273 INFO  - Sent broadcast CAM message to all vehicles (at simulation time 335.900,000,000 s)
2024-06-04 00:13:11,274 INFO  - Received CAM message from veh_117 (at simulation time 335.902,400,000 s)
2024-06-04 00:13:11,277 INFO  - Atempting to process queue (at simulation time 336.000,000,000 s)
2024-06-04 00:13:11,277 INFO  - Vehicle is outside the detection area. (at simulation time 336.000,000,000 s)
2024-06-04 00:13:11,277 INFO  - Sent broadcast CAM message to all vehicles (at simulation time 336.000,000,000 s)
2024-06-04 00:13:11,278 INFO  - Received CAM message from veh_117 (at simulation time 336.000,900,000 s)
2024-06-04 00:13:11,279 INFO  - Atempting to process queue (at simulation time 336.100,000,000 s)
2024-06-04 00:13:11,279 INFO  - Vehicle is outside the detection area. (at simulation time 336.100,000,000 s)
2024-06-04 00:13:11,279 INFO  - Sent broadcast CAM message to all vehicles (at simulation time 336.100,000,000 s)
2024-06-04 00:13:11,280 INFO  - Received CAM message from veh_117 (at simulation time 336.101,400,000 s)
2024-06-04 00:13:11,280 INFO  - Atempting to process queue (at simulation time 336.200,000,000 s)
2024-06-04 00:13:11,280 INFO  - Vehicle is outside the detection area. (at simulation time 336.200,000,000 s)
2024-06-04 00:13:11,280 INFO  - Sent broadcast CAM message to all vehicles (at simulation time 336.200,000,000 s)
2024-06-04 00:13:11,281 INFO  - Received CAM message from veh_117 (at simulation time 336.201,900,000 s)
2024-06-04 00:13:11,281 INFO  - Atempting to process queue (at simulation time 336.300,000,000 s)
2024-06-04 00:13:11,281 INFO  - Vehicle is outside the detection area. (at simulation time 336.300,000,000 s)
2024-06-04 00:13:11,281 INFO  - Sent broadcast CAM message to all vehicles (at simulation time 336.300,000,000 s)
2024-06-04 00:13:11,282 INFO  - Received CAM message from veh_117 (at simulation time 336.301,400,000 s)
2024-06-04 00:13:11,282 INFO  - Atempting to process queue (at simulation time 336.400,000,000 s)
2024-06-04 00:13:11,282 INFO  - Vehicle is outside the detection area. (at simulation time 336.400,000,000 s)
2024-06-04 00:13:11,282 INFO  - Sent broadcast CAM message to all vehicles (at simulation time 336.400,000,000 s)
2024-06-04 00:13:11,283 INFO  - Received CAM message from veh_117 (at simulation time 336.401,400,000 s)
2024-06-04 00:13:11,283 INFO  - Atempting to process queue (at simulation time 336.500,000,000 s)
2024-06-04 00:13:11,283 INFO  - Vehicle is outside the detection area. (at simulation time 336.500,000,000 s)
2024-06-04 00:13:11,283 INFO  - Sent broadcast CAM message to all vehicles (at simulation time 336.500,000,000 s)
2024-06-04 00:13:11,285 INFO  - Received CAM message from veh_117 (at simulation time 336.501,900,000 s)
2024-06-04 00:13:11,285 INFO  - Atempting to process queue (at simulation time 336.600,000,000 s)
2024-06-04 00:13:11,285 INFO  - Vehicle is outside the detection area. (at simulation time 336.600,000,000 s)
2024-06-04 00:13:11,285 INFO  - Sent broadcast CAM message to all vehicles (at simulation time 336.600,000,000 s)
2024-06-04 00:13:11,286 INFO  - Received CAM message from veh_117 (at simulation time 336.601,900,000 s)
2024-06-04 00:13:11,286 INFO  - Atempting to process queue (at simulation time 336.700,000,000 s)
2024-06-04 00:13:11,286 INFO  - Vehicle is outside the detection area. (at simulation time 336.700,000,000 s)
2024-06-04 00:13:11,286 INFO  - Sent broadcast CAM message to all vehicles (at simulation time 336.700,000,000 s)
2024-06-04 00:13:11,287 INFO  - Received CAM message from veh_117 (at simulation time 336.702,400,000 s)
2024-06-04 00:13:11,288 INFO  - Atempting to process queue (at simulation time 336.800,000,000 s)
2024-06-04 00:13:11,288 INFO  - Vehicle is outside the detection area. (at simulation time 336.800,000,000 s)
2024-06-04 00:13:11,288 INFO  - Sent broadcast CAM message to all vehicles (at simulation time 336.800,000,000 s)
2024-06-04 00:13:11,288 INFO  - Received CAM message from veh_117 (at simulation time 336.801,400,000 s)
2024-06-04 00:13:11,289 INFO  - Atempting to process queue (at simulation time 336.900,000,000 s)
2024-06-04 00:13:11,289 INFO  - Vehicle is outside the detection area. (at simulation time 336.900,000,000 s)
2024-06-04 00:13:11,289 INFO  - Sent broadcast CAM message to all vehicles (at simulation time 336.900,000,000 s)
2024-06-04 00:13:11,290 INFO  - Received CAM message from veh_117 (at simulation time 336.901,900,000 s)
2024-06-04 00:13:11,296 INFO  - Atempting to process queue (at simulation time 337.000,000,000 s)
2024-06-04 00:13:11,296 INFO  - Vehicle is outside the detection area. (at simulation time 337.000,000,000 s)
2024-06-04 00:13:11,296 INFO  - Sent broadcast CAM message to all vehicles (at simulation time 337.000,000,000 s)
2024-06-04 00:13:11,298 INFO  - Received CAM message from veh_117 (at simulation time 337.001,900,000 s)
2024-06-04 00:13:11,298 INFO  - Atempting to process queue (at simulation time 337.100,000,000 s)
2024-06-04 00:13:11,298 INFO  - Vehicle is outside the detection area. (at simulation time 337.100,000,000 s)
2024-06-04 00:13:11,298 INFO  - Sent broadcast CAM message to all vehicles (at simulation time 337.100,000,000 s)
2024-06-04 00:13:11,299 INFO  - Received CAM message from veh_117 (at simulation time 337.100,900,000 s)
2024-06-04 00:13:11,299 INFO  - Atempting to process queue (at simulation time 337.200,000,000 s)
2024-06-04 00:13:11,299 INFO  - Vehicle is outside the detection area. (at simulation time 337.200,000,000 s)
2024-06-04 00:13:11,299 INFO  - Sent broadcast CAM message to all vehicles (at simulation time 337.200,000,000 s)
2024-06-04 00:13:11,300 INFO  - Received CAM message from veh_117 (at simulation time 337.201,400,000 s)
2024-06-04 00:13:11,301 INFO  - Atempting to process queue (at simulation time 337.300,000,000 s)
2024-06-04 00:13:11,301 INFO  - Vehicle is outside the detection area. (at simulation time 337.300,000,000 s)
2024-06-04 00:13:11,301 INFO  - Sent broadcast CAM message to all vehicles (at simulation time 337.300,000,000 s)
2024-06-04 00:13:11,301 INFO  - Received CAM message from veh_117 (at simulation time 337.300,900,000 s)
2024-06-04 00:13:11,302 INFO  - Atempting to process queue (at simulation time 337.400,000,000 s)
2024-06-04 00:13:11,302 INFO  - Vehicle is outside the detection area. (at simulation time 337.400,000,000 s)
2024-06-04 00:13:11,302 INFO  - Sent broadcast CAM message to all vehicles (at simulation time 337.400,000,000 s)
2024-06-04 00:13:11,303 INFO  - Received CAM message from veh_117 (at simulation time 337.400,900,000 s)
2024-06-04 00:13:11,303 INFO  - Atempting to process queue (at simulation time 337.500,000,000 s)
2024-06-04 00:13:11,303 INFO  - Vehicle is outside the detection area. (at simulation time 337.500,000,000 s)
2024-06-04 00:13:11,303 INFO  - Sent broadcast CAM message to all vehicles (at simulation time 337.500,000,000 s)
2024-06-04 00:13:11,305 INFO  - Received CAM message from veh_117 (at simulation time 337.502,400,000 s)
2024-06-04 00:13:11,305 INFO  - Atempting to process queue (at simulation time 337.600,000,000 s)
2024-06-04 00:13:11,305 INFO  - Vehicle is outside the detection area. (at simulation time 337.600,000,000 s)
2024-06-04 00:13:11,305 INFO  - Sent broadcast CAM message to all vehicles (at simulation time 337.600,000,000 s)
2024-06-04 00:13:11,306 INFO  - Received CAM message from veh_117 (at simulation time 337.602,400,000 s)
2024-06-04 00:13:11,306 INFO  - Atempting to process queue (at simulation time 337.700,000,000 s)
2024-06-04 00:13:11,306 INFO  - Vehicle is outside the detection area. (at simulation time 337.700,000,000 s)
2024-06-04 00:13:11,306 INFO  - Sent broadcast CAM message to all vehicles (at simulation time 337.700,000,000 s)
2024-06-04 00:13:11,307 INFO  - Received CAM message from veh_117 (at simulation time 337.700,400,000 s)
2024-06-04 00:13:11,308 INFO  - Atempting to process queue (at simulation time 337.800,000,000 s)
2024-06-04 00:13:11,308 INFO  - Vehicle is outside the detection area. (at simulation time 337.800,000,000 s)
2024-06-04 00:13:11,308 INFO  - Sent broadcast CAM message to all vehicles (at simulation time 337.800,000,000 s)
2024-06-04 00:13:11,308 INFO  - Received CAM message from veh_117 (at simulation time 337.800,400,000 s)
2024-06-04 00:13:11,309 INFO  - Atempting to process queue (at simulation time 337.900,000,000 s)
2024-06-04 00:13:11,309 INFO  - Vehicle is outside the detection area. (at simulation time 337.900,000,000 s)
2024-06-04 00:13:11,309 INFO  - Sent broadcast CAM message to all vehicles (at simulation time 337.900,000,000 s)
2024-06-04 00:13:11,311 INFO  - Received CAM message from veh_117 (at simulation time 337.901,400,000 s)
2024-06-04 00:13:11,314 INFO  - Atempting to process queue (at simulation time 338.000,000,000 s)
2024-06-04 00:13:11,314 INFO  - Vehicle is outside the detection area. (at simulation time 338.000,000,000 s)
2024-06-04 00:13:11,314 INFO  - Sent broadcast CAM message to all vehicles (at simulation time 338.000,000,000 s)
2024-06-04 00:13:11,316 INFO  - Received CAM message from veh_117 (at simulation time 338.000,900,000 s)
2024-06-04 00:13:11,316 INFO  - Atempting to process queue (at simulation time 338.100,000,000 s)
2024-06-04 00:13:11,316 INFO  - Vehicle is outside the detection area. (at simulation time 338.100,000,000 s)
2024-06-04 00:13:11,316 INFO  - Sent broadcast CAM message to all vehicles (at simulation time 338.100,000,000 s)
2024-06-04 00:13:11,318 INFO  - Received CAM message from veh_117 (at simulation time 338.102,400,000 s)
2024-06-04 00:13:11,318 INFO  - Atempting to process queue (at simulation time 338.200,000,000 s)
2024-06-04 00:13:11,318 INFO  - Vehicle is outside the detection area. (at simulation time 338.200,000,000 s)
2024-06-04 00:13:11,318 INFO  - Sent broadcast CAM message to all vehicles (at simulation time 338.200,000,000 s)
2024-06-04 00:13:11,319 INFO  - Received CAM message from veh_117 (at simulation time 338.200,900,000 s)
2024-06-04 00:13:11,319 INFO  - Atempting to process queue (at simulation time 338.300,000,000 s)
2024-06-04 00:13:11,319 INFO  - Vehicle is outside the detection area. (at simulation time 338.300,000,000 s)
2024-06-04 00:13:11,319 INFO  - Sent broadcast CAM message to all vehicles (at simulation time 338.300,000,000 s)
2024-06-04 00:13:11,320 INFO  - Received CAM message from veh_117 (at simulation time 338.300,900,000 s)
2024-06-04 00:13:11,320 INFO  - Atempting to process queue (at simulation time 338.400,000,000 s)
2024-06-04 00:13:11,320 INFO  - Vehicle is outside the detection area. (at simulation time 338.400,000,000 s)
2024-06-04 00:13:11,320 INFO  - Sent broadcast CAM message to all vehicles (at simulation time 338.400,000,000 s)
2024-06-04 00:13:11,321 INFO  - Received CAM message from veh_117 (at simulation time 338.400,900,000 s)
2024-06-04 00:13:11,322 INFO  - Atempting to process queue (at simulation time 338.500,000,000 s)
2024-06-04 00:13:11,322 INFO  - Vehicle is outside the detection area. (at simulation time 338.500,000,000 s)
2024-06-04 00:13:11,322 INFO  - Sent broadcast CAM message to all vehicles (at simulation time 338.500,000,000 s)
2024-06-04 00:13:11,323 INFO  - Received CAM message from veh_117 (at simulation time 338.501,400,000 s)
2024-06-04 00:13:11,323 INFO  - Atempting to process queue (at simulation time 338.600,000,000 s)
2024-06-04 00:13:11,323 INFO  - Vehicle is outside the detection area. (at simulation time 338.600,000,000 s)
2024-06-04 00:13:11,323 INFO  - Sent broadcast CAM message to all vehicles (at simulation time 338.600,000,000 s)
2024-06-04 00:13:11,325 INFO  - Received CAM message from veh_117 (at simulation time 338.602,400,000 s)
2024-06-04 00:13:11,325 INFO  - Atempting to process queue (at simulation time 338.700,000,000 s)
2024-06-04 00:13:11,325 INFO  - Vehicle is outside the detection area. (at simulation time 338.700,000,000 s)
2024-06-04 00:13:11,325 INFO  - Sent broadcast CAM message to all vehicles (at simulation time 338.700,000,000 s)
2024-06-04 00:13:11,326 INFO  - Received CAM message from veh_117 (at simulation time 338.700,900,000 s)
2024-06-04 00:13:11,326 INFO  - Atempting to process queue (at simulation time 338.800,000,000 s)
2024-06-04 00:13:11,326 INFO  - Vehicle is outside the detection area. (at simulation time 338.800,000,000 s)
2024-06-04 00:13:11,326 INFO  - Sent broadcast CAM message to all vehicles (at simulation time 338.800,000,000 s)
2024-06-04 00:13:11,328 INFO  - Received CAM message from veh_117 (at simulation time 338.801,400,000 s)
2024-06-04 00:13:11,328 INFO  - Atempting to process queue (at simulation time 338.900,000,000 s)
2024-06-04 00:13:11,328 INFO  - Vehicle is outside the detection area. (at simulation time 338.900,000,000 s)
2024-06-04 00:13:11,328 INFO  - Sent broadcast CAM message to all vehicles (at simulation time 338.900,000,000 s)
2024-06-04 00:13:11,329 INFO  - Received CAM message from veh_117 (at simulation time 338.902,400,000 s)
2024-06-04 00:13:11,333 INFO  - Atempting to process queue (at simulation time 339.000,000,000 s)
2024-06-04 00:13:11,333 INFO  - Vehicle is outside the detection area. (at simulation time 339.000,000,000 s)
2024-06-04 00:13:11,333 INFO  - Sent broadcast CAM message to all vehicles (at simulation time 339.000,000,000 s)
2024-06-04 00:13:11,335 INFO  - Atempting to process queue (at simulation time 339.100,000,000 s)
2024-06-04 00:13:11,335 INFO  - Vehicle is outside the detection area. (at simulation time 339.100,000,000 s)
2024-06-04 00:13:11,335 INFO  - Sent broadcast CAM message to all vehicles (at simulation time 339.100,000,000 s)
2024-06-04 00:13:11,336 INFO  - Atempting to process queue (at simulation time 339.200,000,000 s)
2024-06-04 00:13:11,336 INFO  - Vehicle is outside the detection area. (at simulation time 339.200,000,000 s)
2024-06-04 00:13:11,336 INFO  - Sent broadcast CAM message to all vehicles (at simulation time 339.200,000,000 s)
2024-06-04 00:13:11,338 INFO  - Atempting to process queue (at simulation time 339.300,000,000 s)
2024-06-04 00:13:11,338 INFO  - Vehicle is outside the detection area. (at simulation time 339.300,000,000 s)
2024-06-04 00:13:11,338 INFO  - Sent broadcast CAM message to all vehicles (at simulation time 339.300,000,000 s)
2024-06-04 00:13:11,339 INFO  - Atempting to process queue (at simulation time 339.400,000,000 s)
2024-06-04 00:13:11,339 INFO  - Vehicle is outside the detection area. (at simulation time 339.400,000,000 s)
2024-06-04 00:13:11,339 INFO  - Sent broadcast CAM message to all vehicles (at simulation time 339.400,000,000 s)
2024-06-04 00:13:11,341 INFO  - Atempting to process queue (at simulation time 339.500,000,000 s)
2024-06-04 00:13:11,341 INFO  - Vehicle is outside the detection area. (at simulation time 339.500,000,000 s)
2024-06-04 00:13:11,341 INFO  - Sent broadcast CAM message to all vehicles (at simulation time 339.500,000,000 s)
2024-06-04 00:13:11,343 INFO  - Atempting to process queue (at simulation time 339.600,000,000 s)
2024-06-04 00:13:11,343 INFO  - Vehicle is outside the detection area. (at simulation time 339.600,000,000 s)
2024-06-04 00:13:11,343 INFO  - Sent broadcast CAM message to all vehicles (at simulation time 339.600,000,000 s)
2024-06-04 00:13:11,344 INFO  - Atempting to process queue (at simulation time 339.700,000,000 s)
2024-06-04 00:13:11,344 INFO  - Vehicle is outside the detection area. (at simulation time 339.700,000,000 s)
2024-06-04 00:13:11,344 INFO  - Sent broadcast CAM message to all vehicles (at simulation time 339.700,000,000 s)
2024-06-04 00:13:11,346 INFO  - Atempting to process queue (at simulation time 339.800,000,000 s)
2024-06-04 00:13:11,346 INFO  - Vehicle is outside the detection area. (at simulation time 339.800,000,000 s)
2024-06-04 00:13:11,346 INFO  - Sent broadcast CAM message to all vehicles (at simulation time 339.800,000,000 s)
2024-06-04 00:13:11,347 INFO  - Atempting to process queue (at simulation time 339.900,000,000 s)
2024-06-04 00:13:11,347 INFO  - Vehicle is outside the detection area. (at simulation time 339.900,000,000 s)
2024-06-04 00:13:11,347 INFO  - Sent broadcast CAM message to all vehicles (at simulation time 339.900,000,000 s)
2024-06-04 00:13:11,352 INFO  - Shutdown application (at simulation time 340.000,000,000 s)
