2024-06-04 00:13:06,815 INFO  - Initialize application (at simulation time 169.000,000,000 s)
2024-06-04 00:13:06,816 INFO  - Activated WLAN Module (at simulation time 169.000,000,000 s)
2024-06-04 00:13:06,816 INFO  - Vehicle is outside the detection area. (at simulation time 169.000,000,000 s)
2024-06-04 00:13:06,816 INFO  - Sent broadcast CAM message to all vehicles (at simulation time 169.000,000,000 s)
2024-06-04 00:13:06,818 INFO  - Vehicle is outside the detection area. (at simulation time 169.100,000,000 s)
2024-06-04 00:13:06,818 INFO  - Sent broadcast CAM message to all vehicles (at simulation time 169.100,000,000 s)
2024-06-04 00:13:06,820 INFO  - Vehicle is outside the detection area. (at simulation time 169.200,000,000 s)
2024-06-04 00:13:06,820 INFO  - Sent broadcast CAM message to all vehicles (at simulation time 169.200,000,000 s)
2024-06-04 00:13:06,821 INFO  - Vehicle is outside the detection area. (at simulation time 169.300,000,000 s)
2024-06-04 00:13:06,821 INFO  - Sent broadcast CAM message to all vehicles (at simulation time 169.300,000,000 s)
2024-06-04 00:13:06,823 INFO  - Vehicle is outside the detection area. (at simulation time 169.400,000,000 s)
2024-06-04 00:13:06,823 INFO  - Sent broadcast CAM message to all vehicles (at simulation time 169.400,000,000 s)
2024-06-04 00:13:06,825 INFO  - Vehicle is outside the detection area. (at simulation time 169.500,000,000 s)
2024-06-04 00:13:06,825 INFO  - Sent broadcast CAM message to all vehicles (at simulation time 169.500,000,000 s)
2024-06-04 00:13:06,827 INFO  - Vehicle is outside the detection area. (at simulation time 169.600,000,000 s)
2024-06-04 00:13:06,827 INFO  - Sent broadcast CAM message to all vehicles (at simulation time 169.600,000,000 s)
2024-06-04 00:13:06,829 INFO  - Vehicle is outside the detection area. (at simulation time 169.700,000,000 s)
2024-06-04 00:13:06,829 INFO  - Sent broadcast CAM message to all vehicles (at simulation time 169.700,000,000 s)
2024-06-04 00:13:06,831 INFO  - Vehicle is outside the detection area. (at simulation time 169.800,000,000 s)
2024-06-04 00:13:06,831 INFO  - Sent broadcast CAM message to all vehicles (at simulation time 169.800,000,000 s)
2024-06-04 00:13:06,833 INFO  - Vehicle is outside the detection area. (at simulation time 169.900,000,000 s)
2024-06-04 00:13:06,833 INFO  - Sent broadcast CAM message to all vehicles (at simulation time 169.900,000,000 s)
2024-06-04 00:13:06,838 INFO  - Vehicle is outside the detection area. (at simulation time 170.000,000,000 s)
2024-06-04 00:13:06,838 INFO  - Sent broadcast CAM message to all vehicles (at simulation time 170.000,000,000 s)
2024-06-04 00:13:06,840 INFO  - Vehicle is outside the detection area. (at simulation time 170.100,000,000 s)
2024-06-04 00:13:06,840 INFO  - Sent broadcast CAM message to all vehicles (at simulation time 170.100,000,000 s)
2024-06-04 00:13:06,842 INFO  - Vehicle is outside the detection area. (at simulation time 170.200,000,000 s)
2024-06-04 00:13:06,842 INFO  - Sent broadcast CAM message to all vehicles (at simulation time 170.200,000,000 s)
2024-06-04 00:13:06,843 INFO  - Vehicle is outside the detection area. (at simulation time 170.300,000,000 s)
2024-06-04 00:13:06,843 INFO  - Sent broadcast CAM message to all vehicles (at simulation time 170.300,000,000 s)
2024-06-04 00:13:06,846 INFO  - Vehicle is outside the detection area. (at simulation time 170.400,000,000 s)
2024-06-04 00:13:06,846 INFO  - Sent broadcast CAM message to all vehicles (at simulation time 170.400,000,000 s)
2024-06-04 00:13:06,848 INFO  - Vehicle is outside the detection area. (at simulation time 170.500,000,000 s)
2024-06-04 00:13:06,848 INFO  - Sent broadcast CAM message to all vehicles (at simulation time 170.500,000,000 s)
2024-06-04 00:13:06,850 INFO  - Vehicle is outside the detection area. (at simulation time 170.600,000,000 s)
2024-06-04 00:13:06,850 INFO  - Sent broadcast CAM message to all vehicles (at simulation time 170.600,000,000 s)
2024-06-04 00:13:06,852 INFO  - Vehicle is outside the detection area. (at simulation time 170.700,000,000 s)
2024-06-04 00:13:06,852 INFO  - Sent broadcast CAM message to all vehicles (at simulation time 170.700,000,000 s)
2024-06-04 00:13:06,853 INFO  - Vehicle is outside the detection area. (at simulation time 170.800,000,000 s)
2024-06-04 00:13:06,853 INFO  - Sent broadcast CAM message to all vehicles (at simulation time 170.800,000,000 s)
2024-06-04 00:13:06,855 INFO  - Vehicle is outside the detection area. (at simulation time 170.900,000,000 s)
2024-06-04 00:13:06,855 INFO  - Sent broadcast CAM message to all vehicles (at simulation time 170.900,000,000 s)
2024-06-04 00:13:06,859 INFO  - Vehicle is inside the detection area. (at simulation time 171.000,000,000 s)
2024-06-04 00:13:06,859 INFO  - Vehicle is too far away from the traffic light. (at simulation time 171.000,000,000 s)
2024-06-04 00:13:06,859 INFO  - No vehicles in range. (at simulation time 171.000,000,000 s)
2024-06-04 00:13:06,859 INFO  - Neither the RSU nor any vehicle is in range. (at simulation time 171.000,000,000 s)
2024-06-04 00:13:06,859 INFO  - Sent broadcast CAM message to all vehicles (at simulation time 171.000,000,000 s)
2024-06-04 00:13:06,862 INFO  - Vehicle is inside the detection area. (at simulation time 171.100,000,000 s)
2024-06-04 00:13:06,862 INFO  - Vehicle is too far away from the traffic light. (at simulation time 171.100,000,000 s)
2024-06-04 00:13:06,862 INFO  - No vehicles in range. (at simulation time 171.100,000,000 s)
2024-06-04 00:13:06,862 INFO  - Neither the RSU nor any vehicle is in range. (at simulation time 171.100,000,000 s)
2024-06-04 00:13:06,862 INFO  - Sent broadcast CAM message to all vehicles (at simulation time 171.100,000,000 s)
2024-06-04 00:13:06,865 INFO  - Vehicle is inside the detection area. (at simulation time 171.200,000,000 s)
2024-06-04 00:13:06,865 INFO  - Vehicle is too far away from the traffic light. (at simulation time 171.200,000,000 s)
2024-06-04 00:13:06,865 INFO  - No vehicles in range. (at simulation time 171.200,000,000 s)
2024-06-04 00:13:06,865 INFO  - Neither the RSU nor any vehicle is in range. (at simulation time 171.200,000,000 s)
2024-06-04 00:13:06,865 INFO  - Sent broadcast CAM message to all vehicles (at simulation time 171.200,000,000 s)
2024-06-04 00:13:06,867 INFO  - Vehicle is inside the detection area. (at simulation time 171.300,000,000 s)
2024-06-04 00:13:06,867 INFO  - Vehicle is too far away from the traffic light. (at simulation time 171.300,000,000 s)
2024-06-04 00:13:06,867 INFO  - No vehicles in range. (at simulation time 171.300,000,000 s)
2024-06-04 00:13:06,867 INFO  - Neither the RSU nor any vehicle is in range. (at simulation time 171.300,000,000 s)
2024-06-04 00:13:06,867 INFO  - Sent broadcast CAM message to all vehicles (at simulation time 171.300,000,000 s)
2024-06-04 00:13:06,869 INFO  - Vehicle is inside the detection area. (at simulation time 171.400,000,000 s)
2024-06-04 00:13:06,869 INFO  - Vehicle is too far away from the traffic light. (at simulation time 171.400,000,000 s)
2024-06-04 00:13:06,869 INFO  - No vehicles in range. (at simulation time 171.400,000,000 s)
2024-06-04 00:13:06,869 INFO  - Neither the RSU nor any vehicle is in range. (at simulation time 171.400,000,000 s)
2024-06-04 00:13:06,869 INFO  - Sent broadcast CAM message to all vehicles (at simulation time 171.400,000,000 s)
2024-06-04 00:13:06,870 INFO  - Vehicle is inside the detection area. (at simulation time 171.500,000,000 s)
2024-06-04 00:13:06,870 INFO  - Vehicle is too far away from the traffic light. (at simulation time 171.500,000,000 s)
2024-06-04 00:13:06,870 INFO  - No vehicles in range. (at simulation time 171.500,000,000 s)
2024-06-04 00:13:06,870 INFO  - Neither the RSU nor any vehicle is in range. (at simulation time 171.500,000,000 s)
2024-06-04 00:13:06,870 INFO  - Sent broadcast CAM message to all vehicles (at simulation time 171.500,000,000 s)
2024-06-04 00:13:06,872 INFO  - Vehicle is inside the detection area. (at simulation time 171.600,000,000 s)
2024-06-04 00:13:06,872 INFO  - Vehicle is too far away from the traffic light. (at simulation time 171.600,000,000 s)
2024-06-04 00:13:06,872 INFO  - No vehicles in range. (at simulation time 171.600,000,000 s)
2024-06-04 00:13:06,872 INFO  - Neither the RSU nor any vehicle is in range. (at simulation time 171.600,000,000 s)
2024-06-04 00:13:06,872 INFO  - Sent broadcast CAM message to all vehicles (at simulation time 171.600,000,000 s)
2024-06-04 00:13:06,873 INFO  - Vehicle is inside the detection area. (at simulation time 171.700,000,000 s)
2024-06-04 00:13:06,873 INFO  - Vehicle is too far away from the traffic light. (at simulation time 171.700,000,000 s)
2024-06-04 00:13:06,873 INFO  - No vehicles in range. (at simulation time 171.700,000,000 s)
2024-06-04 00:13:06,873 INFO  - Neither the RSU nor any vehicle is in range. (at simulation time 171.700,000,000 s)
2024-06-04 00:13:06,873 INFO  - Sent broadcast CAM message to all vehicles (at simulation time 171.700,000,000 s)
2024-06-04 00:13:06,889 INFO  - Vehicle is inside the detection area. (at simulation time 171.800,000,000 s)
2024-06-04 00:13:06,889 INFO  - Vehicle is too far away from the traffic light. (at simulation time 171.800,000,000 s)
2024-06-04 00:13:06,889 INFO  - No vehicles in range. (at simulation time 171.800,000,000 s)
2024-06-04 00:13:06,889 INFO  - Neither the RSU nor any vehicle is in range. (at simulation time 171.800,000,000 s)
2024-06-04 00:13:06,889 INFO  - Sent broadcast CAM message to all vehicles (at simulation time 171.800,000,000 s)
2024-06-04 00:13:06,890 INFO  - Vehicle is inside the detection area. (at simulation time 171.900,000,000 s)
2024-06-04 00:13:06,890 INFO  - Vehicle is too far away from the traffic light. (at simulation time 171.900,000,000 s)
2024-06-04 00:13:06,890 INFO  - No vehicles in range. (at simulation time 171.900,000,000 s)
2024-06-04 00:13:06,890 INFO  - Neither the RSU nor any vehicle is in range. (at simulation time 171.900,000,000 s)
2024-06-04 00:13:06,890 INFO  - Sent broadcast CAM message to all vehicles (at simulation time 171.900,000,000 s)
2024-06-04 00:13:06,894 INFO  - Vehicle is inside the detection area. (at simulation time 172.000,000,000 s)
2024-06-04 00:13:06,894 INFO  - Vehicle is too far away from the traffic light. (at simulation time 172.000,000,000 s)
2024-06-04 00:13:06,894 INFO  - No vehicles in range. (at simulation time 172.000,000,000 s)
2024-06-04 00:13:06,894 INFO  - Neither the RSU nor any vehicle is in range. (at simulation time 172.000,000,000 s)
2024-06-04 00:13:06,894 INFO  - Sent broadcast CAM message to all vehicles (at simulation time 172.000,000,000 s)
2024-06-04 00:13:06,898 INFO  - Vehicle is inside the detection area. (at simulation time 172.100,000,000 s)
2024-06-04 00:13:06,898 INFO  - Vehicle is too far away from the traffic light. (at simulation time 172.100,000,000 s)
2024-06-04 00:13:06,898 INFO  - No vehicles in range. (at simulation time 172.100,000,000 s)
2024-06-04 00:13:06,898 INFO  - Neither the RSU nor any vehicle is in range. (at simulation time 172.100,000,000 s)
2024-06-04 00:13:06,898 INFO  - Sent broadcast CAM message to all vehicles (at simulation time 172.100,000,000 s)
2024-06-04 00:13:06,899 INFO  - Vehicle is inside the detection area. (at simulation time 172.200,000,000 s)
2024-06-04 00:13:06,899 INFO  - Vehicle is too far away from the traffic light. (at simulation time 172.200,000,000 s)
2024-06-04 00:13:06,899 INFO  - No vehicles in range. (at simulation time 172.200,000,000 s)
2024-06-04 00:13:06,899 INFO  - Neither the RSU nor any vehicle is in range. (at simulation time 172.200,000,000 s)
2024-06-04 00:13:06,899 INFO  - Sent broadcast CAM message to all vehicles (at simulation time 172.200,000,000 s)
2024-06-04 00:13:06,901 INFO  - Vehicle is inside the detection area. (at simulation time 172.300,000,000 s)
2024-06-04 00:13:06,901 INFO  - Vehicle is too far away from the traffic light. (at simulation time 172.300,000,000 s)
2024-06-04 00:13:06,901 INFO  - No vehicles in range. (at simulation time 172.300,000,000 s)
2024-06-04 00:13:06,901 INFO  - Neither the RSU nor any vehicle is in range. (at simulation time 172.300,000,000 s)
2024-06-04 00:13:06,901 INFO  - Sent broadcast CAM message to all vehicles (at simulation time 172.300,000,000 s)
2024-06-04 00:13:06,902 INFO  - Vehicle is inside the detection area. (at simulation time 172.400,000,000 s)
2024-06-04 00:13:06,902 INFO  - Vehicle is too far away from the traffic light. (at simulation time 172.400,000,000 s)
2024-06-04 00:13:06,902 INFO  - No vehicles in range. (at simulation time 172.400,000,000 s)
2024-06-04 00:13:06,902 INFO  - Neither the RSU nor any vehicle is in range. (at simulation time 172.400,000,000 s)
2024-06-04 00:13:06,902 INFO  - Sent broadcast CAM message to all vehicles (at simulation time 172.400,000,000 s)
2024-06-04 00:13:06,903 INFO  - Vehicle is inside the detection area. (at simulation time 172.500,000,000 s)
2024-06-04 00:13:06,903 INFO  - Vehicle is too far away from the traffic light. (at simulation time 172.500,000,000 s)
2024-06-04 00:13:06,903 INFO  - No vehicles in range. (at simulation time 172.500,000,000 s)
2024-06-04 00:13:06,903 INFO  - Neither the RSU nor any vehicle is in range. (at simulation time 172.500,000,000 s)
2024-06-04 00:13:06,903 INFO  - Sent broadcast CAM message to all vehicles (at simulation time 172.500,000,000 s)
2024-06-04 00:13:06,905 INFO  - Vehicle is inside the detection area. (at simulation time 172.600,000,000 s)
2024-06-04 00:13:06,905 INFO  - Vehicle is too far away from the traffic light. (at simulation time 172.600,000,000 s)
2024-06-04 00:13:06,905 INFO  - No vehicles in range. (at simulation time 172.600,000,000 s)
2024-06-04 00:13:06,905 INFO  - Neither the RSU nor any vehicle is in range. (at simulation time 172.600,000,000 s)
2024-06-04 00:13:06,905 INFO  - Sent broadcast CAM message to all vehicles (at simulation time 172.600,000,000 s)
2024-06-04 00:13:06,907 INFO  - Vehicle is inside the detection area. (at simulation time 172.700,000,000 s)
2024-06-04 00:13:06,907 INFO  - Vehicle is too far away from the traffic light. (at simulation time 172.700,000,000 s)
2024-06-04 00:13:06,907 INFO  - No vehicles in range. (at simulation time 172.700,000,000 s)
2024-06-04 00:13:06,907 INFO  - Neither the RSU nor any vehicle is in range. (at simulation time 172.700,000,000 s)
2024-06-04 00:13:06,907 INFO  - Sent broadcast CAM message to all vehicles (at simulation time 172.700,000,000 s)
2024-06-04 00:13:06,908 INFO  - Vehicle is inside the detection area. (at simulation time 172.800,000,000 s)
2024-06-04 00:13:06,908 INFO  - Vehicle is too far away from the traffic light. (at simulation time 172.800,000,000 s)
2024-06-04 00:13:06,908 INFO  - No vehicles in range. (at simulation time 172.800,000,000 s)
2024-06-04 00:13:06,908 INFO  - Neither the RSU nor any vehicle is in range. (at simulation time 172.800,000,000 s)
2024-06-04 00:13:06,908 INFO  - Sent broadcast CAM message to all vehicles (at simulation time 172.800,000,000 s)
2024-06-04 00:13:06,910 INFO  - Vehicle is inside the detection area. (at simulation time 172.900,000,000 s)
2024-06-04 00:13:06,910 INFO  - Vehicle is too far away from the traffic light. (at simulation time 172.900,000,000 s)
2024-06-04 00:13:06,910 INFO  - No vehicles in range. (at simulation time 172.900,000,000 s)
2024-06-04 00:13:06,910 INFO  - Neither the RSU nor any vehicle is in range. (at simulation time 172.900,000,000 s)
2024-06-04 00:13:06,910 INFO  - Sent broadcast CAM message to all vehicles (at simulation time 172.900,000,000 s)
2024-06-04 00:13:06,914 INFO  - Atempting to process queue (at simulation time 173.000,000,000 s)
2024-06-04 00:13:06,914 INFO  - Vehicle is inside the detection area. (at simulation time 173.000,000,000 s)
2024-06-04 00:13:06,914 INFO  - Sent Detection message to rsu_0 (at simulation time 173.000,000,000 s)
2024-06-04 00:13:06,914 INFO  - Sent broadcast CAM message to all vehicles (at simulation time 173.000,000,000 s)
2024-06-04 00:13:06,915 INFO  - Received CAM message from veh_62 (at simulation time 173.000,400,000 s)
2024-06-04 00:13:06,916 INFO  - Received CAM message from veh_66 (at simulation time 173.000,900,000 s)
2024-06-04 00:13:06,916 INFO  - Received CAM message from veh_38 (at simulation time 173.001,400,000 s)
2024-06-04 00:13:06,916 INFO  - Received CAM message from veh_101 (at simulation time 173.001,900,000 s)
2024-06-04 00:13:06,916 INFO  - Atempting to process queue (at simulation time 173.100,000,000 s)
2024-06-04 00:13:06,916 INFO  - Vehicle is inside the detection area. (at simulation time 173.100,000,000 s)
2024-06-04 00:13:06,916 INFO  - Sent Detection message to rsu_0 (at simulation time 173.100,000,000 s)
2024-06-04 00:13:06,916 INFO  - Sent broadcast CAM message to all vehicles (at simulation time 173.100,000,000 s)
2024-06-04 00:13:06,917 INFO  - Received CAM message from veh_101 (at simulation time 173.100,400,000 s)
2024-06-04 00:13:06,917 INFO  - Received CAM message from veh_66 (at simulation time 173.101,400,000 s)
2024-06-04 00:13:06,917 INFO  - Received CAM message from veh_62 (at simulation time 173.101,400,000 s)
2024-06-04 00:13:06,917 INFO  - Received CAM message from veh_38 (at simulation time 173.101,400,000 s)
2024-06-04 00:13:06,917 INFO  - Atempting to process queue (at simulation time 173.200,000,000 s)
2024-06-04 00:13:06,917 INFO  - Vehicle is inside the detection area. (at simulation time 173.200,000,000 s)
2024-06-04 00:13:06,918 INFO  - Sent Detection message to rsu_0 (at simulation time 173.200,000,000 s)
2024-06-04 00:13:06,918 INFO  - Sent broadcast CAM message to all vehicles (at simulation time 173.200,000,000 s)
2024-06-04 00:13:06,919 INFO  - Received CAM message from veh_101 (at simulation time 173.201,400,000 s)
2024-06-04 00:13:06,919 INFO  - Received CAM message from veh_66 (at simulation time 173.201,400,000 s)
2024-06-04 00:13:06,919 INFO  - Received CAM message from veh_62 (at simulation time 173.201,900,000 s)
2024-06-04 00:13:06,919 INFO  - Received CAM message from veh_38 (at simulation time 173.202,400,000 s)
2024-06-04 00:13:06,919 INFO  - Atempting to process queue (at simulation time 173.300,000,000 s)
2024-06-04 00:13:06,919 INFO  - Vehicle is inside the detection area. (at simulation time 173.300,000,000 s)
2024-06-04 00:13:06,919 INFO  - Sent Detection message to rsu_0 (at simulation time 173.300,000,000 s)
2024-06-04 00:13:06,919 INFO  - Sent broadcast CAM message to all vehicles (at simulation time 173.300,000,000 s)
2024-06-04 00:13:06,920 INFO  - Received CAM message from veh_62 (at simulation time 173.300,400,000 s)
2024-06-04 00:13:06,920 INFO  - Received CAM message from veh_38 (at simulation time 173.300,900,000 s)
2024-06-04 00:13:06,920 INFO  - Received CAM message from veh_66 (at simulation time 173.301,900,000 s)
2024-06-04 00:13:06,920 INFO  - Received CAM message from veh_101 (at simulation time 173.302,400,000 s)
2024-06-04 00:13:06,920 INFO  - Atempting to process queue (at simulation time 173.400,000,000 s)
2024-06-04 00:13:06,920 INFO  - Vehicle is inside the detection area. (at simulation time 173.400,000,000 s)
2024-06-04 00:13:06,920 INFO  - Sent Detection message to rsu_0 (at simulation time 173.400,000,000 s)
2024-06-04 00:13:06,920 INFO  - Sent broadcast CAM message to all vehicles (at simulation time 173.400,000,000 s)
2024-06-04 00:13:06,922 INFO  - Received CAM message from veh_66 (at simulation time 173.401,400,000 s)
2024-06-04 00:13:06,922 INFO  - Received CAM message from veh_62 (at simulation time 173.401,400,000 s)
2024-06-04 00:13:06,922 INFO  - Received CAM message from veh_101 (at simulation time 173.401,900,000 s)
2024-06-04 00:13:06,922 INFO  - Received CAM message from veh_38 (at simulation time 173.401,900,000 s)
2024-06-04 00:13:06,922 INFO  - Atempting to process queue (at simulation time 173.500,000,000 s)
2024-06-04 00:13:06,922 INFO  - Vehicle is inside the detection area. (at simulation time 173.500,000,000 s)
2024-06-04 00:13:06,922 INFO  - Sent Detection message to rsu_0 (at simulation time 173.500,000,000 s)
2024-06-04 00:13:06,922 INFO  - Sent broadcast CAM message to all vehicles (at simulation time 173.500,000,000 s)
2024-06-04 00:13:06,923 INFO  - Received CAM message from veh_62 (at simulation time 173.500,400,000 s)
2024-06-04 00:13:06,923 INFO  - Received CAM message from veh_38 (at simulation time 173.500,400,000 s)
2024-06-04 00:13:06,924 INFO  - Received CAM message from veh_101 (at simulation time 173.502,400,000 s)
2024-06-04 00:13:06,924 INFO  - Received CAM message from veh_66 (at simulation time 173.502,400,000 s)
2024-06-04 00:13:06,924 INFO  - Atempting to process queue (at simulation time 173.600,000,000 s)
2024-06-04 00:13:06,924 INFO  - Vehicle is inside the detection area. (at simulation time 173.600,000,000 s)
2024-06-04 00:13:06,924 INFO  - Sent Detection message to rsu_0 (at simulation time 173.600,000,000 s)
2024-06-04 00:13:06,924 INFO  - Sent broadcast CAM message to all vehicles (at simulation time 173.600,000,000 s)
2024-06-04 00:13:06,925 INFO  - Received CAM message from veh_66 (at simulation time 173.601,400,000 s)
2024-06-04 00:13:06,925 INFO  - Received CAM message from veh_101 (at simulation time 173.601,900,000 s)
2024-06-04 00:13:06,925 INFO  - Received CAM message from veh_62 (at simulation time 173.601,900,000 s)
2024-06-04 00:13:06,926 INFO  - Received CAM message from veh_38 (at simulation time 173.602,400,000 s)
2024-06-04 00:13:06,926 INFO  - Atempting to process queue (at simulation time 173.700,000,000 s)
2024-06-04 00:13:06,926 INFO  - Vehicle is inside the detection area. (at simulation time 173.700,000,000 s)
2024-06-04 00:13:06,926 INFO  - Sent Detection message to rsu_0 (at simulation time 173.700,000,000 s)
2024-06-04 00:13:06,926 INFO  - Sent broadcast CAM message to all vehicles (at simulation time 173.700,000,000 s)
2024-06-04 00:13:06,926 INFO  - Received CAM message from veh_62 (at simulation time 173.700,400,000 s)
2024-06-04 00:13:06,927 INFO  - Received CAM message from veh_101 (at simulation time 173.701,900,000 s)
2024-06-04 00:13:06,927 INFO  - Received CAM message from veh_38 (at simulation time 173.701,900,000 s)
2024-06-04 00:13:06,927 INFO  - Received CAM message from veh_66 (at simulation time 173.702,400,000 s)
2024-06-04 00:13:06,927 INFO  - Atempting to process queue (at simulation time 173.800,000,000 s)
2024-06-04 00:13:06,927 INFO  - Vehicle is inside the detection area. (at simulation time 173.800,000,000 s)
2024-06-04 00:13:06,927 INFO  - Sent Detection message to rsu_0 (at simulation time 173.800,000,000 s)
2024-06-04 00:13:06,927 INFO  - Sent broadcast CAM message to all vehicles (at simulation time 173.800,000,000 s)
2024-06-04 00:13:06,928 INFO  - Received CAM message from veh_66 (at simulation time 173.800,900,000 s)
2024-06-04 00:13:06,928 INFO  - Received CAM message from veh_62 (at simulation time 173.800,900,000 s)
2024-06-04 00:13:06,929 INFO  - Received CAM message from veh_38 (at simulation time 173.801,900,000 s)
2024-06-04 00:13:06,929 INFO  - Received CAM message from veh_101 (at simulation time 173.802,400,000 s)
2024-06-04 00:13:06,929 INFO  - Atempting to process queue (at simulation time 173.900,000,000 s)
2024-06-04 00:13:06,929 INFO  - Vehicle is inside the detection area. (at simulation time 173.900,000,000 s)
2024-06-04 00:13:06,929 INFO  - Sent Detection message to rsu_0 (at simulation time 173.900,000,000 s)
2024-06-04 00:13:06,929 INFO  - Sent broadcast CAM message to all vehicles (at simulation time 173.900,000,000 s)
2024-06-04 00:13:06,930 INFO  - Received CAM message from veh_66 (at simulation time 173.900,400,000 s)
2024-06-04 00:13:06,930 INFO  - Received CAM message from veh_38 (at simulation time 173.900,400,000 s)
2024-06-04 00:13:06,930 INFO  - Received CAM message from veh_62 (at simulation time 173.901,400,000 s)
2024-06-04 00:13:06,931 INFO  - Received CAM message from veh_101 (at simulation time 173.901,900,000 s)
2024-06-04 00:13:07,036 INFO  - Atempting to process queue (at simulation time 174.000,000,000 s)
2024-06-04 00:13:07,036 INFO  - Vehicle is inside the detection area. (at simulation time 174.000,000,000 s)
2024-06-04 00:13:07,036 INFO  - Sent Detection message to rsu_0 (at simulation time 174.000,000,000 s)
2024-06-04 00:13:07,036 INFO  - Sent broadcast CAM message to all vehicles (at simulation time 174.000,000,000 s)
2024-06-04 00:13:07,037 INFO  - Received CAM message from veh_101 (at simulation time 174.000,400,000 s)
2024-06-04 00:13:07,037 INFO  - Received CAM message from veh_66 (at simulation time 174.000,400,000 s)
2024-06-04 00:13:07,037 INFO  - Received CAM message from veh_38 (at simulation time 174.000,400,000 s)
2024-06-04 00:13:07,038 INFO  - Received CAM message from veh_62 (at simulation time 174.000,900,000 s)
2024-06-04 00:13:07,038 INFO  - Received CAM message from veh_50 (at simulation time 174.000,900,000 s)
2024-06-04 00:13:07,038 INFO  - Received CAM message from veh_74 (at simulation time 174.001,900,000 s)
2024-06-04 00:13:07,039 INFO  - Received CAM message from veh_54 (at simulation time 174.002,400,000 s)
2024-06-04 00:13:07,039 INFO  - Atempting to process queue (at simulation time 174.100,000,000 s)
2024-06-04 00:13:07,039 INFO  - Vehicle is inside the detection area. (at simulation time 174.100,000,000 s)
2024-06-04 00:13:07,039 INFO  - Sent Detection message to rsu_0 (at simulation time 174.100,000,000 s)
2024-06-04 00:13:07,039 INFO  - Sent broadcast CAM message to all vehicles (at simulation time 174.100,000,000 s)
2024-06-04 00:13:07,039 INFO  - Received CAM message from veh_62 (at simulation time 174.100,400,000 s)
2024-06-04 00:13:07,039 INFO  - Received CAM message from veh_54 (at simulation time 174.100,400,000 s)
2024-06-04 00:13:07,039 INFO  - Received CAM message from veh_50 (at simulation time 174.100,400,000 s)
2024-06-04 00:13:07,040 INFO  - Received CAM message from veh_66 (at simulation time 174.101,400,000 s)
2024-06-04 00:13:07,040 INFO  - Received CAM message from veh_38 (at simulation time 174.101,400,000 s)
2024-06-04 00:13:07,040 INFO  - Received CAM message from veh_101 (at simulation time 174.102,400,000 s)
2024-06-04 00:13:07,040 INFO  - Received CAM message from veh_74 (at simulation time 174.102,400,000 s)
2024-06-04 00:13:07,040 INFO  - Atempting to process queue (at simulation time 174.200,000,000 s)
2024-06-04 00:13:07,040 INFO  - Vehicle is inside the detection area. (at simulation time 174.200,000,000 s)
2024-06-04 00:13:07,040 INFO  - Sent Detection message to rsu_0 (at simulation time 174.200,000,000 s)
2024-06-04 00:13:07,040 INFO  - Sent broadcast CAM message to all vehicles (at simulation time 174.200,000,000 s)
2024-06-04 00:13:07,042 INFO  - Received CAM message from veh_74 (at simulation time 174.200,900,000 s)
2024-06-04 00:13:07,042 INFO  - Received CAM message from veh_54 (at simulation time 174.200,900,000 s)
2024-06-04 00:13:07,042 INFO  - Received CAM message from veh_38 (at simulation time 174.201,400,000 s)
2024-06-04 00:13:07,042 INFO  - Received CAM message from veh_50 (at simulation time 174.201,900,000 s)
2024-06-04 00:13:07,042 INFO  - Received CAM message from veh_101 (at simulation time 174.202,400,000 s)
2024-06-04 00:13:07,042 INFO  - Received CAM message from veh_66 (at simulation time 174.202,400,000 s)
2024-06-04 00:13:07,042 INFO  - Received CAM message from veh_62 (at simulation time 174.202,400,000 s)
2024-06-04 00:13:07,042 INFO  - Atempting to process queue (at simulation time 174.300,000,000 s)
2024-06-04 00:13:07,042 INFO  - Vehicle is inside the detection area. (at simulation time 174.300,000,000 s)
2024-06-04 00:13:07,042 INFO  - Sent Detection message to rsu_0 (at simulation time 174.300,000,000 s)
2024-06-04 00:13:07,042 INFO  - Sent broadcast CAM message to all vehicles (at simulation time 174.300,000,000 s)
2024-06-04 00:13:07,043 INFO  - Received CAM message from veh_66 (at simulation time 174.300,400,000 s)
2024-06-04 00:13:07,043 INFO  - Received CAM message from veh_62 (at simulation time 174.300,900,000 s)
2024-06-04 00:13:07,043 INFO  - Received CAM message from veh_38 (at simulation time 174.300,900,000 s)
2024-06-04 00:13:07,043 INFO  - Received CAM message from veh_101 (at simulation time 174.301,900,000 s)
2024-06-04 00:13:07,044 INFO  - Received CAM message from veh_74 (at simulation time 174.301,900,000 s)
2024-06-04 00:13:07,044 INFO  - Received CAM message from veh_54 (at simulation time 174.301,900,000 s)
2024-06-04 00:13:07,044 INFO  - Received CAM message from veh_50 (at simulation time 174.301,900,000 s)
2024-06-04 00:13:07,044 INFO  - Atempting to process queue (at simulation time 174.400,000,000 s)
2024-06-04 00:13:07,044 INFO  - Vehicle is inside the detection area. (at simulation time 174.400,000,000 s)
2024-06-04 00:13:07,044 INFO  - Sent Detection message to rsu_0 (at simulation time 174.400,000,000 s)
2024-06-04 00:13:07,044 INFO  - Sent broadcast CAM message to all vehicles (at simulation time 174.400,000,000 s)
2024-06-04 00:13:07,045 INFO  - Received CAM message from veh_38 (at simulation time 174.400,900,000 s)
2024-06-04 00:13:07,045 INFO  - Received CAM message from veh_66 (at simulation time 174.401,400,000 s)
2024-06-04 00:13:07,045 INFO  - Received CAM message from veh_50 (at simulation time 174.401,900,000 s)
2024-06-04 00:13:07,045 INFO  - Received CAM message from veh_101 (at simulation time 174.402,400,000 s)
2024-06-04 00:13:07,045 INFO  - Received CAM message from veh_74 (at simulation time 174.402,400,000 s)
2024-06-04 00:13:07,045 INFO  - Received CAM message from veh_62 (at simulation time 174.402,400,000 s)
2024-06-04 00:13:07,045 INFO  - Received CAM message from veh_54 (at simulation time 174.402,400,000 s)
2024-06-04 00:13:07,045 INFO  - Atempting to process queue (at simulation time 174.500,000,000 s)
2024-06-04 00:13:07,045 INFO  - Vehicle is inside the detection area. (at simulation time 174.500,000,000 s)
2024-06-04 00:13:07,045 INFO  - Sent Detection message to rsu_0 (at simulation time 174.500,000,000 s)
2024-06-04 00:13:07,046 INFO  - Sent broadcast CAM message to all vehicles (at simulation time 174.500,000,000 s)
2024-06-04 00:13:07,047 INFO  - Received CAM message from veh_66 (at simulation time 174.501,400,000 s)
2024-06-04 00:13:07,047 INFO  - Received CAM message from veh_54 (at simulation time 174.501,400,000 s)
2024-06-04 00:13:07,047 INFO  - Received CAM message from veh_38 (at simulation time 174.501,400,000 s)
2024-06-04 00:13:07,047 INFO  - Received CAM message from veh_101 (at simulation time 174.501,900,000 s)
2024-06-04 00:13:07,047 INFO  - Received CAM message from veh_74 (at simulation time 174.501,900,000 s)
2024-06-04 00:13:07,047 INFO  - Received CAM message from veh_62 (at simulation time 174.502,400,000 s)
2024-06-04 00:13:07,047 INFO  - Received CAM message from veh_50 (at simulation time 174.502,400,000 s)
2024-06-04 00:13:07,047 INFO  - Atempting to process queue (at simulation time 174.600,000,000 s)
2024-06-04 00:13:07,047 INFO  - Vehicle is inside the detection area. (at simulation time 174.600,000,000 s)
2024-06-04 00:13:07,047 INFO  - Sent Detection message to rsu_0 (at simulation time 174.600,000,000 s)
2024-06-04 00:13:07,047 INFO  - Sent broadcast CAM message to all vehicles (at simulation time 174.600,000,000 s)
2024-06-04 00:13:07,048 INFO  - Received CAM message from veh_74 (at simulation time 174.600,900,000 s)
2024-06-04 00:13:07,048 INFO  - Received CAM message from veh_66 (at simulation time 174.600,900,000 s)
2024-06-04 00:13:07,048 INFO  - Received CAM message from veh_50 (at simulation time 174.600,900,000 s)
2024-06-04 00:13:07,049 INFO  - Received CAM message from veh_101 (at simulation time 174.601,900,000 s)
2024-06-04 00:13:07,049 INFO  - Received CAM message from veh_62 (at simulation time 174.601,900,000 s)
2024-06-04 00:13:07,049 INFO  - Received CAM message from veh_54 (at simulation time 174.601,900,000 s)
2024-06-04 00:13:07,049 INFO  - Received CAM message from veh_38 (at simulation time 174.602,400,000 s)
2024-06-04 00:13:07,049 INFO  - Atempting to process queue (at simulation time 174.700,000,000 s)
2024-06-04 00:13:07,049 INFO  - Vehicle is inside the detection area. (at simulation time 174.700,000,000 s)
2024-06-04 00:13:07,049 INFO  - Sent Detection message to rsu_0 (at simulation time 174.700,000,000 s)
2024-06-04 00:13:07,049 INFO  - Sent broadcast CAM message to all vehicles (at simulation time 174.700,000,000 s)
2024-06-04 00:13:07,050 INFO  - Received CAM message from veh_66 (at simulation time 174.700,400,000 s)
2024-06-04 00:13:07,050 INFO  - Received CAM message from veh_62 (at simulation time 174.700,900,000 s)
2024-06-04 00:13:07,050 INFO  - Received CAM message from veh_54 (at simulation time 174.700,900,000 s)
2024-06-04 00:13:07,050 INFO  - Received CAM message from veh_101 (at simulation time 174.701,900,000 s)
2024-06-04 00:13:07,050 INFO  - Received CAM message from veh_74 (at simulation time 174.701,900,000 s)
2024-06-04 00:13:07,051 INFO  - Received CAM message from veh_50 (at simulation time 174.701,900,000 s)
2024-06-04 00:13:07,051 INFO  - Received CAM message from veh_38 (at simulation time 174.702,400,000 s)
2024-06-04 00:13:07,051 INFO  - Atempting to process queue (at simulation time 174.800,000,000 s)
2024-06-04 00:13:07,051 INFO  - Vehicle is inside the detection area. (at simulation time 174.800,000,000 s)
2024-06-04 00:13:07,051 INFO  - Sent Detection message to rsu_0 (at simulation time 174.800,000,000 s)
2024-06-04 00:13:07,051 INFO  - Sent broadcast CAM message to all vehicles (at simulation time 174.800,000,000 s)
2024-06-04 00:13:07,052 INFO  - Received CAM message from veh_50 (at simulation time 174.800,400,000 s)
2024-06-04 00:13:07,052 INFO  - Received CAM message from veh_74 (at simulation time 174.800,900,000 s)
2024-06-04 00:13:07,052 INFO  - Received CAM message from veh_62 (at simulation time 174.800,900,000 s)
2024-06-04 00:13:07,052 INFO  - Received CAM message from veh_66 (at simulation time 174.801,900,000 s)
2024-06-04 00:13:07,052 INFO  - Received CAM message from veh_101 (at simulation time 174.802,400,000 s)
2024-06-04 00:13:07,053 INFO  - Received CAM message from veh_54 (at simulation time 174.802,400,000 s)
2024-06-04 00:13:07,053 INFO  - Received CAM message from veh_38 (at simulation time 174.802,400,000 s)
2024-06-04 00:13:07,053 INFO  - Atempting to process queue (at simulation time 174.900,000,000 s)
2024-06-04 00:13:07,053 INFO  - Vehicle is inside the detection area. (at simulation time 174.900,000,000 s)
2024-06-04 00:13:07,053 INFO  - Sent Detection message to rsu_0 (at simulation time 174.900,000,000 s)
2024-06-04 00:13:07,053 INFO  - Sent broadcast CAM message to all vehicles (at simulation time 174.900,000,000 s)
2024-06-04 00:13:07,053 INFO  - Received CAM message from veh_101 (at simulation time 174.900,400,000 s)
2024-06-04 00:13:07,053 INFO  - Received CAM message from veh_66 (at simulation time 174.900,400,000 s)
2024-06-04 00:13:07,053 INFO  - Received CAM message from veh_62 (at simulation time 174.900,400,000 s)
2024-06-04 00:13:07,053 INFO  - Received CAM message from veh_54 (at simulation time 174.900,400,000 s)
2024-06-04 00:13:07,053 INFO  - Received CAM message from veh_74 (at simulation time 174.900,900,000 s)
2024-06-04 00:13:07,054 INFO  - Received CAM message from veh_50 (at simulation time 174.901,400,000 s)
2024-06-04 00:13:07,054 INFO  - Received CAM message from veh_38 (at simulation time 174.902,400,000 s)
2024-06-04 00:13:07,066 INFO  - Atempting to process queue (at simulation time 175.000,000,000 s)
2024-06-04 00:13:07,066 INFO  - Vehicle is outside the detection area. (at simulation time 175.000,000,000 s)
2024-06-04 00:13:07,066 INFO  - Sent broadcast CAM message to all vehicles (at simulation time 175.000,000,000 s)
2024-06-04 00:13:07,069 INFO  - Received CAM message from veh_38 (at simulation time 175.000,400,000 s)
2024-06-04 00:13:07,070 INFO  - Received CAM message from veh_50 (at simulation time 175.000,900,000 s)
2024-06-04 00:13:07,070 INFO  - Received CAM message from veh_101 (at simulation time 175.001,400,000 s)
2024-06-04 00:13:07,070 INFO  - Received CAM message from veh_84 (at simulation time 175.001,400,000 s)
2024-06-04 00:13:07,070 INFO  - Received CAM message from veh_74 (at simulation time 175.001,400,000 s)
2024-06-04 00:13:07,071 INFO  - Received CAM message from veh_62 (at simulation time 175.001,400,000 s)
2024-06-04 00:13:07,071 INFO  - Received CAM message from veh_54 (at simulation time 175.001,400,000 s)
2024-06-04 00:13:07,072 INFO  - Received CAM message from veh_66 (at simulation time 175.002,400,000 s)
2024-06-04 00:13:07,072 INFO  - Atempting to process queue (at simulation time 175.100,000,000 s)
2024-06-04 00:13:07,072 INFO  - Vehicle is outside the detection area. (at simulation time 175.100,000,000 s)
2024-06-04 00:13:07,072 INFO  - Sent broadcast CAM message to all vehicles (at simulation time 175.100,000,000 s)
2024-06-04 00:13:07,073 INFO  - Received CAM message from veh_101 (at simulation time 175.100,400,000 s)
2024-06-04 00:13:07,073 INFO  - Received CAM message from veh_74 (at simulation time 175.100,400,000 s)
2024-06-04 00:13:07,074 INFO  - Received CAM message from veh_84 (at simulation time 175.100,900,000 s)
2024-06-04 00:13:07,074 INFO  - Received CAM message from veh_66 (at simulation time 175.100,900,000 s)
2024-06-04 00:13:07,075 INFO  - Received CAM message from veh_54 (at simulation time 175.101,400,000 s)
2024-06-04 00:13:07,075 INFO  - Received CAM message from veh_50 (at simulation time 175.101,400,000 s)
2024-06-04 00:13:07,075 INFO  - Received CAM message from veh_38 (at simulation time 175.101,900,000 s)
2024-06-04 00:13:07,076 INFO  - Received CAM message from veh_62 (at simulation time 175.102,400,000 s)
2024-06-04 00:13:07,076 INFO  - Atempting to process queue (at simulation time 175.200,000,000 s)
2024-06-04 00:13:07,076 INFO  - Vehicle is outside the detection area. (at simulation time 175.200,000,000 s)
2024-06-04 00:13:07,076 INFO  - Sent broadcast CAM message to all vehicles (at simulation time 175.200,000,000 s)
2024-06-04 00:13:07,077 INFO  - Received CAM message from veh_84 (at simulation time 175.200,400,000 s)
2024-06-04 00:13:07,078 INFO  - Received CAM message from veh_101 (at simulation time 175.200,900,000 s)
2024-06-04 00:13:07,078 INFO  - Received CAM message from veh_50 (at simulation time 175.200,900,000 s)
2024-06-04 00:13:07,078 INFO  - Received CAM message from veh_38 (at simulation time 175.200,900,000 s)
2024-06-04 00:13:07,079 INFO  - Received CAM message from veh_74 (at simulation time 175.201,400,000 s)
2024-06-04 00:13:07,079 INFO  - Received CAM message from veh_62 (at simulation time 175.201,900,000 s)
2024-06-04 00:13:07,080 INFO  - Received CAM message from veh_66 (at simulation time 175.202,400,000 s)
2024-06-04 00:13:07,080 INFO  - Received CAM message from veh_54 (at simulation time 175.202,400,000 s)
2024-06-04 00:13:07,080 INFO  - Atempting to process queue (at simulation time 175.300,000,000 s)
2024-06-04 00:13:07,080 INFO  - Vehicle is outside the detection area. (at simulation time 175.300,000,000 s)
2024-06-04 00:13:07,080 INFO  - Sent broadcast CAM message to all vehicles (at simulation time 175.300,000,000 s)
2024-06-04 00:13:07,082 INFO  - Received CAM message from veh_101 (at simulation time 175.300,400,000 s)
2024-06-04 00:13:07,082 INFO  - Received CAM message from veh_74 (at simulation time 175.300,400,000 s)
2024-06-04 00:13:07,083 INFO  - Received CAM message from veh_84 (at simulation time 175.300,900,000 s)
2024-06-04 00:13:07,083 INFO  - Received CAM message from veh_66 (at simulation time 175.301,400,000 s)
2024-06-04 00:13:07,084 INFO  - Received CAM message from veh_62 (at simulation time 175.301,900,000 s)
2024-06-04 00:13:07,084 INFO  - Received CAM message from veh_50 (at simulation time 175.301,900,000 s)
2024-06-04 00:13:07,085 INFO  - Received CAM message from veh_54 (at simulation time 175.302,400,000 s)
2024-06-04 00:13:07,085 INFO  - Received CAM message from veh_38 (at simulation time 175.302,400,000 s)
2024-06-04 00:13:07,085 INFO  - Atempting to process queue (at simulation time 175.400,000,000 s)
2024-06-04 00:13:07,085 INFO  - Vehicle is outside the detection area. (at simulation time 175.400,000,000 s)
2024-06-04 00:13:07,085 INFO  - Sent broadcast CAM message to all vehicles (at simulation time 175.400,000,000 s)
2024-06-04 00:13:07,090 INFO  - Received CAM message from veh_38 (at simulation time 175.400,400,000 s)
2024-06-04 00:13:07,090 INFO  - Received CAM message from veh_66 (at simulation time 175.400,900,000 s)
2024-06-04 00:13:07,090 INFO  - Received CAM message from veh_84 (at simulation time 175.401,400,000 s)
2024-06-04 00:13:07,091 INFO  - Received CAM message from veh_74 (at simulation time 175.401,900,000 s)
2024-06-04 00:13:07,091 INFO  - Received CAM message from veh_50 (at simulation time 175.401,900,000 s)
2024-06-04 00:13:07,091 INFO  - Received CAM message from veh_101 (at simulation time 175.402,400,000 s)
2024-06-04 00:13:07,091 INFO  - Received CAM message from veh_62 (at simulation time 175.402,400,000 s)
2024-06-04 00:13:07,091 INFO  - Received CAM message from veh_54 (at simulation time 175.402,400,000 s)
2024-06-04 00:13:07,091 INFO  - Atempting to process queue (at simulation time 175.500,000,000 s)
2024-06-04 00:13:07,091 INFO  - Vehicle is outside the detection area. (at simulation time 175.500,000,000 s)
2024-06-04 00:13:07,091 INFO  - Sent broadcast CAM message to all vehicles (at simulation time 175.500,000,000 s)
2024-06-04 00:13:07,092 INFO  - Received CAM message from veh_84 (at simulation time 175.500,400,000 s)
2024-06-04 00:13:07,093 INFO  - Received CAM message from veh_101 (at simulation time 175.501,400,000 s)
2024-06-04 00:13:07,093 INFO  - Received CAM message from veh_74 (at simulation time 175.501,400,000 s)
2024-06-04 00:13:07,093 INFO  - Received CAM message from veh_66 (at simulation time 175.501,400,000 s)
2024-06-04 00:13:07,093 INFO  - Received CAM message from veh_54 (at simulation time 175.501,400,000 s)
2024-06-04 00:13:07,093 INFO  - Received CAM message from veh_38 (at simulation time 175.501,400,000 s)
2024-06-04 00:13:07,093 INFO  - Received CAM message from veh_62 (at simulation time 175.501,900,000 s)
2024-06-04 00:13:07,093 INFO  - Received CAM message from veh_50 (at simulation time 175.501,900,000 s)
2024-06-04 00:13:07,093 INFO  - Atempting to process queue (at simulation time 175.600,000,000 s)
2024-06-04 00:13:07,093 INFO  - Vehicle is outside the detection area. (at simulation time 175.600,000,000 s)
2024-06-04 00:13:07,093 INFO  - Sent broadcast CAM message to all vehicles (at simulation time 175.600,000,000 s)
2024-06-04 00:13:07,094 INFO  - Received CAM message from veh_101 (at simulation time 175.600,400,000 s)
2024-06-04 00:13:07,094 INFO  - Received CAM message from veh_54 (at simulation time 175.600,400,000 s)
2024-06-04 00:13:07,094 INFO  - Received CAM message from veh_74 (at simulation time 175.600,900,000 s)
2024-06-04 00:13:07,094 INFO  - Received CAM message from veh_84 (at simulation time 175.601,400,000 s)
2024-06-04 00:13:07,094 INFO  - Received CAM message from veh_50 (at simulation time 175.601,400,000 s)
2024-06-04 00:13:07,094 INFO  - Received CAM message from veh_66 (at simulation time 175.601,900,000 s)
2024-06-04 00:13:07,094 INFO  - Received CAM message from veh_38 (at simulation time 175.601,900,000 s)
2024-06-04 00:13:07,095 INFO  - Received CAM message from veh_62 (at simulation time 175.602,400,000 s)
2024-06-04 00:13:07,095 INFO  - Atempting to process queue (at simulation time 175.700,000,000 s)
2024-06-04 00:13:07,095 INFO  - Vehicle is outside the detection area. (at simulation time 175.700,000,000 s)
2024-06-04 00:13:07,095 INFO  - Sent broadcast CAM message to all vehicles (at simulation time 175.700,000,000 s)
2024-06-04 00:13:07,095 INFO  - Received CAM message from veh_50 (at simulation time 175.700,400,000 s)
2024-06-04 00:13:07,096 INFO  - Received CAM message from veh_74 (at simulation time 175.700,900,000 s)
2024-06-04 00:13:07,096 INFO  - Received CAM message from veh_54 (at simulation time 175.701,400,000 s)
2024-06-04 00:13:07,096 INFO  - Received CAM message from veh_38 (at simulation time 175.701,400,000 s)
2024-06-04 00:13:07,096 INFO  - Received CAM message from veh_101 (at simulation time 175.701,900,000 s)
2024-06-04 00:13:07,096 INFO  - Received CAM message from veh_84 (at simulation time 175.701,900,000 s)
2024-06-04 00:13:07,096 INFO  - Received CAM message from veh_66 (at simulation time 175.701,900,000 s)
2024-06-04 00:13:07,096 INFO  - Received CAM message from veh_62 (at simulation time 175.701,900,000 s)
2024-06-04 00:13:07,097 INFO  - Atempting to process queue (at simulation time 175.800,000,000 s)
2024-06-04 00:13:07,097 INFO  - Vehicle is outside the detection area. (at simulation time 175.800,000,000 s)
2024-06-04 00:13:07,097 INFO  - Sent broadcast CAM message to all vehicles (at simulation time 175.800,000,000 s)
2024-06-04 00:13:07,097 INFO  - Received CAM message from veh_66 (at simulation time 175.800,400,000 s)
2024-06-04 00:13:07,098 INFO  - Received CAM message from veh_101 (at simulation time 175.801,400,000 s)
2024-06-04 00:13:07,098 INFO  - Received CAM message from veh_84 (at simulation time 175.801,900,000 s)
2024-06-04 00:13:07,098 INFO  - Received CAM message from veh_74 (at simulation time 175.801,900,000 s)
2024-06-04 00:13:07,098 INFO  - Received CAM message from veh_54 (at simulation time 175.801,900,000 s)
2024-06-04 00:13:07,098 INFO  - Received CAM message from veh_62 (at simulation time 175.802,400,000 s)
2024-06-04 00:13:07,098 INFO  - Received CAM message from veh_50 (at simulation time 175.802,400,000 s)
2024-06-04 00:13:07,098 INFO  - Received CAM message from veh_38 (at simulation time 175.802,400,000 s)
2024-06-04 00:13:07,098 INFO  - Atempting to process queue (at simulation time 175.900,000,000 s)
2024-06-04 00:13:07,098 INFO  - Vehicle is outside the detection area. (at simulation time 175.900,000,000 s)
2024-06-04 00:13:07,098 INFO  - Sent broadcast CAM message to all vehicles (at simulation time 175.900,000,000 s)
2024-06-04 00:13:07,099 INFO  - Received CAM message from veh_54 (at simulation time 175.900,400,000 s)
2024-06-04 00:13:07,099 INFO  - Received CAM message from veh_38 (at simulation time 175.900,400,000 s)
2024-06-04 00:13:07,100 INFO  - Received CAM message from veh_74 (at simulation time 175.900,900,000 s)
2024-06-04 00:13:07,100 INFO  - Received CAM message from veh_84 (at simulation time 175.901,400,000 s)
2024-06-04 00:13:07,100 INFO  - Received CAM message from veh_62 (at simulation time 175.901,900,000 s)
2024-06-04 00:13:07,100 INFO  - Received CAM message from veh_50 (at simulation time 175.901,900,000 s)
2024-06-04 00:13:07,100 INFO  - Received CAM message from veh_101 (at simulation time 175.902,400,000 s)
2024-06-04 00:13:07,100 INFO  - Received CAM message from veh_66 (at simulation time 175.902,400,000 s)
2024-06-04 00:13:07,102 INFO  - Atempting to process queue (at simulation time 176.000,000,000 s)
2024-06-04 00:13:07,102 INFO  - Vehicle is outside the detection area. (at simulation time 176.000,000,000 s)
2024-06-04 00:13:07,102 INFO  - Sent broadcast CAM message to all vehicles (at simulation time 176.000,000,000 s)
2024-06-04 00:13:07,104 INFO  - Received CAM message from veh_74 (at simulation time 176.000,400,000 s)
2024-06-04 00:13:07,104 INFO  - Received CAM message from veh_66 (at simulation time 176.000,400,000 s)
2024-06-04 00:13:07,104 INFO  - Received CAM message from veh_50 (at simulation time 176.000,400,000 s)
2024-06-04 00:13:07,104 INFO  - Received CAM message from veh_101 (at simulation time 176.000,900,000 s)
2024-06-04 00:13:07,105 INFO  - Received CAM message from veh_54 (at simulation time 176.001,400,000 s)
2024-06-04 00:13:07,105 INFO  - Received CAM message from veh_62 (at simulation time 176.001,900,000 s)
2024-06-04 00:13:07,105 INFO  - Received CAM message from veh_38 (at simulation time 176.001,900,000 s)
2024-06-04 00:13:07,106 INFO  - Atempting to process queue (at simulation time 176.100,000,000 s)
2024-06-04 00:13:07,106 INFO  - Vehicle is outside the detection area. (at simulation time 176.100,000,000 s)
2024-06-04 00:13:07,106 INFO  - Sent broadcast CAM message to all vehicles (at simulation time 176.100,000,000 s)
2024-06-04 00:13:07,107 INFO  - Received CAM message from veh_50 (at simulation time 176.100,400,000 s)
2024-06-04 00:13:07,107 INFO  - Received CAM message from veh_54 (at simulation time 176.100,900,000 s)
2024-06-04 00:13:07,107 INFO  - Received CAM message from veh_38 (at simulation time 176.100,900,000 s)
2024-06-04 00:13:07,107 INFO  - Received CAM message from veh_74 (at simulation time 176.101,400,000 s)
2024-06-04 00:13:07,107 INFO  - Received CAM message from veh_66 (at simulation time 176.101,400,000 s)
2024-06-04 00:13:07,108 INFO  - Received CAM message from veh_62 (at simulation time 176.101,900,000 s)
2024-06-04 00:13:07,108 INFO  - Received CAM message from veh_101 (at simulation time 176.102,400,000 s)
2024-06-04 00:13:07,109 INFO  - Atempting to process queue (at simulation time 176.200,000,000 s)
2024-06-04 00:13:07,109 INFO  - Vehicle is outside the detection area. (at simulation time 176.200,000,000 s)
2024-06-04 00:13:07,109 INFO  - Sent broadcast CAM message to all vehicles (at simulation time 176.200,000,000 s)
2024-06-04 00:13:07,110 INFO  - Received CAM message from veh_74 (at simulation time 176.200,400,000 s)
2024-06-04 00:13:07,110 INFO  - Received CAM message from veh_62 (at simulation time 176.200,400,000 s)
2024-06-04 00:13:07,111 INFO  - Received CAM message from veh_50 (at simulation time 176.201,400,000 s)
2024-06-04 00:13:07,111 INFO  - Received CAM message from veh_101 (at simulation time 176.201,900,000 s)
2024-06-04 00:13:07,111 INFO  - Received CAM message from veh_54 (at simulation time 176.201,900,000 s)
2024-06-04 00:13:07,111 INFO  - Received CAM message from veh_66 (at simulation time 176.202,400,000 s)
2024-06-04 00:13:07,111 INFO  - Received CAM message from veh_38 (at simulation time 176.202,400,000 s)
2024-06-04 00:13:07,111 INFO  - Atempting to process queue (at simulation time 176.300,000,000 s)
2024-06-04 00:13:07,111 INFO  - Vehicle is outside the detection area. (at simulation time 176.300,000,000 s)
2024-06-04 00:13:07,111 INFO  - Sent broadcast CAM message to all vehicles (at simulation time 176.300,000,000 s)
2024-06-04 00:13:07,112 INFO  - Received CAM message from veh_50 (at simulation time 176.300,400,000 s)
2024-06-04 00:13:07,112 INFO  - Received CAM message from veh_38 (at simulation time 176.300,400,000 s)
2024-06-04 00:13:07,112 INFO  - Received CAM message from veh_101 (at simulation time 176.300,900,000 s)
2024-06-04 00:13:07,112 INFO  - Received CAM message from veh_54 (at simulation time 176.300,900,000 s)
2024-06-04 00:13:07,113 INFO  - Received CAM message from veh_74 (at simulation time 176.302,400,000 s)
2024-06-04 00:13:07,113 INFO  - Received CAM message from veh_66 (at simulation time 176.302,400,000 s)
2024-06-04 00:13:07,113 INFO  - Received CAM message from veh_62 (at simulation time 176.302,400,000 s)
2024-06-04 00:13:07,113 INFO  - Atempting to process queue (at simulation time 176.400,000,000 s)
2024-06-04 00:13:07,113 INFO  - Vehicle is outside the detection area. (at simulation time 176.400,000,000 s)
2024-06-04 00:13:07,113 INFO  - Sent broadcast CAM message to all vehicles (at simulation time 176.400,000,000 s)
2024-06-04 00:13:07,114 INFO  - Received CAM message from veh_54 (at simulation time 176.400,900,000 s)
2024-06-04 00:13:07,114 INFO  - Received CAM message from veh_50 (at simulation time 176.400,900,000 s)
2024-06-04 00:13:07,114 INFO  - Received CAM message from veh_38 (at simulation time 176.400,900,000 s)
2024-06-04 00:13:07,115 INFO  - Received CAM message from veh_74 (at simulation time 176.401,400,000 s)
2024-06-04 00:13:07,115 INFO  - Received CAM message from veh_101 (at simulation time 176.401,900,000 s)
2024-06-04 00:13:07,115 INFO  - Received CAM message from veh_66 (at simulation time 176.401,900,000 s)
2024-06-04 00:13:07,115 INFO  - Received CAM message from veh_62 (at simulation time 176.402,400,000 s)
2024-06-04 00:13:07,115 INFO  - Atempting to process queue (at simulation time 176.500,000,000 s)
2024-06-04 00:13:07,115 INFO  - Vehicle is outside the detection area. (at simulation time 176.500,000,000 s)
2024-06-04 00:13:07,115 INFO  - Sent broadcast CAM message to all vehicles (at simulation time 176.500,000,000 s)
2024-06-04 00:13:07,116 INFO  - Received CAM message from veh_54 (at simulation time 176.500,900,000 s)
2024-06-04 00:13:07,116 INFO  - Received CAM message from veh_66 (at simulation time 176.501,400,000 s)
2024-06-04 00:13:07,116 INFO  - Received CAM message from veh_38 (at simulation time 176.501,400,000 s)
2024-06-04 00:13:07,116 INFO  - Received CAM message from veh_74 (at simulation time 176.501,900,000 s)
2024-06-04 00:13:07,117 INFO  - Received CAM message from veh_101 (at simulation time 176.502,400,000 s)
2024-06-04 00:13:07,117 INFO  - Received CAM message from veh_62 (at simulation time 176.502,400,000 s)
2024-06-04 00:13:07,117 INFO  - Received CAM message from veh_50 (at simulation time 176.502,400,000 s)
2024-06-04 00:13:07,117 INFO  - Atempting to process queue (at simulation time 176.600,000,000 s)
2024-06-04 00:13:07,117 INFO  - Vehicle is outside the detection area. (at simulation time 176.600,000,000 s)
2024-06-04 00:13:07,117 INFO  - Sent broadcast CAM message to all vehicles (at simulation time 176.600,000,000 s)
2024-06-04 00:13:07,117 INFO  - Received CAM message from veh_54 (at simulation time 176.600,400,000 s)
2024-06-04 00:13:07,118 INFO  - Received CAM message from veh_62 (at simulation time 176.601,400,000 s)
2024-06-04 00:13:07,118 INFO  - Received CAM message from veh_101 (at simulation time 176.601,900,000 s)
2024-06-04 00:13:07,118 INFO  - Received CAM message from veh_66 (at simulation time 176.601,900,000 s)
2024-06-04 00:13:07,118 INFO  - Received CAM message from veh_50 (at simulation time 176.601,900,000 s)
2024-06-04 00:13:07,118 INFO  - Received CAM message from veh_74 (at simulation time 176.602,400,000 s)
2024-06-04 00:13:07,118 INFO  - Received CAM message from veh_38 (at simulation time 176.602,400,000 s)
2024-06-04 00:13:07,118 INFO  - Atempting to process queue (at simulation time 176.700,000,000 s)
2024-06-04 00:13:07,118 INFO  - Vehicle is outside the detection area. (at simulation time 176.700,000,000 s)
2024-06-04 00:13:07,118 INFO  - Sent broadcast CAM message to all vehicles (at simulation time 176.700,000,000 s)
2024-06-04 00:13:07,119 INFO  - Received CAM message from veh_74 (at simulation time 176.700,400,000 s)
2024-06-04 00:13:07,119 INFO  - Received CAM message from veh_62 (at simulation time 176.700,400,000 s)
2024-06-04 00:13:07,119 INFO  - Received CAM message from veh_50 (at simulation time 176.700,400,000 s)
2024-06-04 00:13:07,119 INFO  - Received CAM message from veh_54 (at simulation time 176.700,900,000 s)
2024-06-04 00:13:07,119 INFO  - Received CAM message from veh_38 (at simulation time 176.700,900,000 s)
2024-06-04 00:13:07,120 INFO  - Received CAM message from veh_101 (at simulation time 176.701,900,000 s)
2024-06-04 00:13:07,120 INFO  - Received CAM message from veh_66 (at simulation time 176.702,400,000 s)
2024-06-04 00:13:07,120 INFO  - Atempting to process queue (at simulation time 176.800,000,000 s)
2024-06-04 00:13:07,120 INFO  - Vehicle is outside the detection area. (at simulation time 176.800,000,000 s)
2024-06-04 00:13:07,120 INFO  - Sent broadcast CAM message to all vehicles (at simulation time 176.800,000,000 s)
2024-06-04 00:13:07,120 INFO  - Received CAM message from veh_66 (at simulation time 176.800,400,000 s)
2024-06-04 00:13:07,120 INFO  - Received CAM message from veh_54 (at simulation time 176.800,400,000 s)
2024-06-04 00:13:07,121 INFO  - Received CAM message from veh_50 (at simulation time 176.800,900,000 s)
2024-06-04 00:13:07,121 INFO  - Received CAM message from veh_101 (at simulation time 176.801,900,000 s)
2024-06-04 00:13:07,121 INFO  - Received CAM message from veh_74 (at simulation time 176.801,900,000 s)
2024-06-04 00:13:07,121 INFO  - Received CAM message from veh_62 (at simulation time 176.801,900,000 s)
2024-06-04 00:13:07,121 INFO  - Received CAM message from veh_38 (at simulation time 176.802,400,000 s)
2024-06-04 00:13:07,121 INFO  - Atempting to process queue (at simulation time 176.900,000,000 s)
2024-06-04 00:13:07,121 INFO  - Vehicle is outside the detection area. (at simulation time 176.900,000,000 s)
2024-06-04 00:13:07,121 INFO  - Sent broadcast CAM message to all vehicles (at simulation time 176.900,000,000 s)
2024-06-04 00:13:07,122 INFO  - Received CAM message from veh_62 (at simulation time 176.900,900,000 s)
2024-06-04 00:13:07,122 INFO  - Received CAM message from veh_101 (at simulation time 176.901,400,000 s)
2024-06-04 00:13:07,123 INFO  - Received CAM message from veh_74 (at simulation time 176.901,900,000 s)
2024-06-04 00:13:07,123 INFO  - Received CAM message from veh_54 (at simulation time 176.901,900,000 s)
2024-06-04 00:13:07,123 INFO  - Received CAM message from veh_66 (at simulation time 176.902,400,000 s)
2024-06-04 00:13:07,123 INFO  - Received CAM message from veh_50 (at simulation time 176.902,400,000 s)
2024-06-04 00:13:07,123 INFO  - Received CAM message from veh_38 (at simulation time 176.902,400,000 s)
2024-06-04 00:13:07,125 INFO  - Atempting to process queue (at simulation time 177.000,000,000 s)
2024-06-04 00:13:07,125 INFO  - Vehicle is outside the detection area. (at simulation time 177.000,000,000 s)
2024-06-04 00:13:07,125 INFO  - Sent broadcast CAM message to all vehicles (at simulation time 177.000,000,000 s)
2024-06-04 00:13:07,127 INFO  - Received CAM message from veh_101 (at simulation time 177.000,400,000 s)
2024-06-04 00:13:07,127 INFO  - Received CAM message from veh_62 (at simulation time 177.001,400,000 s)
2024-06-04 00:13:07,127 INFO  - Received CAM message from veh_50 (at simulation time 177.001,400,000 s)
2024-06-04 00:13:07,127 INFO  - Received CAM message from veh_38 (at simulation time 177.001,900,000 s)
2024-06-04 00:13:07,127 INFO  - Received CAM message from veh_66 (at simulation time 177.002,400,000 s)
2024-06-04 00:13:07,127 INFO  - Atempting to process queue (at simulation time 177.100,000,000 s)
2024-06-04 00:13:07,127 INFO  - Vehicle is outside the detection area. (at simulation time 177.100,000,000 s)
2024-06-04 00:13:07,127 INFO  - Sent broadcast CAM message to all vehicles (at simulation time 177.100,000,000 s)
2024-06-04 00:13:07,128 INFO  - Received CAM message from veh_50 (at simulation time 177.100,900,000 s)
2024-06-04 00:13:07,128 INFO  - Received CAM message from veh_101 (at simulation time 177.101,400,000 s)
2024-06-04 00:13:07,129 INFO  - Received CAM message from veh_66 (at simulation time 177.101,900,000 s)
2024-06-04 00:13:07,129 INFO  - Received CAM message from veh_62 (at simulation time 177.101,900,000 s)
2024-06-04 00:13:07,129 INFO  - Received CAM message from veh_38 (at simulation time 177.101,900,000 s)
2024-06-04 00:13:07,129 INFO  - Atempting to process queue (at simulation time 177.200,000,000 s)
2024-06-04 00:13:07,129 INFO  - Vehicle is outside the detection area. (at simulation time 177.200,000,000 s)
2024-06-04 00:13:07,129 INFO  - Sent broadcast CAM message to all vehicles (at simulation time 177.200,000,000 s)
2024-06-04 00:13:07,130 INFO  - Received CAM message from veh_101 (at simulation time 177.200,900,000 s)
2024-06-04 00:13:07,130 INFO  - Received CAM message from veh_66 (at simulation time 177.201,400,000 s)
2024-06-04 00:13:07,131 INFO  - Received CAM message from veh_50 (at simulation time 177.201,900,000 s)
2024-06-04 00:13:07,131 INFO  - Received CAM message from veh_62 (at simulation time 177.202,400,000 s)
2024-06-04 00:13:07,131 INFO  - Received CAM message from veh_38 (at simulation time 177.202,400,000 s)
2024-06-04 00:13:07,131 INFO  - Atempting to process queue (at simulation time 177.300,000,000 s)
2024-06-04 00:13:07,131 INFO  - Vehicle is outside the detection area. (at simulation time 177.300,000,000 s)
2024-06-04 00:13:07,131 INFO  - Sent broadcast CAM message to all vehicles (at simulation time 177.300,000,000 s)
2024-06-04 00:13:07,132 INFO  - Received CAM message from veh_101 (at simulation time 177.300,400,000 s)
2024-06-04 00:13:07,132 INFO  - Received CAM message from veh_66 (at simulation time 177.300,400,000 s)
2024-06-04 00:13:07,132 INFO  - Received CAM message from veh_50 (at simulation time 177.300,900,000 s)
2024-06-04 00:13:07,132 INFO  - Received CAM message from veh_38 (at simulation time 177.300,900,000 s)
2024-06-04 00:13:07,133 INFO  - Received CAM message from veh_62 (at simulation time 177.302,400,000 s)
2024-06-04 00:13:07,133 INFO  - Atempting to process queue (at simulation time 177.400,000,000 s)
2024-06-04 00:13:07,133 INFO  - Vehicle is outside the detection area. (at simulation time 177.400,000,000 s)
2024-06-04 00:13:07,133 INFO  - Sent broadcast CAM message to all vehicles (at simulation time 177.400,000,000 s)
2024-06-04 00:13:07,134 INFO  - Received CAM message from veh_66 (at simulation time 177.400,900,000 s)
2024-06-04 00:13:07,134 INFO  - Received CAM message from veh_62 (at simulation time 177.401,400,000 s)
2024-06-04 00:13:07,134 INFO  - Received CAM message from veh_101 (at simulation time 177.401,900,000 s)
2024-06-04 00:13:07,135 INFO  - Received CAM message from veh_50 (at simulation time 177.402,400,000 s)
2024-06-04 00:13:07,135 INFO  - Received CAM message from veh_38 (at simulation time 177.402,400,000 s)
2024-06-04 00:13:07,135 INFO  - Atempting to process queue (at simulation time 177.500,000,000 s)
2024-06-04 00:13:07,135 INFO  - Vehicle is outside the detection area. (at simulation time 177.500,000,000 s)
2024-06-04 00:13:07,135 INFO  - Sent broadcast CAM message to all vehicles (at simulation time 177.500,000,000 s)
2024-06-04 00:13:07,136 INFO  - Received CAM message from veh_66 (at simulation time 177.500,400,000 s)
2024-06-04 00:13:07,136 INFO  - Received CAM message from veh_38 (at simulation time 177.500,400,000 s)
2024-06-04 00:13:07,137 INFO  - Received CAM message from veh_101 (at simulation time 177.502,400,000 s)
2024-06-04 00:13:07,137 INFO  - Received CAM message from veh_62 (at simulation time 177.502,400,000 s)
2024-06-04 00:13:07,137 INFO  - Received CAM message from veh_50 (at simulation time 177.502,400,000 s)
2024-06-04 00:13:07,137 INFO  - Atempting to process queue (at simulation time 177.600,000,000 s)
2024-06-04 00:13:07,137 INFO  - Vehicle is outside the detection area. (at simulation time 177.600,000,000 s)
2024-06-04 00:13:07,137 INFO  - Sent broadcast CAM message to all vehicles (at simulation time 177.600,000,000 s)
2024-06-04 00:13:07,138 INFO  - Received CAM message from veh_101 (at simulation time 177.600,400,000 s)
2024-06-04 00:13:07,139 INFO  - Received CAM message from veh_50 (at simulation time 177.601,400,000 s)
2024-06-04 00:13:07,139 INFO  - Received CAM message from veh_38 (at simulation time 177.601,400,000 s)
2024-06-04 00:13:07,139 INFO  - Received CAM message from veh_66 (at simulation time 177.602,400,000 s)
2024-06-04 00:13:07,139 INFO  - Received CAM message from veh_62 (at simulation time 177.602,400,000 s)
2024-06-04 00:13:07,139 INFO  - Atempting to process queue (at simulation time 177.700,000,000 s)
2024-06-04 00:13:07,139 INFO  - Vehicle is outside the detection area. (at simulation time 177.700,000,000 s)
2024-06-04 00:13:07,139 INFO  - Sent broadcast CAM message to all vehicles (at simulation time 177.700,000,000 s)
2024-06-04 00:13:07,140 INFO  - Received CAM message from veh_62 (at simulation time 177.700,900,000 s)
2024-06-04 00:13:07,140 INFO  - Received CAM message from veh_101 (at simulation time 177.701,400,000 s)
2024-06-04 00:13:07,140 INFO  - Received CAM message from veh_50 (at simulation time 177.701,400,000 s)
2024-06-04 00:13:07,141 INFO  - Received CAM message from veh_66 (at simulation time 177.702,400,000 s)
2024-06-04 00:13:07,141 INFO  - Received CAM message from veh_38 (at simulation time 177.702,400,000 s)
2024-06-04 00:13:07,141 INFO  - Atempting to process queue (at simulation time 177.800,000,000 s)
2024-06-04 00:13:07,141 INFO  - Vehicle is outside the detection area. (at simulation time 177.800,000,000 s)
2024-06-04 00:13:07,141 INFO  - Sent broadcast CAM message to all vehicles (at simulation time 177.800,000,000 s)
2024-06-04 00:13:07,142 INFO  - Received CAM message from veh_38 (at simulation time 177.800,900,000 s)
2024-06-04 00:13:07,143 INFO  - Received CAM message from veh_50 (at simulation time 177.801,900,000 s)
2024-06-04 00:13:07,143 INFO  - Received CAM message from veh_101 (at simulation time 177.802,400,000 s)
2024-06-04 00:13:07,143 INFO  - Received CAM message from veh_66 (at simulation time 177.802,400,000 s)
2024-06-04 00:13:07,143 INFO  - Received CAM message from veh_62 (at simulation time 177.802,400,000 s)
2024-06-04 00:13:07,143 INFO  - Atempting to process queue (at simulation time 177.900,000,000 s)
2024-06-04 00:13:07,143 INFO  - Vehicle is outside the detection area. (at simulation time 177.900,000,000 s)
2024-06-04 00:13:07,143 INFO  - Sent broadcast CAM message to all vehicles (at simulation time 177.900,000,000 s)
2024-06-04 00:13:07,144 INFO  - Received CAM message from veh_62 (at simulation time 177.900,900,000 s)
2024-06-04 00:13:07,144 INFO  - Received CAM message from veh_50 (at simulation time 177.900,900,000 s)
2024-06-04 00:13:07,144 INFO  - Received CAM message from veh_66 (at simulation time 177.901,400,000 s)
2024-06-04 00:13:07,144 INFO  - Received CAM message from veh_101 (at simulation time 177.901,900,000 s)
2024-06-04 00:13:07,145 INFO  - Received CAM message from veh_38 (at simulation time 177.901,900,000 s)
2024-06-04 00:13:07,147 INFO  - Atempting to process queue (at simulation time 178.000,000,000 s)
2024-06-04 00:13:07,147 INFO  - Vehicle is outside the detection area. (at simulation time 178.000,000,000 s)
2024-06-04 00:13:07,147 INFO  - Sent broadcast CAM message to all vehicles (at simulation time 178.000,000,000 s)
2024-06-04 00:13:07,149 INFO  - Received CAM message from veh_101 (at simulation time 178.000,900,000 s)
2024-06-04 00:13:07,149 INFO  - Received CAM message from veh_66 (at simulation time 178.000,900,000 s)
2024-06-04 00:13:07,149 INFO  - Received CAM message from veh_62 (at simulation time 178.001,400,000 s)
2024-06-04 00:13:07,149 INFO  - Received CAM message from veh_38 (at simulation time 178.002,400,000 s)
2024-06-04 00:13:07,149 INFO  - Atempting to process queue (at simulation time 178.100,000,000 s)
2024-06-04 00:13:07,149 INFO  - Vehicle is outside the detection area. (at simulation time 178.100,000,000 s)
2024-06-04 00:13:07,149 INFO  - Sent broadcast CAM message to all vehicles (at simulation time 178.100,000,000 s)
2024-06-04 00:13:07,150 INFO  - Received CAM message from veh_38 (at simulation time 178.100,900,000 s)
2024-06-04 00:13:07,151 INFO  - Received CAM message from veh_62 (at simulation time 178.101,400,000 s)
2024-06-04 00:13:07,151 INFO  - Received CAM message from veh_66 (at simulation time 178.101,900,000 s)
2024-06-04 00:13:07,151 INFO  - Received CAM message from veh_101 (at simulation time 178.102,400,000 s)
2024-06-04 00:13:07,151 INFO  - Atempting to process queue (at simulation time 178.200,000,000 s)
2024-06-04 00:13:07,151 INFO  - Vehicle is outside the detection area. (at simulation time 178.200,000,000 s)
2024-06-04 00:13:07,151 INFO  - Sent broadcast CAM message to all vehicles (at simulation time 178.200,000,000 s)
2024-06-04 00:13:07,153 INFO  - Received CAM message from veh_62 (at simulation time 178.200,900,000 s)
2024-06-04 00:13:07,153 INFO  - Received CAM message from veh_38 (at simulation time 178.200,900,000 s)
2024-06-04 00:13:07,153 INFO  - Received CAM message from veh_101 (at simulation time 178.201,400,000 s)
2024-06-04 00:13:07,153 INFO  - Received CAM message from veh_66 (at simulation time 178.201,400,000 s)
2024-06-04 00:13:07,154 INFO  - Atempting to process queue (at simulation time 178.300,000,000 s)
2024-06-04 00:13:07,154 INFO  - Vehicle is outside the detection area. (at simulation time 178.300,000,000 s)
2024-06-04 00:13:07,154 INFO  - Sent broadcast CAM message to all vehicles (at simulation time 178.300,000,000 s)
2024-06-04 00:13:07,155 INFO  - Received CAM message from veh_62 (at simulation time 178.300,900,000 s)
2024-06-04 00:13:07,155 INFO  - Received CAM message from veh_38 (at simulation time 178.301,400,000 s)
2024-06-04 00:13:07,156 INFO  - Received CAM message from veh_101 (at simulation time 178.301,900,000 s)
2024-06-04 00:13:07,157 INFO  - Received CAM message from veh_66 (at simulation time 178.302,400,000 s)
2024-06-04 00:13:07,157 INFO  - Atempting to process queue (at simulation time 178.400,000,000 s)
2024-06-04 00:13:07,157 INFO  - Vehicle is outside the detection area. (at simulation time 178.400,000,000 s)
2024-06-04 00:13:07,157 INFO  - Sent broadcast CAM message to all vehicles (at simulation time 178.400,000,000 s)
2024-06-04 00:13:07,158 INFO  - Received CAM message from veh_101 (at simulation time 178.400,900,000 s)
2024-06-04 00:13:07,158 INFO  - Received CAM message from veh_66 (at simulation time 178.400,900,000 s)
2024-06-04 00:13:07,158 INFO  - Received CAM message from veh_38 (at simulation time 178.400,900,000 s)
2024-06-04 00:13:07,159 INFO  - Received CAM message from veh_62 (at simulation time 178.402,400,000 s)
2024-06-04 00:13:07,159 INFO  - Atempting to process queue (at simulation time 178.500,000,000 s)
2024-06-04 00:13:07,159 INFO  - Vehicle is outside the detection area. (at simulation time 178.500,000,000 s)
2024-06-04 00:13:07,159 INFO  - Sent broadcast CAM message to all vehicles (at simulation time 178.500,000,000 s)
2024-06-04 00:13:07,160 INFO  - Received CAM message from veh_101 (at simulation time 178.500,900,000 s)
2024-06-04 00:13:07,161 INFO  - Received CAM message from veh_66 (at simulation time 178.501,400,000 s)
2024-06-04 00:13:07,161 INFO  - Received CAM message from veh_38 (at simulation time 178.501,400,000 s)
2024-06-04 00:13:07,161 INFO  - Received CAM message from veh_62 (at simulation time 178.502,400,000 s)
2024-06-04 00:13:07,161 INFO  - Atempting to process queue (at simulation time 178.600,000,000 s)
2024-06-04 00:13:07,161 INFO  - Vehicle is outside the detection area. (at simulation time 178.600,000,000 s)
2024-06-04 00:13:07,161 INFO  - Sent broadcast CAM message to all vehicles (at simulation time 178.600,000,000 s)
2024-06-04 00:13:07,162 INFO  - Received CAM message from veh_66 (at simulation time 178.600,900,000 s)
2024-06-04 00:13:07,162 INFO  - Received CAM message from veh_38 (at simulation time 178.600,900,000 s)
2024-06-04 00:13:07,163 INFO  - Received CAM message from veh_101 (at simulation time 178.601,900,000 s)
2024-06-04 00:13:07,163 INFO  - Received CAM message from veh_62 (at simulation time 178.601,900,000 s)
2024-06-04 00:13:07,163 INFO  - Atempting to process queue (at simulation time 178.700,000,000 s)
2024-06-04 00:13:07,163 INFO  - Vehicle is outside the detection area. (at simulation time 178.700,000,000 s)
2024-06-04 00:13:07,163 INFO  - Sent broadcast CAM message to all vehicles (at simulation time 178.700,000,000 s)
2024-06-04 00:13:07,164 INFO  - Received CAM message from veh_62 (at simulation time 178.700,400,000 s)
2024-06-04 00:13:07,164 INFO  - Received CAM message from veh_101 (at simulation time 178.700,900,000 s)
2024-06-04 00:13:07,164 INFO  - Received CAM message from veh_38 (at simulation time 178.701,400,000 s)
2024-06-04 00:13:07,164 INFO  - Received CAM message from veh_66 (at simulation time 178.701,900,000 s)
2024-06-04 00:13:07,165 INFO  - Atempting to process queue (at simulation time 178.800,000,000 s)
2024-06-04 00:13:07,165 INFO  - Vehicle is outside the detection area. (at simulation time 178.800,000,000 s)
2024-06-04 00:13:07,165 INFO  - Sent broadcast CAM message to all vehicles (at simulation time 178.800,000,000 s)
2024-06-04 00:13:07,166 INFO  - Received CAM message from veh_38 (at simulation time 178.800,900,000 s)
2024-06-04 00:13:07,166 INFO  - Received CAM message from veh_101 (at simulation time 178.801,900,000 s)
2024-06-04 00:13:07,166 INFO  - Received CAM message from veh_66 (at simulation time 178.801,900,000 s)
2024-06-04 00:13:07,167 INFO  - Received CAM message from veh_62 (at simulation time 178.802,400,000 s)
2024-06-04 00:13:07,167 INFO  - Atempting to process queue (at simulation time 178.900,000,000 s)
2024-06-04 00:13:07,167 INFO  - Vehicle is outside the detection area. (at simulation time 178.900,000,000 s)
2024-06-04 00:13:07,167 INFO  - Sent broadcast CAM message to all vehicles (at simulation time 178.900,000,000 s)
2024-06-04 00:13:07,168 INFO  - Received CAM message from veh_101 (at simulation time 178.901,900,000 s)
2024-06-04 00:13:07,168 INFO  - Received CAM message from veh_66 (at simulation time 178.901,900,000 s)
2024-06-04 00:13:07,168 INFO  - Received CAM message from veh_62 (at simulation time 178.901,900,000 s)
2024-06-04 00:13:07,168 INFO  - Received CAM message from veh_38 (at simulation time 178.901,900,000 s)
2024-06-04 00:13:07,174 INFO  - Atempting to process queue (at simulation time 179.000,000,000 s)
2024-06-04 00:13:07,174 INFO  - Vehicle is outside the detection area. (at simulation time 179.000,000,000 s)
2024-06-04 00:13:07,174 INFO  - Sent broadcast CAM message to all vehicles (at simulation time 179.000,000,000 s)
2024-06-04 00:13:07,176 INFO  - Received CAM message from veh_101 (at simulation time 179.000,400,000 s)
2024-06-04 00:13:07,177 INFO  - Received CAM message from veh_62 (at simulation time 179.002,400,000 s)
2024-06-04 00:13:07,177 INFO  - Atempting to process queue (at simulation time 179.100,000,000 s)
2024-06-04 00:13:07,177 INFO  - Vehicle is outside the detection area. (at simulation time 179.100,000,000 s)
2024-06-04 00:13:07,177 INFO  - Sent broadcast CAM message to all vehicles (at simulation time 179.100,000,000 s)
2024-06-04 00:13:07,178 INFO  - Received CAM message from veh_101 (at simulation time 179.102,400,000 s)
2024-06-04 00:13:07,178 INFO  - Received CAM message from veh_62 (at simulation time 179.102,400,000 s)
2024-06-04 00:13:07,179 INFO  - Atempting to process queue (at simulation time 179.200,000,000 s)
2024-06-04 00:13:07,179 INFO  - Vehicle is outside the detection area. (at simulation time 179.200,000,000 s)
2024-06-04 00:13:07,179 INFO  - Sent broadcast CAM message to all vehicles (at simulation time 179.200,000,000 s)
2024-06-04 00:13:07,179 INFO  - Received CAM message from veh_101 (at simulation time 179.200,400,000 s)
2024-06-04 00:13:07,180 INFO  - Received CAM message from veh_62 (at simulation time 179.201,400,000 s)
2024-06-04 00:13:07,180 INFO  - Atempting to process queue (at simulation time 179.300,000,000 s)
2024-06-04 00:13:07,180 INFO  - Vehicle is outside the detection area. (at simulation time 179.300,000,000 s)
2024-06-04 00:13:07,180 INFO  - Sent broadcast CAM message to all vehicles (at simulation time 179.300,000,000 s)
2024-06-04 00:13:07,181 INFO  - Received CAM message from veh_62 (at simulation time 179.300,400,000 s)
2024-06-04 00:13:07,182 INFO  - Received CAM message from veh_101 (at simulation time 179.301,900,000 s)
2024-06-04 00:13:07,182 INFO  - Atempting to process queue (at simulation time 179.400,000,000 s)
2024-06-04 00:13:07,182 INFO  - Vehicle is outside the detection area. (at simulation time 179.400,000,000 s)
2024-06-04 00:13:07,182 INFO  - Sent broadcast CAM message to all vehicles (at simulation time 179.400,000,000 s)
2024-06-04 00:13:07,183 INFO  - Received CAM message from veh_101 (at simulation time 179.400,400,000 s)
2024-06-04 00:13:07,184 INFO  - Received CAM message from veh_62 (at simulation time 179.401,900,000 s)
2024-06-04 00:13:07,184 INFO  - Atempting to process queue (at simulation time 179.500,000,000 s)
2024-06-04 00:13:07,184 INFO  - Vehicle is outside the detection area. (at simulation time 179.500,000,000 s)
2024-06-04 00:13:07,184 INFO  - Sent broadcast CAM message to all vehicles (at simulation time 179.500,000,000 s)
2024-06-04 00:13:07,185 INFO  - Received CAM message from veh_101 (at simulation time 179.500,400,000 s)
2024-06-04 00:13:07,186 INFO  - Received CAM message from veh_62 (at simulation time 179.502,400,000 s)
2024-06-04 00:13:07,186 INFO  - Atempting to process queue (at simulation time 179.600,000,000 s)
2024-06-04 00:13:07,186 INFO  - Vehicle is outside the detection area. (at simulation time 179.600,000,000 s)
2024-06-04 00:13:07,186 INFO  - Sent broadcast CAM message to all vehicles (at simulation time 179.600,000,000 s)
2024-06-04 00:13:07,187 INFO  - Received CAM message from veh_101 (at simulation time 179.601,400,000 s)
2024-06-04 00:13:07,188 INFO  - Received CAM message from veh_62 (at simulation time 179.602,400,000 s)
2024-06-04 00:13:07,188 INFO  - Atempting to process queue (at simulation time 179.700,000,000 s)
2024-06-04 00:13:07,188 INFO  - Vehicle is outside the detection area. (at simulation time 179.700,000,000 s)
2024-06-04 00:13:07,188 INFO  - Sent broadcast CAM message to all vehicles (at simulation time 179.700,000,000 s)
2024-06-04 00:13:07,189 INFO  - Received CAM message from veh_62 (at simulation time 179.700,400,000 s)
2024-06-04 00:13:07,189 INFO  - Received CAM message from veh_101 (at simulation time 179.700,900,000 s)
2024-06-04 00:13:07,189 INFO  - Atempting to process queue (at simulation time 179.800,000,000 s)
2024-06-04 00:13:07,189 INFO  - Vehicle is outside the detection area. (at simulation time 179.800,000,000 s)
2024-06-04 00:13:07,189 INFO  - Sent broadcast CAM message to all vehicles (at simulation time 179.800,000,000 s)
2024-06-04 00:13:07,190 INFO  - Received CAM message from veh_62 (at simulation time 179.800,900,000 s)
2024-06-04 00:13:07,191 INFO  - Received CAM message from veh_101 (at simulation time 179.801,400,000 s)
2024-06-04 00:13:07,191 INFO  - Atempting to process queue (at simulation time 179.900,000,000 s)
2024-06-04 00:13:07,191 INFO  - Vehicle is outside the detection area. (at simulation time 179.900,000,000 s)
2024-06-04 00:13:07,191 INFO  - Sent broadcast CAM message to all vehicles (at simulation time 179.900,000,000 s)
2024-06-04 00:13:07,192 INFO  - Received CAM message from veh_101 (at simulation time 179.900,400,000 s)
2024-06-04 00:13:07,193 INFO  - Received CAM message from veh_62 (at simulation time 179.902,400,000 s)
2024-06-04 00:13:07,197 INFO  - Atempting to process queue (at simulation time 180.000,000,000 s)
2024-06-04 00:13:07,197 INFO  - Vehicle is outside the detection area. (at simulation time 180.000,000,000 s)
2024-06-04 00:13:07,197 INFO  - Sent broadcast CAM message to all vehicles (at simulation time 180.000,000,000 s)
2024-06-04 00:13:07,200 INFO  - Received CAM message from veh_101 (at simulation time 180.001,400,000 s)
2024-06-04 00:13:07,201 INFO  - Atempting to process queue (at simulation time 180.100,000,000 s)
2024-06-04 00:13:07,201 INFO  - Vehicle is outside the detection area. (at simulation time 180.100,000,000 s)
2024-06-04 00:13:07,201 INFO  - Sent broadcast CAM message to all vehicles (at simulation time 180.100,000,000 s)
2024-06-04 00:13:07,202 INFO  - Received CAM message from veh_101 (at simulation time 180.101,900,000 s)
2024-06-04 00:13:07,202 INFO  - Atempting to process queue (at simulation time 180.200,000,000 s)
2024-06-04 00:13:07,202 INFO  - Vehicle is outside the detection area. (at simulation time 180.200,000,000 s)
2024-06-04 00:13:07,202 INFO  - Sent broadcast CAM message to all vehicles (at simulation time 180.200,000,000 s)
2024-06-04 00:13:07,203 INFO  - Received CAM message from veh_101 (at simulation time 180.200,900,000 s)
2024-06-04 00:13:07,204 INFO  - Atempting to process queue (at simulation time 180.300,000,000 s)
2024-06-04 00:13:07,204 INFO  - Vehicle is outside the detection area. (at simulation time 180.300,000,000 s)
2024-06-04 00:13:07,204 INFO  - Sent broadcast CAM message to all vehicles (at simulation time 180.300,000,000 s)
2024-06-04 00:13:07,205 INFO  - Received CAM message from veh_101 (at simulation time 180.301,900,000 s)
2024-06-04 00:13:07,206 INFO  - Atempting to process queue (at simulation time 180.400,000,000 s)
2024-06-04 00:13:07,206 INFO  - Vehicle is outside the detection area. (at simulation time 180.400,000,000 s)
2024-06-04 00:13:07,206 INFO  - Sent broadcast CAM message to all vehicles (at simulation time 180.400,000,000 s)
2024-06-04 00:13:07,207 INFO  - Received CAM message from veh_101 (at simulation time 180.401,400,000 s)
2024-06-04 00:13:07,207 INFO  - Atempting to process queue (at simulation time 180.500,000,000 s)
2024-06-04 00:13:07,207 INFO  - Vehicle is outside the detection area. (at simulation time 180.500,000,000 s)
2024-06-04 00:13:07,207 INFO  - Sent broadcast CAM message to all vehicles (at simulation time 180.500,000,000 s)
2024-06-04 00:13:07,208 INFO  - Received CAM message from veh_101 (at simulation time 180.501,400,000 s)
2024-06-04 00:13:07,209 INFO  - Atempting to process queue (at simulation time 180.600,000,000 s)
2024-06-04 00:13:07,209 INFO  - Vehicle is outside the detection area. (at simulation time 180.600,000,000 s)
2024-06-04 00:13:07,209 INFO  - Sent broadcast CAM message to all vehicles (at simulation time 180.600,000,000 s)
2024-06-04 00:13:07,209 INFO  - Received CAM message from veh_101 (at simulation time 180.600,900,000 s)
2024-06-04 00:13:07,210 INFO  - Atempting to process queue (at simulation time 180.700,000,000 s)
2024-06-04 00:13:07,210 INFO  - Vehicle is outside the detection area. (at simulation time 180.700,000,000 s)
2024-06-04 00:13:07,210 INFO  - Sent broadcast CAM message to all vehicles (at simulation time 180.700,000,000 s)
2024-06-04 00:13:07,212 INFO  - Received CAM message from veh_101 (at simulation time 180.702,400,000 s)
2024-06-04 00:13:07,212 INFO  - Atempting to process queue (at simulation time 180.800,000,000 s)
2024-06-04 00:13:07,212 INFO  - Vehicle is outside the detection area. (at simulation time 180.800,000,000 s)
2024-06-04 00:13:07,212 INFO  - Sent broadcast CAM message to all vehicles (at simulation time 180.800,000,000 s)
2024-06-04 00:13:07,212 INFO  - Received CAM message from veh_101 (at simulation time 180.800,400,000 s)
2024-06-04 00:13:07,214 INFO  - Atempting to process queue (at simulation time 180.900,000,000 s)
2024-06-04 00:13:07,214 INFO  - Vehicle is outside the detection area. (at simulation time 180.900,000,000 s)
2024-06-04 00:13:07,214 INFO  - Sent broadcast CAM message to all vehicles (at simulation time 180.900,000,000 s)
2024-06-04 00:13:07,214 INFO  - Received CAM message from veh_101 (at simulation time 180.900,400,000 s)
2024-06-04 00:13:07,222 INFO  - Atempting to process queue (at simulation time 181.000,000,000 s)
2024-06-04 00:13:07,222 INFO  - Vehicle is outside the detection area. (at simulation time 181.000,000,000 s)
2024-06-04 00:13:07,222 INFO  - Sent broadcast CAM message to all vehicles (at simulation time 181.000,000,000 s)
2024-06-04 00:13:07,224 INFO  - Received CAM message from veh_101 (at simulation time 181.001,400,000 s)
2024-06-04 00:13:07,224 INFO  - Atempting to process queue (at simulation time 181.100,000,000 s)
2024-06-04 00:13:07,224 INFO  - Vehicle is outside the detection area. (at simulation time 181.100,000,000 s)
2024-06-04 00:13:07,224 INFO  - Sent broadcast CAM message to all vehicles (at simulation time 181.100,000,000 s)
2024-06-04 00:13:07,225 INFO  - Received CAM message from veh_101 (at simulation time 181.101,900,000 s)
2024-06-04 00:13:07,226 INFO  - Atempting to process queue (at simulation time 181.200,000,000 s)
2024-06-04 00:13:07,226 INFO  - Vehicle is outside the detection area. (at simulation time 181.200,000,000 s)
2024-06-04 00:13:07,226 INFO  - Sent broadcast CAM message to all vehicles (at simulation time 181.200,000,000 s)
2024-06-04 00:13:07,227 INFO  - Received CAM message from veh_101 (at simulation time 181.202,400,000 s)
2024-06-04 00:13:07,227 INFO  - Atempting to process queue (at simulation time 181.300,000,000 s)
2024-06-04 00:13:07,227 INFO  - Vehicle is outside the detection area. (at simulation time 181.300,000,000 s)
2024-06-04 00:13:07,227 INFO  - Sent broadcast CAM message to all vehicles (at simulation time 181.300,000,000 s)
2024-06-04 00:13:07,228 INFO  - Received CAM message from veh_101 (at simulation time 181.301,900,000 s)
2024-06-04 00:13:07,229 INFO  - Atempting to process queue (at simulation time 181.400,000,000 s)
2024-06-04 00:13:07,229 INFO  - Vehicle is outside the detection area. (at simulation time 181.400,000,000 s)
2024-06-04 00:13:07,229 INFO  - Sent broadcast CAM message to all vehicles (at simulation time 181.400,000,000 s)
2024-06-04 00:13:07,229 INFO  - Received CAM message from veh_101 (at simulation time 181.400,400,000 s)
2024-06-04 00:13:07,230 INFO  - Atempting to process queue (at simulation time 181.500,000,000 s)
2024-06-04 00:13:07,230 INFO  - Vehicle is outside the detection area. (at simulation time 181.500,000,000 s)
2024-06-04 00:13:07,230 INFO  - Sent broadcast CAM message to all vehicles (at simulation time 181.500,000,000 s)
2024-06-04 00:13:07,231 INFO  - Received CAM message from veh_101 (at simulation time 181.501,400,000 s)
2024-06-04 00:13:07,232 INFO  - Atempting to process queue (at simulation time 181.600,000,000 s)
2024-06-04 00:13:07,232 INFO  - Vehicle is outside the detection area. (at simulation time 181.600,000,000 s)
2024-06-04 00:13:07,232 INFO  - Sent broadcast CAM message to all vehicles (at simulation time 181.600,000,000 s)
2024-06-04 00:13:07,233 INFO  - Received CAM message from veh_101 (at simulation time 181.600,900,000 s)
2024-06-04 00:13:07,233 INFO  - Atempting to process queue (at simulation time 181.700,000,000 s)
2024-06-04 00:13:07,233 INFO  - Vehicle is outside the detection area. (at simulation time 181.700,000,000 s)
2024-06-04 00:13:07,233 INFO  - Sent broadcast CAM message to all vehicles (at simulation time 181.700,000,000 s)
2024-06-04 00:13:07,234 INFO  - Received CAM message from veh_101 (at simulation time 181.700,400,000 s)
2024-06-04 00:13:07,235 INFO  - Atempting to process queue (at simulation time 181.800,000,000 s)
2024-06-04 00:13:07,235 INFO  - Vehicle is outside the detection area. (at simulation time 181.800,000,000 s)
2024-06-04 00:13:07,235 INFO  - Sent broadcast CAM message to all vehicles (at simulation time 181.800,000,000 s)
2024-06-04 00:13:07,241 INFO  - Received CAM message from veh_101 (at simulation time 181.801,900,000 s)
2024-06-04 00:13:07,254 INFO  - Atempting to process queue (at simulation time 181.900,000,000 s)
2024-06-04 00:13:07,254 INFO  - Vehicle is outside the detection area. (at simulation time 181.900,000,000 s)
2024-06-04 00:13:07,254 INFO  - Sent broadcast CAM message to all vehicles (at simulation time 181.900,000,000 s)
2024-06-04 00:13:07,256 INFO  - Received CAM message from veh_101 (at simulation time 181.902,400,000 s)
2024-06-04 00:13:07,260 INFO  - Atempting to process queue (at simulation time 182.000,000,000 s)
2024-06-04 00:13:07,260 INFO  - Vehicle is outside the detection area. (at simulation time 182.000,000,000 s)
2024-06-04 00:13:07,260 INFO  - Sent broadcast CAM message to all vehicles (at simulation time 182.000,000,000 s)
2024-06-04 00:13:07,263 INFO  - Atempting to process queue (at simulation time 182.100,000,000 s)
2024-06-04 00:13:07,263 INFO  - Vehicle is outside the detection area. (at simulation time 182.100,000,000 s)
2024-06-04 00:13:07,263 INFO  - Sent broadcast CAM message to all vehicles (at simulation time 182.100,000,000 s)
2024-06-04 00:13:07,264 INFO  - Atempting to process queue (at simulation time 182.200,000,000 s)
2024-06-04 00:13:07,264 INFO  - Vehicle is outside the detection area. (at simulation time 182.200,000,000 s)
2024-06-04 00:13:07,264 INFO  - Sent broadcast CAM message to all vehicles (at simulation time 182.200,000,000 s)
2024-06-04 00:13:07,267 INFO  - Atempting to process queue (at simulation time 182.300,000,000 s)
2024-06-04 00:13:07,267 INFO  - Vehicle is outside the detection area. (at simulation time 182.300,000,000 s)
2024-06-04 00:13:07,267 INFO  - Sent broadcast CAM message to all vehicles (at simulation time 182.300,000,000 s)
2024-06-04 00:13:07,268 INFO  - Atempting to process queue (at simulation time 182.400,000,000 s)
2024-06-04 00:13:07,268 INFO  - Vehicle is outside the detection area. (at simulation time 182.400,000,000 s)
2024-06-04 00:13:07,268 INFO  - Sent broadcast CAM message to all vehicles (at simulation time 182.400,000,000 s)
2024-06-04 00:13:07,270 INFO  - Atempting to process queue (at simulation time 182.500,000,000 s)
2024-06-04 00:13:07,270 INFO  - Vehicle is outside the detection area. (at simulation time 182.500,000,000 s)
2024-06-04 00:13:07,270 INFO  - Sent broadcast CAM message to all vehicles (at simulation time 182.500,000,000 s)
2024-06-04 00:13:07,272 INFO  - Atempting to process queue (at simulation time 182.600,000,000 s)
2024-06-04 00:13:07,272 INFO  - Vehicle is outside the detection area. (at simulation time 182.600,000,000 s)
2024-06-04 00:13:07,272 INFO  - Sent broadcast CAM message to all vehicles (at simulation time 182.600,000,000 s)
2024-06-04 00:13:07,274 INFO  - Atempting to process queue (at simulation time 182.700,000,000 s)
2024-06-04 00:13:07,274 INFO  - Vehicle is outside the detection area. (at simulation time 182.700,000,000 s)
2024-06-04 00:13:07,274 INFO  - Sent broadcast CAM message to all vehicles (at simulation time 182.700,000,000 s)
2024-06-04 00:13:07,275 INFO  - Atempting to process queue (at simulation time 182.800,000,000 s)
2024-06-04 00:13:07,275 INFO  - Vehicle is outside the detection area. (at simulation time 182.800,000,000 s)
2024-06-04 00:13:07,275 INFO  - Sent broadcast CAM message to all vehicles (at simulation time 182.800,000,000 s)
2024-06-04 00:13:07,277 INFO  - Atempting to process queue (at simulation time 182.900,000,000 s)
2024-06-04 00:13:07,277 INFO  - Vehicle is outside the detection area. (at simulation time 182.900,000,000 s)
2024-06-04 00:13:07,277 INFO  - Sent broadcast CAM message to all vehicles (at simulation time 182.900,000,000 s)
2024-06-04 00:13:07,284 INFO  - Atempting to process queue (at simulation time 183.000,000,000 s)
2024-06-04 00:13:07,284 INFO  - Vehicle is outside the detection area. (at simulation time 183.000,000,000 s)
2024-06-04 00:13:07,284 INFO  - Sent broadcast CAM message to all vehicles (at simulation time 183.000,000,000 s)
2024-06-04 00:13:07,287 INFO  - Atempting to process queue (at simulation time 183.100,000,000 s)
2024-06-04 00:13:07,287 INFO  - Vehicle is outside the detection area. (at simulation time 183.100,000,000 s)
2024-06-04 00:13:07,287 INFO  - Sent broadcast CAM message to all vehicles (at simulation time 183.100,000,000 s)
2024-06-04 00:13:07,289 INFO  - Atempting to process queue (at simulation time 183.200,000,000 s)
2024-06-04 00:13:07,289 INFO  - Vehicle is outside the detection area. (at simulation time 183.200,000,000 s)
2024-06-04 00:13:07,289 INFO  - Sent broadcast CAM message to all vehicles (at simulation time 183.200,000,000 s)
2024-06-04 00:13:07,291 INFO  - Atempting to process queue (at simulation time 183.300,000,000 s)
2024-06-04 00:13:07,291 INFO  - Vehicle is outside the detection area. (at simulation time 183.300,000,000 s)
2024-06-04 00:13:07,291 INFO  - Sent broadcast CAM message to all vehicles (at simulation time 183.300,000,000 s)
2024-06-04 00:13:07,293 INFO  - Atempting to process queue (at simulation time 183.400,000,000 s)
2024-06-04 00:13:07,293 INFO  - Vehicle is outside the detection area. (at simulation time 183.400,000,000 s)
2024-06-04 00:13:07,293 INFO  - Sent broadcast CAM message to all vehicles (at simulation time 183.400,000,000 s)
2024-06-04 00:13:07,294 INFO  - Atempting to process queue (at simulation time 183.500,000,000 s)
2024-06-04 00:13:07,294 INFO  - Vehicle is outside the detection area. (at simulation time 183.500,000,000 s)
2024-06-04 00:13:07,294 INFO  - Sent broadcast CAM message to all vehicles (at simulation time 183.500,000,000 s)
2024-06-04 00:13:07,296 INFO  - Atempting to process queue (at simulation time 183.600,000,000 s)
2024-06-04 00:13:07,296 INFO  - Vehicle is outside the detection area. (at simulation time 183.600,000,000 s)
2024-06-04 00:13:07,296 INFO  - Sent broadcast CAM message to all vehicles (at simulation time 183.600,000,000 s)
2024-06-04 00:13:07,297 INFO  - Atempting to process queue (at simulation time 183.700,000,000 s)
2024-06-04 00:13:07,297 INFO  - Vehicle is outside the detection area. (at simulation time 183.700,000,000 s)
2024-06-04 00:13:07,297 INFO  - Sent broadcast CAM message to all vehicles (at simulation time 183.700,000,000 s)
2024-06-04 00:13:07,299 INFO  - Atempting to process queue (at simulation time 183.800,000,000 s)
2024-06-04 00:13:07,299 INFO  - Vehicle is outside the detection area. (at simulation time 183.800,000,000 s)
2024-06-04 00:13:07,299 INFO  - Sent broadcast CAM message to all vehicles (at simulation time 183.800,000,000 s)
2024-06-04 00:13:07,301 INFO  - Atempting to process queue (at simulation time 183.900,000,000 s)
2024-06-04 00:13:07,301 INFO  - Vehicle is outside the detection area. (at simulation time 183.900,000,000 s)
2024-06-04 00:13:07,301 INFO  - Sent broadcast CAM message to all vehicles (at simulation time 183.900,000,000 s)
2024-06-04 00:13:07,306 INFO  - Shutdown application (at simulation time 184.000,000,000 s)
