2024-06-04 00:13:07,062 INFO  - Initialize application (at simulation time 175.000,000,000 s)
2024-06-04 00:13:07,064 INFO  - Activated WLAN Module (at simulation time 175.000,000,000 s)
2024-06-04 00:13:07,064 INFO  - Vehicle is outside the detection area. (at simulation time 175.000,000,000 s)
2024-06-04 00:13:07,064 INFO  - Sent broadcast CAM message to all vehicles (at simulation time 175.000,000,000 s)
2024-06-04 00:13:07,072 INFO  - Vehicle is outside the detection area. (at simulation time 175.100,000,000 s)
2024-06-04 00:13:07,072 INFO  - Sent broadcast CAM message to all vehicles (at simulation time 175.100,000,000 s)
2024-06-04 00:13:07,076 INFO  - Vehicle is outside the detection area. (at simulation time 175.200,000,000 s)
2024-06-04 00:13:07,076 INFO  - Sent broadcast CAM message to all vehicles (at simulation time 175.200,000,000 s)
2024-06-04 00:13:07,080 INFO  - Vehicle is outside the detection area. (at simulation time 175.300,000,000 s)
2024-06-04 00:13:07,080 INFO  - Sent broadcast CAM message to all vehicles (at simulation time 175.300,000,000 s)
2024-06-04 00:13:07,085 INFO  - Vehicle is outside the detection area. (at simulation time 175.400,000,000 s)
2024-06-04 00:13:07,085 INFO  - Sent broadcast CAM message to all vehicles (at simulation time 175.400,000,000 s)
2024-06-04 00:13:07,091 INFO  - Vehicle is outside the detection area. (at simulation time 175.500,000,000 s)
2024-06-04 00:13:07,091 INFO  - Sent broadcast CAM message to all vehicles (at simulation time 175.500,000,000 s)
2024-06-04 00:13:07,093 INFO  - Vehicle is outside the detection area. (at simulation time 175.600,000,000 s)
2024-06-04 00:13:07,093 INFO  - Sent broadcast CAM message to all vehicles (at simulation time 175.600,000,000 s)
2024-06-04 00:13:07,095 INFO  - Vehicle is outside the detection area. (at simulation time 175.700,000,000 s)
2024-06-04 00:13:07,095 INFO  - Sent broadcast CAM message to all vehicles (at simulation time 175.700,000,000 s)
2024-06-04 00:13:07,097 INFO  - Vehicle is outside the detection area. (at simulation time 175.800,000,000 s)
2024-06-04 00:13:07,097 INFO  - Sent broadcast CAM message to all vehicles (at simulation time 175.800,000,000 s)
2024-06-04 00:13:07,098 INFO  - Vehicle is outside the detection area. (at simulation time 175.900,000,000 s)
2024-06-04 00:13:07,098 INFO  - Sent broadcast CAM message to all vehicles (at simulation time 175.900,000,000 s)
2024-06-04 00:13:07,102 INFO  - Vehicle is outside the detection area. (at simulation time 176.000,000,000 s)
2024-06-04 00:13:07,102 INFO  - Sent broadcast CAM message to all vehicles (at simulation time 176.000,000,000 s)
2024-06-04 00:13:07,106 INFO  - Vehicle is outside the detection area. (at simulation time 176.100,000,000 s)
2024-06-04 00:13:07,106 INFO  - Sent broadcast CAM message to all vehicles (at simulation time 176.100,000,000 s)
2024-06-04 00:13:07,109 INFO  - Vehicle is outside the detection area. (at simulation time 176.200,000,000 s)
2024-06-04 00:13:07,109 INFO  - Sent broadcast CAM message to all vehicles (at simulation time 176.200,000,000 s)
2024-06-04 00:13:07,111 INFO  - Vehicle is outside the detection area. (at simulation time 176.300,000,000 s)
2024-06-04 00:13:07,111 INFO  - Sent broadcast CAM message to all vehicles (at simulation time 176.300,000,000 s)
2024-06-04 00:13:07,113 INFO  - Vehicle is outside the detection area. (at simulation time 176.400,000,000 s)
2024-06-04 00:13:07,113 INFO  - Sent broadcast CAM message to all vehicles (at simulation time 176.400,000,000 s)
2024-06-04 00:13:07,115 INFO  - Vehicle is outside the detection area. (at simulation time 176.500,000,000 s)
2024-06-04 00:13:07,115 INFO  - Sent broadcast CAM message to all vehicles (at simulation time 176.500,000,000 s)
2024-06-04 00:13:07,117 INFO  - Vehicle is outside the detection area. (at simulation time 176.600,000,000 s)
2024-06-04 00:13:07,117 INFO  - Sent broadcast CAM message to all vehicles (at simulation time 176.600,000,000 s)
2024-06-04 00:13:07,118 INFO  - Vehicle is outside the detection area. (at simulation time 176.700,000,000 s)
2024-06-04 00:13:07,118 INFO  - Sent broadcast CAM message to all vehicles (at simulation time 176.700,000,000 s)
2024-06-04 00:13:07,120 INFO  - Vehicle is outside the detection area. (at simulation time 176.800,000,000 s)
2024-06-04 00:13:07,120 INFO  - Sent broadcast CAM message to all vehicles (at simulation time 176.800,000,000 s)
2024-06-04 00:13:07,121 INFO  - Vehicle is outside the detection area. (at simulation time 176.900,000,000 s)
2024-06-04 00:13:07,121 INFO  - Sent broadcast CAM message to all vehicles (at simulation time 176.900,000,000 s)
2024-06-04 00:13:07,125 INFO  - Vehicle is inside the detection area. (at simulation time 177.000,000,000 s)
2024-06-04 00:13:07,125 INFO  - Vehicle is too far away from the traffic light. (at simulation time 177.000,000,000 s)
2024-06-04 00:13:07,125 INFO  - No vehicles in range. (at simulation time 177.000,000,000 s)
2024-06-04 00:13:07,125 INFO  - Neither the RSU nor any vehicle is in range. (at simulation time 177.000,000,000 s)
2024-06-04 00:13:07,125 INFO  - Sent broadcast CAM message to all vehicles (at simulation time 177.000,000,000 s)
2024-06-04 00:13:07,127 INFO  - Vehicle is inside the detection area. (at simulation time 177.100,000,000 s)
2024-06-04 00:13:07,127 INFO  - Vehicle is too far away from the traffic light. (at simulation time 177.100,000,000 s)
2024-06-04 00:13:07,127 INFO  - No vehicles in range. (at simulation time 177.100,000,000 s)
2024-06-04 00:13:07,127 INFO  - Neither the RSU nor any vehicle is in range. (at simulation time 177.100,000,000 s)
2024-06-04 00:13:07,127 INFO  - Sent broadcast CAM message to all vehicles (at simulation time 177.100,000,000 s)
2024-06-04 00:13:07,129 INFO  - Vehicle is inside the detection area. (at simulation time 177.200,000,000 s)
2024-06-04 00:13:07,129 INFO  - Vehicle is too far away from the traffic light. (at simulation time 177.200,000,000 s)
2024-06-04 00:13:07,129 INFO  - No vehicles in range. (at simulation time 177.200,000,000 s)
2024-06-04 00:13:07,129 INFO  - Neither the RSU nor any vehicle is in range. (at simulation time 177.200,000,000 s)
2024-06-04 00:13:07,129 INFO  - Sent broadcast CAM message to all vehicles (at simulation time 177.200,000,000 s)
2024-06-04 00:13:07,131 INFO  - Vehicle is inside the detection area. (at simulation time 177.300,000,000 s)
2024-06-04 00:13:07,131 INFO  - Vehicle is too far away from the traffic light. (at simulation time 177.300,000,000 s)
2024-06-04 00:13:07,131 INFO  - No vehicles in range. (at simulation time 177.300,000,000 s)
2024-06-04 00:13:07,131 INFO  - Neither the RSU nor any vehicle is in range. (at simulation time 177.300,000,000 s)
2024-06-04 00:13:07,131 INFO  - Sent broadcast CAM message to all vehicles (at simulation time 177.300,000,000 s)
2024-06-04 00:13:07,133 INFO  - Vehicle is inside the detection area. (at simulation time 177.400,000,000 s)
2024-06-04 00:13:07,133 INFO  - Vehicle is too far away from the traffic light. (at simulation time 177.400,000,000 s)
2024-06-04 00:13:07,133 INFO  - No vehicles in range. (at simulation time 177.400,000,000 s)
2024-06-04 00:13:07,133 INFO  - Neither the RSU nor any vehicle is in range. (at simulation time 177.400,000,000 s)
2024-06-04 00:13:07,133 INFO  - Sent broadcast CAM message to all vehicles (at simulation time 177.400,000,000 s)
2024-06-04 00:13:07,135 INFO  - Vehicle is inside the detection area. (at simulation time 177.500,000,000 s)
2024-06-04 00:13:07,135 INFO  - Vehicle is too far away from the traffic light. (at simulation time 177.500,000,000 s)
2024-06-04 00:13:07,135 INFO  - No vehicles in range. (at simulation time 177.500,000,000 s)
2024-06-04 00:13:07,135 INFO  - Neither the RSU nor any vehicle is in range. (at simulation time 177.500,000,000 s)
2024-06-04 00:13:07,135 INFO  - Sent broadcast CAM message to all vehicles (at simulation time 177.500,000,000 s)
2024-06-04 00:13:07,137 INFO  - Vehicle is inside the detection area. (at simulation time 177.600,000,000 s)
2024-06-04 00:13:07,137 INFO  - Vehicle is too far away from the traffic light. (at simulation time 177.600,000,000 s)
2024-06-04 00:13:07,137 INFO  - No vehicles in range. (at simulation time 177.600,000,000 s)
2024-06-04 00:13:07,137 INFO  - Neither the RSU nor any vehicle is in range. (at simulation time 177.600,000,000 s)
2024-06-04 00:13:07,137 INFO  - Sent broadcast CAM message to all vehicles (at simulation time 177.600,000,000 s)
2024-06-04 00:13:07,139 INFO  - Vehicle is inside the detection area. (at simulation time 177.700,000,000 s)
2024-06-04 00:13:07,139 INFO  - Vehicle is too far away from the traffic light. (at simulation time 177.700,000,000 s)
2024-06-04 00:13:07,139 INFO  - No vehicles in range. (at simulation time 177.700,000,000 s)
2024-06-04 00:13:07,139 INFO  - Neither the RSU nor any vehicle is in range. (at simulation time 177.700,000,000 s)
2024-06-04 00:13:07,139 INFO  - Sent broadcast CAM message to all vehicles (at simulation time 177.700,000,000 s)
2024-06-04 00:13:07,141 INFO  - Vehicle is inside the detection area. (at simulation time 177.800,000,000 s)
2024-06-04 00:13:07,141 INFO  - Vehicle is too far away from the traffic light. (at simulation time 177.800,000,000 s)
2024-06-04 00:13:07,141 INFO  - No vehicles in range. (at simulation time 177.800,000,000 s)
2024-06-04 00:13:07,141 INFO  - Neither the RSU nor any vehicle is in range. (at simulation time 177.800,000,000 s)
2024-06-04 00:13:07,141 INFO  - Sent broadcast CAM message to all vehicles (at simulation time 177.800,000,000 s)
2024-06-04 00:13:07,143 INFO  - Vehicle is inside the detection area. (at simulation time 177.900,000,000 s)
2024-06-04 00:13:07,143 INFO  - Vehicle is too far away from the traffic light. (at simulation time 177.900,000,000 s)
2024-06-04 00:13:07,143 INFO  - No vehicles in range. (at simulation time 177.900,000,000 s)
2024-06-04 00:13:07,143 INFO  - Neither the RSU nor any vehicle is in range. (at simulation time 177.900,000,000 s)
2024-06-04 00:13:07,143 INFO  - Sent broadcast CAM message to all vehicles (at simulation time 177.900,000,000 s)
2024-06-04 00:13:07,147 INFO  - Vehicle is inside the detection area. (at simulation time 178.000,000,000 s)
2024-06-04 00:13:07,147 INFO  - Vehicle is too far away from the traffic light. (at simulation time 178.000,000,000 s)
2024-06-04 00:13:07,147 INFO  - No vehicles in range. (at simulation time 178.000,000,000 s)
2024-06-04 00:13:07,147 INFO  - Neither the RSU nor any vehicle is in range. (at simulation time 178.000,000,000 s)
2024-06-04 00:13:07,147 INFO  - Sent broadcast CAM message to all vehicles (at simulation time 178.000,000,000 s)
2024-06-04 00:13:07,149 INFO  - Vehicle is inside the detection area. (at simulation time 178.100,000,000 s)
2024-06-04 00:13:07,149 INFO  - Vehicle is too far away from the traffic light. (at simulation time 178.100,000,000 s)
2024-06-04 00:13:07,149 INFO  - No vehicles in range. (at simulation time 178.100,000,000 s)
2024-06-04 00:13:07,149 INFO  - Neither the RSU nor any vehicle is in range. (at simulation time 178.100,000,000 s)
2024-06-04 00:13:07,149 INFO  - Sent broadcast CAM message to all vehicles (at simulation time 178.100,000,000 s)
2024-06-04 00:13:07,151 INFO  - Vehicle is inside the detection area. (at simulation time 178.200,000,000 s)
2024-06-04 00:13:07,151 INFO  - Vehicle is too far away from the traffic light. (at simulation time 178.200,000,000 s)
2024-06-04 00:13:07,151 INFO  - No vehicles in range. (at simulation time 178.200,000,000 s)
2024-06-04 00:13:07,151 INFO  - Neither the RSU nor any vehicle is in range. (at simulation time 178.200,000,000 s)
2024-06-04 00:13:07,151 INFO  - Sent broadcast CAM message to all vehicles (at simulation time 178.200,000,000 s)
2024-06-04 00:13:07,154 INFO  - Vehicle is inside the detection area. (at simulation time 178.300,000,000 s)
2024-06-04 00:13:07,154 INFO  - Vehicle is too far away from the traffic light. (at simulation time 178.300,000,000 s)
2024-06-04 00:13:07,154 INFO  - No vehicles in range. (at simulation time 178.300,000,000 s)
2024-06-04 00:13:07,154 INFO  - Neither the RSU nor any vehicle is in range. (at simulation time 178.300,000,000 s)
2024-06-04 00:13:07,154 INFO  - Sent broadcast CAM message to all vehicles (at simulation time 178.300,000,000 s)
2024-06-04 00:13:07,157 INFO  - Vehicle is inside the detection area. (at simulation time 178.400,000,000 s)
2024-06-04 00:13:07,157 INFO  - Vehicle is too far away from the traffic light. (at simulation time 178.400,000,000 s)
2024-06-04 00:13:07,157 INFO  - No vehicles in range. (at simulation time 178.400,000,000 s)
2024-06-04 00:13:07,157 INFO  - Neither the RSU nor any vehicle is in range. (at simulation time 178.400,000,000 s)
2024-06-04 00:13:07,157 INFO  - Sent broadcast CAM message to all vehicles (at simulation time 178.400,000,000 s)
2024-06-04 00:13:07,159 INFO  - Vehicle is inside the detection area. (at simulation time 178.500,000,000 s)
2024-06-04 00:13:07,159 INFO  - Vehicle is too far away from the traffic light. (at simulation time 178.500,000,000 s)
2024-06-04 00:13:07,159 INFO  - No vehicles in range. (at simulation time 178.500,000,000 s)
2024-06-04 00:13:07,159 INFO  - Neither the RSU nor any vehicle is in range. (at simulation time 178.500,000,000 s)
2024-06-04 00:13:07,159 INFO  - Sent broadcast CAM message to all vehicles (at simulation time 178.500,000,000 s)
2024-06-04 00:13:07,161 INFO  - Vehicle is inside the detection area. (at simulation time 178.600,000,000 s)
2024-06-04 00:13:07,161 INFO  - Vehicle is too far away from the traffic light. (at simulation time 178.600,000,000 s)
2024-06-04 00:13:07,161 INFO  - No vehicles in range. (at simulation time 178.600,000,000 s)
2024-06-04 00:13:07,161 INFO  - Neither the RSU nor any vehicle is in range. (at simulation time 178.600,000,000 s)
2024-06-04 00:13:07,161 INFO  - Sent broadcast CAM message to all vehicles (at simulation time 178.600,000,000 s)
2024-06-04 00:13:07,163 INFO  - Vehicle is inside the detection area. (at simulation time 178.700,000,000 s)
2024-06-04 00:13:07,163 INFO  - Vehicle is too far away from the traffic light. (at simulation time 178.700,000,000 s)
2024-06-04 00:13:07,163 INFO  - No vehicles in range. (at simulation time 178.700,000,000 s)
2024-06-04 00:13:07,163 INFO  - Neither the RSU nor any vehicle is in range. (at simulation time 178.700,000,000 s)
2024-06-04 00:13:07,163 INFO  - Sent broadcast CAM message to all vehicles (at simulation time 178.700,000,000 s)
2024-06-04 00:13:07,165 INFO  - Vehicle is inside the detection area. (at simulation time 178.800,000,000 s)
2024-06-04 00:13:07,165 INFO  - Vehicle is too far away from the traffic light. (at simulation time 178.800,000,000 s)
2024-06-04 00:13:07,165 INFO  - No vehicles in range. (at simulation time 178.800,000,000 s)
2024-06-04 00:13:07,165 INFO  - Neither the RSU nor any vehicle is in range. (at simulation time 178.800,000,000 s)
2024-06-04 00:13:07,165 INFO  - Sent broadcast CAM message to all vehicles (at simulation time 178.800,000,000 s)
2024-06-04 00:13:07,167 INFO  - Vehicle is inside the detection area. (at simulation time 178.900,000,000 s)
2024-06-04 00:13:07,167 INFO  - Vehicle is too far away from the traffic light. (at simulation time 178.900,000,000 s)
2024-06-04 00:13:07,167 INFO  - No vehicles in range. (at simulation time 178.900,000,000 s)
2024-06-04 00:13:07,167 INFO  - Neither the RSU nor any vehicle is in range. (at simulation time 178.900,000,000 s)
2024-06-04 00:13:07,167 INFO  - Sent broadcast CAM message to all vehicles (at simulation time 178.900,000,000 s)
2024-06-04 00:13:07,174 INFO  - Atempting to process queue (at simulation time 179.000,000,000 s)
2024-06-04 00:13:07,174 INFO  - Vehicle is inside the detection area. (at simulation time 179.000,000,000 s)
2024-06-04 00:13:07,174 INFO  - Sent Detection message to rsu_0 (at simulation time 179.000,000,000 s)
2024-06-04 00:13:07,174 INFO  - Sent broadcast CAM message to all vehicles (at simulation time 179.000,000,000 s)
2024-06-04 00:13:07,176 INFO  - Received CAM message from veh_38 (at simulation time 179.000,900,000 s)
2024-06-04 00:13:07,176 INFO  - Received CAM message from veh_66 (at simulation time 179.001,400,000 s)
2024-06-04 00:13:07,176 INFO  - Received CAM message from veh_62 (at simulation time 179.001,400,000 s)
2024-06-04 00:13:07,177 INFO  - Atempting to process queue (at simulation time 179.100,000,000 s)
2024-06-04 00:13:07,177 INFO  - Vehicle is inside the detection area. (at simulation time 179.100,000,000 s)
2024-06-04 00:13:07,177 INFO  - Sent Detection message to rsu_0 (at simulation time 179.100,000,000 s)
2024-06-04 00:13:07,177 INFO  - Sent broadcast CAM message to all vehicles (at simulation time 179.100,000,000 s)
2024-06-04 00:13:07,178 INFO  - Received CAM message from veh_66 (at simulation time 179.100,400,000 s)
2024-06-04 00:13:07,178 INFO  - Received CAM message from veh_38 (at simulation time 179.101,400,000 s)
2024-06-04 00:13:07,178 INFO  - Received CAM message from veh_62 (at simulation time 179.102,400,000 s)
2024-06-04 00:13:07,179 INFO  - Atempting to process queue (at simulation time 179.200,000,000 s)
2024-06-04 00:13:07,179 INFO  - Vehicle is inside the detection area. (at simulation time 179.200,000,000 s)
2024-06-04 00:13:07,179 INFO  - Sent Detection message to rsu_0 (at simulation time 179.200,000,000 s)
2024-06-04 00:13:07,179 INFO  - Sent broadcast CAM message to all vehicles (at simulation time 179.200,000,000 s)
2024-06-04 00:13:07,180 INFO  - Received CAM message from veh_62 (at simulation time 179.201,400,000 s)
2024-06-04 00:13:07,180 INFO  - Received CAM message from veh_66 (at simulation time 179.201,900,000 s)
2024-06-04 00:13:07,180 INFO  - Received CAM message from veh_38 (at simulation time 179.202,400,000 s)
2024-06-04 00:13:07,180 INFO  - Atempting to process queue (at simulation time 179.300,000,000 s)
2024-06-04 00:13:07,180 INFO  - Vehicle is inside the detection area. (at simulation time 179.300,000,000 s)
2024-06-04 00:13:07,180 INFO  - Sent Detection message to rsu_0 (at simulation time 179.300,000,000 s)
2024-06-04 00:13:07,180 INFO  - Sent broadcast CAM message to all vehicles (at simulation time 179.300,000,000 s)
2024-06-04 00:13:07,181 INFO  - Received CAM message from veh_66 (at simulation time 179.300,400,000 s)
2024-06-04 00:13:07,181 INFO  - Received CAM message from veh_62 (at simulation time 179.300,400,000 s)
2024-06-04 00:13:07,182 INFO  - Received CAM message from veh_38 (at simulation time 179.301,400,000 s)
2024-06-04 00:13:07,182 INFO  - Atempting to process queue (at simulation time 179.400,000,000 s)
2024-06-04 00:13:07,182 INFO  - Vehicle is inside the detection area. (at simulation time 179.400,000,000 s)
2024-06-04 00:13:07,182 INFO  - Sent Detection message to rsu_0 (at simulation time 179.400,000,000 s)
2024-06-04 00:13:07,182 INFO  - Sent broadcast CAM message to all vehicles (at simulation time 179.400,000,000 s)
2024-06-04 00:13:07,183 INFO  - Received CAM message from veh_66 (at simulation time 179.400,400,000 s)
2024-06-04 00:13:07,183 INFO  - Received CAM message from veh_62 (at simulation time 179.400,400,000 s)
2024-06-04 00:13:07,184 INFO  - Received CAM message from veh_38 (at simulation time 179.401,400,000 s)
2024-06-04 00:13:07,184 INFO  - Atempting to process queue (at simulation time 179.500,000,000 s)
2024-06-04 00:13:07,184 INFO  - Vehicle is inside the detection area. (at simulation time 179.500,000,000 s)
2024-06-04 00:13:07,184 INFO  - Sent Detection message to rsu_0 (at simulation time 179.500,000,000 s)
2024-06-04 00:13:07,184 INFO  - Sent broadcast CAM message to all vehicles (at simulation time 179.500,000,000 s)
2024-06-04 00:13:07,185 INFO  - Received CAM message from veh_66 (at simulation time 179.500,400,000 s)
2024-06-04 00:13:07,185 INFO  - Received CAM message from veh_38 (at simulation time 179.500,900,000 s)
2024-06-04 00:13:07,186 INFO  - Received CAM message from veh_62 (at simulation time 179.501,900,000 s)
2024-06-04 00:13:07,186 INFO  - Atempting to process queue (at simulation time 179.600,000,000 s)
2024-06-04 00:13:07,186 INFO  - Vehicle is inside the detection area. (at simulation time 179.600,000,000 s)
2024-06-04 00:13:07,186 INFO  - Sent Detection message to rsu_0 (at simulation time 179.600,000,000 s)
2024-06-04 00:13:07,186 INFO  - Sent broadcast CAM message to all vehicles (at simulation time 179.600,000,000 s)
2024-06-04 00:13:07,187 INFO  - Received CAM message from veh_38 (at simulation time 179.600,400,000 s)
2024-06-04 00:13:07,187 INFO  - Received CAM message from veh_62 (at simulation time 179.600,900,000 s)
2024-06-04 00:13:07,187 INFO  - Received CAM message from veh_66 (at simulation time 179.601,900,000 s)
2024-06-04 00:13:07,188 INFO  - Atempting to process queue (at simulation time 179.700,000,000 s)
2024-06-04 00:13:07,188 INFO  - Vehicle is inside the detection area. (at simulation time 179.700,000,000 s)
2024-06-04 00:13:07,188 INFO  - Sent Detection message to rsu_0 (at simulation time 179.700,000,000 s)
2024-06-04 00:13:07,188 INFO  - Sent broadcast CAM message to all vehicles (at simulation time 179.700,000,000 s)
2024-06-04 00:13:07,189 INFO  - Received CAM message from veh_66 (at simulation time 179.700,400,000 s)
2024-06-04 00:13:07,189 INFO  - Received CAM message from veh_38 (at simulation time 179.700,400,000 s)
2024-06-04 00:13:07,189 INFO  - Received CAM message from veh_62 (at simulation time 179.701,400,000 s)
2024-06-04 00:13:07,189 INFO  - Atempting to process queue (at simulation time 179.800,000,000 s)
2024-06-04 00:13:07,189 INFO  - Vehicle is inside the detection area. (at simulation time 179.800,000,000 s)
2024-06-04 00:13:07,189 INFO  - Sent Detection message to rsu_0 (at simulation time 179.800,000,000 s)
2024-06-04 00:13:07,189 INFO  - Sent broadcast CAM message to all vehicles (at simulation time 179.800,000,000 s)
2024-06-04 00:13:07,190 INFO  - Received CAM message from veh_66 (at simulation time 179.800,400,000 s)
2024-06-04 00:13:07,190 INFO  - Received CAM message from veh_38 (at simulation time 179.800,400,000 s)
2024-06-04 00:13:07,191 INFO  - Received CAM message from veh_62 (at simulation time 179.801,900,000 s)
2024-06-04 00:13:07,191 INFO  - Atempting to process queue (at simulation time 179.900,000,000 s)
2024-06-04 00:13:07,191 INFO  - Vehicle is inside the detection area. (at simulation time 179.900,000,000 s)
2024-06-04 00:13:07,191 INFO  - Sent Detection message to rsu_0 (at simulation time 179.900,000,000 s)
2024-06-04 00:13:07,191 INFO  - Sent broadcast CAM message to all vehicles (at simulation time 179.900,000,000 s)
2024-06-04 00:13:07,192 INFO  - Received CAM message from veh_62 (at simulation time 179.900,400,000 s)
2024-06-04 00:13:07,192 INFO  - Received CAM message from veh_66 (at simulation time 179.900,900,000 s)
2024-06-04 00:13:07,192 INFO  - Received CAM message from veh_38 (at simulation time 179.901,400,000 s)
2024-06-04 00:13:07,197 INFO  - Atempting to process queue (at simulation time 180.000,000,000 s)
2024-06-04 00:13:07,197 INFO  - Vehicle is inside the detection area. (at simulation time 180.000,000,000 s)
2024-06-04 00:13:07,197 INFO  - Sent Detection message to rsu_0 (at simulation time 180.000,000,000 s)
2024-06-04 00:13:07,197 INFO  - Sent broadcast CAM message to all vehicles (at simulation time 180.000,000,000 s)
2024-06-04 00:13:07,200 INFO  - Received CAM message from veh_66 (at simulation time 180.000,400,000 s)
2024-06-04 00:13:07,200 INFO  - Received CAM message from veh_84 (at simulation time 180.000,900,000 s)
2024-06-04 00:13:07,200 INFO  - Received CAM message from veh_50 (at simulation time 180.000,900,000 s)
2024-06-04 00:13:07,200 INFO  - Received CAM message from veh_38 (at simulation time 180.000,900,000 s)
2024-06-04 00:13:07,200 INFO  - Received CAM message from veh_74 (at simulation time 180.001,400,000 s)
2024-06-04 00:13:07,200 INFO  - Received CAM message from veh_62 (at simulation time 180.001,400,000 s)
2024-06-04 00:13:07,200 INFO  - Received CAM message from veh_54 (at simulation time 180.001,400,000 s)
2024-06-04 00:13:07,200 INFO  - Atempting to process queue (at simulation time 180.100,000,000 s)
2024-06-04 00:13:07,200 INFO  - Vehicle is inside the detection area. (at simulation time 180.100,000,000 s)
2024-06-04 00:13:07,200 INFO  - Sent Detection message to rsu_0 (at simulation time 180.100,000,000 s)
2024-06-04 00:13:07,201 INFO  - Sent broadcast CAM message to all vehicles (at simulation time 180.100,000,000 s)
2024-06-04 00:13:07,201 INFO  - Received CAM message from veh_62 (at simulation time 180.100,400,000 s)
2024-06-04 00:13:07,201 INFO  - Received CAM message from veh_38 (at simulation time 180.100,400,000 s)
2024-06-04 00:13:07,201 INFO  - Received CAM message from veh_84 (at simulation time 180.100,900,000 s)
2024-06-04 00:13:07,202 INFO  - Received CAM message from veh_74 (at simulation time 180.101,900,000 s)
2024-06-04 00:13:07,202 INFO  - Received CAM message from veh_66 (at simulation time 180.102,400,000 s)
2024-06-04 00:13:07,202 INFO  - Received CAM message from veh_54 (at simulation time 180.102,400,000 s)
2024-06-04 00:13:07,202 INFO  - Received CAM message from veh_50 (at simulation time 180.102,400,000 s)
2024-06-04 00:13:07,202 INFO  - Atempting to process queue (at simulation time 180.200,000,000 s)
2024-06-04 00:13:07,202 INFO  - Vehicle is inside the detection area. (at simulation time 180.200,000,000 s)
2024-06-04 00:13:07,202 INFO  - Sent Detection message to rsu_0 (at simulation time 180.200,000,000 s)
2024-06-04 00:13:07,202 INFO  - Sent broadcast CAM message to all vehicles (at simulation time 180.200,000,000 s)
2024-06-04 00:13:07,203 INFO  - Received CAM message from veh_54 (at simulation time 180.200,400,000 s)
2024-06-04 00:13:07,203 INFO  - Received CAM message from veh_38 (at simulation time 180.200,400,000 s)
2024-06-04 00:13:07,203 INFO  - Received CAM message from veh_62 (at simulation time 180.200,900,000 s)
2024-06-04 00:13:07,203 INFO  - Received CAM message from veh_50 (at simulation time 180.200,900,000 s)
2024-06-04 00:13:07,204 INFO  - Received CAM message from veh_66 (at simulation time 180.201,900,000 s)
2024-06-04 00:13:07,204 INFO  - Received CAM message from veh_84 (at simulation time 180.202,400,000 s)
2024-06-04 00:13:07,204 INFO  - Received CAM message from veh_74 (at simulation time 180.202,400,000 s)
2024-06-04 00:13:07,204 INFO  - Atempting to process queue (at simulation time 180.300,000,000 s)
2024-06-04 00:13:07,204 INFO  - Vehicle is inside the detection area. (at simulation time 180.300,000,000 s)
2024-06-04 00:13:07,204 INFO  - Sent Detection message to rsu_0 (at simulation time 180.300,000,000 s)
2024-06-04 00:13:07,204 INFO  - Sent broadcast CAM message to all vehicles (at simulation time 180.300,000,000 s)
2024-06-04 00:13:07,205 INFO  - Received CAM message from veh_62 (at simulation time 180.300,400,000 s)
2024-06-04 00:13:07,205 INFO  - Received CAM message from veh_38 (at simulation time 180.300,400,000 s)
2024-06-04 00:13:07,205 INFO  - Received CAM message from veh_84 (at simulation time 180.300,900,000 s)
2024-06-04 00:13:07,205 INFO  - Received CAM message from veh_54 (at simulation time 180.301,900,000 s)
2024-06-04 00:13:07,205 INFO  - Received CAM message from veh_74 (at simulation time 180.302,400,000 s)
2024-06-04 00:13:07,206 INFO  - Received CAM message from veh_66 (at simulation time 180.302,400,000 s)
2024-06-04 00:13:07,206 INFO  - Received CAM message from veh_50 (at simulation time 180.302,400,000 s)
2024-06-04 00:13:07,206 INFO  - Atempting to process queue (at simulation time 180.400,000,000 s)
2024-06-04 00:13:07,206 INFO  - Vehicle is inside the detection area. (at simulation time 180.400,000,000 s)
2024-06-04 00:13:07,206 INFO  - Sent Detection message to rsu_0 (at simulation time 180.400,000,000 s)
2024-06-04 00:13:07,206 INFO  - Sent broadcast CAM message to all vehicles (at simulation time 180.400,000,000 s)
2024-06-04 00:13:07,206 INFO  - Received CAM message from veh_66 (at simulation time 180.400,400,000 s)
2024-06-04 00:13:07,207 INFO  - Received CAM message from veh_74 (at simulation time 180.400,900,000 s)
2024-06-04 00:13:07,207 INFO  - Received CAM message from veh_62 (at simulation time 180.400,900,000 s)
2024-06-04 00:13:07,207 INFO  - Received CAM message from veh_54 (at simulation time 180.401,400,000 s)
2024-06-04 00:13:07,207 INFO  - Received CAM message from veh_84 (at simulation time 180.401,900,000 s)
2024-06-04 00:13:07,207 INFO  - Received CAM message from veh_50 (at simulation time 180.401,900,000 s)
2024-06-04 00:13:07,207 INFO  - Received CAM message from veh_38 (at simulation time 180.401,900,000 s)
2024-06-04 00:13:07,207 INFO  - Atempting to process queue (at simulation time 180.500,000,000 s)
2024-06-04 00:13:07,207 INFO  - Vehicle is inside the detection area. (at simulation time 180.500,000,000 s)
2024-06-04 00:13:07,207 INFO  - Sent Detection message to rsu_0 (at simulation time 180.500,000,000 s)
2024-06-04 00:13:07,207 INFO  - Sent broadcast CAM message to all vehicles (at simulation time 180.500,000,000 s)
2024-06-04 00:13:07,208 INFO  - Received CAM message from veh_74 (at simulation time 180.500,400,000 s)
2024-06-04 00:13:07,208 INFO  - Received CAM message from veh_54 (at simulation time 180.500,400,000 s)
2024-06-04 00:13:07,208 INFO  - Received CAM message from veh_50 (at simulation time 180.500,900,000 s)
2024-06-04 00:13:07,208 INFO  - Received CAM message from veh_84 (at simulation time 180.501,400,000 s)
2024-06-04 00:13:07,208 INFO  - Received CAM message from veh_62 (at simulation time 180.501,900,000 s)
2024-06-04 00:13:07,208 INFO  - Received CAM message from veh_66 (at simulation time 180.502,400,000 s)
2024-06-04 00:13:07,209 INFO  - Received CAM message from veh_38 (at simulation time 180.502,400,000 s)
2024-06-04 00:13:07,209 INFO  - Atempting to process queue (at simulation time 180.600,000,000 s)
2024-06-04 00:13:07,209 INFO  - Vehicle is inside the detection area. (at simulation time 180.600,000,000 s)
2024-06-04 00:13:07,209 INFO  - Sent Detection message to rsu_0 (at simulation time 180.600,000,000 s)
2024-06-04 00:13:07,209 INFO  - Sent broadcast CAM message to all vehicles (at simulation time 180.600,000,000 s)
2024-06-04 00:13:07,209 INFO  - Received CAM message from veh_66 (at simulation time 180.600,400,000 s)
2024-06-04 00:13:07,209 INFO  - Received CAM message from veh_62 (at simulation time 180.600,400,000 s)
2024-06-04 00:13:07,209 INFO  - Received CAM message from veh_50 (at simulation time 180.600,400,000 s)
2024-06-04 00:13:07,209 INFO  - Received CAM message from veh_38 (at simulation time 180.600,400,000 s)
2024-06-04 00:13:07,209 INFO  - Received CAM message from veh_74 (at simulation time 180.600,900,000 s)
2024-06-04 00:13:07,210 INFO  - Received CAM message from veh_54 (at simulation time 180.601,400,000 s)
2024-06-04 00:13:07,210 INFO  - Received CAM message from veh_84 (at simulation time 180.601,900,000 s)
2024-06-04 00:13:07,210 INFO  - Atempting to process queue (at simulation time 180.700,000,000 s)
2024-06-04 00:13:07,210 INFO  - Vehicle is inside the detection area. (at simulation time 180.700,000,000 s)
2024-06-04 00:13:07,210 INFO  - Sent Detection message to rsu_0 (at simulation time 180.700,000,000 s)
2024-06-04 00:13:07,210 INFO  - Sent broadcast CAM message to all vehicles (at simulation time 180.700,000,000 s)
2024-06-04 00:13:07,211 INFO  - Received CAM message from veh_74 (at simulation time 180.700,900,000 s)
2024-06-04 00:13:07,211 INFO  - Received CAM message from veh_66 (at simulation time 180.700,900,000 s)
2024-06-04 00:13:07,211 INFO  - Received CAM message from veh_84 (at simulation time 180.701,400,000 s)
2024-06-04 00:13:07,211 INFO  - Received CAM message from veh_62 (at simulation time 180.701,400,000 s)
2024-06-04 00:13:07,211 INFO  - Received CAM message from veh_50 (at simulation time 180.701,400,000 s)
2024-06-04 00:13:07,212 INFO  - Received CAM message from veh_54 (at simulation time 180.702,400,000 s)
2024-06-04 00:13:07,212 INFO  - Received CAM message from veh_38 (at simulation time 180.702,400,000 s)
2024-06-04 00:13:07,212 INFO  - Atempting to process queue (at simulation time 180.800,000,000 s)
2024-06-04 00:13:07,212 INFO  - Vehicle is inside the detection area. (at simulation time 180.800,000,000 s)
2024-06-04 00:13:07,212 INFO  - Sent Detection message to rsu_0 (at simulation time 180.800,000,000 s)
2024-06-04 00:13:07,212 INFO  - Sent broadcast CAM message to all vehicles (at simulation time 180.800,000,000 s)
2024-06-04 00:13:07,212 INFO  - Received CAM message from veh_84 (at simulation time 180.800,400,000 s)
2024-06-04 00:13:07,212 INFO  - Received CAM message from veh_66 (at simulation time 180.800,400,000 s)
2024-06-04 00:13:07,212 INFO  - Received CAM message from veh_54 (at simulation time 180.800,400,000 s)
2024-06-04 00:13:07,213 INFO  - Received CAM message from veh_62 (at simulation time 180.801,900,000 s)
2024-06-04 00:13:07,213 INFO  - Received CAM message from veh_74 (at simulation time 180.802,400,000 s)
2024-06-04 00:13:07,214 INFO  - Received CAM message from veh_50 (at simulation time 180.802,400,000 s)
2024-06-04 00:13:07,214 INFO  - Received CAM message from veh_38 (at simulation time 180.802,400,000 s)
2024-06-04 00:13:07,214 INFO  - Atempting to process queue (at simulation time 180.900,000,000 s)
2024-06-04 00:13:07,214 INFO  - Vehicle is inside the detection area. (at simulation time 180.900,000,000 s)
2024-06-04 00:13:07,214 INFO  - Sent Detection message to rsu_0 (at simulation time 180.900,000,000 s)
2024-06-04 00:13:07,214 INFO  - Sent broadcast CAM message to all vehicles (at simulation time 180.900,000,000 s)
2024-06-04 00:13:07,214 INFO  - Received CAM message from veh_50 (at simulation time 180.900,400,000 s)
2024-06-04 00:13:07,215 INFO  - Received CAM message from veh_66 (at simulation time 180.900,900,000 s)
2024-06-04 00:13:07,215 INFO  - Received CAM message from veh_54 (at simulation time 180.900,900,000 s)
2024-06-04 00:13:07,215 INFO  - Received CAM message from veh_62 (at simulation time 180.901,400,000 s)
2024-06-04 00:13:07,215 INFO  - Received CAM message from veh_84 (at simulation time 180.902,400,000 s)
2024-06-04 00:13:07,215 INFO  - Received CAM message from veh_74 (at simulation time 180.902,400,000 s)
2024-06-04 00:13:07,215 INFO  - Received CAM message from veh_38 (at simulation time 180.902,400,000 s)
2024-06-04 00:13:07,222 INFO  - Atempting to process queue (at simulation time 181.000,000,000 s)
2024-06-04 00:13:07,222 INFO  - Vehicle is outside the detection area. (at simulation time 181.000,000,000 s)
2024-06-04 00:13:07,222 INFO  - Sent broadcast CAM message to all vehicles (at simulation time 181.000,000,000 s)
2024-06-04 00:13:07,223 INFO  - Received CAM message from veh_74 (at simulation time 181.000,400,000 s)
2024-06-04 00:13:07,224 INFO  - Received CAM message from veh_50 (at simulation time 181.000,900,000 s)
2024-06-04 00:13:07,224 INFO  - Received CAM message from veh_84 (at simulation time 181.001,400,000 s)
2024-06-04 00:13:07,224 INFO  - Received CAM message from veh_62 (at simulation time 181.001,400,000 s)
2024-06-04 00:13:07,224 INFO  - Received CAM message from veh_66 (at simulation time 181.001,900,000 s)
2024-06-04 00:13:07,224 INFO  - Received CAM message from veh_54 (at simulation time 181.001,900,000 s)
2024-06-04 00:13:07,224 INFO  - Received CAM message from veh_38 (at simulation time 181.001,900,000 s)
2024-06-04 00:13:07,224 INFO  - Atempting to process queue (at simulation time 181.100,000,000 s)
2024-06-04 00:13:07,224 INFO  - Vehicle is outside the detection area. (at simulation time 181.100,000,000 s)
2024-06-04 00:13:07,224 INFO  - Sent broadcast CAM message to all vehicles (at simulation time 181.100,000,000 s)
2024-06-04 00:13:07,225 INFO  - Received CAM message from veh_74 (at simulation time 181.100,400,000 s)
2024-06-04 00:13:07,225 INFO  - Received CAM message from veh_66 (at simulation time 181.100,400,000 s)
2024-06-04 00:13:07,225 INFO  - Received CAM message from veh_38 (at simulation time 181.100,900,000 s)
2024-06-04 00:13:07,225 INFO  - Received CAM message from veh_62 (at simulation time 181.101,900,000 s)
2024-06-04 00:13:07,226 INFO  - Received CAM message from veh_54 (at simulation time 181.101,900,000 s)
2024-06-04 00:13:07,226 INFO  - Received CAM message from veh_84 (at simulation time 181.102,400,000 s)
2024-06-04 00:13:07,226 INFO  - Received CAM message from veh_50 (at simulation time 181.102,400,000 s)
2024-06-04 00:13:07,226 INFO  - Atempting to process queue (at simulation time 181.200,000,000 s)
2024-06-04 00:13:07,226 INFO  - Vehicle is outside the detection area. (at simulation time 181.200,000,000 s)
2024-06-04 00:13:07,226 INFO  - Sent broadcast CAM message to all vehicles (at simulation time 181.200,000,000 s)
2024-06-04 00:13:07,227 INFO  - Received CAM message from veh_74 (at simulation time 181.200,400,000 s)
2024-06-04 00:13:07,227 INFO  - Received CAM message from veh_62 (at simulation time 181.200,400,000 s)
2024-06-04 00:13:07,227 INFO  - Received CAM message from veh_66 (at simulation time 181.200,900,000 s)
2024-06-04 00:13:07,227 INFO  - Received CAM message from veh_50 (at simulation time 181.200,900,000 s)
2024-06-04 00:13:07,227 INFO  - Received CAM message from veh_38 (at simulation time 181.200,900,000 s)
2024-06-04 00:13:07,227 INFO  - Received CAM message from veh_54 (at simulation time 181.201,400,000 s)
2024-06-04 00:13:07,227 INFO  - Received CAM message from veh_84 (at simulation time 181.202,400,000 s)
2024-06-04 00:13:07,227 INFO  - Atempting to process queue (at simulation time 181.300,000,000 s)
2024-06-04 00:13:07,227 INFO  - Vehicle is outside the detection area. (at simulation time 181.300,000,000 s)
2024-06-04 00:13:07,227 INFO  - Sent broadcast CAM message to all vehicles (at simulation time 181.300,000,000 s)
2024-06-04 00:13:07,228 INFO  - Received CAM message from veh_84 (at simulation time 181.301,400,000 s)
2024-06-04 00:13:07,228 INFO  - Received CAM message from veh_66 (at simulation time 181.301,400,000 s)
2024-06-04 00:13:07,228 INFO  - Received CAM message from veh_62 (at simulation time 181.301,400,000 s)
2024-06-04 00:13:07,228 INFO  - Received CAM message from veh_54 (at simulation time 181.301,400,000 s)
2024-06-04 00:13:07,228 INFO  - Received CAM message from veh_38 (at simulation time 181.301,400,000 s)
2024-06-04 00:13:07,229 INFO  - Received CAM message from veh_74 (at simulation time 181.302,400,000 s)
2024-06-04 00:13:07,229 INFO  - Received CAM message from veh_50 (at simulation time 181.302,400,000 s)
2024-06-04 00:13:07,229 INFO  - Atempting to process queue (at simulation time 181.400,000,000 s)
2024-06-04 00:13:07,229 INFO  - Vehicle is outside the detection area. (at simulation time 181.400,000,000 s)
2024-06-04 00:13:07,229 INFO  - Sent broadcast CAM message to all vehicles (at simulation time 181.400,000,000 s)
2024-06-04 00:13:07,229 INFO  - Received CAM message from veh_54 (at simulation time 181.400,400,000 s)
2024-06-04 00:13:07,230 INFO  - Received CAM message from veh_38 (at simulation time 181.400,900,000 s)
2024-06-04 00:13:07,230 INFO  - Received CAM message from veh_74 (at simulation time 181.401,400,000 s)
2024-06-04 00:13:07,230 INFO  - Received CAM message from veh_50 (at simulation time 181.401,400,000 s)
2024-06-04 00:13:07,230 INFO  - Received CAM message from veh_84 (at simulation time 181.401,900,000 s)
2024-06-04 00:13:07,230 INFO  - Received CAM message from veh_66 (at simulation time 181.401,900,000 s)
2024-06-04 00:13:07,230 INFO  - Received CAM message from veh_62 (at simulation time 181.401,900,000 s)
2024-06-04 00:13:07,230 INFO  - Atempting to process queue (at simulation time 181.500,000,000 s)
2024-06-04 00:13:07,230 INFO  - Vehicle is outside the detection area. (at simulation time 181.500,000,000 s)
2024-06-04 00:13:07,230 INFO  - Sent broadcast CAM message to all vehicles (at simulation time 181.500,000,000 s)
2024-06-04 00:13:07,231 INFO  - Received CAM message from veh_38 (at simulation time 181.500,400,000 s)
2024-06-04 00:13:07,231 INFO  - Received CAM message from veh_74 (at simulation time 181.500,900,000 s)
2024-06-04 00:13:07,231 INFO  - Received CAM message from veh_50 (at simulation time 181.500,900,000 s)
2024-06-04 00:13:07,232 INFO  - Received CAM message from veh_66 (at simulation time 181.501,900,000 s)
2024-06-04 00:13:07,232 INFO  - Received CAM message from veh_84 (at simulation time 181.502,400,000 s)
2024-06-04 00:13:07,232 INFO  - Received CAM message from veh_62 (at simulation time 181.502,400,000 s)
2024-06-04 00:13:07,232 INFO  - Received CAM message from veh_54 (at simulation time 181.502,400,000 s)
2024-06-04 00:13:07,232 INFO  - Atempting to process queue (at simulation time 181.600,000,000 s)
2024-06-04 00:13:07,232 INFO  - Vehicle is outside the detection area. (at simulation time 181.600,000,000 s)
2024-06-04 00:13:07,232 INFO  - Sent broadcast CAM message to all vehicles (at simulation time 181.600,000,000 s)
2024-06-04 00:13:07,233 INFO  - Received CAM message from veh_74 (at simulation time 181.600,400,000 s)
2024-06-04 00:13:07,233 INFO  - Received CAM message from veh_66 (at simulation time 181.600,400,000 s)
2024-06-04 00:13:07,233 INFO  - Received CAM message from veh_38 (at simulation time 181.600,400,000 s)
2024-06-04 00:13:07,233 INFO  - Received CAM message from veh_50 (at simulation time 181.601,400,000 s)
2024-06-04 00:13:07,233 INFO  - Received CAM message from veh_84 (at simulation time 181.602,400,000 s)
2024-06-04 00:13:07,233 INFO  - Received CAM message from veh_62 (at simulation time 181.602,400,000 s)
2024-06-04 00:13:07,233 INFO  - Received CAM message from veh_54 (at simulation time 181.602,400,000 s)
2024-06-04 00:13:07,233 INFO  - Atempting to process queue (at simulation time 181.700,000,000 s)
2024-06-04 00:13:07,233 INFO  - Vehicle is outside the detection area. (at simulation time 181.700,000,000 s)
2024-06-04 00:13:07,233 INFO  - Sent broadcast CAM message to all vehicles (at simulation time 181.700,000,000 s)
2024-06-04 00:13:07,234 INFO  - Received CAM message from veh_38 (at simulation time 181.700,400,000 s)
2024-06-04 00:13:07,234 INFO  - Received CAM message from veh_84 (at simulation time 181.700,900,000 s)
2024-06-04 00:13:07,234 INFO  - Received CAM message from veh_74 (at simulation time 181.700,900,000 s)
2024-06-04 00:13:07,234 INFO  - Received CAM message from veh_66 (at simulation time 181.700,900,000 s)
2024-06-04 00:13:07,234 INFO  - Received CAM message from veh_54 (at simulation time 181.700,900,000 s)
2024-06-04 00:13:07,235 INFO  - Received CAM message from veh_50 (at simulation time 181.701,400,000 s)
2024-06-04 00:13:07,235 INFO  - Received CAM message from veh_62 (at simulation time 181.702,400,000 s)
2024-06-04 00:13:07,235 INFO  - Atempting to process queue (at simulation time 181.800,000,000 s)
2024-06-04 00:13:07,235 INFO  - Vehicle is outside the detection area. (at simulation time 181.800,000,000 s)
2024-06-04 00:13:07,235 INFO  - Sent broadcast CAM message to all vehicles (at simulation time 181.800,000,000 s)
2024-06-04 00:13:07,237 INFO  - Received Control message from rsu_0 to veh_36 (at simulation time 181.800,400,000 s)
2024-06-04 00:13:07,237 INFO  - Forwarded Control message to veh_74 (at simulation time 181.800,400,000 s)
2024-06-04 00:13:07,237 INFO  - Received Control message from rsu_0 to veh_52 (at simulation time 181.800,400,000 s)
2024-06-04 00:13:07,237 INFO  - Forwarded Control message to veh_74 (at simulation time 181.800,400,000 s)
2024-06-04 00:13:07,237 INFO  - Received Control message from rsu_0 to veh_72 (at simulation time 181.800,400,000 s)
2024-06-04 00:13:07,237 INFO  - Forwarded Control message to veh_74 (at simulation time 181.800,400,000 s)
2024-06-04 00:13:07,237 INFO  - Received Control message from rsu_0 to veh_32 (at simulation time 181.800,400,000 s)
2024-06-04 00:13:07,237 INFO  - Forwarded Control message to veh_74 (at simulation time 181.800,400,000 s)
2024-06-04 00:13:07,237 INFO  - Received Control message from rsu_0 to veh_76 (at simulation time 181.800,400,000 s)
2024-06-04 00:13:07,237 INFO  - Forwarded Control message to veh_74 (at simulation time 181.800,400,000 s)
2024-06-04 00:13:07,237 INFO  - Received Control message from rsu_0 to veh_4 (at simulation time 181.800,400,000 s)
2024-06-04 00:13:07,237 INFO  - Forwarded Control message to veh_74 (at simulation time 181.800,400,000 s)
2024-06-04 00:13:07,237 INFO  - Received Control message from rsu_0 to veh_92 (at simulation time 181.800,400,000 s)
2024-06-04 00:13:07,237 INFO  - Forwarded Control message to veh_74 (at simulation time 181.800,400,000 s)
2024-06-04 00:13:07,237 INFO  - Received Control message from rsu_0 to veh_89 (at simulation time 181.800,400,000 s)
2024-06-04 00:13:07,237 INFO  - Forwarded Control message to veh_74 (at simulation time 181.800,400,000 s)
2024-06-04 00:13:07,237 INFO  - Received Control message from rsu_0 to veh_64 (at simulation time 181.800,400,000 s)
2024-06-04 00:13:07,237 INFO  - Forwarded Control message to veh_74 (at simulation time 181.800,400,000 s)
2024-06-04 00:13:07,239 INFO  - Received CAM message from veh_62 (at simulation time 181.800,900,000 s)
2024-06-04 00:13:07,239 INFO  - Received CAM message from veh_38 (at simulation time 181.800,900,000 s)
2024-06-04 00:13:07,239 INFO  - Received Control message from rsu_0 to veh_56 (at simulation time 181.800,900,000 s)
2024-06-04 00:13:07,239 INFO  - Forwarded Control message to veh_74 (at simulation time 181.800,900,000 s)
2024-06-04 00:13:07,239 INFO  - Received Control message from rsu_0 to veh_98 (at simulation time 181.800,900,000 s)
2024-06-04 00:13:07,239 INFO  - Forwarded Control message to veh_74 (at simulation time 181.800,900,000 s)
2024-06-04 00:13:07,239 INFO  - Received Control message from rsu_0 to veh_24 (at simulation time 181.800,900,000 s)
2024-06-04 00:13:07,239 INFO  - Forwarded Control message to veh_74 (at simulation time 181.800,900,000 s)
2024-06-04 00:13:07,239 INFO  - Received Control message from rsu_0 to veh_28 (at simulation time 181.800,900,000 s)
2024-06-04 00:13:07,239 INFO  - Forwarded Control message to veh_74 (at simulation time 181.800,900,000 s)
2024-06-04 00:13:07,240 INFO  - Received Control message from rsu_0 to veh_107 (at simulation time 181.801,400,000 s)
2024-06-04 00:13:07,240 INFO  - Current route: 1, lane: 0 (at simulation time 181.801,400,000 s)
2024-06-04 00:13:07,240 INFO  - Vehicle position: GeoPoint{lat=40.743475,lon=-73.988376,alt=0.00} (at simulation time 181.801,400,000 s)
2024-06-04 00:13:07,240 INFO  - Received Control message from rsu_0 to veh_16 (at simulation time 181.801,400,000 s)
2024-06-04 00:13:07,240 INFO  - Forwarded Control message to veh_74 (at simulation time 181.801,400,000 s)
2024-06-04 00:13:07,240 INFO  - Received Control message from rsu_0 to veh_95 (at simulation time 181.801,400,000 s)
2024-06-04 00:13:07,240 INFO  - Forwarded Control message to veh_74 (at simulation time 181.801,400,000 s)
2024-06-04 00:13:07,240 INFO  - Received Control message from rsu_0 to veh_48 (at simulation time 181.801,400,000 s)
2024-06-04 00:13:07,240 INFO  - Forwarded Control message to veh_74 (at simulation time 181.801,400,000 s)
2024-06-04 00:13:07,240 INFO  - Received Control message from rsu_0 to veh_83 (at simulation time 181.801,400,000 s)
2024-06-04 00:13:07,240 INFO  - Forwarded Control message to veh_74 (at simulation time 181.801,400,000 s)
2024-06-04 00:13:07,240 INFO  - Received Control message from rsu_0 to veh_8 (at simulation time 181.801,400,000 s)
2024-06-04 00:13:07,240 INFO  - Forwarded Control message to veh_74 (at simulation time 181.801,400,000 s)
2024-06-04 00:13:07,241 INFO  - Received CAM message from veh_74 (at simulation time 181.801,900,000 s)
2024-06-04 00:13:07,241 INFO  - Received CAM message from veh_66 (at simulation time 181.801,900,000 s)
2024-06-04 00:13:07,241 INFO  - Received Control message from rsu_0 to veh_68 (at simulation time 181.801,900,000 s)
2024-06-04 00:13:07,241 INFO  - Forwarded Control message to veh_74 (at simulation time 181.801,900,000 s)
2024-06-04 00:13:07,241 INFO  - Received Control message from rsu_0 to veh_44 (at simulation time 181.801,900,000 s)
2024-06-04 00:13:07,241 INFO  - Forwarded Control message to veh_74 (at simulation time 181.801,900,000 s)
2024-06-04 00:13:07,242 INFO  - Received CAM message from veh_84 (at simulation time 181.802,400,000 s)
2024-06-04 00:13:07,242 INFO  - Received CAM message from veh_54 (at simulation time 181.802,400,000 s)
2024-06-04 00:13:07,242 INFO  - Received CAM message from veh_50 (at simulation time 181.802,400,000 s)
2024-06-04 00:13:07,242 INFO  - Received Control message from rsu_0 to veh_80 (at simulation time 181.802,400,000 s)
2024-06-04 00:13:07,242 INFO  - Forwarded Control message to veh_74 (at simulation time 181.802,400,000 s)
2024-06-04 00:13:07,242 INFO  - Received Control message from rsu_0 to veh_104 (at simulation time 181.802,400,000 s)
2024-06-04 00:13:07,242 INFO  - Forwarded Control message to veh_74 (at simulation time 181.802,400,000 s)
2024-06-04 00:13:07,242 INFO  - Received Control message from rsu_0 to veh_101 (at simulation time 181.802,400,000 s)
2024-06-04 00:13:07,242 INFO  - Forwarded Control message to veh_74 (at simulation time 181.802,400,000 s)
2024-06-04 00:13:07,242 INFO  - Received Control message from rsu_0 to veh_12 (at simulation time 181.802,400,000 s)
2024-06-04 00:13:07,242 INFO  - Forwarded Control message to veh_74 (at simulation time 181.802,400,000 s)
2024-06-04 00:13:07,242 INFO  - Received Control message from rsu_0 to veh_0 (at simulation time 181.802,400,000 s)
2024-06-04 00:13:07,242 INFO  - Forwarded Control message to veh_74 (at simulation time 181.802,400,000 s)
2024-06-04 00:13:07,242 INFO  - Received Control message from rsu_0 to veh_40 (at simulation time 181.802,400,000 s)
2024-06-04 00:13:07,242 INFO  - Forwarded Control message to veh_74 (at simulation time 181.802,400,000 s)
2024-06-04 00:13:07,242 INFO  - Received Control message from rsu_0 to veh_60 (at simulation time 181.802,400,000 s)
2024-06-04 00:13:07,242 INFO  - Forwarded Control message to veh_74 (at simulation time 181.802,400,000 s)
2024-06-04 00:13:07,242 INFO  - Received Control message from rsu_0 to veh_20 (at simulation time 181.802,400,000 s)
2024-06-04 00:13:07,242 INFO  - Forwarded Control message to veh_74 (at simulation time 181.802,400,000 s)
2024-06-04 00:13:07,242 INFO  - Received Control message from rsu_0 to veh_86 (at simulation time 181.802,400,000 s)
2024-06-04 00:13:07,242 INFO  - Forwarded Control message to veh_74 (at simulation time 181.802,400,000 s)
2024-06-04 00:13:07,254 INFO  - Atempting to process queue (at simulation time 181.900,000,000 s)
2024-06-04 00:13:07,254 INFO  - Vehicle is outside the detection area. (at simulation time 181.900,000,000 s)
2024-06-04 00:13:07,254 INFO  - Sent broadcast CAM message to all vehicles (at simulation time 181.900,000,000 s)
2024-06-04 00:13:07,255 INFO  - Received CAM message from veh_50 (at simulation time 181.900,400,000 s)
2024-06-04 00:13:07,255 INFO  - Received CAM message from veh_38 (at simulation time 181.900,400,000 s)
2024-06-04 00:13:07,255 INFO  - Received CAM message from veh_62 (at simulation time 181.900,900,000 s)
2024-06-04 00:13:07,256 INFO  - Received CAM message from veh_66 (at simulation time 181.901,400,000 s)
2024-06-04 00:13:07,256 INFO  - Received CAM message from veh_54 (at simulation time 181.901,400,000 s)
2024-06-04 00:13:07,256 INFO  - Received CAM message from veh_74 (at simulation time 181.901,900,000 s)
2024-06-04 00:13:07,256 INFO  - Received CAM message from veh_84 (at simulation time 181.902,400,000 s)
2024-06-04 00:13:07,260 INFO  - Atempting to process queue (at simulation time 182.000,000,000 s)
2024-06-04 00:13:07,260 INFO  - Vehicle is outside the detection area. (at simulation time 182.000,000,000 s)
2024-06-04 00:13:07,260 INFO  - Sent broadcast CAM message to all vehicles (at simulation time 182.000,000,000 s)
2024-06-04 00:13:07,262 INFO  - Received CAM message from veh_54 (at simulation time 182.000,400,000 s)
2024-06-04 00:13:07,262 INFO  - Received CAM message from veh_84 (at simulation time 182.000,900,000 s)
2024-06-04 00:13:07,262 INFO  - Received CAM message from veh_66 (at simulation time 182.000,900,000 s)
2024-06-04 00:13:07,262 INFO  - Received CAM message from veh_38 (at simulation time 182.001,400,000 s)
2024-06-04 00:13:07,262 INFO  - Received CAM message from veh_50 (at simulation time 182.001,900,000 s)
2024-06-04 00:13:07,263 INFO  - Received CAM message from veh_62 (at simulation time 182.002,400,000 s)
2024-06-04 00:13:07,263 INFO  - Atempting to process queue (at simulation time 182.100,000,000 s)
2024-06-04 00:13:07,263 INFO  - Vehicle is outside the detection area. (at simulation time 182.100,000,000 s)
2024-06-04 00:13:07,263 INFO  - Sent broadcast CAM message to all vehicles (at simulation time 182.100,000,000 s)
2024-06-04 00:13:07,264 INFO  - Received CAM message from veh_38 (at simulation time 182.100,900,000 s)
2024-06-04 00:13:07,264 INFO  - Received CAM message from veh_66 (at simulation time 182.101,400,000 s)
2024-06-04 00:13:07,264 INFO  - Received CAM message from veh_62 (at simulation time 182.101,900,000 s)
2024-06-04 00:13:07,264 INFO  - Received CAM message from veh_84 (at simulation time 182.102,400,000 s)
2024-06-04 00:13:07,264 INFO  - Received CAM message from veh_54 (at simulation time 182.102,400,000 s)
2024-06-04 00:13:07,264 INFO  - Received CAM message from veh_50 (at simulation time 182.102,400,000 s)
2024-06-04 00:13:07,264 INFO  - Atempting to process queue (at simulation time 182.200,000,000 s)
2024-06-04 00:13:07,264 INFO  - Vehicle is outside the detection area. (at simulation time 182.200,000,000 s)
2024-06-04 00:13:07,264 INFO  - Sent broadcast CAM message to all vehicles (at simulation time 182.200,000,000 s)
2024-06-04 00:13:07,266 INFO  - Received CAM message from veh_84 (at simulation time 182.200,900,000 s)
2024-06-04 00:13:07,266 INFO  - Received CAM message from veh_66 (at simulation time 182.200,900,000 s)
2024-06-04 00:13:07,266 INFO  - Received CAM message from veh_62 (at simulation time 182.200,900,000 s)
2024-06-04 00:13:07,266 INFO  - Received CAM message from veh_50 (at simulation time 182.200,900,000 s)
2024-06-04 00:13:07,266 INFO  - Received CAM message from veh_54 (at simulation time 182.201,400,000 s)
2024-06-04 00:13:07,266 INFO  - Received CAM message from veh_38 (at simulation time 182.201,400,000 s)
2024-06-04 00:13:07,267 INFO  - Atempting to process queue (at simulation time 182.300,000,000 s)
2024-06-04 00:13:07,267 INFO  - Vehicle is outside the detection area. (at simulation time 182.300,000,000 s)
2024-06-04 00:13:07,267 INFO  - Sent broadcast CAM message to all vehicles (at simulation time 182.300,000,000 s)
2024-06-04 00:13:07,268 INFO  - Received CAM message from veh_84 (at simulation time 182.301,400,000 s)
2024-06-04 00:13:07,268 INFO  - Received CAM message from veh_54 (at simulation time 182.301,400,000 s)
2024-06-04 00:13:07,268 INFO  - Received CAM message from veh_66 (at simulation time 182.301,900,000 s)
2024-06-04 00:13:07,268 INFO  - Received CAM message from veh_62 (at simulation time 182.301,900,000 s)
2024-06-04 00:13:07,268 INFO  - Received CAM message from veh_50 (at simulation time 182.301,900,000 s)
2024-06-04 00:13:07,268 INFO  - Received CAM message from veh_38 (at simulation time 182.302,400,000 s)
2024-06-04 00:13:07,268 INFO  - Atempting to process queue (at simulation time 182.400,000,000 s)
2024-06-04 00:13:07,268 INFO  - Vehicle is outside the detection area. (at simulation time 182.400,000,000 s)
2024-06-04 00:13:07,268 INFO  - Sent broadcast CAM message to all vehicles (at simulation time 182.400,000,000 s)
2024-06-04 00:13:07,269 INFO  - Received CAM message from veh_38 (at simulation time 182.400,400,000 s)
2024-06-04 00:13:07,269 INFO  - Received CAM message from veh_84 (at simulation time 182.400,900,000 s)
2024-06-04 00:13:07,270 INFO  - Received CAM message from veh_66 (at simulation time 182.400,900,000 s)
2024-06-04 00:13:07,270 INFO  - Received CAM message from veh_62 (at simulation time 182.401,400,000 s)
2024-06-04 00:13:07,270 INFO  - Received CAM message from veh_54 (at simulation time 182.401,400,000 s)
2024-06-04 00:13:07,270 INFO  - Received CAM message from veh_50 (at simulation time 182.401,400,000 s)
2024-06-04 00:13:07,270 INFO  - Atempting to process queue (at simulation time 182.500,000,000 s)
2024-06-04 00:13:07,270 INFO  - Vehicle is outside the detection area. (at simulation time 182.500,000,000 s)
2024-06-04 00:13:07,270 INFO  - Sent broadcast CAM message to all vehicles (at simulation time 182.500,000,000 s)
2024-06-04 00:13:07,271 INFO  - Received CAM message from veh_66 (at simulation time 182.500,900,000 s)
2024-06-04 00:13:07,271 INFO  - Received CAM message from veh_38 (at simulation time 182.500,900,000 s)
2024-06-04 00:13:07,271 INFO  - Received CAM message from veh_54 (at simulation time 182.501,400,000 s)
2024-06-04 00:13:07,272 INFO  - Received CAM message from veh_50 (at simulation time 182.501,900,000 s)
2024-06-04 00:13:07,272 INFO  - Received CAM message from veh_84 (at simulation time 182.502,400,000 s)
2024-06-04 00:13:07,272 INFO  - Received CAM message from veh_62 (at simulation time 182.502,400,000 s)
2024-06-04 00:13:07,272 INFO  - Atempting to process queue (at simulation time 182.600,000,000 s)
2024-06-04 00:13:07,272 INFO  - Vehicle is outside the detection area. (at simulation time 182.600,000,000 s)
2024-06-04 00:13:07,272 INFO  - Sent broadcast CAM message to all vehicles (at simulation time 182.600,000,000 s)
2024-06-04 00:13:07,273 INFO  - Received CAM message from veh_62 (at simulation time 182.600,400,000 s)
2024-06-04 00:13:07,273 INFO  - Received CAM message from veh_38 (at simulation time 182.600,400,000 s)
2024-06-04 00:13:07,273 INFO  - Received CAM message from veh_84 (at simulation time 182.600,900,000 s)
2024-06-04 00:13:07,273 INFO  - Received CAM message from veh_54 (at simulation time 182.600,900,000 s)
2024-06-04 00:13:07,273 INFO  - Received CAM message from veh_50 (at simulation time 182.601,400,000 s)
2024-06-04 00:13:07,273 INFO  - Received CAM message from veh_66 (at simulation time 182.601,900,000 s)
2024-06-04 00:13:07,274 INFO  - Atempting to process queue (at simulation time 182.700,000,000 s)
2024-06-04 00:13:07,274 INFO  - Vehicle is outside the detection area. (at simulation time 182.700,000,000 s)
2024-06-04 00:13:07,274 INFO  - Sent broadcast CAM message to all vehicles (at simulation time 182.700,000,000 s)
2024-06-04 00:13:07,275 INFO  - Received CAM message from veh_62 (at simulation time 182.700,900,000 s)
2024-06-04 00:13:07,275 INFO  - Received CAM message from veh_84 (at simulation time 182.702,400,000 s)
2024-06-04 00:13:07,275 INFO  - Received CAM message from veh_66 (at simulation time 182.702,400,000 s)
2024-06-04 00:13:07,275 INFO  - Received CAM message from veh_54 (at simulation time 182.702,400,000 s)
2024-06-04 00:13:07,275 INFO  - Received CAM message from veh_50 (at simulation time 182.702,400,000 s)
2024-06-04 00:13:07,275 INFO  - Received CAM message from veh_38 (at simulation time 182.702,400,000 s)
2024-06-04 00:13:07,275 INFO  - Atempting to process queue (at simulation time 182.800,000,000 s)
2024-06-04 00:13:07,275 INFO  - Vehicle is outside the detection area. (at simulation time 182.800,000,000 s)
2024-06-04 00:13:07,275 INFO  - Sent broadcast CAM message to all vehicles (at simulation time 182.800,000,000 s)
2024-06-04 00:13:07,276 INFO  - Received CAM message from veh_84 (at simulation time 182.800,400,000 s)
2024-06-04 00:13:07,276 INFO  - Received CAM message from veh_38 (at simulation time 182.800,400,000 s)
2024-06-04 00:13:07,276 INFO  - Received CAM message from veh_66 (at simulation time 182.801,400,000 s)
2024-06-04 00:13:07,277 INFO  - Received CAM message from veh_62 (at simulation time 182.801,900,000 s)
2024-06-04 00:13:07,277 INFO  - Received CAM message from veh_54 (at simulation time 182.801,900,000 s)
2024-06-04 00:13:07,277 INFO  - Received CAM message from veh_50 (at simulation time 182.802,400,000 s)
2024-06-04 00:13:07,277 INFO  - Atempting to process queue (at simulation time 182.900,000,000 s)
2024-06-04 00:13:07,277 INFO  - Vehicle is outside the detection area. (at simulation time 182.900,000,000 s)
2024-06-04 00:13:07,277 INFO  - Sent broadcast CAM message to all vehicles (at simulation time 182.900,000,000 s)
2024-06-04 00:13:07,278 INFO  - Received CAM message from veh_38 (at simulation time 182.901,400,000 s)
2024-06-04 00:13:07,278 INFO  - Received CAM message from veh_84 (at simulation time 182.901,900,000 s)
2024-06-04 00:13:07,278 INFO  - Received CAM message from veh_66 (at simulation time 182.901,900,000 s)
2024-06-04 00:13:07,278 INFO  - Received CAM message from veh_62 (at simulation time 182.901,900,000 s)
2024-06-04 00:13:07,278 INFO  - Received CAM message from veh_54 (at simulation time 182.901,900,000 s)
2024-06-04 00:13:07,278 INFO  - Received CAM message from veh_50 (at simulation time 182.902,400,000 s)
2024-06-04 00:13:07,284 INFO  - Atempting to process queue (at simulation time 183.000,000,000 s)
2024-06-04 00:13:07,284 INFO  - Vehicle is outside the detection area. (at simulation time 183.000,000,000 s)
2024-06-04 00:13:07,284 INFO  - Sent broadcast CAM message to all vehicles (at simulation time 183.000,000,000 s)
2024-06-04 00:13:07,286 INFO  - Received CAM message from veh_66 (at simulation time 183.000,900,000 s)
2024-06-04 00:13:07,286 INFO  - Received CAM message from veh_50 (at simulation time 183.000,900,000 s)
2024-06-04 00:13:07,287 INFO  - Received CAM message from veh_38 (at simulation time 183.001,400,000 s)
2024-06-04 00:13:07,287 INFO  - Received CAM message from veh_62 (at simulation time 183.001,900,000 s)
2024-06-04 00:13:07,287 INFO  - Atempting to process queue (at simulation time 183.100,000,000 s)
2024-06-04 00:13:07,287 INFO  - Vehicle is outside the detection area. (at simulation time 183.100,000,000 s)
2024-06-04 00:13:07,287 INFO  - Sent broadcast CAM message to all vehicles (at simulation time 183.100,000,000 s)
2024-06-04 00:13:07,288 INFO  - Received CAM message from veh_66 (at simulation time 183.100,400,000 s)
2024-06-04 00:13:07,288 INFO  - Received CAM message from veh_38 (at simulation time 183.101,400,000 s)
2024-06-04 00:13:07,289 INFO  - Received CAM message from veh_62 (at simulation time 183.101,900,000 s)
2024-06-04 00:13:07,289 INFO  - Received CAM message from veh_50 (at simulation time 183.101,900,000 s)
2024-06-04 00:13:07,289 INFO  - Atempting to process queue (at simulation time 183.200,000,000 s)
2024-06-04 00:13:07,289 INFO  - Vehicle is outside the detection area. (at simulation time 183.200,000,000 s)
2024-06-04 00:13:07,289 INFO  - Sent broadcast CAM message to all vehicles (at simulation time 183.200,000,000 s)
2024-06-04 00:13:07,290 INFO  - Received CAM message from veh_50 (at simulation time 183.200,900,000 s)
2024-06-04 00:13:07,290 INFO  - Received CAM message from veh_66 (at simulation time 183.201,400,000 s)
2024-06-04 00:13:07,290 INFO  - Received CAM message from veh_62 (at simulation time 183.201,400,000 s)
2024-06-04 00:13:07,291 INFO  - Received CAM message from veh_38 (at simulation time 183.202,400,000 s)
2024-06-04 00:13:07,291 INFO  - Atempting to process queue (at simulation time 183.300,000,000 s)
2024-06-04 00:13:07,291 INFO  - Vehicle is outside the detection area. (at simulation time 183.300,000,000 s)
2024-06-04 00:13:07,291 INFO  - Sent broadcast CAM message to all vehicles (at simulation time 183.300,000,000 s)
2024-06-04 00:13:07,292 INFO  - Received CAM message from veh_50 (at simulation time 183.301,400,000 s)
2024-06-04 00:13:07,292 INFO  - Received CAM message from veh_62 (at simulation time 183.301,900,000 s)
2024-06-04 00:13:07,293 INFO  - Received CAM message from veh_66 (at simulation time 183.302,400,000 s)
2024-06-04 00:13:07,293 INFO  - Received CAM message from veh_38 (at simulation time 183.302,400,000 s)
2024-06-04 00:13:07,293 INFO  - Atempting to process queue (at simulation time 183.400,000,000 s)
2024-06-04 00:13:07,293 INFO  - Vehicle is outside the detection area. (at simulation time 183.400,000,000 s)
2024-06-04 00:13:07,293 INFO  - Sent broadcast CAM message to all vehicles (at simulation time 183.400,000,000 s)
2024-06-04 00:13:07,293 INFO  - Received CAM message from veh_66 (at simulation time 183.400,400,000 s)
2024-06-04 00:13:07,294 INFO  - Received CAM message from veh_50 (at simulation time 183.400,400,000 s)
2024-06-04 00:13:07,294 INFO  - Received CAM message from veh_38 (at simulation time 183.400,400,000 s)
2024-06-04 00:13:07,294 INFO  - Received CAM message from veh_62 (at simulation time 183.401,900,000 s)
2024-06-04 00:13:07,294 INFO  - Atempting to process queue (at simulation time 183.500,000,000 s)
2024-06-04 00:13:07,294 INFO  - Vehicle is outside the detection area. (at simulation time 183.500,000,000 s)
2024-06-04 00:13:07,294 INFO  - Sent broadcast CAM message to all vehicles (at simulation time 183.500,000,000 s)
2024-06-04 00:13:07,295 INFO  - Received CAM message from veh_38 (at simulation time 183.500,400,000 s)
2024-06-04 00:13:07,295 INFO  - Received CAM message from veh_50 (at simulation time 183.501,400,000 s)
2024-06-04 00:13:07,296 INFO  - Received CAM message from veh_66 (at simulation time 183.502,400,000 s)
2024-06-04 00:13:07,296 INFO  - Received CAM message from veh_62 (at simulation time 183.502,400,000 s)
2024-06-04 00:13:07,296 INFO  - Atempting to process queue (at simulation time 183.600,000,000 s)
2024-06-04 00:13:07,296 INFO  - Vehicle is outside the detection area. (at simulation time 183.600,000,000 s)
2024-06-04 00:13:07,296 INFO  - Sent broadcast CAM message to all vehicles (at simulation time 183.600,000,000 s)
2024-06-04 00:13:07,297 INFO  - Received CAM message from veh_62 (at simulation time 183.601,400,000 s)
2024-06-04 00:13:07,297 INFO  - Received CAM message from veh_50 (at simulation time 183.601,400,000 s)
2024-06-04 00:13:07,297 INFO  - Received CAM message from veh_38 (at simulation time 183.601,900,000 s)
2024-06-04 00:13:07,297 INFO  - Received CAM message from veh_66 (at simulation time 183.602,400,000 s)
2024-06-04 00:13:07,297 INFO  - Atempting to process queue (at simulation time 183.700,000,000 s)
2024-06-04 00:13:07,297 INFO  - Vehicle is outside the detection area. (at simulation time 183.700,000,000 s)
2024-06-04 00:13:07,297 INFO  - Sent broadcast CAM message to all vehicles (at simulation time 183.700,000,000 s)
2024-06-04 00:13:07,298 INFO  - Received CAM message from veh_62 (at simulation time 183.700,400,000 s)
2024-06-04 00:13:07,298 INFO  - Received CAM message from veh_50 (at simulation time 183.700,400,000 s)
2024-06-04 00:13:07,299 INFO  - Received CAM message from veh_66 (at simulation time 183.702,400,000 s)
2024-06-04 00:13:07,299 INFO  - Received CAM message from veh_38 (at simulation time 183.702,400,000 s)
2024-06-04 00:13:07,299 INFO  - Atempting to process queue (at simulation time 183.800,000,000 s)
2024-06-04 00:13:07,299 INFO  - Vehicle is outside the detection area. (at simulation time 183.800,000,000 s)
2024-06-04 00:13:07,299 INFO  - Sent broadcast CAM message to all vehicles (at simulation time 183.800,000,000 s)
2024-06-04 00:13:07,300 INFO  - Received CAM message from veh_66 (at simulation time 183.800,400,000 s)
2024-06-04 00:13:07,300 INFO  - Received CAM message from veh_62 (at simulation time 183.800,400,000 s)
2024-06-04 00:13:07,300 INFO  - Received CAM message from veh_38 (at simulation time 183.800,900,000 s)
2024-06-04 00:13:07,301 INFO  - Received CAM message from veh_50 (at simulation time 183.801,900,000 s)
2024-06-04 00:13:07,301 INFO  - Atempting to process queue (at simulation time 183.900,000,000 s)
2024-06-04 00:13:07,301 INFO  - Vehicle is outside the detection area. (at simulation time 183.900,000,000 s)
2024-06-04 00:13:07,301 INFO  - Sent broadcast CAM message to all vehicles (at simulation time 183.900,000,000 s)
2024-06-04 00:13:07,302 INFO  - Received CAM message from veh_38 (at simulation time 183.900,400,000 s)
2024-06-04 00:13:07,302 INFO  - Received CAM message from veh_66 (at simulation time 183.901,400,000 s)
2024-06-04 00:13:07,303 INFO  - Received CAM message from veh_62 (at simulation time 183.902,400,000 s)
2024-06-04 00:13:07,303 INFO  - Received CAM message from veh_50 (at simulation time 183.902,400,000 s)
2024-06-04 00:13:07,306 INFO  - Atempting to process queue (at simulation time 184.000,000,000 s)
2024-06-04 00:13:07,306 INFO  - Vehicle is outside the detection area. (at simulation time 184.000,000,000 s)
2024-06-04 00:13:07,306 INFO  - Sent broadcast CAM message to all vehicles (at simulation time 184.000,000,000 s)
2024-06-04 00:13:07,307 INFO  - Received CAM message from veh_66 (at simulation time 184.000,400,000 s)
2024-06-04 00:13:07,307 INFO  - Received CAM message from veh_62 (at simulation time 184.000,900,000 s)
2024-06-04 00:13:07,307 INFO  - Received CAM message from veh_38 (at simulation time 184.000,900,000 s)
2024-06-04 00:13:07,308 INFO  - Atempting to process queue (at simulation time 184.100,000,000 s)
2024-06-04 00:13:07,308 INFO  - Vehicle is outside the detection area. (at simulation time 184.100,000,000 s)
2024-06-04 00:13:07,308 INFO  - Sent broadcast CAM message to all vehicles (at simulation time 184.100,000,000 s)
2024-06-04 00:13:07,309 INFO  - Received CAM message from veh_62 (at simulation time 184.100,900,000 s)
2024-06-04 00:13:07,309 INFO  - Received CAM message from veh_38 (at simulation time 184.100,900,000 s)
2024-06-04 00:13:07,309 INFO  - Received CAM message from veh_66 (at simulation time 184.101,900,000 s)
2024-06-04 00:13:07,309 INFO  - Atempting to process queue (at simulation time 184.200,000,000 s)
2024-06-04 00:13:07,309 INFO  - Vehicle is outside the detection area. (at simulation time 184.200,000,000 s)
2024-06-04 00:13:07,309 INFO  - Sent broadcast CAM message to all vehicles (at simulation time 184.200,000,000 s)
2024-06-04 00:13:07,310 INFO  - Received CAM message from veh_38 (at simulation time 184.200,400,000 s)
2024-06-04 00:13:07,311 INFO  - Received CAM message from veh_66 (at simulation time 184.201,900,000 s)
2024-06-04 00:13:07,311 INFO  - Received CAM message from veh_62 (at simulation time 184.202,400,000 s)
2024-06-04 00:13:07,311 INFO  - Atempting to process queue (at simulation time 184.300,000,000 s)
2024-06-04 00:13:07,311 INFO  - Vehicle is outside the detection area. (at simulation time 184.300,000,000 s)
2024-06-04 00:13:07,311 INFO  - Sent broadcast CAM message to all vehicles (at simulation time 184.300,000,000 s)
2024-06-04 00:13:07,311 INFO  - Received CAM message from veh_66 (at simulation time 184.300,400,000 s)
2024-06-04 00:13:07,311 INFO  - Received CAM message from veh_62 (at simulation time 184.300,400,000 s)
2024-06-04 00:13:07,312 INFO  - Received CAM message from veh_38 (at simulation time 184.301,900,000 s)
2024-06-04 00:13:07,312 INFO  - Atempting to process queue (at simulation time 184.400,000,000 s)
2024-06-04 00:13:07,312 INFO  - Vehicle is outside the detection area. (at simulation time 184.400,000,000 s)
2024-06-04 00:13:07,312 INFO  - Sent broadcast CAM message to all vehicles (at simulation time 184.400,000,000 s)
2024-06-04 00:13:07,313 INFO  - Received CAM message from veh_66 (at simulation time 184.401,400,000 s)
2024-06-04 00:13:07,313 INFO  - Received CAM message from veh_38 (at simulation time 184.401,900,000 s)
2024-06-04 00:13:07,313 INFO  - Received CAM message from veh_62 (at simulation time 184.402,400,000 s)
2024-06-04 00:13:07,313 INFO  - Atempting to process queue (at simulation time 184.500,000,000 s)
2024-06-04 00:13:07,313 INFO  - Vehicle is outside the detection area. (at simulation time 184.500,000,000 s)
2024-06-04 00:13:07,313 INFO  - Sent broadcast CAM message to all vehicles (at simulation time 184.500,000,000 s)
2024-06-04 00:13:07,314 INFO  - Received CAM message from veh_66 (at simulation time 184.501,900,000 s)
2024-06-04 00:13:07,315 INFO  - Received CAM message from veh_62 (at simulation time 184.502,400,000 s)
2024-06-04 00:13:07,315 INFO  - Received CAM message from veh_38 (at simulation time 184.502,400,000 s)
2024-06-04 00:13:07,315 INFO  - Atempting to process queue (at simulation time 184.600,000,000 s)
2024-06-04 00:13:07,315 INFO  - Vehicle is outside the detection area. (at simulation time 184.600,000,000 s)
2024-06-04 00:13:07,315 INFO  - Sent broadcast CAM message to all vehicles (at simulation time 184.600,000,000 s)
2024-06-04 00:13:07,315 INFO  - Received CAM message from veh_62 (at simulation time 184.600,400,000 s)
2024-06-04 00:13:07,315 INFO  - Received CAM message from veh_38 (at simulation time 184.600,400,000 s)
2024-06-04 00:13:07,316 INFO  - Received CAM message from veh_66 (at simulation time 184.601,900,000 s)
2024-06-04 00:13:07,316 INFO  - Atempting to process queue (at simulation time 184.700,000,000 s)
2024-06-04 00:13:07,316 INFO  - Vehicle is outside the detection area. (at simulation time 184.700,000,000 s)
2024-06-04 00:13:07,316 INFO  - Sent broadcast CAM message to all vehicles (at simulation time 184.700,000,000 s)
2024-06-04 00:13:07,317 INFO  - Received CAM message from veh_66 (at simulation time 184.700,400,000 s)
2024-06-04 00:13:07,317 INFO  - Received CAM message from veh_38 (at simulation time 184.700,400,000 s)
2024-06-04 00:13:07,317 INFO  - Received CAM message from veh_62 (at simulation time 184.700,900,000 s)
2024-06-04 00:13:07,318 INFO  - Atempting to process queue (at simulation time 184.800,000,000 s)
2024-06-04 00:13:07,318 INFO  - Vehicle is outside the detection area. (at simulation time 184.800,000,000 s)
2024-06-04 00:13:07,318 INFO  - Sent broadcast CAM message to all vehicles (at simulation time 184.800,000,000 s)
2024-06-04 00:13:07,319 INFO  - Received CAM message from veh_66 (at simulation time 184.800,400,000 s)
2024-06-04 00:13:07,319 INFO  - Received CAM message from veh_62 (at simulation time 184.801,400,000 s)
2024-06-04 00:13:07,319 INFO  - Received CAM message from veh_38 (at simulation time 184.801,400,000 s)
2024-06-04 00:13:07,320 INFO  - Atempting to process queue (at simulation time 184.900,000,000 s)
2024-06-04 00:13:07,320 INFO  - Vehicle is outside the detection area. (at simulation time 184.900,000,000 s)
2024-06-04 00:13:07,320 INFO  - Sent broadcast CAM message to all vehicles (at simulation time 184.900,000,000 s)
2024-06-04 00:13:07,320 INFO  - Received CAM message from veh_62 (at simulation time 184.900,400,000 s)
2024-06-04 00:13:07,321 INFO  - Received CAM message from veh_38 (at simulation time 184.901,900,000 s)
2024-06-04 00:13:07,321 INFO  - Received CAM message from veh_66 (at simulation time 184.902,400,000 s)
2024-06-04 00:13:07,325 INFO  - Atempting to process queue (at simulation time 185.000,000,000 s)
2024-06-04 00:13:07,325 INFO  - Vehicle is outside the detection area. (at simulation time 185.000,000,000 s)
2024-06-04 00:13:07,325 INFO  - Sent broadcast CAM message to all vehicles (at simulation time 185.000,000,000 s)
2024-06-04 00:13:07,327 INFO  - Received CAM message from veh_62 (at simulation time 185.001,900,000 s)
2024-06-04 00:13:07,327 INFO  - Received CAM message from veh_66 (at simulation time 185.002,400,000 s)
2024-06-04 00:13:07,327 INFO  - Atempting to process queue (at simulation time 185.100,000,000 s)
2024-06-04 00:13:07,327 INFO  - Vehicle is outside the detection area. (at simulation time 185.100,000,000 s)
2024-06-04 00:13:07,327 INFO  - Sent broadcast CAM message to all vehicles (at simulation time 185.100,000,000 s)
2024-06-04 00:13:07,327 INFO  - Received CAM message from veh_66 (at simulation time 185.100,400,000 s)
2024-06-04 00:13:07,328 INFO  - Received CAM message from veh_62 (at simulation time 185.101,900,000 s)
2024-06-04 00:13:07,328 INFO  - Atempting to process queue (at simulation time 185.200,000,000 s)
2024-06-04 00:13:07,328 INFO  - Vehicle is outside the detection area. (at simulation time 185.200,000,000 s)
2024-06-04 00:13:07,328 INFO  - Sent broadcast CAM message to all vehicles (at simulation time 185.200,000,000 s)
2024-06-04 00:13:07,329 INFO  - Received CAM message from veh_62 (at simulation time 185.200,900,000 s)
2024-06-04 00:13:07,329 INFO  - Received CAM message from veh_66 (at simulation time 185.201,400,000 s)
2024-06-04 00:13:07,329 INFO  - Atempting to process queue (at simulation time 185.300,000,000 s)
2024-06-04 00:13:07,329 INFO  - Vehicle is outside the detection area. (at simulation time 185.300,000,000 s)
2024-06-04 00:13:07,329 INFO  - Sent broadcast CAM message to all vehicles (at simulation time 185.300,000,000 s)
2024-06-04 00:13:07,330 INFO  - Received CAM message from veh_62 (at simulation time 185.300,900,000 s)
2024-06-04 00:13:07,331 INFO  - Received CAM message from veh_66 (at simulation time 185.301,900,000 s)
2024-06-04 00:13:07,331 INFO  - Atempting to process queue (at simulation time 185.400,000,000 s)
2024-06-04 00:13:07,331 INFO  - Vehicle is outside the detection area. (at simulation time 185.400,000,000 s)
2024-06-04 00:13:07,331 INFO  - Sent broadcast CAM message to all vehicles (at simulation time 185.400,000,000 s)
2024-06-04 00:13:07,331 INFO  - Received CAM message from veh_66 (at simulation time 185.400,400,000 s)
2024-06-04 00:13:07,332 INFO  - Received CAM message from veh_62 (at simulation time 185.402,400,000 s)
2024-06-04 00:13:07,333 INFO  - Atempting to process queue (at simulation time 185.500,000,000 s)
2024-06-04 00:13:07,333 INFO  - Vehicle is outside the detection area. (at simulation time 185.500,000,000 s)
2024-06-04 00:13:07,333 INFO  - Sent broadcast CAM message to all vehicles (at simulation time 185.500,000,000 s)
2024-06-04 00:13:07,333 INFO  - Received CAM message from veh_66 (at simulation time 185.500,900,000 s)
2024-06-04 00:13:07,333 INFO  - Received CAM message from veh_62 (at simulation time 185.500,900,000 s)
2024-06-04 00:13:07,334 INFO  - Atempting to process queue (at simulation time 185.600,000,000 s)
2024-06-04 00:13:07,334 INFO  - Vehicle is outside the detection area. (at simulation time 185.600,000,000 s)
2024-06-04 00:13:07,334 INFO  - Sent broadcast CAM message to all vehicles (at simulation time 185.600,000,000 s)
2024-06-04 00:13:07,335 INFO  - Received CAM message from veh_62 (at simulation time 185.600,900,000 s)
2024-06-04 00:13:07,336 INFO  - Received CAM message from veh_66 (at simulation time 185.602,400,000 s)
2024-06-04 00:13:07,336 INFO  - Atempting to process queue (at simulation time 185.700,000,000 s)
2024-06-04 00:13:07,336 INFO  - Vehicle is outside the detection area. (at simulation time 185.700,000,000 s)
2024-06-04 00:13:07,336 INFO  - Sent broadcast CAM message to all vehicles (at simulation time 185.700,000,000 s)
2024-06-04 00:13:07,337 INFO  - Received CAM message from veh_66 (at simulation time 185.701,400,000 s)
2024-06-04 00:13:07,337 INFO  - Received CAM message from veh_62 (at simulation time 185.701,900,000 s)
2024-06-04 00:13:07,337 INFO  - Atempting to process queue (at simulation time 185.800,000,000 s)
2024-06-04 00:13:07,337 INFO  - Vehicle is outside the detection area. (at simulation time 185.800,000,000 s)
2024-06-04 00:13:07,337 INFO  - Sent broadcast CAM message to all vehicles (at simulation time 185.800,000,000 s)
2024-06-04 00:13:07,338 INFO  - Received CAM message from veh_62 (at simulation time 185.800,400,000 s)
2024-06-04 00:13:07,339 INFO  - Received CAM message from veh_66 (at simulation time 185.802,400,000 s)
2024-06-04 00:13:07,339 INFO  - Atempting to process queue (at simulation time 185.900,000,000 s)
2024-06-04 00:13:07,339 INFO  - Vehicle is outside the detection area. (at simulation time 185.900,000,000 s)
2024-06-04 00:13:07,339 INFO  - Sent broadcast CAM message to all vehicles (at simulation time 185.900,000,000 s)
2024-06-04 00:13:07,340 INFO  - Received CAM message from veh_66 (at simulation time 185.900,900,000 s)
2024-06-04 00:13:07,340 INFO  - Received CAM message from veh_62 (at simulation time 185.900,900,000 s)
2024-06-04 00:13:07,343 INFO  - Atempting to process queue (at simulation time 186.000,000,000 s)
2024-06-04 00:13:07,343 INFO  - Vehicle is outside the detection area. (at simulation time 186.000,000,000 s)
2024-06-04 00:13:07,343 INFO  - Sent broadcast CAM message to all vehicles (at simulation time 186.000,000,000 s)
2024-06-04 00:13:07,344 INFO  - Received CAM message from veh_62 (at simulation time 186.000,900,000 s)
2024-06-04 00:13:07,345 INFO  - Atempting to process queue (at simulation time 186.100,000,000 s)
2024-06-04 00:13:07,345 INFO  - Vehicle is outside the detection area. (at simulation time 186.100,000,000 s)
2024-06-04 00:13:07,345 INFO  - Sent broadcast CAM message to all vehicles (at simulation time 186.100,000,000 s)
2024-06-04 00:13:07,346 INFO  - Received CAM message from veh_62 (at simulation time 186.100,900,000 s)
2024-06-04 00:13:07,346 INFO  - Atempting to process queue (at simulation time 186.200,000,000 s)
2024-06-04 00:13:07,346 INFO  - Vehicle is outside the detection area. (at simulation time 186.200,000,000 s)
2024-06-04 00:13:07,346 INFO  - Sent broadcast CAM message to all vehicles (at simulation time 186.200,000,000 s)
2024-06-04 00:13:07,347 INFO  - Received CAM message from veh_62 (at simulation time 186.200,400,000 s)
2024-06-04 00:13:07,348 INFO  - Atempting to process queue (at simulation time 186.300,000,000 s)
2024-06-04 00:13:07,348 INFO  - Vehicle is outside the detection area. (at simulation time 186.300,000,000 s)
2024-06-04 00:13:07,348 INFO  - Sent broadcast CAM message to all vehicles (at simulation time 186.300,000,000 s)
2024-06-04 00:13:07,349 INFO  - Received CAM message from veh_62 (at simulation time 186.301,400,000 s)
2024-06-04 00:13:07,349 INFO  - Atempting to process queue (at simulation time 186.400,000,000 s)
2024-06-04 00:13:07,349 INFO  - Vehicle is outside the detection area. (at simulation time 186.400,000,000 s)
2024-06-04 00:13:07,349 INFO  - Sent broadcast CAM message to all vehicles (at simulation time 186.400,000,000 s)
2024-06-04 00:13:07,350 INFO  - Received CAM message from veh_62 (at simulation time 186.400,900,000 s)
2024-06-04 00:13:07,351 INFO  - Atempting to process queue (at simulation time 186.500,000,000 s)
2024-06-04 00:13:07,351 INFO  - Vehicle is outside the detection area. (at simulation time 186.500,000,000 s)
2024-06-04 00:13:07,351 INFO  - Sent broadcast CAM message to all vehicles (at simulation time 186.500,000,000 s)
2024-06-04 00:13:07,352 INFO  - Received CAM message from veh_62 (at simulation time 186.502,400,000 s)
2024-06-04 00:13:07,352 INFO  - Atempting to process queue (at simulation time 186.600,000,000 s)
2024-06-04 00:13:07,352 INFO  - Vehicle is outside the detection area. (at simulation time 186.600,000,000 s)
2024-06-04 00:13:07,352 INFO  - Sent broadcast CAM message to all vehicles (at simulation time 186.600,000,000 s)
2024-06-04 00:13:07,353 INFO  - Received CAM message from veh_62 (at simulation time 186.601,900,000 s)
2024-06-04 00:13:07,353 INFO  - Atempting to process queue (at simulation time 186.700,000,000 s)
2024-06-04 00:13:07,353 INFO  - Vehicle is outside the detection area. (at simulation time 186.700,000,000 s)
2024-06-04 00:13:07,353 INFO  - Sent broadcast CAM message to all vehicles (at simulation time 186.700,000,000 s)
2024-06-04 00:13:07,355 INFO  - Received CAM message from veh_62 (at simulation time 186.701,900,000 s)
2024-06-04 00:13:07,355 INFO  - Atempting to process queue (at simulation time 186.800,000,000 s)
2024-06-04 00:13:07,355 INFO  - Vehicle is outside the detection area. (at simulation time 186.800,000,000 s)
2024-06-04 00:13:07,355 INFO  - Sent broadcast CAM message to all vehicles (at simulation time 186.800,000,000 s)
2024-06-04 00:13:07,356 INFO  - Received CAM message from veh_62 (at simulation time 186.801,400,000 s)
2024-06-04 00:13:07,356 INFO  - Atempting to process queue (at simulation time 186.900,000,000 s)
2024-06-04 00:13:07,356 INFO  - Vehicle is outside the detection area. (at simulation time 186.900,000,000 s)
2024-06-04 00:13:07,356 INFO  - Sent broadcast CAM message to all vehicles (at simulation time 186.900,000,000 s)
2024-06-04 00:13:07,358 INFO  - Received CAM message from veh_62 (at simulation time 186.901,900,000 s)
2024-06-04 00:13:07,364 INFO  - Atempting to process queue (at simulation time 187.000,000,000 s)
2024-06-04 00:13:07,364 INFO  - Vehicle is outside the detection area. (at simulation time 187.000,000,000 s)
2024-06-04 00:13:07,364 INFO  - Sent broadcast CAM message to all vehicles (at simulation time 187.000,000,000 s)
2024-06-04 00:13:07,366 INFO  - Received CAM message from veh_62 (at simulation time 187.001,900,000 s)
2024-06-04 00:13:07,366 INFO  - Atempting to process queue (at simulation time 187.100,000,000 s)
2024-06-04 00:13:07,366 INFO  - Vehicle is outside the detection area. (at simulation time 187.100,000,000 s)
2024-06-04 00:13:07,366 INFO  - Sent broadcast CAM message to all vehicles (at simulation time 187.100,000,000 s)
2024-06-04 00:13:07,368 INFO  - Received CAM message from veh_62 (at simulation time 187.102,400,000 s)
2024-06-04 00:13:07,368 INFO  - Atempting to process queue (at simulation time 187.200,000,000 s)
2024-06-04 00:13:07,368 INFO  - Vehicle is outside the detection area. (at simulation time 187.200,000,000 s)
2024-06-04 00:13:07,368 INFO  - Sent broadcast CAM message to all vehicles (at simulation time 187.200,000,000 s)
2024-06-04 00:13:07,369 INFO  - Received CAM message from veh_62 (at simulation time 187.202,400,000 s)
2024-06-04 00:13:07,369 INFO  - Atempting to process queue (at simulation time 187.300,000,000 s)
2024-06-04 00:13:07,369 INFO  - Vehicle is outside the detection area. (at simulation time 187.300,000,000 s)
2024-06-04 00:13:07,369 INFO  - Sent broadcast CAM message to all vehicles (at simulation time 187.300,000,000 s)
2024-06-04 00:13:07,371 INFO  - Received CAM message from veh_62 (at simulation time 187.302,400,000 s)
2024-06-04 00:13:07,371 INFO  - Atempting to process queue (at simulation time 187.400,000,000 s)
2024-06-04 00:13:07,371 INFO  - Vehicle is outside the detection area. (at simulation time 187.400,000,000 s)
2024-06-04 00:13:07,371 INFO  - Sent broadcast CAM message to all vehicles (at simulation time 187.400,000,000 s)
2024-06-04 00:13:07,372 INFO  - Received CAM message from veh_62 (at simulation time 187.402,400,000 s)
2024-06-04 00:13:07,372 INFO  - Atempting to process queue (at simulation time 187.500,000,000 s)
2024-06-04 00:13:07,372 INFO  - Vehicle is outside the detection area. (at simulation time 187.500,000,000 s)
2024-06-04 00:13:07,372 INFO  - Sent broadcast CAM message to all vehicles (at simulation time 187.500,000,000 s)
2024-06-04 00:13:07,373 INFO  - Received CAM message from veh_62 (at simulation time 187.502,400,000 s)
2024-06-04 00:13:07,374 INFO  - Atempting to process queue (at simulation time 187.600,000,000 s)
2024-06-04 00:13:07,374 INFO  - Vehicle is outside the detection area. (at simulation time 187.600,000,000 s)
2024-06-04 00:13:07,374 INFO  - Sent broadcast CAM message to all vehicles (at simulation time 187.600,000,000 s)
2024-06-04 00:13:07,375 INFO  - Received CAM message from veh_62 (at simulation time 187.601,400,000 s)
2024-06-04 00:13:07,375 INFO  - Atempting to process queue (at simulation time 187.700,000,000 s)
2024-06-04 00:13:07,375 INFO  - Vehicle is outside the detection area. (at simulation time 187.700,000,000 s)
2024-06-04 00:13:07,375 INFO  - Sent broadcast CAM message to all vehicles (at simulation time 187.700,000,000 s)
2024-06-04 00:13:07,376 INFO  - Received CAM message from veh_62 (at simulation time 187.701,900,000 s)
2024-06-04 00:13:07,376 INFO  - Atempting to process queue (at simulation time 187.800,000,000 s)
2024-06-04 00:13:07,376 INFO  - Vehicle is outside the detection area. (at simulation time 187.800,000,000 s)
2024-06-04 00:13:07,376 INFO  - Sent broadcast CAM message to all vehicles (at simulation time 187.800,000,000 s)
2024-06-04 00:13:07,377 INFO  - Received CAM message from veh_62 (at simulation time 187.800,400,000 s)
2024-06-04 00:13:07,378 INFO  - Atempting to process queue (at simulation time 187.900,000,000 s)
2024-06-04 00:13:07,378 INFO  - Vehicle is outside the detection area. (at simulation time 187.900,000,000 s)
2024-06-04 00:13:07,378 INFO  - Sent broadcast CAM message to all vehicles (at simulation time 187.900,000,000 s)
2024-06-04 00:13:07,379 INFO  - Received CAM message from veh_62 (at simulation time 187.901,400,000 s)
2024-06-04 00:13:07,383 INFO  - Atempting to process queue (at simulation time 188.000,000,000 s)
2024-06-04 00:13:07,383 INFO  - Vehicle is outside the detection area. (at simulation time 188.000,000,000 s)
2024-06-04 00:13:07,383 INFO  - Sent broadcast CAM message to all vehicles (at simulation time 188.000,000,000 s)
2024-06-04 00:13:07,385 INFO  - Received CAM message from veh_62 (at simulation time 188.000,900,000 s)
2024-06-04 00:13:07,386 INFO  - Atempting to process queue (at simulation time 188.100,000,000 s)
2024-06-04 00:13:07,386 INFO  - Vehicle is outside the detection area. (at simulation time 188.100,000,000 s)
2024-06-04 00:13:07,386 INFO  - Sent broadcast CAM message to all vehicles (at simulation time 188.100,000,000 s)
2024-06-04 00:13:07,388 INFO  - Received CAM message from veh_62 (at simulation time 188.102,400,000 s)
2024-06-04 00:13:07,388 INFO  - Atempting to process queue (at simulation time 188.200,000,000 s)
2024-06-04 00:13:07,388 INFO  - Vehicle is outside the detection area. (at simulation time 188.200,000,000 s)
2024-06-04 00:13:07,388 INFO  - Sent broadcast CAM message to all vehicles (at simulation time 188.200,000,000 s)
2024-06-04 00:13:07,389 INFO  - Received CAM message from veh_62 (at simulation time 188.200,400,000 s)
2024-06-04 00:13:07,390 INFO  - Atempting to process queue (at simulation time 188.300,000,000 s)
2024-06-04 00:13:07,390 INFO  - Vehicle is outside the detection area. (at simulation time 188.300,000,000 s)
2024-06-04 00:13:07,390 INFO  - Sent broadcast CAM message to all vehicles (at simulation time 188.300,000,000 s)
2024-06-04 00:13:07,391 INFO  - Received CAM message from veh_62 (at simulation time 188.300,400,000 s)
2024-06-04 00:13:07,392 INFO  - Atempting to process queue (at simulation time 188.400,000,000 s)
2024-06-04 00:13:07,392 INFO  - Vehicle is outside the detection area. (at simulation time 188.400,000,000 s)
2024-06-04 00:13:07,392 INFO  - Sent broadcast CAM message to all vehicles (at simulation time 188.400,000,000 s)
2024-06-04 00:13:07,394 INFO  - Received CAM message from veh_62 (at simulation time 188.402,400,000 s)
2024-06-04 00:13:07,394 INFO  - Atempting to process queue (at simulation time 188.500,000,000 s)
2024-06-04 00:13:07,394 INFO  - Vehicle is outside the detection area. (at simulation time 188.500,000,000 s)
2024-06-04 00:13:07,394 INFO  - Sent broadcast CAM message to all vehicles (at simulation time 188.500,000,000 s)
2024-06-04 00:13:07,395 INFO  - Received CAM message from veh_62 (at simulation time 188.501,400,000 s)
2024-06-04 00:13:07,395 INFO  - Atempting to process queue (at simulation time 188.600,000,000 s)
2024-06-04 00:13:07,395 INFO  - Vehicle is outside the detection area. (at simulation time 188.600,000,000 s)
2024-06-04 00:13:07,395 INFO  - Sent broadcast CAM message to all vehicles (at simulation time 188.600,000,000 s)
2024-06-04 00:13:07,396 INFO  - Received CAM message from veh_62 (at simulation time 188.600,400,000 s)
2024-06-04 00:13:07,397 INFO  - Atempting to process queue (at simulation time 188.700,000,000 s)
2024-06-04 00:13:07,397 INFO  - Vehicle is outside the detection area. (at simulation time 188.700,000,000 s)
2024-06-04 00:13:07,397 INFO  - Sent broadcast CAM message to all vehicles (at simulation time 188.700,000,000 s)
2024-06-04 00:13:07,398 INFO  - Received CAM message from veh_62 (at simulation time 188.700,400,000 s)
2024-06-04 00:13:07,399 INFO  - Atempting to process queue (at simulation time 188.800,000,000 s)
2024-06-04 00:13:07,399 INFO  - Vehicle is outside the detection area. (at simulation time 188.800,000,000 s)
2024-06-04 00:13:07,399 INFO  - Sent broadcast CAM message to all vehicles (at simulation time 188.800,000,000 s)
2024-06-04 00:13:07,400 INFO  - Received CAM message from veh_62 (at simulation time 188.801,400,000 s)
2024-06-04 00:13:07,400 INFO  - Atempting to process queue (at simulation time 188.900,000,000 s)
2024-06-04 00:13:07,400 INFO  - Vehicle is outside the detection area. (at simulation time 188.900,000,000 s)
2024-06-04 00:13:07,400 INFO  - Sent broadcast CAM message to all vehicles (at simulation time 188.900,000,000 s)
2024-06-04 00:13:07,401 INFO  - Received CAM message from veh_62 (at simulation time 188.900,900,000 s)
2024-06-04 00:13:07,406 INFO  - Atempting to process queue (at simulation time 189.000,000,000 s)
2024-06-04 00:13:07,406 INFO  - Vehicle is outside the detection area. (at simulation time 189.000,000,000 s)
2024-06-04 00:13:07,406 INFO  - Sent broadcast CAM message to all vehicles (at simulation time 189.000,000,000 s)
2024-06-04 00:13:07,410 INFO  - Atempting to process queue (at simulation time 189.100,000,000 s)
2024-06-04 00:13:07,410 INFO  - Vehicle is outside the detection area. (at simulation time 189.100,000,000 s)
2024-06-04 00:13:07,410 INFO  - Sent broadcast CAM message to all vehicles (at simulation time 189.100,000,000 s)
2024-06-04 00:13:07,412 INFO  - Atempting to process queue (at simulation time 189.200,000,000 s)
2024-06-04 00:13:07,412 INFO  - Vehicle is outside the detection area. (at simulation time 189.200,000,000 s)
2024-06-04 00:13:07,412 INFO  - Sent broadcast CAM message to all vehicles (at simulation time 189.200,000,000 s)
2024-06-04 00:13:07,414 INFO  - Atempting to process queue (at simulation time 189.300,000,000 s)
2024-06-04 00:13:07,414 INFO  - Vehicle is outside the detection area. (at simulation time 189.300,000,000 s)
2024-06-04 00:13:07,414 INFO  - Sent broadcast CAM message to all vehicles (at simulation time 189.300,000,000 s)
2024-06-04 00:13:07,417 INFO  - Atempting to process queue (at simulation time 189.400,000,000 s)
2024-06-04 00:13:07,417 INFO  - Vehicle is outside the detection area. (at simulation time 189.400,000,000 s)
2024-06-04 00:13:07,417 INFO  - Sent broadcast CAM message to all vehicles (at simulation time 189.400,000,000 s)
2024-06-04 00:13:07,418 INFO  - Atempting to process queue (at simulation time 189.500,000,000 s)
2024-06-04 00:13:07,418 INFO  - Vehicle is outside the detection area. (at simulation time 189.500,000,000 s)
2024-06-04 00:13:07,418 INFO  - Sent broadcast CAM message to all vehicles (at simulation time 189.500,000,000 s)
2024-06-04 00:13:07,420 INFO  - Atempting to process queue (at simulation time 189.600,000,000 s)
2024-06-04 00:13:07,420 INFO  - Vehicle is outside the detection area. (at simulation time 189.600,000,000 s)
2024-06-04 00:13:07,420 INFO  - Sent broadcast CAM message to all vehicles (at simulation time 189.600,000,000 s)
2024-06-04 00:13:07,422 INFO  - Atempting to process queue (at simulation time 189.700,000,000 s)
2024-06-04 00:13:07,422 INFO  - Vehicle is outside the detection area. (at simulation time 189.700,000,000 s)
2024-06-04 00:13:07,422 INFO  - Sent broadcast CAM message to all vehicles (at simulation time 189.700,000,000 s)
2024-06-04 00:13:07,423 INFO  - Atempting to process queue (at simulation time 189.800,000,000 s)
2024-06-04 00:13:07,423 INFO  - Vehicle is outside the detection area. (at simulation time 189.800,000,000 s)
2024-06-04 00:13:07,423 INFO  - Sent broadcast CAM message to all vehicles (at simulation time 189.800,000,000 s)
2024-06-04 00:13:07,425 INFO  - Atempting to process queue (at simulation time 189.900,000,000 s)
2024-06-04 00:13:07,425 INFO  - Vehicle is outside the detection area. (at simulation time 189.900,000,000 s)
2024-06-04 00:13:07,425 INFO  - Sent broadcast CAM message to all vehicles (at simulation time 189.900,000,000 s)
2024-06-04 00:13:07,432 INFO  - Shutdown application (at simulation time 190.000,000,000 s)
