2024-06-04 00:13:02,648 INFO  - Initialize application (at simulation time 25.000,000,000 s)
2024-06-04 00:13:02,650 INFO  - Activated WLAN Module (at simulation time 25.000,000,000 s)
2024-06-04 00:13:02,650 INFO  - Vehicle is outside the detection area. (at simulation time 25.000,000,000 s)
2024-06-04 00:13:02,650 INFO  - Sent broadcast CAM message to all vehicles (at simulation time 25.000,000,000 s)
2024-06-04 00:13:02,653 INFO  - Vehicle is outside the detection area. (at simulation time 25.100,000,000 s)
2024-06-04 00:13:02,653 INFO  - Sent broadcast CAM message to all vehicles (at simulation time 25.100,000,000 s)
2024-06-04 00:13:02,654 INFO  - Vehicle is outside the detection area. (at simulation time 25.200,000,000 s)
2024-06-04 00:13:02,654 INFO  - Sent broadcast CAM message to all vehicles (at simulation time 25.200,000,000 s)
2024-06-04 00:13:02,655 INFO  - Vehicle is outside the detection area. (at simulation time 25.300,000,000 s)
2024-06-04 00:13:02,655 INFO  - Sent broadcast CAM message to all vehicles (at simulation time 25.300,000,000 s)
2024-06-04 00:13:02,656 INFO  - Vehicle is outside the detection area. (at simulation time 25.400,000,000 s)
2024-06-04 00:13:02,656 INFO  - Sent broadcast CAM message to all vehicles (at simulation time 25.400,000,000 s)
2024-06-04 00:13:02,658 INFO  - Vehicle is outside the detection area. (at simulation time 25.500,000,000 s)
2024-06-04 00:13:02,658 INFO  - Sent broadcast CAM message to all vehicles (at simulation time 25.500,000,000 s)
2024-06-04 00:13:02,659 INFO  - Vehicle is outside the detection area. (at simulation time 25.600,000,000 s)
2024-06-04 00:13:02,660 INFO  - Sent broadcast CAM message to all vehicles (at simulation time 25.600,000,000 s)
2024-06-04 00:13:02,663 INFO  - Vehicle is outside the detection area. (at simulation time 25.700,000,000 s)
2024-06-04 00:13:02,663 INFO  - Sent broadcast CAM message to all vehicles (at simulation time 25.700,000,000 s)
2024-06-04 00:13:02,666 INFO  - Vehicle is outside the detection area. (at simulation time 25.800,000,000 s)
2024-06-04 00:13:02,666 INFO  - Sent broadcast CAM message to all vehicles (at simulation time 25.800,000,000 s)
2024-06-04 00:13:02,668 INFO  - Vehicle is outside the detection area. (at simulation time 25.900,000,000 s)
2024-06-04 00:13:02,668 INFO  - Sent broadcast CAM message to all vehicles (at simulation time 25.900,000,000 s)
2024-06-04 00:13:02,676 INFO  - Vehicle is outside the detection area. (at simulation time 26.000,000,000 s)
2024-06-04 00:13:02,676 INFO  - Sent broadcast CAM message to all vehicles (at simulation time 26.000,000,000 s)
2024-06-04 00:13:02,678 INFO  - Vehicle is outside the detection area. (at simulation time 26.100,000,000 s)
2024-06-04 00:13:02,678 INFO  - Sent broadcast CAM message to all vehicles (at simulation time 26.100,000,000 s)
2024-06-04 00:13:02,679 INFO  - Received CAM message from veh_17 (at simulation time 26.101,900,000 s)
2024-06-04 00:13:02,680 INFO  - Atempting to process queue (at simulation time 26.200,000,000 s)
2024-06-04 00:13:02,680 INFO  - Vehicle is outside the detection area. (at simulation time 26.200,000,000 s)
2024-06-04 00:13:02,680 INFO  - Sent broadcast CAM message to all vehicles (at simulation time 26.200,000,000 s)
2024-06-04 00:13:02,681 INFO  - Received CAM message from veh_17 (at simulation time 26.200,900,000 s)
2024-06-04 00:13:02,681 INFO  - Atempting to process queue (at simulation time 26.300,000,000 s)
2024-06-04 00:13:02,681 INFO  - Vehicle is outside the detection area. (at simulation time 26.300,000,000 s)
2024-06-04 00:13:02,681 INFO  - Sent broadcast CAM message to all vehicles (at simulation time 26.300,000,000 s)
2024-06-04 00:13:02,682 INFO  - Received CAM message from veh_17 (at simulation time 26.300,400,000 s)
2024-06-04 00:13:02,683 INFO  - Atempting to process queue (at simulation time 26.400,000,000 s)
2024-06-04 00:13:02,683 INFO  - Vehicle is outside the detection area. (at simulation time 26.400,000,000 s)
2024-06-04 00:13:02,683 INFO  - Sent broadcast CAM message to all vehicles (at simulation time 26.400,000,000 s)
2024-06-04 00:13:02,684 INFO  - Received CAM message from veh_17 (at simulation time 26.400,900,000 s)
2024-06-04 00:13:02,684 INFO  - Atempting to process queue (at simulation time 26.500,000,000 s)
2024-06-04 00:13:02,684 INFO  - Vehicle is outside the detection area. (at simulation time 26.500,000,000 s)
2024-06-04 00:13:02,684 INFO  - Sent broadcast CAM message to all vehicles (at simulation time 26.500,000,000 s)
2024-06-04 00:13:02,685 INFO  - Received CAM message from veh_17 (at simulation time 26.501,400,000 s)
2024-06-04 00:13:02,685 INFO  - Atempting to process queue (at simulation time 26.600,000,000 s)
2024-06-04 00:13:02,685 INFO  - Vehicle is outside the detection area. (at simulation time 26.600,000,000 s)
2024-06-04 00:13:02,685 INFO  - Sent broadcast CAM message to all vehicles (at simulation time 26.600,000,000 s)
2024-06-04 00:13:02,687 INFO  - Received CAM message from veh_17 (at simulation time 26.601,400,000 s)
2024-06-04 00:13:02,687 INFO  - Atempting to process queue (at simulation time 26.700,000,000 s)
2024-06-04 00:13:02,687 INFO  - Vehicle is outside the detection area. (at simulation time 26.700,000,000 s)
2024-06-04 00:13:02,687 INFO  - Sent broadcast CAM message to all vehicles (at simulation time 26.700,000,000 s)
2024-06-04 00:13:02,688 INFO  - Received CAM message from veh_17 (at simulation time 26.700,900,000 s)
2024-06-04 00:13:02,689 INFO  - Atempting to process queue (at simulation time 26.800,000,000 s)
2024-06-04 00:13:02,689 INFO  - Vehicle is outside the detection area. (at simulation time 26.800,000,000 s)
2024-06-04 00:13:02,689 INFO  - Sent broadcast CAM message to all vehicles (at simulation time 26.800,000,000 s)
2024-06-04 00:13:02,689 INFO  - Received CAM message from veh_17 (at simulation time 26.802,400,000 s)
2024-06-04 00:13:02,690 INFO  - Atempting to process queue (at simulation time 26.900,000,000 s)
2024-06-04 00:13:02,690 INFO  - Vehicle is outside the detection area. (at simulation time 26.900,000,000 s)
2024-06-04 00:13:02,690 INFO  - Sent broadcast CAM message to all vehicles (at simulation time 26.900,000,000 s)
2024-06-04 00:13:02,690 INFO  - Received CAM message from veh_17 (at simulation time 26.901,900,000 s)
2024-06-04 00:13:02,695 INFO  - Atempting to process queue (at simulation time 27.000,000,000 s)
2024-06-04 00:13:02,695 INFO  - Vehicle is inside the detection area. (at simulation time 27.000,000,000 s)
2024-06-04 00:13:02,695 INFO  - Vehicle is too far away from the traffic light. (at simulation time 27.000,000,000 s)
2024-06-04 00:13:02,695 INFO  - Neither the RSU nor any vehicle is in range. (at simulation time 27.000,000,000 s)
2024-06-04 00:13:02,695 INFO  - Sent broadcast CAM message to all vehicles (at simulation time 27.000,000,000 s)
2024-06-04 00:13:02,697 INFO  - Received CAM message from veh_17 (at simulation time 27.002,400,000 s)
2024-06-04 00:13:02,697 INFO  - Atempting to process queue (at simulation time 27.100,000,000 s)
2024-06-04 00:13:02,697 INFO  - Vehicle is inside the detection area. (at simulation time 27.100,000,000 s)
2024-06-04 00:13:02,697 INFO  - Vehicle is too far away from the traffic light. (at simulation time 27.100,000,000 s)
2024-06-04 00:13:02,697 INFO  - Neither the RSU nor any vehicle is in range. (at simulation time 27.100,000,000 s)
2024-06-04 00:13:02,697 INFO  - Sent broadcast CAM message to all vehicles (at simulation time 27.100,000,000 s)
2024-06-04 00:13:02,700 INFO  - Received CAM message from veh_17 (at simulation time 27.101,900,000 s)
2024-06-04 00:13:02,700 INFO  - Atempting to process queue (at simulation time 27.200,000,000 s)
2024-06-04 00:13:02,700 INFO  - Vehicle is inside the detection area. (at simulation time 27.200,000,000 s)
2024-06-04 00:13:02,700 INFO  - Vehicle is too far away from the traffic light. (at simulation time 27.200,000,000 s)
2024-06-04 00:13:02,700 INFO  - Neither the RSU nor any vehicle is in range. (at simulation time 27.200,000,000 s)
2024-06-04 00:13:02,700 INFO  - Sent broadcast CAM message to all vehicles (at simulation time 27.200,000,000 s)
2024-06-04 00:13:02,702 INFO  - Received CAM message from veh_17 (at simulation time 27.201,400,000 s)
2024-06-04 00:13:02,702 INFO  - Atempting to process queue (at simulation time 27.300,000,000 s)
2024-06-04 00:13:02,702 INFO  - Vehicle is inside the detection area. (at simulation time 27.300,000,000 s)
2024-06-04 00:13:02,702 INFO  - Vehicle is too far away from the traffic light. (at simulation time 27.300,000,000 s)
2024-06-04 00:13:02,702 INFO  - Neither the RSU nor any vehicle is in range. (at simulation time 27.300,000,000 s)
2024-06-04 00:13:02,702 INFO  - Sent broadcast CAM message to all vehicles (at simulation time 27.300,000,000 s)
2024-06-04 00:13:02,703 INFO  - Received CAM message from veh_17 (at simulation time 27.300,900,000 s)
2024-06-04 00:13:02,704 INFO  - Atempting to process queue (at simulation time 27.400,000,000 s)
2024-06-04 00:13:02,704 INFO  - Vehicle is inside the detection area. (at simulation time 27.400,000,000 s)
2024-06-04 00:13:02,704 INFO  - Vehicle is too far away from the traffic light. (at simulation time 27.400,000,000 s)
2024-06-04 00:13:02,704 INFO  - Neither the RSU nor any vehicle is in range. (at simulation time 27.400,000,000 s)
2024-06-04 00:13:02,704 INFO  - Sent broadcast CAM message to all vehicles (at simulation time 27.400,000,000 s)
2024-06-04 00:13:02,705 INFO  - Received CAM message from veh_17 (at simulation time 27.400,900,000 s)
2024-06-04 00:13:02,706 INFO  - Atempting to process queue (at simulation time 27.500,000,000 s)
2024-06-04 00:13:02,706 INFO  - Vehicle is inside the detection area. (at simulation time 27.500,000,000 s)
2024-06-04 00:13:02,706 INFO  - Vehicle is too far away from the traffic light. (at simulation time 27.500,000,000 s)
2024-06-04 00:13:02,706 INFO  - Neither the RSU nor any vehicle is in range. (at simulation time 27.500,000,000 s)
2024-06-04 00:13:02,706 INFO  - Sent broadcast CAM message to all vehicles (at simulation time 27.500,000,000 s)
2024-06-04 00:13:02,707 INFO  - Received CAM message from veh_17 (at simulation time 27.501,900,000 s)
2024-06-04 00:13:02,707 INFO  - Atempting to process queue (at simulation time 27.600,000,000 s)
2024-06-04 00:13:02,707 INFO  - Vehicle is inside the detection area. (at simulation time 27.600,000,000 s)
2024-06-04 00:13:02,707 INFO  - Vehicle is too far away from the traffic light. (at simulation time 27.600,000,000 s)
2024-06-04 00:13:02,707 INFO  - Neither the RSU nor any vehicle is in range. (at simulation time 27.600,000,000 s)
2024-06-04 00:13:02,707 INFO  - Sent broadcast CAM message to all vehicles (at simulation time 27.600,000,000 s)
2024-06-04 00:13:02,709 INFO  - Received CAM message from veh_17 (at simulation time 27.601,400,000 s)
2024-06-04 00:13:02,709 INFO  - Atempting to process queue (at simulation time 27.700,000,000 s)
2024-06-04 00:13:02,709 INFO  - Vehicle is inside the detection area. (at simulation time 27.700,000,000 s)
2024-06-04 00:13:02,709 INFO  - Vehicle is too far away from the traffic light. (at simulation time 27.700,000,000 s)
2024-06-04 00:13:02,709 INFO  - Neither the RSU nor any vehicle is in range. (at simulation time 27.700,000,000 s)
2024-06-04 00:13:02,709 INFO  - Sent broadcast CAM message to all vehicles (at simulation time 27.700,000,000 s)
2024-06-04 00:13:02,710 INFO  - Received CAM message from veh_17 (at simulation time 27.700,400,000 s)
2024-06-04 00:13:02,710 INFO  - Atempting to process queue (at simulation time 27.800,000,000 s)
2024-06-04 00:13:02,710 INFO  - Vehicle is inside the detection area. (at simulation time 27.800,000,000 s)
2024-06-04 00:13:02,710 INFO  - Vehicle is too far away from the traffic light. (at simulation time 27.800,000,000 s)
2024-06-04 00:13:02,710 INFO  - Neither the RSU nor any vehicle is in range. (at simulation time 27.800,000,000 s)
2024-06-04 00:13:02,710 INFO  - Sent broadcast CAM message to all vehicles (at simulation time 27.800,000,000 s)
2024-06-04 00:13:02,711 INFO  - Received CAM message from veh_17 (at simulation time 27.800,900,000 s)
2024-06-04 00:13:02,712 INFO  - Atempting to process queue (at simulation time 27.900,000,000 s)
2024-06-04 00:13:02,712 INFO  - Vehicle is inside the detection area. (at simulation time 27.900,000,000 s)
2024-06-04 00:13:02,712 INFO  - Vehicle is too far away from the traffic light. (at simulation time 27.900,000,000 s)
2024-06-04 00:13:02,712 INFO  - Neither the RSU nor any vehicle is in range. (at simulation time 27.900,000,000 s)
2024-06-04 00:13:02,712 INFO  - Sent broadcast CAM message to all vehicles (at simulation time 27.900,000,000 s)
2024-06-04 00:13:02,717 INFO  - Received CAM message from veh_17 (at simulation time 27.902,400,000 s)
2024-06-04 00:13:02,720 INFO  - Atempting to process queue (at simulation time 28.000,000,000 s)
2024-06-04 00:13:02,720 INFO  - Vehicle is inside the detection area. (at simulation time 28.000,000,000 s)
2024-06-04 00:13:02,720 INFO  - Vehicle is too far away from the traffic light. (at simulation time 28.000,000,000 s)
2024-06-04 00:13:02,720 INFO  - Neither the RSU nor any vehicle is in range. (at simulation time 28.000,000,000 s)
2024-06-04 00:13:02,720 INFO  - Sent broadcast CAM message to all vehicles (at simulation time 28.000,000,000 s)
2024-06-04 00:13:02,722 INFO  - Received CAM message from veh_17 (at simulation time 28.000,900,000 s)
2024-06-04 00:13:02,723 INFO  - Atempting to process queue (at simulation time 28.100,000,000 s)
2024-06-04 00:13:02,723 INFO  - Vehicle is inside the detection area. (at simulation time 28.100,000,000 s)
2024-06-04 00:13:02,723 INFO  - Vehicle is too far away from the traffic light. (at simulation time 28.100,000,000 s)
2024-06-04 00:13:02,723 INFO  - Neither the RSU nor any vehicle is in range. (at simulation time 28.100,000,000 s)
2024-06-04 00:13:02,723 INFO  - Sent broadcast CAM message to all vehicles (at simulation time 28.100,000,000 s)
2024-06-04 00:13:02,724 INFO  - Received CAM message from veh_17 (at simulation time 28.101,900,000 s)
2024-06-04 00:13:02,724 INFO  - Atempting to process queue (at simulation time 28.200,000,000 s)
2024-06-04 00:13:02,725 INFO  - Vehicle is inside the detection area. (at simulation time 28.200,000,000 s)
2024-06-04 00:13:02,725 INFO  - Vehicle is too far away from the traffic light. (at simulation time 28.200,000,000 s)
2024-06-04 00:13:02,725 INFO  - Neither the RSU nor any vehicle is in range. (at simulation time 28.200,000,000 s)
2024-06-04 00:13:02,725 INFO  - Sent broadcast CAM message to all vehicles (at simulation time 28.200,000,000 s)
2024-06-04 00:13:02,727 INFO  - Received CAM message from veh_17 (at simulation time 28.201,900,000 s)
2024-06-04 00:13:02,728 INFO  - Atempting to process queue (at simulation time 28.300,000,000 s)
2024-06-04 00:13:02,728 INFO  - Vehicle is inside the detection area. (at simulation time 28.300,000,000 s)
2024-06-04 00:13:02,728 INFO  - Vehicle is too far away from the traffic light. (at simulation time 28.300,000,000 s)
2024-06-04 00:13:02,728 INFO  - Neither the RSU nor any vehicle is in range. (at simulation time 28.300,000,000 s)
2024-06-04 00:13:02,728 INFO  - Sent broadcast CAM message to all vehicles (at simulation time 28.300,000,000 s)
2024-06-04 00:13:02,736 INFO  - Received CAM message from veh_17 (at simulation time 28.300,900,000 s)
2024-06-04 00:13:02,737 INFO  - Atempting to process queue (at simulation time 28.400,000,000 s)
2024-06-04 00:13:02,737 INFO  - Vehicle is inside the detection area. (at simulation time 28.400,000,000 s)
2024-06-04 00:13:02,737 INFO  - Vehicle is too far away from the traffic light. (at simulation time 28.400,000,000 s)
2024-06-04 00:13:02,737 INFO  - Neither the RSU nor any vehicle is in range. (at simulation time 28.400,000,000 s)
2024-06-04 00:13:02,737 INFO  - Sent broadcast CAM message to all vehicles (at simulation time 28.400,000,000 s)
2024-06-04 00:13:02,738 INFO  - Received CAM message from veh_17 (at simulation time 28.400,900,000 s)
2024-06-04 00:13:02,739 INFO  - Atempting to process queue (at simulation time 28.500,000,000 s)
2024-06-04 00:13:02,739 INFO  - Vehicle is inside the detection area. (at simulation time 28.500,000,000 s)
2024-06-04 00:13:02,739 INFO  - Vehicle is too far away from the traffic light. (at simulation time 28.500,000,000 s)
2024-06-04 00:13:02,739 INFO  - Neither the RSU nor any vehicle is in range. (at simulation time 28.500,000,000 s)
2024-06-04 00:13:02,739 INFO  - Sent broadcast CAM message to all vehicles (at simulation time 28.500,000,000 s)
2024-06-04 00:13:02,740 INFO  - Received CAM message from veh_17 (at simulation time 28.500,400,000 s)
2024-06-04 00:13:02,741 INFO  - Atempting to process queue (at simulation time 28.600,000,000 s)
2024-06-04 00:13:02,741 INFO  - Vehicle is inside the detection area. (at simulation time 28.600,000,000 s)
2024-06-04 00:13:02,741 INFO  - Vehicle is too far away from the traffic light. (at simulation time 28.600,000,000 s)
2024-06-04 00:13:02,741 INFO  - Neither the RSU nor any vehicle is in range. (at simulation time 28.600,000,000 s)
2024-06-04 00:13:02,741 INFO  - Sent broadcast CAM message to all vehicles (at simulation time 28.600,000,000 s)
2024-06-04 00:13:02,742 INFO  - Received CAM message from veh_17 (at simulation time 28.602,400,000 s)
2024-06-04 00:13:02,742 INFO  - Atempting to process queue (at simulation time 28.700,000,000 s)
2024-06-04 00:13:02,742 INFO  - Vehicle is inside the detection area. (at simulation time 28.700,000,000 s)
2024-06-04 00:13:02,742 INFO  - Vehicle is too far away from the traffic light. (at simulation time 28.700,000,000 s)
2024-06-04 00:13:02,742 INFO  - Neither the RSU nor any vehicle is in range. (at simulation time 28.700,000,000 s)
2024-06-04 00:13:02,742 INFO  - Sent broadcast CAM message to all vehicles (at simulation time 28.700,000,000 s)
2024-06-04 00:13:02,744 INFO  - Received CAM message from veh_17 (at simulation time 28.701,400,000 s)
2024-06-04 00:13:02,745 INFO  - Atempting to process queue (at simulation time 28.800,000,000 s)
2024-06-04 00:13:02,745 INFO  - Vehicle is inside the detection area. (at simulation time 28.800,000,000 s)
2024-06-04 00:13:02,745 INFO  - Vehicle is too far away from the traffic light. (at simulation time 28.800,000,000 s)
2024-06-04 00:13:02,745 INFO  - Neither the RSU nor any vehicle is in range. (at simulation time 28.800,000,000 s)
2024-06-04 00:13:02,745 INFO  - Sent broadcast CAM message to all vehicles (at simulation time 28.800,000,000 s)
2024-06-04 00:13:02,747 INFO  - Received CAM message from veh_17 (at simulation time 28.801,400,000 s)
2024-06-04 00:13:02,748 INFO  - Atempting to process queue (at simulation time 28.900,000,000 s)
2024-06-04 00:13:02,748 INFO  - Vehicle is inside the detection area. (at simulation time 28.900,000,000 s)
2024-06-04 00:13:02,748 INFO  - Vehicle is too far away from the traffic light. (at simulation time 28.900,000,000 s)
2024-06-04 00:13:02,748 INFO  - Neither the RSU nor any vehicle is in range. (at simulation time 28.900,000,000 s)
2024-06-04 00:13:02,748 INFO  - Sent broadcast CAM message to all vehicles (at simulation time 28.900,000,000 s)
2024-06-04 00:13:02,749 INFO  - Received CAM message from veh_17 (at simulation time 28.900,900,000 s)
2024-06-04 00:13:02,754 INFO  - Atempting to process queue (at simulation time 29.000,000,000 s)
2024-06-04 00:13:02,754 INFO  - Vehicle is inside the detection area. (at simulation time 29.000,000,000 s)
2024-06-04 00:13:02,754 INFO  - Sent Detection message to rsu_0 (at simulation time 29.000,000,000 s)
2024-06-04 00:13:02,754 INFO  - Sent broadcast CAM message to all vehicles (at simulation time 29.000,000,000 s)
2024-06-04 00:13:02,755 INFO  - Received Detection message from veh_17 to veh_16 (at simulation time 29.000,400,000 s)
2024-06-04 00:13:02,755 INFO  - Forwarded Detection message to rsu_0 (at simulation time 29.000,400,000 s)
2024-06-04 00:13:02,755 INFO  - Received CAM message from veh_6 (at simulation time 29.000,400,000 s)
2024-06-04 00:13:02,756 INFO  - Received CAM message from veh_10 (at simulation time 29.001,400,000 s)
2024-06-04 00:13:02,756 INFO  - Received CAM message from veh_2 (at simulation time 29.001,900,000 s)
2024-06-04 00:13:02,756 INFO  - Received CAM message from veh_17 (at simulation time 29.002,400,000 s)
2024-06-04 00:13:02,757 INFO  - Atempting to process queue (at simulation time 29.100,000,000 s)
2024-06-04 00:13:02,757 INFO  - Vehicle is inside the detection area. (at simulation time 29.100,000,000 s)
2024-06-04 00:13:02,757 INFO  - Sent Detection message to rsu_0 (at simulation time 29.100,000,000 s)
2024-06-04 00:13:02,757 INFO  - Sent broadcast CAM message to all vehicles (at simulation time 29.100,000,000 s)
2024-06-04 00:13:02,758 INFO  - Received Detection message from veh_17 to veh_16 (at simulation time 29.100,900,000 s)
2024-06-04 00:13:02,758 INFO  - Forwarded Detection message to rsu_0 (at simulation time 29.100,900,000 s)
2024-06-04 00:13:02,758 INFO  - Received CAM message from veh_10 (at simulation time 29.100,900,000 s)
2024-06-04 00:13:02,758 INFO  - Received CAM message from veh_6 (at simulation time 29.100,900,000 s)
2024-06-04 00:13:02,758 INFO  - Received CAM message from veh_2 (at simulation time 29.100,900,000 s)
2024-06-04 00:13:02,759 INFO  - Received CAM message from veh_17 (at simulation time 29.102,400,000 s)
2024-06-04 00:13:02,759 INFO  - Atempting to process queue (at simulation time 29.200,000,000 s)
2024-06-04 00:13:02,759 INFO  - Vehicle is inside the detection area. (at simulation time 29.200,000,000 s)
2024-06-04 00:13:02,759 INFO  - Sent Detection message to rsu_0 (at simulation time 29.200,000,000 s)
2024-06-04 00:13:02,759 INFO  - Sent broadcast CAM message to all vehicles (at simulation time 29.200,000,000 s)
2024-06-04 00:13:02,760 INFO  - Received Detection message from veh_17 to veh_16 (at simulation time 29.200,400,000 s)
2024-06-04 00:13:02,760 INFO  - Forwarded Detection message to rsu_0 (at simulation time 29.200,400,000 s)
2024-06-04 00:13:02,761 INFO  - Received CAM message from veh_6 (at simulation time 29.200,400,000 s)
2024-06-04 00:13:02,761 INFO  - Received CAM message from veh_2 (at simulation time 29.200,400,000 s)
2024-06-04 00:13:02,761 INFO  - Received CAM message from veh_10 (at simulation time 29.201,400,000 s)
2024-06-04 00:13:02,761 INFO  - Received CAM message from veh_17 (at simulation time 29.202,400,000 s)
2024-06-04 00:13:02,762 INFO  - Atempting to process queue (at simulation time 29.300,000,000 s)
2024-06-04 00:13:02,762 INFO  - Vehicle is inside the detection area. (at simulation time 29.300,000,000 s)
2024-06-04 00:13:02,762 INFO  - Sent Detection message to rsu_0 (at simulation time 29.300,000,000 s)
2024-06-04 00:13:02,762 INFO  - Sent broadcast CAM message to all vehicles (at simulation time 29.300,000,000 s)
2024-06-04 00:13:02,763 INFO  - Received CAM message from veh_17 (at simulation time 29.300,400,000 s)
2024-06-04 00:13:02,763 INFO  - Received CAM message from veh_10 (at simulation time 29.300,900,000 s)
2024-06-04 00:13:02,763 INFO  - Received CAM message from veh_2 (at simulation time 29.300,900,000 s)
2024-06-04 00:13:02,763 INFO  - Received Detection message from veh_17 to veh_16 (at simulation time 29.301,400,000 s)
2024-06-04 00:13:02,763 INFO  - Forwarded Detection message to rsu_0 (at simulation time 29.301,400,000 s)
2024-06-04 00:13:02,764 INFO  - Received CAM message from veh_6 (at simulation time 29.302,400,000 s)
2024-06-04 00:13:02,764 INFO  - Atempting to process queue (at simulation time 29.400,000,000 s)
2024-06-04 00:13:02,764 INFO  - Vehicle is inside the detection area. (at simulation time 29.400,000,000 s)
2024-06-04 00:13:02,764 INFO  - Sent Detection message to rsu_0 (at simulation time 29.400,000,000 s)
2024-06-04 00:13:02,764 INFO  - Sent broadcast CAM message to all vehicles (at simulation time 29.400,000,000 s)
2024-06-04 00:13:02,767 INFO  - Received CAM message from veh_17 (at simulation time 29.400,400,000 s)
2024-06-04 00:13:02,768 INFO  - Received Detection message from veh_17 to veh_16 (at simulation time 29.401,400,000 s)
2024-06-04 00:13:02,768 INFO  - Forwarded Detection message to rsu_0 (at simulation time 29.401,400,000 s)
2024-06-04 00:13:02,768 INFO  - Received CAM message from veh_10 (at simulation time 29.401,400,000 s)
2024-06-04 00:13:02,768 INFO  - Received CAM message from veh_6 (at simulation time 29.401,900,000 s)
2024-06-04 00:13:02,768 INFO  - Received CAM message from veh_2 (at simulation time 29.401,900,000 s)
2024-06-04 00:13:02,769 INFO  - Atempting to process queue (at simulation time 29.500,000,000 s)
2024-06-04 00:13:02,769 INFO  - Vehicle is inside the detection area. (at simulation time 29.500,000,000 s)
2024-06-04 00:13:02,769 INFO  - Sent Detection message to rsu_0 (at simulation time 29.500,000,000 s)
2024-06-04 00:13:02,769 INFO  - Sent broadcast CAM message to all vehicles (at simulation time 29.500,000,000 s)
2024-06-04 00:13:02,770 INFO  - Received CAM message from veh_6 (at simulation time 29.500,400,000 s)
2024-06-04 00:13:02,770 INFO  - Received CAM message from veh_10 (at simulation time 29.500,900,000 s)
2024-06-04 00:13:02,770 INFO  - Received Detection message from veh_17 to veh_16 (at simulation time 29.501,400,000 s)
2024-06-04 00:13:02,771 INFO  - Forwarded Detection message to rsu_0 (at simulation time 29.501,400,000 s)
2024-06-04 00:13:02,771 INFO  - Received CAM message from veh_17 (at simulation time 29.501,400,000 s)
2024-06-04 00:13:02,771 INFO  - Received CAM message from veh_2 (at simulation time 29.502,400,000 s)
2024-06-04 00:13:02,771 INFO  - Atempting to process queue (at simulation time 29.600,000,000 s)
2024-06-04 00:13:02,771 INFO  - Vehicle is inside the detection area. (at simulation time 29.600,000,000 s)
2024-06-04 00:13:02,771 INFO  - Sent Detection message to rsu_0 (at simulation time 29.600,000,000 s)
2024-06-04 00:13:02,771 INFO  - Sent broadcast CAM message to all vehicles (at simulation time 29.600,000,000 s)
2024-06-04 00:13:02,772 INFO  - Received Detection message from veh_17 to veh_16 (at simulation time 29.600,900,000 s)
2024-06-04 00:13:02,773 INFO  - Forwarded Detection message to rsu_0 (at simulation time 29.600,900,000 s)
2024-06-04 00:13:02,773 INFO  - Received CAM message from veh_6 (at simulation time 29.600,900,000 s)
2024-06-04 00:13:02,773 INFO  - Received CAM message from veh_2 (at simulation time 29.601,400,000 s)
2024-06-04 00:13:02,773 INFO  - Received CAM message from veh_17 (at simulation time 29.601,900,000 s)
2024-06-04 00:13:02,773 INFO  - Received CAM message from veh_10 (at simulation time 29.602,400,000 s)
2024-06-04 00:13:02,773 INFO  - Atempting to process queue (at simulation time 29.700,000,000 s)
2024-06-04 00:13:02,773 INFO  - Vehicle is inside the detection area. (at simulation time 29.700,000,000 s)
2024-06-04 00:13:02,773 INFO  - Sent Detection message to rsu_0 (at simulation time 29.700,000,000 s)
2024-06-04 00:13:02,773 INFO  - Sent broadcast CAM message to all vehicles (at simulation time 29.700,000,000 s)
2024-06-04 00:13:02,775 INFO  - Received CAM message from veh_6 (at simulation time 29.700,900,000 s)
2024-06-04 00:13:02,775 INFO  - Received Detection message from veh_17 to veh_16 (at simulation time 29.701,400,000 s)
2024-06-04 00:13:02,775 INFO  - Forwarded Detection message to rsu_0 (at simulation time 29.701,400,000 s)
2024-06-04 00:13:02,775 INFO  - Received CAM message from veh_17 (at simulation time 29.701,400,000 s)
2024-06-04 00:13:02,775 INFO  - Received CAM message from veh_10 (at simulation time 29.701,900,000 s)
2024-06-04 00:13:02,775 INFO  - Received CAM message from veh_2 (at simulation time 29.702,400,000 s)
2024-06-04 00:13:02,776 INFO  - Atempting to process queue (at simulation time 29.800,000,000 s)
2024-06-04 00:13:02,776 INFO  - Vehicle is inside the detection area. (at simulation time 29.800,000,000 s)
2024-06-04 00:13:02,776 INFO  - Sent Detection message to rsu_0 (at simulation time 29.800,000,000 s)
2024-06-04 00:13:02,776 INFO  - Sent broadcast CAM message to all vehicles (at simulation time 29.800,000,000 s)
2024-06-04 00:13:02,776 INFO  - Received CAM message from veh_2 (at simulation time 29.800,400,000 s)
2024-06-04 00:13:02,776 INFO  - Received Detection message from veh_17 to veh_16 (at simulation time 29.800,900,000 s)
2024-06-04 00:13:02,777 INFO  - Forwarded Detection message to rsu_0 (at simulation time 29.800,900,000 s)
2024-06-04 00:13:02,777 INFO  - Received CAM message from veh_10 (at simulation time 29.800,900,000 s)
2024-06-04 00:13:02,777 INFO  - Received CAM message from veh_17 (at simulation time 29.801,900,000 s)
2024-06-04 00:13:02,777 INFO  - Received CAM message from veh_6 (at simulation time 29.802,400,000 s)
2024-06-04 00:13:02,777 INFO  - Atempting to process queue (at simulation time 29.900,000,000 s)
2024-06-04 00:13:02,777 INFO  - Vehicle is inside the detection area. (at simulation time 29.900,000,000 s)
2024-06-04 00:13:02,777 INFO  - Sent Detection message to rsu_0 (at simulation time 29.900,000,000 s)
2024-06-04 00:13:02,777 INFO  - Sent broadcast CAM message to all vehicles (at simulation time 29.900,000,000 s)
2024-06-04 00:13:02,778 INFO  - Received CAM message from veh_10 (at simulation time 29.900,900,000 s)
2024-06-04 00:13:02,778 INFO  - Received CAM message from veh_6 (at simulation time 29.900,900,000 s)
2024-06-04 00:13:02,778 INFO  - Received CAM message from veh_2 (at simulation time 29.900,900,000 s)
2024-06-04 00:13:02,779 INFO  - Received CAM message from veh_17 (at simulation time 29.901,400,000 s)
2024-06-04 00:13:02,779 INFO  - Received Detection message from veh_17 to veh_16 (at simulation time 29.901,900,000 s)
2024-06-04 00:13:02,779 INFO  - Forwarded Detection message to rsu_0 (at simulation time 29.901,900,000 s)
2024-06-04 00:13:02,784 INFO  - Atempting to process queue (at simulation time 30.000,000,000 s)
2024-06-04 00:13:02,784 INFO  - Vehicle is inside the detection area. (at simulation time 30.000,000,000 s)
2024-06-04 00:13:02,784 INFO  - Sent Detection message to rsu_0 (at simulation time 30.000,000,000 s)
2024-06-04 00:13:02,784 INFO  - Sent broadcast CAM message to all vehicles (at simulation time 30.000,000,000 s)
2024-06-04 00:13:02,785 INFO  - Received CAM message from veh_17 (at simulation time 30.000,400,000 s)
2024-06-04 00:13:02,785 INFO  - Received CAM message from veh_18 (at simulation time 30.000,400,000 s)
2024-06-04 00:13:02,785 INFO  - Received CAM message from veh_14 (at simulation time 30.000,400,000 s)
2024-06-04 00:13:02,785 INFO  - Received CAM message from veh_6 (at simulation time 30.000,400,000 s)
2024-06-04 00:13:02,785 INFO  - Received CAM message from veh_2 (at simulation time 30.000,400,000 s)
2024-06-04 00:13:02,785 INFO  - Received Detection message from veh_17 to veh_16 (at simulation time 30.000,900,000 s)
2024-06-04 00:13:02,785 INFO  - Forwarded Detection message to rsu_0 (at simulation time 30.000,900,000 s)
2024-06-04 00:13:02,785 INFO  - Received CAM message from veh_10 (at simulation time 30.002,400,000 s)
2024-06-04 00:13:02,785 INFO  - Atempting to process queue (at simulation time 30.100,000,000 s)
2024-06-04 00:13:02,785 INFO  - Vehicle is inside the detection area. (at simulation time 30.100,000,000 s)
2024-06-04 00:13:02,785 INFO  - Sent Detection message to rsu_0 (at simulation time 30.100,000,000 s)
2024-06-04 00:13:02,786 INFO  - Sent broadcast CAM message to all vehicles (at simulation time 30.100,000,000 s)
2024-06-04 00:13:02,786 INFO  - Received Detection message from veh_17 to veh_16 (at simulation time 30.100,400,000 s)
2024-06-04 00:13:02,786 INFO  - Forwarded Detection message to rsu_0 (at simulation time 30.100,400,000 s)
2024-06-04 00:13:02,786 INFO  - Received CAM message from veh_18 (at simulation time 30.100,400,000 s)
2024-06-04 00:13:02,786 INFO  - Received CAM message from veh_10 (at simulation time 30.100,400,000 s)
2024-06-04 00:13:02,786 INFO  - Received CAM message from veh_6 (at simulation time 30.100,400,000 s)
2024-06-04 00:13:02,786 INFO  - Received CAM message from veh_2 (at simulation time 30.100,400,000 s)
2024-06-04 00:13:02,786 INFO  - Received CAM message from veh_17 (at simulation time 30.100,900,000 s)
2024-06-04 00:13:02,787 INFO  - Received CAM message from veh_14 (at simulation time 30.102,400,000 s)
2024-06-04 00:13:02,787 INFO  - Atempting to process queue (at simulation time 30.200,000,000 s)
2024-06-04 00:13:02,787 INFO  - Vehicle is inside the detection area. (at simulation time 30.200,000,000 s)
2024-06-04 00:13:02,787 INFO  - Sent Detection message to rsu_0 (at simulation time 30.200,000,000 s)
2024-06-04 00:13:02,787 INFO  - Sent broadcast CAM message to all vehicles (at simulation time 30.200,000,000 s)
2024-06-04 00:13:02,788 INFO  - Received CAM message from veh_18 (at simulation time 30.200,400,000 s)
2024-06-04 00:13:02,788 INFO  - Received CAM message from veh_14 (at simulation time 30.200,400,000 s)
2024-06-04 00:13:02,789 INFO  - Received CAM message from veh_10 (at simulation time 30.200,400,000 s)
2024-06-04 00:13:02,789 INFO  - Received CAM message from veh_2 (at simulation time 30.200,400,000 s)
2024-06-04 00:13:02,789 INFO  - Received CAM message from veh_6 (at simulation time 30.200,900,000 s)
2024-06-04 00:13:02,789 INFO  - Received Detection message from veh_17 to veh_16 (at simulation time 30.201,400,000 s)
2024-06-04 00:13:02,789 INFO  - Forwarded Detection message to rsu_0 (at simulation time 30.201,400,000 s)
2024-06-04 00:13:02,790 INFO  - Received CAM message from veh_17 (at simulation time 30.202,400,000 s)
2024-06-04 00:13:02,790 INFO  - Atempting to process queue (at simulation time 30.300,000,000 s)
2024-06-04 00:13:02,790 INFO  - Vehicle is inside the detection area. (at simulation time 30.300,000,000 s)
2024-06-04 00:13:02,790 INFO  - Sent Detection message to rsu_0 (at simulation time 30.300,000,000 s)
2024-06-04 00:13:02,790 INFO  - Sent broadcast CAM message to all vehicles (at simulation time 30.300,000,000 s)
2024-06-04 00:13:02,792 INFO  - Received CAM message from veh_18 (at simulation time 30.300,900,000 s)
2024-06-04 00:13:02,792 INFO  - Received CAM message from veh_6 (at simulation time 30.300,900,000 s)
2024-06-04 00:13:02,792 INFO  - Received Detection message from veh_17 to veh_16 (at simulation time 30.301,400,000 s)
2024-06-04 00:13:02,792 INFO  - Forwarded Detection message to rsu_0 (at simulation time 30.301,400,000 s)
2024-06-04 00:13:02,792 INFO  - Received CAM message from veh_10 (at simulation time 30.301,400,000 s)
2024-06-04 00:13:02,793 INFO  - Received CAM message from veh_17 (at simulation time 30.301,900,000 s)
2024-06-04 00:13:02,793 INFO  - Received CAM message from veh_14 (at simulation time 30.301,900,000 s)
2024-06-04 00:13:02,793 INFO  - Received CAM message from veh_2 (at simulation time 30.302,400,000 s)
2024-06-04 00:13:02,793 INFO  - Atempting to process queue (at simulation time 30.400,000,000 s)
2024-06-04 00:13:02,793 INFO  - Vehicle is inside the detection area. (at simulation time 30.400,000,000 s)
2024-06-04 00:13:02,793 INFO  - Sent Detection message to rsu_0 (at simulation time 30.400,000,000 s)
2024-06-04 00:13:02,793 INFO  - Sent broadcast CAM message to all vehicles (at simulation time 30.400,000,000 s)
2024-06-04 00:13:02,796 INFO  - Received CAM message from veh_2 (at simulation time 30.400,400,000 s)
2024-06-04 00:13:02,797 INFO  - Received CAM message from veh_14 (at simulation time 30.400,900,000 s)
2024-06-04 00:13:02,797 INFO  - Received CAM message from veh_10 (at simulation time 30.400,900,000 s)
2024-06-04 00:13:02,797 INFO  - Received Detection message from veh_17 to veh_16 (at simulation time 30.401,400,000 s)
2024-06-04 00:13:02,797 INFO  - Forwarded Detection message to rsu_0 (at simulation time 30.401,400,000 s)
2024-06-04 00:13:02,797 INFO  - Received CAM message from veh_18 (at simulation time 30.401,400,000 s)
2024-06-04 00:13:02,797 INFO  - Received CAM message from veh_17 (at simulation time 30.401,900,000 s)
2024-06-04 00:13:02,797 INFO  - Received CAM message from veh_6 (at simulation time 30.402,400,000 s)
2024-06-04 00:13:02,797 INFO  - Atempting to process queue (at simulation time 30.500,000,000 s)
2024-06-04 00:13:02,797 INFO  - Vehicle is inside the detection area. (at simulation time 30.500,000,000 s)
2024-06-04 00:13:02,797 INFO  - Sent Detection message to rsu_0 (at simulation time 30.500,000,000 s)
2024-06-04 00:13:02,797 INFO  - Sent broadcast CAM message to all vehicles (at simulation time 30.500,000,000 s)
2024-06-04 00:13:02,799 INFO  - Received CAM message from veh_17 (at simulation time 30.500,400,000 s)
2024-06-04 00:13:02,799 INFO  - Received CAM message from veh_14 (at simulation time 30.500,400,000 s)
2024-06-04 00:13:02,799 INFO  - Received CAM message from veh_10 (at simulation time 30.500,400,000 s)
2024-06-04 00:13:02,799 INFO  - Received Detection message from veh_17 to veh_16 (at simulation time 30.501,400,000 s)
2024-06-04 00:13:02,800 INFO  - Forwarded Detection message to rsu_0 (at simulation time 30.501,400,000 s)
2024-06-04 00:13:02,800 INFO  - Received CAM message from veh_18 (at simulation time 30.501,400,000 s)
2024-06-04 00:13:02,800 INFO  - Received CAM message from veh_6 (at simulation time 30.501,400,000 s)
2024-06-04 00:13:02,800 INFO  - Received CAM message from veh_2 (at simulation time 30.501,900,000 s)
2024-06-04 00:13:02,800 INFO  - Atempting to process queue (at simulation time 30.600,000,000 s)
2024-06-04 00:13:02,800 INFO  - Vehicle is inside the detection area. (at simulation time 30.600,000,000 s)
2024-06-04 00:13:02,800 INFO  - Sent Detection message to rsu_0 (at simulation time 30.600,000,000 s)
2024-06-04 00:13:02,800 INFO  - Sent broadcast CAM message to all vehicles (at simulation time 30.600,000,000 s)
2024-06-04 00:13:02,801 INFO  - Received CAM message from veh_6 (at simulation time 30.600,400,000 s)
2024-06-04 00:13:02,801 INFO  - Received CAM message from veh_2 (at simulation time 30.600,900,000 s)
2024-06-04 00:13:02,801 INFO  - Received CAM message from veh_18 (at simulation time 30.601,400,000 s)
2024-06-04 00:13:02,801 INFO  - Received CAM message from veh_10 (at simulation time 30.601,400,000 s)
2024-06-04 00:13:02,801 INFO  - Received Detection message from veh_17 to veh_16 (at simulation time 30.601,900,000 s)
2024-06-04 00:13:02,801 INFO  - Forwarded Detection message to rsu_0 (at simulation time 30.601,900,000 s)
2024-06-04 00:13:02,801 INFO  - Received CAM message from veh_17 (at simulation time 30.601,900,000 s)
2024-06-04 00:13:02,801 INFO  - Received CAM message from veh_14 (at simulation time 30.601,900,000 s)
2024-06-04 00:13:02,802 INFO  - Atempting to process queue (at simulation time 30.700,000,000 s)
2024-06-04 00:13:02,802 INFO  - Vehicle is inside the detection area. (at simulation time 30.700,000,000 s)
2024-06-04 00:13:02,802 INFO  - Sent Detection message to rsu_0 (at simulation time 30.700,000,000 s)
2024-06-04 00:13:02,802 INFO  - Sent broadcast CAM message to all vehicles (at simulation time 30.700,000,000 s)
2024-06-04 00:13:02,803 INFO  - Received CAM message from veh_17 (at simulation time 30.700,400,000 s)
2024-06-04 00:13:02,803 INFO  - Received Detection message from veh_17 to veh_16 (at simulation time 30.700,900,000 s)
2024-06-04 00:13:02,803 INFO  - Forwarded Detection message to rsu_0 (at simulation time 30.700,900,000 s)
2024-06-04 00:13:02,803 INFO  - Received CAM message from veh_6 (at simulation time 30.700,900,000 s)
2024-06-04 00:13:02,803 INFO  - Received CAM message from veh_14 (at simulation time 30.701,900,000 s)
2024-06-04 00:13:02,804 INFO  - Received CAM message from veh_18 (at simulation time 30.702,400,000 s)
2024-06-04 00:13:02,804 INFO  - Received CAM message from veh_10 (at simulation time 30.702,400,000 s)
2024-06-04 00:13:02,804 INFO  - Received CAM message from veh_2 (at simulation time 30.702,400,000 s)
2024-06-04 00:13:02,804 INFO  - Atempting to process queue (at simulation time 30.800,000,000 s)
2024-06-04 00:13:02,804 INFO  - Vehicle is inside the detection area. (at simulation time 30.800,000,000 s)
2024-06-04 00:13:02,804 INFO  - Sent Detection message to rsu_0 (at simulation time 30.800,000,000 s)
2024-06-04 00:13:02,804 INFO  - Sent broadcast CAM message to all vehicles (at simulation time 30.800,000,000 s)
2024-06-04 00:13:02,805 INFO  - Received Detection message from veh_17 to veh_16 (at simulation time 30.800,900,000 s)
2024-06-04 00:13:02,805 INFO  - Forwarded Detection message to rsu_0 (at simulation time 30.800,900,000 s)
2024-06-04 00:13:02,805 INFO  - Received CAM message from veh_14 (at simulation time 30.800,900,000 s)
2024-06-04 00:13:02,805 INFO  - Received CAM message from veh_6 (at simulation time 30.800,900,000 s)
2024-06-04 00:13:02,805 INFO  - Received CAM message from veh_2 (at simulation time 30.800,900,000 s)
2024-06-04 00:13:02,805 INFO  - Received CAM message from veh_10 (at simulation time 30.801,400,000 s)
2024-06-04 00:13:02,805 INFO  - Received CAM message from veh_17 (at simulation time 30.801,900,000 s)
2024-06-04 00:13:02,805 INFO  - Received CAM message from veh_18 (at simulation time 30.801,900,000 s)
2024-06-04 00:13:02,805 INFO  - Atempting to process queue (at simulation time 30.900,000,000 s)
2024-06-04 00:13:02,805 INFO  - Vehicle is inside the detection area. (at simulation time 30.900,000,000 s)
2024-06-04 00:13:02,805 INFO  - Sent Detection message to rsu_0 (at simulation time 30.900,000,000 s)
2024-06-04 00:13:02,805 INFO  - Sent broadcast CAM message to all vehicles (at simulation time 30.900,000,000 s)
2024-06-04 00:13:02,807 INFO  - Received CAM message from veh_6 (at simulation time 30.900,400,000 s)
2024-06-04 00:13:02,807 INFO  - Received CAM message from veh_10 (at simulation time 30.900,900,000 s)
2024-06-04 00:13:02,807 INFO  - Received CAM message from veh_2 (at simulation time 30.900,900,000 s)
2024-06-04 00:13:02,807 INFO  - Received CAM message from veh_14 (at simulation time 30.901,400,000 s)
2024-06-04 00:13:02,807 INFO  - Received CAM message from veh_18 (at simulation time 30.901,900,000 s)
2024-06-04 00:13:02,807 INFO  - Received Detection message from veh_17 to veh_16 (at simulation time 30.902,400,000 s)
2024-06-04 00:13:02,807 INFO  - Forwarded Detection message to rsu_0 (at simulation time 30.902,400,000 s)
2024-06-04 00:13:02,807 INFO  - Received CAM message from veh_17 (at simulation time 30.902,400,000 s)
2024-06-04 00:13:02,823 INFO  - Atempting to process queue (at simulation time 31.000,000,000 s)
2024-06-04 00:13:02,823 INFO  - Vehicle is outside the detection area. (at simulation time 31.000,000,000 s)
2024-06-04 00:13:02,823 INFO  - Sent broadcast CAM message to all vehicles (at simulation time 31.000,000,000 s)
2024-06-04 00:13:02,827 INFO  - Received CAM message from veh_2 (at simulation time 31.000,400,000 s)
2024-06-04 00:13:02,827 INFO  - Received CAM message from veh_14 (at simulation time 31.000,900,000 s)
2024-06-04 00:13:02,827 INFO  - Received CAM message from veh_17 (at simulation time 31.001,900,000 s)
2024-06-04 00:13:02,827 INFO  - Received CAM message from veh_10 (at simulation time 31.001,900,000 s)
2024-06-04 00:13:02,827 INFO  - Received CAM message from veh_18 (at simulation time 31.002,400,000 s)
2024-06-04 00:13:02,827 INFO  - Received CAM message from veh_6 (at simulation time 31.002,400,000 s)
2024-06-04 00:13:02,827 INFO  - Atempting to process queue (at simulation time 31.100,000,000 s)
2024-06-04 00:13:02,827 INFO  - Vehicle is outside the detection area. (at simulation time 31.100,000,000 s)
2024-06-04 00:13:02,827 INFO  - Sent broadcast CAM message to all vehicles (at simulation time 31.100,000,000 s)
2024-06-04 00:13:02,829 INFO  - Received CAM message from veh_14 (at simulation time 31.100,400,000 s)
2024-06-04 00:13:02,829 INFO  - Received CAM message from veh_18 (at simulation time 31.100,900,000 s)
2024-06-04 00:13:02,829 INFO  - Received CAM message from veh_10 (at simulation time 31.100,900,000 s)
2024-06-04 00:13:02,829 INFO  - Received CAM message from veh_6 (at simulation time 31.101,900,000 s)
2024-06-04 00:13:02,829 INFO  - Received CAM message from veh_2 (at simulation time 31.101,900,000 s)
2024-06-04 00:13:02,829 INFO  - Received CAM message from veh_17 (at simulation time 31.102,400,000 s)
2024-06-04 00:13:02,829 INFO  - Atempting to process queue (at simulation time 31.200,000,000 s)
2024-06-04 00:13:02,829 INFO  - Vehicle is outside the detection area. (at simulation time 31.200,000,000 s)
2024-06-04 00:13:02,829 INFO  - Sent broadcast CAM message to all vehicles (at simulation time 31.200,000,000 s)
2024-06-04 00:13:02,831 INFO  - Received CAM message from veh_6 (at simulation time 31.200,400,000 s)
2024-06-04 00:13:02,831 INFO  - Received CAM message from veh_2 (at simulation time 31.200,400,000 s)
2024-06-04 00:13:02,831 INFO  - Received CAM message from veh_17 (at simulation time 31.200,900,000 s)
2024-06-04 00:13:02,831 INFO  - Received CAM message from veh_18 (at simulation time 31.200,900,000 s)
2024-06-04 00:13:02,831 INFO  - Received CAM message from veh_14 (at simulation time 31.200,900,000 s)
2024-06-04 00:13:02,831 INFO  - Received CAM message from veh_10 (at simulation time 31.200,900,000 s)
2024-06-04 00:13:02,832 INFO  - Atempting to process queue (at simulation time 31.300,000,000 s)
2024-06-04 00:13:02,832 INFO  - Vehicle is outside the detection area. (at simulation time 31.300,000,000 s)
2024-06-04 00:13:02,832 INFO  - Sent broadcast CAM message to all vehicles (at simulation time 31.300,000,000 s)
2024-06-04 00:13:02,832 INFO  - Received CAM message from veh_18 (at simulation time 31.300,400,000 s)
2024-06-04 00:13:02,832 INFO  - Received CAM message from veh_14 (at simulation time 31.300,400,000 s)
2024-06-04 00:13:02,832 INFO  - Received CAM message from veh_10 (at simulation time 31.300,400,000 s)
2024-06-04 00:13:02,832 INFO  - Received CAM message from veh_17 (at simulation time 31.300,900,000 s)
2024-06-04 00:13:02,833 INFO  - Received CAM message from veh_6 (at simulation time 31.301,900,000 s)
2024-06-04 00:13:02,833 INFO  - Received CAM message from veh_2 (at simulation time 31.302,400,000 s)
2024-06-04 00:13:02,834 INFO  - Atempting to process queue (at simulation time 31.400,000,000 s)
2024-06-04 00:13:02,834 INFO  - Vehicle is outside the detection area. (at simulation time 31.400,000,000 s)
2024-06-04 00:13:02,834 INFO  - Sent broadcast CAM message to all vehicles (at simulation time 31.400,000,000 s)
2024-06-04 00:13:02,835 INFO  - Received CAM message from veh_2 (at simulation time 31.400,400,000 s)
2024-06-04 00:13:02,835 INFO  - Received CAM message from veh_17 (at simulation time 31.401,400,000 s)
2024-06-04 00:13:02,835 INFO  - Received CAM message from veh_18 (at simulation time 31.401,400,000 s)
2024-06-04 00:13:02,835 INFO  - Received CAM message from veh_6 (at simulation time 31.401,400,000 s)
2024-06-04 00:13:02,835 INFO  - Received CAM message from veh_14 (at simulation time 31.401,900,000 s)
2024-06-04 00:13:02,835 INFO  - Received CAM message from veh_10 (at simulation time 31.402,400,000 s)
2024-06-04 00:13:02,835 INFO  - Atempting to process queue (at simulation time 31.500,000,000 s)
2024-06-04 00:13:02,835 INFO  - Vehicle is outside the detection area. (at simulation time 31.500,000,000 s)
2024-06-04 00:13:02,835 INFO  - Sent broadcast CAM message to all vehicles (at simulation time 31.500,000,000 s)
2024-06-04 00:13:02,836 INFO  - Received CAM message from veh_18 (at simulation time 31.500,400,000 s)
2024-06-04 00:13:02,836 INFO  - Received CAM message from veh_10 (at simulation time 31.501,400,000 s)
2024-06-04 00:13:02,836 INFO  - Received CAM message from veh_6 (at simulation time 31.501,400,000 s)
2024-06-04 00:13:02,836 INFO  - Received CAM message from veh_2 (at simulation time 31.501,400,000 s)
2024-06-04 00:13:02,836 INFO  - Received CAM message from veh_17 (at simulation time 31.501,900,000 s)
2024-06-04 00:13:02,836 INFO  - Received CAM message from veh_14 (at simulation time 31.501,900,000 s)
2024-06-04 00:13:02,837 INFO  - Atempting to process queue (at simulation time 31.600,000,000 s)
2024-06-04 00:13:02,837 INFO  - Vehicle is outside the detection area. (at simulation time 31.600,000,000 s)
2024-06-04 00:13:02,837 INFO  - Sent broadcast CAM message to all vehicles (at simulation time 31.600,000,000 s)
2024-06-04 00:13:02,838 INFO  - Received CAM message from veh_18 (at simulation time 31.601,400,000 s)
2024-06-04 00:13:02,839 INFO  - Received CAM message from veh_10 (at simulation time 31.601,400,000 s)
2024-06-04 00:13:02,839 INFO  - Received CAM message from veh_2 (at simulation time 31.601,900,000 s)
2024-06-04 00:13:02,839 INFO  - Received CAM message from veh_17 (at simulation time 31.602,400,000 s)
2024-06-04 00:13:02,839 INFO  - Received CAM message from veh_14 (at simulation time 31.602,400,000 s)
2024-06-04 00:13:02,839 INFO  - Received CAM message from veh_6 (at simulation time 31.602,400,000 s)
2024-06-04 00:13:02,839 INFO  - Atempting to process queue (at simulation time 31.700,000,000 s)
2024-06-04 00:13:02,839 INFO  - Vehicle is outside the detection area. (at simulation time 31.700,000,000 s)
2024-06-04 00:13:02,839 INFO  - Sent broadcast CAM message to all vehicles (at simulation time 31.700,000,000 s)
2024-06-04 00:13:02,840 INFO  - Received CAM message from veh_10 (at simulation time 31.700,400,000 s)
2024-06-04 00:13:02,840 INFO  - Received CAM message from veh_17 (at simulation time 31.700,900,000 s)
2024-06-04 00:13:02,840 INFO  - Received CAM message from veh_18 (at simulation time 31.700,900,000 s)
2024-06-04 00:13:02,840 INFO  - Received CAM message from veh_14 (at simulation time 31.700,900,000 s)
2024-06-04 00:13:02,840 INFO  - Received CAM message from veh_6 (at simulation time 31.700,900,000 s)
2024-06-04 00:13:02,840 INFO  - Received CAM message from veh_2 (at simulation time 31.701,400,000 s)
2024-06-04 00:13:02,841 INFO  - Atempting to process queue (at simulation time 31.800,000,000 s)
2024-06-04 00:13:02,841 INFO  - Vehicle is outside the detection area. (at simulation time 31.800,000,000 s)
2024-06-04 00:13:02,841 INFO  - Sent broadcast CAM message to all vehicles (at simulation time 31.800,000,000 s)
2024-06-04 00:13:02,841 INFO  - Received CAM message from veh_18 (at simulation time 31.800,400,000 s)
2024-06-04 00:13:02,841 INFO  - Received CAM message from veh_14 (at simulation time 31.800,900,000 s)
2024-06-04 00:13:02,841 INFO  - Received CAM message from veh_10 (at simulation time 31.800,900,000 s)
2024-06-04 00:13:02,842 INFO  - Received CAM message from veh_17 (at simulation time 31.801,900,000 s)
2024-06-04 00:13:02,842 INFO  - Received CAM message from veh_6 (at simulation time 31.801,900,000 s)
2024-06-04 00:13:02,842 INFO  - Received CAM message from veh_2 (at simulation time 31.802,400,000 s)
2024-06-04 00:13:02,843 INFO  - Atempting to process queue (at simulation time 31.900,000,000 s)
2024-06-04 00:13:02,843 INFO  - Vehicle is outside the detection area. (at simulation time 31.900,000,000 s)
2024-06-04 00:13:02,843 INFO  - Sent broadcast CAM message to all vehicles (at simulation time 31.900,000,000 s)
2024-06-04 00:13:02,844 INFO  - Received CAM message from veh_6 (at simulation time 31.900,900,000 s)
2024-06-04 00:13:02,844 INFO  - Received CAM message from veh_14 (at simulation time 31.901,400,000 s)
2024-06-04 00:13:02,844 INFO  - Received CAM message from veh_2 (at simulation time 31.901,400,000 s)
2024-06-04 00:13:02,844 INFO  - Received CAM message from veh_17 (at simulation time 31.901,900,000 s)
2024-06-04 00:13:02,844 INFO  - Received CAM message from veh_18 (at simulation time 31.901,900,000 s)
2024-06-04 00:13:02,844 INFO  - Received CAM message from veh_10 (at simulation time 31.901,900,000 s)
2024-06-04 00:13:02,853 INFO  - Atempting to process queue (at simulation time 32.000,000,000 s)
2024-06-04 00:13:02,853 INFO  - Vehicle is outside the detection area. (at simulation time 32.000,000,000 s)
2024-06-04 00:13:02,853 INFO  - Sent broadcast CAM message to all vehicles (at simulation time 32.000,000,000 s)
2024-06-04 00:13:02,856 INFO  - Received CAM message from veh_2 (at simulation time 32.000,400,000 s)
2024-06-04 00:13:02,856 INFO  - Received CAM message from veh_17 (at simulation time 32.000,900,000 s)
2024-06-04 00:13:02,856 INFO  - Received CAM message from veh_14 (at simulation time 32.000,900,000 s)
2024-06-04 00:13:02,856 INFO  - Received CAM message from veh_10 (at simulation time 32.000,900,000 s)
2024-06-04 00:13:02,857 INFO  - Received CAM message from veh_6 (at simulation time 32.001,900,000 s)
2024-06-04 00:13:02,857 INFO  - Atempting to process queue (at simulation time 32.100,000,000 s)
2024-06-04 00:13:02,857 INFO  - Vehicle is outside the detection area. (at simulation time 32.100,000,000 s)
2024-06-04 00:13:02,857 INFO  - Sent broadcast CAM message to all vehicles (at simulation time 32.100,000,000 s)
2024-06-04 00:13:02,858 INFO  - Received CAM message from veh_17 (at simulation time 32.100,900,000 s)
2024-06-04 00:13:02,858 INFO  - Received CAM message from veh_10 (at simulation time 32.100,900,000 s)
2024-06-04 00:13:02,858 INFO  - Received CAM message from veh_2 (at simulation time 32.100,900,000 s)
2024-06-04 00:13:02,859 INFO  - Received CAM message from veh_14 (at simulation time 32.101,400,000 s)
2024-06-04 00:13:02,859 INFO  - Received CAM message from veh_6 (at simulation time 32.101,400,000 s)
2024-06-04 00:13:02,859 INFO  - Atempting to process queue (at simulation time 32.200,000,000 s)
2024-06-04 00:13:02,859 INFO  - Vehicle is outside the detection area. (at simulation time 32.200,000,000 s)
2024-06-04 00:13:02,859 INFO  - Sent broadcast CAM message to all vehicles (at simulation time 32.200,000,000 s)
2024-06-04 00:13:02,860 INFO  - Received CAM message from veh_17 (at simulation time 32.200,400,000 s)
2024-06-04 00:13:02,860 INFO  - Received CAM message from veh_6 (at simulation time 32.200,900,000 s)
2024-06-04 00:13:02,860 INFO  - Received CAM message from veh_2 (at simulation time 32.200,900,000 s)
2024-06-04 00:13:02,861 INFO  - Received CAM message from veh_14 (at simulation time 32.202,400,000 s)
2024-06-04 00:13:02,861 INFO  - Received CAM message from veh_10 (at simulation time 32.202,400,000 s)
2024-06-04 00:13:02,861 INFO  - Atempting to process queue (at simulation time 32.300,000,000 s)
2024-06-04 00:13:02,861 INFO  - Vehicle is outside the detection area. (at simulation time 32.300,000,000 s)
2024-06-04 00:13:02,861 INFO  - Sent broadcast CAM message to all vehicles (at simulation time 32.300,000,000 s)
2024-06-04 00:13:02,863 INFO  - Received CAM message from veh_10 (at simulation time 32.300,900,000 s)
2024-06-04 00:13:02,863 INFO  - Received CAM message from veh_17 (at simulation time 32.301,900,000 s)
2024-06-04 00:13:02,863 INFO  - Received CAM message from veh_14 (at simulation time 32.301,900,000 s)
2024-06-04 00:13:02,863 INFO  - Received CAM message from veh_2 (at simulation time 32.301,900,000 s)
2024-06-04 00:13:02,863 INFO  - Received CAM message from veh_6 (at simulation time 32.302,400,000 s)
2024-06-04 00:13:02,864 INFO  - Atempting to process queue (at simulation time 32.400,000,000 s)
2024-06-04 00:13:02,864 INFO  - Vehicle is outside the detection area. (at simulation time 32.400,000,000 s)
2024-06-04 00:13:02,864 INFO  - Sent broadcast CAM message to all vehicles (at simulation time 32.400,000,000 s)
2024-06-04 00:13:02,864 INFO  - Received CAM message from veh_6 (at simulation time 32.400,400,000 s)
2024-06-04 00:13:02,865 INFO  - Received CAM message from veh_17 (at simulation time 32.400,900,000 s)
2024-06-04 00:13:02,865 INFO  - Received CAM message from veh_10 (at simulation time 32.400,900,000 s)
2024-06-04 00:13:02,865 INFO  - Received CAM message from veh_2 (at simulation time 32.400,900,000 s)
2024-06-04 00:13:02,865 INFO  - Received CAM message from veh_14 (at simulation time 32.402,400,000 s)
2024-06-04 00:13:02,865 INFO  - Atempting to process queue (at simulation time 32.500,000,000 s)
2024-06-04 00:13:02,865 INFO  - Vehicle is outside the detection area. (at simulation time 32.500,000,000 s)
2024-06-04 00:13:02,865 INFO  - Sent broadcast CAM message to all vehicles (at simulation time 32.500,000,000 s)
2024-06-04 00:13:02,866 INFO  - Received CAM message from veh_10 (at simulation time 32.500,400,000 s)
2024-06-04 00:13:02,866 INFO  - Received CAM message from veh_6 (at simulation time 32.500,400,000 s)
2024-06-04 00:13:02,867 INFO  - Received CAM message from veh_17 (at simulation time 32.501,900,000 s)
2024-06-04 00:13:02,867 INFO  - Received CAM message from veh_14 (at simulation time 32.501,900,000 s)
2024-06-04 00:13:02,867 INFO  - Received CAM message from veh_2 (at simulation time 32.502,400,000 s)
2024-06-04 00:13:02,868 INFO  - Atempting to process queue (at simulation time 32.600,000,000 s)
2024-06-04 00:13:02,868 INFO  - Vehicle is outside the detection area. (at simulation time 32.600,000,000 s)
2024-06-04 00:13:02,868 INFO  - Sent broadcast CAM message to all vehicles (at simulation time 32.600,000,000 s)
2024-06-04 00:13:02,869 INFO  - Received CAM message from veh_14 (at simulation time 32.600,400,000 s)
2024-06-04 00:13:02,869 INFO  - Received CAM message from veh_6 (at simulation time 32.600,400,000 s)
2024-06-04 00:13:02,869 INFO  - Received CAM message from veh_10 (at simulation time 32.600,900,000 s)
2024-06-04 00:13:02,869 INFO  - Received CAM message from veh_2 (at simulation time 32.600,900,000 s)
2024-06-04 00:13:02,869 INFO  - Received CAM message from veh_17 (at simulation time 32.601,900,000 s)
2024-06-04 00:13:02,870 INFO  - Atempting to process queue (at simulation time 32.700,000,000 s)
2024-06-04 00:13:02,870 INFO  - Vehicle is outside the detection area. (at simulation time 32.700,000,000 s)
2024-06-04 00:13:02,870 INFO  - Sent broadcast CAM message to all vehicles (at simulation time 32.700,000,000 s)
2024-06-04 00:13:02,871 INFO  - Received CAM message from veh_14 (at simulation time 32.700,400,000 s)
2024-06-04 00:13:02,871 INFO  - Received CAM message from veh_10 (at simulation time 32.700,400,000 s)
2024-06-04 00:13:02,871 INFO  - Received CAM message from veh_2 (at simulation time 32.700,400,000 s)
2024-06-04 00:13:02,871 INFO  - Received CAM message from veh_6 (at simulation time 32.701,400,000 s)
2024-06-04 00:13:02,871 INFO  - Received CAM message from veh_17 (at simulation time 32.702,400,000 s)
2024-06-04 00:13:02,873 INFO  - Atempting to process queue (at simulation time 32.800,000,000 s)
2024-06-04 00:13:02,873 INFO  - Vehicle is outside the detection area. (at simulation time 32.800,000,000 s)
2024-06-04 00:13:02,873 INFO  - Sent broadcast CAM message to all vehicles (at simulation time 32.800,000,000 s)
2024-06-04 00:13:02,873 INFO  - Received CAM message from veh_17 (at simulation time 32.800,400,000 s)
2024-06-04 00:13:02,874 INFO  - Received CAM message from veh_14 (at simulation time 32.800,400,000 s)
2024-06-04 00:13:02,874 INFO  - Received CAM message from veh_10 (at simulation time 32.802,400,000 s)
2024-06-04 00:13:02,874 INFO  - Received CAM message from veh_6 (at simulation time 32.802,400,000 s)
2024-06-04 00:13:02,874 INFO  - Received CAM message from veh_2 (at simulation time 32.802,400,000 s)
2024-06-04 00:13:02,875 INFO  - Atempting to process queue (at simulation time 32.900,000,000 s)
2024-06-04 00:13:02,875 INFO  - Vehicle is outside the detection area. (at simulation time 32.900,000,000 s)
2024-06-04 00:13:02,875 INFO  - Sent broadcast CAM message to all vehicles (at simulation time 32.900,000,000 s)
2024-06-04 00:13:02,876 INFO  - Received CAM message from veh_14 (at simulation time 32.900,400,000 s)
2024-06-04 00:13:02,877 INFO  - Received CAM message from veh_6 (at simulation time 32.900,900,000 s)
2024-06-04 00:13:02,877 INFO  - Received CAM message from veh_2 (at simulation time 32.901,400,000 s)
2024-06-04 00:13:02,877 INFO  - Received CAM message from veh_17 (at simulation time 32.901,900,000 s)
2024-06-04 00:13:02,877 INFO  - Received CAM message from veh_10 (at simulation time 32.902,400,000 s)
2024-06-04 00:13:02,882 INFO  - Atempting to process queue (at simulation time 33.000,000,000 s)
2024-06-04 00:13:02,882 INFO  - Vehicle is outside the detection area. (at simulation time 33.000,000,000 s)
2024-06-04 00:13:02,882 INFO  - Sent broadcast CAM message to all vehicles (at simulation time 33.000,000,000 s)
2024-06-04 00:13:02,886 INFO  - Received CAM message from veh_6 (at simulation time 33.000,900,000 s)
2024-06-04 00:13:02,886 INFO  - Received CAM message from veh_10 (at simulation time 33.001,400,000 s)
2024-06-04 00:13:02,886 INFO  - Received CAM message from veh_17 (at simulation time 33.001,900,000 s)
2024-06-04 00:13:02,886 INFO  - Received CAM message from veh_2 (at simulation time 33.001,900,000 s)
2024-06-04 00:13:02,887 INFO  - Atempting to process queue (at simulation time 33.100,000,000 s)
2024-06-04 00:13:02,887 INFO  - Vehicle is outside the detection area. (at simulation time 33.100,000,000 s)
2024-06-04 00:13:02,887 INFO  - Sent broadcast CAM message to all vehicles (at simulation time 33.100,000,000 s)
2024-06-04 00:13:02,888 INFO  - Received CAM message from veh_10 (at simulation time 33.100,400,000 s)
2024-06-04 00:13:02,889 INFO  - Received CAM message from veh_6 (at simulation time 33.101,400,000 s)
2024-06-04 00:13:02,889 INFO  - Received CAM message from veh_2 (at simulation time 33.101,900,000 s)
2024-06-04 00:13:02,889 INFO  - Received CAM message from veh_17 (at simulation time 33.102,400,000 s)
2024-06-04 00:13:02,889 INFO  - Atempting to process queue (at simulation time 33.200,000,000 s)
2024-06-04 00:13:02,889 INFO  - Vehicle is outside the detection area. (at simulation time 33.200,000,000 s)
2024-06-04 00:13:02,889 INFO  - Sent broadcast CAM message to all vehicles (at simulation time 33.200,000,000 s)
2024-06-04 00:13:02,893 INFO  - Received CAM message from veh_10 (at simulation time 33.200,400,000 s)
2024-06-04 00:13:02,893 INFO  - Received CAM message from veh_6 (at simulation time 33.200,900,000 s)
2024-06-04 00:13:02,893 INFO  - Received CAM message from veh_2 (at simulation time 33.201,400,000 s)
2024-06-04 00:13:02,893 INFO  - Received CAM message from veh_17 (at simulation time 33.201,900,000 s)
2024-06-04 00:13:02,894 INFO  - Atempting to process queue (at simulation time 33.300,000,000 s)
2024-06-04 00:13:02,894 INFO  - Vehicle is outside the detection area. (at simulation time 33.300,000,000 s)
2024-06-04 00:13:02,894 INFO  - Sent broadcast CAM message to all vehicles (at simulation time 33.300,000,000 s)
2024-06-04 00:13:02,895 INFO  - Received CAM message from veh_10 (at simulation time 33.301,400,000 s)
2024-06-04 00:13:02,895 INFO  - Received CAM message from veh_6 (at simulation time 33.301,900,000 s)
2024-06-04 00:13:02,895 INFO  - Received CAM message from veh_2 (at simulation time 33.301,900,000 s)
2024-06-04 00:13:02,895 INFO  - Received CAM message from veh_17 (at simulation time 33.302,400,000 s)
2024-06-04 00:13:02,895 INFO  - Atempting to process queue (at simulation time 33.400,000,000 s)
2024-06-04 00:13:02,895 INFO  - Vehicle is outside the detection area. (at simulation time 33.400,000,000 s)
2024-06-04 00:13:02,895 INFO  - Sent broadcast CAM message to all vehicles (at simulation time 33.400,000,000 s)
2024-06-04 00:13:02,896 INFO  - Received CAM message from veh_17 (at simulation time 33.400,900,000 s)
2024-06-04 00:13:02,896 INFO  - Received CAM message from veh_6 (at simulation time 33.401,400,000 s)
2024-06-04 00:13:02,896 INFO  - Received CAM message from veh_10 (at simulation time 33.401,900,000 s)
2024-06-04 00:13:02,897 INFO  - Received CAM message from veh_2 (at simulation time 33.402,400,000 s)
2024-06-04 00:13:02,897 INFO  - Atempting to process queue (at simulation time 33.500,000,000 s)
2024-06-04 00:13:02,897 INFO  - Vehicle is outside the detection area. (at simulation time 33.500,000,000 s)
2024-06-04 00:13:02,897 INFO  - Sent broadcast CAM message to all vehicles (at simulation time 33.500,000,000 s)
2024-06-04 00:13:02,898 INFO  - Received CAM message from veh_10 (at simulation time 33.500,400,000 s)
2024-06-04 00:13:02,898 INFO  - Received CAM message from veh_2 (at simulation time 33.500,400,000 s)
2024-06-04 00:13:02,899 INFO  - Received CAM message from veh_17 (at simulation time 33.500,900,000 s)
2024-06-04 00:13:02,899 INFO  - Received CAM message from veh_6 (at simulation time 33.501,900,000 s)
2024-06-04 00:13:02,900 INFO  - Atempting to process queue (at simulation time 33.600,000,000 s)
2024-06-04 00:13:02,900 INFO  - Vehicle is outside the detection area. (at simulation time 33.600,000,000 s)
2024-06-04 00:13:02,900 INFO  - Sent broadcast CAM message to all vehicles (at simulation time 33.600,000,000 s)
2024-06-04 00:13:02,901 INFO  - Received CAM message from veh_10 (at simulation time 33.600,400,000 s)
2024-06-04 00:13:02,901 INFO  - Received CAM message from veh_2 (at simulation time 33.600,400,000 s)
2024-06-04 00:13:02,901 INFO  - Received CAM message from veh_17 (at simulation time 33.600,900,000 s)
2024-06-04 00:13:02,901 INFO  - Received CAM message from veh_6 (at simulation time 33.601,400,000 s)
2024-06-04 00:13:02,902 INFO  - Atempting to process queue (at simulation time 33.700,000,000 s)
2024-06-04 00:13:02,902 INFO  - Vehicle is outside the detection area. (at simulation time 33.700,000,000 s)
2024-06-04 00:13:02,902 INFO  - Sent broadcast CAM message to all vehicles (at simulation time 33.700,000,000 s)
2024-06-04 00:13:02,904 INFO  - Received CAM message from veh_17 (at simulation time 33.700,400,000 s)
2024-06-04 00:13:02,905 INFO  - Received CAM message from veh_2 (at simulation time 33.700,900,000 s)
2024-06-04 00:13:02,905 INFO  - Received CAM message from veh_10 (at simulation time 33.701,400,000 s)
2024-06-04 00:13:02,905 INFO  - Received CAM message from veh_6 (at simulation time 33.701,400,000 s)
2024-06-04 00:13:02,906 INFO  - Atempting to process queue (at simulation time 33.800,000,000 s)
2024-06-04 00:13:02,906 INFO  - Vehicle is outside the detection area. (at simulation time 33.800,000,000 s)
2024-06-04 00:13:02,906 INFO  - Sent broadcast CAM message to all vehicles (at simulation time 33.800,000,000 s)
2024-06-04 00:13:02,907 INFO  - Received CAM message from veh_17 (at simulation time 33.800,400,000 s)
2024-06-04 00:13:02,907 INFO  - Received CAM message from veh_10 (at simulation time 33.801,900,000 s)
2024-06-04 00:13:02,907 INFO  - Received CAM message from veh_6 (at simulation time 33.801,900,000 s)
2024-06-04 00:13:02,907 INFO  - Received CAM message from veh_2 (at simulation time 33.801,900,000 s)
2024-06-04 00:13:02,908 INFO  - Atempting to process queue (at simulation time 33.900,000,000 s)
2024-06-04 00:13:02,908 INFO  - Vehicle is outside the detection area. (at simulation time 33.900,000,000 s)
2024-06-04 00:13:02,908 INFO  - Sent broadcast CAM message to all vehicles (at simulation time 33.900,000,000 s)
2024-06-04 00:13:02,909 INFO  - Received CAM message from veh_2 (at simulation time 33.900,400,000 s)
2024-06-04 00:13:02,909 INFO  - Received CAM message from veh_6 (at simulation time 33.900,900,000 s)
2024-06-04 00:13:02,910 INFO  - Received CAM message from veh_17 (at simulation time 33.901,900,000 s)
2024-06-04 00:13:02,910 INFO  - Received CAM message from veh_10 (at simulation time 33.901,900,000 s)
2024-06-04 00:13:03,015 INFO  - Atempting to process queue (at simulation time 34.000,000,000 s)
2024-06-04 00:13:03,015 INFO  - Vehicle is outside the detection area. (at simulation time 34.000,000,000 s)
2024-06-04 00:13:03,015 INFO  - Sent broadcast CAM message to all vehicles (at simulation time 34.000,000,000 s)
2024-06-04 00:13:03,020 INFO  - Received CAM message from veh_2 (at simulation time 34.001,400,000 s)
2024-06-04 00:13:03,020 INFO  - Received CAM message from veh_17 (at simulation time 34.002,400,000 s)
2024-06-04 00:13:03,021 INFO  - Atempting to process queue (at simulation time 34.100,000,000 s)
2024-06-04 00:13:03,021 INFO  - Vehicle is outside the detection area. (at simulation time 34.100,000,000 s)
2024-06-04 00:13:03,021 INFO  - Sent broadcast CAM message to all vehicles (at simulation time 34.100,000,000 s)
2024-06-04 00:13:03,025 INFO  - Received CAM message from veh_17 (at simulation time 34.101,400,000 s)
2024-06-04 00:13:03,025 INFO  - Received CAM message from veh_2 (at simulation time 34.102,400,000 s)
2024-06-04 00:13:03,025 INFO  - Atempting to process queue (at simulation time 34.200,000,000 s)
2024-06-04 00:13:03,025 INFO  - Vehicle is outside the detection area. (at simulation time 34.200,000,000 s)
2024-06-04 00:13:03,025 INFO  - Sent broadcast CAM message to all vehicles (at simulation time 34.200,000,000 s)
2024-06-04 00:13:03,027 INFO  - Received CAM message from veh_2 (at simulation time 34.200,400,000 s)
2024-06-04 00:13:03,027 INFO  - Received CAM message from veh_17 (at simulation time 34.200,900,000 s)
2024-06-04 00:13:03,028 INFO  - Atempting to process queue (at simulation time 34.300,000,000 s)
2024-06-04 00:13:03,028 INFO  - Vehicle is outside the detection area. (at simulation time 34.300,000,000 s)
2024-06-04 00:13:03,028 INFO  - Sent broadcast CAM message to all vehicles (at simulation time 34.300,000,000 s)
2024-06-04 00:13:03,029 INFO  - Received CAM message from veh_2 (at simulation time 34.300,900,000 s)
2024-06-04 00:13:03,029 INFO  - Received CAM message from veh_17 (at simulation time 34.301,400,000 s)
2024-06-04 00:13:03,030 INFO  - Atempting to process queue (at simulation time 34.400,000,000 s)
2024-06-04 00:13:03,030 INFO  - Vehicle is outside the detection area. (at simulation time 34.400,000,000 s)
2024-06-04 00:13:03,030 INFO  - Sent broadcast CAM message to all vehicles (at simulation time 34.400,000,000 s)
2024-06-04 00:13:03,031 INFO  - Received CAM message from veh_17 (at simulation time 34.401,900,000 s)
2024-06-04 00:13:03,031 INFO  - Received CAM message from veh_2 (at simulation time 34.402,400,000 s)
2024-06-04 00:13:03,031 INFO  - Atempting to process queue (at simulation time 34.500,000,000 s)
2024-06-04 00:13:03,031 INFO  - Vehicle is outside the detection area. (at simulation time 34.500,000,000 s)
2024-06-04 00:13:03,031 INFO  - Sent broadcast CAM message to all vehicles (at simulation time 34.500,000,000 s)
2024-06-04 00:13:03,032 INFO  - Received CAM message from veh_2 (at simulation time 34.500,900,000 s)
2024-06-04 00:13:03,032 INFO  - Received CAM message from veh_17 (at simulation time 34.501,900,000 s)
2024-06-04 00:13:03,033 INFO  - Atempting to process queue (at simulation time 34.600,000,000 s)
2024-06-04 00:13:03,033 INFO  - Vehicle is outside the detection area. (at simulation time 34.600,000,000 s)
2024-06-04 00:13:03,033 INFO  - Sent broadcast CAM message to all vehicles (at simulation time 34.600,000,000 s)
2024-06-04 00:13:03,035 INFO  - Received CAM message from veh_2 (at simulation time 34.600,400,000 s)
2024-06-04 00:13:03,035 INFO  - Received CAM message from veh_17 (at simulation time 34.602,400,000 s)
2024-06-04 00:13:03,036 INFO  - Atempting to process queue (at simulation time 34.700,000,000 s)
2024-06-04 00:13:03,036 INFO  - Vehicle is outside the detection area. (at simulation time 34.700,000,000 s)
2024-06-04 00:13:03,036 INFO  - Sent broadcast CAM message to all vehicles (at simulation time 34.700,000,000 s)
2024-06-04 00:13:03,038 INFO  - Received CAM message from veh_17 (at simulation time 34.700,400,000 s)
2024-06-04 00:13:03,039 INFO  - Received CAM message from veh_2 (at simulation time 34.702,400,000 s)
2024-06-04 00:13:03,039 INFO  - Atempting to process queue (at simulation time 34.800,000,000 s)
2024-06-04 00:13:03,039 INFO  - Vehicle is outside the detection area. (at simulation time 34.800,000,000 s)
2024-06-04 00:13:03,039 INFO  - Sent broadcast CAM message to all vehicles (at simulation time 34.800,000,000 s)
2024-06-04 00:13:03,041 INFO  - Received CAM message from veh_2 (at simulation time 34.800,400,000 s)
2024-06-04 00:13:03,041 INFO  - Received CAM message from veh_17 (at simulation time 34.801,900,000 s)
2024-06-04 00:13:03,042 INFO  - Atempting to process queue (at simulation time 34.900,000,000 s)
2024-06-04 00:13:03,042 INFO  - Vehicle is outside the detection area. (at simulation time 34.900,000,000 s)
2024-06-04 00:13:03,042 INFO  - Sent broadcast CAM message to all vehicles (at simulation time 34.900,000,000 s)
2024-06-04 00:13:03,044 INFO  - Received CAM message from veh_17 (at simulation time 34.901,400,000 s)
2024-06-04 00:13:03,044 INFO  - Received CAM message from veh_2 (at simulation time 34.902,400,000 s)
2024-06-04 00:13:03,051 INFO  - Atempting to process queue (at simulation time 35.000,000,000 s)
2024-06-04 00:13:03,051 INFO  - Vehicle is outside the detection area. (at simulation time 35.000,000,000 s)
2024-06-04 00:13:03,051 INFO  - Sent broadcast CAM message to all vehicles (at simulation time 35.000,000,000 s)
2024-06-04 00:13:03,055 INFO  - Atempting to process queue (at simulation time 35.100,000,000 s)
2024-06-04 00:13:03,055 INFO  - Vehicle is outside the detection area. (at simulation time 35.100,000,000 s)
2024-06-04 00:13:03,055 INFO  - Sent broadcast CAM message to all vehicles (at simulation time 35.100,000,000 s)
2024-06-04 00:13:03,056 INFO  - Atempting to process queue (at simulation time 35.200,000,000 s)
2024-06-04 00:13:03,056 INFO  - Vehicle is outside the detection area. (at simulation time 35.200,000,000 s)
2024-06-04 00:13:03,056 INFO  - Sent broadcast CAM message to all vehicles (at simulation time 35.200,000,000 s)
2024-06-04 00:13:03,057 INFO  - Atempting to process queue (at simulation time 35.300,000,000 s)
2024-06-04 00:13:03,057 INFO  - Vehicle is outside the detection area. (at simulation time 35.300,000,000 s)
2024-06-04 00:13:03,058 INFO  - Sent broadcast CAM message to all vehicles (at simulation time 35.300,000,000 s)
2024-06-04 00:13:03,059 INFO  - Atempting to process queue (at simulation time 35.400,000,000 s)
2024-06-04 00:13:03,059 INFO  - Vehicle is outside the detection area. (at simulation time 35.400,000,000 s)
2024-06-04 00:13:03,059 INFO  - Sent broadcast CAM message to all vehicles (at simulation time 35.400,000,000 s)
2024-06-04 00:13:03,061 INFO  - Atempting to process queue (at simulation time 35.500,000,000 s)
2024-06-04 00:13:03,061 INFO  - Vehicle is outside the detection area. (at simulation time 35.500,000,000 s)
2024-06-04 00:13:03,061 INFO  - Sent broadcast CAM message to all vehicles (at simulation time 35.500,000,000 s)
2024-06-04 00:13:03,063 INFO  - Atempting to process queue (at simulation time 35.600,000,000 s)
2024-06-04 00:13:03,063 INFO  - Vehicle is outside the detection area. (at simulation time 35.600,000,000 s)
2024-06-04 00:13:03,063 INFO  - Sent broadcast CAM message to all vehicles (at simulation time 35.600,000,000 s)
2024-06-04 00:13:03,066 INFO  - Atempting to process queue (at simulation time 35.700,000,000 s)
2024-06-04 00:13:03,066 INFO  - Vehicle is outside the detection area. (at simulation time 35.700,000,000 s)
2024-06-04 00:13:03,066 INFO  - Sent broadcast CAM message to all vehicles (at simulation time 35.700,000,000 s)
2024-06-04 00:13:03,068 INFO  - Atempting to process queue (at simulation time 35.800,000,000 s)
2024-06-04 00:13:03,068 INFO  - Vehicle is outside the detection area. (at simulation time 35.800,000,000 s)
2024-06-04 00:13:03,068 INFO  - Sent broadcast CAM message to all vehicles (at simulation time 35.800,000,000 s)
2024-06-04 00:13:03,070 INFO  - Atempting to process queue (at simulation time 35.900,000,000 s)
2024-06-04 00:13:03,070 INFO  - Vehicle is outside the detection area. (at simulation time 35.900,000,000 s)
2024-06-04 00:13:03,070 INFO  - Sent broadcast CAM message to all vehicles (at simulation time 35.900,000,000 s)
2024-06-04 00:13:03,075 INFO  - Vehicle is outside the detection area. (at simulation time 36.000,000,000 s)
2024-06-04 00:13:03,075 INFO  - Sent broadcast CAM message to all vehicles (at simulation time 36.000,000,000 s)
2024-06-04 00:13:03,082 INFO  - Vehicle is outside the detection area. (at simulation time 36.100,000,000 s)
2024-06-04 00:13:03,082 INFO  - Sent broadcast CAM message to all vehicles (at simulation time 36.100,000,000 s)
2024-06-04 00:13:03,083 INFO  - Vehicle is outside the detection area. (at simulation time 36.200,000,000 s)
2024-06-04 00:13:03,083 INFO  - Sent broadcast CAM message to all vehicles (at simulation time 36.200,000,000 s)
2024-06-04 00:13:03,085 INFO  - Vehicle is outside the detection area. (at simulation time 36.300,000,000 s)
2024-06-04 00:13:03,085 INFO  - Sent broadcast CAM message to all vehicles (at simulation time 36.300,000,000 s)
2024-06-04 00:13:03,086 INFO  - Vehicle is outside the detection area. (at simulation time 36.400,000,000 s)
2024-06-04 00:13:03,086 INFO  - Sent broadcast CAM message to all vehicles (at simulation time 36.400,000,000 s)
2024-06-04 00:13:03,089 INFO  - Vehicle is outside the detection area. (at simulation time 36.500,000,000 s)
2024-06-04 00:13:03,089 INFO  - Sent broadcast CAM message to all vehicles (at simulation time 36.500,000,000 s)
2024-06-04 00:13:03,091 INFO  - Vehicle is outside the detection area. (at simulation time 36.600,000,000 s)
2024-06-04 00:13:03,091 INFO  - Sent broadcast CAM message to all vehicles (at simulation time 36.600,000,000 s)
2024-06-04 00:13:03,093 INFO  - Vehicle is outside the detection area. (at simulation time 36.700,000,000 s)
2024-06-04 00:13:03,093 INFO  - Sent broadcast CAM message to all vehicles (at simulation time 36.700,000,000 s)
2024-06-04 00:13:03,095 INFO  - Vehicle is outside the detection area. (at simulation time 36.800,000,000 s)
2024-06-04 00:13:03,095 INFO  - Sent broadcast CAM message to all vehicles (at simulation time 36.800,000,000 s)
2024-06-04 00:13:03,098 INFO  - Vehicle is outside the detection area. (at simulation time 36.900,000,000 s)
2024-06-04 00:13:03,098 INFO  - Sent broadcast CAM message to all vehicles (at simulation time 36.900,000,000 s)
2024-06-04 00:13:03,116 INFO  - Vehicle is outside the detection area. (at simulation time 37.000,000,000 s)
2024-06-04 00:13:03,116 INFO  - Sent broadcast CAM message to all vehicles (at simulation time 37.000,000,000 s)
2024-06-04 00:13:03,119 INFO  - Vehicle is outside the detection area. (at simulation time 37.100,000,000 s)
2024-06-04 00:13:03,119 INFO  - Sent broadcast CAM message to all vehicles (at simulation time 37.100,000,000 s)
2024-06-04 00:13:03,121 INFO  - Vehicle is outside the detection area. (at simulation time 37.200,000,000 s)
2024-06-04 00:13:03,121 INFO  - Sent broadcast CAM message to all vehicles (at simulation time 37.200,000,000 s)
2024-06-04 00:13:03,124 INFO  - Vehicle is outside the detection area. (at simulation time 37.300,000,000 s)
2024-06-04 00:13:03,124 INFO  - Sent broadcast CAM message to all vehicles (at simulation time 37.300,000,000 s)
2024-06-04 00:13:03,125 INFO  - Vehicle is outside the detection area. (at simulation time 37.400,000,000 s)
2024-06-04 00:13:03,125 INFO  - Sent broadcast CAM message to all vehicles (at simulation time 37.400,000,000 s)
2024-06-04 00:13:03,127 INFO  - Vehicle is outside the detection area. (at simulation time 37.500,000,000 s)
2024-06-04 00:13:03,127 INFO  - Sent broadcast CAM message to all vehicles (at simulation time 37.500,000,000 s)
2024-06-04 00:13:03,130 INFO  - Vehicle is outside the detection area. (at simulation time 37.600,000,000 s)
2024-06-04 00:13:03,130 INFO  - Sent broadcast CAM message to all vehicles (at simulation time 37.600,000,000 s)
2024-06-04 00:13:03,132 INFO  - Vehicle is outside the detection area. (at simulation time 37.700,000,000 s)
2024-06-04 00:13:03,132 INFO  - Sent broadcast CAM message to all vehicles (at simulation time 37.700,000,000 s)
2024-06-04 00:13:03,136 INFO  - Vehicle is outside the detection area. (at simulation time 37.800,000,000 s)
2024-06-04 00:13:03,136 INFO  - Sent broadcast CAM message to all vehicles (at simulation time 37.800,000,000 s)
2024-06-04 00:13:03,138 INFO  - Vehicle is outside the detection area. (at simulation time 37.900,000,000 s)
2024-06-04 00:13:03,138 INFO  - Sent broadcast CAM message to all vehicles (at simulation time 37.900,000,000 s)
2024-06-04 00:13:03,148 INFO  - Vehicle is outside the detection area. (at simulation time 38.000,000,000 s)
2024-06-04 00:13:03,148 INFO  - Sent broadcast CAM message to all vehicles (at simulation time 38.000,000,000 s)
2024-06-04 00:13:03,151 INFO  - Vehicle is outside the detection area. (at simulation time 38.100,000,000 s)
2024-06-04 00:13:03,151 INFO  - Sent broadcast CAM message to all vehicles (at simulation time 38.100,000,000 s)
2024-06-04 00:13:03,153 INFO  - Vehicle is outside the detection area. (at simulation time 38.200,000,000 s)
2024-06-04 00:13:03,153 INFO  - Sent broadcast CAM message to all vehicles (at simulation time 38.200,000,000 s)
2024-06-04 00:13:03,155 INFO  - Vehicle is outside the detection area. (at simulation time 38.300,000,000 s)
2024-06-04 00:13:03,155 INFO  - Sent broadcast CAM message to all vehicles (at simulation time 38.300,000,000 s)
2024-06-04 00:13:03,156 INFO  - Vehicle is outside the detection area. (at simulation time 38.400,000,000 s)
2024-06-04 00:13:03,156 INFO  - Sent broadcast CAM message to all vehicles (at simulation time 38.400,000,000 s)
2024-06-04 00:13:03,158 INFO  - Vehicle is outside the detection area. (at simulation time 38.500,000,000 s)
2024-06-04 00:13:03,158 INFO  - Sent broadcast CAM message to all vehicles (at simulation time 38.500,000,000 s)
2024-06-04 00:13:03,161 INFO  - Vehicle is outside the detection area. (at simulation time 38.600,000,000 s)
2024-06-04 00:13:03,161 INFO  - Sent broadcast CAM message to all vehicles (at simulation time 38.600,000,000 s)
2024-06-04 00:13:03,162 INFO  - Vehicle is outside the detection area. (at simulation time 38.700,000,000 s)
2024-06-04 00:13:03,162 INFO  - Sent broadcast CAM message to all vehicles (at simulation time 38.700,000,000 s)
2024-06-04 00:13:03,164 INFO  - Vehicle is outside the detection area. (at simulation time 38.800,000,000 s)
2024-06-04 00:13:03,164 INFO  - Sent broadcast CAM message to all vehicles (at simulation time 38.800,000,000 s)
2024-06-04 00:13:03,166 INFO  - Vehicle is outside the detection area. (at simulation time 38.900,000,000 s)
2024-06-04 00:13:03,166 INFO  - Sent broadcast CAM message to all vehicles (at simulation time 38.900,000,000 s)
2024-06-04 00:13:03,174 INFO  - Vehicle is outside the detection area. (at simulation time 39.000,000,000 s)
2024-06-04 00:13:03,174 INFO  - Sent broadcast CAM message to all vehicles (at simulation time 39.000,000,000 s)
2024-06-04 00:13:03,177 INFO  - Vehicle is outside the detection area. (at simulation time 39.100,000,000 s)
2024-06-04 00:13:03,177 INFO  - Sent broadcast CAM message to all vehicles (at simulation time 39.100,000,000 s)
2024-06-04 00:13:03,178 INFO  - Vehicle is outside the detection area. (at simulation time 39.200,000,000 s)
2024-06-04 00:13:03,178 INFO  - Sent broadcast CAM message to all vehicles (at simulation time 39.200,000,000 s)
2024-06-04 00:13:03,179 INFO  - Vehicle is outside the detection area. (at simulation time 39.300,000,000 s)
2024-06-04 00:13:03,179 INFO  - Sent broadcast CAM message to all vehicles (at simulation time 39.300,000,000 s)
2024-06-04 00:13:03,182 INFO  - Vehicle is outside the detection area. (at simulation time 39.400,000,000 s)
2024-06-04 00:13:03,182 INFO  - Sent broadcast CAM message to all vehicles (at simulation time 39.400,000,000 s)
2024-06-04 00:13:03,184 INFO  - Vehicle is outside the detection area. (at simulation time 39.500,000,000 s)
2024-06-04 00:13:03,184 INFO  - Sent broadcast CAM message to all vehicles (at simulation time 39.500,000,000 s)
2024-06-04 00:13:03,185 INFO  - Vehicle is outside the detection area. (at simulation time 39.600,000,000 s)
2024-06-04 00:13:03,185 INFO  - Sent broadcast CAM message to all vehicles (at simulation time 39.600,000,000 s)
2024-06-04 00:13:03,187 INFO  - Vehicle is outside the detection area. (at simulation time 39.700,000,000 s)
2024-06-04 00:13:03,187 INFO  - Sent broadcast CAM message to all vehicles (at simulation time 39.700,000,000 s)
2024-06-04 00:13:03,190 INFO  - Vehicle is outside the detection area. (at simulation time 39.800,000,000 s)
2024-06-04 00:13:03,190 INFO  - Sent broadcast CAM message to all vehicles (at simulation time 39.800,000,000 s)
2024-06-04 00:13:03,192 INFO  - Vehicle is outside the detection area. (at simulation time 39.900,000,000 s)
2024-06-04 00:13:03,192 INFO  - Sent broadcast CAM message to all vehicles (at simulation time 39.900,000,000 s)
2024-06-04 00:13:03,204 INFO  - Shutdown application (at simulation time 40.000,000,000 s)
