2024-06-04 00:13:08,512 INFO  - Initialize application (at simulation time 229.000,000,000 s)
2024-06-04 00:13:08,513 INFO  - Activated WLAN Module (at simulation time 229.000,000,000 s)
2024-06-04 00:13:08,513 INFO  - Vehicle is outside the detection area. (at simulation time 229.000,000,000 s)
2024-06-04 00:13:08,513 INFO  - Sent broadcast CAM message to all vehicles (at simulation time 229.000,000,000 s)
2024-06-04 00:13:08,516 INFO  - Vehicle is outside the detection area. (at simulation time 229.100,000,000 s)
2024-06-04 00:13:08,516 INFO  - Sent broadcast CAM message to all vehicles (at simulation time 229.100,000,000 s)
2024-06-04 00:13:08,517 INFO  - Vehicle is outside the detection area. (at simulation time 229.200,000,000 s)
2024-06-04 00:13:08,517 INFO  - Sent broadcast CAM message to all vehicles (at simulation time 229.200,000,000 s)
2024-06-04 00:13:08,519 INFO  - Vehicle is outside the detection area. (at simulation time 229.300,000,000 s)
2024-06-04 00:13:08,519 INFO  - Sent broadcast CAM message to all vehicles (at simulation time 229.300,000,000 s)
2024-06-04 00:13:08,520 INFO  - Vehicle is outside the detection area. (at simulation time 229.400,000,000 s)
2024-06-04 00:13:08,520 INFO  - Sent broadcast CAM message to all vehicles (at simulation time 229.400,000,000 s)
2024-06-04 00:13:08,521 INFO  - Vehicle is outside the detection area. (at simulation time 229.500,000,000 s)
2024-06-04 00:13:08,521 INFO  - Sent broadcast CAM message to all vehicles (at simulation time 229.500,000,000 s)
2024-06-04 00:13:08,522 INFO  - Vehicle is outside the detection area. (at simulation time 229.600,000,000 s)
2024-06-04 00:13:08,522 INFO  - Sent broadcast CAM message to all vehicles (at simulation time 229.600,000,000 s)
2024-06-04 00:13:08,523 INFO  - Vehicle is outside the detection area. (at simulation time 229.700,000,000 s)
2024-06-04 00:13:08,523 INFO  - Sent broadcast CAM message to all vehicles (at simulation time 229.700,000,000 s)
2024-06-04 00:13:08,525 INFO  - Vehicle is outside the detection area. (at simulation time 229.800,000,000 s)
2024-06-04 00:13:08,525 INFO  - Sent broadcast CAM message to all vehicles (at simulation time 229.800,000,000 s)
2024-06-04 00:13:08,526 INFO  - Vehicle is outside the detection area. (at simulation time 229.900,000,000 s)
2024-06-04 00:13:08,526 INFO  - Sent broadcast CAM message to all vehicles (at simulation time 229.900,000,000 s)
2024-06-04 00:13:08,533 INFO  - Vehicle is outside the detection area. (at simulation time 230.000,000,000 s)
2024-06-04 00:13:08,533 INFO  - Sent broadcast CAM message to all vehicles (at simulation time 230.000,000,000 s)
2024-06-04 00:13:08,535 INFO  - Vehicle is outside the detection area. (at simulation time 230.100,000,000 s)
2024-06-04 00:13:08,535 INFO  - Sent broadcast CAM message to all vehicles (at simulation time 230.100,000,000 s)
2024-06-04 00:13:08,536 INFO  - Vehicle is outside the detection area. (at simulation time 230.200,000,000 s)
2024-06-04 00:13:08,536 INFO  - Sent broadcast CAM message to all vehicles (at simulation time 230.200,000,000 s)
2024-06-04 00:13:08,538 INFO  - Vehicle is outside the detection area. (at simulation time 230.300,000,000 s)
2024-06-04 00:13:08,538 INFO  - Sent broadcast CAM message to all vehicles (at simulation time 230.300,000,000 s)
2024-06-04 00:13:08,539 INFO  - Vehicle is outside the detection area. (at simulation time 230.400,000,000 s)
2024-06-04 00:13:08,539 INFO  - Sent broadcast CAM message to all vehicles (at simulation time 230.400,000,000 s)
2024-06-04 00:13:08,540 INFO  - Vehicle is outside the detection area. (at simulation time 230.500,000,000 s)
2024-06-04 00:13:08,540 INFO  - Sent broadcast CAM message to all vehicles (at simulation time 230.500,000,000 s)
2024-06-04 00:13:08,542 INFO  - Vehicle is outside the detection area. (at simulation time 230.600,000,000 s)
2024-06-04 00:13:08,542 INFO  - Sent broadcast CAM message to all vehicles (at simulation time 230.600,000,000 s)
2024-06-04 00:13:08,543 INFO  - Vehicle is outside the detection area. (at simulation time 230.700,000,000 s)
2024-06-04 00:13:08,543 INFO  - Sent broadcast CAM message to all vehicles (at simulation time 230.700,000,000 s)
2024-06-04 00:13:08,545 INFO  - Vehicle is outside the detection area. (at simulation time 230.800,000,000 s)
2024-06-04 00:13:08,545 INFO  - Sent broadcast CAM message to all vehicles (at simulation time 230.800,000,000 s)
2024-06-04 00:13:08,546 INFO  - Vehicle is outside the detection area. (at simulation time 230.900,000,000 s)
2024-06-04 00:13:08,546 INFO  - Sent broadcast CAM message to all vehicles (at simulation time 230.900,000,000 s)
2024-06-04 00:13:08,549 INFO  - Vehicle is inside the detection area. (at simulation time 231.000,000,000 s)
2024-06-04 00:13:08,549 INFO  - Vehicle is too far away from the traffic light. (at simulation time 231.000,000,000 s)
2024-06-04 00:13:08,549 INFO  - No vehicles in range. (at simulation time 231.000,000,000 s)
2024-06-04 00:13:08,549 INFO  - Neither the RSU nor any vehicle is in range. (at simulation time 231.000,000,000 s)
2024-06-04 00:13:08,549 INFO  - Sent broadcast CAM message to all vehicles (at simulation time 231.000,000,000 s)
2024-06-04 00:13:08,551 INFO  - Vehicle is inside the detection area. (at simulation time 231.100,000,000 s)
2024-06-04 00:13:08,551 INFO  - Vehicle is too far away from the traffic light. (at simulation time 231.100,000,000 s)
2024-06-04 00:13:08,551 INFO  - No vehicles in range. (at simulation time 231.100,000,000 s)
2024-06-04 00:13:08,551 INFO  - Neither the RSU nor any vehicle is in range. (at simulation time 231.100,000,000 s)
2024-06-04 00:13:08,551 INFO  - Sent broadcast CAM message to all vehicles (at simulation time 231.100,000,000 s)
2024-06-04 00:13:08,552 INFO  - Vehicle is inside the detection area. (at simulation time 231.200,000,000 s)
2024-06-04 00:13:08,552 INFO  - Vehicle is too far away from the traffic light. (at simulation time 231.200,000,000 s)
2024-06-04 00:13:08,552 INFO  - No vehicles in range. (at simulation time 231.200,000,000 s)
2024-06-04 00:13:08,552 INFO  - Neither the RSU nor any vehicle is in range. (at simulation time 231.200,000,000 s)
2024-06-04 00:13:08,552 INFO  - Sent broadcast CAM message to all vehicles (at simulation time 231.200,000,000 s)
2024-06-04 00:13:08,554 INFO  - Vehicle is inside the detection area. (at simulation time 231.300,000,000 s)
2024-06-04 00:13:08,554 INFO  - Vehicle is too far away from the traffic light. (at simulation time 231.300,000,000 s)
2024-06-04 00:13:08,554 INFO  - No vehicles in range. (at simulation time 231.300,000,000 s)
2024-06-04 00:13:08,554 INFO  - Neither the RSU nor any vehicle is in range. (at simulation time 231.300,000,000 s)
2024-06-04 00:13:08,554 INFO  - Sent broadcast CAM message to all vehicles (at simulation time 231.300,000,000 s)
2024-06-04 00:13:08,555 INFO  - Vehicle is inside the detection area. (at simulation time 231.400,000,000 s)
2024-06-04 00:13:08,555 INFO  - Vehicle is too far away from the traffic light. (at simulation time 231.400,000,000 s)
2024-06-04 00:13:08,555 INFO  - No vehicles in range. (at simulation time 231.400,000,000 s)
2024-06-04 00:13:08,555 INFO  - Neither the RSU nor any vehicle is in range. (at simulation time 231.400,000,000 s)
2024-06-04 00:13:08,555 INFO  - Sent broadcast CAM message to all vehicles (at simulation time 231.400,000,000 s)
2024-06-04 00:13:08,557 INFO  - Vehicle is inside the detection area. (at simulation time 231.500,000,000 s)
2024-06-04 00:13:08,557 INFO  - Vehicle is too far away from the traffic light. (at simulation time 231.500,000,000 s)
2024-06-04 00:13:08,557 INFO  - No vehicles in range. (at simulation time 231.500,000,000 s)
2024-06-04 00:13:08,557 INFO  - Neither the RSU nor any vehicle is in range. (at simulation time 231.500,000,000 s)
2024-06-04 00:13:08,557 INFO  - Sent broadcast CAM message to all vehicles (at simulation time 231.500,000,000 s)
2024-06-04 00:13:08,560 INFO  - Vehicle is inside the detection area. (at simulation time 231.600,000,000 s)
2024-06-04 00:13:08,560 INFO  - Vehicle is too far away from the traffic light. (at simulation time 231.600,000,000 s)
2024-06-04 00:13:08,560 INFO  - No vehicles in range. (at simulation time 231.600,000,000 s)
2024-06-04 00:13:08,560 INFO  - Neither the RSU nor any vehicle is in range. (at simulation time 231.600,000,000 s)
2024-06-04 00:13:08,560 INFO  - Sent broadcast CAM message to all vehicles (at simulation time 231.600,000,000 s)
2024-06-04 00:13:08,561 INFO  - Vehicle is inside the detection area. (at simulation time 231.700,000,000 s)
2024-06-04 00:13:08,561 INFO  - Vehicle is too far away from the traffic light. (at simulation time 231.700,000,000 s)
2024-06-04 00:13:08,561 INFO  - No vehicles in range. (at simulation time 231.700,000,000 s)
2024-06-04 00:13:08,561 INFO  - Neither the RSU nor any vehicle is in range. (at simulation time 231.700,000,000 s)
2024-06-04 00:13:08,561 INFO  - Sent broadcast CAM message to all vehicles (at simulation time 231.700,000,000 s)
2024-06-04 00:13:08,563 INFO  - Vehicle is inside the detection area. (at simulation time 231.800,000,000 s)
2024-06-04 00:13:08,563 INFO  - Vehicle is too far away from the traffic light. (at simulation time 231.800,000,000 s)
2024-06-04 00:13:08,563 INFO  - No vehicles in range. (at simulation time 231.800,000,000 s)
2024-06-04 00:13:08,563 INFO  - Neither the RSU nor any vehicle is in range. (at simulation time 231.800,000,000 s)
2024-06-04 00:13:08,563 INFO  - Sent broadcast CAM message to all vehicles (at simulation time 231.800,000,000 s)
2024-06-04 00:13:08,564 INFO  - Vehicle is inside the detection area. (at simulation time 231.900,000,000 s)
2024-06-04 00:13:08,564 INFO  - Vehicle is too far away from the traffic light. (at simulation time 231.900,000,000 s)
2024-06-04 00:13:08,564 INFO  - No vehicles in range. (at simulation time 231.900,000,000 s)
2024-06-04 00:13:08,564 INFO  - Neither the RSU nor any vehicle is in range. (at simulation time 231.900,000,000 s)
2024-06-04 00:13:08,564 INFO  - Sent broadcast CAM message to all vehicles (at simulation time 231.900,000,000 s)
2024-06-04 00:13:08,567 INFO  - Vehicle is inside the detection area. (at simulation time 232.000,000,000 s)
2024-06-04 00:13:08,567 INFO  - Vehicle is too far away from the traffic light. (at simulation time 232.000,000,000 s)
2024-06-04 00:13:08,567 INFO  - No vehicles in range. (at simulation time 232.000,000,000 s)
2024-06-04 00:13:08,567 INFO  - Neither the RSU nor any vehicle is in range. (at simulation time 232.000,000,000 s)
2024-06-04 00:13:08,567 INFO  - Sent broadcast CAM message to all vehicles (at simulation time 232.000,000,000 s)
2024-06-04 00:13:08,569 INFO  - Received CAM message from veh_131 (at simulation time 232.001,400,000 s)
2024-06-04 00:13:08,570 INFO  - Atempting to process queue (at simulation time 232.100,000,000 s)
2024-06-04 00:13:08,570 INFO  - Vehicle is inside the detection area. (at simulation time 232.100,000,000 s)
2024-06-04 00:13:08,570 INFO  - Vehicle is too far away from the traffic light. (at simulation time 232.100,000,000 s)
2024-06-04 00:13:08,570 INFO  - Sent Detection message to veh_131 (at simulation time 232.100,000,000 s)
2024-06-04 00:13:08,570 INFO  - Sent broadcast CAM message to all vehicles (at simulation time 232.100,000,000 s)
2024-06-04 00:13:08,570 INFO  - Received CAM message from veh_131 (at simulation time 232.100,400,000 s)
2024-06-04 00:13:08,572 INFO  - Atempting to process queue (at simulation time 232.200,000,000 s)
2024-06-04 00:13:08,572 INFO  - Vehicle is inside the detection area. (at simulation time 232.200,000,000 s)
2024-06-04 00:13:08,572 INFO  - Vehicle is too far away from the traffic light. (at simulation time 232.200,000,000 s)
2024-06-04 00:13:08,572 INFO  - Sent Detection message to veh_131 (at simulation time 232.200,000,000 s)
2024-06-04 00:13:08,572 INFO  - Sent broadcast CAM message to all vehicles (at simulation time 232.200,000,000 s)
2024-06-04 00:13:08,573 INFO  - Received CAM message from veh_131 (at simulation time 232.202,400,000 s)
2024-06-04 00:13:08,574 INFO  - Atempting to process queue (at simulation time 232.300,000,000 s)
2024-06-04 00:13:08,574 INFO  - Vehicle is inside the detection area. (at simulation time 232.300,000,000 s)
2024-06-04 00:13:08,574 INFO  - Vehicle is too far away from the traffic light. (at simulation time 232.300,000,000 s)
2024-06-04 00:13:08,574 INFO  - Sent Detection message to veh_131 (at simulation time 232.300,000,000 s)
2024-06-04 00:13:08,574 INFO  - Sent broadcast CAM message to all vehicles (at simulation time 232.300,000,000 s)
2024-06-04 00:13:08,579 INFO  - Received CAM message from veh_131 (at simulation time 232.302,400,000 s)
2024-06-04 00:13:08,581 INFO  - Received Control message from veh_131 to veh_134 (at simulation time 232.303,300,000 s)
2024-06-04 00:13:08,581 INFO  - Current route: 1, lane: 0 (at simulation time 232.303,300,000 s)
2024-06-04 00:13:08,581 INFO  - Vehicle position: GeoPoint{lat=40.743628,lon=-73.988651,alt=0.00} (at simulation time 232.303,300,000 s)
2024-06-04 00:13:08,590 INFO  - Atempting to process queue (at simulation time 232.400,000,000 s)
2024-06-04 00:13:08,590 INFO  - Vehicle is inside the detection area. (at simulation time 232.400,000,000 s)
2024-06-04 00:13:08,590 INFO  - Vehicle is too far away from the traffic light. (at simulation time 232.400,000,000 s)
2024-06-04 00:13:08,590 INFO  - Sent Detection message to veh_131 (at simulation time 232.400,000,000 s)
2024-06-04 00:13:08,590 INFO  - Sent broadcast CAM message to all vehicles (at simulation time 232.400,000,000 s)
2024-06-04 00:13:08,591 INFO  - Received CAM message from veh_131 (at simulation time 232.401,400,000 s)
2024-06-04 00:13:08,592 INFO  - Atempting to process queue (at simulation time 232.500,000,000 s)
2024-06-04 00:13:08,592 INFO  - Vehicle is inside the detection area. (at simulation time 232.500,000,000 s)
2024-06-04 00:13:08,592 INFO  - Vehicle is too far away from the traffic light. (at simulation time 232.500,000,000 s)
2024-06-04 00:13:08,592 INFO  - Sent Detection message to veh_131 (at simulation time 232.500,000,000 s)
2024-06-04 00:13:08,592 INFO  - Sent broadcast CAM message to all vehicles (at simulation time 232.500,000,000 s)
2024-06-04 00:13:08,593 INFO  - Received CAM message from veh_131 (at simulation time 232.500,900,000 s)
2024-06-04 00:13:08,593 INFO  - Atempting to process queue (at simulation time 232.600,000,000 s)
2024-06-04 00:13:08,593 INFO  - Vehicle is inside the detection area. (at simulation time 232.600,000,000 s)
2024-06-04 00:13:08,593 INFO  - Vehicle is too far away from the traffic light. (at simulation time 232.600,000,000 s)
2024-06-04 00:13:08,593 INFO  - Sent Detection message to veh_131 (at simulation time 232.600,000,000 s)
2024-06-04 00:13:08,593 INFO  - Sent broadcast CAM message to all vehicles (at simulation time 232.600,000,000 s)
2024-06-04 00:13:08,594 INFO  - Received CAM message from veh_131 (at simulation time 232.600,400,000 s)
2024-06-04 00:13:08,595 INFO  - Atempting to process queue (at simulation time 232.700,000,000 s)
2024-06-04 00:13:08,595 INFO  - Vehicle is inside the detection area. (at simulation time 232.700,000,000 s)
2024-06-04 00:13:08,595 INFO  - Vehicle is too far away from the traffic light. (at simulation time 232.700,000,000 s)
2024-06-04 00:13:08,595 INFO  - Sent Detection message to veh_131 (at simulation time 232.700,000,000 s)
2024-06-04 00:13:08,595 INFO  - Sent broadcast CAM message to all vehicles (at simulation time 232.700,000,000 s)
2024-06-04 00:13:08,595 INFO  - Received CAM message from veh_131 (at simulation time 232.700,400,000 s)
2024-06-04 00:13:08,596 INFO  - Atempting to process queue (at simulation time 232.800,000,000 s)
2024-06-04 00:13:08,596 INFO  - Vehicle is inside the detection area. (at simulation time 232.800,000,000 s)
2024-06-04 00:13:08,596 INFO  - Vehicle is too far away from the traffic light. (at simulation time 232.800,000,000 s)
2024-06-04 00:13:08,596 INFO  - Sent Detection message to veh_131 (at simulation time 232.800,000,000 s)
2024-06-04 00:13:08,596 INFO  - Sent broadcast CAM message to all vehicles (at simulation time 232.800,000,000 s)
2024-06-04 00:13:08,597 INFO  - Received CAM message from veh_131 (at simulation time 232.801,400,000 s)
2024-06-04 00:13:08,597 INFO  - Atempting to process queue (at simulation time 232.900,000,000 s)
2024-06-04 00:13:08,597 INFO  - Vehicle is inside the detection area. (at simulation time 232.900,000,000 s)
2024-06-04 00:13:08,597 INFO  - Vehicle is too far away from the traffic light. (at simulation time 232.900,000,000 s)
2024-06-04 00:13:08,597 INFO  - Sent Detection message to veh_131 (at simulation time 232.900,000,000 s)
2024-06-04 00:13:08,597 INFO  - Sent broadcast CAM message to all vehicles (at simulation time 232.900,000,000 s)
2024-06-04 00:13:08,598 INFO  - Received CAM message from veh_131 (at simulation time 232.900,900,000 s)
2024-06-04 00:13:08,600 INFO  - Atempting to process queue (at simulation time 233.000,000,000 s)
2024-06-04 00:13:08,600 INFO  - Vehicle is inside the detection area. (at simulation time 233.000,000,000 s)
2024-06-04 00:13:08,600 INFO  - Sent Detection message to rsu_0 (at simulation time 233.000,000,000 s)
2024-06-04 00:13:08,600 INFO  - Sent broadcast CAM message to all vehicles (at simulation time 233.000,000,000 s)
2024-06-04 00:13:08,601 INFO  - Received CAM message from veh_131 (at simulation time 233.000,900,000 s)
2024-06-04 00:13:08,601 INFO  - Received CAM message from veh_70 (at simulation time 233.001,400,000 s)
2024-06-04 00:13:08,601 INFO  - Received CAM message from veh_96 (at simulation time 233.001,900,000 s)
2024-06-04 00:13:08,601 INFO  - Received CAM message from veh_74 (at simulation time 233.001,900,000 s)
2024-06-04 00:13:08,602 INFO  - Atempting to process queue (at simulation time 233.100,000,000 s)
2024-06-04 00:13:08,602 INFO  - Vehicle is inside the detection area. (at simulation time 233.100,000,000 s)
2024-06-04 00:13:08,602 INFO  - Sent Detection message to rsu_0 (at simulation time 233.100,000,000 s)
2024-06-04 00:13:08,602 INFO  - Sent broadcast CAM message to all vehicles (at simulation time 233.100,000,000 s)
2024-06-04 00:13:08,602 INFO  - Received CAM message from veh_96 (at simulation time 233.100,400,000 s)
2024-06-04 00:13:08,602 INFO  - Received CAM message from veh_131 (at simulation time 233.100,900,000 s)
2024-06-04 00:13:08,602 INFO  - Received CAM message from veh_74 (at simulation time 233.100,900,000 s)
2024-06-04 00:13:08,603 INFO  - Received CAM message from veh_70 (at simulation time 233.101,900,000 s)
2024-06-04 00:13:08,603 INFO  - Atempting to process queue (at simulation time 233.200,000,000 s)
2024-06-04 00:13:08,603 INFO  - Vehicle is inside the detection area. (at simulation time 233.200,000,000 s)
2024-06-04 00:13:08,603 INFO  - Sent Detection message to rsu_0 (at simulation time 233.200,000,000 s)
2024-06-04 00:13:08,603 INFO  - Sent broadcast CAM message to all vehicles (at simulation time 233.200,000,000 s)
2024-06-04 00:13:08,603 INFO  - Received CAM message from veh_131 (at simulation time 233.201,900,000 s)
2024-06-04 00:13:08,603 INFO  - Received CAM message from veh_70 (at simulation time 233.201,900,000 s)
2024-06-04 00:13:08,604 INFO  - Received CAM message from veh_96 (at simulation time 233.202,400,000 s)
2024-06-04 00:13:08,604 INFO  - Received CAM message from veh_74 (at simulation time 233.202,400,000 s)
2024-06-04 00:13:08,604 INFO  - Atempting to process queue (at simulation time 233.300,000,000 s)
2024-06-04 00:13:08,604 INFO  - Vehicle is inside the detection area. (at simulation time 233.300,000,000 s)
2024-06-04 00:13:08,604 INFO  - Sent Detection message to rsu_0 (at simulation time 233.300,000,000 s)
2024-06-04 00:13:08,604 INFO  - Sent broadcast CAM message to all vehicles (at simulation time 233.300,000,000 s)
2024-06-04 00:13:08,605 INFO  - Received CAM message from veh_131 (at simulation time 233.301,400,000 s)
2024-06-04 00:13:08,605 INFO  - Received CAM message from veh_96 (at simulation time 233.301,400,000 s)
2024-06-04 00:13:08,605 INFO  - Received CAM message from veh_74 (at simulation time 233.301,400,000 s)
2024-06-04 00:13:08,605 INFO  - Received CAM message from veh_70 (at simulation time 233.302,400,000 s)
2024-06-04 00:13:08,605 INFO  - Atempting to process queue (at simulation time 233.400,000,000 s)
2024-06-04 00:13:08,605 INFO  - Vehicle is inside the detection area. (at simulation time 233.400,000,000 s)
2024-06-04 00:13:08,605 INFO  - Sent Detection message to rsu_0 (at simulation time 233.400,000,000 s)
2024-06-04 00:13:08,605 INFO  - Sent broadcast CAM message to all vehicles (at simulation time 233.400,000,000 s)
2024-06-04 00:13:08,606 INFO  - Received CAM message from veh_74 (at simulation time 233.400,900,000 s)
2024-06-04 00:13:08,606 INFO  - Received CAM message from veh_70 (at simulation time 233.400,900,000 s)
2024-06-04 00:13:08,606 INFO  - Received CAM message from veh_131 (at simulation time 233.402,400,000 s)
2024-06-04 00:13:08,606 INFO  - Received CAM message from veh_96 (at simulation time 233.402,400,000 s)
2024-06-04 00:13:08,606 INFO  - Atempting to process queue (at simulation time 233.500,000,000 s)
2024-06-04 00:13:08,606 INFO  - Vehicle is inside the detection area. (at simulation time 233.500,000,000 s)
2024-06-04 00:13:08,606 INFO  - Sent Detection message to rsu_0 (at simulation time 233.500,000,000 s)
2024-06-04 00:13:08,606 INFO  - Sent broadcast CAM message to all vehicles (at simulation time 233.500,000,000 s)
2024-06-04 00:13:08,607 INFO  - Received CAM message from veh_74 (at simulation time 233.500,400,000 s)
2024-06-04 00:13:08,607 INFO  - Received CAM message from veh_70 (at simulation time 233.500,400,000 s)
2024-06-04 00:13:08,607 INFO  - Received CAM message from veh_131 (at simulation time 233.500,900,000 s)
2024-06-04 00:13:08,607 INFO  - Received CAM message from veh_96 (at simulation time 233.500,900,000 s)
2024-06-04 00:13:08,609 INFO  - Atempting to process queue (at simulation time 233.600,000,000 s)
2024-06-04 00:13:08,609 INFO  - Vehicle is inside the detection area. (at simulation time 233.600,000,000 s)
2024-06-04 00:13:08,609 INFO  - Sent Detection message to rsu_0 (at simulation time 233.600,000,000 s)
2024-06-04 00:13:08,609 INFO  - Sent broadcast CAM message to all vehicles (at simulation time 233.600,000,000 s)
2024-06-04 00:13:08,610 INFO  - Received CAM message from veh_70 (at simulation time 233.600,400,000 s)
2024-06-04 00:13:08,610 INFO  - Received CAM message from veh_96 (at simulation time 233.600,900,000 s)
2024-06-04 00:13:08,610 INFO  - Received CAM message from veh_74 (at simulation time 233.601,400,000 s)
2024-06-04 00:13:08,610 INFO  - Received CAM message from veh_131 (at simulation time 233.602,400,000 s)
2024-06-04 00:13:08,611 INFO  - Atempting to process queue (at simulation time 233.700,000,000 s)
2024-06-04 00:13:08,611 INFO  - Vehicle is inside the detection area. (at simulation time 233.700,000,000 s)
2024-06-04 00:13:08,611 INFO  - Sent Detection message to rsu_0 (at simulation time 233.700,000,000 s)
2024-06-04 00:13:08,611 INFO  - Sent broadcast CAM message to all vehicles (at simulation time 233.700,000,000 s)
2024-06-04 00:13:08,611 INFO  - Received CAM message from veh_96 (at simulation time 233.700,900,000 s)
2024-06-04 00:13:08,612 INFO  - Received CAM message from veh_131 (at simulation time 233.701,400,000 s)
2024-06-04 00:13:08,612 INFO  - Received CAM message from veh_70 (at simulation time 233.701,400,000 s)
2024-06-04 00:13:08,612 INFO  - Received CAM message from veh_74 (at simulation time 233.702,400,000 s)
2024-06-04 00:13:08,612 INFO  - Atempting to process queue (at simulation time 233.800,000,000 s)
2024-06-04 00:13:08,612 INFO  - Vehicle is inside the detection area. (at simulation time 233.800,000,000 s)
2024-06-04 00:13:08,612 INFO  - Sent Detection message to rsu_0 (at simulation time 233.800,000,000 s)
2024-06-04 00:13:08,612 INFO  - Sent broadcast CAM message to all vehicles (at simulation time 233.800,000,000 s)
2024-06-04 00:13:08,613 INFO  - Received CAM message from veh_74 (at simulation time 233.800,400,000 s)
2024-06-04 00:13:08,613 INFO  - Received CAM message from veh_70 (at simulation time 233.800,400,000 s)
2024-06-04 00:13:08,613 INFO  - Received CAM message from veh_131 (at simulation time 233.801,400,000 s)
2024-06-04 00:13:08,613 INFO  - Received CAM message from veh_96 (at simulation time 233.801,400,000 s)
2024-06-04 00:13:08,614 INFO  - Atempting to process queue (at simulation time 233.900,000,000 s)
2024-06-04 00:13:08,614 INFO  - Vehicle is inside the detection area. (at simulation time 233.900,000,000 s)
2024-06-04 00:13:08,614 INFO  - Sent Detection message to rsu_0 (at simulation time 233.900,000,000 s)
2024-06-04 00:13:08,614 INFO  - Sent broadcast CAM message to all vehicles (at simulation time 233.900,000,000 s)
2024-06-04 00:13:08,615 INFO  - Received CAM message from veh_96 (at simulation time 233.900,400,000 s)
2024-06-04 00:13:08,615 INFO  - Received CAM message from veh_74 (at simulation time 233.900,400,000 s)
2024-06-04 00:13:08,615 INFO  - Received CAM message from veh_131 (at simulation time 233.900,900,000 s)
2024-06-04 00:13:08,615 INFO  - Received CAM message from veh_70 (at simulation time 233.900,900,000 s)
2024-06-04 00:13:08,617 INFO  - Atempting to process queue (at simulation time 234.000,000,000 s)
2024-06-04 00:13:08,617 INFO  - Vehicle is inside the detection area. (at simulation time 234.000,000,000 s)
2024-06-04 00:13:08,617 INFO  - Sent Detection message to rsu_0 (at simulation time 234.000,000,000 s)
2024-06-04 00:13:08,617 INFO  - Sent broadcast CAM message to all vehicles (at simulation time 234.000,000,000 s)
2024-06-04 00:13:08,618 INFO  - Received CAM message from veh_96 (at simulation time 234.000,400,000 s)
2024-06-04 00:13:08,618 INFO  - Received CAM message from veh_70 (at simulation time 234.000,400,000 s)
2024-06-04 00:13:08,618 INFO  - Received CAM message from veh_99 (at simulation time 234.000,900,000 s)
2024-06-04 00:13:08,618 INFO  - Received CAM message from veh_131 (at simulation time 234.001,400,000 s)
2024-06-04 00:13:08,619 INFO  - Received CAM message from veh_74 (at simulation time 234.002,400,000 s)
2024-06-04 00:13:08,619 INFO  - Atempting to process queue (at simulation time 234.100,000,000 s)
2024-06-04 00:13:08,619 INFO  - Vehicle is inside the detection area. (at simulation time 234.100,000,000 s)
2024-06-04 00:13:08,619 INFO  - Sent Detection message to rsu_0 (at simulation time 234.100,000,000 s)
2024-06-04 00:13:08,619 INFO  - Sent broadcast CAM message to all vehicles (at simulation time 234.100,000,000 s)
2024-06-04 00:13:08,619 INFO  - Received CAM message from veh_74 (at simulation time 234.100,400,000 s)
2024-06-04 00:13:08,619 INFO  - Received CAM message from veh_131 (at simulation time 234.100,900,000 s)
2024-06-04 00:13:08,619 INFO  - Received CAM message from veh_96 (at simulation time 234.100,900,000 s)
2024-06-04 00:13:08,619 INFO  - Received CAM message from veh_99 (at simulation time 234.101,400,000 s)
2024-06-04 00:13:08,619 INFO  - Received CAM message from veh_70 (at simulation time 234.101,400,000 s)
2024-06-04 00:13:08,620 INFO  - Atempting to process queue (at simulation time 234.200,000,000 s)
2024-06-04 00:13:08,620 INFO  - Vehicle is inside the detection area. (at simulation time 234.200,000,000 s)
2024-06-04 00:13:08,620 INFO  - Sent Detection message to rsu_0 (at simulation time 234.200,000,000 s)
2024-06-04 00:13:08,620 INFO  - Sent broadcast CAM message to all vehicles (at simulation time 234.200,000,000 s)
2024-06-04 00:13:08,620 INFO  - Received CAM message from veh_131 (at simulation time 234.200,400,000 s)
2024-06-04 00:13:08,620 INFO  - Received CAM message from veh_99 (at simulation time 234.200,900,000 s)
2024-06-04 00:13:08,620 INFO  - Received CAM message from veh_74 (at simulation time 234.201,400,000 s)
2024-06-04 00:13:08,621 INFO  - Received CAM message from veh_96 (at simulation time 234.202,400,000 s)
2024-06-04 00:13:08,621 INFO  - Received CAM message from veh_70 (at simulation time 234.202,400,000 s)
2024-06-04 00:13:08,621 INFO  - Atempting to process queue (at simulation time 234.300,000,000 s)
2024-06-04 00:13:08,621 INFO  - Vehicle is inside the detection area. (at simulation time 234.300,000,000 s)
2024-06-04 00:13:08,621 INFO  - Sent Detection message to rsu_0 (at simulation time 234.300,000,000 s)
2024-06-04 00:13:08,621 INFO  - Sent broadcast CAM message to all vehicles (at simulation time 234.300,000,000 s)
2024-06-04 00:13:08,621 INFO  - Received CAM message from veh_96 (at simulation time 234.300,400,000 s)
2024-06-04 00:13:08,621 INFO  - Received CAM message from veh_99 (at simulation time 234.301,400,000 s)
2024-06-04 00:13:08,622 INFO  - Received CAM message from veh_70 (at simulation time 234.301,400,000 s)
2024-06-04 00:13:08,622 INFO  - Received CAM message from veh_131 (at simulation time 234.301,900,000 s)
2024-06-04 00:13:08,622 INFO  - Received CAM message from veh_74 (at simulation time 234.301,900,000 s)
2024-06-04 00:13:08,622 INFO  - Atempting to process queue (at simulation time 234.400,000,000 s)
2024-06-04 00:13:08,622 INFO  - Vehicle is inside the detection area. (at simulation time 234.400,000,000 s)
2024-06-04 00:13:08,622 INFO  - Sent Detection message to rsu_0 (at simulation time 234.400,000,000 s)
2024-06-04 00:13:08,622 INFO  - Sent broadcast CAM message to all vehicles (at simulation time 234.400,000,000 s)
2024-06-04 00:13:08,622 INFO  - Received CAM message from veh_131 (at simulation time 234.400,400,000 s)
2024-06-04 00:13:08,622 INFO  - Received CAM message from veh_99 (at simulation time 234.400,400,000 s)
2024-06-04 00:13:08,623 INFO  - Received CAM message from veh_74 (at simulation time 234.401,900,000 s)
2024-06-04 00:13:08,623 INFO  - Received CAM message from veh_70 (at simulation time 234.401,900,000 s)
2024-06-04 00:13:08,623 INFO  - Received CAM message from veh_96 (at simulation time 234.402,400,000 s)
2024-06-04 00:13:08,623 INFO  - Atempting to process queue (at simulation time 234.500,000,000 s)
2024-06-04 00:13:08,623 INFO  - Vehicle is inside the detection area. (at simulation time 234.500,000,000 s)
2024-06-04 00:13:08,623 INFO  - Sent Detection message to rsu_0 (at simulation time 234.500,000,000 s)
2024-06-04 00:13:08,623 INFO  - Sent broadcast CAM message to all vehicles (at simulation time 234.500,000,000 s)
2024-06-04 00:13:08,623 INFO  - Received CAM message from veh_131 (at simulation time 234.500,900,000 s)
2024-06-04 00:13:08,623 INFO  - Received CAM message from veh_96 (at simulation time 234.500,900,000 s)
2024-06-04 00:13:08,623 INFO  - Received CAM message from veh_74 (at simulation time 234.500,900,000 s)
2024-06-04 00:13:08,623 INFO  - Received CAM message from veh_99 (at simulation time 234.501,400,000 s)
2024-06-04 00:13:08,624 INFO  - Received CAM message from veh_70 (at simulation time 234.501,400,000 s)
2024-06-04 00:13:08,624 INFO  - Atempting to process queue (at simulation time 234.600,000,000 s)
2024-06-04 00:13:08,624 INFO  - Vehicle is inside the detection area. (at simulation time 234.600,000,000 s)
2024-06-04 00:13:08,624 INFO  - Sent Detection message to rsu_0 (at simulation time 234.600,000,000 s)
2024-06-04 00:13:08,624 INFO  - Sent broadcast CAM message to all vehicles (at simulation time 234.600,000,000 s)
2024-06-04 00:13:08,625 INFO  - Received CAM message from veh_99 (at simulation time 234.601,400,000 s)
2024-06-04 00:13:08,625 INFO  - Received CAM message from veh_96 (at simulation time 234.601,900,000 s)
2024-06-04 00:13:08,625 INFO  - Received CAM message from veh_74 (at simulation time 234.601,900,000 s)
2024-06-04 00:13:08,625 INFO  - Received CAM message from veh_70 (at simulation time 234.601,900,000 s)
2024-06-04 00:13:08,625 INFO  - Received CAM message from veh_131 (at simulation time 234.602,400,000 s)
2024-06-04 00:13:08,625 INFO  - Atempting to process queue (at simulation time 234.700,000,000 s)
2024-06-04 00:13:08,625 INFO  - Vehicle is inside the detection area. (at simulation time 234.700,000,000 s)
2024-06-04 00:13:08,625 INFO  - Sent Detection message to rsu_0 (at simulation time 234.700,000,000 s)
2024-06-04 00:13:08,625 INFO  - Sent broadcast CAM message to all vehicles (at simulation time 234.700,000,000 s)
2024-06-04 00:13:08,626 INFO  - Received CAM message from veh_99 (at simulation time 234.700,400,000 s)
2024-06-04 00:13:08,626 INFO  - Received CAM message from veh_70 (at simulation time 234.700,900,000 s)
2024-06-04 00:13:08,626 INFO  - Received CAM message from veh_96 (at simulation time 234.701,400,000 s)
2024-06-04 00:13:08,626 INFO  - Received CAM message from veh_131 (at simulation time 234.701,900,000 s)
2024-06-04 00:13:08,626 INFO  - Received CAM message from veh_74 (at simulation time 234.701,900,000 s)
2024-06-04 00:13:08,627 INFO  - Atempting to process queue (at simulation time 234.800,000,000 s)
2024-06-04 00:13:08,627 INFO  - Vehicle is inside the detection area. (at simulation time 234.800,000,000 s)
2024-06-04 00:13:08,627 INFO  - Sent Detection message to rsu_0 (at simulation time 234.800,000,000 s)
2024-06-04 00:13:08,627 INFO  - Sent broadcast CAM message to all vehicles (at simulation time 234.800,000,000 s)
2024-06-04 00:13:08,628 INFO  - Received CAM message from veh_99 (at simulation time 234.801,400,000 s)
2024-06-04 00:13:08,628 INFO  - Received CAM message from veh_131 (at simulation time 234.801,900,000 s)
2024-06-04 00:13:08,629 INFO  - Received CAM message from veh_70 (at simulation time 234.801,900,000 s)
2024-06-04 00:13:08,629 INFO  - Received CAM message from veh_96 (at simulation time 234.802,400,000 s)
2024-06-04 00:13:08,629 INFO  - Received CAM message from veh_74 (at simulation time 234.802,400,000 s)
2024-06-04 00:13:08,629 INFO  - Atempting to process queue (at simulation time 234.900,000,000 s)
2024-06-04 00:13:08,629 INFO  - Vehicle is inside the detection area. (at simulation time 234.900,000,000 s)
2024-06-04 00:13:08,629 INFO  - Sent Detection message to rsu_0 (at simulation time 234.900,000,000 s)
2024-06-04 00:13:08,629 INFO  - Sent broadcast CAM message to all vehicles (at simulation time 234.900,000,000 s)
2024-06-04 00:13:08,630 INFO  - Received CAM message from veh_70 (at simulation time 234.900,400,000 s)
2024-06-04 00:13:08,630 INFO  - Received CAM message from veh_74 (at simulation time 234.900,900,000 s)
2024-06-04 00:13:08,631 INFO  - Received CAM message from veh_99 (at simulation time 234.901,400,000 s)
2024-06-04 00:13:08,631 INFO  - Received CAM message from veh_96 (at simulation time 234.901,900,000 s)
2024-06-04 00:13:08,631 INFO  - Received CAM message from veh_131 (at simulation time 234.902,400,000 s)
2024-06-04 00:13:08,638 INFO  - Atempting to process queue (at simulation time 235.000,000,000 s)
2024-06-04 00:13:08,638 INFO  - Vehicle is outside the detection area. (at simulation time 235.000,000,000 s)
2024-06-04 00:13:08,638 INFO  - Sent broadcast CAM message to all vehicles (at simulation time 235.000,000,000 s)
2024-06-04 00:13:08,639 INFO  - Received CAM message from veh_99 (at simulation time 235.000,400,000 s)
2024-06-04 00:13:08,639 INFO  - Received CAM message from veh_74 (at simulation time 235.000,400,000 s)
2024-06-04 00:13:08,640 INFO  - Received CAM message from veh_70 (at simulation time 235.001,900,000 s)
2024-06-04 00:13:08,640 INFO  - Received CAM message from veh_131 (at simulation time 235.002,400,000 s)
2024-06-04 00:13:08,640 INFO  - Received CAM message from veh_96 (at simulation time 235.002,400,000 s)
2024-06-04 00:13:08,640 INFO  - Received CAM message from veh_78 (at simulation time 235.002,400,000 s)
2024-06-04 00:13:08,640 INFO  - Atempting to process queue (at simulation time 235.100,000,000 s)
2024-06-04 00:13:08,640 INFO  - Vehicle is outside the detection area. (at simulation time 235.100,000,000 s)
2024-06-04 00:13:08,640 INFO  - Sent broadcast CAM message to all vehicles (at simulation time 235.100,000,000 s)
2024-06-04 00:13:08,640 INFO  - Received CAM message from veh_96 (at simulation time 235.100,400,000 s)
2024-06-04 00:13:08,640 INFO  - Received CAM message from veh_70 (at simulation time 235.100,400,000 s)
2024-06-04 00:13:08,640 INFO  - Received CAM message from veh_131 (at simulation time 235.100,900,000 s)
2024-06-04 00:13:08,640 INFO  - Received CAM message from veh_78 (at simulation time 235.100,900,000 s)
2024-06-04 00:13:08,640 INFO  - Received CAM message from veh_99 (at simulation time 235.101,400,000 s)
2024-06-04 00:13:08,640 INFO  - Received CAM message from veh_74 (at simulation time 235.101,400,000 s)
2024-06-04 00:13:08,641 INFO  - Atempting to process queue (at simulation time 235.200,000,000 s)
2024-06-04 00:13:08,641 INFO  - Vehicle is outside the detection area. (at simulation time 235.200,000,000 s)
2024-06-04 00:13:08,641 INFO  - Sent broadcast CAM message to all vehicles (at simulation time 235.200,000,000 s)
2024-06-04 00:13:08,641 INFO  - Received CAM message from veh_96 (at simulation time 235.200,400,000 s)
2024-06-04 00:13:08,641 INFO  - Received CAM message from veh_131 (at simulation time 235.200,900,000 s)
2024-06-04 00:13:08,641 INFO  - Received CAM message from veh_99 (at simulation time 235.200,900,000 s)
2024-06-04 00:13:08,642 INFO  - Received CAM message from veh_74 (at simulation time 235.201,400,000 s)
2024-06-04 00:13:08,642 INFO  - Received CAM message from veh_70 (at simulation time 235.201,400,000 s)
2024-06-04 00:13:08,642 INFO  - Received CAM message from veh_78 (at simulation time 235.201,900,000 s)
2024-06-04 00:13:08,642 INFO  - Atempting to process queue (at simulation time 235.300,000,000 s)
2024-06-04 00:13:08,642 INFO  - Vehicle is outside the detection area. (at simulation time 235.300,000,000 s)
2024-06-04 00:13:08,642 INFO  - Sent broadcast CAM message to all vehicles (at simulation time 235.300,000,000 s)
2024-06-04 00:13:08,649 INFO  - Received CAM message from veh_74 (at simulation time 235.300,900,000 s)
2024-06-04 00:13:08,649 INFO  - Received CAM message from veh_99 (at simulation time 235.301,400,000 s)
2024-06-04 00:13:08,649 INFO  - Received CAM message from veh_96 (at simulation time 235.301,400,000 s)
2024-06-04 00:13:08,649 INFO  - Received CAM message from veh_78 (at simulation time 235.301,400,000 s)
2024-06-04 00:13:08,649 INFO  - Received CAM message from veh_70 (at simulation time 235.301,400,000 s)
2024-06-04 00:13:08,649 INFO  - Received CAM message from veh_131 (at simulation time 235.302,400,000 s)
2024-06-04 00:13:08,649 INFO  - Atempting to process queue (at simulation time 235.400,000,000 s)
2024-06-04 00:13:08,649 INFO  - Vehicle is outside the detection area. (at simulation time 235.400,000,000 s)
2024-06-04 00:13:08,650 INFO  - Sent broadcast CAM message to all vehicles (at simulation time 235.400,000,000 s)
2024-06-04 00:13:08,651 INFO  - Received CAM message from veh_99 (at simulation time 235.400,400,000 s)
2024-06-04 00:13:08,652 INFO  - Received CAM message from veh_74 (at simulation time 235.401,400,000 s)
2024-06-04 00:13:08,652 INFO  - Received CAM message from veh_131 (at simulation time 235.401,900,000 s)
2024-06-04 00:13:08,652 INFO  - Received CAM message from veh_96 (at simulation time 235.401,900,000 s)
2024-06-04 00:13:08,652 INFO  - Received CAM message from veh_78 (at simulation time 235.401,900,000 s)
2024-06-04 00:13:08,652 INFO  - Received CAM message from veh_70 (at simulation time 235.401,900,000 s)
2024-06-04 00:13:08,652 INFO  - Atempting to process queue (at simulation time 235.500,000,000 s)
2024-06-04 00:13:08,652 INFO  - Vehicle is outside the detection area. (at simulation time 235.500,000,000 s)
2024-06-04 00:13:08,652 INFO  - Sent broadcast CAM message to all vehicles (at simulation time 235.500,000,000 s)
2024-06-04 00:13:08,653 INFO  - Received CAM message from veh_74 (at simulation time 235.500,400,000 s)
2024-06-04 00:13:08,653 INFO  - Received CAM message from veh_70 (at simulation time 235.500,400,000 s)
2024-06-04 00:13:08,653 INFO  - Received CAM message from veh_99 (at simulation time 235.500,900,000 s)
2024-06-04 00:13:08,654 INFO  - Received CAM message from veh_78 (at simulation time 235.500,900,000 s)
2024-06-04 00:13:08,654 INFO  - Received CAM message from veh_131 (at simulation time 235.501,400,000 s)
2024-06-04 00:13:08,654 INFO  - Received CAM message from veh_96 (at simulation time 235.502,400,000 s)
2024-06-04 00:13:08,654 INFO  - Atempting to process queue (at simulation time 235.600,000,000 s)
2024-06-04 00:13:08,654 INFO  - Vehicle is outside the detection area. (at simulation time 235.600,000,000 s)
2024-06-04 00:13:08,654 INFO  - Sent broadcast CAM message to all vehicles (at simulation time 235.600,000,000 s)
2024-06-04 00:13:08,655 INFO  - Received CAM message from veh_131 (at simulation time 235.601,900,000 s)
2024-06-04 00:13:08,655 INFO  - Received CAM message from veh_99 (at simulation time 235.601,900,000 s)
2024-06-04 00:13:08,655 INFO  - Received CAM message from veh_78 (at simulation time 235.601,900,000 s)
2024-06-04 00:13:08,655 INFO  - Received CAM message from veh_70 (at simulation time 235.601,900,000 s)
2024-06-04 00:13:08,655 INFO  - Received CAM message from veh_96 (at simulation time 235.602,400,000 s)
2024-06-04 00:13:08,655 INFO  - Received CAM message from veh_74 (at simulation time 235.602,400,000 s)
2024-06-04 00:13:08,656 INFO  - Atempting to process queue (at simulation time 235.700,000,000 s)
2024-06-04 00:13:08,656 INFO  - Vehicle is outside the detection area. (at simulation time 235.700,000,000 s)
2024-06-04 00:13:08,656 INFO  - Sent broadcast CAM message to all vehicles (at simulation time 235.700,000,000 s)
2024-06-04 00:13:08,656 INFO  - Received CAM message from veh_99 (at simulation time 235.700,400,000 s)
2024-06-04 00:13:08,656 INFO  - Received CAM message from veh_96 (at simulation time 235.700,900,000 s)
2024-06-04 00:13:08,656 INFO  - Received CAM message from veh_70 (at simulation time 235.700,900,000 s)
2024-06-04 00:13:08,656 INFO  - Received CAM message from veh_74 (at simulation time 235.701,900,000 s)
2024-06-04 00:13:08,657 INFO  - Received CAM message from veh_131 (at simulation time 235.702,400,000 s)
2024-06-04 00:13:08,657 INFO  - Received CAM message from veh_78 (at simulation time 235.702,400,000 s)
2024-06-04 00:13:08,657 INFO  - Atempting to process queue (at simulation time 235.800,000,000 s)
2024-06-04 00:13:08,657 INFO  - Vehicle is outside the detection area. (at simulation time 235.800,000,000 s)
2024-06-04 00:13:08,657 INFO  - Sent broadcast CAM message to all vehicles (at simulation time 235.800,000,000 s)
2024-06-04 00:13:08,657 INFO  - Received CAM message from veh_131 (at simulation time 235.800,900,000 s)
2024-06-04 00:13:08,658 INFO  - Received CAM message from veh_78 (at simulation time 235.801,900,000 s)
2024-06-04 00:13:08,658 INFO  - Received CAM message from veh_74 (at simulation time 235.801,900,000 s)
2024-06-04 00:13:08,658 INFO  - Received CAM message from veh_70 (at simulation time 235.801,900,000 s)
2024-06-04 00:13:08,658 INFO  - Received CAM message from veh_99 (at simulation time 235.802,400,000 s)
2024-06-04 00:13:08,658 INFO  - Received CAM message from veh_96 (at simulation time 235.802,400,000 s)
2024-06-04 00:13:08,658 INFO  - Atempting to process queue (at simulation time 235.900,000,000 s)
2024-06-04 00:13:08,658 INFO  - Vehicle is outside the detection area. (at simulation time 235.900,000,000 s)
2024-06-04 00:13:08,658 INFO  - Sent broadcast CAM message to all vehicles (at simulation time 235.900,000,000 s)
2024-06-04 00:13:08,659 INFO  - Received CAM message from veh_131 (at simulation time 235.900,900,000 s)
2024-06-04 00:13:08,659 INFO  - Received CAM message from veh_96 (at simulation time 235.900,900,000 s)
2024-06-04 00:13:08,659 INFO  - Received CAM message from veh_78 (at simulation time 235.900,900,000 s)
2024-06-04 00:13:08,659 INFO  - Received CAM message from veh_99 (at simulation time 235.901,400,000 s)
2024-06-04 00:13:08,659 INFO  - Received CAM message from veh_70 (at simulation time 235.901,400,000 s)
2024-06-04 00:13:08,659 INFO  - Received CAM message from veh_74 (at simulation time 235.901,900,000 s)
2024-06-04 00:13:08,661 INFO  - Atempting to process queue (at simulation time 236.000,000,000 s)
2024-06-04 00:13:08,661 INFO  - Vehicle is outside the detection area. (at simulation time 236.000,000,000 s)
2024-06-04 00:13:08,661 INFO  - Sent broadcast CAM message to all vehicles (at simulation time 236.000,000,000 s)
2024-06-04 00:13:08,662 INFO  - Received CAM message from veh_131 (at simulation time 236.000,400,000 s)
2024-06-04 00:13:08,662 INFO  - Received CAM message from veh_99 (at simulation time 236.000,900,000 s)
2024-06-04 00:13:08,662 INFO  - Received CAM message from veh_70 (at simulation time 236.000,900,000 s)
2024-06-04 00:13:08,663 INFO  - Received CAM message from veh_96 (at simulation time 236.001,900,000 s)
2024-06-04 00:13:08,663 INFO  - Received CAM message from veh_74 (at simulation time 236.002,400,000 s)
2024-06-04 00:13:08,663 INFO  - Atempting to process queue (at simulation time 236.100,000,000 s)
2024-06-04 00:13:08,663 INFO  - Vehicle is outside the detection area. (at simulation time 236.100,000,000 s)
2024-06-04 00:13:08,663 INFO  - Sent broadcast CAM message to all vehicles (at simulation time 236.100,000,000 s)
2024-06-04 00:13:08,663 INFO  - Received CAM message from veh_96 (at simulation time 236.100,400,000 s)
2024-06-04 00:13:08,664 INFO  - Received CAM message from veh_70 (at simulation time 236.101,400,000 s)
2024-06-04 00:13:08,664 INFO  - Received CAM message from veh_131 (at simulation time 236.101,900,000 s)
2024-06-04 00:13:08,664 INFO  - Received CAM message from veh_99 (at simulation time 236.101,900,000 s)
2024-06-04 00:13:08,664 INFO  - Received CAM message from veh_74 (at simulation time 236.102,400,000 s)
2024-06-04 00:13:08,664 INFO  - Atempting to process queue (at simulation time 236.200,000,000 s)
2024-06-04 00:13:08,664 INFO  - Vehicle is outside the detection area. (at simulation time 236.200,000,000 s)
2024-06-04 00:13:08,664 INFO  - Sent broadcast CAM message to all vehicles (at simulation time 236.200,000,000 s)
2024-06-04 00:13:08,665 INFO  - Received CAM message from veh_131 (at simulation time 236.200,400,000 s)
2024-06-04 00:13:08,666 INFO  - Received CAM message from veh_74 (at simulation time 236.200,900,000 s)
2024-06-04 00:13:08,666 INFO  - Received CAM message from veh_99 (at simulation time 236.201,400,000 s)
2024-06-04 00:13:08,666 INFO  - Received CAM message from veh_96 (at simulation time 236.201,400,000 s)
2024-06-04 00:13:08,666 INFO  - Received CAM message from veh_70 (at simulation time 236.201,400,000 s)
2024-06-04 00:13:08,667 INFO  - Atempting to process queue (at simulation time 236.300,000,000 s)
2024-06-04 00:13:08,667 INFO  - Vehicle is outside the detection area. (at simulation time 236.300,000,000 s)
2024-06-04 00:13:08,667 INFO  - Sent broadcast CAM message to all vehicles (at simulation time 236.300,000,000 s)
2024-06-04 00:13:08,669 INFO  - Received CAM message from veh_96 (at simulation time 236.300,400,000 s)
2024-06-04 00:13:08,669 INFO  - Received CAM message from veh_74 (at simulation time 236.300,900,000 s)
2024-06-04 00:13:08,669 INFO  - Received CAM message from veh_131 (at simulation time 236.301,900,000 s)
2024-06-04 00:13:08,669 INFO  - Received CAM message from veh_99 (at simulation time 236.301,900,000 s)
2024-06-04 00:13:08,670 INFO  - Received CAM message from veh_70 (at simulation time 236.302,400,000 s)
2024-06-04 00:13:08,670 INFO  - Atempting to process queue (at simulation time 236.400,000,000 s)
2024-06-04 00:13:08,670 INFO  - Vehicle is outside the detection area. (at simulation time 236.400,000,000 s)
2024-06-04 00:13:08,670 INFO  - Sent broadcast CAM message to all vehicles (at simulation time 236.400,000,000 s)
2024-06-04 00:13:08,670 INFO  - Received CAM message from veh_131 (at simulation time 236.400,900,000 s)
2024-06-04 00:13:08,671 INFO  - Received CAM message from veh_99 (at simulation time 236.400,900,000 s)
2024-06-04 00:13:08,671 INFO  - Received CAM message from veh_96 (at simulation time 236.400,900,000 s)
2024-06-04 00:13:08,671 INFO  - Received CAM message from veh_74 (at simulation time 236.400,900,000 s)
2024-06-04 00:13:08,671 INFO  - Received CAM message from veh_70 (at simulation time 236.401,900,000 s)
2024-06-04 00:13:08,671 INFO  - Atempting to process queue (at simulation time 236.500,000,000 s)
2024-06-04 00:13:08,671 INFO  - Vehicle is outside the detection area. (at simulation time 236.500,000,000 s)
2024-06-04 00:13:08,671 INFO  - Sent broadcast CAM message to all vehicles (at simulation time 236.500,000,000 s)
2024-06-04 00:13:08,672 INFO  - Received CAM message from veh_131 (at simulation time 236.500,400,000 s)
2024-06-04 00:13:08,672 INFO  - Received CAM message from veh_74 (at simulation time 236.500,400,000 s)
2024-06-04 00:13:08,673 INFO  - Received CAM message from veh_99 (at simulation time 236.501,400,000 s)
2024-06-04 00:13:08,673 INFO  - Received CAM message from veh_96 (at simulation time 236.501,900,000 s)
2024-06-04 00:13:08,673 INFO  - Received CAM message from veh_70 (at simulation time 236.501,900,000 s)
2024-06-04 00:13:08,673 INFO  - Atempting to process queue (at simulation time 236.600,000,000 s)
2024-06-04 00:13:08,673 INFO  - Vehicle is outside the detection area. (at simulation time 236.600,000,000 s)
2024-06-04 00:13:08,673 INFO  - Sent broadcast CAM message to all vehicles (at simulation time 236.600,000,000 s)
2024-06-04 00:13:08,673 INFO  - Received CAM message from veh_131 (at simulation time 236.600,400,000 s)
2024-06-04 00:13:08,674 INFO  - Received CAM message from veh_99 (at simulation time 236.601,400,000 s)
2024-06-04 00:13:08,674 INFO  - Received CAM message from veh_96 (at simulation time 236.601,900,000 s)
2024-06-04 00:13:08,674 INFO  - Received CAM message from veh_74 (at simulation time 236.601,900,000 s)
2024-06-04 00:13:08,674 INFO  - Received CAM message from veh_70 (at simulation time 236.601,900,000 s)
2024-06-04 00:13:08,674 INFO  - Atempting to process queue (at simulation time 236.700,000,000 s)
2024-06-04 00:13:08,674 INFO  - Vehicle is outside the detection area. (at simulation time 236.700,000,000 s)
2024-06-04 00:13:08,674 INFO  - Sent broadcast CAM message to all vehicles (at simulation time 236.700,000,000 s)
2024-06-04 00:13:08,675 INFO  - Received CAM message from veh_74 (at simulation time 236.700,400,000 s)
2024-06-04 00:13:08,675 INFO  - Received CAM message from veh_70 (at simulation time 236.700,400,000 s)
2024-06-04 00:13:08,675 INFO  - Received CAM message from veh_131 (at simulation time 236.700,900,000 s)
2024-06-04 00:13:08,675 INFO  - Received CAM message from veh_96 (at simulation time 236.700,900,000 s)
2024-06-04 00:13:08,675 INFO  - Received CAM message from veh_99 (at simulation time 236.701,400,000 s)
2024-06-04 00:13:08,676 INFO  - Atempting to process queue (at simulation time 236.800,000,000 s)
2024-06-04 00:13:08,676 INFO  - Vehicle is outside the detection area. (at simulation time 236.800,000,000 s)
2024-06-04 00:13:08,676 INFO  - Sent broadcast CAM message to all vehicles (at simulation time 236.800,000,000 s)
2024-06-04 00:13:08,676 INFO  - Received CAM message from veh_99 (at simulation time 236.800,400,000 s)
2024-06-04 00:13:08,676 INFO  - Received CAM message from veh_74 (at simulation time 236.800,900,000 s)
2024-06-04 00:13:08,676 INFO  - Received CAM message from veh_131 (at simulation time 236.801,400,000 s)
2024-06-04 00:13:08,677 INFO  - Received CAM message from veh_70 (at simulation time 236.801,400,000 s)
2024-06-04 00:13:08,677 INFO  - Received CAM message from veh_96 (at simulation time 236.802,400,000 s)
2024-06-04 00:13:08,677 INFO  - Atempting to process queue (at simulation time 236.900,000,000 s)
2024-06-04 00:13:08,677 INFO  - Vehicle is outside the detection area. (at simulation time 236.900,000,000 s)
2024-06-04 00:13:08,677 INFO  - Sent broadcast CAM message to all vehicles (at simulation time 236.900,000,000 s)
2024-06-04 00:13:08,677 INFO  - Received CAM message from veh_99 (at simulation time 236.900,900,000 s)
2024-06-04 00:13:08,677 INFO  - Received CAM message from veh_96 (at simulation time 236.900,900,000 s)
2024-06-04 00:13:08,677 INFO  - Received CAM message from veh_74 (at simulation time 236.900,900,000 s)
2024-06-04 00:13:08,678 INFO  - Received CAM message from veh_131 (at simulation time 236.901,400,000 s)
2024-06-04 00:13:08,678 INFO  - Received CAM message from veh_70 (at simulation time 236.902,400,000 s)
2024-06-04 00:13:08,681 INFO  - Atempting to process queue (at simulation time 237.000,000,000 s)
2024-06-04 00:13:08,681 INFO  - Vehicle is outside the detection area. (at simulation time 237.000,000,000 s)
2024-06-04 00:13:08,681 INFO  - Sent broadcast CAM message to all vehicles (at simulation time 237.000,000,000 s)
2024-06-04 00:13:08,683 INFO  - Received CAM message from veh_74 (at simulation time 237.000,400,000 s)
2024-06-04 00:13:08,683 INFO  - Received CAM message from veh_70 (at simulation time 237.000,400,000 s)
2024-06-04 00:13:08,684 INFO  - Received CAM message from veh_131 (at simulation time 237.001,400,000 s)
2024-06-04 00:13:08,684 INFO  - Received CAM message from veh_96 (at simulation time 237.001,900,000 s)
2024-06-04 00:13:08,685 INFO  - Atempting to process queue (at simulation time 237.100,000,000 s)
2024-06-04 00:13:08,685 INFO  - Vehicle is outside the detection area. (at simulation time 237.100,000,000 s)
2024-06-04 00:13:08,685 INFO  - Sent broadcast CAM message to all vehicles (at simulation time 237.100,000,000 s)
2024-06-04 00:13:08,686 INFO  - Received CAM message from veh_70 (at simulation time 237.100,400,000 s)
2024-06-04 00:13:08,686 INFO  - Received CAM message from veh_96 (at simulation time 237.100,900,000 s)
2024-06-04 00:13:08,686 INFO  - Received CAM message from veh_74 (at simulation time 237.100,900,000 s)
2024-06-04 00:13:08,686 INFO  - Received CAM message from veh_131 (at simulation time 237.101,900,000 s)
2024-06-04 00:13:08,687 INFO  - Atempting to process queue (at simulation time 237.200,000,000 s)
2024-06-04 00:13:08,687 INFO  - Vehicle is outside the detection area. (at simulation time 237.200,000,000 s)
2024-06-04 00:13:08,687 INFO  - Sent broadcast CAM message to all vehicles (at simulation time 237.200,000,000 s)
2024-06-04 00:13:08,687 INFO  - Received CAM message from veh_131 (at simulation time 237.200,400,000 s)
2024-06-04 00:13:08,688 INFO  - Received CAM message from veh_74 (at simulation time 237.200,900,000 s)
2024-06-04 00:13:08,688 INFO  - Received CAM message from veh_70 (at simulation time 237.200,900,000 s)
2024-06-04 00:13:08,688 INFO  - Received CAM message from veh_96 (at simulation time 237.201,400,000 s)
2024-06-04 00:13:08,689 INFO  - Atempting to process queue (at simulation time 237.300,000,000 s)
2024-06-04 00:13:08,689 INFO  - Vehicle is outside the detection area. (at simulation time 237.300,000,000 s)
2024-06-04 00:13:08,689 INFO  - Sent broadcast CAM message to all vehicles (at simulation time 237.300,000,000 s)
2024-06-04 00:13:08,689 INFO  - Received CAM message from veh_131 (at simulation time 237.300,900,000 s)
2024-06-04 00:13:08,690 INFO  - Received CAM message from veh_74 (at simulation time 237.300,900,000 s)
2024-06-04 00:13:08,690 INFO  - Received CAM message from veh_96 (at simulation time 237.301,400,000 s)
2024-06-04 00:13:08,690 INFO  - Received CAM message from veh_70 (at simulation time 237.301,400,000 s)
2024-06-04 00:13:08,690 INFO  - Atempting to process queue (at simulation time 237.400,000,000 s)
2024-06-04 00:13:08,690 INFO  - Vehicle is outside the detection area. (at simulation time 237.400,000,000 s)
2024-06-04 00:13:08,690 INFO  - Sent broadcast CAM message to all vehicles (at simulation time 237.400,000,000 s)
2024-06-04 00:13:08,690 INFO  - Received CAM message from veh_96 (at simulation time 237.400,400,000 s)
2024-06-04 00:13:08,691 INFO  - Received CAM message from veh_131 (at simulation time 237.401,900,000 s)
2024-06-04 00:13:08,691 INFO  - Received CAM message from veh_74 (at simulation time 237.402,400,000 s)
2024-06-04 00:13:08,691 INFO  - Received CAM message from veh_70 (at simulation time 237.402,400,000 s)
2024-06-04 00:13:08,691 INFO  - Atempting to process queue (at simulation time 237.500,000,000 s)
2024-06-04 00:13:08,691 INFO  - Vehicle is outside the detection area. (at simulation time 237.500,000,000 s)
2024-06-04 00:13:08,691 INFO  - Sent broadcast CAM message to all vehicles (at simulation time 237.500,000,000 s)
2024-06-04 00:13:08,692 INFO  - Received CAM message from veh_131 (at simulation time 237.500,400,000 s)
2024-06-04 00:13:08,692 INFO  - Received CAM message from veh_96 (at simulation time 237.500,400,000 s)
2024-06-04 00:13:08,692 INFO  - Received CAM message from veh_74 (at simulation time 237.500,400,000 s)
2024-06-04 00:13:08,692 INFO  - Received CAM message from veh_70 (at simulation time 237.500,400,000 s)
2024-06-04 00:13:08,692 INFO  - Atempting to process queue (at simulation time 237.600,000,000 s)
2024-06-04 00:13:08,692 INFO  - Vehicle is outside the detection area. (at simulation time 237.600,000,000 s)
2024-06-04 00:13:08,692 INFO  - Sent broadcast CAM message to all vehicles (at simulation time 237.600,000,000 s)
2024-06-04 00:13:08,693 INFO  - Received CAM message from veh_70 (at simulation time 237.600,900,000 s)
2024-06-04 00:13:08,693 INFO  - Received CAM message from veh_96 (at simulation time 237.601,900,000 s)
2024-06-04 00:13:08,693 INFO  - Received CAM message from veh_131 (at simulation time 237.602,400,000 s)
2024-06-04 00:13:08,694 INFO  - Received CAM message from veh_74 (at simulation time 237.602,400,000 s)
2024-06-04 00:13:08,694 INFO  - Atempting to process queue (at simulation time 237.700,000,000 s)
2024-06-04 00:13:08,694 INFO  - Vehicle is outside the detection area. (at simulation time 237.700,000,000 s)
2024-06-04 00:13:08,694 INFO  - Sent broadcast CAM message to all vehicles (at simulation time 237.700,000,000 s)
2024-06-04 00:13:08,694 INFO  - Received CAM message from veh_96 (at simulation time 237.700,900,000 s)
2024-06-04 00:13:08,694 INFO  - Received CAM message from veh_74 (at simulation time 237.700,900,000 s)
2024-06-04 00:13:08,694 INFO  - Received CAM message from veh_70 (at simulation time 237.701,400,000 s)
2024-06-04 00:13:08,694 INFO  - Received CAM message from veh_131 (at simulation time 237.701,900,000 s)
2024-06-04 00:13:08,695 INFO  - Atempting to process queue (at simulation time 237.800,000,000 s)
2024-06-04 00:13:08,695 INFO  - Vehicle is outside the detection area. (at simulation time 237.800,000,000 s)
2024-06-04 00:13:08,695 INFO  - Sent broadcast CAM message to all vehicles (at simulation time 237.800,000,000 s)
2024-06-04 00:13:08,695 INFO  - Received CAM message from veh_131 (at simulation time 237.800,400,000 s)
2024-06-04 00:13:08,695 INFO  - Received CAM message from veh_74 (at simulation time 237.800,400,000 s)
2024-06-04 00:13:08,696 INFO  - Received CAM message from veh_70 (at simulation time 237.800,900,000 s)
2024-06-04 00:13:08,696 INFO  - Received CAM message from veh_96 (at simulation time 237.802,400,000 s)
2024-06-04 00:13:08,696 INFO  - Atempting to process queue (at simulation time 237.900,000,000 s)
2024-06-04 00:13:08,696 INFO  - Vehicle is outside the detection area. (at simulation time 237.900,000,000 s)
2024-06-04 00:13:08,696 INFO  - Sent broadcast CAM message to all vehicles (at simulation time 237.900,000,000 s)
2024-06-04 00:13:08,697 INFO  - Received CAM message from veh_131 (at simulation time 237.900,900,000 s)
2024-06-04 00:13:08,697 INFO  - Received CAM message from veh_70 (at simulation time 237.901,400,000 s)
2024-06-04 00:13:08,697 INFO  - Received CAM message from veh_74 (at simulation time 237.901,900,000 s)
2024-06-04 00:13:08,697 INFO  - Received CAM message from veh_96 (at simulation time 237.902,400,000 s)
2024-06-04 00:13:08,701 INFO  - Atempting to process queue (at simulation time 238.000,000,000 s)
2024-06-04 00:13:08,701 INFO  - Vehicle is outside the detection area. (at simulation time 238.000,000,000 s)
2024-06-04 00:13:08,701 INFO  - Sent broadcast CAM message to all vehicles (at simulation time 238.000,000,000 s)
2024-06-04 00:13:08,704 INFO  - Received CAM message from veh_74 (at simulation time 238.000,400,000 s)
2024-06-04 00:13:08,704 INFO  - Received CAM message from veh_131 (at simulation time 238.001,400,000 s)
2024-06-04 00:13:08,705 INFO  - Received CAM message from veh_96 (at simulation time 238.002,400,000 s)
2024-06-04 00:13:08,705 INFO  - Atempting to process queue (at simulation time 238.100,000,000 s)
2024-06-04 00:13:08,705 INFO  - Vehicle is outside the detection area. (at simulation time 238.100,000,000 s)
2024-06-04 00:13:08,705 INFO  - Sent broadcast CAM message to all vehicles (at simulation time 238.100,000,000 s)
2024-06-04 00:13:08,706 INFO  - Received CAM message from veh_96 (at simulation time 238.100,400,000 s)
2024-06-04 00:13:08,706 INFO  - Received CAM message from veh_131 (at simulation time 238.101,400,000 s)
2024-06-04 00:13:08,706 INFO  - Received CAM message from veh_74 (at simulation time 238.102,400,000 s)
2024-06-04 00:13:08,707 INFO  - Atempting to process queue (at simulation time 238.200,000,000 s)
2024-06-04 00:13:08,707 INFO  - Vehicle is outside the detection area. (at simulation time 238.200,000,000 s)
2024-06-04 00:13:08,707 INFO  - Sent broadcast CAM message to all vehicles (at simulation time 238.200,000,000 s)
2024-06-04 00:13:08,708 INFO  - Received CAM message from veh_74 (at simulation time 238.201,400,000 s)
2024-06-04 00:13:08,708 INFO  - Received CAM message from veh_131 (at simulation time 238.201,900,000 s)
2024-06-04 00:13:08,708 INFO  - Received CAM message from veh_96 (at simulation time 238.201,900,000 s)
2024-06-04 00:13:08,709 INFO  - Atempting to process queue (at simulation time 238.300,000,000 s)
2024-06-04 00:13:08,709 INFO  - Vehicle is outside the detection area. (at simulation time 238.300,000,000 s)
2024-06-04 00:13:08,709 INFO  - Sent broadcast CAM message to all vehicles (at simulation time 238.300,000,000 s)
2024-06-04 00:13:08,709 INFO  - Received CAM message from veh_131 (at simulation time 238.300,400,000 s)
2024-06-04 00:13:08,709 INFO  - Received CAM message from veh_96 (at simulation time 238.301,400,000 s)
2024-06-04 00:13:08,710 INFO  - Received CAM message from veh_74 (at simulation time 238.301,900,000 s)
2024-06-04 00:13:08,710 INFO  - Atempting to process queue (at simulation time 238.400,000,000 s)
2024-06-04 00:13:08,710 INFO  - Vehicle is outside the detection area. (at simulation time 238.400,000,000 s)
2024-06-04 00:13:08,710 INFO  - Sent broadcast CAM message to all vehicles (at simulation time 238.400,000,000 s)
2024-06-04 00:13:08,711 INFO  - Received CAM message from veh_74 (at simulation time 238.401,400,000 s)
2024-06-04 00:13:08,711 INFO  - Received CAM message from veh_131 (at simulation time 238.401,900,000 s)
2024-06-04 00:13:08,711 INFO  - Received CAM message from veh_96 (at simulation time 238.402,400,000 s)
2024-06-04 00:13:08,711 INFO  - Atempting to process queue (at simulation time 238.500,000,000 s)
2024-06-04 00:13:08,711 INFO  - Vehicle is outside the detection area. (at simulation time 238.500,000,000 s)
2024-06-04 00:13:08,711 INFO  - Sent broadcast CAM message to all vehicles (at simulation time 238.500,000,000 s)
2024-06-04 00:13:08,712 INFO  - Received CAM message from veh_131 (at simulation time 238.500,400,000 s)
2024-06-04 00:13:08,712 INFO  - Received CAM message from veh_96 (at simulation time 238.500,900,000 s)
2024-06-04 00:13:08,712 INFO  - Received CAM message from veh_74 (at simulation time 238.500,900,000 s)
2024-06-04 00:13:08,712 INFO  - Atempting to process queue (at simulation time 238.600,000,000 s)
2024-06-04 00:13:08,712 INFO  - Vehicle is outside the detection area. (at simulation time 238.600,000,000 s)
2024-06-04 00:13:08,712 INFO  - Sent broadcast CAM message to all vehicles (at simulation time 238.600,000,000 s)
2024-06-04 00:13:08,713 INFO  - Received CAM message from veh_74 (at simulation time 238.600,900,000 s)
2024-06-04 00:13:08,714 INFO  - Received CAM message from veh_131 (at simulation time 238.601,900,000 s)
2024-06-04 00:13:08,714 INFO  - Received CAM message from veh_96 (at simulation time 238.602,400,000 s)
2024-06-04 00:13:08,714 INFO  - Atempting to process queue (at simulation time 238.700,000,000 s)
2024-06-04 00:13:08,714 INFO  - Vehicle is outside the detection area. (at simulation time 238.700,000,000 s)
2024-06-04 00:13:08,714 INFO  - Sent broadcast CAM message to all vehicles (at simulation time 238.700,000,000 s)
2024-06-04 00:13:08,715 INFO  - Received CAM message from veh_96 (at simulation time 238.700,400,000 s)
2024-06-04 00:13:08,715 INFO  - Received CAM message from veh_131 (at simulation time 238.700,900,000 s)
2024-06-04 00:13:08,716 INFO  - Received CAM message from veh_74 (at simulation time 238.701,900,000 s)
2024-06-04 00:13:08,717 INFO  - Atempting to process queue (at simulation time 238.800,000,000 s)
2024-06-04 00:13:08,717 INFO  - Vehicle is outside the detection area. (at simulation time 238.800,000,000 s)
2024-06-04 00:13:08,717 INFO  - Sent broadcast CAM message to all vehicles (at simulation time 238.800,000,000 s)
2024-06-04 00:13:08,718 INFO  - Received CAM message from veh_131 (at simulation time 238.800,900,000 s)
2024-06-04 00:13:08,718 INFO  - Received CAM message from veh_74 (at simulation time 238.800,900,000 s)
2024-06-04 00:13:08,719 INFO  - Received CAM message from veh_96 (at simulation time 238.801,400,000 s)
2024-06-04 00:13:08,719 INFO  - Atempting to process queue (at simulation time 238.900,000,000 s)
2024-06-04 00:13:08,719 INFO  - Vehicle is outside the detection area. (at simulation time 238.900,000,000 s)
2024-06-04 00:13:08,719 INFO  - Sent broadcast CAM message to all vehicles (at simulation time 238.900,000,000 s)
2024-06-04 00:13:08,720 INFO  - Received CAM message from veh_131 (at simulation time 238.901,900,000 s)
2024-06-04 00:13:08,720 INFO  - Received CAM message from veh_96 (at simulation time 238.901,900,000 s)
2024-06-04 00:13:08,720 INFO  - Received CAM message from veh_74 (at simulation time 238.901,900,000 s)
2024-06-04 00:13:08,724 INFO  - Atempting to process queue (at simulation time 239.000,000,000 s)
2024-06-04 00:13:08,724 INFO  - Vehicle is outside the detection area. (at simulation time 239.000,000,000 s)
2024-06-04 00:13:08,724 INFO  - Sent broadcast CAM message to all vehicles (at simulation time 239.000,000,000 s)
2024-06-04 00:13:08,725 INFO  - Received CAM message from veh_131 (at simulation time 239.000,400,000 s)
2024-06-04 00:13:08,726 INFO  - Received CAM message from veh_96 (at simulation time 239.001,900,000 s)
2024-06-04 00:13:08,726 INFO  - Received CAM message from veh_74 (at simulation time 239.001,900,000 s)
2024-06-04 00:13:08,726 INFO  - Atempting to process queue (at simulation time 239.100,000,000 s)
2024-06-04 00:13:08,726 INFO  - Vehicle is outside the detection area. (at simulation time 239.100,000,000 s)
2024-06-04 00:13:08,726 INFO  - Sent broadcast CAM message to all vehicles (at simulation time 239.100,000,000 s)
2024-06-04 00:13:08,727 INFO  - Received CAM message from veh_96 (at simulation time 239.101,400,000 s)
2024-06-04 00:13:08,727 INFO  - Received CAM message from veh_131 (at simulation time 239.102,400,000 s)
2024-06-04 00:13:08,727 INFO  - Received CAM message from veh_74 (at simulation time 239.102,400,000 s)
2024-06-04 00:13:08,727 INFO  - Atempting to process queue (at simulation time 239.200,000,000 s)
2024-06-04 00:13:08,727 INFO  - Vehicle is outside the detection area. (at simulation time 239.200,000,000 s)
2024-06-04 00:13:08,727 INFO  - Sent broadcast CAM message to all vehicles (at simulation time 239.200,000,000 s)
2024-06-04 00:13:08,728 INFO  - Received CAM message from veh_131 (at simulation time 239.200,900,000 s)
2024-06-04 00:13:08,729 INFO  - Received CAM message from veh_74 (at simulation time 239.201,900,000 s)
2024-06-04 00:13:08,729 INFO  - Received CAM message from veh_96 (at simulation time 239.202,400,000 s)
2024-06-04 00:13:08,729 INFO  - Atempting to process queue (at simulation time 239.300,000,000 s)
2024-06-04 00:13:08,729 INFO  - Vehicle is outside the detection area. (at simulation time 239.300,000,000 s)
2024-06-04 00:13:08,729 INFO  - Sent broadcast CAM message to all vehicles (at simulation time 239.300,000,000 s)
2024-06-04 00:13:08,730 INFO  - Received CAM message from veh_131 (at simulation time 239.300,900,000 s)
2024-06-04 00:13:08,730 INFO  - Received CAM message from veh_74 (at simulation time 239.300,900,000 s)
2024-06-04 00:13:08,730 INFO  - Received CAM message from veh_96 (at simulation time 239.302,400,000 s)
2024-06-04 00:13:08,731 INFO  - Atempting to process queue (at simulation time 239.400,000,000 s)
2024-06-04 00:13:08,731 INFO  - Vehicle is outside the detection area. (at simulation time 239.400,000,000 s)
2024-06-04 00:13:08,731 INFO  - Sent broadcast CAM message to all vehicles (at simulation time 239.400,000,000 s)
2024-06-04 00:13:08,732 INFO  - Received CAM message from veh_96 (at simulation time 239.400,400,000 s)
2024-06-04 00:13:08,732 INFO  - Received CAM message from veh_131 (at simulation time 239.400,900,000 s)
2024-06-04 00:13:08,733 INFO  - Received CAM message from veh_74 (at simulation time 239.401,900,000 s)
2024-06-04 00:13:08,734 INFO  - Atempting to process queue (at simulation time 239.500,000,000 s)
2024-06-04 00:13:08,734 INFO  - Vehicle is outside the detection area. (at simulation time 239.500,000,000 s)
2024-06-04 00:13:08,734 INFO  - Sent broadcast CAM message to all vehicles (at simulation time 239.500,000,000 s)
2024-06-04 00:13:08,735 INFO  - Received CAM message from veh_131 (at simulation time 239.500,400,000 s)
2024-06-04 00:13:08,735 INFO  - Received CAM message from veh_96 (at simulation time 239.500,900,000 s)
2024-06-04 00:13:08,736 INFO  - Received CAM message from veh_74 (at simulation time 239.502,400,000 s)
2024-06-04 00:13:08,736 INFO  - Atempting to process queue (at simulation time 239.600,000,000 s)
2024-06-04 00:13:08,736 INFO  - Vehicle is outside the detection area. (at simulation time 239.600,000,000 s)
2024-06-04 00:13:08,736 INFO  - Sent broadcast CAM message to all vehicles (at simulation time 239.600,000,000 s)
2024-06-04 00:13:08,737 INFO  - Received CAM message from veh_96 (at simulation time 239.601,400,000 s)
2024-06-04 00:13:08,737 INFO  - Received CAM message from veh_74 (at simulation time 239.601,400,000 s)
2024-06-04 00:13:08,738 INFO  - Received CAM message from veh_131 (at simulation time 239.602,400,000 s)
2024-06-04 00:13:08,738 INFO  - Atempting to process queue (at simulation time 239.700,000,000 s)
2024-06-04 00:13:08,738 INFO  - Vehicle is outside the detection area. (at simulation time 239.700,000,000 s)
2024-06-04 00:13:08,738 INFO  - Sent broadcast CAM message to all vehicles (at simulation time 239.700,000,000 s)
2024-06-04 00:13:08,740 INFO  - Received CAM message from veh_131 (at simulation time 239.700,900,000 s)
2024-06-04 00:13:08,740 INFO  - Received CAM message from veh_74 (at simulation time 239.700,900,000 s)
2024-06-04 00:13:08,740 INFO  - Received CAM message from veh_96 (at simulation time 239.701,400,000 s)
2024-06-04 00:13:08,740 INFO  - Atempting to process queue (at simulation time 239.800,000,000 s)
2024-06-04 00:13:08,740 INFO  - Vehicle is outside the detection area. (at simulation time 239.800,000,000 s)
2024-06-04 00:13:08,740 INFO  - Sent broadcast CAM message to all vehicles (at simulation time 239.800,000,000 s)
2024-06-04 00:13:08,741 INFO  - Received CAM message from veh_131 (at simulation time 239.801,900,000 s)
2024-06-04 00:13:08,742 INFO  - Received CAM message from veh_96 (at simulation time 239.802,400,000 s)
2024-06-04 00:13:08,742 INFO  - Received CAM message from veh_74 (at simulation time 239.802,400,000 s)
2024-06-04 00:13:08,742 INFO  - Atempting to process queue (at simulation time 239.900,000,000 s)
2024-06-04 00:13:08,742 INFO  - Vehicle is outside the detection area. (at simulation time 239.900,000,000 s)
2024-06-04 00:13:08,742 INFO  - Sent broadcast CAM message to all vehicles (at simulation time 239.900,000,000 s)
2024-06-04 00:13:08,743 INFO  - Received CAM message from veh_131 (at simulation time 239.901,400,000 s)
2024-06-04 00:13:08,743 INFO  - Received CAM message from veh_96 (at simulation time 239.901,900,000 s)
2024-06-04 00:13:08,743 INFO  - Received CAM message from veh_74 (at simulation time 239.901,900,000 s)
2024-06-04 00:13:08,745 INFO  - Atempting to process queue (at simulation time 240.000,000,000 s)
2024-06-04 00:13:08,745 INFO  - Vehicle is outside the detection area. (at simulation time 240.000,000,000 s)
2024-06-04 00:13:08,745 INFO  - Sent broadcast CAM message to all vehicles (at simulation time 240.000,000,000 s)
2024-06-04 00:13:08,749 INFO  - Received CAM message from veh_74 (at simulation time 240.000,400,000 s)
2024-06-04 00:13:08,749 INFO  - Received CAM message from veh_131 (at simulation time 240.001,400,000 s)
2024-06-04 00:13:08,749 INFO  - Received CAM message from veh_96 (at simulation time 240.001,400,000 s)
2024-06-04 00:13:08,750 INFO  - Atempting to process queue (at simulation time 240.100,000,000 s)
2024-06-04 00:13:08,750 INFO  - Vehicle is outside the detection area. (at simulation time 240.100,000,000 s)
2024-06-04 00:13:08,750 INFO  - Sent broadcast CAM message to all vehicles (at simulation time 240.100,000,000 s)
2024-06-04 00:13:08,752 INFO  - Received CAM message from veh_96 (at simulation time 240.100,400,000 s)
2024-06-04 00:13:08,752 INFO  - Received CAM message from veh_131 (at simulation time 240.101,400,000 s)
2024-06-04 00:13:08,753 INFO  - Received CAM message from veh_74 (at simulation time 240.101,400,000 s)
2024-06-04 00:13:08,753 INFO  - Atempting to process queue (at simulation time 240.200,000,000 s)
2024-06-04 00:13:08,753 INFO  - Vehicle is outside the detection area. (at simulation time 240.200,000,000 s)
2024-06-04 00:13:08,753 INFO  - Sent broadcast CAM message to all vehicles (at simulation time 240.200,000,000 s)
2024-06-04 00:13:08,756 INFO  - Received CAM message from veh_131 (at simulation time 240.200,900,000 s)
2024-06-04 00:13:08,756 INFO  - Received CAM message from veh_74 (at simulation time 240.200,900,000 s)
2024-06-04 00:13:08,756 INFO  - Received CAM message from veh_96 (at simulation time 240.201,900,000 s)
2024-06-04 00:13:08,757 INFO  - Atempting to process queue (at simulation time 240.300,000,000 s)
2024-06-04 00:13:08,757 INFO  - Vehicle is outside the detection area. (at simulation time 240.300,000,000 s)
2024-06-04 00:13:08,757 INFO  - Sent broadcast CAM message to all vehicles (at simulation time 240.300,000,000 s)
2024-06-04 00:13:08,758 INFO  - Received CAM message from veh_96 (at simulation time 240.300,400,000 s)
2024-06-04 00:13:08,758 INFO  - Received CAM message from veh_131 (at simulation time 240.301,400,000 s)
2024-06-04 00:13:08,758 INFO  - Received CAM message from veh_74 (at simulation time 240.301,900,000 s)
2024-06-04 00:13:08,759 INFO  - Atempting to process queue (at simulation time 240.400,000,000 s)
2024-06-04 00:13:08,759 INFO  - Vehicle is outside the detection area. (at simulation time 240.400,000,000 s)
2024-06-04 00:13:08,759 INFO  - Sent broadcast CAM message to all vehicles (at simulation time 240.400,000,000 s)
2024-06-04 00:13:08,760 INFO  - Received CAM message from veh_131 (at simulation time 240.401,900,000 s)
2024-06-04 00:13:08,760 INFO  - Received CAM message from veh_96 (at simulation time 240.401,900,000 s)
2024-06-04 00:13:08,761 INFO  - Received CAM message from veh_74 (at simulation time 240.402,400,000 s)
2024-06-04 00:13:08,761 INFO  - Atempting to process queue (at simulation time 240.500,000,000 s)
2024-06-04 00:13:08,761 INFO  - Vehicle is outside the detection area. (at simulation time 240.500,000,000 s)
2024-06-04 00:13:08,761 INFO  - Sent broadcast CAM message to all vehicles (at simulation time 240.500,000,000 s)
2024-06-04 00:13:08,761 INFO  - Received CAM message from veh_96 (at simulation time 240.500,400,000 s)
2024-06-04 00:13:08,761 INFO  - Received CAM message from veh_74 (at simulation time 240.500,400,000 s)
2024-06-04 00:13:08,762 INFO  - Received CAM message from veh_131 (at simulation time 240.501,900,000 s)
2024-06-04 00:13:08,762 INFO  - Atempting to process queue (at simulation time 240.600,000,000 s)
2024-06-04 00:13:08,762 INFO  - Vehicle is outside the detection area. (at simulation time 240.600,000,000 s)
2024-06-04 00:13:08,762 INFO  - Sent broadcast CAM message to all vehicles (at simulation time 240.600,000,000 s)
2024-06-04 00:13:08,763 INFO  - Received CAM message from veh_131 (at simulation time 240.600,900,000 s)
2024-06-04 00:13:08,764 INFO  - Received CAM message from veh_74 (at simulation time 240.600,900,000 s)
2024-06-04 00:13:08,764 INFO  - Received CAM message from veh_96 (at simulation time 240.601,400,000 s)
2024-06-04 00:13:08,765 INFO  - Atempting to process queue (at simulation time 240.700,000,000 s)
2024-06-04 00:13:08,765 INFO  - Vehicle is outside the detection area. (at simulation time 240.700,000,000 s)
2024-06-04 00:13:08,765 INFO  - Sent broadcast CAM message to all vehicles (at simulation time 240.700,000,000 s)
2024-06-04 00:13:08,767 INFO  - Received CAM message from veh_74 (at simulation time 240.700,400,000 s)
2024-06-04 00:13:08,767 INFO  - Received CAM message from veh_96 (at simulation time 240.700,900,000 s)
2024-06-04 00:13:08,767 INFO  - Received CAM message from veh_131 (at simulation time 240.701,400,000 s)
2024-06-04 00:13:08,768 INFO  - Atempting to process queue (at simulation time 240.800,000,000 s)
2024-06-04 00:13:08,769 INFO  - Vehicle is outside the detection area. (at simulation time 240.800,000,000 s)
2024-06-04 00:13:08,769 INFO  - Sent broadcast CAM message to all vehicles (at simulation time 240.800,000,000 s)
2024-06-04 00:13:08,770 INFO  - Received CAM message from veh_74 (at simulation time 240.800,400,000 s)
2024-06-04 00:13:08,770 INFO  - Received CAM message from veh_96 (at simulation time 240.801,400,000 s)
2024-06-04 00:13:08,770 INFO  - Received CAM message from veh_131 (at simulation time 240.801,900,000 s)
2024-06-04 00:13:08,771 INFO  - Atempting to process queue (at simulation time 240.900,000,000 s)
2024-06-04 00:13:08,771 INFO  - Vehicle is outside the detection area. (at simulation time 240.900,000,000 s)
2024-06-04 00:13:08,771 INFO  - Sent broadcast CAM message to all vehicles (at simulation time 240.900,000,000 s)
2024-06-04 00:13:08,772 INFO  - Received CAM message from veh_96 (at simulation time 240.900,400,000 s)
2024-06-04 00:13:08,772 INFO  - Received CAM message from veh_74 (at simulation time 240.900,400,000 s)
2024-06-04 00:13:08,773 INFO  - Received CAM message from veh_131 (at simulation time 240.902,400,000 s)
2024-06-04 00:13:08,778 INFO  - Atempting to process queue (at simulation time 241.000,000,000 s)
2024-06-04 00:13:08,778 INFO  - Vehicle is outside the detection area. (at simulation time 241.000,000,000 s)
2024-06-04 00:13:08,778 INFO  - Sent broadcast CAM message to all vehicles (at simulation time 241.000,000,000 s)
2024-06-04 00:13:08,779 INFO  - Received CAM message from veh_131 (at simulation time 241.000,400,000 s)
2024-06-04 00:13:08,780 INFO  - Atempting to process queue (at simulation time 241.100,000,000 s)
2024-06-04 00:13:08,780 INFO  - Vehicle is outside the detection area. (at simulation time 241.100,000,000 s)
2024-06-04 00:13:08,780 INFO  - Sent broadcast CAM message to all vehicles (at simulation time 241.100,000,000 s)
2024-06-04 00:13:08,782 INFO  - Received CAM message from veh_131 (at simulation time 241.101,900,000 s)
2024-06-04 00:13:08,782 INFO  - Atempting to process queue (at simulation time 241.200,000,000 s)
2024-06-04 00:13:08,782 INFO  - Vehicle is outside the detection area. (at simulation time 241.200,000,000 s)
2024-06-04 00:13:08,782 INFO  - Sent broadcast CAM message to all vehicles (at simulation time 241.200,000,000 s)
2024-06-04 00:13:08,784 INFO  - Received CAM message from veh_131 (at simulation time 241.200,900,000 s)
2024-06-04 00:13:08,785 INFO  - Atempting to process queue (at simulation time 241.300,000,000 s)
2024-06-04 00:13:08,785 INFO  - Vehicle is outside the detection area. (at simulation time 241.300,000,000 s)
2024-06-04 00:13:08,785 INFO  - Sent broadcast CAM message to all vehicles (at simulation time 241.300,000,000 s)
2024-06-04 00:13:08,787 INFO  - Received CAM message from veh_131 (at simulation time 241.301,900,000 s)
2024-06-04 00:13:08,788 INFO  - Atempting to process queue (at simulation time 241.400,000,000 s)
2024-06-04 00:13:08,788 INFO  - Vehicle is outside the detection area. (at simulation time 241.400,000,000 s)
2024-06-04 00:13:08,788 INFO  - Sent broadcast CAM message to all vehicles (at simulation time 241.400,000,000 s)
2024-06-04 00:13:08,790 INFO  - Received CAM message from veh_131 (at simulation time 241.400,900,000 s)
2024-06-04 00:13:08,791 INFO  - Atempting to process queue (at simulation time 241.500,000,000 s)
2024-06-04 00:13:08,791 INFO  - Vehicle is outside the detection area. (at simulation time 241.500,000,000 s)
2024-06-04 00:13:08,792 INFO  - Sent broadcast CAM message to all vehicles (at simulation time 241.500,000,000 s)
2024-06-04 00:13:08,793 INFO  - Received CAM message from veh_131 (at simulation time 241.501,900,000 s)
2024-06-04 00:13:08,794 INFO  - Atempting to process queue (at simulation time 241.600,000,000 s)
2024-06-04 00:13:08,794 INFO  - Vehicle is outside the detection area. (at simulation time 241.600,000,000 s)
2024-06-04 00:13:08,794 INFO  - Sent broadcast CAM message to all vehicles (at simulation time 241.600,000,000 s)
2024-06-04 00:13:08,794 INFO  - Received CAM message from veh_131 (at simulation time 241.600,400,000 s)
2024-06-04 00:13:08,796 INFO  - Atempting to process queue (at simulation time 241.700,000,000 s)
2024-06-04 00:13:08,796 INFO  - Vehicle is outside the detection area. (at simulation time 241.700,000,000 s)
2024-06-04 00:13:08,796 INFO  - Sent broadcast CAM message to all vehicles (at simulation time 241.700,000,000 s)
2024-06-04 00:13:08,796 INFO  - Received CAM message from veh_131 (at simulation time 241.700,900,000 s)
2024-06-04 00:13:08,797 INFO  - Atempting to process queue (at simulation time 241.800,000,000 s)
2024-06-04 00:13:08,797 INFO  - Vehicle is outside the detection area. (at simulation time 241.800,000,000 s)
2024-06-04 00:13:08,797 INFO  - Sent broadcast CAM message to all vehicles (at simulation time 241.800,000,000 s)
2024-06-04 00:13:08,797 INFO  - Received CAM message from veh_131 (at simulation time 241.800,400,000 s)
2024-06-04 00:13:08,799 INFO  - Atempting to process queue (at simulation time 241.900,000,000 s)
2024-06-04 00:13:08,799 INFO  - Vehicle is outside the detection area. (at simulation time 241.900,000,000 s)
2024-06-04 00:13:08,799 INFO  - Sent broadcast CAM message to all vehicles (at simulation time 241.900,000,000 s)
2024-06-04 00:13:08,799 INFO  - Received CAM message from veh_131 (at simulation time 241.900,400,000 s)
2024-06-04 00:13:08,802 INFO  - Atempting to process queue (at simulation time 242.000,000,000 s)
2024-06-04 00:13:08,802 INFO  - Vehicle is outside the detection area. (at simulation time 242.000,000,000 s)
2024-06-04 00:13:08,802 INFO  - Sent broadcast CAM message to all vehicles (at simulation time 242.000,000,000 s)
2024-06-04 00:13:08,805 INFO  - Received CAM message from veh_131 (at simulation time 242.001,900,000 s)
2024-06-04 00:13:08,805 INFO  - Atempting to process queue (at simulation time 242.100,000,000 s)
2024-06-04 00:13:08,805 INFO  - Vehicle is outside the detection area. (at simulation time 242.100,000,000 s)
2024-06-04 00:13:08,805 INFO  - Sent broadcast CAM message to all vehicles (at simulation time 242.100,000,000 s)
2024-06-04 00:13:08,806 INFO  - Received CAM message from veh_131 (at simulation time 242.100,400,000 s)
2024-06-04 00:13:08,807 INFO  - Atempting to process queue (at simulation time 242.200,000,000 s)
2024-06-04 00:13:08,807 INFO  - Vehicle is outside the detection area. (at simulation time 242.200,000,000 s)
2024-06-04 00:13:08,807 INFO  - Sent broadcast CAM message to all vehicles (at simulation time 242.200,000,000 s)
2024-06-04 00:13:08,808 INFO  - Received CAM message from veh_131 (at simulation time 242.200,400,000 s)
2024-06-04 00:13:08,810 INFO  - Atempting to process queue (at simulation time 242.300,000,000 s)
2024-06-04 00:13:08,810 INFO  - Vehicle is outside the detection area. (at simulation time 242.300,000,000 s)
2024-06-04 00:13:08,810 INFO  - Sent broadcast CAM message to all vehicles (at simulation time 242.300,000,000 s)
2024-06-04 00:13:08,812 INFO  - Received CAM message from veh_131 (at simulation time 242.302,400,000 s)
2024-06-04 00:13:08,812 INFO  - Atempting to process queue (at simulation time 242.400,000,000 s)
2024-06-04 00:13:08,812 INFO  - Vehicle is outside the detection area. (at simulation time 242.400,000,000 s)
2024-06-04 00:13:08,812 INFO  - Sent broadcast CAM message to all vehicles (at simulation time 242.400,000,000 s)
2024-06-04 00:13:08,816 INFO  - Received CAM message from veh_131 (at simulation time 242.401,400,000 s)
2024-06-04 00:13:08,832 INFO  - Atempting to process queue (at simulation time 242.500,000,000 s)
2024-06-04 00:13:08,832 INFO  - Vehicle is outside the detection area. (at simulation time 242.500,000,000 s)
2024-06-04 00:13:08,832 INFO  - Sent broadcast CAM message to all vehicles (at simulation time 242.500,000,000 s)
2024-06-04 00:13:08,833 INFO  - Received CAM message from veh_131 (at simulation time 242.501,400,000 s)
2024-06-04 00:13:08,834 INFO  - Atempting to process queue (at simulation time 242.600,000,000 s)
2024-06-04 00:13:08,834 INFO  - Vehicle is outside the detection area. (at simulation time 242.600,000,000 s)
2024-06-04 00:13:08,834 INFO  - Sent broadcast CAM message to all vehicles (at simulation time 242.600,000,000 s)
2024-06-04 00:13:08,835 INFO  - Received CAM message from veh_131 (at simulation time 242.601,400,000 s)
2024-06-04 00:13:08,835 INFO  - Atempting to process queue (at simulation time 242.700,000,000 s)
2024-06-04 00:13:08,835 INFO  - Vehicle is outside the detection area. (at simulation time 242.700,000,000 s)
2024-06-04 00:13:08,835 INFO  - Sent broadcast CAM message to all vehicles (at simulation time 242.700,000,000 s)
2024-06-04 00:13:08,836 INFO  - Received CAM message from veh_131 (at simulation time 242.701,400,000 s)
2024-06-04 00:13:08,836 INFO  - Atempting to process queue (at simulation time 242.800,000,000 s)
2024-06-04 00:13:08,836 INFO  - Vehicle is outside the detection area. (at simulation time 242.800,000,000 s)
2024-06-04 00:13:08,836 INFO  - Sent broadcast CAM message to all vehicles (at simulation time 242.800,000,000 s)
2024-06-04 00:13:08,837 INFO  - Received CAM message from veh_131 (at simulation time 242.801,400,000 s)
2024-06-04 00:13:08,838 INFO  - Atempting to process queue (at simulation time 242.900,000,000 s)
2024-06-04 00:13:08,838 INFO  - Vehicle is outside the detection area. (at simulation time 242.900,000,000 s)
2024-06-04 00:13:08,838 INFO  - Sent broadcast CAM message to all vehicles (at simulation time 242.900,000,000 s)
2024-06-04 00:13:08,838 INFO  - Received CAM message from veh_131 (at simulation time 242.901,400,000 s)
2024-06-04 00:13:08,842 INFO  - Atempting to process queue (at simulation time 243.000,000,000 s)
2024-06-04 00:13:08,842 INFO  - Vehicle is outside the detection area. (at simulation time 243.000,000,000 s)
2024-06-04 00:13:08,842 INFO  - Sent broadcast CAM message to all vehicles (at simulation time 243.000,000,000 s)
2024-06-04 00:13:08,846 INFO  - Atempting to process queue (at simulation time 243.100,000,000 s)
2024-06-04 00:13:08,846 INFO  - Vehicle is outside the detection area. (at simulation time 243.100,000,000 s)
2024-06-04 00:13:08,846 INFO  - Sent broadcast CAM message to all vehicles (at simulation time 243.100,000,000 s)
2024-06-04 00:13:08,848 INFO  - Atempting to process queue (at simulation time 243.200,000,000 s)
2024-06-04 00:13:08,848 INFO  - Vehicle is outside the detection area. (at simulation time 243.200,000,000 s)
2024-06-04 00:13:08,848 INFO  - Sent broadcast CAM message to all vehicles (at simulation time 243.200,000,000 s)
2024-06-04 00:13:08,850 INFO  - Atempting to process queue (at simulation time 243.300,000,000 s)
2024-06-04 00:13:08,850 INFO  - Vehicle is outside the detection area. (at simulation time 243.300,000,000 s)
2024-06-04 00:13:08,850 INFO  - Sent broadcast CAM message to all vehicles (at simulation time 243.300,000,000 s)
2024-06-04 00:13:08,851 INFO  - Atempting to process queue (at simulation time 243.400,000,000 s)
2024-06-04 00:13:08,851 INFO  - Vehicle is outside the detection area. (at simulation time 243.400,000,000 s)
2024-06-04 00:13:08,851 INFO  - Sent broadcast CAM message to all vehicles (at simulation time 243.400,000,000 s)
2024-06-04 00:13:08,853 INFO  - Atempting to process queue (at simulation time 243.500,000,000 s)
2024-06-04 00:13:08,853 INFO  - Vehicle is outside the detection area. (at simulation time 243.500,000,000 s)
2024-06-04 00:13:08,853 INFO  - Sent broadcast CAM message to all vehicles (at simulation time 243.500,000,000 s)
2024-06-04 00:13:08,854 INFO  - Atempting to process queue (at simulation time 243.600,000,000 s)
2024-06-04 00:13:08,854 INFO  - Vehicle is outside the detection area. (at simulation time 243.600,000,000 s)
2024-06-04 00:13:08,854 INFO  - Sent broadcast CAM message to all vehicles (at simulation time 243.600,000,000 s)
2024-06-04 00:13:08,855 INFO  - Atempting to process queue (at simulation time 243.700,000,000 s)
2024-06-04 00:13:08,855 INFO  - Vehicle is outside the detection area. (at simulation time 243.700,000,000 s)
2024-06-04 00:13:08,855 INFO  - Sent broadcast CAM message to all vehicles (at simulation time 243.700,000,000 s)
2024-06-04 00:13:08,857 INFO  - Atempting to process queue (at simulation time 243.800,000,000 s)
2024-06-04 00:13:08,857 INFO  - Vehicle is outside the detection area. (at simulation time 243.800,000,000 s)
2024-06-04 00:13:08,857 INFO  - Sent broadcast CAM message to all vehicles (at simulation time 243.800,000,000 s)
2024-06-04 00:13:08,858 INFO  - Atempting to process queue (at simulation time 243.900,000,000 s)
2024-06-04 00:13:08,858 INFO  - Vehicle is outside the detection area. (at simulation time 243.900,000,000 s)
2024-06-04 00:13:08,858 INFO  - Sent broadcast CAM message to all vehicles (at simulation time 243.900,000,000 s)
2024-06-04 00:13:08,863 INFO  - Atempting to process queue (at simulation time 244.000,000,000 s)
2024-06-04 00:13:08,863 INFO  - Vehicle is outside the detection area. (at simulation time 244.000,000,000 s)
2024-06-04 00:13:08,863 INFO  - Sent broadcast CAM message to all vehicles (at simulation time 244.000,000,000 s)
2024-06-04 00:13:08,867 INFO  - Atempting to process queue (at simulation time 244.100,000,000 s)
2024-06-04 00:13:08,867 INFO  - Vehicle is outside the detection area. (at simulation time 244.100,000,000 s)
2024-06-04 00:13:08,867 INFO  - Sent broadcast CAM message to all vehicles (at simulation time 244.100,000,000 s)
2024-06-04 00:13:08,868 INFO  - Atempting to process queue (at simulation time 244.200,000,000 s)
2024-06-04 00:13:08,868 INFO  - Vehicle is outside the detection area. (at simulation time 244.200,000,000 s)
2024-06-04 00:13:08,868 INFO  - Sent broadcast CAM message to all vehicles (at simulation time 244.200,000,000 s)
2024-06-04 00:13:08,870 INFO  - Atempting to process queue (at simulation time 244.300,000,000 s)
2024-06-04 00:13:08,870 INFO  - Vehicle is outside the detection area. (at simulation time 244.300,000,000 s)
2024-06-04 00:13:08,870 INFO  - Sent broadcast CAM message to all vehicles (at simulation time 244.300,000,000 s)
2024-06-04 00:13:08,871 INFO  - Atempting to process queue (at simulation time 244.400,000,000 s)
2024-06-04 00:13:08,871 INFO  - Vehicle is outside the detection area. (at simulation time 244.400,000,000 s)
2024-06-04 00:13:08,871 INFO  - Sent broadcast CAM message to all vehicles (at simulation time 244.400,000,000 s)
2024-06-04 00:13:08,873 INFO  - Atempting to process queue (at simulation time 244.500,000,000 s)
2024-06-04 00:13:08,873 INFO  - Vehicle is outside the detection area. (at simulation time 244.500,000,000 s)
2024-06-04 00:13:08,873 INFO  - Sent broadcast CAM message to all vehicles (at simulation time 244.500,000,000 s)
2024-06-04 00:13:08,874 INFO  - Atempting to process queue (at simulation time 244.600,000,000 s)
2024-06-04 00:13:08,874 INFO  - Vehicle is outside the detection area. (at simulation time 244.600,000,000 s)
2024-06-04 00:13:08,874 INFO  - Sent broadcast CAM message to all vehicles (at simulation time 244.600,000,000 s)
2024-06-04 00:13:08,876 INFO  - Atempting to process queue (at simulation time 244.700,000,000 s)
2024-06-04 00:13:08,876 INFO  - Vehicle is outside the detection area. (at simulation time 244.700,000,000 s)
2024-06-04 00:13:08,876 INFO  - Sent broadcast CAM message to all vehicles (at simulation time 244.700,000,000 s)
2024-06-04 00:13:08,878 INFO  - Atempting to process queue (at simulation time 244.800,000,000 s)
2024-06-04 00:13:08,878 INFO  - Vehicle is outside the detection area. (at simulation time 244.800,000,000 s)
2024-06-04 00:13:08,878 INFO  - Sent broadcast CAM message to all vehicles (at simulation time 244.800,000,000 s)
2024-06-04 00:13:08,880 INFO  - Atempting to process queue (at simulation time 244.900,000,000 s)
2024-06-04 00:13:08,880 INFO  - Vehicle is outside the detection area. (at simulation time 244.900,000,000 s)
2024-06-04 00:13:08,880 INFO  - Sent broadcast CAM message to all vehicles (at simulation time 244.900,000,000 s)
2024-06-04 00:13:08,885 INFO  - Shutdown application (at simulation time 245.000,000,000 s)
