2024-06-04 00:13:03,313 INFO  - Initialize application (at simulation time 43.000,000,000 s)
2024-06-04 00:13:03,314 INFO  - Activated WLAN Module (at simulation time 43.000,000,000 s)
2024-06-04 00:13:03,314 INFO  - Vehicle is outside the detection area. (at simulation time 43.000,000,000 s)
2024-06-04 00:13:03,314 INFO  - Sent broadcast CAM message to all vehicles (at simulation time 43.000,000,000 s)
2024-06-04 00:13:03,319 INFO  - Vehicle is outside the detection area. (at simulation time 43.100,000,000 s)
2024-06-04 00:13:03,319 INFO  - Sent broadcast CAM message to all vehicles (at simulation time 43.100,000,000 s)
2024-06-04 00:13:03,321 INFO  - Vehicle is outside the detection area. (at simulation time 43.200,000,000 s)
2024-06-04 00:13:03,321 INFO  - Sent broadcast CAM message to all vehicles (at simulation time 43.200,000,000 s)
2024-06-04 00:13:03,322 INFO  - Vehicle is outside the detection area. (at simulation time 43.300,000,000 s)
2024-06-04 00:13:03,322 INFO  - Sent broadcast CAM message to all vehicles (at simulation time 43.300,000,000 s)
2024-06-04 00:13:03,324 INFO  - Vehicle is outside the detection area. (at simulation time 43.400,000,000 s)
2024-06-04 00:13:03,324 INFO  - Sent broadcast CAM message to all vehicles (at simulation time 43.400,000,000 s)
2024-06-04 00:13:03,329 INFO  - Vehicle is outside the detection area. (at simulation time 43.500,000,000 s)
2024-06-04 00:13:03,329 INFO  - Sent broadcast CAM message to all vehicles (at simulation time 43.500,000,000 s)
2024-06-04 00:13:03,331 INFO  - Vehicle is outside the detection area. (at simulation time 43.600,000,000 s)
2024-06-04 00:13:03,332 INFO  - Sent broadcast CAM message to all vehicles (at simulation time 43.600,000,000 s)
2024-06-04 00:13:03,333 INFO  - Vehicle is outside the detection area. (at simulation time 43.700,000,000 s)
2024-06-04 00:13:03,333 INFO  - Sent broadcast CAM message to all vehicles (at simulation time 43.700,000,000 s)
2024-06-04 00:13:03,336 INFO  - Vehicle is outside the detection area. (at simulation time 43.800,000,000 s)
2024-06-04 00:13:03,336 INFO  - Sent broadcast CAM message to all vehicles (at simulation time 43.800,000,000 s)
2024-06-04 00:13:03,338 INFO  - Vehicle is outside the detection area. (at simulation time 43.900,000,000 s)
2024-06-04 00:13:03,338 INFO  - Sent broadcast CAM message to all vehicles (at simulation time 43.900,000,000 s)
2024-06-04 00:13:03,346 INFO  - Vehicle is outside the detection area. (at simulation time 44.000,000,000 s)
2024-06-04 00:13:03,346 INFO  - Sent broadcast CAM message to all vehicles (at simulation time 44.000,000,000 s)
2024-06-04 00:13:03,350 INFO  - Vehicle is outside the detection area. (at simulation time 44.100,000,000 s)
2024-06-04 00:13:03,354 INFO  - Sent broadcast CAM message to all vehicles (at simulation time 44.100,000,000 s)
2024-06-04 00:13:03,355 INFO  - Received CAM message from veh_29 (at simulation time 44.100,900,000 s)
2024-06-04 00:13:03,356 INFO  - Atempting to process queue (at simulation time 44.200,000,000 s)
2024-06-04 00:13:03,356 INFO  - Vehicle is outside the detection area. (at simulation time 44.200,000,000 s)
2024-06-04 00:13:03,356 INFO  - Sent broadcast CAM message to all vehicles (at simulation time 44.200,000,000 s)
2024-06-04 00:13:03,358 INFO  - Received CAM message from veh_29 (at simulation time 44.200,900,000 s)
2024-06-04 00:13:03,359 INFO  - Atempting to process queue (at simulation time 44.300,000,000 s)
2024-06-04 00:13:03,359 INFO  - Vehicle is outside the detection area. (at simulation time 44.300,000,000 s)
2024-06-04 00:13:03,359 INFO  - Sent broadcast CAM message to all vehicles (at simulation time 44.300,000,000 s)
2024-06-04 00:13:03,360 INFO  - Received CAM message from veh_29 (at simulation time 44.300,900,000 s)
2024-06-04 00:13:03,361 INFO  - Atempting to process queue (at simulation time 44.400,000,000 s)
2024-06-04 00:13:03,361 INFO  - Vehicle is outside the detection area. (at simulation time 44.400,000,000 s)
2024-06-04 00:13:03,361 INFO  - Sent broadcast CAM message to all vehicles (at simulation time 44.400,000,000 s)
2024-06-04 00:13:03,364 INFO  - Received CAM message from veh_29 (at simulation time 44.401,400,000 s)
2024-06-04 00:13:03,364 INFO  - Atempting to process queue (at simulation time 44.500,000,000 s)
2024-06-04 00:13:03,364 INFO  - Vehicle is outside the detection area. (at simulation time 44.500,000,000 s)
2024-06-04 00:13:03,364 INFO  - Sent broadcast CAM message to all vehicles (at simulation time 44.500,000,000 s)
2024-06-04 00:13:03,366 INFO  - Received CAM message from veh_29 (at simulation time 44.500,400,000 s)
2024-06-04 00:13:03,367 INFO  - Atempting to process queue (at simulation time 44.600,000,000 s)
2024-06-04 00:13:03,367 INFO  - Vehicle is outside the detection area. (at simulation time 44.600,000,000 s)
2024-06-04 00:13:03,367 INFO  - Sent broadcast CAM message to all vehicles (at simulation time 44.600,000,000 s)
2024-06-04 00:13:03,368 INFO  - Received CAM message from veh_29 (at simulation time 44.600,900,000 s)
2024-06-04 00:13:03,369 INFO  - Atempting to process queue (at simulation time 44.700,000,000 s)
2024-06-04 00:13:03,369 INFO  - Vehicle is outside the detection area. (at simulation time 44.700,000,000 s)
2024-06-04 00:13:03,369 INFO  - Sent broadcast CAM message to all vehicles (at simulation time 44.700,000,000 s)
2024-06-04 00:13:03,370 INFO  - Received CAM message from veh_29 (at simulation time 44.700,900,000 s)
2024-06-04 00:13:03,371 INFO  - Atempting to process queue (at simulation time 44.800,000,000 s)
2024-06-04 00:13:03,371 INFO  - Vehicle is outside the detection area. (at simulation time 44.800,000,000 s)
2024-06-04 00:13:03,371 INFO  - Sent broadcast CAM message to all vehicles (at simulation time 44.800,000,000 s)
2024-06-04 00:13:03,373 INFO  - Received CAM message from veh_29 (at simulation time 44.801,900,000 s)
2024-06-04 00:13:03,374 INFO  - Atempting to process queue (at simulation time 44.900,000,000 s)
2024-06-04 00:13:03,374 INFO  - Vehicle is outside the detection area. (at simulation time 44.900,000,000 s)
2024-06-04 00:13:03,374 INFO  - Sent broadcast CAM message to all vehicles (at simulation time 44.900,000,000 s)
2024-06-04 00:13:03,375 INFO  - Received CAM message from veh_29 (at simulation time 44.901,400,000 s)
2024-06-04 00:13:03,380 INFO  - Atempting to process queue (at simulation time 45.000,000,000 s)
2024-06-04 00:13:03,380 INFO  - Vehicle is inside the detection area. (at simulation time 45.000,000,000 s)
2024-06-04 00:13:03,380 INFO  - Vehicle is too far away from the traffic light. (at simulation time 45.000,000,000 s)
2024-06-04 00:13:03,380 INFO  - Neither the RSU nor any vehicle is in range. (at simulation time 45.000,000,000 s)
2024-06-04 00:13:03,380 INFO  - Sent broadcast CAM message to all vehicles (at simulation time 45.000,000,000 s)
2024-06-04 00:13:03,382 INFO  - Received CAM message from veh_29 (at simulation time 45.000,900,000 s)
2024-06-04 00:13:03,383 INFO  - Atempting to process queue (at simulation time 45.100,000,000 s)
2024-06-04 00:13:03,383 INFO  - Vehicle is inside the detection area. (at simulation time 45.100,000,000 s)
2024-06-04 00:13:03,383 INFO  - Vehicle is too far away from the traffic light. (at simulation time 45.100,000,000 s)
2024-06-04 00:13:03,383 INFO  - Neither the RSU nor any vehicle is in range. (at simulation time 45.100,000,000 s)
2024-06-04 00:13:03,383 INFO  - Sent broadcast CAM message to all vehicles (at simulation time 45.100,000,000 s)
2024-06-04 00:13:03,385 INFO  - Received CAM message from veh_29 (at simulation time 45.102,400,000 s)
2024-06-04 00:13:03,385 INFO  - Atempting to process queue (at simulation time 45.200,000,000 s)
2024-06-04 00:13:03,385 INFO  - Vehicle is inside the detection area. (at simulation time 45.200,000,000 s)
2024-06-04 00:13:03,385 INFO  - Vehicle is too far away from the traffic light. (at simulation time 45.200,000,000 s)
2024-06-04 00:13:03,385 INFO  - Neither the RSU nor any vehicle is in range. (at simulation time 45.200,000,000 s)
2024-06-04 00:13:03,385 INFO  - Sent broadcast CAM message to all vehicles (at simulation time 45.200,000,000 s)
2024-06-04 00:13:03,386 INFO  - Received CAM message from veh_29 (at simulation time 45.201,900,000 s)
2024-06-04 00:13:03,387 INFO  - Atempting to process queue (at simulation time 45.300,000,000 s)
2024-06-04 00:13:03,387 INFO  - Vehicle is inside the detection area. (at simulation time 45.300,000,000 s)
2024-06-04 00:13:03,387 INFO  - Vehicle is too far away from the traffic light. (at simulation time 45.300,000,000 s)
2024-06-04 00:13:03,387 INFO  - Neither the RSU nor any vehicle is in range. (at simulation time 45.300,000,000 s)
2024-06-04 00:13:03,387 INFO  - Sent broadcast CAM message to all vehicles (at simulation time 45.300,000,000 s)
2024-06-04 00:13:03,388 INFO  - Received CAM message from veh_29 (at simulation time 45.300,900,000 s)
2024-06-04 00:13:03,389 INFO  - Atempting to process queue (at simulation time 45.400,000,000 s)
2024-06-04 00:13:03,389 INFO  - Vehicle is inside the detection area. (at simulation time 45.400,000,000 s)
2024-06-04 00:13:03,389 INFO  - Vehicle is too far away from the traffic light. (at simulation time 45.400,000,000 s)
2024-06-04 00:13:03,389 INFO  - Neither the RSU nor any vehicle is in range. (at simulation time 45.400,000,000 s)
2024-06-04 00:13:03,389 INFO  - Sent broadcast CAM message to all vehicles (at simulation time 45.400,000,000 s)
2024-06-04 00:13:03,390 INFO  - Received CAM message from veh_29 (at simulation time 45.400,400,000 s)
2024-06-04 00:13:03,391 INFO  - Atempting to process queue (at simulation time 45.500,000,000 s)
2024-06-04 00:13:03,391 INFO  - Vehicle is inside the detection area. (at simulation time 45.500,000,000 s)
2024-06-04 00:13:03,391 INFO  - Vehicle is too far away from the traffic light. (at simulation time 45.500,000,000 s)
2024-06-04 00:13:03,391 INFO  - Neither the RSU nor any vehicle is in range. (at simulation time 45.500,000,000 s)
2024-06-04 00:13:03,391 INFO  - Sent broadcast CAM message to all vehicles (at simulation time 45.500,000,000 s)
2024-06-04 00:13:03,392 INFO  - Received CAM message from veh_29 (at simulation time 45.500,400,000 s)
2024-06-04 00:13:03,393 INFO  - Atempting to process queue (at simulation time 45.600,000,000 s)
2024-06-04 00:13:03,393 INFO  - Vehicle is inside the detection area. (at simulation time 45.600,000,000 s)
2024-06-04 00:13:03,393 INFO  - Vehicle is too far away from the traffic light. (at simulation time 45.600,000,000 s)
2024-06-04 00:13:03,393 INFO  - Neither the RSU nor any vehicle is in range. (at simulation time 45.600,000,000 s)
2024-06-04 00:13:03,393 INFO  - Sent broadcast CAM message to all vehicles (at simulation time 45.600,000,000 s)
2024-06-04 00:13:03,395 INFO  - Received CAM message from veh_29 (at simulation time 45.602,400,000 s)
2024-06-04 00:13:03,395 INFO  - Atempting to process queue (at simulation time 45.700,000,000 s)
2024-06-04 00:13:03,395 INFO  - Vehicle is inside the detection area. (at simulation time 45.700,000,000 s)
2024-06-04 00:13:03,395 INFO  - Vehicle is too far away from the traffic light. (at simulation time 45.700,000,000 s)
2024-06-04 00:13:03,395 INFO  - Neither the RSU nor any vehicle is in range. (at simulation time 45.700,000,000 s)
2024-06-04 00:13:03,396 INFO  - Sent broadcast CAM message to all vehicles (at simulation time 45.700,000,000 s)
2024-06-04 00:13:03,397 INFO  - Received CAM message from veh_29 (at simulation time 45.701,900,000 s)
2024-06-04 00:13:03,398 INFO  - Atempting to process queue (at simulation time 45.800,000,000 s)
2024-06-04 00:13:03,398 INFO  - Vehicle is inside the detection area. (at simulation time 45.800,000,000 s)
2024-06-04 00:13:03,398 INFO  - Vehicle is too far away from the traffic light. (at simulation time 45.800,000,000 s)
2024-06-04 00:13:03,398 INFO  - Neither the RSU nor any vehicle is in range. (at simulation time 45.800,000,000 s)
2024-06-04 00:13:03,398 INFO  - Sent broadcast CAM message to all vehicles (at simulation time 45.800,000,000 s)
2024-06-04 00:13:03,401 INFO  - Received CAM message from veh_29 (at simulation time 45.802,400,000 s)
2024-06-04 00:13:03,401 INFO  - Atempting to process queue (at simulation time 45.900,000,000 s)
2024-06-04 00:13:03,401 INFO  - Vehicle is inside the detection area. (at simulation time 45.900,000,000 s)
2024-06-04 00:13:03,401 INFO  - Vehicle is too far away from the traffic light. (at simulation time 45.900,000,000 s)
2024-06-04 00:13:03,401 INFO  - Neither the RSU nor any vehicle is in range. (at simulation time 45.900,000,000 s)
2024-06-04 00:13:03,401 INFO  - Sent broadcast CAM message to all vehicles (at simulation time 45.900,000,000 s)
2024-06-04 00:13:03,403 INFO  - Received CAM message from veh_29 (at simulation time 45.901,400,000 s)
2024-06-04 00:13:03,406 INFO  - Atempting to process queue (at simulation time 46.000,000,000 s)
2024-06-04 00:13:03,406 INFO  - Vehicle is inside the detection area. (at simulation time 46.000,000,000 s)
2024-06-04 00:13:03,406 INFO  - Vehicle is too far away from the traffic light. (at simulation time 46.000,000,000 s)
2024-06-04 00:13:03,406 INFO  - Neither the RSU nor any vehicle is in range. (at simulation time 46.000,000,000 s)
2024-06-04 00:13:03,406 INFO  - Sent broadcast CAM message to all vehicles (at simulation time 46.000,000,000 s)
2024-06-04 00:13:03,409 INFO  - Received CAM message from veh_29 (at simulation time 46.002,400,000 s)
2024-06-04 00:13:03,409 INFO  - Atempting to process queue (at simulation time 46.100,000,000 s)
2024-06-04 00:13:03,409 INFO  - Vehicle is inside the detection area. (at simulation time 46.100,000,000 s)
2024-06-04 00:13:03,409 INFO  - Vehicle is too far away from the traffic light. (at simulation time 46.100,000,000 s)
2024-06-04 00:13:03,409 INFO  - Neither the RSU nor any vehicle is in range. (at simulation time 46.100,000,000 s)
2024-06-04 00:13:03,409 INFO  - Sent broadcast CAM message to all vehicles (at simulation time 46.100,000,000 s)
2024-06-04 00:13:03,410 INFO  - Received CAM message from veh_29 (at simulation time 46.100,400,000 s)
2024-06-04 00:13:03,411 INFO  - Atempting to process queue (at simulation time 46.200,000,000 s)
2024-06-04 00:13:03,411 INFO  - Vehicle is inside the detection area. (at simulation time 46.200,000,000 s)
2024-06-04 00:13:03,411 INFO  - Vehicle is too far away from the traffic light. (at simulation time 46.200,000,000 s)
2024-06-04 00:13:03,411 INFO  - Neither the RSU nor any vehicle is in range. (at simulation time 46.200,000,000 s)
2024-06-04 00:13:03,411 INFO  - Sent broadcast CAM message to all vehicles (at simulation time 46.200,000,000 s)
2024-06-04 00:13:03,412 INFO  - Received CAM message from veh_29 (at simulation time 46.200,900,000 s)
2024-06-04 00:13:03,412 INFO  - Atempting to process queue (at simulation time 46.300,000,000 s)
2024-06-04 00:13:03,412 INFO  - Vehicle is inside the detection area. (at simulation time 46.300,000,000 s)
2024-06-04 00:13:03,412 INFO  - Vehicle is too far away from the traffic light. (at simulation time 46.300,000,000 s)
2024-06-04 00:13:03,412 INFO  - Neither the RSU nor any vehicle is in range. (at simulation time 46.300,000,000 s)
2024-06-04 00:13:03,412 INFO  - Sent broadcast CAM message to all vehicles (at simulation time 46.300,000,000 s)
2024-06-04 00:13:03,413 INFO  - Received CAM message from veh_29 (at simulation time 46.301,400,000 s)
2024-06-04 00:13:03,414 INFO  - Atempting to process queue (at simulation time 46.400,000,000 s)
2024-06-04 00:13:03,414 INFO  - Vehicle is inside the detection area. (at simulation time 46.400,000,000 s)
2024-06-04 00:13:03,414 INFO  - Vehicle is too far away from the traffic light. (at simulation time 46.400,000,000 s)
2024-06-04 00:13:03,414 INFO  - Neither the RSU nor any vehicle is in range. (at simulation time 46.400,000,000 s)
2024-06-04 00:13:03,414 INFO  - Sent broadcast CAM message to all vehicles (at simulation time 46.400,000,000 s)
2024-06-04 00:13:03,416 INFO  - Received CAM message from veh_29 (at simulation time 46.402,400,000 s)
2024-06-04 00:13:03,416 INFO  - Atempting to process queue (at simulation time 46.500,000,000 s)
2024-06-04 00:13:03,416 INFO  - Vehicle is inside the detection area. (at simulation time 46.500,000,000 s)
2024-06-04 00:13:03,416 INFO  - Vehicle is too far away from the traffic light. (at simulation time 46.500,000,000 s)
2024-06-04 00:13:03,416 INFO  - Neither the RSU nor any vehicle is in range. (at simulation time 46.500,000,000 s)
2024-06-04 00:13:03,416 INFO  - Sent broadcast CAM message to all vehicles (at simulation time 46.500,000,000 s)
2024-06-04 00:13:03,417 INFO  - Received CAM message from veh_29 (at simulation time 46.500,900,000 s)
2024-06-04 00:13:03,417 INFO  - Atempting to process queue (at simulation time 46.600,000,000 s)
2024-06-04 00:13:03,417 INFO  - Vehicle is inside the detection area. (at simulation time 46.600,000,000 s)
2024-06-04 00:13:03,417 INFO  - Vehicle is too far away from the traffic light. (at simulation time 46.600,000,000 s)
2024-06-04 00:13:03,417 INFO  - Neither the RSU nor any vehicle is in range. (at simulation time 46.600,000,000 s)
2024-06-04 00:13:03,417 INFO  - Sent broadcast CAM message to all vehicles (at simulation time 46.600,000,000 s)
2024-06-04 00:13:03,418 INFO  - Received CAM message from veh_29 (at simulation time 46.600,400,000 s)
2024-06-04 00:13:03,419 INFO  - Atempting to process queue (at simulation time 46.700,000,000 s)
2024-06-04 00:13:03,419 INFO  - Vehicle is inside the detection area. (at simulation time 46.700,000,000 s)
2024-06-04 00:13:03,419 INFO  - Vehicle is too far away from the traffic light. (at simulation time 46.700,000,000 s)
2024-06-04 00:13:03,419 INFO  - Neither the RSU nor any vehicle is in range. (at simulation time 46.700,000,000 s)
2024-06-04 00:13:03,419 INFO  - Sent broadcast CAM message to all vehicles (at simulation time 46.700,000,000 s)
2024-06-04 00:13:03,420 INFO  - Received CAM message from veh_29 (at simulation time 46.700,400,000 s)
2024-06-04 00:13:03,420 INFO  - Atempting to process queue (at simulation time 46.800,000,000 s)
2024-06-04 00:13:03,420 INFO  - Vehicle is inside the detection area. (at simulation time 46.800,000,000 s)
2024-06-04 00:13:03,420 INFO  - Vehicle is too far away from the traffic light. (at simulation time 46.800,000,000 s)
2024-06-04 00:13:03,420 INFO  - Neither the RSU nor any vehicle is in range. (at simulation time 46.800,000,000 s)
2024-06-04 00:13:03,420 INFO  - Sent broadcast CAM message to all vehicles (at simulation time 46.800,000,000 s)
2024-06-04 00:13:03,423 INFO  - Received CAM message from veh_29 (at simulation time 46.802,400,000 s)
2024-06-04 00:13:03,424 INFO  - Atempting to process queue (at simulation time 46.900,000,000 s)
2024-06-04 00:13:03,424 INFO  - Vehicle is inside the detection area. (at simulation time 46.900,000,000 s)
2024-06-04 00:13:03,424 INFO  - Vehicle is too far away from the traffic light. (at simulation time 46.900,000,000 s)
2024-06-04 00:13:03,424 INFO  - Neither the RSU nor any vehicle is in range. (at simulation time 46.900,000,000 s)
2024-06-04 00:13:03,424 INFO  - Sent broadcast CAM message to all vehicles (at simulation time 46.900,000,000 s)
2024-06-04 00:13:03,425 INFO  - Received CAM message from veh_29 (at simulation time 46.902,400,000 s)
2024-06-04 00:13:03,429 INFO  - Atempting to process queue (at simulation time 47.000,000,000 s)
2024-06-04 00:13:03,429 INFO  - Vehicle is inside the detection area. (at simulation time 47.000,000,000 s)
2024-06-04 00:13:03,429 INFO  - Sent Detection message to rsu_0 (at simulation time 47.000,000,000 s)
2024-06-04 00:13:03,429 INFO  - Sent broadcast CAM message to all vehicles (at simulation time 47.000,000,000 s)
2024-06-04 00:13:03,431 INFO  - Received CAM message from veh_6 (at simulation time 47.000,400,000 s)
2024-06-04 00:13:03,431 INFO  - Received Detection message from veh_29 to veh_28 (at simulation time 47.000,900,000 s)
2024-06-04 00:13:03,432 INFO  - Forwarded Detection message to rsu_0 (at simulation time 47.000,900,000 s)
2024-06-04 00:13:03,432 INFO  - Received CAM message from veh_29 (at simulation time 47.000,900,000 s)
2024-06-04 00:13:03,432 INFO  - Received CAM message from veh_10 (at simulation time 47.000,900,000 s)
2024-06-04 00:13:03,432 INFO  - Received CAM message from veh_24 (at simulation time 47.001,400,000 s)
2024-06-04 00:13:03,432 INFO  - Received CAM message from veh_14 (at simulation time 47.001,400,000 s)
2024-06-04 00:13:03,432 INFO  - Atempting to process queue (at simulation time 47.100,000,000 s)
2024-06-04 00:13:03,432 INFO  - Vehicle is inside the detection area. (at simulation time 47.100,000,000 s)
2024-06-04 00:13:03,432 INFO  - Sent Detection message to rsu_0 (at simulation time 47.100,000,000 s)
2024-06-04 00:13:03,432 INFO  - Sent broadcast CAM message to all vehicles (at simulation time 47.100,000,000 s)
2024-06-04 00:13:03,433 INFO  - Received Detection message from veh_29 to veh_28 (at simulation time 47.100,400,000 s)
2024-06-04 00:13:03,433 INFO  - Forwarded Detection message to rsu_0 (at simulation time 47.100,400,000 s)
2024-06-04 00:13:03,433 INFO  - Received CAM message from veh_10 (at simulation time 47.100,400,000 s)
2024-06-04 00:13:03,433 INFO  - Received CAM message from veh_24 (at simulation time 47.100,900,000 s)
2024-06-04 00:13:03,434 INFO  - Received CAM message from veh_29 (at simulation time 47.101,400,000 s)
2024-06-04 00:13:03,434 INFO  - Received CAM message from veh_6 (at simulation time 47.101,400,000 s)
2024-06-04 00:13:03,434 INFO  - Received CAM message from veh_14 (at simulation time 47.102,400,000 s)
2024-06-04 00:13:03,434 INFO  - Atempting to process queue (at simulation time 47.200,000,000 s)
2024-06-04 00:13:03,434 INFO  - Vehicle is inside the detection area. (at simulation time 47.200,000,000 s)
2024-06-04 00:13:03,434 INFO  - Sent Detection message to rsu_0 (at simulation time 47.200,000,000 s)
2024-06-04 00:13:03,434 INFO  - Sent broadcast CAM message to all vehicles (at simulation time 47.200,000,000 s)
2024-06-04 00:13:03,435 INFO  - Received Detection message from veh_29 to veh_28 (at simulation time 47.200,400,000 s)
2024-06-04 00:13:03,435 INFO  - Forwarded Detection message to rsu_0 (at simulation time 47.200,400,000 s)
2024-06-04 00:13:03,435 INFO  - Received CAM message from veh_24 (at simulation time 47.200,400,000 s)
2024-06-04 00:13:03,435 INFO  - Received CAM message from veh_29 (at simulation time 47.200,900,000 s)
2024-06-04 00:13:03,435 INFO  - Received CAM message from veh_14 (at simulation time 47.202,400,000 s)
2024-06-04 00:13:03,435 INFO  - Received CAM message from veh_10 (at simulation time 47.202,400,000 s)
2024-06-04 00:13:03,435 INFO  - Received CAM message from veh_6 (at simulation time 47.202,400,000 s)
2024-06-04 00:13:03,436 INFO  - Atempting to process queue (at simulation time 47.300,000,000 s)
2024-06-04 00:13:03,436 INFO  - Vehicle is inside the detection area. (at simulation time 47.300,000,000 s)
2024-06-04 00:13:03,436 INFO  - Sent Detection message to rsu_0 (at simulation time 47.300,000,000 s)
2024-06-04 00:13:03,436 INFO  - Sent broadcast CAM message to all vehicles (at simulation time 47.300,000,000 s)
2024-06-04 00:13:03,437 INFO  - Received CAM message from veh_14 (at simulation time 47.300,900,000 s)
2024-06-04 00:13:03,437 INFO  - Received CAM message from veh_6 (at simulation time 47.300,900,000 s)
2024-06-04 00:13:03,437 INFO  - Received CAM message from veh_10 (at simulation time 47.301,400,000 s)
2024-06-04 00:13:03,437 INFO  - Received Detection message from veh_29 to veh_28 (at simulation time 47.301,900,000 s)
2024-06-04 00:13:03,437 INFO  - Forwarded Detection message to rsu_0 (at simulation time 47.301,900,000 s)
2024-06-04 00:13:03,437 INFO  - Received CAM message from veh_29 (at simulation time 47.301,900,000 s)
2024-06-04 00:13:03,437 INFO  - Received CAM message from veh_24 (at simulation time 47.301,900,000 s)
2024-06-04 00:13:03,438 INFO  - Atempting to process queue (at simulation time 47.400,000,000 s)
2024-06-04 00:13:03,438 INFO  - Vehicle is inside the detection area. (at simulation time 47.400,000,000 s)
2024-06-04 00:13:03,438 INFO  - Sent Detection message to rsu_0 (at simulation time 47.400,000,000 s)
2024-06-04 00:13:03,438 INFO  - Sent broadcast CAM message to all vehicles (at simulation time 47.400,000,000 s)
2024-06-04 00:13:03,439 INFO  - Received CAM message from veh_14 (at simulation time 47.400,400,000 s)
2024-06-04 00:13:03,439 INFO  - Received CAM message from veh_10 (at simulation time 47.400,400,000 s)
2024-06-04 00:13:03,439 INFO  - Received CAM message from veh_24 (at simulation time 47.400,900,000 s)
2024-06-04 00:13:03,439 INFO  - Received CAM message from veh_29 (at simulation time 47.401,400,000 s)
2024-06-04 00:13:03,439 INFO  - Received CAM message from veh_6 (at simulation time 47.401,400,000 s)
2024-06-04 00:13:03,439 INFO  - Received Detection message from veh_29 to veh_28 (at simulation time 47.402,400,000 s)
2024-06-04 00:13:03,440 INFO  - Forwarded Detection message to rsu_0 (at simulation time 47.402,400,000 s)
2024-06-04 00:13:03,440 INFO  - Atempting to process queue (at simulation time 47.500,000,000 s)
2024-06-04 00:13:03,440 INFO  - Vehicle is inside the detection area. (at simulation time 47.500,000,000 s)
2024-06-04 00:13:03,440 INFO  - Sent Detection message to rsu_0 (at simulation time 47.500,000,000 s)
2024-06-04 00:13:03,440 INFO  - Sent broadcast CAM message to all vehicles (at simulation time 47.500,000,000 s)
2024-06-04 00:13:03,440 INFO  - Received CAM message from veh_24 (at simulation time 47.500,900,000 s)
2024-06-04 00:13:03,440 INFO  - Received CAM message from veh_14 (at simulation time 47.500,900,000 s)
2024-06-04 00:13:03,441 INFO  - Received Detection message from veh_29 to veh_28 (at simulation time 47.502,400,000 s)
2024-06-04 00:13:03,441 INFO  - Forwarded Detection message to rsu_0 (at simulation time 47.502,400,000 s)
2024-06-04 00:13:03,441 INFO  - Received CAM message from veh_29 (at simulation time 47.502,400,000 s)
2024-06-04 00:13:03,441 INFO  - Received CAM message from veh_10 (at simulation time 47.502,400,000 s)
2024-06-04 00:13:03,441 INFO  - Received CAM message from veh_6 (at simulation time 47.502,400,000 s)
2024-06-04 00:13:03,441 INFO  - Atempting to process queue (at simulation time 47.600,000,000 s)
2024-06-04 00:13:03,441 INFO  - Vehicle is inside the detection area. (at simulation time 47.600,000,000 s)
2024-06-04 00:13:03,441 INFO  - Sent Detection message to rsu_0 (at simulation time 47.600,000,000 s)
2024-06-04 00:13:03,441 INFO  - Sent broadcast CAM message to all vehicles (at simulation time 47.600,000,000 s)
2024-06-04 00:13:03,442 INFO  - Received CAM message from veh_10 (at simulation time 47.600,400,000 s)
2024-06-04 00:13:03,442 INFO  - Received CAM message from veh_6 (at simulation time 47.600,400,000 s)
2024-06-04 00:13:03,442 INFO  - Received CAM message from veh_14 (at simulation time 47.601,400,000 s)
2024-06-04 00:13:03,442 INFO  - Received CAM message from veh_24 (at simulation time 47.601,900,000 s)
2024-06-04 00:13:03,442 INFO  - Received Detection message from veh_29 to veh_28 (at simulation time 47.602,400,000 s)
2024-06-04 00:13:03,442 INFO  - Forwarded Detection message to rsu_0 (at simulation time 47.602,400,000 s)
2024-06-04 00:13:03,442 INFO  - Received CAM message from veh_29 (at simulation time 47.602,400,000 s)
2024-06-04 00:13:03,443 INFO  - Atempting to process queue (at simulation time 47.700,000,000 s)
2024-06-04 00:13:03,443 INFO  - Vehicle is inside the detection area. (at simulation time 47.700,000,000 s)
2024-06-04 00:13:03,443 INFO  - Sent Detection message to rsu_0 (at simulation time 47.700,000,000 s)
2024-06-04 00:13:03,443 INFO  - Sent broadcast CAM message to all vehicles (at simulation time 47.700,000,000 s)
2024-06-04 00:13:03,443 INFO  - Received Detection message from veh_29 to veh_28 (at simulation time 47.700,400,000 s)
2024-06-04 00:13:03,443 INFO  - Forwarded Detection message to rsu_0 (at simulation time 47.700,400,000 s)
2024-06-04 00:13:03,443 INFO  - Received CAM message from veh_24 (at simulation time 47.700,400,000 s)
2024-06-04 00:13:03,443 INFO  - Received CAM message from veh_29 (at simulation time 47.700,900,000 s)
2024-06-04 00:13:03,444 INFO  - Received CAM message from veh_14 (at simulation time 47.700,900,000 s)
2024-06-04 00:13:03,444 INFO  - Received CAM message from veh_10 (at simulation time 47.701,400,000 s)
2024-06-04 00:13:03,444 INFO  - Received CAM message from veh_6 (at simulation time 47.701,900,000 s)
2024-06-04 00:13:03,445 INFO  - Atempting to process queue (at simulation time 47.800,000,000 s)
2024-06-04 00:13:03,445 INFO  - Vehicle is inside the detection area. (at simulation time 47.800,000,000 s)
2024-06-04 00:13:03,445 INFO  - Sent Detection message to rsu_0 (at simulation time 47.800,000,000 s)
2024-06-04 00:13:03,445 INFO  - Sent broadcast CAM message to all vehicles (at simulation time 47.800,000,000 s)
2024-06-04 00:13:03,446 INFO  - Received CAM message from veh_24 (at simulation time 47.800,900,000 s)
2024-06-04 00:13:03,447 INFO  - Received CAM message from veh_14 (at simulation time 47.801,900,000 s)
2024-06-04 00:13:03,447 INFO  - Received CAM message from veh_6 (at simulation time 47.801,900,000 s)
2024-06-04 00:13:03,447 INFO  - Received Detection message from veh_29 to veh_28 (at simulation time 47.802,400,000 s)
2024-06-04 00:13:03,447 INFO  - Forwarded Detection message to rsu_0 (at simulation time 47.802,400,000 s)
2024-06-04 00:13:03,447 INFO  - Received CAM message from veh_29 (at simulation time 47.802,400,000 s)
2024-06-04 00:13:03,447 INFO  - Received CAM message from veh_10 (at simulation time 47.802,400,000 s)
2024-06-04 00:13:03,447 INFO  - Atempting to process queue (at simulation time 47.900,000,000 s)
2024-06-04 00:13:03,447 INFO  - Vehicle is inside the detection area. (at simulation time 47.900,000,000 s)
2024-06-04 00:13:03,447 INFO  - Sent Detection message to rsu_0 (at simulation time 47.900,000,000 s)
2024-06-04 00:13:03,447 INFO  - Sent broadcast CAM message to all vehicles (at simulation time 47.900,000,000 s)
2024-06-04 00:13:03,448 INFO  - Received Detection message from veh_29 to veh_28 (at simulation time 47.900,400,000 s)
2024-06-04 00:13:03,448 INFO  - Forwarded Detection message to rsu_0 (at simulation time 47.900,400,000 s)
2024-06-04 00:13:03,448 INFO  - Received CAM message from veh_24 (at simulation time 47.900,400,000 s)
2024-06-04 00:13:03,448 INFO  - Received CAM message from veh_29 (at simulation time 47.900,900,000 s)
2024-06-04 00:13:03,449 INFO  - Received CAM message from veh_14 (at simulation time 47.901,900,000 s)
2024-06-04 00:13:03,449 INFO  - Received CAM message from veh_10 (at simulation time 47.901,900,000 s)
2024-06-04 00:13:03,449 INFO  - Received CAM message from veh_6 (at simulation time 47.901,900,000 s)
2024-06-04 00:13:03,452 INFO  - Atempting to process queue (at simulation time 48.000,000,000 s)
2024-06-04 00:13:03,452 INFO  - Vehicle is inside the detection area. (at simulation time 48.000,000,000 s)
2024-06-04 00:13:03,452 INFO  - Sent Detection message to rsu_0 (at simulation time 48.000,000,000 s)
2024-06-04 00:13:03,452 INFO  - Sent broadcast CAM message to all vehicles (at simulation time 48.000,000,000 s)
2024-06-04 00:13:03,456 INFO  - Received CAM message from veh_22 (at simulation time 48.000,400,000 s)
2024-06-04 00:13:03,456 INFO  - Received Detection message from veh_29 to veh_28 (at simulation time 48.000,900,000 s)
2024-06-04 00:13:03,456 INFO  - Forwarded Detection message to rsu_0 (at simulation time 48.000,900,000 s)
2024-06-04 00:13:03,456 INFO  - Received CAM message from veh_24 (at simulation time 48.000,900,000 s)
2024-06-04 00:13:03,456 INFO  - Received CAM message from veh_26 (at simulation time 48.000,900,000 s)
2024-06-04 00:13:03,457 INFO  - Received CAM message from veh_6 (at simulation time 48.000,900,000 s)
2024-06-04 00:13:03,457 INFO  - Received CAM message from veh_10 (at simulation time 48.001,400,000 s)
2024-06-04 00:13:03,457 INFO  - Received CAM message from veh_29 (at simulation time 48.001,900,000 s)
2024-06-04 00:13:03,457 INFO  - Received CAM message from veh_18 (at simulation time 48.002,400,000 s)
2024-06-04 00:13:03,457 INFO  - Received CAM message from veh_14 (at simulation time 48.002,400,000 s)
2024-06-04 00:13:03,457 INFO  - Atempting to process queue (at simulation time 48.100,000,000 s)
2024-06-04 00:13:03,457 INFO  - Vehicle is inside the detection area. (at simulation time 48.100,000,000 s)
2024-06-04 00:13:03,457 INFO  - Sent Detection message to rsu_0 (at simulation time 48.100,000,000 s)
2024-06-04 00:13:03,457 INFO  - Sent broadcast CAM message to all vehicles (at simulation time 48.100,000,000 s)
2024-06-04 00:13:03,459 INFO  - Received CAM message from veh_14 (at simulation time 48.100,400,000 s)
2024-06-04 00:13:03,459 INFO  - Received CAM message from veh_10 (at simulation time 48.100,400,000 s)
2024-06-04 00:13:03,459 INFO  - Received CAM message from veh_6 (at simulation time 48.100,900,000 s)
2024-06-04 00:13:03,459 INFO  - Received Detection message from veh_29 to veh_28 (at simulation time 48.101,400,000 s)
2024-06-04 00:13:03,460 INFO  - Forwarded Detection message to rsu_0 (at simulation time 48.101,400,000 s)
2024-06-04 00:13:03,460 INFO  - Received CAM message from veh_24 (at simulation time 48.101,400,000 s)
2024-06-04 00:13:03,460 INFO  - Received CAM message from veh_18 (at simulation time 48.101,400,000 s)
2024-06-04 00:13:03,460 INFO  - Received CAM message from veh_26 (at simulation time 48.101,900,000 s)
2024-06-04 00:13:03,460 INFO  - Received CAM message from veh_22 (at simulation time 48.101,900,000 s)
2024-06-04 00:13:03,460 INFO  - Received CAM message from veh_29 (at simulation time 48.102,400,000 s)
2024-06-04 00:13:03,461 INFO  - Atempting to process queue (at simulation time 48.200,000,000 s)
2024-06-04 00:13:03,461 INFO  - Vehicle is inside the detection area. (at simulation time 48.200,000,000 s)
2024-06-04 00:13:03,461 INFO  - Sent Detection message to rsu_0 (at simulation time 48.200,000,000 s)
2024-06-04 00:13:03,461 INFO  - Sent broadcast CAM message to all vehicles (at simulation time 48.200,000,000 s)
2024-06-04 00:13:03,462 INFO  - Received CAM message from veh_24 (at simulation time 48.200,400,000 s)
2024-06-04 00:13:03,462 INFO  - Received CAM message from veh_29 (at simulation time 48.200,900,000 s)
2024-06-04 00:13:03,462 INFO  - Received CAM message from veh_18 (at simulation time 48.200,900,000 s)
2024-06-04 00:13:03,462 INFO  - Received CAM message from veh_6 (at simulation time 48.200,900,000 s)
2024-06-04 00:13:03,462 INFO  - Received Detection message from veh_29 to veh_28 (at simulation time 48.201,400,000 s)
2024-06-04 00:13:03,462 INFO  - Forwarded Detection message to rsu_0 (at simulation time 48.201,400,000 s)
2024-06-04 00:13:03,462 INFO  - Received CAM message from veh_26 (at simulation time 48.201,400,000 s)
2024-06-04 00:13:03,462 INFO  - Received CAM message from veh_22 (at simulation time 48.201,400,000 s)
2024-06-04 00:13:03,462 INFO  - Received CAM message from veh_14 (at simulation time 48.201,400,000 s)
2024-06-04 00:13:03,463 INFO  - Received CAM message from veh_10 (at simulation time 48.201,900,000 s)
2024-06-04 00:13:03,463 INFO  - Atempting to process queue (at simulation time 48.300,000,000 s)
2024-06-04 00:13:03,463 INFO  - Vehicle is inside the detection area. (at simulation time 48.300,000,000 s)
2024-06-04 00:13:03,463 INFO  - Sent Detection message to rsu_0 (at simulation time 48.300,000,000 s)
2024-06-04 00:13:03,463 INFO  - Sent broadcast CAM message to all vehicles (at simulation time 48.300,000,000 s)
2024-06-04 00:13:03,465 INFO  - Received CAM message from veh_26 (at simulation time 48.300,900,000 s)
2024-06-04 00:13:03,465 INFO  - Received CAM message from veh_14 (at simulation time 48.300,900,000 s)
2024-06-04 00:13:03,465 INFO  - Received CAM message from veh_6 (at simulation time 48.300,900,000 s)
2024-06-04 00:13:03,465 INFO  - Received CAM message from veh_29 (at simulation time 48.301,400,000 s)
2024-06-04 00:13:03,465 INFO  - Received CAM message from veh_24 (at simulation time 48.301,900,000 s)
2024-06-04 00:13:03,465 INFO  - Received CAM message from veh_10 (at simulation time 48.301,900,000 s)
2024-06-04 00:13:03,465 INFO  - Received Detection message from veh_29 to veh_28 (at simulation time 48.302,400,000 s)
2024-06-04 00:13:03,465 INFO  - Forwarded Detection message to rsu_0 (at simulation time 48.302,400,000 s)
2024-06-04 00:13:03,466 INFO  - Received CAM message from veh_22 (at simulation time 48.302,400,000 s)
2024-06-04 00:13:03,466 INFO  - Received CAM message from veh_18 (at simulation time 48.302,400,000 s)
2024-06-04 00:13:03,466 INFO  - Atempting to process queue (at simulation time 48.400,000,000 s)
2024-06-04 00:13:03,466 INFO  - Vehicle is inside the detection area. (at simulation time 48.400,000,000 s)
2024-06-04 00:13:03,466 INFO  - Sent Detection message to rsu_0 (at simulation time 48.400,000,000 s)
2024-06-04 00:13:03,466 INFO  - Sent broadcast CAM message to all vehicles (at simulation time 48.400,000,000 s)
2024-06-04 00:13:03,467 INFO  - Received CAM message from veh_24 (at simulation time 48.400,400,000 s)
2024-06-04 00:13:03,467 INFO  - Received CAM message from veh_22 (at simulation time 48.400,400,000 s)
2024-06-04 00:13:03,468 INFO  - Received CAM message from veh_26 (at simulation time 48.400,900,000 s)
2024-06-04 00:13:03,468 INFO  - Received CAM message from veh_18 (at simulation time 48.400,900,000 s)
2024-06-04 00:13:03,468 INFO  - Received CAM message from veh_10 (at simulation time 48.400,900,000 s)
2024-06-04 00:13:03,468 INFO  - Received Detection message from veh_29 to veh_28 (at simulation time 48.401,400,000 s)
2024-06-04 00:13:03,469 INFO  - Forwarded Detection message to rsu_0 (at simulation time 48.401,400,000 s)
2024-06-04 00:13:03,469 INFO  - Received CAM message from veh_29 (at simulation time 48.401,900,000 s)
2024-06-04 00:13:03,469 INFO  - Received CAM message from veh_14 (at simulation time 48.402,400,000 s)
2024-06-04 00:13:03,469 INFO  - Received CAM message from veh_6 (at simulation time 48.402,400,000 s)
2024-06-04 00:13:03,469 INFO  - Atempting to process queue (at simulation time 48.500,000,000 s)
2024-06-04 00:13:03,469 INFO  - Vehicle is inside the detection area. (at simulation time 48.500,000,000 s)
2024-06-04 00:13:03,469 INFO  - Sent Detection message to rsu_0 (at simulation time 48.500,000,000 s)
2024-06-04 00:13:03,469 INFO  - Sent broadcast CAM message to all vehicles (at simulation time 48.500,000,000 s)
2024-06-04 00:13:03,470 INFO  - Received CAM message from veh_29 (at simulation time 48.500,400,000 s)
2024-06-04 00:13:03,470 INFO  - Received CAM message from veh_18 (at simulation time 48.500,400,000 s)
2024-06-04 00:13:03,470 INFO  - Received CAM message from veh_10 (at simulation time 48.500,400,000 s)
2024-06-04 00:13:03,470 INFO  - Received Detection message from veh_29 to veh_28 (at simulation time 48.500,900,000 s)
2024-06-04 00:13:03,471 INFO  - Forwarded Detection message to rsu_0 (at simulation time 48.500,900,000 s)
2024-06-04 00:13:03,471 INFO  - Received CAM message from veh_24 (at simulation time 48.500,900,000 s)
2024-06-04 00:13:03,471 INFO  - Received CAM message from veh_26 (at simulation time 48.500,900,000 s)
2024-06-04 00:13:03,471 INFO  - Received CAM message from veh_14 (at simulation time 48.500,900,000 s)
2024-06-04 00:13:03,471 INFO  - Received CAM message from veh_6 (at simulation time 48.501,400,000 s)
2024-06-04 00:13:03,471 INFO  - Received CAM message from veh_22 (at simulation time 48.502,400,000 s)
2024-06-04 00:13:03,471 INFO  - Atempting to process queue (at simulation time 48.600,000,000 s)
2024-06-04 00:13:03,471 INFO  - Vehicle is inside the detection area. (at simulation time 48.600,000,000 s)
2024-06-04 00:13:03,471 INFO  - Sent Detection message to rsu_0 (at simulation time 48.600,000,000 s)
2024-06-04 00:13:03,471 INFO  - Sent broadcast CAM message to all vehicles (at simulation time 48.600,000,000 s)
2024-06-04 00:13:03,472 INFO  - Received CAM message from veh_24 (at simulation time 48.600,400,000 s)
2024-06-04 00:13:03,472 INFO  - Received CAM message from veh_26 (at simulation time 48.600,400,000 s)
2024-06-04 00:13:03,472 INFO  - Received CAM message from veh_10 (at simulation time 48.600,400,000 s)
2024-06-04 00:13:03,472 INFO  - Received Detection message from veh_29 to veh_28 (at simulation time 48.600,900,000 s)
2024-06-04 00:13:03,472 INFO  - Forwarded Detection message to rsu_0 (at simulation time 48.600,900,000 s)
2024-06-04 00:13:03,472 INFO  - Received CAM message from veh_29 (at simulation time 48.601,400,000 s)
2024-06-04 00:13:03,472 INFO  - Received CAM message from veh_18 (at simulation time 48.601,400,000 s)
2024-06-04 00:13:03,472 INFO  - Received CAM message from veh_6 (at simulation time 48.601,400,000 s)
2024-06-04 00:13:03,473 INFO  - Received CAM message from veh_22 (at simulation time 48.601,900,000 s)
2024-06-04 00:13:03,473 INFO  - Received CAM message from veh_14 (at simulation time 48.602,400,000 s)
2024-06-04 00:13:03,473 INFO  - Atempting to process queue (at simulation time 48.700,000,000 s)
2024-06-04 00:13:03,473 INFO  - Vehicle is inside the detection area. (at simulation time 48.700,000,000 s)
2024-06-04 00:13:03,473 INFO  - Sent Detection message to rsu_0 (at simulation time 48.700,000,000 s)
2024-06-04 00:13:03,473 INFO  - Sent broadcast CAM message to all vehicles (at simulation time 48.700,000,000 s)
2024-06-04 00:13:03,474 INFO  - Received Detection message from veh_29 to veh_28 (at simulation time 48.701,400,000 s)
2024-06-04 00:13:03,474 INFO  - Forwarded Detection message to rsu_0 (at simulation time 48.701,400,000 s)
2024-06-04 00:13:03,474 INFO  - Received CAM message from veh_10 (at simulation time 48.701,400,000 s)
2024-06-04 00:13:03,474 INFO  - Received CAM message from veh_6 (at simulation time 48.701,400,000 s)
2024-06-04 00:13:03,474 INFO  - Received CAM message from veh_26 (at simulation time 48.701,900,000 s)
2024-06-04 00:13:03,474 INFO  - Received CAM message from veh_18 (at simulation time 48.701,900,000 s)
2024-06-04 00:13:03,474 INFO  - Received CAM message from veh_14 (at simulation time 48.701,900,000 s)
2024-06-04 00:13:03,474 INFO  - Received CAM message from veh_29 (at simulation time 48.702,400,000 s)
2024-06-04 00:13:03,474 INFO  - Received CAM message from veh_24 (at simulation time 48.702,400,000 s)
2024-06-04 00:13:03,474 INFO  - Received CAM message from veh_22 (at simulation time 48.702,400,000 s)
2024-06-04 00:13:03,475 INFO  - Atempting to process queue (at simulation time 48.800,000,000 s)
2024-06-04 00:13:03,475 INFO  - Vehicle is inside the detection area. (at simulation time 48.800,000,000 s)
2024-06-04 00:13:03,475 INFO  - Sent Detection message to rsu_0 (at simulation time 48.800,000,000 s)
2024-06-04 00:13:03,475 INFO  - Sent broadcast CAM message to all vehicles (at simulation time 48.800,000,000 s)
2024-06-04 00:13:03,475 INFO  - Received Detection message from veh_29 to veh_28 (at simulation time 48.800,400,000 s)
2024-06-04 00:13:03,475 INFO  - Forwarded Detection message to rsu_0 (at simulation time 48.800,400,000 s)
2024-06-04 00:13:03,476 INFO  - Received CAM message from veh_22 (at simulation time 48.800,400,000 s)
2024-06-04 00:13:03,476 INFO  - Received CAM message from veh_24 (at simulation time 48.800,900,000 s)
2024-06-04 00:13:03,476 INFO  - Received CAM message from veh_18 (at simulation time 48.800,900,000 s)
2024-06-04 00:13:03,477 INFO  - Received CAM message from veh_29 (at simulation time 48.802,400,000 s)
2024-06-04 00:13:03,477 INFO  - Received CAM message from veh_26 (at simulation time 48.802,400,000 s)
2024-06-04 00:13:03,477 INFO  - Received CAM message from veh_14 (at simulation time 48.802,400,000 s)
2024-06-04 00:13:03,477 INFO  - Received CAM message from veh_10 (at simulation time 48.802,400,000 s)
2024-06-04 00:13:03,477 INFO  - Received CAM message from veh_6 (at simulation time 48.802,400,000 s)
2024-06-04 00:13:03,478 INFO  - Atempting to process queue (at simulation time 48.900,000,000 s)
2024-06-04 00:13:03,478 INFO  - Vehicle is inside the detection area. (at simulation time 48.900,000,000 s)
2024-06-04 00:13:03,478 INFO  - Sent Detection message to rsu_0 (at simulation time 48.900,000,000 s)
2024-06-04 00:13:03,478 INFO  - Sent broadcast CAM message to all vehicles (at simulation time 48.900,000,000 s)
2024-06-04 00:13:03,479 INFO  - Received CAM message from veh_29 (at simulation time 48.900,400,000 s)
2024-06-04 00:13:03,479 INFO  - Received CAM message from veh_18 (at simulation time 48.900,400,000 s)
2024-06-04 00:13:03,479 INFO  - Received CAM message from veh_10 (at simulation time 48.900,400,000 s)
2024-06-04 00:13:03,479 INFO  - Received CAM message from veh_6 (at simulation time 48.900,400,000 s)
2024-06-04 00:13:03,479 INFO  - Received CAM message from veh_14 (at simulation time 48.900,900,000 s)
2024-06-04 00:13:03,479 INFO  - Received CAM message from veh_26 (at simulation time 48.901,400,000 s)
2024-06-04 00:13:03,480 INFO  - Received Detection message from veh_29 to veh_28 (at simulation time 48.901,900,000 s)
2024-06-04 00:13:03,480 INFO  - Forwarded Detection message to rsu_0 (at simulation time 48.901,900,000 s)
2024-06-04 00:13:03,480 INFO  - Received CAM message from veh_24 (at simulation time 48.901,900,000 s)
2024-06-04 00:13:03,480 INFO  - Received CAM message from veh_22 (at simulation time 48.902,400,000 s)
2024-06-04 00:13:03,493 INFO  - Atempting to process queue (at simulation time 49.000,000,000 s)
2024-06-04 00:13:03,493 INFO  - Vehicle is outside the detection area. (at simulation time 49.000,000,000 s)
2024-06-04 00:13:03,493 INFO  - Sent broadcast CAM message to all vehicles (at simulation time 49.000,000,000 s)
2024-06-04 00:13:03,495 INFO  - Received CAM message from veh_29 (at simulation time 49.000,900,000 s)
2024-06-04 00:13:03,495 INFO  - Received CAM message from veh_26 (at simulation time 49.000,900,000 s)
2024-06-04 00:13:03,495 INFO  - Received CAM message from veh_18 (at simulation time 49.000,900,000 s)
2024-06-04 00:13:03,495 INFO  - Received CAM message from veh_10 (at simulation time 49.001,400,000 s)
2024-06-04 00:13:03,495 INFO  - Received CAM message from veh_6 (at simulation time 49.001,400,000 s)
2024-06-04 00:13:03,495 INFO  - Received CAM message from veh_22 (at simulation time 49.002,400,000 s)
2024-06-04 00:13:03,495 INFO  - Received CAM message from veh_14 (at simulation time 49.002,400,000 s)
2024-06-04 00:13:03,495 INFO  - Atempting to process queue (at simulation time 49.100,000,000 s)
2024-06-04 00:13:03,495 INFO  - Vehicle is outside the detection area. (at simulation time 49.100,000,000 s)
2024-06-04 00:13:03,495 INFO  - Sent broadcast CAM message to all vehicles (at simulation time 49.100,000,000 s)
2024-06-04 00:13:03,496 INFO  - Received CAM message from veh_26 (at simulation time 49.100,900,000 s)
2024-06-04 00:13:03,496 INFO  - Received CAM message from veh_18 (at simulation time 49.100,900,000 s)
2024-06-04 00:13:03,496 INFO  - Received CAM message from veh_10 (at simulation time 49.101,400,000 s)
2024-06-04 00:13:03,496 INFO  - Received CAM message from veh_29 (at simulation time 49.101,900,000 s)
2024-06-04 00:13:03,496 INFO  - Received CAM message from veh_22 (at simulation time 49.102,400,000 s)
2024-06-04 00:13:03,496 INFO  - Received CAM message from veh_14 (at simulation time 49.102,400,000 s)
2024-06-04 00:13:03,496 INFO  - Received CAM message from veh_6 (at simulation time 49.102,400,000 s)
2024-06-04 00:13:03,496 INFO  - Atempting to process queue (at simulation time 49.200,000,000 s)
2024-06-04 00:13:03,496 INFO  - Vehicle is outside the detection area. (at simulation time 49.200,000,000 s)
2024-06-04 00:13:03,496 INFO  - Sent broadcast CAM message to all vehicles (at simulation time 49.200,000,000 s)
2024-06-04 00:13:03,497 INFO  - Received CAM message from veh_29 (at simulation time 49.200,400,000 s)
2024-06-04 00:13:03,497 INFO  - Received CAM message from veh_14 (at simulation time 49.200,400,000 s)
2024-06-04 00:13:03,497 INFO  - Received CAM message from veh_6 (at simulation time 49.200,400,000 s)
2024-06-04 00:13:03,497 INFO  - Received CAM message from veh_26 (at simulation time 49.200,900,000 s)
2024-06-04 00:13:03,497 INFO  - Received CAM message from veh_18 (at simulation time 49.200,900,000 s)
2024-06-04 00:13:03,497 INFO  - Received CAM message from veh_10 (at simulation time 49.200,900,000 s)
2024-06-04 00:13:03,497 INFO  - Received CAM message from veh_22 (at simulation time 49.201,400,000 s)
2024-06-04 00:13:03,497 INFO  - Atempting to process queue (at simulation time 49.300,000,000 s)
2024-06-04 00:13:03,497 INFO  - Vehicle is outside the detection area. (at simulation time 49.300,000,000 s)
2024-06-04 00:13:03,497 INFO  - Sent broadcast CAM message to all vehicles (at simulation time 49.300,000,000 s)
2024-06-04 00:13:03,498 INFO  - Received CAM message from veh_10 (at simulation time 49.300,400,000 s)
2024-06-04 00:13:03,498 INFO  - Received CAM message from veh_29 (at simulation time 49.301,400,000 s)
2024-06-04 00:13:03,498 INFO  - Received CAM message from veh_14 (at simulation time 49.301,900,000 s)
2024-06-04 00:13:03,498 INFO  - Received CAM message from veh_26 (at simulation time 49.302,400,000 s)
2024-06-04 00:13:03,498 INFO  - Received CAM message from veh_22 (at simulation time 49.302,400,000 s)
2024-06-04 00:13:03,498 INFO  - Received CAM message from veh_18 (at simulation time 49.302,400,000 s)
2024-06-04 00:13:03,498 INFO  - Received CAM message from veh_6 (at simulation time 49.302,400,000 s)
2024-06-04 00:13:03,498 INFO  - Atempting to process queue (at simulation time 49.400,000,000 s)
2024-06-04 00:13:03,498 INFO  - Vehicle is outside the detection area. (at simulation time 49.400,000,000 s)
2024-06-04 00:13:03,498 INFO  - Sent broadcast CAM message to all vehicles (at simulation time 49.400,000,000 s)
2024-06-04 00:13:03,499 INFO  - Received CAM message from veh_29 (at simulation time 49.400,900,000 s)
2024-06-04 00:13:03,499 INFO  - Received CAM message from veh_26 (at simulation time 49.401,400,000 s)
2024-06-04 00:13:03,499 INFO  - Received CAM message from veh_10 (at simulation time 49.401,400,000 s)
2024-06-04 00:13:03,500 INFO  - Received CAM message from veh_22 (at simulation time 49.401,900,000 s)
2024-06-04 00:13:03,500 INFO  - Received CAM message from veh_18 (at simulation time 49.402,400,000 s)
2024-06-04 00:13:03,500 INFO  - Received CAM message from veh_14 (at simulation time 49.402,400,000 s)
2024-06-04 00:13:03,500 INFO  - Received CAM message from veh_6 (at simulation time 49.402,400,000 s)
2024-06-04 00:13:03,500 INFO  - Atempting to process queue (at simulation time 49.500,000,000 s)
2024-06-04 00:13:03,500 INFO  - Vehicle is outside the detection area. (at simulation time 49.500,000,000 s)
2024-06-04 00:13:03,500 INFO  - Sent broadcast CAM message to all vehicles (at simulation time 49.500,000,000 s)
2024-06-04 00:13:03,500 INFO  - Received CAM message from veh_29 (at simulation time 49.500,400,000 s)
2024-06-04 00:13:03,500 INFO  - Received CAM message from veh_14 (at simulation time 49.500,400,000 s)
2024-06-04 00:13:03,500 INFO  - Received CAM message from veh_18 (at simulation time 49.500,900,000 s)
2024-06-04 00:13:03,501 INFO  - Received CAM message from veh_26 (at simulation time 49.501,900,000 s)
2024-06-04 00:13:03,501 INFO  - Received CAM message from veh_10 (at simulation time 49.501,900,000 s)
2024-06-04 00:13:03,501 INFO  - Received CAM message from veh_22 (at simulation time 49.502,400,000 s)
2024-06-04 00:13:03,501 INFO  - Received CAM message from veh_6 (at simulation time 49.502,400,000 s)
2024-06-04 00:13:03,501 INFO  - Atempting to process queue (at simulation time 49.600,000,000 s)
2024-06-04 00:13:03,501 INFO  - Vehicle is outside the detection area. (at simulation time 49.600,000,000 s)
2024-06-04 00:13:03,501 INFO  - Sent broadcast CAM message to all vehicles (at simulation time 49.600,000,000 s)
2024-06-04 00:13:03,502 INFO  - Received CAM message from veh_26 (at simulation time 49.600,900,000 s)
2024-06-04 00:13:03,502 INFO  - Received CAM message from veh_18 (at simulation time 49.600,900,000 s)
2024-06-04 00:13:03,502 INFO  - Received CAM message from veh_22 (at simulation time 49.601,400,000 s)
2024-06-04 00:13:03,502 INFO  - Received CAM message from veh_14 (at simulation time 49.601,400,000 s)
2024-06-04 00:13:03,502 INFO  - Received CAM message from veh_6 (at simulation time 49.601,400,000 s)
2024-06-04 00:13:03,502 INFO  - Received CAM message from veh_29 (at simulation time 49.601,900,000 s)
2024-06-04 00:13:03,502 INFO  - Received CAM message from veh_10 (at simulation time 49.601,900,000 s)
2024-06-04 00:13:03,502 INFO  - Atempting to process queue (at simulation time 49.700,000,000 s)
2024-06-04 00:13:03,502 INFO  - Vehicle is outside the detection area. (at simulation time 49.700,000,000 s)
2024-06-04 00:13:03,502 INFO  - Sent broadcast CAM message to all vehicles (at simulation time 49.700,000,000 s)
2024-06-04 00:13:03,503 INFO  - Received CAM message from veh_29 (at simulation time 49.700,400,000 s)
2024-06-04 00:13:03,503 INFO  - Received CAM message from veh_14 (at simulation time 49.700,400,000 s)
2024-06-04 00:13:03,503 INFO  - Received CAM message from veh_6 (at simulation time 49.700,400,000 s)
2024-06-04 00:13:03,503 INFO  - Received CAM message from veh_10 (at simulation time 49.700,900,000 s)
2024-06-04 00:13:03,503 INFO  - Received CAM message from veh_22 (at simulation time 49.701,400,000 s)
2024-06-04 00:13:03,504 INFO  - Received CAM message from veh_26 (at simulation time 49.701,900,000 s)
2024-06-04 00:13:03,504 INFO  - Received CAM message from veh_18 (at simulation time 49.701,900,000 s)
2024-06-04 00:13:03,504 INFO  - Atempting to process queue (at simulation time 49.800,000,000 s)
2024-06-04 00:13:03,504 INFO  - Vehicle is outside the detection area. (at simulation time 49.800,000,000 s)
2024-06-04 00:13:03,504 INFO  - Sent broadcast CAM message to all vehicles (at simulation time 49.800,000,000 s)
2024-06-04 00:13:03,505 INFO  - Received CAM message from veh_29 (at simulation time 49.800,900,000 s)
2024-06-04 00:13:03,505 INFO  - Received CAM message from veh_22 (at simulation time 49.800,900,000 s)
2024-06-04 00:13:03,505 INFO  - Received CAM message from veh_14 (at simulation time 49.800,900,000 s)
2024-06-04 00:13:03,505 INFO  - Received CAM message from veh_18 (at simulation time 49.801,400,000 s)
2024-06-04 00:13:03,506 INFO  - Received CAM message from veh_26 (at simulation time 49.801,900,000 s)
2024-06-04 00:13:03,506 INFO  - Received CAM message from veh_10 (at simulation time 49.801,900,000 s)
2024-06-04 00:13:03,506 INFO  - Received CAM message from veh_6 (at simulation time 49.802,400,000 s)
2024-06-04 00:13:03,506 INFO  - Atempting to process queue (at simulation time 49.900,000,000 s)
2024-06-04 00:13:03,506 INFO  - Vehicle is outside the detection area. (at simulation time 49.900,000,000 s)
2024-06-04 00:13:03,506 INFO  - Sent broadcast CAM message to all vehicles (at simulation time 49.900,000,000 s)
2024-06-04 00:13:03,507 INFO  - Received CAM message from veh_26 (at simulation time 49.900,400,000 s)
2024-06-04 00:13:03,508 INFO  - Received CAM message from veh_22 (at simulation time 49.900,900,000 s)
2024-06-04 00:13:03,508 INFO  - Received CAM message from veh_29 (at simulation time 49.901,400,000 s)
2024-06-04 00:13:03,508 INFO  - Received CAM message from veh_10 (at simulation time 49.901,400,000 s)
2024-06-04 00:13:03,508 INFO  - Received CAM message from veh_6 (at simulation time 49.901,400,000 s)
2024-06-04 00:13:03,509 INFO  - Received CAM message from veh_18 (at simulation time 49.902,400,000 s)
2024-06-04 00:13:03,509 INFO  - Received CAM message from veh_14 (at simulation time 49.902,400,000 s)
2024-06-04 00:13:03,520 INFO  - Atempting to process queue (at simulation time 50.000,000,000 s)
2024-06-04 00:13:03,520 INFO  - Vehicle is outside the detection area. (at simulation time 50.000,000,000 s)
2024-06-04 00:13:03,520 INFO  - Sent broadcast CAM message to all vehicles (at simulation time 50.000,000,000 s)
2024-06-04 00:13:03,522 INFO  - Received CAM message from veh_14 (at simulation time 50.000,400,000 s)
2024-06-04 00:13:03,522 INFO  - Received CAM message from veh_18 (at simulation time 50.000,900,000 s)
2024-06-04 00:13:03,522 INFO  - Received CAM message from veh_29 (at simulation time 50.001,400,000 s)
2024-06-04 00:13:03,522 INFO  - Received CAM message from veh_22 (at simulation time 50.001,400,000 s)
2024-06-04 00:13:03,522 INFO  - Received CAM message from veh_10 (at simulation time 50.001,900,000 s)
2024-06-04 00:13:03,523 INFO  - Received CAM message from veh_6 (at simulation time 50.001,900,000 s)
2024-06-04 00:13:03,523 INFO  - Atempting to process queue (at simulation time 50.100,000,000 s)
2024-06-04 00:13:03,523 INFO  - Vehicle is outside the detection area. (at simulation time 50.100,000,000 s)
2024-06-04 00:13:03,523 INFO  - Sent broadcast CAM message to all vehicles (at simulation time 50.100,000,000 s)
2024-06-04 00:13:03,523 INFO  - Received CAM message from veh_18 (at simulation time 50.100,400,000 s)
2024-06-04 00:13:03,523 INFO  - Received CAM message from veh_14 (at simulation time 50.100,400,000 s)
2024-06-04 00:13:03,523 INFO  - Received CAM message from veh_22 (at simulation time 50.100,900,000 s)
2024-06-04 00:13:03,524 INFO  - Received CAM message from veh_6 (at simulation time 50.100,900,000 s)
2024-06-04 00:13:03,524 INFO  - Received CAM message from veh_29 (at simulation time 50.101,400,000 s)
2024-06-04 00:13:03,524 INFO  - Received CAM message from veh_10 (at simulation time 50.101,400,000 s)
2024-06-04 00:13:03,524 INFO  - Atempting to process queue (at simulation time 50.200,000,000 s)
2024-06-04 00:13:03,524 INFO  - Vehicle is outside the detection area. (at simulation time 50.200,000,000 s)
2024-06-04 00:13:03,524 INFO  - Sent broadcast CAM message to all vehicles (at simulation time 50.200,000,000 s)
2024-06-04 00:13:03,525 INFO  - Received CAM message from veh_14 (at simulation time 50.200,900,000 s)
2024-06-04 00:13:03,525 INFO  - Received CAM message from veh_6 (at simulation time 50.200,900,000 s)
2024-06-04 00:13:03,525 INFO  - Received CAM message from veh_22 (at simulation time 50.201,400,000 s)
2024-06-04 00:13:03,525 INFO  - Received CAM message from veh_18 (at simulation time 50.201,400,000 s)
2024-06-04 00:13:03,525 INFO  - Received CAM message from veh_10 (at simulation time 50.201,400,000 s)
2024-06-04 00:13:03,525 INFO  - Received CAM message from veh_29 (at simulation time 50.202,400,000 s)
2024-06-04 00:13:03,525 INFO  - Atempting to process queue (at simulation time 50.300,000,000 s)
2024-06-04 00:13:03,525 INFO  - Vehicle is outside the detection area. (at simulation time 50.300,000,000 s)
2024-06-04 00:13:03,525 INFO  - Sent broadcast CAM message to all vehicles (at simulation time 50.300,000,000 s)
2024-06-04 00:13:03,526 INFO  - Received CAM message from veh_22 (at simulation time 50.300,400,000 s)
2024-06-04 00:13:03,526 INFO  - Received CAM message from veh_18 (at simulation time 50.300,400,000 s)
2024-06-04 00:13:03,526 INFO  - Received CAM message from veh_10 (at simulation time 50.301,400,000 s)
2024-06-04 00:13:03,526 INFO  - Received CAM message from veh_14 (at simulation time 50.301,900,000 s)
2024-06-04 00:13:03,526 INFO  - Received CAM message from veh_29 (at simulation time 50.302,400,000 s)
2024-06-04 00:13:03,527 INFO  - Received CAM message from veh_6 (at simulation time 50.302,400,000 s)
2024-06-04 00:13:03,527 INFO  - Atempting to process queue (at simulation time 50.400,000,000 s)
2024-06-04 00:13:03,527 INFO  - Vehicle is outside the detection area. (at simulation time 50.400,000,000 s)
2024-06-04 00:13:03,527 INFO  - Sent broadcast CAM message to all vehicles (at simulation time 50.400,000,000 s)
2024-06-04 00:13:03,527 INFO  - Received CAM message from veh_18 (at simulation time 50.400,400,000 s)
2024-06-04 00:13:03,527 INFO  - Received CAM message from veh_10 (at simulation time 50.400,400,000 s)
2024-06-04 00:13:03,527 INFO  - Received CAM message from veh_29 (at simulation time 50.400,900,000 s)
2024-06-04 00:13:03,527 INFO  - Received CAM message from veh_22 (at simulation time 50.400,900,000 s)
2024-06-04 00:13:03,527 INFO  - Received CAM message from veh_14 (at simulation time 50.400,900,000 s)
2024-06-04 00:13:03,527 INFO  - Received CAM message from veh_6 (at simulation time 50.400,900,000 s)
2024-06-04 00:13:03,528 INFO  - Atempting to process queue (at simulation time 50.500,000,000 s)
2024-06-04 00:13:03,528 INFO  - Vehicle is outside the detection area. (at simulation time 50.500,000,000 s)
2024-06-04 00:13:03,528 INFO  - Sent broadcast CAM message to all vehicles (at simulation time 50.500,000,000 s)
2024-06-04 00:13:03,530 INFO  - Received Control message from rsu_0 to veh_28 (at simulation time 50.500,400,000 s)
2024-06-04 00:13:03,530 INFO  - Current route: 1, lane: 0 (at simulation time 50.500,400,000 s)
2024-06-04 00:13:03,530 INFO  - Vehicle position: GeoPoint{lat=40.743425,lon=-73.988366,alt=0.00} (at simulation time 50.500,400,000 s)
2024-06-04 00:13:03,530 INFO  - Received Control message from rsu_0 to veh_20 (at simulation time 50.500,400,000 s)
2024-06-04 00:13:03,530 INFO  - Forwarded Control message to veh_22 (at simulation time 50.500,400,000 s)
2024-06-04 00:13:03,531 INFO  - Received Control message from rsu_0 to veh_16 (at simulation time 50.500,900,000 s)
2024-06-04 00:13:03,531 INFO  - Forwarded Control message to veh_22 (at simulation time 50.500,900,000 s)
2024-06-04 00:13:03,531 INFO  - Received Control message from rsu_0 to veh_0 (at simulation time 50.500,900,000 s)
2024-06-04 00:13:03,531 INFO  - Forwarded Control message to veh_22 (at simulation time 50.500,900,000 s)
2024-06-04 00:13:03,536 INFO  - Received CAM message from veh_22 (at simulation time 50.501,400,000 s)
2024-06-04 00:13:03,536 INFO  - Received CAM message from veh_18 (at simulation time 50.501,400,000 s)
2024-06-04 00:13:03,536 INFO  - Received CAM message from veh_10 (at simulation time 50.501,400,000 s)
2024-06-04 00:13:03,536 INFO  - Received Control message from rsu_0 to veh_4 (at simulation time 50.501,400,000 s)
2024-06-04 00:13:03,536 INFO  - Forwarded Control message to veh_22 (at simulation time 50.501,400,000 s)
2024-06-04 00:13:03,536 INFO  - Received Control message from rsu_0 to veh_24 (at simulation time 50.501,400,000 s)
2024-06-04 00:13:03,536 INFO  - Forwarded Control message to veh_22 (at simulation time 50.501,400,000 s)
2024-06-04 00:13:03,539 INFO  - Received CAM message from veh_29 (at simulation time 50.501,900,000 s)
2024-06-04 00:13:03,539 INFO  - Received CAM message from veh_14 (at simulation time 50.501,900,000 s)
2024-06-04 00:13:03,539 INFO  - Received CAM message from veh_6 (at simulation time 50.501,900,000 s)
2024-06-04 00:13:03,539 INFO  - Received Control message from rsu_0 to veh_12 (at simulation time 50.501,900,000 s)
2024-06-04 00:13:03,539 INFO  - Forwarded Control message to veh_22 (at simulation time 50.501,900,000 s)
2024-06-04 00:13:03,544 INFO  - Received Control message from rsu_0 to veh_8 (at simulation time 50.502,400,000 s)
2024-06-04 00:13:03,544 INFO  - Forwarded Control message to veh_22 (at simulation time 50.502,400,000 s)
2024-06-04 00:13:03,558 INFO  - Atempting to process queue (at simulation time 50.600,000,000 s)
2024-06-04 00:13:03,558 INFO  - Vehicle is outside the detection area. (at simulation time 50.600,000,000 s)
2024-06-04 00:13:03,558 INFO  - Sent broadcast CAM message to all vehicles (at simulation time 50.600,000,000 s)
2024-06-04 00:13:03,560 INFO  - Received CAM message from veh_10 (at simulation time 50.600,400,000 s)
2024-06-04 00:13:03,560 INFO  - Received CAM message from veh_14 (at simulation time 50.601,400,000 s)
2024-06-04 00:13:03,560 INFO  - Received CAM message from veh_29 (at simulation time 50.601,900,000 s)
2024-06-04 00:13:03,560 INFO  - Received CAM message from veh_22 (at simulation time 50.601,900,000 s)
2024-06-04 00:13:03,560 INFO  - Received CAM message from veh_6 (at simulation time 50.601,900,000 s)
2024-06-04 00:13:03,560 INFO  - Received CAM message from veh_18 (at simulation time 50.602,400,000 s)
2024-06-04 00:13:03,561 INFO  - Atempting to process queue (at simulation time 50.700,000,000 s)
2024-06-04 00:13:03,561 INFO  - Vehicle is outside the detection area. (at simulation time 50.700,000,000 s)
2024-06-04 00:13:03,561 INFO  - Sent broadcast CAM message to all vehicles (at simulation time 50.700,000,000 s)
2024-06-04 00:13:03,562 INFO  - Received CAM message from veh_29 (at simulation time 50.700,400,000 s)
2024-06-04 00:13:03,562 INFO  - Received CAM message from veh_10 (at simulation time 50.700,900,000 s)
2024-06-04 00:13:03,562 INFO  - Received CAM message from veh_18 (at simulation time 50.701,400,000 s)
2024-06-04 00:13:03,562 INFO  - Received CAM message from veh_14 (at simulation time 50.701,400,000 s)
2024-06-04 00:13:03,562 INFO  - Received CAM message from veh_22 (at simulation time 50.702,400,000 s)
2024-06-04 00:13:03,563 INFO  - Received CAM message from veh_6 (at simulation time 50.702,400,000 s)
2024-06-04 00:13:03,563 INFO  - Atempting to process queue (at simulation time 50.800,000,000 s)
2024-06-04 00:13:03,563 INFO  - Vehicle is outside the detection area. (at simulation time 50.800,000,000 s)
2024-06-04 00:13:03,563 INFO  - Sent broadcast CAM message to all vehicles (at simulation time 50.800,000,000 s)
2024-06-04 00:13:03,564 INFO  - Received CAM message from veh_14 (at simulation time 50.800,400,000 s)
2024-06-04 00:13:03,564 INFO  - Received CAM message from veh_22 (at simulation time 50.800,900,000 s)
2024-06-04 00:13:03,564 INFO  - Received CAM message from veh_18 (at simulation time 50.800,900,000 s)
2024-06-04 00:13:03,564 INFO  - Received CAM message from veh_10 (at simulation time 50.800,900,000 s)
2024-06-04 00:13:03,564 INFO  - Received CAM message from veh_6 (at simulation time 50.800,900,000 s)
2024-06-04 00:13:03,564 INFO  - Received CAM message from veh_29 (at simulation time 50.801,900,000 s)
2024-06-04 00:13:03,565 INFO  - Atempting to process queue (at simulation time 50.900,000,000 s)
2024-06-04 00:13:03,565 INFO  - Vehicle is outside the detection area. (at simulation time 50.900,000,000 s)
2024-06-04 00:13:03,565 INFO  - Sent broadcast CAM message to all vehicles (at simulation time 50.900,000,000 s)
2024-06-04 00:13:03,566 INFO  - Received CAM message from veh_18 (at simulation time 50.900,900,000 s)
2024-06-04 00:13:03,566 INFO  - Received CAM message from veh_22 (at simulation time 50.901,400,000 s)
2024-06-04 00:13:03,566 INFO  - Received CAM message from veh_6 (at simulation time 50.901,400,000 s)
2024-06-04 00:13:03,566 INFO  - Received CAM message from veh_10 (at simulation time 50.901,900,000 s)
2024-06-04 00:13:03,566 INFO  - Received CAM message from veh_29 (at simulation time 50.902,400,000 s)
2024-06-04 00:13:03,567 INFO  - Received CAM message from veh_14 (at simulation time 50.902,400,000 s)
2024-06-04 00:13:03,570 INFO  - Atempting to process queue (at simulation time 51.000,000,000 s)
2024-06-04 00:13:03,570 INFO  - Vehicle is outside the detection area. (at simulation time 51.000,000,000 s)
2024-06-04 00:13:03,570 INFO  - Sent broadcast CAM message to all vehicles (at simulation time 51.000,000,000 s)
2024-06-04 00:13:03,572 INFO  - Received CAM message from veh_22 (at simulation time 51.000,400,000 s)
2024-06-04 00:13:03,572 INFO  - Received CAM message from veh_14 (at simulation time 51.000,400,000 s)
2024-06-04 00:13:03,572 INFO  - Received CAM message from veh_10 (at simulation time 51.000,900,000 s)
2024-06-04 00:13:03,573 INFO  - Received CAM message from veh_18 (at simulation time 51.001,400,000 s)
2024-06-04 00:13:03,573 INFO  - Received CAM message from veh_29 (at simulation time 51.001,900,000 s)
2024-06-04 00:13:03,573 INFO  - Received CAM message from veh_6 (at simulation time 51.002,400,000 s)
2024-06-04 00:13:03,573 INFO  - Atempting to process queue (at simulation time 51.100,000,000 s)
2024-06-04 00:13:03,573 INFO  - Vehicle is outside the detection area. (at simulation time 51.100,000,000 s)
2024-06-04 00:13:03,573 INFO  - Sent broadcast CAM message to all vehicles (at simulation time 51.100,000,000 s)
2024-06-04 00:13:03,575 INFO  - Received CAM message from veh_29 (at simulation time 51.100,400,000 s)
2024-06-04 00:13:03,575 INFO  - Received CAM message from veh_6 (at simulation time 51.100,900,000 s)
2024-06-04 00:13:03,575 INFO  - Received CAM message from veh_18 (at simulation time 51.101,400,000 s)
2024-06-04 00:13:03,576 INFO  - Received CAM message from veh_22 (at simulation time 51.101,900,000 s)
2024-06-04 00:13:03,576 INFO  - Received CAM message from veh_10 (at simulation time 51.101,900,000 s)
2024-06-04 00:13:03,576 INFO  - Received CAM message from veh_14 (at simulation time 51.102,400,000 s)
2024-06-04 00:13:03,576 INFO  - Atempting to process queue (at simulation time 51.200,000,000 s)
2024-06-04 00:13:03,576 INFO  - Vehicle is outside the detection area. (at simulation time 51.200,000,000 s)
2024-06-04 00:13:03,576 INFO  - Sent broadcast CAM message to all vehicles (at simulation time 51.200,000,000 s)
2024-06-04 00:13:03,578 INFO  - Received CAM message from veh_29 (at simulation time 51.200,400,000 s)
2024-06-04 00:13:03,578 INFO  - Received CAM message from veh_18 (at simulation time 51.200,400,000 s)
2024-06-04 00:13:03,578 INFO  - Received CAM message from veh_10 (at simulation time 51.200,400,000 s)
2024-06-04 00:13:03,578 INFO  - Received CAM message from veh_14 (at simulation time 51.200,900,000 s)
2024-06-04 00:13:03,579 INFO  - Received CAM message from veh_6 (at simulation time 51.201,900,000 s)
2024-06-04 00:13:03,579 INFO  - Received CAM message from veh_22 (at simulation time 51.202,400,000 s)
2024-06-04 00:13:03,579 INFO  - Atempting to process queue (at simulation time 51.300,000,000 s)
2024-06-04 00:13:03,579 INFO  - Vehicle is outside the detection area. (at simulation time 51.300,000,000 s)
2024-06-04 00:13:03,579 INFO  - Sent broadcast CAM message to all vehicles (at simulation time 51.300,000,000 s)
2024-06-04 00:13:03,580 INFO  - Received CAM message from veh_6 (at simulation time 51.300,400,000 s)
2024-06-04 00:13:03,580 INFO  - Received CAM message from veh_29 (at simulation time 51.300,900,000 s)
2024-06-04 00:13:03,580 INFO  - Received CAM message from veh_22 (at simulation time 51.300,900,000 s)
2024-06-04 00:13:03,580 INFO  - Received CAM message from veh_14 (at simulation time 51.301,400,000 s)
2024-06-04 00:13:03,582 INFO  - Received CAM message from veh_18 (at simulation time 51.301,900,000 s)
2024-06-04 00:13:03,582 INFO  - Received CAM message from veh_10 (at simulation time 51.301,900,000 s)
2024-06-04 00:13:03,582 INFO  - Atempting to process queue (at simulation time 51.400,000,000 s)
2024-06-04 00:13:03,582 INFO  - Vehicle is outside the detection area. (at simulation time 51.400,000,000 s)
2024-06-04 00:13:03,582 INFO  - Sent broadcast CAM message to all vehicles (at simulation time 51.400,000,000 s)
2024-06-04 00:13:03,583 INFO  - Received CAM message from veh_18 (at simulation time 51.400,900,000 s)
2024-06-04 00:13:03,583 INFO  - Received CAM message from veh_22 (at simulation time 51.401,400,000 s)
2024-06-04 00:13:03,583 INFO  - Received CAM message from veh_10 (at simulation time 51.401,400,000 s)
2024-06-04 00:13:03,583 INFO  - Received CAM message from veh_6 (at simulation time 51.401,400,000 s)
2024-06-04 00:13:03,583 INFO  - Received CAM message from veh_29 (at simulation time 51.401,900,000 s)
2024-06-04 00:13:03,584 INFO  - Received CAM message from veh_14 (at simulation time 51.402,400,000 s)
2024-06-04 00:13:03,584 INFO  - Atempting to process queue (at simulation time 51.500,000,000 s)
2024-06-04 00:13:03,584 INFO  - Vehicle is outside the detection area. (at simulation time 51.500,000,000 s)
2024-06-04 00:13:03,584 INFO  - Sent broadcast CAM message to all vehicles (at simulation time 51.500,000,000 s)
2024-06-04 00:13:03,585 INFO  - Received CAM message from veh_14 (at simulation time 51.500,400,000 s)
2024-06-04 00:13:03,585 INFO  - Received CAM message from veh_10 (at simulation time 51.500,400,000 s)
2024-06-04 00:13:03,585 INFO  - Received CAM message from veh_6 (at simulation time 51.500,400,000 s)
2024-06-04 00:13:03,585 INFO  - Received CAM message from veh_29 (at simulation time 51.501,400,000 s)
2024-06-04 00:13:03,585 INFO  - Received CAM message from veh_22 (at simulation time 51.501,400,000 s)
2024-06-04 00:13:03,585 INFO  - Received CAM message from veh_18 (at simulation time 51.501,900,000 s)
2024-06-04 00:13:03,586 INFO  - Atempting to process queue (at simulation time 51.600,000,000 s)
2024-06-04 00:13:03,586 INFO  - Vehicle is outside the detection area. (at simulation time 51.600,000,000 s)
2024-06-04 00:13:03,586 INFO  - Sent broadcast CAM message to all vehicles (at simulation time 51.600,000,000 s)
2024-06-04 00:13:03,586 INFO  - Received CAM message from veh_29 (at simulation time 51.600,900,000 s)
2024-06-04 00:13:03,586 INFO  - Received CAM message from veh_22 (at simulation time 51.600,900,000 s)
2024-06-04 00:13:03,586 INFO  - Received CAM message from veh_14 (at simulation time 51.601,400,000 s)
2024-06-04 00:13:03,587 INFO  - Received CAM message from veh_10 (at simulation time 51.601,900,000 s)
2024-06-04 00:13:03,587 INFO  - Received CAM message from veh_18 (at simulation time 51.602,400,000 s)
2024-06-04 00:13:03,587 INFO  - Received CAM message from veh_6 (at simulation time 51.602,400,000 s)
2024-06-04 00:13:03,587 INFO  - Atempting to process queue (at simulation time 51.700,000,000 s)
2024-06-04 00:13:03,587 INFO  - Vehicle is outside the detection area. (at simulation time 51.700,000,000 s)
2024-06-04 00:13:03,587 INFO  - Sent broadcast CAM message to all vehicles (at simulation time 51.700,000,000 s)
2024-06-04 00:13:03,588 INFO  - Received CAM message from veh_29 (at simulation time 51.701,400,000 s)
2024-06-04 00:13:03,588 INFO  - Received CAM message from veh_18 (at simulation time 51.701,400,000 s)
2024-06-04 00:13:03,588 INFO  - Received CAM message from veh_10 (at simulation time 51.701,400,000 s)
2024-06-04 00:13:03,588 INFO  - Received CAM message from veh_14 (at simulation time 51.701,900,000 s)
2024-06-04 00:13:03,588 INFO  - Received CAM message from veh_22 (at simulation time 51.702,400,000 s)
2024-06-04 00:13:03,588 INFO  - Received CAM message from veh_6 (at simulation time 51.702,400,000 s)
2024-06-04 00:13:03,588 INFO  - Atempting to process queue (at simulation time 51.800,000,000 s)
2024-06-04 00:13:03,588 INFO  - Vehicle is outside the detection area. (at simulation time 51.800,000,000 s)
2024-06-04 00:13:03,588 INFO  - Sent broadcast CAM message to all vehicles (at simulation time 51.800,000,000 s)
2024-06-04 00:13:03,588 INFO  - Received CAM message from veh_22 (at simulation time 51.800,400,000 s)
2024-06-04 00:13:03,589 INFO  - Received CAM message from veh_14 (at simulation time 51.800,900,000 s)
2024-06-04 00:13:03,589 INFO  - Received CAM message from veh_10 (at simulation time 51.801,400,000 s)
2024-06-04 00:13:03,589 INFO  - Received CAM message from veh_29 (at simulation time 51.801,900,000 s)
2024-06-04 00:13:03,589 INFO  - Received CAM message from veh_6 (at simulation time 51.801,900,000 s)
2024-06-04 00:13:03,589 INFO  - Received CAM message from veh_18 (at simulation time 51.802,400,000 s)
2024-06-04 00:13:03,589 INFO  - Atempting to process queue (at simulation time 51.900,000,000 s)
2024-06-04 00:13:03,589 INFO  - Vehicle is outside the detection area. (at simulation time 51.900,000,000 s)
2024-06-04 00:13:03,589 INFO  - Sent broadcast CAM message to all vehicles (at simulation time 51.900,000,000 s)
2024-06-04 00:13:03,589 INFO  - Received CAM message from veh_29 (at simulation time 51.900,400,000 s)
2024-06-04 00:13:03,589 INFO  - Received CAM message from veh_14 (at simulation time 51.900,400,000 s)
2024-06-04 00:13:03,589 INFO  - Received CAM message from veh_6 (at simulation time 51.900,400,000 s)
2024-06-04 00:13:03,590 INFO  - Received CAM message from veh_22 (at simulation time 51.901,900,000 s)
2024-06-04 00:13:03,590 INFO  - Received CAM message from veh_18 (at simulation time 51.902,400,000 s)
2024-06-04 00:13:03,590 INFO  - Received CAM message from veh_10 (at simulation time 51.902,400,000 s)
2024-06-04 00:13:03,592 INFO  - Atempting to process queue (at simulation time 52.000,000,000 s)
2024-06-04 00:13:03,592 INFO  - Vehicle is outside the detection area. (at simulation time 52.000,000,000 s)
2024-06-04 00:13:03,592 INFO  - Sent broadcast CAM message to all vehicles (at simulation time 52.000,000,000 s)
2024-06-04 00:13:03,593 INFO  - Received CAM message from veh_10 (at simulation time 52.000,900,000 s)
2024-06-04 00:13:03,593 INFO  - Received CAM message from veh_6 (at simulation time 52.000,900,000 s)
2024-06-04 00:13:03,593 INFO  - Received CAM message from veh_29 (at simulation time 52.001,400,000 s)
2024-06-04 00:13:03,594 INFO  - Atempting to process queue (at simulation time 52.100,000,000 s)
2024-06-04 00:13:03,594 INFO  - Vehicle is outside the detection area. (at simulation time 52.100,000,000 s)
2024-06-04 00:13:03,594 INFO  - Sent broadcast CAM message to all vehicles (at simulation time 52.100,000,000 s)
2024-06-04 00:13:03,594 INFO  - Received CAM message from veh_10 (at simulation time 52.100,400,000 s)
2024-06-04 00:13:03,594 INFO  - Received CAM message from veh_6 (at simulation time 52.100,900,000 s)
2024-06-04 00:13:03,594 INFO  - Received CAM message from veh_29 (at simulation time 52.102,400,000 s)
2024-06-04 00:13:03,595 INFO  - Atempting to process queue (at simulation time 52.200,000,000 s)
2024-06-04 00:13:03,595 INFO  - Vehicle is outside the detection area. (at simulation time 52.200,000,000 s)
2024-06-04 00:13:03,595 INFO  - Sent broadcast CAM message to all vehicles (at simulation time 52.200,000,000 s)
2024-06-04 00:13:03,595 INFO  - Received CAM message from veh_29 (at simulation time 52.200,400,000 s)
2024-06-04 00:13:03,595 INFO  - Received CAM message from veh_6 (at simulation time 52.200,900,000 s)
2024-06-04 00:13:03,595 INFO  - Received CAM message from veh_10 (at simulation time 52.202,400,000 s)
2024-06-04 00:13:03,595 INFO  - Atempting to process queue (at simulation time 52.300,000,000 s)
2024-06-04 00:13:03,595 INFO  - Vehicle is outside the detection area. (at simulation time 52.300,000,000 s)
2024-06-04 00:13:03,595 INFO  - Sent broadcast CAM message to all vehicles (at simulation time 52.300,000,000 s)
2024-06-04 00:13:03,596 INFO  - Received CAM message from veh_10 (at simulation time 52.300,400,000 s)
2024-06-04 00:13:03,596 INFO  - Received CAM message from veh_29 (at simulation time 52.302,400,000 s)
2024-06-04 00:13:03,596 INFO  - Received CAM message from veh_6 (at simulation time 52.302,400,000 s)
2024-06-04 00:13:03,596 INFO  - Atempting to process queue (at simulation time 52.400,000,000 s)
2024-06-04 00:13:03,596 INFO  - Vehicle is outside the detection area. (at simulation time 52.400,000,000 s)
2024-06-04 00:13:03,596 INFO  - Sent broadcast CAM message to all vehicles (at simulation time 52.400,000,000 s)
2024-06-04 00:13:03,597 INFO  - Received CAM message from veh_29 (at simulation time 52.400,400,000 s)
2024-06-04 00:13:03,597 INFO  - Received CAM message from veh_6 (at simulation time 52.401,400,000 s)
2024-06-04 00:13:03,597 INFO  - Received CAM message from veh_10 (at simulation time 52.401,900,000 s)
2024-06-04 00:13:03,597 INFO  - Atempting to process queue (at simulation time 52.500,000,000 s)
2024-06-04 00:13:03,597 INFO  - Vehicle is outside the detection area. (at simulation time 52.500,000,000 s)
2024-06-04 00:13:03,597 INFO  - Sent broadcast CAM message to all vehicles (at simulation time 52.500,000,000 s)
2024-06-04 00:13:03,598 INFO  - Received CAM message from veh_29 (at simulation time 52.502,400,000 s)
2024-06-04 00:13:03,598 INFO  - Received CAM message from veh_10 (at simulation time 52.502,400,000 s)
2024-06-04 00:13:03,598 INFO  - Received CAM message from veh_6 (at simulation time 52.502,400,000 s)
2024-06-04 00:13:03,598 INFO  - Atempting to process queue (at simulation time 52.600,000,000 s)
2024-06-04 00:13:03,598 INFO  - Vehicle is outside the detection area. (at simulation time 52.600,000,000 s)
2024-06-04 00:13:03,598 INFO  - Sent broadcast CAM message to all vehicles (at simulation time 52.600,000,000 s)
2024-06-04 00:13:03,599 INFO  - Received CAM message from veh_6 (at simulation time 52.600,400,000 s)
2024-06-04 00:13:03,599 INFO  - Received CAM message from veh_10 (at simulation time 52.600,900,000 s)
2024-06-04 00:13:03,599 INFO  - Received CAM message from veh_29 (at simulation time 52.601,400,000 s)
2024-06-04 00:13:03,599 INFO  - Atempting to process queue (at simulation time 52.700,000,000 s)
2024-06-04 00:13:03,599 INFO  - Vehicle is outside the detection area. (at simulation time 52.700,000,000 s)
2024-06-04 00:13:03,599 INFO  - Sent broadcast CAM message to all vehicles (at simulation time 52.700,000,000 s)
2024-06-04 00:13:03,600 INFO  - Received CAM message from veh_6 (at simulation time 52.700,400,000 s)
2024-06-04 00:13:03,600 INFO  - Received CAM message from veh_10 (at simulation time 52.701,900,000 s)
2024-06-04 00:13:03,600 INFO  - Received CAM message from veh_29 (at simulation time 52.702,400,000 s)
2024-06-04 00:13:03,600 INFO  - Atempting to process queue (at simulation time 52.800,000,000 s)
2024-06-04 00:13:03,600 INFO  - Vehicle is outside the detection area. (at simulation time 52.800,000,000 s)
2024-06-04 00:13:03,600 INFO  - Sent broadcast CAM message to all vehicles (at simulation time 52.800,000,000 s)
2024-06-04 00:13:03,601 INFO  - Received CAM message from veh_29 (at simulation time 52.800,900,000 s)
2024-06-04 00:13:03,601 INFO  - Received CAM message from veh_6 (at simulation time 52.800,900,000 s)
2024-06-04 00:13:03,601 INFO  - Received CAM message from veh_10 (at simulation time 52.802,400,000 s)
2024-06-04 00:13:03,601 INFO  - Atempting to process queue (at simulation time 52.900,000,000 s)
2024-06-04 00:13:03,601 INFO  - Vehicle is outside the detection area. (at simulation time 52.900,000,000 s)
2024-06-04 00:13:03,601 INFO  - Sent broadcast CAM message to all vehicles (at simulation time 52.900,000,000 s)
2024-06-04 00:13:03,602 INFO  - Received CAM message from veh_6 (at simulation time 52.901,400,000 s)
2024-06-04 00:13:03,602 INFO  - Received CAM message from veh_29 (at simulation time 52.901,900,000 s)
2024-06-04 00:13:03,602 INFO  - Received CAM message from veh_10 (at simulation time 52.902,400,000 s)
2024-06-04 00:13:03,604 INFO  - Atempting to process queue (at simulation time 53.000,000,000 s)
2024-06-04 00:13:03,604 INFO  - Vehicle is outside the detection area. (at simulation time 53.000,000,000 s)
2024-06-04 00:13:03,604 INFO  - Sent broadcast CAM message to all vehicles (at simulation time 53.000,000,000 s)
2024-06-04 00:13:03,610 INFO  - Atempting to process queue (at simulation time 53.100,000,000 s)
2024-06-04 00:13:03,610 INFO  - Vehicle is outside the detection area. (at simulation time 53.100,000,000 s)
2024-06-04 00:13:03,610 INFO  - Sent broadcast CAM message to all vehicles (at simulation time 53.100,000,000 s)
2024-06-04 00:13:03,612 INFO  - Atempting to process queue (at simulation time 53.200,000,000 s)
2024-06-04 00:13:03,612 INFO  - Vehicle is outside the detection area. (at simulation time 53.200,000,000 s)
2024-06-04 00:13:03,612 INFO  - Sent broadcast CAM message to all vehicles (at simulation time 53.200,000,000 s)
2024-06-04 00:13:03,615 INFO  - Atempting to process queue (at simulation time 53.300,000,000 s)
2024-06-04 00:13:03,615 INFO  - Vehicle is outside the detection area. (at simulation time 53.300,000,000 s)
2024-06-04 00:13:03,615 INFO  - Sent broadcast CAM message to all vehicles (at simulation time 53.300,000,000 s)
2024-06-04 00:13:03,617 INFO  - Atempting to process queue (at simulation time 53.400,000,000 s)
2024-06-04 00:13:03,617 INFO  - Vehicle is outside the detection area. (at simulation time 53.400,000,000 s)
2024-06-04 00:13:03,617 INFO  - Sent broadcast CAM message to all vehicles (at simulation time 53.400,000,000 s)
2024-06-04 00:13:03,619 INFO  - Atempting to process queue (at simulation time 53.500,000,000 s)
2024-06-04 00:13:03,619 INFO  - Vehicle is outside the detection area. (at simulation time 53.500,000,000 s)
2024-06-04 00:13:03,619 INFO  - Sent broadcast CAM message to all vehicles (at simulation time 53.500,000,000 s)
2024-06-04 00:13:03,620 INFO  - Atempting to process queue (at simulation time 53.600,000,000 s)
2024-06-04 00:13:03,620 INFO  - Vehicle is outside the detection area. (at simulation time 53.600,000,000 s)
2024-06-04 00:13:03,620 INFO  - Sent broadcast CAM message to all vehicles (at simulation time 53.600,000,000 s)
2024-06-04 00:13:03,622 INFO  - Atempting to process queue (at simulation time 53.700,000,000 s)
2024-06-04 00:13:03,622 INFO  - Vehicle is outside the detection area. (at simulation time 53.700,000,000 s)
2024-06-04 00:13:03,622 INFO  - Sent broadcast CAM message to all vehicles (at simulation time 53.700,000,000 s)
2024-06-04 00:13:03,624 INFO  - Atempting to process queue (at simulation time 53.800,000,000 s)
2024-06-04 00:13:03,624 INFO  - Vehicle is outside the detection area. (at simulation time 53.800,000,000 s)
2024-06-04 00:13:03,624 INFO  - Sent broadcast CAM message to all vehicles (at simulation time 53.800,000,000 s)
2024-06-04 00:13:03,625 INFO  - Atempting to process queue (at simulation time 53.900,000,000 s)
2024-06-04 00:13:03,625 INFO  - Vehicle is outside the detection area. (at simulation time 53.900,000,000 s)
2024-06-04 00:13:03,625 INFO  - Sent broadcast CAM message to all vehicles (at simulation time 53.900,000,000 s)
2024-06-04 00:13:03,630 INFO  - Vehicle is outside the detection area. (at simulation time 54.000,000,000 s)
2024-06-04 00:13:03,630 INFO  - Sent broadcast CAM message to all vehicles (at simulation time 54.000,000,000 s)
2024-06-04 00:13:03,643 INFO  - Vehicle is outside the detection area. (at simulation time 54.100,000,000 s)
2024-06-04 00:13:03,643 INFO  - Sent broadcast CAM message to all vehicles (at simulation time 54.100,000,000 s)
2024-06-04 00:13:03,645 INFO  - Vehicle is outside the detection area. (at simulation time 54.200,000,000 s)
2024-06-04 00:13:03,645 INFO  - Sent broadcast CAM message to all vehicles (at simulation time 54.200,000,000 s)
2024-06-04 00:13:03,646 INFO  - Vehicle is outside the detection area. (at simulation time 54.300,000,000 s)
2024-06-04 00:13:03,646 INFO  - Sent broadcast CAM message to all vehicles (at simulation time 54.300,000,000 s)
2024-06-04 00:13:03,647 INFO  - Vehicle is outside the detection area. (at simulation time 54.400,000,000 s)
2024-06-04 00:13:03,647 INFO  - Sent broadcast CAM message to all vehicles (at simulation time 54.400,000,000 s)
2024-06-04 00:13:03,650 INFO  - Vehicle is outside the detection area. (at simulation time 54.500,000,000 s)
2024-06-04 00:13:03,650 INFO  - Sent broadcast CAM message to all vehicles (at simulation time 54.500,000,000 s)
2024-06-04 00:13:03,651 INFO  - Vehicle is outside the detection area. (at simulation time 54.600,000,000 s)
2024-06-04 00:13:03,651 INFO  - Sent broadcast CAM message to all vehicles (at simulation time 54.600,000,000 s)
2024-06-04 00:13:03,653 INFO  - Vehicle is outside the detection area. (at simulation time 54.700,000,000 s)
2024-06-04 00:13:03,653 INFO  - Sent broadcast CAM message to all vehicles (at simulation time 54.700,000,000 s)
2024-06-04 00:13:03,654 INFO  - Vehicle is outside the detection area. (at simulation time 54.800,000,000 s)
2024-06-04 00:13:03,654 INFO  - Sent broadcast CAM message to all vehicles (at simulation time 54.800,000,000 s)
2024-06-04 00:13:03,657 INFO  - Vehicle is outside the detection area. (at simulation time 54.900,000,000 s)
2024-06-04 00:13:03,657 INFO  - Sent broadcast CAM message to all vehicles (at simulation time 54.900,000,000 s)
2024-06-04 00:13:03,678 INFO  - Vehicle is outside the detection area. (at simulation time 55.000,000,000 s)
2024-06-04 00:13:03,678 INFO  - Sent broadcast CAM message to all vehicles (at simulation time 55.000,000,000 s)
2024-06-04 00:13:03,681 INFO  - Vehicle is outside the detection area. (at simulation time 55.100,000,000 s)
2024-06-04 00:13:03,681 INFO  - Sent broadcast CAM message to all vehicles (at simulation time 55.100,000,000 s)
2024-06-04 00:13:03,682 INFO  - Vehicle is outside the detection area. (at simulation time 55.200,000,000 s)
2024-06-04 00:13:03,682 INFO  - Sent broadcast CAM message to all vehicles (at simulation time 55.200,000,000 s)
2024-06-04 00:13:03,684 INFO  - Vehicle is outside the detection area. (at simulation time 55.300,000,000 s)
2024-06-04 00:13:03,684 INFO  - Sent broadcast CAM message to all vehicles (at simulation time 55.300,000,000 s)
2024-06-04 00:13:03,685 INFO  - Vehicle is outside the detection area. (at simulation time 55.400,000,000 s)
2024-06-04 00:13:03,685 INFO  - Sent broadcast CAM message to all vehicles (at simulation time 55.400,000,000 s)
2024-06-04 00:13:03,687 INFO  - Vehicle is outside the detection area. (at simulation time 55.500,000,000 s)
2024-06-04 00:13:03,687 INFO  - Sent broadcast CAM message to all vehicles (at simulation time 55.500,000,000 s)
2024-06-04 00:13:03,689 INFO  - Vehicle is outside the detection area. (at simulation time 55.600,000,000 s)
2024-06-04 00:13:03,689 INFO  - Sent broadcast CAM message to all vehicles (at simulation time 55.600,000,000 s)
2024-06-04 00:13:03,691 INFO  - Vehicle is outside the detection area. (at simulation time 55.700,000,000 s)
2024-06-04 00:13:03,691 INFO  - Sent broadcast CAM message to all vehicles (at simulation time 55.700,000,000 s)
2024-06-04 00:13:03,693 INFO  - Vehicle is outside the detection area. (at simulation time 55.800,000,000 s)
2024-06-04 00:13:03,693 INFO  - Sent broadcast CAM message to all vehicles (at simulation time 55.800,000,000 s)
2024-06-04 00:13:03,696 INFO  - Vehicle is outside the detection area. (at simulation time 55.900,000,000 s)
2024-06-04 00:13:03,696 INFO  - Sent broadcast CAM message to all vehicles (at simulation time 55.900,000,000 s)
2024-06-04 00:13:03,703 INFO  - Vehicle is outside the detection area. (at simulation time 56.000,000,000 s)
2024-06-04 00:13:03,703 INFO  - Sent broadcast CAM message to all vehicles (at simulation time 56.000,000,000 s)
2024-06-04 00:13:03,706 INFO  - Vehicle is outside the detection area. (at simulation time 56.100,000,000 s)
2024-06-04 00:13:03,706 INFO  - Sent broadcast CAM message to all vehicles (at simulation time 56.100,000,000 s)
2024-06-04 00:13:03,707 INFO  - Vehicle is outside the detection area. (at simulation time 56.200,000,000 s)
2024-06-04 00:13:03,707 INFO  - Sent broadcast CAM message to all vehicles (at simulation time 56.200,000,000 s)
2024-06-04 00:13:03,708 INFO  - Vehicle is outside the detection area. (at simulation time 56.300,000,000 s)
2024-06-04 00:13:03,708 INFO  - Sent broadcast CAM message to all vehicles (at simulation time 56.300,000,000 s)
2024-06-04 00:13:03,710 INFO  - Vehicle is outside the detection area. (at simulation time 56.400,000,000 s)
2024-06-04 00:13:03,710 INFO  - Sent broadcast CAM message to all vehicles (at simulation time 56.400,000,000 s)
2024-06-04 00:13:03,711 INFO  - Vehicle is outside the detection area. (at simulation time 56.500,000,000 s)
2024-06-04 00:13:03,711 INFO  - Sent broadcast CAM message to all vehicles (at simulation time 56.500,000,000 s)
2024-06-04 00:13:03,713 INFO  - Vehicle is outside the detection area. (at simulation time 56.600,000,000 s)
2024-06-04 00:13:03,713 INFO  - Sent broadcast CAM message to all vehicles (at simulation time 56.600,000,000 s)
2024-06-04 00:13:03,713 INFO  - Vehicle is outside the detection area. (at simulation time 56.700,000,000 s)
2024-06-04 00:13:03,713 INFO  - Sent broadcast CAM message to all vehicles (at simulation time 56.700,000,000 s)
2024-06-04 00:13:03,715 INFO  - Vehicle is outside the detection area. (at simulation time 56.800,000,000 s)
2024-06-04 00:13:03,715 INFO  - Sent broadcast CAM message to all vehicles (at simulation time 56.800,000,000 s)
2024-06-04 00:13:03,717 INFO  - Vehicle is outside the detection area. (at simulation time 56.900,000,000 s)
2024-06-04 00:13:03,717 INFO  - Sent broadcast CAM message to all vehicles (at simulation time 56.900,000,000 s)
2024-06-04 00:13:03,724 INFO  - Vehicle is outside the detection area. (at simulation time 57.000,000,000 s)
2024-06-04 00:13:03,724 INFO  - Sent broadcast CAM message to all vehicles (at simulation time 57.000,000,000 s)
2024-06-04 00:13:03,726 INFO  - Vehicle is outside the detection area. (at simulation time 57.100,000,000 s)
2024-06-04 00:13:03,726 INFO  - Sent broadcast CAM message to all vehicles (at simulation time 57.100,000,000 s)
2024-06-04 00:13:03,727 INFO  - Vehicle is outside the detection area. (at simulation time 57.200,000,000 s)
2024-06-04 00:13:03,727 INFO  - Sent broadcast CAM message to all vehicles (at simulation time 57.200,000,000 s)
2024-06-04 00:13:03,729 INFO  - Vehicle is outside the detection area. (at simulation time 57.300,000,000 s)
2024-06-04 00:13:03,729 INFO  - Sent broadcast CAM message to all vehicles (at simulation time 57.300,000,000 s)
2024-06-04 00:13:03,730 INFO  - Vehicle is outside the detection area. (at simulation time 57.400,000,000 s)
2024-06-04 00:13:03,730 INFO  - Sent broadcast CAM message to all vehicles (at simulation time 57.400,000,000 s)
2024-06-04 00:13:03,731 INFO  - Vehicle is outside the detection area. (at simulation time 57.500,000,000 s)
2024-06-04 00:13:03,731 INFO  - Sent broadcast CAM message to all vehicles (at simulation time 57.500,000,000 s)
2024-06-04 00:13:03,732 INFO  - Vehicle is outside the detection area. (at simulation time 57.600,000,000 s)
2024-06-04 00:13:03,732 INFO  - Sent broadcast CAM message to all vehicles (at simulation time 57.600,000,000 s)
2024-06-04 00:13:03,733 INFO  - Vehicle is outside the detection area. (at simulation time 57.700,000,000 s)
2024-06-04 00:13:03,733 INFO  - Sent broadcast CAM message to all vehicles (at simulation time 57.700,000,000 s)
2024-06-04 00:13:03,734 INFO  - Vehicle is outside the detection area. (at simulation time 57.800,000,000 s)
2024-06-04 00:13:03,734 INFO  - Sent broadcast CAM message to all vehicles (at simulation time 57.800,000,000 s)
2024-06-04 00:13:03,735 INFO  - Vehicle is outside the detection area. (at simulation time 57.900,000,000 s)
2024-06-04 00:13:03,735 INFO  - Sent broadcast CAM message to all vehicles (at simulation time 57.900,000,000 s)
2024-06-04 00:13:03,738 INFO  - Shutdown application (at simulation time 58.000,000,000 s)
