2024-06-04 00:13:05,232 INFO  - Initialize application (at simulation time 109.000,000,000 s)
2024-06-04 00:13:05,233 INFO  - Activated WLAN Module (at simulation time 109.000,000,000 s)
2024-06-04 00:13:05,233 INFO  - Vehicle is outside the detection area. (at simulation time 109.000,000,000 s)
2024-06-04 00:13:05,233 INFO  - Sent broadcast CAM message to all vehicles (at simulation time 109.000,000,000 s)
2024-06-04 00:13:05,236 INFO  - Vehicle is outside the detection area. (at simulation time 109.100,000,000 s)
2024-06-04 00:13:05,236 INFO  - Sent broadcast CAM message to all vehicles (at simulation time 109.100,000,000 s)
2024-06-04 00:13:05,238 INFO  - Vehicle is outside the detection area. (at simulation time 109.200,000,000 s)
2024-06-04 00:13:05,238 INFO  - Sent broadcast CAM message to all vehicles (at simulation time 109.200,000,000 s)
2024-06-04 00:13:05,240 INFO  - Vehicle is outside the detection area. (at simulation time 109.300,000,000 s)
2024-06-04 00:13:05,240 INFO  - Sent broadcast CAM message to all vehicles (at simulation time 109.300,000,000 s)
2024-06-04 00:13:05,242 INFO  - Vehicle is outside the detection area. (at simulation time 109.400,000,000 s)
2024-06-04 00:13:05,242 INFO  - Sent broadcast CAM message to all vehicles (at simulation time 109.400,000,000 s)
2024-06-04 00:13:05,244 INFO  - Vehicle is outside the detection area. (at simulation time 109.500,000,000 s)
2024-06-04 00:13:05,244 INFO  - Sent broadcast CAM message to all vehicles (at simulation time 109.500,000,000 s)
2024-06-04 00:13:05,246 INFO  - Vehicle is outside the detection area. (at simulation time 109.600,000,000 s)
2024-06-04 00:13:05,246 INFO  - Sent broadcast CAM message to all vehicles (at simulation time 109.600,000,000 s)
2024-06-04 00:13:05,249 INFO  - Vehicle is outside the detection area. (at simulation time 109.700,000,000 s)
2024-06-04 00:13:05,249 INFO  - Sent broadcast CAM message to all vehicles (at simulation time 109.700,000,000 s)
2024-06-04 00:13:05,251 INFO  - Vehicle is outside the detection area. (at simulation time 109.800,000,000 s)
2024-06-04 00:13:05,251 INFO  - Sent broadcast CAM message to all vehicles (at simulation time 109.800,000,000 s)
2024-06-04 00:13:05,253 INFO  - Vehicle is outside the detection area. (at simulation time 109.900,000,000 s)
2024-06-04 00:13:05,253 INFO  - Sent broadcast CAM message to all vehicles (at simulation time 109.900,000,000 s)
2024-06-04 00:13:05,261 INFO  - Vehicle is outside the detection area. (at simulation time 110.000,000,000 s)
2024-06-04 00:13:05,261 INFO  - Sent broadcast CAM message to all vehicles (at simulation time 110.000,000,000 s)
2024-06-04 00:13:05,265 INFO  - Vehicle is outside the detection area. (at simulation time 110.100,000,000 s)
2024-06-04 00:13:05,265 INFO  - Sent broadcast CAM message to all vehicles (at simulation time 110.100,000,000 s)
2024-06-04 00:13:05,267 INFO  - Received CAM message from veh_73 (at simulation time 110.101,900,000 s)
2024-06-04 00:13:05,267 INFO  - Atempting to process queue (at simulation time 110.200,000,000 s)
2024-06-04 00:13:05,267 INFO  - Vehicle is outside the detection area. (at simulation time 110.200,000,000 s)
2024-06-04 00:13:05,267 INFO  - Sent broadcast CAM message to all vehicles (at simulation time 110.200,000,000 s)
2024-06-04 00:13:05,269 INFO  - Received CAM message from veh_73 (at simulation time 110.202,400,000 s)
2024-06-04 00:13:05,270 INFO  - Atempting to process queue (at simulation time 110.300,000,000 s)
2024-06-04 00:13:05,270 INFO  - Vehicle is outside the detection area. (at simulation time 110.300,000,000 s)
2024-06-04 00:13:05,270 INFO  - Sent broadcast CAM message to all vehicles (at simulation time 110.300,000,000 s)
2024-06-04 00:13:05,270 INFO  - Received CAM message from veh_73 (at simulation time 110.300,400,000 s)
2024-06-04 00:13:05,272 INFO  - Atempting to process queue (at simulation time 110.400,000,000 s)
2024-06-04 00:13:05,272 INFO  - Vehicle is outside the detection area. (at simulation time 110.400,000,000 s)
2024-06-04 00:13:05,272 INFO  - Sent broadcast CAM message to all vehicles (at simulation time 110.400,000,000 s)
2024-06-04 00:13:05,273 INFO  - Received CAM message from veh_73 (at simulation time 110.400,900,000 s)
2024-06-04 00:13:05,274 INFO  - Atempting to process queue (at simulation time 110.500,000,000 s)
2024-06-04 00:13:05,274 INFO  - Vehicle is outside the detection area. (at simulation time 110.500,000,000 s)
2024-06-04 00:13:05,274 INFO  - Sent broadcast CAM message to all vehicles (at simulation time 110.500,000,000 s)
2024-06-04 00:13:05,276 INFO  - Received CAM message from veh_73 (at simulation time 110.500,900,000 s)
2024-06-04 00:13:05,277 INFO  - Atempting to process queue (at simulation time 110.600,000,000 s)
2024-06-04 00:13:05,277 INFO  - Vehicle is outside the detection area. (at simulation time 110.600,000,000 s)
2024-06-04 00:13:05,277 INFO  - Sent broadcast CAM message to all vehicles (at simulation time 110.600,000,000 s)
2024-06-04 00:13:05,278 INFO  - Received CAM message from veh_73 (at simulation time 110.601,900,000 s)
2024-06-04 00:13:05,279 INFO  - Atempting to process queue (at simulation time 110.700,000,000 s)
2024-06-04 00:13:05,279 INFO  - Vehicle is outside the detection area. (at simulation time 110.700,000,000 s)
2024-06-04 00:13:05,279 INFO  - Sent broadcast CAM message to all vehicles (at simulation time 110.700,000,000 s)
2024-06-04 00:13:05,280 INFO  - Received CAM message from veh_73 (at simulation time 110.701,900,000 s)
2024-06-04 00:13:05,281 INFO  - Atempting to process queue (at simulation time 110.800,000,000 s)
2024-06-04 00:13:05,281 INFO  - Vehicle is outside the detection area. (at simulation time 110.800,000,000 s)
2024-06-04 00:13:05,281 INFO  - Sent broadcast CAM message to all vehicles (at simulation time 110.800,000,000 s)
2024-06-04 00:13:05,283 INFO  - Received CAM message from veh_73 (at simulation time 110.802,400,000 s)
2024-06-04 00:13:05,283 INFO  - Atempting to process queue (at simulation time 110.900,000,000 s)
2024-06-04 00:13:05,283 INFO  - Vehicle is outside the detection area. (at simulation time 110.900,000,000 s)
2024-06-04 00:13:05,283 INFO  - Sent broadcast CAM message to all vehicles (at simulation time 110.900,000,000 s)
2024-06-04 00:13:05,284 INFO  - Received CAM message from veh_73 (at simulation time 110.900,900,000 s)
2024-06-04 00:13:05,288 INFO  - Atempting to process queue (at simulation time 111.000,000,000 s)
2024-06-04 00:13:05,288 INFO  - Vehicle is inside the detection area. (at simulation time 111.000,000,000 s)
2024-06-04 00:13:05,288 INFO  - Vehicle is too far away from the traffic light. (at simulation time 111.000,000,000 s)
2024-06-04 00:13:05,288 INFO  - Neither the RSU nor any vehicle is in range. (at simulation time 111.000,000,000 s)
2024-06-04 00:13:05,288 INFO  - Sent broadcast CAM message to all vehicles (at simulation time 111.000,000,000 s)
2024-06-04 00:13:05,290 INFO  - Received CAM message from veh_73 (at simulation time 111.000,400,000 s)
2024-06-04 00:13:05,292 INFO  - Atempting to process queue (at simulation time 111.100,000,000 s)
2024-06-04 00:13:05,292 INFO  - Vehicle is inside the detection area. (at simulation time 111.100,000,000 s)
2024-06-04 00:13:05,292 INFO  - Vehicle is too far away from the traffic light. (at simulation time 111.100,000,000 s)
2024-06-04 00:13:05,292 INFO  - Neither the RSU nor any vehicle is in range. (at simulation time 111.100,000,000 s)
2024-06-04 00:13:05,292 INFO  - Sent broadcast CAM message to all vehicles (at simulation time 111.100,000,000 s)
2024-06-04 00:13:05,297 INFO  - Received CAM message from veh_73 (at simulation time 111.101,900,000 s)
2024-06-04 00:13:05,309 INFO  - Atempting to process queue (at simulation time 111.200,000,000 s)
2024-06-04 00:13:05,309 INFO  - Vehicle is inside the detection area. (at simulation time 111.200,000,000 s)
2024-06-04 00:13:05,309 INFO  - Vehicle is too far away from the traffic light. (at simulation time 111.200,000,000 s)
2024-06-04 00:13:05,309 INFO  - Neither the RSU nor any vehicle is in range. (at simulation time 111.200,000,000 s)
2024-06-04 00:13:05,309 INFO  - Sent broadcast CAM message to all vehicles (at simulation time 111.200,000,000 s)
2024-06-04 00:13:05,311 INFO  - Received CAM message from veh_73 (at simulation time 111.202,400,000 s)
2024-06-04 00:13:05,311 INFO  - Atempting to process queue (at simulation time 111.300,000,000 s)
2024-06-04 00:13:05,311 INFO  - Vehicle is inside the detection area. (at simulation time 111.300,000,000 s)
2024-06-04 00:13:05,311 INFO  - Vehicle is too far away from the traffic light. (at simulation time 111.300,000,000 s)
2024-06-04 00:13:05,311 INFO  - Neither the RSU nor any vehicle is in range. (at simulation time 111.300,000,000 s)
2024-06-04 00:13:05,311 INFO  - Sent broadcast CAM message to all vehicles (at simulation time 111.300,000,000 s)
2024-06-04 00:13:05,313 INFO  - Received CAM message from veh_73 (at simulation time 111.301,900,000 s)
2024-06-04 00:13:05,313 INFO  - Atempting to process queue (at simulation time 111.400,000,000 s)
2024-06-04 00:13:05,313 INFO  - Vehicle is inside the detection area. (at simulation time 111.400,000,000 s)
2024-06-04 00:13:05,313 INFO  - Vehicle is too far away from the traffic light. (at simulation time 111.400,000,000 s)
2024-06-04 00:13:05,313 INFO  - Neither the RSU nor any vehicle is in range. (at simulation time 111.400,000,000 s)
2024-06-04 00:13:05,313 INFO  - Sent broadcast CAM message to all vehicles (at simulation time 111.400,000,000 s)
2024-06-04 00:13:05,314 INFO  - Received CAM message from veh_73 (at simulation time 111.400,900,000 s)
2024-06-04 00:13:05,315 INFO  - Atempting to process queue (at simulation time 111.500,000,000 s)
2024-06-04 00:13:05,315 INFO  - Vehicle is inside the detection area. (at simulation time 111.500,000,000 s)
2024-06-04 00:13:05,315 INFO  - Vehicle is too far away from the traffic light. (at simulation time 111.500,000,000 s)
2024-06-04 00:13:05,315 INFO  - Neither the RSU nor any vehicle is in range. (at simulation time 111.500,000,000 s)
2024-06-04 00:13:05,315 INFO  - Sent broadcast CAM message to all vehicles (at simulation time 111.500,000,000 s)
2024-06-04 00:13:05,316 INFO  - Received CAM message from veh_73 (at simulation time 111.500,400,000 s)
2024-06-04 00:13:05,317 INFO  - Atempting to process queue (at simulation time 111.600,000,000 s)
2024-06-04 00:13:05,317 INFO  - Vehicle is inside the detection area. (at simulation time 111.600,000,000 s)
2024-06-04 00:13:05,317 INFO  - Vehicle is too far away from the traffic light. (at simulation time 111.600,000,000 s)
2024-06-04 00:13:05,317 INFO  - Neither the RSU nor any vehicle is in range. (at simulation time 111.600,000,000 s)
2024-06-04 00:13:05,317 INFO  - Sent broadcast CAM message to all vehicles (at simulation time 111.600,000,000 s)
2024-06-04 00:13:05,318 INFO  - Received CAM message from veh_73 (at simulation time 111.600,400,000 s)
2024-06-04 00:13:05,319 INFO  - Atempting to process queue (at simulation time 111.700,000,000 s)
2024-06-04 00:13:05,319 INFO  - Vehicle is inside the detection area. (at simulation time 111.700,000,000 s)
2024-06-04 00:13:05,319 INFO  - Vehicle is too far away from the traffic light. (at simulation time 111.700,000,000 s)
2024-06-04 00:13:05,319 INFO  - Neither the RSU nor any vehicle is in range. (at simulation time 111.700,000,000 s)
2024-06-04 00:13:05,319 INFO  - Sent broadcast CAM message to all vehicles (at simulation time 111.700,000,000 s)
2024-06-04 00:13:05,321 INFO  - Received CAM message from veh_73 (at simulation time 111.701,900,000 s)
2024-06-04 00:13:05,321 INFO  - Atempting to process queue (at simulation time 111.800,000,000 s)
2024-06-04 00:13:05,321 INFO  - Vehicle is inside the detection area. (at simulation time 111.800,000,000 s)
2024-06-04 00:13:05,321 INFO  - Vehicle is too far away from the traffic light. (at simulation time 111.800,000,000 s)
2024-06-04 00:13:05,321 INFO  - Neither the RSU nor any vehicle is in range. (at simulation time 111.800,000,000 s)
2024-06-04 00:13:05,321 INFO  - Sent broadcast CAM message to all vehicles (at simulation time 111.800,000,000 s)
2024-06-04 00:13:05,322 INFO  - Received CAM message from veh_73 (at simulation time 111.800,400,000 s)
2024-06-04 00:13:05,323 INFO  - Atempting to process queue (at simulation time 111.900,000,000 s)
2024-06-04 00:13:05,323 INFO  - Vehicle is inside the detection area. (at simulation time 111.900,000,000 s)
2024-06-04 00:13:05,323 INFO  - Vehicle is too far away from the traffic light. (at simulation time 111.900,000,000 s)
2024-06-04 00:13:05,323 INFO  - Neither the RSU nor any vehicle is in range. (at simulation time 111.900,000,000 s)
2024-06-04 00:13:05,323 INFO  - Sent broadcast CAM message to all vehicles (at simulation time 111.900,000,000 s)
2024-06-04 00:13:05,325 INFO  - Received CAM message from veh_73 (at simulation time 111.902,400,000 s)
2024-06-04 00:13:05,328 INFO  - Atempting to process queue (at simulation time 112.000,000,000 s)
2024-06-04 00:13:05,328 INFO  - Vehicle is inside the detection area. (at simulation time 112.000,000,000 s)
2024-06-04 00:13:05,328 INFO  - Vehicle is too far away from the traffic light. (at simulation time 112.000,000,000 s)
2024-06-04 00:13:05,328 INFO  - Neither the RSU nor any vehicle is in range. (at simulation time 112.000,000,000 s)
2024-06-04 00:13:05,328 INFO  - Sent broadcast CAM message to all vehicles (at simulation time 112.000,000,000 s)
2024-06-04 00:13:05,329 INFO  - Received CAM message from veh_73 (at simulation time 112.000,400,000 s)
2024-06-04 00:13:05,330 INFO  - Atempting to process queue (at simulation time 112.100,000,000 s)
2024-06-04 00:13:05,330 INFO  - Vehicle is inside the detection area. (at simulation time 112.100,000,000 s)
2024-06-04 00:13:05,330 INFO  - Vehicle is too far away from the traffic light. (at simulation time 112.100,000,000 s)
2024-06-04 00:13:05,330 INFO  - Neither the RSU nor any vehicle is in range. (at simulation time 112.100,000,000 s)
2024-06-04 00:13:05,330 INFO  - Sent broadcast CAM message to all vehicles (at simulation time 112.100,000,000 s)
2024-06-04 00:13:05,332 INFO  - Received CAM message from veh_73 (at simulation time 112.101,900,000 s)
2024-06-04 00:13:05,332 INFO  - Atempting to process queue (at simulation time 112.200,000,000 s)
2024-06-04 00:13:05,332 INFO  - Vehicle is inside the detection area. (at simulation time 112.200,000,000 s)
2024-06-04 00:13:05,333 INFO  - Vehicle is too far away from the traffic light. (at simulation time 112.200,000,000 s)
2024-06-04 00:13:05,333 INFO  - Neither the RSU nor any vehicle is in range. (at simulation time 112.200,000,000 s)
2024-06-04 00:13:05,333 INFO  - Sent broadcast CAM message to all vehicles (at simulation time 112.200,000,000 s)
2024-06-04 00:13:05,334 INFO  - Received CAM message from veh_73 (at simulation time 112.202,400,000 s)
2024-06-04 00:13:05,334 INFO  - Atempting to process queue (at simulation time 112.300,000,000 s)
2024-06-04 00:13:05,334 INFO  - Vehicle is inside the detection area. (at simulation time 112.300,000,000 s)
2024-06-04 00:13:05,334 INFO  - Vehicle is too far away from the traffic light. (at simulation time 112.300,000,000 s)
2024-06-04 00:13:05,334 INFO  - Neither the RSU nor any vehicle is in range. (at simulation time 112.300,000,000 s)
2024-06-04 00:13:05,334 INFO  - Sent broadcast CAM message to all vehicles (at simulation time 112.300,000,000 s)
2024-06-04 00:13:05,336 INFO  - Received CAM message from veh_73 (at simulation time 112.301,900,000 s)
2024-06-04 00:13:05,336 INFO  - Atempting to process queue (at simulation time 112.400,000,000 s)
2024-06-04 00:13:05,336 INFO  - Vehicle is inside the detection area. (at simulation time 112.400,000,000 s)
2024-06-04 00:13:05,336 INFO  - Vehicle is too far away from the traffic light. (at simulation time 112.400,000,000 s)
2024-06-04 00:13:05,336 INFO  - Neither the RSU nor any vehicle is in range. (at simulation time 112.400,000,000 s)
2024-06-04 00:13:05,336 INFO  - Sent broadcast CAM message to all vehicles (at simulation time 112.400,000,000 s)
2024-06-04 00:13:05,338 INFO  - Received CAM message from veh_73 (at simulation time 112.401,400,000 s)
2024-06-04 00:13:05,338 INFO  - Atempting to process queue (at simulation time 112.500,000,000 s)
2024-06-04 00:13:05,338 INFO  - Vehicle is inside the detection area. (at simulation time 112.500,000,000 s)
2024-06-04 00:13:05,338 INFO  - Vehicle is too far away from the traffic light. (at simulation time 112.500,000,000 s)
2024-06-04 00:13:05,338 INFO  - Neither the RSU nor any vehicle is in range. (at simulation time 112.500,000,000 s)
2024-06-04 00:13:05,338 INFO  - Sent broadcast CAM message to all vehicles (at simulation time 112.500,000,000 s)
2024-06-04 00:13:05,340 INFO  - Received CAM message from veh_73 (at simulation time 112.501,900,000 s)
2024-06-04 00:13:05,340 INFO  - Atempting to process queue (at simulation time 112.600,000,000 s)
2024-06-04 00:13:05,340 INFO  - Vehicle is inside the detection area. (at simulation time 112.600,000,000 s)
2024-06-04 00:13:05,340 INFO  - Vehicle is too far away from the traffic light. (at simulation time 112.600,000,000 s)
2024-06-04 00:13:05,340 INFO  - Neither the RSU nor any vehicle is in range. (at simulation time 112.600,000,000 s)
2024-06-04 00:13:05,340 INFO  - Sent broadcast CAM message to all vehicles (at simulation time 112.600,000,000 s)
2024-06-04 00:13:05,341 INFO  - Received CAM message from veh_73 (at simulation time 112.600,900,000 s)
2024-06-04 00:13:05,342 INFO  - Atempting to process queue (at simulation time 112.700,000,000 s)
2024-06-04 00:13:05,342 INFO  - Vehicle is inside the detection area. (at simulation time 112.700,000,000 s)
2024-06-04 00:13:05,342 INFO  - Vehicle is too far away from the traffic light. (at simulation time 112.700,000,000 s)
2024-06-04 00:13:05,342 INFO  - Neither the RSU nor any vehicle is in range. (at simulation time 112.700,000,000 s)
2024-06-04 00:13:05,342 INFO  - Sent broadcast CAM message to all vehicles (at simulation time 112.700,000,000 s)
2024-06-04 00:13:05,343 INFO  - Received CAM message from veh_73 (at simulation time 112.700,400,000 s)
2024-06-04 00:13:05,344 INFO  - Atempting to process queue (at simulation time 112.800,000,000 s)
2024-06-04 00:13:05,344 INFO  - Vehicle is inside the detection area. (at simulation time 112.800,000,000 s)
2024-06-04 00:13:05,344 INFO  - Vehicle is too far away from the traffic light. (at simulation time 112.800,000,000 s)
2024-06-04 00:13:05,344 INFO  - Neither the RSU nor any vehicle is in range. (at simulation time 112.800,000,000 s)
2024-06-04 00:13:05,344 INFO  - Sent broadcast CAM message to all vehicles (at simulation time 112.800,000,000 s)
2024-06-04 00:13:05,345 INFO  - Received CAM message from veh_73 (at simulation time 112.800,900,000 s)
2024-06-04 00:13:05,346 INFO  - Atempting to process queue (at simulation time 112.900,000,000 s)
2024-06-04 00:13:05,346 INFO  - Vehicle is inside the detection area. (at simulation time 112.900,000,000 s)
2024-06-04 00:13:05,346 INFO  - Vehicle is too far away from the traffic light. (at simulation time 112.900,000,000 s)
2024-06-04 00:13:05,346 INFO  - Neither the RSU nor any vehicle is in range. (at simulation time 112.900,000,000 s)
2024-06-04 00:13:05,346 INFO  - Sent broadcast CAM message to all vehicles (at simulation time 112.900,000,000 s)
2024-06-04 00:13:05,346 INFO  - Received CAM message from veh_73 (at simulation time 112.900,400,000 s)
2024-06-04 00:13:05,350 INFO  - Atempting to process queue (at simulation time 113.000,000,000 s)
2024-06-04 00:13:05,350 INFO  - Vehicle is inside the detection area. (at simulation time 113.000,000,000 s)
2024-06-04 00:13:05,350 INFO  - Sent Detection message to rsu_0 (at simulation time 113.000,000,000 s)
2024-06-04 00:13:05,350 INFO  - Sent broadcast CAM message to all vehicles (at simulation time 113.000,000,000 s)
2024-06-04 00:13:05,353 INFO  - Received CAM message from veh_69 (at simulation time 113.000,900,000 s)
2024-06-04 00:13:05,354 INFO  - Received CAM message from veh_22 (at simulation time 113.001,400,000 s)
2024-06-04 00:13:05,354 INFO  - Received Detection message from veh_73 to veh_72 (at simulation time 113.001,900,000 s)
2024-06-04 00:13:05,354 INFO  - Forwarded Detection message to rsu_0 (at simulation time 113.001,900,000 s)
2024-06-04 00:13:05,354 INFO  - Received CAM message from veh_73 (at simulation time 113.001,900,000 s)
2024-06-04 00:13:05,354 INFO  - Received CAM message from veh_34 (at simulation time 113.001,900,000 s)
2024-06-04 00:13:05,354 INFO  - Received CAM message from veh_18 (at simulation time 113.001,900,000 s)
2024-06-04 00:13:05,354 INFO  - Received CAM message from veh_26 (at simulation time 113.002,400,000 s)
2024-06-04 00:13:05,354 INFO  - Atempting to process queue (at simulation time 113.100,000,000 s)
2024-06-04 00:13:05,354 INFO  - Vehicle is inside the detection area. (at simulation time 113.100,000,000 s)
2024-06-04 00:13:05,354 INFO  - Sent Detection message to rsu_0 (at simulation time 113.100,000,000 s)
2024-06-04 00:13:05,354 INFO  - Sent broadcast CAM message to all vehicles (at simulation time 113.100,000,000 s)
2024-06-04 00:13:05,356 INFO  - Received CAM message from veh_73 (at simulation time 113.100,900,000 s)
2024-06-04 00:13:05,357 INFO  - Received CAM message from veh_22 (at simulation time 113.100,900,000 s)
2024-06-04 00:13:05,357 INFO  - Received CAM message from veh_34 (at simulation time 113.101,400,000 s)
2024-06-04 00:13:05,357 INFO  - Received CAM message from veh_26 (at simulation time 113.101,400,000 s)
2024-06-04 00:13:05,357 INFO  - Received Detection message from veh_73 to veh_72 (at simulation time 113.101,900,000 s)
2024-06-04 00:13:05,357 INFO  - Forwarded Detection message to rsu_0 (at simulation time 113.101,900,000 s)
2024-06-04 00:13:05,358 INFO  - Received CAM message from veh_69 (at simulation time 113.102,400,000 s)
2024-06-04 00:13:05,358 INFO  - Received CAM message from veh_18 (at simulation time 113.102,400,000 s)
2024-06-04 00:13:05,358 INFO  - Atempting to process queue (at simulation time 113.200,000,000 s)
2024-06-04 00:13:05,358 INFO  - Vehicle is inside the detection area. (at simulation time 113.200,000,000 s)
2024-06-04 00:13:05,358 INFO  - Sent Detection message to rsu_0 (at simulation time 113.200,000,000 s)
2024-06-04 00:13:05,358 INFO  - Sent broadcast CAM message to all vehicles (at simulation time 113.200,000,000 s)
2024-06-04 00:13:05,359 INFO  - Received Detection message from veh_73 to veh_72 (at simulation time 113.200,400,000 s)
2024-06-04 00:13:05,359 INFO  - Forwarded Detection message to rsu_0 (at simulation time 113.200,400,000 s)
2024-06-04 00:13:05,359 INFO  - Received CAM message from veh_69 (at simulation time 113.200,400,000 s)
2024-06-04 00:13:05,359 INFO  - Received CAM message from veh_34 (at simulation time 113.200,400,000 s)
2024-06-04 00:13:05,359 INFO  - Received CAM message from veh_18 (at simulation time 113.200,400,000 s)
2024-06-04 00:13:05,359 INFO  - Received CAM message from veh_26 (at simulation time 113.201,400,000 s)
2024-06-04 00:13:05,360 INFO  - Received CAM message from veh_73 (at simulation time 113.202,400,000 s)
2024-06-04 00:13:05,360 INFO  - Received CAM message from veh_22 (at simulation time 113.202,400,000 s)
2024-06-04 00:13:05,360 INFO  - Atempting to process queue (at simulation time 113.300,000,000 s)
2024-06-04 00:13:05,360 INFO  - Vehicle is inside the detection area. (at simulation time 113.300,000,000 s)
2024-06-04 00:13:05,360 INFO  - Sent Detection message to rsu_0 (at simulation time 113.300,000,000 s)
2024-06-04 00:13:05,360 INFO  - Sent broadcast CAM message to all vehicles (at simulation time 113.300,000,000 s)
2024-06-04 00:13:05,361 INFO  - Received Detection message from veh_73 to veh_72 (at simulation time 113.300,900,000 s)
2024-06-04 00:13:05,361 INFO  - Forwarded Detection message to rsu_0 (at simulation time 113.300,900,000 s)
2024-06-04 00:13:05,361 INFO  - Received CAM message from veh_73 (at simulation time 113.300,900,000 s)
2024-06-04 00:13:05,361 INFO  - Received CAM message from veh_34 (at simulation time 113.301,400,000 s)
2024-06-04 00:13:05,361 INFO  - Received CAM message from veh_22 (at simulation time 113.301,400,000 s)
2024-06-04 00:13:05,361 INFO  - Received CAM message from veh_18 (at simulation time 113.301,400,000 s)
2024-06-04 00:13:05,362 INFO  - Received CAM message from veh_69 (at simulation time 113.302,400,000 s)
2024-06-04 00:13:05,362 INFO  - Received CAM message from veh_26 (at simulation time 113.302,400,000 s)
2024-06-04 00:13:05,363 INFO  - Atempting to process queue (at simulation time 113.400,000,000 s)
2024-06-04 00:13:05,363 INFO  - Vehicle is inside the detection area. (at simulation time 113.400,000,000 s)
2024-06-04 00:13:05,363 INFO  - Sent Detection message to rsu_0 (at simulation time 113.400,000,000 s)
2024-06-04 00:13:05,363 INFO  - Sent broadcast CAM message to all vehicles (at simulation time 113.400,000,000 s)
2024-06-04 00:13:05,364 INFO  - Received CAM message from veh_73 (at simulation time 113.400,400,000 s)
2024-06-04 00:13:05,364 INFO  - Received CAM message from veh_26 (at simulation time 113.400,400,000 s)
2024-06-04 00:13:05,365 INFO  - Received CAM message from veh_18 (at simulation time 113.401,400,000 s)
2024-06-04 00:13:05,365 INFO  - Received CAM message from veh_22 (at simulation time 113.401,900,000 s)
2024-06-04 00:13:05,365 INFO  - Received Detection message from veh_73 to veh_72 (at simulation time 113.402,400,000 s)
2024-06-04 00:13:05,365 INFO  - Forwarded Detection message to rsu_0 (at simulation time 113.402,400,000 s)
2024-06-04 00:13:05,365 INFO  - Received CAM message from veh_69 (at simulation time 113.402,400,000 s)
2024-06-04 00:13:05,365 INFO  - Received CAM message from veh_34 (at simulation time 113.402,400,000 s)
2024-06-04 00:13:05,365 INFO  - Atempting to process queue (at simulation time 113.500,000,000 s)
2024-06-04 00:13:05,365 INFO  - Vehicle is inside the detection area. (at simulation time 113.500,000,000 s)
2024-06-04 00:13:05,365 INFO  - Sent Detection message to rsu_0 (at simulation time 113.500,000,000 s)
2024-06-04 00:13:05,365 INFO  - Sent broadcast CAM message to all vehicles (at simulation time 113.500,000,000 s)
2024-06-04 00:13:05,366 INFO  - Received CAM message from veh_69 (at simulation time 113.500,400,000 s)
2024-06-04 00:13:05,366 INFO  - Received CAM message from veh_18 (at simulation time 113.500,400,000 s)
2024-06-04 00:13:05,366 INFO  - Received Detection message from veh_73 to veh_72 (at simulation time 113.500,900,000 s)
2024-06-04 00:13:05,366 INFO  - Forwarded Detection message to rsu_0 (at simulation time 113.500,900,000 s)
2024-06-04 00:13:05,366 INFO  - Received CAM message from veh_73 (at simulation time 113.501,400,000 s)
2024-06-04 00:13:05,367 INFO  - Received CAM message from veh_26 (at simulation time 113.501,400,000 s)
2024-06-04 00:13:05,367 INFO  - Received CAM message from veh_22 (at simulation time 113.501,400,000 s)
2024-06-04 00:13:05,367 INFO  - Received CAM message from veh_34 (at simulation time 113.502,400,000 s)
2024-06-04 00:13:05,368 INFO  - Atempting to process queue (at simulation time 113.600,000,000 s)
2024-06-04 00:13:05,368 INFO  - Vehicle is inside the detection area. (at simulation time 113.600,000,000 s)
2024-06-04 00:13:05,368 INFO  - Sent Detection message to rsu_0 (at simulation time 113.600,000,000 s)
2024-06-04 00:13:05,368 INFO  - Sent broadcast CAM message to all vehicles (at simulation time 113.600,000,000 s)
2024-06-04 00:13:05,368 INFO  - Received CAM message from veh_73 (at simulation time 113.600,400,000 s)
2024-06-04 00:13:05,369 INFO  - Received Detection message from veh_73 to veh_72 (at simulation time 113.600,900,000 s)
2024-06-04 00:13:05,369 INFO  - Forwarded Detection message to rsu_0 (at simulation time 113.600,900,000 s)
2024-06-04 00:13:05,369 INFO  - Received CAM message from veh_69 (at simulation time 113.600,900,000 s)
2024-06-04 00:13:05,369 INFO  - Received CAM message from veh_26 (at simulation time 113.601,900,000 s)
2024-06-04 00:13:05,369 INFO  - Received CAM message from veh_18 (at simulation time 113.601,900,000 s)
2024-06-04 00:13:05,369 INFO  - Received CAM message from veh_34 (at simulation time 113.602,400,000 s)
2024-06-04 00:13:05,370 INFO  - Received CAM message from veh_22 (at simulation time 113.602,400,000 s)
2024-06-04 00:13:05,370 INFO  - Atempting to process queue (at simulation time 113.700,000,000 s)
2024-06-04 00:13:05,370 INFO  - Vehicle is inside the detection area. (at simulation time 113.700,000,000 s)
2024-06-04 00:13:05,370 INFO  - Sent Detection message to rsu_0 (at simulation time 113.700,000,000 s)
2024-06-04 00:13:05,370 INFO  - Sent broadcast CAM message to all vehicles (at simulation time 113.700,000,000 s)
2024-06-04 00:13:05,370 INFO  - Received CAM message from veh_73 (at simulation time 113.700,400,000 s)
2024-06-04 00:13:05,371 INFO  - Received CAM message from veh_34 (at simulation time 113.700,400,000 s)
2024-06-04 00:13:05,371 INFO  - Received Detection message from veh_73 to veh_72 (at simulation time 113.700,900,000 s)
2024-06-04 00:13:05,371 INFO  - Forwarded Detection message to rsu_0 (at simulation time 113.700,900,000 s)
2024-06-04 00:13:05,371 INFO  - Received CAM message from veh_26 (at simulation time 113.700,900,000 s)
2024-06-04 00:13:05,371 INFO  - Received CAM message from veh_18 (at simulation time 113.700,900,000 s)
2024-06-04 00:13:05,371 INFO  - Received CAM message from veh_69 (at simulation time 113.701,400,000 s)
2024-06-04 00:13:05,372 INFO  - Received CAM message from veh_22 (at simulation time 113.702,400,000 s)
2024-06-04 00:13:05,372 INFO  - Atempting to process queue (at simulation time 113.800,000,000 s)
2024-06-04 00:13:05,372 INFO  - Vehicle is inside the detection area. (at simulation time 113.800,000,000 s)
2024-06-04 00:13:05,372 INFO  - Sent Detection message to rsu_0 (at simulation time 113.800,000,000 s)
2024-06-04 00:13:05,372 INFO  - Sent broadcast CAM message to all vehicles (at simulation time 113.800,000,000 s)
2024-06-04 00:13:05,373 INFO  - Received CAM message from veh_73 (at simulation time 113.800,400,000 s)
2024-06-04 00:13:05,373 INFO  - Received CAM message from veh_26 (at simulation time 113.800,400,000 s)
2024-06-04 00:13:05,374 INFO  - Received Detection message from veh_73 to veh_72 (at simulation time 113.801,400,000 s)
2024-06-04 00:13:05,374 INFO  - Forwarded Detection message to rsu_0 (at simulation time 113.801,400,000 s)
2024-06-04 00:13:05,374 INFO  - Received CAM message from veh_34 (at simulation time 113.801,900,000 s)
2024-06-04 00:13:05,374 INFO  - Received CAM message from veh_22 (at simulation time 113.801,900,000 s)
2024-06-04 00:13:05,374 INFO  - Received CAM message from veh_69 (at simulation time 113.802,400,000 s)
2024-06-04 00:13:05,375 INFO  - Received CAM message from veh_18 (at simulation time 113.802,400,000 s)
2024-06-04 00:13:05,375 INFO  - Atempting to process queue (at simulation time 113.900,000,000 s)
2024-06-04 00:13:05,375 INFO  - Vehicle is inside the detection area. (at simulation time 113.900,000,000 s)
2024-06-04 00:13:05,375 INFO  - Sent Detection message to rsu_0 (at simulation time 113.900,000,000 s)
2024-06-04 00:13:05,375 INFO  - Sent broadcast CAM message to all vehicles (at simulation time 113.900,000,000 s)
2024-06-04 00:13:05,375 INFO  - Received Detection message from veh_73 to veh_72 (at simulation time 113.900,400,000 s)
2024-06-04 00:13:05,375 INFO  - Forwarded Detection message to rsu_0 (at simulation time 113.900,400,000 s)
2024-06-04 00:13:05,376 INFO  - Received CAM message from veh_26 (at simulation time 113.900,400,000 s)
2024-06-04 00:13:05,376 INFO  - Received CAM message from veh_18 (at simulation time 113.900,400,000 s)
2024-06-04 00:13:05,376 INFO  - Received CAM message from veh_73 (at simulation time 113.900,900,000 s)
2024-06-04 00:13:05,376 INFO  - Received CAM message from veh_69 (at simulation time 113.900,900,000 s)
2024-06-04 00:13:05,377 INFO  - Received CAM message from veh_22 (at simulation time 113.901,900,000 s)
2024-06-04 00:13:05,377 INFO  - Received CAM message from veh_34 (at simulation time 113.902,400,000 s)
2024-06-04 00:13:05,382 INFO  - Atempting to process queue (at simulation time 114.000,000,000 s)
2024-06-04 00:13:05,382 INFO  - Vehicle is inside the detection area. (at simulation time 114.000,000,000 s)
2024-06-04 00:13:05,382 INFO  - Sent Detection message to rsu_0 (at simulation time 114.000,000,000 s)
2024-06-04 00:13:05,382 INFO  - Sent broadcast CAM message to all vehicles (at simulation time 114.000,000,000 s)
2024-06-04 00:13:05,384 INFO  - Received CAM message from veh_34 (at simulation time 114.000,900,000 s)
2024-06-04 00:13:05,384 INFO  - Received CAM message from veh_69 (at simulation time 114.001,400,000 s)
2024-06-04 00:13:05,384 INFO  - Received CAM message from veh_42 (at simulation time 114.001,400,000 s)
2024-06-04 00:13:05,384 INFO  - Received CAM message from veh_38 (at simulation time 114.001,400,000 s)
2024-06-04 00:13:05,384 INFO  - Received CAM message from veh_26 (at simulation time 114.001,400,000 s)
2024-06-04 00:13:05,384 INFO  - Received CAM message from veh_18 (at simulation time 114.001,400,000 s)
2024-06-04 00:13:05,385 INFO  - Received CAM message from veh_22 (at simulation time 114.001,900,000 s)
2024-06-04 00:13:05,385 INFO  - Received Detection message from veh_73 to veh_72 (at simulation time 114.002,400,000 s)
2024-06-04 00:13:05,385 INFO  - Forwarded Detection message to rsu_0 (at simulation time 114.002,400,000 s)
2024-06-04 00:13:05,385 INFO  - Received CAM message from veh_73 (at simulation time 114.002,400,000 s)
2024-06-04 00:13:05,385 INFO  - Received CAM message from veh_30 (at simulation time 114.002,400,000 s)
2024-06-04 00:13:05,385 INFO  - Atempting to process queue (at simulation time 114.100,000,000 s)
2024-06-04 00:13:05,385 INFO  - Vehicle is inside the detection area. (at simulation time 114.100,000,000 s)
2024-06-04 00:13:05,385 INFO  - Sent Detection message to rsu_0 (at simulation time 114.100,000,000 s)
2024-06-04 00:13:05,385 INFO  - Sent broadcast CAM message to all vehicles (at simulation time 114.100,000,000 s)
2024-06-04 00:13:05,386 INFO  - Received CAM message from veh_69 (at simulation time 114.100,400,000 s)
2024-06-04 00:13:05,386 INFO  - Received CAM message from veh_42 (at simulation time 114.100,900,000 s)
2024-06-04 00:13:05,386 INFO  - Received CAM message from veh_73 (at simulation time 114.101,400,000 s)
2024-06-04 00:13:05,386 INFO  - Received CAM message from veh_30 (at simulation time 114.101,400,000 s)
2024-06-04 00:13:05,386 INFO  - Received CAM message from veh_38 (at simulation time 114.101,900,000 s)
2024-06-04 00:13:05,387 INFO  - Received CAM message from veh_34 (at simulation time 114.101,900,000 s)
2024-06-04 00:13:05,387 INFO  - Received CAM message from veh_18 (at simulation time 114.101,900,000 s)
2024-06-04 00:13:05,387 INFO  - Received Detection message from veh_73 to veh_72 (at simulation time 114.102,400,000 s)
2024-06-04 00:13:05,387 INFO  - Forwarded Detection message to rsu_0 (at simulation time 114.102,400,000 s)
2024-06-04 00:13:05,387 INFO  - Received CAM message from veh_26 (at simulation time 114.102,400,000 s)
2024-06-04 00:13:05,387 INFO  - Received CAM message from veh_22 (at simulation time 114.102,400,000 s)
2024-06-04 00:13:05,387 INFO  - Atempting to process queue (at simulation time 114.200,000,000 s)
2024-06-04 00:13:05,387 INFO  - Vehicle is inside the detection area. (at simulation time 114.200,000,000 s)
2024-06-04 00:13:05,387 INFO  - Sent Detection message to rsu_0 (at simulation time 114.200,000,000 s)
2024-06-04 00:13:05,387 INFO  - Sent broadcast CAM message to all vehicles (at simulation time 114.200,000,000 s)
2024-06-04 00:13:05,388 INFO  - Received CAM message from veh_73 (at simulation time 114.200,400,000 s)
2024-06-04 00:13:05,388 INFO  - Received CAM message from veh_69 (at simulation time 114.200,400,000 s)
2024-06-04 00:13:05,388 INFO  - Received CAM message from veh_42 (at simulation time 114.200,400,000 s)
2024-06-04 00:13:05,388 INFO  - Received CAM message from veh_30 (at simulation time 114.200,400,000 s)
2024-06-04 00:13:05,388 INFO  - Received Detection message from veh_73 to veh_72 (at simulation time 114.200,900,000 s)
2024-06-04 00:13:05,388 INFO  - Forwarded Detection message to rsu_0 (at simulation time 114.200,900,000 s)
2024-06-04 00:13:05,388 INFO  - Received CAM message from veh_38 (at simulation time 114.201,900,000 s)
2024-06-04 00:13:05,388 INFO  - Received CAM message from veh_34 (at simulation time 114.201,900,000 s)
2024-06-04 00:13:05,388 INFO  - Received CAM message from veh_26 (at simulation time 114.201,900,000 s)
2024-06-04 00:13:05,388 INFO  - Received CAM message from veh_18 (at simulation time 114.201,900,000 s)
2024-06-04 00:13:05,388 INFO  - Received CAM message from veh_22 (at simulation time 114.202,400,000 s)
2024-06-04 00:13:05,388 INFO  - Atempting to process queue (at simulation time 114.300,000,000 s)
2024-06-04 00:13:05,388 INFO  - Vehicle is inside the detection area. (at simulation time 114.300,000,000 s)
2024-06-04 00:13:05,388 INFO  - Sent Detection message to rsu_0 (at simulation time 114.300,000,000 s)
2024-06-04 00:13:05,388 INFO  - Sent broadcast CAM message to all vehicles (at simulation time 114.300,000,000 s)
2024-06-04 00:13:05,389 INFO  - Received CAM message from veh_42 (at simulation time 114.300,400,000 s)
2024-06-04 00:13:05,389 INFO  - Received CAM message from veh_18 (at simulation time 114.300,400,000 s)
2024-06-04 00:13:05,389 INFO  - Received CAM message from veh_34 (at simulation time 114.300,900,000 s)
2024-06-04 00:13:05,389 INFO  - Received CAM message from veh_26 (at simulation time 114.301,400,000 s)
2024-06-04 00:13:05,389 INFO  - Received Detection message from veh_73 to veh_72 (at simulation time 114.301,900,000 s)
2024-06-04 00:13:05,389 INFO  - Forwarded Detection message to rsu_0 (at simulation time 114.301,900,000 s)
2024-06-04 00:13:05,389 INFO  - Received CAM message from veh_73 (at simulation time 114.301,900,000 s)
2024-06-04 00:13:05,390 INFO  - Received CAM message from veh_30 (at simulation time 114.301,900,000 s)
2024-06-04 00:13:05,390 INFO  - Received CAM message from veh_69 (at simulation time 114.302,400,000 s)
2024-06-04 00:13:05,390 INFO  - Received CAM message from veh_38 (at simulation time 114.302,400,000 s)
2024-06-04 00:13:05,390 INFO  - Received CAM message from veh_22 (at simulation time 114.302,400,000 s)
2024-06-04 00:13:05,390 INFO  - Atempting to process queue (at simulation time 114.400,000,000 s)
2024-06-04 00:13:05,390 INFO  - Vehicle is inside the detection area. (at simulation time 114.400,000,000 s)
2024-06-04 00:13:05,390 INFO  - Sent Detection message to rsu_0 (at simulation time 114.400,000,000 s)
2024-06-04 00:13:05,390 INFO  - Sent broadcast CAM message to all vehicles (at simulation time 114.400,000,000 s)
2024-06-04 00:13:05,391 INFO  - Received Detection message from veh_73 to veh_72 (at simulation time 114.400,400,000 s)
2024-06-04 00:13:05,391 INFO  - Forwarded Detection message to rsu_0 (at simulation time 114.400,400,000 s)
2024-06-04 00:13:05,391 INFO  - Received CAM message from veh_73 (at simulation time 114.400,400,000 s)
2024-06-04 00:13:05,391 INFO  - Received CAM message from veh_69 (at simulation time 114.400,400,000 s)
2024-06-04 00:13:05,391 INFO  - Received CAM message from veh_18 (at simulation time 114.400,400,000 s)
2024-06-04 00:13:05,391 INFO  - Received CAM message from veh_34 (at simulation time 114.400,900,000 s)
2024-06-04 00:13:05,391 INFO  - Received CAM message from veh_42 (at simulation time 114.401,400,000 s)
2024-06-04 00:13:05,391 INFO  - Received CAM message from veh_30 (at simulation time 114.401,400,000 s)
2024-06-04 00:13:05,391 INFO  - Received CAM message from veh_38 (at simulation time 114.401,900,000 s)
2024-06-04 00:13:05,392 INFO  - Received CAM message from veh_26 (at simulation time 114.402,400,000 s)
2024-06-04 00:13:05,392 INFO  - Received CAM message from veh_22 (at simulation time 114.402,400,000 s)
2024-06-04 00:13:05,392 INFO  - Atempting to process queue (at simulation time 114.500,000,000 s)
2024-06-04 00:13:05,392 INFO  - Vehicle is inside the detection area. (at simulation time 114.500,000,000 s)
2024-06-04 00:13:05,392 INFO  - Sent Detection message to rsu_0 (at simulation time 114.500,000,000 s)
2024-06-04 00:13:05,392 INFO  - Sent broadcast CAM message to all vehicles (at simulation time 114.500,000,000 s)
2024-06-04 00:13:05,392 INFO  - Received Detection message from veh_73 to veh_72 (at simulation time 114.500,400,000 s)
2024-06-04 00:13:05,392 INFO  - Forwarded Detection message to rsu_0 (at simulation time 114.500,400,000 s)
2024-06-04 00:13:05,392 INFO  - Received CAM message from veh_38 (at simulation time 114.500,400,000 s)
2024-06-04 00:13:05,392 INFO  - Received CAM message from veh_73 (at simulation time 114.500,900,000 s)
2024-06-04 00:13:05,392 INFO  - Received CAM message from veh_69 (at simulation time 114.500,900,000 s)
2024-06-04 00:13:05,393 INFO  - Received CAM message from veh_34 (at simulation time 114.500,900,000 s)
2024-06-04 00:13:05,393 INFO  - Received CAM message from veh_26 (at simulation time 114.500,900,000 s)
2024-06-04 00:13:05,393 INFO  - Received CAM message from veh_22 (at simulation time 114.501,400,000 s)
2024-06-04 00:13:05,393 INFO  - Received CAM message from veh_18 (at simulation time 114.501,400,000 s)
2024-06-04 00:13:05,393 INFO  - Received CAM message from veh_42 (at simulation time 114.501,900,000 s)
2024-06-04 00:13:05,393 INFO  - Received CAM message from veh_30 (at simulation time 114.502,400,000 s)
2024-06-04 00:13:05,393 INFO  - Atempting to process queue (at simulation time 114.600,000,000 s)
2024-06-04 00:13:05,393 INFO  - Vehicle is inside the detection area. (at simulation time 114.600,000,000 s)
2024-06-04 00:13:05,393 INFO  - Sent Detection message to rsu_0 (at simulation time 114.600,000,000 s)
2024-06-04 00:13:05,393 INFO  - Sent broadcast CAM message to all vehicles (at simulation time 114.600,000,000 s)
2024-06-04 00:13:05,394 INFO  - Received CAM message from veh_69 (at simulation time 114.600,400,000 s)
2024-06-04 00:13:05,394 INFO  - Received CAM message from veh_30 (at simulation time 114.600,400,000 s)
2024-06-04 00:13:05,394 INFO  - Received CAM message from veh_73 (at simulation time 114.600,900,000 s)
2024-06-04 00:13:05,394 INFO  - Received CAM message from veh_42 (at simulation time 114.600,900,000 s)
2024-06-04 00:13:05,394 INFO  - Received CAM message from veh_26 (at simulation time 114.600,900,000 s)
2024-06-04 00:13:05,395 INFO  - Received CAM message from veh_22 (at simulation time 114.601,400,000 s)
2024-06-04 00:13:05,395 INFO  - Received Detection message from veh_73 to veh_72 (at simulation time 114.602,400,000 s)
2024-06-04 00:13:05,395 INFO  - Forwarded Detection message to rsu_0 (at simulation time 114.602,400,000 s)
2024-06-04 00:13:05,395 INFO  - Received CAM message from veh_38 (at simulation time 114.602,400,000 s)
2024-06-04 00:13:05,395 INFO  - Received CAM message from veh_34 (at simulation time 114.602,400,000 s)
2024-06-04 00:13:05,395 INFO  - Received CAM message from veh_18 (at simulation time 114.602,400,000 s)
2024-06-04 00:13:05,395 INFO  - Atempting to process queue (at simulation time 114.700,000,000 s)
2024-06-04 00:13:05,395 INFO  - Vehicle is inside the detection area. (at simulation time 114.700,000,000 s)
2024-06-04 00:13:05,395 INFO  - Sent Detection message to rsu_0 (at simulation time 114.700,000,000 s)
2024-06-04 00:13:05,395 INFO  - Sent broadcast CAM message to all vehicles (at simulation time 114.700,000,000 s)
2024-06-04 00:13:05,396 INFO  - Received CAM message from veh_42 (at simulation time 114.700,400,000 s)
2024-06-04 00:13:05,396 INFO  - Received CAM message from veh_34 (at simulation time 114.700,400,000 s)
2024-06-04 00:13:05,396 INFO  - Received CAM message from veh_26 (at simulation time 114.700,400,000 s)
2024-06-04 00:13:05,396 INFO  - Received Detection message from veh_73 to veh_72 (at simulation time 114.700,900,000 s)
2024-06-04 00:13:05,396 INFO  - Forwarded Detection message to rsu_0 (at simulation time 114.700,900,000 s)
2024-06-04 00:13:05,396 INFO  - Received CAM message from veh_38 (at simulation time 114.701,400,000 s)
2024-06-04 00:13:05,396 INFO  - Received CAM message from veh_30 (at simulation time 114.701,400,000 s)
2024-06-04 00:13:05,396 INFO  - Received CAM message from veh_73 (at simulation time 114.701,900,000 s)
2024-06-04 00:13:05,396 INFO  - Received CAM message from veh_69 (at simulation time 114.701,900,000 s)
2024-06-04 00:13:05,396 INFO  - Received CAM message from veh_22 (at simulation time 114.701,900,000 s)
2024-06-04 00:13:05,396 INFO  - Received CAM message from veh_18 (at simulation time 114.701,900,000 s)
2024-06-04 00:13:05,397 INFO  - Atempting to process queue (at simulation time 114.800,000,000 s)
2024-06-04 00:13:05,397 INFO  - Vehicle is inside the detection area. (at simulation time 114.800,000,000 s)
2024-06-04 00:13:05,397 INFO  - Sent Detection message to rsu_0 (at simulation time 114.800,000,000 s)
2024-06-04 00:13:05,397 INFO  - Sent broadcast CAM message to all vehicles (at simulation time 114.800,000,000 s)
2024-06-04 00:13:05,397 INFO  - Received Detection message from veh_73 to veh_72 (at simulation time 114.800,400,000 s)
2024-06-04 00:13:05,397 INFO  - Forwarded Detection message to rsu_0 (at simulation time 114.800,400,000 s)
2024-06-04 00:13:05,397 INFO  - Received CAM message from veh_42 (at simulation time 114.800,400,000 s)
2024-06-04 00:13:05,397 INFO  - Received CAM message from veh_34 (at simulation time 114.800,400,000 s)
2024-06-04 00:13:05,397 INFO  - Received CAM message from veh_26 (at simulation time 114.800,400,000 s)
2024-06-04 00:13:05,398 INFO  - Received CAM message from veh_73 (at simulation time 114.800,900,000 s)
2024-06-04 00:13:05,398 INFO  - Received CAM message from veh_69 (at simulation time 114.800,900,000 s)
2024-06-04 00:13:05,398 INFO  - Received CAM message from veh_22 (at simulation time 114.800,900,000 s)
2024-06-04 00:13:05,398 INFO  - Received CAM message from veh_18 (at simulation time 114.800,900,000 s)
2024-06-04 00:13:05,398 INFO  - Received CAM message from veh_38 (at simulation time 114.801,400,000 s)
2024-06-04 00:13:05,398 INFO  - Received CAM message from veh_30 (at simulation time 114.801,400,000 s)
2024-06-04 00:13:05,399 INFO  - Atempting to process queue (at simulation time 114.900,000,000 s)
2024-06-04 00:13:05,399 INFO  - Vehicle is inside the detection area. (at simulation time 114.900,000,000 s)
2024-06-04 00:13:05,399 INFO  - Sent Detection message to rsu_0 (at simulation time 114.900,000,000 s)
2024-06-04 00:13:05,399 INFO  - Sent broadcast CAM message to all vehicles (at simulation time 114.900,000,000 s)
2024-06-04 00:13:05,400 INFO  - Received CAM message from veh_73 (at simulation time 114.900,400,000 s)
2024-06-04 00:13:05,400 INFO  - Received CAM message from veh_42 (at simulation time 114.900,400,000 s)
2024-06-04 00:13:05,400 INFO  - Received CAM message from veh_38 (at simulation time 114.900,400,000 s)
2024-06-04 00:13:05,400 INFO  - Received CAM message from veh_26 (at simulation time 114.900,400,000 s)
2024-06-04 00:13:05,400 INFO  - Received CAM message from veh_18 (at simulation time 114.900,400,000 s)
2024-06-04 00:13:05,400 INFO  - Received CAM message from veh_69 (at simulation time 114.900,900,000 s)
2024-06-04 00:13:05,400 INFO  - Received CAM message from veh_30 (at simulation time 114.900,900,000 s)
2024-06-04 00:13:05,400 INFO  - Received Detection message from veh_73 to veh_72 (at simulation time 114.902,400,000 s)
2024-06-04 00:13:05,400 INFO  - Forwarded Detection message to rsu_0 (at simulation time 114.902,400,000 s)
2024-06-04 00:13:05,401 INFO  - Received CAM message from veh_34 (at simulation time 114.902,400,000 s)
2024-06-04 00:13:05,401 INFO  - Received CAM message from veh_22 (at simulation time 114.902,400,000 s)
2024-06-04 00:13:05,409 INFO  - Atempting to process queue (at simulation time 115.000,000,000 s)
2024-06-04 00:13:05,409 INFO  - Vehicle is outside the detection area. (at simulation time 115.000,000,000 s)
2024-06-04 00:13:05,409 INFO  - Sent broadcast CAM message to all vehicles (at simulation time 115.000,000,000 s)
2024-06-04 00:13:05,410 INFO  - Received CAM message from veh_38 (at simulation time 115.000,900,000 s)
2024-06-04 00:13:05,410 INFO  - Received CAM message from veh_26 (at simulation time 115.000,900,000 s)
2024-06-04 00:13:05,410 INFO  - Received CAM message from veh_73 (at simulation time 115.001,400,000 s)
2024-06-04 00:13:05,410 INFO  - Received CAM message from veh_69 (at simulation time 115.001,400,000 s)
2024-06-04 00:13:05,411 INFO  - Received CAM message from veh_30 (at simulation time 115.001,400,000 s)
2024-06-04 00:13:05,411 INFO  - Received CAM message from veh_22 (at simulation time 115.001,400,000 s)
2024-06-04 00:13:05,411 INFO  - Received CAM message from veh_18 (at simulation time 115.001,900,000 s)
2024-06-04 00:13:05,411 INFO  - Received CAM message from veh_42 (at simulation time 115.002,400,000 s)
2024-06-04 00:13:05,411 INFO  - Received CAM message from veh_34 (at simulation time 115.002,400,000 s)
2024-06-04 00:13:05,411 INFO  - Atempting to process queue (at simulation time 115.100,000,000 s)
2024-06-04 00:13:05,411 INFO  - Vehicle is outside the detection area. (at simulation time 115.100,000,000 s)
2024-06-04 00:13:05,411 INFO  - Sent broadcast CAM message to all vehicles (at simulation time 115.100,000,000 s)
2024-06-04 00:13:05,411 INFO  - Received CAM message from veh_73 (at simulation time 115.100,400,000 s)
2024-06-04 00:13:05,412 INFO  - Received CAM message from veh_26 (at simulation time 115.100,400,000 s)
2024-06-04 00:13:05,412 INFO  - Received CAM message from veh_22 (at simulation time 115.100,400,000 s)
2024-06-04 00:13:05,412 INFO  - Received CAM message from veh_42 (at simulation time 115.100,900,000 s)
2024-06-04 00:13:05,412 INFO  - Received CAM message from veh_69 (at simulation time 115.101,900,000 s)
2024-06-04 00:13:05,412 INFO  - Received CAM message from veh_38 (at simulation time 115.101,900,000 s)
2024-06-04 00:13:05,412 INFO  - Received CAM message from veh_34 (at simulation time 115.101,900,000 s)
2024-06-04 00:13:05,412 INFO  - Received CAM message from veh_30 (at simulation time 115.101,900,000 s)
2024-06-04 00:13:05,412 INFO  - Received CAM message from veh_18 (at simulation time 115.101,900,000 s)
2024-06-04 00:13:05,413 INFO  - Atempting to process queue (at simulation time 115.200,000,000 s)
2024-06-04 00:13:05,413 INFO  - Vehicle is outside the detection area. (at simulation time 115.200,000,000 s)
2024-06-04 00:13:05,413 INFO  - Sent broadcast CAM message to all vehicles (at simulation time 115.200,000,000 s)
2024-06-04 00:13:05,413 INFO  - Received CAM message from veh_30 (at simulation time 115.200,400,000 s)
2024-06-04 00:13:05,413 INFO  - Received CAM message from veh_22 (at simulation time 115.200,400,000 s)
2024-06-04 00:13:05,413 INFO  - Received CAM message from veh_34 (at simulation time 115.200,900,000 s)
2024-06-04 00:13:05,413 INFO  - Received CAM message from veh_18 (at simulation time 115.200,900,000 s)
2024-06-04 00:13:05,414 INFO  - Received CAM message from veh_73 (at simulation time 115.201,400,000 s)
2024-06-04 00:13:05,414 INFO  - Received CAM message from veh_42 (at simulation time 115.201,400,000 s)
2024-06-04 00:13:05,414 INFO  - Received CAM message from veh_38 (at simulation time 115.201,900,000 s)
2024-06-04 00:13:05,414 INFO  - Received CAM message from veh_69 (at simulation time 115.202,400,000 s)
2024-06-04 00:13:05,414 INFO  - Received CAM message from veh_26 (at simulation time 115.202,400,000 s)
2024-06-04 00:13:05,414 INFO  - Atempting to process queue (at simulation time 115.300,000,000 s)
2024-06-04 00:13:05,414 INFO  - Vehicle is outside the detection area. (at simulation time 115.300,000,000 s)
2024-06-04 00:13:05,414 INFO  - Sent broadcast CAM message to all vehicles (at simulation time 115.300,000,000 s)
2024-06-04 00:13:05,415 INFO  - Received CAM message from veh_38 (at simulation time 115.300,400,000 s)
2024-06-04 00:13:05,415 INFO  - Received CAM message from veh_42 (at simulation time 115.300,900,000 s)
2024-06-04 00:13:05,415 INFO  - Received CAM message from veh_69 (at simulation time 115.301,400,000 s)
2024-06-04 00:13:05,415 INFO  - Received CAM message from veh_26 (at simulation time 115.301,400,000 s)
2024-06-04 00:13:05,415 INFO  - Received CAM message from veh_18 (at simulation time 115.301,400,000 s)
2024-06-04 00:13:05,415 INFO  - Received CAM message from veh_73 (at simulation time 115.301,900,000 s)
2024-06-04 00:13:05,415 INFO  - Received CAM message from veh_34 (at simulation time 115.301,900,000 s)
2024-06-04 00:13:05,416 INFO  - Received CAM message from veh_30 (at simulation time 115.302,400,000 s)
2024-06-04 00:13:05,416 INFO  - Received CAM message from veh_22 (at simulation time 115.302,400,000 s)
2024-06-04 00:13:05,416 INFO  - Atempting to process queue (at simulation time 115.400,000,000 s)
2024-06-04 00:13:05,416 INFO  - Vehicle is outside the detection area. (at simulation time 115.400,000,000 s)
2024-06-04 00:13:05,416 INFO  - Sent broadcast CAM message to all vehicles (at simulation time 115.400,000,000 s)
2024-06-04 00:13:05,417 INFO  - Received CAM message from veh_42 (at simulation time 115.400,400,000 s)
2024-06-04 00:13:05,417 INFO  - Received CAM message from veh_30 (at simulation time 115.400,400,000 s)
2024-06-04 00:13:05,417 INFO  - Received CAM message from veh_26 (at simulation time 115.400,900,000 s)
2024-06-04 00:13:05,417 INFO  - Received CAM message from veh_73 (at simulation time 115.401,400,000 s)
2024-06-04 00:13:05,417 INFO  - Received CAM message from veh_38 (at simulation time 115.401,400,000 s)
2024-06-04 00:13:05,417 INFO  - Received CAM message from veh_18 (at simulation time 115.401,400,000 s)
2024-06-04 00:13:05,417 INFO  - Received CAM message from veh_69 (at simulation time 115.401,900,000 s)
2024-06-04 00:13:05,417 INFO  - Received CAM message from veh_34 (at simulation time 115.401,900,000 s)
2024-06-04 00:13:05,418 INFO  - Received CAM message from veh_22 (at simulation time 115.402,400,000 s)
2024-06-04 00:13:05,418 INFO  - Atempting to process queue (at simulation time 115.500,000,000 s)
2024-06-04 00:13:05,418 INFO  - Vehicle is outside the detection area. (at simulation time 115.500,000,000 s)
2024-06-04 00:13:05,418 INFO  - Sent broadcast CAM message to all vehicles (at simulation time 115.500,000,000 s)
2024-06-04 00:13:05,419 INFO  - Received CAM message from veh_30 (at simulation time 115.500,400,000 s)
2024-06-04 00:13:05,419 INFO  - Received CAM message from veh_73 (at simulation time 115.500,900,000 s)
2024-06-04 00:13:05,419 INFO  - Received CAM message from veh_69 (at simulation time 115.500,900,000 s)
2024-06-04 00:13:05,419 INFO  - Received CAM message from veh_38 (at simulation time 115.500,900,000 s)
2024-06-04 00:13:05,419 INFO  - Received CAM message from veh_26 (at simulation time 115.500,900,000 s)
2024-06-04 00:13:05,419 INFO  - Received CAM message from veh_22 (at simulation time 115.501,400,000 s)
2024-06-04 00:13:05,419 INFO  - Received CAM message from veh_42 (at simulation time 115.501,900,000 s)
2024-06-04 00:13:05,420 INFO  - Received CAM message from veh_34 (at simulation time 115.502,400,000 s)
2024-06-04 00:13:05,420 INFO  - Received CAM message from veh_18 (at simulation time 115.502,400,000 s)
2024-06-04 00:13:05,420 INFO  - Atempting to process queue (at simulation time 115.600,000,000 s)
2024-06-04 00:13:05,420 INFO  - Vehicle is outside the detection area. (at simulation time 115.600,000,000 s)
2024-06-04 00:13:05,420 INFO  - Sent broadcast CAM message to all vehicles (at simulation time 115.600,000,000 s)
2024-06-04 00:13:05,421 INFO  - Received CAM message from veh_34 (at simulation time 115.600,400,000 s)
2024-06-04 00:13:05,421 INFO  - Received CAM message from veh_30 (at simulation time 115.600,400,000 s)
2024-06-04 00:13:05,421 INFO  - Received CAM message from veh_18 (at simulation time 115.600,400,000 s)
2024-06-04 00:13:05,421 INFO  - Received CAM message from veh_73 (at simulation time 115.600,900,000 s)
2024-06-04 00:13:05,421 INFO  - Received CAM message from veh_26 (at simulation time 115.601,400,000 s)
2024-06-04 00:13:05,421 INFO  - Received CAM message from veh_22 (at simulation time 115.601,400,000 s)
2024-06-04 00:13:05,422 INFO  - Received CAM message from veh_69 (at simulation time 115.601,900,000 s)
2024-06-04 00:13:05,422 INFO  - Received CAM message from veh_42 (at simulation time 115.602,400,000 s)
2024-06-04 00:13:05,422 INFO  - Received CAM message from veh_38 (at simulation time 115.602,400,000 s)
2024-06-04 00:13:05,422 INFO  - Atempting to process queue (at simulation time 115.700,000,000 s)
2024-06-04 00:13:05,422 INFO  - Vehicle is outside the detection area. (at simulation time 115.700,000,000 s)
2024-06-04 00:13:05,422 INFO  - Sent broadcast CAM message to all vehicles (at simulation time 115.700,000,000 s)
2024-06-04 00:13:05,423 INFO  - Received CAM message from veh_34 (at simulation time 115.700,400,000 s)
2024-06-04 00:13:05,423 INFO  - Received CAM message from veh_18 (at simulation time 115.700,900,000 s)
2024-06-04 00:13:05,423 INFO  - Received CAM message from veh_42 (at simulation time 115.701,400,000 s)
2024-06-04 00:13:05,423 INFO  - Received CAM message from veh_38 (at simulation time 115.701,400,000 s)
2024-06-04 00:13:05,423 INFO  - Received CAM message from veh_69 (at simulation time 115.701,900,000 s)
2024-06-04 00:13:05,423 INFO  - Received CAM message from veh_30 (at simulation time 115.701,900,000 s)
2024-06-04 00:13:05,423 INFO  - Received CAM message from veh_22 (at simulation time 115.701,900,000 s)
2024-06-04 00:13:05,424 INFO  - Received CAM message from veh_73 (at simulation time 115.702,400,000 s)
2024-06-04 00:13:05,424 INFO  - Received CAM message from veh_26 (at simulation time 115.702,400,000 s)
2024-06-04 00:13:05,424 INFO  - Atempting to process queue (at simulation time 115.800,000,000 s)
2024-06-04 00:13:05,424 INFO  - Vehicle is outside the detection area. (at simulation time 115.800,000,000 s)
2024-06-04 00:13:05,424 INFO  - Sent broadcast CAM message to all vehicles (at simulation time 115.800,000,000 s)
2024-06-04 00:13:05,425 INFO  - Received CAM message from veh_73 (at simulation time 115.800,400,000 s)
2024-06-04 00:13:05,425 INFO  - Received CAM message from veh_69 (at simulation time 115.800,900,000 s)
2024-06-04 00:13:05,425 INFO  - Received CAM message from veh_30 (at simulation time 115.800,900,000 s)
2024-06-04 00:13:05,425 INFO  - Received CAM message from veh_42 (at simulation time 115.801,400,000 s)
2024-06-04 00:13:05,426 INFO  - Received CAM message from veh_38 (at simulation time 115.801,900,000 s)
2024-06-04 00:13:05,426 INFO  - Received CAM message from veh_34 (at simulation time 115.801,900,000 s)
2024-06-04 00:13:05,426 INFO  - Received CAM message from veh_22 (at simulation time 115.801,900,000 s)
2024-06-04 00:13:05,426 INFO  - Received CAM message from veh_18 (at simulation time 115.801,900,000 s)
2024-06-04 00:13:05,426 INFO  - Received CAM message from veh_26 (at simulation time 115.802,400,000 s)
2024-06-04 00:13:05,426 INFO  - Atempting to process queue (at simulation time 115.900,000,000 s)
2024-06-04 00:13:05,426 INFO  - Vehicle is outside the detection area. (at simulation time 115.900,000,000 s)
2024-06-04 00:13:05,426 INFO  - Sent broadcast CAM message to all vehicles (at simulation time 115.900,000,000 s)
2024-06-04 00:13:05,427 INFO  - Received CAM message from veh_42 (at simulation time 115.900,400,000 s)
2024-06-04 00:13:05,427 INFO  - Received CAM message from veh_38 (at simulation time 115.900,400,000 s)
2024-06-04 00:13:05,427 INFO  - Received CAM message from veh_26 (at simulation time 115.901,400,000 s)
2024-06-04 00:13:05,427 INFO  - Received CAM message from veh_18 (at simulation time 115.901,400,000 s)
2024-06-04 00:13:05,427 INFO  - Received CAM message from veh_73 (at simulation time 115.901,900,000 s)
2024-06-04 00:13:05,427 INFO  - Received CAM message from veh_69 (at simulation time 115.901,900,000 s)
2024-06-04 00:13:05,428 INFO  - Received CAM message from veh_34 (at simulation time 115.902,400,000 s)
2024-06-04 00:13:05,428 INFO  - Received CAM message from veh_30 (at simulation time 115.902,400,000 s)
2024-06-04 00:13:05,428 INFO  - Received CAM message from veh_22 (at simulation time 115.902,400,000 s)
2024-06-04 00:13:05,432 INFO  - Atempting to process queue (at simulation time 116.000,000,000 s)
2024-06-04 00:13:05,432 INFO  - Vehicle is outside the detection area. (at simulation time 116.000,000,000 s)
2024-06-04 00:13:05,432 INFO  - Sent broadcast CAM message to all vehicles (at simulation time 116.000,000,000 s)
2024-06-04 00:13:05,434 INFO  - Received CAM message from veh_38 (at simulation time 116.000,900,000 s)
2024-06-04 00:13:05,434 INFO  - Received CAM message from veh_34 (at simulation time 116.000,900,000 s)
2024-06-04 00:13:05,434 INFO  - Received CAM message from veh_26 (at simulation time 116.001,400,000 s)
2024-06-04 00:13:05,434 INFO  - Received CAM message from veh_22 (at simulation time 116.001,400,000 s)
2024-06-04 00:13:05,434 INFO  - Received CAM message from veh_30 (at simulation time 116.001,900,000 s)
2024-06-04 00:13:05,434 INFO  - Received CAM message from veh_18 (at simulation time 116.001,900,000 s)
2024-06-04 00:13:05,435 INFO  - Received CAM message from veh_73 (at simulation time 116.002,400,000 s)
2024-06-04 00:13:05,435 INFO  - Received CAM message from veh_42 (at simulation time 116.002,400,000 s)
2024-06-04 00:13:05,435 INFO  - Atempting to process queue (at simulation time 116.100,000,000 s)
2024-06-04 00:13:05,435 INFO  - Vehicle is outside the detection area. (at simulation time 116.100,000,000 s)
2024-06-04 00:13:05,435 INFO  - Sent broadcast CAM message to all vehicles (at simulation time 116.100,000,000 s)
2024-06-04 00:13:05,436 INFO  - Received CAM message from veh_73 (at simulation time 116.100,400,000 s)
2024-06-04 00:13:05,436 INFO  - Received CAM message from veh_34 (at simulation time 116.100,900,000 s)
2024-06-04 00:13:05,436 INFO  - Received CAM message from veh_38 (at simulation time 116.101,400,000 s)
2024-06-04 00:13:05,436 INFO  - Received CAM message from veh_26 (at simulation time 116.101,400,000 s)
2024-06-04 00:13:05,437 INFO  - Received CAM message from veh_18 (at simulation time 116.101,900,000 s)
2024-06-04 00:13:05,437 INFO  - Received CAM message from veh_42 (at simulation time 116.102,400,000 s)
2024-06-04 00:13:05,437 INFO  - Received CAM message from veh_30 (at simulation time 116.102,400,000 s)
2024-06-04 00:13:05,437 INFO  - Received CAM message from veh_22 (at simulation time 116.102,400,000 s)
2024-06-04 00:13:05,437 INFO  - Atempting to process queue (at simulation time 116.200,000,000 s)
2024-06-04 00:13:05,437 INFO  - Vehicle is outside the detection area. (at simulation time 116.200,000,000 s)
2024-06-04 00:13:05,437 INFO  - Sent broadcast CAM message to all vehicles (at simulation time 116.200,000,000 s)
2024-06-04 00:13:05,439 INFO  - Received CAM message from veh_18 (at simulation time 116.200,900,000 s)
2024-06-04 00:13:05,439 INFO  - Received CAM message from veh_73 (at simulation time 116.201,400,000 s)
2024-06-04 00:13:05,439 INFO  - Received CAM message from veh_34 (at simulation time 116.201,400,000 s)
2024-06-04 00:13:05,439 INFO  - Received CAM message from veh_30 (at simulation time 116.201,400,000 s)
2024-06-04 00:13:05,439 INFO  - Received CAM message from veh_22 (at simulation time 116.201,400,000 s)
2024-06-04 00:13:05,439 INFO  - Received CAM message from veh_42 (at simulation time 116.201,900,000 s)
2024-06-04 00:13:05,439 INFO  - Received CAM message from veh_26 (at simulation time 116.201,900,000 s)
2024-06-04 00:13:05,439 INFO  - Received CAM message from veh_38 (at simulation time 116.202,400,000 s)
2024-06-04 00:13:05,440 INFO  - Atempting to process queue (at simulation time 116.300,000,000 s)
2024-06-04 00:13:05,440 INFO  - Vehicle is outside the detection area. (at simulation time 116.300,000,000 s)
2024-06-04 00:13:05,440 INFO  - Sent broadcast CAM message to all vehicles (at simulation time 116.300,000,000 s)
2024-06-04 00:13:05,441 INFO  - Received CAM message from veh_42 (at simulation time 116.300,400,000 s)
2024-06-04 00:13:05,441 INFO  - Received CAM message from veh_18 (at simulation time 116.300,400,000 s)
2024-06-04 00:13:05,441 INFO  - Received CAM message from veh_73 (at simulation time 116.300,900,000 s)
2024-06-04 00:13:05,441 INFO  - Received CAM message from veh_34 (at simulation time 116.300,900,000 s)
2024-06-04 00:13:05,442 INFO  - Received CAM message from veh_26 (at simulation time 116.301,900,000 s)
2024-06-04 00:13:05,443 INFO  - Received CAM message from veh_38 (at simulation time 116.302,400,000 s)
2024-06-04 00:13:05,443 INFO  - Received CAM message from veh_30 (at simulation time 116.302,400,000 s)
2024-06-04 00:13:05,443 INFO  - Received CAM message from veh_22 (at simulation time 116.302,400,000 s)
2024-06-04 00:13:05,443 INFO  - Atempting to process queue (at simulation time 116.400,000,000 s)
2024-06-04 00:13:05,443 INFO  - Vehicle is outside the detection area. (at simulation time 116.400,000,000 s)
2024-06-04 00:13:05,443 INFO  - Sent broadcast CAM message to all vehicles (at simulation time 116.400,000,000 s)
2024-06-04 00:13:05,444 INFO  - Received CAM message from veh_22 (at simulation time 116.400,900,000 s)
2024-06-04 00:13:05,444 INFO  - Received CAM message from veh_18 (at simulation time 116.400,900,000 s)
2024-06-04 00:13:05,444 INFO  - Received CAM message from veh_73 (at simulation time 116.401,400,000 s)
2024-06-04 00:13:05,444 INFO  - Received CAM message from veh_38 (at simulation time 116.401,400,000 s)
2024-06-04 00:13:05,445 INFO  - Received CAM message from veh_42 (at simulation time 116.401,900,000 s)
2024-06-04 00:13:05,445 INFO  - Received CAM message from veh_30 (at simulation time 116.401,900,000 s)
2024-06-04 00:13:05,445 INFO  - Received CAM message from veh_26 (at simulation time 116.401,900,000 s)
2024-06-04 00:13:05,445 INFO  - Received CAM message from veh_34 (at simulation time 116.402,400,000 s)
2024-06-04 00:13:05,445 INFO  - Atempting to process queue (at simulation time 116.500,000,000 s)
2024-06-04 00:13:05,445 INFO  - Vehicle is outside the detection area. (at simulation time 116.500,000,000 s)
2024-06-04 00:13:05,445 INFO  - Sent broadcast CAM message to all vehicles (at simulation time 116.500,000,000 s)
2024-06-04 00:13:05,446 INFO  - Received CAM message from veh_22 (at simulation time 116.500,400,000 s)
2024-06-04 00:13:05,447 INFO  - Received CAM message from veh_73 (at simulation time 116.501,900,000 s)
2024-06-04 00:13:05,447 INFO  - Received CAM message from veh_42 (at simulation time 116.501,900,000 s)
2024-06-04 00:13:05,447 INFO  - Received CAM message from veh_30 (at simulation time 116.501,900,000 s)
2024-06-04 00:13:05,447 INFO  - Received CAM message from veh_18 (at simulation time 116.501,900,000 s)
2024-06-04 00:13:05,448 INFO  - Received CAM message from veh_38 (at simulation time 116.502,400,000 s)
2024-06-04 00:13:05,448 INFO  - Received CAM message from veh_34 (at simulation time 116.502,400,000 s)
2024-06-04 00:13:05,448 INFO  - Received CAM message from veh_26 (at simulation time 116.502,400,000 s)
2024-06-04 00:13:05,448 INFO  - Atempting to process queue (at simulation time 116.600,000,000 s)
2024-06-04 00:13:05,448 INFO  - Vehicle is outside the detection area. (at simulation time 116.600,000,000 s)
2024-06-04 00:13:05,448 INFO  - Sent broadcast CAM message to all vehicles (at simulation time 116.600,000,000 s)
2024-06-04 00:13:05,449 INFO  - Received CAM message from veh_42 (at simulation time 116.600,400,000 s)
2024-06-04 00:13:05,449 INFO  - Received CAM message from veh_26 (at simulation time 116.600,400,000 s)
2024-06-04 00:13:05,449 INFO  - Received CAM message from veh_22 (at simulation time 116.600,400,000 s)
2024-06-04 00:13:05,449 INFO  - Received CAM message from veh_73 (at simulation time 116.600,900,000 s)
2024-06-04 00:13:05,450 INFO  - Received CAM message from veh_34 (at simulation time 116.600,900,000 s)
2024-06-04 00:13:05,450 INFO  - Received CAM message from veh_18 (at simulation time 116.600,900,000 s)
2024-06-04 00:13:05,450 INFO  - Received CAM message from veh_30 (at simulation time 116.601,900,000 s)
2024-06-04 00:13:05,450 INFO  - Received CAM message from veh_38 (at simulation time 116.602,400,000 s)
2024-06-04 00:13:05,450 INFO  - Atempting to process queue (at simulation time 116.700,000,000 s)
2024-06-04 00:13:05,450 INFO  - Vehicle is outside the detection area. (at simulation time 116.700,000,000 s)
2024-06-04 00:13:05,450 INFO  - Sent broadcast CAM message to all vehicles (at simulation time 116.700,000,000 s)
2024-06-04 00:13:05,451 INFO  - Received CAM message from veh_42 (at simulation time 116.700,400,000 s)
2024-06-04 00:13:05,451 INFO  - Received CAM message from veh_38 (at simulation time 116.700,400,000 s)
2024-06-04 00:13:05,451 INFO  - Received CAM message from veh_22 (at simulation time 116.700,400,000 s)
2024-06-04 00:13:05,451 INFO  - Received CAM message from veh_30 (at simulation time 116.700,900,000 s)
2024-06-04 00:13:05,452 INFO  - Received CAM message from veh_73 (at simulation time 116.701,400,000 s)
2024-06-04 00:13:05,452 INFO  - Received CAM message from veh_34 (at simulation time 116.701,400,000 s)
2024-06-04 00:13:05,452 INFO  - Received CAM message from veh_26 (at simulation time 116.701,400,000 s)
2024-06-04 00:13:05,452 INFO  - Received CAM message from veh_18 (at simulation time 116.701,400,000 s)
2024-06-04 00:13:05,452 INFO  - Atempting to process queue (at simulation time 116.800,000,000 s)
2024-06-04 00:13:05,452 INFO  - Vehicle is outside the detection area. (at simulation time 116.800,000,000 s)
2024-06-04 00:13:05,452 INFO  - Sent broadcast CAM message to all vehicles (at simulation time 116.800,000,000 s)
2024-06-04 00:13:05,453 INFO  - Received CAM message from veh_30 (at simulation time 116.800,400,000 s)
2024-06-04 00:13:05,453 INFO  - Received CAM message from veh_42 (at simulation time 116.800,900,000 s)
2024-06-04 00:13:05,453 INFO  - Received CAM message from veh_34 (at simulation time 116.800,900,000 s)
2024-06-04 00:13:05,453 INFO  - Received CAM message from veh_26 (at simulation time 116.801,400,000 s)
2024-06-04 00:13:05,454 INFO  - Received CAM message from veh_73 (at simulation time 116.802,400,000 s)
2024-06-04 00:13:05,454 INFO  - Received CAM message from veh_38 (at simulation time 116.802,400,000 s)
2024-06-04 00:13:05,454 INFO  - Received CAM message from veh_22 (at simulation time 116.802,400,000 s)
2024-06-04 00:13:05,454 INFO  - Received CAM message from veh_18 (at simulation time 116.802,400,000 s)
2024-06-04 00:13:05,454 INFO  - Atempting to process queue (at simulation time 116.900,000,000 s)
2024-06-04 00:13:05,454 INFO  - Vehicle is outside the detection area. (at simulation time 116.900,000,000 s)
2024-06-04 00:13:05,454 INFO  - Sent broadcast CAM message to all vehicles (at simulation time 116.900,000,000 s)
2024-06-04 00:13:05,454 INFO  - Received CAM message from veh_38 (at simulation time 116.900,400,000 s)
2024-06-04 00:13:05,455 INFO  - Received CAM message from veh_18 (at simulation time 116.900,400,000 s)
2024-06-04 00:13:05,455 INFO  - Received CAM message from veh_73 (at simulation time 116.901,400,000 s)
2024-06-04 00:13:05,455 INFO  - Received CAM message from veh_42 (at simulation time 116.901,400,000 s)
2024-06-04 00:13:05,455 INFO  - Received CAM message from veh_34 (at simulation time 116.901,400,000 s)
2024-06-04 00:13:05,455 INFO  - Received CAM message from veh_30 (at simulation time 116.901,400,000 s)
2024-06-04 00:13:05,455 INFO  - Received CAM message from veh_22 (at simulation time 116.901,900,000 s)
2024-06-04 00:13:05,455 INFO  - Received CAM message from veh_26 (at simulation time 116.902,400,000 s)
2024-06-04 00:13:05,459 INFO  - Atempting to process queue (at simulation time 117.000,000,000 s)
2024-06-04 00:13:05,459 INFO  - Vehicle is outside the detection area. (at simulation time 117.000,000,000 s)
2024-06-04 00:13:05,459 INFO  - Sent broadcast CAM message to all vehicles (at simulation time 117.000,000,000 s)
2024-06-04 00:13:05,461 INFO  - Received CAM message from veh_73 (at simulation time 117.001,900,000 s)
2024-06-04 00:13:05,462 INFO  - Received CAM message from veh_26 (at simulation time 117.002,400,000 s)
2024-06-04 00:13:05,462 INFO  - Received CAM message from veh_18 (at simulation time 117.002,400,000 s)
2024-06-04 00:13:05,462 INFO  - Atempting to process queue (at simulation time 117.100,000,000 s)
2024-06-04 00:13:05,462 INFO  - Vehicle is outside the detection area. (at simulation time 117.100,000,000 s)
2024-06-04 00:13:05,462 INFO  - Sent broadcast CAM message to all vehicles (at simulation time 117.100,000,000 s)
2024-06-04 00:13:05,462 INFO  - Received CAM message from veh_73 (at simulation time 117.100,400,000 s)
2024-06-04 00:13:05,463 INFO  - Received CAM message from veh_18 (at simulation time 117.100,900,000 s)
2024-06-04 00:13:05,464 INFO  - Received CAM message from veh_26 (at simulation time 117.101,900,000 s)
2024-06-04 00:13:05,464 INFO  - Atempting to process queue (at simulation time 117.200,000,000 s)
2024-06-04 00:13:05,464 INFO  - Vehicle is outside the detection area. (at simulation time 117.200,000,000 s)
2024-06-04 00:13:05,464 INFO  - Sent broadcast CAM message to all vehicles (at simulation time 117.200,000,000 s)
2024-06-04 00:13:05,466 INFO  - Received CAM message from veh_73 (at simulation time 117.201,400,000 s)
2024-06-04 00:13:05,466 INFO  - Received CAM message from veh_26 (at simulation time 117.201,400,000 s)
2024-06-04 00:13:05,466 INFO  - Received CAM message from veh_18 (at simulation time 117.201,900,000 s)
2024-06-04 00:13:05,467 INFO  - Atempting to process queue (at simulation time 117.300,000,000 s)
2024-06-04 00:13:05,467 INFO  - Vehicle is outside the detection area. (at simulation time 117.300,000,000 s)
2024-06-04 00:13:05,467 INFO  - Sent broadcast CAM message to all vehicles (at simulation time 117.300,000,000 s)
2024-06-04 00:13:05,467 INFO  - Received CAM message from veh_26 (at simulation time 117.300,400,000 s)
2024-06-04 00:13:05,468 INFO  - Received CAM message from veh_73 (at simulation time 117.301,900,000 s)
2024-06-04 00:13:05,469 INFO  - Received CAM message from veh_18 (at simulation time 117.302,400,000 s)
2024-06-04 00:13:05,469 INFO  - Atempting to process queue (at simulation time 117.400,000,000 s)
2024-06-04 00:13:05,469 INFO  - Vehicle is outside the detection area. (at simulation time 117.400,000,000 s)
2024-06-04 00:13:05,469 INFO  - Sent broadcast CAM message to all vehicles (at simulation time 117.400,000,000 s)
2024-06-04 00:13:05,471 INFO  - Received CAM message from veh_73 (at simulation time 117.401,900,000 s)
2024-06-04 00:13:05,471 INFO  - Received CAM message from veh_26 (at simulation time 117.401,900,000 s)
2024-06-04 00:13:05,471 INFO  - Received CAM message from veh_18 (at simulation time 117.401,900,000 s)
2024-06-04 00:13:05,471 INFO  - Atempting to process queue (at simulation time 117.500,000,000 s)
2024-06-04 00:13:05,471 INFO  - Vehicle is outside the detection area. (at simulation time 117.500,000,000 s)
2024-06-04 00:13:05,471 INFO  - Sent broadcast CAM message to all vehicles (at simulation time 117.500,000,000 s)
2024-06-04 00:13:05,472 INFO  - Received CAM message from veh_73 (at simulation time 117.500,400,000 s)
2024-06-04 00:13:05,473 INFO  - Received CAM message from veh_18 (at simulation time 117.500,900,000 s)
2024-06-04 00:13:05,473 INFO  - Received CAM message from veh_26 (at simulation time 117.502,400,000 s)
2024-06-04 00:13:05,473 INFO  - Atempting to process queue (at simulation time 117.600,000,000 s)
2024-06-04 00:13:05,473 INFO  - Vehicle is outside the detection area. (at simulation time 117.600,000,000 s)
2024-06-04 00:13:05,474 INFO  - Sent broadcast CAM message to all vehicles (at simulation time 117.600,000,000 s)
2024-06-04 00:13:05,474 INFO  - Received CAM message from veh_18 (at simulation time 117.600,400,000 s)
2024-06-04 00:13:05,474 INFO  - Received CAM message from veh_73 (at simulation time 117.600,900,000 s)
2024-06-04 00:13:05,474 INFO  - Received CAM message from veh_26 (at simulation time 117.600,900,000 s)
2024-06-04 00:13:05,475 INFO  - Atempting to process queue (at simulation time 117.700,000,000 s)
2024-06-04 00:13:05,475 INFO  - Vehicle is outside the detection area. (at simulation time 117.700,000,000 s)
2024-06-04 00:13:05,475 INFO  - Sent broadcast CAM message to all vehicles (at simulation time 117.700,000,000 s)
2024-06-04 00:13:05,477 INFO  - Received CAM message from veh_73 (at simulation time 117.700,900,000 s)
2024-06-04 00:13:05,478 INFO  - Received CAM message from veh_26 (at simulation time 117.701,400,000 s)
2024-06-04 00:13:05,478 INFO  - Received CAM message from veh_18 (at simulation time 117.701,400,000 s)
2024-06-04 00:13:05,479 INFO  - Atempting to process queue (at simulation time 117.800,000,000 s)
2024-06-04 00:13:05,479 INFO  - Vehicle is outside the detection area. (at simulation time 117.800,000,000 s)
2024-06-04 00:13:05,479 INFO  - Sent broadcast CAM message to all vehicles (at simulation time 117.800,000,000 s)
2024-06-04 00:13:05,480 INFO  - Received CAM message from veh_73 (at simulation time 117.800,900,000 s)
2024-06-04 00:13:05,480 INFO  - Received CAM message from veh_18 (at simulation time 117.801,400,000 s)
2024-06-04 00:13:05,480 INFO  - Received CAM message from veh_26 (at simulation time 117.801,900,000 s)
2024-06-04 00:13:05,481 INFO  - Atempting to process queue (at simulation time 117.900,000,000 s)
2024-06-04 00:13:05,481 INFO  - Vehicle is outside the detection area. (at simulation time 117.900,000,000 s)
2024-06-04 00:13:05,481 INFO  - Sent broadcast CAM message to all vehicles (at simulation time 117.900,000,000 s)
2024-06-04 00:13:05,482 INFO  - Received CAM message from veh_73 (at simulation time 117.900,400,000 s)
2024-06-04 00:13:05,482 INFO  - Received CAM message from veh_18 (at simulation time 117.900,900,000 s)
2024-06-04 00:13:05,482 INFO  - Received CAM message from veh_26 (at simulation time 117.901,400,000 s)
2024-06-04 00:13:05,487 INFO  - Atempting to process queue (at simulation time 118.000,000,000 s)
2024-06-04 00:13:05,487 INFO  - Vehicle is outside the detection area. (at simulation time 118.000,000,000 s)
2024-06-04 00:13:05,487 INFO  - Sent broadcast CAM message to all vehicles (at simulation time 118.000,000,000 s)
2024-06-04 00:13:05,490 INFO  - Received CAM message from veh_73 (at simulation time 118.000,900,000 s)
2024-06-04 00:13:05,491 INFO  - Received CAM message from veh_18 (at simulation time 118.002,400,000 s)
2024-06-04 00:13:05,491 INFO  - Atempting to process queue (at simulation time 118.100,000,000 s)
2024-06-04 00:13:05,491 INFO  - Vehicle is outside the detection area. (at simulation time 118.100,000,000 s)
2024-06-04 00:13:05,491 INFO  - Sent broadcast CAM message to all vehicles (at simulation time 118.100,000,000 s)
2024-06-04 00:13:05,492 INFO  - Received CAM message from veh_73 (at simulation time 118.101,400,000 s)
2024-06-04 00:13:05,493 INFO  - Received CAM message from veh_18 (at simulation time 118.102,400,000 s)
2024-06-04 00:13:05,493 INFO  - Atempting to process queue (at simulation time 118.200,000,000 s)
2024-06-04 00:13:05,493 INFO  - Vehicle is outside the detection area. (at simulation time 118.200,000,000 s)
2024-06-04 00:13:05,493 INFO  - Sent broadcast CAM message to all vehicles (at simulation time 118.200,000,000 s)
2024-06-04 00:13:05,494 INFO  - Received CAM message from veh_73 (at simulation time 118.200,400,000 s)
2024-06-04 00:13:05,495 INFO  - Received CAM message from veh_18 (at simulation time 118.201,900,000 s)
2024-06-04 00:13:05,496 INFO  - Atempting to process queue (at simulation time 118.300,000,000 s)
2024-06-04 00:13:05,496 INFO  - Vehicle is outside the detection area. (at simulation time 118.300,000,000 s)
2024-06-04 00:13:05,496 INFO  - Sent broadcast CAM message to all vehicles (at simulation time 118.300,000,000 s)
2024-06-04 00:13:05,496 INFO  - Received CAM message from veh_73 (at simulation time 118.300,400,000 s)
2024-06-04 00:13:05,496 INFO  - Received CAM message from veh_18 (at simulation time 118.300,400,000 s)
2024-06-04 00:13:05,498 INFO  - Atempting to process queue (at simulation time 118.400,000,000 s)
2024-06-04 00:13:05,498 INFO  - Vehicle is outside the detection area. (at simulation time 118.400,000,000 s)
2024-06-04 00:13:05,498 INFO  - Sent broadcast CAM message to all vehicles (at simulation time 118.400,000,000 s)
2024-06-04 00:13:05,499 INFO  - Received CAM message from veh_73 (at simulation time 118.400,900,000 s)
2024-06-04 00:13:05,499 INFO  - Received CAM message from veh_18 (at simulation time 118.400,900,000 s)
2024-06-04 00:13:05,499 INFO  - Atempting to process queue (at simulation time 118.500,000,000 s)
2024-06-04 00:13:05,499 INFO  - Vehicle is outside the detection area. (at simulation time 118.500,000,000 s)
2024-06-04 00:13:05,499 INFO  - Sent broadcast CAM message to all vehicles (at simulation time 118.500,000,000 s)
2024-06-04 00:13:05,501 INFO  - Received CAM message from veh_18 (at simulation time 118.500,900,000 s)
2024-06-04 00:13:05,501 INFO  - Received CAM message from veh_73 (at simulation time 118.501,900,000 s)
2024-06-04 00:13:05,502 INFO  - Atempting to process queue (at simulation time 118.600,000,000 s)
2024-06-04 00:13:05,502 INFO  - Vehicle is outside the detection area. (at simulation time 118.600,000,000 s)
2024-06-04 00:13:05,502 INFO  - Sent broadcast CAM message to all vehicles (at simulation time 118.600,000,000 s)
2024-06-04 00:13:05,502 INFO  - Received CAM message from veh_18 (at simulation time 118.600,400,000 s)
2024-06-04 00:13:05,503 INFO  - Received CAM message from veh_73 (at simulation time 118.601,900,000 s)
2024-06-04 00:13:05,503 INFO  - Atempting to process queue (at simulation time 118.700,000,000 s)
2024-06-04 00:13:05,503 INFO  - Vehicle is outside the detection area. (at simulation time 118.700,000,000 s)
2024-06-04 00:13:05,503 INFO  - Sent broadcast CAM message to all vehicles (at simulation time 118.700,000,000 s)
2024-06-04 00:13:05,504 INFO  - Received CAM message from veh_18 (at simulation time 118.700,400,000 s)
2024-06-04 00:13:05,504 INFO  - Received CAM message from veh_73 (at simulation time 118.700,900,000 s)
2024-06-04 00:13:05,505 INFO  - Atempting to process queue (at simulation time 118.800,000,000 s)
2024-06-04 00:13:05,505 INFO  - Vehicle is outside the detection area. (at simulation time 118.800,000,000 s)
2024-06-04 00:13:05,505 INFO  - Sent broadcast CAM message to all vehicles (at simulation time 118.800,000,000 s)
2024-06-04 00:13:05,506 INFO  - Received CAM message from veh_18 (at simulation time 118.800,400,000 s)
2024-06-04 00:13:05,507 INFO  - Received CAM message from veh_73 (at simulation time 118.801,400,000 s)
2024-06-04 00:13:05,508 INFO  - Atempting to process queue (at simulation time 118.900,000,000 s)
2024-06-04 00:13:05,508 INFO  - Vehicle is outside the detection area. (at simulation time 118.900,000,000 s)
2024-06-04 00:13:05,508 INFO  - Sent broadcast CAM message to all vehicles (at simulation time 118.900,000,000 s)
2024-06-04 00:13:05,509 INFO  - Received CAM message from veh_18 (at simulation time 118.900,400,000 s)
2024-06-04 00:13:05,509 INFO  - Received CAM message from veh_73 (at simulation time 118.900,900,000 s)
2024-06-04 00:13:05,511 INFO  - Atempting to process queue (at simulation time 119.000,000,000 s)
2024-06-04 00:13:05,511 INFO  - Vehicle is outside the detection area. (at simulation time 119.000,000,000 s)
2024-06-04 00:13:05,511 INFO  - Sent broadcast CAM message to all vehicles (at simulation time 119.000,000,000 s)
2024-06-04 00:13:05,514 INFO  - Atempting to process queue (at simulation time 119.100,000,000 s)
2024-06-04 00:13:05,514 INFO  - Vehicle is outside the detection area. (at simulation time 119.100,000,000 s)
2024-06-04 00:13:05,514 INFO  - Sent broadcast CAM message to all vehicles (at simulation time 119.100,000,000 s)
2024-06-04 00:13:05,516 INFO  - Atempting to process queue (at simulation time 119.200,000,000 s)
2024-06-04 00:13:05,516 INFO  - Vehicle is outside the detection area. (at simulation time 119.200,000,000 s)
2024-06-04 00:13:05,516 INFO  - Sent broadcast CAM message to all vehicles (at simulation time 119.200,000,000 s)
2024-06-04 00:13:05,518 INFO  - Atempting to process queue (at simulation time 119.300,000,000 s)
2024-06-04 00:13:05,518 INFO  - Vehicle is outside the detection area. (at simulation time 119.300,000,000 s)
2024-06-04 00:13:05,518 INFO  - Sent broadcast CAM message to all vehicles (at simulation time 119.300,000,000 s)
2024-06-04 00:13:05,544 INFO  - Atempting to process queue (at simulation time 119.400,000,000 s)
2024-06-04 00:13:05,544 INFO  - Vehicle is outside the detection area. (at simulation time 119.400,000,000 s)
2024-06-04 00:13:05,544 INFO  - Sent broadcast CAM message to all vehicles (at simulation time 119.400,000,000 s)
2024-06-04 00:13:05,546 INFO  - Atempting to process queue (at simulation time 119.500,000,000 s)
2024-06-04 00:13:05,546 INFO  - Vehicle is outside the detection area. (at simulation time 119.500,000,000 s)
2024-06-04 00:13:05,546 INFO  - Sent broadcast CAM message to all vehicles (at simulation time 119.500,000,000 s)
2024-06-04 00:13:05,549 INFO  - Atempting to process queue (at simulation time 119.600,000,000 s)
2024-06-04 00:13:05,549 INFO  - Vehicle is outside the detection area. (at simulation time 119.600,000,000 s)
2024-06-04 00:13:05,549 INFO  - Sent broadcast CAM message to all vehicles (at simulation time 119.600,000,000 s)
2024-06-04 00:13:05,551 INFO  - Atempting to process queue (at simulation time 119.700,000,000 s)
2024-06-04 00:13:05,551 INFO  - Vehicle is outside the detection area. (at simulation time 119.700,000,000 s)
2024-06-04 00:13:05,551 INFO  - Sent broadcast CAM message to all vehicles (at simulation time 119.700,000,000 s)
2024-06-04 00:13:05,554 INFO  - Atempting to process queue (at simulation time 119.800,000,000 s)
2024-06-04 00:13:05,554 INFO  - Vehicle is outside the detection area. (at simulation time 119.800,000,000 s)
2024-06-04 00:13:05,554 INFO  - Sent broadcast CAM message to all vehicles (at simulation time 119.800,000,000 s)
2024-06-04 00:13:05,556 INFO  - Atempting to process queue (at simulation time 119.900,000,000 s)
2024-06-04 00:13:05,556 INFO  - Vehicle is outside the detection area. (at simulation time 119.900,000,000 s)
2024-06-04 00:13:05,556 INFO  - Sent broadcast CAM message to all vehicles (at simulation time 119.900,000,000 s)
2024-06-04 00:13:05,561 INFO  - Vehicle is outside the detection area. (at simulation time 120.000,000,000 s)
2024-06-04 00:13:05,561 INFO  - Sent broadcast CAM message to all vehicles (at simulation time 120.000,000,000 s)
2024-06-04 00:13:05,563 INFO  - Vehicle is outside the detection area. (at simulation time 120.100,000,000 s)
2024-06-04 00:13:05,563 INFO  - Sent broadcast CAM message to all vehicles (at simulation time 120.100,000,000 s)
2024-06-04 00:13:05,566 INFO  - Vehicle is outside the detection area. (at simulation time 120.200,000,000 s)
2024-06-04 00:13:05,566 INFO  - Sent broadcast CAM message to all vehicles (at simulation time 120.200,000,000 s)
2024-06-04 00:13:05,567 INFO  - Vehicle is outside the detection area. (at simulation time 120.300,000,000 s)
2024-06-04 00:13:05,567 INFO  - Sent broadcast CAM message to all vehicles (at simulation time 120.300,000,000 s)
2024-06-04 00:13:05,569 INFO  - Vehicle is outside the detection area. (at simulation time 120.400,000,000 s)
2024-06-04 00:13:05,569 INFO  - Sent broadcast CAM message to all vehicles (at simulation time 120.400,000,000 s)
2024-06-04 00:13:05,571 INFO  - Vehicle is outside the detection area. (at simulation time 120.500,000,000 s)
2024-06-04 00:13:05,571 INFO  - Sent broadcast CAM message to all vehicles (at simulation time 120.500,000,000 s)
2024-06-04 00:13:05,573 INFO  - Vehicle is outside the detection area. (at simulation time 120.600,000,000 s)
2024-06-04 00:13:05,573 INFO  - Sent broadcast CAM message to all vehicles (at simulation time 120.600,000,000 s)
2024-06-04 00:13:05,575 INFO  - Vehicle is outside the detection area. (at simulation time 120.700,000,000 s)
2024-06-04 00:13:05,575 INFO  - Sent broadcast CAM message to all vehicles (at simulation time 120.700,000,000 s)
2024-06-04 00:13:05,576 INFO  - Vehicle is outside the detection area. (at simulation time 120.800,000,000 s)
2024-06-04 00:13:05,576 INFO  - Sent broadcast CAM message to all vehicles (at simulation time 120.800,000,000 s)
2024-06-04 00:13:05,578 INFO  - Vehicle is outside the detection area. (at simulation time 120.900,000,000 s)
2024-06-04 00:13:05,578 INFO  - Sent broadcast CAM message to all vehicles (at simulation time 120.900,000,000 s)
2024-06-04 00:13:05,586 INFO  - Vehicle is outside the detection area. (at simulation time 121.000,000,000 s)
2024-06-04 00:13:05,586 INFO  - Sent broadcast CAM message to all vehicles (at simulation time 121.000,000,000 s)
2024-06-04 00:13:05,590 INFO  - Vehicle is outside the detection area. (at simulation time 121.100,000,000 s)
2024-06-04 00:13:05,590 INFO  - Sent broadcast CAM message to all vehicles (at simulation time 121.100,000,000 s)
2024-06-04 00:13:05,591 INFO  - Vehicle is outside the detection area. (at simulation time 121.200,000,000 s)
2024-06-04 00:13:05,591 INFO  - Sent broadcast CAM message to all vehicles (at simulation time 121.200,000,000 s)
2024-06-04 00:13:05,609 INFO  - Vehicle is outside the detection area. (at simulation time 121.300,000,000 s)
2024-06-04 00:13:05,609 INFO  - Sent broadcast CAM message to all vehicles (at simulation time 121.300,000,000 s)
2024-06-04 00:13:05,611 INFO  - Vehicle is outside the detection area. (at simulation time 121.400,000,000 s)
2024-06-04 00:13:05,611 INFO  - Sent broadcast CAM message to all vehicles (at simulation time 121.400,000,000 s)
2024-06-04 00:13:05,613 INFO  - Vehicle is outside the detection area. (at simulation time 121.500,000,000 s)
2024-06-04 00:13:05,613 INFO  - Sent broadcast CAM message to all vehicles (at simulation time 121.500,000,000 s)
2024-06-04 00:13:05,615 INFO  - Vehicle is outside the detection area. (at simulation time 121.600,000,000 s)
2024-06-04 00:13:05,615 INFO  - Sent broadcast CAM message to all vehicles (at simulation time 121.600,000,000 s)
2024-06-04 00:13:05,617 INFO  - Vehicle is outside the detection area. (at simulation time 121.700,000,000 s)
2024-06-04 00:13:05,617 INFO  - Sent broadcast CAM message to all vehicles (at simulation time 121.700,000,000 s)
2024-06-04 00:13:05,618 INFO  - Vehicle is outside the detection area. (at simulation time 121.800,000,000 s)
2024-06-04 00:13:05,618 INFO  - Sent broadcast CAM message to all vehicles (at simulation time 121.800,000,000 s)
2024-06-04 00:13:05,620 INFO  - Vehicle is outside the detection area. (at simulation time 121.900,000,000 s)
2024-06-04 00:13:05,620 INFO  - Sent broadcast CAM message to all vehicles (at simulation time 121.900,000,000 s)
2024-06-04 00:13:05,625 INFO  - Vehicle is outside the detection area. (at simulation time 122.000,000,000 s)
2024-06-04 00:13:05,625 INFO  - Sent broadcast CAM message to all vehicles (at simulation time 122.000,000,000 s)
2024-06-04 00:13:05,629 INFO  - Vehicle is outside the detection area. (at simulation time 122.100,000,000 s)
2024-06-04 00:13:05,629 INFO  - Sent broadcast CAM message to all vehicles (at simulation time 122.100,000,000 s)
2024-06-04 00:13:05,632 INFO  - Vehicle is outside the detection area. (at simulation time 122.200,000,000 s)
2024-06-04 00:13:05,632 INFO  - Sent broadcast CAM message to all vehicles (at simulation time 122.200,000,000 s)
2024-06-04 00:13:05,634 INFO  - Vehicle is outside the detection area. (at simulation time 122.300,000,000 s)
2024-06-04 00:13:05,634 INFO  - Sent broadcast CAM message to all vehicles (at simulation time 122.300,000,000 s)
2024-06-04 00:13:05,635 INFO  - Vehicle is outside the detection area. (at simulation time 122.400,000,000 s)
2024-06-04 00:13:05,635 INFO  - Sent broadcast CAM message to all vehicles (at simulation time 122.400,000,000 s)
2024-06-04 00:13:05,637 INFO  - Vehicle is outside the detection area. (at simulation time 122.500,000,000 s)
2024-06-04 00:13:05,637 INFO  - Sent broadcast CAM message to all vehicles (at simulation time 122.500,000,000 s)
2024-06-04 00:13:05,638 INFO  - Vehicle is outside the detection area. (at simulation time 122.600,000,000 s)
2024-06-04 00:13:05,638 INFO  - Sent broadcast CAM message to all vehicles (at simulation time 122.600,000,000 s)
2024-06-04 00:13:05,640 INFO  - Vehicle is outside the detection area. (at simulation time 122.700,000,000 s)
2024-06-04 00:13:05,640 INFO  - Sent broadcast CAM message to all vehicles (at simulation time 122.700,000,000 s)
2024-06-04 00:13:05,643 INFO  - Vehicle is outside the detection area. (at simulation time 122.800,000,000 s)
2024-06-04 00:13:05,643 INFO  - Sent broadcast CAM message to all vehicles (at simulation time 122.800,000,000 s)
2024-06-04 00:13:05,646 INFO  - Vehicle is outside the detection area. (at simulation time 122.900,000,000 s)
2024-06-04 00:13:05,646 INFO  - Sent broadcast CAM message to all vehicles (at simulation time 122.900,000,000 s)
2024-06-04 00:13:05,653 INFO  - Vehicle is outside the detection area. (at simulation time 123.000,000,000 s)
2024-06-04 00:13:05,653 INFO  - Sent broadcast CAM message to all vehicles (at simulation time 123.000,000,000 s)
2024-06-04 00:13:05,655 INFO  - Vehicle is outside the detection area. (at simulation time 123.100,000,000 s)
2024-06-04 00:13:05,655 INFO  - Sent broadcast CAM message to all vehicles (at simulation time 123.100,000,000 s)
2024-06-04 00:13:05,657 INFO  - Vehicle is outside the detection area. (at simulation time 123.200,000,000 s)
2024-06-04 00:13:05,657 INFO  - Sent broadcast CAM message to all vehicles (at simulation time 123.200,000,000 s)
2024-06-04 00:13:05,659 INFO  - Vehicle is outside the detection area. (at simulation time 123.300,000,000 s)
2024-06-04 00:13:05,659 INFO  - Sent broadcast CAM message to all vehicles (at simulation time 123.300,000,000 s)
2024-06-04 00:13:05,661 INFO  - Vehicle is outside the detection area. (at simulation time 123.400,000,000 s)
2024-06-04 00:13:05,661 INFO  - Sent broadcast CAM message to all vehicles (at simulation time 123.400,000,000 s)
2024-06-04 00:13:05,663 INFO  - Vehicle is outside the detection area. (at simulation time 123.500,000,000 s)
2024-06-04 00:13:05,663 INFO  - Sent broadcast CAM message to all vehicles (at simulation time 123.500,000,000 s)
2024-06-04 00:13:05,665 INFO  - Vehicle is outside the detection area. (at simulation time 123.600,000,000 s)
2024-06-04 00:13:05,665 INFO  - Sent broadcast CAM message to all vehicles (at simulation time 123.600,000,000 s)
2024-06-04 00:13:05,668 INFO  - Vehicle is outside the detection area. (at simulation time 123.700,000,000 s)
2024-06-04 00:13:05,668 INFO  - Sent broadcast CAM message to all vehicles (at simulation time 123.700,000,000 s)
2024-06-04 00:13:05,671 INFO  - Vehicle is outside the detection area. (at simulation time 123.800,000,000 s)
2024-06-04 00:13:05,671 INFO  - Sent broadcast CAM message to all vehicles (at simulation time 123.800,000,000 s)
2024-06-04 00:13:05,673 INFO  - Vehicle is outside the detection area. (at simulation time 123.900,000,000 s)
2024-06-04 00:13:05,673 INFO  - Sent broadcast CAM message to all vehicles (at simulation time 123.900,000,000 s)
2024-06-04 00:13:05,677 INFO  - Shutdown application (at simulation time 124.000,000,000 s)
