2024-06-04 00:13:15,919 INFO  - Initialize application (at simulation time 499.000,000,000 s)
2024-06-04 00:13:15,920 INFO  - Activated WLAN Module (at simulation time 499.000,000,000 s)
2024-06-04 00:13:15,920 INFO  - Vehicle is outside the detection area. (at simulation time 499.000,000,000 s)
2024-06-04 00:13:15,920 INFO  - Sent broadcast CAM message to all vehicles (at simulation time 499.000,000,000 s)
2024-06-04 00:13:15,923 INFO  - Vehicle is outside the detection area. (at simulation time 499.100,000,000 s)
2024-06-04 00:13:15,923 INFO  - Sent broadcast CAM message to all vehicles (at simulation time 499.100,000,000 s)
2024-06-04 00:13:15,926 INFO  - Vehicle is outside the detection area. (at simulation time 499.200,000,000 s)
2024-06-04 00:13:15,926 INFO  - Sent broadcast CAM message to all vehicles (at simulation time 499.200,000,000 s)
2024-06-04 00:13:15,929 INFO  - Vehicle is outside the detection area. (at simulation time 499.300,000,000 s)
2024-06-04 00:13:15,929 INFO  - Sent broadcast CAM message to all vehicles (at simulation time 499.300,000,000 s)
2024-06-04 00:13:15,932 INFO  - Vehicle is outside the detection area. (at simulation time 499.400,000,000 s)
2024-06-04 00:13:15,932 INFO  - Sent broadcast CAM message to all vehicles (at simulation time 499.400,000,000 s)
2024-06-04 00:13:15,934 INFO  - Vehicle is outside the detection area. (at simulation time 499.500,000,000 s)
2024-06-04 00:13:15,934 INFO  - Sent broadcast CAM message to all vehicles (at simulation time 499.500,000,000 s)
2024-06-04 00:13:15,935 INFO  - Vehicle is outside the detection area. (at simulation time 499.600,000,000 s)
2024-06-04 00:13:15,935 INFO  - Sent broadcast CAM message to all vehicles (at simulation time 499.600,000,000 s)
2024-06-04 00:13:15,937 INFO  - Vehicle is outside the detection area. (at simulation time 499.700,000,000 s)
2024-06-04 00:13:15,937 INFO  - Sent broadcast CAM message to all vehicles (at simulation time 499.700,000,000 s)
2024-06-04 00:13:15,939 INFO  - Vehicle is outside the detection area. (at simulation time 499.800,000,000 s)
2024-06-04 00:13:15,939 INFO  - Sent broadcast CAM message to all vehicles (at simulation time 499.800,000,000 s)
2024-06-04 00:13:15,941 INFO  - Vehicle is outside the detection area. (at simulation time 499.900,000,000 s)
2024-06-04 00:13:15,941 INFO  - Sent broadcast CAM message to all vehicles (at simulation time 499.900,000,000 s)
2024-06-04 00:13:15,949 INFO  - Vehicle is outside the detection area. (at simulation time 500.000,000,000 s)
2024-06-04 00:13:15,949 INFO  - Sent broadcast CAM message to all vehicles (at simulation time 500.000,000,000 s)
2024-06-04 00:13:15,950 INFO  - Shutdown application (at simulation time 500.000,000,000 s)
