2024-06-04 00:13:06,139 INFO  - Initialize application (at simulation time 139.000,000,000 s)
2024-06-04 00:13:06,140 INFO  - Activated WLAN Module (at simulation time 139.000,000,000 s)
2024-06-04 00:13:06,140 INFO  - Vehicle is outside the detection area. (at simulation time 139.000,000,000 s)
2024-06-04 00:13:06,140 INFO  - Sent broadcast CAM message to all vehicles (at simulation time 139.000,000,000 s)
2024-06-04 00:13:06,143 INFO  - Vehicle is outside the detection area. (at simulation time 139.100,000,000 s)
2024-06-04 00:13:06,143 INFO  - Sent broadcast CAM message to all vehicles (at simulation time 139.100,000,000 s)
2024-06-04 00:13:06,145 INFO  - Vehicle is outside the detection area. (at simulation time 139.200,000,000 s)
2024-06-04 00:13:06,145 INFO  - Sent broadcast CAM message to all vehicles (at simulation time 139.200,000,000 s)
2024-06-04 00:13:06,146 INFO  - Vehicle is outside the detection area. (at simulation time 139.300,000,000 s)
2024-06-04 00:13:06,146 INFO  - Sent broadcast CAM message to all vehicles (at simulation time 139.300,000,000 s)
2024-06-04 00:13:06,148 INFO  - Vehicle is outside the detection area. (at simulation time 139.400,000,000 s)
2024-06-04 00:13:06,148 INFO  - Sent broadcast CAM message to all vehicles (at simulation time 139.400,000,000 s)
2024-06-04 00:13:06,149 INFO  - Vehicle is outside the detection area. (at simulation time 139.500,000,000 s)
2024-06-04 00:13:06,149 INFO  - Sent broadcast CAM message to all vehicles (at simulation time 139.500,000,000 s)
2024-06-04 00:13:06,151 INFO  - Vehicle is outside the detection area. (at simulation time 139.600,000,000 s)
2024-06-04 00:13:06,151 INFO  - Sent broadcast CAM message to all vehicles (at simulation time 139.600,000,000 s)
2024-06-04 00:13:06,153 INFO  - Vehicle is outside the detection area. (at simulation time 139.700,000,000 s)
2024-06-04 00:13:06,153 INFO  - Sent broadcast CAM message to all vehicles (at simulation time 139.700,000,000 s)
2024-06-04 00:13:06,155 INFO  - Vehicle is outside the detection area. (at simulation time 139.800,000,000 s)
2024-06-04 00:13:06,155 INFO  - Sent broadcast CAM message to all vehicles (at simulation time 139.800,000,000 s)
2024-06-04 00:13:06,157 INFO  - Vehicle is outside the detection area. (at simulation time 139.900,000,000 s)
2024-06-04 00:13:06,157 INFO  - Sent broadcast CAM message to all vehicles (at simulation time 139.900,000,000 s)
2024-06-04 00:13:06,161 INFO  - Vehicle is outside the detection area. (at simulation time 140.000,000,000 s)
2024-06-04 00:13:06,161 INFO  - Sent broadcast CAM message to all vehicles (at simulation time 140.000,000,000 s)
2024-06-04 00:13:06,164 INFO  - Vehicle is outside the detection area. (at simulation time 140.100,000,000 s)
2024-06-04 00:13:06,164 INFO  - Sent broadcast CAM message to all vehicles (at simulation time 140.100,000,000 s)
2024-06-04 00:13:06,166 INFO  - Vehicle is outside the detection area. (at simulation time 140.200,000,000 s)
2024-06-04 00:13:06,166 INFO  - Sent broadcast CAM message to all vehicles (at simulation time 140.200,000,000 s)
2024-06-04 00:13:06,168 INFO  - Vehicle is outside the detection area. (at simulation time 140.300,000,000 s)
2024-06-04 00:13:06,168 INFO  - Sent broadcast CAM message to all vehicles (at simulation time 140.300,000,000 s)
2024-06-04 00:13:06,170 INFO  - Vehicle is outside the detection area. (at simulation time 140.400,000,000 s)
2024-06-04 00:13:06,170 INFO  - Sent broadcast CAM message to all vehicles (at simulation time 140.400,000,000 s)
2024-06-04 00:13:06,171 INFO  - Vehicle is outside the detection area. (at simulation time 140.500,000,000 s)
2024-06-04 00:13:06,171 INFO  - Sent broadcast CAM message to all vehicles (at simulation time 140.500,000,000 s)
2024-06-04 00:13:06,173 INFO  - Vehicle is outside the detection area. (at simulation time 140.600,000,000 s)
2024-06-04 00:13:06,173 INFO  - Sent broadcast CAM message to all vehicles (at simulation time 140.600,000,000 s)
2024-06-04 00:13:06,175 INFO  - Vehicle is outside the detection area. (at simulation time 140.700,000,000 s)
2024-06-04 00:13:06,175 INFO  - Sent broadcast CAM message to all vehicles (at simulation time 140.700,000,000 s)
2024-06-04 00:13:06,177 INFO  - Vehicle is outside the detection area. (at simulation time 140.800,000,000 s)
2024-06-04 00:13:06,177 INFO  - Sent broadcast CAM message to all vehicles (at simulation time 140.800,000,000 s)
2024-06-04 00:13:06,178 INFO  - Vehicle is outside the detection area. (at simulation time 140.900,000,000 s)
2024-06-04 00:13:06,178 INFO  - Sent broadcast CAM message to all vehicles (at simulation time 140.900,000,000 s)
2024-06-04 00:13:06,182 INFO  - Vehicle is inside the detection area. (at simulation time 141.000,000,000 s)
2024-06-04 00:13:06,182 INFO  - Vehicle is too far away from the traffic light. (at simulation time 141.000,000,000 s)
2024-06-04 00:13:06,182 INFO  - No vehicles in range. (at simulation time 141.000,000,000 s)
2024-06-04 00:13:06,182 INFO  - Neither the RSU nor any vehicle is in range. (at simulation time 141.000,000,000 s)
2024-06-04 00:13:06,182 INFO  - Sent broadcast CAM message to all vehicles (at simulation time 141.000,000,000 s)
2024-06-04 00:13:06,185 INFO  - Vehicle is inside the detection area. (at simulation time 141.100,000,000 s)
2024-06-04 00:13:06,185 INFO  - Vehicle is too far away from the traffic light. (at simulation time 141.100,000,000 s)
2024-06-04 00:13:06,185 INFO  - No vehicles in range. (at simulation time 141.100,000,000 s)
2024-06-04 00:13:06,185 INFO  - Neither the RSU nor any vehicle is in range. (at simulation time 141.100,000,000 s)
2024-06-04 00:13:06,185 INFO  - Sent broadcast CAM message to all vehicles (at simulation time 141.100,000,000 s)
2024-06-04 00:13:06,187 INFO  - Vehicle is inside the detection area. (at simulation time 141.200,000,000 s)
2024-06-04 00:13:06,187 INFO  - Vehicle is too far away from the traffic light. (at simulation time 141.200,000,000 s)
2024-06-04 00:13:06,187 INFO  - No vehicles in range. (at simulation time 141.200,000,000 s)
2024-06-04 00:13:06,187 INFO  - Neither the RSU nor any vehicle is in range. (at simulation time 141.200,000,000 s)
2024-06-04 00:13:06,187 INFO  - Sent broadcast CAM message to all vehicles (at simulation time 141.200,000,000 s)
2024-06-04 00:13:06,189 INFO  - Vehicle is inside the detection area. (at simulation time 141.300,000,000 s)
2024-06-04 00:13:06,189 INFO  - Vehicle is too far away from the traffic light. (at simulation time 141.300,000,000 s)
2024-06-04 00:13:06,189 INFO  - No vehicles in range. (at simulation time 141.300,000,000 s)
2024-06-04 00:13:06,189 INFO  - Neither the RSU nor any vehicle is in range. (at simulation time 141.300,000,000 s)
2024-06-04 00:13:06,189 INFO  - Sent broadcast CAM message to all vehicles (at simulation time 141.300,000,000 s)
2024-06-04 00:13:06,191 INFO  - Vehicle is inside the detection area. (at simulation time 141.400,000,000 s)
2024-06-04 00:13:06,191 INFO  - Vehicle is too far away from the traffic light. (at simulation time 141.400,000,000 s)
2024-06-04 00:13:06,191 INFO  - No vehicles in range. (at simulation time 141.400,000,000 s)
2024-06-04 00:13:06,191 INFO  - Neither the RSU nor any vehicle is in range. (at simulation time 141.400,000,000 s)
2024-06-04 00:13:06,191 INFO  - Sent broadcast CAM message to all vehicles (at simulation time 141.400,000,000 s)
2024-06-04 00:13:06,208 INFO  - Vehicle is inside the detection area. (at simulation time 141.500,000,000 s)
2024-06-04 00:13:06,208 INFO  - Vehicle is too far away from the traffic light. (at simulation time 141.500,000,000 s)
2024-06-04 00:13:06,208 INFO  - No vehicles in range. (at simulation time 141.500,000,000 s)
2024-06-04 00:13:06,208 INFO  - Neither the RSU nor any vehicle is in range. (at simulation time 141.500,000,000 s)
2024-06-04 00:13:06,208 INFO  - Sent broadcast CAM message to all vehicles (at simulation time 141.500,000,000 s)
2024-06-04 00:13:06,210 INFO  - Vehicle is inside the detection area. (at simulation time 141.600,000,000 s)
2024-06-04 00:13:06,210 INFO  - Vehicle is too far away from the traffic light. (at simulation time 141.600,000,000 s)
2024-06-04 00:13:06,210 INFO  - No vehicles in range. (at simulation time 141.600,000,000 s)
2024-06-04 00:13:06,210 INFO  - Neither the RSU nor any vehicle is in range. (at simulation time 141.600,000,000 s)
2024-06-04 00:13:06,210 INFO  - Sent broadcast CAM message to all vehicles (at simulation time 141.600,000,000 s)
2024-06-04 00:13:06,211 INFO  - Vehicle is inside the detection area. (at simulation time 141.700,000,000 s)
2024-06-04 00:13:06,211 INFO  - Vehicle is too far away from the traffic light. (at simulation time 141.700,000,000 s)
2024-06-04 00:13:06,211 INFO  - No vehicles in range. (at simulation time 141.700,000,000 s)
2024-06-04 00:13:06,211 INFO  - Neither the RSU nor any vehicle is in range. (at simulation time 141.700,000,000 s)
2024-06-04 00:13:06,211 INFO  - Sent broadcast CAM message to all vehicles (at simulation time 141.700,000,000 s)
2024-06-04 00:13:06,213 INFO  - Vehicle is inside the detection area. (at simulation time 141.800,000,000 s)
2024-06-04 00:13:06,213 INFO  - Vehicle is too far away from the traffic light. (at simulation time 141.800,000,000 s)
2024-06-04 00:13:06,213 INFO  - No vehicles in range. (at simulation time 141.800,000,000 s)
2024-06-04 00:13:06,213 INFO  - Neither the RSU nor any vehicle is in range. (at simulation time 141.800,000,000 s)
2024-06-04 00:13:06,213 INFO  - Sent broadcast CAM message to all vehicles (at simulation time 141.800,000,000 s)
2024-06-04 00:13:06,214 INFO  - Vehicle is inside the detection area. (at simulation time 141.900,000,000 s)
2024-06-04 00:13:06,214 INFO  - Vehicle is too far away from the traffic light. (at simulation time 141.900,000,000 s)
2024-06-04 00:13:06,214 INFO  - No vehicles in range. (at simulation time 141.900,000,000 s)
2024-06-04 00:13:06,214 INFO  - Neither the RSU nor any vehicle is in range. (at simulation time 141.900,000,000 s)
2024-06-04 00:13:06,214 INFO  - Sent broadcast CAM message to all vehicles (at simulation time 141.900,000,000 s)
2024-06-04 00:13:06,219 INFO  - Vehicle is inside the detection area. (at simulation time 142.000,000,000 s)
2024-06-04 00:13:06,219 INFO  - Vehicle is too far away from the traffic light. (at simulation time 142.000,000,000 s)
2024-06-04 00:13:06,219 INFO  - No vehicles in range. (at simulation time 142.000,000,000 s)
2024-06-04 00:13:06,219 INFO  - Neither the RSU nor any vehicle is in range. (at simulation time 142.000,000,000 s)
2024-06-04 00:13:06,219 INFO  - Sent broadcast CAM message to all vehicles (at simulation time 142.000,000,000 s)
2024-06-04 00:13:06,222 INFO  - Vehicle is inside the detection area. (at simulation time 142.100,000,000 s)
2024-06-04 00:13:06,222 INFO  - Vehicle is too far away from the traffic light. (at simulation time 142.100,000,000 s)
2024-06-04 00:13:06,222 INFO  - No vehicles in range. (at simulation time 142.100,000,000 s)
2024-06-04 00:13:06,222 INFO  - Neither the RSU nor any vehicle is in range. (at simulation time 142.100,000,000 s)
2024-06-04 00:13:06,222 INFO  - Sent broadcast CAM message to all vehicles (at simulation time 142.100,000,000 s)
2024-06-04 00:13:06,223 INFO  - Vehicle is inside the detection area. (at simulation time 142.200,000,000 s)
2024-06-04 00:13:06,223 INFO  - Vehicle is too far away from the traffic light. (at simulation time 142.200,000,000 s)
2024-06-04 00:13:06,223 INFO  - No vehicles in range. (at simulation time 142.200,000,000 s)
2024-06-04 00:13:06,223 INFO  - Neither the RSU nor any vehicle is in range. (at simulation time 142.200,000,000 s)
2024-06-04 00:13:06,223 INFO  - Sent broadcast CAM message to all vehicles (at simulation time 142.200,000,000 s)
2024-06-04 00:13:06,225 INFO  - Vehicle is inside the detection area. (at simulation time 142.300,000,000 s)
2024-06-04 00:13:06,225 INFO  - Vehicle is too far away from the traffic light. (at simulation time 142.300,000,000 s)
2024-06-04 00:13:06,225 INFO  - No vehicles in range. (at simulation time 142.300,000,000 s)
2024-06-04 00:13:06,225 INFO  - Neither the RSU nor any vehicle is in range. (at simulation time 142.300,000,000 s)
2024-06-04 00:13:06,225 INFO  - Sent broadcast CAM message to all vehicles (at simulation time 142.300,000,000 s)
2024-06-04 00:13:06,226 INFO  - Vehicle is inside the detection area. (at simulation time 142.400,000,000 s)
2024-06-04 00:13:06,226 INFO  - Vehicle is too far away from the traffic light. (at simulation time 142.400,000,000 s)
2024-06-04 00:13:06,226 INFO  - No vehicles in range. (at simulation time 142.400,000,000 s)
2024-06-04 00:13:06,226 INFO  - Neither the RSU nor any vehicle is in range. (at simulation time 142.400,000,000 s)
2024-06-04 00:13:06,226 INFO  - Sent broadcast CAM message to all vehicles (at simulation time 142.400,000,000 s)
2024-06-04 00:13:06,228 INFO  - Vehicle is inside the detection area. (at simulation time 142.500,000,000 s)
2024-06-04 00:13:06,228 INFO  - Vehicle is too far away from the traffic light. (at simulation time 142.500,000,000 s)
2024-06-04 00:13:06,228 INFO  - No vehicles in range. (at simulation time 142.500,000,000 s)
2024-06-04 00:13:06,228 INFO  - Neither the RSU nor any vehicle is in range. (at simulation time 142.500,000,000 s)
2024-06-04 00:13:06,228 INFO  - Sent broadcast CAM message to all vehicles (at simulation time 142.500,000,000 s)
2024-06-04 00:13:06,229 INFO  - Vehicle is inside the detection area. (at simulation time 142.600,000,000 s)
2024-06-04 00:13:06,229 INFO  - Vehicle is too far away from the traffic light. (at simulation time 142.600,000,000 s)
2024-06-04 00:13:06,229 INFO  - No vehicles in range. (at simulation time 142.600,000,000 s)
2024-06-04 00:13:06,229 INFO  - Neither the RSU nor any vehicle is in range. (at simulation time 142.600,000,000 s)
2024-06-04 00:13:06,229 INFO  - Sent broadcast CAM message to all vehicles (at simulation time 142.600,000,000 s)
2024-06-04 00:13:06,230 INFO  - Vehicle is inside the detection area. (at simulation time 142.700,000,000 s)
2024-06-04 00:13:06,230 INFO  - Vehicle is too far away from the traffic light. (at simulation time 142.700,000,000 s)
2024-06-04 00:13:06,230 INFO  - No vehicles in range. (at simulation time 142.700,000,000 s)
2024-06-04 00:13:06,230 INFO  - Neither the RSU nor any vehicle is in range. (at simulation time 142.700,000,000 s)
2024-06-04 00:13:06,230 INFO  - Sent broadcast CAM message to all vehicles (at simulation time 142.700,000,000 s)
2024-06-04 00:13:06,232 INFO  - Vehicle is inside the detection area. (at simulation time 142.800,000,000 s)
2024-06-04 00:13:06,232 INFO  - Vehicle is too far away from the traffic light. (at simulation time 142.800,000,000 s)
2024-06-04 00:13:06,232 INFO  - No vehicles in range. (at simulation time 142.800,000,000 s)
2024-06-04 00:13:06,232 INFO  - Neither the RSU nor any vehicle is in range. (at simulation time 142.800,000,000 s)
2024-06-04 00:13:06,232 INFO  - Sent broadcast CAM message to all vehicles (at simulation time 142.800,000,000 s)
2024-06-04 00:13:06,234 INFO  - Vehicle is inside the detection area. (at simulation time 142.900,000,000 s)
2024-06-04 00:13:06,234 INFO  - Vehicle is too far away from the traffic light. (at simulation time 142.900,000,000 s)
2024-06-04 00:13:06,234 INFO  - No vehicles in range. (at simulation time 142.900,000,000 s)
2024-06-04 00:13:06,234 INFO  - Neither the RSU nor any vehicle is in range. (at simulation time 142.900,000,000 s)
2024-06-04 00:13:06,234 INFO  - Sent broadcast CAM message to all vehicles (at simulation time 142.900,000,000 s)
2024-06-04 00:13:06,239 INFO  - Atempting to process queue (at simulation time 143.000,000,000 s)
2024-06-04 00:13:06,239 INFO  - Vehicle is inside the detection area. (at simulation time 143.000,000,000 s)
2024-06-04 00:13:06,239 INFO  - Sent Detection message to rsu_0 (at simulation time 143.000,000,000 s)
2024-06-04 00:13:06,239 INFO  - Sent broadcast CAM message to all vehicles (at simulation time 143.000,000,000 s)
2024-06-04 00:13:06,241 INFO  - Received CAM message from veh_38 (at simulation time 143.000,400,000 s)
2024-06-04 00:13:06,241 INFO  - Received CAM message from veh_30 (at simulation time 143.001,900,000 s)
2024-06-04 00:13:06,241 INFO  - Received CAM message from veh_26 (at simulation time 143.001,900,000 s)
2024-06-04 00:13:06,242 INFO  - Received CAM message from veh_46 (at simulation time 143.002,400,000 s)
2024-06-04 00:13:06,242 INFO  - Received CAM message from veh_34 (at simulation time 143.002,400,000 s)
2024-06-04 00:13:06,242 INFO  - Atempting to process queue (at simulation time 143.100,000,000 s)
2024-06-04 00:13:06,242 INFO  - Vehicle is inside the detection area. (at simulation time 143.100,000,000 s)
2024-06-04 00:13:06,242 INFO  - Sent Detection message to rsu_0 (at simulation time 143.100,000,000 s)
2024-06-04 00:13:06,242 INFO  - Sent broadcast CAM message to all vehicles (at simulation time 143.100,000,000 s)
2024-06-04 00:13:06,242 INFO  - Received CAM message from veh_30 (at simulation time 143.100,400,000 s)
2024-06-04 00:13:06,242 INFO  - Received CAM message from veh_46 (at simulation time 143.100,900,000 s)
2024-06-04 00:13:06,243 INFO  - Received CAM message from veh_26 (at simulation time 143.101,400,000 s)
2024-06-04 00:13:06,243 INFO  - Received CAM message from veh_38 (at simulation time 143.101,900,000 s)
2024-06-04 00:13:06,243 INFO  - Received CAM message from veh_34 (at simulation time 143.101,900,000 s)
2024-06-04 00:13:06,243 INFO  - Atempting to process queue (at simulation time 143.200,000,000 s)
2024-06-04 00:13:06,243 INFO  - Vehicle is inside the detection area. (at simulation time 143.200,000,000 s)
2024-06-04 00:13:06,243 INFO  - Sent Detection message to rsu_0 (at simulation time 143.200,000,000 s)
2024-06-04 00:13:06,243 INFO  - Sent broadcast CAM message to all vehicles (at simulation time 143.200,000,000 s)
2024-06-04 00:13:06,244 INFO  - Received CAM message from veh_46 (at simulation time 143.200,400,000 s)
2024-06-04 00:13:06,244 INFO  - Received CAM message from veh_34 (at simulation time 143.201,400,000 s)
2024-06-04 00:13:06,244 INFO  - Received CAM message from veh_26 (at simulation time 143.201,400,000 s)
2024-06-04 00:13:06,244 INFO  - Received CAM message from veh_38 (at simulation time 143.202,400,000 s)
2024-06-04 00:13:06,244 INFO  - Received CAM message from veh_30 (at simulation time 143.202,400,000 s)
2024-06-04 00:13:06,245 INFO  - Atempting to process queue (at simulation time 143.300,000,000 s)
2024-06-04 00:13:06,245 INFO  - Vehicle is inside the detection area. (at simulation time 143.300,000,000 s)
2024-06-04 00:13:06,245 INFO  - Sent Detection message to rsu_0 (at simulation time 143.300,000,000 s)
2024-06-04 00:13:06,245 INFO  - Sent broadcast CAM message to all vehicles (at simulation time 143.300,000,000 s)
2024-06-04 00:13:06,245 INFO  - Received CAM message from veh_34 (at simulation time 143.300,900,000 s)
2024-06-04 00:13:06,245 INFO  - Received CAM message from veh_30 (at simulation time 143.300,900,000 s)
2024-06-04 00:13:06,245 INFO  - Received CAM message from veh_26 (at simulation time 143.300,900,000 s)
2024-06-04 00:13:06,246 INFO  - Received CAM message from veh_38 (at simulation time 143.301,900,000 s)
2024-06-04 00:13:06,246 INFO  - Received CAM message from veh_46 (at simulation time 143.302,400,000 s)
2024-06-04 00:13:06,246 INFO  - Atempting to process queue (at simulation time 143.400,000,000 s)
2024-06-04 00:13:06,246 INFO  - Vehicle is inside the detection area. (at simulation time 143.400,000,000 s)
2024-06-04 00:13:06,246 INFO  - Sent Detection message to rsu_0 (at simulation time 143.400,000,000 s)
2024-06-04 00:13:06,246 INFO  - Sent broadcast CAM message to all vehicles (at simulation time 143.400,000,000 s)
2024-06-04 00:13:06,246 INFO  - Received CAM message from veh_46 (at simulation time 143.400,400,000 s)
2024-06-04 00:13:06,246 INFO  - Received CAM message from veh_34 (at simulation time 143.400,400,000 s)
2024-06-04 00:13:06,246 INFO  - Received CAM message from veh_30 (at simulation time 143.400,400,000 s)
2024-06-04 00:13:06,246 INFO  - Received CAM message from veh_26 (at simulation time 143.400,400,000 s)
2024-06-04 00:13:06,247 INFO  - Received CAM message from veh_38 (at simulation time 143.401,400,000 s)
2024-06-04 00:13:06,248 INFO  - Atempting to process queue (at simulation time 143.500,000,000 s)
2024-06-04 00:13:06,248 INFO  - Vehicle is inside the detection area. (at simulation time 143.500,000,000 s)
2024-06-04 00:13:06,248 INFO  - Sent Detection message to rsu_0 (at simulation time 143.500,000,000 s)
2024-06-04 00:13:06,248 INFO  - Sent broadcast CAM message to all vehicles (at simulation time 143.500,000,000 s)
2024-06-04 00:13:06,249 INFO  - Received CAM message from veh_34 (at simulation time 143.500,400,000 s)
2024-06-04 00:13:06,249 INFO  - Received CAM message from veh_26 (at simulation time 143.500,900,000 s)
2024-06-04 00:13:06,249 INFO  - Received CAM message from veh_38 (at simulation time 143.501,400,000 s)
2024-06-04 00:13:06,249 INFO  - Received CAM message from veh_30 (at simulation time 143.501,900,000 s)
2024-06-04 00:13:06,249 INFO  - Received CAM message from veh_46 (at simulation time 143.502,400,000 s)
2024-06-04 00:13:06,249 INFO  - Atempting to process queue (at simulation time 143.600,000,000 s)
2024-06-04 00:13:06,249 INFO  - Vehicle is inside the detection area. (at simulation time 143.600,000,000 s)
2024-06-04 00:13:06,249 INFO  - Sent Detection message to rsu_0 (at simulation time 143.600,000,000 s)
2024-06-04 00:13:06,249 INFO  - Sent broadcast CAM message to all vehicles (at simulation time 143.600,000,000 s)
2024-06-04 00:13:06,250 INFO  - Received CAM message from veh_26 (at simulation time 143.600,900,000 s)
2024-06-04 00:13:06,251 INFO  - Received CAM message from veh_30 (at simulation time 143.601,900,000 s)
2024-06-04 00:13:06,251 INFO  - Received CAM message from veh_46 (at simulation time 143.602,400,000 s)
2024-06-04 00:13:06,251 INFO  - Received CAM message from veh_38 (at simulation time 143.602,400,000 s)
2024-06-04 00:13:06,251 INFO  - Received CAM message from veh_34 (at simulation time 143.602,400,000 s)
2024-06-04 00:13:06,251 INFO  - Atempting to process queue (at simulation time 143.700,000,000 s)
2024-06-04 00:13:06,251 INFO  - Vehicle is inside the detection area. (at simulation time 143.700,000,000 s)
2024-06-04 00:13:06,251 INFO  - Sent Detection message to rsu_0 (at simulation time 143.700,000,000 s)
2024-06-04 00:13:06,251 INFO  - Sent broadcast CAM message to all vehicles (at simulation time 143.700,000,000 s)
2024-06-04 00:13:06,252 INFO  - Received CAM message from veh_38 (at simulation time 143.700,400,000 s)
2024-06-04 00:13:06,253 INFO  - Received CAM message from veh_34 (at simulation time 143.701,400,000 s)
2024-06-04 00:13:06,253 INFO  - Received CAM message from veh_46 (at simulation time 143.701,900,000 s)
2024-06-04 00:13:06,253 INFO  - Received CAM message from veh_30 (at simulation time 143.702,400,000 s)
2024-06-04 00:13:06,253 INFO  - Received CAM message from veh_26 (at simulation time 143.702,400,000 s)
2024-06-04 00:13:06,253 INFO  - Atempting to process queue (at simulation time 143.800,000,000 s)
2024-06-04 00:13:06,253 INFO  - Vehicle is inside the detection area. (at simulation time 143.800,000,000 s)
2024-06-04 00:13:06,253 INFO  - Sent Detection message to rsu_0 (at simulation time 143.800,000,000 s)
2024-06-04 00:13:06,253 INFO  - Sent broadcast CAM message to all vehicles (at simulation time 143.800,000,000 s)
2024-06-04 00:13:06,254 INFO  - Received CAM message from veh_46 (at simulation time 143.800,900,000 s)
2024-06-04 00:13:06,254 INFO  - Received CAM message from veh_38 (at simulation time 143.800,900,000 s)
2024-06-04 00:13:06,254 INFO  - Received CAM message from veh_34 (at simulation time 143.801,400,000 s)
2024-06-04 00:13:06,254 INFO  - Received CAM message from veh_26 (at simulation time 143.801,400,000 s)
2024-06-04 00:13:06,254 INFO  - Received CAM message from veh_30 (at simulation time 143.801,900,000 s)
2024-06-04 00:13:06,254 INFO  - Atempting to process queue (at simulation time 143.900,000,000 s)
2024-06-04 00:13:06,254 INFO  - Vehicle is inside the detection area. (at simulation time 143.900,000,000 s)
2024-06-04 00:13:06,255 INFO  - Sent Detection message to rsu_0 (at simulation time 143.900,000,000 s)
2024-06-04 00:13:06,255 INFO  - Sent broadcast CAM message to all vehicles (at simulation time 143.900,000,000 s)
2024-06-04 00:13:06,255 INFO  - Received CAM message from veh_34 (at simulation time 143.900,400,000 s)
2024-06-04 00:13:06,256 INFO  - Received CAM message from veh_46 (at simulation time 143.901,400,000 s)
2024-06-04 00:13:06,256 INFO  - Received CAM message from veh_26 (at simulation time 143.901,400,000 s)
2024-06-04 00:13:06,256 INFO  - Received CAM message from veh_38 (at simulation time 143.901,900,000 s)
2024-06-04 00:13:06,257 INFO  - Received CAM message from veh_30 (at simulation time 143.902,400,000 s)
2024-06-04 00:13:06,259 INFO  - Atempting to process queue (at simulation time 144.000,000,000 s)
2024-06-04 00:13:06,259 INFO  - Vehicle is inside the detection area. (at simulation time 144.000,000,000 s)
2024-06-04 00:13:06,259 INFO  - Sent Detection message to rsu_0 (at simulation time 144.000,000,000 s)
2024-06-04 00:13:06,259 INFO  - Sent broadcast CAM message to all vehicles (at simulation time 144.000,000,000 s)
2024-06-04 00:13:06,260 INFO  - Received CAM message from veh_42 (at simulation time 144.000,400,000 s)
2024-06-04 00:13:06,260 INFO  - Received CAM message from veh_38 (at simulation time 144.000,400,000 s)
2024-06-04 00:13:06,260 INFO  - Received CAM message from veh_26 (at simulation time 144.000,400,000 s)
2024-06-04 00:13:06,261 INFO  - Received CAM message from veh_34 (at simulation time 144.000,900,000 s)
2024-06-04 00:13:06,261 INFO  - Received CAM message from veh_46 (at simulation time 144.001,400,000 s)
2024-06-04 00:13:06,261 INFO  - Received CAM message from veh_30 (at simulation time 144.002,400,000 s)
2024-06-04 00:13:06,261 INFO  - Atempting to process queue (at simulation time 144.100,000,000 s)
2024-06-04 00:13:06,261 INFO  - Vehicle is inside the detection area. (at simulation time 144.100,000,000 s)
2024-06-04 00:13:06,261 INFO  - Sent Detection message to rsu_0 (at simulation time 144.100,000,000 s)
2024-06-04 00:13:06,261 INFO  - Sent broadcast CAM message to all vehicles (at simulation time 144.100,000,000 s)
2024-06-04 00:13:06,262 INFO  - Received CAM message from veh_26 (at simulation time 144.100,400,000 s)
2024-06-04 00:13:06,262 INFO  - Received CAM message from veh_38 (at simulation time 144.100,900,000 s)
2024-06-04 00:13:06,262 INFO  - Received CAM message from veh_42 (at simulation time 144.101,400,000 s)
2024-06-04 00:13:06,262 INFO  - Received CAM message from veh_34 (at simulation time 144.101,400,000 s)
2024-06-04 00:13:06,262 INFO  - Received CAM message from veh_30 (at simulation time 144.101,900,000 s)
2024-06-04 00:13:06,262 INFO  - Received CAM message from veh_46 (at simulation time 144.102,400,000 s)
2024-06-04 00:13:06,262 INFO  - Atempting to process queue (at simulation time 144.200,000,000 s)
2024-06-04 00:13:06,262 INFO  - Vehicle is inside the detection area. (at simulation time 144.200,000,000 s)
2024-06-04 00:13:06,262 INFO  - Sent Detection message to rsu_0 (at simulation time 144.200,000,000 s)
2024-06-04 00:13:06,262 INFO  - Sent broadcast CAM message to all vehicles (at simulation time 144.200,000,000 s)
2024-06-04 00:13:06,264 INFO  - Received CAM message from veh_34 (at simulation time 144.200,900,000 s)
2024-06-04 00:13:06,264 INFO  - Received CAM message from veh_30 (at simulation time 144.200,900,000 s)
2024-06-04 00:13:06,264 INFO  - Received CAM message from veh_26 (at simulation time 144.200,900,000 s)
2024-06-04 00:13:06,264 INFO  - Received CAM message from veh_46 (at simulation time 144.201,400,000 s)
2024-06-04 00:13:06,264 INFO  - Received CAM message from veh_42 (at simulation time 144.201,900,000 s)
2024-06-04 00:13:06,264 INFO  - Received CAM message from veh_38 (at simulation time 144.202,400,000 s)
2024-06-04 00:13:06,264 INFO  - Atempting to process queue (at simulation time 144.300,000,000 s)
2024-06-04 00:13:06,264 INFO  - Vehicle is inside the detection area. (at simulation time 144.300,000,000 s)
2024-06-04 00:13:06,264 INFO  - Sent Detection message to rsu_0 (at simulation time 144.300,000,000 s)
2024-06-04 00:13:06,264 INFO  - Sent broadcast CAM message to all vehicles (at simulation time 144.300,000,000 s)
2024-06-04 00:13:06,265 INFO  - Received CAM message from veh_46 (at simulation time 144.300,400,000 s)
2024-06-04 00:13:06,265 INFO  - Received CAM message from veh_38 (at simulation time 144.300,900,000 s)
2024-06-04 00:13:06,265 INFO  - Received CAM message from veh_30 (at simulation time 144.300,900,000 s)
2024-06-04 00:13:06,265 INFO  - Received CAM message from veh_42 (at simulation time 144.301,400,000 s)
2024-06-04 00:13:06,266 INFO  - Received CAM message from veh_34 (at simulation time 144.302,400,000 s)
2024-06-04 00:13:06,266 INFO  - Received CAM message from veh_26 (at simulation time 144.302,400,000 s)
2024-06-04 00:13:06,266 INFO  - Atempting to process queue (at simulation time 144.400,000,000 s)
2024-06-04 00:13:06,266 INFO  - Vehicle is inside the detection area. (at simulation time 144.400,000,000 s)
2024-06-04 00:13:06,266 INFO  - Sent Detection message to rsu_0 (at simulation time 144.400,000,000 s)
2024-06-04 00:13:06,266 INFO  - Sent broadcast CAM message to all vehicles (at simulation time 144.400,000,000 s)
2024-06-04 00:13:06,267 INFO  - Received CAM message from veh_26 (at simulation time 144.400,400,000 s)
2024-06-04 00:13:06,267 INFO  - Received CAM message from veh_46 (at simulation time 144.401,400,000 s)
2024-06-04 00:13:06,267 INFO  - Received CAM message from veh_42 (at simulation time 144.401,400,000 s)
2024-06-04 00:13:06,267 INFO  - Received CAM message from veh_34 (at simulation time 144.401,400,000 s)
2024-06-04 00:13:06,267 INFO  - Received CAM message from veh_38 (at simulation time 144.401,900,000 s)
2024-06-04 00:13:06,268 INFO  - Received CAM message from veh_30 (at simulation time 144.402,400,000 s)
2024-06-04 00:13:06,268 INFO  - Atempting to process queue (at simulation time 144.500,000,000 s)
2024-06-04 00:13:06,268 INFO  - Vehicle is inside the detection area. (at simulation time 144.500,000,000 s)
2024-06-04 00:13:06,268 INFO  - Sent Detection message to rsu_0 (at simulation time 144.500,000,000 s)
2024-06-04 00:13:06,268 INFO  - Sent broadcast CAM message to all vehicles (at simulation time 144.500,000,000 s)
2024-06-04 00:13:06,268 INFO  - Received CAM message from veh_46 (at simulation time 144.500,400,000 s)
2024-06-04 00:13:06,268 INFO  - Received CAM message from veh_42 (at simulation time 144.500,400,000 s)
2024-06-04 00:13:06,269 INFO  - Received CAM message from veh_26 (at simulation time 144.500,900,000 s)
2024-06-04 00:13:06,269 INFO  - Received CAM message from veh_34 (at simulation time 144.501,900,000 s)
2024-06-04 00:13:06,269 INFO  - Received CAM message from veh_38 (at simulation time 144.502,400,000 s)
2024-06-04 00:13:06,269 INFO  - Received CAM message from veh_30 (at simulation time 144.502,400,000 s)
2024-06-04 00:13:06,269 INFO  - Atempting to process queue (at simulation time 144.600,000,000 s)
2024-06-04 00:13:06,269 INFO  - Vehicle is inside the detection area. (at simulation time 144.600,000,000 s)
2024-06-04 00:13:06,269 INFO  - Sent Detection message to rsu_0 (at simulation time 144.600,000,000 s)
2024-06-04 00:13:06,269 INFO  - Sent broadcast CAM message to all vehicles (at simulation time 144.600,000,000 s)
2024-06-04 00:13:06,270 INFO  - Received CAM message from veh_46 (at simulation time 144.600,400,000 s)
2024-06-04 00:13:06,270 INFO  - Received CAM message from veh_38 (at simulation time 144.600,400,000 s)
2024-06-04 00:13:06,270 INFO  - Received CAM message from veh_42 (at simulation time 144.600,900,000 s)
2024-06-04 00:13:06,270 INFO  - Received CAM message from veh_30 (at simulation time 144.601,900,000 s)
2024-06-04 00:13:06,270 INFO  - Received CAM message from veh_26 (at simulation time 144.601,900,000 s)
2024-06-04 00:13:06,271 INFO  - Received CAM message from veh_34 (at simulation time 144.602,400,000 s)
2024-06-04 00:13:06,271 INFO  - Atempting to process queue (at simulation time 144.700,000,000 s)
2024-06-04 00:13:06,271 INFO  - Vehicle is inside the detection area. (at simulation time 144.700,000,000 s)
2024-06-04 00:13:06,271 INFO  - Sent Detection message to rsu_0 (at simulation time 144.700,000,000 s)
2024-06-04 00:13:06,271 INFO  - Sent broadcast CAM message to all vehicles (at simulation time 144.700,000,000 s)
2024-06-04 00:13:06,271 INFO  - Received CAM message from veh_42 (at simulation time 144.700,400,000 s)
2024-06-04 00:13:06,271 INFO  - Received CAM message from veh_34 (at simulation time 144.700,400,000 s)
2024-06-04 00:13:06,272 INFO  - Received CAM message from veh_26 (at simulation time 144.700,900,000 s)
2024-06-04 00:13:06,272 INFO  - Received CAM message from veh_46 (at simulation time 144.701,400,000 s)
2024-06-04 00:13:06,272 INFO  - Received CAM message from veh_38 (at simulation time 144.702,400,000 s)
2024-06-04 00:13:06,272 INFO  - Received CAM message from veh_30 (at simulation time 144.702,400,000 s)
2024-06-04 00:13:06,272 INFO  - Atempting to process queue (at simulation time 144.800,000,000 s)
2024-06-04 00:13:06,272 INFO  - Vehicle is inside the detection area. (at simulation time 144.800,000,000 s)
2024-06-04 00:13:06,272 INFO  - Sent Detection message to rsu_0 (at simulation time 144.800,000,000 s)
2024-06-04 00:13:06,272 INFO  - Sent broadcast CAM message to all vehicles (at simulation time 144.800,000,000 s)
2024-06-04 00:13:06,273 INFO  - Received CAM message from veh_42 (at simulation time 144.800,400,000 s)
2024-06-04 00:13:06,273 INFO  - Received CAM message from veh_38 (at simulation time 144.800,400,000 s)
2024-06-04 00:13:06,273 INFO  - Received CAM message from veh_30 (at simulation time 144.800,400,000 s)
2024-06-04 00:13:06,273 INFO  - Received CAM message from veh_34 (at simulation time 144.801,400,000 s)
2024-06-04 00:13:06,274 INFO  - Received CAM message from veh_46 (at simulation time 144.801,900,000 s)
2024-06-04 00:13:06,274 INFO  - Received CAM message from veh_26 (at simulation time 144.801,900,000 s)
2024-06-04 00:13:06,274 INFO  - Atempting to process queue (at simulation time 144.900,000,000 s)
2024-06-04 00:13:06,274 INFO  - Vehicle is inside the detection area. (at simulation time 144.900,000,000 s)
2024-06-04 00:13:06,274 INFO  - Sent Detection message to rsu_0 (at simulation time 144.900,000,000 s)
2024-06-04 00:13:06,274 INFO  - Sent broadcast CAM message to all vehicles (at simulation time 144.900,000,000 s)
2024-06-04 00:13:06,274 INFO  - Received CAM message from veh_30 (at simulation time 144.900,400,000 s)
2024-06-04 00:13:06,275 INFO  - Received CAM message from veh_34 (at simulation time 144.900,900,000 s)
2024-06-04 00:13:06,275 INFO  - Received CAM message from veh_26 (at simulation time 144.900,900,000 s)
2024-06-04 00:13:06,275 INFO  - Received CAM message from veh_38 (at simulation time 144.901,400,000 s)
2024-06-04 00:13:06,275 INFO  - Received CAM message from veh_46 (at simulation time 144.902,400,000 s)
2024-06-04 00:13:06,275 INFO  - Received CAM message from veh_42 (at simulation time 144.902,400,000 s)
2024-06-04 00:13:06,283 INFO  - Atempting to process queue (at simulation time 145.000,000,000 s)
2024-06-04 00:13:06,283 INFO  - Vehicle is outside the detection area. (at simulation time 145.000,000,000 s)
2024-06-04 00:13:06,283 INFO  - Sent broadcast CAM message to all vehicles (at simulation time 145.000,000,000 s)
2024-06-04 00:13:06,286 INFO  - Received CAM message from veh_50 (at simulation time 145.000,400,000 s)
2024-06-04 00:13:06,286 INFO  - Received CAM message from veh_46 (at simulation time 145.000,400,000 s)
2024-06-04 00:13:06,286 INFO  - Received CAM message from veh_30 (at simulation time 145.000,400,000 s)
2024-06-04 00:13:06,286 INFO  - Received CAM message from veh_38 (at simulation time 145.000,900,000 s)
2024-06-04 00:13:06,286 INFO  - Received CAM message from veh_42 (at simulation time 145.001,400,000 s)
2024-06-04 00:13:06,286 INFO  - Received CAM message from veh_34 (at simulation time 145.001,400,000 s)
2024-06-04 00:13:06,286 INFO  - Received CAM message from veh_26 (at simulation time 145.001,900,000 s)
2024-06-04 00:13:06,287 INFO  - Atempting to process queue (at simulation time 145.100,000,000 s)
2024-06-04 00:13:06,287 INFO  - Vehicle is outside the detection area. (at simulation time 145.100,000,000 s)
2024-06-04 00:13:06,287 INFO  - Sent broadcast CAM message to all vehicles (at simulation time 145.100,000,000 s)
2024-06-04 00:13:06,288 INFO  - Received CAM message from veh_46 (at simulation time 145.100,900,000 s)
2024-06-04 00:13:06,288 INFO  - Received CAM message from veh_38 (at simulation time 145.100,900,000 s)
2024-06-04 00:13:06,288 INFO  - Received CAM message from veh_42 (at simulation time 145.101,400,000 s)
2024-06-04 00:13:06,288 INFO  - Received CAM message from veh_34 (at simulation time 145.101,900,000 s)
2024-06-04 00:13:06,289 INFO  - Received CAM message from veh_50 (at simulation time 145.102,400,000 s)
2024-06-04 00:13:06,289 INFO  - Received CAM message from veh_30 (at simulation time 145.102,400,000 s)
2024-06-04 00:13:06,289 INFO  - Received CAM message from veh_26 (at simulation time 145.102,400,000 s)
2024-06-04 00:13:06,289 INFO  - Atempting to process queue (at simulation time 145.200,000,000 s)
2024-06-04 00:13:06,289 INFO  - Vehicle is outside the detection area. (at simulation time 145.200,000,000 s)
2024-06-04 00:13:06,289 INFO  - Sent broadcast CAM message to all vehicles (at simulation time 145.200,000,000 s)
2024-06-04 00:13:06,289 INFO  - Received CAM message from veh_46 (at simulation time 145.200,400,000 s)
2024-06-04 00:13:06,289 INFO  - Received CAM message from veh_34 (at simulation time 145.200,400,000 s)
2024-06-04 00:13:06,290 INFO  - Received CAM message from veh_30 (at simulation time 145.200,900,000 s)
2024-06-04 00:13:06,290 INFO  - Received CAM message from veh_38 (at simulation time 145.201,400,000 s)
2024-06-04 00:13:06,290 INFO  - Received CAM message from veh_50 (at simulation time 145.201,900,000 s)
2024-06-04 00:13:06,290 INFO  - Received CAM message from veh_42 (at simulation time 145.202,400,000 s)
2024-06-04 00:13:06,290 INFO  - Received CAM message from veh_26 (at simulation time 145.202,400,000 s)
2024-06-04 00:13:06,290 INFO  - Atempting to process queue (at simulation time 145.300,000,000 s)
2024-06-04 00:13:06,290 INFO  - Vehicle is outside the detection area. (at simulation time 145.300,000,000 s)
2024-06-04 00:13:06,290 INFO  - Sent broadcast CAM message to all vehicles (at simulation time 145.300,000,000 s)
2024-06-04 00:13:06,291 INFO  - Received CAM message from veh_50 (at simulation time 145.300,900,000 s)
2024-06-04 00:13:06,291 INFO  - Received CAM message from veh_42 (at simulation time 145.300,900,000 s)
2024-06-04 00:13:06,291 INFO  - Received CAM message from veh_38 (at simulation time 145.300,900,000 s)
2024-06-04 00:13:06,291 INFO  - Received CAM message from veh_34 (at simulation time 145.300,900,000 s)
2024-06-04 00:13:06,291 INFO  - Received CAM message from veh_26 (at simulation time 145.300,900,000 s)
2024-06-04 00:13:06,292 INFO  - Received CAM message from veh_46 (at simulation time 145.301,900,000 s)
2024-06-04 00:13:06,292 INFO  - Received CAM message from veh_30 (at simulation time 145.301,900,000 s)
2024-06-04 00:13:06,292 INFO  - Atempting to process queue (at simulation time 145.400,000,000 s)
2024-06-04 00:13:06,292 INFO  - Vehicle is outside the detection area. (at simulation time 145.400,000,000 s)
2024-06-04 00:13:06,292 INFO  - Sent broadcast CAM message to all vehicles (at simulation time 145.400,000,000 s)
2024-06-04 00:13:06,293 INFO  - Received CAM message from veh_46 (at simulation time 145.400,400,000 s)
2024-06-04 00:13:06,293 INFO  - Received CAM message from veh_42 (at simulation time 145.400,400,000 s)
2024-06-04 00:13:06,293 INFO  - Received CAM message from veh_30 (at simulation time 145.400,400,000 s)
2024-06-04 00:13:06,293 INFO  - Received CAM message from veh_50 (at simulation time 145.401,400,000 s)
2024-06-04 00:13:06,293 INFO  - Received CAM message from veh_26 (at simulation time 145.401,400,000 s)
2024-06-04 00:13:06,293 INFO  - Received CAM message from veh_38 (at simulation time 145.401,900,000 s)
2024-06-04 00:13:06,293 INFO  - Received CAM message from veh_34 (at simulation time 145.402,400,000 s)
2024-06-04 00:13:06,293 INFO  - Atempting to process queue (at simulation time 145.500,000,000 s)
2024-06-04 00:13:06,293 INFO  - Vehicle is outside the detection area. (at simulation time 145.500,000,000 s)
2024-06-04 00:13:06,293 INFO  - Sent broadcast CAM message to all vehicles (at simulation time 145.500,000,000 s)
2024-06-04 00:13:06,294 INFO  - Received CAM message from veh_42 (at simulation time 145.500,900,000 s)
2024-06-04 00:13:06,294 INFO  - Received CAM message from veh_30 (at simulation time 145.500,900,000 s)
2024-06-04 00:13:06,294 INFO  - Received CAM message from veh_50 (at simulation time 145.501,400,000 s)
2024-06-04 00:13:06,294 INFO  - Received CAM message from veh_38 (at simulation time 145.501,400,000 s)
2024-06-04 00:13:06,294 INFO  - Received CAM message from veh_26 (at simulation time 145.501,400,000 s)
2024-06-04 00:13:06,295 INFO  - Received CAM message from veh_34 (at simulation time 145.501,900,000 s)
2024-06-04 00:13:06,295 INFO  - Received CAM message from veh_46 (at simulation time 145.502,400,000 s)
2024-06-04 00:13:06,295 INFO  - Atempting to process queue (at simulation time 145.600,000,000 s)
2024-06-04 00:13:06,295 INFO  - Vehicle is outside the detection area. (at simulation time 145.600,000,000 s)
2024-06-04 00:13:06,295 INFO  - Sent broadcast CAM message to all vehicles (at simulation time 145.600,000,000 s)
2024-06-04 00:13:06,296 INFO  - Received CAM message from veh_50 (at simulation time 145.600,900,000 s)
2024-06-04 00:13:06,296 INFO  - Received CAM message from veh_46 (at simulation time 145.601,400,000 s)
2024-06-04 00:13:06,296 INFO  - Received CAM message from veh_30 (at simulation time 145.601,400,000 s)
2024-06-04 00:13:06,296 INFO  - Received CAM message from veh_26 (at simulation time 145.601,400,000 s)
2024-06-04 00:13:06,296 INFO  - Received CAM message from veh_42 (at simulation time 145.602,400,000 s)
2024-06-04 00:13:06,296 INFO  - Received CAM message from veh_38 (at simulation time 145.602,400,000 s)
2024-06-04 00:13:06,296 INFO  - Received CAM message from veh_34 (at simulation time 145.602,400,000 s)
2024-06-04 00:13:06,296 INFO  - Atempting to process queue (at simulation time 145.700,000,000 s)
2024-06-04 00:13:06,296 INFO  - Vehicle is outside the detection area. (at simulation time 145.700,000,000 s)
2024-06-04 00:13:06,296 INFO  - Sent broadcast CAM message to all vehicles (at simulation time 145.700,000,000 s)
2024-06-04 00:13:06,297 INFO  - Received CAM message from veh_34 (at simulation time 145.700,400,000 s)
2024-06-04 00:13:06,297 INFO  - Received CAM message from veh_26 (at simulation time 145.700,400,000 s)
2024-06-04 00:13:06,297 INFO  - Received CAM message from veh_50 (at simulation time 145.700,900,000 s)
2024-06-04 00:13:06,297 INFO  - Received CAM message from veh_42 (at simulation time 145.700,900,000 s)
2024-06-04 00:13:06,297 INFO  - Received CAM message from veh_46 (at simulation time 145.701,400,000 s)
2024-06-04 00:13:06,298 INFO  - Received CAM message from veh_38 (at simulation time 145.702,400,000 s)
2024-06-04 00:13:06,298 INFO  - Received CAM message from veh_30 (at simulation time 145.702,400,000 s)
2024-06-04 00:13:06,298 INFO  - Atempting to process queue (at simulation time 145.800,000,000 s)
2024-06-04 00:13:06,298 INFO  - Vehicle is outside the detection area. (at simulation time 145.800,000,000 s)
2024-06-04 00:13:06,298 INFO  - Sent broadcast CAM message to all vehicles (at simulation time 145.800,000,000 s)
2024-06-04 00:13:06,299 INFO  - Received CAM message from veh_50 (at simulation time 145.800,400,000 s)
2024-06-04 00:13:06,299 INFO  - Received CAM message from veh_46 (at simulation time 145.800,900,000 s)
2024-06-04 00:13:06,299 INFO  - Received CAM message from veh_42 (at simulation time 145.800,900,000 s)
2024-06-04 00:13:06,299 INFO  - Received CAM message from veh_30 (at simulation time 145.800,900,000 s)
2024-06-04 00:13:06,299 INFO  - Received CAM message from veh_38 (at simulation time 145.801,400,000 s)
2024-06-04 00:13:06,299 INFO  - Received CAM message from veh_26 (at simulation time 145.801,900,000 s)
2024-06-04 00:13:06,299 INFO  - Received CAM message from veh_34 (at simulation time 145.802,400,000 s)
2024-06-04 00:13:06,300 INFO  - Atempting to process queue (at simulation time 145.900,000,000 s)
2024-06-04 00:13:06,300 INFO  - Vehicle is outside the detection area. (at simulation time 145.900,000,000 s)
2024-06-04 00:13:06,300 INFO  - Sent broadcast CAM message to all vehicles (at simulation time 145.900,000,000 s)
2024-06-04 00:13:06,300 INFO  - Received CAM message from veh_30 (at simulation time 145.900,400,000 s)
2024-06-04 00:13:06,300 INFO  - Received CAM message from veh_42 (at simulation time 145.900,900,000 s)
2024-06-04 00:13:06,300 INFO  - Received CAM message from veh_34 (at simulation time 145.900,900,000 s)
2024-06-04 00:13:06,301 INFO  - Received CAM message from veh_38 (at simulation time 145.901,900,000 s)
2024-06-04 00:13:06,301 INFO  - Received CAM message from veh_26 (at simulation time 145.901,900,000 s)
2024-06-04 00:13:06,301 INFO  - Received CAM message from veh_50 (at simulation time 145.902,400,000 s)
2024-06-04 00:13:06,301 INFO  - Received CAM message from veh_46 (at simulation time 145.902,400,000 s)
2024-06-04 00:13:06,304 INFO  - Atempting to process queue (at simulation time 146.000,000,000 s)
2024-06-04 00:13:06,304 INFO  - Vehicle is outside the detection area. (at simulation time 146.000,000,000 s)
2024-06-04 00:13:06,304 INFO  - Sent broadcast CAM message to all vehicles (at simulation time 146.000,000,000 s)
2024-06-04 00:13:06,306 INFO  - Received CAM message from veh_46 (at simulation time 146.000,400,000 s)
2024-06-04 00:13:06,306 INFO  - Received CAM message from veh_30 (at simulation time 146.000,400,000 s)
2024-06-04 00:13:06,306 INFO  - Received CAM message from veh_26 (at simulation time 146.000,400,000 s)
2024-06-04 00:13:06,306 INFO  - Received CAM message from veh_34 (at simulation time 146.000,900,000 s)
2024-06-04 00:13:06,306 INFO  - Received CAM message from veh_50 (at simulation time 146.001,400,000 s)
2024-06-04 00:13:06,306 INFO  - Received CAM message from veh_38 (at simulation time 146.001,400,000 s)
2024-06-04 00:13:06,306 INFO  - Received CAM message from veh_42 (at simulation time 146.001,900,000 s)
2024-06-04 00:13:06,306 INFO  - Atempting to process queue (at simulation time 146.100,000,000 s)
2024-06-04 00:13:06,306 INFO  - Vehicle is outside the detection area. (at simulation time 146.100,000,000 s)
2024-06-04 00:13:06,306 INFO  - Sent broadcast CAM message to all vehicles (at simulation time 146.100,000,000 s)
2024-06-04 00:13:06,307 INFO  - Received CAM message from veh_50 (at simulation time 146.100,400,000 s)
2024-06-04 00:13:06,307 INFO  - Received CAM message from veh_46 (at simulation time 146.100,900,000 s)
2024-06-04 00:13:06,307 INFO  - Received CAM message from veh_42 (at simulation time 146.100,900,000 s)
2024-06-04 00:13:06,307 INFO  - Received CAM message from veh_38 (at simulation time 146.100,900,000 s)
2024-06-04 00:13:06,307 INFO  - Received CAM message from veh_26 (at simulation time 146.100,900,000 s)
2024-06-04 00:13:06,307 INFO  - Received CAM message from veh_34 (at simulation time 146.101,400,000 s)
2024-06-04 00:13:06,308 INFO  - Received CAM message from veh_30 (at simulation time 146.102,400,000 s)
2024-06-04 00:13:06,308 INFO  - Atempting to process queue (at simulation time 146.200,000,000 s)
2024-06-04 00:13:06,308 INFO  - Vehicle is outside the detection area. (at simulation time 146.200,000,000 s)
2024-06-04 00:13:06,308 INFO  - Sent broadcast CAM message to all vehicles (at simulation time 146.200,000,000 s)
2024-06-04 00:13:06,309 INFO  - Received CAM message from veh_42 (at simulation time 146.200,900,000 s)
2024-06-04 00:13:06,309 INFO  - Received CAM message from veh_30 (at simulation time 146.200,900,000 s)
2024-06-04 00:13:06,309 INFO  - Received CAM message from veh_38 (at simulation time 146.201,400,000 s)
2024-06-04 00:13:06,309 INFO  - Received CAM message from veh_26 (at simulation time 146.201,400,000 s)
2024-06-04 00:13:06,309 INFO  - Received CAM message from veh_50 (at simulation time 146.201,900,000 s)
2024-06-04 00:13:06,309 INFO  - Received CAM message from veh_46 (at simulation time 146.202,400,000 s)
2024-06-04 00:13:06,309 INFO  - Received CAM message from veh_34 (at simulation time 146.202,400,000 s)
2024-06-04 00:13:06,309 INFO  - Atempting to process queue (at simulation time 146.300,000,000 s)
2024-06-04 00:13:06,309 INFO  - Vehicle is outside the detection area. (at simulation time 146.300,000,000 s)
2024-06-04 00:13:06,309 INFO  - Sent broadcast CAM message to all vehicles (at simulation time 146.300,000,000 s)
2024-06-04 00:13:06,310 INFO  - Received CAM message from veh_42 (at simulation time 146.300,400,000 s)
2024-06-04 00:13:06,310 INFO  - Received CAM message from veh_34 (at simulation time 146.300,400,000 s)
2024-06-04 00:13:06,310 INFO  - Received CAM message from veh_26 (at simulation time 146.300,400,000 s)
2024-06-04 00:13:06,310 INFO  - Received CAM message from veh_46 (at simulation time 146.300,900,000 s)
2024-06-04 00:13:06,310 INFO  - Received CAM message from veh_30 (at simulation time 146.301,400,000 s)
2024-06-04 00:13:06,310 INFO  - Received CAM message from veh_50 (at simulation time 146.301,900,000 s)
2024-06-04 00:13:06,310 INFO  - Received CAM message from veh_38 (at simulation time 146.301,900,000 s)
2024-06-04 00:13:06,311 INFO  - Atempting to process queue (at simulation time 146.400,000,000 s)
2024-06-04 00:13:06,311 INFO  - Vehicle is outside the detection area. (at simulation time 146.400,000,000 s)
2024-06-04 00:13:06,311 INFO  - Sent broadcast CAM message to all vehicles (at simulation time 146.400,000,000 s)
2024-06-04 00:13:06,311 INFO  - Received CAM message from veh_42 (at simulation time 146.400,400,000 s)
2024-06-04 00:13:06,311 INFO  - Received CAM message from veh_38 (at simulation time 146.400,400,000 s)
2024-06-04 00:13:06,312 INFO  - Received CAM message from veh_50 (at simulation time 146.400,900,000 s)
2024-06-04 00:13:06,312 INFO  - Received CAM message from veh_46 (at simulation time 146.401,400,000 s)
2024-06-04 00:13:06,312 INFO  - Received CAM message from veh_30 (at simulation time 146.401,400,000 s)
2024-06-04 00:13:06,312 INFO  - Received CAM message from veh_34 (at simulation time 146.401,900,000 s)
2024-06-04 00:13:06,312 INFO  - Received CAM message from veh_26 (at simulation time 146.402,400,000 s)
2024-06-04 00:13:06,312 INFO  - Atempting to process queue (at simulation time 146.500,000,000 s)
2024-06-04 00:13:06,312 INFO  - Vehicle is outside the detection area. (at simulation time 146.500,000,000 s)
2024-06-04 00:13:06,312 INFO  - Sent broadcast CAM message to all vehicles (at simulation time 146.500,000,000 s)
2024-06-04 00:13:06,313 INFO  - Received CAM message from veh_34 (at simulation time 146.500,400,000 s)
2024-06-04 00:13:06,313 INFO  - Received CAM message from veh_42 (at simulation time 146.500,900,000 s)
2024-06-04 00:13:06,313 INFO  - Received CAM message from veh_46 (at simulation time 146.501,400,000 s)
2024-06-04 00:13:06,313 INFO  - Received CAM message from veh_50 (at simulation time 146.501,900,000 s)
2024-06-04 00:13:06,313 INFO  - Received CAM message from veh_38 (at simulation time 146.501,900,000 s)
2024-06-04 00:13:06,313 INFO  - Received CAM message from veh_30 (at simulation time 146.501,900,000 s)
2024-06-04 00:13:06,313 INFO  - Received CAM message from veh_26 (at simulation time 146.501,900,000 s)
2024-06-04 00:13:06,314 INFO  - Atempting to process queue (at simulation time 146.600,000,000 s)
2024-06-04 00:13:06,314 INFO  - Vehicle is outside the detection area. (at simulation time 146.600,000,000 s)
2024-06-04 00:13:06,314 INFO  - Sent broadcast CAM message to all vehicles (at simulation time 146.600,000,000 s)
2024-06-04 00:13:06,314 INFO  - Received CAM message from veh_50 (at simulation time 146.600,900,000 s)
2024-06-04 00:13:06,314 INFO  - Received CAM message from veh_42 (at simulation time 146.600,900,000 s)
2024-06-04 00:13:06,314 INFO  - Received CAM message from veh_30 (at simulation time 146.600,900,000 s)
2024-06-04 00:13:06,314 INFO  - Received CAM message from veh_46 (at simulation time 146.601,400,000 s)
2024-06-04 00:13:06,315 INFO  - Received CAM message from veh_38 (at simulation time 146.601,400,000 s)
2024-06-04 00:13:06,315 INFO  - Received CAM message from veh_26 (at simulation time 146.601,900,000 s)
2024-06-04 00:13:06,315 INFO  - Received CAM message from veh_34 (at simulation time 146.602,400,000 s)
2024-06-04 00:13:06,315 INFO  - Atempting to process queue (at simulation time 146.700,000,000 s)
2024-06-04 00:13:06,315 INFO  - Vehicle is outside the detection area. (at simulation time 146.700,000,000 s)
2024-06-04 00:13:06,315 INFO  - Sent broadcast CAM message to all vehicles (at simulation time 146.700,000,000 s)
2024-06-04 00:13:06,316 INFO  - Received CAM message from veh_38 (at simulation time 146.700,400,000 s)
2024-06-04 00:13:06,316 INFO  - Received CAM message from veh_26 (at simulation time 146.700,400,000 s)
2024-06-04 00:13:06,316 INFO  - Received CAM message from veh_34 (at simulation time 146.700,900,000 s)
2024-06-04 00:13:06,316 INFO  - Received CAM message from veh_50 (at simulation time 146.701,900,000 s)
2024-06-04 00:13:06,316 INFO  - Received CAM message from veh_46 (at simulation time 146.701,900,000 s)
2024-06-04 00:13:06,316 INFO  - Received CAM message from veh_42 (at simulation time 146.701,900,000 s)
2024-06-04 00:13:06,316 INFO  - Received CAM message from veh_30 (at simulation time 146.701,900,000 s)
2024-06-04 00:13:06,316 INFO  - Atempting to process queue (at simulation time 146.800,000,000 s)
2024-06-04 00:13:06,316 INFO  - Vehicle is outside the detection area. (at simulation time 146.800,000,000 s)
2024-06-04 00:13:06,316 INFO  - Sent broadcast CAM message to all vehicles (at simulation time 146.800,000,000 s)
2024-06-04 00:13:06,317 INFO  - Received CAM message from veh_46 (at simulation time 146.800,400,000 s)
2024-06-04 00:13:06,317 INFO  - Received CAM message from veh_38 (at simulation time 146.800,400,000 s)
2024-06-04 00:13:06,317 INFO  - Received CAM message from veh_34 (at simulation time 146.800,400,000 s)
2024-06-04 00:13:06,317 INFO  - Received CAM message from veh_50 (at simulation time 146.800,900,000 s)
2024-06-04 00:13:06,317 INFO  - Received CAM message from veh_30 (at simulation time 146.800,900,000 s)
2024-06-04 00:13:06,318 INFO  - Received CAM message from veh_42 (at simulation time 146.801,900,000 s)
2024-06-04 00:13:06,318 INFO  - Received CAM message from veh_26 (at simulation time 146.801,900,000 s)
2024-06-04 00:13:06,318 INFO  - Atempting to process queue (at simulation time 146.900,000,000 s)
2024-06-04 00:13:06,318 INFO  - Vehicle is outside the detection area. (at simulation time 146.900,000,000 s)
2024-06-04 00:13:06,318 INFO  - Sent broadcast CAM message to all vehicles (at simulation time 146.900,000,000 s)
2024-06-04 00:13:06,319 INFO  - Received CAM message from veh_50 (at simulation time 146.900,900,000 s)
2024-06-04 00:13:06,319 INFO  - Received CAM message from veh_42 (at simulation time 146.900,900,000 s)
2024-06-04 00:13:06,319 INFO  - Received CAM message from veh_38 (at simulation time 146.901,900,000 s)
2024-06-04 00:13:06,319 INFO  - Received CAM message from veh_30 (at simulation time 146.901,900,000 s)
2024-06-04 00:13:06,320 INFO  - Received CAM message from veh_46 (at simulation time 146.902,400,000 s)
2024-06-04 00:13:06,320 INFO  - Received CAM message from veh_34 (at simulation time 146.902,400,000 s)
2024-06-04 00:13:06,320 INFO  - Received CAM message from veh_26 (at simulation time 146.902,400,000 s)
2024-06-04 00:13:06,323 INFO  - Atempting to process queue (at simulation time 147.000,000,000 s)
2024-06-04 00:13:06,323 INFO  - Vehicle is outside the detection area. (at simulation time 147.000,000,000 s)
2024-06-04 00:13:06,323 INFO  - Sent broadcast CAM message to all vehicles (at simulation time 147.000,000,000 s)
2024-06-04 00:13:06,325 INFO  - Received CAM message from veh_42 (at simulation time 147.000,900,000 s)
2024-06-04 00:13:06,325 INFO  - Received CAM message from veh_38 (at simulation time 147.000,900,000 s)
2024-06-04 00:13:06,325 INFO  - Received CAM message from veh_26 (at simulation time 147.001,400,000 s)
2024-06-04 00:13:06,325 INFO  - Received CAM message from veh_34 (at simulation time 147.001,900,000 s)
2024-06-04 00:13:06,325 INFO  - Received CAM message from veh_30 (at simulation time 147.002,400,000 s)
2024-06-04 00:13:06,325 INFO  - Atempting to process queue (at simulation time 147.100,000,000 s)
2024-06-04 00:13:06,325 INFO  - Vehicle is outside the detection area. (at simulation time 147.100,000,000 s)
2024-06-04 00:13:06,325 INFO  - Sent broadcast CAM message to all vehicles (at simulation time 147.100,000,000 s)
2024-06-04 00:13:06,326 INFO  - Received CAM message from veh_30 (at simulation time 147.101,400,000 s)
2024-06-04 00:13:06,326 INFO  - Received CAM message from veh_26 (at simulation time 147.101,400,000 s)
2024-06-04 00:13:06,326 INFO  - Received CAM message from veh_38 (at simulation time 147.101,900,000 s)
2024-06-04 00:13:06,327 INFO  - Received CAM message from veh_42 (at simulation time 147.102,400,000 s)
2024-06-04 00:13:06,327 INFO  - Received CAM message from veh_34 (at simulation time 147.102,400,000 s)
2024-06-04 00:13:06,327 INFO  - Atempting to process queue (at simulation time 147.200,000,000 s)
2024-06-04 00:13:06,327 INFO  - Vehicle is outside the detection area. (at simulation time 147.200,000,000 s)
2024-06-04 00:13:06,327 INFO  - Sent broadcast CAM message to all vehicles (at simulation time 147.200,000,000 s)
2024-06-04 00:13:06,327 INFO  - Received CAM message from veh_34 (at simulation time 147.200,400,000 s)
2024-06-04 00:13:06,327 INFO  - Received CAM message from veh_30 (at simulation time 147.200,400,000 s)
2024-06-04 00:13:06,327 INFO  - Received CAM message from veh_38 (at simulation time 147.200,900,000 s)
2024-06-04 00:13:06,328 INFO  - Received CAM message from veh_26 (at simulation time 147.200,900,000 s)
2024-06-04 00:13:06,328 INFO  - Received CAM message from veh_42 (at simulation time 147.201,900,000 s)
2024-06-04 00:13:06,328 INFO  - Atempting to process queue (at simulation time 147.300,000,000 s)
2024-06-04 00:13:06,328 INFO  - Vehicle is outside the detection area. (at simulation time 147.300,000,000 s)
2024-06-04 00:13:06,328 INFO  - Sent broadcast CAM message to all vehicles (at simulation time 147.300,000,000 s)
2024-06-04 00:13:06,329 INFO  - Received CAM message from veh_38 (at simulation time 147.300,400,000 s)
2024-06-04 00:13:06,329 INFO  - Received CAM message from veh_30 (at simulation time 147.300,900,000 s)
2024-06-04 00:13:06,329 INFO  - Received CAM message from veh_26 (at simulation time 147.300,900,000 s)
2024-06-04 00:13:06,329 INFO  - Received CAM message from veh_34 (at simulation time 147.301,400,000 s)
2024-06-04 00:13:06,329 INFO  - Received CAM message from veh_42 (at simulation time 147.302,400,000 s)
2024-06-04 00:13:06,330 INFO  - Atempting to process queue (at simulation time 147.400,000,000 s)
2024-06-04 00:13:06,330 INFO  - Vehicle is outside the detection area. (at simulation time 147.400,000,000 s)
2024-06-04 00:13:06,330 INFO  - Sent broadcast CAM message to all vehicles (at simulation time 147.400,000,000 s)
2024-06-04 00:13:06,330 INFO  - Received CAM message from veh_42 (at simulation time 147.400,400,000 s)
2024-06-04 00:13:06,330 INFO  - Received CAM message from veh_26 (at simulation time 147.400,400,000 s)
2024-06-04 00:13:06,330 INFO  - Received CAM message from veh_38 (at simulation time 147.400,900,000 s)
2024-06-04 00:13:06,331 INFO  - Received CAM message from veh_30 (at simulation time 147.401,400,000 s)
2024-06-04 00:13:06,331 INFO  - Received CAM message from veh_34 (at simulation time 147.401,900,000 s)
2024-06-04 00:13:06,331 INFO  - Atempting to process queue (at simulation time 147.500,000,000 s)
2024-06-04 00:13:06,331 INFO  - Vehicle is outside the detection area. (at simulation time 147.500,000,000 s)
2024-06-04 00:13:06,331 INFO  - Sent broadcast CAM message to all vehicles (at simulation time 147.500,000,000 s)
2024-06-04 00:13:06,332 INFO  - Received CAM message from veh_42 (at simulation time 147.500,400,000 s)
2024-06-04 00:13:06,332 INFO  - Received CAM message from veh_38 (at simulation time 147.500,400,000 s)
2024-06-04 00:13:06,332 INFO  - Received CAM message from veh_34 (at simulation time 147.500,900,000 s)
2024-06-04 00:13:06,332 INFO  - Received CAM message from veh_30 (at simulation time 147.500,900,000 s)
2024-06-04 00:13:06,332 INFO  - Received CAM message from veh_26 (at simulation time 147.501,400,000 s)
2024-06-04 00:13:06,333 INFO  - Atempting to process queue (at simulation time 147.600,000,000 s)
2024-06-04 00:13:06,333 INFO  - Vehicle is outside the detection area. (at simulation time 147.600,000,000 s)
2024-06-04 00:13:06,333 INFO  - Sent broadcast CAM message to all vehicles (at simulation time 147.600,000,000 s)
2024-06-04 00:13:06,334 INFO  - Received CAM message from veh_42 (at simulation time 147.600,400,000 s)
2024-06-04 00:13:06,334 INFO  - Received CAM message from veh_38 (at simulation time 147.600,400,000 s)
2024-06-04 00:13:06,334 INFO  - Received CAM message from veh_26 (at simulation time 147.600,400,000 s)
2024-06-04 00:13:06,334 INFO  - Received CAM message from veh_30 (at simulation time 147.601,400,000 s)
2024-06-04 00:13:06,334 INFO  - Received CAM message from veh_34 (at simulation time 147.601,900,000 s)
2024-06-04 00:13:06,335 INFO  - Atempting to process queue (at simulation time 147.700,000,000 s)
2024-06-04 00:13:06,335 INFO  - Vehicle is outside the detection area. (at simulation time 147.700,000,000 s)
2024-06-04 00:13:06,335 INFO  - Sent broadcast CAM message to all vehicles (at simulation time 147.700,000,000 s)
2024-06-04 00:13:06,335 INFO  - Received CAM message from veh_42 (at simulation time 147.700,900,000 s)
2024-06-04 00:13:06,335 INFO  - Received CAM message from veh_30 (at simulation time 147.700,900,000 s)
2024-06-04 00:13:06,336 INFO  - Received CAM message from veh_26 (at simulation time 147.701,900,000 s)
2024-06-04 00:13:06,336 INFO  - Received CAM message from veh_38 (at simulation time 147.702,400,000 s)
2024-06-04 00:13:06,336 INFO  - Received CAM message from veh_34 (at simulation time 147.702,400,000 s)
2024-06-04 00:13:06,336 INFO  - Atempting to process queue (at simulation time 147.800,000,000 s)
2024-06-04 00:13:06,336 INFO  - Vehicle is outside the detection area. (at simulation time 147.800,000,000 s)
2024-06-04 00:13:06,336 INFO  - Sent broadcast CAM message to all vehicles (at simulation time 147.800,000,000 s)
2024-06-04 00:13:06,337 INFO  - Received CAM message from veh_42 (at simulation time 147.800,400,000 s)
2024-06-04 00:13:06,337 INFO  - Received CAM message from veh_30 (at simulation time 147.800,400,000 s)
2024-06-04 00:13:06,337 INFO  - Received CAM message from veh_34 (at simulation time 147.800,900,000 s)
2024-06-04 00:13:06,337 INFO  - Received CAM message from veh_38 (at simulation time 147.801,400,000 s)
2024-06-04 00:13:06,338 INFO  - Received CAM message from veh_26 (at simulation time 147.801,900,000 s)
2024-06-04 00:13:06,338 INFO  - Atempting to process queue (at simulation time 147.900,000,000 s)
2024-06-04 00:13:06,338 INFO  - Vehicle is outside the detection area. (at simulation time 147.900,000,000 s)
2024-06-04 00:13:06,338 INFO  - Sent broadcast CAM message to all vehicles (at simulation time 147.900,000,000 s)
2024-06-04 00:13:06,338 INFO  - Received CAM message from veh_38 (at simulation time 147.900,400,000 s)
2024-06-04 00:13:06,339 INFO  - Received CAM message from veh_42 (at simulation time 147.901,400,000 s)
2024-06-04 00:13:06,339 INFO  - Received CAM message from veh_34 (at simulation time 147.901,400,000 s)
2024-06-04 00:13:06,339 INFO  - Received CAM message from veh_30 (at simulation time 147.901,900,000 s)
2024-06-04 00:13:06,340 INFO  - Received CAM message from veh_26 (at simulation time 147.902,400,000 s)
2024-06-04 00:13:06,341 INFO  - Atempting to process queue (at simulation time 148.000,000,000 s)
2024-06-04 00:13:06,341 INFO  - Vehicle is outside the detection area. (at simulation time 148.000,000,000 s)
2024-06-04 00:13:06,341 INFO  - Sent broadcast CAM message to all vehicles (at simulation time 148.000,000,000 s)
2024-06-04 00:13:06,343 INFO  - Received CAM message from veh_30 (at simulation time 148.000,400,000 s)
2024-06-04 00:13:06,343 INFO  - Received CAM message from veh_42 (at simulation time 148.002,400,000 s)
2024-06-04 00:13:06,343 INFO  - Received CAM message from veh_34 (at simulation time 148.002,400,000 s)
2024-06-04 00:13:06,343 INFO  - Received CAM message from veh_26 (at simulation time 148.002,400,000 s)
2024-06-04 00:13:06,343 INFO  - Atempting to process queue (at simulation time 148.100,000,000 s)
2024-06-04 00:13:06,343 INFO  - Vehicle is outside the detection area. (at simulation time 148.100,000,000 s)
2024-06-04 00:13:06,343 INFO  - Sent broadcast CAM message to all vehicles (at simulation time 148.100,000,000 s)
2024-06-04 00:13:06,344 INFO  - Received CAM message from veh_42 (at simulation time 148.100,400,000 s)
2024-06-04 00:13:06,344 INFO  - Received CAM message from veh_34 (at simulation time 148.100,400,000 s)
2024-06-04 00:13:06,344 INFO  - Received CAM message from veh_30 (at simulation time 148.101,900,000 s)
2024-06-04 00:13:06,344 INFO  - Received CAM message from veh_26 (at simulation time 148.101,900,000 s)
2024-06-04 00:13:06,345 INFO  - Atempting to process queue (at simulation time 148.200,000,000 s)
2024-06-04 00:13:06,345 INFO  - Vehicle is outside the detection area. (at simulation time 148.200,000,000 s)
2024-06-04 00:13:06,345 INFO  - Sent broadcast CAM message to all vehicles (at simulation time 148.200,000,000 s)
2024-06-04 00:13:06,346 INFO  - Received CAM message from veh_42 (at simulation time 148.200,900,000 s)
2024-06-04 00:13:06,346 INFO  - Received CAM message from veh_34 (at simulation time 148.201,400,000 s)
2024-06-04 00:13:06,346 INFO  - Received CAM message from veh_30 (at simulation time 148.201,400,000 s)
2024-06-04 00:13:06,346 INFO  - Received CAM message from veh_26 (at simulation time 148.201,400,000 s)
2024-06-04 00:13:06,346 INFO  - Atempting to process queue (at simulation time 148.300,000,000 s)
2024-06-04 00:13:06,346 INFO  - Vehicle is outside the detection area. (at simulation time 148.300,000,000 s)
2024-06-04 00:13:06,346 INFO  - Sent broadcast CAM message to all vehicles (at simulation time 148.300,000,000 s)
2024-06-04 00:13:06,347 INFO  - Received CAM message from veh_42 (at simulation time 148.300,900,000 s)
2024-06-04 00:13:06,347 INFO  - Received CAM message from veh_30 (at simulation time 148.300,900,000 s)
2024-06-04 00:13:06,347 INFO  - Received CAM message from veh_26 (at simulation time 148.301,400,000 s)
2024-06-04 00:13:06,348 INFO  - Received CAM message from veh_34 (at simulation time 148.302,400,000 s)
2024-06-04 00:13:06,348 INFO  - Atempting to process queue (at simulation time 148.400,000,000 s)
2024-06-04 00:13:06,348 INFO  - Vehicle is outside the detection area. (at simulation time 148.400,000,000 s)
2024-06-04 00:13:06,348 INFO  - Sent broadcast CAM message to all vehicles (at simulation time 148.400,000,000 s)
2024-06-04 00:13:06,349 INFO  - Received CAM message from veh_34 (at simulation time 148.401,400,000 s)
2024-06-04 00:13:06,349 INFO  - Received CAM message from veh_26 (at simulation time 148.401,900,000 s)
2024-06-04 00:13:06,349 INFO  - Received CAM message from veh_42 (at simulation time 148.402,400,000 s)
2024-06-04 00:13:06,350 INFO  - Received CAM message from veh_30 (at simulation time 148.402,400,000 s)
2024-06-04 00:13:06,350 INFO  - Atempting to process queue (at simulation time 148.500,000,000 s)
2024-06-04 00:13:06,350 INFO  - Vehicle is outside the detection area. (at simulation time 148.500,000,000 s)
2024-06-04 00:13:06,350 INFO  - Sent broadcast CAM message to all vehicles (at simulation time 148.500,000,000 s)
2024-06-04 00:13:06,350 INFO  - Received CAM message from veh_34 (at simulation time 148.500,400,000 s)
2024-06-04 00:13:06,351 INFO  - Received CAM message from veh_30 (at simulation time 148.500,900,000 s)
2024-06-04 00:13:06,351 INFO  - Received CAM message from veh_42 (at simulation time 148.501,900,000 s)
2024-06-04 00:13:06,351 INFO  - Received CAM message from veh_26 (at simulation time 148.502,400,000 s)
2024-06-04 00:13:06,351 INFO  - Atempting to process queue (at simulation time 148.600,000,000 s)
2024-06-04 00:13:06,351 INFO  - Vehicle is outside the detection area. (at simulation time 148.600,000,000 s)
2024-06-04 00:13:06,351 INFO  - Sent broadcast CAM message to all vehicles (at simulation time 148.600,000,000 s)
2024-06-04 00:13:06,352 INFO  - Received CAM message from veh_42 (at simulation time 148.600,400,000 s)
2024-06-04 00:13:06,352 INFO  - Received CAM message from veh_30 (at simulation time 148.600,400,000 s)
2024-06-04 00:13:06,352 INFO  - Received CAM message from veh_34 (at simulation time 148.600,900,000 s)
2024-06-04 00:13:06,353 INFO  - Received CAM message from veh_26 (at simulation time 148.600,900,000 s)
2024-06-04 00:13:06,353 INFO  - Atempting to process queue (at simulation time 148.700,000,000 s)
2024-06-04 00:13:06,353 INFO  - Vehicle is outside the detection area. (at simulation time 148.700,000,000 s)
2024-06-04 00:13:06,353 INFO  - Sent broadcast CAM message to all vehicles (at simulation time 148.700,000,000 s)
2024-06-04 00:13:06,354 INFO  - Received CAM message from veh_34 (at simulation time 148.700,900,000 s)
2024-06-04 00:13:06,354 INFO  - Received CAM message from veh_30 (at simulation time 148.700,900,000 s)
2024-06-04 00:13:06,354 INFO  - Received CAM message from veh_26 (at simulation time 148.701,400,000 s)
2024-06-04 00:13:06,355 INFO  - Received CAM message from veh_42 (at simulation time 148.701,900,000 s)
2024-06-04 00:13:06,355 INFO  - Atempting to process queue (at simulation time 148.800,000,000 s)
2024-06-04 00:13:06,355 INFO  - Vehicle is outside the detection area. (at simulation time 148.800,000,000 s)
2024-06-04 00:13:06,355 INFO  - Sent broadcast CAM message to all vehicles (at simulation time 148.800,000,000 s)
2024-06-04 00:13:06,356 INFO  - Received CAM message from veh_30 (at simulation time 148.800,400,000 s)
2024-06-04 00:13:06,356 INFO  - Received CAM message from veh_42 (at simulation time 148.801,400,000 s)
2024-06-04 00:13:06,357 INFO  - Received CAM message from veh_26 (at simulation time 148.801,400,000 s)
2024-06-04 00:13:06,357 INFO  - Received CAM message from veh_34 (at simulation time 148.802,400,000 s)
2024-06-04 00:13:06,357 INFO  - Atempting to process queue (at simulation time 148.900,000,000 s)
2024-06-04 00:13:06,357 INFO  - Vehicle is outside the detection area. (at simulation time 148.900,000,000 s)
2024-06-04 00:13:06,357 INFO  - Sent broadcast CAM message to all vehicles (at simulation time 148.900,000,000 s)
2024-06-04 00:13:06,358 INFO  - Received CAM message from veh_30 (at simulation time 148.900,900,000 s)
2024-06-04 00:13:06,358 INFO  - Received CAM message from veh_26 (at simulation time 148.900,900,000 s)
2024-06-04 00:13:06,358 INFO  - Received CAM message from veh_42 (at simulation time 148.901,400,000 s)
2024-06-04 00:13:06,359 INFO  - Received CAM message from veh_34 (at simulation time 148.902,400,000 s)
2024-06-04 00:13:06,360 INFO  - Atempting to process queue (at simulation time 149.000,000,000 s)
2024-06-04 00:13:06,360 INFO  - Vehicle is outside the detection area. (at simulation time 149.000,000,000 s)
2024-06-04 00:13:06,360 INFO  - Sent broadcast CAM message to all vehicles (at simulation time 149.000,000,000 s)
2024-06-04 00:13:06,361 INFO  - Received CAM message from veh_30 (at simulation time 149.000,900,000 s)
2024-06-04 00:13:06,361 INFO  - Received CAM message from veh_26 (at simulation time 149.000,900,000 s)
2024-06-04 00:13:06,362 INFO  - Atempting to process queue (at simulation time 149.100,000,000 s)
2024-06-04 00:13:06,362 INFO  - Vehicle is outside the detection area. (at simulation time 149.100,000,000 s)
2024-06-04 00:13:06,362 INFO  - Sent broadcast CAM message to all vehicles (at simulation time 149.100,000,000 s)
2024-06-04 00:13:06,363 INFO  - Received CAM message from veh_26 (at simulation time 149.100,900,000 s)
2024-06-04 00:13:06,363 INFO  - Received CAM message from veh_30 (at simulation time 149.102,400,000 s)
2024-06-04 00:13:06,363 INFO  - Atempting to process queue (at simulation time 149.200,000,000 s)
2024-06-04 00:13:06,363 INFO  - Vehicle is outside the detection area. (at simulation time 149.200,000,000 s)
2024-06-04 00:13:06,363 INFO  - Sent broadcast CAM message to all vehicles (at simulation time 149.200,000,000 s)
2024-06-04 00:13:06,364 INFO  - Received CAM message from veh_26 (at simulation time 149.200,400,000 s)
2024-06-04 00:13:06,364 INFO  - Received CAM message from veh_30 (at simulation time 149.200,900,000 s)
2024-06-04 00:13:06,365 INFO  - Atempting to process queue (at simulation time 149.300,000,000 s)
2024-06-04 00:13:06,365 INFO  - Vehicle is outside the detection area. (at simulation time 149.300,000,000 s)
2024-06-04 00:13:06,365 INFO  - Sent broadcast CAM message to all vehicles (at simulation time 149.300,000,000 s)
2024-06-04 00:13:06,366 INFO  - Received CAM message from veh_26 (at simulation time 149.301,400,000 s)
2024-06-04 00:13:06,366 INFO  - Received CAM message from veh_30 (at simulation time 149.301,900,000 s)
2024-06-04 00:13:06,366 INFO  - Atempting to process queue (at simulation time 149.400,000,000 s)
2024-06-04 00:13:06,366 INFO  - Vehicle is outside the detection area. (at simulation time 149.400,000,000 s)
2024-06-04 00:13:06,366 INFO  - Sent broadcast CAM message to all vehicles (at simulation time 149.400,000,000 s)
2024-06-04 00:13:06,367 INFO  - Received CAM message from veh_30 (at simulation time 149.400,900,000 s)
2024-06-04 00:13:06,368 INFO  - Received CAM message from veh_26 (at simulation time 149.401,900,000 s)
2024-06-04 00:13:06,368 INFO  - Atempting to process queue (at simulation time 149.500,000,000 s)
2024-06-04 00:13:06,368 INFO  - Vehicle is outside the detection area. (at simulation time 149.500,000,000 s)
2024-06-04 00:13:06,368 INFO  - Sent broadcast CAM message to all vehicles (at simulation time 149.500,000,000 s)
2024-06-04 00:13:06,369 INFO  - Received CAM message from veh_30 (at simulation time 149.501,400,000 s)
2024-06-04 00:13:06,369 INFO  - Received CAM message from veh_26 (at simulation time 149.501,400,000 s)
2024-06-04 00:13:06,370 INFO  - Atempting to process queue (at simulation time 149.600,000,000 s)
2024-06-04 00:13:06,370 INFO  - Vehicle is outside the detection area. (at simulation time 149.600,000,000 s)
2024-06-04 00:13:06,370 INFO  - Sent broadcast CAM message to all vehicles (at simulation time 149.600,000,000 s)
2024-06-04 00:13:06,371 INFO  - Received CAM message from veh_26 (at simulation time 149.601,400,000 s)
2024-06-04 00:13:06,371 INFO  - Received CAM message from veh_30 (at simulation time 149.601,900,000 s)
2024-06-04 00:13:06,371 INFO  - Atempting to process queue (at simulation time 149.700,000,000 s)
2024-06-04 00:13:06,371 INFO  - Vehicle is outside the detection area. (at simulation time 149.700,000,000 s)
2024-06-04 00:13:06,371 INFO  - Sent broadcast CAM message to all vehicles (at simulation time 149.700,000,000 s)
2024-06-04 00:13:06,372 INFO  - Received CAM message from veh_26 (at simulation time 149.700,900,000 s)
2024-06-04 00:13:06,373 INFO  - Received CAM message from veh_30 (at simulation time 149.701,900,000 s)
2024-06-04 00:13:06,373 INFO  - Atempting to process queue (at simulation time 149.800,000,000 s)
2024-06-04 00:13:06,373 INFO  - Vehicle is outside the detection area. (at simulation time 149.800,000,000 s)
2024-06-04 00:13:06,373 INFO  - Sent broadcast CAM message to all vehicles (at simulation time 149.800,000,000 s)
2024-06-04 00:13:06,374 INFO  - Received CAM message from veh_30 (at simulation time 149.801,900,000 s)
2024-06-04 00:13:06,374 INFO  - Received CAM message from veh_26 (at simulation time 149.801,900,000 s)
2024-06-04 00:13:06,374 INFO  - Atempting to process queue (at simulation time 149.900,000,000 s)
2024-06-04 00:13:06,374 INFO  - Vehicle is outside the detection area. (at simulation time 149.900,000,000 s)
2024-06-04 00:13:06,374 INFO  - Sent broadcast CAM message to all vehicles (at simulation time 149.900,000,000 s)
2024-06-04 00:13:06,375 INFO  - Received CAM message from veh_30 (at simulation time 149.900,400,000 s)
2024-06-04 00:13:06,375 INFO  - Received CAM message from veh_26 (at simulation time 149.901,900,000 s)
2024-06-04 00:13:06,379 INFO  - Atempting to process queue (at simulation time 150.000,000,000 s)
2024-06-04 00:13:06,379 INFO  - Vehicle is outside the detection area. (at simulation time 150.000,000,000 s)
2024-06-04 00:13:06,379 INFO  - Sent broadcast CAM message to all vehicles (at simulation time 150.000,000,000 s)
2024-06-04 00:13:06,380 INFO  - Received CAM message from veh_26 (at simulation time 150.001,400,000 s)
2024-06-04 00:13:06,381 INFO  - Received CAM message from veh_30 (at simulation time 150.001,900,000 s)
2024-06-04 00:13:06,381 INFO  - Atempting to process queue (at simulation time 150.100,000,000 s)
2024-06-04 00:13:06,381 INFO  - Vehicle is outside the detection area. (at simulation time 150.100,000,000 s)
2024-06-04 00:13:06,381 INFO  - Sent broadcast CAM message to all vehicles (at simulation time 150.100,000,000 s)
2024-06-04 00:13:06,382 INFO  - Received CAM message from veh_30 (at simulation time 150.100,900,000 s)
2024-06-04 00:13:06,382 INFO  - Received CAM message from veh_26 (at simulation time 150.100,900,000 s)
2024-06-04 00:13:06,382 INFO  - Atempting to process queue (at simulation time 150.200,000,000 s)
2024-06-04 00:13:06,382 INFO  - Vehicle is outside the detection area. (at simulation time 150.200,000,000 s)
2024-06-04 00:13:06,382 INFO  - Sent broadcast CAM message to all vehicles (at simulation time 150.200,000,000 s)
2024-06-04 00:13:06,383 INFO  - Received CAM message from veh_30 (at simulation time 150.200,400,000 s)
2024-06-04 00:13:06,384 INFO  - Received CAM message from veh_26 (at simulation time 150.202,400,000 s)
2024-06-04 00:13:06,384 INFO  - Atempting to process queue (at simulation time 150.300,000,000 s)
2024-06-04 00:13:06,384 INFO  - Vehicle is outside the detection area. (at simulation time 150.300,000,000 s)
2024-06-04 00:13:06,384 INFO  - Sent broadcast CAM message to all vehicles (at simulation time 150.300,000,000 s)
2024-06-04 00:13:06,385 INFO  - Received CAM message from veh_26 (at simulation time 150.300,900,000 s)
2024-06-04 00:13:06,385 INFO  - Received CAM message from veh_30 (at simulation time 150.302,400,000 s)
2024-06-04 00:13:06,385 INFO  - Atempting to process queue (at simulation time 150.400,000,000 s)
2024-06-04 00:13:06,385 INFO  - Vehicle is outside the detection area. (at simulation time 150.400,000,000 s)
2024-06-04 00:13:06,385 INFO  - Sent broadcast CAM message to all vehicles (at simulation time 150.400,000,000 s)
2024-06-04 00:13:06,387 INFO  - Received CAM message from veh_26 (at simulation time 150.401,900,000 s)
2024-06-04 00:13:06,387 INFO  - Received CAM message from veh_30 (at simulation time 150.402,400,000 s)
2024-06-04 00:13:06,387 INFO  - Atempting to process queue (at simulation time 150.500,000,000 s)
2024-06-04 00:13:06,387 INFO  - Vehicle is outside the detection area. (at simulation time 150.500,000,000 s)
2024-06-04 00:13:06,387 INFO  - Sent broadcast CAM message to all vehicles (at simulation time 150.500,000,000 s)
2024-06-04 00:13:06,388 INFO  - Received CAM message from veh_30 (at simulation time 150.500,400,000 s)
2024-06-04 00:13:06,388 INFO  - Received CAM message from veh_26 (at simulation time 150.500,900,000 s)
2024-06-04 00:13:06,389 INFO  - Atempting to process queue (at simulation time 150.600,000,000 s)
2024-06-04 00:13:06,389 INFO  - Vehicle is outside the detection area. (at simulation time 150.600,000,000 s)
2024-06-04 00:13:06,389 INFO  - Sent broadcast CAM message to all vehicles (at simulation time 150.600,000,000 s)
2024-06-04 00:13:06,389 INFO  - Received CAM message from veh_26 (at simulation time 150.600,400,000 s)
2024-06-04 00:13:06,390 INFO  - Received CAM message from veh_30 (at simulation time 150.602,400,000 s)
2024-06-04 00:13:06,390 INFO  - Atempting to process queue (at simulation time 150.700,000,000 s)
2024-06-04 00:13:06,390 INFO  - Vehicle is outside the detection area. (at simulation time 150.700,000,000 s)
2024-06-04 00:13:06,391 INFO  - Sent broadcast CAM message to all vehicles (at simulation time 150.700,000,000 s)
2024-06-04 00:13:06,392 INFO  - Received CAM message from veh_26 (at simulation time 150.700,900,000 s)
2024-06-04 00:13:06,392 INFO  - Received CAM message from veh_30 (at simulation time 150.702,400,000 s)
2024-06-04 00:13:06,392 INFO  - Atempting to process queue (at simulation time 150.800,000,000 s)
2024-06-04 00:13:06,392 INFO  - Vehicle is outside the detection area. (at simulation time 150.800,000,000 s)
2024-06-04 00:13:06,392 INFO  - Sent broadcast CAM message to all vehicles (at simulation time 150.800,000,000 s)
2024-06-04 00:13:06,393 INFO  - Received CAM message from veh_30 (at simulation time 150.800,400,000 s)
2024-06-04 00:13:06,393 INFO  - Received CAM message from veh_26 (at simulation time 150.800,400,000 s)
2024-06-04 00:13:06,393 INFO  - Atempting to process queue (at simulation time 150.900,000,000 s)
2024-06-04 00:13:06,393 INFO  - Vehicle is outside the detection area. (at simulation time 150.900,000,000 s)
2024-06-04 00:13:06,393 INFO  - Sent broadcast CAM message to all vehicles (at simulation time 150.900,000,000 s)
2024-06-04 00:13:06,394 INFO  - Received CAM message from veh_26 (at simulation time 150.900,400,000 s)
2024-06-04 00:13:06,395 INFO  - Received CAM message from veh_30 (at simulation time 150.901,900,000 s)
2024-06-04 00:13:06,402 INFO  - Atempting to process queue (at simulation time 151.000,000,000 s)
2024-06-04 00:13:06,402 INFO  - Vehicle is outside the detection area. (at simulation time 151.000,000,000 s)
2024-06-04 00:13:06,402 INFO  - Sent broadcast CAM message to all vehicles (at simulation time 151.000,000,000 s)
2024-06-04 00:13:06,404 INFO  - Received CAM message from veh_30 (at simulation time 151.000,400,000 s)
2024-06-04 00:13:06,404 INFO  - Received CAM message from veh_26 (at simulation time 151.000,400,000 s)
2024-06-04 00:13:06,405 INFO  - Atempting to process queue (at simulation time 151.100,000,000 s)
2024-06-04 00:13:06,405 INFO  - Vehicle is outside the detection area. (at simulation time 151.100,000,000 s)
2024-06-04 00:13:06,405 INFO  - Sent broadcast CAM message to all vehicles (at simulation time 151.100,000,000 s)
2024-06-04 00:13:06,406 INFO  - Received CAM message from veh_30 (at simulation time 151.100,400,000 s)
2024-06-04 00:13:06,406 INFO  - Received CAM message from veh_26 (at simulation time 151.101,400,000 s)
2024-06-04 00:13:06,407 INFO  - Atempting to process queue (at simulation time 151.200,000,000 s)
2024-06-04 00:13:06,407 INFO  - Vehicle is outside the detection area. (at simulation time 151.200,000,000 s)
2024-06-04 00:13:06,407 INFO  - Sent broadcast CAM message to all vehicles (at simulation time 151.200,000,000 s)
2024-06-04 00:13:06,408 INFO  - Received CAM message from veh_26 (at simulation time 151.200,900,000 s)
2024-06-04 00:13:06,409 INFO  - Received CAM message from veh_30 (at simulation time 151.202,400,000 s)
2024-06-04 00:13:06,409 INFO  - Atempting to process queue (at simulation time 151.300,000,000 s)
2024-06-04 00:13:06,409 INFO  - Vehicle is outside the detection area. (at simulation time 151.300,000,000 s)
2024-06-04 00:13:06,409 INFO  - Sent broadcast CAM message to all vehicles (at simulation time 151.300,000,000 s)
2024-06-04 00:13:06,410 INFO  - Received CAM message from veh_30 (at simulation time 151.300,400,000 s)
2024-06-04 00:13:06,411 INFO  - Received CAM message from veh_26 (at simulation time 151.302,400,000 s)
2024-06-04 00:13:06,411 INFO  - Atempting to process queue (at simulation time 151.400,000,000 s)
2024-06-04 00:13:06,411 INFO  - Vehicle is outside the detection area. (at simulation time 151.400,000,000 s)
2024-06-04 00:13:06,411 INFO  - Sent broadcast CAM message to all vehicles (at simulation time 151.400,000,000 s)
2024-06-04 00:13:06,412 INFO  - Received CAM message from veh_30 (at simulation time 151.400,900,000 s)
2024-06-04 00:13:06,412 INFO  - Received CAM message from veh_26 (at simulation time 151.402,400,000 s)
2024-06-04 00:13:06,412 INFO  - Atempting to process queue (at simulation time 151.500,000,000 s)
2024-06-04 00:13:06,412 INFO  - Vehicle is outside the detection area. (at simulation time 151.500,000,000 s)
2024-06-04 00:13:06,412 INFO  - Sent broadcast CAM message to all vehicles (at simulation time 151.500,000,000 s)
2024-06-04 00:13:06,416 INFO  - Received CAM message from veh_30 (at simulation time 151.501,400,000 s)
2024-06-04 00:13:06,416 INFO  - Received CAM message from veh_26 (at simulation time 151.501,400,000 s)
2024-06-04 00:13:06,428 INFO  - Atempting to process queue (at simulation time 151.600,000,000 s)
2024-06-04 00:13:06,428 INFO  - Vehicle is outside the detection area. (at simulation time 151.600,000,000 s)
2024-06-04 00:13:06,428 INFO  - Sent broadcast CAM message to all vehicles (at simulation time 151.600,000,000 s)
2024-06-04 00:13:06,429 INFO  - Received CAM message from veh_26 (at simulation time 151.600,900,000 s)
2024-06-04 00:13:06,430 INFO  - Received CAM message from veh_30 (at simulation time 151.601,900,000 s)
2024-06-04 00:13:06,430 INFO  - Atempting to process queue (at simulation time 151.700,000,000 s)
2024-06-04 00:13:06,430 INFO  - Vehicle is outside the detection area. (at simulation time 151.700,000,000 s)
2024-06-04 00:13:06,430 INFO  - Sent broadcast CAM message to all vehicles (at simulation time 151.700,000,000 s)
2024-06-04 00:13:06,432 INFO  - Received CAM message from veh_30 (at simulation time 151.701,900,000 s)
2024-06-04 00:13:06,432 INFO  - Received CAM message from veh_26 (at simulation time 151.702,400,000 s)
2024-06-04 00:13:06,432 INFO  - Atempting to process queue (at simulation time 151.800,000,000 s)
2024-06-04 00:13:06,432 INFO  - Vehicle is outside the detection area. (at simulation time 151.800,000,000 s)
2024-06-04 00:13:06,432 INFO  - Sent broadcast CAM message to all vehicles (at simulation time 151.800,000,000 s)
2024-06-04 00:13:06,433 INFO  - Received CAM message from veh_30 (at simulation time 151.801,400,000 s)
2024-06-04 00:13:06,434 INFO  - Received CAM message from veh_26 (at simulation time 151.801,900,000 s)
2024-06-04 00:13:06,434 INFO  - Atempting to process queue (at simulation time 151.900,000,000 s)
2024-06-04 00:13:06,434 INFO  - Vehicle is outside the detection area. (at simulation time 151.900,000,000 s)
2024-06-04 00:13:06,434 INFO  - Sent broadcast CAM message to all vehicles (at simulation time 151.900,000,000 s)
2024-06-04 00:13:06,435 INFO  - Received CAM message from veh_26 (at simulation time 151.900,900,000 s)
2024-06-04 00:13:06,436 INFO  - Received CAM message from veh_30 (at simulation time 151.902,400,000 s)
2024-06-04 00:13:06,438 INFO  - Atempting to process queue (at simulation time 152.000,000,000 s)
2024-06-04 00:13:06,438 INFO  - Vehicle is outside the detection area. (at simulation time 152.000,000,000 s)
2024-06-04 00:13:06,438 INFO  - Sent broadcast CAM message to all vehicles (at simulation time 152.000,000,000 s)
2024-06-04 00:13:06,439 INFO  - Received CAM message from veh_26 (at simulation time 152.000,900,000 s)
2024-06-04 00:13:06,440 INFO  - Received CAM message from veh_30 (at simulation time 152.001,900,000 s)
2024-06-04 00:13:06,440 INFO  - Atempting to process queue (at simulation time 152.100,000,000 s)
2024-06-04 00:13:06,440 INFO  - Vehicle is outside the detection area. (at simulation time 152.100,000,000 s)
2024-06-04 00:13:06,440 INFO  - Sent broadcast CAM message to all vehicles (at simulation time 152.100,000,000 s)
2024-06-04 00:13:06,441 INFO  - Received CAM message from veh_30 (at simulation time 152.100,900,000 s)
2024-06-04 00:13:06,441 INFO  - Received CAM message from veh_26 (at simulation time 152.101,400,000 s)
2024-06-04 00:13:06,442 INFO  - Atempting to process queue (at simulation time 152.200,000,000 s)
2024-06-04 00:13:06,442 INFO  - Vehicle is outside the detection area. (at simulation time 152.200,000,000 s)
2024-06-04 00:13:06,442 INFO  - Sent broadcast CAM message to all vehicles (at simulation time 152.200,000,000 s)
2024-06-04 00:13:06,442 INFO  - Received CAM message from veh_26 (at simulation time 152.200,400,000 s)
2024-06-04 00:13:06,443 INFO  - Received CAM message from veh_30 (at simulation time 152.201,400,000 s)
2024-06-04 00:13:06,443 INFO  - Atempting to process queue (at simulation time 152.300,000,000 s)
2024-06-04 00:13:06,443 INFO  - Vehicle is outside the detection area. (at simulation time 152.300,000,000 s)
2024-06-04 00:13:06,443 INFO  - Sent broadcast CAM message to all vehicles (at simulation time 152.300,000,000 s)
2024-06-04 00:13:06,444 INFO  - Received CAM message from veh_26 (at simulation time 152.300,400,000 s)
2024-06-04 00:13:06,445 INFO  - Received CAM message from veh_30 (at simulation time 152.302,400,000 s)
2024-06-04 00:13:06,445 INFO  - Atempting to process queue (at simulation time 152.400,000,000 s)
2024-06-04 00:13:06,445 INFO  - Vehicle is outside the detection area. (at simulation time 152.400,000,000 s)
2024-06-04 00:13:06,445 INFO  - Sent broadcast CAM message to all vehicles (at simulation time 152.400,000,000 s)
2024-06-04 00:13:06,446 INFO  - Received CAM message from veh_26 (at simulation time 152.400,400,000 s)
2024-06-04 00:13:06,447 INFO  - Received CAM message from veh_30 (at simulation time 152.401,900,000 s)
2024-06-04 00:13:06,447 INFO  - Atempting to process queue (at simulation time 152.500,000,000 s)
2024-06-04 00:13:06,447 INFO  - Vehicle is outside the detection area. (at simulation time 152.500,000,000 s)
2024-06-04 00:13:06,447 INFO  - Sent broadcast CAM message to all vehicles (at simulation time 152.500,000,000 s)
2024-06-04 00:13:06,448 INFO  - Received CAM message from veh_30 (at simulation time 152.500,900,000 s)
2024-06-04 00:13:06,448 INFO  - Received CAM message from veh_26 (at simulation time 152.501,400,000 s)
2024-06-04 00:13:06,449 INFO  - Atempting to process queue (at simulation time 152.600,000,000 s)
2024-06-04 00:13:06,449 INFO  - Vehicle is outside the detection area. (at simulation time 152.600,000,000 s)
2024-06-04 00:13:06,449 INFO  - Sent broadcast CAM message to all vehicles (at simulation time 152.600,000,000 s)
2024-06-04 00:13:06,451 INFO  - Received CAM message from veh_26 (at simulation time 152.601,900,000 s)
2024-06-04 00:13:06,451 INFO  - Received CAM message from veh_30 (at simulation time 152.602,400,000 s)
2024-06-04 00:13:06,451 INFO  - Atempting to process queue (at simulation time 152.700,000,000 s)
2024-06-04 00:13:06,451 INFO  - Vehicle is outside the detection area. (at simulation time 152.700,000,000 s)
2024-06-04 00:13:06,451 INFO  - Sent broadcast CAM message to all vehicles (at simulation time 152.700,000,000 s)
2024-06-04 00:13:06,453 INFO  - Received CAM message from veh_30 (at simulation time 152.702,400,000 s)
2024-06-04 00:13:06,453 INFO  - Received CAM message from veh_26 (at simulation time 152.702,400,000 s)
2024-06-04 00:13:06,453 INFO  - Atempting to process queue (at simulation time 152.800,000,000 s)
2024-06-04 00:13:06,453 INFO  - Vehicle is outside the detection area. (at simulation time 152.800,000,000 s)
2024-06-04 00:13:06,453 INFO  - Sent broadcast CAM message to all vehicles (at simulation time 152.800,000,000 s)
2024-06-04 00:13:06,454 INFO  - Received CAM message from veh_26 (at simulation time 152.801,400,000 s)
2024-06-04 00:13:06,455 INFO  - Received CAM message from veh_30 (at simulation time 152.801,900,000 s)
2024-06-04 00:13:06,455 INFO  - Atempting to process queue (at simulation time 152.900,000,000 s)
2024-06-04 00:13:06,455 INFO  - Vehicle is outside the detection area. (at simulation time 152.900,000,000 s)
2024-06-04 00:13:06,455 INFO  - Sent broadcast CAM message to all vehicles (at simulation time 152.900,000,000 s)
2024-06-04 00:13:06,456 INFO  - Received CAM message from veh_30 (at simulation time 152.900,900,000 s)
2024-06-04 00:13:06,456 INFO  - Received CAM message from veh_26 (at simulation time 152.902,400,000 s)
2024-06-04 00:13:06,458 INFO  - Atempting to process queue (at simulation time 153.000,000,000 s)
2024-06-04 00:13:06,458 INFO  - Vehicle is outside the detection area. (at simulation time 153.000,000,000 s)
2024-06-04 00:13:06,458 INFO  - Sent broadcast CAM message to all vehicles (at simulation time 153.000,000,000 s)
2024-06-04 00:13:06,460 INFO  - Received CAM message from veh_30 (at simulation time 153.001,400,000 s)
2024-06-04 00:13:06,460 INFO  - Atempting to process queue (at simulation time 153.100,000,000 s)
2024-06-04 00:13:06,460 INFO  - Vehicle is outside the detection area. (at simulation time 153.100,000,000 s)
2024-06-04 00:13:06,460 INFO  - Sent broadcast CAM message to all vehicles (at simulation time 153.100,000,000 s)
2024-06-04 00:13:06,461 INFO  - Received CAM message from veh_30 (at simulation time 153.101,400,000 s)
2024-06-04 00:13:06,462 INFO  - Atempting to process queue (at simulation time 153.200,000,000 s)
2024-06-04 00:13:06,462 INFO  - Vehicle is outside the detection area. (at simulation time 153.200,000,000 s)
2024-06-04 00:13:06,462 INFO  - Sent broadcast CAM message to all vehicles (at simulation time 153.200,000,000 s)
2024-06-04 00:13:06,463 INFO  - Received CAM message from veh_30 (at simulation time 153.201,900,000 s)
2024-06-04 00:13:06,464 INFO  - Atempting to process queue (at simulation time 153.300,000,000 s)
2024-06-04 00:13:06,464 INFO  - Vehicle is outside the detection area. (at simulation time 153.300,000,000 s)
2024-06-04 00:13:06,464 INFO  - Sent broadcast CAM message to all vehicles (at simulation time 153.300,000,000 s)
2024-06-04 00:13:06,466 INFO  - Received CAM message from veh_30 (at simulation time 153.302,400,000 s)
2024-06-04 00:13:06,466 INFO  - Atempting to process queue (at simulation time 153.400,000,000 s)
2024-06-04 00:13:06,466 INFO  - Vehicle is outside the detection area. (at simulation time 153.400,000,000 s)
2024-06-04 00:13:06,466 INFO  - Sent broadcast CAM message to all vehicles (at simulation time 153.400,000,000 s)
2024-06-04 00:13:06,467 INFO  - Received CAM message from veh_30 (at simulation time 153.400,900,000 s)
2024-06-04 00:13:06,468 INFO  - Atempting to process queue (at simulation time 153.500,000,000 s)
2024-06-04 00:13:06,468 INFO  - Vehicle is outside the detection area. (at simulation time 153.500,000,000 s)
2024-06-04 00:13:06,468 INFO  - Sent broadcast CAM message to all vehicles (at simulation time 153.500,000,000 s)
2024-06-04 00:13:06,469 INFO  - Received CAM message from veh_30 (at simulation time 153.501,900,000 s)
2024-06-04 00:13:06,469 INFO  - Atempting to process queue (at simulation time 153.600,000,000 s)
2024-06-04 00:13:06,469 INFO  - Vehicle is outside the detection area. (at simulation time 153.600,000,000 s)
2024-06-04 00:13:06,469 INFO  - Sent broadcast CAM message to all vehicles (at simulation time 153.600,000,000 s)
2024-06-04 00:13:06,471 INFO  - Received CAM message from veh_30 (at simulation time 153.601,900,000 s)
2024-06-04 00:13:06,471 INFO  - Atempting to process queue (at simulation time 153.700,000,000 s)
2024-06-04 00:13:06,471 INFO  - Vehicle is outside the detection area. (at simulation time 153.700,000,000 s)
2024-06-04 00:13:06,471 INFO  - Sent broadcast CAM message to all vehicles (at simulation time 153.700,000,000 s)
2024-06-04 00:13:06,472 INFO  - Received CAM message from veh_30 (at simulation time 153.701,400,000 s)
2024-06-04 00:13:06,472 INFO  - Atempting to process queue (at simulation time 153.800,000,000 s)
2024-06-04 00:13:06,472 INFO  - Vehicle is outside the detection area. (at simulation time 153.800,000,000 s)
2024-06-04 00:13:06,472 INFO  - Sent broadcast CAM message to all vehicles (at simulation time 153.800,000,000 s)
2024-06-04 00:13:06,474 INFO  - Received CAM message from veh_30 (at simulation time 153.801,400,000 s)
2024-06-04 00:13:06,474 INFO  - Atempting to process queue (at simulation time 153.900,000,000 s)
2024-06-04 00:13:06,474 INFO  - Vehicle is outside the detection area. (at simulation time 153.900,000,000 s)
2024-06-04 00:13:06,474 INFO  - Sent broadcast CAM message to all vehicles (at simulation time 153.900,000,000 s)
2024-06-04 00:13:06,475 INFO  - Received CAM message from veh_30 (at simulation time 153.901,400,000 s)
2024-06-04 00:13:06,477 INFO  - Shutdown application (at simulation time 154.000,000,000 s)
