2024-06-04 00:13:08,637 INFO  - Initialize application (at simulation time 235.000,000,000 s)
2024-06-04 00:13:08,638 INFO  - Activated WLAN Module (at simulation time 235.000,000,000 s)
2024-06-04 00:13:08,638 INFO  - Vehicle is outside the detection area. (at simulation time 235.000,000,000 s)
2024-06-04 00:13:08,638 INFO  - Sent broadcast CAM message to all vehicles (at simulation time 235.000,000,000 s)
2024-06-04 00:13:08,640 INFO  - Vehicle is outside the detection area. (at simulation time 235.100,000,000 s)
2024-06-04 00:13:08,640 INFO  - Sent broadcast CAM message to all vehicles (at simulation time 235.100,000,000 s)
2024-06-04 00:13:08,641 INFO  - Vehicle is outside the detection area. (at simulation time 235.200,000,000 s)
2024-06-04 00:13:08,641 INFO  - Sent broadcast CAM message to all vehicles (at simulation time 235.200,000,000 s)
2024-06-04 00:13:08,642 INFO  - Vehicle is outside the detection area. (at simulation time 235.300,000,000 s)
2024-06-04 00:13:08,642 INFO  - Sent broadcast CAM message to all vehicles (at simulation time 235.300,000,000 s)
2024-06-04 00:13:08,649 INFO  - Vehicle is outside the detection area. (at simulation time 235.400,000,000 s)
2024-06-04 00:13:08,649 INFO  - Sent broadcast CAM message to all vehicles (at simulation time 235.400,000,000 s)
2024-06-04 00:13:08,652 INFO  - Vehicle is outside the detection area. (at simulation time 235.500,000,000 s)
2024-06-04 00:13:08,652 INFO  - Sent broadcast CAM message to all vehicles (at simulation time 235.500,000,000 s)
2024-06-04 00:13:08,654 INFO  - Vehicle is outside the detection area. (at simulation time 235.600,000,000 s)
2024-06-04 00:13:08,654 INFO  - Sent broadcast CAM message to all vehicles (at simulation time 235.600,000,000 s)
2024-06-04 00:13:08,656 INFO  - Vehicle is outside the detection area. (at simulation time 235.700,000,000 s)
2024-06-04 00:13:08,656 INFO  - Sent broadcast CAM message to all vehicles (at simulation time 235.700,000,000 s)
2024-06-04 00:13:08,657 INFO  - Vehicle is outside the detection area. (at simulation time 235.800,000,000 s)
2024-06-04 00:13:08,657 INFO  - Sent broadcast CAM message to all vehicles (at simulation time 235.800,000,000 s)
2024-06-04 00:13:08,658 INFO  - Vehicle is outside the detection area. (at simulation time 235.900,000,000 s)
2024-06-04 00:13:08,658 INFO  - Sent broadcast CAM message to all vehicles (at simulation time 235.900,000,000 s)
2024-06-04 00:13:08,661 INFO  - Vehicle is outside the detection area. (at simulation time 236.000,000,000 s)
2024-06-04 00:13:08,661 INFO  - Sent broadcast CAM message to all vehicles (at simulation time 236.000,000,000 s)
2024-06-04 00:13:08,663 INFO  - Vehicle is outside the detection area. (at simulation time 236.100,000,000 s)
2024-06-04 00:13:08,663 INFO  - Sent broadcast CAM message to all vehicles (at simulation time 236.100,000,000 s)
2024-06-04 00:13:08,664 INFO  - Vehicle is outside the detection area. (at simulation time 236.200,000,000 s)
2024-06-04 00:13:08,664 INFO  - Sent broadcast CAM message to all vehicles (at simulation time 236.200,000,000 s)
2024-06-04 00:13:08,667 INFO  - Vehicle is outside the detection area. (at simulation time 236.300,000,000 s)
2024-06-04 00:13:08,667 INFO  - Sent broadcast CAM message to all vehicles (at simulation time 236.300,000,000 s)
2024-06-04 00:13:08,670 INFO  - Vehicle is outside the detection area. (at simulation time 236.400,000,000 s)
2024-06-04 00:13:08,670 INFO  - Sent broadcast CAM message to all vehicles (at simulation time 236.400,000,000 s)
2024-06-04 00:13:08,671 INFO  - Vehicle is outside the detection area. (at simulation time 236.500,000,000 s)
2024-06-04 00:13:08,671 INFO  - Sent broadcast CAM message to all vehicles (at simulation time 236.500,000,000 s)
2024-06-04 00:13:08,673 INFO  - Vehicle is outside the detection area. (at simulation time 236.600,000,000 s)
2024-06-04 00:13:08,673 INFO  - Sent broadcast CAM message to all vehicles (at simulation time 236.600,000,000 s)
2024-06-04 00:13:08,674 INFO  - Vehicle is outside the detection area. (at simulation time 236.700,000,000 s)
2024-06-04 00:13:08,674 INFO  - Sent broadcast CAM message to all vehicles (at simulation time 236.700,000,000 s)
2024-06-04 00:13:08,676 INFO  - Vehicle is outside the detection area. (at simulation time 236.800,000,000 s)
2024-06-04 00:13:08,676 INFO  - Sent broadcast CAM message to all vehicles (at simulation time 236.800,000,000 s)
2024-06-04 00:13:08,677 INFO  - Vehicle is outside the detection area. (at simulation time 236.900,000,000 s)
2024-06-04 00:13:08,677 INFO  - Sent broadcast CAM message to all vehicles (at simulation time 236.900,000,000 s)
2024-06-04 00:13:08,681 INFO  - Vehicle is inside the detection area. (at simulation time 237.000,000,000 s)
2024-06-04 00:13:08,681 INFO  - Vehicle is too far away from the traffic light. (at simulation time 237.000,000,000 s)
2024-06-04 00:13:08,681 INFO  - No vehicles in range. (at simulation time 237.000,000,000 s)
2024-06-04 00:13:08,681 INFO  - Neither the RSU nor any vehicle is in range. (at simulation time 237.000,000,000 s)
2024-06-04 00:13:08,681 INFO  - Sent broadcast CAM message to all vehicles (at simulation time 237.000,000,000 s)
2024-06-04 00:13:08,685 INFO  - Vehicle is inside the detection area. (at simulation time 237.100,000,000 s)
2024-06-04 00:13:08,685 INFO  - Vehicle is too far away from the traffic light. (at simulation time 237.100,000,000 s)
2024-06-04 00:13:08,685 INFO  - No vehicles in range. (at simulation time 237.100,000,000 s)
2024-06-04 00:13:08,685 INFO  - Neither the RSU nor any vehicle is in range. (at simulation time 237.100,000,000 s)
2024-06-04 00:13:08,685 INFO  - Sent broadcast CAM message to all vehicles (at simulation time 237.100,000,000 s)
2024-06-04 00:13:08,687 INFO  - Vehicle is inside the detection area. (at simulation time 237.200,000,000 s)
2024-06-04 00:13:08,687 INFO  - Vehicle is too far away from the traffic light. (at simulation time 237.200,000,000 s)
2024-06-04 00:13:08,687 INFO  - No vehicles in range. (at simulation time 237.200,000,000 s)
2024-06-04 00:13:08,687 INFO  - Neither the RSU nor any vehicle is in range. (at simulation time 237.200,000,000 s)
2024-06-04 00:13:08,687 INFO  - Sent broadcast CAM message to all vehicles (at simulation time 237.200,000,000 s)
2024-06-04 00:13:08,689 INFO  - Vehicle is inside the detection area. (at simulation time 237.300,000,000 s)
2024-06-04 00:13:08,689 INFO  - Vehicle is too far away from the traffic light. (at simulation time 237.300,000,000 s)
2024-06-04 00:13:08,689 INFO  - No vehicles in range. (at simulation time 237.300,000,000 s)
2024-06-04 00:13:08,689 INFO  - Neither the RSU nor any vehicle is in range. (at simulation time 237.300,000,000 s)
2024-06-04 00:13:08,689 INFO  - Sent broadcast CAM message to all vehicles (at simulation time 237.300,000,000 s)
2024-06-04 00:13:08,690 INFO  - Vehicle is inside the detection area. (at simulation time 237.400,000,000 s)
2024-06-04 00:13:08,690 INFO  - Vehicle is too far away from the traffic light. (at simulation time 237.400,000,000 s)
2024-06-04 00:13:08,690 INFO  - No vehicles in range. (at simulation time 237.400,000,000 s)
2024-06-04 00:13:08,690 INFO  - Neither the RSU nor any vehicle is in range. (at simulation time 237.400,000,000 s)
2024-06-04 00:13:08,690 INFO  - Sent broadcast CAM message to all vehicles (at simulation time 237.400,000,000 s)
2024-06-04 00:13:08,691 INFO  - Vehicle is inside the detection area. (at simulation time 237.500,000,000 s)
2024-06-04 00:13:08,691 INFO  - Vehicle is too far away from the traffic light. (at simulation time 237.500,000,000 s)
2024-06-04 00:13:08,691 INFO  - No vehicles in range. (at simulation time 237.500,000,000 s)
2024-06-04 00:13:08,691 INFO  - Neither the RSU nor any vehicle is in range. (at simulation time 237.500,000,000 s)
2024-06-04 00:13:08,691 INFO  - Sent broadcast CAM message to all vehicles (at simulation time 237.500,000,000 s)
2024-06-04 00:13:08,692 INFO  - Vehicle is inside the detection area. (at simulation time 237.600,000,000 s)
2024-06-04 00:13:08,692 INFO  - Vehicle is too far away from the traffic light. (at simulation time 237.600,000,000 s)
2024-06-04 00:13:08,692 INFO  - No vehicles in range. (at simulation time 237.600,000,000 s)
2024-06-04 00:13:08,692 INFO  - Neither the RSU nor any vehicle is in range. (at simulation time 237.600,000,000 s)
2024-06-04 00:13:08,692 INFO  - Sent broadcast CAM message to all vehicles (at simulation time 237.600,000,000 s)
2024-06-04 00:13:08,694 INFO  - Vehicle is inside the detection area. (at simulation time 237.700,000,000 s)
2024-06-04 00:13:08,694 INFO  - Vehicle is too far away from the traffic light. (at simulation time 237.700,000,000 s)
2024-06-04 00:13:08,694 INFO  - No vehicles in range. (at simulation time 237.700,000,000 s)
2024-06-04 00:13:08,694 INFO  - Neither the RSU nor any vehicle is in range. (at simulation time 237.700,000,000 s)
2024-06-04 00:13:08,694 INFO  - Sent broadcast CAM message to all vehicles (at simulation time 237.700,000,000 s)
2024-06-04 00:13:08,695 INFO  - Vehicle is inside the detection area. (at simulation time 237.800,000,000 s)
2024-06-04 00:13:08,695 INFO  - Vehicle is too far away from the traffic light. (at simulation time 237.800,000,000 s)
2024-06-04 00:13:08,695 INFO  - No vehicles in range. (at simulation time 237.800,000,000 s)
2024-06-04 00:13:08,695 INFO  - Neither the RSU nor any vehicle is in range. (at simulation time 237.800,000,000 s)
2024-06-04 00:13:08,695 INFO  - Sent broadcast CAM message to all vehicles (at simulation time 237.800,000,000 s)
2024-06-04 00:13:08,696 INFO  - Vehicle is inside the detection area. (at simulation time 237.900,000,000 s)
2024-06-04 00:13:08,696 INFO  - Vehicle is too far away from the traffic light. (at simulation time 237.900,000,000 s)
2024-06-04 00:13:08,696 INFO  - No vehicles in range. (at simulation time 237.900,000,000 s)
2024-06-04 00:13:08,696 INFO  - Neither the RSU nor any vehicle is in range. (at simulation time 237.900,000,000 s)
2024-06-04 00:13:08,696 INFO  - Sent broadcast CAM message to all vehicles (at simulation time 237.900,000,000 s)
2024-06-04 00:13:08,701 INFO  - Vehicle is inside the detection area. (at simulation time 238.000,000,000 s)
2024-06-04 00:13:08,701 INFO  - Vehicle is too far away from the traffic light. (at simulation time 238.000,000,000 s)
2024-06-04 00:13:08,701 INFO  - No vehicles in range. (at simulation time 238.000,000,000 s)
2024-06-04 00:13:08,701 INFO  - Neither the RSU nor any vehicle is in range. (at simulation time 238.000,000,000 s)
2024-06-04 00:13:08,701 INFO  - Sent broadcast CAM message to all vehicles (at simulation time 238.000,000,000 s)
2024-06-04 00:13:08,705 INFO  - Vehicle is inside the detection area. (at simulation time 238.100,000,000 s)
2024-06-04 00:13:08,705 INFO  - Vehicle is too far away from the traffic light. (at simulation time 238.100,000,000 s)
2024-06-04 00:13:08,705 INFO  - No vehicles in range. (at simulation time 238.100,000,000 s)
2024-06-04 00:13:08,705 INFO  - Neither the RSU nor any vehicle is in range. (at simulation time 238.100,000,000 s)
2024-06-04 00:13:08,705 INFO  - Sent broadcast CAM message to all vehicles (at simulation time 238.100,000,000 s)
2024-06-04 00:13:08,706 INFO  - Vehicle is inside the detection area. (at simulation time 238.200,000,000 s)
2024-06-04 00:13:08,707 INFO  - Vehicle is too far away from the traffic light. (at simulation time 238.200,000,000 s)
2024-06-04 00:13:08,707 INFO  - No vehicles in range. (at simulation time 238.200,000,000 s)
2024-06-04 00:13:08,707 INFO  - Neither the RSU nor any vehicle is in range. (at simulation time 238.200,000,000 s)
2024-06-04 00:13:08,707 INFO  - Sent broadcast CAM message to all vehicles (at simulation time 238.200,000,000 s)
2024-06-04 00:13:08,709 INFO  - Vehicle is inside the detection area. (at simulation time 238.300,000,000 s)
2024-06-04 00:13:08,709 INFO  - Vehicle is too far away from the traffic light. (at simulation time 238.300,000,000 s)
2024-06-04 00:13:08,709 INFO  - No vehicles in range. (at simulation time 238.300,000,000 s)
2024-06-04 00:13:08,709 INFO  - Neither the RSU nor any vehicle is in range. (at simulation time 238.300,000,000 s)
2024-06-04 00:13:08,709 INFO  - Sent broadcast CAM message to all vehicles (at simulation time 238.300,000,000 s)
2024-06-04 00:13:08,710 INFO  - Vehicle is inside the detection area. (at simulation time 238.400,000,000 s)
2024-06-04 00:13:08,710 INFO  - Vehicle is too far away from the traffic light. (at simulation time 238.400,000,000 s)
2024-06-04 00:13:08,710 INFO  - No vehicles in range. (at simulation time 238.400,000,000 s)
2024-06-04 00:13:08,710 INFO  - Neither the RSU nor any vehicle is in range. (at simulation time 238.400,000,000 s)
2024-06-04 00:13:08,710 INFO  - Sent broadcast CAM message to all vehicles (at simulation time 238.400,000,000 s)
2024-06-04 00:13:08,711 INFO  - Vehicle is inside the detection area. (at simulation time 238.500,000,000 s)
2024-06-04 00:13:08,711 INFO  - Vehicle is too far away from the traffic light. (at simulation time 238.500,000,000 s)
2024-06-04 00:13:08,711 INFO  - No vehicles in range. (at simulation time 238.500,000,000 s)
2024-06-04 00:13:08,711 INFO  - Neither the RSU nor any vehicle is in range. (at simulation time 238.500,000,000 s)
2024-06-04 00:13:08,711 INFO  - Sent broadcast CAM message to all vehicles (at simulation time 238.500,000,000 s)
2024-06-04 00:13:08,712 INFO  - Vehicle is inside the detection area. (at simulation time 238.600,000,000 s)
2024-06-04 00:13:08,712 INFO  - Vehicle is too far away from the traffic light. (at simulation time 238.600,000,000 s)
2024-06-04 00:13:08,712 INFO  - No vehicles in range. (at simulation time 238.600,000,000 s)
2024-06-04 00:13:08,712 INFO  - Neither the RSU nor any vehicle is in range. (at simulation time 238.600,000,000 s)
2024-06-04 00:13:08,712 INFO  - Sent broadcast CAM message to all vehicles (at simulation time 238.600,000,000 s)
2024-06-04 00:13:08,714 INFO  - Vehicle is inside the detection area. (at simulation time 238.700,000,000 s)
2024-06-04 00:13:08,714 INFO  - Vehicle is too far away from the traffic light. (at simulation time 238.700,000,000 s)
2024-06-04 00:13:08,714 INFO  - No vehicles in range. (at simulation time 238.700,000,000 s)
2024-06-04 00:13:08,714 INFO  - Neither the RSU nor any vehicle is in range. (at simulation time 238.700,000,000 s)
2024-06-04 00:13:08,714 INFO  - Sent broadcast CAM message to all vehicles (at simulation time 238.700,000,000 s)
2024-06-04 00:13:08,717 INFO  - Vehicle is inside the detection area. (at simulation time 238.800,000,000 s)
2024-06-04 00:13:08,717 INFO  - Vehicle is too far away from the traffic light. (at simulation time 238.800,000,000 s)
2024-06-04 00:13:08,717 INFO  - No vehicles in range. (at simulation time 238.800,000,000 s)
2024-06-04 00:13:08,717 INFO  - Neither the RSU nor any vehicle is in range. (at simulation time 238.800,000,000 s)
2024-06-04 00:13:08,717 INFO  - Sent broadcast CAM message to all vehicles (at simulation time 238.800,000,000 s)
2024-06-04 00:13:08,719 INFO  - Vehicle is inside the detection area. (at simulation time 238.900,000,000 s)
2024-06-04 00:13:08,719 INFO  - Vehicle is too far away from the traffic light. (at simulation time 238.900,000,000 s)
2024-06-04 00:13:08,719 INFO  - No vehicles in range. (at simulation time 238.900,000,000 s)
2024-06-04 00:13:08,719 INFO  - Neither the RSU nor any vehicle is in range. (at simulation time 238.900,000,000 s)
2024-06-04 00:13:08,719 INFO  - Sent broadcast CAM message to all vehicles (at simulation time 238.900,000,000 s)
2024-06-04 00:13:08,724 INFO  - Atempting to process queue (at simulation time 239.000,000,000 s)
2024-06-04 00:13:08,724 INFO  - Vehicle is inside the detection area. (at simulation time 239.000,000,000 s)
2024-06-04 00:13:08,724 INFO  - Sent Detection message to rsu_0 (at simulation time 239.000,000,000 s)
2024-06-04 00:13:08,724 INFO  - Sent broadcast CAM message to all vehicles (at simulation time 239.000,000,000 s)
2024-06-04 00:13:08,725 INFO  - Received CAM message from veh_74 (at simulation time 239.000,400,000 s)
2024-06-04 00:13:08,726 INFO  - Received CAM message from veh_96 (at simulation time 239.001,400,000 s)
2024-06-04 00:13:08,726 INFO  - Received CAM message from veh_70 (at simulation time 239.001,900,000 s)
2024-06-04 00:13:08,726 INFO  - Atempting to process queue (at simulation time 239.100,000,000 s)
2024-06-04 00:13:08,726 INFO  - Vehicle is inside the detection area. (at simulation time 239.100,000,000 s)
2024-06-04 00:13:08,726 INFO  - Sent Detection message to rsu_0 (at simulation time 239.100,000,000 s)
2024-06-04 00:13:08,726 INFO  - Sent broadcast CAM message to all vehicles (at simulation time 239.100,000,000 s)
2024-06-04 00:13:08,727 INFO  - Received CAM message from veh_96 (at simulation time 239.100,400,000 s)
2024-06-04 00:13:08,727 INFO  - Received CAM message from veh_74 (at simulation time 239.100,900,000 s)
2024-06-04 00:13:08,727 INFO  - Received CAM message from veh_70 (at simulation time 239.101,400,000 s)
2024-06-04 00:13:08,727 INFO  - Atempting to process queue (at simulation time 239.200,000,000 s)
2024-06-04 00:13:08,727 INFO  - Vehicle is inside the detection area. (at simulation time 239.200,000,000 s)
2024-06-04 00:13:08,727 INFO  - Sent Detection message to rsu_0 (at simulation time 239.200,000,000 s)
2024-06-04 00:13:08,727 INFO  - Sent broadcast CAM message to all vehicles (at simulation time 239.200,000,000 s)
2024-06-04 00:13:08,728 INFO  - Received CAM message from veh_70 (at simulation time 239.200,400,000 s)
2024-06-04 00:13:08,729 INFO  - Received CAM message from veh_74 (at simulation time 239.201,400,000 s)
2024-06-04 00:13:08,729 INFO  - Received CAM message from veh_96 (at simulation time 239.202,400,000 s)
2024-06-04 00:13:08,729 INFO  - Atempting to process queue (at simulation time 239.300,000,000 s)
2024-06-04 00:13:08,729 INFO  - Vehicle is inside the detection area. (at simulation time 239.300,000,000 s)
2024-06-04 00:13:08,729 INFO  - Sent Detection message to rsu_0 (at simulation time 239.300,000,000 s)
2024-06-04 00:13:08,729 INFO  - Sent broadcast CAM message to all vehicles (at simulation time 239.300,000,000 s)
2024-06-04 00:13:08,730 INFO  - Received CAM message from veh_74 (at simulation time 239.300,900,000 s)
2024-06-04 00:13:08,730 INFO  - Received CAM message from veh_96 (at simulation time 239.301,900,000 s)
2024-06-04 00:13:08,730 INFO  - Received CAM message from veh_70 (at simulation time 239.301,900,000 s)
2024-06-04 00:13:08,731 INFO  - Atempting to process queue (at simulation time 239.400,000,000 s)
2024-06-04 00:13:08,731 INFO  - Vehicle is inside the detection area. (at simulation time 239.400,000,000 s)
2024-06-04 00:13:08,731 INFO  - Sent Detection message to rsu_0 (at simulation time 239.400,000,000 s)
2024-06-04 00:13:08,731 INFO  - Sent broadcast CAM message to all vehicles (at simulation time 239.400,000,000 s)
2024-06-04 00:13:08,732 INFO  - Received CAM message from veh_96 (at simulation time 239.400,400,000 s)
2024-06-04 00:13:08,732 INFO  - Received CAM message from veh_74 (at simulation time 239.400,900,000 s)
2024-06-04 00:13:08,733 INFO  - Received CAM message from veh_70 (at simulation time 239.402,400,000 s)
2024-06-04 00:13:08,734 INFO  - Atempting to process queue (at simulation time 239.500,000,000 s)
2024-06-04 00:13:08,734 INFO  - Vehicle is inside the detection area. (at simulation time 239.500,000,000 s)
2024-06-04 00:13:08,734 INFO  - Sent Detection message to rsu_0 (at simulation time 239.500,000,000 s)
2024-06-04 00:13:08,734 INFO  - Sent broadcast CAM message to all vehicles (at simulation time 239.500,000,000 s)
2024-06-04 00:13:08,735 INFO  - Received CAM message from veh_70 (at simulation time 239.500,900,000 s)
2024-06-04 00:13:08,736 INFO  - Received CAM message from veh_96 (at simulation time 239.502,400,000 s)
2024-06-04 00:13:08,736 INFO  - Received CAM message from veh_74 (at simulation time 239.502,400,000 s)
2024-06-04 00:13:08,736 INFO  - Atempting to process queue (at simulation time 239.600,000,000 s)
2024-06-04 00:13:08,736 INFO  - Vehicle is inside the detection area. (at simulation time 239.600,000,000 s)
2024-06-04 00:13:08,736 INFO  - Sent Detection message to rsu_0 (at simulation time 239.600,000,000 s)
2024-06-04 00:13:08,736 INFO  - Sent broadcast CAM message to all vehicles (at simulation time 239.600,000,000 s)
2024-06-04 00:13:08,737 INFO  - Received CAM message from veh_96 (at simulation time 239.600,900,000 s)
2024-06-04 00:13:08,737 INFO  - Received CAM message from veh_70 (at simulation time 239.600,900,000 s)
2024-06-04 00:13:08,737 INFO  - Received CAM message from veh_74 (at simulation time 239.601,400,000 s)
2024-06-04 00:13:08,738 INFO  - Atempting to process queue (at simulation time 239.700,000,000 s)
2024-06-04 00:13:08,738 INFO  - Vehicle is inside the detection area. (at simulation time 239.700,000,000 s)
2024-06-04 00:13:08,738 INFO  - Sent Detection message to rsu_0 (at simulation time 239.700,000,000 s)
2024-06-04 00:13:08,738 INFO  - Sent broadcast CAM message to all vehicles (at simulation time 239.700,000,000 s)
2024-06-04 00:13:08,740 INFO  - Received CAM message from veh_70 (at simulation time 239.700,400,000 s)
2024-06-04 00:13:08,740 INFO  - Received CAM message from veh_96 (at simulation time 239.700,900,000 s)
2024-06-04 00:13:08,740 INFO  - Received CAM message from veh_74 (at simulation time 239.700,900,000 s)
2024-06-04 00:13:08,740 INFO  - Atempting to process queue (at simulation time 239.800,000,000 s)
2024-06-04 00:13:08,740 INFO  - Vehicle is inside the detection area. (at simulation time 239.800,000,000 s)
2024-06-04 00:13:08,740 INFO  - Sent Detection message to rsu_0 (at simulation time 239.800,000,000 s)
2024-06-04 00:13:08,740 INFO  - Sent broadcast CAM message to all vehicles (at simulation time 239.800,000,000 s)
2024-06-04 00:13:08,741 INFO  - Received CAM message from veh_96 (at simulation time 239.800,900,000 s)
2024-06-04 00:13:08,742 INFO  - Received CAM message from veh_70 (at simulation time 239.801,900,000 s)
2024-06-04 00:13:08,742 INFO  - Received CAM message from veh_74 (at simulation time 239.802,400,000 s)
2024-06-04 00:13:08,742 INFO  - Atempting to process queue (at simulation time 239.900,000,000 s)
2024-06-04 00:13:08,742 INFO  - Vehicle is inside the detection area. (at simulation time 239.900,000,000 s)
2024-06-04 00:13:08,742 INFO  - Sent Detection message to rsu_0 (at simulation time 239.900,000,000 s)
2024-06-04 00:13:08,742 INFO  - Sent broadcast CAM message to all vehicles (at simulation time 239.900,000,000 s)
2024-06-04 00:13:08,742 INFO  - Received CAM message from veh_96 (at simulation time 239.900,900,000 s)
2024-06-04 00:13:08,743 INFO  - Received CAM message from veh_74 (at simulation time 239.901,400,000 s)
2024-06-04 00:13:08,743 INFO  - Received CAM message from veh_70 (at simulation time 239.901,900,000 s)
2024-06-04 00:13:08,745 INFO  - Atempting to process queue (at simulation time 240.000,000,000 s)
2024-06-04 00:13:08,745 INFO  - Vehicle is inside the detection area. (at simulation time 240.000,000,000 s)
2024-06-04 00:13:08,745 INFO  - Sent Detection message to rsu_0 (at simulation time 240.000,000,000 s)
2024-06-04 00:13:08,745 INFO  - Sent broadcast CAM message to all vehicles (at simulation time 240.000,000,000 s)
2024-06-04 00:13:08,749 INFO  - Received CAM message from veh_78 (at simulation time 240.000,900,000 s)
2024-06-04 00:13:08,749 INFO  - Received CAM message from veh_74 (at simulation time 240.000,900,000 s)
2024-06-04 00:13:08,749 INFO  - Received CAM message from veh_70 (at simulation time 240.000,900,000 s)
2024-06-04 00:13:08,750 INFO  - Received CAM message from veh_99 (at simulation time 240.001,900,000 s)
2024-06-04 00:13:08,750 INFO  - Received CAM message from veh_96 (at simulation time 240.002,400,000 s)
2024-06-04 00:13:08,750 INFO  - Atempting to process queue (at simulation time 240.100,000,000 s)
2024-06-04 00:13:08,750 INFO  - Vehicle is inside the detection area. (at simulation time 240.100,000,000 s)
2024-06-04 00:13:08,750 INFO  - Sent Detection message to rsu_0 (at simulation time 240.100,000,000 s)
2024-06-04 00:13:08,750 INFO  - Sent broadcast CAM message to all vehicles (at simulation time 240.100,000,000 s)
2024-06-04 00:13:08,752 INFO  - Received CAM message from veh_70 (at simulation time 240.100,400,000 s)
2024-06-04 00:13:08,753 INFO  - Received CAM message from veh_96 (at simulation time 240.101,400,000 s)
2024-06-04 00:13:08,753 INFO  - Received CAM message from veh_99 (at simulation time 240.102,400,000 s)
2024-06-04 00:13:08,753 INFO  - Received CAM message from veh_78 (at simulation time 240.102,400,000 s)
2024-06-04 00:13:08,753 INFO  - Received CAM message from veh_74 (at simulation time 240.102,400,000 s)
2024-06-04 00:13:08,753 INFO  - Atempting to process queue (at simulation time 240.200,000,000 s)
2024-06-04 00:13:08,753 INFO  - Vehicle is inside the detection area. (at simulation time 240.200,000,000 s)
2024-06-04 00:13:08,753 INFO  - Sent Detection message to rsu_0 (at simulation time 240.200,000,000 s)
2024-06-04 00:13:08,753 INFO  - Sent broadcast CAM message to all vehicles (at simulation time 240.200,000,000 s)
2024-06-04 00:13:08,755 INFO  - Received CAM message from veh_96 (at simulation time 240.200,400,000 s)
2024-06-04 00:13:08,755 INFO  - Received CAM message from veh_78 (at simulation time 240.200,400,000 s)
2024-06-04 00:13:08,756 INFO  - Received CAM message from veh_74 (at simulation time 240.200,900,000 s)
2024-06-04 00:13:08,756 INFO  - Received CAM message from veh_70 (at simulation time 240.201,400,000 s)
2024-06-04 00:13:08,757 INFO  - Received CAM message from veh_99 (at simulation time 240.202,400,000 s)
2024-06-04 00:13:08,757 INFO  - Atempting to process queue (at simulation time 240.300,000,000 s)
2024-06-04 00:13:08,757 INFO  - Vehicle is inside the detection area. (at simulation time 240.300,000,000 s)
2024-06-04 00:13:08,757 INFO  - Sent Detection message to rsu_0 (at simulation time 240.300,000,000 s)
2024-06-04 00:13:08,757 INFO  - Sent broadcast CAM message to all vehicles (at simulation time 240.300,000,000 s)
2024-06-04 00:13:08,758 INFO  - Received CAM message from veh_99 (at simulation time 240.300,400,000 s)
2024-06-04 00:13:08,758 INFO  - Received CAM message from veh_70 (at simulation time 240.300,400,000 s)
2024-06-04 00:13:08,758 INFO  - Received CAM message from veh_78 (at simulation time 240.300,900,000 s)
2024-06-04 00:13:08,758 INFO  - Received CAM message from veh_74 (at simulation time 240.301,400,000 s)
2024-06-04 00:13:08,758 INFO  - Received CAM message from veh_96 (at simulation time 240.301,900,000 s)
2024-06-04 00:13:08,759 INFO  - Atempting to process queue (at simulation time 240.400,000,000 s)
2024-06-04 00:13:08,759 INFO  - Vehicle is inside the detection area. (at simulation time 240.400,000,000 s)
2024-06-04 00:13:08,759 INFO  - Sent Detection message to rsu_0 (at simulation time 240.400,000,000 s)
2024-06-04 00:13:08,759 INFO  - Sent broadcast CAM message to all vehicles (at simulation time 240.400,000,000 s)
2024-06-04 00:13:08,759 INFO  - Received CAM message from veh_99 (at simulation time 240.400,400,000 s)
2024-06-04 00:13:08,759 INFO  - Received CAM message from veh_96 (at simulation time 240.400,400,000 s)
2024-06-04 00:13:08,759 INFO  - Received CAM message from veh_74 (at simulation time 240.400,900,000 s)
2024-06-04 00:13:08,760 INFO  - Received CAM message from veh_78 (at simulation time 240.401,400,000 s)
2024-06-04 00:13:08,760 INFO  - Received CAM message from veh_70 (at simulation time 240.401,400,000 s)
2024-06-04 00:13:08,761 INFO  - Atempting to process queue (at simulation time 240.500,000,000 s)
2024-06-04 00:13:08,761 INFO  - Vehicle is inside the detection area. (at simulation time 240.500,000,000 s)
2024-06-04 00:13:08,761 INFO  - Sent Detection message to rsu_0 (at simulation time 240.500,000,000 s)
2024-06-04 00:13:08,761 INFO  - Sent broadcast CAM message to all vehicles (at simulation time 240.500,000,000 s)
2024-06-04 00:13:08,762 INFO  - Received CAM message from veh_70 (at simulation time 240.500,900,000 s)
2024-06-04 00:13:08,762 INFO  - Received CAM message from veh_99 (at simulation time 240.501,400,000 s)
2024-06-04 00:13:08,762 INFO  - Received CAM message from veh_96 (at simulation time 240.501,400,000 s)
2024-06-04 00:13:08,762 INFO  - Received CAM message from veh_78 (at simulation time 240.501,400,000 s)
2024-06-04 00:13:08,762 INFO  - Received CAM message from veh_74 (at simulation time 240.502,400,000 s)
2024-06-04 00:13:08,762 INFO  - Atempting to process queue (at simulation time 240.600,000,000 s)
2024-06-04 00:13:08,762 INFO  - Vehicle is inside the detection area. (at simulation time 240.600,000,000 s)
2024-06-04 00:13:08,762 INFO  - Sent Detection message to rsu_0 (at simulation time 240.600,000,000 s)
2024-06-04 00:13:08,762 INFO  - Sent broadcast CAM message to all vehicles (at simulation time 240.600,000,000 s)
2024-06-04 00:13:08,764 INFO  - Received CAM message from veh_99 (at simulation time 240.600,900,000 s)
2024-06-04 00:13:08,764 INFO  - Received CAM message from veh_70 (at simulation time 240.601,400,000 s)
2024-06-04 00:13:08,764 INFO  - Received CAM message from veh_96 (at simulation time 240.601,900,000 s)
2024-06-04 00:13:08,764 INFO  - Received CAM message from veh_78 (at simulation time 240.601,900,000 s)
2024-06-04 00:13:08,765 INFO  - Received CAM message from veh_74 (at simulation time 240.602,400,000 s)
2024-06-04 00:13:08,765 INFO  - Atempting to process queue (at simulation time 240.700,000,000 s)
2024-06-04 00:13:08,765 INFO  - Vehicle is inside the detection area. (at simulation time 240.700,000,000 s)
2024-06-04 00:13:08,765 INFO  - Sent Detection message to rsu_0 (at simulation time 240.700,000,000 s)
2024-06-04 00:13:08,765 INFO  - Sent broadcast CAM message to all vehicles (at simulation time 240.700,000,000 s)
2024-06-04 00:13:08,768 INFO  - Received CAM message from veh_78 (at simulation time 240.701,400,000 s)
2024-06-04 00:13:08,768 INFO  - Received CAM message from veh_70 (at simulation time 240.701,400,000 s)
2024-06-04 00:13:08,768 INFO  - Received CAM message from veh_99 (at simulation time 240.701,900,000 s)
2024-06-04 00:13:08,768 INFO  - Received CAM message from veh_74 (at simulation time 240.701,900,000 s)
2024-06-04 00:13:08,768 INFO  - Received CAM message from veh_96 (at simulation time 240.702,400,000 s)
2024-06-04 00:13:08,768 INFO  - Atempting to process queue (at simulation time 240.800,000,000 s)
2024-06-04 00:13:08,768 INFO  - Vehicle is inside the detection area. (at simulation time 240.800,000,000 s)
2024-06-04 00:13:08,768 INFO  - Sent Detection message to rsu_0 (at simulation time 240.800,000,000 s)
2024-06-04 00:13:08,768 INFO  - Sent broadcast CAM message to all vehicles (at simulation time 240.800,000,000 s)
2024-06-04 00:13:08,770 INFO  - Received CAM message from veh_78 (at simulation time 240.800,900,000 s)
2024-06-04 00:13:08,770 INFO  - Received CAM message from veh_70 (at simulation time 240.800,900,000 s)
2024-06-04 00:13:08,770 INFO  - Received CAM message from veh_99 (at simulation time 240.801,400,000 s)
2024-06-04 00:13:08,770 INFO  - Received CAM message from veh_74 (at simulation time 240.801,400,000 s)
2024-06-04 00:13:08,770 INFO  - Received CAM message from veh_96 (at simulation time 240.801,900,000 s)
2024-06-04 00:13:08,771 INFO  - Atempting to process queue (at simulation time 240.900,000,000 s)
2024-06-04 00:13:08,771 INFO  - Vehicle is inside the detection area. (at simulation time 240.900,000,000 s)
2024-06-04 00:13:08,771 INFO  - Sent Detection message to rsu_0 (at simulation time 240.900,000,000 s)
2024-06-04 00:13:08,771 INFO  - Sent broadcast CAM message to all vehicles (at simulation time 240.900,000,000 s)
2024-06-04 00:13:08,772 INFO  - Received CAM message from veh_99 (at simulation time 240.900,900,000 s)
2024-06-04 00:13:08,772 INFO  - Received CAM message from veh_96 (at simulation time 240.900,900,000 s)
2024-06-04 00:13:08,772 INFO  - Received CAM message from veh_74 (at simulation time 240.900,900,000 s)
2024-06-04 00:13:08,772 INFO  - Received CAM message from veh_70 (at simulation time 240.901,400,000 s)
2024-06-04 00:13:08,773 INFO  - Received CAM message from veh_78 (at simulation time 240.901,900,000 s)
2024-06-04 00:13:08,778 INFO  - Atempting to process queue (at simulation time 241.000,000,000 s)
2024-06-04 00:13:08,778 INFO  - Vehicle is outside the detection area. (at simulation time 241.000,000,000 s)
2024-06-04 00:13:08,778 INFO  - Sent broadcast CAM message to all vehicles (at simulation time 241.000,000,000 s)
2024-06-04 00:13:08,779 INFO  - Received CAM message from veh_70 (at simulation time 241.000,400,000 s)
2024-06-04 00:13:08,780 INFO  - Received CAM message from veh_96 (at simulation time 241.001,400,000 s)
2024-06-04 00:13:08,780 INFO  - Received CAM message from veh_87 (at simulation time 241.001,400,000 s)
2024-06-04 00:13:08,780 INFO  - Received CAM message from veh_99 (at simulation time 241.001,900,000 s)
2024-06-04 00:13:08,780 INFO  - Received CAM message from veh_74 (at simulation time 241.001,900,000 s)
2024-06-04 00:13:08,780 INFO  - Received CAM message from veh_78 (at simulation time 241.002,400,000 s)
2024-06-04 00:13:08,780 INFO  - Atempting to process queue (at simulation time 241.100,000,000 s)
2024-06-04 00:13:08,780 INFO  - Vehicle is outside the detection area. (at simulation time 241.100,000,000 s)
2024-06-04 00:13:08,780 INFO  - Sent broadcast CAM message to all vehicles (at simulation time 241.100,000,000 s)
2024-06-04 00:13:08,781 INFO  - Received CAM message from veh_99 (at simulation time 241.100,400,000 s)
2024-06-04 00:13:08,781 INFO  - Received CAM message from veh_78 (at simulation time 241.100,900,000 s)
2024-06-04 00:13:08,782 INFO  - Received CAM message from veh_96 (at simulation time 241.101,400,000 s)
2024-06-04 00:13:08,782 INFO  - Received CAM message from veh_87 (at simulation time 241.101,400,000 s)
2024-06-04 00:13:08,782 INFO  - Received CAM message from veh_74 (at simulation time 241.102,400,000 s)
2024-06-04 00:13:08,782 INFO  - Received CAM message from veh_70 (at simulation time 241.102,400,000 s)
2024-06-04 00:13:08,782 INFO  - Atempting to process queue (at simulation time 241.200,000,000 s)
2024-06-04 00:13:08,782 INFO  - Vehicle is outside the detection area. (at simulation time 241.200,000,000 s)
2024-06-04 00:13:08,782 INFO  - Sent broadcast CAM message to all vehicles (at simulation time 241.200,000,000 s)
2024-06-04 00:13:08,784 INFO  - Received CAM message from veh_96 (at simulation time 241.200,900,000 s)
2024-06-04 00:13:08,784 INFO  - Received CAM message from veh_87 (at simulation time 241.200,900,000 s)
2024-06-04 00:13:08,784 INFO  - Received CAM message from veh_78 (at simulation time 241.200,900,000 s)
2024-06-04 00:13:08,784 INFO  - Received CAM message from veh_74 (at simulation time 241.200,900,000 s)
2024-06-04 00:13:08,784 INFO  - Received CAM message from veh_70 (at simulation time 241.200,900,000 s)
2024-06-04 00:13:08,784 INFO  - Received CAM message from veh_99 (at simulation time 241.202,400,000 s)
2024-06-04 00:13:08,785 INFO  - Atempting to process queue (at simulation time 241.300,000,000 s)
2024-06-04 00:13:08,785 INFO  - Vehicle is outside the detection area. (at simulation time 241.300,000,000 s)
2024-06-04 00:13:08,785 INFO  - Sent broadcast CAM message to all vehicles (at simulation time 241.300,000,000 s)
2024-06-04 00:13:08,786 INFO  - Received CAM message from veh_99 (at simulation time 241.300,400,000 s)
2024-06-04 00:13:08,786 INFO  - Received CAM message from veh_96 (at simulation time 241.300,900,000 s)
2024-06-04 00:13:08,787 INFO  - Received CAM message from veh_87 (at simulation time 241.301,400,000 s)
2024-06-04 00:13:08,787 INFO  - Received CAM message from veh_78 (at simulation time 241.301,400,000 s)
2024-06-04 00:13:08,787 INFO  - Received CAM message from veh_74 (at simulation time 241.301,400,000 s)
2024-06-04 00:13:08,787 INFO  - Received CAM message from veh_70 (at simulation time 241.301,400,000 s)
2024-06-04 00:13:08,787 INFO  - Atempting to process queue (at simulation time 241.400,000,000 s)
2024-06-04 00:13:08,787 INFO  - Vehicle is outside the detection area. (at simulation time 241.400,000,000 s)
2024-06-04 00:13:08,788 INFO  - Sent broadcast CAM message to all vehicles (at simulation time 241.400,000,000 s)
2024-06-04 00:13:08,789 INFO  - Received CAM message from veh_78 (at simulation time 241.400,400,000 s)
2024-06-04 00:13:08,789 INFO  - Received CAM message from veh_70 (at simulation time 241.400,400,000 s)
2024-06-04 00:13:08,791 INFO  - Received CAM message from veh_87 (at simulation time 241.401,400,000 s)
2024-06-04 00:13:08,791 INFO  - Received CAM message from veh_74 (at simulation time 241.401,400,000 s)
2024-06-04 00:13:08,791 INFO  - Received CAM message from veh_96 (at simulation time 241.401,900,000 s)
2024-06-04 00:13:08,791 INFO  - Received CAM message from veh_99 (at simulation time 241.402,400,000 s)
2024-06-04 00:13:08,791 INFO  - Atempting to process queue (at simulation time 241.500,000,000 s)
2024-06-04 00:13:08,791 INFO  - Vehicle is outside the detection area. (at simulation time 241.500,000,000 s)
2024-06-04 00:13:08,791 INFO  - Sent broadcast CAM message to all vehicles (at simulation time 241.500,000,000 s)
2024-06-04 00:13:08,793 INFO  - Received CAM message from veh_99 (at simulation time 241.500,400,000 s)
2024-06-04 00:13:08,793 INFO  - Received CAM message from veh_87 (at simulation time 241.500,900,000 s)
2024-06-04 00:13:08,793 INFO  - Received CAM message from veh_74 (at simulation time 241.500,900,000 s)
2024-06-04 00:13:08,793 INFO  - Received CAM message from veh_96 (at simulation time 241.501,900,000 s)
2024-06-04 00:13:08,793 INFO  - Received CAM message from veh_70 (at simulation time 241.501,900,000 s)
2024-06-04 00:13:08,794 INFO  - Received CAM message from veh_78 (at simulation time 241.502,400,000 s)
2024-06-04 00:13:08,794 INFO  - Atempting to process queue (at simulation time 241.600,000,000 s)
2024-06-04 00:13:08,794 INFO  - Vehicle is outside the detection area. (at simulation time 241.600,000,000 s)
2024-06-04 00:13:08,794 INFO  - Sent broadcast CAM message to all vehicles (at simulation time 241.600,000,000 s)
2024-06-04 00:13:08,795 INFO  - Received CAM message from veh_87 (at simulation time 241.600,400,000 s)
2024-06-04 00:13:08,795 INFO  - Received CAM message from veh_74 (at simulation time 241.600,400,000 s)
2024-06-04 00:13:08,795 INFO  - Received CAM message from veh_96 (at simulation time 241.601,400,000 s)
2024-06-04 00:13:08,795 INFO  - Received CAM message from veh_78 (at simulation time 241.601,400,000 s)
2024-06-04 00:13:08,795 INFO  - Received CAM message from veh_70 (at simulation time 241.601,400,000 s)
2024-06-04 00:13:08,796 INFO  - Received CAM message from veh_99 (at simulation time 241.602,400,000 s)
2024-06-04 00:13:08,796 INFO  - Atempting to process queue (at simulation time 241.700,000,000 s)
2024-06-04 00:13:08,796 INFO  - Vehicle is outside the detection area. (at simulation time 241.700,000,000 s)
2024-06-04 00:13:08,796 INFO  - Sent broadcast CAM message to all vehicles (at simulation time 241.700,000,000 s)
2024-06-04 00:13:08,796 INFO  - Received CAM message from veh_78 (at simulation time 241.700,400,000 s)
2024-06-04 00:13:08,796 INFO  - Received CAM message from veh_74 (at simulation time 241.700,400,000 s)
2024-06-04 00:13:08,797 INFO  - Received CAM message from veh_99 (at simulation time 241.701,900,000 s)
2024-06-04 00:13:08,797 INFO  - Received CAM message from veh_70 (at simulation time 241.701,900,000 s)
2024-06-04 00:13:08,797 INFO  - Received CAM message from veh_96 (at simulation time 241.702,400,000 s)
2024-06-04 00:13:08,797 INFO  - Received CAM message from veh_87 (at simulation time 241.702,400,000 s)
2024-06-04 00:13:08,797 INFO  - Atempting to process queue (at simulation time 241.800,000,000 s)
2024-06-04 00:13:08,797 INFO  - Vehicle is outside the detection area. (at simulation time 241.800,000,000 s)
2024-06-04 00:13:08,797 INFO  - Sent broadcast CAM message to all vehicles (at simulation time 241.800,000,000 s)
2024-06-04 00:13:08,798 INFO  - Received CAM message from veh_96 (at simulation time 241.800,900,000 s)
2024-06-04 00:13:08,798 INFO  - Received CAM message from veh_74 (at simulation time 241.800,900,000 s)
2024-06-04 00:13:08,798 INFO  - Received CAM message from veh_70 (at simulation time 241.801,400,000 s)
2024-06-04 00:13:08,798 INFO  - Received CAM message from veh_99 (at simulation time 241.802,400,000 s)
2024-06-04 00:13:08,798 INFO  - Received CAM message from veh_87 (at simulation time 241.802,400,000 s)
2024-06-04 00:13:08,798 INFO  - Received CAM message from veh_78 (at simulation time 241.802,400,000 s)
2024-06-04 00:13:08,799 INFO  - Atempting to process queue (at simulation time 241.900,000,000 s)
2024-06-04 00:13:08,799 INFO  - Vehicle is outside the detection area. (at simulation time 241.900,000,000 s)
2024-06-04 00:13:08,799 INFO  - Sent broadcast CAM message to all vehicles (at simulation time 241.900,000,000 s)
2024-06-04 00:13:08,799 INFO  - Received CAM message from veh_99 (at simulation time 241.900,400,000 s)
2024-06-04 00:13:08,799 INFO  - Received CAM message from veh_96 (at simulation time 241.900,900,000 s)
2024-06-04 00:13:08,799 INFO  - Received CAM message from veh_87 (at simulation time 241.900,900,000 s)
2024-06-04 00:13:08,800 INFO  - Received CAM message from veh_74 (at simulation time 241.901,900,000 s)
2024-06-04 00:13:08,800 INFO  - Received CAM message from veh_70 (at simulation time 241.901,900,000 s)
2024-06-04 00:13:08,800 INFO  - Received CAM message from veh_78 (at simulation time 241.902,400,000 s)
2024-06-04 00:13:08,802 INFO  - Atempting to process queue (at simulation time 242.000,000,000 s)
2024-06-04 00:13:08,802 INFO  - Vehicle is outside the detection area. (at simulation time 242.000,000,000 s)
2024-06-04 00:13:08,802 INFO  - Sent broadcast CAM message to all vehicles (at simulation time 242.000,000,000 s)
2024-06-04 00:13:08,804 INFO  - Received CAM message from veh_96 (at simulation time 242.000,900,000 s)
2024-06-04 00:13:08,804 INFO  - Received CAM message from veh_87 (at simulation time 242.000,900,000 s)
2024-06-04 00:13:08,804 INFO  - Received CAM message from veh_70 (at simulation time 242.000,900,000 s)
2024-06-04 00:13:08,805 INFO  - Received CAM message from veh_74 (at simulation time 242.001,900,000 s)
2024-06-04 00:13:08,805 INFO  - Received CAM message from veh_99 (at simulation time 242.002,400,000 s)
2024-06-04 00:13:08,805 INFO  - Atempting to process queue (at simulation time 242.100,000,000 s)
2024-06-04 00:13:08,805 INFO  - Vehicle is outside the detection area. (at simulation time 242.100,000,000 s)
2024-06-04 00:13:08,805 INFO  - Sent broadcast CAM message to all vehicles (at simulation time 242.100,000,000 s)
2024-06-04 00:13:08,806 INFO  - Received CAM message from veh_96 (at simulation time 242.100,400,000 s)
2024-06-04 00:13:08,806 INFO  - Received CAM message from veh_87 (at simulation time 242.100,400,000 s)
2024-06-04 00:13:08,806 INFO  - Received CAM message from veh_99 (at simulation time 242.100,900,000 s)
2024-06-04 00:13:08,807 INFO  - Received CAM message from veh_70 (at simulation time 242.101,900,000 s)
2024-06-04 00:13:08,807 INFO  - Received CAM message from veh_74 (at simulation time 242.102,400,000 s)
2024-06-04 00:13:08,807 INFO  - Atempting to process queue (at simulation time 242.200,000,000 s)
2024-06-04 00:13:08,807 INFO  - Vehicle is outside the detection area. (at simulation time 242.200,000,000 s)
2024-06-04 00:13:08,807 INFO  - Sent broadcast CAM message to all vehicles (at simulation time 242.200,000,000 s)
2024-06-04 00:13:08,809 INFO  - Received CAM message from veh_87 (at simulation time 242.200,900,000 s)
2024-06-04 00:13:08,809 INFO  - Received CAM message from veh_74 (at simulation time 242.201,400,000 s)
2024-06-04 00:13:08,809 INFO  - Received CAM message from veh_70 (at simulation time 242.201,400,000 s)
2024-06-04 00:13:08,809 INFO  - Received CAM message from veh_96 (at simulation time 242.201,900,000 s)
2024-06-04 00:13:08,810 INFO  - Received CAM message from veh_99 (at simulation time 242.202,400,000 s)
2024-06-04 00:13:08,810 INFO  - Atempting to process queue (at simulation time 242.300,000,000 s)
2024-06-04 00:13:08,810 INFO  - Vehicle is outside the detection area. (at simulation time 242.300,000,000 s)
2024-06-04 00:13:08,810 INFO  - Sent broadcast CAM message to all vehicles (at simulation time 242.300,000,000 s)
2024-06-04 00:13:08,811 INFO  - Received CAM message from veh_96 (at simulation time 242.301,400,000 s)
2024-06-04 00:13:08,811 INFO  - Received CAM message from veh_87 (at simulation time 242.301,900,000 s)
2024-06-04 00:13:08,811 INFO  - Received CAM message from veh_74 (at simulation time 242.301,900,000 s)
2024-06-04 00:13:08,811 INFO  - Received CAM message from veh_70 (at simulation time 242.301,900,000 s)
2024-06-04 00:13:08,812 INFO  - Received CAM message from veh_99 (at simulation time 242.302,400,000 s)
2024-06-04 00:13:08,812 INFO  - Atempting to process queue (at simulation time 242.400,000,000 s)
2024-06-04 00:13:08,812 INFO  - Vehicle is outside the detection area. (at simulation time 242.400,000,000 s)
2024-06-04 00:13:08,812 INFO  - Sent broadcast CAM message to all vehicles (at simulation time 242.400,000,000 s)
2024-06-04 00:13:08,814 INFO  - Received Control message from rsu_0 to veh_128 (at simulation time 242.400,400,000 s)
2024-06-04 00:13:08,814 INFO  - Forwarded Control message to veh_87 (at simulation time 242.400,400,000 s)
2024-06-04 00:13:08,814 INFO  - Received Control message from rsu_0 to veh_125 (at simulation time 242.400,400,000 s)
2024-06-04 00:13:08,814 INFO  - Forwarded Control message to veh_87 (at simulation time 242.400,400,000 s)
2024-06-04 00:13:08,814 INFO  - Received Control message from rsu_0 to veh_36 (at simulation time 242.400,400,000 s)
2024-06-04 00:13:08,814 INFO  - Forwarded Control message to veh_87 (at simulation time 242.400,400,000 s)
2024-06-04 00:13:08,814 INFO  - Received Control message from rsu_0 to veh_101 (at simulation time 242.400,400,000 s)
2024-06-04 00:13:08,814 INFO  - Forwarded Control message to veh_87 (at simulation time 242.400,400,000 s)
2024-06-04 00:13:08,814 INFO  - Received Control message from rsu_0 to veh_95 (at simulation time 242.400,400,000 s)
2024-06-04 00:13:08,814 INFO  - Forwarded Control message to veh_87 (at simulation time 242.400,400,000 s)
2024-06-04 00:13:08,814 INFO  - Received Control message from rsu_0 to veh_76 (at simulation time 242.400,400,000 s)
2024-06-04 00:13:08,814 INFO  - Forwarded Control message to veh_87 (at simulation time 242.400,400,000 s)
2024-06-04 00:13:08,814 INFO  - Received Control message from rsu_0 to veh_0 (at simulation time 242.400,400,000 s)
2024-06-04 00:13:08,814 INFO  - Forwarded Control message to veh_87 (at simulation time 242.400,400,000 s)
2024-06-04 00:13:08,814 INFO  - Received Control message from rsu_0 to veh_110 (at simulation time 242.400,400,000 s)
2024-06-04 00:13:08,814 INFO  - Forwarded Control message to veh_87 (at simulation time 242.400,400,000 s)
2024-06-04 00:13:08,814 INFO  - Received Control message from rsu_0 to veh_28 (at simulation time 242.400,400,000 s)
2024-06-04 00:13:08,814 INFO  - Forwarded Control message to veh_87 (at simulation time 242.400,400,000 s)
2024-06-04 00:13:08,814 INFO  - Received Control message from rsu_0 to veh_44 (at simulation time 242.400,400,000 s)
2024-06-04 00:13:08,814 INFO  - Forwarded Control message to veh_87 (at simulation time 242.400,400,000 s)
2024-06-04 00:13:08,815 INFO  - Received Control message from rsu_0 to veh_104 (at simulation time 242.400,900,000 s)
2024-06-04 00:13:08,815 INFO  - Forwarded Control message to veh_87 (at simulation time 242.400,900,000 s)
2024-06-04 00:13:08,815 INFO  - Received Control message from rsu_0 to veh_4 (at simulation time 242.400,900,000 s)
2024-06-04 00:13:08,815 INFO  - Forwarded Control message to veh_87 (at simulation time 242.400,900,000 s)
2024-06-04 00:13:08,815 INFO  - Received Control message from rsu_0 to veh_92 (at simulation time 242.400,900,000 s)
2024-06-04 00:13:08,815 INFO  - Forwarded Control message to veh_87 (at simulation time 242.400,900,000 s)
2024-06-04 00:13:08,815 INFO  - Received Control message from rsu_0 to veh_40 (at simulation time 242.400,900,000 s)
2024-06-04 00:13:08,815 INFO  - Forwarded Control message to veh_87 (at simulation time 242.400,900,000 s)
2024-06-04 00:13:08,815 INFO  - Received Control message from rsu_0 to veh_83 (at simulation time 242.400,900,000 s)
2024-06-04 00:13:08,815 INFO  - Forwarded Control message to veh_87 (at simulation time 242.400,900,000 s)
2024-06-04 00:13:08,815 INFO  - Received Control message from rsu_0 to veh_60 (at simulation time 242.400,900,000 s)
2024-06-04 00:13:08,815 INFO  - Forwarded Control message to veh_87 (at simulation time 242.400,900,000 s)
2024-06-04 00:13:08,815 INFO  - Received Control message from rsu_0 to veh_8 (at simulation time 242.400,900,000 s)
2024-06-04 00:13:08,815 INFO  - Forwarded Control message to veh_87 (at simulation time 242.400,900,000 s)
2024-06-04 00:13:08,815 INFO  - Received Control message from rsu_0 to veh_20 (at simulation time 242.400,900,000 s)
2024-06-04 00:13:08,815 INFO  - Forwarded Control message to veh_87 (at simulation time 242.400,900,000 s)
2024-06-04 00:13:08,816 INFO  - Received CAM message from veh_87 (at simulation time 242.401,400,000 s)
2024-06-04 00:13:08,816 INFO  - Received CAM message from veh_74 (at simulation time 242.401,400,000 s)
2024-06-04 00:13:08,816 INFO  - Received CAM message from veh_70 (at simulation time 242.401,400,000 s)
2024-06-04 00:13:08,816 INFO  - Received Control message from rsu_0 to veh_80 (at simulation time 242.401,400,000 s)
2024-06-04 00:13:08,816 INFO  - Forwarded Control message to veh_87 (at simulation time 242.401,400,000 s)
2024-06-04 00:13:08,816 INFO  - Received Control message from rsu_0 to veh_107 (at simulation time 242.401,400,000 s)
2024-06-04 00:13:08,816 INFO  - Forwarded Control message to veh_87 (at simulation time 242.401,400,000 s)
2024-06-04 00:13:08,816 INFO  - Received Control message from rsu_0 to veh_16 (at simulation time 242.401,400,000 s)
2024-06-04 00:13:08,816 INFO  - Forwarded Control message to veh_87 (at simulation time 242.401,400,000 s)
2024-06-04 00:13:08,816 INFO  - Received Control message from rsu_0 to veh_116 (at simulation time 242.401,400,000 s)
2024-06-04 00:13:08,816 INFO  - Forwarded Control message to veh_87 (at simulation time 242.401,400,000 s)
2024-06-04 00:13:08,816 INFO  - Received Control message from rsu_0 to veh_24 (at simulation time 242.401,400,000 s)
2024-06-04 00:13:08,816 INFO  - Forwarded Control message to veh_87 (at simulation time 242.401,400,000 s)
2024-06-04 00:13:08,816 INFO  - Received Control message from rsu_0 to veh_89 (at simulation time 242.401,400,000 s)
2024-06-04 00:13:08,816 INFO  - Forwarded Control message to veh_87 (at simulation time 242.401,400,000 s)
2024-06-04 00:13:08,816 INFO  - Received CAM message from veh_96 (at simulation time 242.401,900,000 s)
2024-06-04 00:13:08,817 INFO  - Received Control message from rsu_0 to veh_122 (at simulation time 242.401,900,000 s)
2024-06-04 00:13:08,817 INFO  - Forwarded Control message to veh_87 (at simulation time 242.401,900,000 s)
2024-06-04 00:13:08,817 INFO  - Received Control message from rsu_0 to veh_52 (at simulation time 242.401,900,000 s)
2024-06-04 00:13:08,817 INFO  - Forwarded Control message to veh_87 (at simulation time 242.401,900,000 s)
2024-06-04 00:13:08,817 INFO  - Received Control message from rsu_0 to veh_12 (at simulation time 242.401,900,000 s)
2024-06-04 00:13:08,817 INFO  - Forwarded Control message to veh_87 (at simulation time 242.401,900,000 s)
2024-06-04 00:13:08,817 INFO  - Received Control message from rsu_0 to veh_56 (at simulation time 242.401,900,000 s)
2024-06-04 00:13:08,817 INFO  - Forwarded Control message to veh_87 (at simulation time 242.401,900,000 s)
2024-06-04 00:13:08,817 INFO  - Received Control message from rsu_0 to veh_119 (at simulation time 242.401,900,000 s)
2024-06-04 00:13:08,817 INFO  - Forwarded Control message to veh_87 (at simulation time 242.401,900,000 s)
2024-06-04 00:13:08,817 INFO  - Received Control message from rsu_0 to veh_48 (at simulation time 242.401,900,000 s)
2024-06-04 00:13:08,817 INFO  - Forwarded Control message to veh_87 (at simulation time 242.401,900,000 s)
2024-06-04 00:13:08,817 INFO  - Received Control message from rsu_0 to veh_134 (at simulation time 242.401,900,000 s)
2024-06-04 00:13:08,817 INFO  - Forwarded Control message to veh_87 (at simulation time 242.401,900,000 s)
2024-06-04 00:13:08,817 INFO  - Received Control message from rsu_0 to veh_113 (at simulation time 242.401,900,000 s)
2024-06-04 00:13:08,817 INFO  - Forwarded Control message to veh_87 (at simulation time 242.401,900,000 s)
2024-06-04 00:13:08,817 INFO  - Received CAM message from veh_99 (at simulation time 242.402,400,000 s)
2024-06-04 00:13:08,817 INFO  - Received Control message from rsu_0 to veh_72 (at simulation time 242.402,400,000 s)
2024-06-04 00:13:08,817 INFO  - Forwarded Control message to veh_87 (at simulation time 242.402,400,000 s)
2024-06-04 00:13:08,817 INFO  - Received Control message from rsu_0 to veh_32 (at simulation time 242.402,400,000 s)
2024-06-04 00:13:08,817 INFO  - Forwarded Control message to veh_87 (at simulation time 242.402,400,000 s)
2024-06-04 00:13:08,817 INFO  - Received Control message from rsu_0 to veh_98 (at simulation time 242.402,400,000 s)
2024-06-04 00:13:08,817 INFO  - Forwarded Control message to veh_87 (at simulation time 242.402,400,000 s)
2024-06-04 00:13:08,817 INFO  - Received Control message from rsu_0 to veh_137 (at simulation time 242.402,400,000 s)
2024-06-04 00:13:08,817 INFO  - Current route: 1, lane: 0 (at simulation time 242.402,400,000 s)
2024-06-04 00:13:08,817 INFO  - Vehicle position: GeoPoint{lat=40.743425,lon=-73.988366,alt=0.00} (at simulation time 242.402,400,000 s)
2024-06-04 00:13:08,818 INFO  - Received Control message from rsu_0 to veh_68 (at simulation time 242.402,400,000 s)
2024-06-04 00:13:08,818 INFO  - Forwarded Control message to veh_87 (at simulation time 242.402,400,000 s)
2024-06-04 00:13:08,818 INFO  - Received Control message from rsu_0 to veh_131 (at simulation time 242.402,400,000 s)
2024-06-04 00:13:08,818 INFO  - Forwarded Control message to veh_87 (at simulation time 242.402,400,000 s)
2024-06-04 00:13:08,818 INFO  - Received Control message from rsu_0 to veh_64 (at simulation time 242.402,400,000 s)
2024-06-04 00:13:08,818 INFO  - Forwarded Control message to veh_87 (at simulation time 242.402,400,000 s)
2024-06-04 00:13:08,818 INFO  - Received Control message from rsu_0 to veh_86 (at simulation time 242.402,400,000 s)
2024-06-04 00:13:08,818 INFO  - Forwarded Control message to veh_87 (at simulation time 242.402,400,000 s)
2024-06-04 00:13:08,832 INFO  - Atempting to process queue (at simulation time 242.500,000,000 s)
2024-06-04 00:13:08,832 INFO  - Vehicle is outside the detection area. (at simulation time 242.500,000,000 s)
2024-06-04 00:13:08,832 INFO  - Sent broadcast CAM message to all vehicles (at simulation time 242.500,000,000 s)
2024-06-04 00:13:08,833 INFO  - Received CAM message from veh_87 (at simulation time 242.500,400,000 s)
2024-06-04 00:13:08,833 INFO  - Received CAM message from veh_70 (at simulation time 242.500,900,000 s)
2024-06-04 00:13:08,833 INFO  - Received CAM message from veh_99 (at simulation time 242.501,900,000 s)
2024-06-04 00:13:08,833 INFO  - Received CAM message from veh_96 (at simulation time 242.501,900,000 s)
2024-06-04 00:13:08,834 INFO  - Received CAM message from veh_74 (at simulation time 242.502,400,000 s)
2024-06-04 00:13:08,834 INFO  - Atempting to process queue (at simulation time 242.600,000,000 s)
2024-06-04 00:13:08,834 INFO  - Vehicle is outside the detection area. (at simulation time 242.600,000,000 s)
2024-06-04 00:13:08,834 INFO  - Sent broadcast CAM message to all vehicles (at simulation time 242.600,000,000 s)
2024-06-04 00:13:08,834 INFO  - Received CAM message from veh_96 (at simulation time 242.600,400,000 s)
2024-06-04 00:13:08,834 INFO  - Received CAM message from veh_70 (at simulation time 242.600,400,000 s)
2024-06-04 00:13:08,834 INFO  - Received CAM message from veh_74 (at simulation time 242.600,900,000 s)
2024-06-04 00:13:08,835 INFO  - Received CAM message from veh_99 (at simulation time 242.601,900,000 s)
2024-06-04 00:13:08,835 INFO  - Received CAM message from veh_87 (at simulation time 242.602,400,000 s)
2024-06-04 00:13:08,835 INFO  - Atempting to process queue (at simulation time 242.700,000,000 s)
2024-06-04 00:13:08,835 INFO  - Vehicle is outside the detection area. (at simulation time 242.700,000,000 s)
2024-06-04 00:13:08,835 INFO  - Sent broadcast CAM message to all vehicles (at simulation time 242.700,000,000 s)
2024-06-04 00:13:08,836 INFO  - Received CAM message from veh_87 (at simulation time 242.700,400,000 s)
2024-06-04 00:13:08,836 INFO  - Received CAM message from veh_99 (at simulation time 242.700,900,000 s)
2024-06-04 00:13:08,836 INFO  - Received CAM message from veh_96 (at simulation time 242.701,900,000 s)
2024-06-04 00:13:08,836 INFO  - Received CAM message from veh_74 (at simulation time 242.701,900,000 s)
2024-06-04 00:13:08,836 INFO  - Received CAM message from veh_70 (at simulation time 242.702,400,000 s)
2024-06-04 00:13:08,836 INFO  - Atempting to process queue (at simulation time 242.800,000,000 s)
2024-06-04 00:13:08,836 INFO  - Vehicle is outside the detection area. (at simulation time 242.800,000,000 s)
2024-06-04 00:13:08,836 INFO  - Sent broadcast CAM message to all vehicles (at simulation time 242.800,000,000 s)
2024-06-04 00:13:08,837 INFO  - Received CAM message from veh_99 (at simulation time 242.800,400,000 s)
2024-06-04 00:13:08,837 INFO  - Received CAM message from veh_74 (at simulation time 242.800,400,000 s)
2024-06-04 00:13:08,837 INFO  - Received CAM message from veh_87 (at simulation time 242.800,900,000 s)
2024-06-04 00:13:08,837 INFO  - Received CAM message from veh_96 (at simulation time 242.801,900,000 s)
2024-06-04 00:13:08,837 INFO  - Received CAM message from veh_70 (at simulation time 242.801,900,000 s)
2024-06-04 00:13:08,838 INFO  - Atempting to process queue (at simulation time 242.900,000,000 s)
2024-06-04 00:13:08,838 INFO  - Vehicle is outside the detection area. (at simulation time 242.900,000,000 s)
2024-06-04 00:13:08,838 INFO  - Sent broadcast CAM message to all vehicles (at simulation time 242.900,000,000 s)
2024-06-04 00:13:08,838 INFO  - Received CAM message from veh_87 (at simulation time 242.900,400,000 s)
2024-06-04 00:13:08,838 INFO  - Received CAM message from veh_70 (at simulation time 242.900,400,000 s)
2024-06-04 00:13:08,839 INFO  - Received CAM message from veh_99 (at simulation time 242.901,900,000 s)
2024-06-04 00:13:08,839 INFO  - Received CAM message from veh_96 (at simulation time 242.901,900,000 s)
2024-06-04 00:13:08,839 INFO  - Received CAM message from veh_74 (at simulation time 242.901,900,000 s)
2024-06-04 00:13:08,842 INFO  - Atempting to process queue (at simulation time 243.000,000,000 s)
2024-06-04 00:13:08,842 INFO  - Vehicle is outside the detection area. (at simulation time 243.000,000,000 s)
2024-06-04 00:13:08,842 INFO  - Sent broadcast CAM message to all vehicles (at simulation time 243.000,000,000 s)
2024-06-04 00:13:08,845 INFO  - Received CAM message from veh_96 (at simulation time 243.001,400,000 s)
2024-06-04 00:13:08,845 INFO  - Received CAM message from veh_74 (at simulation time 243.001,900,000 s)
2024-06-04 00:13:08,845 INFO  - Received CAM message from veh_70 (at simulation time 243.001,900,000 s)
2024-06-04 00:13:08,845 INFO  - Received CAM message from veh_99 (at simulation time 243.002,400,000 s)
2024-06-04 00:13:08,846 INFO  - Atempting to process queue (at simulation time 243.100,000,000 s)
2024-06-04 00:13:08,846 INFO  - Vehicle is outside the detection area. (at simulation time 243.100,000,000 s)
2024-06-04 00:13:08,846 INFO  - Sent broadcast CAM message to all vehicles (at simulation time 243.100,000,000 s)
2024-06-04 00:13:08,847 INFO  - Received CAM message from veh_96 (at simulation time 243.101,400,000 s)
2024-06-04 00:13:08,847 INFO  - Received CAM message from veh_70 (at simulation time 243.101,400,000 s)
2024-06-04 00:13:08,848 INFO  - Received CAM message from veh_99 (at simulation time 243.102,400,000 s)
2024-06-04 00:13:08,848 INFO  - Received CAM message from veh_74 (at simulation time 243.102,400,000 s)
2024-06-04 00:13:08,848 INFO  - Atempting to process queue (at simulation time 243.200,000,000 s)
2024-06-04 00:13:08,848 INFO  - Vehicle is outside the detection area. (at simulation time 243.200,000,000 s)
2024-06-04 00:13:08,848 INFO  - Sent broadcast CAM message to all vehicles (at simulation time 243.200,000,000 s)
2024-06-04 00:13:08,849 INFO  - Received CAM message from veh_99 (at simulation time 243.200,900,000 s)
2024-06-04 00:13:08,849 INFO  - Received CAM message from veh_96 (at simulation time 243.200,900,000 s)
2024-06-04 00:13:08,850 INFO  - Received CAM message from veh_70 (at simulation time 243.201,900,000 s)
2024-06-04 00:13:08,850 INFO  - Received CAM message from veh_74 (at simulation time 243.202,400,000 s)
2024-06-04 00:13:08,850 INFO  - Atempting to process queue (at simulation time 243.300,000,000 s)
2024-06-04 00:13:08,850 INFO  - Vehicle is outside the detection area. (at simulation time 243.300,000,000 s)
2024-06-04 00:13:08,850 INFO  - Sent broadcast CAM message to all vehicles (at simulation time 243.300,000,000 s)
2024-06-04 00:13:08,851 INFO  - Received CAM message from veh_74 (at simulation time 243.300,400,000 s)
2024-06-04 00:13:08,851 INFO  - Received CAM message from veh_96 (at simulation time 243.301,400,000 s)
2024-06-04 00:13:08,851 INFO  - Received CAM message from veh_70 (at simulation time 243.301,400,000 s)
2024-06-04 00:13:08,851 INFO  - Received CAM message from veh_99 (at simulation time 243.301,900,000 s)
2024-06-04 00:13:08,851 INFO  - Atempting to process queue (at simulation time 243.400,000,000 s)
2024-06-04 00:13:08,851 INFO  - Vehicle is outside the detection area. (at simulation time 243.400,000,000 s)
2024-06-04 00:13:08,851 INFO  - Sent broadcast CAM message to all vehicles (at simulation time 243.400,000,000 s)
2024-06-04 00:13:08,852 INFO  - Received CAM message from veh_74 (at simulation time 243.400,900,000 s)
2024-06-04 00:13:08,852 INFO  - Received CAM message from veh_70 (at simulation time 243.400,900,000 s)
2024-06-04 00:13:08,853 INFO  - Received CAM message from veh_99 (at simulation time 243.402,400,000 s)
2024-06-04 00:13:08,853 INFO  - Received CAM message from veh_96 (at simulation time 243.402,400,000 s)
2024-06-04 00:13:08,853 INFO  - Atempting to process queue (at simulation time 243.500,000,000 s)
2024-06-04 00:13:08,853 INFO  - Vehicle is outside the detection area. (at simulation time 243.500,000,000 s)
2024-06-04 00:13:08,853 INFO  - Sent broadcast CAM message to all vehicles (at simulation time 243.500,000,000 s)
2024-06-04 00:13:08,853 INFO  - Received CAM message from veh_99 (at simulation time 243.500,400,000 s)
2024-06-04 00:13:08,853 INFO  - Received CAM message from veh_96 (at simulation time 243.500,400,000 s)
2024-06-04 00:13:08,853 INFO  - Received CAM message from veh_74 (at simulation time 243.500,900,000 s)
2024-06-04 00:13:08,854 INFO  - Received CAM message from veh_70 (at simulation time 243.502,400,000 s)
2024-06-04 00:13:08,854 INFO  - Atempting to process queue (at simulation time 243.600,000,000 s)
2024-06-04 00:13:08,854 INFO  - Vehicle is outside the detection area. (at simulation time 243.600,000,000 s)
2024-06-04 00:13:08,854 INFO  - Sent broadcast CAM message to all vehicles (at simulation time 243.600,000,000 s)
2024-06-04 00:13:08,855 INFO  - Received CAM message from veh_96 (at simulation time 243.600,400,000 s)
2024-06-04 00:13:08,855 INFO  - Received CAM message from veh_74 (at simulation time 243.601,400,000 s)
2024-06-04 00:13:08,855 INFO  - Received CAM message from veh_99 (at simulation time 243.601,900,000 s)
2024-06-04 00:13:08,855 INFO  - Received CAM message from veh_70 (at simulation time 243.601,900,000 s)
2024-06-04 00:13:08,855 INFO  - Atempting to process queue (at simulation time 243.700,000,000 s)
2024-06-04 00:13:08,855 INFO  - Vehicle is outside the detection area. (at simulation time 243.700,000,000 s)
2024-06-04 00:13:08,855 INFO  - Sent broadcast CAM message to all vehicles (at simulation time 243.700,000,000 s)
2024-06-04 00:13:08,856 INFO  - Received CAM message from veh_99 (at simulation time 243.701,400,000 s)
2024-06-04 00:13:08,856 INFO  - Received CAM message from veh_96 (at simulation time 243.701,900,000 s)
2024-06-04 00:13:08,856 INFO  - Received CAM message from veh_74 (at simulation time 243.702,400,000 s)
2024-06-04 00:13:08,856 INFO  - Received CAM message from veh_70 (at simulation time 243.702,400,000 s)
2024-06-04 00:13:08,857 INFO  - Atempting to process queue (at simulation time 243.800,000,000 s)
2024-06-04 00:13:08,857 INFO  - Vehicle is outside the detection area. (at simulation time 243.800,000,000 s)
2024-06-04 00:13:08,857 INFO  - Sent broadcast CAM message to all vehicles (at simulation time 243.800,000,000 s)
2024-06-04 00:13:08,857 INFO  - Received CAM message from veh_99 (at simulation time 243.801,400,000 s)
2024-06-04 00:13:08,857 INFO  - Received CAM message from veh_96 (at simulation time 243.801,900,000 s)
2024-06-04 00:13:08,858 INFO  - Received CAM message from veh_74 (at simulation time 243.801,900,000 s)
2024-06-04 00:13:08,858 INFO  - Received CAM message from veh_70 (at simulation time 243.802,400,000 s)
2024-06-04 00:13:08,858 INFO  - Atempting to process queue (at simulation time 243.900,000,000 s)
2024-06-04 00:13:08,858 INFO  - Vehicle is outside the detection area. (at simulation time 243.900,000,000 s)
2024-06-04 00:13:08,858 INFO  - Sent broadcast CAM message to all vehicles (at simulation time 243.900,000,000 s)
2024-06-04 00:13:08,858 INFO  - Received CAM message from veh_99 (at simulation time 243.900,400,000 s)
2024-06-04 00:13:08,858 INFO  - Received CAM message from veh_74 (at simulation time 243.900,900,000 s)
2024-06-04 00:13:08,859 INFO  - Received CAM message from veh_70 (at simulation time 243.901,400,000 s)
2024-06-04 00:13:08,859 INFO  - Received CAM message from veh_96 (at simulation time 243.902,400,000 s)
2024-06-04 00:13:08,863 INFO  - Atempting to process queue (at simulation time 244.000,000,000 s)
2024-06-04 00:13:08,863 INFO  - Vehicle is outside the detection area. (at simulation time 244.000,000,000 s)
2024-06-04 00:13:08,863 INFO  - Sent broadcast CAM message to all vehicles (at simulation time 244.000,000,000 s)
2024-06-04 00:13:08,866 INFO  - Received CAM message from veh_96 (at simulation time 244.000,900,000 s)
2024-06-04 00:13:08,866 INFO  - Received CAM message from veh_74 (at simulation time 244.001,400,000 s)
2024-06-04 00:13:08,867 INFO  - Atempting to process queue (at simulation time 244.100,000,000 s)
2024-06-04 00:13:08,867 INFO  - Vehicle is outside the detection area. (at simulation time 244.100,000,000 s)
2024-06-04 00:13:08,867 INFO  - Sent broadcast CAM message to all vehicles (at simulation time 244.100,000,000 s)
2024-06-04 00:13:08,868 INFO  - Received CAM message from veh_74 (at simulation time 244.100,400,000 s)
2024-06-04 00:13:08,868 INFO  - Received CAM message from veh_96 (at simulation time 244.102,400,000 s)
2024-06-04 00:13:08,868 INFO  - Atempting to process queue (at simulation time 244.200,000,000 s)
2024-06-04 00:13:08,868 INFO  - Vehicle is outside the detection area. (at simulation time 244.200,000,000 s)
2024-06-04 00:13:08,868 INFO  - Sent broadcast CAM message to all vehicles (at simulation time 244.200,000,000 s)
2024-06-04 00:13:08,870 INFO  - Received CAM message from veh_96 (at simulation time 244.201,400,000 s)
2024-06-04 00:13:08,870 INFO  - Received CAM message from veh_74 (at simulation time 244.202,400,000 s)
2024-06-04 00:13:08,870 INFO  - Atempting to process queue (at simulation time 244.300,000,000 s)
2024-06-04 00:13:08,870 INFO  - Vehicle is outside the detection area. (at simulation time 244.300,000,000 s)
2024-06-04 00:13:08,870 INFO  - Sent broadcast CAM message to all vehicles (at simulation time 244.300,000,000 s)
2024-06-04 00:13:08,871 INFO  - Received CAM message from veh_74 (at simulation time 244.300,900,000 s)
2024-06-04 00:13:08,871 INFO  - Received CAM message from veh_96 (at simulation time 244.301,900,000 s)
2024-06-04 00:13:08,871 INFO  - Atempting to process queue (at simulation time 244.400,000,000 s)
2024-06-04 00:13:08,871 INFO  - Vehicle is outside the detection area. (at simulation time 244.400,000,000 s)
2024-06-04 00:13:08,871 INFO  - Sent broadcast CAM message to all vehicles (at simulation time 244.400,000,000 s)
2024-06-04 00:13:08,872 INFO  - Received CAM message from veh_74 (at simulation time 244.400,900,000 s)
2024-06-04 00:13:08,872 INFO  - Received CAM message from veh_96 (at simulation time 244.401,400,000 s)
2024-06-04 00:13:08,873 INFO  - Atempting to process queue (at simulation time 244.500,000,000 s)
2024-06-04 00:13:08,873 INFO  - Vehicle is outside the detection area. (at simulation time 244.500,000,000 s)
2024-06-04 00:13:08,873 INFO  - Sent broadcast CAM message to all vehicles (at simulation time 244.500,000,000 s)
2024-06-04 00:13:08,874 INFO  - Received CAM message from veh_96 (at simulation time 244.500,900,000 s)
2024-06-04 00:13:08,874 INFO  - Received CAM message from veh_74 (at simulation time 244.500,900,000 s)
2024-06-04 00:13:08,874 INFO  - Atempting to process queue (at simulation time 244.600,000,000 s)
2024-06-04 00:13:08,874 INFO  - Vehicle is outside the detection area. (at simulation time 244.600,000,000 s)
2024-06-04 00:13:08,874 INFO  - Sent broadcast CAM message to all vehicles (at simulation time 244.600,000,000 s)
2024-06-04 00:13:08,875 INFO  - Received CAM message from veh_96 (at simulation time 244.601,400,000 s)
2024-06-04 00:13:08,876 INFO  - Received CAM message from veh_74 (at simulation time 244.602,400,000 s)
2024-06-04 00:13:08,876 INFO  - Atempting to process queue (at simulation time 244.700,000,000 s)
2024-06-04 00:13:08,876 INFO  - Vehicle is outside the detection area. (at simulation time 244.700,000,000 s)
2024-06-04 00:13:08,876 INFO  - Sent broadcast CAM message to all vehicles (at simulation time 244.700,000,000 s)
2024-06-04 00:13:08,878 INFO  - Received CAM message from veh_96 (at simulation time 244.701,400,000 s)
2024-06-04 00:13:08,878 INFO  - Received CAM message from veh_74 (at simulation time 244.702,400,000 s)
2024-06-04 00:13:08,878 INFO  - Atempting to process queue (at simulation time 244.800,000,000 s)
2024-06-04 00:13:08,878 INFO  - Vehicle is outside the detection area. (at simulation time 244.800,000,000 s)
2024-06-04 00:13:08,878 INFO  - Sent broadcast CAM message to all vehicles (at simulation time 244.800,000,000 s)
2024-06-04 00:13:08,880 INFO  - Received CAM message from veh_96 (at simulation time 244.801,400,000 s)
2024-06-04 00:13:08,880 INFO  - Received CAM message from veh_74 (at simulation time 244.802,400,000 s)
2024-06-04 00:13:08,880 INFO  - Atempting to process queue (at simulation time 244.900,000,000 s)
2024-06-04 00:13:08,880 INFO  - Vehicle is outside the detection area. (at simulation time 244.900,000,000 s)
2024-06-04 00:13:08,880 INFO  - Sent broadcast CAM message to all vehicles (at simulation time 244.900,000,000 s)
2024-06-04 00:13:08,882 INFO  - Received CAM message from veh_96 (at simulation time 244.901,400,000 s)
2024-06-04 00:13:08,882 INFO  - Received CAM message from veh_74 (at simulation time 244.902,400,000 s)
2024-06-04 00:13:08,885 INFO  - Atempting to process queue (at simulation time 245.000,000,000 s)
2024-06-04 00:13:08,885 INFO  - Vehicle is outside the detection area. (at simulation time 245.000,000,000 s)
2024-06-04 00:13:08,885 INFO  - Sent broadcast CAM message to all vehicles (at simulation time 245.000,000,000 s)
2024-06-04 00:13:08,887 INFO  - Received CAM message from veh_74 (at simulation time 245.001,900,000 s)
2024-06-04 00:13:08,887 INFO  - Received CAM message from veh_96 (at simulation time 245.002,400,000 s)
2024-06-04 00:13:08,887 INFO  - Atempting to process queue (at simulation time 245.100,000,000 s)
2024-06-04 00:13:08,887 INFO  - Vehicle is outside the detection area. (at simulation time 245.100,000,000 s)
2024-06-04 00:13:08,887 INFO  - Sent broadcast CAM message to all vehicles (at simulation time 245.100,000,000 s)
2024-06-04 00:13:08,888 INFO  - Received CAM message from veh_96 (at simulation time 245.100,900,000 s)
2024-06-04 00:13:08,888 INFO  - Received CAM message from veh_74 (at simulation time 245.100,900,000 s)
2024-06-04 00:13:08,889 INFO  - Atempting to process queue (at simulation time 245.200,000,000 s)
2024-06-04 00:13:08,889 INFO  - Vehicle is outside the detection area. (at simulation time 245.200,000,000 s)
2024-06-04 00:13:08,889 INFO  - Sent broadcast CAM message to all vehicles (at simulation time 245.200,000,000 s)
2024-06-04 00:13:08,890 INFO  - Received CAM message from veh_74 (at simulation time 245.200,900,000 s)
2024-06-04 00:13:08,891 INFO  - Received CAM message from veh_96 (at simulation time 245.202,400,000 s)
2024-06-04 00:13:08,891 INFO  - Atempting to process queue (at simulation time 245.300,000,000 s)
2024-06-04 00:13:08,891 INFO  - Vehicle is outside the detection area. (at simulation time 245.300,000,000 s)
2024-06-04 00:13:08,891 INFO  - Sent broadcast CAM message to all vehicles (at simulation time 245.300,000,000 s)
2024-06-04 00:13:08,892 INFO  - Received CAM message from veh_96 (at simulation time 245.300,900,000 s)
2024-06-04 00:13:08,892 INFO  - Received CAM message from veh_74 (at simulation time 245.300,900,000 s)
2024-06-04 00:13:08,893 INFO  - Atempting to process queue (at simulation time 245.400,000,000 s)
2024-06-04 00:13:08,893 INFO  - Vehicle is outside the detection area. (at simulation time 245.400,000,000 s)
2024-06-04 00:13:08,893 INFO  - Sent broadcast CAM message to all vehicles (at simulation time 245.400,000,000 s)
2024-06-04 00:13:08,895 INFO  - Received CAM message from veh_74 (at simulation time 245.400,900,000 s)
2024-06-04 00:13:08,896 INFO  - Received CAM message from veh_96 (at simulation time 245.402,400,000 s)
2024-06-04 00:13:08,896 INFO  - Atempting to process queue (at simulation time 245.500,000,000 s)
2024-06-04 00:13:08,896 INFO  - Vehicle is outside the detection area. (at simulation time 245.500,000,000 s)
2024-06-04 00:13:08,896 INFO  - Sent broadcast CAM message to all vehicles (at simulation time 245.500,000,000 s)
2024-06-04 00:13:08,897 INFO  - Received CAM message from veh_74 (at simulation time 245.500,400,000 s)
2024-06-04 00:13:08,898 INFO  - Received CAM message from veh_96 (at simulation time 245.501,900,000 s)
2024-06-04 00:13:08,898 INFO  - Atempting to process queue (at simulation time 245.600,000,000 s)
2024-06-04 00:13:08,898 INFO  - Vehicle is outside the detection area. (at simulation time 245.600,000,000 s)
2024-06-04 00:13:08,898 INFO  - Sent broadcast CAM message to all vehicles (at simulation time 245.600,000,000 s)
2024-06-04 00:13:08,899 INFO  - Received CAM message from veh_74 (at simulation time 245.601,400,000 s)
2024-06-04 00:13:08,899 INFO  - Received CAM message from veh_96 (at simulation time 245.602,400,000 s)
2024-06-04 00:13:08,899 INFO  - Atempting to process queue (at simulation time 245.700,000,000 s)
2024-06-04 00:13:08,899 INFO  - Vehicle is outside the detection area. (at simulation time 245.700,000,000 s)
2024-06-04 00:13:08,899 INFO  - Sent broadcast CAM message to all vehicles (at simulation time 245.700,000,000 s)
2024-06-04 00:13:08,900 INFO  - Received CAM message from veh_96 (at simulation time 245.701,400,000 s)
2024-06-04 00:13:08,900 INFO  - Received CAM message from veh_74 (at simulation time 245.701,900,000 s)
2024-06-04 00:13:08,901 INFO  - Atempting to process queue (at simulation time 245.800,000,000 s)
2024-06-04 00:13:08,901 INFO  - Vehicle is outside the detection area. (at simulation time 245.800,000,000 s)
2024-06-04 00:13:08,901 INFO  - Sent broadcast CAM message to all vehicles (at simulation time 245.800,000,000 s)
2024-06-04 00:13:08,901 INFO  - Received CAM message from veh_74 (at simulation time 245.800,400,000 s)
2024-06-04 00:13:08,902 INFO  - Received CAM message from veh_96 (at simulation time 245.801,900,000 s)
2024-06-04 00:13:08,902 INFO  - Atempting to process queue (at simulation time 245.900,000,000 s)
2024-06-04 00:13:08,902 INFO  - Vehicle is outside the detection area. (at simulation time 245.900,000,000 s)
2024-06-04 00:13:08,902 INFO  - Sent broadcast CAM message to all vehicles (at simulation time 245.900,000,000 s)
2024-06-04 00:13:08,903 INFO  - Received CAM message from veh_96 (at simulation time 245.902,400,000 s)
2024-06-04 00:13:08,903 INFO  - Received CAM message from veh_74 (at simulation time 245.902,400,000 s)
2024-06-04 00:13:08,905 INFO  - Atempting to process queue (at simulation time 246.000,000,000 s)
2024-06-04 00:13:08,905 INFO  - Vehicle is outside the detection area. (at simulation time 246.000,000,000 s)
2024-06-04 00:13:08,905 INFO  - Sent broadcast CAM message to all vehicles (at simulation time 246.000,000,000 s)
2024-06-04 00:13:08,906 INFO  - Received CAM message from veh_96 (at simulation time 246.000,400,000 s)
2024-06-04 00:13:08,907 INFO  - Received CAM message from veh_74 (at simulation time 246.000,900,000 s)
2024-06-04 00:13:08,907 INFO  - Atempting to process queue (at simulation time 246.100,000,000 s)
2024-06-04 00:13:08,907 INFO  - Vehicle is outside the detection area. (at simulation time 246.100,000,000 s)
2024-06-04 00:13:08,907 INFO  - Sent broadcast CAM message to all vehicles (at simulation time 246.100,000,000 s)
2024-06-04 00:13:08,908 INFO  - Received CAM message from veh_74 (at simulation time 246.101,400,000 s)
2024-06-04 00:13:08,908 INFO  - Received CAM message from veh_96 (at simulation time 246.101,900,000 s)
2024-06-04 00:13:08,909 INFO  - Atempting to process queue (at simulation time 246.200,000,000 s)
2024-06-04 00:13:08,909 INFO  - Vehicle is outside the detection area. (at simulation time 246.200,000,000 s)
2024-06-04 00:13:08,909 INFO  - Sent broadcast CAM message to all vehicles (at simulation time 246.200,000,000 s)
2024-06-04 00:13:08,911 INFO  - Received CAM message from veh_96 (at simulation time 246.200,900,000 s)
2024-06-04 00:13:08,912 INFO  - Received CAM message from veh_74 (at simulation time 246.202,400,000 s)
2024-06-04 00:13:08,912 INFO  - Atempting to process queue (at simulation time 246.300,000,000 s)
2024-06-04 00:13:08,912 INFO  - Vehicle is outside the detection area. (at simulation time 246.300,000,000 s)
2024-06-04 00:13:08,912 INFO  - Sent broadcast CAM message to all vehicles (at simulation time 246.300,000,000 s)
2024-06-04 00:13:08,914 INFO  - Received CAM message from veh_74 (at simulation time 246.300,900,000 s)
2024-06-04 00:13:08,915 INFO  - Received CAM message from veh_96 (at simulation time 246.302,400,000 s)
2024-06-04 00:13:08,915 INFO  - Atempting to process queue (at simulation time 246.400,000,000 s)
2024-06-04 00:13:08,915 INFO  - Vehicle is outside the detection area. (at simulation time 246.400,000,000 s)
2024-06-04 00:13:08,915 INFO  - Sent broadcast CAM message to all vehicles (at simulation time 246.400,000,000 s)
2024-06-04 00:13:08,917 INFO  - Received CAM message from veh_74 (at simulation time 246.401,400,000 s)
2024-06-04 00:13:08,917 INFO  - Received CAM message from veh_96 (at simulation time 246.401,900,000 s)
2024-06-04 00:13:08,918 INFO  - Atempting to process queue (at simulation time 246.500,000,000 s)
2024-06-04 00:13:08,918 INFO  - Vehicle is outside the detection area. (at simulation time 246.500,000,000 s)
2024-06-04 00:13:08,918 INFO  - Sent broadcast CAM message to all vehicles (at simulation time 246.500,000,000 s)
2024-06-04 00:13:08,919 INFO  - Received CAM message from veh_74 (at simulation time 246.500,900,000 s)
2024-06-04 00:13:08,919 INFO  - Received CAM message from veh_96 (at simulation time 246.501,400,000 s)
2024-06-04 00:13:08,919 INFO  - Atempting to process queue (at simulation time 246.600,000,000 s)
2024-06-04 00:13:08,919 INFO  - Vehicle is outside the detection area. (at simulation time 246.600,000,000 s)
2024-06-04 00:13:08,919 INFO  - Sent broadcast CAM message to all vehicles (at simulation time 246.600,000,000 s)
2024-06-04 00:13:08,920 INFO  - Received CAM message from veh_96 (at simulation time 246.601,400,000 s)
2024-06-04 00:13:08,920 INFO  - Received CAM message from veh_74 (at simulation time 246.601,900,000 s)
2024-06-04 00:13:08,921 INFO  - Atempting to process queue (at simulation time 246.700,000,000 s)
2024-06-04 00:13:08,921 INFO  - Vehicle is outside the detection area. (at simulation time 246.700,000,000 s)
2024-06-04 00:13:08,921 INFO  - Sent broadcast CAM message to all vehicles (at simulation time 246.700,000,000 s)
2024-06-04 00:13:08,922 INFO  - Received CAM message from veh_96 (at simulation time 246.701,900,000 s)
2024-06-04 00:13:08,922 INFO  - Received CAM message from veh_74 (at simulation time 246.702,400,000 s)
2024-06-04 00:13:08,922 INFO  - Atempting to process queue (at simulation time 246.800,000,000 s)
2024-06-04 00:13:08,922 INFO  - Vehicle is outside the detection area. (at simulation time 246.800,000,000 s)
2024-06-04 00:13:08,922 INFO  - Sent broadcast CAM message to all vehicles (at simulation time 246.800,000,000 s)
2024-06-04 00:13:08,922 INFO  - Received CAM message from veh_96 (at simulation time 246.800,400,000 s)
2024-06-04 00:13:08,923 INFO  - Received CAM message from veh_74 (at simulation time 246.801,900,000 s)
2024-06-04 00:13:08,923 INFO  - Atempting to process queue (at simulation time 246.900,000,000 s)
2024-06-04 00:13:08,923 INFO  - Vehicle is outside the detection area. (at simulation time 246.900,000,000 s)
2024-06-04 00:13:08,923 INFO  - Sent broadcast CAM message to all vehicles (at simulation time 246.900,000,000 s)
2024-06-04 00:13:08,924 INFO  - Received CAM message from veh_74 (at simulation time 246.900,900,000 s)
2024-06-04 00:13:08,924 INFO  - Received CAM message from veh_96 (at simulation time 246.901,400,000 s)
2024-06-04 00:13:08,931 INFO  - Atempting to process queue (at simulation time 247.000,000,000 s)
2024-06-04 00:13:08,931 INFO  - Vehicle is outside the detection area. (at simulation time 247.000,000,000 s)
2024-06-04 00:13:08,931 INFO  - Sent broadcast CAM message to all vehicles (at simulation time 247.000,000,000 s)
2024-06-04 00:13:08,933 INFO  - Received CAM message from veh_96 (at simulation time 247.000,400,000 s)
2024-06-04 00:13:08,934 INFO  - Received CAM message from veh_74 (at simulation time 247.001,400,000 s)
2024-06-04 00:13:08,934 INFO  - Atempting to process queue (at simulation time 247.100,000,000 s)
2024-06-04 00:13:08,934 INFO  - Vehicle is outside the detection area. (at simulation time 247.100,000,000 s)
2024-06-04 00:13:08,934 INFO  - Sent broadcast CAM message to all vehicles (at simulation time 247.100,000,000 s)
2024-06-04 00:13:08,935 INFO  - Received CAM message from veh_74 (at simulation time 247.100,900,000 s)
2024-06-04 00:13:08,936 INFO  - Received CAM message from veh_96 (at simulation time 247.102,400,000 s)
2024-06-04 00:13:08,936 INFO  - Atempting to process queue (at simulation time 247.200,000,000 s)
2024-06-04 00:13:08,936 INFO  - Vehicle is outside the detection area. (at simulation time 247.200,000,000 s)
2024-06-04 00:13:08,936 INFO  - Sent broadcast CAM message to all vehicles (at simulation time 247.200,000,000 s)
2024-06-04 00:13:08,937 INFO  - Received CAM message from veh_96 (at simulation time 247.201,400,000 s)
2024-06-04 00:13:08,937 INFO  - Received CAM message from veh_74 (at simulation time 247.201,900,000 s)
2024-06-04 00:13:08,937 INFO  - Atempting to process queue (at simulation time 247.300,000,000 s)
2024-06-04 00:13:08,937 INFO  - Vehicle is outside the detection area. (at simulation time 247.300,000,000 s)
2024-06-04 00:13:08,937 INFO  - Sent broadcast CAM message to all vehicles (at simulation time 247.300,000,000 s)
2024-06-04 00:13:08,938 INFO  - Received CAM message from veh_74 (at simulation time 247.300,900,000 s)
2024-06-04 00:13:08,938 INFO  - Received CAM message from veh_96 (at simulation time 247.301,400,000 s)
2024-06-04 00:13:08,939 INFO  - Atempting to process queue (at simulation time 247.400,000,000 s)
2024-06-04 00:13:08,939 INFO  - Vehicle is outside the detection area. (at simulation time 247.400,000,000 s)
2024-06-04 00:13:08,939 INFO  - Sent broadcast CAM message to all vehicles (at simulation time 247.400,000,000 s)
2024-06-04 00:13:08,940 INFO  - Received CAM message from veh_96 (at simulation time 247.400,900,000 s)
2024-06-04 00:13:08,940 INFO  - Received CAM message from veh_74 (at simulation time 247.401,900,000 s)
2024-06-04 00:13:08,940 INFO  - Atempting to process queue (at simulation time 247.500,000,000 s)
2024-06-04 00:13:08,940 INFO  - Vehicle is outside the detection area. (at simulation time 247.500,000,000 s)
2024-06-04 00:13:08,940 INFO  - Sent broadcast CAM message to all vehicles (at simulation time 247.500,000,000 s)
2024-06-04 00:13:08,941 INFO  - Received CAM message from veh_96 (at simulation time 247.500,900,000 s)
2024-06-04 00:13:08,942 INFO  - Received CAM message from veh_74 (at simulation time 247.501,900,000 s)
2024-06-04 00:13:08,942 INFO  - Atempting to process queue (at simulation time 247.600,000,000 s)
2024-06-04 00:13:08,942 INFO  - Vehicle is outside the detection area. (at simulation time 247.600,000,000 s)
2024-06-04 00:13:08,942 INFO  - Sent broadcast CAM message to all vehicles (at simulation time 247.600,000,000 s)
2024-06-04 00:13:08,943 INFO  - Received CAM message from veh_96 (at simulation time 247.601,400,000 s)
2024-06-04 00:13:08,944 INFO  - Received CAM message from veh_74 (at simulation time 247.602,400,000 s)
2024-06-04 00:13:08,944 INFO  - Atempting to process queue (at simulation time 247.700,000,000 s)
2024-06-04 00:13:08,944 INFO  - Vehicle is outside the detection area. (at simulation time 247.700,000,000 s)
2024-06-04 00:13:08,944 INFO  - Sent broadcast CAM message to all vehicles (at simulation time 247.700,000,000 s)
2024-06-04 00:13:08,945 INFO  - Received CAM message from veh_96 (at simulation time 247.701,900,000 s)
2024-06-04 00:13:08,945 INFO  - Received CAM message from veh_74 (at simulation time 247.702,400,000 s)
2024-06-04 00:13:08,946 INFO  - Atempting to process queue (at simulation time 247.800,000,000 s)
2024-06-04 00:13:08,946 INFO  - Vehicle is outside the detection area. (at simulation time 247.800,000,000 s)
2024-06-04 00:13:08,946 INFO  - Sent broadcast CAM message to all vehicles (at simulation time 247.800,000,000 s)
2024-06-04 00:13:08,946 INFO  - Received CAM message from veh_74 (at simulation time 247.800,400,000 s)
2024-06-04 00:13:08,947 INFO  - Received CAM message from veh_96 (at simulation time 247.801,900,000 s)
2024-06-04 00:13:08,948 INFO  - Atempting to process queue (at simulation time 247.900,000,000 s)
2024-06-04 00:13:08,948 INFO  - Vehicle is outside the detection area. (at simulation time 247.900,000,000 s)
2024-06-04 00:13:08,948 INFO  - Sent broadcast CAM message to all vehicles (at simulation time 247.900,000,000 s)
2024-06-04 00:13:08,950 INFO  - Received CAM message from veh_74 (at simulation time 247.900,900,000 s)
2024-06-04 00:13:08,950 INFO  - Received CAM message from veh_96 (at simulation time 247.901,400,000 s)
2024-06-04 00:13:08,953 INFO  - Atempting to process queue (at simulation time 248.000,000,000 s)
2024-06-04 00:13:08,953 INFO  - Vehicle is outside the detection area. (at simulation time 248.000,000,000 s)
2024-06-04 00:13:08,953 INFO  - Sent broadcast CAM message to all vehicles (at simulation time 248.000,000,000 s)
2024-06-04 00:13:08,955 INFO  - Received CAM message from veh_96 (at simulation time 248.000,900,000 s)
2024-06-04 00:13:08,955 INFO  - Received CAM message from veh_74 (at simulation time 248.000,900,000 s)
2024-06-04 00:13:08,956 INFO  - Atempting to process queue (at simulation time 248.100,000,000 s)
2024-06-04 00:13:08,956 INFO  - Vehicle is outside the detection area. (at simulation time 248.100,000,000 s)
2024-06-04 00:13:08,956 INFO  - Sent broadcast CAM message to all vehicles (at simulation time 248.100,000,000 s)
2024-06-04 00:13:08,957 INFO  - Received CAM message from veh_74 (at simulation time 248.100,400,000 s)
2024-06-04 00:13:08,957 INFO  - Received CAM message from veh_96 (at simulation time 248.102,400,000 s)
2024-06-04 00:13:08,957 INFO  - Atempting to process queue (at simulation time 248.200,000,000 s)
2024-06-04 00:13:08,957 INFO  - Vehicle is outside the detection area. (at simulation time 248.200,000,000 s)
2024-06-04 00:13:08,957 INFO  - Sent broadcast CAM message to all vehicles (at simulation time 248.200,000,000 s)
2024-06-04 00:13:08,959 INFO  - Received CAM message from veh_96 (at simulation time 248.200,900,000 s)
2024-06-04 00:13:08,959 INFO  - Received CAM message from veh_74 (at simulation time 248.201,900,000 s)
2024-06-04 00:13:08,960 INFO  - Atempting to process queue (at simulation time 248.300,000,000 s)
2024-06-04 00:13:08,960 INFO  - Vehicle is outside the detection area. (at simulation time 248.300,000,000 s)
2024-06-04 00:13:08,960 INFO  - Sent broadcast CAM message to all vehicles (at simulation time 248.300,000,000 s)
2024-06-04 00:13:08,961 INFO  - Received CAM message from veh_96 (at simulation time 248.302,400,000 s)
2024-06-04 00:13:08,962 INFO  - Received CAM message from veh_74 (at simulation time 248.302,400,000 s)
2024-06-04 00:13:08,962 INFO  - Atempting to process queue (at simulation time 248.400,000,000 s)
2024-06-04 00:13:08,962 INFO  - Vehicle is outside the detection area. (at simulation time 248.400,000,000 s)
2024-06-04 00:13:08,962 INFO  - Sent broadcast CAM message to all vehicles (at simulation time 248.400,000,000 s)
2024-06-04 00:13:08,962 INFO  - Received CAM message from veh_74 (at simulation time 248.400,400,000 s)
2024-06-04 00:13:08,963 INFO  - Received CAM message from veh_96 (at simulation time 248.401,400,000 s)
2024-06-04 00:13:08,964 INFO  - Atempting to process queue (at simulation time 248.500,000,000 s)
2024-06-04 00:13:08,964 INFO  - Vehicle is outside the detection area. (at simulation time 248.500,000,000 s)
2024-06-04 00:13:08,964 INFO  - Sent broadcast CAM message to all vehicles (at simulation time 248.500,000,000 s)
2024-06-04 00:13:08,965 INFO  - Received CAM message from veh_96 (at simulation time 248.501,400,000 s)
2024-06-04 00:13:08,965 INFO  - Received CAM message from veh_74 (at simulation time 248.501,900,000 s)
2024-06-04 00:13:08,966 INFO  - Atempting to process queue (at simulation time 248.600,000,000 s)
2024-06-04 00:13:08,966 INFO  - Vehicle is outside the detection area. (at simulation time 248.600,000,000 s)
2024-06-04 00:13:08,966 INFO  - Sent broadcast CAM message to all vehicles (at simulation time 248.600,000,000 s)
2024-06-04 00:13:08,966 INFO  - Received CAM message from veh_74 (at simulation time 248.600,400,000 s)
2024-06-04 00:13:08,967 INFO  - Received CAM message from veh_96 (at simulation time 248.600,900,000 s)
2024-06-04 00:13:08,968 INFO  - Atempting to process queue (at simulation time 248.700,000,000 s)
2024-06-04 00:13:08,968 INFO  - Vehicle is outside the detection area. (at simulation time 248.700,000,000 s)
2024-06-04 00:13:08,968 INFO  - Sent broadcast CAM message to all vehicles (at simulation time 248.700,000,000 s)
2024-06-04 00:13:08,969 INFO  - Received CAM message from veh_74 (at simulation time 248.700,400,000 s)
2024-06-04 00:13:08,969 INFO  - Received CAM message from veh_96 (at simulation time 248.702,400,000 s)
2024-06-04 00:13:08,970 INFO  - Atempting to process queue (at simulation time 248.800,000,000 s)
2024-06-04 00:13:08,970 INFO  - Vehicle is outside the detection area. (at simulation time 248.800,000,000 s)
2024-06-04 00:13:08,970 INFO  - Sent broadcast CAM message to all vehicles (at simulation time 248.800,000,000 s)
2024-06-04 00:13:08,970 INFO  - Received CAM message from veh_74 (at simulation time 248.800,400,000 s)
2024-06-04 00:13:08,971 INFO  - Received CAM message from veh_96 (at simulation time 248.800,900,000 s)
2024-06-04 00:13:08,971 INFO  - Atempting to process queue (at simulation time 248.900,000,000 s)
2024-06-04 00:13:08,971 INFO  - Vehicle is outside the detection area. (at simulation time 248.900,000,000 s)
2024-06-04 00:13:08,971 INFO  - Sent broadcast CAM message to all vehicles (at simulation time 248.900,000,000 s)
2024-06-04 00:13:08,972 INFO  - Received CAM message from veh_96 (at simulation time 248.900,400,000 s)
2024-06-04 00:13:08,972 INFO  - Received CAM message from veh_74 (at simulation time 248.900,900,000 s)
2024-06-04 00:13:09,078 INFO  - Atempting to process queue (at simulation time 249.000,000,000 s)
2024-06-04 00:13:09,078 INFO  - Vehicle is outside the detection area. (at simulation time 249.000,000,000 s)
2024-06-04 00:13:09,078 INFO  - Sent broadcast CAM message to all vehicles (at simulation time 249.000,000,000 s)
2024-06-04 00:13:09,080 INFO  - Atempting to process queue (at simulation time 249.100,000,000 s)
2024-06-04 00:13:09,080 INFO  - Vehicle is outside the detection area. (at simulation time 249.100,000,000 s)
2024-06-04 00:13:09,080 INFO  - Sent broadcast CAM message to all vehicles (at simulation time 249.100,000,000 s)
2024-06-04 00:13:09,081 INFO  - Atempting to process queue (at simulation time 249.200,000,000 s)
2024-06-04 00:13:09,081 INFO  - Vehicle is outside the detection area. (at simulation time 249.200,000,000 s)
2024-06-04 00:13:09,081 INFO  - Sent broadcast CAM message to all vehicles (at simulation time 249.200,000,000 s)
2024-06-04 00:13:09,083 INFO  - Atempting to process queue (at simulation time 249.300,000,000 s)
2024-06-04 00:13:09,083 INFO  - Vehicle is outside the detection area. (at simulation time 249.300,000,000 s)
2024-06-04 00:13:09,083 INFO  - Sent broadcast CAM message to all vehicles (at simulation time 249.300,000,000 s)
2024-06-04 00:13:09,085 INFO  - Atempting to process queue (at simulation time 249.400,000,000 s)
2024-06-04 00:13:09,085 INFO  - Vehicle is outside the detection area. (at simulation time 249.400,000,000 s)
2024-06-04 00:13:09,085 INFO  - Sent broadcast CAM message to all vehicles (at simulation time 249.400,000,000 s)
2024-06-04 00:13:09,086 INFO  - Atempting to process queue (at simulation time 249.500,000,000 s)
2024-06-04 00:13:09,086 INFO  - Vehicle is outside the detection area. (at simulation time 249.500,000,000 s)
2024-06-04 00:13:09,086 INFO  - Sent broadcast CAM message to all vehicles (at simulation time 249.500,000,000 s)
2024-06-04 00:13:09,087 INFO  - Atempting to process queue (at simulation time 249.600,000,000 s)
2024-06-04 00:13:09,087 INFO  - Vehicle is outside the detection area. (at simulation time 249.600,000,000 s)
2024-06-04 00:13:09,087 INFO  - Sent broadcast CAM message to all vehicles (at simulation time 249.600,000,000 s)
2024-06-04 00:13:09,089 INFO  - Atempting to process queue (at simulation time 249.700,000,000 s)
2024-06-04 00:13:09,089 INFO  - Vehicle is outside the detection area. (at simulation time 249.700,000,000 s)
2024-06-04 00:13:09,089 INFO  - Sent broadcast CAM message to all vehicles (at simulation time 249.700,000,000 s)
2024-06-04 00:13:09,090 INFO  - Atempting to process queue (at simulation time 249.800,000,000 s)
2024-06-04 00:13:09,090 INFO  - Vehicle is outside the detection area. (at simulation time 249.800,000,000 s)
2024-06-04 00:13:09,090 INFO  - Sent broadcast CAM message to all vehicles (at simulation time 249.800,000,000 s)
2024-06-04 00:13:09,091 INFO  - Atempting to process queue (at simulation time 249.900,000,000 s)
2024-06-04 00:13:09,091 INFO  - Vehicle is outside the detection area. (at simulation time 249.900,000,000 s)
2024-06-04 00:13:09,091 INFO  - Sent broadcast CAM message to all vehicles (at simulation time 249.900,000,000 s)
2024-06-04 00:13:09,096 INFO  - Shutdown application (at simulation time 250.000,000,000 s)
