2024-06-04 00:13:02,199 INFO  - Initialize application (at simulation time 8.000,000,000 s)
2024-06-04 00:13:02,200 INFO  - Activated WLAN Module (at simulation time 8.000,000,000 s)
2024-06-04 00:13:02,200 INFO  - Vehicle is outside the detection area. (at simulation time 8.000,000,000 s)
2024-06-04 00:13:02,200 INFO  - Sent broadcast CAM message to all vehicles (at simulation time 8.000,000,000 s)
2024-06-04 00:13:02,205 INFO  - Received CAM message from veh_4 (at simulation time 8.002,400,000 s)
2024-06-04 00:13:02,205 INFO  - Atempting to process queue (at simulation time 8.100,000,000 s)
2024-06-04 00:13:02,205 INFO  - Vehicle is outside the detection area. (at simulation time 8.100,000,000 s)
2024-06-04 00:13:02,210 INFO  - Sent broadcast CAM message to all vehicles (at simulation time 8.100,000,000 s)
2024-06-04 00:13:02,211 INFO  - Received CAM message from veh_4 (at simulation time 8.100,400,000 s)
2024-06-04 00:13:02,212 INFO  - Atempting to process queue (at simulation time 8.200,000,000 s)
2024-06-04 00:13:02,212 INFO  - Vehicle is outside the detection area. (at simulation time 8.200,000,000 s)
2024-06-04 00:13:02,212 INFO  - Sent broadcast CAM message to all vehicles (at simulation time 8.200,000,000 s)
2024-06-04 00:13:02,214 INFO  - Received CAM message from veh_4 (at simulation time 8.201,900,000 s)
2024-06-04 00:13:02,214 INFO  - Atempting to process queue (at simulation time 8.300,000,000 s)
2024-06-04 00:13:02,214 INFO  - Vehicle is outside the detection area. (at simulation time 8.300,000,000 s)
2024-06-04 00:13:02,215 INFO  - Sent broadcast CAM message to all vehicles (at simulation time 8.300,000,000 s)
2024-06-04 00:13:02,216 INFO  - Received CAM message from veh_4 (at simulation time 8.301,400,000 s)
2024-06-04 00:13:02,217 INFO  - Atempting to process queue (at simulation time 8.400,000,000 s)
2024-06-04 00:13:02,217 INFO  - Vehicle is outside the detection area. (at simulation time 8.400,000,000 s)
2024-06-04 00:13:02,217 INFO  - Sent broadcast CAM message to all vehicles (at simulation time 8.400,000,000 s)
2024-06-04 00:13:02,218 INFO  - Received CAM message from veh_4 (at simulation time 8.401,900,000 s)
2024-06-04 00:13:02,218 INFO  - Atempting to process queue (at simulation time 8.500,000,000 s)
2024-06-04 00:13:02,218 INFO  - Vehicle is outside the detection area. (at simulation time 8.500,000,000 s)
2024-06-04 00:13:02,218 INFO  - Sent broadcast CAM message to all vehicles (at simulation time 8.500,000,000 s)
2024-06-04 00:13:02,219 INFO  - Received CAM message from veh_4 (at simulation time 8.500,400,000 s)
2024-06-04 00:13:02,220 INFO  - Atempting to process queue (at simulation time 8.600,000,000 s)
2024-06-04 00:13:02,220 INFO  - Vehicle is outside the detection area. (at simulation time 8.600,000,000 s)
2024-06-04 00:13:02,220 INFO  - Sent broadcast CAM message to all vehicles (at simulation time 8.600,000,000 s)
2024-06-04 00:13:02,221 INFO  - Received CAM message from veh_4 (at simulation time 8.601,900,000 s)
2024-06-04 00:13:02,221 INFO  - Atempting to process queue (at simulation time 8.700,000,000 s)
2024-06-04 00:13:02,221 INFO  - Vehicle is outside the detection area. (at simulation time 8.700,000,000 s)
2024-06-04 00:13:02,221 INFO  - Sent broadcast CAM message to all vehicles (at simulation time 8.700,000,000 s)
2024-06-04 00:13:02,222 INFO  - Received CAM message from veh_4 (at simulation time 8.701,900,000 s)
2024-06-04 00:13:02,222 INFO  - Atempting to process queue (at simulation time 8.800,000,000 s)
2024-06-04 00:13:02,222 INFO  - Vehicle is outside the detection area. (at simulation time 8.800,000,000 s)
2024-06-04 00:13:02,222 INFO  - Sent broadcast CAM message to all vehicles (at simulation time 8.800,000,000 s)
2024-06-04 00:13:02,223 INFO  - Received CAM message from veh_4 (at simulation time 8.800,400,000 s)
2024-06-04 00:13:02,223 INFO  - Atempting to process queue (at simulation time 8.900,000,000 s)
2024-06-04 00:13:02,223 INFO  - Vehicle is outside the detection area. (at simulation time 8.900,000,000 s)
2024-06-04 00:13:02,223 INFO  - Sent broadcast CAM message to all vehicles (at simulation time 8.900,000,000 s)
2024-06-04 00:13:02,224 INFO  - Received CAM message from veh_4 (at simulation time 8.900,900,000 s)
2024-06-04 00:13:02,227 INFO  - Atempting to process queue (at simulation time 9.000,000,000 s)
2024-06-04 00:13:02,227 INFO  - Vehicle is outside the detection area. (at simulation time 9.000,000,000 s)
2024-06-04 00:13:02,227 INFO  - Sent broadcast CAM message to all vehicles (at simulation time 9.000,000,000 s)
2024-06-04 00:13:02,233 INFO  - Received CAM message from veh_4 (at simulation time 9.001,400,000 s)
2024-06-04 00:13:02,235 INFO  - Atempting to process queue (at simulation time 9.100,000,000 s)
2024-06-04 00:13:02,235 INFO  - Vehicle is outside the detection area. (at simulation time 9.100,000,000 s)
2024-06-04 00:13:02,235 INFO  - Sent broadcast CAM message to all vehicles (at simulation time 9.100,000,000 s)
2024-06-04 00:13:02,238 INFO  - Received CAM message from veh_4 (at simulation time 9.102,400,000 s)
2024-06-04 00:13:02,238 INFO  - Atempting to process queue (at simulation time 9.200,000,000 s)
2024-06-04 00:13:02,238 INFO  - Vehicle is outside the detection area. (at simulation time 9.200,000,000 s)
2024-06-04 00:13:02,238 INFO  - Sent broadcast CAM message to all vehicles (at simulation time 9.200,000,000 s)
2024-06-04 00:13:02,239 INFO  - Received CAM message from veh_4 (at simulation time 9.200,400,000 s)
2024-06-04 00:13:02,240 INFO  - Atempting to process queue (at simulation time 9.300,000,000 s)
2024-06-04 00:13:02,240 INFO  - Vehicle is outside the detection area. (at simulation time 9.300,000,000 s)
2024-06-04 00:13:02,240 INFO  - Sent broadcast CAM message to all vehicles (at simulation time 9.300,000,000 s)
2024-06-04 00:13:02,241 INFO  - Received CAM message from veh_4 (at simulation time 9.302,400,000 s)
2024-06-04 00:13:02,241 INFO  - Atempting to process queue (at simulation time 9.400,000,000 s)
2024-06-04 00:13:02,241 INFO  - Vehicle is outside the detection area. (at simulation time 9.400,000,000 s)
2024-06-04 00:13:02,241 INFO  - Sent broadcast CAM message to all vehicles (at simulation time 9.400,000,000 s)
2024-06-04 00:13:02,242 INFO  - Received CAM message from veh_4 (at simulation time 9.400,400,000 s)
2024-06-04 00:13:02,244 INFO  - Atempting to process queue (at simulation time 9.500,000,000 s)
2024-06-04 00:13:02,244 INFO  - Vehicle is outside the detection area. (at simulation time 9.500,000,000 s)
2024-06-04 00:13:02,244 INFO  - Sent broadcast CAM message to all vehicles (at simulation time 9.500,000,000 s)
2024-06-04 00:13:02,246 INFO  - Received CAM message from veh_4 (at simulation time 9.502,400,000 s)
2024-06-04 00:13:02,246 INFO  - Atempting to process queue (at simulation time 9.600,000,000 s)
2024-06-04 00:13:02,246 INFO  - Vehicle is outside the detection area. (at simulation time 9.600,000,000 s)
2024-06-04 00:13:02,246 INFO  - Sent broadcast CAM message to all vehicles (at simulation time 9.600,000,000 s)
2024-06-04 00:13:02,248 INFO  - Received CAM message from veh_4 (at simulation time 9.600,900,000 s)
2024-06-04 00:13:02,248 INFO  - Atempting to process queue (at simulation time 9.700,000,000 s)
2024-06-04 00:13:02,248 INFO  - Vehicle is outside the detection area. (at simulation time 9.700,000,000 s)
2024-06-04 00:13:02,248 INFO  - Sent broadcast CAM message to all vehicles (at simulation time 9.700,000,000 s)
2024-06-04 00:13:02,249 INFO  - Received CAM message from veh_4 (at simulation time 9.700,400,000 s)
2024-06-04 00:13:02,250 INFO  - Atempting to process queue (at simulation time 9.800,000,000 s)
2024-06-04 00:13:02,250 INFO  - Vehicle is outside the detection area. (at simulation time 9.800,000,000 s)
2024-06-04 00:13:02,250 INFO  - Sent broadcast CAM message to all vehicles (at simulation time 9.800,000,000 s)
2024-06-04 00:13:02,251 INFO  - Received CAM message from veh_4 (at simulation time 9.801,400,000 s)
2024-06-04 00:13:02,251 INFO  - Atempting to process queue (at simulation time 9.900,000,000 s)
2024-06-04 00:13:02,251 INFO  - Vehicle is outside the detection area. (at simulation time 9.900,000,000 s)
2024-06-04 00:13:02,251 INFO  - Sent broadcast CAM message to all vehicles (at simulation time 9.900,000,000 s)
2024-06-04 00:13:02,252 INFO  - Received CAM message from veh_4 (at simulation time 9.902,400,000 s)
2024-06-04 00:13:02,259 INFO  - Atempting to process queue (at simulation time 10.000,000,000 s)
2024-06-04 00:13:02,259 INFO  - Vehicle is outside the detection area. (at simulation time 10.000,000,000 s)
2024-06-04 00:13:02,259 INFO  - Sent broadcast CAM message to all vehicles (at simulation time 10.000,000,000 s)
2024-06-04 00:13:02,261 INFO  - Received CAM message from veh_4 (at simulation time 10.001,400,000 s)
2024-06-04 00:13:02,262 INFO  - Atempting to process queue (at simulation time 10.100,000,000 s)
2024-06-04 00:13:02,262 INFO  - Vehicle is outside the detection area. (at simulation time 10.100,000,000 s)
2024-06-04 00:13:02,263 INFO  - Sent broadcast CAM message to all vehicles (at simulation time 10.100,000,000 s)
2024-06-04 00:13:02,265 INFO  - Received CAM message from veh_4 (at simulation time 10.100,900,000 s)
2024-06-04 00:13:02,265 INFO  - Atempting to process queue (at simulation time 10.200,000,000 s)
2024-06-04 00:13:02,265 INFO  - Vehicle is outside the detection area. (at simulation time 10.200,000,000 s)
2024-06-04 00:13:02,265 INFO  - Sent broadcast CAM message to all vehicles (at simulation time 10.200,000,000 s)
2024-06-04 00:13:02,266 INFO  - Received CAM message from veh_4 (at simulation time 10.200,900,000 s)
2024-06-04 00:13:02,267 INFO  - Atempting to process queue (at simulation time 10.300,000,000 s)
2024-06-04 00:13:02,267 INFO  - Vehicle is outside the detection area. (at simulation time 10.300,000,000 s)
2024-06-04 00:13:02,267 INFO  - Sent broadcast CAM message to all vehicles (at simulation time 10.300,000,000 s)
2024-06-04 00:13:02,268 INFO  - Received CAM message from veh_4 (at simulation time 10.300,900,000 s)
2024-06-04 00:13:02,268 INFO  - Atempting to process queue (at simulation time 10.400,000,000 s)
2024-06-04 00:13:02,268 INFO  - Vehicle is outside the detection area. (at simulation time 10.400,000,000 s)
2024-06-04 00:13:02,268 INFO  - Sent broadcast CAM message to all vehicles (at simulation time 10.400,000,000 s)
2024-06-04 00:13:02,269 INFO  - Received CAM message from veh_4 (at simulation time 10.402,400,000 s)
2024-06-04 00:13:02,269 INFO  - Atempting to process queue (at simulation time 10.500,000,000 s)
2024-06-04 00:13:02,269 INFO  - Vehicle is outside the detection area. (at simulation time 10.500,000,000 s)
2024-06-04 00:13:02,269 INFO  - Sent broadcast CAM message to all vehicles (at simulation time 10.500,000,000 s)
2024-06-04 00:13:02,270 INFO  - Received CAM message from veh_4 (at simulation time 10.501,900,000 s)
2024-06-04 00:13:02,270 INFO  - Atempting to process queue (at simulation time 10.600,000,000 s)
2024-06-04 00:13:02,270 INFO  - Vehicle is outside the detection area. (at simulation time 10.600,000,000 s)
2024-06-04 00:13:02,270 INFO  - Sent broadcast CAM message to all vehicles (at simulation time 10.600,000,000 s)
2024-06-04 00:13:02,271 INFO  - Received CAM message from veh_4 (at simulation time 10.600,900,000 s)
2024-06-04 00:13:02,271 INFO  - Atempting to process queue (at simulation time 10.700,000,000 s)
2024-06-04 00:13:02,271 INFO  - Vehicle is outside the detection area. (at simulation time 10.700,000,000 s)
2024-06-04 00:13:02,271 INFO  - Sent broadcast CAM message to all vehicles (at simulation time 10.700,000,000 s)
2024-06-04 00:13:02,272 INFO  - Received CAM message from veh_4 (at simulation time 10.702,400,000 s)
2024-06-04 00:13:02,272 INFO  - Atempting to process queue (at simulation time 10.800,000,000 s)
2024-06-04 00:13:02,272 INFO  - Vehicle is outside the detection area. (at simulation time 10.800,000,000 s)
2024-06-04 00:13:02,272 INFO  - Sent broadcast CAM message to all vehicles (at simulation time 10.800,000,000 s)
2024-06-04 00:13:02,273 INFO  - Received CAM message from veh_4 (at simulation time 10.801,900,000 s)
2024-06-04 00:13:02,273 INFO  - Atempting to process queue (at simulation time 10.900,000,000 s)
2024-06-04 00:13:02,273 INFO  - Vehicle is outside the detection area. (at simulation time 10.900,000,000 s)
2024-06-04 00:13:02,273 INFO  - Sent broadcast CAM message to all vehicles (at simulation time 10.900,000,000 s)
2024-06-04 00:13:02,274 INFO  - Received CAM message from veh_4 (at simulation time 10.901,400,000 s)
2024-06-04 00:13:02,277 INFO  - Atempting to process queue (at simulation time 11.000,000,000 s)
2024-06-04 00:13:02,277 INFO  - Vehicle is inside the detection area. (at simulation time 11.000,000,000 s)
2024-06-04 00:13:02,277 INFO  - Vehicle is too far away from the traffic light. (at simulation time 11.000,000,000 s)
2024-06-04 00:13:02,277 INFO  - Sent Detection message to veh_4 (at simulation time 11.000,000,000 s)
2024-06-04 00:13:02,277 INFO  - Sent broadcast CAM message to all vehicles (at simulation time 11.000,000,000 s)
2024-06-04 00:13:02,278 INFO  - Received CAM message from veh_4 (at simulation time 11.001,400,000 s)
2024-06-04 00:13:02,279 INFO  - Atempting to process queue (at simulation time 11.100,000,000 s)
2024-06-04 00:13:02,279 INFO  - Vehicle is inside the detection area. (at simulation time 11.100,000,000 s)
2024-06-04 00:13:02,279 INFO  - Vehicle is too far away from the traffic light. (at simulation time 11.100,000,000 s)
2024-06-04 00:13:02,279 INFO  - Sent Detection message to veh_4 (at simulation time 11.100,000,000 s)
2024-06-04 00:13:02,279 INFO  - Sent broadcast CAM message to all vehicles (at simulation time 11.100,000,000 s)
2024-06-04 00:13:02,280 INFO  - Received CAM message from veh_4 (at simulation time 11.101,400,000 s)
2024-06-04 00:13:02,280 INFO  - Atempting to process queue (at simulation time 11.200,000,000 s)
2024-06-04 00:13:02,280 INFO  - Vehicle is inside the detection area. (at simulation time 11.200,000,000 s)
2024-06-04 00:13:02,280 INFO  - Vehicle is too far away from the traffic light. (at simulation time 11.200,000,000 s)
2024-06-04 00:13:02,280 INFO  - Sent Detection message to veh_4 (at simulation time 11.200,000,000 s)
2024-06-04 00:13:02,280 INFO  - Sent broadcast CAM message to all vehicles (at simulation time 11.200,000,000 s)
2024-06-04 00:13:02,281 INFO  - Received CAM message from veh_4 (at simulation time 11.202,400,000 s)
2024-06-04 00:13:02,281 INFO  - Atempting to process queue (at simulation time 11.300,000,000 s)
2024-06-04 00:13:02,281 INFO  - Vehicle is inside the detection area. (at simulation time 11.300,000,000 s)
2024-06-04 00:13:02,282 INFO  - Vehicle is too far away from the traffic light. (at simulation time 11.300,000,000 s)
2024-06-04 00:13:02,282 INFO  - Sent Detection message to veh_4 (at simulation time 11.300,000,000 s)
2024-06-04 00:13:02,282 INFO  - Sent broadcast CAM message to all vehicles (at simulation time 11.300,000,000 s)
2024-06-04 00:13:02,283 INFO  - Received CAM message from veh_4 (at simulation time 11.301,900,000 s)
2024-06-04 00:13:02,283 INFO  - Atempting to process queue (at simulation time 11.400,000,000 s)
2024-06-04 00:13:02,283 INFO  - Vehicle is inside the detection area. (at simulation time 11.400,000,000 s)
2024-06-04 00:13:02,283 INFO  - Vehicle is too far away from the traffic light. (at simulation time 11.400,000,000 s)
2024-06-04 00:13:02,283 INFO  - Sent Detection message to veh_4 (at simulation time 11.400,000,000 s)
2024-06-04 00:13:02,283 INFO  - Sent broadcast CAM message to all vehicles (at simulation time 11.400,000,000 s)
2024-06-04 00:13:02,283 INFO  - Received CAM message from veh_4 (at simulation time 11.400,400,000 s)
2024-06-04 00:13:02,284 INFO  - Atempting to process queue (at simulation time 11.500,000,000 s)
2024-06-04 00:13:02,284 INFO  - Vehicle is inside the detection area. (at simulation time 11.500,000,000 s)
2024-06-04 00:13:02,284 INFO  - Vehicle is too far away from the traffic light. (at simulation time 11.500,000,000 s)
2024-06-04 00:13:02,284 INFO  - Sent Detection message to veh_4 (at simulation time 11.500,000,000 s)
2024-06-04 00:13:02,284 INFO  - Sent broadcast CAM message to all vehicles (at simulation time 11.500,000,000 s)
2024-06-04 00:13:02,285 INFO  - Received CAM message from veh_4 (at simulation time 11.502,400,000 s)
2024-06-04 00:13:02,285 INFO  - Atempting to process queue (at simulation time 11.600,000,000 s)
2024-06-04 00:13:02,285 INFO  - Vehicle is inside the detection area. (at simulation time 11.600,000,000 s)
2024-06-04 00:13:02,285 INFO  - Vehicle is too far away from the traffic light. (at simulation time 11.600,000,000 s)
2024-06-04 00:13:02,286 INFO  - Sent Detection message to veh_4 (at simulation time 11.600,000,000 s)
2024-06-04 00:13:02,286 INFO  - Sent broadcast CAM message to all vehicles (at simulation time 11.600,000,000 s)
2024-06-04 00:13:02,287 INFO  - Received CAM message from veh_4 (at simulation time 11.601,400,000 s)
2024-06-04 00:13:02,287 INFO  - Atempting to process queue (at simulation time 11.700,000,000 s)
2024-06-04 00:13:02,287 INFO  - Vehicle is inside the detection area. (at simulation time 11.700,000,000 s)
2024-06-04 00:13:02,287 INFO  - Vehicle is too far away from the traffic light. (at simulation time 11.700,000,000 s)
2024-06-04 00:13:02,287 INFO  - Sent Detection message to veh_4 (at simulation time 11.700,000,000 s)
2024-06-04 00:13:02,287 INFO  - Sent broadcast CAM message to all vehicles (at simulation time 11.700,000,000 s)
2024-06-04 00:13:02,289 INFO  - Received CAM message from veh_4 (at simulation time 11.701,400,000 s)
2024-06-04 00:13:02,289 INFO  - Atempting to process queue (at simulation time 11.800,000,000 s)
2024-06-04 00:13:02,289 INFO  - Vehicle is inside the detection area. (at simulation time 11.800,000,000 s)
2024-06-04 00:13:02,289 INFO  - Vehicle is too far away from the traffic light. (at simulation time 11.800,000,000 s)
2024-06-04 00:13:02,290 INFO  - Sent Detection message to veh_4 (at simulation time 11.800,000,000 s)
2024-06-04 00:13:02,290 INFO  - Sent broadcast CAM message to all vehicles (at simulation time 11.800,000,000 s)
2024-06-04 00:13:02,291 INFO  - Received CAM message from veh_4 (at simulation time 11.801,400,000 s)
2024-06-04 00:13:02,292 INFO  - Atempting to process queue (at simulation time 11.900,000,000 s)
2024-06-04 00:13:02,292 INFO  - Vehicle is inside the detection area. (at simulation time 11.900,000,000 s)
2024-06-04 00:13:02,292 INFO  - Vehicle is too far away from the traffic light. (at simulation time 11.900,000,000 s)
2024-06-04 00:13:02,292 INFO  - Sent Detection message to veh_4 (at simulation time 11.900,000,000 s)
2024-06-04 00:13:02,292 INFO  - Sent broadcast CAM message to all vehicles (at simulation time 11.900,000,000 s)
2024-06-04 00:13:02,293 INFO  - Received CAM message from veh_4 (at simulation time 11.902,400,000 s)
2024-06-04 00:13:02,297 INFO  - Atempting to process queue (at simulation time 12.000,000,000 s)
2024-06-04 00:13:02,297 INFO  - Vehicle is inside the detection area. (at simulation time 12.000,000,000 s)
2024-06-04 00:13:02,297 INFO  - Vehicle is too far away from the traffic light. (at simulation time 12.000,000,000 s)
2024-06-04 00:13:02,298 INFO  - Sent Detection message to veh_4 (at simulation time 12.000,000,000 s)
2024-06-04 00:13:02,298 INFO  - Sent broadcast CAM message to all vehicles (at simulation time 12.000,000,000 s)
2024-06-04 00:13:02,299 INFO  - Received CAM message from veh_4 (at simulation time 12.000,900,000 s)
2024-06-04 00:13:02,299 INFO  - Atempting to process queue (at simulation time 12.100,000,000 s)
2024-06-04 00:13:02,299 INFO  - Vehicle is inside the detection area. (at simulation time 12.100,000,000 s)
2024-06-04 00:13:02,299 INFO  - Vehicle is too far away from the traffic light. (at simulation time 12.100,000,000 s)
2024-06-04 00:13:02,299 INFO  - Sent Detection message to veh_4 (at simulation time 12.100,000,000 s)
2024-06-04 00:13:02,299 INFO  - Sent broadcast CAM message to all vehicles (at simulation time 12.100,000,000 s)
2024-06-04 00:13:02,300 INFO  - Received CAM message from veh_4 (at simulation time 12.102,400,000 s)
2024-06-04 00:13:02,300 INFO  - Atempting to process queue (at simulation time 12.200,000,000 s)
2024-06-04 00:13:02,300 INFO  - Vehicle is inside the detection area. (at simulation time 12.200,000,000 s)
2024-06-04 00:13:02,300 INFO  - Vehicle is too far away from the traffic light. (at simulation time 12.200,000,000 s)
2024-06-04 00:13:02,300 INFO  - Sent Detection message to veh_4 (at simulation time 12.200,000,000 s)
2024-06-04 00:13:02,301 INFO  - Sent broadcast CAM message to all vehicles (at simulation time 12.200,000,000 s)
2024-06-04 00:13:02,301 INFO  - Received CAM message from veh_4 (at simulation time 12.201,900,000 s)
2024-06-04 00:13:02,302 INFO  - Atempting to process queue (at simulation time 12.300,000,000 s)
2024-06-04 00:13:02,302 INFO  - Vehicle is inside the detection area. (at simulation time 12.300,000,000 s)
2024-06-04 00:13:02,302 INFO  - Vehicle is too far away from the traffic light. (at simulation time 12.300,000,000 s)
2024-06-04 00:13:02,302 INFO  - Sent Detection message to veh_4 (at simulation time 12.300,000,000 s)
2024-06-04 00:13:02,302 INFO  - Sent broadcast CAM message to all vehicles (at simulation time 12.300,000,000 s)
2024-06-04 00:13:02,302 INFO  - Received CAM message from veh_4 (at simulation time 12.300,400,000 s)
2024-06-04 00:13:02,303 INFO  - Atempting to process queue (at simulation time 12.400,000,000 s)
2024-06-04 00:13:02,303 INFO  - Vehicle is inside the detection area. (at simulation time 12.400,000,000 s)
2024-06-04 00:13:02,303 INFO  - Vehicle is too far away from the traffic light. (at simulation time 12.400,000,000 s)
2024-06-04 00:13:02,303 INFO  - Sent Detection message to veh_4 (at simulation time 12.400,000,000 s)
2024-06-04 00:13:02,303 INFO  - Sent broadcast CAM message to all vehicles (at simulation time 12.400,000,000 s)
2024-06-04 00:13:02,304 INFO  - Received CAM message from veh_4 (at simulation time 12.402,400,000 s)
2024-06-04 00:13:02,304 INFO  - Atempting to process queue (at simulation time 12.500,000,000 s)
2024-06-04 00:13:02,304 INFO  - Vehicle is inside the detection area. (at simulation time 12.500,000,000 s)
2024-06-04 00:13:02,304 INFO  - Vehicle is too far away from the traffic light. (at simulation time 12.500,000,000 s)
2024-06-04 00:13:02,304 INFO  - Sent Detection message to veh_4 (at simulation time 12.500,000,000 s)
2024-06-04 00:13:02,304 INFO  - Sent broadcast CAM message to all vehicles (at simulation time 12.500,000,000 s)
2024-06-04 00:13:02,305 INFO  - Received CAM message from veh_4 (at simulation time 12.501,400,000 s)
2024-06-04 00:13:02,305 INFO  - Atempting to process queue (at simulation time 12.600,000,000 s)
2024-06-04 00:13:02,305 INFO  - Vehicle is inside the detection area. (at simulation time 12.600,000,000 s)
2024-06-04 00:13:02,305 INFO  - Vehicle is too far away from the traffic light. (at simulation time 12.600,000,000 s)
2024-06-04 00:13:02,305 INFO  - Sent Detection message to veh_4 (at simulation time 12.600,000,000 s)
2024-06-04 00:13:02,305 INFO  - Sent broadcast CAM message to all vehicles (at simulation time 12.600,000,000 s)
2024-06-04 00:13:02,306 INFO  - Received CAM message from veh_4 (at simulation time 12.602,400,000 s)
2024-06-04 00:13:02,306 INFO  - Atempting to process queue (at simulation time 12.700,000,000 s)
2024-06-04 00:13:02,306 INFO  - Vehicle is inside the detection area. (at simulation time 12.700,000,000 s)
2024-06-04 00:13:02,306 INFO  - Vehicle is too far away from the traffic light. (at simulation time 12.700,000,000 s)
2024-06-04 00:13:02,306 INFO  - Sent Detection message to veh_4 (at simulation time 12.700,000,000 s)
2024-06-04 00:13:02,306 INFO  - Sent broadcast CAM message to all vehicles (at simulation time 12.700,000,000 s)
2024-06-04 00:13:02,307 INFO  - Received CAM message from veh_4 (at simulation time 12.700,900,000 s)
2024-06-04 00:13:02,307 INFO  - Atempting to process queue (at simulation time 12.800,000,000 s)
2024-06-04 00:13:02,307 INFO  - Vehicle is inside the detection area. (at simulation time 12.800,000,000 s)
2024-06-04 00:13:02,307 INFO  - Vehicle is too far away from the traffic light. (at simulation time 12.800,000,000 s)
2024-06-04 00:13:02,308 INFO  - Sent Detection message to veh_4 (at simulation time 12.800,000,000 s)
2024-06-04 00:13:02,308 INFO  - Sent broadcast CAM message to all vehicles (at simulation time 12.800,000,000 s)
2024-06-04 00:13:02,309 INFO  - Received CAM message from veh_4 (at simulation time 12.801,900,000 s)
2024-06-04 00:13:02,309 INFO  - Atempting to process queue (at simulation time 12.900,000,000 s)
2024-06-04 00:13:02,309 INFO  - Vehicle is inside the detection area. (at simulation time 12.900,000,000 s)
2024-06-04 00:13:02,309 INFO  - Vehicle is too far away from the traffic light. (at simulation time 12.900,000,000 s)
2024-06-04 00:13:02,309 INFO  - Sent Detection message to veh_4 (at simulation time 12.900,000,000 s)
2024-06-04 00:13:02,309 INFO  - Sent broadcast CAM message to all vehicles (at simulation time 12.900,000,000 s)
2024-06-04 00:13:02,309 INFO  - Received CAM message from veh_4 (at simulation time 12.902,400,000 s)
2024-06-04 00:13:02,318 INFO  - Atempting to process queue (at simulation time 13.000,000,000 s)
2024-06-04 00:13:02,318 INFO  - Vehicle is inside the detection area. (at simulation time 13.000,000,000 s)
2024-06-04 00:13:02,318 INFO  - Sent Detection message to rsu_0 (at simulation time 13.000,000,000 s)
2024-06-04 00:13:02,318 INFO  - Sent broadcast CAM message to all vehicles (at simulation time 13.000,000,000 s)
2024-06-04 00:13:02,319 INFO  - Received CAM message from veh_6 (at simulation time 13.000,400,000 s)
2024-06-04 00:13:02,319 INFO  - Received CAM message from veh_4 (at simulation time 13.002,400,000 s)
2024-06-04 00:13:02,319 INFO  - Received CAM message from veh_2 (at simulation time 13.002,400,000 s)
2024-06-04 00:13:02,320 INFO  - Atempting to process queue (at simulation time 13.100,000,000 s)
2024-06-04 00:13:02,320 INFO  - Vehicle is inside the detection area. (at simulation time 13.100,000,000 s)
2024-06-04 00:13:02,320 INFO  - Sent Detection message to rsu_0 (at simulation time 13.100,000,000 s)
2024-06-04 00:13:02,320 INFO  - Sent broadcast CAM message to all vehicles (at simulation time 13.100,000,000 s)
2024-06-04 00:13:02,320 INFO  - Received CAM message from veh_6 (at simulation time 13.100,400,000 s)
2024-06-04 00:13:02,321 INFO  - Received CAM message from veh_4 (at simulation time 13.101,900,000 s)
2024-06-04 00:13:02,321 INFO  - Received CAM message from veh_2 (at simulation time 13.102,400,000 s)
2024-06-04 00:13:02,321 INFO  - Atempting to process queue (at simulation time 13.200,000,000 s)
2024-06-04 00:13:02,321 INFO  - Vehicle is inside the detection area. (at simulation time 13.200,000,000 s)
2024-06-04 00:13:02,321 INFO  - Sent Detection message to rsu_0 (at simulation time 13.200,000,000 s)
2024-06-04 00:13:02,321 INFO  - Sent broadcast CAM message to all vehicles (at simulation time 13.200,000,000 s)
2024-06-04 00:13:02,322 INFO  - Received CAM message from veh_2 (at simulation time 13.200,400,000 s)
2024-06-04 00:13:02,322 INFO  - Received CAM message from veh_4 (at simulation time 13.200,900,000 s)
2024-06-04 00:13:02,322 INFO  - Received CAM message from veh_6 (at simulation time 13.201,400,000 s)
2024-06-04 00:13:02,322 INFO  - Atempting to process queue (at simulation time 13.300,000,000 s)
2024-06-04 00:13:02,322 INFO  - Vehicle is inside the detection area. (at simulation time 13.300,000,000 s)
2024-06-04 00:13:02,322 INFO  - Sent Detection message to rsu_0 (at simulation time 13.300,000,000 s)
2024-06-04 00:13:02,322 INFO  - Sent broadcast CAM message to all vehicles (at simulation time 13.300,000,000 s)
2024-06-04 00:13:02,323 INFO  - Received CAM message from veh_6 (at simulation time 13.300,400,000 s)
2024-06-04 00:13:02,323 INFO  - Received CAM message from veh_2 (at simulation time 13.300,900,000 s)
2024-06-04 00:13:02,323 INFO  - Received CAM message from veh_4 (at simulation time 13.301,900,000 s)
2024-06-04 00:13:02,323 INFO  - Atempting to process queue (at simulation time 13.400,000,000 s)
2024-06-04 00:13:02,323 INFO  - Vehicle is inside the detection area. (at simulation time 13.400,000,000 s)
2024-06-04 00:13:02,324 INFO  - Sent Detection message to rsu_0 (at simulation time 13.400,000,000 s)
2024-06-04 00:13:02,324 INFO  - Sent broadcast CAM message to all vehicles (at simulation time 13.400,000,000 s)
2024-06-04 00:13:02,324 INFO  - Received CAM message from veh_4 (at simulation time 13.400,900,000 s)
2024-06-04 00:13:02,324 INFO  - Received CAM message from veh_2 (at simulation time 13.400,900,000 s)
2024-06-04 00:13:02,325 INFO  - Received CAM message from veh_6 (at simulation time 13.401,900,000 s)
2024-06-04 00:13:02,325 INFO  - Atempting to process queue (at simulation time 13.500,000,000 s)
2024-06-04 00:13:02,325 INFO  - Vehicle is inside the detection area. (at simulation time 13.500,000,000 s)
2024-06-04 00:13:02,325 INFO  - Sent Detection message to rsu_0 (at simulation time 13.500,000,000 s)
2024-06-04 00:13:02,325 INFO  - Sent broadcast CAM message to all vehicles (at simulation time 13.500,000,000 s)
2024-06-04 00:13:02,326 INFO  - Received CAM message from veh_6 (at simulation time 13.501,400,000 s)
2024-06-04 00:13:02,326 INFO  - Received CAM message from veh_4 (at simulation time 13.501,900,000 s)
2024-06-04 00:13:02,326 INFO  - Received CAM message from veh_2 (at simulation time 13.502,400,000 s)
2024-06-04 00:13:02,326 INFO  - Atempting to process queue (at simulation time 13.600,000,000 s)
2024-06-04 00:13:02,326 INFO  - Vehicle is inside the detection area. (at simulation time 13.600,000,000 s)
2024-06-04 00:13:02,327 INFO  - Sent Detection message to rsu_0 (at simulation time 13.600,000,000 s)
2024-06-04 00:13:02,327 INFO  - Sent broadcast CAM message to all vehicles (at simulation time 13.600,000,000 s)
2024-06-04 00:13:02,328 INFO  - Received CAM message from veh_4 (at simulation time 13.600,900,000 s)
2024-06-04 00:13:02,328 INFO  - Received CAM message from veh_6 (at simulation time 13.601,400,000 s)
2024-06-04 00:13:02,328 INFO  - Received CAM message from veh_2 (at simulation time 13.601,400,000 s)
2024-06-04 00:13:02,328 INFO  - Atempting to process queue (at simulation time 13.700,000,000 s)
2024-06-04 00:13:02,328 INFO  - Vehicle is inside the detection area. (at simulation time 13.700,000,000 s)
2024-06-04 00:13:02,328 INFO  - Sent Detection message to rsu_0 (at simulation time 13.700,000,000 s)
2024-06-04 00:13:02,328 INFO  - Sent broadcast CAM message to all vehicles (at simulation time 13.700,000,000 s)
2024-06-04 00:13:02,329 INFO  - Received CAM message from veh_4 (at simulation time 13.701,400,000 s)
2024-06-04 00:13:02,329 INFO  - Received CAM message from veh_2 (at simulation time 13.701,900,000 s)
2024-06-04 00:13:02,329 INFO  - Received CAM message from veh_6 (at simulation time 13.702,400,000 s)
2024-06-04 00:13:02,329 INFO  - Atempting to process queue (at simulation time 13.800,000,000 s)
2024-06-04 00:13:02,329 INFO  - Vehicle is inside the detection area. (at simulation time 13.800,000,000 s)
2024-06-04 00:13:02,329 INFO  - Sent Detection message to rsu_0 (at simulation time 13.800,000,000 s)
2024-06-04 00:13:02,329 INFO  - Sent broadcast CAM message to all vehicles (at simulation time 13.800,000,000 s)
2024-06-04 00:13:02,330 INFO  - Received CAM message from veh_4 (at simulation time 13.800,400,000 s)
2024-06-04 00:13:02,330 INFO  - Received CAM message from veh_6 (at simulation time 13.800,900,000 s)
2024-06-04 00:13:02,330 INFO  - Received CAM message from veh_2 (at simulation time 13.800,900,000 s)
2024-06-04 00:13:02,330 INFO  - Atempting to process queue (at simulation time 13.900,000,000 s)
2024-06-04 00:13:02,330 INFO  - Vehicle is inside the detection area. (at simulation time 13.900,000,000 s)
2024-06-04 00:13:02,330 INFO  - Sent Detection message to rsu_0 (at simulation time 13.900,000,000 s)
2024-06-04 00:13:02,330 INFO  - Sent broadcast CAM message to all vehicles (at simulation time 13.900,000,000 s)
2024-06-04 00:13:02,331 INFO  - Received CAM message from veh_4 (at simulation time 13.901,900,000 s)
2024-06-04 00:13:02,331 INFO  - Received CAM message from veh_6 (at simulation time 13.901,900,000 s)
2024-06-04 00:13:02,331 INFO  - Received CAM message from veh_2 (at simulation time 13.901,900,000 s)
2024-06-04 00:13:02,337 INFO  - Atempting to process queue (at simulation time 14.000,000,000 s)
2024-06-04 00:13:02,337 INFO  - Vehicle is inside the detection area. (at simulation time 14.000,000,000 s)
2024-06-04 00:13:02,337 INFO  - Sent Detection message to rsu_0 (at simulation time 14.000,000,000 s)
2024-06-04 00:13:02,337 INFO  - Sent broadcast CAM message to all vehicles (at simulation time 14.000,000,000 s)
2024-06-04 00:13:02,338 INFO  - Received CAM message from veh_4 (at simulation time 14.000,900,000 s)
2024-06-04 00:13:02,338 INFO  - Received CAM message from veh_2 (at simulation time 14.000,900,000 s)
2024-06-04 00:13:02,339 INFO  - Received CAM message from veh_6 (at simulation time 14.002,400,000 s)
2024-06-04 00:13:02,339 INFO  - Atempting to process queue (at simulation time 14.100,000,000 s)
2024-06-04 00:13:02,339 INFO  - Vehicle is inside the detection area. (at simulation time 14.100,000,000 s)
2024-06-04 00:13:02,339 INFO  - Sent Detection message to rsu_0 (at simulation time 14.100,000,000 s)
2024-06-04 00:13:02,339 INFO  - Sent broadcast CAM message to all vehicles (at simulation time 14.100,000,000 s)
2024-06-04 00:13:02,340 INFO  - Received CAM message from veh_4 (at simulation time 14.100,900,000 s)
2024-06-04 00:13:02,340 INFO  - Received CAM message from veh_2 (at simulation time 14.101,400,000 s)
2024-06-04 00:13:02,340 INFO  - Received CAM message from veh_6 (at simulation time 14.101,900,000 s)
2024-06-04 00:13:02,340 INFO  - Atempting to process queue (at simulation time 14.200,000,000 s)
2024-06-04 00:13:02,340 INFO  - Vehicle is inside the detection area. (at simulation time 14.200,000,000 s)
2024-06-04 00:13:02,340 INFO  - Sent Detection message to rsu_0 (at simulation time 14.200,000,000 s)
2024-06-04 00:13:02,340 INFO  - Sent broadcast CAM message to all vehicles (at simulation time 14.200,000,000 s)
2024-06-04 00:13:02,341 INFO  - Received CAM message from veh_2 (at simulation time 14.200,400,000 s)
2024-06-04 00:13:02,341 INFO  - Received CAM message from veh_4 (at simulation time 14.200,900,000 s)
2024-06-04 00:13:02,341 INFO  - Received CAM message from veh_6 (at simulation time 14.201,400,000 s)
2024-06-04 00:13:02,341 INFO  - Atempting to process queue (at simulation time 14.300,000,000 s)
2024-06-04 00:13:02,341 INFO  - Vehicle is inside the detection area. (at simulation time 14.300,000,000 s)
2024-06-04 00:13:02,341 INFO  - Sent Detection message to rsu_0 (at simulation time 14.300,000,000 s)
2024-06-04 00:13:02,341 INFO  - Sent broadcast CAM message to all vehicles (at simulation time 14.300,000,000 s)
2024-06-04 00:13:02,342 INFO  - Received CAM message from veh_4 (at simulation time 14.300,400,000 s)
2024-06-04 00:13:02,342 INFO  - Received CAM message from veh_6 (at simulation time 14.300,900,000 s)
2024-06-04 00:13:02,342 INFO  - Received CAM message from veh_2 (at simulation time 14.300,900,000 s)
2024-06-04 00:13:02,343 INFO  - Atempting to process queue (at simulation time 14.400,000,000 s)
2024-06-04 00:13:02,343 INFO  - Vehicle is inside the detection area. (at simulation time 14.400,000,000 s)
2024-06-04 00:13:02,343 INFO  - Sent Detection message to rsu_0 (at simulation time 14.400,000,000 s)
2024-06-04 00:13:02,343 INFO  - Sent broadcast CAM message to all vehicles (at simulation time 14.400,000,000 s)
2024-06-04 00:13:02,344 INFO  - Received CAM message from veh_6 (at simulation time 14.401,400,000 s)
2024-06-04 00:13:02,344 INFO  - Received CAM message from veh_4 (at simulation time 14.401,900,000 s)
2024-06-04 00:13:02,344 INFO  - Received CAM message from veh_2 (at simulation time 14.402,400,000 s)
2024-06-04 00:13:02,344 INFO  - Atempting to process queue (at simulation time 14.500,000,000 s)
2024-06-04 00:13:02,344 INFO  - Vehicle is inside the detection area. (at simulation time 14.500,000,000 s)
2024-06-04 00:13:02,344 INFO  - Sent Detection message to rsu_0 (at simulation time 14.500,000,000 s)
2024-06-04 00:13:02,344 INFO  - Sent broadcast CAM message to all vehicles (at simulation time 14.500,000,000 s)
2024-06-04 00:13:02,344 INFO  - Received CAM message from veh_6 (at simulation time 14.500,400,000 s)
2024-06-04 00:13:02,344 INFO  - Received CAM message from veh_2 (at simulation time 14.500,400,000 s)
2024-06-04 00:13:02,345 INFO  - Received CAM message from veh_4 (at simulation time 14.501,400,000 s)
2024-06-04 00:13:02,345 INFO  - Atempting to process queue (at simulation time 14.600,000,000 s)
2024-06-04 00:13:02,345 INFO  - Vehicle is inside the detection area. (at simulation time 14.600,000,000 s)
2024-06-04 00:13:02,345 INFO  - Sent Detection message to rsu_0 (at simulation time 14.600,000,000 s)
2024-06-04 00:13:02,345 INFO  - Sent broadcast CAM message to all vehicles (at simulation time 14.600,000,000 s)
2024-06-04 00:13:02,346 INFO  - Received CAM message from veh_4 (at simulation time 14.600,400,000 s)
2024-06-04 00:13:02,346 INFO  - Received CAM message from veh_6 (at simulation time 14.600,400,000 s)
2024-06-04 00:13:02,346 INFO  - Received CAM message from veh_2 (at simulation time 14.600,400,000 s)
2024-06-04 00:13:02,346 INFO  - Atempting to process queue (at simulation time 14.700,000,000 s)
2024-06-04 00:13:02,346 INFO  - Vehicle is inside the detection area. (at simulation time 14.700,000,000 s)
2024-06-04 00:13:02,346 INFO  - Sent Detection message to rsu_0 (at simulation time 14.700,000,000 s)
2024-06-04 00:13:02,346 INFO  - Sent broadcast CAM message to all vehicles (at simulation time 14.700,000,000 s)
2024-06-04 00:13:02,347 INFO  - Received CAM message from veh_4 (at simulation time 14.700,900,000 s)
2024-06-04 00:13:02,348 INFO  - Received CAM message from veh_6 (at simulation time 14.702,400,000 s)
2024-06-04 00:13:02,348 INFO  - Received CAM message from veh_2 (at simulation time 14.702,400,000 s)
2024-06-04 00:13:02,348 INFO  - Atempting to process queue (at simulation time 14.800,000,000 s)
2024-06-04 00:13:02,348 INFO  - Vehicle is inside the detection area. (at simulation time 14.800,000,000 s)
2024-06-04 00:13:02,348 INFO  - Sent Detection message to rsu_0 (at simulation time 14.800,000,000 s)
2024-06-04 00:13:02,348 INFO  - Sent broadcast CAM message to all vehicles (at simulation time 14.800,000,000 s)
2024-06-04 00:13:02,349 INFO  - Received CAM message from veh_4 (at simulation time 14.800,900,000 s)
2024-06-04 00:13:02,349 INFO  - Received CAM message from veh_6 (at simulation time 14.800,900,000 s)
2024-06-04 00:13:02,349 INFO  - Received CAM message from veh_2 (at simulation time 14.802,400,000 s)
2024-06-04 00:13:02,349 INFO  - Atempting to process queue (at simulation time 14.900,000,000 s)
2024-06-04 00:13:02,349 INFO  - Vehicle is inside the detection area. (at simulation time 14.900,000,000 s)
2024-06-04 00:13:02,349 INFO  - Sent Detection message to rsu_0 (at simulation time 14.900,000,000 s)
2024-06-04 00:13:02,349 INFO  - Sent broadcast CAM message to all vehicles (at simulation time 14.900,000,000 s)
2024-06-04 00:13:02,350 INFO  - Received CAM message from veh_6 (at simulation time 14.900,400,000 s)
2024-06-04 00:13:02,350 INFO  - Received CAM message from veh_2 (at simulation time 14.900,900,000 s)
2024-06-04 00:13:02,350 INFO  - Received CAM message from veh_4 (at simulation time 14.901,900,000 s)
2024-06-04 00:13:02,361 INFO  - Atempting to process queue (at simulation time 15.000,000,000 s)
2024-06-04 00:13:02,362 INFO  - Vehicle is outside the detection area. (at simulation time 15.000,000,000 s)
2024-06-04 00:13:02,362 INFO  - Sent broadcast CAM message to all vehicles (at simulation time 15.000,000,000 s)
2024-06-04 00:13:02,363 INFO  - Received CAM message from veh_4 (at simulation time 15.000,900,000 s)
2024-06-04 00:13:02,363 INFO  - Received CAM message from veh_6 (at simulation time 15.001,400,000 s)
2024-06-04 00:13:02,363 INFO  - Received CAM message from veh_2 (at simulation time 15.002,400,000 s)
2024-06-04 00:13:02,368 INFO  - Atempting to process queue (at simulation time 15.100,000,000 s)
2024-06-04 00:13:02,368 INFO  - Vehicle is outside the detection area. (at simulation time 15.100,000,000 s)
2024-06-04 00:13:02,368 INFO  - Sent broadcast CAM message to all vehicles (at simulation time 15.100,000,000 s)
2024-06-04 00:13:02,369 INFO  - Received CAM message from veh_4 (at simulation time 15.100,900,000 s)
2024-06-04 00:13:02,370 INFO  - Received CAM message from veh_2 (at simulation time 15.101,900,000 s)
2024-06-04 00:13:02,370 INFO  - Received CAM message from veh_6 (at simulation time 15.102,400,000 s)
2024-06-04 00:13:02,370 INFO  - Atempting to process queue (at simulation time 15.200,000,000 s)
2024-06-04 00:13:02,370 INFO  - Vehicle is outside the detection area. (at simulation time 15.200,000,000 s)
2024-06-04 00:13:02,370 INFO  - Sent broadcast CAM message to all vehicles (at simulation time 15.200,000,000 s)
2024-06-04 00:13:02,371 INFO  - Received CAM message from veh_4 (at simulation time 15.200,400,000 s)
2024-06-04 00:13:02,372 INFO  - Received CAM message from veh_6 (at simulation time 15.201,900,000 s)
2024-06-04 00:13:02,372 INFO  - Received CAM message from veh_2 (at simulation time 15.202,400,000 s)
2024-06-04 00:13:02,372 INFO  - Atempting to process queue (at simulation time 15.300,000,000 s)
2024-06-04 00:13:02,372 INFO  - Vehicle is outside the detection area. (at simulation time 15.300,000,000 s)
2024-06-04 00:13:02,372 INFO  - Sent broadcast CAM message to all vehicles (at simulation time 15.300,000,000 s)
2024-06-04 00:13:02,378 INFO  - Received CAM message from veh_2 (at simulation time 15.300,400,000 s)
2024-06-04 00:13:02,378 INFO  - Received CAM message from veh_4 (at simulation time 15.301,400,000 s)
2024-06-04 00:13:02,378 INFO  - Received CAM message from veh_6 (at simulation time 15.301,400,000 s)
2024-06-04 00:13:02,379 INFO  - Atempting to process queue (at simulation time 15.400,000,000 s)
2024-06-04 00:13:02,379 INFO  - Vehicle is outside the detection area. (at simulation time 15.400,000,000 s)
2024-06-04 00:13:02,379 INFO  - Sent broadcast CAM message to all vehicles (at simulation time 15.400,000,000 s)
2024-06-04 00:13:02,380 INFO  - Received CAM message from veh_4 (at simulation time 15.400,400,000 s)
2024-06-04 00:13:02,380 INFO  - Received CAM message from veh_6 (at simulation time 15.400,400,000 s)
2024-06-04 00:13:02,381 INFO  - Received CAM message from veh_2 (at simulation time 15.400,900,000 s)
2024-06-04 00:13:02,381 INFO  - Atempting to process queue (at simulation time 15.500,000,000 s)
2024-06-04 00:13:02,381 INFO  - Vehicle is outside the detection area. (at simulation time 15.500,000,000 s)
2024-06-04 00:13:02,381 INFO  - Sent broadcast CAM message to all vehicles (at simulation time 15.500,000,000 s)
2024-06-04 00:13:02,382 INFO  - Received CAM message from veh_6 (at simulation time 15.500,400,000 s)
2024-06-04 00:13:02,382 INFO  - Received CAM message from veh_2 (at simulation time 15.500,400,000 s)
2024-06-04 00:13:02,382 INFO  - Received CAM message from veh_4 (at simulation time 15.501,400,000 s)
2024-06-04 00:13:02,383 INFO  - Atempting to process queue (at simulation time 15.600,000,000 s)
2024-06-04 00:13:02,383 INFO  - Vehicle is outside the detection area. (at simulation time 15.600,000,000 s)
2024-06-04 00:13:02,383 INFO  - Sent broadcast CAM message to all vehicles (at simulation time 15.600,000,000 s)
2024-06-04 00:13:02,385 INFO  - Received CAM message from veh_6 (at simulation time 15.600,900,000 s)
2024-06-04 00:13:02,385 INFO  - Received CAM message from veh_2 (at simulation time 15.600,900,000 s)
2024-06-04 00:13:02,385 INFO  - Received CAM message from veh_4 (at simulation time 15.601,400,000 s)
2024-06-04 00:13:02,386 INFO  - Atempting to process queue (at simulation time 15.700,000,000 s)
2024-06-04 00:13:02,386 INFO  - Vehicle is outside the detection area. (at simulation time 15.700,000,000 s)
2024-06-04 00:13:02,386 INFO  - Sent broadcast CAM message to all vehicles (at simulation time 15.700,000,000 s)
2024-06-04 00:13:02,387 INFO  - Received CAM message from veh_4 (at simulation time 15.701,400,000 s)
2024-06-04 00:13:02,387 INFO  - Received CAM message from veh_6 (at simulation time 15.701,400,000 s)
2024-06-04 00:13:02,387 INFO  - Received CAM message from veh_2 (at simulation time 15.702,400,000 s)
2024-06-04 00:13:02,388 INFO  - Atempting to process queue (at simulation time 15.800,000,000 s)
2024-06-04 00:13:02,388 INFO  - Vehicle is outside the detection area. (at simulation time 15.800,000,000 s)
2024-06-04 00:13:02,389 INFO  - Sent broadcast CAM message to all vehicles (at simulation time 15.800,000,000 s)
2024-06-04 00:13:02,390 INFO  - Received CAM message from veh_6 (at simulation time 15.801,900,000 s)
2024-06-04 00:13:02,391 INFO  - Received CAM message from veh_4 (at simulation time 15.802,400,000 s)
2024-06-04 00:13:02,391 INFO  - Received CAM message from veh_2 (at simulation time 15.802,400,000 s)
2024-06-04 00:13:02,391 INFO  - Atempting to process queue (at simulation time 15.900,000,000 s)
2024-06-04 00:13:02,391 INFO  - Vehicle is outside the detection area. (at simulation time 15.900,000,000 s)
2024-06-04 00:13:02,391 INFO  - Sent broadcast CAM message to all vehicles (at simulation time 15.900,000,000 s)
2024-06-04 00:13:02,392 INFO  - Received CAM message from veh_4 (at simulation time 15.900,400,000 s)
2024-06-04 00:13:02,393 INFO  - Received CAM message from veh_6 (at simulation time 15.900,900,000 s)
2024-06-04 00:13:02,393 INFO  - Received CAM message from veh_2 (at simulation time 15.901,400,000 s)
2024-06-04 00:13:02,399 INFO  - Atempting to process queue (at simulation time 16.000,000,000 s)
2024-06-04 00:13:02,399 INFO  - Vehicle is outside the detection area. (at simulation time 16.000,000,000 s)
2024-06-04 00:13:02,399 INFO  - Sent broadcast CAM message to all vehicles (at simulation time 16.000,000,000 s)
2024-06-04 00:13:02,400 INFO  - Received CAM message from veh_4 (at simulation time 16.000,900,000 s)
2024-06-04 00:13:02,400 INFO  - Received CAM message from veh_6 (at simulation time 16.001,900,000 s)
2024-06-04 00:13:02,400 INFO  - Received CAM message from veh_2 (at simulation time 16.001,900,000 s)
2024-06-04 00:13:02,401 INFO  - Atempting to process queue (at simulation time 16.100,000,000 s)
2024-06-04 00:13:02,401 INFO  - Vehicle is outside the detection area. (at simulation time 16.100,000,000 s)
2024-06-04 00:13:02,401 INFO  - Sent broadcast CAM message to all vehicles (at simulation time 16.100,000,000 s)
2024-06-04 00:13:02,402 INFO  - Received CAM message from veh_6 (at simulation time 16.101,400,000 s)
2024-06-04 00:13:02,402 INFO  - Received CAM message from veh_4 (at simulation time 16.101,900,000 s)
2024-06-04 00:13:02,402 INFO  - Received CAM message from veh_2 (at simulation time 16.101,900,000 s)
2024-06-04 00:13:02,403 INFO  - Atempting to process queue (at simulation time 16.200,000,000 s)
2024-06-04 00:13:02,403 INFO  - Vehicle is outside the detection area. (at simulation time 16.200,000,000 s)
2024-06-04 00:13:02,403 INFO  - Sent broadcast CAM message to all vehicles (at simulation time 16.200,000,000 s)
2024-06-04 00:13:02,404 INFO  - Received CAM message from veh_6 (at simulation time 16.200,900,000 s)
2024-06-04 00:13:02,405 INFO  - Received CAM message from veh_4 (at simulation time 16.201,900,000 s)
2024-06-04 00:13:02,405 INFO  - Received CAM message from veh_2 (at simulation time 16.202,400,000 s)
2024-06-04 00:13:02,405 INFO  - Atempting to process queue (at simulation time 16.300,000,000 s)
2024-06-04 00:13:02,405 INFO  - Vehicle is outside the detection area. (at simulation time 16.300,000,000 s)
2024-06-04 00:13:02,405 INFO  - Sent broadcast CAM message to all vehicles (at simulation time 16.300,000,000 s)
2024-06-04 00:13:02,406 INFO  - Received CAM message from veh_4 (at simulation time 16.300,400,000 s)
2024-06-04 00:13:02,406 INFO  - Received CAM message from veh_2 (at simulation time 16.300,900,000 s)
2024-06-04 00:13:02,406 INFO  - Received CAM message from veh_6 (at simulation time 16.301,400,000 s)
2024-06-04 00:13:02,407 INFO  - Atempting to process queue (at simulation time 16.400,000,000 s)
2024-06-04 00:13:02,407 INFO  - Vehicle is outside the detection area. (at simulation time 16.400,000,000 s)
2024-06-04 00:13:02,407 INFO  - Sent broadcast CAM message to all vehicles (at simulation time 16.400,000,000 s)
2024-06-04 00:13:02,408 INFO  - Received CAM message from veh_4 (at simulation time 16.400,400,000 s)
2024-06-04 00:13:02,409 INFO  - Received CAM message from veh_2 (at simulation time 16.400,400,000 s)
2024-06-04 00:13:02,409 INFO  - Received CAM message from veh_6 (at simulation time 16.401,900,000 s)
2024-06-04 00:13:02,409 INFO  - Atempting to process queue (at simulation time 16.500,000,000 s)
2024-06-04 00:13:02,409 INFO  - Vehicle is outside the detection area. (at simulation time 16.500,000,000 s)
2024-06-04 00:13:02,409 INFO  - Sent broadcast CAM message to all vehicles (at simulation time 16.500,000,000 s)
2024-06-04 00:13:02,410 INFO  - Received CAM message from veh_4 (at simulation time 16.501,400,000 s)
2024-06-04 00:13:02,411 INFO  - Received CAM message from veh_6 (at simulation time 16.501,900,000 s)
2024-06-04 00:13:02,411 INFO  - Received CAM message from veh_2 (at simulation time 16.501,900,000 s)
2024-06-04 00:13:02,411 INFO  - Atempting to process queue (at simulation time 16.600,000,000 s)
2024-06-04 00:13:02,411 INFO  - Vehicle is outside the detection area. (at simulation time 16.600,000,000 s)
2024-06-04 00:13:02,411 INFO  - Sent broadcast CAM message to all vehicles (at simulation time 16.600,000,000 s)
2024-06-04 00:13:02,412 INFO  - Received CAM message from veh_4 (at simulation time 16.600,900,000 s)
2024-06-04 00:13:02,412 INFO  - Received CAM message from veh_2 (at simulation time 16.600,900,000 s)
2024-06-04 00:13:02,412 INFO  - Received CAM message from veh_6 (at simulation time 16.601,900,000 s)
2024-06-04 00:13:02,413 INFO  - Atempting to process queue (at simulation time 16.700,000,000 s)
2024-06-04 00:13:02,413 INFO  - Vehicle is outside the detection area. (at simulation time 16.700,000,000 s)
2024-06-04 00:13:02,413 INFO  - Sent broadcast CAM message to all vehicles (at simulation time 16.700,000,000 s)
2024-06-04 00:13:02,414 INFO  - Received CAM message from veh_2 (at simulation time 16.700,400,000 s)
2024-06-04 00:13:02,414 INFO  - Received CAM message from veh_4 (at simulation time 16.700,900,000 s)
2024-06-04 00:13:02,414 INFO  - Received CAM message from veh_6 (at simulation time 16.700,900,000 s)
2024-06-04 00:13:02,414 INFO  - Atempting to process queue (at simulation time 16.800,000,000 s)
2024-06-04 00:13:02,414 INFO  - Vehicle is outside the detection area. (at simulation time 16.800,000,000 s)
2024-06-04 00:13:02,414 INFO  - Sent broadcast CAM message to all vehicles (at simulation time 16.800,000,000 s)
2024-06-04 00:13:02,415 INFO  - Received CAM message from veh_2 (at simulation time 16.800,400,000 s)
2024-06-04 00:13:02,415 INFO  - Received CAM message from veh_4 (at simulation time 16.802,400,000 s)
2024-06-04 00:13:02,416 INFO  - Received CAM message from veh_6 (at simulation time 16.802,400,000 s)
2024-06-04 00:13:02,416 INFO  - Atempting to process queue (at simulation time 16.900,000,000 s)
2024-06-04 00:13:02,416 INFO  - Vehicle is outside the detection area. (at simulation time 16.900,000,000 s)
2024-06-04 00:13:02,416 INFO  - Sent broadcast CAM message to all vehicles (at simulation time 16.900,000,000 s)
2024-06-04 00:13:02,416 INFO  - Received CAM message from veh_2 (at simulation time 16.900,400,000 s)
2024-06-04 00:13:02,417 INFO  - Received CAM message from veh_6 (at simulation time 16.900,900,000 s)
2024-06-04 00:13:02,417 INFO  - Received CAM message from veh_4 (at simulation time 16.902,400,000 s)
2024-06-04 00:13:02,422 INFO  - Atempting to process queue (at simulation time 17.000,000,000 s)
2024-06-04 00:13:02,422 INFO  - Vehicle is outside the detection area. (at simulation time 17.000,000,000 s)
2024-06-04 00:13:02,422 INFO  - Sent broadcast CAM message to all vehicles (at simulation time 17.000,000,000 s)
2024-06-04 00:13:02,424 INFO  - Received CAM message from veh_2 (at simulation time 17.000,900,000 s)
2024-06-04 00:13:02,425 INFO  - Received CAM message from veh_6 (at simulation time 17.002,400,000 s)
2024-06-04 00:13:02,425 INFO  - Atempting to process queue (at simulation time 17.100,000,000 s)
2024-06-04 00:13:02,425 INFO  - Vehicle is outside the detection area. (at simulation time 17.100,000,000 s)
2024-06-04 00:13:02,425 INFO  - Sent broadcast CAM message to all vehicles (at simulation time 17.100,000,000 s)
2024-06-04 00:13:02,427 INFO  - Received CAM message from veh_2 (at simulation time 17.101,400,000 s)
2024-06-04 00:13:02,428 INFO  - Received CAM message from veh_6 (at simulation time 17.102,400,000 s)
2024-06-04 00:13:02,428 INFO  - Atempting to process queue (at simulation time 17.200,000,000 s)
2024-06-04 00:13:02,428 INFO  - Vehicle is outside the detection area. (at simulation time 17.200,000,000 s)
2024-06-04 00:13:02,428 INFO  - Sent broadcast CAM message to all vehicles (at simulation time 17.200,000,000 s)
2024-06-04 00:13:02,430 INFO  - Received CAM message from veh_2 (at simulation time 17.200,900,000 s)
2024-06-04 00:13:02,431 INFO  - Received CAM message from veh_6 (at simulation time 17.202,400,000 s)
2024-06-04 00:13:02,432 INFO  - Atempting to process queue (at simulation time 17.300,000,000 s)
2024-06-04 00:13:02,432 INFO  - Vehicle is outside the detection area. (at simulation time 17.300,000,000 s)
2024-06-04 00:13:02,432 INFO  - Sent broadcast CAM message to all vehicles (at simulation time 17.300,000,000 s)
2024-06-04 00:13:02,433 INFO  - Received CAM message from veh_6 (at simulation time 17.300,400,000 s)
2024-06-04 00:13:02,434 INFO  - Received CAM message from veh_2 (at simulation time 17.301,900,000 s)
2024-06-04 00:13:02,435 INFO  - Atempting to process queue (at simulation time 17.400,000,000 s)
2024-06-04 00:13:02,435 INFO  - Vehicle is outside the detection area. (at simulation time 17.400,000,000 s)
2024-06-04 00:13:02,435 INFO  - Sent broadcast CAM message to all vehicles (at simulation time 17.400,000,000 s)
2024-06-04 00:13:02,436 INFO  - Received CAM message from veh_6 (at simulation time 17.400,900,000 s)
2024-06-04 00:13:02,437 INFO  - Received CAM message from veh_2 (at simulation time 17.401,900,000 s)
2024-06-04 00:13:02,438 INFO  - Atempting to process queue (at simulation time 17.500,000,000 s)
2024-06-04 00:13:02,438 INFO  - Vehicle is outside the detection area. (at simulation time 17.500,000,000 s)
2024-06-04 00:13:02,438 INFO  - Sent broadcast CAM message to all vehicles (at simulation time 17.500,000,000 s)
2024-06-04 00:13:02,439 INFO  - Received CAM message from veh_6 (at simulation time 17.501,400,000 s)
2024-06-04 00:13:02,439 INFO  - Received CAM message from veh_2 (at simulation time 17.501,900,000 s)
2024-06-04 00:13:02,440 INFO  - Atempting to process queue (at simulation time 17.600,000,000 s)
2024-06-04 00:13:02,440 INFO  - Vehicle is outside the detection area. (at simulation time 17.600,000,000 s)
2024-06-04 00:13:02,440 INFO  - Sent broadcast CAM message to all vehicles (at simulation time 17.600,000,000 s)
2024-06-04 00:13:02,441 INFO  - Received CAM message from veh_6 (at simulation time 17.600,400,000 s)
2024-06-04 00:13:02,441 INFO  - Received CAM message from veh_2 (at simulation time 17.602,400,000 s)
2024-06-04 00:13:02,442 INFO  - Atempting to process queue (at simulation time 17.700,000,000 s)
2024-06-04 00:13:02,442 INFO  - Vehicle is outside the detection area. (at simulation time 17.700,000,000 s)
2024-06-04 00:13:02,442 INFO  - Sent broadcast CAM message to all vehicles (at simulation time 17.700,000,000 s)
2024-06-04 00:13:02,443 INFO  - Received CAM message from veh_6 (at simulation time 17.701,900,000 s)
2024-06-04 00:13:02,443 INFO  - Received CAM message from veh_2 (at simulation time 17.702,400,000 s)
2024-06-04 00:13:02,443 INFO  - Atempting to process queue (at simulation time 17.800,000,000 s)
2024-06-04 00:13:02,443 INFO  - Vehicle is outside the detection area. (at simulation time 17.800,000,000 s)
2024-06-04 00:13:02,443 INFO  - Sent broadcast CAM message to all vehicles (at simulation time 17.800,000,000 s)
2024-06-04 00:13:02,444 INFO  - Received CAM message from veh_2 (at simulation time 17.801,400,000 s)
2024-06-04 00:13:02,445 INFO  - Received CAM message from veh_6 (at simulation time 17.801,900,000 s)
2024-06-04 00:13:02,445 INFO  - Atempting to process queue (at simulation time 17.900,000,000 s)
2024-06-04 00:13:02,445 INFO  - Vehicle is outside the detection area. (at simulation time 17.900,000,000 s)
2024-06-04 00:13:02,445 INFO  - Sent broadcast CAM message to all vehicles (at simulation time 17.900,000,000 s)
2024-06-04 00:13:02,446 INFO  - Received CAM message from veh_2 (at simulation time 17.901,400,000 s)
2024-06-04 00:13:02,446 INFO  - Received CAM message from veh_6 (at simulation time 17.902,400,000 s)
2024-06-04 00:13:02,450 INFO  - Atempting to process queue (at simulation time 18.000,000,000 s)
2024-06-04 00:13:02,450 INFO  - Vehicle is outside the detection area. (at simulation time 18.000,000,000 s)
2024-06-04 00:13:02,450 INFO  - Sent broadcast CAM message to all vehicles (at simulation time 18.000,000,000 s)
2024-06-04 00:13:02,453 INFO  - Atempting to process queue (at simulation time 18.100,000,000 s)
2024-06-04 00:13:02,453 INFO  - Vehicle is outside the detection area. (at simulation time 18.100,000,000 s)
2024-06-04 00:13:02,453 INFO  - Sent broadcast CAM message to all vehicles (at simulation time 18.100,000,000 s)
2024-06-04 00:13:02,455 INFO  - Atempting to process queue (at simulation time 18.200,000,000 s)
2024-06-04 00:13:02,455 INFO  - Vehicle is outside the detection area. (at simulation time 18.200,000,000 s)
2024-06-04 00:13:02,455 INFO  - Sent broadcast CAM message to all vehicles (at simulation time 18.200,000,000 s)
2024-06-04 00:13:02,458 INFO  - Atempting to process queue (at simulation time 18.300,000,000 s)
2024-06-04 00:13:02,458 INFO  - Vehicle is outside the detection area. (at simulation time 18.300,000,000 s)
2024-06-04 00:13:02,458 INFO  - Sent broadcast CAM message to all vehicles (at simulation time 18.300,000,000 s)
2024-06-04 00:13:02,461 INFO  - Atempting to process queue (at simulation time 18.400,000,000 s)
2024-06-04 00:13:02,461 INFO  - Vehicle is outside the detection area. (at simulation time 18.400,000,000 s)
2024-06-04 00:13:02,461 INFO  - Sent broadcast CAM message to all vehicles (at simulation time 18.400,000,000 s)
2024-06-04 00:13:02,465 INFO  - Atempting to process queue (at simulation time 18.500,000,000 s)
2024-06-04 00:13:02,465 INFO  - Vehicle is outside the detection area. (at simulation time 18.500,000,000 s)
2024-06-04 00:13:02,465 INFO  - Sent broadcast CAM message to all vehicles (at simulation time 18.500,000,000 s)
2024-06-04 00:13:02,469 INFO  - Atempting to process queue (at simulation time 18.600,000,000 s)
2024-06-04 00:13:02,469 INFO  - Vehicle is outside the detection area. (at simulation time 18.600,000,000 s)
2024-06-04 00:13:02,469 INFO  - Sent broadcast CAM message to all vehicles (at simulation time 18.600,000,000 s)
2024-06-04 00:13:02,471 INFO  - Atempting to process queue (at simulation time 18.700,000,000 s)
2024-06-04 00:13:02,471 INFO  - Vehicle is outside the detection area. (at simulation time 18.700,000,000 s)
2024-06-04 00:13:02,471 INFO  - Sent broadcast CAM message to all vehicles (at simulation time 18.700,000,000 s)
2024-06-04 00:13:02,474 INFO  - Atempting to process queue (at simulation time 18.800,000,000 s)
2024-06-04 00:13:02,474 INFO  - Vehicle is outside the detection area. (at simulation time 18.800,000,000 s)
2024-06-04 00:13:02,474 INFO  - Sent broadcast CAM message to all vehicles (at simulation time 18.800,000,000 s)
2024-06-04 00:13:02,475 INFO  - Atempting to process queue (at simulation time 18.900,000,000 s)
2024-06-04 00:13:02,476 INFO  - Vehicle is outside the detection area. (at simulation time 18.900,000,000 s)
2024-06-04 00:13:02,476 INFO  - Sent broadcast CAM message to all vehicles (at simulation time 18.900,000,000 s)
2024-06-04 00:13:02,496 INFO  - Vehicle is outside the detection area. (at simulation time 19.000,000,000 s)
2024-06-04 00:13:02,496 INFO  - Sent broadcast CAM message to all vehicles (at simulation time 19.000,000,000 s)
2024-06-04 00:13:02,500 INFO  - Vehicle is outside the detection area. (at simulation time 19.100,000,000 s)
2024-06-04 00:13:02,500 INFO  - Sent broadcast CAM message to all vehicles (at simulation time 19.100,000,000 s)
2024-06-04 00:13:02,502 INFO  - Vehicle is outside the detection area. (at simulation time 19.200,000,000 s)
2024-06-04 00:13:02,502 INFO  - Sent broadcast CAM message to all vehicles (at simulation time 19.200,000,000 s)
2024-06-04 00:13:02,505 INFO  - Vehicle is outside the detection area. (at simulation time 19.300,000,000 s)
2024-06-04 00:13:02,505 INFO  - Sent broadcast CAM message to all vehicles (at simulation time 19.300,000,000 s)
2024-06-04 00:13:02,507 INFO  - Vehicle is outside the detection area. (at simulation time 19.400,000,000 s)
2024-06-04 00:13:02,507 INFO  - Sent broadcast CAM message to all vehicles (at simulation time 19.400,000,000 s)
2024-06-04 00:13:02,509 INFO  - Vehicle is outside the detection area. (at simulation time 19.500,000,000 s)
2024-06-04 00:13:02,509 INFO  - Sent broadcast CAM message to all vehicles (at simulation time 19.500,000,000 s)
2024-06-04 00:13:02,511 INFO  - Vehicle is outside the detection area. (at simulation time 19.600,000,000 s)
2024-06-04 00:13:02,511 INFO  - Sent broadcast CAM message to all vehicles (at simulation time 19.600,000,000 s)
2024-06-04 00:13:02,513 INFO  - Vehicle is outside the detection area. (at simulation time 19.700,000,000 s)
2024-06-04 00:13:02,513 INFO  - Sent broadcast CAM message to all vehicles (at simulation time 19.700,000,000 s)
2024-06-04 00:13:02,514 INFO  - Vehicle is outside the detection area. (at simulation time 19.800,000,000 s)
2024-06-04 00:13:02,514 INFO  - Sent broadcast CAM message to all vehicles (at simulation time 19.800,000,000 s)
2024-06-04 00:13:02,520 INFO  - Vehicle is outside the detection area. (at simulation time 19.900,000,000 s)
2024-06-04 00:13:02,520 INFO  - Sent broadcast CAM message to all vehicles (at simulation time 19.900,000,000 s)
2024-06-04 00:13:02,538 INFO  - Vehicle is outside the detection area. (at simulation time 20.000,000,000 s)
2024-06-04 00:13:02,538 INFO  - Sent broadcast CAM message to all vehicles (at simulation time 20.000,000,000 s)
2024-06-04 00:13:02,540 INFO  - Vehicle is outside the detection area. (at simulation time 20.100,000,000 s)
2024-06-04 00:13:02,540 INFO  - Sent broadcast CAM message to all vehicles (at simulation time 20.100,000,000 s)
2024-06-04 00:13:02,542 INFO  - Vehicle is outside the detection area. (at simulation time 20.200,000,000 s)
2024-06-04 00:13:02,542 INFO  - Sent broadcast CAM message to all vehicles (at simulation time 20.200,000,000 s)
2024-06-04 00:13:02,544 INFO  - Vehicle is outside the detection area. (at simulation time 20.300,000,000 s)
2024-06-04 00:13:02,544 INFO  - Sent broadcast CAM message to all vehicles (at simulation time 20.300,000,000 s)
2024-06-04 00:13:02,545 INFO  - Vehicle is outside the detection area. (at simulation time 20.400,000,000 s)
2024-06-04 00:13:02,545 INFO  - Sent broadcast CAM message to all vehicles (at simulation time 20.400,000,000 s)
2024-06-04 00:13:02,547 INFO  - Vehicle is outside the detection area. (at simulation time 20.500,000,000 s)
2024-06-04 00:13:02,547 INFO  - Sent broadcast CAM message to all vehicles (at simulation time 20.500,000,000 s)
2024-06-04 00:13:02,550 INFO  - Vehicle is outside the detection area. (at simulation time 20.600,000,000 s)
2024-06-04 00:13:02,550 INFO  - Sent broadcast CAM message to all vehicles (at simulation time 20.600,000,000 s)
2024-06-04 00:13:02,554 INFO  - Vehicle is outside the detection area. (at simulation time 20.700,000,000 s)
2024-06-04 00:13:02,554 INFO  - Sent broadcast CAM message to all vehicles (at simulation time 20.700,000,000 s)
2024-06-04 00:13:02,558 INFO  - Vehicle is outside the detection area. (at simulation time 20.800,000,000 s)
2024-06-04 00:13:02,558 INFO  - Sent broadcast CAM message to all vehicles (at simulation time 20.800,000,000 s)
2024-06-04 00:13:02,561 INFO  - Vehicle is outside the detection area. (at simulation time 20.900,000,000 s)
2024-06-04 00:13:02,561 INFO  - Sent broadcast CAM message to all vehicles (at simulation time 20.900,000,000 s)
2024-06-04 00:13:02,566 INFO  - Vehicle is outside the detection area. (at simulation time 21.000,000,000 s)
2024-06-04 00:13:02,566 INFO  - Sent broadcast CAM message to all vehicles (at simulation time 21.000,000,000 s)
2024-06-04 00:13:02,567 INFO  - Vehicle is outside the detection area. (at simulation time 21.100,000,000 s)
2024-06-04 00:13:02,567 INFO  - Sent broadcast CAM message to all vehicles (at simulation time 21.100,000,000 s)
2024-06-04 00:13:02,568 INFO  - Vehicle is outside the detection area. (at simulation time 21.200,000,000 s)
2024-06-04 00:13:02,568 INFO  - Sent broadcast CAM message to all vehicles (at simulation time 21.200,000,000 s)
2024-06-04 00:13:02,569 INFO  - Vehicle is outside the detection area. (at simulation time 21.300,000,000 s)
2024-06-04 00:13:02,569 INFO  - Sent broadcast CAM message to all vehicles (at simulation time 21.300,000,000 s)
2024-06-04 00:13:02,570 INFO  - Vehicle is outside the detection area. (at simulation time 21.400,000,000 s)
2024-06-04 00:13:02,570 INFO  - Sent broadcast CAM message to all vehicles (at simulation time 21.400,000,000 s)
2024-06-04 00:13:02,571 INFO  - Vehicle is outside the detection area. (at simulation time 21.500,000,000 s)
2024-06-04 00:13:02,571 INFO  - Sent broadcast CAM message to all vehicles (at simulation time 21.500,000,000 s)
2024-06-04 00:13:02,572 INFO  - Vehicle is outside the detection area. (at simulation time 21.600,000,000 s)
2024-06-04 00:13:02,573 INFO  - Sent broadcast CAM message to all vehicles (at simulation time 21.600,000,000 s)
2024-06-04 00:13:02,574 INFO  - Vehicle is outside the detection area. (at simulation time 21.700,000,000 s)
2024-06-04 00:13:02,574 INFO  - Sent broadcast CAM message to all vehicles (at simulation time 21.700,000,000 s)
2024-06-04 00:13:02,575 INFO  - Vehicle is outside the detection area. (at simulation time 21.800,000,000 s)
2024-06-04 00:13:02,575 INFO  - Sent broadcast CAM message to all vehicles (at simulation time 21.800,000,000 s)
2024-06-04 00:13:02,576 INFO  - Vehicle is outside the detection area. (at simulation time 21.900,000,000 s)
2024-06-04 00:13:02,577 INFO  - Sent broadcast CAM message to all vehicles (at simulation time 21.900,000,000 s)
2024-06-04 00:13:02,582 INFO  - Vehicle is outside the detection area. (at simulation time 22.000,000,000 s)
2024-06-04 00:13:02,582 INFO  - Sent broadcast CAM message to all vehicles (at simulation time 22.000,000,000 s)
2024-06-04 00:13:02,584 INFO  - Vehicle is outside the detection area. (at simulation time 22.100,000,000 s)
2024-06-04 00:13:02,584 INFO  - Sent broadcast CAM message to all vehicles (at simulation time 22.100,000,000 s)
2024-06-04 00:13:02,586 INFO  - Vehicle is outside the detection area. (at simulation time 22.200,000,000 s)
2024-06-04 00:13:02,586 INFO  - Sent broadcast CAM message to all vehicles (at simulation time 22.200,000,000 s)
2024-06-04 00:13:02,588 INFO  - Vehicle is outside the detection area. (at simulation time 22.300,000,000 s)
2024-06-04 00:13:02,588 INFO  - Sent broadcast CAM message to all vehicles (at simulation time 22.300,000,000 s)
2024-06-04 00:13:02,589 INFO  - Vehicle is outside the detection area. (at simulation time 22.400,000,000 s)
2024-06-04 00:13:02,589 INFO  - Sent broadcast CAM message to all vehicles (at simulation time 22.400,000,000 s)
2024-06-04 00:13:02,590 INFO  - Vehicle is outside the detection area. (at simulation time 22.500,000,000 s)
2024-06-04 00:13:02,590 INFO  - Sent broadcast CAM message to all vehicles (at simulation time 22.500,000,000 s)
2024-06-04 00:13:02,590 INFO  - Vehicle is outside the detection area. (at simulation time 22.600,000,000 s)
2024-06-04 00:13:02,590 INFO  - Sent broadcast CAM message to all vehicles (at simulation time 22.600,000,000 s)
2024-06-04 00:13:02,591 INFO  - Vehicle is outside the detection area. (at simulation time 22.700,000,000 s)
2024-06-04 00:13:02,591 INFO  - Sent broadcast CAM message to all vehicles (at simulation time 22.700,000,000 s)
2024-06-04 00:13:02,592 INFO  - Vehicle is outside the detection area. (at simulation time 22.800,000,000 s)
2024-06-04 00:13:02,592 INFO  - Sent broadcast CAM message to all vehicles (at simulation time 22.800,000,000 s)
2024-06-04 00:13:02,594 INFO  - Vehicle is outside the detection area. (at simulation time 22.900,000,000 s)
2024-06-04 00:13:02,594 INFO  - Sent broadcast CAM message to all vehicles (at simulation time 22.900,000,000 s)
2024-06-04 00:13:02,597 INFO  - Vehicle is outside the detection area. (at simulation time 23.000,000,000 s)
2024-06-04 00:13:02,597 INFO  - Sent broadcast CAM message to all vehicles (at simulation time 23.000,000,000 s)
2024-06-04 00:13:02,599 INFO  - Vehicle is outside the detection area. (at simulation time 23.100,000,000 s)
2024-06-04 00:13:02,599 INFO  - Sent broadcast CAM message to all vehicles (at simulation time 23.100,000,000 s)
2024-06-04 00:13:02,600 INFO  - Vehicle is outside the detection area. (at simulation time 23.200,000,000 s)
2024-06-04 00:13:02,600 INFO  - Sent broadcast CAM message to all vehicles (at simulation time 23.200,000,000 s)
2024-06-04 00:13:02,601 INFO  - Vehicle is outside the detection area. (at simulation time 23.300,000,000 s)
2024-06-04 00:13:02,601 INFO  - Sent broadcast CAM message to all vehicles (at simulation time 23.300,000,000 s)
2024-06-04 00:13:02,602 INFO  - Vehicle is outside the detection area. (at simulation time 23.400,000,000 s)
2024-06-04 00:13:02,602 INFO  - Sent broadcast CAM message to all vehicles (at simulation time 23.400,000,000 s)
2024-06-04 00:13:02,603 INFO  - Vehicle is outside the detection area. (at simulation time 23.500,000,000 s)
2024-06-04 00:13:02,603 INFO  - Sent broadcast CAM message to all vehicles (at simulation time 23.500,000,000 s)
2024-06-04 00:13:02,604 INFO  - Vehicle is outside the detection area. (at simulation time 23.600,000,000 s)
2024-06-04 00:13:02,604 INFO  - Sent broadcast CAM message to all vehicles (at simulation time 23.600,000,000 s)
2024-06-04 00:13:02,605 INFO  - Vehicle is outside the detection area. (at simulation time 23.700,000,000 s)
2024-06-04 00:13:02,605 INFO  - Sent broadcast CAM message to all vehicles (at simulation time 23.700,000,000 s)
2024-06-04 00:13:02,609 INFO  - Vehicle is outside the detection area. (at simulation time 23.800,000,000 s)
2024-06-04 00:13:02,609 INFO  - Sent broadcast CAM message to all vehicles (at simulation time 23.800,000,000 s)
2024-06-04 00:13:02,614 INFO  - Vehicle is outside the detection area. (at simulation time 23.900,000,000 s)
2024-06-04 00:13:02,614 INFO  - Sent broadcast CAM message to all vehicles (at simulation time 23.900,000,000 s)
2024-06-04 00:13:02,619 INFO  - Vehicle is outside the detection area. (at simulation time 24.000,000,000 s)
2024-06-04 00:13:02,619 INFO  - Sent broadcast CAM message to all vehicles (at simulation time 24.000,000,000 s)
2024-06-04 00:13:02,621 INFO  - Vehicle is outside the detection area. (at simulation time 24.100,000,000 s)
2024-06-04 00:13:02,621 INFO  - Sent broadcast CAM message to all vehicles (at simulation time 24.100,000,000 s)
2024-06-04 00:13:02,625 INFO  - Vehicle is outside the detection area. (at simulation time 24.200,000,000 s)
2024-06-04 00:13:02,625 INFO  - Sent broadcast CAM message to all vehicles (at simulation time 24.200,000,000 s)
2024-06-04 00:13:02,626 INFO  - Vehicle is outside the detection area. (at simulation time 24.300,000,000 s)
2024-06-04 00:13:02,626 INFO  - Sent broadcast CAM message to all vehicles (at simulation time 24.300,000,000 s)
2024-06-04 00:13:02,627 INFO  - Vehicle is outside the detection area. (at simulation time 24.400,000,000 s)
2024-06-04 00:13:02,627 INFO  - Sent broadcast CAM message to all vehicles (at simulation time 24.400,000,000 s)
2024-06-04 00:13:02,628 INFO  - Vehicle is outside the detection area. (at simulation time 24.500,000,000 s)
2024-06-04 00:13:02,628 INFO  - Sent broadcast CAM message to all vehicles (at simulation time 24.500,000,000 s)
2024-06-04 00:13:02,629 INFO  - Vehicle is outside the detection area. (at simulation time 24.600,000,000 s)
2024-06-04 00:13:02,629 INFO  - Sent broadcast CAM message to all vehicles (at simulation time 24.600,000,000 s)
2024-06-04 00:13:02,630 INFO  - Vehicle is outside the detection area. (at simulation time 24.700,000,000 s)
2024-06-04 00:13:02,630 INFO  - Sent broadcast CAM message to all vehicles (at simulation time 24.700,000,000 s)
2024-06-04 00:13:02,632 INFO  - Vehicle is outside the detection area. (at simulation time 24.800,000,000 s)
2024-06-04 00:13:02,632 INFO  - Sent broadcast CAM message to all vehicles (at simulation time 24.800,000,000 s)
2024-06-04 00:13:02,635 INFO  - Vehicle is outside the detection area. (at simulation time 24.900,000,000 s)
2024-06-04 00:13:02,635 INFO  - Sent broadcast CAM message to all vehicles (at simulation time 24.900,000,000 s)
2024-06-04 00:13:02,652 INFO  - Vehicle is outside the detection area. (at simulation time 25.000,000,000 s)
2024-06-04 00:13:02,652 INFO  - Sent broadcast CAM message to all vehicles (at simulation time 25.000,000,000 s)
2024-06-04 00:13:02,653 INFO  - Vehicle is outside the detection area. (at simulation time 25.100,000,000 s)
2024-06-04 00:13:02,653 INFO  - Sent broadcast CAM message to all vehicles (at simulation time 25.100,000,000 s)
2024-06-04 00:13:02,654 INFO  - Vehicle is outside the detection area. (at simulation time 25.200,000,000 s)
2024-06-04 00:13:02,655 INFO  - Sent broadcast CAM message to all vehicles (at simulation time 25.200,000,000 s)
2024-06-04 00:13:02,656 INFO  - Vehicle is outside the detection area. (at simulation time 25.300,000,000 s)
2024-06-04 00:13:02,656 INFO  - Sent broadcast CAM message to all vehicles (at simulation time 25.300,000,000 s)
2024-06-04 00:13:02,657 INFO  - Vehicle is outside the detection area. (at simulation time 25.400,000,000 s)
2024-06-04 00:13:02,657 INFO  - Sent broadcast CAM message to all vehicles (at simulation time 25.400,000,000 s)
2024-06-04 00:13:02,658 INFO  - Vehicle is outside the detection area. (at simulation time 25.500,000,000 s)
2024-06-04 00:13:02,658 INFO  - Sent broadcast CAM message to all vehicles (at simulation time 25.500,000,000 s)
2024-06-04 00:13:02,660 INFO  - Vehicle is outside the detection area. (at simulation time 25.600,000,000 s)
2024-06-04 00:13:02,660 INFO  - Sent broadcast CAM message to all vehicles (at simulation time 25.600,000,000 s)
2024-06-04 00:13:02,664 INFO  - Vehicle is outside the detection area. (at simulation time 25.700,000,000 s)
2024-06-04 00:13:02,664 INFO  - Sent broadcast CAM message to all vehicles (at simulation time 25.700,000,000 s)
2024-06-04 00:13:02,666 INFO  - Vehicle is outside the detection area. (at simulation time 25.800,000,000 s)
2024-06-04 00:13:02,666 INFO  - Sent broadcast CAM message to all vehicles (at simulation time 25.800,000,000 s)
2024-06-04 00:13:02,669 INFO  - Vehicle is outside the detection area. (at simulation time 25.900,000,000 s)
2024-06-04 00:13:02,669 INFO  - Sent broadcast CAM message to all vehicles (at simulation time 25.900,000,000 s)
2024-06-04 00:13:02,677 INFO  - Vehicle is outside the detection area. (at simulation time 26.000,000,000 s)
2024-06-04 00:13:02,677 INFO  - Sent broadcast CAM message to all vehicles (at simulation time 26.000,000,000 s)
2024-06-04 00:13:02,678 INFO  - Vehicle is outside the detection area. (at simulation time 26.100,000,000 s)
2024-06-04 00:13:02,679 INFO  - Sent broadcast CAM message to all vehicles (at simulation time 26.100,000,000 s)
2024-06-04 00:13:02,680 INFO  - Vehicle is outside the detection area. (at simulation time 26.200,000,000 s)
2024-06-04 00:13:02,680 INFO  - Sent broadcast CAM message to all vehicles (at simulation time 26.200,000,000 s)
2024-06-04 00:13:02,682 INFO  - Vehicle is outside the detection area. (at simulation time 26.300,000,000 s)
2024-06-04 00:13:02,682 INFO  - Sent broadcast CAM message to all vehicles (at simulation time 26.300,000,000 s)
2024-06-04 00:13:02,683 INFO  - Vehicle is outside the detection area. (at simulation time 26.400,000,000 s)
2024-06-04 00:13:02,683 INFO  - Sent broadcast CAM message to all vehicles (at simulation time 26.400,000,000 s)
2024-06-04 00:13:02,685 INFO  - Vehicle is outside the detection area. (at simulation time 26.500,000,000 s)
2024-06-04 00:13:02,685 INFO  - Sent broadcast CAM message to all vehicles (at simulation time 26.500,000,000 s)
2024-06-04 00:13:02,686 INFO  - Vehicle is outside the detection area. (at simulation time 26.600,000,000 s)
2024-06-04 00:13:02,686 INFO  - Sent broadcast CAM message to all vehicles (at simulation time 26.600,000,000 s)
2024-06-04 00:13:02,688 INFO  - Vehicle is outside the detection area. (at simulation time 26.700,000,000 s)
2024-06-04 00:13:02,688 INFO  - Sent broadcast CAM message to all vehicles (at simulation time 26.700,000,000 s)
2024-06-04 00:13:02,689 INFO  - Vehicle is outside the detection area. (at simulation time 26.800,000,000 s)
2024-06-04 00:13:02,689 INFO  - Sent broadcast CAM message to all vehicles (at simulation time 26.800,000,000 s)
2024-06-04 00:13:02,690 INFO  - Vehicle is outside the detection area. (at simulation time 26.900,000,000 s)
2024-06-04 00:13:02,690 INFO  - Sent broadcast CAM message to all vehicles (at simulation time 26.900,000,000 s)
2024-06-04 00:13:02,696 INFO  - Vehicle is outside the detection area. (at simulation time 27.000,000,000 s)
2024-06-04 00:13:02,696 INFO  - Sent broadcast CAM message to all vehicles (at simulation time 27.000,000,000 s)
2024-06-04 00:13:02,698 INFO  - Vehicle is outside the detection area. (at simulation time 27.100,000,000 s)
2024-06-04 00:13:02,698 INFO  - Sent broadcast CAM message to all vehicles (at simulation time 27.100,000,000 s)
2024-06-04 00:13:02,701 INFO  - Vehicle is outside the detection area. (at simulation time 27.200,000,000 s)
2024-06-04 00:13:02,701 INFO  - Sent broadcast CAM message to all vehicles (at simulation time 27.200,000,000 s)
2024-06-04 00:13:02,703 INFO  - Vehicle is outside the detection area. (at simulation time 27.300,000,000 s)
2024-06-04 00:13:02,703 INFO  - Sent broadcast CAM message to all vehicles (at simulation time 27.300,000,000 s)
2024-06-04 00:13:02,705 INFO  - Vehicle is outside the detection area. (at simulation time 27.400,000,000 s)
2024-06-04 00:13:02,705 INFO  - Sent broadcast CAM message to all vehicles (at simulation time 27.400,000,000 s)
2024-06-04 00:13:02,706 INFO  - Vehicle is outside the detection area. (at simulation time 27.500,000,000 s)
2024-06-04 00:13:02,706 INFO  - Sent broadcast CAM message to all vehicles (at simulation time 27.500,000,000 s)
2024-06-04 00:13:02,708 INFO  - Vehicle is outside the detection area. (at simulation time 27.600,000,000 s)
2024-06-04 00:13:02,708 INFO  - Sent broadcast CAM message to all vehicles (at simulation time 27.600,000,000 s)
2024-06-04 00:13:02,710 INFO  - Vehicle is outside the detection area. (at simulation time 27.700,000,000 s)
2024-06-04 00:13:02,710 INFO  - Sent broadcast CAM message to all vehicles (at simulation time 27.700,000,000 s)
2024-06-04 00:13:02,711 INFO  - Vehicle is outside the detection area. (at simulation time 27.800,000,000 s)
2024-06-04 00:13:02,711 INFO  - Sent broadcast CAM message to all vehicles (at simulation time 27.800,000,000 s)
2024-06-04 00:13:02,712 INFO  - Vehicle is outside the detection area. (at simulation time 27.900,000,000 s)
2024-06-04 00:13:02,712 INFO  - Sent broadcast CAM message to all vehicles (at simulation time 27.900,000,000 s)
2024-06-04 00:13:02,721 INFO  - Vehicle is outside the detection area. (at simulation time 28.000,000,000 s)
2024-06-04 00:13:02,721 INFO  - Sent broadcast CAM message to all vehicles (at simulation time 28.000,000,000 s)
2024-06-04 00:13:02,723 INFO  - Vehicle is outside the detection area. (at simulation time 28.100,000,000 s)
2024-06-04 00:13:02,723 INFO  - Sent broadcast CAM message to all vehicles (at simulation time 28.100,000,000 s)
2024-06-04 00:13:02,725 INFO  - Vehicle is outside the detection area. (at simulation time 28.200,000,000 s)
2024-06-04 00:13:02,725 INFO  - Sent broadcast CAM message to all vehicles (at simulation time 28.200,000,000 s)
2024-06-04 00:13:02,734 INFO  - Vehicle is outside the detection area. (at simulation time 28.300,000,000 s)
2024-06-04 00:13:02,734 INFO  - Sent broadcast CAM message to all vehicles (at simulation time 28.300,000,000 s)
2024-06-04 00:13:02,737 INFO  - Vehicle is outside the detection area. (at simulation time 28.400,000,000 s)
2024-06-04 00:13:02,737 INFO  - Sent broadcast CAM message to all vehicles (at simulation time 28.400,000,000 s)
2024-06-04 00:13:02,739 INFO  - Vehicle is outside the detection area. (at simulation time 28.500,000,000 s)
2024-06-04 00:13:02,739 INFO  - Sent broadcast CAM message to all vehicles (at simulation time 28.500,000,000 s)
2024-06-04 00:13:02,741 INFO  - Vehicle is outside the detection area. (at simulation time 28.600,000,000 s)
2024-06-04 00:13:02,741 INFO  - Sent broadcast CAM message to all vehicles (at simulation time 28.600,000,000 s)
2024-06-04 00:13:02,743 INFO  - Vehicle is outside the detection area. (at simulation time 28.700,000,000 s)
2024-06-04 00:13:02,743 INFO  - Sent broadcast CAM message to all vehicles (at simulation time 28.700,000,000 s)
2024-06-04 00:13:02,746 INFO  - Vehicle is outside the detection area. (at simulation time 28.800,000,000 s)
2024-06-04 00:13:02,746 INFO  - Sent broadcast CAM message to all vehicles (at simulation time 28.800,000,000 s)
2024-06-04 00:13:02,748 INFO  - Vehicle is outside the detection area. (at simulation time 28.900,000,000 s)
2024-06-04 00:13:02,748 INFO  - Sent broadcast CAM message to all vehicles (at simulation time 28.900,000,000 s)
2024-06-04 00:13:02,754 INFO  - Vehicle is outside the detection area. (at simulation time 29.000,000,000 s)
2024-06-04 00:13:02,754 INFO  - Sent broadcast CAM message to all vehicles (at simulation time 29.000,000,000 s)
2024-06-04 00:13:02,757 INFO  - Vehicle is outside the detection area. (at simulation time 29.100,000,000 s)
2024-06-04 00:13:02,757 INFO  - Sent broadcast CAM message to all vehicles (at simulation time 29.100,000,000 s)
2024-06-04 00:13:02,760 INFO  - Vehicle is outside the detection area. (at simulation time 29.200,000,000 s)
2024-06-04 00:13:02,760 INFO  - Sent broadcast CAM message to all vehicles (at simulation time 29.200,000,000 s)
2024-06-04 00:13:02,762 INFO  - Vehicle is outside the detection area. (at simulation time 29.300,000,000 s)
2024-06-04 00:13:02,762 INFO  - Sent broadcast CAM message to all vehicles (at simulation time 29.300,000,000 s)
2024-06-04 00:13:02,766 INFO  - Vehicle is outside the detection area. (at simulation time 29.400,000,000 s)
2024-06-04 00:13:02,767 INFO  - Sent broadcast CAM message to all vehicles (at simulation time 29.400,000,000 s)
2024-06-04 00:13:02,769 INFO  - Vehicle is outside the detection area. (at simulation time 29.500,000,000 s)
2024-06-04 00:13:02,769 INFO  - Sent broadcast CAM message to all vehicles (at simulation time 29.500,000,000 s)
2024-06-04 00:13:02,772 INFO  - Vehicle is outside the detection area. (at simulation time 29.600,000,000 s)
2024-06-04 00:13:02,772 INFO  - Sent broadcast CAM message to all vehicles (at simulation time 29.600,000,000 s)
2024-06-04 00:13:02,774 INFO  - Vehicle is outside the detection area. (at simulation time 29.700,000,000 s)
2024-06-04 00:13:02,774 INFO  - Sent broadcast CAM message to all vehicles (at simulation time 29.700,000,000 s)
2024-06-04 00:13:02,776 INFO  - Vehicle is outside the detection area. (at simulation time 29.800,000,000 s)
2024-06-04 00:13:02,776 INFO  - Sent broadcast CAM message to all vehicles (at simulation time 29.800,000,000 s)
2024-06-04 00:13:02,777 INFO  - Vehicle is outside the detection area. (at simulation time 29.900,000,000 s)
2024-06-04 00:13:02,777 INFO  - Sent broadcast CAM message to all vehicles (at simulation time 29.900,000,000 s)
2024-06-04 00:13:02,784 INFO  - Vehicle is outside the detection area. (at simulation time 30.000,000,000 s)
2024-06-04 00:13:02,784 INFO  - Sent broadcast CAM message to all vehicles (at simulation time 30.000,000,000 s)
2024-06-04 00:13:02,786 INFO  - Vehicle is outside the detection area. (at simulation time 30.100,000,000 s)
2024-06-04 00:13:02,786 INFO  - Sent broadcast CAM message to all vehicles (at simulation time 30.100,000,000 s)
2024-06-04 00:13:02,788 INFO  - Vehicle is outside the detection area. (at simulation time 30.200,000,000 s)
2024-06-04 00:13:02,788 INFO  - Sent broadcast CAM message to all vehicles (at simulation time 30.200,000,000 s)
2024-06-04 00:13:02,790 INFO  - Vehicle is outside the detection area. (at simulation time 30.300,000,000 s)
2024-06-04 00:13:02,791 INFO  - Sent broadcast CAM message to all vehicles (at simulation time 30.300,000,000 s)
2024-06-04 00:13:02,796 INFO  - Vehicle is outside the detection area. (at simulation time 30.400,000,000 s)
2024-06-04 00:13:02,796 INFO  - Sent broadcast CAM message to all vehicles (at simulation time 30.400,000,000 s)
2024-06-04 00:13:02,798 INFO  - Vehicle is outside the detection area. (at simulation time 30.500,000,000 s)
2024-06-04 00:13:02,798 INFO  - Sent broadcast CAM message to all vehicles (at simulation time 30.500,000,000 s)
2024-06-04 00:13:02,800 INFO  - Vehicle is outside the detection area. (at simulation time 30.600,000,000 s)
2024-06-04 00:13:02,800 INFO  - Sent broadcast CAM message to all vehicles (at simulation time 30.600,000,000 s)
2024-06-04 00:13:02,803 INFO  - Vehicle is outside the detection area. (at simulation time 30.700,000,000 s)
2024-06-04 00:13:02,803 INFO  - Sent broadcast CAM message to all vehicles (at simulation time 30.700,000,000 s)
2024-06-04 00:13:02,804 INFO  - Vehicle is outside the detection area. (at simulation time 30.800,000,000 s)
2024-06-04 00:13:02,804 INFO  - Sent broadcast CAM message to all vehicles (at simulation time 30.800,000,000 s)
2024-06-04 00:13:02,805 INFO  - Vehicle is outside the detection area. (at simulation time 30.900,000,000 s)
2024-06-04 00:13:02,806 INFO  - Sent broadcast CAM message to all vehicles (at simulation time 30.900,000,000 s)
2024-06-04 00:13:02,822 INFO  - Shutdown application (at simulation time 31.000,000,000 s)
