2024-06-04 00:13:13,247 INFO  - Initialize application (at simulation time 409.000,000,000 s)
2024-06-04 00:13:13,248 INFO  - Activated WLAN Module (at simulation time 409.000,000,000 s)
2024-06-04 00:13:13,248 INFO  - Vehicle is outside the detection area. (at simulation time 409.000,000,000 s)
2024-06-04 00:13:13,248 INFO  - Sent broadcast CAM message to all vehicles (at simulation time 409.000,000,000 s)
2024-06-04 00:13:13,252 INFO  - Vehicle is outside the detection area. (at simulation time 409.100,000,000 s)
2024-06-04 00:13:13,252 INFO  - Sent broadcast CAM message to all vehicles (at simulation time 409.100,000,000 s)
2024-06-04 00:13:13,254 INFO  - Vehicle is outside the detection area. (at simulation time 409.200,000,000 s)
2024-06-04 00:13:13,254 INFO  - Sent broadcast CAM message to all vehicles (at simulation time 409.200,000,000 s)
2024-06-04 00:13:13,256 INFO  - Vehicle is outside the detection area. (at simulation time 409.300,000,000 s)
2024-06-04 00:13:13,256 INFO  - Sent broadcast CAM message to all vehicles (at simulation time 409.300,000,000 s)
2024-06-04 00:13:13,258 INFO  - Vehicle is outside the detection area. (at simulation time 409.400,000,000 s)
2024-06-04 00:13:13,258 INFO  - Sent broadcast CAM message to all vehicles (at simulation time 409.400,000,000 s)
2024-06-04 00:13:13,260 INFO  - Vehicle is outside the detection area. (at simulation time 409.500,000,000 s)
2024-06-04 00:13:13,260 INFO  - Sent broadcast CAM message to all vehicles (at simulation time 409.500,000,000 s)
2024-06-04 00:13:13,261 INFO  - Vehicle is outside the detection area. (at simulation time 409.600,000,000 s)
2024-06-04 00:13:13,261 INFO  - Sent broadcast CAM message to all vehicles (at simulation time 409.600,000,000 s)
2024-06-04 00:13:13,263 INFO  - Vehicle is outside the detection area. (at simulation time 409.700,000,000 s)
2024-06-04 00:13:13,263 INFO  - Sent broadcast CAM message to all vehicles (at simulation time 409.700,000,000 s)
2024-06-04 00:13:13,265 INFO  - Vehicle is outside the detection area. (at simulation time 409.800,000,000 s)
2024-06-04 00:13:13,265 INFO  - Sent broadcast CAM message to all vehicles (at simulation time 409.800,000,000 s)
2024-06-04 00:13:13,267 INFO  - Vehicle is outside the detection area. (at simulation time 409.900,000,000 s)
2024-06-04 00:13:13,267 INFO  - Sent broadcast CAM message to all vehicles (at simulation time 409.900,000,000 s)
2024-06-04 00:13:13,274 INFO  - Vehicle is outside the detection area. (at simulation time 410.000,000,000 s)
2024-06-04 00:13:13,274 INFO  - Sent broadcast CAM message to all vehicles (at simulation time 410.000,000,000 s)
2024-06-04 00:13:13,276 INFO  - Vehicle is outside the detection area. (at simulation time 410.100,000,000 s)
2024-06-04 00:13:13,276 INFO  - Sent broadcast CAM message to all vehicles (at simulation time 410.100,000,000 s)
2024-06-04 00:13:13,277 INFO  - Vehicle is outside the detection area. (at simulation time 410.200,000,000 s)
2024-06-04 00:13:13,277 INFO  - Sent broadcast CAM message to all vehicles (at simulation time 410.200,000,000 s)
2024-06-04 00:13:13,280 INFO  - Vehicle is outside the detection area. (at simulation time 410.300,000,000 s)
2024-06-04 00:13:13,280 INFO  - Sent broadcast CAM message to all vehicles (at simulation time 410.300,000,000 s)
2024-06-04 00:13:13,281 INFO  - Vehicle is outside the detection area. (at simulation time 410.400,000,000 s)
2024-06-04 00:13:13,281 INFO  - Sent broadcast CAM message to all vehicles (at simulation time 410.400,000,000 s)
2024-06-04 00:13:13,283 INFO  - Vehicle is outside the detection area. (at simulation time 410.500,000,000 s)
2024-06-04 00:13:13,283 INFO  - Sent broadcast CAM message to all vehicles (at simulation time 410.500,000,000 s)
2024-06-04 00:13:13,284 INFO  - Vehicle is outside the detection area. (at simulation time 410.600,000,000 s)
2024-06-04 00:13:13,284 INFO  - Sent broadcast CAM message to all vehicles (at simulation time 410.600,000,000 s)
2024-06-04 00:13:13,286 INFO  - Vehicle is outside the detection area. (at simulation time 410.700,000,000 s)
2024-06-04 00:13:13,286 INFO  - Sent broadcast CAM message to all vehicles (at simulation time 410.700,000,000 s)
2024-06-04 00:13:13,288 INFO  - Vehicle is outside the detection area. (at simulation time 410.800,000,000 s)
2024-06-04 00:13:13,288 INFO  - Sent broadcast CAM message to all vehicles (at simulation time 410.800,000,000 s)
2024-06-04 00:13:13,291 INFO  - Vehicle is outside the detection area. (at simulation time 410.900,000,000 s)
2024-06-04 00:13:13,291 INFO  - Sent broadcast CAM message to all vehicles (at simulation time 410.900,000,000 s)
2024-06-04 00:13:13,296 INFO  - Vehicle is inside the detection area. (at simulation time 411.000,000,000 s)
2024-06-04 00:13:13,296 INFO  - Vehicle is too far away from the traffic light. (at simulation time 411.000,000,000 s)
2024-06-04 00:13:13,296 INFO  - No vehicles in range. (at simulation time 411.000,000,000 s)
2024-06-04 00:13:13,296 INFO  - Neither the RSU nor any vehicle is in range. (at simulation time 411.000,000,000 s)
2024-06-04 00:13:13,296 INFO  - Sent broadcast CAM message to all vehicles (at simulation time 411.000,000,000 s)
2024-06-04 00:13:13,298 INFO  - Vehicle is inside the detection area. (at simulation time 411.100,000,000 s)
2024-06-04 00:13:13,298 INFO  - Vehicle is too far away from the traffic light. (at simulation time 411.100,000,000 s)
2024-06-04 00:13:13,298 INFO  - No vehicles in range. (at simulation time 411.100,000,000 s)
2024-06-04 00:13:13,298 INFO  - Neither the RSU nor any vehicle is in range. (at simulation time 411.100,000,000 s)
2024-06-04 00:13:13,298 INFO  - Sent broadcast CAM message to all vehicles (at simulation time 411.100,000,000 s)
2024-06-04 00:13:13,300 INFO  - Vehicle is inside the detection area. (at simulation time 411.200,000,000 s)
2024-06-04 00:13:13,300 INFO  - Vehicle is too far away from the traffic light. (at simulation time 411.200,000,000 s)
2024-06-04 00:13:13,300 INFO  - No vehicles in range. (at simulation time 411.200,000,000 s)
2024-06-04 00:13:13,300 INFO  - Neither the RSU nor any vehicle is in range. (at simulation time 411.200,000,000 s)
2024-06-04 00:13:13,300 INFO  - Sent broadcast CAM message to all vehicles (at simulation time 411.200,000,000 s)
2024-06-04 00:13:13,301 INFO  - Vehicle is inside the detection area. (at simulation time 411.300,000,000 s)
2024-06-04 00:13:13,301 INFO  - Vehicle is too far away from the traffic light. (at simulation time 411.300,000,000 s)
2024-06-04 00:13:13,301 INFO  - No vehicles in range. (at simulation time 411.300,000,000 s)
2024-06-04 00:13:13,301 INFO  - Neither the RSU nor any vehicle is in range. (at simulation time 411.300,000,000 s)
2024-06-04 00:13:13,301 INFO  - Sent broadcast CAM message to all vehicles (at simulation time 411.300,000,000 s)
2024-06-04 00:13:13,302 INFO  - Vehicle is inside the detection area. (at simulation time 411.400,000,000 s)
2024-06-04 00:13:13,302 INFO  - Vehicle is too far away from the traffic light. (at simulation time 411.400,000,000 s)
2024-06-04 00:13:13,302 INFO  - No vehicles in range. (at simulation time 411.400,000,000 s)
2024-06-04 00:13:13,302 INFO  - Neither the RSU nor any vehicle is in range. (at simulation time 411.400,000,000 s)
2024-06-04 00:13:13,302 INFO  - Sent broadcast CAM message to all vehicles (at simulation time 411.400,000,000 s)
2024-06-04 00:13:13,304 INFO  - Vehicle is inside the detection area. (at simulation time 411.500,000,000 s)
2024-06-04 00:13:13,304 INFO  - Vehicle is too far away from the traffic light. (at simulation time 411.500,000,000 s)
2024-06-04 00:13:13,304 INFO  - No vehicles in range. (at simulation time 411.500,000,000 s)
2024-06-04 00:13:13,304 INFO  - Neither the RSU nor any vehicle is in range. (at simulation time 411.500,000,000 s)
2024-06-04 00:13:13,304 INFO  - Sent broadcast CAM message to all vehicles (at simulation time 411.500,000,000 s)
2024-06-04 00:13:13,305 INFO  - Vehicle is inside the detection area. (at simulation time 411.600,000,000 s)
2024-06-04 00:13:13,305 INFO  - Vehicle is too far away from the traffic light. (at simulation time 411.600,000,000 s)
2024-06-04 00:13:13,305 INFO  - No vehicles in range. (at simulation time 411.600,000,000 s)
2024-06-04 00:13:13,305 INFO  - Neither the RSU nor any vehicle is in range. (at simulation time 411.600,000,000 s)
2024-06-04 00:13:13,305 INFO  - Sent broadcast CAM message to all vehicles (at simulation time 411.600,000,000 s)
2024-06-04 00:13:13,307 INFO  - Vehicle is inside the detection area. (at simulation time 411.700,000,000 s)
2024-06-04 00:13:13,307 INFO  - Vehicle is too far away from the traffic light. (at simulation time 411.700,000,000 s)
2024-06-04 00:13:13,307 INFO  - No vehicles in range. (at simulation time 411.700,000,000 s)
2024-06-04 00:13:13,307 INFO  - Neither the RSU nor any vehicle is in range. (at simulation time 411.700,000,000 s)
2024-06-04 00:13:13,307 INFO  - Sent broadcast CAM message to all vehicles (at simulation time 411.700,000,000 s)
2024-06-04 00:13:13,310 INFO  - Vehicle is inside the detection area. (at simulation time 411.800,000,000 s)
2024-06-04 00:13:13,310 INFO  - Vehicle is too far away from the traffic light. (at simulation time 411.800,000,000 s)
2024-06-04 00:13:13,310 INFO  - No vehicles in range. (at simulation time 411.800,000,000 s)
2024-06-04 00:13:13,310 INFO  - Neither the RSU nor any vehicle is in range. (at simulation time 411.800,000,000 s)
2024-06-04 00:13:13,310 INFO  - Sent broadcast CAM message to all vehicles (at simulation time 411.800,000,000 s)
2024-06-04 00:13:13,312 INFO  - Vehicle is inside the detection area. (at simulation time 411.900,000,000 s)
2024-06-04 00:13:13,312 INFO  - Vehicle is too far away from the traffic light. (at simulation time 411.900,000,000 s)
2024-06-04 00:13:13,312 INFO  - No vehicles in range. (at simulation time 411.900,000,000 s)
2024-06-04 00:13:13,312 INFO  - Neither the RSU nor any vehicle is in range. (at simulation time 411.900,000,000 s)
2024-06-04 00:13:13,312 INFO  - Sent broadcast CAM message to all vehicles (at simulation time 411.900,000,000 s)
2024-06-04 00:13:13,316 INFO  - Vehicle is inside the detection area. (at simulation time 412.000,000,000 s)
2024-06-04 00:13:13,316 INFO  - Vehicle is too far away from the traffic light. (at simulation time 412.000,000,000 s)
2024-06-04 00:13:13,316 INFO  - No vehicles in range. (at simulation time 412.000,000,000 s)
2024-06-04 00:13:13,316 INFO  - Neither the RSU nor any vehicle is in range. (at simulation time 412.000,000,000 s)
2024-06-04 00:13:13,316 INFO  - Sent broadcast CAM message to all vehicles (at simulation time 412.000,000,000 s)
2024-06-04 00:13:13,319 INFO  - Received CAM message from veh_221 (at simulation time 412.002,400,000 s)
2024-06-04 00:13:13,319 INFO  - Atempting to process queue (at simulation time 412.100,000,000 s)
2024-06-04 00:13:13,319 INFO  - Vehicle is inside the detection area. (at simulation time 412.100,000,000 s)
2024-06-04 00:13:13,319 INFO  - Vehicle is too far away from the traffic light. (at simulation time 412.100,000,000 s)
2024-06-04 00:13:13,319 INFO  - Sent Detection message to veh_221 (at simulation time 412.100,000,000 s)
2024-06-04 00:13:13,319 INFO  - Sent broadcast CAM message to all vehicles (at simulation time 412.100,000,000 s)
2024-06-04 00:13:13,320 INFO  - Received CAM message from veh_221 (at simulation time 412.102,400,000 s)
2024-06-04 00:13:13,320 INFO  - Atempting to process queue (at simulation time 412.200,000,000 s)
2024-06-04 00:13:13,320 INFO  - Vehicle is inside the detection area. (at simulation time 412.200,000,000 s)
2024-06-04 00:13:13,320 INFO  - Vehicle is too far away from the traffic light. (at simulation time 412.200,000,000 s)
2024-06-04 00:13:13,320 INFO  - Sent Detection message to veh_221 (at simulation time 412.200,000,000 s)
2024-06-04 00:13:13,320 INFO  - Sent broadcast CAM message to all vehicles (at simulation time 412.200,000,000 s)
2024-06-04 00:13:13,321 INFO  - Received CAM message from veh_221 (at simulation time 412.201,400,000 s)
2024-06-04 00:13:13,322 INFO  - Atempting to process queue (at simulation time 412.300,000,000 s)
2024-06-04 00:13:13,322 INFO  - Vehicle is inside the detection area. (at simulation time 412.300,000,000 s)
2024-06-04 00:13:13,322 INFO  - Vehicle is too far away from the traffic light. (at simulation time 412.300,000,000 s)
2024-06-04 00:13:13,322 INFO  - Sent Detection message to veh_221 (at simulation time 412.300,000,000 s)
2024-06-04 00:13:13,322 INFO  - Sent broadcast CAM message to all vehicles (at simulation time 412.300,000,000 s)
2024-06-04 00:13:13,323 INFO  - Received CAM message from veh_221 (at simulation time 412.300,900,000 s)
2024-06-04 00:13:13,324 INFO  - Atempting to process queue (at simulation time 412.400,000,000 s)
2024-06-04 00:13:13,324 INFO  - Vehicle is inside the detection area. (at simulation time 412.400,000,000 s)
2024-06-04 00:13:13,324 INFO  - Vehicle is too far away from the traffic light. (at simulation time 412.400,000,000 s)
2024-06-04 00:13:13,324 INFO  - Sent Detection message to veh_221 (at simulation time 412.400,000,000 s)
2024-06-04 00:13:13,324 INFO  - Sent broadcast CAM message to all vehicles (at simulation time 412.400,000,000 s)
2024-06-04 00:13:13,325 INFO  - Received CAM message from veh_221 (at simulation time 412.401,400,000 s)
2024-06-04 00:13:13,326 INFO  - Atempting to process queue (at simulation time 412.500,000,000 s)
2024-06-04 00:13:13,326 INFO  - Vehicle is inside the detection area. (at simulation time 412.500,000,000 s)
2024-06-04 00:13:13,326 INFO  - Vehicle is too far away from the traffic light. (at simulation time 412.500,000,000 s)
2024-06-04 00:13:13,326 INFO  - Sent Detection message to veh_221 (at simulation time 412.500,000,000 s)
2024-06-04 00:13:13,326 INFO  - Sent broadcast CAM message to all vehicles (at simulation time 412.500,000,000 s)
2024-06-04 00:13:13,327 INFO  - Received CAM message from veh_221 (at simulation time 412.501,400,000 s)
2024-06-04 00:13:13,328 INFO  - Atempting to process queue (at simulation time 412.600,000,000 s)
2024-06-04 00:13:13,328 INFO  - Vehicle is inside the detection area. (at simulation time 412.600,000,000 s)
2024-06-04 00:13:13,328 INFO  - Vehicle is too far away from the traffic light. (at simulation time 412.600,000,000 s)
2024-06-04 00:13:13,328 INFO  - Sent Detection message to veh_221 (at simulation time 412.600,000,000 s)
2024-06-04 00:13:13,328 INFO  - Sent broadcast CAM message to all vehicles (at simulation time 412.600,000,000 s)
2024-06-04 00:13:13,330 INFO  - Received CAM message from veh_221 (at simulation time 412.602,400,000 s)
2024-06-04 00:13:13,330 INFO  - Atempting to process queue (at simulation time 412.700,000,000 s)
2024-06-04 00:13:13,330 INFO  - Vehicle is inside the detection area. (at simulation time 412.700,000,000 s)
2024-06-04 00:13:13,330 INFO  - Vehicle is too far away from the traffic light. (at simulation time 412.700,000,000 s)
2024-06-04 00:13:13,330 INFO  - Sent Detection message to veh_221 (at simulation time 412.700,000,000 s)
2024-06-04 00:13:13,330 INFO  - Sent broadcast CAM message to all vehicles (at simulation time 412.700,000,000 s)
2024-06-04 00:13:13,331 INFO  - Received CAM message from veh_221 (at simulation time 412.701,900,000 s)
2024-06-04 00:13:13,332 INFO  - Atempting to process queue (at simulation time 412.800,000,000 s)
2024-06-04 00:13:13,332 INFO  - Vehicle is inside the detection area. (at simulation time 412.800,000,000 s)
2024-06-04 00:13:13,332 INFO  - Vehicle is too far away from the traffic light. (at simulation time 412.800,000,000 s)
2024-06-04 00:13:13,332 INFO  - Sent Detection message to veh_221 (at simulation time 412.800,000,000 s)
2024-06-04 00:13:13,332 INFO  - Sent broadcast CAM message to all vehicles (at simulation time 412.800,000,000 s)
2024-06-04 00:13:13,333 INFO  - Received CAM message from veh_221 (at simulation time 412.802,400,000 s)
2024-06-04 00:13:13,334 INFO  - Atempting to process queue (at simulation time 412.900,000,000 s)
2024-06-04 00:13:13,334 INFO  - Vehicle is inside the detection area. (at simulation time 412.900,000,000 s)
2024-06-04 00:13:13,334 INFO  - Vehicle is too far away from the traffic light. (at simulation time 412.900,000,000 s)
2024-06-04 00:13:13,334 INFO  - Sent Detection message to veh_221 (at simulation time 412.900,000,000 s)
2024-06-04 00:13:13,334 INFO  - Sent broadcast CAM message to all vehicles (at simulation time 412.900,000,000 s)
2024-06-04 00:13:13,335 INFO  - Received CAM message from veh_221 (at simulation time 412.901,400,000 s)
2024-06-04 00:13:13,337 INFO  - Atempting to process queue (at simulation time 413.000,000,000 s)
2024-06-04 00:13:13,337 INFO  - Vehicle is inside the detection area. (at simulation time 413.000,000,000 s)
2024-06-04 00:13:13,337 INFO  - Sent Detection message to rsu_0 (at simulation time 413.000,000,000 s)
2024-06-04 00:13:13,337 INFO  - Sent broadcast CAM message to all vehicles (at simulation time 413.000,000,000 s)
2024-06-04 00:13:13,339 INFO  - Received CAM message from veh_108 (at simulation time 413.001,400,000 s)
2024-06-04 00:13:13,339 INFO  - Received CAM message from veh_150 (at simulation time 413.001,900,000 s)
2024-06-04 00:13:13,339 INFO  - Received CAM message from veh_221 (at simulation time 413.002,400,000 s)
2024-06-04 00:13:13,339 INFO  - Atempting to process queue (at simulation time 413.100,000,000 s)
2024-06-04 00:13:13,339 INFO  - Vehicle is inside the detection area. (at simulation time 413.100,000,000 s)
2024-06-04 00:13:13,339 INFO  - Sent Detection message to rsu_0 (at simulation time 413.100,000,000 s)
2024-06-04 00:13:13,339 INFO  - Sent broadcast CAM message to all vehicles (at simulation time 413.100,000,000 s)
2024-06-04 00:13:13,340 INFO  - Received CAM message from veh_150 (at simulation time 413.100,400,000 s)
2024-06-04 00:13:13,340 INFO  - Received CAM message from veh_108 (at simulation time 413.100,400,000 s)
2024-06-04 00:13:13,340 INFO  - Received CAM message from veh_221 (at simulation time 413.102,400,000 s)
2024-06-04 00:13:13,340 INFO  - Atempting to process queue (at simulation time 413.200,000,000 s)
2024-06-04 00:13:13,340 INFO  - Vehicle is inside the detection area. (at simulation time 413.200,000,000 s)
2024-06-04 00:13:13,340 INFO  - Sent Detection message to rsu_0 (at simulation time 413.200,000,000 s)
2024-06-04 00:13:13,340 INFO  - Sent broadcast CAM message to all vehicles (at simulation time 413.200,000,000 s)
2024-06-04 00:13:13,342 INFO  - Received CAM message from veh_108 (at simulation time 413.200,900,000 s)
2024-06-04 00:13:13,342 INFO  - Received CAM message from veh_150 (at simulation time 413.201,400,000 s)
2024-06-04 00:13:13,342 INFO  - Received CAM message from veh_221 (at simulation time 413.201,900,000 s)
2024-06-04 00:13:13,343 INFO  - Atempting to process queue (at simulation time 413.300,000,000 s)
2024-06-04 00:13:13,343 INFO  - Vehicle is inside the detection area. (at simulation time 413.300,000,000 s)
2024-06-04 00:13:13,343 INFO  - Sent Detection message to rsu_0 (at simulation time 413.300,000,000 s)
2024-06-04 00:13:13,343 INFO  - Sent broadcast CAM message to all vehicles (at simulation time 413.300,000,000 s)
2024-06-04 00:13:13,343 INFO  - Received CAM message from veh_150 (at simulation time 413.300,400,000 s)
2024-06-04 00:13:13,344 INFO  - Received CAM message from veh_221 (at simulation time 413.301,400,000 s)
2024-06-04 00:13:13,345 INFO  - Received CAM message from veh_108 (at simulation time 413.301,900,000 s)
2024-06-04 00:13:13,345 INFO  - Atempting to process queue (at simulation time 413.400,000,000 s)
2024-06-04 00:13:13,345 INFO  - Vehicle is inside the detection area. (at simulation time 413.400,000,000 s)
2024-06-04 00:13:13,345 INFO  - Sent Detection message to rsu_0 (at simulation time 413.400,000,000 s)
2024-06-04 00:13:13,345 INFO  - Sent broadcast CAM message to all vehicles (at simulation time 413.400,000,000 s)
2024-06-04 00:13:13,346 INFO  - Received CAM message from veh_150 (at simulation time 413.400,400,000 s)
2024-06-04 00:13:13,347 INFO  - Received CAM message from veh_108 (at simulation time 413.400,900,000 s)
2024-06-04 00:13:13,347 INFO  - Received CAM message from veh_221 (at simulation time 413.402,400,000 s)
2024-06-04 00:13:13,348 INFO  - Atempting to process queue (at simulation time 413.500,000,000 s)
2024-06-04 00:13:13,348 INFO  - Vehicle is inside the detection area. (at simulation time 413.500,000,000 s)
2024-06-04 00:13:13,348 INFO  - Sent Detection message to rsu_0 (at simulation time 413.500,000,000 s)
2024-06-04 00:13:13,348 INFO  - Sent broadcast CAM message to all vehicles (at simulation time 413.500,000,000 s)
2024-06-04 00:13:13,349 INFO  - Received CAM message from veh_150 (at simulation time 413.501,400,000 s)
2024-06-04 00:13:13,350 INFO  - Received CAM message from veh_108 (at simulation time 413.501,900,000 s)
2024-06-04 00:13:13,350 INFO  - Received CAM message from veh_221 (at simulation time 413.502,400,000 s)
2024-06-04 00:13:13,350 INFO  - Atempting to process queue (at simulation time 413.600,000,000 s)
2024-06-04 00:13:13,350 INFO  - Vehicle is inside the detection area. (at simulation time 413.600,000,000 s)
2024-06-04 00:13:13,350 INFO  - Sent Detection message to rsu_0 (at simulation time 413.600,000,000 s)
2024-06-04 00:13:13,350 INFO  - Sent broadcast CAM message to all vehicles (at simulation time 413.600,000,000 s)
2024-06-04 00:13:13,351 INFO  - Received CAM message from veh_150 (at simulation time 413.600,900,000 s)
2024-06-04 00:13:13,351 INFO  - Received CAM message from veh_221 (at simulation time 413.601,400,000 s)
2024-06-04 00:13:13,351 INFO  - Received CAM message from veh_108 (at simulation time 413.601,400,000 s)
2024-06-04 00:13:13,351 INFO  - Atempting to process queue (at simulation time 413.700,000,000 s)
2024-06-04 00:13:13,351 INFO  - Vehicle is inside the detection area. (at simulation time 413.700,000,000 s)
2024-06-04 00:13:13,351 INFO  - Sent Detection message to rsu_0 (at simulation time 413.700,000,000 s)
2024-06-04 00:13:13,351 INFO  - Sent broadcast CAM message to all vehicles (at simulation time 413.700,000,000 s)
2024-06-04 00:13:13,352 INFO  - Received CAM message from veh_150 (at simulation time 413.700,400,000 s)
2024-06-04 00:13:13,352 INFO  - Received CAM message from veh_108 (at simulation time 413.700,900,000 s)
2024-06-04 00:13:13,353 INFO  - Received CAM message from veh_221 (at simulation time 413.702,400,000 s)
2024-06-04 00:13:13,353 INFO  - Atempting to process queue (at simulation time 413.800,000,000 s)
2024-06-04 00:13:13,353 INFO  - Vehicle is inside the detection area. (at simulation time 413.800,000,000 s)
2024-06-04 00:13:13,353 INFO  - Sent Detection message to rsu_0 (at simulation time 413.800,000,000 s)
2024-06-04 00:13:13,353 INFO  - Sent broadcast CAM message to all vehicles (at simulation time 413.800,000,000 s)
2024-06-04 00:13:13,354 INFO  - Received CAM message from veh_108 (at simulation time 413.801,400,000 s)
2024-06-04 00:13:13,354 INFO  - Received CAM message from veh_221 (at simulation time 413.802,400,000 s)
2024-06-04 00:13:13,354 INFO  - Received CAM message from veh_150 (at simulation time 413.802,400,000 s)
2024-06-04 00:13:13,354 INFO  - Atempting to process queue (at simulation time 413.900,000,000 s)
2024-06-04 00:13:13,354 INFO  - Vehicle is inside the detection area. (at simulation time 413.900,000,000 s)
2024-06-04 00:13:13,354 INFO  - Sent Detection message to rsu_0 (at simulation time 413.900,000,000 s)
2024-06-04 00:13:13,354 INFO  - Sent broadcast CAM message to all vehicles (at simulation time 413.900,000,000 s)
2024-06-04 00:13:13,355 INFO  - Received CAM message from veh_150 (at simulation time 413.900,400,000 s)
2024-06-04 00:13:13,355 INFO  - Received CAM message from veh_108 (at simulation time 413.901,400,000 s)
2024-06-04 00:13:13,355 INFO  - Received CAM message from veh_221 (at simulation time 413.902,400,000 s)
2024-06-04 00:13:13,358 INFO  - Atempting to process queue (at simulation time 414.000,000,000 s)
2024-06-04 00:13:13,358 INFO  - Vehicle is inside the detection area. (at simulation time 414.000,000,000 s)
2024-06-04 00:13:13,358 INFO  - Sent Detection message to rsu_0 (at simulation time 414.000,000,000 s)
2024-06-04 00:13:13,358 INFO  - Sent broadcast CAM message to all vehicles (at simulation time 414.000,000,000 s)
2024-06-04 00:13:13,360 INFO  - Received CAM message from veh_221 (at simulation time 414.000,400,000 s)
2024-06-04 00:13:13,361 INFO  - Received CAM message from veh_150 (at simulation time 414.000,900,000 s)
2024-06-04 00:13:13,362 INFO  - Received CAM message from veh_108 (at simulation time 414.002,400,000 s)
2024-06-04 00:13:13,362 INFO  - Atempting to process queue (at simulation time 414.100,000,000 s)
2024-06-04 00:13:13,362 INFO  - Vehicle is inside the detection area. (at simulation time 414.100,000,000 s)
2024-06-04 00:13:13,362 INFO  - Sent Detection message to rsu_0 (at simulation time 414.100,000,000 s)
2024-06-04 00:13:13,362 INFO  - Sent broadcast CAM message to all vehicles (at simulation time 414.100,000,000 s)
2024-06-04 00:13:13,368 INFO  - Received CAM message from veh_221 (at simulation time 414.101,400,000 s)
2024-06-04 00:13:13,368 INFO  - Received Control message from rsu_0 to veh_224 (at simulation time 414.101,400,000 s)
2024-06-04 00:13:13,368 INFO  - Current route: 1, lane: 0 (at simulation time 414.101,400,000 s)
2024-06-04 00:13:13,368 INFO  - Vehicle position: GeoPoint{lat=40.743507,lon=-73.988444,alt=0.00} (at simulation time 414.101,400,000 s)
2024-06-04 00:13:13,371 INFO  - Received CAM message from veh_150 (at simulation time 414.102,400,000 s)
2024-06-04 00:13:13,371 INFO  - Received CAM message from veh_108 (at simulation time 414.102,400,000 s)
2024-06-04 00:13:13,390 INFO  - Atempting to process queue (at simulation time 414.200,000,000 s)
2024-06-04 00:13:13,390 INFO  - Vehicle is inside the detection area. (at simulation time 414.200,000,000 s)
2024-06-04 00:13:13,390 INFO  - Sent Detection message to rsu_0 (at simulation time 414.200,000,000 s)
2024-06-04 00:13:13,390 INFO  - Sent broadcast CAM message to all vehicles (at simulation time 414.200,000,000 s)
2024-06-04 00:13:13,392 INFO  - Received CAM message from veh_150 (at simulation time 414.201,900,000 s)
2024-06-04 00:13:13,392 INFO  - Received CAM message from veh_221 (at simulation time 414.202,400,000 s)
2024-06-04 00:13:13,392 INFO  - Received CAM message from veh_108 (at simulation time 414.202,400,000 s)
2024-06-04 00:13:13,392 INFO  - Atempting to process queue (at simulation time 414.300,000,000 s)
2024-06-04 00:13:13,392 INFO  - Vehicle is inside the detection area. (at simulation time 414.300,000,000 s)
2024-06-04 00:13:13,392 INFO  - Sent Detection message to rsu_0 (at simulation time 414.300,000,000 s)
2024-06-04 00:13:13,392 INFO  - Sent broadcast CAM message to all vehicles (at simulation time 414.300,000,000 s)
2024-06-04 00:13:13,393 INFO  - Received CAM message from veh_221 (at simulation time 414.300,900,000 s)
2024-06-04 00:13:13,393 INFO  - Received CAM message from veh_108 (at simulation time 414.300,900,000 s)
2024-06-04 00:13:13,394 INFO  - Received CAM message from veh_150 (at simulation time 414.302,400,000 s)
2024-06-04 00:13:13,394 INFO  - Atempting to process queue (at simulation time 414.400,000,000 s)
2024-06-04 00:13:13,394 INFO  - Vehicle is inside the detection area. (at simulation time 414.400,000,000 s)
2024-06-04 00:13:13,394 INFO  - Sent Detection message to rsu_0 (at simulation time 414.400,000,000 s)
2024-06-04 00:13:13,394 INFO  - Sent broadcast CAM message to all vehicles (at simulation time 414.400,000,000 s)
2024-06-04 00:13:13,396 INFO  - Received CAM message from veh_221 (at simulation time 414.400,900,000 s)
2024-06-04 00:13:13,396 INFO  - Received CAM message from veh_108 (at simulation time 414.400,900,000 s)
2024-06-04 00:13:13,396 INFO  - Received CAM message from veh_150 (at simulation time 414.401,900,000 s)
2024-06-04 00:13:13,397 INFO  - Atempting to process queue (at simulation time 414.500,000,000 s)
2024-06-04 00:13:13,397 INFO  - Vehicle is inside the detection area. (at simulation time 414.500,000,000 s)
2024-06-04 00:13:13,397 INFO  - Sent Detection message to rsu_0 (at simulation time 414.500,000,000 s)
2024-06-04 00:13:13,397 INFO  - Sent broadcast CAM message to all vehicles (at simulation time 414.500,000,000 s)
2024-06-04 00:13:13,397 INFO  - Received CAM message from veh_150 (at simulation time 414.500,400,000 s)
2024-06-04 00:13:13,397 INFO  - Received CAM message from veh_108 (at simulation time 414.500,400,000 s)
2024-06-04 00:13:13,397 INFO  - Received CAM message from veh_221 (at simulation time 414.500,900,000 s)
2024-06-04 00:13:13,398 INFO  - Atempting to process queue (at simulation time 414.600,000,000 s)
2024-06-04 00:13:13,398 INFO  - Vehicle is inside the detection area. (at simulation time 414.600,000,000 s)
2024-06-04 00:13:13,398 INFO  - Sent Detection message to rsu_0 (at simulation time 414.600,000,000 s)
2024-06-04 00:13:13,398 INFO  - Sent broadcast CAM message to all vehicles (at simulation time 414.600,000,000 s)
2024-06-04 00:13:13,399 INFO  - Received CAM message from veh_221 (at simulation time 414.600,400,000 s)
2024-06-04 00:13:13,399 INFO  - Received CAM message from veh_150 (at simulation time 414.600,400,000 s)
2024-06-04 00:13:13,400 INFO  - Received CAM message from veh_108 (at simulation time 414.600,900,000 s)
2024-06-04 00:13:13,400 INFO  - Atempting to process queue (at simulation time 414.700,000,000 s)
2024-06-04 00:13:13,400 INFO  - Vehicle is inside the detection area. (at simulation time 414.700,000,000 s)
2024-06-04 00:13:13,400 INFO  - Sent Detection message to rsu_0 (at simulation time 414.700,000,000 s)
2024-06-04 00:13:13,400 INFO  - Sent broadcast CAM message to all vehicles (at simulation time 414.700,000,000 s)
2024-06-04 00:13:13,402 INFO  - Received CAM message from veh_150 (at simulation time 414.701,900,000 s)
2024-06-04 00:13:13,402 INFO  - Received CAM message from veh_221 (at simulation time 414.702,400,000 s)
2024-06-04 00:13:13,402 INFO  - Received CAM message from veh_108 (at simulation time 414.702,400,000 s)
2024-06-04 00:13:13,402 INFO  - Atempting to process queue (at simulation time 414.800,000,000 s)
2024-06-04 00:13:13,402 INFO  - Vehicle is inside the detection area. (at simulation time 414.800,000,000 s)
2024-06-04 00:13:13,402 INFO  - Sent Detection message to rsu_0 (at simulation time 414.800,000,000 s)
2024-06-04 00:13:13,402 INFO  - Sent broadcast CAM message to all vehicles (at simulation time 414.800,000,000 s)
2024-06-04 00:13:13,403 INFO  - Received CAM message from veh_108 (at simulation time 414.800,900,000 s)
2024-06-04 00:13:13,403 INFO  - Received CAM message from veh_221 (at simulation time 414.801,400,000 s)
2024-06-04 00:13:13,403 INFO  - Received CAM message from veh_150 (at simulation time 414.801,400,000 s)
2024-06-04 00:13:13,404 INFO  - Atempting to process queue (at simulation time 414.900,000,000 s)
2024-06-04 00:13:13,404 INFO  - Vehicle is inside the detection area. (at simulation time 414.900,000,000 s)
2024-06-04 00:13:13,404 INFO  - Sent Detection message to rsu_0 (at simulation time 414.900,000,000 s)
2024-06-04 00:13:13,404 INFO  - Sent broadcast CAM message to all vehicles (at simulation time 414.900,000,000 s)
2024-06-04 00:13:13,405 INFO  - Received CAM message from veh_221 (at simulation time 414.901,400,000 s)
2024-06-04 00:13:13,405 INFO  - Received CAM message from veh_150 (at simulation time 414.901,900,000 s)
2024-06-04 00:13:13,406 INFO  - Received CAM message from veh_108 (at simulation time 414.902,400,000 s)
2024-06-04 00:13:13,411 INFO  - Atempting to process queue (at simulation time 415.000,000,000 s)
2024-06-04 00:13:13,411 INFO  - Vehicle is outside the detection area. (at simulation time 415.000,000,000 s)
2024-06-04 00:13:13,411 INFO  - Sent broadcast CAM message to all vehicles (at simulation time 415.000,000,000 s)
2024-06-04 00:13:13,412 INFO  - Received CAM message from veh_126 (at simulation time 415.000,400,000 s)
2024-06-04 00:13:13,413 INFO  - Received CAM message from veh_108 (at simulation time 415.000,900,000 s)
2024-06-04 00:13:13,413 INFO  - Received CAM message from veh_150 (at simulation time 415.001,400,000 s)
2024-06-04 00:13:13,413 INFO  - Received CAM message from veh_221 (at simulation time 415.001,900,000 s)
2024-06-04 00:13:13,413 INFO  - Received CAM message from veh_159 (at simulation time 415.002,400,000 s)
2024-06-04 00:13:13,413 INFO  - Atempting to process queue (at simulation time 415.100,000,000 s)
2024-06-04 00:13:13,413 INFO  - Vehicle is outside the detection area. (at simulation time 415.100,000,000 s)
2024-06-04 00:13:13,413 INFO  - Sent broadcast CAM message to all vehicles (at simulation time 415.100,000,000 s)
2024-06-04 00:13:13,414 INFO  - Received CAM message from veh_221 (at simulation time 415.100,400,000 s)
2024-06-04 00:13:13,414 INFO  - Received CAM message from veh_108 (at simulation time 415.100,400,000 s)
2024-06-04 00:13:13,414 INFO  - Received CAM message from veh_159 (at simulation time 415.100,900,000 s)
2024-06-04 00:13:13,414 INFO  - Received CAM message from veh_126 (at simulation time 415.100,900,000 s)
2024-06-04 00:13:13,415 INFO  - Received CAM message from veh_150 (at simulation time 415.102,400,000 s)
2024-06-04 00:13:13,415 INFO  - Atempting to process queue (at simulation time 415.200,000,000 s)
2024-06-04 00:13:13,415 INFO  - Vehicle is outside the detection area. (at simulation time 415.200,000,000 s)
2024-06-04 00:13:13,415 INFO  - Sent broadcast CAM message to all vehicles (at simulation time 415.200,000,000 s)
2024-06-04 00:13:13,417 INFO  - Received CAM message from veh_126 (at simulation time 415.201,400,000 s)
2024-06-04 00:13:13,417 INFO  - Received CAM message from veh_108 (at simulation time 415.201,400,000 s)
2024-06-04 00:13:13,417 INFO  - Received CAM message from veh_221 (at simulation time 415.201,900,000 s)
2024-06-04 00:13:13,417 INFO  - Received CAM message from veh_150 (at simulation time 415.201,900,000 s)
2024-06-04 00:13:13,417 INFO  - Received CAM message from veh_159 (at simulation time 415.202,400,000 s)
2024-06-04 00:13:13,417 INFO  - Atempting to process queue (at simulation time 415.300,000,000 s)
2024-06-04 00:13:13,417 INFO  - Vehicle is outside the detection area. (at simulation time 415.300,000,000 s)
2024-06-04 00:13:13,417 INFO  - Sent broadcast CAM message to all vehicles (at simulation time 415.300,000,000 s)
2024-06-04 00:13:13,418 INFO  - Received CAM message from veh_108 (at simulation time 415.300,900,000 s)
2024-06-04 00:13:13,418 INFO  - Received CAM message from veh_221 (at simulation time 415.301,400,000 s)
2024-06-04 00:13:13,418 INFO  - Received CAM message from veh_126 (at simulation time 415.301,400,000 s)
2024-06-04 00:13:13,418 INFO  - Received CAM message from veh_159 (at simulation time 415.301,900,000 s)
2024-06-04 00:13:13,419 INFO  - Received CAM message from veh_150 (at simulation time 415.301,900,000 s)
2024-06-04 00:13:13,419 INFO  - Atempting to process queue (at simulation time 415.400,000,000 s)
2024-06-04 00:13:13,419 INFO  - Vehicle is outside the detection area. (at simulation time 415.400,000,000 s)
2024-06-04 00:13:13,419 INFO  - Sent broadcast CAM message to all vehicles (at simulation time 415.400,000,000 s)
2024-06-04 00:13:13,420 INFO  - Received CAM message from veh_108 (at simulation time 415.400,900,000 s)
2024-06-04 00:13:13,420 INFO  - Received CAM message from veh_221 (at simulation time 415.401,400,000 s)
2024-06-04 00:13:13,420 INFO  - Received CAM message from veh_159 (at simulation time 415.401,400,000 s)
2024-06-04 00:13:13,420 INFO  - Received CAM message from veh_150 (at simulation time 415.401,400,000 s)
2024-06-04 00:13:13,421 INFO  - Received CAM message from veh_126 (at simulation time 415.402,400,000 s)
2024-06-04 00:13:13,421 INFO  - Atempting to process queue (at simulation time 415.500,000,000 s)
2024-06-04 00:13:13,421 INFO  - Vehicle is outside the detection area. (at simulation time 415.500,000,000 s)
2024-06-04 00:13:13,421 INFO  - Sent broadcast CAM message to all vehicles (at simulation time 415.500,000,000 s)
2024-06-04 00:13:13,422 INFO  - Received CAM message from veh_221 (at simulation time 415.500,900,000 s)
2024-06-04 00:13:13,422 INFO  - Received CAM message from veh_108 (at simulation time 415.500,900,000 s)
2024-06-04 00:13:13,422 INFO  - Received CAM message from veh_150 (at simulation time 415.501,400,000 s)
2024-06-04 00:13:13,422 INFO  - Received CAM message from veh_126 (at simulation time 415.501,900,000 s)
2024-06-04 00:13:13,423 INFO  - Received CAM message from veh_159 (at simulation time 415.502,400,000 s)
2024-06-04 00:13:13,423 INFO  - Atempting to process queue (at simulation time 415.600,000,000 s)
2024-06-04 00:13:13,423 INFO  - Vehicle is outside the detection area. (at simulation time 415.600,000,000 s)
2024-06-04 00:13:13,423 INFO  - Sent broadcast CAM message to all vehicles (at simulation time 415.600,000,000 s)
2024-06-04 00:13:13,424 INFO  - Received CAM message from veh_221 (at simulation time 415.601,400,000 s)
2024-06-04 00:13:13,424 INFO  - Received CAM message from veh_159 (at simulation time 415.601,400,000 s)
2024-06-04 00:13:13,424 INFO  - Received CAM message from veh_150 (at simulation time 415.601,400,000 s)
2024-06-04 00:13:13,425 INFO  - Received CAM message from veh_126 (at simulation time 415.602,400,000 s)
2024-06-04 00:13:13,425 INFO  - Received CAM message from veh_108 (at simulation time 415.602,400,000 s)
2024-06-04 00:13:13,425 INFO  - Atempting to process queue (at simulation time 415.700,000,000 s)
2024-06-04 00:13:13,425 INFO  - Vehicle is outside the detection area. (at simulation time 415.700,000,000 s)
2024-06-04 00:13:13,425 INFO  - Sent broadcast CAM message to all vehicles (at simulation time 415.700,000,000 s)
2024-06-04 00:13:13,425 INFO  - Received CAM message from veh_150 (at simulation time 415.700,400,000 s)
2024-06-04 00:13:13,425 INFO  - Received CAM message from veh_108 (at simulation time 415.700,400,000 s)
2024-06-04 00:13:13,426 INFO  - Received CAM message from veh_159 (at simulation time 415.700,900,000 s)
2024-06-04 00:13:13,426 INFO  - Received CAM message from veh_221 (at simulation time 415.702,400,000 s)
2024-06-04 00:13:13,426 INFO  - Received CAM message from veh_126 (at simulation time 415.702,400,000 s)
2024-06-04 00:13:13,426 INFO  - Atempting to process queue (at simulation time 415.800,000,000 s)
2024-06-04 00:13:13,426 INFO  - Vehicle is outside the detection area. (at simulation time 415.800,000,000 s)
2024-06-04 00:13:13,426 INFO  - Sent broadcast CAM message to all vehicles (at simulation time 415.800,000,000 s)
2024-06-04 00:13:13,427 INFO  - Received CAM message from veh_221 (at simulation time 415.800,900,000 s)
2024-06-04 00:13:13,428 INFO  - Received CAM message from veh_150 (at simulation time 415.801,400,000 s)
2024-06-04 00:13:13,428 INFO  - Received CAM message from veh_159 (at simulation time 415.801,900,000 s)
2024-06-04 00:13:13,428 INFO  - Received CAM message from veh_108 (at simulation time 415.801,900,000 s)
2024-06-04 00:13:13,428 INFO  - Received CAM message from veh_126 (at simulation time 415.802,400,000 s)
2024-06-04 00:13:13,428 INFO  - Atempting to process queue (at simulation time 415.900,000,000 s)
2024-06-04 00:13:13,428 INFO  - Vehicle is outside the detection area. (at simulation time 415.900,000,000 s)
2024-06-04 00:13:13,428 INFO  - Sent broadcast CAM message to all vehicles (at simulation time 415.900,000,000 s)
2024-06-04 00:13:13,429 INFO  - Received CAM message from veh_126 (at simulation time 415.900,400,000 s)
2024-06-04 00:13:13,430 INFO  - Received CAM message from veh_159 (at simulation time 415.901,400,000 s)
2024-06-04 00:13:13,430 INFO  - Received CAM message from veh_150 (at simulation time 415.901,400,000 s)
2024-06-04 00:13:13,430 INFO  - Received CAM message from veh_221 (at simulation time 415.901,900,000 s)
2024-06-04 00:13:13,430 INFO  - Received CAM message from veh_108 (at simulation time 415.902,400,000 s)
2024-06-04 00:13:13,434 INFO  - Atempting to process queue (at simulation time 416.000,000,000 s)
2024-06-04 00:13:13,434 INFO  - Vehicle is outside the detection area. (at simulation time 416.000,000,000 s)
2024-06-04 00:13:13,434 INFO  - Sent broadcast CAM message to all vehicles (at simulation time 416.000,000,000 s)
2024-06-04 00:13:13,437 INFO  - Received CAM message from veh_108 (at simulation time 416.000,400,000 s)
2024-06-04 00:13:13,437 INFO  - Received CAM message from veh_221 (at simulation time 416.001,400,000 s)
2024-06-04 00:13:13,438 INFO  - Received CAM message from veh_150 (at simulation time 416.002,400,000 s)
2024-06-04 00:13:13,438 INFO  - Atempting to process queue (at simulation time 416.100,000,000 s)
2024-06-04 00:13:13,438 INFO  - Vehicle is outside the detection area. (at simulation time 416.100,000,000 s)
2024-06-04 00:13:13,438 INFO  - Sent broadcast CAM message to all vehicles (at simulation time 416.100,000,000 s)
2024-06-04 00:13:13,439 INFO  - Received CAM message from veh_150 (at simulation time 416.100,900,000 s)
2024-06-04 00:13:13,439 INFO  - Received CAM message from veh_221 (at simulation time 416.101,400,000 s)
2024-06-04 00:13:13,440 INFO  - Received CAM message from veh_108 (at simulation time 416.101,900,000 s)
2024-06-04 00:13:13,440 INFO  - Atempting to process queue (at simulation time 416.200,000,000 s)
2024-06-04 00:13:13,440 INFO  - Vehicle is outside the detection area. (at simulation time 416.200,000,000 s)
2024-06-04 00:13:13,440 INFO  - Sent broadcast CAM message to all vehicles (at simulation time 416.200,000,000 s)
2024-06-04 00:13:13,441 INFO  - Received CAM message from veh_108 (at simulation time 416.200,900,000 s)
2024-06-04 00:13:13,442 INFO  - Received CAM message from veh_221 (at simulation time 416.201,900,000 s)
2024-06-04 00:13:13,442 INFO  - Received CAM message from veh_150 (at simulation time 416.201,900,000 s)
2024-06-04 00:13:13,442 INFO  - Atempting to process queue (at simulation time 416.300,000,000 s)
2024-06-04 00:13:13,442 INFO  - Vehicle is outside the detection area. (at simulation time 416.300,000,000 s)
2024-06-04 00:13:13,442 INFO  - Sent broadcast CAM message to all vehicles (at simulation time 416.300,000,000 s)
2024-06-04 00:13:13,443 INFO  - Received CAM message from veh_108 (at simulation time 416.300,400,000 s)
2024-06-04 00:13:13,443 INFO  - Received CAM message from veh_221 (at simulation time 416.301,400,000 s)
2024-06-04 00:13:13,444 INFO  - Received CAM message from veh_150 (at simulation time 416.301,900,000 s)
2024-06-04 00:13:13,444 INFO  - Atempting to process queue (at simulation time 416.400,000,000 s)
2024-06-04 00:13:13,444 INFO  - Vehicle is outside the detection area. (at simulation time 416.400,000,000 s)
2024-06-04 00:13:13,444 INFO  - Sent broadcast CAM message to all vehicles (at simulation time 416.400,000,000 s)
2024-06-04 00:13:13,445 INFO  - Received CAM message from veh_150 (at simulation time 416.400,400,000 s)
2024-06-04 00:13:13,445 INFO  - Received CAM message from veh_108 (at simulation time 416.400,400,000 s)
2024-06-04 00:13:13,446 INFO  - Received CAM message from veh_221 (at simulation time 416.401,900,000 s)
2024-06-04 00:13:13,446 INFO  - Atempting to process queue (at simulation time 416.500,000,000 s)
2024-06-04 00:13:13,446 INFO  - Vehicle is outside the detection area. (at simulation time 416.500,000,000 s)
2024-06-04 00:13:13,446 INFO  - Sent broadcast CAM message to all vehicles (at simulation time 416.500,000,000 s)
2024-06-04 00:13:13,447 INFO  - Received CAM message from veh_150 (at simulation time 416.500,400,000 s)
2024-06-04 00:13:13,447 INFO  - Received CAM message from veh_108 (at simulation time 416.500,400,000 s)
2024-06-04 00:13:13,447 INFO  - Received CAM message from veh_221 (at simulation time 416.500,900,000 s)
2024-06-04 00:13:13,448 INFO  - Atempting to process queue (at simulation time 416.600,000,000 s)
2024-06-04 00:13:13,448 INFO  - Vehicle is outside the detection area. (at simulation time 416.600,000,000 s)
2024-06-04 00:13:13,448 INFO  - Sent broadcast CAM message to all vehicles (at simulation time 416.600,000,000 s)
2024-06-04 00:13:13,450 INFO  - Received CAM message from veh_150 (at simulation time 416.601,400,000 s)
2024-06-04 00:13:13,450 INFO  - Received CAM message from veh_221 (at simulation time 416.601,900,000 s)
2024-06-04 00:13:13,450 INFO  - Received CAM message from veh_108 (at simulation time 416.602,400,000 s)
2024-06-04 00:13:13,450 INFO  - Atempting to process queue (at simulation time 416.700,000,000 s)
2024-06-04 00:13:13,450 INFO  - Vehicle is outside the detection area. (at simulation time 416.700,000,000 s)
2024-06-04 00:13:13,450 INFO  - Sent broadcast CAM message to all vehicles (at simulation time 416.700,000,000 s)
2024-06-04 00:13:13,451 INFO  - Received CAM message from veh_108 (at simulation time 416.700,400,000 s)
2024-06-04 00:13:13,452 INFO  - Received CAM message from veh_150 (at simulation time 416.701,900,000 s)
2024-06-04 00:13:13,452 INFO  - Received CAM message from veh_221 (at simulation time 416.702,400,000 s)
2024-06-04 00:13:13,452 INFO  - Atempting to process queue (at simulation time 416.800,000,000 s)
2024-06-04 00:13:13,452 INFO  - Vehicle is outside the detection area. (at simulation time 416.800,000,000 s)
2024-06-04 00:13:13,452 INFO  - Sent broadcast CAM message to all vehicles (at simulation time 416.800,000,000 s)
2024-06-04 00:13:13,453 INFO  - Received CAM message from veh_108 (at simulation time 416.800,400,000 s)
2024-06-04 00:13:13,453 INFO  - Received CAM message from veh_221 (at simulation time 416.800,900,000 s)
2024-06-04 00:13:13,453 INFO  - Received CAM message from veh_150 (at simulation time 416.800,900,000 s)
2024-06-04 00:13:13,454 INFO  - Atempting to process queue (at simulation time 416.900,000,000 s)
2024-06-04 00:13:13,454 INFO  - Vehicle is outside the detection area. (at simulation time 416.900,000,000 s)
2024-06-04 00:13:13,454 INFO  - Sent broadcast CAM message to all vehicles (at simulation time 416.900,000,000 s)
2024-06-04 00:13:13,454 INFO  - Received CAM message from veh_221 (at simulation time 416.900,400,000 s)
2024-06-04 00:13:13,455 INFO  - Received CAM message from veh_150 (at simulation time 416.901,400,000 s)
2024-06-04 00:13:13,455 INFO  - Received CAM message from veh_108 (at simulation time 416.901,900,000 s)
2024-06-04 00:13:13,459 INFO  - Atempting to process queue (at simulation time 417.000,000,000 s)
2024-06-04 00:13:13,459 INFO  - Vehicle is outside the detection area. (at simulation time 417.000,000,000 s)
2024-06-04 00:13:13,459 INFO  - Sent broadcast CAM message to all vehicles (at simulation time 417.000,000,000 s)
2024-06-04 00:13:13,460 INFO  - Received CAM message from veh_221 (at simulation time 417.000,900,000 s)
2024-06-04 00:13:13,460 INFO  - Received CAM message from veh_150 (at simulation time 417.000,900,000 s)
2024-06-04 00:13:13,460 INFO  - Received CAM message from veh_108 (at simulation time 417.000,900,000 s)
2024-06-04 00:13:13,461 INFO  - Atempting to process queue (at simulation time 417.100,000,000 s)
2024-06-04 00:13:13,461 INFO  - Vehicle is outside the detection area. (at simulation time 417.100,000,000 s)
2024-06-04 00:13:13,461 INFO  - Sent broadcast CAM message to all vehicles (at simulation time 417.100,000,000 s)
2024-06-04 00:13:13,461 INFO  - Received CAM message from veh_108 (at simulation time 417.100,400,000 s)
2024-06-04 00:13:13,461 INFO  - Received CAM message from veh_150 (at simulation time 417.100,900,000 s)
2024-06-04 00:13:13,462 INFO  - Received CAM message from veh_221 (at simulation time 417.102,400,000 s)
2024-06-04 00:13:13,462 INFO  - Atempting to process queue (at simulation time 417.200,000,000 s)
2024-06-04 00:13:13,462 INFO  - Vehicle is outside the detection area. (at simulation time 417.200,000,000 s)
2024-06-04 00:13:13,462 INFO  - Sent broadcast CAM message to all vehicles (at simulation time 417.200,000,000 s)
2024-06-04 00:13:13,464 INFO  - Received CAM message from veh_150 (at simulation time 417.201,900,000 s)
2024-06-04 00:13:13,464 INFO  - Received CAM message from veh_108 (at simulation time 417.201,900,000 s)
2024-06-04 00:13:13,464 INFO  - Received CAM message from veh_221 (at simulation time 417.202,400,000 s)
2024-06-04 00:13:13,464 INFO  - Atempting to process queue (at simulation time 417.300,000,000 s)
2024-06-04 00:13:13,464 INFO  - Vehicle is outside the detection area. (at simulation time 417.300,000,000 s)
2024-06-04 00:13:13,464 INFO  - Sent broadcast CAM message to all vehicles (at simulation time 417.300,000,000 s)
2024-06-04 00:13:13,464 INFO  - Received CAM message from veh_221 (at simulation time 417.300,400,000 s)
2024-06-04 00:13:13,465 INFO  - Received CAM message from veh_150 (at simulation time 417.300,400,000 s)
2024-06-04 00:13:13,466 INFO  - Received CAM message from veh_108 (at simulation time 417.302,400,000 s)
2024-06-04 00:13:13,466 INFO  - Atempting to process queue (at simulation time 417.400,000,000 s)
2024-06-04 00:13:13,466 INFO  - Vehicle is outside the detection area. (at simulation time 417.400,000,000 s)
2024-06-04 00:13:13,466 INFO  - Sent broadcast CAM message to all vehicles (at simulation time 417.400,000,000 s)
2024-06-04 00:13:13,467 INFO  - Received CAM message from veh_150 (at simulation time 417.401,900,000 s)
2024-06-04 00:13:13,467 INFO  - Received CAM message from veh_221 (at simulation time 417.402,400,000 s)
2024-06-04 00:13:13,467 INFO  - Received CAM message from veh_108 (at simulation time 417.402,400,000 s)
2024-06-04 00:13:13,468 INFO  - Atempting to process queue (at simulation time 417.500,000,000 s)
2024-06-04 00:13:13,468 INFO  - Vehicle is outside the detection area. (at simulation time 417.500,000,000 s)
2024-06-04 00:13:13,468 INFO  - Sent broadcast CAM message to all vehicles (at simulation time 417.500,000,000 s)
2024-06-04 00:13:13,468 INFO  - Received CAM message from veh_150 (at simulation time 417.500,900,000 s)
2024-06-04 00:13:13,469 INFO  - Received CAM message from veh_108 (at simulation time 417.500,900,000 s)
2024-06-04 00:13:13,469 INFO  - Received CAM message from veh_221 (at simulation time 417.501,900,000 s)
2024-06-04 00:13:13,469 INFO  - Atempting to process queue (at simulation time 417.600,000,000 s)
2024-06-04 00:13:13,469 INFO  - Vehicle is outside the detection area. (at simulation time 417.600,000,000 s)
2024-06-04 00:13:13,469 INFO  - Sent broadcast CAM message to all vehicles (at simulation time 417.600,000,000 s)
2024-06-04 00:13:13,470 INFO  - Received CAM message from veh_108 (at simulation time 417.600,900,000 s)
2024-06-04 00:13:13,471 INFO  - Received CAM message from veh_221 (at simulation time 417.601,900,000 s)
2024-06-04 00:13:13,471 INFO  - Received CAM message from veh_150 (at simulation time 417.601,900,000 s)
2024-06-04 00:13:13,471 INFO  - Atempting to process queue (at simulation time 417.700,000,000 s)
2024-06-04 00:13:13,471 INFO  - Vehicle is outside the detection area. (at simulation time 417.700,000,000 s)
2024-06-04 00:13:13,471 INFO  - Sent broadcast CAM message to all vehicles (at simulation time 417.700,000,000 s)
2024-06-04 00:13:13,472 INFO  - Received CAM message from veh_221 (at simulation time 417.700,900,000 s)
2024-06-04 00:13:13,472 INFO  - Received CAM message from veh_150 (at simulation time 417.700,900,000 s)
2024-06-04 00:13:13,472 INFO  - Received CAM message from veh_108 (at simulation time 417.700,900,000 s)
2024-06-04 00:13:13,473 INFO  - Atempting to process queue (at simulation time 417.800,000,000 s)
2024-06-04 00:13:13,473 INFO  - Vehicle is outside the detection area. (at simulation time 417.800,000,000 s)
2024-06-04 00:13:13,473 INFO  - Sent broadcast CAM message to all vehicles (at simulation time 417.800,000,000 s)
2024-06-04 00:13:13,474 INFO  - Received CAM message from veh_221 (at simulation time 417.801,400,000 s)
2024-06-04 00:13:13,474 INFO  - Received CAM message from veh_108 (at simulation time 417.801,400,000 s)
2024-06-04 00:13:13,474 INFO  - Received CAM message from veh_150 (at simulation time 417.801,900,000 s)
2024-06-04 00:13:13,474 INFO  - Atempting to process queue (at simulation time 417.900,000,000 s)
2024-06-04 00:13:13,474 INFO  - Vehicle is outside the detection area. (at simulation time 417.900,000,000 s)
2024-06-04 00:13:13,474 INFO  - Sent broadcast CAM message to all vehicles (at simulation time 417.900,000,000 s)
2024-06-04 00:13:13,475 INFO  - Received CAM message from veh_221 (at simulation time 417.901,400,000 s)
2024-06-04 00:13:13,476 INFO  - Received CAM message from veh_108 (at simulation time 417.901,900,000 s)
2024-06-04 00:13:13,476 INFO  - Received CAM message from veh_150 (at simulation time 417.902,400,000 s)
2024-06-04 00:13:13,481 INFO  - Atempting to process queue (at simulation time 418.000,000,000 s)
2024-06-04 00:13:13,481 INFO  - Vehicle is outside the detection area. (at simulation time 418.000,000,000 s)
2024-06-04 00:13:13,481 INFO  - Sent broadcast CAM message to all vehicles (at simulation time 418.000,000,000 s)
2024-06-04 00:13:13,483 INFO  - Received CAM message from veh_221 (at simulation time 418.001,400,000 s)
2024-06-04 00:13:13,483 INFO  - Received CAM message from veh_108 (at simulation time 418.002,400,000 s)
2024-06-04 00:13:13,483 INFO  - Atempting to process queue (at simulation time 418.100,000,000 s)
2024-06-04 00:13:13,483 INFO  - Vehicle is outside the detection area. (at simulation time 418.100,000,000 s)
2024-06-04 00:13:13,483 INFO  - Sent broadcast CAM message to all vehicles (at simulation time 418.100,000,000 s)
2024-06-04 00:13:13,484 INFO  - Received CAM message from veh_108 (at simulation time 418.100,400,000 s)
2024-06-04 00:13:13,484 INFO  - Received CAM message from veh_221 (at simulation time 418.100,900,000 s)
2024-06-04 00:13:13,486 INFO  - Atempting to process queue (at simulation time 418.200,000,000 s)
2024-06-04 00:13:13,486 INFO  - Vehicle is outside the detection area. (at simulation time 418.200,000,000 s)
2024-06-04 00:13:13,486 INFO  - Sent broadcast CAM message to all vehicles (at simulation time 418.200,000,000 s)
2024-06-04 00:13:13,487 INFO  - Received CAM message from veh_221 (at simulation time 418.200,900,000 s)
2024-06-04 00:13:13,487 INFO  - Received CAM message from veh_108 (at simulation time 418.200,900,000 s)
2024-06-04 00:13:13,487 INFO  - Atempting to process queue (at simulation time 418.300,000,000 s)
2024-06-04 00:13:13,487 INFO  - Vehicle is outside the detection area. (at simulation time 418.300,000,000 s)
2024-06-04 00:13:13,487 INFO  - Sent broadcast CAM message to all vehicles (at simulation time 418.300,000,000 s)
2024-06-04 00:13:13,488 INFO  - Received CAM message from veh_221 (at simulation time 418.301,400,000 s)
2024-06-04 00:13:13,489 INFO  - Received CAM message from veh_108 (at simulation time 418.302,400,000 s)
2024-06-04 00:13:13,489 INFO  - Atempting to process queue (at simulation time 418.400,000,000 s)
2024-06-04 00:13:13,489 INFO  - Vehicle is outside the detection area. (at simulation time 418.400,000,000 s)
2024-06-04 00:13:13,489 INFO  - Sent broadcast CAM message to all vehicles (at simulation time 418.400,000,000 s)
2024-06-04 00:13:13,490 INFO  - Received CAM message from veh_108 (at simulation time 418.400,900,000 s)
2024-06-04 00:13:13,490 INFO  - Received CAM message from veh_221 (at simulation time 418.401,400,000 s)
2024-06-04 00:13:13,491 INFO  - Atempting to process queue (at simulation time 418.500,000,000 s)
2024-06-04 00:13:13,491 INFO  - Vehicle is outside the detection area. (at simulation time 418.500,000,000 s)
2024-06-04 00:13:13,491 INFO  - Sent broadcast CAM message to all vehicles (at simulation time 418.500,000,000 s)
2024-06-04 00:13:13,491 INFO  - Received CAM message from veh_221 (at simulation time 418.500,400,000 s)
2024-06-04 00:13:13,491 INFO  - Received CAM message from veh_108 (at simulation time 418.500,400,000 s)
2024-06-04 00:13:13,492 INFO  - Atempting to process queue (at simulation time 418.600,000,000 s)
2024-06-04 00:13:13,492 INFO  - Vehicle is outside the detection area. (at simulation time 418.600,000,000 s)
2024-06-04 00:13:13,492 INFO  - Sent broadcast CAM message to all vehicles (at simulation time 418.600,000,000 s)
2024-06-04 00:13:13,493 INFO  - Received CAM message from veh_108 (at simulation time 418.600,400,000 s)
2024-06-04 00:13:13,494 INFO  - Received CAM message from veh_221 (at simulation time 418.602,400,000 s)
2024-06-04 00:13:13,494 INFO  - Atempting to process queue (at simulation time 418.700,000,000 s)
2024-06-04 00:13:13,494 INFO  - Vehicle is outside the detection area. (at simulation time 418.700,000,000 s)
2024-06-04 00:13:13,494 INFO  - Sent broadcast CAM message to all vehicles (at simulation time 418.700,000,000 s)
2024-06-04 00:13:13,495 INFO  - Received CAM message from veh_108 (at simulation time 418.700,400,000 s)
2024-06-04 00:13:13,495 INFO  - Received CAM message from veh_221 (at simulation time 418.701,900,000 s)
2024-06-04 00:13:13,496 INFO  - Atempting to process queue (at simulation time 418.800,000,000 s)
2024-06-04 00:13:13,496 INFO  - Vehicle is outside the detection area. (at simulation time 418.800,000,000 s)
2024-06-04 00:13:13,496 INFO  - Sent broadcast CAM message to all vehicles (at simulation time 418.800,000,000 s)
2024-06-04 00:13:13,496 INFO  - Received CAM message from veh_221 (at simulation time 418.800,900,000 s)
2024-06-04 00:13:13,497 INFO  - Received CAM message from veh_108 (at simulation time 418.801,900,000 s)
2024-06-04 00:13:13,497 INFO  - Atempting to process queue (at simulation time 418.900,000,000 s)
2024-06-04 00:13:13,497 INFO  - Vehicle is outside the detection area. (at simulation time 418.900,000,000 s)
2024-06-04 00:13:13,497 INFO  - Sent broadcast CAM message to all vehicles (at simulation time 418.900,000,000 s)
2024-06-04 00:13:13,498 INFO  - Received CAM message from veh_221 (at simulation time 418.900,400,000 s)
2024-06-04 00:13:13,499 INFO  - Received CAM message from veh_108 (at simulation time 418.901,900,000 s)
2024-06-04 00:13:13,501 INFO  - Atempting to process queue (at simulation time 419.000,000,000 s)
2024-06-04 00:13:13,501 INFO  - Vehicle is outside the detection area. (at simulation time 419.000,000,000 s)
2024-06-04 00:13:13,501 INFO  - Sent broadcast CAM message to all vehicles (at simulation time 419.000,000,000 s)
2024-06-04 00:13:13,503 INFO  - Received CAM message from veh_221 (at simulation time 419.000,900,000 s)
2024-06-04 00:13:13,504 INFO  - Atempting to process queue (at simulation time 419.100,000,000 s)
2024-06-04 00:13:13,504 INFO  - Vehicle is outside the detection area. (at simulation time 419.100,000,000 s)
2024-06-04 00:13:13,504 INFO  - Sent broadcast CAM message to all vehicles (at simulation time 419.100,000,000 s)
2024-06-04 00:13:13,505 INFO  - Received CAM message from veh_221 (at simulation time 419.102,400,000 s)
2024-06-04 00:13:13,506 INFO  - Atempting to process queue (at simulation time 419.200,000,000 s)
2024-06-04 00:13:13,506 INFO  - Vehicle is outside the detection area. (at simulation time 419.200,000,000 s)
2024-06-04 00:13:13,506 INFO  - Sent broadcast CAM message to all vehicles (at simulation time 419.200,000,000 s)
2024-06-04 00:13:13,506 INFO  - Received CAM message from veh_221 (at simulation time 419.200,400,000 s)
2024-06-04 00:13:13,507 INFO  - Atempting to process queue (at simulation time 419.300,000,000 s)
2024-06-04 00:13:13,507 INFO  - Vehicle is outside the detection area. (at simulation time 419.300,000,000 s)
2024-06-04 00:13:13,507 INFO  - Sent broadcast CAM message to all vehicles (at simulation time 419.300,000,000 s)
2024-06-04 00:13:13,509 INFO  - Received CAM message from veh_221 (at simulation time 419.301,900,000 s)
2024-06-04 00:13:13,509 INFO  - Atempting to process queue (at simulation time 419.400,000,000 s)
2024-06-04 00:13:13,509 INFO  - Vehicle is outside the detection area. (at simulation time 419.400,000,000 s)
2024-06-04 00:13:13,509 INFO  - Sent broadcast CAM message to all vehicles (at simulation time 419.400,000,000 s)
2024-06-04 00:13:13,509 INFO  - Received CAM message from veh_221 (at simulation time 419.400,400,000 s)
2024-06-04 00:13:13,515 INFO  - Atempting to process queue (at simulation time 419.500,000,000 s)
2024-06-04 00:13:13,515 INFO  - Vehicle is outside the detection area. (at simulation time 419.500,000,000 s)
2024-06-04 00:13:13,515 INFO  - Sent broadcast CAM message to all vehicles (at simulation time 419.500,000,000 s)
2024-06-04 00:13:13,516 INFO  - Received CAM message from veh_221 (at simulation time 419.501,400,000 s)
2024-06-04 00:13:13,516 INFO  - Atempting to process queue (at simulation time 419.600,000,000 s)
2024-06-04 00:13:13,516 INFO  - Vehicle is outside the detection area. (at simulation time 419.600,000,000 s)
2024-06-04 00:13:13,516 INFO  - Sent broadcast CAM message to all vehicles (at simulation time 419.600,000,000 s)
2024-06-04 00:13:13,517 INFO  - Received CAM message from veh_221 (at simulation time 419.601,400,000 s)
2024-06-04 00:13:13,518 INFO  - Atempting to process queue (at simulation time 419.700,000,000 s)
2024-06-04 00:13:13,518 INFO  - Vehicle is outside the detection area. (at simulation time 419.700,000,000 s)
2024-06-04 00:13:13,518 INFO  - Sent broadcast CAM message to all vehicles (at simulation time 419.700,000,000 s)
2024-06-04 00:13:13,519 INFO  - Received CAM message from veh_221 (at simulation time 419.701,900,000 s)
2024-06-04 00:13:13,519 INFO  - Atempting to process queue (at simulation time 419.800,000,000 s)
2024-06-04 00:13:13,519 INFO  - Vehicle is outside the detection area. (at simulation time 419.800,000,000 s)
2024-06-04 00:13:13,519 INFO  - Sent broadcast CAM message to all vehicles (at simulation time 419.800,000,000 s)
2024-06-04 00:13:13,521 INFO  - Received CAM message from veh_221 (at simulation time 419.801,900,000 s)
2024-06-04 00:13:13,521 INFO  - Atempting to process queue (at simulation time 419.900,000,000 s)
2024-06-04 00:13:13,521 INFO  - Vehicle is outside the detection area. (at simulation time 419.900,000,000 s)
2024-06-04 00:13:13,521 INFO  - Sent broadcast CAM message to all vehicles (at simulation time 419.900,000,000 s)
2024-06-04 00:13:13,522 INFO  - Received CAM message from veh_221 (at simulation time 419.902,400,000 s)
2024-06-04 00:13:13,526 INFO  - Atempting to process queue (at simulation time 420.000,000,000 s)
2024-06-04 00:13:13,526 INFO  - Vehicle is outside the detection area. (at simulation time 420.000,000,000 s)
2024-06-04 00:13:13,526 INFO  - Sent broadcast CAM message to all vehicles (at simulation time 420.000,000,000 s)
2024-06-04 00:13:13,528 INFO  - Received CAM message from veh_221 (at simulation time 420.001,400,000 s)
2024-06-04 00:13:13,529 INFO  - Atempting to process queue (at simulation time 420.100,000,000 s)
2024-06-04 00:13:13,529 INFO  - Vehicle is outside the detection area. (at simulation time 420.100,000,000 s)
2024-06-04 00:13:13,529 INFO  - Sent broadcast CAM message to all vehicles (at simulation time 420.100,000,000 s)
2024-06-04 00:13:13,530 INFO  - Received CAM message from veh_221 (at simulation time 420.101,900,000 s)
2024-06-04 00:13:13,530 INFO  - Atempting to process queue (at simulation time 420.200,000,000 s)
2024-06-04 00:13:13,530 INFO  - Vehicle is outside the detection area. (at simulation time 420.200,000,000 s)
2024-06-04 00:13:13,530 INFO  - Sent broadcast CAM message to all vehicles (at simulation time 420.200,000,000 s)
2024-06-04 00:13:13,532 INFO  - Received CAM message from veh_221 (at simulation time 420.201,900,000 s)
2024-06-04 00:13:13,532 INFO  - Atempting to process queue (at simulation time 420.300,000,000 s)
2024-06-04 00:13:13,532 INFO  - Vehicle is outside the detection area. (at simulation time 420.300,000,000 s)
2024-06-04 00:13:13,532 INFO  - Sent broadcast CAM message to all vehicles (at simulation time 420.300,000,000 s)
2024-06-04 00:13:13,533 INFO  - Received CAM message from veh_221 (at simulation time 420.300,400,000 s)
2024-06-04 00:13:13,533 INFO  - Atempting to process queue (at simulation time 420.400,000,000 s)
2024-06-04 00:13:13,533 INFO  - Vehicle is outside the detection area. (at simulation time 420.400,000,000 s)
2024-06-04 00:13:13,533 INFO  - Sent broadcast CAM message to all vehicles (at simulation time 420.400,000,000 s)
2024-06-04 00:13:13,535 INFO  - Received CAM message from veh_221 (at simulation time 420.402,400,000 s)
2024-06-04 00:13:13,535 INFO  - Atempting to process queue (at simulation time 420.500,000,000 s)
2024-06-04 00:13:13,535 INFO  - Vehicle is outside the detection area. (at simulation time 420.500,000,000 s)
2024-06-04 00:13:13,535 INFO  - Sent broadcast CAM message to all vehicles (at simulation time 420.500,000,000 s)
2024-06-04 00:13:13,535 INFO  - Received CAM message from veh_221 (at simulation time 420.500,400,000 s)
2024-06-04 00:13:13,536 INFO  - Atempting to process queue (at simulation time 420.600,000,000 s)
2024-06-04 00:13:13,536 INFO  - Vehicle is outside the detection area. (at simulation time 420.600,000,000 s)
2024-06-04 00:13:13,536 INFO  - Sent broadcast CAM message to all vehicles (at simulation time 420.600,000,000 s)
2024-06-04 00:13:13,537 INFO  - Received CAM message from veh_221 (at simulation time 420.600,400,000 s)
2024-06-04 00:13:13,538 INFO  - Atempting to process queue (at simulation time 420.700,000,000 s)
2024-06-04 00:13:13,538 INFO  - Vehicle is outside the detection area. (at simulation time 420.700,000,000 s)
2024-06-04 00:13:13,538 INFO  - Sent broadcast CAM message to all vehicles (at simulation time 420.700,000,000 s)
2024-06-04 00:13:13,538 INFO  - Received CAM message from veh_221 (at simulation time 420.700,400,000 s)
2024-06-04 00:13:13,539 INFO  - Atempting to process queue (at simulation time 420.800,000,000 s)
2024-06-04 00:13:13,539 INFO  - Vehicle is outside the detection area. (at simulation time 420.800,000,000 s)
2024-06-04 00:13:13,539 INFO  - Sent broadcast CAM message to all vehicles (at simulation time 420.800,000,000 s)
2024-06-04 00:13:13,540 INFO  - Received CAM message from veh_221 (at simulation time 420.801,400,000 s)
2024-06-04 00:13:13,541 INFO  - Atempting to process queue (at simulation time 420.900,000,000 s)
2024-06-04 00:13:13,541 INFO  - Vehicle is outside the detection area. (at simulation time 420.900,000,000 s)
2024-06-04 00:13:13,541 INFO  - Sent broadcast CAM message to all vehicles (at simulation time 420.900,000,000 s)
2024-06-04 00:13:13,542 INFO  - Received CAM message from veh_221 (at simulation time 420.900,900,000 s)
2024-06-04 00:13:13,548 INFO  - Atempting to process queue (at simulation time 421.000,000,000 s)
2024-06-04 00:13:13,548 INFO  - Vehicle is outside the detection area. (at simulation time 421.000,000,000 s)
2024-06-04 00:13:13,548 INFO  - Sent broadcast CAM message to all vehicles (at simulation time 421.000,000,000 s)
2024-06-04 00:13:13,550 INFO  - Received CAM message from veh_221 (at simulation time 421.001,900,000 s)
2024-06-04 00:13:13,551 INFO  - Atempting to process queue (at simulation time 421.100,000,000 s)
2024-06-04 00:13:13,551 INFO  - Vehicle is outside the detection area. (at simulation time 421.100,000,000 s)
2024-06-04 00:13:13,551 INFO  - Sent broadcast CAM message to all vehicles (at simulation time 421.100,000,000 s)
2024-06-04 00:13:13,552 INFO  - Received CAM message from veh_221 (at simulation time 421.102,400,000 s)
2024-06-04 00:13:13,552 INFO  - Atempting to process queue (at simulation time 421.200,000,000 s)
2024-06-04 00:13:13,552 INFO  - Vehicle is outside the detection area. (at simulation time 421.200,000,000 s)
2024-06-04 00:13:13,552 INFO  - Sent broadcast CAM message to all vehicles (at simulation time 421.200,000,000 s)
2024-06-04 00:13:13,553 INFO  - Received CAM message from veh_221 (at simulation time 421.202,400,000 s)
2024-06-04 00:13:13,554 INFO  - Atempting to process queue (at simulation time 421.300,000,000 s)
2024-06-04 00:13:13,554 INFO  - Vehicle is outside the detection area. (at simulation time 421.300,000,000 s)
2024-06-04 00:13:13,554 INFO  - Sent broadcast CAM message to all vehicles (at simulation time 421.300,000,000 s)
2024-06-04 00:13:13,554 INFO  - Received CAM message from veh_221 (at simulation time 421.300,900,000 s)
2024-06-04 00:13:13,555 INFO  - Atempting to process queue (at simulation time 421.400,000,000 s)
2024-06-04 00:13:13,555 INFO  - Vehicle is outside the detection area. (at simulation time 421.400,000,000 s)
2024-06-04 00:13:13,555 INFO  - Sent broadcast CAM message to all vehicles (at simulation time 421.400,000,000 s)
2024-06-04 00:13:13,556 INFO  - Received CAM message from veh_221 (at simulation time 421.401,900,000 s)
2024-06-04 00:13:13,557 INFO  - Atempting to process queue (at simulation time 421.500,000,000 s)
2024-06-04 00:13:13,557 INFO  - Vehicle is outside the detection area. (at simulation time 421.500,000,000 s)
2024-06-04 00:13:13,557 INFO  - Sent broadcast CAM message to all vehicles (at simulation time 421.500,000,000 s)
2024-06-04 00:13:13,558 INFO  - Received CAM message from veh_221 (at simulation time 421.500,400,000 s)
2024-06-04 00:13:13,559 INFO  - Atempting to process queue (at simulation time 421.600,000,000 s)
2024-06-04 00:13:13,559 INFO  - Vehicle is outside the detection area. (at simulation time 421.600,000,000 s)
2024-06-04 00:13:13,559 INFO  - Sent broadcast CAM message to all vehicles (at simulation time 421.600,000,000 s)
2024-06-04 00:13:13,561 INFO  - Received CAM message from veh_221 (at simulation time 421.601,900,000 s)
2024-06-04 00:13:13,561 INFO  - Atempting to process queue (at simulation time 421.700,000,000 s)
2024-06-04 00:13:13,561 INFO  - Vehicle is outside the detection area. (at simulation time 421.700,000,000 s)
2024-06-04 00:13:13,561 INFO  - Sent broadcast CAM message to all vehicles (at simulation time 421.700,000,000 s)
2024-06-04 00:13:13,561 INFO  - Received CAM message from veh_221 (at simulation time 421.700,400,000 s)
2024-06-04 00:13:13,563 INFO  - Atempting to process queue (at simulation time 421.800,000,000 s)
2024-06-04 00:13:13,563 INFO  - Vehicle is outside the detection area. (at simulation time 421.800,000,000 s)
2024-06-04 00:13:13,563 INFO  - Sent broadcast CAM message to all vehicles (at simulation time 421.800,000,000 s)
2024-06-04 00:13:13,564 INFO  - Received CAM message from veh_221 (at simulation time 421.801,400,000 s)
2024-06-04 00:13:13,564 INFO  - Atempting to process queue (at simulation time 421.900,000,000 s)
2024-06-04 00:13:13,564 INFO  - Vehicle is outside the detection area. (at simulation time 421.900,000,000 s)
2024-06-04 00:13:13,564 INFO  - Sent broadcast CAM message to all vehicles (at simulation time 421.900,000,000 s)
2024-06-04 00:13:13,566 INFO  - Received CAM message from veh_221 (at simulation time 421.901,900,000 s)
2024-06-04 00:13:13,568 INFO  - Atempting to process queue (at simulation time 422.000,000,000 s)
2024-06-04 00:13:13,568 INFO  - Vehicle is outside the detection area. (at simulation time 422.000,000,000 s)
2024-06-04 00:13:13,568 INFO  - Sent broadcast CAM message to all vehicles (at simulation time 422.000,000,000 s)
2024-06-04 00:13:13,570 INFO  - Received CAM message from veh_221 (at simulation time 422.000,900,000 s)
2024-06-04 00:13:13,570 INFO  - Atempting to process queue (at simulation time 422.100,000,000 s)
2024-06-04 00:13:13,570 INFO  - Vehicle is outside the detection area. (at simulation time 422.100,000,000 s)
2024-06-04 00:13:13,570 INFO  - Sent broadcast CAM message to all vehicles (at simulation time 422.100,000,000 s)
2024-06-04 00:13:13,571 INFO  - Received CAM message from veh_221 (at simulation time 422.100,400,000 s)
2024-06-04 00:13:13,572 INFO  - Atempting to process queue (at simulation time 422.200,000,000 s)
2024-06-04 00:13:13,572 INFO  - Vehicle is outside the detection area. (at simulation time 422.200,000,000 s)
2024-06-04 00:13:13,572 INFO  - Sent broadcast CAM message to all vehicles (at simulation time 422.200,000,000 s)
2024-06-04 00:13:13,573 INFO  - Received CAM message from veh_221 (at simulation time 422.201,900,000 s)
2024-06-04 00:13:13,573 INFO  - Atempting to process queue (at simulation time 422.300,000,000 s)
2024-06-04 00:13:13,573 INFO  - Vehicle is outside the detection area. (at simulation time 422.300,000,000 s)
2024-06-04 00:13:13,573 INFO  - Sent broadcast CAM message to all vehicles (at simulation time 422.300,000,000 s)
2024-06-04 00:13:13,574 INFO  - Received CAM message from veh_221 (at simulation time 422.300,900,000 s)
2024-06-04 00:13:13,575 INFO  - Atempting to process queue (at simulation time 422.400,000,000 s)
2024-06-04 00:13:13,575 INFO  - Vehicle is outside the detection area. (at simulation time 422.400,000,000 s)
2024-06-04 00:13:13,575 INFO  - Sent broadcast CAM message to all vehicles (at simulation time 422.400,000,000 s)
2024-06-04 00:13:13,577 INFO  - Received CAM message from veh_221 (at simulation time 422.401,900,000 s)
2024-06-04 00:13:13,577 INFO  - Atempting to process queue (at simulation time 422.500,000,000 s)
2024-06-04 00:13:13,577 INFO  - Vehicle is outside the detection area. (at simulation time 422.500,000,000 s)
2024-06-04 00:13:13,577 INFO  - Sent broadcast CAM message to all vehicles (at simulation time 422.500,000,000 s)
2024-06-04 00:13:13,579 INFO  - Received CAM message from veh_221 (at simulation time 422.502,400,000 s)
2024-06-04 00:13:13,579 INFO  - Atempting to process queue (at simulation time 422.600,000,000 s)
2024-06-04 00:13:13,579 INFO  - Vehicle is outside the detection area. (at simulation time 422.600,000,000 s)
2024-06-04 00:13:13,579 INFO  - Sent broadcast CAM message to all vehicles (at simulation time 422.600,000,000 s)
2024-06-04 00:13:13,580 INFO  - Received CAM message from veh_221 (at simulation time 422.601,400,000 s)
2024-06-04 00:13:13,581 INFO  - Atempting to process queue (at simulation time 422.700,000,000 s)
2024-06-04 00:13:13,581 INFO  - Vehicle is outside the detection area. (at simulation time 422.700,000,000 s)
2024-06-04 00:13:13,581 INFO  - Sent broadcast CAM message to all vehicles (at simulation time 422.700,000,000 s)
2024-06-04 00:13:13,582 INFO  - Received CAM message from veh_221 (at simulation time 422.701,400,000 s)
2024-06-04 00:13:13,583 INFO  - Atempting to process queue (at simulation time 422.800,000,000 s)
2024-06-04 00:13:13,583 INFO  - Vehicle is outside the detection area. (at simulation time 422.800,000,000 s)
2024-06-04 00:13:13,583 INFO  - Sent broadcast CAM message to all vehicles (at simulation time 422.800,000,000 s)
2024-06-04 00:13:13,583 INFO  - Received CAM message from veh_221 (at simulation time 422.800,400,000 s)
2024-06-04 00:13:13,584 INFO  - Atempting to process queue (at simulation time 422.900,000,000 s)
2024-06-04 00:13:13,584 INFO  - Vehicle is outside the detection area. (at simulation time 422.900,000,000 s)
2024-06-04 00:13:13,584 INFO  - Sent broadcast CAM message to all vehicles (at simulation time 422.900,000,000 s)
2024-06-04 00:13:13,586 INFO  - Received CAM message from veh_221 (at simulation time 422.902,400,000 s)
2024-06-04 00:13:13,589 INFO  - Atempting to process queue (at simulation time 423.000,000,000 s)
2024-06-04 00:13:13,589 INFO  - Vehicle is outside the detection area. (at simulation time 423.000,000,000 s)
2024-06-04 00:13:13,589 INFO  - Sent broadcast CAM message to all vehicles (at simulation time 423.000,000,000 s)
2024-06-04 00:13:13,592 INFO  - Atempting to process queue (at simulation time 423.100,000,000 s)
2024-06-04 00:13:13,592 INFO  - Vehicle is outside the detection area. (at simulation time 423.100,000,000 s)
2024-06-04 00:13:13,592 INFO  - Sent broadcast CAM message to all vehicles (at simulation time 423.100,000,000 s)
2024-06-04 00:13:13,594 INFO  - Atempting to process queue (at simulation time 423.200,000,000 s)
2024-06-04 00:13:13,594 INFO  - Vehicle is outside the detection area. (at simulation time 423.200,000,000 s)
2024-06-04 00:13:13,594 INFO  - Sent broadcast CAM message to all vehicles (at simulation time 423.200,000,000 s)
2024-06-04 00:13:13,596 INFO  - Atempting to process queue (at simulation time 423.300,000,000 s)
2024-06-04 00:13:13,596 INFO  - Vehicle is outside the detection area. (at simulation time 423.300,000,000 s)
2024-06-04 00:13:13,596 INFO  - Sent broadcast CAM message to all vehicles (at simulation time 423.300,000,000 s)
2024-06-04 00:13:13,597 INFO  - Atempting to process queue (at simulation time 423.400,000,000 s)
2024-06-04 00:13:13,597 INFO  - Vehicle is outside the detection area. (at simulation time 423.400,000,000 s)
2024-06-04 00:13:13,597 INFO  - Sent broadcast CAM message to all vehicles (at simulation time 423.400,000,000 s)
2024-06-04 00:13:13,599 INFO  - Atempting to process queue (at simulation time 423.500,000,000 s)
2024-06-04 00:13:13,599 INFO  - Vehicle is outside the detection area. (at simulation time 423.500,000,000 s)
2024-06-04 00:13:13,599 INFO  - Sent broadcast CAM message to all vehicles (at simulation time 423.500,000,000 s)
2024-06-04 00:13:13,600 INFO  - Atempting to process queue (at simulation time 423.600,000,000 s)
2024-06-04 00:13:13,600 INFO  - Vehicle is outside the detection area. (at simulation time 423.600,000,000 s)
2024-06-04 00:13:13,600 INFO  - Sent broadcast CAM message to all vehicles (at simulation time 423.600,000,000 s)
2024-06-04 00:13:13,602 INFO  - Atempting to process queue (at simulation time 423.700,000,000 s)
2024-06-04 00:13:13,602 INFO  - Vehicle is outside the detection area. (at simulation time 423.700,000,000 s)
2024-06-04 00:13:13,602 INFO  - Sent broadcast CAM message to all vehicles (at simulation time 423.700,000,000 s)
2024-06-04 00:13:13,603 INFO  - Atempting to process queue (at simulation time 423.800,000,000 s)
2024-06-04 00:13:13,603 INFO  - Vehicle is outside the detection area. (at simulation time 423.800,000,000 s)
2024-06-04 00:13:13,603 INFO  - Sent broadcast CAM message to all vehicles (at simulation time 423.800,000,000 s)
2024-06-04 00:13:13,605 INFO  - Atempting to process queue (at simulation time 423.900,000,000 s)
2024-06-04 00:13:13,605 INFO  - Vehicle is outside the detection area. (at simulation time 423.900,000,000 s)
2024-06-04 00:13:13,605 INFO  - Sent broadcast CAM message to all vehicles (at simulation time 423.900,000,000 s)
2024-06-04 00:13:13,610 INFO  - Atempting to process queue (at simulation time 424.000,000,000 s)
2024-06-04 00:13:13,610 INFO  - Vehicle is outside the detection area. (at simulation time 424.000,000,000 s)
2024-06-04 00:13:13,610 INFO  - Sent broadcast CAM message to all vehicles (at simulation time 424.000,000,000 s)
2024-06-04 00:13:13,612 INFO  - Atempting to process queue (at simulation time 424.100,000,000 s)
2024-06-04 00:13:13,612 INFO  - Vehicle is outside the detection area. (at simulation time 424.100,000,000 s)
2024-06-04 00:13:13,612 INFO  - Sent broadcast CAM message to all vehicles (at simulation time 424.100,000,000 s)
2024-06-04 00:13:13,614 INFO  - Atempting to process queue (at simulation time 424.200,000,000 s)
2024-06-04 00:13:13,614 INFO  - Vehicle is outside the detection area. (at simulation time 424.200,000,000 s)
2024-06-04 00:13:13,614 INFO  - Sent broadcast CAM message to all vehicles (at simulation time 424.200,000,000 s)
2024-06-04 00:13:13,640 INFO  - Atempting to process queue (at simulation time 424.300,000,000 s)
2024-06-04 00:13:13,640 INFO  - Vehicle is outside the detection area. (at simulation time 424.300,000,000 s)
2024-06-04 00:13:13,640 INFO  - Sent broadcast CAM message to all vehicles (at simulation time 424.300,000,000 s)
2024-06-04 00:13:13,641 INFO  - Atempting to process queue (at simulation time 424.400,000,000 s)
2024-06-04 00:13:13,641 INFO  - Vehicle is outside the detection area. (at simulation time 424.400,000,000 s)
2024-06-04 00:13:13,641 INFO  - Sent broadcast CAM message to all vehicles (at simulation time 424.400,000,000 s)
2024-06-04 00:13:13,643 INFO  - Atempting to process queue (at simulation time 424.500,000,000 s)
2024-06-04 00:13:13,643 INFO  - Vehicle is outside the detection area. (at simulation time 424.500,000,000 s)
2024-06-04 00:13:13,643 INFO  - Sent broadcast CAM message to all vehicles (at simulation time 424.500,000,000 s)
2024-06-04 00:13:13,644 INFO  - Atempting to process queue (at simulation time 424.600,000,000 s)
2024-06-04 00:13:13,644 INFO  - Vehicle is outside the detection area. (at simulation time 424.600,000,000 s)
2024-06-04 00:13:13,644 INFO  - Sent broadcast CAM message to all vehicles (at simulation time 424.600,000,000 s)
2024-06-04 00:13:13,646 INFO  - Atempting to process queue (at simulation time 424.700,000,000 s)
2024-06-04 00:13:13,646 INFO  - Vehicle is outside the detection area. (at simulation time 424.700,000,000 s)
2024-06-04 00:13:13,646 INFO  - Sent broadcast CAM message to all vehicles (at simulation time 424.700,000,000 s)
2024-06-04 00:13:13,648 INFO  - Atempting to process queue (at simulation time 424.800,000,000 s)
2024-06-04 00:13:13,648 INFO  - Vehicle is outside the detection area. (at simulation time 424.800,000,000 s)
2024-06-04 00:13:13,648 INFO  - Sent broadcast CAM message to all vehicles (at simulation time 424.800,000,000 s)
2024-06-04 00:13:13,649 INFO  - Atempting to process queue (at simulation time 424.900,000,000 s)
2024-06-04 00:13:13,649 INFO  - Vehicle is outside the detection area. (at simulation time 424.900,000,000 s)
2024-06-04 00:13:13,649 INFO  - Sent broadcast CAM message to all vehicles (at simulation time 424.900,000,000 s)
2024-06-04 00:13:13,654 INFO  - Shutdown application (at simulation time 425.000,000,000 s)
