2024-06-04 00:13:13,410 INFO  - Initialize application (at simulation time 415.000,000,000 s)
2024-06-04 00:13:13,411 INFO  - Activated WLAN Module (at simulation time 415.000,000,000 s)
2024-06-04 00:13:13,411 INFO  - Vehicle is outside the detection area. (at simulation time 415.000,000,000 s)
2024-06-04 00:13:13,411 INFO  - Sent broadcast CAM message to all vehicles (at simulation time 415.000,000,000 s)
2024-06-04 00:13:13,413 INFO  - Vehicle is outside the detection area. (at simulation time 415.100,000,000 s)
2024-06-04 00:13:13,413 INFO  - Sent broadcast CAM message to all vehicles (at simulation time 415.100,000,000 s)
2024-06-04 00:13:13,415 INFO  - Vehicle is outside the detection area. (at simulation time 415.200,000,000 s)
2024-06-04 00:13:13,415 INFO  - Sent broadcast CAM message to all vehicles (at simulation time 415.200,000,000 s)
2024-06-04 00:13:13,417 INFO  - Vehicle is outside the detection area. (at simulation time 415.300,000,000 s)
2024-06-04 00:13:13,417 INFO  - Sent broadcast CAM message to all vehicles (at simulation time 415.300,000,000 s)
2024-06-04 00:13:13,419 INFO  - Vehicle is outside the detection area. (at simulation time 415.400,000,000 s)
2024-06-04 00:13:13,419 INFO  - Sent broadcast CAM message to all vehicles (at simulation time 415.400,000,000 s)
2024-06-04 00:13:13,421 INFO  - Vehicle is outside the detection area. (at simulation time 415.500,000,000 s)
2024-06-04 00:13:13,421 INFO  - Sent broadcast CAM message to all vehicles (at simulation time 415.500,000,000 s)
2024-06-04 00:13:13,423 INFO  - Vehicle is outside the detection area. (at simulation time 415.600,000,000 s)
2024-06-04 00:13:13,423 INFO  - Sent broadcast CAM message to all vehicles (at simulation time 415.600,000,000 s)
2024-06-04 00:13:13,425 INFO  - Vehicle is outside the detection area. (at simulation time 415.700,000,000 s)
2024-06-04 00:13:13,425 INFO  - Sent broadcast CAM message to all vehicles (at simulation time 415.700,000,000 s)
2024-06-04 00:13:13,426 INFO  - Vehicle is outside the detection area. (at simulation time 415.800,000,000 s)
2024-06-04 00:13:13,426 INFO  - Sent broadcast CAM message to all vehicles (at simulation time 415.800,000,000 s)
2024-06-04 00:13:13,428 INFO  - Vehicle is outside the detection area. (at simulation time 415.900,000,000 s)
2024-06-04 00:13:13,428 INFO  - Sent broadcast CAM message to all vehicles (at simulation time 415.900,000,000 s)
2024-06-04 00:13:13,434 INFO  - Vehicle is outside the detection area. (at simulation time 416.000,000,000 s)
2024-06-04 00:13:13,434 INFO  - Sent broadcast CAM message to all vehicles (at simulation time 416.000,000,000 s)
2024-06-04 00:13:13,438 INFO  - Vehicle is outside the detection area. (at simulation time 416.100,000,000 s)
2024-06-04 00:13:13,438 INFO  - Sent broadcast CAM message to all vehicles (at simulation time 416.100,000,000 s)
2024-06-04 00:13:13,440 INFO  - Vehicle is outside the detection area. (at simulation time 416.200,000,000 s)
2024-06-04 00:13:13,440 INFO  - Sent broadcast CAM message to all vehicles (at simulation time 416.200,000,000 s)
2024-06-04 00:13:13,442 INFO  - Vehicle is outside the detection area. (at simulation time 416.300,000,000 s)
2024-06-04 00:13:13,442 INFO  - Sent broadcast CAM message to all vehicles (at simulation time 416.300,000,000 s)
2024-06-04 00:13:13,444 INFO  - Vehicle is outside the detection area. (at simulation time 416.400,000,000 s)
2024-06-04 00:13:13,444 INFO  - Sent broadcast CAM message to all vehicles (at simulation time 416.400,000,000 s)
2024-06-04 00:13:13,446 INFO  - Vehicle is outside the detection area. (at simulation time 416.500,000,000 s)
2024-06-04 00:13:13,446 INFO  - Sent broadcast CAM message to all vehicles (at simulation time 416.500,000,000 s)
2024-06-04 00:13:13,448 INFO  - Vehicle is outside the detection area. (at simulation time 416.600,000,000 s)
2024-06-04 00:13:13,448 INFO  - Sent broadcast CAM message to all vehicles (at simulation time 416.600,000,000 s)
2024-06-04 00:13:13,450 INFO  - Vehicle is outside the detection area. (at simulation time 416.700,000,000 s)
2024-06-04 00:13:13,450 INFO  - Sent broadcast CAM message to all vehicles (at simulation time 416.700,000,000 s)
2024-06-04 00:13:13,452 INFO  - Vehicle is outside the detection area. (at simulation time 416.800,000,000 s)
2024-06-04 00:13:13,452 INFO  - Sent broadcast CAM message to all vehicles (at simulation time 416.800,000,000 s)
2024-06-04 00:13:13,454 INFO  - Vehicle is outside the detection area. (at simulation time 416.900,000,000 s)
2024-06-04 00:13:13,454 INFO  - Sent broadcast CAM message to all vehicles (at simulation time 416.900,000,000 s)
2024-06-04 00:13:13,459 INFO  - Vehicle is inside the detection area. (at simulation time 417.000,000,000 s)
2024-06-04 00:13:13,459 INFO  - Vehicle is too far away from the traffic light. (at simulation time 417.000,000,000 s)
2024-06-04 00:13:13,459 INFO  - No vehicles in range. (at simulation time 417.000,000,000 s)
2024-06-04 00:13:13,459 INFO  - Neither the RSU nor any vehicle is in range. (at simulation time 417.000,000,000 s)
2024-06-04 00:13:13,459 INFO  - Sent broadcast CAM message to all vehicles (at simulation time 417.000,000,000 s)
2024-06-04 00:13:13,461 INFO  - Vehicle is inside the detection area. (at simulation time 417.100,000,000 s)
2024-06-04 00:13:13,461 INFO  - Vehicle is too far away from the traffic light. (at simulation time 417.100,000,000 s)
2024-06-04 00:13:13,461 INFO  - No vehicles in range. (at simulation time 417.100,000,000 s)
2024-06-04 00:13:13,461 INFO  - Neither the RSU nor any vehicle is in range. (at simulation time 417.100,000,000 s)
2024-06-04 00:13:13,461 INFO  - Sent broadcast CAM message to all vehicles (at simulation time 417.100,000,000 s)
2024-06-04 00:13:13,462 INFO  - Vehicle is inside the detection area. (at simulation time 417.200,000,000 s)
2024-06-04 00:13:13,462 INFO  - Vehicle is too far away from the traffic light. (at simulation time 417.200,000,000 s)
2024-06-04 00:13:13,462 INFO  - No vehicles in range. (at simulation time 417.200,000,000 s)
2024-06-04 00:13:13,462 INFO  - Neither the RSU nor any vehicle is in range. (at simulation time 417.200,000,000 s)
2024-06-04 00:13:13,462 INFO  - Sent broadcast CAM message to all vehicles (at simulation time 417.200,000,000 s)
2024-06-04 00:13:13,464 INFO  - Vehicle is inside the detection area. (at simulation time 417.300,000,000 s)
2024-06-04 00:13:13,464 INFO  - Vehicle is too far away from the traffic light. (at simulation time 417.300,000,000 s)
2024-06-04 00:13:13,464 INFO  - No vehicles in range. (at simulation time 417.300,000,000 s)
2024-06-04 00:13:13,464 INFO  - Neither the RSU nor any vehicle is in range. (at simulation time 417.300,000,000 s)
2024-06-04 00:13:13,464 INFO  - Sent broadcast CAM message to all vehicles (at simulation time 417.300,000,000 s)
2024-06-04 00:13:13,466 INFO  - Vehicle is inside the detection area. (at simulation time 417.400,000,000 s)
2024-06-04 00:13:13,466 INFO  - Vehicle is too far away from the traffic light. (at simulation time 417.400,000,000 s)
2024-06-04 00:13:13,466 INFO  - No vehicles in range. (at simulation time 417.400,000,000 s)
2024-06-04 00:13:13,466 INFO  - Neither the RSU nor any vehicle is in range. (at simulation time 417.400,000,000 s)
2024-06-04 00:13:13,466 INFO  - Sent broadcast CAM message to all vehicles (at simulation time 417.400,000,000 s)
2024-06-04 00:13:13,467 INFO  - Vehicle is inside the detection area. (at simulation time 417.500,000,000 s)
2024-06-04 00:13:13,467 INFO  - Vehicle is too far away from the traffic light. (at simulation time 417.500,000,000 s)
2024-06-04 00:13:13,467 INFO  - No vehicles in range. (at simulation time 417.500,000,000 s)
2024-06-04 00:13:13,467 INFO  - Neither the RSU nor any vehicle is in range. (at simulation time 417.500,000,000 s)
2024-06-04 00:13:13,467 INFO  - Sent broadcast CAM message to all vehicles (at simulation time 417.500,000,000 s)
2024-06-04 00:13:13,469 INFO  - Vehicle is inside the detection area. (at simulation time 417.600,000,000 s)
2024-06-04 00:13:13,469 INFO  - Vehicle is too far away from the traffic light. (at simulation time 417.600,000,000 s)
2024-06-04 00:13:13,469 INFO  - No vehicles in range. (at simulation time 417.600,000,000 s)
2024-06-04 00:13:13,469 INFO  - Neither the RSU nor any vehicle is in range. (at simulation time 417.600,000,000 s)
2024-06-04 00:13:13,469 INFO  - Sent broadcast CAM message to all vehicles (at simulation time 417.600,000,000 s)
2024-06-04 00:13:13,471 INFO  - Vehicle is inside the detection area. (at simulation time 417.700,000,000 s)
2024-06-04 00:13:13,471 INFO  - Vehicle is too far away from the traffic light. (at simulation time 417.700,000,000 s)
2024-06-04 00:13:13,471 INFO  - No vehicles in range. (at simulation time 417.700,000,000 s)
2024-06-04 00:13:13,471 INFO  - Neither the RSU nor any vehicle is in range. (at simulation time 417.700,000,000 s)
2024-06-04 00:13:13,471 INFO  - Sent broadcast CAM message to all vehicles (at simulation time 417.700,000,000 s)
2024-06-04 00:13:13,473 INFO  - Vehicle is inside the detection area. (at simulation time 417.800,000,000 s)
2024-06-04 00:13:13,473 INFO  - Vehicle is too far away from the traffic light. (at simulation time 417.800,000,000 s)
2024-06-04 00:13:13,473 INFO  - No vehicles in range. (at simulation time 417.800,000,000 s)
2024-06-04 00:13:13,473 INFO  - Neither the RSU nor any vehicle is in range. (at simulation time 417.800,000,000 s)
2024-06-04 00:13:13,473 INFO  - Sent broadcast CAM message to all vehicles (at simulation time 417.800,000,000 s)
2024-06-04 00:13:13,474 INFO  - Vehicle is inside the detection area. (at simulation time 417.900,000,000 s)
2024-06-04 00:13:13,474 INFO  - Vehicle is too far away from the traffic light. (at simulation time 417.900,000,000 s)
2024-06-04 00:13:13,474 INFO  - No vehicles in range. (at simulation time 417.900,000,000 s)
2024-06-04 00:13:13,474 INFO  - Neither the RSU nor any vehicle is in range. (at simulation time 417.900,000,000 s)
2024-06-04 00:13:13,474 INFO  - Sent broadcast CAM message to all vehicles (at simulation time 417.900,000,000 s)
2024-06-04 00:13:13,481 INFO  - Vehicle is inside the detection area. (at simulation time 418.000,000,000 s)
2024-06-04 00:13:13,481 INFO  - Vehicle is too far away from the traffic light. (at simulation time 418.000,000,000 s)
2024-06-04 00:13:13,481 INFO  - No vehicles in range. (at simulation time 418.000,000,000 s)
2024-06-04 00:13:13,481 INFO  - Neither the RSU nor any vehicle is in range. (at simulation time 418.000,000,000 s)
2024-06-04 00:13:13,481 INFO  - Sent broadcast CAM message to all vehicles (at simulation time 418.000,000,000 s)
2024-06-04 00:13:13,483 INFO  - Vehicle is inside the detection area. (at simulation time 418.100,000,000 s)
2024-06-04 00:13:13,483 INFO  - Vehicle is too far away from the traffic light. (at simulation time 418.100,000,000 s)
2024-06-04 00:13:13,483 INFO  - No vehicles in range. (at simulation time 418.100,000,000 s)
2024-06-04 00:13:13,483 INFO  - Neither the RSU nor any vehicle is in range. (at simulation time 418.100,000,000 s)
2024-06-04 00:13:13,483 INFO  - Sent broadcast CAM message to all vehicles (at simulation time 418.100,000,000 s)
2024-06-04 00:13:13,486 INFO  - Vehicle is inside the detection area. (at simulation time 418.200,000,000 s)
2024-06-04 00:13:13,486 INFO  - Vehicle is too far away from the traffic light. (at simulation time 418.200,000,000 s)
2024-06-04 00:13:13,486 INFO  - No vehicles in range. (at simulation time 418.200,000,000 s)
2024-06-04 00:13:13,486 INFO  - Neither the RSU nor any vehicle is in range. (at simulation time 418.200,000,000 s)
2024-06-04 00:13:13,486 INFO  - Sent broadcast CAM message to all vehicles (at simulation time 418.200,000,000 s)
2024-06-04 00:13:13,487 INFO  - Vehicle is inside the detection area. (at simulation time 418.300,000,000 s)
2024-06-04 00:13:13,487 INFO  - Vehicle is too far away from the traffic light. (at simulation time 418.300,000,000 s)
2024-06-04 00:13:13,487 INFO  - No vehicles in range. (at simulation time 418.300,000,000 s)
2024-06-04 00:13:13,487 INFO  - Neither the RSU nor any vehicle is in range. (at simulation time 418.300,000,000 s)
2024-06-04 00:13:13,487 INFO  - Sent broadcast CAM message to all vehicles (at simulation time 418.300,000,000 s)
2024-06-04 00:13:13,489 INFO  - Vehicle is inside the detection area. (at simulation time 418.400,000,000 s)
2024-06-04 00:13:13,489 INFO  - Vehicle is too far away from the traffic light. (at simulation time 418.400,000,000 s)
2024-06-04 00:13:13,489 INFO  - No vehicles in range. (at simulation time 418.400,000,000 s)
2024-06-04 00:13:13,489 INFO  - Neither the RSU nor any vehicle is in range. (at simulation time 418.400,000,000 s)
2024-06-04 00:13:13,489 INFO  - Sent broadcast CAM message to all vehicles (at simulation time 418.400,000,000 s)
2024-06-04 00:13:13,491 INFO  - Vehicle is inside the detection area. (at simulation time 418.500,000,000 s)
2024-06-04 00:13:13,491 INFO  - Vehicle is too far away from the traffic light. (at simulation time 418.500,000,000 s)
2024-06-04 00:13:13,491 INFO  - No vehicles in range. (at simulation time 418.500,000,000 s)
2024-06-04 00:13:13,491 INFO  - Neither the RSU nor any vehicle is in range. (at simulation time 418.500,000,000 s)
2024-06-04 00:13:13,491 INFO  - Sent broadcast CAM message to all vehicles (at simulation time 418.500,000,000 s)
2024-06-04 00:13:13,492 INFO  - Vehicle is inside the detection area. (at simulation time 418.600,000,000 s)
2024-06-04 00:13:13,492 INFO  - Vehicle is too far away from the traffic light. (at simulation time 418.600,000,000 s)
2024-06-04 00:13:13,492 INFO  - No vehicles in range. (at simulation time 418.600,000,000 s)
2024-06-04 00:13:13,492 INFO  - Neither the RSU nor any vehicle is in range. (at simulation time 418.600,000,000 s)
2024-06-04 00:13:13,492 INFO  - Sent broadcast CAM message to all vehicles (at simulation time 418.600,000,000 s)
2024-06-04 00:13:13,494 INFO  - Vehicle is inside the detection area. (at simulation time 418.700,000,000 s)
2024-06-04 00:13:13,494 INFO  - Vehicle is too far away from the traffic light. (at simulation time 418.700,000,000 s)
2024-06-04 00:13:13,494 INFO  - No vehicles in range. (at simulation time 418.700,000,000 s)
2024-06-04 00:13:13,494 INFO  - Neither the RSU nor any vehicle is in range. (at simulation time 418.700,000,000 s)
2024-06-04 00:13:13,494 INFO  - Sent broadcast CAM message to all vehicles (at simulation time 418.700,000,000 s)
2024-06-04 00:13:13,495 INFO  - Vehicle is inside the detection area. (at simulation time 418.800,000,000 s)
2024-06-04 00:13:13,496 INFO  - Vehicle is too far away from the traffic light. (at simulation time 418.800,000,000 s)
2024-06-04 00:13:13,496 INFO  - No vehicles in range. (at simulation time 418.800,000,000 s)
2024-06-04 00:13:13,496 INFO  - Neither the RSU nor any vehicle is in range. (at simulation time 418.800,000,000 s)
2024-06-04 00:13:13,496 INFO  - Sent broadcast CAM message to all vehicles (at simulation time 418.800,000,000 s)
2024-06-04 00:13:13,497 INFO  - Vehicle is inside the detection area. (at simulation time 418.900,000,000 s)
2024-06-04 00:13:13,497 INFO  - Vehicle is too far away from the traffic light. (at simulation time 418.900,000,000 s)
2024-06-04 00:13:13,497 INFO  - No vehicles in range. (at simulation time 418.900,000,000 s)
2024-06-04 00:13:13,497 INFO  - Neither the RSU nor any vehicle is in range. (at simulation time 418.900,000,000 s)
2024-06-04 00:13:13,497 INFO  - Sent broadcast CAM message to all vehicles (at simulation time 418.900,000,000 s)
2024-06-04 00:13:13,501 INFO  - Atempting to process queue (at simulation time 419.000,000,000 s)
2024-06-04 00:13:13,501 INFO  - Vehicle is inside the detection area. (at simulation time 419.000,000,000 s)
2024-06-04 00:13:13,501 INFO  - Sent Detection message to rsu_0 (at simulation time 419.000,000,000 s)
2024-06-04 00:13:13,501 INFO  - Sent broadcast CAM message to all vehicles (at simulation time 419.000,000,000 s)
2024-06-04 00:13:13,503 INFO  - Received CAM message from veh_150 (at simulation time 419.000,900,000 s)
2024-06-04 00:13:13,504 INFO  - Received CAM message from veh_108 (at simulation time 419.001,900,000 s)
2024-06-04 00:13:13,504 INFO  - Atempting to process queue (at simulation time 419.100,000,000 s)
2024-06-04 00:13:13,504 INFO  - Vehicle is inside the detection area. (at simulation time 419.100,000,000 s)
2024-06-04 00:13:13,504 INFO  - Sent Detection message to rsu_0 (at simulation time 419.100,000,000 s)
2024-06-04 00:13:13,504 INFO  - Sent broadcast CAM message to all vehicles (at simulation time 419.100,000,000 s)
2024-06-04 00:13:13,505 INFO  - Received CAM message from veh_108 (at simulation time 419.101,900,000 s)
2024-06-04 00:13:13,506 INFO  - Received CAM message from veh_150 (at simulation time 419.102,400,000 s)
2024-06-04 00:13:13,506 INFO  - Atempting to process queue (at simulation time 419.200,000,000 s)
2024-06-04 00:13:13,506 INFO  - Vehicle is inside the detection area. (at simulation time 419.200,000,000 s)
2024-06-04 00:13:13,506 INFO  - Sent Detection message to rsu_0 (at simulation time 419.200,000,000 s)
2024-06-04 00:13:13,506 INFO  - Sent broadcast CAM message to all vehicles (at simulation time 419.200,000,000 s)
2024-06-04 00:13:13,507 INFO  - Received CAM message from veh_150 (at simulation time 419.200,400,000 s)
2024-06-04 00:13:13,507 INFO  - Received CAM message from veh_108 (at simulation time 419.202,400,000 s)
2024-06-04 00:13:13,507 INFO  - Atempting to process queue (at simulation time 419.300,000,000 s)
2024-06-04 00:13:13,507 INFO  - Vehicle is inside the detection area. (at simulation time 419.300,000,000 s)
2024-06-04 00:13:13,507 INFO  - Sent Detection message to rsu_0 (at simulation time 419.300,000,000 s)
2024-06-04 00:13:13,507 INFO  - Sent broadcast CAM message to all vehicles (at simulation time 419.300,000,000 s)
2024-06-04 00:13:13,508 INFO  - Received CAM message from veh_108 (at simulation time 419.300,400,000 s)
2024-06-04 00:13:13,508 INFO  - Received CAM message from veh_150 (at simulation time 419.300,900,000 s)
2024-06-04 00:13:13,509 INFO  - Atempting to process queue (at simulation time 419.400,000,000 s)
2024-06-04 00:13:13,509 INFO  - Vehicle is inside the detection area. (at simulation time 419.400,000,000 s)
2024-06-04 00:13:13,509 INFO  - Sent Detection message to rsu_0 (at simulation time 419.400,000,000 s)
2024-06-04 00:13:13,509 INFO  - Sent broadcast CAM message to all vehicles (at simulation time 419.400,000,000 s)
2024-06-04 00:13:13,514 INFO  - Received CAM message from veh_108 (at simulation time 419.400,900,000 s)
2024-06-04 00:13:13,514 INFO  - Received CAM message from veh_150 (at simulation time 419.401,400,000 s)
2024-06-04 00:13:13,515 INFO  - Atempting to process queue (at simulation time 419.500,000,000 s)
2024-06-04 00:13:13,515 INFO  - Vehicle is inside the detection area. (at simulation time 419.500,000,000 s)
2024-06-04 00:13:13,515 INFO  - Sent Detection message to rsu_0 (at simulation time 419.500,000,000 s)
2024-06-04 00:13:13,515 INFO  - Sent broadcast CAM message to all vehicles (at simulation time 419.500,000,000 s)
2024-06-04 00:13:13,516 INFO  - Received CAM message from veh_108 (at simulation time 419.501,400,000 s)
2024-06-04 00:13:13,516 INFO  - Received CAM message from veh_150 (at simulation time 419.502,400,000 s)
2024-06-04 00:13:13,516 INFO  - Atempting to process queue (at simulation time 419.600,000,000 s)
2024-06-04 00:13:13,516 INFO  - Vehicle is inside the detection area. (at simulation time 419.600,000,000 s)
2024-06-04 00:13:13,516 INFO  - Sent Detection message to rsu_0 (at simulation time 419.600,000,000 s)
2024-06-04 00:13:13,516 INFO  - Sent broadcast CAM message to all vehicles (at simulation time 419.600,000,000 s)
2024-06-04 00:13:13,517 INFO  - Received CAM message from veh_108 (at simulation time 419.601,400,000 s)
2024-06-04 00:13:13,518 INFO  - Received CAM message from veh_150 (at simulation time 419.602,400,000 s)
2024-06-04 00:13:13,518 INFO  - Atempting to process queue (at simulation time 419.700,000,000 s)
2024-06-04 00:13:13,518 INFO  - Vehicle is inside the detection area. (at simulation time 419.700,000,000 s)
2024-06-04 00:13:13,518 INFO  - Sent Detection message to rsu_0 (at simulation time 419.700,000,000 s)
2024-06-04 00:13:13,518 INFO  - Sent broadcast CAM message to all vehicles (at simulation time 419.700,000,000 s)
2024-06-04 00:13:13,518 INFO  - Received CAM message from veh_150 (at simulation time 419.700,900,000 s)
2024-06-04 00:13:13,519 INFO  - Received CAM message from veh_108 (at simulation time 419.702,400,000 s)
2024-06-04 00:13:13,519 INFO  - Atempting to process queue (at simulation time 419.800,000,000 s)
2024-06-04 00:13:13,519 INFO  - Vehicle is inside the detection area. (at simulation time 419.800,000,000 s)
2024-06-04 00:13:13,519 INFO  - Sent Detection message to rsu_0 (at simulation time 419.800,000,000 s)
2024-06-04 00:13:13,519 INFO  - Sent broadcast CAM message to all vehicles (at simulation time 419.800,000,000 s)
2024-06-04 00:13:13,520 INFO  - Received CAM message from veh_150 (at simulation time 419.801,400,000 s)
2024-06-04 00:13:13,521 INFO  - Received CAM message from veh_108 (at simulation time 419.802,400,000 s)
2024-06-04 00:13:13,521 INFO  - Atempting to process queue (at simulation time 419.900,000,000 s)
2024-06-04 00:13:13,521 INFO  - Vehicle is inside the detection area. (at simulation time 419.900,000,000 s)
2024-06-04 00:13:13,521 INFO  - Sent Detection message to rsu_0 (at simulation time 419.900,000,000 s)
2024-06-04 00:13:13,521 INFO  - Sent broadcast CAM message to all vehicles (at simulation time 419.900,000,000 s)
2024-06-04 00:13:13,522 INFO  - Received CAM message from veh_108 (at simulation time 419.900,400,000 s)
2024-06-04 00:13:13,522 INFO  - Received CAM message from veh_150 (at simulation time 419.900,900,000 s)
2024-06-04 00:13:13,526 INFO  - Atempting to process queue (at simulation time 420.000,000,000 s)
2024-06-04 00:13:13,526 INFO  - Vehicle is inside the detection area. (at simulation time 420.000,000,000 s)
2024-06-04 00:13:13,526 INFO  - Sent Detection message to rsu_0 (at simulation time 420.000,000,000 s)
2024-06-04 00:13:13,526 INFO  - Sent broadcast CAM message to all vehicles (at simulation time 420.000,000,000 s)
2024-06-04 00:13:13,528 INFO  - Received CAM message from veh_108 (at simulation time 420.001,900,000 s)
2024-06-04 00:13:13,529 INFO  - Received CAM message from veh_159 (at simulation time 420.002,400,000 s)
2024-06-04 00:13:13,529 INFO  - Received CAM message from veh_150 (at simulation time 420.002,400,000 s)
2024-06-04 00:13:13,529 INFO  - Atempting to process queue (at simulation time 420.100,000,000 s)
2024-06-04 00:13:13,529 INFO  - Vehicle is inside the detection area. (at simulation time 420.100,000,000 s)
2024-06-04 00:13:13,529 INFO  - Sent Detection message to rsu_0 (at simulation time 420.100,000,000 s)
2024-06-04 00:13:13,529 INFO  - Sent broadcast CAM message to all vehicles (at simulation time 420.100,000,000 s)
2024-06-04 00:13:13,530 INFO  - Received CAM message from veh_159 (at simulation time 420.101,900,000 s)
2024-06-04 00:13:13,530 INFO  - Received CAM message from veh_150 (at simulation time 420.101,900,000 s)
2024-06-04 00:13:13,530 INFO  - Received CAM message from veh_108 (at simulation time 420.102,400,000 s)
2024-06-04 00:13:13,530 INFO  - Atempting to process queue (at simulation time 420.200,000,000 s)
2024-06-04 00:13:13,530 INFO  - Vehicle is inside the detection area. (at simulation time 420.200,000,000 s)
2024-06-04 00:13:13,530 INFO  - Sent Detection message to rsu_0 (at simulation time 420.200,000,000 s)
2024-06-04 00:13:13,530 INFO  - Sent broadcast CAM message to all vehicles (at simulation time 420.200,000,000 s)
2024-06-04 00:13:13,531 INFO  - Received CAM message from veh_150 (at simulation time 420.200,400,000 s)
2024-06-04 00:13:13,532 INFO  - Received CAM message from veh_159 (at simulation time 420.201,400,000 s)
2024-06-04 00:13:13,532 INFO  - Received CAM message from veh_108 (at simulation time 420.202,400,000 s)
2024-06-04 00:13:13,532 INFO  - Atempting to process queue (at simulation time 420.300,000,000 s)
2024-06-04 00:13:13,532 INFO  - Vehicle is inside the detection area. (at simulation time 420.300,000,000 s)
2024-06-04 00:13:13,532 INFO  - Sent Detection message to rsu_0 (at simulation time 420.300,000,000 s)
2024-06-04 00:13:13,532 INFO  - Sent broadcast CAM message to all vehicles (at simulation time 420.300,000,000 s)
2024-06-04 00:13:13,533 INFO  - Received CAM message from veh_159 (at simulation time 420.300,400,000 s)
2024-06-04 00:13:13,533 INFO  - Received CAM message from veh_150 (at simulation time 420.300,400,000 s)
2024-06-04 00:13:13,533 INFO  - Received CAM message from veh_108 (at simulation time 420.300,900,000 s)
2024-06-04 00:13:13,533 INFO  - Atempting to process queue (at simulation time 420.400,000,000 s)
2024-06-04 00:13:13,533 INFO  - Vehicle is inside the detection area. (at simulation time 420.400,000,000 s)
2024-06-04 00:13:13,533 INFO  - Sent Detection message to rsu_0 (at simulation time 420.400,000,000 s)
2024-06-04 00:13:13,533 INFO  - Sent broadcast CAM message to all vehicles (at simulation time 420.400,000,000 s)
2024-06-04 00:13:13,534 INFO  - Received CAM message from veh_150 (at simulation time 420.400,400,000 s)
2024-06-04 00:13:13,534 INFO  - Received CAM message from veh_159 (at simulation time 420.400,900,000 s)
2024-06-04 00:13:13,535 INFO  - Received CAM message from veh_108 (at simulation time 420.401,900,000 s)
2024-06-04 00:13:13,535 INFO  - Atempting to process queue (at simulation time 420.500,000,000 s)
2024-06-04 00:13:13,535 INFO  - Vehicle is inside the detection area. (at simulation time 420.500,000,000 s)
2024-06-04 00:13:13,535 INFO  - Sent Detection message to rsu_0 (at simulation time 420.500,000,000 s)
2024-06-04 00:13:13,535 INFO  - Sent broadcast CAM message to all vehicles (at simulation time 420.500,000,000 s)
2024-06-04 00:13:13,536 INFO  - Received CAM message from veh_150 (at simulation time 420.500,900,000 s)
2024-06-04 00:13:13,536 INFO  - Received CAM message from veh_159 (at simulation time 420.501,900,000 s)
2024-06-04 00:13:13,536 INFO  - Received CAM message from veh_108 (at simulation time 420.501,900,000 s)
2024-06-04 00:13:13,536 INFO  - Atempting to process queue (at simulation time 420.600,000,000 s)
2024-06-04 00:13:13,536 INFO  - Vehicle is inside the detection area. (at simulation time 420.600,000,000 s)
2024-06-04 00:13:13,536 INFO  - Sent Detection message to rsu_0 (at simulation time 420.600,000,000 s)
2024-06-04 00:13:13,536 INFO  - Sent broadcast CAM message to all vehicles (at simulation time 420.600,000,000 s)
2024-06-04 00:13:13,537 INFO  - Received CAM message from veh_159 (at simulation time 420.600,900,000 s)
2024-06-04 00:13:13,538 INFO  - Received CAM message from veh_108 (at simulation time 420.601,900,000 s)
2024-06-04 00:13:13,538 INFO  - Received CAM message from veh_150 (at simulation time 420.602,400,000 s)
2024-06-04 00:13:13,538 INFO  - Atempting to process queue (at simulation time 420.700,000,000 s)
2024-06-04 00:13:13,538 INFO  - Vehicle is inside the detection area. (at simulation time 420.700,000,000 s)
2024-06-04 00:13:13,538 INFO  - Sent Detection message to rsu_0 (at simulation time 420.700,000,000 s)
2024-06-04 00:13:13,538 INFO  - Sent broadcast CAM message to all vehicles (at simulation time 420.700,000,000 s)
2024-06-04 00:13:13,538 INFO  - Received CAM message from veh_159 (at simulation time 420.700,400,000 s)
2024-06-04 00:13:13,538 INFO  - Received CAM message from veh_150 (at simulation time 420.700,400,000 s)
2024-06-04 00:13:13,539 INFO  - Received CAM message from veh_108 (at simulation time 420.702,400,000 s)
2024-06-04 00:13:13,539 INFO  - Atempting to process queue (at simulation time 420.800,000,000 s)
2024-06-04 00:13:13,539 INFO  - Vehicle is inside the detection area. (at simulation time 420.800,000,000 s)
2024-06-04 00:13:13,539 INFO  - Sent Detection message to rsu_0 (at simulation time 420.800,000,000 s)
2024-06-04 00:13:13,539 INFO  - Sent broadcast CAM message to all vehicles (at simulation time 420.800,000,000 s)
2024-06-04 00:13:13,540 INFO  - Received CAM message from veh_108 (at simulation time 420.800,400,000 s)
2024-06-04 00:13:13,540 INFO  - Received CAM message from veh_159 (at simulation time 420.800,900,000 s)
2024-06-04 00:13:13,541 INFO  - Received CAM message from veh_150 (at simulation time 420.801,900,000 s)
2024-06-04 00:13:13,541 INFO  - Atempting to process queue (at simulation time 420.900,000,000 s)
2024-06-04 00:13:13,541 INFO  - Vehicle is inside the detection area. (at simulation time 420.900,000,000 s)
2024-06-04 00:13:13,541 INFO  - Sent Detection message to rsu_0 (at simulation time 420.900,000,000 s)
2024-06-04 00:13:13,541 INFO  - Sent broadcast CAM message to all vehicles (at simulation time 420.900,000,000 s)
2024-06-04 00:13:13,542 INFO  - Received CAM message from veh_108 (at simulation time 420.900,400,000 s)
2024-06-04 00:13:13,542 INFO  - Received CAM message from veh_159 (at simulation time 420.900,900,000 s)
2024-06-04 00:13:13,543 INFO  - Received CAM message from veh_150 (at simulation time 420.902,400,000 s)
2024-06-04 00:13:13,548 INFO  - Atempting to process queue (at simulation time 421.000,000,000 s)
2024-06-04 00:13:13,548 INFO  - Vehicle is outside the detection area. (at simulation time 421.000,000,000 s)
2024-06-04 00:13:13,548 INFO  - Sent broadcast CAM message to all vehicles (at simulation time 421.000,000,000 s)
2024-06-04 00:13:13,550 INFO  - Received CAM message from veh_168 (at simulation time 421.000,400,000 s)
2024-06-04 00:13:13,550 INFO  - Received CAM message from veh_150 (at simulation time 421.000,900,000 s)
2024-06-04 00:13:13,550 INFO  - Received CAM message from veh_126 (at simulation time 421.001,400,000 s)
2024-06-04 00:13:13,550 INFO  - Received CAM message from veh_108 (at simulation time 421.001,400,000 s)
2024-06-04 00:13:13,550 INFO  - Received CAM message from veh_159 (at simulation time 421.002,400,000 s)
2024-06-04 00:13:13,550 INFO  - Atempting to process queue (at simulation time 421.100,000,000 s)
2024-06-04 00:13:13,550 INFO  - Vehicle is outside the detection area. (at simulation time 421.100,000,000 s)
2024-06-04 00:13:13,550 INFO  - Sent broadcast CAM message to all vehicles (at simulation time 421.100,000,000 s)
2024-06-04 00:13:13,551 INFO  - Received CAM message from veh_168 (at simulation time 421.100,400,000 s)
2024-06-04 00:13:13,551 INFO  - Received CAM message from veh_150 (at simulation time 421.100,400,000 s)
2024-06-04 00:13:13,551 INFO  - Received CAM message from veh_126 (at simulation time 421.100,400,000 s)
2024-06-04 00:13:13,551 INFO  - Received CAM message from veh_159 (at simulation time 421.100,900,000 s)
2024-06-04 00:13:13,552 INFO  - Received CAM message from veh_108 (at simulation time 421.101,900,000 s)
2024-06-04 00:13:13,552 INFO  - Atempting to process queue (at simulation time 421.200,000,000 s)
2024-06-04 00:13:13,552 INFO  - Vehicle is outside the detection area. (at simulation time 421.200,000,000 s)
2024-06-04 00:13:13,552 INFO  - Sent broadcast CAM message to all vehicles (at simulation time 421.200,000,000 s)
2024-06-04 00:13:13,553 INFO  - Received CAM message from veh_159 (at simulation time 421.200,400,000 s)
2024-06-04 00:13:13,553 INFO  - Received CAM message from veh_168 (at simulation time 421.200,900,000 s)
2024-06-04 00:13:13,553 INFO  - Received CAM message from veh_150 (at simulation time 421.201,400,000 s)
2024-06-04 00:13:13,553 INFO  - Received CAM message from veh_126 (at simulation time 421.201,400,000 s)
2024-06-04 00:13:13,553 INFO  - Received CAM message from veh_108 (at simulation time 421.202,400,000 s)
2024-06-04 00:13:13,553 INFO  - Atempting to process queue (at simulation time 421.300,000,000 s)
2024-06-04 00:13:13,553 INFO  - Vehicle is outside the detection area. (at simulation time 421.300,000,000 s)
2024-06-04 00:13:13,553 INFO  - Sent broadcast CAM message to all vehicles (at simulation time 421.300,000,000 s)
2024-06-04 00:13:13,554 INFO  - Received CAM message from veh_159 (at simulation time 421.300,900,000 s)
2024-06-04 00:13:13,555 INFO  - Received CAM message from veh_150 (at simulation time 421.301,400,000 s)
2024-06-04 00:13:13,555 INFO  - Received CAM message from veh_108 (at simulation time 421.301,900,000 s)
2024-06-04 00:13:13,555 INFO  - Received CAM message from veh_168 (at simulation time 421.302,400,000 s)
2024-06-04 00:13:13,555 INFO  - Received CAM message from veh_126 (at simulation time 421.302,400,000 s)
2024-06-04 00:13:13,555 INFO  - Atempting to process queue (at simulation time 421.400,000,000 s)
2024-06-04 00:13:13,555 INFO  - Vehicle is outside the detection area. (at simulation time 421.400,000,000 s)
2024-06-04 00:13:13,555 INFO  - Sent broadcast CAM message to all vehicles (at simulation time 421.400,000,000 s)
2024-06-04 00:13:13,556 INFO  - Received CAM message from veh_150 (at simulation time 421.400,400,000 s)
2024-06-04 00:13:13,556 INFO  - Received CAM message from veh_168 (at simulation time 421.400,900,000 s)
2024-06-04 00:13:13,556 INFO  - Received CAM message from veh_159 (at simulation time 421.401,400,000 s)
2024-06-04 00:13:13,556 INFO  - Received CAM message from veh_126 (at simulation time 421.401,400,000 s)
2024-06-04 00:13:13,556 INFO  - Received CAM message from veh_108 (at simulation time 421.401,400,000 s)
2024-06-04 00:13:13,557 INFO  - Atempting to process queue (at simulation time 421.500,000,000 s)
2024-06-04 00:13:13,557 INFO  - Vehicle is outside the detection area. (at simulation time 421.500,000,000 s)
2024-06-04 00:13:13,557 INFO  - Sent broadcast CAM message to all vehicles (at simulation time 421.500,000,000 s)
2024-06-04 00:13:13,558 INFO  - Received CAM message from veh_150 (at simulation time 421.500,400,000 s)
2024-06-04 00:13:13,558 INFO  - Received CAM message from veh_159 (at simulation time 421.500,900,000 s)
2024-06-04 00:13:13,558 INFO  - Received CAM message from veh_126 (at simulation time 421.500,900,000 s)
2024-06-04 00:13:13,559 INFO  - Received CAM message from veh_108 (at simulation time 421.501,900,000 s)
2024-06-04 00:13:13,559 INFO  - Received CAM message from veh_168 (at simulation time 421.502,400,000 s)
2024-06-04 00:13:13,559 INFO  - Atempting to process queue (at simulation time 421.600,000,000 s)
2024-06-04 00:13:13,559 INFO  - Vehicle is outside the detection area. (at simulation time 421.600,000,000 s)
2024-06-04 00:13:13,559 INFO  - Sent broadcast CAM message to all vehicles (at simulation time 421.600,000,000 s)
2024-06-04 00:13:13,560 INFO  - Received CAM message from veh_108 (at simulation time 421.600,400,000 s)
2024-06-04 00:13:13,560 INFO  - Received CAM message from veh_168 (at simulation time 421.600,900,000 s)
2024-06-04 00:13:13,560 INFO  - Received CAM message from veh_126 (at simulation time 421.601,400,000 s)
2024-06-04 00:13:13,561 INFO  - Received CAM message from veh_150 (at simulation time 421.601,900,000 s)
2024-06-04 00:13:13,561 INFO  - Received CAM message from veh_159 (at simulation time 421.602,400,000 s)
2024-06-04 00:13:13,561 INFO  - Atempting to process queue (at simulation time 421.700,000,000 s)
2024-06-04 00:13:13,561 INFO  - Vehicle is outside the detection area. (at simulation time 421.700,000,000 s)
2024-06-04 00:13:13,561 INFO  - Sent broadcast CAM message to all vehicles (at simulation time 421.700,000,000 s)
2024-06-04 00:13:13,561 INFO  - Received CAM message from veh_168 (at simulation time 421.700,400,000 s)
2024-06-04 00:13:13,561 INFO  - Received CAM message from veh_159 (at simulation time 421.700,400,000 s)
2024-06-04 00:13:13,562 INFO  - Received CAM message from veh_108 (at simulation time 421.700,900,000 s)
2024-06-04 00:13:13,562 INFO  - Received CAM message from veh_126 (at simulation time 421.701,400,000 s)
2024-06-04 00:13:13,562 INFO  - Received CAM message from veh_150 (at simulation time 421.701,900,000 s)
2024-06-04 00:13:13,563 INFO  - Atempting to process queue (at simulation time 421.800,000,000 s)
2024-06-04 00:13:13,563 INFO  - Vehicle is outside the detection area. (at simulation time 421.800,000,000 s)
2024-06-04 00:13:13,563 INFO  - Sent broadcast CAM message to all vehicles (at simulation time 421.800,000,000 s)
2024-06-04 00:13:13,563 INFO  - Received CAM message from veh_168 (at simulation time 421.800,400,000 s)
2024-06-04 00:13:13,564 INFO  - Received CAM message from veh_159 (at simulation time 421.800,900,000 s)
2024-06-04 00:13:13,564 INFO  - Received CAM message from veh_126 (at simulation time 421.800,900,000 s)
2024-06-04 00:13:13,564 INFO  - Received CAM message from veh_108 (at simulation time 421.801,900,000 s)
2024-06-04 00:13:13,564 INFO  - Received CAM message from veh_150 (at simulation time 421.802,400,000 s)
2024-06-04 00:13:13,564 INFO  - Atempting to process queue (at simulation time 421.900,000,000 s)
2024-06-04 00:13:13,564 INFO  - Vehicle is outside the detection area. (at simulation time 421.900,000,000 s)
2024-06-04 00:13:13,564 INFO  - Sent broadcast CAM message to all vehicles (at simulation time 421.900,000,000 s)
2024-06-04 00:13:13,565 INFO  - Received CAM message from veh_168 (at simulation time 421.900,400,000 s)
2024-06-04 00:13:13,565 INFO  - Received CAM message from veh_150 (at simulation time 421.900,400,000 s)
2024-06-04 00:13:13,565 INFO  - Received CAM message from veh_108 (at simulation time 421.900,400,000 s)
2024-06-04 00:13:13,566 INFO  - Received CAM message from veh_126 (at simulation time 421.901,900,000 s)
2024-06-04 00:13:13,566 INFO  - Received CAM message from veh_159 (at simulation time 421.902,400,000 s)
2024-06-04 00:13:13,568 INFO  - Atempting to process queue (at simulation time 422.000,000,000 s)
2024-06-04 00:13:13,568 INFO  - Vehicle is outside the detection area. (at simulation time 422.000,000,000 s)
2024-06-04 00:13:13,568 INFO  - Sent broadcast CAM message to all vehicles (at simulation time 422.000,000,000 s)
2024-06-04 00:13:13,570 INFO  - Received CAM message from veh_108 (at simulation time 422.000,900,000 s)
2024-06-04 00:13:13,570 INFO  - Received CAM message from veh_150 (at simulation time 422.001,400,000 s)
2024-06-04 00:13:13,570 INFO  - Received CAM message from veh_168 (at simulation time 422.001,900,000 s)
2024-06-04 00:13:13,570 INFO  - Received CAM message from veh_159 (at simulation time 422.001,900,000 s)
2024-06-04 00:13:13,570 INFO  - Atempting to process queue (at simulation time 422.100,000,000 s)
2024-06-04 00:13:13,570 INFO  - Vehicle is outside the detection area. (at simulation time 422.100,000,000 s)
2024-06-04 00:13:13,570 INFO  - Sent broadcast CAM message to all vehicles (at simulation time 422.100,000,000 s)
2024-06-04 00:13:13,571 INFO  - Received CAM message from veh_150 (at simulation time 422.100,400,000 s)
2024-06-04 00:13:13,571 INFO  - Received CAM message from veh_159 (at simulation time 422.101,400,000 s)
2024-06-04 00:13:13,571 INFO  - Received CAM message from veh_108 (at simulation time 422.101,400,000 s)
2024-06-04 00:13:13,571 INFO  - Received CAM message from veh_168 (at simulation time 422.101,900,000 s)
2024-06-04 00:13:13,572 INFO  - Atempting to process queue (at simulation time 422.200,000,000 s)
2024-06-04 00:13:13,572 INFO  - Vehicle is outside the detection area. (at simulation time 422.200,000,000 s)
2024-06-04 00:13:13,572 INFO  - Sent broadcast CAM message to all vehicles (at simulation time 422.200,000,000 s)
2024-06-04 00:13:13,572 INFO  - Received CAM message from veh_168 (at simulation time 422.200,400,000 s)
2024-06-04 00:13:13,573 INFO  - Received CAM message from veh_108 (at simulation time 422.200,900,000 s)
2024-06-04 00:13:13,573 INFO  - Received CAM message from veh_159 (at simulation time 422.201,900,000 s)
2024-06-04 00:13:13,573 INFO  - Received CAM message from veh_150 (at simulation time 422.201,900,000 s)
2024-06-04 00:13:13,573 INFO  - Atempting to process queue (at simulation time 422.300,000,000 s)
2024-06-04 00:13:13,573 INFO  - Vehicle is outside the detection area. (at simulation time 422.300,000,000 s)
2024-06-04 00:13:13,573 INFO  - Sent broadcast CAM message to all vehicles (at simulation time 422.300,000,000 s)
2024-06-04 00:13:13,574 INFO  - Received CAM message from veh_159 (at simulation time 422.300,400,000 s)
2024-06-04 00:13:13,574 INFO  - Received CAM message from veh_150 (at simulation time 422.301,400,000 s)
2024-06-04 00:13:13,575 INFO  - Received CAM message from veh_108 (at simulation time 422.301,900,000 s)
2024-06-04 00:13:13,575 INFO  - Received CAM message from veh_168 (at simulation time 422.302,400,000 s)
2024-06-04 00:13:13,575 INFO  - Atempting to process queue (at simulation time 422.400,000,000 s)
2024-06-04 00:13:13,575 INFO  - Vehicle is outside the detection area. (at simulation time 422.400,000,000 s)
2024-06-04 00:13:13,575 INFO  - Sent broadcast CAM message to all vehicles (at simulation time 422.400,000,000 s)
2024-06-04 00:13:13,576 INFO  - Received CAM message from veh_168 (at simulation time 422.400,400,000 s)
2024-06-04 00:13:13,576 INFO  - Received CAM message from veh_150 (at simulation time 422.400,400,000 s)
2024-06-04 00:13:13,577 INFO  - Received CAM message from veh_159 (at simulation time 422.402,400,000 s)
2024-06-04 00:13:13,577 INFO  - Received CAM message from veh_108 (at simulation time 422.402,400,000 s)
2024-06-04 00:13:13,577 INFO  - Atempting to process queue (at simulation time 422.500,000,000 s)
2024-06-04 00:13:13,577 INFO  - Vehicle is outside the detection area. (at simulation time 422.500,000,000 s)
2024-06-04 00:13:13,577 INFO  - Sent broadcast CAM message to all vehicles (at simulation time 422.500,000,000 s)
2024-06-04 00:13:13,578 INFO  - Received CAM message from veh_108 (at simulation time 422.500,900,000 s)
2024-06-04 00:13:13,578 INFO  - Received CAM message from veh_168 (at simulation time 422.501,400,000 s)
2024-06-04 00:13:13,578 INFO  - Received CAM message from veh_159 (at simulation time 422.501,400,000 s)
2024-06-04 00:13:13,578 INFO  - Received CAM message from veh_150 (at simulation time 422.501,900,000 s)
2024-06-04 00:13:13,579 INFO  - Atempting to process queue (at simulation time 422.600,000,000 s)
2024-06-04 00:13:13,579 INFO  - Vehicle is outside the detection area. (at simulation time 422.600,000,000 s)
2024-06-04 00:13:13,579 INFO  - Sent broadcast CAM message to all vehicles (at simulation time 422.600,000,000 s)
2024-06-04 00:13:13,580 INFO  - Received CAM message from veh_159 (at simulation time 422.600,400,000 s)
2024-06-04 00:13:13,580 INFO  - Received CAM message from veh_168 (at simulation time 422.600,900,000 s)
2024-06-04 00:13:13,580 INFO  - Received CAM message from veh_150 (at simulation time 422.600,900,000 s)
2024-06-04 00:13:13,581 INFO  - Received CAM message from veh_108 (at simulation time 422.602,400,000 s)
2024-06-04 00:13:13,581 INFO  - Atempting to process queue (at simulation time 422.700,000,000 s)
2024-06-04 00:13:13,581 INFO  - Vehicle is outside the detection area. (at simulation time 422.700,000,000 s)
2024-06-04 00:13:13,581 INFO  - Sent broadcast CAM message to all vehicles (at simulation time 422.700,000,000 s)
2024-06-04 00:13:13,582 INFO  - Received CAM message from veh_150 (at simulation time 422.700,900,000 s)
2024-06-04 00:13:13,582 INFO  - Received CAM message from veh_168 (at simulation time 422.701,900,000 s)
2024-06-04 00:13:13,582 INFO  - Received CAM message from veh_159 (at simulation time 422.701,900,000 s)
2024-06-04 00:13:13,582 INFO  - Received CAM message from veh_108 (at simulation time 422.701,900,000 s)
2024-06-04 00:13:13,583 INFO  - Atempting to process queue (at simulation time 422.800,000,000 s)
2024-06-04 00:13:13,583 INFO  - Vehicle is outside the detection area. (at simulation time 422.800,000,000 s)
2024-06-04 00:13:13,583 INFO  - Sent broadcast CAM message to all vehicles (at simulation time 422.800,000,000 s)
2024-06-04 00:13:13,584 INFO  - Received CAM message from veh_159 (at simulation time 422.800,900,000 s)
2024-06-04 00:13:13,584 INFO  - Received CAM message from veh_150 (at simulation time 422.801,400,000 s)
2024-06-04 00:13:13,584 INFO  - Received CAM message from veh_108 (at simulation time 422.801,400,000 s)
2024-06-04 00:13:13,584 INFO  - Received CAM message from veh_168 (at simulation time 422.802,400,000 s)
2024-06-04 00:13:13,584 INFO  - Atempting to process queue (at simulation time 422.900,000,000 s)
2024-06-04 00:13:13,584 INFO  - Vehicle is outside the detection area. (at simulation time 422.900,000,000 s)
2024-06-04 00:13:13,584 INFO  - Sent broadcast CAM message to all vehicles (at simulation time 422.900,000,000 s)
2024-06-04 00:13:13,585 INFO  - Received CAM message from veh_168 (at simulation time 422.900,900,000 s)
2024-06-04 00:13:13,585 INFO  - Received CAM message from veh_159 (at simulation time 422.901,400,000 s)
2024-06-04 00:13:13,585 INFO  - Received CAM message from veh_108 (at simulation time 422.901,400,000 s)
2024-06-04 00:13:13,586 INFO  - Received CAM message from veh_150 (at simulation time 422.902,400,000 s)
2024-06-04 00:13:13,589 INFO  - Atempting to process queue (at simulation time 423.000,000,000 s)
2024-06-04 00:13:13,589 INFO  - Vehicle is outside the detection area. (at simulation time 423.000,000,000 s)
2024-06-04 00:13:13,589 INFO  - Sent broadcast CAM message to all vehicles (at simulation time 423.000,000,000 s)
2024-06-04 00:13:13,591 INFO  - Received CAM message from veh_108 (at simulation time 423.000,400,000 s)
2024-06-04 00:13:13,592 INFO  - Received CAM message from veh_150 (at simulation time 423.001,900,000 s)
2024-06-04 00:13:13,592 INFO  - Atempting to process queue (at simulation time 423.100,000,000 s)
2024-06-04 00:13:13,592 INFO  - Vehicle is outside the detection area. (at simulation time 423.100,000,000 s)
2024-06-04 00:13:13,592 INFO  - Sent broadcast CAM message to all vehicles (at simulation time 423.100,000,000 s)
2024-06-04 00:13:13,593 INFO  - Received CAM message from veh_108 (at simulation time 423.100,400,000 s)
2024-06-04 00:13:13,593 INFO  - Received CAM message from veh_150 (at simulation time 423.101,900,000 s)
2024-06-04 00:13:13,594 INFO  - Atempting to process queue (at simulation time 423.200,000,000 s)
2024-06-04 00:13:13,594 INFO  - Vehicle is outside the detection area. (at simulation time 423.200,000,000 s)
2024-06-04 00:13:13,594 INFO  - Sent broadcast CAM message to all vehicles (at simulation time 423.200,000,000 s)
2024-06-04 00:13:13,595 INFO  - Received CAM message from veh_108 (at simulation time 423.200,400,000 s)
2024-06-04 00:13:13,595 INFO  - Received CAM message from veh_150 (at simulation time 423.201,400,000 s)
2024-06-04 00:13:13,595 INFO  - Atempting to process queue (at simulation time 423.300,000,000 s)
2024-06-04 00:13:13,595 INFO  - Vehicle is outside the detection area. (at simulation time 423.300,000,000 s)
2024-06-04 00:13:13,595 INFO  - Sent broadcast CAM message to all vehicles (at simulation time 423.300,000,000 s)
2024-06-04 00:13:13,597 INFO  - Received CAM message from veh_108 (at simulation time 423.301,900,000 s)
2024-06-04 00:13:13,597 INFO  - Received CAM message from veh_150 (at simulation time 423.302,400,000 s)
2024-06-04 00:13:13,597 INFO  - Atempting to process queue (at simulation time 423.400,000,000 s)
2024-06-04 00:13:13,597 INFO  - Vehicle is outside the detection area. (at simulation time 423.400,000,000 s)
2024-06-04 00:13:13,597 INFO  - Sent broadcast CAM message to all vehicles (at simulation time 423.400,000,000 s)
2024-06-04 00:13:13,598 INFO  - Received CAM message from veh_150 (at simulation time 423.400,400,000 s)
2024-06-04 00:13:13,599 INFO  - Received CAM message from veh_108 (at simulation time 423.401,400,000 s)
2024-06-04 00:13:13,599 INFO  - Atempting to process queue (at simulation time 423.500,000,000 s)
2024-06-04 00:13:13,599 INFO  - Vehicle is outside the detection area. (at simulation time 423.500,000,000 s)
2024-06-04 00:13:13,599 INFO  - Sent broadcast CAM message to all vehicles (at simulation time 423.500,000,000 s)
2024-06-04 00:13:13,600 INFO  - Received CAM message from veh_150 (at simulation time 423.501,900,000 s)
2024-06-04 00:13:13,600 INFO  - Received CAM message from veh_108 (at simulation time 423.501,900,000 s)
2024-06-04 00:13:13,600 INFO  - Atempting to process queue (at simulation time 423.600,000,000 s)
2024-06-04 00:13:13,600 INFO  - Vehicle is outside the detection area. (at simulation time 423.600,000,000 s)
2024-06-04 00:13:13,600 INFO  - Sent broadcast CAM message to all vehicles (at simulation time 423.600,000,000 s)
2024-06-04 00:13:13,601 INFO  - Received CAM message from veh_150 (at simulation time 423.600,900,000 s)
2024-06-04 00:13:13,602 INFO  - Received CAM message from veh_108 (at simulation time 423.602,400,000 s)
2024-06-04 00:13:13,602 INFO  - Atempting to process queue (at simulation time 423.700,000,000 s)
2024-06-04 00:13:13,602 INFO  - Vehicle is outside the detection area. (at simulation time 423.700,000,000 s)
2024-06-04 00:13:13,602 INFO  - Sent broadcast CAM message to all vehicles (at simulation time 423.700,000,000 s)
2024-06-04 00:13:13,602 INFO  - Received CAM message from veh_150 (at simulation time 423.700,900,000 s)
2024-06-04 00:13:13,603 INFO  - Received CAM message from veh_108 (at simulation time 423.702,400,000 s)
2024-06-04 00:13:13,603 INFO  - Atempting to process queue (at simulation time 423.800,000,000 s)
2024-06-04 00:13:13,603 INFO  - Vehicle is outside the detection area. (at simulation time 423.800,000,000 s)
2024-06-04 00:13:13,603 INFO  - Sent broadcast CAM message to all vehicles (at simulation time 423.800,000,000 s)
2024-06-04 00:13:13,604 INFO  - Received CAM message from veh_150 (at simulation time 423.801,900,000 s)
2024-06-04 00:13:13,605 INFO  - Received CAM message from veh_108 (at simulation time 423.802,400,000 s)
2024-06-04 00:13:13,605 INFO  - Atempting to process queue (at simulation time 423.900,000,000 s)
2024-06-04 00:13:13,605 INFO  - Vehicle is outside the detection area. (at simulation time 423.900,000,000 s)
2024-06-04 00:13:13,605 INFO  - Sent broadcast CAM message to all vehicles (at simulation time 423.900,000,000 s)
2024-06-04 00:13:13,605 INFO  - Received CAM message from veh_150 (at simulation time 423.900,400,000 s)
2024-06-04 00:13:13,606 INFO  - Received CAM message from veh_108 (at simulation time 423.901,400,000 s)
2024-06-04 00:13:13,610 INFO  - Atempting to process queue (at simulation time 424.000,000,000 s)
2024-06-04 00:13:13,610 INFO  - Vehicle is outside the detection area. (at simulation time 424.000,000,000 s)
2024-06-04 00:13:13,610 INFO  - Sent broadcast CAM message to all vehicles (at simulation time 424.000,000,000 s)
2024-06-04 00:13:13,611 INFO  - Received CAM message from veh_150 (at simulation time 424.000,400,000 s)
2024-06-04 00:13:13,612 INFO  - Received CAM message from veh_108 (at simulation time 424.001,400,000 s)
2024-06-04 00:13:13,612 INFO  - Atempting to process queue (at simulation time 424.100,000,000 s)
2024-06-04 00:13:13,612 INFO  - Vehicle is outside the detection area. (at simulation time 424.100,000,000 s)
2024-06-04 00:13:13,612 INFO  - Sent broadcast CAM message to all vehicles (at simulation time 424.100,000,000 s)
2024-06-04 00:13:13,614 INFO  - Received CAM message from veh_150 (at simulation time 424.101,900,000 s)
2024-06-04 00:13:13,614 INFO  - Received CAM message from veh_108 (at simulation time 424.102,400,000 s)
2024-06-04 00:13:13,614 INFO  - Atempting to process queue (at simulation time 424.200,000,000 s)
2024-06-04 00:13:13,614 INFO  - Vehicle is outside the detection area. (at simulation time 424.200,000,000 s)
2024-06-04 00:13:13,614 INFO  - Sent broadcast CAM message to all vehicles (at simulation time 424.200,000,000 s)
2024-06-04 00:13:13,618 INFO  - Received CAM message from veh_150 (at simulation time 424.201,400,000 s)
2024-06-04 00:13:13,621 INFO  - Received CAM message from veh_108 (at simulation time 424.202,400,000 s)
2024-06-04 00:13:13,621 INFO  - Received Control message from rsu_0 to veh_227 (at simulation time 424.202,400,000 s)
2024-06-04 00:13:13,621 INFO  - Current route: 1, lane: 0 (at simulation time 424.202,400,000 s)
2024-06-04 00:13:13,621 INFO  - Vehicle position: GeoPoint{lat=40.743316,lon=-73.988444,alt=0.00} (at simulation time 424.202,400,000 s)
2024-06-04 00:13:13,640 INFO  - Atempting to process queue (at simulation time 424.300,000,000 s)
2024-06-04 00:13:13,640 INFO  - Vehicle is outside the detection area. (at simulation time 424.300,000,000 s)
2024-06-04 00:13:13,640 INFO  - Sent broadcast CAM message to all vehicles (at simulation time 424.300,000,000 s)
2024-06-04 00:13:13,640 INFO  - Received CAM message from veh_150 (at simulation time 424.300,400,000 s)
2024-06-04 00:13:13,641 INFO  - Received CAM message from veh_108 (at simulation time 424.301,400,000 s)
2024-06-04 00:13:13,641 INFO  - Atempting to process queue (at simulation time 424.400,000,000 s)
2024-06-04 00:13:13,641 INFO  - Vehicle is outside the detection area. (at simulation time 424.400,000,000 s)
2024-06-04 00:13:13,641 INFO  - Sent broadcast CAM message to all vehicles (at simulation time 424.400,000,000 s)
2024-06-04 00:13:13,643 INFO  - Received CAM message from veh_150 (at simulation time 424.401,900,000 s)
2024-06-04 00:13:13,643 INFO  - Received CAM message from veh_108 (at simulation time 424.402,400,000 s)
2024-06-04 00:13:13,643 INFO  - Atempting to process queue (at simulation time 424.500,000,000 s)
2024-06-04 00:13:13,643 INFO  - Vehicle is outside the detection area. (at simulation time 424.500,000,000 s)
2024-06-04 00:13:13,643 INFO  - Sent broadcast CAM message to all vehicles (at simulation time 424.500,000,000 s)
2024-06-04 00:13:13,643 INFO  - Received CAM message from veh_150 (at simulation time 424.500,400,000 s)
2024-06-04 00:13:13,644 INFO  - Received CAM message from veh_108 (at simulation time 424.501,900,000 s)
2024-06-04 00:13:13,644 INFO  - Atempting to process queue (at simulation time 424.600,000,000 s)
2024-06-04 00:13:13,644 INFO  - Vehicle is outside the detection area. (at simulation time 424.600,000,000 s)
2024-06-04 00:13:13,644 INFO  - Sent broadcast CAM message to all vehicles (at simulation time 424.600,000,000 s)
2024-06-04 00:13:13,646 INFO  - Received CAM message from veh_150 (at simulation time 424.600,900,000 s)
2024-06-04 00:13:13,646 INFO  - Received CAM message from veh_108 (at simulation time 424.600,900,000 s)
2024-06-04 00:13:13,646 INFO  - Atempting to process queue (at simulation time 424.700,000,000 s)
2024-06-04 00:13:13,646 INFO  - Vehicle is outside the detection area. (at simulation time 424.700,000,000 s)
2024-06-04 00:13:13,646 INFO  - Sent broadcast CAM message to all vehicles (at simulation time 424.700,000,000 s)
2024-06-04 00:13:13,647 INFO  - Received CAM message from veh_150 (at simulation time 424.700,400,000 s)
2024-06-04 00:13:13,648 INFO  - Received CAM message from veh_108 (at simulation time 424.702,400,000 s)
2024-06-04 00:13:13,648 INFO  - Atempting to process queue (at simulation time 424.800,000,000 s)
2024-06-04 00:13:13,648 INFO  - Vehicle is outside the detection area. (at simulation time 424.800,000,000 s)
2024-06-04 00:13:13,648 INFO  - Sent broadcast CAM message to all vehicles (at simulation time 424.800,000,000 s)
2024-06-04 00:13:13,648 INFO  - Received CAM message from veh_150 (at simulation time 424.800,400,000 s)
2024-06-04 00:13:13,649 INFO  - Received CAM message from veh_108 (at simulation time 424.801,900,000 s)
2024-06-04 00:13:13,649 INFO  - Atempting to process queue (at simulation time 424.900,000,000 s)
2024-06-04 00:13:13,649 INFO  - Vehicle is outside the detection area. (at simulation time 424.900,000,000 s)
2024-06-04 00:13:13,649 INFO  - Sent broadcast CAM message to all vehicles (at simulation time 424.900,000,000 s)
2024-06-04 00:13:13,650 INFO  - Received CAM message from veh_150 (at simulation time 424.900,900,000 s)
2024-06-04 00:13:13,650 INFO  - Received CAM message from veh_108 (at simulation time 424.902,400,000 s)
2024-06-04 00:13:13,654 INFO  - Atempting to process queue (at simulation time 425.000,000,000 s)
2024-06-04 00:13:13,654 INFO  - Vehicle is outside the detection area. (at simulation time 425.000,000,000 s)
2024-06-04 00:13:13,654 INFO  - Sent broadcast CAM message to all vehicles (at simulation time 425.000,000,000 s)
2024-06-04 00:13:13,656 INFO  - Atempting to process queue (at simulation time 425.100,000,000 s)
2024-06-04 00:13:13,656 INFO  - Vehicle is outside the detection area. (at simulation time 425.100,000,000 s)
2024-06-04 00:13:13,656 INFO  - Sent broadcast CAM message to all vehicles (at simulation time 425.100,000,000 s)
2024-06-04 00:13:13,657 INFO  - Atempting to process queue (at simulation time 425.200,000,000 s)
2024-06-04 00:13:13,657 INFO  - Vehicle is outside the detection area. (at simulation time 425.200,000,000 s)
2024-06-04 00:13:13,657 INFO  - Sent broadcast CAM message to all vehicles (at simulation time 425.200,000,000 s)
2024-06-04 00:13:13,659 INFO  - Atempting to process queue (at simulation time 425.300,000,000 s)
2024-06-04 00:13:13,659 INFO  - Vehicle is outside the detection area. (at simulation time 425.300,000,000 s)
2024-06-04 00:13:13,659 INFO  - Sent broadcast CAM message to all vehicles (at simulation time 425.300,000,000 s)
2024-06-04 00:13:13,660 INFO  - Atempting to process queue (at simulation time 425.400,000,000 s)
2024-06-04 00:13:13,660 INFO  - Vehicle is outside the detection area. (at simulation time 425.400,000,000 s)
2024-06-04 00:13:13,660 INFO  - Sent broadcast CAM message to all vehicles (at simulation time 425.400,000,000 s)
2024-06-04 00:13:13,662 INFO  - Atempting to process queue (at simulation time 425.500,000,000 s)
2024-06-04 00:13:13,662 INFO  - Vehicle is outside the detection area. (at simulation time 425.500,000,000 s)
2024-06-04 00:13:13,662 INFO  - Sent broadcast CAM message to all vehicles (at simulation time 425.500,000,000 s)
2024-06-04 00:13:13,664 INFO  - Atempting to process queue (at simulation time 425.600,000,000 s)
2024-06-04 00:13:13,664 INFO  - Vehicle is outside the detection area. (at simulation time 425.600,000,000 s)
2024-06-04 00:13:13,664 INFO  - Sent broadcast CAM message to all vehicles (at simulation time 425.600,000,000 s)
2024-06-04 00:13:13,666 INFO  - Atempting to process queue (at simulation time 425.700,000,000 s)
2024-06-04 00:13:13,666 INFO  - Vehicle is outside the detection area. (at simulation time 425.700,000,000 s)
2024-06-04 00:13:13,666 INFO  - Sent broadcast CAM message to all vehicles (at simulation time 425.700,000,000 s)
2024-06-04 00:13:13,668 INFO  - Atempting to process queue (at simulation time 425.800,000,000 s)
2024-06-04 00:13:13,668 INFO  - Vehicle is outside the detection area. (at simulation time 425.800,000,000 s)
2024-06-04 00:13:13,668 INFO  - Sent broadcast CAM message to all vehicles (at simulation time 425.800,000,000 s)
2024-06-04 00:13:13,670 INFO  - Atempting to process queue (at simulation time 425.900,000,000 s)
2024-06-04 00:13:13,670 INFO  - Vehicle is outside the detection area. (at simulation time 425.900,000,000 s)
2024-06-04 00:13:13,670 INFO  - Sent broadcast CAM message to all vehicles (at simulation time 425.900,000,000 s)
2024-06-04 00:13:13,673 INFO  - Vehicle is outside the detection area. (at simulation time 426.000,000,000 s)
2024-06-04 00:13:13,673 INFO  - Sent broadcast CAM message to all vehicles (at simulation time 426.000,000,000 s)
2024-06-04 00:13:13,675 INFO  - Vehicle is outside the detection area. (at simulation time 426.100,000,000 s)
2024-06-04 00:13:13,675 INFO  - Sent broadcast CAM message to all vehicles (at simulation time 426.100,000,000 s)
2024-06-04 00:13:13,676 INFO  - Vehicle is outside the detection area. (at simulation time 426.200,000,000 s)
2024-06-04 00:13:13,676 INFO  - Sent broadcast CAM message to all vehicles (at simulation time 426.200,000,000 s)
2024-06-04 00:13:13,678 INFO  - Vehicle is outside the detection area. (at simulation time 426.300,000,000 s)
2024-06-04 00:13:13,678 INFO  - Sent broadcast CAM message to all vehicles (at simulation time 426.300,000,000 s)
2024-06-04 00:13:13,680 INFO  - Vehicle is outside the detection area. (at simulation time 426.400,000,000 s)
2024-06-04 00:13:13,680 INFO  - Sent broadcast CAM message to all vehicles (at simulation time 426.400,000,000 s)
2024-06-04 00:13:13,682 INFO  - Vehicle is outside the detection area. (at simulation time 426.500,000,000 s)
2024-06-04 00:13:13,682 INFO  - Sent broadcast CAM message to all vehicles (at simulation time 426.500,000,000 s)
2024-06-04 00:13:13,683 INFO  - Vehicle is outside the detection area. (at simulation time 426.600,000,000 s)
2024-06-04 00:13:13,683 INFO  - Sent broadcast CAM message to all vehicles (at simulation time 426.600,000,000 s)
2024-06-04 00:13:13,685 INFO  - Vehicle is outside the detection area. (at simulation time 426.700,000,000 s)
2024-06-04 00:13:13,685 INFO  - Sent broadcast CAM message to all vehicles (at simulation time 426.700,000,000 s)
2024-06-04 00:13:13,687 INFO  - Vehicle is outside the detection area. (at simulation time 426.800,000,000 s)
2024-06-04 00:13:13,687 INFO  - Sent broadcast CAM message to all vehicles (at simulation time 426.800,000,000 s)
2024-06-04 00:13:13,688 INFO  - Vehicle is outside the detection area. (at simulation time 426.900,000,000 s)
2024-06-04 00:13:13,688 INFO  - Sent broadcast CAM message to all vehicles (at simulation time 426.900,000,000 s)
2024-06-04 00:13:13,694 INFO  - Vehicle is outside the detection area. (at simulation time 427.000,000,000 s)
2024-06-04 00:13:13,694 INFO  - Sent broadcast CAM message to all vehicles (at simulation time 427.000,000,000 s)
2024-06-04 00:13:13,696 INFO  - Vehicle is outside the detection area. (at simulation time 427.100,000,000 s)
2024-06-04 00:13:13,696 INFO  - Sent broadcast CAM message to all vehicles (at simulation time 427.100,000,000 s)
2024-06-04 00:13:13,698 INFO  - Vehicle is outside the detection area. (at simulation time 427.200,000,000 s)
2024-06-04 00:13:13,698 INFO  - Sent broadcast CAM message to all vehicles (at simulation time 427.200,000,000 s)
2024-06-04 00:13:13,699 INFO  - Vehicle is outside the detection area. (at simulation time 427.300,000,000 s)
2024-06-04 00:13:13,699 INFO  - Sent broadcast CAM message to all vehicles (at simulation time 427.300,000,000 s)
2024-06-04 00:13:13,701 INFO  - Vehicle is outside the detection area. (at simulation time 427.400,000,000 s)
2024-06-04 00:13:13,701 INFO  - Sent broadcast CAM message to all vehicles (at simulation time 427.400,000,000 s)
2024-06-04 00:13:13,703 INFO  - Vehicle is outside the detection area. (at simulation time 427.500,000,000 s)
2024-06-04 00:13:13,703 INFO  - Sent broadcast CAM message to all vehicles (at simulation time 427.500,000,000 s)
2024-06-04 00:13:13,705 INFO  - Vehicle is outside the detection area. (at simulation time 427.600,000,000 s)
2024-06-04 00:13:13,705 INFO  - Sent broadcast CAM message to all vehicles (at simulation time 427.600,000,000 s)
2024-06-04 00:13:13,706 INFO  - Vehicle is outside the detection area. (at simulation time 427.700,000,000 s)
2024-06-04 00:13:13,706 INFO  - Sent broadcast CAM message to all vehicles (at simulation time 427.700,000,000 s)
2024-06-04 00:13:13,708 INFO  - Vehicle is outside the detection area. (at simulation time 427.800,000,000 s)
2024-06-04 00:13:13,708 INFO  - Sent broadcast CAM message to all vehicles (at simulation time 427.800,000,000 s)
2024-06-04 00:13:13,710 INFO  - Vehicle is outside the detection area. (at simulation time 427.900,000,000 s)
2024-06-04 00:13:13,710 INFO  - Sent broadcast CAM message to all vehicles (at simulation time 427.900,000,000 s)
2024-06-04 00:13:13,714 INFO  - Vehicle is outside the detection area. (at simulation time 428.000,000,000 s)
2024-06-04 00:13:13,714 INFO  - Sent broadcast CAM message to all vehicles (at simulation time 428.000,000,000 s)
2024-06-04 00:13:13,717 INFO  - Vehicle is outside the detection area. (at simulation time 428.100,000,000 s)
2024-06-04 00:13:13,717 INFO  - Sent broadcast CAM message to all vehicles (at simulation time 428.100,000,000 s)
2024-06-04 00:13:13,718 INFO  - Vehicle is outside the detection area. (at simulation time 428.200,000,000 s)
2024-06-04 00:13:13,718 INFO  - Sent broadcast CAM message to all vehicles (at simulation time 428.200,000,000 s)
2024-06-04 00:13:13,720 INFO  - Vehicle is outside the detection area. (at simulation time 428.300,000,000 s)
2024-06-04 00:13:13,720 INFO  - Sent broadcast CAM message to all vehicles (at simulation time 428.300,000,000 s)
2024-06-04 00:13:13,722 INFO  - Vehicle is outside the detection area. (at simulation time 428.400,000,000 s)
2024-06-04 00:13:13,722 INFO  - Sent broadcast CAM message to all vehicles (at simulation time 428.400,000,000 s)
2024-06-04 00:13:13,723 INFO  - Vehicle is outside the detection area. (at simulation time 428.500,000,000 s)
2024-06-04 00:13:13,723 INFO  - Sent broadcast CAM message to all vehicles (at simulation time 428.500,000,000 s)
2024-06-04 00:13:13,726 INFO  - Vehicle is outside the detection area. (at simulation time 428.600,000,000 s)
2024-06-04 00:13:13,726 INFO  - Sent broadcast CAM message to all vehicles (at simulation time 428.600,000,000 s)
2024-06-04 00:13:13,728 INFO  - Vehicle is outside the detection area. (at simulation time 428.700,000,000 s)
2024-06-04 00:13:13,728 INFO  - Sent broadcast CAM message to all vehicles (at simulation time 428.700,000,000 s)
2024-06-04 00:13:13,730 INFO  - Vehicle is outside the detection area. (at simulation time 428.800,000,000 s)
2024-06-04 00:13:13,730 INFO  - Sent broadcast CAM message to all vehicles (at simulation time 428.800,000,000 s)
2024-06-04 00:13:13,732 INFO  - Vehicle is outside the detection area. (at simulation time 428.900,000,000 s)
2024-06-04 00:13:13,732 INFO  - Sent broadcast CAM message to all vehicles (at simulation time 428.900,000,000 s)
2024-06-04 00:13:13,737 INFO  - Vehicle is outside the detection area. (at simulation time 429.000,000,000 s)
2024-06-04 00:13:13,737 INFO  - Sent broadcast CAM message to all vehicles (at simulation time 429.000,000,000 s)
2024-06-04 00:13:13,739 INFO  - Vehicle is outside the detection area. (at simulation time 429.100,000,000 s)
2024-06-04 00:13:13,739 INFO  - Sent broadcast CAM message to all vehicles (at simulation time 429.100,000,000 s)
2024-06-04 00:13:13,741 INFO  - Vehicle is outside the detection area. (at simulation time 429.200,000,000 s)
2024-06-04 00:13:13,741 INFO  - Sent broadcast CAM message to all vehicles (at simulation time 429.200,000,000 s)
2024-06-04 00:13:13,743 INFO  - Vehicle is outside the detection area. (at simulation time 429.300,000,000 s)
2024-06-04 00:13:13,743 INFO  - Sent broadcast CAM message to all vehicles (at simulation time 429.300,000,000 s)
2024-06-04 00:13:13,744 INFO  - Vehicle is outside the detection area. (at simulation time 429.400,000,000 s)
2024-06-04 00:13:13,744 INFO  - Sent broadcast CAM message to all vehicles (at simulation time 429.400,000,000 s)
2024-06-04 00:13:13,746 INFO  - Vehicle is outside the detection area. (at simulation time 429.500,000,000 s)
2024-06-04 00:13:13,746 INFO  - Sent broadcast CAM message to all vehicles (at simulation time 429.500,000,000 s)
2024-06-04 00:13:13,748 INFO  - Vehicle is outside the detection area. (at simulation time 429.600,000,000 s)
2024-06-04 00:13:13,748 INFO  - Sent broadcast CAM message to all vehicles (at simulation time 429.600,000,000 s)
2024-06-04 00:13:13,750 INFO  - Vehicle is outside the detection area. (at simulation time 429.700,000,000 s)
2024-06-04 00:13:13,750 INFO  - Sent broadcast CAM message to all vehicles (at simulation time 429.700,000,000 s)
2024-06-04 00:13:13,752 INFO  - Vehicle is outside the detection area. (at simulation time 429.800,000,000 s)
2024-06-04 00:13:13,752 INFO  - Sent broadcast CAM message to all vehicles (at simulation time 429.800,000,000 s)
2024-06-04 00:13:13,754 INFO  - Vehicle is outside the detection area. (at simulation time 429.900,000,000 s)
2024-06-04 00:13:13,754 INFO  - Sent broadcast CAM message to all vehicles (at simulation time 429.900,000,000 s)
2024-06-04 00:13:13,759 INFO  - Shutdown application (at simulation time 430.000,000,000 s)
