2024-06-04 00:13:10,338 INFO  - Initialize application (at simulation time 301.000,000,000 s)
2024-06-04 00:13:10,339 INFO  - Activated WLAN Module (at simulation time 301.000,000,000 s)
2024-06-04 00:13:10,339 INFO  - Vehicle is outside the detection area. (at simulation time 301.000,000,000 s)
2024-06-04 00:13:10,339 INFO  - Sent broadcast CAM message to all vehicles (at simulation time 301.000,000,000 s)
2024-06-04 00:13:10,343 INFO  - Vehicle is outside the detection area. (at simulation time 301.100,000,000 s)
2024-06-04 00:13:10,343 INFO  - Sent broadcast CAM message to all vehicles (at simulation time 301.100,000,000 s)
2024-06-04 00:13:10,345 INFO  - Vehicle is outside the detection area. (at simulation time 301.200,000,000 s)
2024-06-04 00:13:10,345 INFO  - Sent broadcast CAM message to all vehicles (at simulation time 301.200,000,000 s)
2024-06-04 00:13:10,346 INFO  - Vehicle is outside the detection area. (at simulation time 301.300,000,000 s)
2024-06-04 00:13:10,346 INFO  - Sent broadcast CAM message to all vehicles (at simulation time 301.300,000,000 s)
2024-06-04 00:13:10,349 INFO  - Vehicle is outside the detection area. (at simulation time 301.400,000,000 s)
2024-06-04 00:13:10,349 INFO  - Sent broadcast CAM message to all vehicles (at simulation time 301.400,000,000 s)
2024-06-04 00:13:10,351 INFO  - Vehicle is outside the detection area. (at simulation time 301.500,000,000 s)
2024-06-04 00:13:10,351 INFO  - Sent broadcast CAM message to all vehicles (at simulation time 301.500,000,000 s)
2024-06-04 00:13:10,354 INFO  - Vehicle is outside the detection area. (at simulation time 301.600,000,000 s)
2024-06-04 00:13:10,354 INFO  - Sent broadcast CAM message to all vehicles (at simulation time 301.600,000,000 s)
2024-06-04 00:13:10,355 INFO  - Vehicle is outside the detection area. (at simulation time 301.700,000,000 s)
2024-06-04 00:13:10,355 INFO  - Sent broadcast CAM message to all vehicles (at simulation time 301.700,000,000 s)
2024-06-04 00:13:10,359 INFO  - Vehicle is outside the detection area. (at simulation time 301.800,000,000 s)
2024-06-04 00:13:10,359 INFO  - Sent broadcast CAM message to all vehicles (at simulation time 301.800,000,000 s)
2024-06-04 00:13:10,361 INFO  - Vehicle is outside the detection area. (at simulation time 301.900,000,000 s)
2024-06-04 00:13:10,361 INFO  - Sent broadcast CAM message to all vehicles (at simulation time 301.900,000,000 s)
2024-06-04 00:13:10,367 INFO  - Vehicle is outside the detection area. (at simulation time 302.000,000,000 s)
2024-06-04 00:13:10,367 INFO  - Sent broadcast CAM message to all vehicles (at simulation time 302.000,000,000 s)
2024-06-04 00:13:10,371 INFO  - Vehicle is outside the detection area. (at simulation time 302.100,000,000 s)
2024-06-04 00:13:10,371 INFO  - Sent broadcast CAM message to all vehicles (at simulation time 302.100,000,000 s)
2024-06-04 00:13:10,373 INFO  - Vehicle is outside the detection area. (at simulation time 302.200,000,000 s)
2024-06-04 00:13:10,373 INFO  - Sent broadcast CAM message to all vehicles (at simulation time 302.200,000,000 s)
2024-06-04 00:13:10,375 INFO  - Vehicle is outside the detection area. (at simulation time 302.300,000,000 s)
2024-06-04 00:13:10,375 INFO  - Sent broadcast CAM message to all vehicles (at simulation time 302.300,000,000 s)
2024-06-04 00:13:10,377 INFO  - Vehicle is outside the detection area. (at simulation time 302.400,000,000 s)
2024-06-04 00:13:10,377 INFO  - Sent broadcast CAM message to all vehicles (at simulation time 302.400,000,000 s)
2024-06-04 00:13:10,379 INFO  - Vehicle is outside the detection area. (at simulation time 302.500,000,000 s)
2024-06-04 00:13:10,379 INFO  - Sent broadcast CAM message to all vehicles (at simulation time 302.500,000,000 s)
2024-06-04 00:13:10,381 INFO  - Vehicle is outside the detection area. (at simulation time 302.600,000,000 s)
2024-06-04 00:13:10,381 INFO  - Sent broadcast CAM message to all vehicles (at simulation time 302.600,000,000 s)
2024-06-04 00:13:10,383 INFO  - Vehicle is outside the detection area. (at simulation time 302.700,000,000 s)
2024-06-04 00:13:10,383 INFO  - Sent broadcast CAM message to all vehicles (at simulation time 302.700,000,000 s)
2024-06-04 00:13:10,385 INFO  - Vehicle is outside the detection area. (at simulation time 302.800,000,000 s)
2024-06-04 00:13:10,385 INFO  - Sent broadcast CAM message to all vehicles (at simulation time 302.800,000,000 s)
2024-06-04 00:13:10,387 INFO  - Vehicle is outside the detection area. (at simulation time 302.900,000,000 s)
2024-06-04 00:13:10,387 INFO  - Sent broadcast CAM message to all vehicles (at simulation time 302.900,000,000 s)
2024-06-04 00:13:10,393 INFO  - Vehicle is inside the detection area. (at simulation time 303.000,000,000 s)
2024-06-04 00:13:10,393 INFO  - Vehicle is too far away from the traffic light. (at simulation time 303.000,000,000 s)
2024-06-04 00:13:10,393 INFO  - No vehicles in range. (at simulation time 303.000,000,000 s)
2024-06-04 00:13:10,393 INFO  - Neither the RSU nor any vehicle is in range. (at simulation time 303.000,000,000 s)
2024-06-04 00:13:10,393 INFO  - Sent broadcast CAM message to all vehicles (at simulation time 303.000,000,000 s)
2024-06-04 00:13:10,417 INFO  - Vehicle is inside the detection area. (at simulation time 303.100,000,000 s)
2024-06-04 00:13:10,417 INFO  - Vehicle is too far away from the traffic light. (at simulation time 303.100,000,000 s)
2024-06-04 00:13:10,417 INFO  - No vehicles in range. (at simulation time 303.100,000,000 s)
2024-06-04 00:13:10,417 INFO  - Neither the RSU nor any vehicle is in range. (at simulation time 303.100,000,000 s)
2024-06-04 00:13:10,417 INFO  - Sent broadcast CAM message to all vehicles (at simulation time 303.100,000,000 s)
2024-06-04 00:13:10,419 INFO  - Vehicle is inside the detection area. (at simulation time 303.200,000,000 s)
2024-06-04 00:13:10,419 INFO  - Vehicle is too far away from the traffic light. (at simulation time 303.200,000,000 s)
2024-06-04 00:13:10,419 INFO  - No vehicles in range. (at simulation time 303.200,000,000 s)
2024-06-04 00:13:10,419 INFO  - Neither the RSU nor any vehicle is in range. (at simulation time 303.200,000,000 s)
2024-06-04 00:13:10,419 INFO  - Sent broadcast CAM message to all vehicles (at simulation time 303.200,000,000 s)
2024-06-04 00:13:10,421 INFO  - Vehicle is inside the detection area. (at simulation time 303.300,000,000 s)
2024-06-04 00:13:10,421 INFO  - Vehicle is too far away from the traffic light. (at simulation time 303.300,000,000 s)
2024-06-04 00:13:10,421 INFO  - No vehicles in range. (at simulation time 303.300,000,000 s)
2024-06-04 00:13:10,421 INFO  - Neither the RSU nor any vehicle is in range. (at simulation time 303.300,000,000 s)
2024-06-04 00:13:10,421 INFO  - Sent broadcast CAM message to all vehicles (at simulation time 303.300,000,000 s)
2024-06-04 00:13:10,423 INFO  - Vehicle is inside the detection area. (at simulation time 303.400,000,000 s)
2024-06-04 00:13:10,423 INFO  - Vehicle is too far away from the traffic light. (at simulation time 303.400,000,000 s)
2024-06-04 00:13:10,423 INFO  - No vehicles in range. (at simulation time 303.400,000,000 s)
2024-06-04 00:13:10,423 INFO  - Neither the RSU nor any vehicle is in range. (at simulation time 303.400,000,000 s)
2024-06-04 00:13:10,423 INFO  - Sent broadcast CAM message to all vehicles (at simulation time 303.400,000,000 s)
2024-06-04 00:13:10,424 INFO  - Vehicle is inside the detection area. (at simulation time 303.500,000,000 s)
2024-06-04 00:13:10,424 INFO  - Vehicle is too far away from the traffic light. (at simulation time 303.500,000,000 s)
2024-06-04 00:13:10,424 INFO  - No vehicles in range. (at simulation time 303.500,000,000 s)
2024-06-04 00:13:10,424 INFO  - Neither the RSU nor any vehicle is in range. (at simulation time 303.500,000,000 s)
2024-06-04 00:13:10,424 INFO  - Sent broadcast CAM message to all vehicles (at simulation time 303.500,000,000 s)
2024-06-04 00:13:10,426 INFO  - Vehicle is inside the detection area. (at simulation time 303.600,000,000 s)
2024-06-04 00:13:10,426 INFO  - Vehicle is too far away from the traffic light. (at simulation time 303.600,000,000 s)
2024-06-04 00:13:10,426 INFO  - No vehicles in range. (at simulation time 303.600,000,000 s)
2024-06-04 00:13:10,426 INFO  - Neither the RSU nor any vehicle is in range. (at simulation time 303.600,000,000 s)
2024-06-04 00:13:10,426 INFO  - Sent broadcast CAM message to all vehicles (at simulation time 303.600,000,000 s)
2024-06-04 00:13:10,428 INFO  - Vehicle is inside the detection area. (at simulation time 303.700,000,000 s)
2024-06-04 00:13:10,428 INFO  - Vehicle is too far away from the traffic light. (at simulation time 303.700,000,000 s)
2024-06-04 00:13:10,428 INFO  - No vehicles in range. (at simulation time 303.700,000,000 s)
2024-06-04 00:13:10,428 INFO  - Neither the RSU nor any vehicle is in range. (at simulation time 303.700,000,000 s)
2024-06-04 00:13:10,428 INFO  - Sent broadcast CAM message to all vehicles (at simulation time 303.700,000,000 s)
2024-06-04 00:13:10,429 INFO  - Vehicle is inside the detection area. (at simulation time 303.800,000,000 s)
2024-06-04 00:13:10,429 INFO  - Vehicle is too far away from the traffic light. (at simulation time 303.800,000,000 s)
2024-06-04 00:13:10,429 INFO  - No vehicles in range. (at simulation time 303.800,000,000 s)
2024-06-04 00:13:10,429 INFO  - Neither the RSU nor any vehicle is in range. (at simulation time 303.800,000,000 s)
2024-06-04 00:13:10,429 INFO  - Sent broadcast CAM message to all vehicles (at simulation time 303.800,000,000 s)
2024-06-04 00:13:10,431 INFO  - Vehicle is inside the detection area. (at simulation time 303.900,000,000 s)
2024-06-04 00:13:10,431 INFO  - Vehicle is too far away from the traffic light. (at simulation time 303.900,000,000 s)
2024-06-04 00:13:10,431 INFO  - No vehicles in range. (at simulation time 303.900,000,000 s)
2024-06-04 00:13:10,431 INFO  - Neither the RSU nor any vehicle is in range. (at simulation time 303.900,000,000 s)
2024-06-04 00:13:10,431 INFO  - Sent broadcast CAM message to all vehicles (at simulation time 303.900,000,000 s)
2024-06-04 00:13:10,436 INFO  - Vehicle is inside the detection area. (at simulation time 304.000,000,000 s)
2024-06-04 00:13:10,436 INFO  - Vehicle is too far away from the traffic light. (at simulation time 304.000,000,000 s)
2024-06-04 00:13:10,436 INFO  - No vehicles in range. (at simulation time 304.000,000,000 s)
2024-06-04 00:13:10,436 INFO  - Neither the RSU nor any vehicle is in range. (at simulation time 304.000,000,000 s)
2024-06-04 00:13:10,436 INFO  - Sent broadcast CAM message to all vehicles (at simulation time 304.000,000,000 s)
2024-06-04 00:13:10,440 INFO  - Vehicle is inside the detection area. (at simulation time 304.100,000,000 s)
2024-06-04 00:13:10,440 INFO  - Vehicle is too far away from the traffic light. (at simulation time 304.100,000,000 s)
2024-06-04 00:13:10,440 INFO  - No vehicles in range. (at simulation time 304.100,000,000 s)
2024-06-04 00:13:10,440 INFO  - Neither the RSU nor any vehicle is in range. (at simulation time 304.100,000,000 s)
2024-06-04 00:13:10,440 INFO  - Sent broadcast CAM message to all vehicles (at simulation time 304.100,000,000 s)
2024-06-04 00:13:10,442 INFO  - Vehicle is inside the detection area. (at simulation time 304.200,000,000 s)
2024-06-04 00:13:10,442 INFO  - Vehicle is too far away from the traffic light. (at simulation time 304.200,000,000 s)
2024-06-04 00:13:10,442 INFO  - No vehicles in range. (at simulation time 304.200,000,000 s)
2024-06-04 00:13:10,442 INFO  - Neither the RSU nor any vehicle is in range. (at simulation time 304.200,000,000 s)
2024-06-04 00:13:10,442 INFO  - Sent broadcast CAM message to all vehicles (at simulation time 304.200,000,000 s)
2024-06-04 00:13:10,444 INFO  - Vehicle is inside the detection area. (at simulation time 304.300,000,000 s)
2024-06-04 00:13:10,444 INFO  - Vehicle is too far away from the traffic light. (at simulation time 304.300,000,000 s)
2024-06-04 00:13:10,444 INFO  - No vehicles in range. (at simulation time 304.300,000,000 s)
2024-06-04 00:13:10,444 INFO  - Neither the RSU nor any vehicle is in range. (at simulation time 304.300,000,000 s)
2024-06-04 00:13:10,444 INFO  - Sent broadcast CAM message to all vehicles (at simulation time 304.300,000,000 s)
2024-06-04 00:13:10,446 INFO  - Vehicle is inside the detection area. (at simulation time 304.400,000,000 s)
2024-06-04 00:13:10,446 INFO  - Vehicle is too far away from the traffic light. (at simulation time 304.400,000,000 s)
2024-06-04 00:13:10,446 INFO  - No vehicles in range. (at simulation time 304.400,000,000 s)
2024-06-04 00:13:10,446 INFO  - Neither the RSU nor any vehicle is in range. (at simulation time 304.400,000,000 s)
2024-06-04 00:13:10,446 INFO  - Sent broadcast CAM message to all vehicles (at simulation time 304.400,000,000 s)
2024-06-04 00:13:10,447 INFO  - Vehicle is inside the detection area. (at simulation time 304.500,000,000 s)
2024-06-04 00:13:10,447 INFO  - Vehicle is too far away from the traffic light. (at simulation time 304.500,000,000 s)
2024-06-04 00:13:10,447 INFO  - No vehicles in range. (at simulation time 304.500,000,000 s)
2024-06-04 00:13:10,447 INFO  - Neither the RSU nor any vehicle is in range. (at simulation time 304.500,000,000 s)
2024-06-04 00:13:10,447 INFO  - Sent broadcast CAM message to all vehicles (at simulation time 304.500,000,000 s)
2024-06-04 00:13:10,449 INFO  - Vehicle is inside the detection area. (at simulation time 304.600,000,000 s)
2024-06-04 00:13:10,449 INFO  - Vehicle is too far away from the traffic light. (at simulation time 304.600,000,000 s)
2024-06-04 00:13:10,449 INFO  - No vehicles in range. (at simulation time 304.600,000,000 s)
2024-06-04 00:13:10,449 INFO  - Neither the RSU nor any vehicle is in range. (at simulation time 304.600,000,000 s)
2024-06-04 00:13:10,449 INFO  - Sent broadcast CAM message to all vehicles (at simulation time 304.600,000,000 s)
2024-06-04 00:13:10,450 INFO  - Vehicle is inside the detection area. (at simulation time 304.700,000,000 s)
2024-06-04 00:13:10,450 INFO  - Vehicle is too far away from the traffic light. (at simulation time 304.700,000,000 s)
2024-06-04 00:13:10,450 INFO  - No vehicles in range. (at simulation time 304.700,000,000 s)
2024-06-04 00:13:10,450 INFO  - Neither the RSU nor any vehicle is in range. (at simulation time 304.700,000,000 s)
2024-06-04 00:13:10,450 INFO  - Sent broadcast CAM message to all vehicles (at simulation time 304.700,000,000 s)
2024-06-04 00:13:10,452 INFO  - Vehicle is inside the detection area. (at simulation time 304.800,000,000 s)
2024-06-04 00:13:10,452 INFO  - Vehicle is too far away from the traffic light. (at simulation time 304.800,000,000 s)
2024-06-04 00:13:10,452 INFO  - No vehicles in range. (at simulation time 304.800,000,000 s)
2024-06-04 00:13:10,452 INFO  - Neither the RSU nor any vehicle is in range. (at simulation time 304.800,000,000 s)
2024-06-04 00:13:10,452 INFO  - Sent broadcast CAM message to all vehicles (at simulation time 304.800,000,000 s)
2024-06-04 00:13:10,454 INFO  - Vehicle is inside the detection area. (at simulation time 304.900,000,000 s)
2024-06-04 00:13:10,454 INFO  - Vehicle is too far away from the traffic light. (at simulation time 304.900,000,000 s)
2024-06-04 00:13:10,454 INFO  - No vehicles in range. (at simulation time 304.900,000,000 s)
2024-06-04 00:13:10,454 INFO  - Neither the RSU nor any vehicle is in range. (at simulation time 304.900,000,000 s)
2024-06-04 00:13:10,454 INFO  - Sent broadcast CAM message to all vehicles (at simulation time 304.900,000,000 s)
2024-06-04 00:13:10,461 INFO  - Atempting to process queue (at simulation time 305.000,000,000 s)
2024-06-04 00:13:10,461 INFO  - Vehicle is inside the detection area. (at simulation time 305.000,000,000 s)
2024-06-04 00:13:10,461 INFO  - Sent Detection message to rsu_0 (at simulation time 305.000,000,000 s)
2024-06-04 00:13:10,461 INFO  - Sent broadcast CAM message to all vehicles (at simulation time 305.000,000,000 s)
2024-06-04 00:13:10,464 INFO  - Received CAM message from veh_114 (at simulation time 305.000,400,000 s)
2024-06-04 00:13:10,464 INFO  - Received CAM message from veh_78 (at simulation time 305.000,400,000 s)
2024-06-04 00:13:10,464 INFO  - Received CAM message from veh_81 (at simulation time 305.000,900,000 s)
2024-06-04 00:13:10,464 INFO  - Received CAM message from veh_117 (at simulation time 305.001,900,000 s)
2024-06-04 00:13:10,465 INFO  - Received CAM message from veh_105 (at simulation time 305.002,400,000 s)
2024-06-04 00:13:10,465 INFO  - Atempting to process queue (at simulation time 305.100,000,000 s)
2024-06-04 00:13:10,465 INFO  - Vehicle is inside the detection area. (at simulation time 305.100,000,000 s)
2024-06-04 00:13:10,465 INFO  - Sent Detection message to rsu_0 (at simulation time 305.100,000,000 s)
2024-06-04 00:13:10,465 INFO  - Sent broadcast CAM message to all vehicles (at simulation time 305.100,000,000 s)
2024-06-04 00:13:10,465 INFO  - Received CAM message from veh_117 (at simulation time 305.100,900,000 s)
2024-06-04 00:13:10,465 INFO  - Received CAM message from veh_105 (at simulation time 305.100,900,000 s)
2024-06-04 00:13:10,465 INFO  - Received CAM message from veh_78 (at simulation time 305.100,900,000 s)
2024-06-04 00:13:10,466 INFO  - Received CAM message from veh_114 (at simulation time 305.102,400,000 s)
2024-06-04 00:13:10,466 INFO  - Received CAM message from veh_81 (at simulation time 305.102,400,000 s)
2024-06-04 00:13:10,466 INFO  - Atempting to process queue (at simulation time 305.200,000,000 s)
2024-06-04 00:13:10,466 INFO  - Vehicle is inside the detection area. (at simulation time 305.200,000,000 s)
2024-06-04 00:13:10,466 INFO  - Sent Detection message to rsu_0 (at simulation time 305.200,000,000 s)
2024-06-04 00:13:10,466 INFO  - Sent broadcast CAM message to all vehicles (at simulation time 305.200,000,000 s)
2024-06-04 00:13:10,467 INFO  - Received CAM message from veh_117 (at simulation time 305.200,400,000 s)
2024-06-04 00:13:10,467 INFO  - Received CAM message from veh_78 (at simulation time 305.200,400,000 s)
2024-06-04 00:13:10,467 INFO  - Received CAM message from veh_81 (at simulation time 305.200,900,000 s)
2024-06-04 00:13:10,467 INFO  - Received CAM message from veh_105 (at simulation time 305.201,400,000 s)
2024-06-04 00:13:10,467 INFO  - Received CAM message from veh_114 (at simulation time 305.202,400,000 s)
2024-06-04 00:13:10,467 INFO  - Atempting to process queue (at simulation time 305.300,000,000 s)
2024-06-04 00:13:10,467 INFO  - Vehicle is inside the detection area. (at simulation time 305.300,000,000 s)
2024-06-04 00:13:10,467 INFO  - Sent Detection message to rsu_0 (at simulation time 305.300,000,000 s)
2024-06-04 00:13:10,467 INFO  - Sent broadcast CAM message to all vehicles (at simulation time 305.300,000,000 s)
2024-06-04 00:13:10,468 INFO  - Received CAM message from veh_114 (at simulation time 305.300,900,000 s)
2024-06-04 00:13:10,469 INFO  - Received CAM message from veh_105 (at simulation time 305.301,400,000 s)
2024-06-04 00:13:10,469 INFO  - Received CAM message from veh_81 (at simulation time 305.301,400,000 s)
2024-06-04 00:13:10,469 INFO  - Received CAM message from veh_117 (at simulation time 305.302,400,000 s)
2024-06-04 00:13:10,469 INFO  - Received CAM message from veh_78 (at simulation time 305.302,400,000 s)
2024-06-04 00:13:10,469 INFO  - Atempting to process queue (at simulation time 305.400,000,000 s)
2024-06-04 00:13:10,469 INFO  - Vehicle is inside the detection area. (at simulation time 305.400,000,000 s)
2024-06-04 00:13:10,469 INFO  - Sent Detection message to rsu_0 (at simulation time 305.400,000,000 s)
2024-06-04 00:13:10,469 INFO  - Sent broadcast CAM message to all vehicles (at simulation time 305.400,000,000 s)
2024-06-04 00:13:10,470 INFO  - Received CAM message from veh_117 (at simulation time 305.400,400,000 s)
2024-06-04 00:13:10,470 INFO  - Received CAM message from veh_81 (at simulation time 305.400,400,000 s)
2024-06-04 00:13:10,470 INFO  - Received CAM message from veh_78 (at simulation time 305.400,400,000 s)
2024-06-04 00:13:10,470 INFO  - Received CAM message from veh_114 (at simulation time 305.400,900,000 s)
2024-06-04 00:13:10,471 INFO  - Received CAM message from veh_105 (at simulation time 305.402,400,000 s)
2024-06-04 00:13:10,471 INFO  - Atempting to process queue (at simulation time 305.500,000,000 s)
2024-06-04 00:13:10,471 INFO  - Vehicle is inside the detection area. (at simulation time 305.500,000,000 s)
2024-06-04 00:13:10,471 INFO  - Sent Detection message to rsu_0 (at simulation time 305.500,000,000 s)
2024-06-04 00:13:10,471 INFO  - Sent broadcast CAM message to all vehicles (at simulation time 305.500,000,000 s)
2024-06-04 00:13:10,472 INFO  - Received CAM message from veh_78 (at simulation time 305.500,900,000 s)
2024-06-04 00:13:10,472 INFO  - Received CAM message from veh_114 (at simulation time 305.501,400,000 s)
2024-06-04 00:13:10,472 INFO  - Received CAM message from veh_81 (at simulation time 305.501,400,000 s)
2024-06-04 00:13:10,472 INFO  - Received CAM message from veh_117 (at simulation time 305.501,900,000 s)
2024-06-04 00:13:10,472 INFO  - Received CAM message from veh_105 (at simulation time 305.501,900,000 s)
2024-06-04 00:13:10,472 INFO  - Atempting to process queue (at simulation time 305.600,000,000 s)
2024-06-04 00:13:10,472 INFO  - Vehicle is inside the detection area. (at simulation time 305.600,000,000 s)
2024-06-04 00:13:10,472 INFO  - Sent Detection message to rsu_0 (at simulation time 305.600,000,000 s)
2024-06-04 00:13:10,472 INFO  - Sent broadcast CAM message to all vehicles (at simulation time 305.600,000,000 s)
2024-06-04 00:13:10,473 INFO  - Received CAM message from veh_105 (at simulation time 305.600,400,000 s)
2024-06-04 00:13:10,473 INFO  - Received CAM message from veh_81 (at simulation time 305.600,400,000 s)
2024-06-04 00:13:10,473 INFO  - Received CAM message from veh_78 (at simulation time 305.600,900,000 s)
2024-06-04 00:13:10,474 INFO  - Received CAM message from veh_117 (at simulation time 305.602,400,000 s)
2024-06-04 00:13:10,474 INFO  - Received CAM message from veh_114 (at simulation time 305.602,400,000 s)
2024-06-04 00:13:10,474 INFO  - Atempting to process queue (at simulation time 305.700,000,000 s)
2024-06-04 00:13:10,474 INFO  - Vehicle is inside the detection area. (at simulation time 305.700,000,000 s)
2024-06-04 00:13:10,474 INFO  - Sent Detection message to rsu_0 (at simulation time 305.700,000,000 s)
2024-06-04 00:13:10,474 INFO  - Sent broadcast CAM message to all vehicles (at simulation time 305.700,000,000 s)
2024-06-04 00:13:10,475 INFO  - Received CAM message from veh_114 (at simulation time 305.700,400,000 s)
2024-06-04 00:13:10,475 INFO  - Received CAM message from veh_105 (at simulation time 305.700,400,000 s)
2024-06-04 00:13:10,475 INFO  - Received CAM message from veh_81 (at simulation time 305.700,900,000 s)
2024-06-04 00:13:10,476 INFO  - Received CAM message from veh_117 (at simulation time 305.701,400,000 s)
2024-06-04 00:13:10,476 INFO  - Received CAM message from veh_78 (at simulation time 305.701,900,000 s)
2024-06-04 00:13:10,476 INFO  - Atempting to process queue (at simulation time 305.800,000,000 s)
2024-06-04 00:13:10,476 INFO  - Vehicle is inside the detection area. (at simulation time 305.800,000,000 s)
2024-06-04 00:13:10,476 INFO  - Sent Detection message to rsu_0 (at simulation time 305.800,000,000 s)
2024-06-04 00:13:10,476 INFO  - Sent broadcast CAM message to all vehicles (at simulation time 305.800,000,000 s)
2024-06-04 00:13:10,477 INFO  - Received CAM message from veh_114 (at simulation time 305.801,400,000 s)
2024-06-04 00:13:10,477 INFO  - Received CAM message from veh_105 (at simulation time 305.801,900,000 s)
2024-06-04 00:13:10,477 INFO  - Received CAM message from veh_81 (at simulation time 305.801,900,000 s)
2024-06-04 00:13:10,478 INFO  - Received CAM message from veh_78 (at simulation time 305.801,900,000 s)
2024-06-04 00:13:10,478 INFO  - Received CAM message from veh_117 (at simulation time 305.802,400,000 s)
2024-06-04 00:13:10,478 INFO  - Atempting to process queue (at simulation time 305.900,000,000 s)
2024-06-04 00:13:10,478 INFO  - Vehicle is inside the detection area. (at simulation time 305.900,000,000 s)
2024-06-04 00:13:10,478 INFO  - Sent Detection message to rsu_0 (at simulation time 305.900,000,000 s)
2024-06-04 00:13:10,478 INFO  - Sent broadcast CAM message to all vehicles (at simulation time 305.900,000,000 s)
2024-06-04 00:13:10,479 INFO  - Received CAM message from veh_117 (at simulation time 305.900,400,000 s)
2024-06-04 00:13:10,479 INFO  - Received CAM message from veh_78 (at simulation time 305.900,400,000 s)
2024-06-04 00:13:10,480 INFO  - Received CAM message from veh_114 (at simulation time 305.901,400,000 s)
2024-06-04 00:13:10,480 INFO  - Received CAM message from veh_105 (at simulation time 305.901,400,000 s)
2024-06-04 00:13:10,480 INFO  - Received CAM message from veh_81 (at simulation time 305.901,400,000 s)
2024-06-04 00:13:10,484 INFO  - Atempting to process queue (at simulation time 306.000,000,000 s)
2024-06-04 00:13:10,484 INFO  - Vehicle is inside the detection area. (at simulation time 306.000,000,000 s)
2024-06-04 00:13:10,484 INFO  - Sent Detection message to rsu_0 (at simulation time 306.000,000,000 s)
2024-06-04 00:13:10,484 INFO  - Sent broadcast CAM message to all vehicles (at simulation time 306.000,000,000 s)
2024-06-04 00:13:10,486 INFO  - Received CAM message from veh_117 (at simulation time 306.000,400,000 s)
2024-06-04 00:13:10,486 INFO  - Received CAM message from veh_78 (at simulation time 306.000,400,000 s)
2024-06-04 00:13:10,486 INFO  - Received CAM message from veh_120 (at simulation time 306.001,400,000 s)
2024-06-04 00:13:10,486 INFO  - Received CAM message from veh_81 (at simulation time 306.001,400,000 s)
2024-06-04 00:13:10,486 INFO  - Received CAM message from veh_105 (at simulation time 306.001,900,000 s)
2024-06-04 00:13:10,486 INFO  - Received CAM message from veh_114 (at simulation time 306.002,400,000 s)
2024-06-04 00:13:10,486 INFO  - Atempting to process queue (at simulation time 306.100,000,000 s)
2024-06-04 00:13:10,486 INFO  - Vehicle is inside the detection area. (at simulation time 306.100,000,000 s)
2024-06-04 00:13:10,486 INFO  - Sent Detection message to rsu_0 (at simulation time 306.100,000,000 s)
2024-06-04 00:13:10,486 INFO  - Sent broadcast CAM message to all vehicles (at simulation time 306.100,000,000 s)
2024-06-04 00:13:10,487 INFO  - Received CAM message from veh_78 (at simulation time 306.100,400,000 s)
2024-06-04 00:13:10,487 INFO  - Received CAM message from veh_81 (at simulation time 306.100,900,000 s)
2024-06-04 00:13:10,487 INFO  - Received CAM message from veh_114 (at simulation time 306.101,400,000 s)
2024-06-04 00:13:10,488 INFO  - Received CAM message from veh_117 (at simulation time 306.101,900,000 s)
2024-06-04 00:13:10,488 INFO  - Received CAM message from veh_120 (at simulation time 306.102,400,000 s)
2024-06-04 00:13:10,488 INFO  - Received CAM message from veh_105 (at simulation time 306.102,400,000 s)
2024-06-04 00:13:10,488 INFO  - Atempting to process queue (at simulation time 306.200,000,000 s)
2024-06-04 00:13:10,488 INFO  - Vehicle is inside the detection area. (at simulation time 306.200,000,000 s)
2024-06-04 00:13:10,488 INFO  - Sent Detection message to rsu_0 (at simulation time 306.200,000,000 s)
2024-06-04 00:13:10,488 INFO  - Sent broadcast CAM message to all vehicles (at simulation time 306.200,000,000 s)
2024-06-04 00:13:10,489 INFO  - Received CAM message from veh_114 (at simulation time 306.200,400,000 s)
2024-06-04 00:13:10,489 INFO  - Received CAM message from veh_117 (at simulation time 306.200,900,000 s)
2024-06-04 00:13:10,489 INFO  - Received CAM message from veh_78 (at simulation time 306.200,900,000 s)
2024-06-04 00:13:10,489 INFO  - Received CAM message from veh_105 (at simulation time 306.201,400,000 s)
2024-06-04 00:13:10,490 INFO  - Received CAM message from veh_120 (at simulation time 306.201,900,000 s)
2024-06-04 00:13:10,490 INFO  - Received CAM message from veh_81 (at simulation time 306.201,900,000 s)
2024-06-04 00:13:10,490 INFO  - Atempting to process queue (at simulation time 306.300,000,000 s)
2024-06-04 00:13:10,490 INFO  - Vehicle is inside the detection area. (at simulation time 306.300,000,000 s)
2024-06-04 00:13:10,490 INFO  - Sent Detection message to rsu_0 (at simulation time 306.300,000,000 s)
2024-06-04 00:13:10,490 INFO  - Sent broadcast CAM message to all vehicles (at simulation time 306.300,000,000 s)
2024-06-04 00:13:10,491 INFO  - Received CAM message from veh_114 (at simulation time 306.300,400,000 s)
2024-06-04 00:13:10,491 INFO  - Received CAM message from veh_81 (at simulation time 306.300,400,000 s)
2024-06-04 00:13:10,491 INFO  - Received CAM message from veh_78 (at simulation time 306.301,400,000 s)
2024-06-04 00:13:10,491 INFO  - Received CAM message from veh_120 (at simulation time 306.301,900,000 s)
2024-06-04 00:13:10,491 INFO  - Received CAM message from veh_117 (at simulation time 306.301,900,000 s)
2024-06-04 00:13:10,491 INFO  - Received CAM message from veh_105 (at simulation time 306.301,900,000 s)
2024-06-04 00:13:10,492 INFO  - Atempting to process queue (at simulation time 306.400,000,000 s)
2024-06-04 00:13:10,492 INFO  - Vehicle is inside the detection area. (at simulation time 306.400,000,000 s)
2024-06-04 00:13:10,492 INFO  - Sent Detection message to rsu_0 (at simulation time 306.400,000,000 s)
2024-06-04 00:13:10,492 INFO  - Sent broadcast CAM message to all vehicles (at simulation time 306.400,000,000 s)
2024-06-04 00:13:10,493 INFO  - Received CAM message from veh_120 (at simulation time 306.400,900,000 s)
2024-06-04 00:13:10,493 INFO  - Received CAM message from veh_114 (at simulation time 306.401,400,000 s)
2024-06-04 00:13:10,493 INFO  - Received CAM message from veh_105 (at simulation time 306.401,400,000 s)
2024-06-04 00:13:10,493 INFO  - Received CAM message from veh_81 (at simulation time 306.401,400,000 s)
2024-06-04 00:13:10,493 INFO  - Received CAM message from veh_78 (at simulation time 306.401,400,000 s)
2024-06-04 00:13:10,494 INFO  - Received CAM message from veh_117 (at simulation time 306.402,400,000 s)
2024-06-04 00:13:10,494 INFO  - Atempting to process queue (at simulation time 306.500,000,000 s)
2024-06-04 00:13:10,494 INFO  - Vehicle is inside the detection area. (at simulation time 306.500,000,000 s)
2024-06-04 00:13:10,494 INFO  - Sent Detection message to rsu_0 (at simulation time 306.500,000,000 s)
2024-06-04 00:13:10,494 INFO  - Sent broadcast CAM message to all vehicles (at simulation time 306.500,000,000 s)
2024-06-04 00:13:10,495 INFO  - Received CAM message from veh_120 (at simulation time 306.500,400,000 s)
2024-06-04 00:13:10,495 INFO  - Received CAM message from veh_78 (at simulation time 306.500,900,000 s)
2024-06-04 00:13:10,495 INFO  - Received CAM message from veh_117 (at simulation time 306.501,400,000 s)
2024-06-04 00:13:10,496 INFO  - Received CAM message from veh_114 (at simulation time 306.502,400,000 s)
2024-06-04 00:13:10,496 INFO  - Received CAM message from veh_105 (at simulation time 306.502,400,000 s)
2024-06-04 00:13:10,496 INFO  - Received CAM message from veh_81 (at simulation time 306.502,400,000 s)
2024-06-04 00:13:10,496 INFO  - Atempting to process queue (at simulation time 306.600,000,000 s)
2024-06-04 00:13:10,496 INFO  - Vehicle is inside the detection area. (at simulation time 306.600,000,000 s)
2024-06-04 00:13:10,496 INFO  - Sent Detection message to rsu_0 (at simulation time 306.600,000,000 s)
2024-06-04 00:13:10,496 INFO  - Sent broadcast CAM message to all vehicles (at simulation time 306.600,000,000 s)
2024-06-04 00:13:10,497 INFO  - Received CAM message from veh_114 (at simulation time 306.600,400,000 s)
2024-06-04 00:13:10,497 INFO  - Received CAM message from veh_81 (at simulation time 306.600,400,000 s)
2024-06-04 00:13:10,497 INFO  - Received CAM message from veh_117 (at simulation time 306.600,900,000 s)
2024-06-04 00:13:10,497 INFO  - Received CAM message from veh_120 (at simulation time 306.601,400,000 s)
2024-06-04 00:13:10,497 INFO  - Received CAM message from veh_105 (at simulation time 306.601,400,000 s)
2024-06-04 00:13:10,497 INFO  - Received CAM message from veh_78 (at simulation time 306.601,400,000 s)
2024-06-04 00:13:10,498 INFO  - Atempting to process queue (at simulation time 306.700,000,000 s)
2024-06-04 00:13:10,498 INFO  - Vehicle is inside the detection area. (at simulation time 306.700,000,000 s)
2024-06-04 00:13:10,498 INFO  - Sent Detection message to rsu_0 (at simulation time 306.700,000,000 s)
2024-06-04 00:13:10,498 INFO  - Sent broadcast CAM message to all vehicles (at simulation time 306.700,000,000 s)
2024-06-04 00:13:10,498 INFO  - Received CAM message from veh_120 (at simulation time 306.700,400,000 s)
2024-06-04 00:13:10,499 INFO  - Received CAM message from veh_114 (at simulation time 306.700,400,000 s)
2024-06-04 00:13:10,499 INFO  - Received CAM message from veh_105 (at simulation time 306.700,900,000 s)
2024-06-04 00:13:10,499 INFO  - Received CAM message from veh_117 (at simulation time 306.701,900,000 s)
2024-06-04 00:13:10,499 INFO  - Received CAM message from veh_81 (at simulation time 306.701,900,000 s)
2024-06-04 00:13:10,499 INFO  - Received CAM message from veh_78 (at simulation time 306.701,900,000 s)
2024-06-04 00:13:10,499 INFO  - Atempting to process queue (at simulation time 306.800,000,000 s)
2024-06-04 00:13:10,500 INFO  - Vehicle is inside the detection area. (at simulation time 306.800,000,000 s)
2024-06-04 00:13:10,500 INFO  - Sent Detection message to rsu_0 (at simulation time 306.800,000,000 s)
2024-06-04 00:13:10,500 INFO  - Sent broadcast CAM message to all vehicles (at simulation time 306.800,000,000 s)
2024-06-04 00:13:10,500 INFO  - Received CAM message from veh_114 (at simulation time 306.800,400,000 s)
2024-06-04 00:13:10,500 INFO  - Received CAM message from veh_120 (at simulation time 306.801,400,000 s)
2024-06-04 00:13:10,500 INFO  - Received CAM message from veh_105 (at simulation time 306.801,400,000 s)
2024-06-04 00:13:10,501 INFO  - Received CAM message from veh_81 (at simulation time 306.801,900,000 s)
2024-06-04 00:13:10,501 INFO  - Received CAM message from veh_117 (at simulation time 306.802,400,000 s)
2024-06-04 00:13:10,501 INFO  - Received CAM message from veh_78 (at simulation time 306.802,400,000 s)
2024-06-04 00:13:10,501 INFO  - Atempting to process queue (at simulation time 306.900,000,000 s)
2024-06-04 00:13:10,501 INFO  - Vehicle is inside the detection area. (at simulation time 306.900,000,000 s)
2024-06-04 00:13:10,501 INFO  - Sent Detection message to rsu_0 (at simulation time 306.900,000,000 s)
2024-06-04 00:13:10,501 INFO  - Sent broadcast CAM message to all vehicles (at simulation time 306.900,000,000 s)
2024-06-04 00:13:10,501 INFO  - Received CAM message from veh_117 (at simulation time 306.900,400,000 s)
2024-06-04 00:13:10,501 INFO  - Received CAM message from veh_105 (at simulation time 306.900,400,000 s)
2024-06-04 00:13:10,502 INFO  - Received CAM message from veh_78 (at simulation time 306.900,900,000 s)
2024-06-04 00:13:10,502 INFO  - Received CAM message from veh_120 (at simulation time 306.901,900,000 s)
2024-06-04 00:13:10,502 INFO  - Received CAM message from veh_81 (at simulation time 306.901,900,000 s)
2024-06-04 00:13:10,502 INFO  - Received CAM message from veh_114 (at simulation time 306.902,400,000 s)
2024-06-04 00:13:10,509 INFO  - Atempting to process queue (at simulation time 307.000,000,000 s)
2024-06-04 00:13:10,509 INFO  - Vehicle is outside the detection area. (at simulation time 307.000,000,000 s)
2024-06-04 00:13:10,509 INFO  - Sent broadcast CAM message to all vehicles (at simulation time 307.000,000,000 s)
2024-06-04 00:13:10,511 INFO  - Received CAM message from veh_120 (at simulation time 307.000,400,000 s)
2024-06-04 00:13:10,512 INFO  - Received CAM message from veh_117 (at simulation time 307.001,400,000 s)
2024-06-04 00:13:10,512 INFO  - Received CAM message from veh_105 (at simulation time 307.001,400,000 s)
2024-06-04 00:13:10,512 INFO  - Received CAM message from veh_123 (at simulation time 307.002,400,000 s)
2024-06-04 00:13:10,512 INFO  - Received CAM message from veh_114 (at simulation time 307.002,400,000 s)
2024-06-04 00:13:10,513 INFO  - Received CAM message from veh_81 (at simulation time 307.002,400,000 s)
2024-06-04 00:13:10,513 INFO  - Received CAM message from veh_78 (at simulation time 307.002,400,000 s)
2024-06-04 00:13:10,513 INFO  - Atempting to process queue (at simulation time 307.100,000,000 s)
2024-06-04 00:13:10,513 INFO  - Vehicle is outside the detection area. (at simulation time 307.100,000,000 s)
2024-06-04 00:13:10,513 INFO  - Sent broadcast CAM message to all vehicles (at simulation time 307.100,000,000 s)
2024-06-04 00:13:10,513 INFO  - Received CAM message from veh_114 (at simulation time 307.100,400,000 s)
2024-06-04 00:13:10,514 INFO  - Received CAM message from veh_81 (at simulation time 307.100,400,000 s)
2024-06-04 00:13:10,514 INFO  - Received CAM message from veh_123 (at simulation time 307.100,900,000 s)
2024-06-04 00:13:10,514 INFO  - Received CAM message from veh_117 (at simulation time 307.100,900,000 s)
2024-06-04 00:13:10,514 INFO  - Received CAM message from veh_120 (at simulation time 307.101,400,000 s)
2024-06-04 00:13:10,515 INFO  - Received CAM message from veh_105 (at simulation time 307.102,400,000 s)
2024-06-04 00:13:10,515 INFO  - Received CAM message from veh_78 (at simulation time 307.102,400,000 s)
2024-06-04 00:13:10,515 INFO  - Atempting to process queue (at simulation time 307.200,000,000 s)
2024-06-04 00:13:10,515 INFO  - Vehicle is outside the detection area. (at simulation time 307.200,000,000 s)
2024-06-04 00:13:10,515 INFO  - Sent broadcast CAM message to all vehicles (at simulation time 307.200,000,000 s)
2024-06-04 00:13:10,516 INFO  - Received CAM message from veh_120 (at simulation time 307.200,900,000 s)
2024-06-04 00:13:10,516 INFO  - Received CAM message from veh_114 (at simulation time 307.201,400,000 s)
2024-06-04 00:13:10,516 INFO  - Received CAM message from veh_81 (at simulation time 307.201,400,000 s)
2024-06-04 00:13:10,516 INFO  - Received CAM message from veh_78 (at simulation time 307.201,400,000 s)
2024-06-04 00:13:10,516 INFO  - Received CAM message from veh_123 (at simulation time 307.201,900,000 s)
2024-06-04 00:13:10,516 INFO  - Received CAM message from veh_117 (at simulation time 307.202,400,000 s)
2024-06-04 00:13:10,516 INFO  - Received CAM message from veh_105 (at simulation time 307.202,400,000 s)
2024-06-04 00:13:10,517 INFO  - Atempting to process queue (at simulation time 307.300,000,000 s)
2024-06-04 00:13:10,517 INFO  - Vehicle is outside the detection area. (at simulation time 307.300,000,000 s)
2024-06-04 00:13:10,517 INFO  - Sent broadcast CAM message to all vehicles (at simulation time 307.300,000,000 s)
2024-06-04 00:13:10,517 INFO  - Received CAM message from veh_117 (at simulation time 307.300,400,000 s)
2024-06-04 00:13:10,517 INFO  - Received CAM message from veh_105 (at simulation time 307.300,400,000 s)
2024-06-04 00:13:10,518 INFO  - Received CAM message from veh_114 (at simulation time 307.301,400,000 s)
2024-06-04 00:13:10,518 INFO  - Received CAM message from veh_78 (at simulation time 307.301,400,000 s)
2024-06-04 00:13:10,518 INFO  - Received CAM message from veh_123 (at simulation time 307.302,400,000 s)
2024-06-04 00:13:10,518 INFO  - Received CAM message from veh_120 (at simulation time 307.302,400,000 s)
2024-06-04 00:13:10,518 INFO  - Received CAM message from veh_81 (at simulation time 307.302,400,000 s)
2024-06-04 00:13:10,518 INFO  - Atempting to process queue (at simulation time 307.400,000,000 s)
2024-06-04 00:13:10,518 INFO  - Vehicle is outside the detection area. (at simulation time 307.400,000,000 s)
2024-06-04 00:13:10,518 INFO  - Sent broadcast CAM message to all vehicles (at simulation time 307.400,000,000 s)
2024-06-04 00:13:10,519 INFO  - Received CAM message from veh_117 (at simulation time 307.400,900,000 s)
2024-06-04 00:13:10,519 INFO  - Received CAM message from veh_78 (at simulation time 307.400,900,000 s)
2024-06-04 00:13:10,519 INFO  - Received CAM message from veh_105 (at simulation time 307.401,400,000 s)
2024-06-04 00:13:10,519 INFO  - Received CAM message from veh_114 (at simulation time 307.401,900,000 s)
2024-06-04 00:13:10,519 INFO  - Received CAM message from veh_81 (at simulation time 307.401,900,000 s)
2024-06-04 00:13:10,520 INFO  - Received CAM message from veh_123 (at simulation time 307.402,400,000 s)
2024-06-04 00:13:10,520 INFO  - Received CAM message from veh_120 (at simulation time 307.402,400,000 s)
2024-06-04 00:13:10,520 INFO  - Atempting to process queue (at simulation time 307.500,000,000 s)
2024-06-04 00:13:10,520 INFO  - Vehicle is outside the detection area. (at simulation time 307.500,000,000 s)
2024-06-04 00:13:10,520 INFO  - Sent broadcast CAM message to all vehicles (at simulation time 307.500,000,000 s)
2024-06-04 00:13:10,520 INFO  - Received CAM message from veh_120 (at simulation time 307.500,400,000 s)
2024-06-04 00:13:10,520 INFO  - Received CAM message from veh_117 (at simulation time 307.500,400,000 s)
2024-06-04 00:13:10,520 INFO  - Received CAM message from veh_78 (at simulation time 307.500,400,000 s)
2024-06-04 00:13:10,520 INFO  - Received CAM message from veh_123 (at simulation time 307.500,900,000 s)
2024-06-04 00:13:10,521 INFO  - Received CAM message from veh_114 (at simulation time 307.501,400,000 s)
2024-06-04 00:13:10,521 INFO  - Received CAM message from veh_81 (at simulation time 307.501,400,000 s)
2024-06-04 00:13:10,521 INFO  - Received CAM message from veh_105 (at simulation time 307.502,400,000 s)
2024-06-04 00:13:10,521 INFO  - Atempting to process queue (at simulation time 307.600,000,000 s)
2024-06-04 00:13:10,521 INFO  - Vehicle is outside the detection area. (at simulation time 307.600,000,000 s)
2024-06-04 00:13:10,521 INFO  - Sent broadcast CAM message to all vehicles (at simulation time 307.600,000,000 s)
2024-06-04 00:13:10,522 INFO  - Received CAM message from veh_114 (at simulation time 307.600,400,000 s)
2024-06-04 00:13:10,522 INFO  - Received CAM message from veh_78 (at simulation time 307.600,900,000 s)
2024-06-04 00:13:10,522 INFO  - Received CAM message from veh_120 (at simulation time 307.601,400,000 s)
2024-06-04 00:13:10,522 INFO  - Received CAM message from veh_105 (at simulation time 307.601,400,000 s)
2024-06-04 00:13:10,522 INFO  - Received CAM message from veh_81 (at simulation time 307.601,900,000 s)
2024-06-04 00:13:10,523 INFO  - Received CAM message from veh_123 (at simulation time 307.602,400,000 s)
2024-06-04 00:13:10,523 INFO  - Received CAM message from veh_117 (at simulation time 307.602,400,000 s)
2024-06-04 00:13:10,523 INFO  - Atempting to process queue (at simulation time 307.700,000,000 s)
2024-06-04 00:13:10,523 INFO  - Vehicle is outside the detection area. (at simulation time 307.700,000,000 s)
2024-06-04 00:13:10,523 INFO  - Sent broadcast CAM message to all vehicles (at simulation time 307.700,000,000 s)
2024-06-04 00:13:10,523 INFO  - Received CAM message from veh_120 (at simulation time 307.700,400,000 s)
2024-06-04 00:13:10,523 INFO  - Received CAM message from veh_78 (at simulation time 307.700,400,000 s)
2024-06-04 00:13:10,524 INFO  - Received CAM message from veh_123 (at simulation time 307.700,900,000 s)
2024-06-04 00:13:10,524 INFO  - Received CAM message from veh_105 (at simulation time 307.700,900,000 s)
2024-06-04 00:13:10,524 INFO  - Received CAM message from veh_114 (at simulation time 307.701,900,000 s)
2024-06-04 00:13:10,524 INFO  - Received CAM message from veh_81 (at simulation time 307.701,900,000 s)
2024-06-04 00:13:10,524 INFO  - Received CAM message from veh_117 (at simulation time 307.702,400,000 s)
2024-06-04 00:13:10,524 INFO  - Atempting to process queue (at simulation time 307.800,000,000 s)
2024-06-04 00:13:10,525 INFO  - Vehicle is outside the detection area. (at simulation time 307.800,000,000 s)
2024-06-04 00:13:10,525 INFO  - Sent broadcast CAM message to all vehicles (at simulation time 307.800,000,000 s)
2024-06-04 00:13:10,525 INFO  - Received CAM message from veh_120 (at simulation time 307.800,400,000 s)
2024-06-04 00:13:10,525 INFO  - Received CAM message from veh_81 (at simulation time 307.800,400,000 s)
2024-06-04 00:13:10,526 INFO  - Received CAM message from veh_78 (at simulation time 307.801,400,000 s)
2024-06-04 00:13:10,526 INFO  - Received CAM message from veh_114 (at simulation time 307.801,900,000 s)
2024-06-04 00:13:10,526 INFO  - Received CAM message from veh_123 (at simulation time 307.802,400,000 s)
2024-06-04 00:13:10,526 INFO  - Received CAM message from veh_117 (at simulation time 307.802,400,000 s)
2024-06-04 00:13:10,526 INFO  - Received CAM message from veh_105 (at simulation time 307.802,400,000 s)
2024-06-04 00:13:10,526 INFO  - Atempting to process queue (at simulation time 307.900,000,000 s)
2024-06-04 00:13:10,526 INFO  - Vehicle is outside the detection area. (at simulation time 307.900,000,000 s)
2024-06-04 00:13:10,526 INFO  - Sent broadcast CAM message to all vehicles (at simulation time 307.900,000,000 s)
2024-06-04 00:13:10,527 INFO  - Received CAM message from veh_120 (at simulation time 307.900,400,000 s)
2024-06-04 00:13:10,527 INFO  - Received CAM message from veh_114 (at simulation time 307.900,400,000 s)
2024-06-04 00:13:10,527 INFO  - Received CAM message from veh_123 (at simulation time 307.900,900,000 s)
2024-06-04 00:13:10,527 INFO  - Received CAM message from veh_81 (at simulation time 307.900,900,000 s)
2024-06-04 00:13:10,528 INFO  - Received CAM message from veh_117 (at simulation time 307.901,900,000 s)
2024-06-04 00:13:10,528 INFO  - Received CAM message from veh_105 (at simulation time 307.901,900,000 s)
2024-06-04 00:13:10,528 INFO  - Received CAM message from veh_78 (at simulation time 307.902,400,000 s)
2024-06-04 00:13:10,532 INFO  - Atempting to process queue (at simulation time 308.000,000,000 s)
2024-06-04 00:13:10,532 INFO  - Vehicle is outside the detection area. (at simulation time 308.000,000,000 s)
2024-06-04 00:13:10,532 INFO  - Sent broadcast CAM message to all vehicles (at simulation time 308.000,000,000 s)
2024-06-04 00:13:10,533 INFO  - Received CAM message from veh_105 (at simulation time 308.000,400,000 s)
2024-06-04 00:13:10,533 INFO  - Received CAM message from veh_78 (at simulation time 308.000,400,000 s)
2024-06-04 00:13:10,533 INFO  - Received CAM message from veh_123 (at simulation time 308.000,900,000 s)
2024-06-04 00:13:10,533 INFO  - Received CAM message from veh_120 (at simulation time 308.000,900,000 s)
2024-06-04 00:13:10,533 INFO  - Received CAM message from veh_117 (at simulation time 308.001,400,000 s)
2024-06-04 00:13:10,533 INFO  - Received CAM message from veh_114 (at simulation time 308.001,400,000 s)
2024-06-04 00:13:10,533 INFO  - Received CAM message from veh_81 (at simulation time 308.001,400,000 s)
2024-06-04 00:13:10,534 INFO  - Atempting to process queue (at simulation time 308.100,000,000 s)
2024-06-04 00:13:10,534 INFO  - Vehicle is outside the detection area. (at simulation time 308.100,000,000 s)
2024-06-04 00:13:10,534 INFO  - Sent broadcast CAM message to all vehicles (at simulation time 308.100,000,000 s)
2024-06-04 00:13:10,534 INFO  - Received CAM message from veh_120 (at simulation time 308.100,400,000 s)
2024-06-04 00:13:10,534 INFO  - Received CAM message from veh_81 (at simulation time 308.100,900,000 s)
2024-06-04 00:13:10,535 INFO  - Received CAM message from veh_123 (at simulation time 308.101,900,000 s)
2024-06-04 00:13:10,535 INFO  - Received CAM message from veh_117 (at simulation time 308.102,400,000 s)
2024-06-04 00:13:10,535 INFO  - Received CAM message from veh_114 (at simulation time 308.102,400,000 s)
2024-06-04 00:13:10,535 INFO  - Received CAM message from veh_105 (at simulation time 308.102,400,000 s)
2024-06-04 00:13:10,535 INFO  - Received CAM message from veh_78 (at simulation time 308.102,400,000 s)
2024-06-04 00:13:10,535 INFO  - Atempting to process queue (at simulation time 308.200,000,000 s)
2024-06-04 00:13:10,535 INFO  - Vehicle is outside the detection area. (at simulation time 308.200,000,000 s)
2024-06-04 00:13:10,535 INFO  - Sent broadcast CAM message to all vehicles (at simulation time 308.200,000,000 s)
2024-06-04 00:13:10,536 INFO  - Received CAM message from veh_81 (at simulation time 308.200,400,000 s)
2024-06-04 00:13:10,536 INFO  - Received CAM message from veh_120 (at simulation time 308.200,900,000 s)
2024-06-04 00:13:10,536 INFO  - Received CAM message from veh_114 (at simulation time 308.200,900,000 s)
2024-06-04 00:13:10,536 INFO  - Received CAM message from veh_78 (at simulation time 308.200,900,000 s)
2024-06-04 00:13:10,536 INFO  - Received CAM message from veh_123 (at simulation time 308.201,900,000 s)
2024-06-04 00:13:10,536 INFO  - Received CAM message from veh_117 (at simulation time 308.201,900,000 s)
2024-06-04 00:13:10,536 INFO  - Received CAM message from veh_105 (at simulation time 308.201,900,000 s)
2024-06-04 00:13:10,536 INFO  - Atempting to process queue (at simulation time 308.300,000,000 s)
2024-06-04 00:13:10,536 INFO  - Vehicle is outside the detection area. (at simulation time 308.300,000,000 s)
2024-06-04 00:13:10,536 INFO  - Sent broadcast CAM message to all vehicles (at simulation time 308.300,000,000 s)
2024-06-04 00:13:10,537 INFO  - Received CAM message from veh_120 (at simulation time 308.300,400,000 s)
2024-06-04 00:13:10,537 INFO  - Received CAM message from veh_117 (at simulation time 308.300,900,000 s)
2024-06-04 00:13:10,537 INFO  - Received CAM message from veh_114 (at simulation time 308.300,900,000 s)
2024-06-04 00:13:10,537 INFO  - Received CAM message from veh_123 (at simulation time 308.301,400,000 s)
2024-06-04 00:13:10,537 INFO  - Received CAM message from veh_105 (at simulation time 308.301,400,000 s)
2024-06-04 00:13:10,537 INFO  - Received CAM message from veh_81 (at simulation time 308.301,400,000 s)
2024-06-04 00:13:10,538 INFO  - Received CAM message from veh_78 (at simulation time 308.302,400,000 s)
2024-06-04 00:13:10,538 INFO  - Atempting to process queue (at simulation time 308.400,000,000 s)
2024-06-04 00:13:10,538 INFO  - Vehicle is outside the detection area. (at simulation time 308.400,000,000 s)
2024-06-04 00:13:10,538 INFO  - Sent broadcast CAM message to all vehicles (at simulation time 308.400,000,000 s)
2024-06-04 00:13:10,538 INFO  - Received CAM message from veh_123 (at simulation time 308.400,400,000 s)
2024-06-04 00:13:10,538 INFO  - Received CAM message from veh_117 (at simulation time 308.400,400,000 s)
2024-06-04 00:13:10,539 INFO  - Received CAM message from veh_81 (at simulation time 308.400,400,000 s)
2024-06-04 00:13:10,539 INFO  - Received CAM message from veh_78 (at simulation time 308.400,400,000 s)
2024-06-04 00:13:10,539 INFO  - Received CAM message from veh_120 (at simulation time 308.400,900,000 s)
2024-06-04 00:13:10,539 INFO  - Received CAM message from veh_114 (at simulation time 308.400,900,000 s)
2024-06-04 00:13:10,539 INFO  - Received CAM message from veh_105 (at simulation time 308.402,400,000 s)
2024-06-04 00:13:10,539 INFO  - Atempting to process queue (at simulation time 308.500,000,000 s)
2024-06-04 00:13:10,539 INFO  - Vehicle is outside the detection area. (at simulation time 308.500,000,000 s)
2024-06-04 00:13:10,539 INFO  - Sent broadcast CAM message to all vehicles (at simulation time 308.500,000,000 s)
2024-06-04 00:13:10,540 INFO  - Received CAM message from veh_123 (at simulation time 308.500,900,000 s)
2024-06-04 00:13:10,540 INFO  - Received CAM message from veh_117 (at simulation time 308.500,900,000 s)
2024-06-04 00:13:10,540 INFO  - Received CAM message from veh_114 (at simulation time 308.500,900,000 s)
2024-06-04 00:13:10,540 INFO  - Received CAM message from veh_120 (at simulation time 308.501,400,000 s)
2024-06-04 00:13:10,540 INFO  - Received CAM message from veh_81 (at simulation time 308.501,400,000 s)
2024-06-04 00:13:10,540 INFO  - Received CAM message from veh_105 (at simulation time 308.501,900,000 s)
2024-06-04 00:13:10,541 INFO  - Received CAM message from veh_78 (at simulation time 308.502,400,000 s)
2024-06-04 00:13:10,541 INFO  - Atempting to process queue (at simulation time 308.600,000,000 s)
2024-06-04 00:13:10,541 INFO  - Vehicle is outside the detection area. (at simulation time 308.600,000,000 s)
2024-06-04 00:13:10,541 INFO  - Sent broadcast CAM message to all vehicles (at simulation time 308.600,000,000 s)
2024-06-04 00:13:10,541 INFO  - Received CAM message from veh_78 (at simulation time 308.600,400,000 s)
2024-06-04 00:13:10,541 INFO  - Received CAM message from veh_123 (at simulation time 308.600,900,000 s)
2024-06-04 00:13:10,542 INFO  - Received CAM message from veh_120 (at simulation time 308.601,400,000 s)
2024-06-04 00:13:10,542 INFO  - Received CAM message from veh_117 (at simulation time 308.601,400,000 s)
2024-06-04 00:13:10,542 INFO  - Received CAM message from veh_81 (at simulation time 308.601,400,000 s)
2024-06-04 00:13:10,542 INFO  - Received CAM message from veh_114 (at simulation time 308.601,900,000 s)
2024-06-04 00:13:10,542 INFO  - Received CAM message from veh_105 (at simulation time 308.602,400,000 s)
2024-06-04 00:13:10,542 INFO  - Atempting to process queue (at simulation time 308.700,000,000 s)
2024-06-04 00:13:10,542 INFO  - Vehicle is outside the detection area. (at simulation time 308.700,000,000 s)
2024-06-04 00:13:10,542 INFO  - Sent broadcast CAM message to all vehicles (at simulation time 308.700,000,000 s)
2024-06-04 00:13:10,543 INFO  - Received CAM message from veh_123 (at simulation time 308.700,900,000 s)
2024-06-04 00:13:10,543 INFO  - Received CAM message from veh_120 (at simulation time 308.701,400,000 s)
2024-06-04 00:13:10,543 INFO  - Received CAM message from veh_117 (at simulation time 308.701,400,000 s)
2024-06-04 00:13:10,543 INFO  - Received CAM message from veh_114 (at simulation time 308.701,400,000 s)
2024-06-04 00:13:10,543 INFO  - Received CAM message from veh_105 (at simulation time 308.701,400,000 s)
2024-06-04 00:13:10,543 INFO  - Received CAM message from veh_81 (at simulation time 308.701,900,000 s)
2024-06-04 00:13:10,544 INFO  - Received CAM message from veh_78 (at simulation time 308.702,400,000 s)
2024-06-04 00:13:10,544 INFO  - Atempting to process queue (at simulation time 308.800,000,000 s)
2024-06-04 00:13:10,544 INFO  - Vehicle is outside the detection area. (at simulation time 308.800,000,000 s)
2024-06-04 00:13:10,544 INFO  - Sent broadcast CAM message to all vehicles (at simulation time 308.800,000,000 s)
2024-06-04 00:13:10,545 INFO  - Received CAM message from veh_120 (at simulation time 308.800,400,000 s)
2024-06-04 00:13:10,545 INFO  - Received CAM message from veh_78 (at simulation time 308.800,400,000 s)
2024-06-04 00:13:10,545 INFO  - Received CAM message from veh_114 (at simulation time 308.800,900,000 s)
2024-06-04 00:13:10,545 INFO  - Received CAM message from veh_105 (at simulation time 308.800,900,000 s)
2024-06-04 00:13:10,545 INFO  - Received CAM message from veh_123 (at simulation time 308.801,900,000 s)
2024-06-04 00:13:10,545 INFO  - Received CAM message from veh_117 (at simulation time 308.801,900,000 s)
2024-06-04 00:13:10,545 INFO  - Received CAM message from veh_81 (at simulation time 308.802,400,000 s)
2024-06-04 00:13:10,545 INFO  - Atempting to process queue (at simulation time 308.900,000,000 s)
2024-06-04 00:13:10,545 INFO  - Vehicle is outside the detection area. (at simulation time 308.900,000,000 s)
2024-06-04 00:13:10,545 INFO  - Sent broadcast CAM message to all vehicles (at simulation time 308.900,000,000 s)
2024-06-04 00:13:10,546 INFO  - Received CAM message from veh_120 (at simulation time 308.900,400,000 s)
2024-06-04 00:13:10,546 INFO  - Received CAM message from veh_114 (at simulation time 308.900,400,000 s)
2024-06-04 00:13:10,547 INFO  - Received CAM message from veh_105 (at simulation time 308.901,400,000 s)
2024-06-04 00:13:10,547 INFO  - Received CAM message from veh_81 (at simulation time 308.901,400,000 s)
2024-06-04 00:13:10,547 INFO  - Received CAM message from veh_123 (at simulation time 308.901,900,000 s)
2024-06-04 00:13:10,547 INFO  - Received CAM message from veh_117 (at simulation time 308.902,400,000 s)
2024-06-04 00:13:10,547 INFO  - Received CAM message from veh_78 (at simulation time 308.902,400,000 s)
2024-06-04 00:13:10,551 INFO  - Atempting to process queue (at simulation time 309.000,000,000 s)
2024-06-04 00:13:10,551 INFO  - Vehicle is outside the detection area. (at simulation time 309.000,000,000 s)
2024-06-04 00:13:10,551 INFO  - Sent broadcast CAM message to all vehicles (at simulation time 309.000,000,000 s)
2024-06-04 00:13:10,552 INFO  - Received CAM message from veh_81 (at simulation time 309.000,400,000 s)
2024-06-04 00:13:10,552 INFO  - Received CAM message from veh_120 (at simulation time 309.000,900,000 s)
2024-06-04 00:13:10,552 INFO  - Received CAM message from veh_117 (at simulation time 309.000,900,000 s)
2024-06-04 00:13:10,552 INFO  - Received CAM message from veh_105 (at simulation time 309.000,900,000 s)
2024-06-04 00:13:10,552 INFO  - Received CAM message from veh_78 (at simulation time 309.000,900,000 s)
2024-06-04 00:13:10,553 INFO  - Received CAM message from veh_114 (at simulation time 309.001,400,000 s)
2024-06-04 00:13:10,553 INFO  - Atempting to process queue (at simulation time 309.100,000,000 s)
2024-06-04 00:13:10,553 INFO  - Vehicle is outside the detection area. (at simulation time 309.100,000,000 s)
2024-06-04 00:13:10,553 INFO  - Sent broadcast CAM message to all vehicles (at simulation time 309.100,000,000 s)
2024-06-04 00:13:10,553 INFO  - Received CAM message from veh_105 (at simulation time 309.100,400,000 s)
2024-06-04 00:13:10,554 INFO  - Received CAM message from veh_120 (at simulation time 309.100,900,000 s)
2024-06-04 00:13:10,554 INFO  - Received CAM message from veh_117 (at simulation time 309.100,900,000 s)
2024-06-04 00:13:10,554 INFO  - Received CAM message from veh_114 (at simulation time 309.100,900,000 s)
2024-06-04 00:13:10,554 INFO  - Received CAM message from veh_78 (at simulation time 309.101,400,000 s)
2024-06-04 00:13:10,554 INFO  - Received CAM message from veh_81 (at simulation time 309.101,900,000 s)
2024-06-04 00:13:10,554 INFO  - Atempting to process queue (at simulation time 309.200,000,000 s)
2024-06-04 00:13:10,554 INFO  - Vehicle is outside the detection area. (at simulation time 309.200,000,000 s)
2024-06-04 00:13:10,554 INFO  - Sent broadcast CAM message to all vehicles (at simulation time 309.200,000,000 s)
2024-06-04 00:13:10,555 INFO  - Received CAM message from veh_120 (at simulation time 309.200,400,000 s)
2024-06-04 00:13:10,555 INFO  - Received CAM message from veh_114 (at simulation time 309.200,400,000 s)
2024-06-04 00:13:10,555 INFO  - Received CAM message from veh_81 (at simulation time 309.200,400,000 s)
2024-06-04 00:13:10,555 INFO  - Received CAM message from veh_105 (at simulation time 309.201,400,000 s)
2024-06-04 00:13:10,555 INFO  - Received CAM message from veh_117 (at simulation time 309.201,900,000 s)
2024-06-04 00:13:10,556 INFO  - Received CAM message from veh_78 (at simulation time 309.201,900,000 s)
2024-06-04 00:13:10,556 INFO  - Atempting to process queue (at simulation time 309.300,000,000 s)
2024-06-04 00:13:10,556 INFO  - Vehicle is outside the detection area. (at simulation time 309.300,000,000 s)
2024-06-04 00:13:10,556 INFO  - Sent broadcast CAM message to all vehicles (at simulation time 309.300,000,000 s)
2024-06-04 00:13:10,556 INFO  - Received CAM message from veh_120 (at simulation time 309.300,400,000 s)
2024-06-04 00:13:10,556 INFO  - Received CAM message from veh_78 (at simulation time 309.300,400,000 s)
2024-06-04 00:13:10,557 INFO  - Received CAM message from veh_117 (at simulation time 309.301,400,000 s)
2024-06-04 00:13:10,557 INFO  - Received CAM message from veh_81 (at simulation time 309.301,900,000 s)
2024-06-04 00:13:10,557 INFO  - Received CAM message from veh_114 (at simulation time 309.302,400,000 s)
2024-06-04 00:13:10,557 INFO  - Received CAM message from veh_105 (at simulation time 309.302,400,000 s)
2024-06-04 00:13:10,557 INFO  - Atempting to process queue (at simulation time 309.400,000,000 s)
2024-06-04 00:13:10,557 INFO  - Vehicle is outside the detection area. (at simulation time 309.400,000,000 s)
2024-06-04 00:13:10,557 INFO  - Sent broadcast CAM message to all vehicles (at simulation time 309.400,000,000 s)
2024-06-04 00:13:10,558 INFO  - Received CAM message from veh_117 (at simulation time 309.400,400,000 s)
2024-06-04 00:13:10,558 INFO  - Received CAM message from veh_120 (at simulation time 309.400,900,000 s)
2024-06-04 00:13:10,559 INFO  - Received CAM message from veh_114 (at simulation time 309.401,900,000 s)
2024-06-04 00:13:10,559 INFO  - Received CAM message from veh_81 (at simulation time 309.401,900,000 s)
2024-06-04 00:13:10,559 INFO  - Received CAM message from veh_105 (at simulation time 309.402,400,000 s)
2024-06-04 00:13:10,559 INFO  - Received CAM message from veh_78 (at simulation time 309.402,400,000 s)
2024-06-04 00:13:10,559 INFO  - Atempting to process queue (at simulation time 309.500,000,000 s)
2024-06-04 00:13:10,559 INFO  - Vehicle is outside the detection area. (at simulation time 309.500,000,000 s)
2024-06-04 00:13:10,559 INFO  - Sent broadcast CAM message to all vehicles (at simulation time 309.500,000,000 s)
2024-06-04 00:13:10,560 INFO  - Received CAM message from veh_120 (at simulation time 309.500,400,000 s)
2024-06-04 00:13:10,560 INFO  - Received CAM message from veh_114 (at simulation time 309.500,900,000 s)
2024-06-04 00:13:10,560 INFO  - Received CAM message from veh_81 (at simulation time 309.500,900,000 s)
2024-06-04 00:13:10,560 INFO  - Received CAM message from veh_78 (at simulation time 309.500,900,000 s)
2024-06-04 00:13:10,560 INFO  - Received CAM message from veh_105 (at simulation time 309.501,400,000 s)
2024-06-04 00:13:10,560 INFO  - Received CAM message from veh_117 (at simulation time 309.501,900,000 s)
2024-06-04 00:13:10,560 INFO  - Atempting to process queue (at simulation time 309.600,000,000 s)
2024-06-04 00:13:10,560 INFO  - Vehicle is outside the detection area. (at simulation time 309.600,000,000 s)
2024-06-04 00:13:10,560 INFO  - Sent broadcast CAM message to all vehicles (at simulation time 309.600,000,000 s)
2024-06-04 00:13:10,561 INFO  - Received CAM message from veh_105 (at simulation time 309.600,900,000 s)
2024-06-04 00:13:10,562 INFO  - Received CAM message from veh_114 (at simulation time 309.601,400,000 s)
2024-06-04 00:13:10,562 INFO  - Received CAM message from veh_81 (at simulation time 309.601,900,000 s)
2024-06-04 00:13:10,562 INFO  - Received CAM message from veh_120 (at simulation time 309.602,400,000 s)
2024-06-04 00:13:10,562 INFO  - Received CAM message from veh_117 (at simulation time 309.602,400,000 s)
2024-06-04 00:13:10,562 INFO  - Received CAM message from veh_78 (at simulation time 309.602,400,000 s)
2024-06-04 00:13:10,562 INFO  - Atempting to process queue (at simulation time 309.700,000,000 s)
2024-06-04 00:13:10,562 INFO  - Vehicle is outside the detection area. (at simulation time 309.700,000,000 s)
2024-06-04 00:13:10,562 INFO  - Sent broadcast CAM message to all vehicles (at simulation time 309.700,000,000 s)
2024-06-04 00:13:10,563 INFO  - Received CAM message from veh_114 (at simulation time 309.700,400,000 s)
2024-06-04 00:13:10,563 INFO  - Received CAM message from veh_81 (at simulation time 309.700,400,000 s)
2024-06-04 00:13:10,564 INFO  - Received CAM message from veh_78 (at simulation time 309.700,900,000 s)
2024-06-04 00:13:10,564 INFO  - Received CAM message from veh_120 (at simulation time 309.701,900,000 s)
2024-06-04 00:13:10,564 INFO  - Received CAM message from veh_117 (at simulation time 309.702,400,000 s)
2024-06-04 00:13:10,564 INFO  - Received CAM message from veh_105 (at simulation time 309.702,400,000 s)
2024-06-04 00:13:10,564 INFO  - Atempting to process queue (at simulation time 309.800,000,000 s)
2024-06-04 00:13:10,564 INFO  - Vehicle is outside the detection area. (at simulation time 309.800,000,000 s)
2024-06-04 00:13:10,564 INFO  - Sent broadcast CAM message to all vehicles (at simulation time 309.800,000,000 s)
2024-06-04 00:13:10,565 INFO  - Received CAM message from veh_120 (at simulation time 309.800,400,000 s)
2024-06-04 00:13:10,565 INFO  - Received CAM message from veh_114 (at simulation time 309.800,400,000 s)
2024-06-04 00:13:10,565 INFO  - Received CAM message from veh_81 (at simulation time 309.800,400,000 s)
2024-06-04 00:13:10,565 INFO  - Received CAM message from veh_117 (at simulation time 309.800,900,000 s)
2024-06-04 00:13:10,565 INFO  - Received CAM message from veh_105 (at simulation time 309.800,900,000 s)
2024-06-04 00:13:10,566 INFO  - Received CAM message from veh_78 (at simulation time 309.801,900,000 s)
2024-06-04 00:13:10,566 INFO  - Atempting to process queue (at simulation time 309.900,000,000 s)
2024-06-04 00:13:10,566 INFO  - Vehicle is outside the detection area. (at simulation time 309.900,000,000 s)
2024-06-04 00:13:10,566 INFO  - Sent broadcast CAM message to all vehicles (at simulation time 309.900,000,000 s)
2024-06-04 00:13:10,566 INFO  - Received CAM message from veh_117 (at simulation time 309.900,400,000 s)
2024-06-04 00:13:10,567 INFO  - Received CAM message from veh_114 (at simulation time 309.900,900,000 s)
2024-06-04 00:13:10,567 INFO  - Received CAM message from veh_105 (at simulation time 309.900,900,000 s)
2024-06-04 00:13:10,567 INFO  - Received CAM message from veh_120 (at simulation time 309.901,400,000 s)
2024-06-04 00:13:10,567 INFO  - Received CAM message from veh_78 (at simulation time 309.901,400,000 s)
2024-06-04 00:13:10,567 INFO  - Received CAM message from veh_81 (at simulation time 309.902,400,000 s)
2024-06-04 00:13:10,570 INFO  - Atempting to process queue (at simulation time 310.000,000,000 s)
2024-06-04 00:13:10,570 INFO  - Vehicle is outside the detection area. (at simulation time 310.000,000,000 s)
2024-06-04 00:13:10,570 INFO  - Sent broadcast CAM message to all vehicles (at simulation time 310.000,000,000 s)
2024-06-04 00:13:10,571 INFO  - Received CAM message from veh_114 (at simulation time 310.000,400,000 s)
2024-06-04 00:13:10,571 INFO  - Received CAM message from veh_78 (at simulation time 310.000,400,000 s)
2024-06-04 00:13:10,572 INFO  - Received CAM message from veh_105 (at simulation time 310.002,400,000 s)
2024-06-04 00:13:10,572 INFO  - Atempting to process queue (at simulation time 310.100,000,000 s)
2024-06-04 00:13:10,572 INFO  - Vehicle is outside the detection area. (at simulation time 310.100,000,000 s)
2024-06-04 00:13:10,572 INFO  - Sent broadcast CAM message to all vehicles (at simulation time 310.100,000,000 s)
2024-06-04 00:13:10,573 INFO  - Received CAM message from veh_78 (at simulation time 310.101,900,000 s)
2024-06-04 00:13:10,573 INFO  - Received CAM message from veh_114 (at simulation time 310.102,400,000 s)
2024-06-04 00:13:10,573 INFO  - Received CAM message from veh_105 (at simulation time 310.102,400,000 s)
2024-06-04 00:13:10,573 INFO  - Atempting to process queue (at simulation time 310.200,000,000 s)
2024-06-04 00:13:10,573 INFO  - Vehicle is outside the detection area. (at simulation time 310.200,000,000 s)
2024-06-04 00:13:10,573 INFO  - Sent broadcast CAM message to all vehicles (at simulation time 310.200,000,000 s)
2024-06-04 00:13:10,574 INFO  - Received CAM message from veh_105 (at simulation time 310.200,400,000 s)
2024-06-04 00:13:10,574 INFO  - Received CAM message from veh_114 (at simulation time 310.201,400,000 s)
2024-06-04 00:13:10,575 INFO  - Received CAM message from veh_78 (at simulation time 310.201,400,000 s)
2024-06-04 00:13:10,575 INFO  - Atempting to process queue (at simulation time 310.300,000,000 s)
2024-06-04 00:13:10,575 INFO  - Vehicle is outside the detection area. (at simulation time 310.300,000,000 s)
2024-06-04 00:13:10,575 INFO  - Sent broadcast CAM message to all vehicles (at simulation time 310.300,000,000 s)
2024-06-04 00:13:10,576 INFO  - Received CAM message from veh_105 (at simulation time 310.300,900,000 s)
2024-06-04 00:13:10,576 INFO  - Received CAM message from veh_114 (at simulation time 310.301,400,000 s)
2024-06-04 00:13:10,576 INFO  - Received CAM message from veh_78 (at simulation time 310.301,400,000 s)
2024-06-04 00:13:10,576 INFO  - Atempting to process queue (at simulation time 310.400,000,000 s)
2024-06-04 00:13:10,576 INFO  - Vehicle is outside the detection area. (at simulation time 310.400,000,000 s)
2024-06-04 00:13:10,576 INFO  - Sent broadcast CAM message to all vehicles (at simulation time 310.400,000,000 s)
2024-06-04 00:13:10,577 INFO  - Received CAM message from veh_114 (at simulation time 310.400,900,000 s)
2024-06-04 00:13:10,577 INFO  - Received CAM message from veh_105 (at simulation time 310.400,900,000 s)
2024-06-04 00:13:10,577 INFO  - Received CAM message from veh_78 (at simulation time 310.400,900,000 s)
2024-06-04 00:13:10,578 INFO  - Atempting to process queue (at simulation time 310.500,000,000 s)
2024-06-04 00:13:10,578 INFO  - Vehicle is outside the detection area. (at simulation time 310.500,000,000 s)
2024-06-04 00:13:10,578 INFO  - Sent broadcast CAM message to all vehicles (at simulation time 310.500,000,000 s)
2024-06-04 00:13:10,579 INFO  - Received CAM message from veh_78 (at simulation time 310.500,900,000 s)
2024-06-04 00:13:10,579 INFO  - Received CAM message from veh_114 (at simulation time 310.501,400,000 s)
2024-06-04 00:13:10,579 INFO  - Received CAM message from veh_105 (at simulation time 310.502,400,000 s)
2024-06-04 00:13:10,580 INFO  - Atempting to process queue (at simulation time 310.600,000,000 s)
2024-06-04 00:13:10,580 INFO  - Vehicle is outside the detection area. (at simulation time 310.600,000,000 s)
2024-06-04 00:13:10,580 INFO  - Sent broadcast CAM message to all vehicles (at simulation time 310.600,000,000 s)
2024-06-04 00:13:10,580 INFO  - Received CAM message from veh_114 (at simulation time 310.600,400,000 s)
2024-06-04 00:13:10,581 INFO  - Received CAM message from veh_78 (at simulation time 310.601,900,000 s)
2024-06-04 00:13:10,581 INFO  - Received CAM message from veh_105 (at simulation time 310.602,400,000 s)
2024-06-04 00:13:10,581 INFO  - Atempting to process queue (at simulation time 310.700,000,000 s)
2024-06-04 00:13:10,581 INFO  - Vehicle is outside the detection area. (at simulation time 310.700,000,000 s)
2024-06-04 00:13:10,581 INFO  - Sent broadcast CAM message to all vehicles (at simulation time 310.700,000,000 s)
2024-06-04 00:13:10,582 INFO  - Received CAM message from veh_114 (at simulation time 310.700,400,000 s)
2024-06-04 00:13:10,583 INFO  - Received CAM message from veh_78 (at simulation time 310.701,900,000 s)
2024-06-04 00:13:10,583 INFO  - Received CAM message from veh_105 (at simulation time 310.702,400,000 s)
2024-06-04 00:13:10,583 INFO  - Atempting to process queue (at simulation time 310.800,000,000 s)
2024-06-04 00:13:10,583 INFO  - Vehicle is outside the detection area. (at simulation time 310.800,000,000 s)
2024-06-04 00:13:10,583 INFO  - Sent broadcast CAM message to all vehicles (at simulation time 310.800,000,000 s)
2024-06-04 00:13:10,584 INFO  - Received CAM message from veh_105 (at simulation time 310.801,900,000 s)
2024-06-04 00:13:10,584 INFO  - Received CAM message from veh_78 (at simulation time 310.801,900,000 s)
2024-06-04 00:13:10,584 INFO  - Received CAM message from veh_114 (at simulation time 310.802,400,000 s)
2024-06-04 00:13:10,584 INFO  - Atempting to process queue (at simulation time 310.900,000,000 s)
2024-06-04 00:13:10,584 INFO  - Vehicle is outside the detection area. (at simulation time 310.900,000,000 s)
2024-06-04 00:13:10,584 INFO  - Sent broadcast CAM message to all vehicles (at simulation time 310.900,000,000 s)
2024-06-04 00:13:10,585 INFO  - Received CAM message from veh_78 (at simulation time 310.901,400,000 s)
2024-06-04 00:13:10,586 INFO  - Received CAM message from veh_105 (at simulation time 310.901,900,000 s)
2024-06-04 00:13:10,586 INFO  - Received CAM message from veh_114 (at simulation time 310.902,400,000 s)
2024-06-04 00:13:10,588 INFO  - Atempting to process queue (at simulation time 311.000,000,000 s)
2024-06-04 00:13:10,588 INFO  - Vehicle is outside the detection area. (at simulation time 311.000,000,000 s)
2024-06-04 00:13:10,588 INFO  - Sent broadcast CAM message to all vehicles (at simulation time 311.000,000,000 s)
2024-06-04 00:13:10,590 INFO  - Atempting to process queue (at simulation time 311.100,000,000 s)
2024-06-04 00:13:10,590 INFO  - Vehicle is outside the detection area. (at simulation time 311.100,000,000 s)
2024-06-04 00:13:10,590 INFO  - Sent broadcast CAM message to all vehicles (at simulation time 311.100,000,000 s)
2024-06-04 00:13:10,592 INFO  - Atempting to process queue (at simulation time 311.200,000,000 s)
2024-06-04 00:13:10,592 INFO  - Vehicle is outside the detection area. (at simulation time 311.200,000,000 s)
2024-06-04 00:13:10,592 INFO  - Sent broadcast CAM message to all vehicles (at simulation time 311.200,000,000 s)
2024-06-04 00:13:10,594 INFO  - Atempting to process queue (at simulation time 311.300,000,000 s)
2024-06-04 00:13:10,594 INFO  - Vehicle is outside the detection area. (at simulation time 311.300,000,000 s)
2024-06-04 00:13:10,594 INFO  - Sent broadcast CAM message to all vehicles (at simulation time 311.300,000,000 s)
2024-06-04 00:13:10,595 INFO  - Atempting to process queue (at simulation time 311.400,000,000 s)
2024-06-04 00:13:10,595 INFO  - Vehicle is outside the detection area. (at simulation time 311.400,000,000 s)
2024-06-04 00:13:10,595 INFO  - Sent broadcast CAM message to all vehicles (at simulation time 311.400,000,000 s)
2024-06-04 00:13:10,597 INFO  - Atempting to process queue (at simulation time 311.500,000,000 s)
2024-06-04 00:13:10,597 INFO  - Vehicle is outside the detection area. (at simulation time 311.500,000,000 s)
2024-06-04 00:13:10,597 INFO  - Sent broadcast CAM message to all vehicles (at simulation time 311.500,000,000 s)
2024-06-04 00:13:10,603 INFO  - Atempting to process queue (at simulation time 311.600,000,000 s)
2024-06-04 00:13:10,603 INFO  - Vehicle is outside the detection area. (at simulation time 311.600,000,000 s)
2024-06-04 00:13:10,603 INFO  - Sent broadcast CAM message to all vehicles (at simulation time 311.600,000,000 s)
2024-06-04 00:13:10,605 INFO  - Atempting to process queue (at simulation time 311.700,000,000 s)
2024-06-04 00:13:10,605 INFO  - Vehicle is outside the detection area. (at simulation time 311.700,000,000 s)
2024-06-04 00:13:10,605 INFO  - Sent broadcast CAM message to all vehicles (at simulation time 311.700,000,000 s)
2024-06-04 00:13:10,606 INFO  - Atempting to process queue (at simulation time 311.800,000,000 s)
2024-06-04 00:13:10,606 INFO  - Vehicle is outside the detection area. (at simulation time 311.800,000,000 s)
2024-06-04 00:13:10,606 INFO  - Sent broadcast CAM message to all vehicles (at simulation time 311.800,000,000 s)
2024-06-04 00:13:10,607 INFO  - Atempting to process queue (at simulation time 311.900,000,000 s)
2024-06-04 00:13:10,607 INFO  - Vehicle is outside the detection area. (at simulation time 311.900,000,000 s)
2024-06-04 00:13:10,607 INFO  - Sent broadcast CAM message to all vehicles (at simulation time 311.900,000,000 s)
2024-06-04 00:13:10,612 INFO  - Vehicle is outside the detection area. (at simulation time 312.000,000,000 s)
2024-06-04 00:13:10,612 INFO  - Sent broadcast CAM message to all vehicles (at simulation time 312.000,000,000 s)
2024-06-04 00:13:10,616 INFO  - Vehicle is outside the detection area. (at simulation time 312.100,000,000 s)
2024-06-04 00:13:10,616 INFO  - Sent broadcast CAM message to all vehicles (at simulation time 312.100,000,000 s)
2024-06-04 00:13:10,617 INFO  - Vehicle is outside the detection area. (at simulation time 312.200,000,000 s)
2024-06-04 00:13:10,617 INFO  - Sent broadcast CAM message to all vehicles (at simulation time 312.200,000,000 s)
2024-06-04 00:13:10,618 INFO  - Vehicle is outside the detection area. (at simulation time 312.300,000,000 s)
2024-06-04 00:13:10,618 INFO  - Sent broadcast CAM message to all vehicles (at simulation time 312.300,000,000 s)
2024-06-04 00:13:10,620 INFO  - Vehicle is outside the detection area. (at simulation time 312.400,000,000 s)
2024-06-04 00:13:10,620 INFO  - Sent broadcast CAM message to all vehicles (at simulation time 312.400,000,000 s)
2024-06-04 00:13:10,621 INFO  - Vehicle is outside the detection area. (at simulation time 312.500,000,000 s)
2024-06-04 00:13:10,621 INFO  - Sent broadcast CAM message to all vehicles (at simulation time 312.500,000,000 s)
2024-06-04 00:13:10,622 INFO  - Vehicle is outside the detection area. (at simulation time 312.600,000,000 s)
2024-06-04 00:13:10,622 INFO  - Sent broadcast CAM message to all vehicles (at simulation time 312.600,000,000 s)
2024-06-04 00:13:10,624 INFO  - Vehicle is outside the detection area. (at simulation time 312.700,000,000 s)
2024-06-04 00:13:10,624 INFO  - Sent broadcast CAM message to all vehicles (at simulation time 312.700,000,000 s)
2024-06-04 00:13:10,626 INFO  - Vehicle is outside the detection area. (at simulation time 312.800,000,000 s)
2024-06-04 00:13:10,626 INFO  - Sent broadcast CAM message to all vehicles (at simulation time 312.800,000,000 s)
2024-06-04 00:13:10,627 INFO  - Vehicle is outside the detection area. (at simulation time 312.900,000,000 s)
2024-06-04 00:13:10,627 INFO  - Sent broadcast CAM message to all vehicles (at simulation time 312.900,000,000 s)
2024-06-04 00:13:10,635 INFO  - Vehicle is outside the detection area. (at simulation time 313.000,000,000 s)
2024-06-04 00:13:10,635 INFO  - Sent broadcast CAM message to all vehicles (at simulation time 313.000,000,000 s)
2024-06-04 00:13:10,637 INFO  - Vehicle is outside the detection area. (at simulation time 313.100,000,000 s)
2024-06-04 00:13:10,637 INFO  - Sent broadcast CAM message to all vehicles (at simulation time 313.100,000,000 s)
2024-06-04 00:13:10,657 INFO  - Vehicle is outside the detection area. (at simulation time 313.200,000,000 s)
2024-06-04 00:13:10,657 INFO  - Sent broadcast CAM message to all vehicles (at simulation time 313.200,000,000 s)
2024-06-04 00:13:10,659 INFO  - Vehicle is outside the detection area. (at simulation time 313.300,000,000 s)
2024-06-04 00:13:10,659 INFO  - Sent broadcast CAM message to all vehicles (at simulation time 313.300,000,000 s)
2024-06-04 00:13:10,660 INFO  - Vehicle is outside the detection area. (at simulation time 313.400,000,000 s)
2024-06-04 00:13:10,660 INFO  - Sent broadcast CAM message to all vehicles (at simulation time 313.400,000,000 s)
2024-06-04 00:13:10,662 INFO  - Vehicle is outside the detection area. (at simulation time 313.500,000,000 s)
2024-06-04 00:13:10,662 INFO  - Sent broadcast CAM message to all vehicles (at simulation time 313.500,000,000 s)
2024-06-04 00:13:10,663 INFO  - Vehicle is outside the detection area. (at simulation time 313.600,000,000 s)
2024-06-04 00:13:10,663 INFO  - Sent broadcast CAM message to all vehicles (at simulation time 313.600,000,000 s)
2024-06-04 00:13:10,664 INFO  - Vehicle is outside the detection area. (at simulation time 313.700,000,000 s)
2024-06-04 00:13:10,664 INFO  - Sent broadcast CAM message to all vehicles (at simulation time 313.700,000,000 s)
2024-06-04 00:13:10,666 INFO  - Vehicle is outside the detection area. (at simulation time 313.800,000,000 s)
2024-06-04 00:13:10,666 INFO  - Sent broadcast CAM message to all vehicles (at simulation time 313.800,000,000 s)
2024-06-04 00:13:10,667 INFO  - Vehicle is outside the detection area. (at simulation time 313.900,000,000 s)
2024-06-04 00:13:10,667 INFO  - Sent broadcast CAM message to all vehicles (at simulation time 313.900,000,000 s)
2024-06-04 00:13:10,672 INFO  - Vehicle is outside the detection area. (at simulation time 314.000,000,000 s)
2024-06-04 00:13:10,672 INFO  - Sent broadcast CAM message to all vehicles (at simulation time 314.000,000,000 s)
2024-06-04 00:13:10,675 INFO  - Vehicle is outside the detection area. (at simulation time 314.100,000,000 s)
2024-06-04 00:13:10,675 INFO  - Sent broadcast CAM message to all vehicles (at simulation time 314.100,000,000 s)
2024-06-04 00:13:10,676 INFO  - Vehicle is outside the detection area. (at simulation time 314.200,000,000 s)
2024-06-04 00:13:10,676 INFO  - Sent broadcast CAM message to all vehicles (at simulation time 314.200,000,000 s)
2024-06-04 00:13:10,678 INFO  - Vehicle is outside the detection area. (at simulation time 314.300,000,000 s)
2024-06-04 00:13:10,678 INFO  - Sent broadcast CAM message to all vehicles (at simulation time 314.300,000,000 s)
2024-06-04 00:13:10,679 INFO  - Vehicle is outside the detection area. (at simulation time 314.400,000,000 s)
2024-06-04 00:13:10,679 INFO  - Sent broadcast CAM message to all vehicles (at simulation time 314.400,000,000 s)
2024-06-04 00:13:10,681 INFO  - Vehicle is outside the detection area. (at simulation time 314.500,000,000 s)
2024-06-04 00:13:10,681 INFO  - Sent broadcast CAM message to all vehicles (at simulation time 314.500,000,000 s)
2024-06-04 00:13:10,682 INFO  - Vehicle is outside the detection area. (at simulation time 314.600,000,000 s)
2024-06-04 00:13:10,682 INFO  - Sent broadcast CAM message to all vehicles (at simulation time 314.600,000,000 s)
2024-06-04 00:13:10,684 INFO  - Vehicle is outside the detection area. (at simulation time 314.700,000,000 s)
2024-06-04 00:13:10,684 INFO  - Sent broadcast CAM message to all vehicles (at simulation time 314.700,000,000 s)
2024-06-04 00:13:10,686 INFO  - Vehicle is outside the detection area. (at simulation time 314.800,000,000 s)
2024-06-04 00:13:10,686 INFO  - Sent broadcast CAM message to all vehicles (at simulation time 314.800,000,000 s)
2024-06-04 00:13:10,687 INFO  - Vehicle is outside the detection area. (at simulation time 314.900,000,000 s)
2024-06-04 00:13:10,687 INFO  - Sent broadcast CAM message to all vehicles (at simulation time 314.900,000,000 s)
2024-06-04 00:13:10,693 INFO  - Vehicle is outside the detection area. (at simulation time 315.000,000,000 s)
2024-06-04 00:13:10,693 INFO  - Sent broadcast CAM message to all vehicles (at simulation time 315.000,000,000 s)
2024-06-04 00:13:10,695 INFO  - Vehicle is outside the detection area. (at simulation time 315.100,000,000 s)
2024-06-04 00:13:10,695 INFO  - Sent broadcast CAM message to all vehicles (at simulation time 315.100,000,000 s)
2024-06-04 00:13:10,696 INFO  - Vehicle is outside the detection area. (at simulation time 315.200,000,000 s)
2024-06-04 00:13:10,696 INFO  - Sent broadcast CAM message to all vehicles (at simulation time 315.200,000,000 s)
2024-06-04 00:13:10,698 INFO  - Vehicle is outside the detection area. (at simulation time 315.300,000,000 s)
2024-06-04 00:13:10,698 INFO  - Sent broadcast CAM message to all vehicles (at simulation time 315.300,000,000 s)
2024-06-04 00:13:10,700 INFO  - Vehicle is outside the detection area. (at simulation time 315.400,000,000 s)
2024-06-04 00:13:10,700 INFO  - Sent broadcast CAM message to all vehicles (at simulation time 315.400,000,000 s)
2024-06-04 00:13:10,702 INFO  - Vehicle is outside the detection area. (at simulation time 315.500,000,000 s)
2024-06-04 00:13:10,702 INFO  - Sent broadcast CAM message to all vehicles (at simulation time 315.500,000,000 s)
2024-06-04 00:13:10,703 INFO  - Vehicle is outside the detection area. (at simulation time 315.600,000,000 s)
2024-06-04 00:13:10,703 INFO  - Sent broadcast CAM message to all vehicles (at simulation time 315.600,000,000 s)
2024-06-04 00:13:10,705 INFO  - Vehicle is outside the detection area. (at simulation time 315.700,000,000 s)
2024-06-04 00:13:10,705 INFO  - Sent broadcast CAM message to all vehicles (at simulation time 315.700,000,000 s)
2024-06-04 00:13:10,707 INFO  - Vehicle is outside the detection area. (at simulation time 315.800,000,000 s)
2024-06-04 00:13:10,707 INFO  - Sent broadcast CAM message to all vehicles (at simulation time 315.800,000,000 s)
2024-06-04 00:13:10,709 INFO  - Vehicle is outside the detection area. (at simulation time 315.900,000,000 s)
2024-06-04 00:13:10,709 INFO  - Sent broadcast CAM message to all vehicles (at simulation time 315.900,000,000 s)
2024-06-04 00:13:10,713 INFO  - Shutdown application (at simulation time 316.000,000,000 s)
