2024-06-04 00:13:09,691 INFO  - Initialize application (at simulation time 277.000,000,000 s)
2024-06-04 00:13:09,692 INFO  - Activated WLAN Module (at simulation time 277.000,000,000 s)
2024-06-04 00:13:09,692 INFO  - Vehicle is outside the detection area. (at simulation time 277.000,000,000 s)
2024-06-04 00:13:09,692 INFO  - Sent broadcast CAM message to all vehicles (at simulation time 277.000,000,000 s)
2024-06-04 00:13:09,695 INFO  - Vehicle is outside the detection area. (at simulation time 277.100,000,000 s)
2024-06-04 00:13:09,695 INFO  - Sent broadcast CAM message to all vehicles (at simulation time 277.100,000,000 s)
2024-06-04 00:13:09,697 INFO  - Vehicle is outside the detection area. (at simulation time 277.200,000,000 s)
2024-06-04 00:13:09,697 INFO  - Sent broadcast CAM message to all vehicles (at simulation time 277.200,000,000 s)
2024-06-04 00:13:09,699 INFO  - Vehicle is outside the detection area. (at simulation time 277.300,000,000 s)
2024-06-04 00:13:09,699 INFO  - Sent broadcast CAM message to all vehicles (at simulation time 277.300,000,000 s)
2024-06-04 00:13:09,700 INFO  - Vehicle is outside the detection area. (at simulation time 277.400,000,000 s)
2024-06-04 00:13:09,700 INFO  - Sent broadcast CAM message to all vehicles (at simulation time 277.400,000,000 s)
2024-06-04 00:13:09,702 INFO  - Vehicle is outside the detection area. (at simulation time 277.500,000,000 s)
2024-06-04 00:13:09,702 INFO  - Sent broadcast CAM message to all vehicles (at simulation time 277.500,000,000 s)
2024-06-04 00:13:09,703 INFO  - Vehicle is outside the detection area. (at simulation time 277.600,000,000 s)
2024-06-04 00:13:09,703 INFO  - Sent broadcast CAM message to all vehicles (at simulation time 277.600,000,000 s)
2024-06-04 00:13:09,705 INFO  - Vehicle is outside the detection area. (at simulation time 277.700,000,000 s)
2024-06-04 00:13:09,705 INFO  - Sent broadcast CAM message to all vehicles (at simulation time 277.700,000,000 s)
2024-06-04 00:13:09,706 INFO  - Vehicle is outside the detection area. (at simulation time 277.800,000,000 s)
2024-06-04 00:13:09,706 INFO  - Sent broadcast CAM message to all vehicles (at simulation time 277.800,000,000 s)
2024-06-04 00:13:09,707 INFO  - Vehicle is outside the detection area. (at simulation time 277.900,000,000 s)
2024-06-04 00:13:09,707 INFO  - Sent broadcast CAM message to all vehicles (at simulation time 277.900,000,000 s)
2024-06-04 00:13:09,712 INFO  - Vehicle is outside the detection area. (at simulation time 278.000,000,000 s)
2024-06-04 00:13:09,712 INFO  - Sent broadcast CAM message to all vehicles (at simulation time 278.000,000,000 s)
2024-06-04 00:13:09,715 INFO  - Vehicle is outside the detection area. (at simulation time 278.100,000,000 s)
2024-06-04 00:13:09,715 INFO  - Sent broadcast CAM message to all vehicles (at simulation time 278.100,000,000 s)
2024-06-04 00:13:09,716 INFO  - Vehicle is outside the detection area. (at simulation time 278.200,000,000 s)
2024-06-04 00:13:09,716 INFO  - Sent broadcast CAM message to all vehicles (at simulation time 278.200,000,000 s)
2024-06-04 00:13:09,719 INFO  - Vehicle is outside the detection area. (at simulation time 278.300,000,000 s)
2024-06-04 00:13:09,719 INFO  - Sent broadcast CAM message to all vehicles (at simulation time 278.300,000,000 s)
2024-06-04 00:13:09,720 INFO  - Vehicle is outside the detection area. (at simulation time 278.400,000,000 s)
2024-06-04 00:13:09,720 INFO  - Sent broadcast CAM message to all vehicles (at simulation time 278.400,000,000 s)
2024-06-04 00:13:09,722 INFO  - Vehicle is outside the detection area. (at simulation time 278.500,000,000 s)
2024-06-04 00:13:09,722 INFO  - Sent broadcast CAM message to all vehicles (at simulation time 278.500,000,000 s)
2024-06-04 00:13:09,723 INFO  - Vehicle is outside the detection area. (at simulation time 278.600,000,000 s)
2024-06-04 00:13:09,723 INFO  - Sent broadcast CAM message to all vehicles (at simulation time 278.600,000,000 s)
2024-06-04 00:13:09,724 INFO  - Vehicle is outside the detection area. (at simulation time 278.700,000,000 s)
2024-06-04 00:13:09,724 INFO  - Sent broadcast CAM message to all vehicles (at simulation time 278.700,000,000 s)
2024-06-04 00:13:09,725 INFO  - Vehicle is outside the detection area. (at simulation time 278.800,000,000 s)
2024-06-04 00:13:09,725 INFO  - Sent broadcast CAM message to all vehicles (at simulation time 278.800,000,000 s)
2024-06-04 00:13:09,727 INFO  - Vehicle is outside the detection area. (at simulation time 278.900,000,000 s)
2024-06-04 00:13:09,727 INFO  - Sent broadcast CAM message to all vehicles (at simulation time 278.900,000,000 s)
2024-06-04 00:13:09,732 INFO  - Vehicle is inside the detection area. (at simulation time 279.000,000,000 s)
2024-06-04 00:13:09,732 INFO  - Vehicle is too far away from the traffic light. (at simulation time 279.000,000,000 s)
2024-06-04 00:13:09,732 INFO  - No vehicles in range. (at simulation time 279.000,000,000 s)
2024-06-04 00:13:09,732 INFO  - Neither the RSU nor any vehicle is in range. (at simulation time 279.000,000,000 s)
2024-06-04 00:13:09,732 INFO  - Sent broadcast CAM message to all vehicles (at simulation time 279.000,000,000 s)
2024-06-04 00:13:09,735 INFO  - Vehicle is inside the detection area. (at simulation time 279.100,000,000 s)
2024-06-04 00:13:09,735 INFO  - Vehicle is too far away from the traffic light. (at simulation time 279.100,000,000 s)
2024-06-04 00:13:09,735 INFO  - No vehicles in range. (at simulation time 279.100,000,000 s)
2024-06-04 00:13:09,735 INFO  - Neither the RSU nor any vehicle is in range. (at simulation time 279.100,000,000 s)
2024-06-04 00:13:09,735 INFO  - Sent broadcast CAM message to all vehicles (at simulation time 279.100,000,000 s)
2024-06-04 00:13:09,736 INFO  - Vehicle is inside the detection area. (at simulation time 279.200,000,000 s)
2024-06-04 00:13:09,736 INFO  - Vehicle is too far away from the traffic light. (at simulation time 279.200,000,000 s)
2024-06-04 00:13:09,736 INFO  - No vehicles in range. (at simulation time 279.200,000,000 s)
2024-06-04 00:13:09,736 INFO  - Neither the RSU nor any vehicle is in range. (at simulation time 279.200,000,000 s)
2024-06-04 00:13:09,736 INFO  - Sent broadcast CAM message to all vehicles (at simulation time 279.200,000,000 s)
2024-06-04 00:13:09,738 INFO  - Vehicle is inside the detection area. (at simulation time 279.300,000,000 s)
2024-06-04 00:13:09,738 INFO  - Vehicle is too far away from the traffic light. (at simulation time 279.300,000,000 s)
2024-06-04 00:13:09,738 INFO  - No vehicles in range. (at simulation time 279.300,000,000 s)
2024-06-04 00:13:09,738 INFO  - Neither the RSU nor any vehicle is in range. (at simulation time 279.300,000,000 s)
2024-06-04 00:13:09,738 INFO  - Sent broadcast CAM message to all vehicles (at simulation time 279.300,000,000 s)
2024-06-04 00:13:09,739 INFO  - Vehicle is inside the detection area. (at simulation time 279.400,000,000 s)
2024-06-04 00:13:09,739 INFO  - Vehicle is too far away from the traffic light. (at simulation time 279.400,000,000 s)
2024-06-04 00:13:09,739 INFO  - No vehicles in range. (at simulation time 279.400,000,000 s)
2024-06-04 00:13:09,739 INFO  - Neither the RSU nor any vehicle is in range. (at simulation time 279.400,000,000 s)
2024-06-04 00:13:09,739 INFO  - Sent broadcast CAM message to all vehicles (at simulation time 279.400,000,000 s)
2024-06-04 00:13:09,740 INFO  - Vehicle is inside the detection area. (at simulation time 279.500,000,000 s)
2024-06-04 00:13:09,740 INFO  - Vehicle is too far away from the traffic light. (at simulation time 279.500,000,000 s)
2024-06-04 00:13:09,740 INFO  - No vehicles in range. (at simulation time 279.500,000,000 s)
2024-06-04 00:13:09,740 INFO  - Neither the RSU nor any vehicle is in range. (at simulation time 279.500,000,000 s)
2024-06-04 00:13:09,740 INFO  - Sent broadcast CAM message to all vehicles (at simulation time 279.500,000,000 s)
2024-06-04 00:13:09,742 INFO  - Vehicle is inside the detection area. (at simulation time 279.600,000,000 s)
2024-06-04 00:13:09,742 INFO  - Vehicle is too far away from the traffic light. (at simulation time 279.600,000,000 s)
2024-06-04 00:13:09,742 INFO  - No vehicles in range. (at simulation time 279.600,000,000 s)
2024-06-04 00:13:09,742 INFO  - Neither the RSU nor any vehicle is in range. (at simulation time 279.600,000,000 s)
2024-06-04 00:13:09,742 INFO  - Sent broadcast CAM message to all vehicles (at simulation time 279.600,000,000 s)
2024-06-04 00:13:09,743 INFO  - Vehicle is inside the detection area. (at simulation time 279.700,000,000 s)
2024-06-04 00:13:09,743 INFO  - Vehicle is too far away from the traffic light. (at simulation time 279.700,000,000 s)
2024-06-04 00:13:09,743 INFO  - No vehicles in range. (at simulation time 279.700,000,000 s)
2024-06-04 00:13:09,743 INFO  - Neither the RSU nor any vehicle is in range. (at simulation time 279.700,000,000 s)
2024-06-04 00:13:09,743 INFO  - Sent broadcast CAM message to all vehicles (at simulation time 279.700,000,000 s)
2024-06-04 00:13:09,745 INFO  - Vehicle is inside the detection area. (at simulation time 279.800,000,000 s)
2024-06-04 00:13:09,745 INFO  - Vehicle is too far away from the traffic light. (at simulation time 279.800,000,000 s)
2024-06-04 00:13:09,745 INFO  - No vehicles in range. (at simulation time 279.800,000,000 s)
2024-06-04 00:13:09,745 INFO  - Neither the RSU nor any vehicle is in range. (at simulation time 279.800,000,000 s)
2024-06-04 00:13:09,745 INFO  - Sent broadcast CAM message to all vehicles (at simulation time 279.800,000,000 s)
2024-06-04 00:13:09,747 INFO  - Vehicle is inside the detection area. (at simulation time 279.900,000,000 s)
2024-06-04 00:13:09,747 INFO  - Vehicle is too far away from the traffic light. (at simulation time 279.900,000,000 s)
2024-06-04 00:13:09,747 INFO  - No vehicles in range. (at simulation time 279.900,000,000 s)
2024-06-04 00:13:09,747 INFO  - Neither the RSU nor any vehicle is in range. (at simulation time 279.900,000,000 s)
2024-06-04 00:13:09,747 INFO  - Sent broadcast CAM message to all vehicles (at simulation time 279.900,000,000 s)
2024-06-04 00:13:09,751 INFO  - Vehicle is inside the detection area. (at simulation time 280.000,000,000 s)
2024-06-04 00:13:09,751 INFO  - Vehicle is too far away from the traffic light. (at simulation time 280.000,000,000 s)
2024-06-04 00:13:09,751 INFO  - No vehicles in range. (at simulation time 280.000,000,000 s)
2024-06-04 00:13:09,751 INFO  - Neither the RSU nor any vehicle is in range. (at simulation time 280.000,000,000 s)
2024-06-04 00:13:09,751 INFO  - Sent broadcast CAM message to all vehicles (at simulation time 280.000,000,000 s)
2024-06-04 00:13:09,753 INFO  - Vehicle is inside the detection area. (at simulation time 280.100,000,000 s)
2024-06-04 00:13:09,753 INFO  - Vehicle is too far away from the traffic light. (at simulation time 280.100,000,000 s)
2024-06-04 00:13:09,753 INFO  - No vehicles in range. (at simulation time 280.100,000,000 s)
2024-06-04 00:13:09,753 INFO  - Neither the RSU nor any vehicle is in range. (at simulation time 280.100,000,000 s)
2024-06-04 00:13:09,754 INFO  - Sent broadcast CAM message to all vehicles (at simulation time 280.100,000,000 s)
2024-06-04 00:13:09,755 INFO  - Vehicle is inside the detection area. (at simulation time 280.200,000,000 s)
2024-06-04 00:13:09,755 INFO  - Vehicle is too far away from the traffic light. (at simulation time 280.200,000,000 s)
2024-06-04 00:13:09,755 INFO  - No vehicles in range. (at simulation time 280.200,000,000 s)
2024-06-04 00:13:09,755 INFO  - Neither the RSU nor any vehicle is in range. (at simulation time 280.200,000,000 s)
2024-06-04 00:13:09,755 INFO  - Sent broadcast CAM message to all vehicles (at simulation time 280.200,000,000 s)
2024-06-04 00:13:09,756 INFO  - Vehicle is inside the detection area. (at simulation time 280.300,000,000 s)
2024-06-04 00:13:09,756 INFO  - Vehicle is too far away from the traffic light. (at simulation time 280.300,000,000 s)
2024-06-04 00:13:09,756 INFO  - No vehicles in range. (at simulation time 280.300,000,000 s)
2024-06-04 00:13:09,756 INFO  - Neither the RSU nor any vehicle is in range. (at simulation time 280.300,000,000 s)
2024-06-04 00:13:09,756 INFO  - Sent broadcast CAM message to all vehicles (at simulation time 280.300,000,000 s)
2024-06-04 00:13:09,758 INFO  - Vehicle is inside the detection area. (at simulation time 280.400,000,000 s)
2024-06-04 00:13:09,758 INFO  - Vehicle is too far away from the traffic light. (at simulation time 280.400,000,000 s)
2024-06-04 00:13:09,758 INFO  - No vehicles in range. (at simulation time 280.400,000,000 s)
2024-06-04 00:13:09,758 INFO  - Neither the RSU nor any vehicle is in range. (at simulation time 280.400,000,000 s)
2024-06-04 00:13:09,758 INFO  - Sent broadcast CAM message to all vehicles (at simulation time 280.400,000,000 s)
2024-06-04 00:13:09,759 INFO  - Vehicle is inside the detection area. (at simulation time 280.500,000,000 s)
2024-06-04 00:13:09,759 INFO  - Vehicle is too far away from the traffic light. (at simulation time 280.500,000,000 s)
2024-06-04 00:13:09,759 INFO  - No vehicles in range. (at simulation time 280.500,000,000 s)
2024-06-04 00:13:09,759 INFO  - Neither the RSU nor any vehicle is in range. (at simulation time 280.500,000,000 s)
2024-06-04 00:13:09,759 INFO  - Sent broadcast CAM message to all vehicles (at simulation time 280.500,000,000 s)
2024-06-04 00:13:09,761 INFO  - Vehicle is inside the detection area. (at simulation time 280.600,000,000 s)
2024-06-04 00:13:09,761 INFO  - Vehicle is too far away from the traffic light. (at simulation time 280.600,000,000 s)
2024-06-04 00:13:09,761 INFO  - No vehicles in range. (at simulation time 280.600,000,000 s)
2024-06-04 00:13:09,761 INFO  - Neither the RSU nor any vehicle is in range. (at simulation time 280.600,000,000 s)
2024-06-04 00:13:09,761 INFO  - Sent broadcast CAM message to all vehicles (at simulation time 280.600,000,000 s)
2024-06-04 00:13:09,762 INFO  - Vehicle is inside the detection area. (at simulation time 280.700,000,000 s)
2024-06-04 00:13:09,762 INFO  - Vehicle is too far away from the traffic light. (at simulation time 280.700,000,000 s)
2024-06-04 00:13:09,762 INFO  - No vehicles in range. (at simulation time 280.700,000,000 s)
2024-06-04 00:13:09,762 INFO  - Neither the RSU nor any vehicle is in range. (at simulation time 280.700,000,000 s)
2024-06-04 00:13:09,762 INFO  - Sent broadcast CAM message to all vehicles (at simulation time 280.700,000,000 s)
2024-06-04 00:13:09,764 INFO  - Vehicle is inside the detection area. (at simulation time 280.800,000,000 s)
2024-06-04 00:13:09,764 INFO  - Vehicle is too far away from the traffic light. (at simulation time 280.800,000,000 s)
2024-06-04 00:13:09,764 INFO  - No vehicles in range. (at simulation time 280.800,000,000 s)
2024-06-04 00:13:09,764 INFO  - Neither the RSU nor any vehicle is in range. (at simulation time 280.800,000,000 s)
2024-06-04 00:13:09,764 INFO  - Sent broadcast CAM message to all vehicles (at simulation time 280.800,000,000 s)
2024-06-04 00:13:09,766 INFO  - Vehicle is inside the detection area. (at simulation time 280.900,000,000 s)
2024-06-04 00:13:09,766 INFO  - Vehicle is too far away from the traffic light. (at simulation time 280.900,000,000 s)
2024-06-04 00:13:09,766 INFO  - No vehicles in range. (at simulation time 280.900,000,000 s)
2024-06-04 00:13:09,766 INFO  - Neither the RSU nor any vehicle is in range. (at simulation time 280.900,000,000 s)
2024-06-04 00:13:09,766 INFO  - Sent broadcast CAM message to all vehicles (at simulation time 280.900,000,000 s)
2024-06-04 00:13:09,771 INFO  - Atempting to process queue (at simulation time 281.000,000,000 s)
2024-06-04 00:13:09,771 INFO  - Vehicle is inside the detection area. (at simulation time 281.000,000,000 s)
2024-06-04 00:13:09,771 INFO  - Sent Detection message to rsu_0 (at simulation time 281.000,000,000 s)
2024-06-04 00:13:09,771 INFO  - Sent broadcast CAM message to all vehicles (at simulation time 281.000,000,000 s)
2024-06-04 00:13:09,773 INFO  - Received CAM message from veh_111 (at simulation time 281.000,400,000 s)
2024-06-04 00:13:09,773 INFO  - Received CAM message from veh_78 (at simulation time 281.000,400,000 s)
2024-06-04 00:13:09,773 INFO  - Received CAM message from veh_93 (at simulation time 281.001,900,000 s)
2024-06-04 00:13:09,773 INFO  - Received CAM message from veh_81 (at simulation time 281.001,900,000 s)
2024-06-04 00:13:09,773 INFO  - Atempting to process queue (at simulation time 281.100,000,000 s)
2024-06-04 00:13:09,773 INFO  - Vehicle is inside the detection area. (at simulation time 281.100,000,000 s)
2024-06-04 00:13:09,773 INFO  - Sent Detection message to rsu_0 (at simulation time 281.100,000,000 s)
2024-06-04 00:13:09,773 INFO  - Sent broadcast CAM message to all vehicles (at simulation time 281.100,000,000 s)
2024-06-04 00:13:09,774 INFO  - Received CAM message from veh_78 (at simulation time 281.100,400,000 s)
2024-06-04 00:13:09,775 INFO  - Received CAM message from veh_111 (at simulation time 281.101,900,000 s)
2024-06-04 00:13:09,775 INFO  - Received CAM message from veh_93 (at simulation time 281.102,400,000 s)
2024-06-04 00:13:09,775 INFO  - Received CAM message from veh_81 (at simulation time 281.102,400,000 s)
2024-06-04 00:13:09,775 INFO  - Atempting to process queue (at simulation time 281.200,000,000 s)
2024-06-04 00:13:09,775 INFO  - Vehicle is inside the detection area. (at simulation time 281.200,000,000 s)
2024-06-04 00:13:09,775 INFO  - Sent Detection message to rsu_0 (at simulation time 281.200,000,000 s)
2024-06-04 00:13:09,775 INFO  - Sent broadcast CAM message to all vehicles (at simulation time 281.200,000,000 s)
2024-06-04 00:13:09,776 INFO  - Received CAM message from veh_93 (at simulation time 281.200,400,000 s)
2024-06-04 00:13:09,776 INFO  - Received CAM message from veh_81 (at simulation time 281.200,400,000 s)
2024-06-04 00:13:09,777 INFO  - Received CAM message from veh_111 (at simulation time 281.201,900,000 s)
2024-06-04 00:13:09,777 INFO  - Received CAM message from veh_78 (at simulation time 281.201,900,000 s)
2024-06-04 00:13:09,777 INFO  - Atempting to process queue (at simulation time 281.300,000,000 s)
2024-06-04 00:13:09,777 INFO  - Vehicle is inside the detection area. (at simulation time 281.300,000,000 s)
2024-06-04 00:13:09,777 INFO  - Sent Detection message to rsu_0 (at simulation time 281.300,000,000 s)
2024-06-04 00:13:09,777 INFO  - Sent broadcast CAM message to all vehicles (at simulation time 281.300,000,000 s)
2024-06-04 00:13:09,778 INFO  - Received CAM message from veh_111 (at simulation time 281.300,400,000 s)
2024-06-04 00:13:09,778 INFO  - Received CAM message from veh_81 (at simulation time 281.301,400,000 s)
2024-06-04 00:13:09,778 INFO  - Received CAM message from veh_78 (at simulation time 281.301,400,000 s)
2024-06-04 00:13:09,779 INFO  - Received CAM message from veh_93 (at simulation time 281.301,900,000 s)
2024-06-04 00:13:09,779 INFO  - Atempting to process queue (at simulation time 281.400,000,000 s)
2024-06-04 00:13:09,779 INFO  - Vehicle is inside the detection area. (at simulation time 281.400,000,000 s)
2024-06-04 00:13:09,779 INFO  - Sent Detection message to rsu_0 (at simulation time 281.400,000,000 s)
2024-06-04 00:13:09,779 INFO  - Sent broadcast CAM message to all vehicles (at simulation time 281.400,000,000 s)
2024-06-04 00:13:09,780 INFO  - Received CAM message from veh_81 (at simulation time 281.400,900,000 s)
2024-06-04 00:13:09,780 INFO  - Received CAM message from veh_78 (at simulation time 281.401,400,000 s)
2024-06-04 00:13:09,780 INFO  - Received CAM message from veh_111 (at simulation time 281.401,900,000 s)
2024-06-04 00:13:09,780 INFO  - Received CAM message from veh_93 (at simulation time 281.401,900,000 s)
2024-06-04 00:13:09,780 INFO  - Atempting to process queue (at simulation time 281.500,000,000 s)
2024-06-04 00:13:09,780 INFO  - Vehicle is inside the detection area. (at simulation time 281.500,000,000 s)
2024-06-04 00:13:09,780 INFO  - Sent Detection message to rsu_0 (at simulation time 281.500,000,000 s)
2024-06-04 00:13:09,780 INFO  - Sent broadcast CAM message to all vehicles (at simulation time 281.500,000,000 s)
2024-06-04 00:13:09,782 INFO  - Received CAM message from veh_81 (at simulation time 281.500,400,000 s)
2024-06-04 00:13:09,782 INFO  - Received CAM message from veh_111 (at simulation time 281.500,900,000 s)
2024-06-04 00:13:09,782 INFO  - Received CAM message from veh_78 (at simulation time 281.501,400,000 s)
2024-06-04 00:13:09,782 INFO  - Received CAM message from veh_93 (at simulation time 281.501,900,000 s)
2024-06-04 00:13:09,783 INFO  - Atempting to process queue (at simulation time 281.600,000,000 s)
2024-06-04 00:13:09,783 INFO  - Vehicle is inside the detection area. (at simulation time 281.600,000,000 s)
2024-06-04 00:13:09,783 INFO  - Sent Detection message to rsu_0 (at simulation time 281.600,000,000 s)
2024-06-04 00:13:09,783 INFO  - Sent broadcast CAM message to all vehicles (at simulation time 281.600,000,000 s)
2024-06-04 00:13:09,783 INFO  - Received CAM message from veh_93 (at simulation time 281.600,400,000 s)
2024-06-04 00:13:09,784 INFO  - Received CAM message from veh_78 (at simulation time 281.601,900,000 s)
2024-06-04 00:13:09,784 INFO  - Received CAM message from veh_111 (at simulation time 281.602,400,000 s)
2024-06-04 00:13:09,784 INFO  - Received CAM message from veh_81 (at simulation time 281.602,400,000 s)
2024-06-04 00:13:09,784 INFO  - Atempting to process queue (at simulation time 281.700,000,000 s)
2024-06-04 00:13:09,784 INFO  - Vehicle is inside the detection area. (at simulation time 281.700,000,000 s)
2024-06-04 00:13:09,784 INFO  - Sent Detection message to rsu_0 (at simulation time 281.700,000,000 s)
2024-06-04 00:13:09,784 INFO  - Sent broadcast CAM message to all vehicles (at simulation time 281.700,000,000 s)
2024-06-04 00:13:09,785 INFO  - Received CAM message from veh_78 (at simulation time 281.700,400,000 s)
2024-06-04 00:13:09,786 INFO  - Received CAM message from veh_81 (at simulation time 281.701,400,000 s)
2024-06-04 00:13:09,787 INFO  - Received CAM message from veh_111 (at simulation time 281.701,900,000 s)
2024-06-04 00:13:09,787 INFO  - Received CAM message from veh_93 (at simulation time 281.701,900,000 s)
2024-06-04 00:13:09,788 INFO  - Atempting to process queue (at simulation time 281.800,000,000 s)
2024-06-04 00:13:09,788 INFO  - Vehicle is inside the detection area. (at simulation time 281.800,000,000 s)
2024-06-04 00:13:09,788 INFO  - Sent Detection message to rsu_0 (at simulation time 281.800,000,000 s)
2024-06-04 00:13:09,788 INFO  - Sent broadcast CAM message to all vehicles (at simulation time 281.800,000,000 s)
2024-06-04 00:13:09,790 INFO  - Received CAM message from veh_111 (at simulation time 281.801,400,000 s)
2024-06-04 00:13:09,790 INFO  - Received CAM message from veh_78 (at simulation time 281.801,400,000 s)
2024-06-04 00:13:09,790 INFO  - Received CAM message from veh_93 (at simulation time 281.801,900,000 s)
2024-06-04 00:13:09,790 INFO  - Received CAM message from veh_81 (at simulation time 281.802,400,000 s)
2024-06-04 00:13:09,790 INFO  - Atempting to process queue (at simulation time 281.900,000,000 s)
2024-06-04 00:13:09,790 INFO  - Vehicle is inside the detection area. (at simulation time 281.900,000,000 s)
2024-06-04 00:13:09,790 INFO  - Sent Detection message to rsu_0 (at simulation time 281.900,000,000 s)
2024-06-04 00:13:09,790 INFO  - Sent broadcast CAM message to all vehicles (at simulation time 281.900,000,000 s)
2024-06-04 00:13:09,791 INFO  - Received CAM message from veh_93 (at simulation time 281.900,400,000 s)
2024-06-04 00:13:09,792 INFO  - Received CAM message from veh_111 (at simulation time 281.900,900,000 s)
2024-06-04 00:13:09,792 INFO  - Received CAM message from veh_78 (at simulation time 281.900,900,000 s)
2024-06-04 00:13:09,792 INFO  - Received CAM message from veh_81 (at simulation time 281.902,400,000 s)
2024-06-04 00:13:09,795 INFO  - Atempting to process queue (at simulation time 282.000,000,000 s)
2024-06-04 00:13:09,795 INFO  - Vehicle is inside the detection area. (at simulation time 282.000,000,000 s)
2024-06-04 00:13:09,795 INFO  - Sent Detection message to rsu_0 (at simulation time 282.000,000,000 s)
2024-06-04 00:13:09,795 INFO  - Sent broadcast CAM message to all vehicles (at simulation time 282.000,000,000 s)
2024-06-04 00:13:09,797 INFO  - Received CAM message from veh_78 (at simulation time 282.000,900,000 s)
2024-06-04 00:13:09,797 INFO  - Received CAM message from veh_114 (at simulation time 282.001,400,000 s)
2024-06-04 00:13:09,797 INFO  - Received CAM message from veh_93 (at simulation time 282.001,400,000 s)
2024-06-04 00:13:09,797 INFO  - Received CAM message from veh_81 (at simulation time 282.001,900,000 s)
2024-06-04 00:13:09,798 INFO  - Received CAM message from veh_111 (at simulation time 282.002,400,000 s)
2024-06-04 00:13:09,798 INFO  - Atempting to process queue (at simulation time 282.100,000,000 s)
2024-06-04 00:13:09,798 INFO  - Vehicle is inside the detection area. (at simulation time 282.100,000,000 s)
2024-06-04 00:13:09,798 INFO  - Sent Detection message to rsu_0 (at simulation time 282.100,000,000 s)
2024-06-04 00:13:09,798 INFO  - Sent broadcast CAM message to all vehicles (at simulation time 282.100,000,000 s)
2024-06-04 00:13:09,799 INFO  - Received CAM message from veh_81 (at simulation time 282.100,900,000 s)
2024-06-04 00:13:09,799 INFO  - Received CAM message from veh_78 (at simulation time 282.100,900,000 s)
2024-06-04 00:13:09,799 INFO  - Received CAM message from veh_111 (at simulation time 282.101,400,000 s)
2024-06-04 00:13:09,799 INFO  - Received CAM message from veh_93 (at simulation time 282.101,900,000 s)
2024-06-04 00:13:09,799 INFO  - Received CAM message from veh_114 (at simulation time 282.102,400,000 s)
2024-06-04 00:13:09,799 INFO  - Atempting to process queue (at simulation time 282.200,000,000 s)
2024-06-04 00:13:09,799 INFO  - Vehicle is inside the detection area. (at simulation time 282.200,000,000 s)
2024-06-04 00:13:09,799 INFO  - Sent Detection message to rsu_0 (at simulation time 282.200,000,000 s)
2024-06-04 00:13:09,799 INFO  - Sent broadcast CAM message to all vehicles (at simulation time 282.200,000,000 s)
2024-06-04 00:13:09,800 INFO  - Received CAM message from veh_93 (at simulation time 282.200,400,000 s)
2024-06-04 00:13:09,800 INFO  - Received CAM message from veh_114 (at simulation time 282.200,900,000 s)
2024-06-04 00:13:09,800 INFO  - Received CAM message from veh_111 (at simulation time 282.200,900,000 s)
2024-06-04 00:13:09,801 INFO  - Received CAM message from veh_81 (at simulation time 282.201,400,000 s)
2024-06-04 00:13:09,801 INFO  - Received CAM message from veh_78 (at simulation time 282.202,400,000 s)
2024-06-04 00:13:09,801 INFO  - Atempting to process queue (at simulation time 282.300,000,000 s)
2024-06-04 00:13:09,801 INFO  - Vehicle is inside the detection area. (at simulation time 282.300,000,000 s)
2024-06-04 00:13:09,801 INFO  - Sent Detection message to rsu_0 (at simulation time 282.300,000,000 s)
2024-06-04 00:13:09,801 INFO  - Sent broadcast CAM message to all vehicles (at simulation time 282.300,000,000 s)
2024-06-04 00:13:09,802 INFO  - Received CAM message from veh_114 (at simulation time 282.300,400,000 s)
2024-06-04 00:13:09,802 INFO  - Received CAM message from veh_111 (at simulation time 282.300,900,000 s)
2024-06-04 00:13:09,802 INFO  - Received CAM message from veh_93 (at simulation time 282.300,900,000 s)
2024-06-04 00:13:09,802 INFO  - Received CAM message from veh_78 (at simulation time 282.301,900,000 s)
2024-06-04 00:13:09,802 INFO  - Received CAM message from veh_81 (at simulation time 282.302,400,000 s)
2024-06-04 00:13:09,802 INFO  - Atempting to process queue (at simulation time 282.400,000,000 s)
2024-06-04 00:13:09,802 INFO  - Vehicle is inside the detection area. (at simulation time 282.400,000,000 s)
2024-06-04 00:13:09,802 INFO  - Sent Detection message to rsu_0 (at simulation time 282.400,000,000 s)
2024-06-04 00:13:09,802 INFO  - Sent broadcast CAM message to all vehicles (at simulation time 282.400,000,000 s)
2024-06-04 00:13:09,803 INFO  - Received CAM message from veh_111 (at simulation time 282.401,400,000 s)
2024-06-04 00:13:09,803 INFO  - Received CAM message from veh_81 (at simulation time 282.401,400,000 s)
2024-06-04 00:13:09,803 INFO  - Received CAM message from veh_114 (at simulation time 282.401,900,000 s)
2024-06-04 00:13:09,804 INFO  - Received CAM message from veh_78 (at simulation time 282.401,900,000 s)
2024-06-04 00:13:09,804 INFO  - Received CAM message from veh_93 (at simulation time 282.402,400,000 s)
2024-06-04 00:13:09,804 INFO  - Atempting to process queue (at simulation time 282.500,000,000 s)
2024-06-04 00:13:09,804 INFO  - Vehicle is inside the detection area. (at simulation time 282.500,000,000 s)
2024-06-04 00:13:09,804 INFO  - Sent Detection message to rsu_0 (at simulation time 282.500,000,000 s)
2024-06-04 00:13:09,804 INFO  - Sent broadcast CAM message to all vehicles (at simulation time 282.500,000,000 s)
2024-06-04 00:13:09,805 INFO  - Received CAM message from veh_93 (at simulation time 282.500,400,000 s)
2024-06-04 00:13:09,805 INFO  - Received CAM message from veh_81 (at simulation time 282.500,400,000 s)
2024-06-04 00:13:09,805 INFO  - Received CAM message from veh_78 (at simulation time 282.500,900,000 s)
2024-06-04 00:13:09,805 INFO  - Received CAM message from veh_111 (at simulation time 282.501,400,000 s)
2024-06-04 00:13:09,805 INFO  - Received CAM message from veh_114 (at simulation time 282.501,900,000 s)
2024-06-04 00:13:09,806 INFO  - Atempting to process queue (at simulation time 282.600,000,000 s)
2024-06-04 00:13:09,806 INFO  - Vehicle is inside the detection area. (at simulation time 282.600,000,000 s)
2024-06-04 00:13:09,806 INFO  - Sent Detection message to rsu_0 (at simulation time 282.600,000,000 s)
2024-06-04 00:13:09,806 INFO  - Sent broadcast CAM message to all vehicles (at simulation time 282.600,000,000 s)
2024-06-04 00:13:09,806 INFO  - Received CAM message from veh_111 (at simulation time 282.600,400,000 s)
2024-06-04 00:13:09,806 INFO  - Received CAM message from veh_93 (at simulation time 282.600,400,000 s)
2024-06-04 00:13:09,806 INFO  - Received CAM message from veh_81 (at simulation time 282.600,400,000 s)
2024-06-04 00:13:09,806 INFO  - Received CAM message from veh_78 (at simulation time 282.600,900,000 s)
2024-06-04 00:13:09,807 INFO  - Received CAM message from veh_114 (at simulation time 282.602,400,000 s)
2024-06-04 00:13:09,807 INFO  - Atempting to process queue (at simulation time 282.700,000,000 s)
2024-06-04 00:13:09,807 INFO  - Vehicle is inside the detection area. (at simulation time 282.700,000,000 s)
2024-06-04 00:13:09,807 INFO  - Sent Detection message to rsu_0 (at simulation time 282.700,000,000 s)
2024-06-04 00:13:09,807 INFO  - Sent broadcast CAM message to all vehicles (at simulation time 282.700,000,000 s)
2024-06-04 00:13:09,807 INFO  - Received CAM message from veh_81 (at simulation time 282.700,400,000 s)
2024-06-04 00:13:09,808 INFO  - Received CAM message from veh_78 (at simulation time 282.701,900,000 s)
2024-06-04 00:13:09,808 INFO  - Received CAM message from veh_114 (at simulation time 282.702,400,000 s)
2024-06-04 00:13:09,808 INFO  - Received CAM message from veh_111 (at simulation time 282.702,400,000 s)
2024-06-04 00:13:09,809 INFO  - Received CAM message from veh_93 (at simulation time 282.702,400,000 s)
2024-06-04 00:13:09,809 INFO  - Atempting to process queue (at simulation time 282.800,000,000 s)
2024-06-04 00:13:09,809 INFO  - Vehicle is inside the detection area. (at simulation time 282.800,000,000 s)
2024-06-04 00:13:09,809 INFO  - Sent Detection message to rsu_0 (at simulation time 282.800,000,000 s)
2024-06-04 00:13:09,809 INFO  - Sent broadcast CAM message to all vehicles (at simulation time 282.800,000,000 s)
2024-06-04 00:13:09,811 INFO  - Received Control message from rsu_0 to veh_128 (at simulation time 282.800,400,000 s)
2024-06-04 00:13:09,811 INFO  - Forwarded Control message to veh_93 (at simulation time 282.800,400,000 s)
2024-06-04 00:13:09,811 INFO  - Received Control message from rsu_0 to veh_143 (at simulation time 282.800,400,000 s)
2024-06-04 00:13:09,811 INFO  - Forwarded Control message to veh_93 (at simulation time 282.800,400,000 s)
2024-06-04 00:13:09,811 INFO  - Received Control message from rsu_0 to veh_72 (at simulation time 282.800,400,000 s)
2024-06-04 00:13:09,811 INFO  - Forwarded Control message to veh_93 (at simulation time 282.800,400,000 s)
2024-06-04 00:13:09,811 INFO  - Received Control message from rsu_0 to veh_56 (at simulation time 282.800,400,000 s)
2024-06-04 00:13:09,812 INFO  - Forwarded Control message to veh_93 (at simulation time 282.800,400,000 s)
2024-06-04 00:13:09,812 INFO  - Received Control message from rsu_0 to veh_98 (at simulation time 282.800,400,000 s)
2024-06-04 00:13:09,812 INFO  - Forwarded Control message to veh_93 (at simulation time 282.800,400,000 s)
2024-06-04 00:13:09,812 INFO  - Received Control message from rsu_0 to veh_131 (at simulation time 282.800,400,000 s)
2024-06-04 00:13:09,812 INFO  - Forwarded Control message to veh_93 (at simulation time 282.800,400,000 s)
2024-06-04 00:13:09,812 INFO  - Received Control message from rsu_0 to veh_40 (at simulation time 282.800,400,000 s)
2024-06-04 00:13:09,812 INFO  - Forwarded Control message to veh_93 (at simulation time 282.800,400,000 s)
2024-06-04 00:13:09,812 INFO  - Received Control message from rsu_0 to veh_20 (at simulation time 282.800,400,000 s)
2024-06-04 00:13:09,812 INFO  - Forwarded Control message to veh_93 (at simulation time 282.800,400,000 s)
2024-06-04 00:13:09,813 INFO  - Received CAM message from veh_111 (at simulation time 282.800,900,000 s)
2024-06-04 00:13:09,813 INFO  - Received CAM message from veh_78 (at simulation time 282.800,900,000 s)
2024-06-04 00:13:09,813 INFO  - Received Control message from rsu_0 to veh_80 (at simulation time 282.800,900,000 s)
2024-06-04 00:13:09,813 INFO  - Forwarded Control message to veh_93 (at simulation time 282.800,900,000 s)
2024-06-04 00:13:09,813 INFO  - Received Control message from rsu_0 to veh_16 (at simulation time 282.800,900,000 s)
2024-06-04 00:13:09,813 INFO  - Forwarded Control message to veh_93 (at simulation time 282.800,900,000 s)
2024-06-04 00:13:09,813 INFO  - Received Control message from rsu_0 to veh_104 (at simulation time 282.800,900,000 s)
2024-06-04 00:13:09,813 INFO  - Forwarded Control message to veh_93 (at simulation time 282.800,900,000 s)
2024-06-04 00:13:09,813 INFO  - Received Control message from rsu_0 to veh_101 (at simulation time 282.800,900,000 s)
2024-06-04 00:13:09,813 INFO  - Forwarded Control message to veh_93 (at simulation time 282.800,900,000 s)
2024-06-04 00:13:09,813 INFO  - Received Control message from rsu_0 to veh_0 (at simulation time 282.800,900,000 s)
2024-06-04 00:13:09,813 INFO  - Forwarded Control message to veh_93 (at simulation time 282.800,900,000 s)
2024-06-04 00:13:09,813 INFO  - Received Control message from rsu_0 to veh_116 (at simulation time 282.800,900,000 s)
2024-06-04 00:13:09,813 INFO  - Forwarded Control message to veh_93 (at simulation time 282.800,900,000 s)
2024-06-04 00:13:09,813 INFO  - Received Control message from rsu_0 to veh_24 (at simulation time 282.800,900,000 s)
2024-06-04 00:13:09,813 INFO  - Forwarded Control message to veh_93 (at simulation time 282.800,900,000 s)
2024-06-04 00:13:09,813 INFO  - Received Control message from rsu_0 to veh_113 (at simulation time 282.800,900,000 s)
2024-06-04 00:13:09,813 INFO  - Forwarded Control message to veh_93 (at simulation time 282.800,900,000 s)
2024-06-04 00:13:09,813 INFO  - Received Control message from rsu_0 to veh_28 (at simulation time 282.800,900,000 s)
2024-06-04 00:13:09,813 INFO  - Forwarded Control message to veh_93 (at simulation time 282.800,900,000 s)
2024-06-04 00:13:09,813 INFO  - Received Control message from rsu_0 to veh_89 (at simulation time 282.800,900,000 s)
2024-06-04 00:13:09,813 INFO  - Forwarded Control message to veh_93 (at simulation time 282.800,900,000 s)
2024-06-04 00:13:09,813 INFO  - Received Control message from rsu_0 to veh_64 (at simulation time 282.800,900,000 s)
2024-06-04 00:13:09,813 INFO  - Forwarded Control message to veh_93 (at simulation time 282.800,900,000 s)
2024-06-04 00:13:09,815 INFO  - Received CAM message from veh_93 (at simulation time 282.801,400,000 s)
2024-06-04 00:13:09,815 INFO  - Received Control message from rsu_0 to veh_125 (at simulation time 282.801,400,000 s)
2024-06-04 00:13:09,815 INFO  - Forwarded Control message to veh_93 (at simulation time 282.801,400,000 s)
2024-06-04 00:13:09,815 INFO  - Received Control message from rsu_0 to veh_36 (at simulation time 282.801,400,000 s)
2024-06-04 00:13:09,815 INFO  - Forwarded Control message to veh_93 (at simulation time 282.801,400,000 s)
2024-06-04 00:13:09,815 INFO  - Received Control message from rsu_0 to veh_122 (at simulation time 282.801,400,000 s)
2024-06-04 00:13:09,815 INFO  - Forwarded Control message to veh_93 (at simulation time 282.801,400,000 s)
2024-06-04 00:13:09,815 INFO  - Received Control message from rsu_0 to veh_52 (at simulation time 282.801,400,000 s)
2024-06-04 00:13:09,815 INFO  - Forwarded Control message to veh_93 (at simulation time 282.801,400,000 s)
2024-06-04 00:13:09,815 INFO  - Received Control message from rsu_0 to veh_140 (at simulation time 282.801,400,000 s)
2024-06-04 00:13:09,815 INFO  - Forwarded Control message to veh_93 (at simulation time 282.801,400,000 s)
2024-06-04 00:13:09,815 INFO  - Received Control message from rsu_0 to veh_12 (at simulation time 282.801,400,000 s)
2024-06-04 00:13:09,815 INFO  - Forwarded Control message to veh_93 (at simulation time 282.801,400,000 s)
2024-06-04 00:13:09,815 INFO  - Received Control message from rsu_0 to veh_4 (at simulation time 282.801,400,000 s)
2024-06-04 00:13:09,815 INFO  - Forwarded Control message to veh_93 (at simulation time 282.801,400,000 s)
2024-06-04 00:13:09,815 INFO  - Received Control message from rsu_0 to veh_158 (at simulation time 282.801,400,000 s)
2024-06-04 00:13:09,815 INFO  - Current route: 1, lane: 0 (at simulation time 282.801,400,000 s)
2024-06-04 00:13:09,815 INFO  - Vehicle position: GeoPoint{lat=40.743507,lon=-73.988444,alt=0.00} (at simulation time 282.801,400,000 s)
2024-06-04 00:13:09,815 INFO  - Received Control message from rsu_0 to veh_68 (at simulation time 282.801,400,000 s)
2024-06-04 00:13:09,815 INFO  - Forwarded Control message to veh_93 (at simulation time 282.801,400,000 s)
2024-06-04 00:13:09,815 INFO  - Received Control message from rsu_0 to veh_60 (at simulation time 282.801,400,000 s)
2024-06-04 00:13:09,815 INFO  - Forwarded Control message to veh_93 (at simulation time 282.801,400,000 s)
2024-06-04 00:13:09,815 INFO  - Received Control message from rsu_0 to veh_8 (at simulation time 282.801,400,000 s)
2024-06-04 00:13:09,815 INFO  - Forwarded Control message to veh_93 (at simulation time 282.801,400,000 s)
2024-06-04 00:13:09,815 INFO  - Received Control message from rsu_0 to veh_44 (at simulation time 282.801,400,000 s)
2024-06-04 00:13:09,815 INFO  - Forwarded Control message to veh_93 (at simulation time 282.801,400,000 s)
2024-06-04 00:13:09,815 INFO  - Received Control message from rsu_0 to veh_86 (at simulation time 282.801,400,000 s)
2024-06-04 00:13:09,815 INFO  - Forwarded Control message to veh_93 (at simulation time 282.801,400,000 s)
2024-06-04 00:13:09,816 INFO  - Received CAM message from veh_81 (at simulation time 282.801,900,000 s)
2024-06-04 00:13:09,816 INFO  - Received Control message from rsu_0 to veh_107 (at simulation time 282.801,900,000 s)
2024-06-04 00:13:09,816 INFO  - Forwarded Control message to veh_93 (at simulation time 282.801,900,000 s)
2024-06-04 00:13:09,816 INFO  - Received Control message from rsu_0 to veh_146 (at simulation time 282.801,900,000 s)
2024-06-04 00:13:09,816 INFO  - Forwarded Control message to veh_93 (at simulation time 282.801,900,000 s)
2024-06-04 00:13:09,816 INFO  - Received Control message from rsu_0 to veh_95 (at simulation time 282.801,900,000 s)
2024-06-04 00:13:09,816 INFO  - Forwarded Control message to veh_93 (at simulation time 282.801,900,000 s)
2024-06-04 00:13:09,816 INFO  - Received Control message from rsu_0 to veh_92 (at simulation time 282.801,900,000 s)
2024-06-04 00:13:09,816 INFO  - Forwarded Control message to veh_93 (at simulation time 282.801,900,000 s)
2024-06-04 00:13:09,816 INFO  - Received Control message from rsu_0 to veh_134 (at simulation time 282.801,900,000 s)
2024-06-04 00:13:09,816 INFO  - Forwarded Control message to veh_93 (at simulation time 282.801,900,000 s)
2024-06-04 00:13:09,816 INFO  - Received Control message from rsu_0 to veh_155 (at simulation time 282.801,900,000 s)
2024-06-04 00:13:09,816 INFO  - Forwarded Control message to veh_93 (at simulation time 282.801,900,000 s)
2024-06-04 00:13:09,816 INFO  - Received Control message from rsu_0 to veh_83 (at simulation time 282.801,900,000 s)
2024-06-04 00:13:09,816 INFO  - Forwarded Control message to veh_93 (at simulation time 282.801,900,000 s)
2024-06-04 00:13:09,817 INFO  - Received CAM message from veh_114 (at simulation time 282.802,400,000 s)
2024-06-04 00:13:09,817 INFO  - Received Control message from rsu_0 to veh_149 (at simulation time 282.802,400,000 s)
2024-06-04 00:13:09,817 INFO  - Forwarded Control message to veh_93 (at simulation time 282.802,400,000 s)
2024-06-04 00:13:09,817 INFO  - Received Control message from rsu_0 to veh_32 (at simulation time 282.802,400,000 s)
2024-06-04 00:13:09,817 INFO  - Forwarded Control message to veh_93 (at simulation time 282.802,400,000 s)
2024-06-04 00:13:09,817 INFO  - Received Control message from rsu_0 to veh_76 (at simulation time 282.802,400,000 s)
2024-06-04 00:13:09,817 INFO  - Forwarded Control message to veh_93 (at simulation time 282.802,400,000 s)
2024-06-04 00:13:09,817 INFO  - Received Control message from rsu_0 to veh_119 (at simulation time 282.802,400,000 s)
2024-06-04 00:13:09,817 INFO  - Forwarded Control message to veh_93 (at simulation time 282.802,400,000 s)
2024-06-04 00:13:09,817 INFO  - Received Control message from rsu_0 to veh_48 (at simulation time 282.802,400,000 s)
2024-06-04 00:13:09,817 INFO  - Forwarded Control message to veh_93 (at simulation time 282.802,400,000 s)
2024-06-04 00:13:09,817 INFO  - Received Control message from rsu_0 to veh_137 (at simulation time 282.802,400,000 s)
2024-06-04 00:13:09,817 INFO  - Forwarded Control message to veh_93 (at simulation time 282.802,400,000 s)
2024-06-04 00:13:09,817 INFO  - Received Control message from rsu_0 to veh_110 (at simulation time 282.802,400,000 s)
2024-06-04 00:13:09,817 INFO  - Forwarded Control message to veh_93 (at simulation time 282.802,400,000 s)
2024-06-04 00:13:09,817 INFO  - Received Control message from rsu_0 to veh_152 (at simulation time 282.802,400,000 s)
2024-06-04 00:13:09,817 INFO  - Forwarded Control message to veh_93 (at simulation time 282.802,400,000 s)
2024-06-04 00:13:09,828 INFO  - Atempting to process queue (at simulation time 282.900,000,000 s)
2024-06-04 00:13:09,828 INFO  - Vehicle is inside the detection area. (at simulation time 282.900,000,000 s)
2024-06-04 00:13:09,828 INFO  - Sent Detection message to rsu_0 (at simulation time 282.900,000,000 s)
2024-06-04 00:13:09,828 INFO  - Sent broadcast CAM message to all vehicles (at simulation time 282.900,000,000 s)
2024-06-04 00:13:09,828 INFO  - Received CAM message from veh_111 (at simulation time 282.900,400,000 s)
2024-06-04 00:13:09,828 INFO  - Received CAM message from veh_114 (at simulation time 282.900,900,000 s)
2024-06-04 00:13:09,829 INFO  - Received CAM message from veh_93 (at simulation time 282.901,900,000 s)
2024-06-04 00:13:09,829 INFO  - Received CAM message from veh_81 (at simulation time 282.901,900,000 s)
2024-06-04 00:13:09,829 INFO  - Received CAM message from veh_78 (at simulation time 282.901,900,000 s)
2024-06-04 00:13:09,835 INFO  - Atempting to process queue (at simulation time 283.000,000,000 s)
2024-06-04 00:13:09,835 INFO  - Vehicle is outside the detection area. (at simulation time 283.000,000,000 s)
2024-06-04 00:13:09,835 INFO  - Sent broadcast CAM message to all vehicles (at simulation time 283.000,000,000 s)
2024-06-04 00:13:09,839 INFO  - Received CAM message from veh_93 (at simulation time 283.000,400,000 s)
2024-06-04 00:13:09,839 INFO  - Received CAM message from veh_81 (at simulation time 283.000,900,000 s)
2024-06-04 00:13:09,839 INFO  - Received CAM message from veh_111 (at simulation time 283.001,400,000 s)
2024-06-04 00:13:09,839 INFO  - Received CAM message from veh_78 (at simulation time 283.001,900,000 s)
2024-06-04 00:13:09,840 INFO  - Received CAM message from veh_114 (at simulation time 283.002,400,000 s)
2024-06-04 00:13:09,840 INFO  - Received CAM message from veh_105 (at simulation time 283.002,400,000 s)
2024-06-04 00:13:09,840 INFO  - Atempting to process queue (at simulation time 283.100,000,000 s)
2024-06-04 00:13:09,840 INFO  - Vehicle is outside the detection area. (at simulation time 283.100,000,000 s)
2024-06-04 00:13:09,840 INFO  - Sent broadcast CAM message to all vehicles (at simulation time 283.100,000,000 s)
2024-06-04 00:13:09,841 INFO  - Received CAM message from veh_111 (at simulation time 283.100,400,000 s)
2024-06-04 00:13:09,841 INFO  - Received CAM message from veh_114 (at simulation time 283.100,900,000 s)
2024-06-04 00:13:09,841 INFO  - Received CAM message from veh_81 (at simulation time 283.100,900,000 s)
2024-06-04 00:13:09,841 INFO  - Received CAM message from veh_93 (at simulation time 283.101,400,000 s)
2024-06-04 00:13:09,841 INFO  - Received CAM message from veh_105 (at simulation time 283.102,400,000 s)
2024-06-04 00:13:09,841 INFO  - Received CAM message from veh_78 (at simulation time 283.102,400,000 s)
2024-06-04 00:13:09,841 INFO  - Atempting to process queue (at simulation time 283.200,000,000 s)
2024-06-04 00:13:09,841 INFO  - Vehicle is outside the detection area. (at simulation time 283.200,000,000 s)
2024-06-04 00:13:09,841 INFO  - Sent broadcast CAM message to all vehicles (at simulation time 283.200,000,000 s)
2024-06-04 00:13:09,842 INFO  - Received CAM message from veh_114 (at simulation time 283.200,400,000 s)
2024-06-04 00:13:09,842 INFO  - Received CAM message from veh_81 (at simulation time 283.200,400,000 s)
2024-06-04 00:13:09,843 INFO  - Received CAM message from veh_111 (at simulation time 283.200,900,000 s)
2024-06-04 00:13:09,843 INFO  - Received CAM message from veh_93 (at simulation time 283.200,900,000 s)
2024-06-04 00:13:09,843 INFO  - Received CAM message from veh_78 (at simulation time 283.201,900,000 s)
2024-06-04 00:13:09,843 INFO  - Received CAM message from veh_105 (at simulation time 283.202,400,000 s)
2024-06-04 00:13:09,843 INFO  - Atempting to process queue (at simulation time 283.300,000,000 s)
2024-06-04 00:13:09,843 INFO  - Vehicle is outside the detection area. (at simulation time 283.300,000,000 s)
2024-06-04 00:13:09,843 INFO  - Sent broadcast CAM message to all vehicles (at simulation time 283.300,000,000 s)
2024-06-04 00:13:09,844 INFO  - Received CAM message from veh_114 (at simulation time 283.300,400,000 s)
2024-06-04 00:13:09,844 INFO  - Received CAM message from veh_93 (at simulation time 283.300,400,000 s)
2024-06-04 00:13:09,844 INFO  - Received CAM message from veh_111 (at simulation time 283.300,900,000 s)
2024-06-04 00:13:09,844 INFO  - Received CAM message from veh_81 (at simulation time 283.301,900,000 s)
2024-06-04 00:13:09,844 INFO  - Received CAM message from veh_78 (at simulation time 283.301,900,000 s)
2024-06-04 00:13:09,844 INFO  - Received CAM message from veh_105 (at simulation time 283.302,400,000 s)
2024-06-04 00:13:09,844 INFO  - Atempting to process queue (at simulation time 283.400,000,000 s)
2024-06-04 00:13:09,844 INFO  - Vehicle is outside the detection area. (at simulation time 283.400,000,000 s)
2024-06-04 00:13:09,844 INFO  - Sent broadcast CAM message to all vehicles (at simulation time 283.400,000,000 s)
2024-06-04 00:13:09,845 INFO  - Received CAM message from veh_111 (at simulation time 283.400,400,000 s)
2024-06-04 00:13:09,845 INFO  - Received CAM message from veh_105 (at simulation time 283.400,900,000 s)
2024-06-04 00:13:09,845 INFO  - Received CAM message from veh_93 (at simulation time 283.400,900,000 s)
2024-06-04 00:13:09,846 INFO  - Received CAM message from veh_114 (at simulation time 283.401,900,000 s)
2024-06-04 00:13:09,846 INFO  - Received CAM message from veh_81 (at simulation time 283.401,900,000 s)
2024-06-04 00:13:09,846 INFO  - Received CAM message from veh_78 (at simulation time 283.401,900,000 s)
2024-06-04 00:13:09,846 INFO  - Atempting to process queue (at simulation time 283.500,000,000 s)
2024-06-04 00:13:09,846 INFO  - Vehicle is outside the detection area. (at simulation time 283.500,000,000 s)
2024-06-04 00:13:09,846 INFO  - Sent broadcast CAM message to all vehicles (at simulation time 283.500,000,000 s)
2024-06-04 00:13:09,846 INFO  - Received CAM message from veh_105 (at simulation time 283.500,400,000 s)
2024-06-04 00:13:09,846 INFO  - Received CAM message from veh_93 (at simulation time 283.500,400,000 s)
2024-06-04 00:13:09,846 INFO  - Received CAM message from veh_78 (at simulation time 283.500,400,000 s)
2024-06-04 00:13:09,847 INFO  - Received CAM message from veh_81 (at simulation time 283.501,900,000 s)
2024-06-04 00:13:09,847 INFO  - Received CAM message from veh_114 (at simulation time 283.502,400,000 s)
2024-06-04 00:13:09,847 INFO  - Received CAM message from veh_111 (at simulation time 283.502,400,000 s)
2024-06-04 00:13:09,847 INFO  - Atempting to process queue (at simulation time 283.600,000,000 s)
2024-06-04 00:13:09,847 INFO  - Vehicle is outside the detection area. (at simulation time 283.600,000,000 s)
2024-06-04 00:13:09,847 INFO  - Sent broadcast CAM message to all vehicles (at simulation time 283.600,000,000 s)
2024-06-04 00:13:09,848 INFO  - Received CAM message from veh_105 (at simulation time 283.600,900,000 s)
2024-06-04 00:13:09,848 INFO  - Received CAM message from veh_81 (at simulation time 283.600,900,000 s)
2024-06-04 00:13:09,848 INFO  - Received CAM message from veh_114 (at simulation time 283.601,400,000 s)
2024-06-04 00:13:09,848 INFO  - Received CAM message from veh_93 (at simulation time 283.601,400,000 s)
2024-06-04 00:13:09,848 INFO  - Received CAM message from veh_111 (at simulation time 283.602,400,000 s)
2024-06-04 00:13:09,848 INFO  - Received CAM message from veh_78 (at simulation time 283.602,400,000 s)
2024-06-04 00:13:09,848 INFO  - Atempting to process queue (at simulation time 283.700,000,000 s)
2024-06-04 00:13:09,848 INFO  - Vehicle is outside the detection area. (at simulation time 283.700,000,000 s)
2024-06-04 00:13:09,848 INFO  - Sent broadcast CAM message to all vehicles (at simulation time 283.700,000,000 s)
2024-06-04 00:13:09,849 INFO  - Received CAM message from veh_93 (at simulation time 283.700,400,000 s)
2024-06-04 00:13:09,849 INFO  - Received CAM message from veh_78 (at simulation time 283.701,400,000 s)
2024-06-04 00:13:09,849 INFO  - Received CAM message from veh_105 (at simulation time 283.701,900,000 s)
2024-06-04 00:13:09,849 INFO  - Received CAM message from veh_114 (at simulation time 283.702,400,000 s)
2024-06-04 00:13:09,849 INFO  - Received CAM message from veh_111 (at simulation time 283.702,400,000 s)
2024-06-04 00:13:09,850 INFO  - Received CAM message from veh_81 (at simulation time 283.702,400,000 s)
2024-06-04 00:13:09,850 INFO  - Atempting to process queue (at simulation time 283.800,000,000 s)
2024-06-04 00:13:09,850 INFO  - Vehicle is outside the detection area. (at simulation time 283.800,000,000 s)
2024-06-04 00:13:09,850 INFO  - Sent broadcast CAM message to all vehicles (at simulation time 283.800,000,000 s)
2024-06-04 00:13:09,850 INFO  - Received CAM message from veh_114 (at simulation time 283.800,400,000 s)
2024-06-04 00:13:09,850 INFO  - Received CAM message from veh_105 (at simulation time 283.800,400,000 s)
2024-06-04 00:13:09,850 INFO  - Received CAM message from veh_111 (at simulation time 283.800,900,000 s)
2024-06-04 00:13:09,850 INFO  - Received CAM message from veh_93 (at simulation time 283.801,400,000 s)
2024-06-04 00:13:09,850 INFO  - Received CAM message from veh_81 (at simulation time 283.801,400,000 s)
2024-06-04 00:13:09,851 INFO  - Received CAM message from veh_78 (at simulation time 283.802,400,000 s)
2024-06-04 00:13:09,851 INFO  - Atempting to process queue (at simulation time 283.900,000,000 s)
2024-06-04 00:13:09,851 INFO  - Vehicle is outside the detection area. (at simulation time 283.900,000,000 s)
2024-06-04 00:13:09,851 INFO  - Sent broadcast CAM message to all vehicles (at simulation time 283.900,000,000 s)
2024-06-04 00:13:09,851 INFO  - Received CAM message from veh_105 (at simulation time 283.900,400,000 s)
2024-06-04 00:13:09,851 INFO  - Received CAM message from veh_78 (at simulation time 283.900,900,000 s)
2024-06-04 00:13:09,852 INFO  - Received CAM message from veh_93 (at simulation time 283.901,400,000 s)
2024-06-04 00:13:09,852 INFO  - Received CAM message from veh_114 (at simulation time 283.902,400,000 s)
2024-06-04 00:13:09,852 INFO  - Received CAM message from veh_111 (at simulation time 283.902,400,000 s)
2024-06-04 00:13:09,852 INFO  - Received CAM message from veh_81 (at simulation time 283.902,400,000 s)
2024-06-04 00:13:09,858 INFO  - Atempting to process queue (at simulation time 284.000,000,000 s)
2024-06-04 00:13:09,858 INFO  - Vehicle is outside the detection area. (at simulation time 284.000,000,000 s)
2024-06-04 00:13:09,858 INFO  - Sent broadcast CAM message to all vehicles (at simulation time 284.000,000,000 s)
2024-06-04 00:13:09,860 INFO  - Received CAM message from veh_78 (at simulation time 284.000,400,000 s)
2024-06-04 00:13:09,860 INFO  - Received CAM message from veh_111 (at simulation time 284.000,900,000 s)
2024-06-04 00:13:09,860 INFO  - Received CAM message from veh_105 (at simulation time 284.000,900,000 s)
2024-06-04 00:13:09,861 INFO  - Received CAM message from veh_81 (at simulation time 284.001,400,000 s)
2024-06-04 00:13:09,861 INFO  - Received CAM message from veh_114 (at simulation time 284.001,900,000 s)
2024-06-04 00:13:09,861 INFO  - Received CAM message from veh_93 (at simulation time 284.002,400,000 s)
2024-06-04 00:13:09,861 INFO  - Atempting to process queue (at simulation time 284.100,000,000 s)
2024-06-04 00:13:09,861 INFO  - Vehicle is outside the detection area. (at simulation time 284.100,000,000 s)
2024-06-04 00:13:09,861 INFO  - Sent broadcast CAM message to all vehicles (at simulation time 284.100,000,000 s)
2024-06-04 00:13:09,862 INFO  - Received CAM message from veh_114 (at simulation time 284.100,900,000 s)
2024-06-04 00:13:09,862 INFO  - Received CAM message from veh_111 (at simulation time 284.100,900,000 s)
2024-06-04 00:13:09,862 INFO  - Received CAM message from veh_105 (at simulation time 284.100,900,000 s)
2024-06-04 00:13:09,863 INFO  - Received CAM message from veh_93 (at simulation time 284.100,900,000 s)
2024-06-04 00:13:09,863 INFO  - Received CAM message from veh_78 (at simulation time 284.101,900,000 s)
2024-06-04 00:13:09,863 INFO  - Received CAM message from veh_81 (at simulation time 284.102,400,000 s)
2024-06-04 00:13:09,863 INFO  - Atempting to process queue (at simulation time 284.200,000,000 s)
2024-06-04 00:13:09,863 INFO  - Vehicle is outside the detection area. (at simulation time 284.200,000,000 s)
2024-06-04 00:13:09,863 INFO  - Sent broadcast CAM message to all vehicles (at simulation time 284.200,000,000 s)
2024-06-04 00:13:09,864 INFO  - Received CAM message from veh_114 (at simulation time 284.200,400,000 s)
2024-06-04 00:13:09,864 INFO  - Received CAM message from veh_111 (at simulation time 284.200,400,000 s)
2024-06-04 00:13:09,865 INFO  - Received CAM message from veh_93 (at simulation time 284.201,900,000 s)
2024-06-04 00:13:09,865 INFO  - Received CAM message from veh_81 (at simulation time 284.201,900,000 s)
2024-06-04 00:13:09,865 INFO  - Received CAM message from veh_105 (at simulation time 284.202,400,000 s)
2024-06-04 00:13:09,865 INFO  - Received CAM message from veh_78 (at simulation time 284.202,400,000 s)
2024-06-04 00:13:09,865 INFO  - Atempting to process queue (at simulation time 284.300,000,000 s)
2024-06-04 00:13:09,865 INFO  - Vehicle is outside the detection area. (at simulation time 284.300,000,000 s)
2024-06-04 00:13:09,865 INFO  - Sent broadcast CAM message to all vehicles (at simulation time 284.300,000,000 s)
2024-06-04 00:13:09,866 INFO  - Received CAM message from veh_114 (at simulation time 284.301,400,000 s)
2024-06-04 00:13:09,866 INFO  - Received CAM message from veh_111 (at simulation time 284.301,400,000 s)
2024-06-04 00:13:09,866 INFO  - Received CAM message from veh_105 (at simulation time 284.301,400,000 s)
2024-06-04 00:13:09,866 INFO  - Received CAM message from veh_81 (at simulation time 284.301,400,000 s)
2024-06-04 00:13:09,866 INFO  - Received CAM message from veh_93 (at simulation time 284.302,400,000 s)
2024-06-04 00:13:09,866 INFO  - Received CAM message from veh_78 (at simulation time 284.302,400,000 s)
2024-06-04 00:13:09,866 INFO  - Atempting to process queue (at simulation time 284.400,000,000 s)
2024-06-04 00:13:09,866 INFO  - Vehicle is outside the detection area. (at simulation time 284.400,000,000 s)
2024-06-04 00:13:09,866 INFO  - Sent broadcast CAM message to all vehicles (at simulation time 284.400,000,000 s)
2024-06-04 00:13:09,867 INFO  - Received CAM message from veh_81 (at simulation time 284.400,400,000 s)
2024-06-04 00:13:09,867 INFO  - Received CAM message from veh_111 (at simulation time 284.400,900,000 s)
2024-06-04 00:13:09,867 INFO  - Received CAM message from veh_105 (at simulation time 284.400,900,000 s)
2024-06-04 00:13:09,867 INFO  - Received CAM message from veh_114 (at simulation time 284.401,900,000 s)
2024-06-04 00:13:09,867 INFO  - Received CAM message from veh_78 (at simulation time 284.401,900,000 s)
2024-06-04 00:13:09,867 INFO  - Received CAM message from veh_93 (at simulation time 284.402,400,000 s)
2024-06-04 00:13:09,867 INFO  - Atempting to process queue (at simulation time 284.500,000,000 s)
2024-06-04 00:13:09,867 INFO  - Vehicle is outside the detection area. (at simulation time 284.500,000,000 s)
2024-06-04 00:13:09,867 INFO  - Sent broadcast CAM message to all vehicles (at simulation time 284.500,000,000 s)
2024-06-04 00:13:09,868 INFO  - Received CAM message from veh_111 (at simulation time 284.500,900,000 s)
2024-06-04 00:13:09,868 INFO  - Received CAM message from veh_93 (at simulation time 284.500,900,000 s)
2024-06-04 00:13:09,868 INFO  - Received CAM message from veh_78 (at simulation time 284.500,900,000 s)
2024-06-04 00:13:09,868 INFO  - Received CAM message from veh_114 (at simulation time 284.501,900,000 s)
2024-06-04 00:13:09,868 INFO  - Received CAM message from veh_81 (at simulation time 284.501,900,000 s)
2024-06-04 00:13:09,869 INFO  - Received CAM message from veh_105 (at simulation time 284.502,400,000 s)
2024-06-04 00:13:09,869 INFO  - Atempting to process queue (at simulation time 284.600,000,000 s)
2024-06-04 00:13:09,869 INFO  - Vehicle is outside the detection area. (at simulation time 284.600,000,000 s)
2024-06-04 00:13:09,869 INFO  - Sent broadcast CAM message to all vehicles (at simulation time 284.600,000,000 s)
2024-06-04 00:13:09,869 INFO  - Received CAM message from veh_78 (at simulation time 284.600,900,000 s)
2024-06-04 00:13:09,870 INFO  - Received CAM message from veh_93 (at simulation time 284.601,400,000 s)
2024-06-04 00:13:09,870 INFO  - Received CAM message from veh_114 (at simulation time 284.601,900,000 s)
2024-06-04 00:13:09,870 INFO  - Received CAM message from veh_111 (at simulation time 284.601,900,000 s)
2024-06-04 00:13:09,870 INFO  - Received CAM message from veh_105 (at simulation time 284.602,400,000 s)
2024-06-04 00:13:09,870 INFO  - Received CAM message from veh_81 (at simulation time 284.602,400,000 s)
2024-06-04 00:13:09,870 INFO  - Atempting to process queue (at simulation time 284.700,000,000 s)
2024-06-04 00:13:09,870 INFO  - Vehicle is outside the detection area. (at simulation time 284.700,000,000 s)
2024-06-04 00:13:09,870 INFO  - Sent broadcast CAM message to all vehicles (at simulation time 284.700,000,000 s)
2024-06-04 00:13:09,871 INFO  - Received CAM message from veh_111 (at simulation time 284.700,400,000 s)
2024-06-04 00:13:09,871 INFO  - Received CAM message from veh_81 (at simulation time 284.700,900,000 s)
2024-06-04 00:13:09,871 INFO  - Received CAM message from veh_93 (at simulation time 284.701,400,000 s)
2024-06-04 00:13:09,871 INFO  - Received CAM message from veh_78 (at simulation time 284.701,900,000 s)
2024-06-04 00:13:09,872 INFO  - Received CAM message from veh_114 (at simulation time 284.702,400,000 s)
2024-06-04 00:13:09,872 INFO  - Received CAM message from veh_105 (at simulation time 284.702,400,000 s)
2024-06-04 00:13:09,872 INFO  - Atempting to process queue (at simulation time 284.800,000,000 s)
2024-06-04 00:13:09,872 INFO  - Vehicle is outside the detection area. (at simulation time 284.800,000,000 s)
2024-06-04 00:13:09,872 INFO  - Sent broadcast CAM message to all vehicles (at simulation time 284.800,000,000 s)
2024-06-04 00:13:09,873 INFO  - Received CAM message from veh_114 (at simulation time 284.801,900,000 s)
2024-06-04 00:13:09,873 INFO  - Received CAM message from veh_111 (at simulation time 284.801,900,000 s)
2024-06-04 00:13:09,873 INFO  - Received CAM message from veh_78 (at simulation time 284.801,900,000 s)
2024-06-04 00:13:09,873 INFO  - Received CAM message from veh_105 (at simulation time 284.802,400,000 s)
2024-06-04 00:13:09,873 INFO  - Received CAM message from veh_93 (at simulation time 284.802,400,000 s)
2024-06-04 00:13:09,873 INFO  - Received CAM message from veh_81 (at simulation time 284.802,400,000 s)
2024-06-04 00:13:09,873 INFO  - Atempting to process queue (at simulation time 284.900,000,000 s)
2024-06-04 00:13:09,873 INFO  - Vehicle is outside the detection area. (at simulation time 284.900,000,000 s)
2024-06-04 00:13:09,873 INFO  - Sent broadcast CAM message to all vehicles (at simulation time 284.900,000,000 s)
2024-06-04 00:13:09,874 INFO  - Received CAM message from veh_93 (at simulation time 284.900,400,000 s)
2024-06-04 00:13:09,874 INFO  - Received CAM message from veh_81 (at simulation time 284.900,400,000 s)
2024-06-04 00:13:09,874 INFO  - Received CAM message from veh_78 (at simulation time 284.900,400,000 s)
2024-06-04 00:13:09,874 INFO  - Received CAM message from veh_114 (at simulation time 284.901,400,000 s)
2024-06-04 00:13:09,874 INFO  - Received CAM message from veh_111 (at simulation time 284.901,400,000 s)
2024-06-04 00:13:09,875 INFO  - Received CAM message from veh_105 (at simulation time 284.901,400,000 s)
2024-06-04 00:13:09,880 INFO  - Atempting to process queue (at simulation time 285.000,000,000 s)
2024-06-04 00:13:09,880 INFO  - Vehicle is outside the detection area. (at simulation time 285.000,000,000 s)
2024-06-04 00:13:09,880 INFO  - Sent broadcast CAM message to all vehicles (at simulation time 285.000,000,000 s)
2024-06-04 00:13:09,881 INFO  - Received CAM message from veh_111 (at simulation time 285.000,900,000 s)
2024-06-04 00:13:09,881 INFO  - Received CAM message from veh_93 (at simulation time 285.002,400,000 s)
2024-06-04 00:13:09,881 INFO  - Received CAM message from veh_78 (at simulation time 285.002,400,000 s)
2024-06-04 00:13:09,882 INFO  - Atempting to process queue (at simulation time 285.100,000,000 s)
2024-06-04 00:13:09,882 INFO  - Vehicle is outside the detection area. (at simulation time 285.100,000,000 s)
2024-06-04 00:13:09,882 INFO  - Sent broadcast CAM message to all vehicles (at simulation time 285.100,000,000 s)
2024-06-04 00:13:09,882 INFO  - Received CAM message from veh_78 (at simulation time 285.100,900,000 s)
2024-06-04 00:13:09,882 INFO  - Received CAM message from veh_111 (at simulation time 285.101,900,000 s)
2024-06-04 00:13:09,883 INFO  - Received CAM message from veh_93 (at simulation time 285.102,400,000 s)
2024-06-04 00:13:09,883 INFO  - Atempting to process queue (at simulation time 285.200,000,000 s)
2024-06-04 00:13:09,883 INFO  - Vehicle is outside the detection area. (at simulation time 285.200,000,000 s)
2024-06-04 00:13:09,883 INFO  - Sent broadcast CAM message to all vehicles (at simulation time 285.200,000,000 s)
2024-06-04 00:13:09,884 INFO  - Received CAM message from veh_111 (at simulation time 285.200,900,000 s)
2024-06-04 00:13:09,884 INFO  - Received CAM message from veh_78 (at simulation time 285.201,900,000 s)
2024-06-04 00:13:09,884 INFO  - Received CAM message from veh_93 (at simulation time 285.202,400,000 s)
2024-06-04 00:13:09,884 INFO  - Atempting to process queue (at simulation time 285.300,000,000 s)
2024-06-04 00:13:09,884 INFO  - Vehicle is outside the detection area. (at simulation time 285.300,000,000 s)
2024-06-04 00:13:09,884 INFO  - Sent broadcast CAM message to all vehicles (at simulation time 285.300,000,000 s)
2024-06-04 00:13:09,885 INFO  - Received CAM message from veh_93 (at simulation time 285.300,900,000 s)
2024-06-04 00:13:09,885 INFO  - Received CAM message from veh_78 (at simulation time 285.300,900,000 s)
2024-06-04 00:13:09,885 INFO  - Received CAM message from veh_111 (at simulation time 285.302,400,000 s)
2024-06-04 00:13:09,885 INFO  - Atempting to process queue (at simulation time 285.400,000,000 s)
2024-06-04 00:13:09,885 INFO  - Vehicle is outside the detection area. (at simulation time 285.400,000,000 s)
2024-06-04 00:13:09,885 INFO  - Sent broadcast CAM message to all vehicles (at simulation time 285.400,000,000 s)
2024-06-04 00:13:09,886 INFO  - Received CAM message from veh_78 (at simulation time 285.400,400,000 s)
2024-06-04 00:13:09,886 INFO  - Received CAM message from veh_111 (at simulation time 285.401,400,000 s)
2024-06-04 00:13:09,887 INFO  - Received CAM message from veh_93 (at simulation time 285.402,400,000 s)
2024-06-04 00:13:09,887 INFO  - Atempting to process queue (at simulation time 285.500,000,000 s)
2024-06-04 00:13:09,887 INFO  - Vehicle is outside the detection area. (at simulation time 285.500,000,000 s)
2024-06-04 00:13:09,887 INFO  - Sent broadcast CAM message to all vehicles (at simulation time 285.500,000,000 s)
2024-06-04 00:13:09,888 INFO  - Received CAM message from veh_93 (at simulation time 285.500,400,000 s)
2024-06-04 00:13:09,888 INFO  - Received CAM message from veh_111 (at simulation time 285.502,400,000 s)
2024-06-04 00:13:09,889 INFO  - Received CAM message from veh_78 (at simulation time 285.502,400,000 s)
2024-06-04 00:13:09,889 INFO  - Atempting to process queue (at simulation time 285.600,000,000 s)
2024-06-04 00:13:09,889 INFO  - Vehicle is outside the detection area. (at simulation time 285.600,000,000 s)
2024-06-04 00:13:09,889 INFO  - Sent broadcast CAM message to all vehicles (at simulation time 285.600,000,000 s)
2024-06-04 00:13:09,889 INFO  - Received CAM message from veh_111 (at simulation time 285.600,400,000 s)
2024-06-04 00:13:09,890 INFO  - Received CAM message from veh_93 (at simulation time 285.602,400,000 s)
2024-06-04 00:13:09,890 INFO  - Received CAM message from veh_78 (at simulation time 285.602,400,000 s)
2024-06-04 00:13:09,890 INFO  - Atempting to process queue (at simulation time 285.700,000,000 s)
2024-06-04 00:13:09,890 INFO  - Vehicle is outside the detection area. (at simulation time 285.700,000,000 s)
2024-06-04 00:13:09,890 INFO  - Sent broadcast CAM message to all vehicles (at simulation time 285.700,000,000 s)
2024-06-04 00:13:09,891 INFO  - Received CAM message from veh_111 (at simulation time 285.700,900,000 s)
2024-06-04 00:13:09,891 INFO  - Received CAM message from veh_93 (at simulation time 285.700,900,000 s)
2024-06-04 00:13:09,892 INFO  - Received CAM message from veh_78 (at simulation time 285.702,400,000 s)
2024-06-04 00:13:09,892 INFO  - Atempting to process queue (at simulation time 285.800,000,000 s)
2024-06-04 00:13:09,892 INFO  - Vehicle is outside the detection area. (at simulation time 285.800,000,000 s)
2024-06-04 00:13:09,892 INFO  - Sent broadcast CAM message to all vehicles (at simulation time 285.800,000,000 s)
2024-06-04 00:13:09,893 INFO  - Received CAM message from veh_93 (at simulation time 285.800,400,000 s)
2024-06-04 00:13:09,893 INFO  - Received CAM message from veh_111 (at simulation time 285.801,400,000 s)
2024-06-04 00:13:09,893 INFO  - Received CAM message from veh_78 (at simulation time 285.801,900,000 s)
2024-06-04 00:13:09,893 INFO  - Atempting to process queue (at simulation time 285.900,000,000 s)
2024-06-04 00:13:09,893 INFO  - Vehicle is outside the detection area. (at simulation time 285.900,000,000 s)
2024-06-04 00:13:09,893 INFO  - Sent broadcast CAM message to all vehicles (at simulation time 285.900,000,000 s)
2024-06-04 00:13:09,894 INFO  - Received CAM message from veh_111 (at simulation time 285.900,400,000 s)
2024-06-04 00:13:09,894 INFO  - Received CAM message from veh_93 (at simulation time 285.901,400,000 s)
2024-06-04 00:13:09,895 INFO  - Received CAM message from veh_78 (at simulation time 285.902,400,000 s)
2024-06-04 00:13:09,897 INFO  - Atempting to process queue (at simulation time 286.000,000,000 s)
2024-06-04 00:13:09,897 INFO  - Vehicle is outside the detection area. (at simulation time 286.000,000,000 s)
2024-06-04 00:13:09,897 INFO  - Sent broadcast CAM message to all vehicles (at simulation time 286.000,000,000 s)
2024-06-04 00:13:09,898 INFO  - Received CAM message from veh_111 (at simulation time 286.000,900,000 s)
2024-06-04 00:13:09,898 INFO  - Received CAM message from veh_93 (at simulation time 286.001,400,000 s)
2024-06-04 00:13:09,898 INFO  - Atempting to process queue (at simulation time 286.100,000,000 s)
2024-06-04 00:13:09,898 INFO  - Vehicle is outside the detection area. (at simulation time 286.100,000,000 s)
2024-06-04 00:13:09,898 INFO  - Sent broadcast CAM message to all vehicles (at simulation time 286.100,000,000 s)
2024-06-04 00:13:09,899 INFO  - Received CAM message from veh_111 (at simulation time 286.100,900,000 s)
2024-06-04 00:13:09,900 INFO  - Received CAM message from veh_93 (at simulation time 286.101,900,000 s)
2024-06-04 00:13:09,900 INFO  - Atempting to process queue (at simulation time 286.200,000,000 s)
2024-06-04 00:13:09,900 INFO  - Vehicle is outside the detection area. (at simulation time 286.200,000,000 s)
2024-06-04 00:13:09,900 INFO  - Sent broadcast CAM message to all vehicles (at simulation time 286.200,000,000 s)
2024-06-04 00:13:09,901 INFO  - Received CAM message from veh_111 (at simulation time 286.201,900,000 s)
2024-06-04 00:13:09,901 INFO  - Received CAM message from veh_93 (at simulation time 286.202,400,000 s)
2024-06-04 00:13:09,902 INFO  - Atempting to process queue (at simulation time 286.300,000,000 s)
2024-06-04 00:13:09,902 INFO  - Vehicle is outside the detection area. (at simulation time 286.300,000,000 s)
2024-06-04 00:13:09,902 INFO  - Sent broadcast CAM message to all vehicles (at simulation time 286.300,000,000 s)
2024-06-04 00:13:09,903 INFO  - Received CAM message from veh_111 (at simulation time 286.301,400,000 s)
2024-06-04 00:13:09,903 INFO  - Received CAM message from veh_93 (at simulation time 286.301,900,000 s)
2024-06-04 00:13:09,903 INFO  - Atempting to process queue (at simulation time 286.400,000,000 s)
2024-06-04 00:13:09,903 INFO  - Vehicle is outside the detection area. (at simulation time 286.400,000,000 s)
2024-06-04 00:13:09,903 INFO  - Sent broadcast CAM message to all vehicles (at simulation time 286.400,000,000 s)
2024-06-04 00:13:09,904 INFO  - Received CAM message from veh_111 (at simulation time 286.401,400,000 s)
2024-06-04 00:13:09,905 INFO  - Received CAM message from veh_93 (at simulation time 286.402,400,000 s)
2024-06-04 00:13:09,905 INFO  - Atempting to process queue (at simulation time 286.500,000,000 s)
2024-06-04 00:13:09,905 INFO  - Vehicle is outside the detection area. (at simulation time 286.500,000,000 s)
2024-06-04 00:13:09,905 INFO  - Sent broadcast CAM message to all vehicles (at simulation time 286.500,000,000 s)
2024-06-04 00:13:09,905 INFO  - Received CAM message from veh_111 (at simulation time 286.500,400,000 s)
2024-06-04 00:13:09,905 INFO  - Received CAM message from veh_93 (at simulation time 286.500,400,000 s)
2024-06-04 00:13:09,906 INFO  - Atempting to process queue (at simulation time 286.600,000,000 s)
2024-06-04 00:13:09,906 INFO  - Vehicle is outside the detection area. (at simulation time 286.600,000,000 s)
2024-06-04 00:13:09,906 INFO  - Sent broadcast CAM message to all vehicles (at simulation time 286.600,000,000 s)
2024-06-04 00:13:09,907 INFO  - Received CAM message from veh_111 (at simulation time 286.600,900,000 s)
2024-06-04 00:13:09,907 INFO  - Received CAM message from veh_93 (at simulation time 286.600,900,000 s)
2024-06-04 00:13:09,908 INFO  - Atempting to process queue (at simulation time 286.700,000,000 s)
2024-06-04 00:13:09,908 INFO  - Vehicle is outside the detection area. (at simulation time 286.700,000,000 s)
2024-06-04 00:13:09,908 INFO  - Sent broadcast CAM message to all vehicles (at simulation time 286.700,000,000 s)
2024-06-04 00:13:09,909 INFO  - Received CAM message from veh_111 (at simulation time 286.700,900,000 s)
2024-06-04 00:13:09,909 INFO  - Received CAM message from veh_93 (at simulation time 286.702,400,000 s)
2024-06-04 00:13:09,909 INFO  - Atempting to process queue (at simulation time 286.800,000,000 s)
2024-06-04 00:13:09,909 INFO  - Vehicle is outside the detection area. (at simulation time 286.800,000,000 s)
2024-06-04 00:13:09,909 INFO  - Sent broadcast CAM message to all vehicles (at simulation time 286.800,000,000 s)
2024-06-04 00:13:09,910 INFO  - Received CAM message from veh_111 (at simulation time 286.802,400,000 s)
2024-06-04 00:13:09,910 INFO  - Received CAM message from veh_93 (at simulation time 286.802,400,000 s)
2024-06-04 00:13:09,910 INFO  - Atempting to process queue (at simulation time 286.900,000,000 s)
2024-06-04 00:13:09,910 INFO  - Vehicle is outside the detection area. (at simulation time 286.900,000,000 s)
2024-06-04 00:13:09,910 INFO  - Sent broadcast CAM message to all vehicles (at simulation time 286.900,000,000 s)
2024-06-04 00:13:09,911 INFO  - Received CAM message from veh_111 (at simulation time 286.900,400,000 s)
2024-06-04 00:13:09,911 INFO  - Received CAM message from veh_93 (at simulation time 286.900,400,000 s)
2024-06-04 00:13:09,914 INFO  - Atempting to process queue (at simulation time 287.000,000,000 s)
2024-06-04 00:13:09,914 INFO  - Vehicle is outside the detection area. (at simulation time 287.000,000,000 s)
2024-06-04 00:13:09,914 INFO  - Sent broadcast CAM message to all vehicles (at simulation time 287.000,000,000 s)
2024-06-04 00:13:09,917 INFO  - Atempting to process queue (at simulation time 287.100,000,000 s)
2024-06-04 00:13:09,917 INFO  - Vehicle is outside the detection area. (at simulation time 287.100,000,000 s)
2024-06-04 00:13:09,917 INFO  - Sent broadcast CAM message to all vehicles (at simulation time 287.100,000,000 s)
2024-06-04 00:13:09,918 INFO  - Atempting to process queue (at simulation time 287.200,000,000 s)
2024-06-04 00:13:09,918 INFO  - Vehicle is outside the detection area. (at simulation time 287.200,000,000 s)
2024-06-04 00:13:09,918 INFO  - Sent broadcast CAM message to all vehicles (at simulation time 287.200,000,000 s)
2024-06-04 00:13:09,920 INFO  - Atempting to process queue (at simulation time 287.300,000,000 s)
2024-06-04 00:13:09,920 INFO  - Vehicle is outside the detection area. (at simulation time 287.300,000,000 s)
2024-06-04 00:13:09,920 INFO  - Sent broadcast CAM message to all vehicles (at simulation time 287.300,000,000 s)
2024-06-04 00:13:09,922 INFO  - Atempting to process queue (at simulation time 287.400,000,000 s)
2024-06-04 00:13:09,922 INFO  - Vehicle is outside the detection area. (at simulation time 287.400,000,000 s)
2024-06-04 00:13:09,922 INFO  - Sent broadcast CAM message to all vehicles (at simulation time 287.400,000,000 s)
2024-06-04 00:13:09,923 INFO  - Atempting to process queue (at simulation time 287.500,000,000 s)
2024-06-04 00:13:09,923 INFO  - Vehicle is outside the detection area. (at simulation time 287.500,000,000 s)
2024-06-04 00:13:09,923 INFO  - Sent broadcast CAM message to all vehicles (at simulation time 287.500,000,000 s)
2024-06-04 00:13:09,925 INFO  - Atempting to process queue (at simulation time 287.600,000,000 s)
2024-06-04 00:13:09,925 INFO  - Vehicle is outside the detection area. (at simulation time 287.600,000,000 s)
2024-06-04 00:13:09,925 INFO  - Sent broadcast CAM message to all vehicles (at simulation time 287.600,000,000 s)
2024-06-04 00:13:09,926 INFO  - Atempting to process queue (at simulation time 287.700,000,000 s)
2024-06-04 00:13:09,926 INFO  - Vehicle is outside the detection area. (at simulation time 287.700,000,000 s)
2024-06-04 00:13:09,926 INFO  - Sent broadcast CAM message to all vehicles (at simulation time 287.700,000,000 s)
2024-06-04 00:13:09,927 INFO  - Atempting to process queue (at simulation time 287.800,000,000 s)
2024-06-04 00:13:09,927 INFO  - Vehicle is outside the detection area. (at simulation time 287.800,000,000 s)
2024-06-04 00:13:09,927 INFO  - Sent broadcast CAM message to all vehicles (at simulation time 287.800,000,000 s)
2024-06-04 00:13:09,928 INFO  - Atempting to process queue (at simulation time 287.900,000,000 s)
2024-06-04 00:13:09,928 INFO  - Vehicle is outside the detection area. (at simulation time 287.900,000,000 s)
2024-06-04 00:13:09,928 INFO  - Sent broadcast CAM message to all vehicles (at simulation time 287.900,000,000 s)
2024-06-04 00:13:09,935 INFO  - Vehicle is outside the detection area. (at simulation time 288.000,000,000 s)
2024-06-04 00:13:09,935 INFO  - Sent broadcast CAM message to all vehicles (at simulation time 288.000,000,000 s)
2024-06-04 00:13:09,938 INFO  - Vehicle is outside the detection area. (at simulation time 288.100,000,000 s)
2024-06-04 00:13:09,938 INFO  - Sent broadcast CAM message to all vehicles (at simulation time 288.100,000,000 s)
2024-06-04 00:13:09,940 INFO  - Vehicle is outside the detection area. (at simulation time 288.200,000,000 s)
2024-06-04 00:13:09,940 INFO  - Sent broadcast CAM message to all vehicles (at simulation time 288.200,000,000 s)
2024-06-04 00:13:09,941 INFO  - Vehicle is outside the detection area. (at simulation time 288.300,000,000 s)
2024-06-04 00:13:09,941 INFO  - Sent broadcast CAM message to all vehicles (at simulation time 288.300,000,000 s)
2024-06-04 00:13:09,943 INFO  - Vehicle is outside the detection area. (at simulation time 288.400,000,000 s)
2024-06-04 00:13:09,943 INFO  - Sent broadcast CAM message to all vehicles (at simulation time 288.400,000,000 s)
2024-06-04 00:13:09,944 INFO  - Vehicle is outside the detection area. (at simulation time 288.500,000,000 s)
2024-06-04 00:13:09,944 INFO  - Sent broadcast CAM message to all vehicles (at simulation time 288.500,000,000 s)
2024-06-04 00:13:09,945 INFO  - Vehicle is outside the detection area. (at simulation time 288.600,000,000 s)
2024-06-04 00:13:09,946 INFO  - Sent broadcast CAM message to all vehicles (at simulation time 288.600,000,000 s)
2024-06-04 00:13:09,947 INFO  - Vehicle is outside the detection area. (at simulation time 288.700,000,000 s)
2024-06-04 00:13:09,947 INFO  - Sent broadcast CAM message to all vehicles (at simulation time 288.700,000,000 s)
2024-06-04 00:13:09,949 INFO  - Vehicle is outside the detection area. (at simulation time 288.800,000,000 s)
2024-06-04 00:13:09,949 INFO  - Sent broadcast CAM message to all vehicles (at simulation time 288.800,000,000 s)
2024-06-04 00:13:09,950 INFO  - Vehicle is outside the detection area. (at simulation time 288.900,000,000 s)
2024-06-04 00:13:09,950 INFO  - Sent broadcast CAM message to all vehicles (at simulation time 288.900,000,000 s)
2024-06-04 00:13:09,958 INFO  - Vehicle is outside the detection area. (at simulation time 289.000,000,000 s)
2024-06-04 00:13:09,958 INFO  - Sent broadcast CAM message to all vehicles (at simulation time 289.000,000,000 s)
2024-06-04 00:13:09,960 INFO  - Vehicle is outside the detection area. (at simulation time 289.100,000,000 s)
2024-06-04 00:13:09,960 INFO  - Sent broadcast CAM message to all vehicles (at simulation time 289.100,000,000 s)
2024-06-04 00:13:09,962 INFO  - Vehicle is outside the detection area. (at simulation time 289.200,000,000 s)
2024-06-04 00:13:09,962 INFO  - Sent broadcast CAM message to all vehicles (at simulation time 289.200,000,000 s)
2024-06-04 00:13:09,964 INFO  - Vehicle is outside the detection area. (at simulation time 289.300,000,000 s)
2024-06-04 00:13:09,964 INFO  - Sent broadcast CAM message to all vehicles (at simulation time 289.300,000,000 s)
2024-06-04 00:13:09,966 INFO  - Vehicle is outside the detection area. (at simulation time 289.400,000,000 s)
2024-06-04 00:13:09,966 INFO  - Sent broadcast CAM message to all vehicles (at simulation time 289.400,000,000 s)
2024-06-04 00:13:09,968 INFO  - Vehicle is outside the detection area. (at simulation time 289.500,000,000 s)
2024-06-04 00:13:09,968 INFO  - Sent broadcast CAM message to all vehicles (at simulation time 289.500,000,000 s)
2024-06-04 00:13:09,970 INFO  - Vehicle is outside the detection area. (at simulation time 289.600,000,000 s)
2024-06-04 00:13:09,970 INFO  - Sent broadcast CAM message to all vehicles (at simulation time 289.600,000,000 s)
2024-06-04 00:13:09,971 INFO  - Vehicle is outside the detection area. (at simulation time 289.700,000,000 s)
2024-06-04 00:13:09,971 INFO  - Sent broadcast CAM message to all vehicles (at simulation time 289.700,000,000 s)
2024-06-04 00:13:09,972 INFO  - Vehicle is outside the detection area. (at simulation time 289.800,000,000 s)
2024-06-04 00:13:09,972 INFO  - Sent broadcast CAM message to all vehicles (at simulation time 289.800,000,000 s)
2024-06-04 00:13:09,974 INFO  - Vehicle is outside the detection area. (at simulation time 289.900,000,000 s)
2024-06-04 00:13:09,974 INFO  - Sent broadcast CAM message to all vehicles (at simulation time 289.900,000,000 s)
2024-06-04 00:13:10,082 INFO  - Vehicle is outside the detection area. (at simulation time 290.000,000,000 s)
2024-06-04 00:13:10,082 INFO  - Sent broadcast CAM message to all vehicles (at simulation time 290.000,000,000 s)
2024-06-04 00:13:10,085 INFO  - Vehicle is outside the detection area. (at simulation time 290.100,000,000 s)
2024-06-04 00:13:10,085 INFO  - Sent broadcast CAM message to all vehicles (at simulation time 290.100,000,000 s)
2024-06-04 00:13:10,087 INFO  - Vehicle is outside the detection area. (at simulation time 290.200,000,000 s)
2024-06-04 00:13:10,087 INFO  - Sent broadcast CAM message to all vehicles (at simulation time 290.200,000,000 s)
2024-06-04 00:13:10,089 INFO  - Vehicle is outside the detection area. (at simulation time 290.300,000,000 s)
2024-06-04 00:13:10,089 INFO  - Sent broadcast CAM message to all vehicles (at simulation time 290.300,000,000 s)
2024-06-04 00:13:10,091 INFO  - Vehicle is outside the detection area. (at simulation time 290.400,000,000 s)
2024-06-04 00:13:10,091 INFO  - Sent broadcast CAM message to all vehicles (at simulation time 290.400,000,000 s)
2024-06-04 00:13:10,092 INFO  - Vehicle is outside the detection area. (at simulation time 290.500,000,000 s)
2024-06-04 00:13:10,092 INFO  - Sent broadcast CAM message to all vehicles (at simulation time 290.500,000,000 s)
2024-06-04 00:13:10,094 INFO  - Vehicle is outside the detection area. (at simulation time 290.600,000,000 s)
2024-06-04 00:13:10,094 INFO  - Sent broadcast CAM message to all vehicles (at simulation time 290.600,000,000 s)
2024-06-04 00:13:10,095 INFO  - Vehicle is outside the detection area. (at simulation time 290.700,000,000 s)
2024-06-04 00:13:10,095 INFO  - Sent broadcast CAM message to all vehicles (at simulation time 290.700,000,000 s)
2024-06-04 00:13:10,097 INFO  - Vehicle is outside the detection area. (at simulation time 290.800,000,000 s)
2024-06-04 00:13:10,097 INFO  - Sent broadcast CAM message to all vehicles (at simulation time 290.800,000,000 s)
2024-06-04 00:13:10,098 INFO  - Vehicle is outside the detection area. (at simulation time 290.900,000,000 s)
2024-06-04 00:13:10,098 INFO  - Sent broadcast CAM message to all vehicles (at simulation time 290.900,000,000 s)
2024-06-04 00:13:10,103 INFO  - Vehicle is outside the detection area. (at simulation time 291.000,000,000 s)
2024-06-04 00:13:10,103 INFO  - Sent broadcast CAM message to all vehicles (at simulation time 291.000,000,000 s)
2024-06-04 00:13:10,106 INFO  - Vehicle is outside the detection area. (at simulation time 291.100,000,000 s)
2024-06-04 00:13:10,106 INFO  - Sent broadcast CAM message to all vehicles (at simulation time 291.100,000,000 s)
2024-06-04 00:13:10,108 INFO  - Vehicle is outside the detection area. (at simulation time 291.200,000,000 s)
2024-06-04 00:13:10,108 INFO  - Sent broadcast CAM message to all vehicles (at simulation time 291.200,000,000 s)
2024-06-04 00:13:10,109 INFO  - Vehicle is outside the detection area. (at simulation time 291.300,000,000 s)
2024-06-04 00:13:10,109 INFO  - Sent broadcast CAM message to all vehicles (at simulation time 291.300,000,000 s)
2024-06-04 00:13:10,111 INFO  - Vehicle is outside the detection area. (at simulation time 291.400,000,000 s)
2024-06-04 00:13:10,111 INFO  - Sent broadcast CAM message to all vehicles (at simulation time 291.400,000,000 s)
2024-06-04 00:13:10,112 INFO  - Vehicle is outside the detection area. (at simulation time 291.500,000,000 s)
2024-06-04 00:13:10,112 INFO  - Sent broadcast CAM message to all vehicles (at simulation time 291.500,000,000 s)
2024-06-04 00:13:10,113 INFO  - Vehicle is outside the detection area. (at simulation time 291.600,000,000 s)
2024-06-04 00:13:10,113 INFO  - Sent broadcast CAM message to all vehicles (at simulation time 291.600,000,000 s)
2024-06-04 00:13:10,115 INFO  - Vehicle is outside the detection area. (at simulation time 291.700,000,000 s)
2024-06-04 00:13:10,115 INFO  - Sent broadcast CAM message to all vehicles (at simulation time 291.700,000,000 s)
2024-06-04 00:13:10,116 INFO  - Vehicle is outside the detection area. (at simulation time 291.800,000,000 s)
2024-06-04 00:13:10,116 INFO  - Sent broadcast CAM message to all vehicles (at simulation time 291.800,000,000 s)
2024-06-04 00:13:10,118 INFO  - Vehicle is outside the detection area. (at simulation time 291.900,000,000 s)
2024-06-04 00:13:10,118 INFO  - Sent broadcast CAM message to all vehicles (at simulation time 291.900,000,000 s)
2024-06-04 00:13:10,123 INFO  - Shutdown application (at simulation time 292.000,000,000 s)
