2024-06-04 00:13:02,534 INFO  - Initialize application (at simulation time 20.000,000,000 s)
2024-06-04 00:13:02,536 INFO  - Activated WLAN Module (at simulation time 20.000,000,000 s)
2024-06-04 00:13:02,536 INFO  - Vehicle is outside the detection area. (at simulation time 20.000,000,000 s)
2024-06-04 00:13:02,537 INFO  - Sent broadcast CAM message to all vehicles (at simulation time 20.000,000,000 s)
2024-06-04 00:13:02,540 INFO  - Received CAM message from veh_12 (at simulation time 20.002,400,000 s)
2024-06-04 00:13:02,540 INFO  - Atempting to process queue (at simulation time 20.100,000,000 s)
2024-06-04 00:13:02,540 INFO  - Vehicle is outside the detection area. (at simulation time 20.100,000,000 s)
2024-06-04 00:13:02,540 INFO  - Sent broadcast CAM message to all vehicles (at simulation time 20.100,000,000 s)
2024-06-04 00:13:02,541 INFO  - Received CAM message from veh_12 (at simulation time 20.100,400,000 s)
2024-06-04 00:13:02,542 INFO  - Atempting to process queue (at simulation time 20.200,000,000 s)
2024-06-04 00:13:02,542 INFO  - Vehicle is outside the detection area. (at simulation time 20.200,000,000 s)
2024-06-04 00:13:02,542 INFO  - Sent broadcast CAM message to all vehicles (at simulation time 20.200,000,000 s)
2024-06-04 00:13:02,543 INFO  - Received CAM message from veh_12 (at simulation time 20.201,400,000 s)
2024-06-04 00:13:02,543 INFO  - Atempting to process queue (at simulation time 20.300,000,000 s)
2024-06-04 00:13:02,543 INFO  - Vehicle is outside the detection area. (at simulation time 20.300,000,000 s)
2024-06-04 00:13:02,543 INFO  - Sent broadcast CAM message to all vehicles (at simulation time 20.300,000,000 s)
2024-06-04 00:13:02,545 INFO  - Received CAM message from veh_12 (at simulation time 20.302,400,000 s)
2024-06-04 00:13:02,545 INFO  - Atempting to process queue (at simulation time 20.400,000,000 s)
2024-06-04 00:13:02,545 INFO  - Vehicle is outside the detection area. (at simulation time 20.400,000,000 s)
2024-06-04 00:13:02,545 INFO  - Sent broadcast CAM message to all vehicles (at simulation time 20.400,000,000 s)
2024-06-04 00:13:02,546 INFO  - Received CAM message from veh_12 (at simulation time 20.401,900,000 s)
2024-06-04 00:13:02,546 INFO  - Atempting to process queue (at simulation time 20.500,000,000 s)
2024-06-04 00:13:02,546 INFO  - Vehicle is outside the detection area. (at simulation time 20.500,000,000 s)
2024-06-04 00:13:02,546 INFO  - Sent broadcast CAM message to all vehicles (at simulation time 20.500,000,000 s)
2024-06-04 00:13:02,549 INFO  - Received CAM message from veh_12 (at simulation time 20.501,900,000 s)
2024-06-04 00:13:02,549 INFO  - Atempting to process queue (at simulation time 20.600,000,000 s)
2024-06-04 00:13:02,549 INFO  - Vehicle is outside the detection area. (at simulation time 20.600,000,000 s)
2024-06-04 00:13:02,549 INFO  - Sent broadcast CAM message to all vehicles (at simulation time 20.600,000,000 s)
2024-06-04 00:13:02,551 INFO  - Received CAM message from veh_12 (at simulation time 20.600,900,000 s)
2024-06-04 00:13:02,553 INFO  - Atempting to process queue (at simulation time 20.700,000,000 s)
2024-06-04 00:13:02,553 INFO  - Vehicle is outside the detection area. (at simulation time 20.700,000,000 s)
2024-06-04 00:13:02,553 INFO  - Sent broadcast CAM message to all vehicles (at simulation time 20.700,000,000 s)
2024-06-04 00:13:02,557 INFO  - Received CAM message from veh_12 (at simulation time 20.702,400,000 s)
2024-06-04 00:13:02,557 INFO  - Atempting to process queue (at simulation time 20.800,000,000 s)
2024-06-04 00:13:02,557 INFO  - Vehicle is outside the detection area. (at simulation time 20.800,000,000 s)
2024-06-04 00:13:02,557 INFO  - Sent broadcast CAM message to all vehicles (at simulation time 20.800,000,000 s)
2024-06-04 00:13:02,560 INFO  - Received CAM message from veh_12 (at simulation time 20.802,400,000 s)
2024-06-04 00:13:02,560 INFO  - Atempting to process queue (at simulation time 20.900,000,000 s)
2024-06-04 00:13:02,560 INFO  - Vehicle is outside the detection area. (at simulation time 20.900,000,000 s)
2024-06-04 00:13:02,560 INFO  - Sent broadcast CAM message to all vehicles (at simulation time 20.900,000,000 s)
2024-06-04 00:13:02,562 INFO  - Received CAM message from veh_12 (at simulation time 20.901,400,000 s)
2024-06-04 00:13:02,565 INFO  - Atempting to process queue (at simulation time 21.000,000,000 s)
2024-06-04 00:13:02,565 INFO  - Vehicle is outside the detection area. (at simulation time 21.000,000,000 s)
2024-06-04 00:13:02,565 INFO  - Sent broadcast CAM message to all vehicles (at simulation time 21.000,000,000 s)
2024-06-04 00:13:02,566 INFO  - Received CAM message from veh_12 (at simulation time 21.001,900,000 s)
2024-06-04 00:13:02,566 INFO  - Atempting to process queue (at simulation time 21.100,000,000 s)
2024-06-04 00:13:02,567 INFO  - Vehicle is outside the detection area. (at simulation time 21.100,000,000 s)
2024-06-04 00:13:02,567 INFO  - Sent broadcast CAM message to all vehicles (at simulation time 21.100,000,000 s)
2024-06-04 00:13:02,568 INFO  - Received CAM message from veh_12 (at simulation time 21.102,400,000 s)
2024-06-04 00:13:02,568 INFO  - Atempting to process queue (at simulation time 21.200,000,000 s)
2024-06-04 00:13:02,568 INFO  - Vehicle is outside the detection area. (at simulation time 21.200,000,000 s)
2024-06-04 00:13:02,568 INFO  - Sent broadcast CAM message to all vehicles (at simulation time 21.200,000,000 s)
2024-06-04 00:13:02,569 INFO  - Received CAM message from veh_12 (at simulation time 21.202,400,000 s)
2024-06-04 00:13:02,569 INFO  - Atempting to process queue (at simulation time 21.300,000,000 s)
2024-06-04 00:13:02,569 INFO  - Vehicle is outside the detection area. (at simulation time 21.300,000,000 s)
2024-06-04 00:13:02,569 INFO  - Sent broadcast CAM message to all vehicles (at simulation time 21.300,000,000 s)
2024-06-04 00:13:02,570 INFO  - Received CAM message from veh_12 (at simulation time 21.301,400,000 s)
2024-06-04 00:13:02,570 INFO  - Atempting to process queue (at simulation time 21.400,000,000 s)
2024-06-04 00:13:02,570 INFO  - Vehicle is outside the detection area. (at simulation time 21.400,000,000 s)
2024-06-04 00:13:02,570 INFO  - Sent broadcast CAM message to all vehicles (at simulation time 21.400,000,000 s)
2024-06-04 00:13:02,571 INFO  - Received CAM message from veh_12 (at simulation time 21.400,400,000 s)
2024-06-04 00:13:02,571 INFO  - Atempting to process queue (at simulation time 21.500,000,000 s)
2024-06-04 00:13:02,571 INFO  - Vehicle is outside the detection area. (at simulation time 21.500,000,000 s)
2024-06-04 00:13:02,571 INFO  - Sent broadcast CAM message to all vehicles (at simulation time 21.500,000,000 s)
2024-06-04 00:13:02,572 INFO  - Received CAM message from veh_12 (at simulation time 21.502,400,000 s)
2024-06-04 00:13:02,572 INFO  - Atempting to process queue (at simulation time 21.600,000,000 s)
2024-06-04 00:13:02,572 INFO  - Vehicle is outside the detection area. (at simulation time 21.600,000,000 s)
2024-06-04 00:13:02,572 INFO  - Sent broadcast CAM message to all vehicles (at simulation time 21.600,000,000 s)
2024-06-04 00:13:02,573 INFO  - Received CAM message from veh_12 (at simulation time 21.600,400,000 s)
2024-06-04 00:13:02,573 INFO  - Atempting to process queue (at simulation time 21.700,000,000 s)
2024-06-04 00:13:02,573 INFO  - Vehicle is outside the detection area. (at simulation time 21.700,000,000 s)
2024-06-04 00:13:02,573 INFO  - Sent broadcast CAM message to all vehicles (at simulation time 21.700,000,000 s)
2024-06-04 00:13:02,575 INFO  - Received CAM message from veh_12 (at simulation time 21.701,900,000 s)
2024-06-04 00:13:02,575 INFO  - Atempting to process queue (at simulation time 21.800,000,000 s)
2024-06-04 00:13:02,575 INFO  - Vehicle is outside the detection area. (at simulation time 21.800,000,000 s)
2024-06-04 00:13:02,575 INFO  - Sent broadcast CAM message to all vehicles (at simulation time 21.800,000,000 s)
2024-06-04 00:13:02,576 INFO  - Received CAM message from veh_12 (at simulation time 21.800,400,000 s)
2024-06-04 00:13:02,576 INFO  - Atempting to process queue (at simulation time 21.900,000,000 s)
2024-06-04 00:13:02,576 INFO  - Vehicle is outside the detection area. (at simulation time 21.900,000,000 s)
2024-06-04 00:13:02,576 INFO  - Sent broadcast CAM message to all vehicles (at simulation time 21.900,000,000 s)
2024-06-04 00:13:02,577 INFO  - Received CAM message from veh_12 (at simulation time 21.901,900,000 s)
2024-06-04 00:13:02,581 INFO  - Atempting to process queue (at simulation time 22.000,000,000 s)
2024-06-04 00:13:02,581 INFO  - Vehicle is outside the detection area. (at simulation time 22.000,000,000 s)
2024-06-04 00:13:02,581 INFO  - Sent broadcast CAM message to all vehicles (at simulation time 22.000,000,000 s)
2024-06-04 00:13:02,583 INFO  - Received CAM message from veh_12 (at simulation time 22.001,400,000 s)
2024-06-04 00:13:02,583 INFO  - Atempting to process queue (at simulation time 22.100,000,000 s)
2024-06-04 00:13:02,583 INFO  - Vehicle is outside the detection area. (at simulation time 22.100,000,000 s)
2024-06-04 00:13:02,583 INFO  - Sent broadcast CAM message to all vehicles (at simulation time 22.100,000,000 s)
2024-06-04 00:13:02,585 INFO  - Received CAM message from veh_12 (at simulation time 22.102,400,000 s)
2024-06-04 00:13:02,585 INFO  - Atempting to process queue (at simulation time 22.200,000,000 s)
2024-06-04 00:13:02,585 INFO  - Vehicle is outside the detection area. (at simulation time 22.200,000,000 s)
2024-06-04 00:13:02,585 INFO  - Sent broadcast CAM message to all vehicles (at simulation time 22.200,000,000 s)
2024-06-04 00:13:02,587 INFO  - Received CAM message from veh_12 (at simulation time 22.201,900,000 s)
2024-06-04 00:13:02,587 INFO  - Atempting to process queue (at simulation time 22.300,000,000 s)
2024-06-04 00:13:02,587 INFO  - Vehicle is outside the detection area. (at simulation time 22.300,000,000 s)
2024-06-04 00:13:02,587 INFO  - Sent broadcast CAM message to all vehicles (at simulation time 22.300,000,000 s)
2024-06-04 00:13:02,588 INFO  - Received CAM message from veh_12 (at simulation time 22.301,400,000 s)
2024-06-04 00:13:02,589 INFO  - Atempting to process queue (at simulation time 22.400,000,000 s)
2024-06-04 00:13:02,589 INFO  - Vehicle is outside the detection area. (at simulation time 22.400,000,000 s)
2024-06-04 00:13:02,589 INFO  - Sent broadcast CAM message to all vehicles (at simulation time 22.400,000,000 s)
2024-06-04 00:13:02,589 INFO  - Received CAM message from veh_12 (at simulation time 22.400,400,000 s)
2024-06-04 00:13:02,589 INFO  - Atempting to process queue (at simulation time 22.500,000,000 s)
2024-06-04 00:13:02,589 INFO  - Vehicle is outside the detection area. (at simulation time 22.500,000,000 s)
2024-06-04 00:13:02,589 INFO  - Sent broadcast CAM message to all vehicles (at simulation time 22.500,000,000 s)
2024-06-04 00:13:02,590 INFO  - Received CAM message from veh_12 (at simulation time 22.501,400,000 s)
2024-06-04 00:13:02,590 INFO  - Atempting to process queue (at simulation time 22.600,000,000 s)
2024-06-04 00:13:02,590 INFO  - Vehicle is outside the detection area. (at simulation time 22.600,000,000 s)
2024-06-04 00:13:02,590 INFO  - Sent broadcast CAM message to all vehicles (at simulation time 22.600,000,000 s)
2024-06-04 00:13:02,591 INFO  - Received CAM message from veh_12 (at simulation time 22.601,400,000 s)
2024-06-04 00:13:02,591 INFO  - Atempting to process queue (at simulation time 22.700,000,000 s)
2024-06-04 00:13:02,591 INFO  - Vehicle is outside the detection area. (at simulation time 22.700,000,000 s)
2024-06-04 00:13:02,591 INFO  - Sent broadcast CAM message to all vehicles (at simulation time 22.700,000,000 s)
2024-06-04 00:13:02,592 INFO  - Received CAM message from veh_12 (at simulation time 22.701,400,000 s)
2024-06-04 00:13:02,592 INFO  - Atempting to process queue (at simulation time 22.800,000,000 s)
2024-06-04 00:13:02,592 INFO  - Vehicle is outside the detection area. (at simulation time 22.800,000,000 s)
2024-06-04 00:13:02,592 INFO  - Sent broadcast CAM message to all vehicles (at simulation time 22.800,000,000 s)
2024-06-04 00:13:02,593 INFO  - Received CAM message from veh_12 (at simulation time 22.800,400,000 s)
2024-06-04 00:13:02,594 INFO  - Atempting to process queue (at simulation time 22.900,000,000 s)
2024-06-04 00:13:02,594 INFO  - Vehicle is outside the detection area. (at simulation time 22.900,000,000 s)
2024-06-04 00:13:02,594 INFO  - Sent broadcast CAM message to all vehicles (at simulation time 22.900,000,000 s)
2024-06-04 00:13:02,594 INFO  - Received CAM message from veh_12 (at simulation time 22.900,400,000 s)
2024-06-04 00:13:02,596 INFO  - Atempting to process queue (at simulation time 23.000,000,000 s)
2024-06-04 00:13:02,597 INFO  - Vehicle is inside the detection area. (at simulation time 23.000,000,000 s)
2024-06-04 00:13:02,597 INFO  - Vehicle is too far away from the traffic light. (at simulation time 23.000,000,000 s)
2024-06-04 00:13:02,597 INFO  - Sent Detection message to veh_12 (at simulation time 23.000,000,000 s)
2024-06-04 00:13:02,597 INFO  - Sent broadcast CAM message to all vehicles (at simulation time 23.000,000,000 s)
2024-06-04 00:13:02,598 INFO  - Received CAM message from veh_12 (at simulation time 23.001,900,000 s)
2024-06-04 00:13:02,598 INFO  - Atempting to process queue (at simulation time 23.100,000,000 s)
2024-06-04 00:13:02,598 INFO  - Vehicle is inside the detection area. (at simulation time 23.100,000,000 s)
2024-06-04 00:13:02,598 INFO  - Vehicle is too far away from the traffic light. (at simulation time 23.100,000,000 s)
2024-06-04 00:13:02,598 INFO  - Sent Detection message to veh_12 (at simulation time 23.100,000,000 s)
2024-06-04 00:13:02,598 INFO  - Sent broadcast CAM message to all vehicles (at simulation time 23.100,000,000 s)
2024-06-04 00:13:02,599 INFO  - Received CAM message from veh_12 (at simulation time 23.102,400,000 s)
2024-06-04 00:13:02,599 INFO  - Atempting to process queue (at simulation time 23.200,000,000 s)
2024-06-04 00:13:02,599 INFO  - Vehicle is inside the detection area. (at simulation time 23.200,000,000 s)
2024-06-04 00:13:02,599 INFO  - Vehicle is too far away from the traffic light. (at simulation time 23.200,000,000 s)
2024-06-04 00:13:02,599 INFO  - Sent Detection message to veh_12 (at simulation time 23.200,000,000 s)
2024-06-04 00:13:02,599 INFO  - Sent broadcast CAM message to all vehicles (at simulation time 23.200,000,000 s)
2024-06-04 00:13:02,600 INFO  - Received CAM message from veh_12 (at simulation time 23.200,900,000 s)
2024-06-04 00:13:02,601 INFO  - Atempting to process queue (at simulation time 23.300,000,000 s)
2024-06-04 00:13:02,601 INFO  - Vehicle is inside the detection area. (at simulation time 23.300,000,000 s)
2024-06-04 00:13:02,601 INFO  - Vehicle is too far away from the traffic light. (at simulation time 23.300,000,000 s)
2024-06-04 00:13:02,601 INFO  - Sent Detection message to veh_12 (at simulation time 23.300,000,000 s)
2024-06-04 00:13:02,601 INFO  - Sent broadcast CAM message to all vehicles (at simulation time 23.300,000,000 s)
2024-06-04 00:13:02,601 INFO  - Received CAM message from veh_12 (at simulation time 23.300,400,000 s)
2024-06-04 00:13:02,602 INFO  - Atempting to process queue (at simulation time 23.400,000,000 s)
2024-06-04 00:13:02,602 INFO  - Vehicle is inside the detection area. (at simulation time 23.400,000,000 s)
2024-06-04 00:13:02,602 INFO  - Vehicle is too far away from the traffic light. (at simulation time 23.400,000,000 s)
2024-06-04 00:13:02,602 INFO  - Sent Detection message to veh_12 (at simulation time 23.400,000,000 s)
2024-06-04 00:13:02,602 INFO  - Sent broadcast CAM message to all vehicles (at simulation time 23.400,000,000 s)
2024-06-04 00:13:02,603 INFO  - Received CAM message from veh_12 (at simulation time 23.400,900,000 s)
2024-06-04 00:13:02,603 INFO  - Atempting to process queue (at simulation time 23.500,000,000 s)
2024-06-04 00:13:02,603 INFO  - Vehicle is inside the detection area. (at simulation time 23.500,000,000 s)
2024-06-04 00:13:02,603 INFO  - Vehicle is too far away from the traffic light. (at simulation time 23.500,000,000 s)
2024-06-04 00:13:02,603 INFO  - Sent Detection message to veh_12 (at simulation time 23.500,000,000 s)
2024-06-04 00:13:02,603 INFO  - Sent broadcast CAM message to all vehicles (at simulation time 23.500,000,000 s)
2024-06-04 00:13:02,604 INFO  - Received CAM message from veh_12 (at simulation time 23.502,400,000 s)
2024-06-04 00:13:02,604 INFO  - Atempting to process queue (at simulation time 23.600,000,000 s)
2024-06-04 00:13:02,604 INFO  - Vehicle is inside the detection area. (at simulation time 23.600,000,000 s)
2024-06-04 00:13:02,604 INFO  - Vehicle is too far away from the traffic light. (at simulation time 23.600,000,000 s)
2024-06-04 00:13:02,604 INFO  - Sent Detection message to veh_12 (at simulation time 23.600,000,000 s)
2024-06-04 00:13:02,604 INFO  - Sent broadcast CAM message to all vehicles (at simulation time 23.600,000,000 s)
2024-06-04 00:13:02,605 INFO  - Received CAM message from veh_12 (at simulation time 23.600,400,000 s)
2024-06-04 00:13:02,605 INFO  - Atempting to process queue (at simulation time 23.700,000,000 s)
2024-06-04 00:13:02,605 INFO  - Vehicle is inside the detection area. (at simulation time 23.700,000,000 s)
2024-06-04 00:13:02,605 INFO  - Vehicle is too far away from the traffic light. (at simulation time 23.700,000,000 s)
2024-06-04 00:13:02,605 INFO  - Sent Detection message to veh_12 (at simulation time 23.700,000,000 s)
2024-06-04 00:13:02,605 INFO  - Sent broadcast CAM message to all vehicles (at simulation time 23.700,000,000 s)
2024-06-04 00:13:02,606 INFO  - Received CAM message from veh_12 (at simulation time 23.700,400,000 s)
2024-06-04 00:13:02,608 INFO  - Atempting to process queue (at simulation time 23.800,000,000 s)
2024-06-04 00:13:02,608 INFO  - Vehicle is inside the detection area. (at simulation time 23.800,000,000 s)
2024-06-04 00:13:02,608 INFO  - Vehicle is too far away from the traffic light. (at simulation time 23.800,000,000 s)
2024-06-04 00:13:02,608 INFO  - Sent Detection message to veh_12 (at simulation time 23.800,000,000 s)
2024-06-04 00:13:02,609 INFO  - Sent broadcast CAM message to all vehicles (at simulation time 23.800,000,000 s)
2024-06-04 00:13:02,610 INFO  - Received CAM message from veh_12 (at simulation time 23.800,900,000 s)
2024-06-04 00:13:02,613 INFO  - Atempting to process queue (at simulation time 23.900,000,000 s)
2024-06-04 00:13:02,613 INFO  - Vehicle is inside the detection area. (at simulation time 23.900,000,000 s)
2024-06-04 00:13:02,613 INFO  - Vehicle is too far away from the traffic light. (at simulation time 23.900,000,000 s)
2024-06-04 00:13:02,613 INFO  - Sent Detection message to veh_12 (at simulation time 23.900,000,000 s)
2024-06-04 00:13:02,613 INFO  - Sent broadcast CAM message to all vehicles (at simulation time 23.900,000,000 s)
2024-06-04 00:13:02,615 INFO  - Received CAM message from veh_12 (at simulation time 23.902,400,000 s)
2024-06-04 00:13:02,619 INFO  - Atempting to process queue (at simulation time 24.000,000,000 s)
2024-06-04 00:13:02,619 INFO  - Vehicle is inside the detection area. (at simulation time 24.000,000,000 s)
2024-06-04 00:13:02,619 INFO  - Vehicle is too far away from the traffic light. (at simulation time 24.000,000,000 s)
2024-06-04 00:13:02,619 INFO  - Sent Detection message to veh_12 (at simulation time 24.000,000,000 s)
2024-06-04 00:13:02,619 INFO  - Sent broadcast CAM message to all vehicles (at simulation time 24.000,000,000 s)
2024-06-04 00:13:02,620 INFO  - Received CAM message from veh_12 (at simulation time 24.000,900,000 s)
2024-06-04 00:13:02,621 INFO  - Atempting to process queue (at simulation time 24.100,000,000 s)
2024-06-04 00:13:02,621 INFO  - Vehicle is inside the detection area. (at simulation time 24.100,000,000 s)
2024-06-04 00:13:02,621 INFO  - Vehicle is too far away from the traffic light. (at simulation time 24.100,000,000 s)
2024-06-04 00:13:02,621 INFO  - Sent Detection message to veh_12 (at simulation time 24.100,000,000 s)
2024-06-04 00:13:02,621 INFO  - Sent broadcast CAM message to all vehicles (at simulation time 24.100,000,000 s)
2024-06-04 00:13:02,622 INFO  - Received CAM message from veh_12 (at simulation time 24.101,400,000 s)
2024-06-04 00:13:02,622 INFO  - Atempting to process queue (at simulation time 24.200,000,000 s)
2024-06-04 00:13:02,622 INFO  - Vehicle is inside the detection area. (at simulation time 24.200,000,000 s)
2024-06-04 00:13:02,622 INFO  - Vehicle is too far away from the traffic light. (at simulation time 24.200,000,000 s)
2024-06-04 00:13:02,622 INFO  - Sent Detection message to veh_12 (at simulation time 24.200,000,000 s)
2024-06-04 00:13:02,622 INFO  - Sent broadcast CAM message to all vehicles (at simulation time 24.200,000,000 s)
2024-06-04 00:13:02,626 INFO  - Received CAM message from veh_12 (at simulation time 24.201,400,000 s)
2024-06-04 00:13:02,626 INFO  - Atempting to process queue (at simulation time 24.300,000,000 s)
2024-06-04 00:13:02,626 INFO  - Vehicle is inside the detection area. (at simulation time 24.300,000,000 s)
2024-06-04 00:13:02,626 INFO  - Vehicle is too far away from the traffic light. (at simulation time 24.300,000,000 s)
2024-06-04 00:13:02,626 INFO  - Sent Detection message to veh_12 (at simulation time 24.300,000,000 s)
2024-06-04 00:13:02,626 INFO  - Sent broadcast CAM message to all vehicles (at simulation time 24.300,000,000 s)
2024-06-04 00:13:02,627 INFO  - Received CAM message from veh_12 (at simulation time 24.301,900,000 s)
2024-06-04 00:13:02,627 INFO  - Atempting to process queue (at simulation time 24.400,000,000 s)
2024-06-04 00:13:02,627 INFO  - Vehicle is inside the detection area. (at simulation time 24.400,000,000 s)
2024-06-04 00:13:02,627 INFO  - Vehicle is too far away from the traffic light. (at simulation time 24.400,000,000 s)
2024-06-04 00:13:02,627 INFO  - Sent Detection message to veh_12 (at simulation time 24.400,000,000 s)
2024-06-04 00:13:02,627 INFO  - Sent broadcast CAM message to all vehicles (at simulation time 24.400,000,000 s)
2024-06-04 00:13:02,627 INFO  - Received CAM message from veh_12 (at simulation time 24.400,900,000 s)
2024-06-04 00:13:02,628 INFO  - Atempting to process queue (at simulation time 24.500,000,000 s)
2024-06-04 00:13:02,628 INFO  - Vehicle is inside the detection area. (at simulation time 24.500,000,000 s)
2024-06-04 00:13:02,628 INFO  - Vehicle is too far away from the traffic light. (at simulation time 24.500,000,000 s)
2024-06-04 00:13:02,628 INFO  - Sent Detection message to veh_12 (at simulation time 24.500,000,000 s)
2024-06-04 00:13:02,628 INFO  - Sent broadcast CAM message to all vehicles (at simulation time 24.500,000,000 s)
2024-06-04 00:13:02,629 INFO  - Received CAM message from veh_12 (at simulation time 24.500,400,000 s)
2024-06-04 00:13:02,629 INFO  - Atempting to process queue (at simulation time 24.600,000,000 s)
2024-06-04 00:13:02,629 INFO  - Vehicle is inside the detection area. (at simulation time 24.600,000,000 s)
2024-06-04 00:13:02,629 INFO  - Vehicle is too far away from the traffic light. (at simulation time 24.600,000,000 s)
2024-06-04 00:13:02,629 INFO  - Sent Detection message to veh_12 (at simulation time 24.600,000,000 s)
2024-06-04 00:13:02,629 INFO  - Sent broadcast CAM message to all vehicles (at simulation time 24.600,000,000 s)
2024-06-04 00:13:02,630 INFO  - Received CAM message from veh_12 (at simulation time 24.601,900,000 s)
2024-06-04 00:13:02,630 INFO  - Atempting to process queue (at simulation time 24.700,000,000 s)
2024-06-04 00:13:02,630 INFO  - Vehicle is inside the detection area. (at simulation time 24.700,000,000 s)
2024-06-04 00:13:02,630 INFO  - Vehicle is too far away from the traffic light. (at simulation time 24.700,000,000 s)
2024-06-04 00:13:02,630 INFO  - Sent Detection message to veh_12 (at simulation time 24.700,000,000 s)
2024-06-04 00:13:02,630 INFO  - Sent broadcast CAM message to all vehicles (at simulation time 24.700,000,000 s)
2024-06-04 00:13:02,631 INFO  - Received CAM message from veh_12 (at simulation time 24.701,900,000 s)
2024-06-04 00:13:02,631 INFO  - Atempting to process queue (at simulation time 24.800,000,000 s)
2024-06-04 00:13:02,631 INFO  - Vehicle is inside the detection area. (at simulation time 24.800,000,000 s)
2024-06-04 00:13:02,631 INFO  - Vehicle is too far away from the traffic light. (at simulation time 24.800,000,000 s)
2024-06-04 00:13:02,631 INFO  - Sent Detection message to veh_12 (at simulation time 24.800,000,000 s)
2024-06-04 00:13:02,631 INFO  - Sent broadcast CAM message to all vehicles (at simulation time 24.800,000,000 s)
2024-06-04 00:13:02,634 INFO  - Received CAM message from veh_12 (at simulation time 24.801,900,000 s)
2024-06-04 00:13:02,634 INFO  - Atempting to process queue (at simulation time 24.900,000,000 s)
2024-06-04 00:13:02,634 INFO  - Vehicle is inside the detection area. (at simulation time 24.900,000,000 s)
2024-06-04 00:13:02,634 INFO  - Vehicle is too far away from the traffic light. (at simulation time 24.900,000,000 s)
2024-06-04 00:13:02,634 INFO  - Sent Detection message to veh_12 (at simulation time 24.900,000,000 s)
2024-06-04 00:13:02,634 INFO  - Sent broadcast CAM message to all vehicles (at simulation time 24.900,000,000 s)
2024-06-04 00:13:02,635 INFO  - Received CAM message from veh_12 (at simulation time 24.901,400,000 s)
2024-06-04 00:13:02,651 INFO  - Atempting to process queue (at simulation time 25.000,000,000 s)
2024-06-04 00:13:02,651 INFO  - Vehicle is inside the detection area. (at simulation time 25.000,000,000 s)
2024-06-04 00:13:02,651 INFO  - Sent Detection message to rsu_0 (at simulation time 25.000,000,000 s)
2024-06-04 00:13:02,651 INFO  - Sent broadcast CAM message to all vehicles (at simulation time 25.000,000,000 s)
2024-06-04 00:13:02,653 INFO  - Received CAM message from veh_12 (at simulation time 25.000,900,000 s)
2024-06-04 00:13:02,653 INFO  - Received CAM message from veh_6 (at simulation time 25.001,900,000 s)
2024-06-04 00:13:02,653 INFO  - Received CAM message from veh_14 (at simulation time 25.002,400,000 s)
2024-06-04 00:13:02,653 INFO  - Received CAM message from veh_10 (at simulation time 25.002,400,000 s)
2024-06-04 00:13:02,653 INFO  - Received CAM message from veh_2 (at simulation time 25.002,400,000 s)
2024-06-04 00:13:02,653 INFO  - Atempting to process queue (at simulation time 25.100,000,000 s)
2024-06-04 00:13:02,653 INFO  - Vehicle is inside the detection area. (at simulation time 25.100,000,000 s)
2024-06-04 00:13:02,653 INFO  - Sent Detection message to rsu_0 (at simulation time 25.100,000,000 s)
2024-06-04 00:13:02,653 INFO  - Sent broadcast CAM message to all vehicles (at simulation time 25.100,000,000 s)
2024-06-04 00:13:02,654 INFO  - Received CAM message from veh_12 (at simulation time 25.100,900,000 s)
2024-06-04 00:13:02,654 INFO  - Received CAM message from veh_14 (at simulation time 25.101,900,000 s)
2024-06-04 00:13:02,654 INFO  - Received CAM message from veh_6 (at simulation time 25.101,900,000 s)
2024-06-04 00:13:02,654 INFO  - Received CAM message from veh_2 (at simulation time 25.101,900,000 s)
2024-06-04 00:13:02,654 INFO  - Received CAM message from veh_10 (at simulation time 25.102,400,000 s)
2024-06-04 00:13:02,654 INFO  - Atempting to process queue (at simulation time 25.200,000,000 s)
2024-06-04 00:13:02,654 INFO  - Vehicle is inside the detection area. (at simulation time 25.200,000,000 s)
2024-06-04 00:13:02,654 INFO  - Sent Detection message to rsu_0 (at simulation time 25.200,000,000 s)
2024-06-04 00:13:02,654 INFO  - Sent broadcast CAM message to all vehicles (at simulation time 25.200,000,000 s)
2024-06-04 00:13:02,655 INFO  - Received CAM message from veh_14 (at simulation time 25.200,400,000 s)
2024-06-04 00:13:02,655 INFO  - Received CAM message from veh_10 (at simulation time 25.200,400,000 s)
2024-06-04 00:13:02,655 INFO  - Received CAM message from veh_6 (at simulation time 25.201,400,000 s)
2024-06-04 00:13:02,655 INFO  - Received CAM message from veh_2 (at simulation time 25.201,400,000 s)
2024-06-04 00:13:02,655 INFO  - Received CAM message from veh_12 (at simulation time 25.202,400,000 s)
2024-06-04 00:13:02,655 INFO  - Atempting to process queue (at simulation time 25.300,000,000 s)
2024-06-04 00:13:02,655 INFO  - Vehicle is inside the detection area. (at simulation time 25.300,000,000 s)
2024-06-04 00:13:02,655 INFO  - Sent Detection message to rsu_0 (at simulation time 25.300,000,000 s)
2024-06-04 00:13:02,655 INFO  - Sent broadcast CAM message to all vehicles (at simulation time 25.300,000,000 s)
2024-06-04 00:13:02,656 INFO  - Received CAM message from veh_12 (at simulation time 25.300,400,000 s)
2024-06-04 00:13:02,656 INFO  - Received CAM message from veh_14 (at simulation time 25.300,900,000 s)
2024-06-04 00:13:02,656 INFO  - Received CAM message from veh_10 (at simulation time 25.300,900,000 s)
2024-06-04 00:13:02,656 INFO  - Received CAM message from veh_6 (at simulation time 25.301,400,000 s)
2024-06-04 00:13:02,656 INFO  - Received CAM message from veh_2 (at simulation time 25.301,900,000 s)
2024-06-04 00:13:02,656 INFO  - Atempting to process queue (at simulation time 25.400,000,000 s)
2024-06-04 00:13:02,657 INFO  - Vehicle is inside the detection area. (at simulation time 25.400,000,000 s)
2024-06-04 00:13:02,657 INFO  - Sent Detection message to rsu_0 (at simulation time 25.400,000,000 s)
2024-06-04 00:13:02,657 INFO  - Sent broadcast CAM message to all vehicles (at simulation time 25.400,000,000 s)
2024-06-04 00:13:02,657 INFO  - Received CAM message from veh_14 (at simulation time 25.400,400,000 s)
2024-06-04 00:13:02,657 INFO  - Received CAM message from veh_10 (at simulation time 25.400,400,000 s)
2024-06-04 00:13:02,657 INFO  - Received CAM message from veh_6 (at simulation time 25.401,900,000 s)
2024-06-04 00:13:02,657 INFO  - Received CAM message from veh_2 (at simulation time 25.401,900,000 s)
2024-06-04 00:13:02,657 INFO  - Received CAM message from veh_12 (at simulation time 25.402,400,000 s)
2024-06-04 00:13:02,658 INFO  - Atempting to process queue (at simulation time 25.500,000,000 s)
2024-06-04 00:13:02,658 INFO  - Vehicle is inside the detection area. (at simulation time 25.500,000,000 s)
2024-06-04 00:13:02,658 INFO  - Sent Detection message to rsu_0 (at simulation time 25.500,000,000 s)
2024-06-04 00:13:02,658 INFO  - Sent broadcast CAM message to all vehicles (at simulation time 25.500,000,000 s)
2024-06-04 00:13:02,659 INFO  - Received CAM message from veh_10 (at simulation time 25.500,400,000 s)
2024-06-04 00:13:02,659 INFO  - Received CAM message from veh_12 (at simulation time 25.501,400,000 s)
2024-06-04 00:13:02,659 INFO  - Received CAM message from veh_2 (at simulation time 25.501,400,000 s)
2024-06-04 00:13:02,659 INFO  - Received CAM message from veh_14 (at simulation time 25.501,900,000 s)
2024-06-04 00:13:02,659 INFO  - Received CAM message from veh_6 (at simulation time 25.502,400,000 s)
2024-06-04 00:13:02,660 INFO  - Atempting to process queue (at simulation time 25.600,000,000 s)
2024-06-04 00:13:02,660 INFO  - Vehicle is inside the detection area. (at simulation time 25.600,000,000 s)
2024-06-04 00:13:02,660 INFO  - Sent Detection message to rsu_0 (at simulation time 25.600,000,000 s)
2024-06-04 00:13:02,660 INFO  - Sent broadcast CAM message to all vehicles (at simulation time 25.600,000,000 s)
2024-06-04 00:13:02,663 INFO  - Received CAM message from veh_14 (at simulation time 25.600,900,000 s)
2024-06-04 00:13:02,663 INFO  - Received CAM message from veh_6 (at simulation time 25.600,900,000 s)
2024-06-04 00:13:02,663 INFO  - Received CAM message from veh_10 (at simulation time 25.601,400,000 s)
2024-06-04 00:13:02,663 INFO  - Received CAM message from veh_2 (at simulation time 25.601,400,000 s)
2024-06-04 00:13:02,663 INFO  - Received CAM message from veh_12 (at simulation time 25.602,400,000 s)
2024-06-04 00:13:02,663 INFO  - Atempting to process queue (at simulation time 25.700,000,000 s)
2024-06-04 00:13:02,663 INFO  - Vehicle is inside the detection area. (at simulation time 25.700,000,000 s)
2024-06-04 00:13:02,663 INFO  - Sent Detection message to rsu_0 (at simulation time 25.700,000,000 s)
2024-06-04 00:13:02,663 INFO  - Sent broadcast CAM message to all vehicles (at simulation time 25.700,000,000 s)
2024-06-04 00:13:02,665 INFO  - Received CAM message from veh_6 (at simulation time 25.700,400,000 s)
2024-06-04 00:13:02,665 INFO  - Received CAM message from veh_12 (at simulation time 25.701,400,000 s)
2024-06-04 00:13:02,665 INFO  - Received CAM message from veh_14 (at simulation time 25.701,900,000 s)
2024-06-04 00:13:02,665 INFO  - Received CAM message from veh_10 (at simulation time 25.702,400,000 s)
2024-06-04 00:13:02,665 INFO  - Received CAM message from veh_2 (at simulation time 25.702,400,000 s)
2024-06-04 00:13:02,666 INFO  - Atempting to process queue (at simulation time 25.800,000,000 s)
2024-06-04 00:13:02,666 INFO  - Vehicle is inside the detection area. (at simulation time 25.800,000,000 s)
2024-06-04 00:13:02,666 INFO  - Sent Detection message to rsu_0 (at simulation time 25.800,000,000 s)
2024-06-04 00:13:02,666 INFO  - Sent broadcast CAM message to all vehicles (at simulation time 25.800,000,000 s)
2024-06-04 00:13:02,668 INFO  - Received CAM message from veh_2 (at simulation time 25.800,900,000 s)
2024-06-04 00:13:02,668 INFO  - Received CAM message from veh_10 (at simulation time 25.801,400,000 s)
2024-06-04 00:13:02,668 INFO  - Received CAM message from veh_12 (at simulation time 25.801,900,000 s)
2024-06-04 00:13:02,668 INFO  - Received CAM message from veh_14 (at simulation time 25.802,400,000 s)
2024-06-04 00:13:02,668 INFO  - Received CAM message from veh_6 (at simulation time 25.802,400,000 s)
2024-06-04 00:13:02,669 INFO  - Atempting to process queue (at simulation time 25.900,000,000 s)
2024-06-04 00:13:02,669 INFO  - Vehicle is inside the detection area. (at simulation time 25.900,000,000 s)
2024-06-04 00:13:02,669 INFO  - Sent Detection message to rsu_0 (at simulation time 25.900,000,000 s)
2024-06-04 00:13:02,669 INFO  - Sent broadcast CAM message to all vehicles (at simulation time 25.900,000,000 s)
2024-06-04 00:13:02,669 INFO  - Received CAM message from veh_12 (at simulation time 25.900,400,000 s)
2024-06-04 00:13:02,670 INFO  - Received CAM message from veh_10 (at simulation time 25.901,900,000 s)
2024-06-04 00:13:02,670 INFO  - Received CAM message from veh_6 (at simulation time 25.901,900,000 s)
2024-06-04 00:13:02,670 INFO  - Received CAM message from veh_14 (at simulation time 25.902,400,000 s)
2024-06-04 00:13:02,670 INFO  - Received CAM message from veh_2 (at simulation time 25.902,400,000 s)
2024-06-04 00:13:02,676 INFO  - Atempting to process queue (at simulation time 26.000,000,000 s)
2024-06-04 00:13:02,676 INFO  - Vehicle is inside the detection area. (at simulation time 26.000,000,000 s)
2024-06-04 00:13:02,676 INFO  - Sent Detection message to rsu_0 (at simulation time 26.000,000,000 s)
2024-06-04 00:13:02,676 INFO  - Sent broadcast CAM message to all vehicles (at simulation time 26.000,000,000 s)
2024-06-04 00:13:02,678 INFO  - Received CAM message from veh_12 (at simulation time 26.000,400,000 s)
2024-06-04 00:13:02,678 INFO  - Received CAM message from veh_6 (at simulation time 26.000,900,000 s)
2024-06-04 00:13:02,678 INFO  - Received CAM message from veh_14 (at simulation time 26.001,400,000 s)
2024-06-04 00:13:02,678 INFO  - Received CAM message from veh_10 (at simulation time 26.001,400,000 s)
2024-06-04 00:13:02,678 INFO  - Received CAM message from veh_2 (at simulation time 26.001,400,000 s)
2024-06-04 00:13:02,678 INFO  - Atempting to process queue (at simulation time 26.100,000,000 s)
2024-06-04 00:13:02,678 INFO  - Vehicle is inside the detection area. (at simulation time 26.100,000,000 s)
2024-06-04 00:13:02,678 INFO  - Sent Detection message to rsu_0 (at simulation time 26.100,000,000 s)
2024-06-04 00:13:02,678 INFO  - Sent broadcast CAM message to all vehicles (at simulation time 26.100,000,000 s)
2024-06-04 00:13:02,679 INFO  - Received CAM message from veh_12 (at simulation time 26.100,400,000 s)
2024-06-04 00:13:02,679 INFO  - Received CAM message from veh_14 (at simulation time 26.101,400,000 s)
2024-06-04 00:13:02,679 INFO  - Received CAM message from veh_10 (at simulation time 26.101,900,000 s)
2024-06-04 00:13:02,679 INFO  - Received CAM message from veh_2 (at simulation time 26.101,900,000 s)
2024-06-04 00:13:02,679 INFO  - Received CAM message from veh_6 (at simulation time 26.102,400,000 s)
2024-06-04 00:13:02,680 INFO  - Atempting to process queue (at simulation time 26.200,000,000 s)
2024-06-04 00:13:02,680 INFO  - Vehicle is inside the detection area. (at simulation time 26.200,000,000 s)
2024-06-04 00:13:02,680 INFO  - Sent Detection message to rsu_0 (at simulation time 26.200,000,000 s)
2024-06-04 00:13:02,680 INFO  - Sent broadcast CAM message to all vehicles (at simulation time 26.200,000,000 s)
2024-06-04 00:13:02,681 INFO  - Received CAM message from veh_14 (at simulation time 26.200,400,000 s)
2024-06-04 00:13:02,681 INFO  - Received CAM message from veh_2 (at simulation time 26.200,900,000 s)
2024-06-04 00:13:02,681 INFO  - Received CAM message from veh_12 (at simulation time 26.201,400,000 s)
2024-06-04 00:13:02,681 INFO  - Received CAM message from veh_10 (at simulation time 26.201,900,000 s)
2024-06-04 00:13:02,681 INFO  - Received CAM message from veh_6 (at simulation time 26.201,900,000 s)
2024-06-04 00:13:02,682 INFO  - Atempting to process queue (at simulation time 26.300,000,000 s)
2024-06-04 00:13:02,682 INFO  - Vehicle is inside the detection area. (at simulation time 26.300,000,000 s)
2024-06-04 00:13:02,682 INFO  - Sent Detection message to rsu_0 (at simulation time 26.300,000,000 s)
2024-06-04 00:13:02,682 INFO  - Sent broadcast CAM message to all vehicles (at simulation time 26.300,000,000 s)
2024-06-04 00:13:02,682 INFO  - Received CAM message from veh_12 (at simulation time 26.300,400,000 s)
2024-06-04 00:13:02,682 INFO  - Received CAM message from veh_14 (at simulation time 26.300,900,000 s)
2024-06-04 00:13:02,682 INFO  - Received CAM message from veh_2 (at simulation time 26.300,900,000 s)
2024-06-04 00:13:02,682 INFO  - Received CAM message from veh_6 (at simulation time 26.301,400,000 s)
2024-06-04 00:13:02,683 INFO  - Received CAM message from veh_10 (at simulation time 26.302,400,000 s)
2024-06-04 00:13:02,683 INFO  - Atempting to process queue (at simulation time 26.400,000,000 s)
2024-06-04 00:13:02,683 INFO  - Vehicle is inside the detection area. (at simulation time 26.400,000,000 s)
2024-06-04 00:13:02,683 INFO  - Sent Detection message to rsu_0 (at simulation time 26.400,000,000 s)
2024-06-04 00:13:02,683 INFO  - Sent broadcast CAM message to all vehicles (at simulation time 26.400,000,000 s)
2024-06-04 00:13:02,684 INFO  - Received CAM message from veh_6 (at simulation time 26.400,400,000 s)
2024-06-04 00:13:02,684 INFO  - Received CAM message from veh_14 (at simulation time 26.401,400,000 s)
2024-06-04 00:13:02,684 INFO  - Received CAM message from veh_10 (at simulation time 26.401,400,000 s)
2024-06-04 00:13:02,684 INFO  - Received CAM message from veh_12 (at simulation time 26.401,900,000 s)
2024-06-04 00:13:02,684 INFO  - Received CAM message from veh_2 (at simulation time 26.402,400,000 s)
2024-06-04 00:13:02,684 INFO  - Atempting to process queue (at simulation time 26.500,000,000 s)
2024-06-04 00:13:02,684 INFO  - Vehicle is inside the detection area. (at simulation time 26.500,000,000 s)
2024-06-04 00:13:02,684 INFO  - Sent Detection message to rsu_0 (at simulation time 26.500,000,000 s)
2024-06-04 00:13:02,684 INFO  - Sent broadcast CAM message to all vehicles (at simulation time 26.500,000,000 s)
2024-06-04 00:13:02,685 INFO  - Received CAM message from veh_10 (at simulation time 26.500,400,000 s)
2024-06-04 00:13:02,685 INFO  - Received CAM message from veh_2 (at simulation time 26.500,400,000 s)
2024-06-04 00:13:02,685 INFO  - Received CAM message from veh_12 (at simulation time 26.501,400,000 s)
2024-06-04 00:13:02,685 INFO  - Received CAM message from veh_14 (at simulation time 26.501,900,000 s)
2024-06-04 00:13:02,685 INFO  - Received CAM message from veh_6 (at simulation time 26.502,400,000 s)
2024-06-04 00:13:02,685 INFO  - Atempting to process queue (at simulation time 26.600,000,000 s)
2024-06-04 00:13:02,685 INFO  - Vehicle is inside the detection area. (at simulation time 26.600,000,000 s)
2024-06-04 00:13:02,686 INFO  - Sent Detection message to rsu_0 (at simulation time 26.600,000,000 s)
2024-06-04 00:13:02,686 INFO  - Sent broadcast CAM message to all vehicles (at simulation time 26.600,000,000 s)
2024-06-04 00:13:02,687 INFO  - Received CAM message from veh_6 (at simulation time 26.600,400,000 s)
2024-06-04 00:13:02,687 INFO  - Received CAM message from veh_2 (at simulation time 26.600,900,000 s)
2024-06-04 00:13:02,687 INFO  - Received CAM message from veh_12 (at simulation time 26.601,400,000 s)
2024-06-04 00:13:02,687 INFO  - Received CAM message from veh_14 (at simulation time 26.602,400,000 s)
2024-06-04 00:13:02,687 INFO  - Received CAM message from veh_10 (at simulation time 26.602,400,000 s)
2024-06-04 00:13:02,687 INFO  - Atempting to process queue (at simulation time 26.700,000,000 s)
2024-06-04 00:13:02,687 INFO  - Vehicle is inside the detection area. (at simulation time 26.700,000,000 s)
2024-06-04 00:13:02,687 INFO  - Sent Detection message to rsu_0 (at simulation time 26.700,000,000 s)
2024-06-04 00:13:02,687 INFO  - Sent broadcast CAM message to all vehicles (at simulation time 26.700,000,000 s)
2024-06-04 00:13:02,688 INFO  - Received CAM message from veh_10 (at simulation time 26.700,900,000 s)
2024-06-04 00:13:02,688 INFO  - Received CAM message from veh_6 (at simulation time 26.700,900,000 s)
2024-06-04 00:13:02,688 INFO  - Received CAM message from veh_14 (at simulation time 26.701,900,000 s)
2024-06-04 00:13:02,688 INFO  - Received CAM message from veh_2 (at simulation time 26.701,900,000 s)
2024-06-04 00:13:02,688 INFO  - Received CAM message from veh_12 (at simulation time 26.702,400,000 s)
2024-06-04 00:13:02,689 INFO  - Atempting to process queue (at simulation time 26.800,000,000 s)
2024-06-04 00:13:02,689 INFO  - Vehicle is inside the detection area. (at simulation time 26.800,000,000 s)
2024-06-04 00:13:02,689 INFO  - Sent Detection message to rsu_0 (at simulation time 26.800,000,000 s)
2024-06-04 00:13:02,689 INFO  - Sent broadcast CAM message to all vehicles (at simulation time 26.800,000,000 s)
2024-06-04 00:13:02,689 INFO  - Received CAM message from veh_12 (at simulation time 26.801,400,000 s)
2024-06-04 00:13:02,689 INFO  - Received CAM message from veh_10 (at simulation time 26.801,400,000 s)
2024-06-04 00:13:02,689 INFO  - Received CAM message from veh_6 (at simulation time 26.801,400,000 s)
2024-06-04 00:13:02,689 INFO  - Received CAM message from veh_2 (at simulation time 26.801,900,000 s)
2024-06-04 00:13:02,689 INFO  - Received CAM message from veh_14 (at simulation time 26.802,400,000 s)
2024-06-04 00:13:02,690 INFO  - Atempting to process queue (at simulation time 26.900,000,000 s)
2024-06-04 00:13:02,690 INFO  - Vehicle is inside the detection area. (at simulation time 26.900,000,000 s)
2024-06-04 00:13:02,690 INFO  - Sent Detection message to rsu_0 (at simulation time 26.900,000,000 s)
2024-06-04 00:13:02,690 INFO  - Sent broadcast CAM message to all vehicles (at simulation time 26.900,000,000 s)
2024-06-04 00:13:02,690 INFO  - Received CAM message from veh_14 (at simulation time 26.901,900,000 s)
2024-06-04 00:13:02,691 INFO  - Received CAM message from veh_2 (at simulation time 26.901,900,000 s)
2024-06-04 00:13:02,691 INFO  - Received CAM message from veh_12 (at simulation time 26.902,400,000 s)
2024-06-04 00:13:02,691 INFO  - Received CAM message from veh_10 (at simulation time 26.902,400,000 s)
2024-06-04 00:13:02,691 INFO  - Received CAM message from veh_6 (at simulation time 26.902,400,000 s)
2024-06-04 00:13:02,695 INFO  - Atempting to process queue (at simulation time 27.000,000,000 s)
2024-06-04 00:13:02,695 INFO  - Vehicle is outside the detection area. (at simulation time 27.000,000,000 s)
2024-06-04 00:13:02,695 INFO  - Sent broadcast CAM message to all vehicles (at simulation time 27.000,000,000 s)
2024-06-04 00:13:02,696 INFO  - Received CAM message from veh_10 (at simulation time 27.000,400,000 s)
2024-06-04 00:13:02,697 INFO  - Received CAM message from veh_12 (at simulation time 27.001,400,000 s)
2024-06-04 00:13:02,697 INFO  - Received CAM message from veh_6 (at simulation time 27.001,400,000 s)
2024-06-04 00:13:02,697 INFO  - Received CAM message from veh_2 (at simulation time 27.001,400,000 s)
2024-06-04 00:13:02,697 INFO  - Received CAM message from veh_14 (at simulation time 27.002,400,000 s)
2024-06-04 00:13:02,698 INFO  - Atempting to process queue (at simulation time 27.100,000,000 s)
2024-06-04 00:13:02,698 INFO  - Vehicle is outside the detection area. (at simulation time 27.100,000,000 s)
2024-06-04 00:13:02,698 INFO  - Sent broadcast CAM message to all vehicles (at simulation time 27.100,000,000 s)
2024-06-04 00:13:02,699 INFO  - Received CAM message from veh_2 (at simulation time 27.100,900,000 s)
2024-06-04 00:13:02,700 INFO  - Received CAM message from veh_14 (at simulation time 27.101,900,000 s)
2024-06-04 00:13:02,700 INFO  - Received CAM message from veh_10 (at simulation time 27.101,900,000 s)
2024-06-04 00:13:02,700 INFO  - Received CAM message from veh_12 (at simulation time 27.102,400,000 s)
2024-06-04 00:13:02,700 INFO  - Received CAM message from veh_6 (at simulation time 27.102,400,000 s)
2024-06-04 00:13:02,700 INFO  - Atempting to process queue (at simulation time 27.200,000,000 s)
2024-06-04 00:13:02,700 INFO  - Vehicle is outside the detection area. (at simulation time 27.200,000,000 s)
2024-06-04 00:13:02,700 INFO  - Sent broadcast CAM message to all vehicles (at simulation time 27.200,000,000 s)
2024-06-04 00:13:02,702 INFO  - Received CAM message from veh_6 (at simulation time 27.200,400,000 s)
2024-06-04 00:13:02,702 INFO  - Received CAM message from veh_14 (at simulation time 27.200,900,000 s)
2024-06-04 00:13:02,702 INFO  - Received CAM message from veh_2 (at simulation time 27.201,400,000 s)
2024-06-04 00:13:02,702 INFO  - Received CAM message from veh_12 (at simulation time 27.201,900,000 s)
2024-06-04 00:13:02,702 INFO  - Received CAM message from veh_10 (at simulation time 27.201,900,000 s)
2024-06-04 00:13:02,703 INFO  - Atempting to process queue (at simulation time 27.300,000,000 s)
2024-06-04 00:13:02,703 INFO  - Vehicle is outside the detection area. (at simulation time 27.300,000,000 s)
2024-06-04 00:13:02,703 INFO  - Sent broadcast CAM message to all vehicles (at simulation time 27.300,000,000 s)
2024-06-04 00:13:02,704 INFO  - Received CAM message from veh_2 (at simulation time 27.301,400,000 s)
2024-06-04 00:13:02,704 INFO  - Received CAM message from veh_12 (at simulation time 27.301,900,000 s)
2024-06-04 00:13:02,704 INFO  - Received CAM message from veh_10 (at simulation time 27.301,900,000 s)
2024-06-04 00:13:02,704 INFO  - Received CAM message from veh_6 (at simulation time 27.301,900,000 s)
2024-06-04 00:13:02,704 INFO  - Received CAM message from veh_14 (at simulation time 27.302,400,000 s)
2024-06-04 00:13:02,704 INFO  - Atempting to process queue (at simulation time 27.400,000,000 s)
2024-06-04 00:13:02,704 INFO  - Vehicle is outside the detection area. (at simulation time 27.400,000,000 s)
2024-06-04 00:13:02,704 INFO  - Sent broadcast CAM message to all vehicles (at simulation time 27.400,000,000 s)
2024-06-04 00:13:02,705 INFO  - Received CAM message from veh_14 (at simulation time 27.400,400,000 s)
2024-06-04 00:13:02,705 INFO  - Received CAM message from veh_10 (at simulation time 27.400,900,000 s)
2024-06-04 00:13:02,706 INFO  - Received CAM message from veh_12 (at simulation time 27.401,900,000 s)
2024-06-04 00:13:02,706 INFO  - Received CAM message from veh_6 (at simulation time 27.401,900,000 s)
2024-06-04 00:13:02,706 INFO  - Received CAM message from veh_2 (at simulation time 27.401,900,000 s)
2024-06-04 00:13:02,706 INFO  - Atempting to process queue (at simulation time 27.500,000,000 s)
2024-06-04 00:13:02,706 INFO  - Vehicle is outside the detection area. (at simulation time 27.500,000,000 s)
2024-06-04 00:13:02,706 INFO  - Sent broadcast CAM message to all vehicles (at simulation time 27.500,000,000 s)
2024-06-04 00:13:02,707 INFO  - Received CAM message from veh_14 (at simulation time 27.500,900,000 s)
2024-06-04 00:13:02,707 INFO  - Received CAM message from veh_2 (at simulation time 27.500,900,000 s)
2024-06-04 00:13:02,707 INFO  - Received CAM message from veh_10 (at simulation time 27.501,900,000 s)
2024-06-04 00:13:02,707 INFO  - Received CAM message from veh_12 (at simulation time 27.502,400,000 s)
2024-06-04 00:13:02,707 INFO  - Received CAM message from veh_6 (at simulation time 27.502,400,000 s)
2024-06-04 00:13:02,707 INFO  - Atempting to process queue (at simulation time 27.600,000,000 s)
2024-06-04 00:13:02,707 INFO  - Vehicle is outside the detection area. (at simulation time 27.600,000,000 s)
2024-06-04 00:13:02,707 INFO  - Sent broadcast CAM message to all vehicles (at simulation time 27.600,000,000 s)
2024-06-04 00:13:02,708 INFO  - Received CAM message from veh_12 (at simulation time 27.600,400,000 s)
2024-06-04 00:13:02,709 INFO  - Received CAM message from veh_2 (at simulation time 27.600,900,000 s)
2024-06-04 00:13:02,709 INFO  - Received CAM message from veh_14 (at simulation time 27.601,400,000 s)
2024-06-04 00:13:02,709 INFO  - Received CAM message from veh_10 (at simulation time 27.602,400,000 s)
2024-06-04 00:13:02,709 INFO  - Received CAM message from veh_6 (at simulation time 27.602,400,000 s)
2024-06-04 00:13:02,709 INFO  - Atempting to process queue (at simulation time 27.700,000,000 s)
2024-06-04 00:13:02,709 INFO  - Vehicle is outside the detection area. (at simulation time 27.700,000,000 s)
2024-06-04 00:13:02,709 INFO  - Sent broadcast CAM message to all vehicles (at simulation time 27.700,000,000 s)
2024-06-04 00:13:02,710 INFO  - Received CAM message from veh_6 (at simulation time 27.700,400,000 s)
2024-06-04 00:13:02,710 INFO  - Received CAM message from veh_14 (at simulation time 27.701,400,000 s)
2024-06-04 00:13:02,710 INFO  - Received CAM message from veh_12 (at simulation time 27.701,900,000 s)
2024-06-04 00:13:02,710 INFO  - Received CAM message from veh_10 (at simulation time 27.701,900,000 s)
2024-06-04 00:13:02,710 INFO  - Received CAM message from veh_2 (at simulation time 27.701,900,000 s)
2024-06-04 00:13:02,711 INFO  - Atempting to process queue (at simulation time 27.800,000,000 s)
2024-06-04 00:13:02,711 INFO  - Vehicle is outside the detection area. (at simulation time 27.800,000,000 s)
2024-06-04 00:13:02,711 INFO  - Sent broadcast CAM message to all vehicles (at simulation time 27.800,000,000 s)
2024-06-04 00:13:02,711 INFO  - Received CAM message from veh_12 (at simulation time 27.800,400,000 s)
2024-06-04 00:13:02,711 INFO  - Received CAM message from veh_6 (at simulation time 27.800,400,000 s)
2024-06-04 00:13:02,711 INFO  - Received CAM message from veh_2 (at simulation time 27.800,400,000 s)
2024-06-04 00:13:02,712 INFO  - Received CAM message from veh_14 (at simulation time 27.802,400,000 s)
2024-06-04 00:13:02,712 INFO  - Received CAM message from veh_10 (at simulation time 27.802,400,000 s)
2024-06-04 00:13:02,712 INFO  - Atempting to process queue (at simulation time 27.900,000,000 s)
2024-06-04 00:13:02,712 INFO  - Vehicle is outside the detection area. (at simulation time 27.900,000,000 s)
2024-06-04 00:13:02,712 INFO  - Sent broadcast CAM message to all vehicles (at simulation time 27.900,000,000 s)
2024-06-04 00:13:02,716 INFO  - Received CAM message from veh_10 (at simulation time 27.901,400,000 s)
2024-06-04 00:13:02,716 INFO  - Received CAM message from veh_6 (at simulation time 27.901,400,000 s)
2024-06-04 00:13:02,717 INFO  - Received CAM message from veh_12 (at simulation time 27.901,900,000 s)
2024-06-04 00:13:02,717 INFO  - Received CAM message from veh_14 (at simulation time 27.901,900,000 s)
2024-06-04 00:13:02,717 INFO  - Received CAM message from veh_2 (at simulation time 27.902,400,000 s)
2024-06-04 00:13:02,720 INFO  - Atempting to process queue (at simulation time 28.000,000,000 s)
2024-06-04 00:13:02,720 INFO  - Vehicle is outside the detection area. (at simulation time 28.000,000,000 s)
2024-06-04 00:13:02,720 INFO  - Sent broadcast CAM message to all vehicles (at simulation time 28.000,000,000 s)
2024-06-04 00:13:02,722 INFO  - Received CAM message from veh_10 (at simulation time 28.000,400,000 s)
2024-06-04 00:13:02,722 INFO  - Received CAM message from veh_6 (at simulation time 28.000,900,000 s)
2024-06-04 00:13:02,722 INFO  - Received CAM message from veh_2 (at simulation time 28.001,400,000 s)
2024-06-04 00:13:02,722 INFO  - Received CAM message from veh_14 (at simulation time 28.001,900,000 s)
2024-06-04 00:13:02,722 INFO  - Received CAM message from veh_12 (at simulation time 28.002,400,000 s)
2024-06-04 00:13:02,723 INFO  - Atempting to process queue (at simulation time 28.100,000,000 s)
2024-06-04 00:13:02,723 INFO  - Vehicle is outside the detection area. (at simulation time 28.100,000,000 s)
2024-06-04 00:13:02,723 INFO  - Sent broadcast CAM message to all vehicles (at simulation time 28.100,000,000 s)
2024-06-04 00:13:02,724 INFO  - Received CAM message from veh_12 (at simulation time 28.100,900,000 s)
2024-06-04 00:13:02,724 INFO  - Received CAM message from veh_14 (at simulation time 28.101,900,000 s)
2024-06-04 00:13:02,724 INFO  - Received CAM message from veh_10 (at simulation time 28.101,900,000 s)
2024-06-04 00:13:02,724 INFO  - Received CAM message from veh_6 (at simulation time 28.102,400,000 s)
2024-06-04 00:13:02,724 INFO  - Received CAM message from veh_2 (at simulation time 28.102,400,000 s)
2024-06-04 00:13:02,725 INFO  - Atempting to process queue (at simulation time 28.200,000,000 s)
2024-06-04 00:13:02,725 INFO  - Vehicle is outside the detection area. (at simulation time 28.200,000,000 s)
2024-06-04 00:13:02,725 INFO  - Sent broadcast CAM message to all vehicles (at simulation time 28.200,000,000 s)
2024-06-04 00:13:02,726 INFO  - Received CAM message from veh_6 (at simulation time 28.200,400,000 s)
2024-06-04 00:13:02,727 INFO  - Received CAM message from veh_2 (at simulation time 28.200,900,000 s)
2024-06-04 00:13:02,727 INFO  - Received CAM message from veh_12 (at simulation time 28.201,400,000 s)
2024-06-04 00:13:02,727 INFO  - Received CAM message from veh_14 (at simulation time 28.201,400,000 s)
2024-06-04 00:13:02,727 INFO  - Received CAM message from veh_10 (at simulation time 28.201,900,000 s)
2024-06-04 00:13:02,729 INFO  - Atempting to process queue (at simulation time 28.300,000,000 s)
2024-06-04 00:13:02,733 INFO  - Vehicle is outside the detection area. (at simulation time 28.300,000,000 s)
2024-06-04 00:13:02,734 INFO  - Sent broadcast CAM message to all vehicles (at simulation time 28.300,000,000 s)
2024-06-04 00:13:02,736 INFO  - Received CAM message from veh_14 (at simulation time 28.300,400,000 s)
2024-06-04 00:13:02,736 INFO  - Received CAM message from veh_2 (at simulation time 28.300,400,000 s)
2024-06-04 00:13:02,736 INFO  - Received CAM message from veh_6 (at simulation time 28.300,900,000 s)
2024-06-04 00:13:02,736 INFO  - Received CAM message from veh_12 (at simulation time 28.301,400,000 s)
2024-06-04 00:13:02,736 INFO  - Received CAM message from veh_10 (at simulation time 28.302,400,000 s)
2024-06-04 00:13:02,737 INFO  - Atempting to process queue (at simulation time 28.400,000,000 s)
2024-06-04 00:13:02,737 INFO  - Vehicle is outside the detection area. (at simulation time 28.400,000,000 s)
2024-06-04 00:13:02,737 INFO  - Sent broadcast CAM message to all vehicles (at simulation time 28.400,000,000 s)
2024-06-04 00:13:02,738 INFO  - Received CAM message from veh_14 (at simulation time 28.400,900,000 s)
2024-06-04 00:13:02,738 INFO  - Received CAM message from veh_10 (at simulation time 28.400,900,000 s)
2024-06-04 00:13:02,738 INFO  - Received CAM message from veh_6 (at simulation time 28.400,900,000 s)
2024-06-04 00:13:02,738 INFO  - Received CAM message from veh_2 (at simulation time 28.401,400,000 s)
2024-06-04 00:13:02,738 INFO  - Received CAM message from veh_12 (at simulation time 28.401,900,000 s)
2024-06-04 00:13:02,739 INFO  - Atempting to process queue (at simulation time 28.500,000,000 s)
2024-06-04 00:13:02,739 INFO  - Vehicle is outside the detection area. (at simulation time 28.500,000,000 s)
2024-06-04 00:13:02,739 INFO  - Sent broadcast CAM message to all vehicles (at simulation time 28.500,000,000 s)
2024-06-04 00:13:02,740 INFO  - Received CAM message from veh_12 (at simulation time 28.500,400,000 s)
2024-06-04 00:13:02,740 INFO  - Received CAM message from veh_10 (at simulation time 28.500,900,000 s)
2024-06-04 00:13:02,740 INFO  - Received CAM message from veh_6 (at simulation time 28.500,900,000 s)
2024-06-04 00:13:02,741 INFO  - Received CAM message from veh_14 (at simulation time 28.502,400,000 s)
2024-06-04 00:13:02,741 INFO  - Received CAM message from veh_2 (at simulation time 28.502,400,000 s)
2024-06-04 00:13:02,741 INFO  - Atempting to process queue (at simulation time 28.600,000,000 s)
2024-06-04 00:13:02,741 INFO  - Vehicle is outside the detection area. (at simulation time 28.600,000,000 s)
2024-06-04 00:13:02,741 INFO  - Sent broadcast CAM message to all vehicles (at simulation time 28.600,000,000 s)
2024-06-04 00:13:02,742 INFO  - Received CAM message from veh_12 (at simulation time 28.600,400,000 s)
2024-06-04 00:13:02,742 INFO  - Received CAM message from veh_10 (at simulation time 28.601,400,000 s)
2024-06-04 00:13:02,742 INFO  - Received CAM message from veh_14 (at simulation time 28.601,900,000 s)
2024-06-04 00:13:02,742 INFO  - Received CAM message from veh_2 (at simulation time 28.601,900,000 s)
2024-06-04 00:13:02,742 INFO  - Received CAM message from veh_6 (at simulation time 28.602,400,000 s)
2024-06-04 00:13:02,743 INFO  - Atempting to process queue (at simulation time 28.700,000,000 s)
2024-06-04 00:13:02,743 INFO  - Vehicle is outside the detection area. (at simulation time 28.700,000,000 s)
2024-06-04 00:13:02,743 INFO  - Sent broadcast CAM message to all vehicles (at simulation time 28.700,000,000 s)
2024-06-04 00:13:02,744 INFO  - Received CAM message from veh_12 (at simulation time 28.700,900,000 s)
2024-06-04 00:13:02,744 INFO  - Received CAM message from veh_14 (at simulation time 28.701,400,000 s)
2024-06-04 00:13:02,744 INFO  - Received CAM message from veh_6 (at simulation time 28.701,400,000 s)
2024-06-04 00:13:02,745 INFO  - Received CAM message from veh_2 (at simulation time 28.701,900,000 s)
2024-06-04 00:13:02,745 INFO  - Received CAM message from veh_10 (at simulation time 28.702,400,000 s)
2024-06-04 00:13:02,745 INFO  - Atempting to process queue (at simulation time 28.800,000,000 s)
2024-06-04 00:13:02,745 INFO  - Vehicle is outside the detection area. (at simulation time 28.800,000,000 s)
2024-06-04 00:13:02,746 INFO  - Sent broadcast CAM message to all vehicles (at simulation time 28.800,000,000 s)
2024-06-04 00:13:02,747 INFO  - Received CAM message from veh_14 (at simulation time 28.801,400,000 s)
2024-06-04 00:13:02,747 INFO  - Received CAM message from veh_6 (at simulation time 28.801,400,000 s)
2024-06-04 00:13:02,747 INFO  - Received CAM message from veh_2 (at simulation time 28.801,400,000 s)
2024-06-04 00:13:02,747 INFO  - Received CAM message from veh_12 (at simulation time 28.801,900,000 s)
2024-06-04 00:13:02,748 INFO  - Received CAM message from veh_10 (at simulation time 28.802,400,000 s)
2024-06-04 00:13:02,748 INFO  - Atempting to process queue (at simulation time 28.900,000,000 s)
2024-06-04 00:13:02,748 INFO  - Vehicle is outside the detection area. (at simulation time 28.900,000,000 s)
2024-06-04 00:13:02,748 INFO  - Sent broadcast CAM message to all vehicles (at simulation time 28.900,000,000 s)
2024-06-04 00:13:02,749 INFO  - Received CAM message from veh_12 (at simulation time 28.900,400,000 s)
2024-06-04 00:13:02,749 INFO  - Received CAM message from veh_10 (at simulation time 28.900,900,000 s)
2024-06-04 00:13:02,749 INFO  - Received CAM message from veh_6 (at simulation time 28.900,900,000 s)
2024-06-04 00:13:02,749 INFO  - Received CAM message from veh_2 (at simulation time 28.900,900,000 s)
2024-06-04 00:13:02,749 INFO  - Received CAM message from veh_14 (at simulation time 28.901,900,000 s)
2024-06-04 00:13:02,754 INFO  - Atempting to process queue (at simulation time 29.000,000,000 s)
2024-06-04 00:13:02,754 INFO  - Vehicle is outside the detection area. (at simulation time 29.000,000,000 s)
2024-06-04 00:13:02,754 INFO  - Sent broadcast CAM message to all vehicles (at simulation time 29.000,000,000 s)
2024-06-04 00:13:02,755 INFO  - Received CAM message from veh_10 (at simulation time 29.000,400,000 s)
2024-06-04 00:13:02,755 INFO  - Received CAM message from veh_2 (at simulation time 29.000,400,000 s)
2024-06-04 00:13:02,756 INFO  - Received CAM message from veh_14 (at simulation time 29.001,400,000 s)
2024-06-04 00:13:02,756 INFO  - Received CAM message from veh_6 (at simulation time 29.001,400,000 s)
2024-06-04 00:13:02,757 INFO  - Atempting to process queue (at simulation time 29.100,000,000 s)
2024-06-04 00:13:02,757 INFO  - Vehicle is outside the detection area. (at simulation time 29.100,000,000 s)
2024-06-04 00:13:02,757 INFO  - Sent broadcast CAM message to all vehicles (at simulation time 29.100,000,000 s)
2024-06-04 00:13:02,758 INFO  - Received CAM message from veh_2 (at simulation time 29.100,400,000 s)
2024-06-04 00:13:02,759 INFO  - Received CAM message from veh_14 (at simulation time 29.101,400,000 s)
2024-06-04 00:13:02,759 INFO  - Received CAM message from veh_10 (at simulation time 29.101,900,000 s)
2024-06-04 00:13:02,759 INFO  - Received CAM message from veh_6 (at simulation time 29.102,400,000 s)
2024-06-04 00:13:02,759 INFO  - Atempting to process queue (at simulation time 29.200,000,000 s)
2024-06-04 00:13:02,759 INFO  - Vehicle is outside the detection area. (at simulation time 29.200,000,000 s)
2024-06-04 00:13:02,759 INFO  - Sent broadcast CAM message to all vehicles (at simulation time 29.200,000,000 s)
2024-06-04 00:13:02,761 INFO  - Received CAM message from veh_2 (at simulation time 29.200,400,000 s)
2024-06-04 00:13:02,761 INFO  - Received CAM message from veh_6 (at simulation time 29.201,400,000 s)
2024-06-04 00:13:02,761 INFO  - Received CAM message from veh_14 (at simulation time 29.201,900,000 s)
2024-06-04 00:13:02,761 INFO  - Received CAM message from veh_10 (at simulation time 29.202,400,000 s)
2024-06-04 00:13:02,762 INFO  - Atempting to process queue (at simulation time 29.300,000,000 s)
2024-06-04 00:13:02,762 INFO  - Vehicle is outside the detection area. (at simulation time 29.300,000,000 s)
2024-06-04 00:13:02,762 INFO  - Sent broadcast CAM message to all vehicles (at simulation time 29.300,000,000 s)
2024-06-04 00:13:02,763 INFO  - Received CAM message from veh_2 (at simulation time 29.300,400,000 s)
2024-06-04 00:13:02,763 INFO  - Received CAM message from veh_14 (at simulation time 29.300,900,000 s)
2024-06-04 00:13:02,763 INFO  - Received CAM message from veh_10 (at simulation time 29.300,900,000 s)
2024-06-04 00:13:02,764 INFO  - Received CAM message from veh_6 (at simulation time 29.301,900,000 s)
2024-06-04 00:13:02,764 INFO  - Atempting to process queue (at simulation time 29.400,000,000 s)
2024-06-04 00:13:02,764 INFO  - Vehicle is outside the detection area. (at simulation time 29.400,000,000 s)
2024-06-04 00:13:02,764 INFO  - Sent broadcast CAM message to all vehicles (at simulation time 29.400,000,000 s)
2024-06-04 00:13:02,767 INFO  - Received CAM message from veh_10 (at simulation time 29.400,400,000 s)
2024-06-04 00:13:02,768 INFO  - Received CAM message from veh_6 (at simulation time 29.401,400,000 s)
2024-06-04 00:13:02,768 INFO  - Received CAM message from veh_14 (at simulation time 29.401,900,000 s)
2024-06-04 00:13:02,768 INFO  - Received CAM message from veh_2 (at simulation time 29.401,900,000 s)
2024-06-04 00:13:02,769 INFO  - Atempting to process queue (at simulation time 29.500,000,000 s)
2024-06-04 00:13:02,769 INFO  - Vehicle is outside the detection area. (at simulation time 29.500,000,000 s)
2024-06-04 00:13:02,769 INFO  - Sent broadcast CAM message to all vehicles (at simulation time 29.500,000,000 s)
2024-06-04 00:13:02,770 INFO  - Received CAM message from veh_6 (at simulation time 29.500,400,000 s)
2024-06-04 00:13:02,770 INFO  - Received CAM message from veh_14 (at simulation time 29.500,900,000 s)
2024-06-04 00:13:02,770 INFO  - Received CAM message from veh_2 (at simulation time 29.500,900,000 s)
2024-06-04 00:13:02,771 INFO  - Received CAM message from veh_10 (at simulation time 29.502,400,000 s)
2024-06-04 00:13:02,771 INFO  - Atempting to process queue (at simulation time 29.600,000,000 s)
2024-06-04 00:13:02,771 INFO  - Vehicle is outside the detection area. (at simulation time 29.600,000,000 s)
2024-06-04 00:13:02,771 INFO  - Sent broadcast CAM message to all vehicles (at simulation time 29.600,000,000 s)
2024-06-04 00:13:02,772 INFO  - Received CAM message from veh_10 (at simulation time 29.600,400,000 s)
2024-06-04 00:13:02,772 INFO  - Received CAM message from veh_6 (at simulation time 29.600,400,000 s)
2024-06-04 00:13:02,772 INFO  - Received CAM message from veh_2 (at simulation time 29.600,400,000 s)
2024-06-04 00:13:02,773 INFO  - Received CAM message from veh_14 (at simulation time 29.602,400,000 s)
2024-06-04 00:13:02,773 INFO  - Atempting to process queue (at simulation time 29.700,000,000 s)
2024-06-04 00:13:02,773 INFO  - Vehicle is outside the detection area. (at simulation time 29.700,000,000 s)
2024-06-04 00:13:02,773 INFO  - Sent broadcast CAM message to all vehicles (at simulation time 29.700,000,000 s)
2024-06-04 00:13:02,775 INFO  - Received CAM message from veh_10 (at simulation time 29.700,400,000 s)
2024-06-04 00:13:02,775 INFO  - Received CAM message from veh_14 (at simulation time 29.700,900,000 s)
2024-06-04 00:13:02,775 INFO  - Received CAM message from veh_6 (at simulation time 29.702,400,000 s)
2024-06-04 00:13:02,775 INFO  - Received CAM message from veh_2 (at simulation time 29.702,400,000 s)
2024-06-04 00:13:02,776 INFO  - Atempting to process queue (at simulation time 29.800,000,000 s)
2024-06-04 00:13:02,776 INFO  - Vehicle is outside the detection area. (at simulation time 29.800,000,000 s)
2024-06-04 00:13:02,776 INFO  - Sent broadcast CAM message to all vehicles (at simulation time 29.800,000,000 s)
2024-06-04 00:13:02,776 INFO  - Received CAM message from veh_2 (at simulation time 29.800,400,000 s)
2024-06-04 00:13:02,777 INFO  - Received CAM message from veh_10 (at simulation time 29.800,900,000 s)
2024-06-04 00:13:02,777 INFO  - Received CAM message from veh_14 (at simulation time 29.801,900,000 s)
2024-06-04 00:13:02,777 INFO  - Received CAM message from veh_6 (at simulation time 29.801,900,000 s)
2024-06-04 00:13:02,777 INFO  - Atempting to process queue (at simulation time 29.900,000,000 s)
2024-06-04 00:13:02,777 INFO  - Vehicle is outside the detection area. (at simulation time 29.900,000,000 s)
2024-06-04 00:13:02,777 INFO  - Sent broadcast CAM message to all vehicles (at simulation time 29.900,000,000 s)
2024-06-04 00:13:02,778 INFO  - Received CAM message from veh_14 (at simulation time 29.900,400,000 s)
2024-06-04 00:13:02,778 INFO  - Received CAM message from veh_10 (at simulation time 29.900,400,000 s)
2024-06-04 00:13:02,778 INFO  - Received CAM message from veh_2 (at simulation time 29.900,900,000 s)
2024-06-04 00:13:02,779 INFO  - Received CAM message from veh_6 (at simulation time 29.901,400,000 s)
2024-06-04 00:13:02,784 INFO  - Atempting to process queue (at simulation time 30.000,000,000 s)
2024-06-04 00:13:02,784 INFO  - Vehicle is outside the detection area. (at simulation time 30.000,000,000 s)
2024-06-04 00:13:02,784 INFO  - Sent broadcast CAM message to all vehicles (at simulation time 30.000,000,000 s)
2024-06-04 00:13:02,786 INFO  - Atempting to process queue (at simulation time 30.100,000,000 s)
2024-06-04 00:13:02,786 INFO  - Vehicle is outside the detection area. (at simulation time 30.100,000,000 s)
2024-06-04 00:13:02,786 INFO  - Sent broadcast CAM message to all vehicles (at simulation time 30.100,000,000 s)
2024-06-04 00:13:02,787 INFO  - Atempting to process queue (at simulation time 30.200,000,000 s)
2024-06-04 00:13:02,787 INFO  - Vehicle is outside the detection area. (at simulation time 30.200,000,000 s)
2024-06-04 00:13:02,787 INFO  - Sent broadcast CAM message to all vehicles (at simulation time 30.200,000,000 s)
2024-06-04 00:13:02,790 INFO  - Atempting to process queue (at simulation time 30.300,000,000 s)
2024-06-04 00:13:02,790 INFO  - Vehicle is outside the detection area. (at simulation time 30.300,000,000 s)
2024-06-04 00:13:02,790 INFO  - Sent broadcast CAM message to all vehicles (at simulation time 30.300,000,000 s)
2024-06-04 00:13:02,795 INFO  - Atempting to process queue (at simulation time 30.400,000,000 s)
2024-06-04 00:13:02,795 INFO  - Vehicle is outside the detection area. (at simulation time 30.400,000,000 s)
2024-06-04 00:13:02,795 INFO  - Sent broadcast CAM message to all vehicles (at simulation time 30.400,000,000 s)
2024-06-04 00:13:02,797 INFO  - Atempting to process queue (at simulation time 30.500,000,000 s)
2024-06-04 00:13:02,797 INFO  - Vehicle is outside the detection area. (at simulation time 30.500,000,000 s)
2024-06-04 00:13:02,798 INFO  - Sent broadcast CAM message to all vehicles (at simulation time 30.500,000,000 s)
2024-06-04 00:13:02,800 INFO  - Atempting to process queue (at simulation time 30.600,000,000 s)
2024-06-04 00:13:02,800 INFO  - Vehicle is outside the detection area. (at simulation time 30.600,000,000 s)
2024-06-04 00:13:02,800 INFO  - Sent broadcast CAM message to all vehicles (at simulation time 30.600,000,000 s)
2024-06-04 00:13:02,802 INFO  - Atempting to process queue (at simulation time 30.700,000,000 s)
2024-06-04 00:13:02,802 INFO  - Vehicle is outside the detection area. (at simulation time 30.700,000,000 s)
2024-06-04 00:13:02,802 INFO  - Sent broadcast CAM message to all vehicles (at simulation time 30.700,000,000 s)
2024-06-04 00:13:02,804 INFO  - Atempting to process queue (at simulation time 30.800,000,000 s)
2024-06-04 00:13:02,804 INFO  - Vehicle is outside the detection area. (at simulation time 30.800,000,000 s)
2024-06-04 00:13:02,804 INFO  - Sent broadcast CAM message to all vehicles (at simulation time 30.800,000,000 s)
2024-06-04 00:13:02,805 INFO  - Atempting to process queue (at simulation time 30.900,000,000 s)
2024-06-04 00:13:02,805 INFO  - Vehicle is outside the detection area. (at simulation time 30.900,000,000 s)
2024-06-04 00:13:02,805 INFO  - Sent broadcast CAM message to all vehicles (at simulation time 30.900,000,000 s)
2024-06-04 00:13:02,823 INFO  - Vehicle is outside the detection area. (at simulation time 31.000,000,000 s)
2024-06-04 00:13:02,823 INFO  - Sent broadcast CAM message to all vehicles (at simulation time 31.000,000,000 s)
2024-06-04 00:13:02,828 INFO  - Vehicle is outside the detection area. (at simulation time 31.100,000,000 s)
2024-06-04 00:13:02,828 INFO  - Sent broadcast CAM message to all vehicles (at simulation time 31.100,000,000 s)
2024-06-04 00:13:02,829 INFO  - Vehicle is outside the detection area. (at simulation time 31.200,000,000 s)
2024-06-04 00:13:02,829 INFO  - Sent broadcast CAM message to all vehicles (at simulation time 31.200,000,000 s)
2024-06-04 00:13:02,832 INFO  - Vehicle is outside the detection area. (at simulation time 31.300,000,000 s)
2024-06-04 00:13:02,832 INFO  - Sent broadcast CAM message to all vehicles (at simulation time 31.300,000,000 s)
2024-06-04 00:13:02,834 INFO  - Vehicle is outside the detection area. (at simulation time 31.400,000,000 s)
2024-06-04 00:13:02,834 INFO  - Sent broadcast CAM message to all vehicles (at simulation time 31.400,000,000 s)
2024-06-04 00:13:02,835 INFO  - Vehicle is outside the detection area. (at simulation time 31.500,000,000 s)
2024-06-04 00:13:02,835 INFO  - Sent broadcast CAM message to all vehicles (at simulation time 31.500,000,000 s)
2024-06-04 00:13:02,837 INFO  - Vehicle is outside the detection area. (at simulation time 31.600,000,000 s)
2024-06-04 00:13:02,837 INFO  - Sent broadcast CAM message to all vehicles (at simulation time 31.600,000,000 s)
2024-06-04 00:13:02,839 INFO  - Vehicle is outside the detection area. (at simulation time 31.700,000,000 s)
2024-06-04 00:13:02,839 INFO  - Sent broadcast CAM message to all vehicles (at simulation time 31.700,000,000 s)
2024-06-04 00:13:02,841 INFO  - Vehicle is outside the detection area. (at simulation time 31.800,000,000 s)
2024-06-04 00:13:02,841 INFO  - Sent broadcast CAM message to all vehicles (at simulation time 31.800,000,000 s)
2024-06-04 00:13:02,843 INFO  - Vehicle is outside the detection area. (at simulation time 31.900,000,000 s)
2024-06-04 00:13:02,843 INFO  - Sent broadcast CAM message to all vehicles (at simulation time 31.900,000,000 s)
2024-06-04 00:13:02,853 INFO  - Vehicle is outside the detection area. (at simulation time 32.000,000,000 s)
2024-06-04 00:13:02,853 INFO  - Sent broadcast CAM message to all vehicles (at simulation time 32.000,000,000 s)
2024-06-04 00:13:02,857 INFO  - Vehicle is outside the detection area. (at simulation time 32.100,000,000 s)
2024-06-04 00:13:02,857 INFO  - Sent broadcast CAM message to all vehicles (at simulation time 32.100,000,000 s)
2024-06-04 00:13:02,859 INFO  - Vehicle is outside the detection area. (at simulation time 32.200,000,000 s)
2024-06-04 00:13:02,859 INFO  - Sent broadcast CAM message to all vehicles (at simulation time 32.200,000,000 s)
2024-06-04 00:13:02,861 INFO  - Vehicle is outside the detection area. (at simulation time 32.300,000,000 s)
2024-06-04 00:13:02,861 INFO  - Sent broadcast CAM message to all vehicles (at simulation time 32.300,000,000 s)
2024-06-04 00:13:02,864 INFO  - Vehicle is outside the detection area. (at simulation time 32.400,000,000 s)
2024-06-04 00:13:02,864 INFO  - Sent broadcast CAM message to all vehicles (at simulation time 32.400,000,000 s)
2024-06-04 00:13:02,865 INFO  - Vehicle is outside the detection area. (at simulation time 32.500,000,000 s)
2024-06-04 00:13:02,865 INFO  - Sent broadcast CAM message to all vehicles (at simulation time 32.500,000,000 s)
2024-06-04 00:13:02,868 INFO  - Vehicle is outside the detection area. (at simulation time 32.600,000,000 s)
2024-06-04 00:13:02,868 INFO  - Sent broadcast CAM message to all vehicles (at simulation time 32.600,000,000 s)
2024-06-04 00:13:02,870 INFO  - Vehicle is outside the detection area. (at simulation time 32.700,000,000 s)
2024-06-04 00:13:02,870 INFO  - Sent broadcast CAM message to all vehicles (at simulation time 32.700,000,000 s)
2024-06-04 00:13:02,873 INFO  - Vehicle is outside the detection area. (at simulation time 32.800,000,000 s)
2024-06-04 00:13:02,873 INFO  - Sent broadcast CAM message to all vehicles (at simulation time 32.800,000,000 s)
2024-06-04 00:13:02,875 INFO  - Vehicle is outside the detection area. (at simulation time 32.900,000,000 s)
2024-06-04 00:13:02,875 INFO  - Sent broadcast CAM message to all vehicles (at simulation time 32.900,000,000 s)
2024-06-04 00:13:02,882 INFO  - Vehicle is outside the detection area. (at simulation time 33.000,000,000 s)
2024-06-04 00:13:02,882 INFO  - Sent broadcast CAM message to all vehicles (at simulation time 33.000,000,000 s)
2024-06-04 00:13:02,887 INFO  - Vehicle is outside the detection area. (at simulation time 33.100,000,000 s)
2024-06-04 00:13:02,887 INFO  - Sent broadcast CAM message to all vehicles (at simulation time 33.100,000,000 s)
2024-06-04 00:13:02,890 INFO  - Vehicle is outside the detection area. (at simulation time 33.200,000,000 s)
2024-06-04 00:13:02,890 INFO  - Sent broadcast CAM message to all vehicles (at simulation time 33.200,000,000 s)
2024-06-04 00:13:02,894 INFO  - Vehicle is outside the detection area. (at simulation time 33.300,000,000 s)
2024-06-04 00:13:02,894 INFO  - Sent broadcast CAM message to all vehicles (at simulation time 33.300,000,000 s)
2024-06-04 00:13:02,895 INFO  - Vehicle is outside the detection area. (at simulation time 33.400,000,000 s)
2024-06-04 00:13:02,895 INFO  - Sent broadcast CAM message to all vehicles (at simulation time 33.400,000,000 s)
2024-06-04 00:13:02,897 INFO  - Vehicle is outside the detection area. (at simulation time 33.500,000,000 s)
2024-06-04 00:13:02,897 INFO  - Sent broadcast CAM message to all vehicles (at simulation time 33.500,000,000 s)
2024-06-04 00:13:02,900 INFO  - Vehicle is outside the detection area. (at simulation time 33.600,000,000 s)
2024-06-04 00:13:02,900 INFO  - Sent broadcast CAM message to all vehicles (at simulation time 33.600,000,000 s)
2024-06-04 00:13:02,902 INFO  - Vehicle is outside the detection area. (at simulation time 33.700,000,000 s)
2024-06-04 00:13:02,903 INFO  - Sent broadcast CAM message to all vehicles (at simulation time 33.700,000,000 s)
2024-06-04 00:13:02,906 INFO  - Vehicle is outside the detection area. (at simulation time 33.800,000,000 s)
2024-06-04 00:13:02,906 INFO  - Sent broadcast CAM message to all vehicles (at simulation time 33.800,000,000 s)
2024-06-04 00:13:02,908 INFO  - Vehicle is outside the detection area. (at simulation time 33.900,000,000 s)
2024-06-04 00:13:02,908 INFO  - Sent broadcast CAM message to all vehicles (at simulation time 33.900,000,000 s)
2024-06-04 00:13:03,015 INFO  - Vehicle is outside the detection area. (at simulation time 34.000,000,000 s)
2024-06-04 00:13:03,016 INFO  - Sent broadcast CAM message to all vehicles (at simulation time 34.000,000,000 s)
2024-06-04 00:13:03,021 INFO  - Vehicle is outside the detection area. (at simulation time 34.100,000,000 s)
2024-06-04 00:13:03,021 INFO  - Sent broadcast CAM message to all vehicles (at simulation time 34.100,000,000 s)
2024-06-04 00:13:03,025 INFO  - Vehicle is outside the detection area. (at simulation time 34.200,000,000 s)
2024-06-04 00:13:03,025 INFO  - Sent broadcast CAM message to all vehicles (at simulation time 34.200,000,000 s)
2024-06-04 00:13:03,028 INFO  - Vehicle is outside the detection area. (at simulation time 34.300,000,000 s)
2024-06-04 00:13:03,028 INFO  - Sent broadcast CAM message to all vehicles (at simulation time 34.300,000,000 s)
2024-06-04 00:13:03,030 INFO  - Vehicle is outside the detection area. (at simulation time 34.400,000,000 s)
2024-06-04 00:13:03,030 INFO  - Sent broadcast CAM message to all vehicles (at simulation time 34.400,000,000 s)
2024-06-04 00:13:03,031 INFO  - Vehicle is outside the detection area. (at simulation time 34.500,000,000 s)
2024-06-04 00:13:03,031 INFO  - Sent broadcast CAM message to all vehicles (at simulation time 34.500,000,000 s)
2024-06-04 00:13:03,033 INFO  - Vehicle is outside the detection area. (at simulation time 34.600,000,000 s)
2024-06-04 00:13:03,033 INFO  - Sent broadcast CAM message to all vehicles (at simulation time 34.600,000,000 s)
2024-06-04 00:13:03,037 INFO  - Vehicle is outside the detection area. (at simulation time 34.700,000,000 s)
2024-06-04 00:13:03,037 INFO  - Sent broadcast CAM message to all vehicles (at simulation time 34.700,000,000 s)
2024-06-04 00:13:03,040 INFO  - Vehicle is outside the detection area. (at simulation time 34.800,000,000 s)
2024-06-04 00:13:03,040 INFO  - Sent broadcast CAM message to all vehicles (at simulation time 34.800,000,000 s)
2024-06-04 00:13:03,042 INFO  - Vehicle is outside the detection area. (at simulation time 34.900,000,000 s)
2024-06-04 00:13:03,042 INFO  - Sent broadcast CAM message to all vehicles (at simulation time 34.900,000,000 s)
2024-06-04 00:13:03,051 INFO  - Vehicle is outside the detection area. (at simulation time 35.000,000,000 s)
2024-06-04 00:13:03,051 INFO  - Sent broadcast CAM message to all vehicles (at simulation time 35.000,000,000 s)
2024-06-04 00:13:03,055 INFO  - Vehicle is outside the detection area. (at simulation time 35.100,000,000 s)
2024-06-04 00:13:03,055 INFO  - Sent broadcast CAM message to all vehicles (at simulation time 35.100,000,000 s)
2024-06-04 00:13:03,056 INFO  - Vehicle is outside the detection area. (at simulation time 35.200,000,000 s)
2024-06-04 00:13:03,056 INFO  - Sent broadcast CAM message to all vehicles (at simulation time 35.200,000,000 s)
2024-06-04 00:13:03,058 INFO  - Vehicle is outside the detection area. (at simulation time 35.300,000,000 s)
2024-06-04 00:13:03,058 INFO  - Sent broadcast CAM message to all vehicles (at simulation time 35.300,000,000 s)
2024-06-04 00:13:03,059 INFO  - Vehicle is outside the detection area. (at simulation time 35.400,000,000 s)
2024-06-04 00:13:03,059 INFO  - Sent broadcast CAM message to all vehicles (at simulation time 35.400,000,000 s)
2024-06-04 00:13:03,061 INFO  - Vehicle is outside the detection area. (at simulation time 35.500,000,000 s)
2024-06-04 00:13:03,061 INFO  - Sent broadcast CAM message to all vehicles (at simulation time 35.500,000,000 s)
2024-06-04 00:13:03,063 INFO  - Vehicle is outside the detection area. (at simulation time 35.600,000,000 s)
2024-06-04 00:13:03,063 INFO  - Sent broadcast CAM message to all vehicles (at simulation time 35.600,000,000 s)
2024-06-04 00:13:03,066 INFO  - Vehicle is outside the detection area. (at simulation time 35.700,000,000 s)
2024-06-04 00:13:03,066 INFO  - Sent broadcast CAM message to all vehicles (at simulation time 35.700,000,000 s)
2024-06-04 00:13:03,068 INFO  - Vehicle is outside the detection area. (at simulation time 35.800,000,000 s)
2024-06-04 00:13:03,068 INFO  - Sent broadcast CAM message to all vehicles (at simulation time 35.800,000,000 s)
2024-06-04 00:13:03,070 INFO  - Vehicle is outside the detection area. (at simulation time 35.900,000,000 s)
2024-06-04 00:13:03,070 INFO  - Sent broadcast CAM message to all vehicles (at simulation time 35.900,000,000 s)
2024-06-04 00:13:03,077 INFO  - Vehicle is outside the detection area. (at simulation time 36.000,000,000 s)
2024-06-04 00:13:03,077 INFO  - Sent broadcast CAM message to all vehicles (at simulation time 36.000,000,000 s)
2024-06-04 00:13:03,082 INFO  - Vehicle is outside the detection area. (at simulation time 36.100,000,000 s)
2024-06-04 00:13:03,082 INFO  - Sent broadcast CAM message to all vehicles (at simulation time 36.100,000,000 s)
2024-06-04 00:13:03,083 INFO  - Vehicle is outside the detection area. (at simulation time 36.200,000,000 s)
2024-06-04 00:13:03,083 INFO  - Sent broadcast CAM message to all vehicles (at simulation time 36.200,000,000 s)
2024-06-04 00:13:03,085 INFO  - Vehicle is outside the detection area. (at simulation time 36.300,000,000 s)
2024-06-04 00:13:03,085 INFO  - Sent broadcast CAM message to all vehicles (at simulation time 36.300,000,000 s)
2024-06-04 00:13:03,086 INFO  - Vehicle is outside the detection area. (at simulation time 36.400,000,000 s)
2024-06-04 00:13:03,086 INFO  - Sent broadcast CAM message to all vehicles (at simulation time 36.400,000,000 s)
2024-06-04 00:13:03,089 INFO  - Vehicle is outside the detection area. (at simulation time 36.500,000,000 s)
2024-06-04 00:13:03,089 INFO  - Sent broadcast CAM message to all vehicles (at simulation time 36.500,000,000 s)
2024-06-04 00:13:03,091 INFO  - Vehicle is outside the detection area. (at simulation time 36.600,000,000 s)
2024-06-04 00:13:03,091 INFO  - Sent broadcast CAM message to all vehicles (at simulation time 36.600,000,000 s)
2024-06-04 00:13:03,093 INFO  - Vehicle is outside the detection area. (at simulation time 36.700,000,000 s)
2024-06-04 00:13:03,093 INFO  - Sent broadcast CAM message to all vehicles (at simulation time 36.700,000,000 s)
2024-06-04 00:13:03,095 INFO  - Vehicle is outside the detection area. (at simulation time 36.800,000,000 s)
2024-06-04 00:13:03,095 INFO  - Sent broadcast CAM message to all vehicles (at simulation time 36.800,000,000 s)
2024-06-04 00:13:03,099 INFO  - Vehicle is outside the detection area. (at simulation time 36.900,000,000 s)
2024-06-04 00:13:03,099 INFO  - Sent broadcast CAM message to all vehicles (at simulation time 36.900,000,000 s)
2024-06-04 00:13:03,116 INFO  - Vehicle is outside the detection area. (at simulation time 37.000,000,000 s)
2024-06-04 00:13:03,116 INFO  - Sent broadcast CAM message to all vehicles (at simulation time 37.000,000,000 s)
2024-06-04 00:13:03,119 INFO  - Vehicle is outside the detection area. (at simulation time 37.100,000,000 s)
2024-06-04 00:13:03,119 INFO  - Sent broadcast CAM message to all vehicles (at simulation time 37.100,000,000 s)
2024-06-04 00:13:03,121 INFO  - Vehicle is outside the detection area. (at simulation time 37.200,000,000 s)
2024-06-04 00:13:03,121 INFO  - Sent broadcast CAM message to all vehicles (at simulation time 37.200,000,000 s)
2024-06-04 00:13:03,124 INFO  - Vehicle is outside the detection area. (at simulation time 37.300,000,000 s)
2024-06-04 00:13:03,124 INFO  - Sent broadcast CAM message to all vehicles (at simulation time 37.300,000,000 s)
2024-06-04 00:13:03,126 INFO  - Vehicle is outside the detection area. (at simulation time 37.400,000,000 s)
2024-06-04 00:13:03,126 INFO  - Sent broadcast CAM message to all vehicles (at simulation time 37.400,000,000 s)
2024-06-04 00:13:03,127 INFO  - Vehicle is outside the detection area. (at simulation time 37.500,000,000 s)
2024-06-04 00:13:03,127 INFO  - Sent broadcast CAM message to all vehicles (at simulation time 37.500,000,000 s)
2024-06-04 00:13:03,130 INFO  - Vehicle is outside the detection area. (at simulation time 37.600,000,000 s)
2024-06-04 00:13:03,130 INFO  - Sent broadcast CAM message to all vehicles (at simulation time 37.600,000,000 s)
2024-06-04 00:13:03,132 INFO  - Vehicle is outside the detection area. (at simulation time 37.700,000,000 s)
2024-06-04 00:13:03,132 INFO  - Sent broadcast CAM message to all vehicles (at simulation time 37.700,000,000 s)
2024-06-04 00:13:03,136 INFO  - Vehicle is outside the detection area. (at simulation time 37.800,000,000 s)
2024-06-04 00:13:03,136 INFO  - Sent broadcast CAM message to all vehicles (at simulation time 37.800,000,000 s)
2024-06-04 00:13:03,138 INFO  - Vehicle is outside the detection area. (at simulation time 37.900,000,000 s)
2024-06-04 00:13:03,138 INFO  - Sent broadcast CAM message to all vehicles (at simulation time 37.900,000,000 s)
2024-06-04 00:13:03,148 INFO  - Vehicle is outside the detection area. (at simulation time 38.000,000,000 s)
2024-06-04 00:13:03,148 INFO  - Sent broadcast CAM message to all vehicles (at simulation time 38.000,000,000 s)
2024-06-04 00:13:03,151 INFO  - Vehicle is outside the detection area. (at simulation time 38.100,000,000 s)
2024-06-04 00:13:03,151 INFO  - Sent broadcast CAM message to all vehicles (at simulation time 38.100,000,000 s)
2024-06-04 00:13:03,153 INFO  - Vehicle is outside the detection area. (at simulation time 38.200,000,000 s)
2024-06-04 00:13:03,153 INFO  - Sent broadcast CAM message to all vehicles (at simulation time 38.200,000,000 s)
2024-06-04 00:13:03,155 INFO  - Vehicle is outside the detection area. (at simulation time 38.300,000,000 s)
2024-06-04 00:13:03,155 INFO  - Sent broadcast CAM message to all vehicles (at simulation time 38.300,000,000 s)
2024-06-04 00:13:03,156 INFO  - Vehicle is outside the detection area. (at simulation time 38.400,000,000 s)
2024-06-04 00:13:03,156 INFO  - Sent broadcast CAM message to all vehicles (at simulation time 38.400,000,000 s)
2024-06-04 00:13:03,158 INFO  - Vehicle is outside the detection area. (at simulation time 38.500,000,000 s)
2024-06-04 00:13:03,159 INFO  - Sent broadcast CAM message to all vehicles (at simulation time 38.500,000,000 s)
2024-06-04 00:13:03,161 INFO  - Vehicle is outside the detection area. (at simulation time 38.600,000,000 s)
2024-06-04 00:13:03,161 INFO  - Sent broadcast CAM message to all vehicles (at simulation time 38.600,000,000 s)
2024-06-04 00:13:03,162 INFO  - Vehicle is outside the detection area. (at simulation time 38.700,000,000 s)
2024-06-04 00:13:03,162 INFO  - Sent broadcast CAM message to all vehicles (at simulation time 38.700,000,000 s)
2024-06-04 00:13:03,164 INFO  - Vehicle is outside the detection area. (at simulation time 38.800,000,000 s)
2024-06-04 00:13:03,164 INFO  - Sent broadcast CAM message to all vehicles (at simulation time 38.800,000,000 s)
2024-06-04 00:13:03,166 INFO  - Vehicle is outside the detection area. (at simulation time 38.900,000,000 s)
2024-06-04 00:13:03,166 INFO  - Sent broadcast CAM message to all vehicles (at simulation time 38.900,000,000 s)
2024-06-04 00:13:03,174 INFO  - Vehicle is outside the detection area. (at simulation time 39.000,000,000 s)
2024-06-04 00:13:03,174 INFO  - Sent broadcast CAM message to all vehicles (at simulation time 39.000,000,000 s)
2024-06-04 00:13:03,177 INFO  - Vehicle is outside the detection area. (at simulation time 39.100,000,000 s)
2024-06-04 00:13:03,177 INFO  - Sent broadcast CAM message to all vehicles (at simulation time 39.100,000,000 s)
2024-06-04 00:13:03,178 INFO  - Vehicle is outside the detection area. (at simulation time 39.200,000,000 s)
2024-06-04 00:13:03,178 INFO  - Sent broadcast CAM message to all vehicles (at simulation time 39.200,000,000 s)
2024-06-04 00:13:03,180 INFO  - Vehicle is outside the detection area. (at simulation time 39.300,000,000 s)
2024-06-04 00:13:03,180 INFO  - Sent broadcast CAM message to all vehicles (at simulation time 39.300,000,000 s)
2024-06-04 00:13:03,182 INFO  - Vehicle is outside the detection area. (at simulation time 39.400,000,000 s)
2024-06-04 00:13:03,182 INFO  - Sent broadcast CAM message to all vehicles (at simulation time 39.400,000,000 s)
2024-06-04 00:13:03,184 INFO  - Vehicle is outside the detection area. (at simulation time 39.500,000,000 s)
2024-06-04 00:13:03,184 INFO  - Sent broadcast CAM message to all vehicles (at simulation time 39.500,000,000 s)
2024-06-04 00:13:03,185 INFO  - Vehicle is outside the detection area. (at simulation time 39.600,000,000 s)
2024-06-04 00:13:03,185 INFO  - Sent broadcast CAM message to all vehicles (at simulation time 39.600,000,000 s)
2024-06-04 00:13:03,187 INFO  - Vehicle is outside the detection area. (at simulation time 39.700,000,000 s)
2024-06-04 00:13:03,187 INFO  - Sent broadcast CAM message to all vehicles (at simulation time 39.700,000,000 s)
2024-06-04 00:13:03,190 INFO  - Vehicle is outside the detection area. (at simulation time 39.800,000,000 s)
2024-06-04 00:13:03,190 INFO  - Sent broadcast CAM message to all vehicles (at simulation time 39.800,000,000 s)
2024-06-04 00:13:03,192 INFO  - Vehicle is outside the detection area. (at simulation time 39.900,000,000 s)
2024-06-04 00:13:03,192 INFO  - Sent broadcast CAM message to all vehicles (at simulation time 39.900,000,000 s)
2024-06-04 00:13:03,204 INFO  - Vehicle is outside the detection area. (at simulation time 40.000,000,000 s)
2024-06-04 00:13:03,204 INFO  - Sent broadcast CAM message to all vehicles (at simulation time 40.000,000,000 s)
2024-06-04 00:13:03,208 INFO  - Vehicle is outside the detection area. (at simulation time 40.100,000,000 s)
2024-06-04 00:13:03,208 INFO  - Sent broadcast CAM message to all vehicles (at simulation time 40.100,000,000 s)
2024-06-04 00:13:03,210 INFO  - Vehicle is outside the detection area. (at simulation time 40.200,000,000 s)
2024-06-04 00:13:03,210 INFO  - Sent broadcast CAM message to all vehicles (at simulation time 40.200,000,000 s)
2024-06-04 00:13:03,212 INFO  - Vehicle is outside the detection area. (at simulation time 40.300,000,000 s)
2024-06-04 00:13:03,212 INFO  - Sent broadcast CAM message to all vehicles (at simulation time 40.300,000,000 s)
2024-06-04 00:13:03,213 INFO  - Vehicle is outside the detection area. (at simulation time 40.400,000,000 s)
2024-06-04 00:13:03,213 INFO  - Sent broadcast CAM message to all vehicles (at simulation time 40.400,000,000 s)
2024-06-04 00:13:03,234 INFO  - Vehicle is outside the detection area. (at simulation time 40.500,000,000 s)
2024-06-04 00:13:03,234 INFO  - Sent broadcast CAM message to all vehicles (at simulation time 40.500,000,000 s)
2024-06-04 00:13:03,236 INFO  - Vehicle is outside the detection area. (at simulation time 40.600,000,000 s)
2024-06-04 00:13:03,236 INFO  - Sent broadcast CAM message to all vehicles (at simulation time 40.600,000,000 s)
2024-06-04 00:13:03,240 INFO  - Vehicle is outside the detection area. (at simulation time 40.700,000,000 s)
2024-06-04 00:13:03,240 INFO  - Sent broadcast CAM message to all vehicles (at simulation time 40.700,000,000 s)
2024-06-04 00:13:03,243 INFO  - Vehicle is outside the detection area. (at simulation time 40.800,000,000 s)
2024-06-04 00:13:03,243 INFO  - Sent broadcast CAM message to all vehicles (at simulation time 40.800,000,000 s)
2024-06-04 00:13:03,244 INFO  - Vehicle is outside the detection area. (at simulation time 40.900,000,000 s)
2024-06-04 00:13:03,244 INFO  - Sent broadcast CAM message to all vehicles (at simulation time 40.900,000,000 s)
2024-06-04 00:13:03,249 INFO  - Vehicle is outside the detection area. (at simulation time 41.000,000,000 s)
2024-06-04 00:13:03,249 INFO  - Sent broadcast CAM message to all vehicles (at simulation time 41.000,000,000 s)
2024-06-04 00:13:03,252 INFO  - Vehicle is outside the detection area. (at simulation time 41.100,000,000 s)
2024-06-04 00:13:03,252 INFO  - Sent broadcast CAM message to all vehicles (at simulation time 41.100,000,000 s)
2024-06-04 00:13:03,254 INFO  - Vehicle is outside the detection area. (at simulation time 41.200,000,000 s)
2024-06-04 00:13:03,254 INFO  - Sent broadcast CAM message to all vehicles (at simulation time 41.200,000,000 s)
2024-06-04 00:13:03,257 INFO  - Vehicle is outside the detection area. (at simulation time 41.300,000,000 s)
2024-06-04 00:13:03,257 INFO  - Sent broadcast CAM message to all vehicles (at simulation time 41.300,000,000 s)
2024-06-04 00:13:03,260 INFO  - Vehicle is outside the detection area. (at simulation time 41.400,000,000 s)
2024-06-04 00:13:03,260 INFO  - Sent broadcast CAM message to all vehicles (at simulation time 41.400,000,000 s)
2024-06-04 00:13:03,262 INFO  - Vehicle is outside the detection area. (at simulation time 41.500,000,000 s)
2024-06-04 00:13:03,262 INFO  - Sent broadcast CAM message to all vehicles (at simulation time 41.500,000,000 s)
2024-06-04 00:13:03,269 INFO  - Vehicle is outside the detection area. (at simulation time 41.600,000,000 s)
2024-06-04 00:13:03,269 INFO  - Sent broadcast CAM message to all vehicles (at simulation time 41.600,000,000 s)
2024-06-04 00:13:03,272 INFO  - Vehicle is outside the detection area. (at simulation time 41.700,000,000 s)
2024-06-04 00:13:03,272 INFO  - Sent broadcast CAM message to all vehicles (at simulation time 41.700,000,000 s)
2024-06-04 00:13:03,275 INFO  - Vehicle is outside the detection area. (at simulation time 41.800,000,000 s)
2024-06-04 00:13:03,275 INFO  - Sent broadcast CAM message to all vehicles (at simulation time 41.800,000,000 s)
2024-06-04 00:13:03,277 INFO  - Vehicle is outside the detection area. (at simulation time 41.900,000,000 s)
2024-06-04 00:13:03,277 INFO  - Sent broadcast CAM message to all vehicles (at simulation time 41.900,000,000 s)
2024-06-04 00:13:03,282 INFO  - Vehicle is outside the detection area. (at simulation time 42.000,000,000 s)
2024-06-04 00:13:03,282 INFO  - Sent broadcast CAM message to all vehicles (at simulation time 42.000,000,000 s)
2024-06-04 00:13:03,285 INFO  - Vehicle is outside the detection area. (at simulation time 42.100,000,000 s)
2024-06-04 00:13:03,285 INFO  - Sent broadcast CAM message to all vehicles (at simulation time 42.100,000,000 s)
2024-06-04 00:13:03,286 INFO  - Vehicle is outside the detection area. (at simulation time 42.200,000,000 s)
2024-06-04 00:13:03,286 INFO  - Sent broadcast CAM message to all vehicles (at simulation time 42.200,000,000 s)
2024-06-04 00:13:03,289 INFO  - Vehicle is outside the detection area. (at simulation time 42.300,000,000 s)
2024-06-04 00:13:03,289 INFO  - Sent broadcast CAM message to all vehicles (at simulation time 42.300,000,000 s)
2024-06-04 00:13:03,291 INFO  - Vehicle is outside the detection area. (at simulation time 42.400,000,000 s)
2024-06-04 00:13:03,291 INFO  - Sent broadcast CAM message to all vehicles (at simulation time 42.400,000,000 s)
2024-06-04 00:13:03,293 INFO  - Vehicle is outside the detection area. (at simulation time 42.500,000,000 s)
2024-06-04 00:13:03,293 INFO  - Sent broadcast CAM message to all vehicles (at simulation time 42.500,000,000 s)
2024-06-04 00:13:03,297 INFO  - Vehicle is outside the detection area. (at simulation time 42.600,000,000 s)
2024-06-04 00:13:03,297 INFO  - Sent broadcast CAM message to all vehicles (at simulation time 42.600,000,000 s)
2024-06-04 00:13:03,299 INFO  - Vehicle is outside the detection area. (at simulation time 42.700,000,000 s)
2024-06-04 00:13:03,299 INFO  - Sent broadcast CAM message to all vehicles (at simulation time 42.700,000,000 s)
2024-06-04 00:13:03,302 INFO  - Vehicle is outside the detection area. (at simulation time 42.800,000,000 s)
2024-06-04 00:13:03,302 INFO  - Sent broadcast CAM message to all vehicles (at simulation time 42.800,000,000 s)
2024-06-04 00:13:03,304 INFO  - Vehicle is outside the detection area. (at simulation time 42.900,000,000 s)
2024-06-04 00:13:03,304 INFO  - Sent broadcast CAM message to all vehicles (at simulation time 42.900,000,000 s)
2024-06-04 00:13:03,316 INFO  - Shutdown application (at simulation time 43.000,000,000 s)
