2024-06-04 00:13:12,555 INFO  - Initialize application (at simulation time 385.000,000,000 s)
2024-06-04 00:13:12,555 INFO  - Activated WLAN Module (at simulation time 385.000,000,000 s)
2024-06-04 00:13:12,556 INFO  - Vehicle is outside the detection area. (at simulation time 385.000,000,000 s)
2024-06-04 00:13:12,556 INFO  - Sent broadcast CAM message to all vehicles (at simulation time 385.000,000,000 s)
2024-06-04 00:13:12,559 INFO  - Vehicle is outside the detection area. (at simulation time 385.100,000,000 s)
2024-06-04 00:13:12,559 INFO  - Sent broadcast CAM message to all vehicles (at simulation time 385.100,000,000 s)
2024-06-04 00:13:12,561 INFO  - Vehicle is outside the detection area. (at simulation time 385.200,000,000 s)
2024-06-04 00:13:12,561 INFO  - Sent broadcast CAM message to all vehicles (at simulation time 385.200,000,000 s)
2024-06-04 00:13:12,569 INFO  - Vehicle is outside the detection area. (at simulation time 385.300,000,000 s)
2024-06-04 00:13:12,569 INFO  - Sent broadcast CAM message to all vehicles (at simulation time 385.300,000,000 s)
2024-06-04 00:13:12,572 INFO  - Vehicle is outside the detection area. (at simulation time 385.400,000,000 s)
2024-06-04 00:13:12,572 INFO  - Sent broadcast CAM message to all vehicles (at simulation time 385.400,000,000 s)
2024-06-04 00:13:12,574 INFO  - Vehicle is outside the detection area. (at simulation time 385.500,000,000 s)
2024-06-04 00:13:12,574 INFO  - Sent broadcast CAM message to all vehicles (at simulation time 385.500,000,000 s)
2024-06-04 00:13:12,576 INFO  - Vehicle is outside the detection area. (at simulation time 385.600,000,000 s)
2024-06-04 00:13:12,576 INFO  - Sent broadcast CAM message to all vehicles (at simulation time 385.600,000,000 s)
2024-06-04 00:13:12,578 INFO  - Vehicle is outside the detection area. (at simulation time 385.700,000,000 s)
2024-06-04 00:13:12,578 INFO  - Sent broadcast CAM message to all vehicles (at simulation time 385.700,000,000 s)
2024-06-04 00:13:12,580 INFO  - Vehicle is outside the detection area. (at simulation time 385.800,000,000 s)
2024-06-04 00:13:12,580 INFO  - Sent broadcast CAM message to all vehicles (at simulation time 385.800,000,000 s)
2024-06-04 00:13:12,582 INFO  - Vehicle is outside the detection area. (at simulation time 385.900,000,000 s)
2024-06-04 00:13:12,582 INFO  - Sent broadcast CAM message to all vehicles (at simulation time 385.900,000,000 s)
2024-06-04 00:13:12,587 INFO  - Vehicle is outside the detection area. (at simulation time 386.000,000,000 s)
2024-06-04 00:13:12,588 INFO  - Sent broadcast CAM message to all vehicles (at simulation time 386.000,000,000 s)
2024-06-04 00:13:12,590 INFO  - Vehicle is outside the detection area. (at simulation time 386.100,000,000 s)
2024-06-04 00:13:12,590 INFO  - Sent broadcast CAM message to all vehicles (at simulation time 386.100,000,000 s)
2024-06-04 00:13:12,592 INFO  - Vehicle is outside the detection area. (at simulation time 386.200,000,000 s)
2024-06-04 00:13:12,592 INFO  - Sent broadcast CAM message to all vehicles (at simulation time 386.200,000,000 s)
2024-06-04 00:13:12,594 INFO  - Vehicle is outside the detection area. (at simulation time 386.300,000,000 s)
2024-06-04 00:13:12,594 INFO  - Sent broadcast CAM message to all vehicles (at simulation time 386.300,000,000 s)
2024-06-04 00:13:12,596 INFO  - Vehicle is outside the detection area. (at simulation time 386.400,000,000 s)
2024-06-04 00:13:12,596 INFO  - Sent broadcast CAM message to all vehicles (at simulation time 386.400,000,000 s)
2024-06-04 00:13:12,597 INFO  - Vehicle is outside the detection area. (at simulation time 386.500,000,000 s)
2024-06-04 00:13:12,597 INFO  - Sent broadcast CAM message to all vehicles (at simulation time 386.500,000,000 s)
2024-06-04 00:13:12,599 INFO  - Vehicle is outside the detection area. (at simulation time 386.600,000,000 s)
2024-06-04 00:13:12,599 INFO  - Sent broadcast CAM message to all vehicles (at simulation time 386.600,000,000 s)
2024-06-04 00:13:12,601 INFO  - Vehicle is outside the detection area. (at simulation time 386.700,000,000 s)
2024-06-04 00:13:12,601 INFO  - Sent broadcast CAM message to all vehicles (at simulation time 386.700,000,000 s)
2024-06-04 00:13:12,604 INFO  - Vehicle is outside the detection area. (at simulation time 386.800,000,000 s)
2024-06-04 00:13:12,604 INFO  - Sent broadcast CAM message to all vehicles (at simulation time 386.800,000,000 s)
2024-06-04 00:13:12,606 INFO  - Vehicle is outside the detection area. (at simulation time 386.900,000,000 s)
2024-06-04 00:13:12,606 INFO  - Sent broadcast CAM message to all vehicles (at simulation time 386.900,000,000 s)
2024-06-04 00:13:12,611 INFO  - Vehicle is inside the detection area. (at simulation time 387.000,000,000 s)
2024-06-04 00:13:12,611 INFO  - Vehicle is too far away from the traffic light. (at simulation time 387.000,000,000 s)
2024-06-04 00:13:12,611 INFO  - No vehicles in range. (at simulation time 387.000,000,000 s)
2024-06-04 00:13:12,611 INFO  - Neither the RSU nor any vehicle is in range. (at simulation time 387.000,000,000 s)
2024-06-04 00:13:12,611 INFO  - Sent broadcast CAM message to all vehicles (at simulation time 387.000,000,000 s)
2024-06-04 00:13:12,613 INFO  - Vehicle is inside the detection area. (at simulation time 387.100,000,000 s)
2024-06-04 00:13:12,613 INFO  - Vehicle is too far away from the traffic light. (at simulation time 387.100,000,000 s)
2024-06-04 00:13:12,613 INFO  - No vehicles in range. (at simulation time 387.100,000,000 s)
2024-06-04 00:13:12,613 INFO  - Neither the RSU nor any vehicle is in range. (at simulation time 387.100,000,000 s)
2024-06-04 00:13:12,613 INFO  - Sent broadcast CAM message to all vehicles (at simulation time 387.100,000,000 s)
2024-06-04 00:13:12,615 INFO  - Vehicle is inside the detection area. (at simulation time 387.200,000,000 s)
2024-06-04 00:13:12,615 INFO  - Vehicle is too far away from the traffic light. (at simulation time 387.200,000,000 s)
2024-06-04 00:13:12,615 INFO  - No vehicles in range. (at simulation time 387.200,000,000 s)
2024-06-04 00:13:12,615 INFO  - Neither the RSU nor any vehicle is in range. (at simulation time 387.200,000,000 s)
2024-06-04 00:13:12,615 INFO  - Sent broadcast CAM message to all vehicles (at simulation time 387.200,000,000 s)
2024-06-04 00:13:12,616 INFO  - Vehicle is inside the detection area. (at simulation time 387.300,000,000 s)
2024-06-04 00:13:12,616 INFO  - Vehicle is too far away from the traffic light. (at simulation time 387.300,000,000 s)
2024-06-04 00:13:12,616 INFO  - No vehicles in range. (at simulation time 387.300,000,000 s)
2024-06-04 00:13:12,616 INFO  - Neither the RSU nor any vehicle is in range. (at simulation time 387.300,000,000 s)
2024-06-04 00:13:12,616 INFO  - Sent broadcast CAM message to all vehicles (at simulation time 387.300,000,000 s)
2024-06-04 00:13:12,618 INFO  - Vehicle is inside the detection area. (at simulation time 387.400,000,000 s)
2024-06-04 00:13:12,618 INFO  - Vehicle is too far away from the traffic light. (at simulation time 387.400,000,000 s)
2024-06-04 00:13:12,618 INFO  - No vehicles in range. (at simulation time 387.400,000,000 s)
2024-06-04 00:13:12,618 INFO  - Neither the RSU nor any vehicle is in range. (at simulation time 387.400,000,000 s)
2024-06-04 00:13:12,618 INFO  - Sent broadcast CAM message to all vehicles (at simulation time 387.400,000,000 s)
2024-06-04 00:13:12,619 INFO  - Vehicle is inside the detection area. (at simulation time 387.500,000,000 s)
2024-06-04 00:13:12,619 INFO  - Vehicle is too far away from the traffic light. (at simulation time 387.500,000,000 s)
2024-06-04 00:13:12,619 INFO  - No vehicles in range. (at simulation time 387.500,000,000 s)
2024-06-04 00:13:12,619 INFO  - Neither the RSU nor any vehicle is in range. (at simulation time 387.500,000,000 s)
2024-06-04 00:13:12,619 INFO  - Sent broadcast CAM message to all vehicles (at simulation time 387.500,000,000 s)
2024-06-04 00:13:12,621 INFO  - Vehicle is inside the detection area. (at simulation time 387.600,000,000 s)
2024-06-04 00:13:12,621 INFO  - Vehicle is too far away from the traffic light. (at simulation time 387.600,000,000 s)
2024-06-04 00:13:12,621 INFO  - No vehicles in range. (at simulation time 387.600,000,000 s)
2024-06-04 00:13:12,621 INFO  - Neither the RSU nor any vehicle is in range. (at simulation time 387.600,000,000 s)
2024-06-04 00:13:12,621 INFO  - Sent broadcast CAM message to all vehicles (at simulation time 387.600,000,000 s)
2024-06-04 00:13:12,622 INFO  - Vehicle is inside the detection area. (at simulation time 387.700,000,000 s)
2024-06-04 00:13:12,622 INFO  - Vehicle is too far away from the traffic light. (at simulation time 387.700,000,000 s)
2024-06-04 00:13:12,622 INFO  - No vehicles in range. (at simulation time 387.700,000,000 s)
2024-06-04 00:13:12,622 INFO  - Neither the RSU nor any vehicle is in range. (at simulation time 387.700,000,000 s)
2024-06-04 00:13:12,622 INFO  - Sent broadcast CAM message to all vehicles (at simulation time 387.700,000,000 s)
2024-06-04 00:13:12,624 INFO  - Vehicle is inside the detection area. (at simulation time 387.800,000,000 s)
2024-06-04 00:13:12,624 INFO  - Vehicle is too far away from the traffic light. (at simulation time 387.800,000,000 s)
2024-06-04 00:13:12,624 INFO  - No vehicles in range. (at simulation time 387.800,000,000 s)
2024-06-04 00:13:12,624 INFO  - Neither the RSU nor any vehicle is in range. (at simulation time 387.800,000,000 s)
2024-06-04 00:13:12,624 INFO  - Sent broadcast CAM message to all vehicles (at simulation time 387.800,000,000 s)
2024-06-04 00:13:12,626 INFO  - Vehicle is inside the detection area. (at simulation time 387.900,000,000 s)
2024-06-04 00:13:12,626 INFO  - Vehicle is too far away from the traffic light. (at simulation time 387.900,000,000 s)
2024-06-04 00:13:12,626 INFO  - No vehicles in range. (at simulation time 387.900,000,000 s)
2024-06-04 00:13:12,626 INFO  - Neither the RSU nor any vehicle is in range. (at simulation time 387.900,000,000 s)
2024-06-04 00:13:12,626 INFO  - Sent broadcast CAM message to all vehicles (at simulation time 387.900,000,000 s)
2024-06-04 00:13:12,631 INFO  - Vehicle is inside the detection area. (at simulation time 388.000,000,000 s)
2024-06-04 00:13:12,631 INFO  - Vehicle is too far away from the traffic light. (at simulation time 388.000,000,000 s)
2024-06-04 00:13:12,631 INFO  - No vehicles in range. (at simulation time 388.000,000,000 s)
2024-06-04 00:13:12,631 INFO  - Neither the RSU nor any vehicle is in range. (at simulation time 388.000,000,000 s)
2024-06-04 00:13:12,631 INFO  - Sent broadcast CAM message to all vehicles (at simulation time 388.000,000,000 s)
2024-06-04 00:13:12,634 INFO  - Vehicle is inside the detection area. (at simulation time 388.100,000,000 s)
2024-06-04 00:13:12,634 INFO  - Vehicle is too far away from the traffic light. (at simulation time 388.100,000,000 s)
2024-06-04 00:13:12,634 INFO  - No vehicles in range. (at simulation time 388.100,000,000 s)
2024-06-04 00:13:12,634 INFO  - Neither the RSU nor any vehicle is in range. (at simulation time 388.100,000,000 s)
2024-06-04 00:13:12,634 INFO  - Sent broadcast CAM message to all vehicles (at simulation time 388.100,000,000 s)
2024-06-04 00:13:12,636 INFO  - Vehicle is inside the detection area. (at simulation time 388.200,000,000 s)
2024-06-04 00:13:12,636 INFO  - Vehicle is too far away from the traffic light. (at simulation time 388.200,000,000 s)
2024-06-04 00:13:12,636 INFO  - No vehicles in range. (at simulation time 388.200,000,000 s)
2024-06-04 00:13:12,636 INFO  - Neither the RSU nor any vehicle is in range. (at simulation time 388.200,000,000 s)
2024-06-04 00:13:12,636 INFO  - Sent broadcast CAM message to all vehicles (at simulation time 388.200,000,000 s)
2024-06-04 00:13:12,637 INFO  - Vehicle is inside the detection area. (at simulation time 388.300,000,000 s)
2024-06-04 00:13:12,637 INFO  - Vehicle is too far away from the traffic light. (at simulation time 388.300,000,000 s)
2024-06-04 00:13:12,637 INFO  - No vehicles in range. (at simulation time 388.300,000,000 s)
2024-06-04 00:13:12,637 INFO  - Neither the RSU nor any vehicle is in range. (at simulation time 388.300,000,000 s)
2024-06-04 00:13:12,637 INFO  - Sent broadcast CAM message to all vehicles (at simulation time 388.300,000,000 s)
2024-06-04 00:13:12,639 INFO  - Vehicle is inside the detection area. (at simulation time 388.400,000,000 s)
2024-06-04 00:13:12,639 INFO  - Vehicle is too far away from the traffic light. (at simulation time 388.400,000,000 s)
2024-06-04 00:13:12,639 INFO  - No vehicles in range. (at simulation time 388.400,000,000 s)
2024-06-04 00:13:12,639 INFO  - Neither the RSU nor any vehicle is in range. (at simulation time 388.400,000,000 s)
2024-06-04 00:13:12,639 INFO  - Sent broadcast CAM message to all vehicles (at simulation time 388.400,000,000 s)
2024-06-04 00:13:12,640 INFO  - Vehicle is inside the detection area. (at simulation time 388.500,000,000 s)
2024-06-04 00:13:12,641 INFO  - Vehicle is too far away from the traffic light. (at simulation time 388.500,000,000 s)
2024-06-04 00:13:12,641 INFO  - No vehicles in range. (at simulation time 388.500,000,000 s)
2024-06-04 00:13:12,641 INFO  - Neither the RSU nor any vehicle is in range. (at simulation time 388.500,000,000 s)
2024-06-04 00:13:12,641 INFO  - Sent broadcast CAM message to all vehicles (at simulation time 388.500,000,000 s)
2024-06-04 00:13:12,642 INFO  - Vehicle is inside the detection area. (at simulation time 388.600,000,000 s)
2024-06-04 00:13:12,642 INFO  - Vehicle is too far away from the traffic light. (at simulation time 388.600,000,000 s)
2024-06-04 00:13:12,642 INFO  - No vehicles in range. (at simulation time 388.600,000,000 s)
2024-06-04 00:13:12,642 INFO  - Neither the RSU nor any vehicle is in range. (at simulation time 388.600,000,000 s)
2024-06-04 00:13:12,642 INFO  - Sent broadcast CAM message to all vehicles (at simulation time 388.600,000,000 s)
2024-06-04 00:13:12,645 INFO  - Vehicle is inside the detection area. (at simulation time 388.700,000,000 s)
2024-06-04 00:13:12,645 INFO  - Vehicle is too far away from the traffic light. (at simulation time 388.700,000,000 s)
2024-06-04 00:13:12,645 INFO  - No vehicles in range. (at simulation time 388.700,000,000 s)
2024-06-04 00:13:12,645 INFO  - Neither the RSU nor any vehicle is in range. (at simulation time 388.700,000,000 s)
2024-06-04 00:13:12,645 INFO  - Sent broadcast CAM message to all vehicles (at simulation time 388.700,000,000 s)
2024-06-04 00:13:12,649 INFO  - Vehicle is inside the detection area. (at simulation time 388.800,000,000 s)
2024-06-04 00:13:12,649 INFO  - Vehicle is too far away from the traffic light. (at simulation time 388.800,000,000 s)
2024-06-04 00:13:12,649 INFO  - No vehicles in range. (at simulation time 388.800,000,000 s)
2024-06-04 00:13:12,649 INFO  - Neither the RSU nor any vehicle is in range. (at simulation time 388.800,000,000 s)
2024-06-04 00:13:12,649 INFO  - Sent broadcast CAM message to all vehicles (at simulation time 388.800,000,000 s)
2024-06-04 00:13:12,651 INFO  - Vehicle is inside the detection area. (at simulation time 388.900,000,000 s)
2024-06-04 00:13:12,651 INFO  - Vehicle is too far away from the traffic light. (at simulation time 388.900,000,000 s)
2024-06-04 00:13:12,651 INFO  - No vehicles in range. (at simulation time 388.900,000,000 s)
2024-06-04 00:13:12,651 INFO  - Neither the RSU nor any vehicle is in range. (at simulation time 388.900,000,000 s)
2024-06-04 00:13:12,651 INFO  - Sent broadcast CAM message to all vehicles (at simulation time 388.900,000,000 s)
2024-06-04 00:13:12,656 INFO  - Atempting to process queue (at simulation time 389.000,000,000 s)
2024-06-04 00:13:12,656 INFO  - Vehicle is inside the detection area. (at simulation time 389.000,000,000 s)
2024-06-04 00:13:12,656 INFO  - Sent Detection message to rsu_0 (at simulation time 389.000,000,000 s)
2024-06-04 00:13:12,656 INFO  - Sent broadcast CAM message to all vehicles (at simulation time 389.000,000,000 s)
2024-06-04 00:13:12,659 INFO  - Received CAM message from veh_108 (at simulation time 389.001,900,000 s)
2024-06-04 00:13:12,659 INFO  - Received CAM message from veh_102 (at simulation time 389.001,900,000 s)
2024-06-04 00:13:12,659 INFO  - Received CAM message from veh_153 (at simulation time 389.002,400,000 s)
2024-06-04 00:13:12,659 INFO  - Received CAM message from veh_132 (at simulation time 389.002,400,000 s)
2024-06-04 00:13:12,659 INFO  - Atempting to process queue (at simulation time 389.100,000,000 s)
2024-06-04 00:13:12,659 INFO  - Vehicle is inside the detection area. (at simulation time 389.100,000,000 s)
2024-06-04 00:13:12,659 INFO  - Sent Detection message to rsu_0 (at simulation time 389.100,000,000 s)
2024-06-04 00:13:12,659 INFO  - Sent broadcast CAM message to all vehicles (at simulation time 389.100,000,000 s)
2024-06-04 00:13:12,660 INFO  - Received CAM message from veh_153 (at simulation time 389.100,400,000 s)
2024-06-04 00:13:12,660 INFO  - Received CAM message from veh_132 (at simulation time 389.100,900,000 s)
2024-06-04 00:13:12,660 INFO  - Received CAM message from veh_102 (at simulation time 389.101,400,000 s)
2024-06-04 00:13:12,661 INFO  - Received CAM message from veh_108 (at simulation time 389.102,400,000 s)
2024-06-04 00:13:12,661 INFO  - Atempting to process queue (at simulation time 389.200,000,000 s)
2024-06-04 00:13:12,661 INFO  - Vehicle is inside the detection area. (at simulation time 389.200,000,000 s)
2024-06-04 00:13:12,661 INFO  - Sent Detection message to rsu_0 (at simulation time 389.200,000,000 s)
2024-06-04 00:13:12,661 INFO  - Sent broadcast CAM message to all vehicles (at simulation time 389.200,000,000 s)
2024-06-04 00:13:12,662 INFO  - Received CAM message from veh_102 (at simulation time 389.200,900,000 s)
2024-06-04 00:13:12,662 INFO  - Received CAM message from veh_153 (at simulation time 389.201,400,000 s)
2024-06-04 00:13:12,662 INFO  - Received CAM message from veh_132 (at simulation time 389.201,400,000 s)
2024-06-04 00:13:12,662 INFO  - Received CAM message from veh_108 (at simulation time 389.201,400,000 s)
2024-06-04 00:13:12,663 INFO  - Atempting to process queue (at simulation time 389.300,000,000 s)
2024-06-04 00:13:12,663 INFO  - Vehicle is inside the detection area. (at simulation time 389.300,000,000 s)
2024-06-04 00:13:12,663 INFO  - Sent Detection message to rsu_0 (at simulation time 389.300,000,000 s)
2024-06-04 00:13:12,663 INFO  - Sent broadcast CAM message to all vehicles (at simulation time 389.300,000,000 s)
2024-06-04 00:13:12,664 INFO  - Received CAM message from veh_108 (at simulation time 389.301,400,000 s)
2024-06-04 00:13:12,664 INFO  - Received CAM message from veh_102 (at simulation time 389.301,400,000 s)
2024-06-04 00:13:12,665 INFO  - Received CAM message from veh_153 (at simulation time 389.302,400,000 s)
2024-06-04 00:13:12,665 INFO  - Received CAM message from veh_132 (at simulation time 389.302,400,000 s)
2024-06-04 00:13:12,665 INFO  - Atempting to process queue (at simulation time 389.400,000,000 s)
2024-06-04 00:13:12,665 INFO  - Vehicle is inside the detection area. (at simulation time 389.400,000,000 s)
2024-06-04 00:13:12,665 INFO  - Sent Detection message to rsu_0 (at simulation time 389.400,000,000 s)
2024-06-04 00:13:12,665 INFO  - Sent broadcast CAM message to all vehicles (at simulation time 389.400,000,000 s)
2024-06-04 00:13:12,666 INFO  - Received CAM message from veh_153 (at simulation time 389.400,400,000 s)
2024-06-04 00:13:12,666 INFO  - Received CAM message from veh_132 (at simulation time 389.400,400,000 s)
2024-06-04 00:13:12,666 INFO  - Received CAM message from veh_108 (at simulation time 389.400,400,000 s)
2024-06-04 00:13:12,666 INFO  - Received CAM message from veh_102 (at simulation time 389.400,900,000 s)
2024-06-04 00:13:12,667 INFO  - Atempting to process queue (at simulation time 389.500,000,000 s)
2024-06-04 00:13:12,667 INFO  - Vehicle is inside the detection area. (at simulation time 389.500,000,000 s)
2024-06-04 00:13:12,667 INFO  - Sent Detection message to rsu_0 (at simulation time 389.500,000,000 s)
2024-06-04 00:13:12,667 INFO  - Sent broadcast CAM message to all vehicles (at simulation time 389.500,000,000 s)
2024-06-04 00:13:12,668 INFO  - Received CAM message from veh_132 (at simulation time 389.501,400,000 s)
2024-06-04 00:13:12,668 INFO  - Received CAM message from veh_108 (at simulation time 389.501,400,000 s)
2024-06-04 00:13:12,669 INFO  - Received CAM message from veh_102 (at simulation time 389.501,400,000 s)
2024-06-04 00:13:12,669 INFO  - Received CAM message from veh_153 (at simulation time 389.502,400,000 s)
2024-06-04 00:13:12,669 INFO  - Atempting to process queue (at simulation time 389.600,000,000 s)
2024-06-04 00:13:12,669 INFO  - Vehicle is inside the detection area. (at simulation time 389.600,000,000 s)
2024-06-04 00:13:12,669 INFO  - Sent Detection message to rsu_0 (at simulation time 389.600,000,000 s)
2024-06-04 00:13:12,669 INFO  - Sent broadcast CAM message to all vehicles (at simulation time 389.600,000,000 s)
2024-06-04 00:13:12,670 INFO  - Received CAM message from veh_153 (at simulation time 389.600,400,000 s)
2024-06-04 00:13:12,670 INFO  - Received CAM message from veh_108 (at simulation time 389.600,900,000 s)
2024-06-04 00:13:12,671 INFO  - Received CAM message from veh_132 (at simulation time 389.601,900,000 s)
2024-06-04 00:13:12,671 INFO  - Received CAM message from veh_102 (at simulation time 389.602,400,000 s)
2024-06-04 00:13:12,671 INFO  - Atempting to process queue (at simulation time 389.700,000,000 s)
2024-06-04 00:13:12,671 INFO  - Vehicle is inside the detection area. (at simulation time 389.700,000,000 s)
2024-06-04 00:13:12,671 INFO  - Sent Detection message to rsu_0 (at simulation time 389.700,000,000 s)
2024-06-04 00:13:12,671 INFO  - Sent broadcast CAM message to all vehicles (at simulation time 389.700,000,000 s)
2024-06-04 00:13:12,672 INFO  - Received CAM message from veh_132 (at simulation time 389.700,900,000 s)
2024-06-04 00:13:12,672 INFO  - Received CAM message from veh_102 (at simulation time 389.700,900,000 s)
2024-06-04 00:13:12,673 INFO  - Received CAM message from veh_153 (at simulation time 389.702,400,000 s)
2024-06-04 00:13:12,673 INFO  - Received CAM message from veh_108 (at simulation time 389.702,400,000 s)
2024-06-04 00:13:12,673 INFO  - Atempting to process queue (at simulation time 389.800,000,000 s)
2024-06-04 00:13:12,673 INFO  - Vehicle is inside the detection area. (at simulation time 389.800,000,000 s)
2024-06-04 00:13:12,673 INFO  - Sent Detection message to rsu_0 (at simulation time 389.800,000,000 s)
2024-06-04 00:13:12,673 INFO  - Sent broadcast CAM message to all vehicles (at simulation time 389.800,000,000 s)
2024-06-04 00:13:12,674 INFO  - Received CAM message from veh_108 (at simulation time 389.800,900,000 s)
2024-06-04 00:13:12,674 INFO  - Received CAM message from veh_132 (at simulation time 389.801,400,000 s)
2024-06-04 00:13:12,674 INFO  - Received CAM message from veh_102 (at simulation time 389.801,400,000 s)
2024-06-04 00:13:12,675 INFO  - Received CAM message from veh_153 (at simulation time 389.802,400,000 s)
2024-06-04 00:13:12,675 INFO  - Atempting to process queue (at simulation time 389.900,000,000 s)
2024-06-04 00:13:12,675 INFO  - Vehicle is inside the detection area. (at simulation time 389.900,000,000 s)
2024-06-04 00:13:12,675 INFO  - Sent Detection message to rsu_0 (at simulation time 389.900,000,000 s)
2024-06-04 00:13:12,675 INFO  - Sent broadcast CAM message to all vehicles (at simulation time 389.900,000,000 s)
2024-06-04 00:13:12,676 INFO  - Received CAM message from veh_108 (at simulation time 389.900,400,000 s)
2024-06-04 00:13:12,676 INFO  - Received CAM message from veh_153 (at simulation time 389.901,400,000 s)
2024-06-04 00:13:12,676 INFO  - Received CAM message from veh_132 (at simulation time 389.901,400,000 s)
2024-06-04 00:13:12,677 INFO  - Received CAM message from veh_102 (at simulation time 389.902,400,000 s)
2024-06-04 00:13:12,681 INFO  - Atempting to process queue (at simulation time 390.000,000,000 s)
2024-06-04 00:13:12,681 INFO  - Vehicle is inside the detection area. (at simulation time 390.000,000,000 s)
2024-06-04 00:13:12,681 INFO  - Sent Detection message to rsu_0 (at simulation time 390.000,000,000 s)
2024-06-04 00:13:12,681 INFO  - Sent broadcast CAM message to all vehicles (at simulation time 390.000,000,000 s)
2024-06-04 00:13:12,684 INFO  - Received CAM message from veh_153 (at simulation time 390.000,400,000 s)
2024-06-04 00:13:12,684 INFO  - Received CAM message from veh_138 (at simulation time 390.000,400,000 s)
2024-06-04 00:13:12,684 INFO  - Received CAM message from veh_132 (at simulation time 390.000,900,000 s)
2024-06-04 00:13:12,684 INFO  - Received CAM message from veh_102 (at simulation time 390.000,900,000 s)
2024-06-04 00:13:12,685 INFO  - Received CAM message from veh_108 (at simulation time 390.002,400,000 s)
2024-06-04 00:13:12,685 INFO  - Atempting to process queue (at simulation time 390.100,000,000 s)
2024-06-04 00:13:12,685 INFO  - Vehicle is inside the detection area. (at simulation time 390.100,000,000 s)
2024-06-04 00:13:12,685 INFO  - Sent Detection message to rsu_0 (at simulation time 390.100,000,000 s)
2024-06-04 00:13:12,685 INFO  - Sent broadcast CAM message to all vehicles (at simulation time 390.100,000,000 s)
2024-06-04 00:13:12,686 INFO  - Received CAM message from veh_153 (at simulation time 390.100,400,000 s)
2024-06-04 00:13:12,686 INFO  - Received CAM message from veh_138 (at simulation time 390.100,400,000 s)
2024-06-04 00:13:12,686 INFO  - Received CAM message from veh_108 (at simulation time 390.100,400,000 s)
2024-06-04 00:13:12,686 INFO  - Received CAM message from veh_132 (at simulation time 390.101,400,000 s)
2024-06-04 00:13:12,686 INFO  - Received CAM message from veh_102 (at simulation time 390.101,900,000 s)
2024-06-04 00:13:12,687 INFO  - Atempting to process queue (at simulation time 390.200,000,000 s)
2024-06-04 00:13:12,687 INFO  - Vehicle is inside the detection area. (at simulation time 390.200,000,000 s)
2024-06-04 00:13:12,687 INFO  - Sent Detection message to rsu_0 (at simulation time 390.200,000,000 s)
2024-06-04 00:13:12,687 INFO  - Sent broadcast CAM message to all vehicles (at simulation time 390.200,000,000 s)
2024-06-04 00:13:12,688 INFO  - Received CAM message from veh_138 (at simulation time 390.200,900,000 s)
2024-06-04 00:13:12,688 INFO  - Received CAM message from veh_102 (at simulation time 390.200,900,000 s)
2024-06-04 00:13:12,688 INFO  - Received CAM message from veh_153 (at simulation time 390.201,900,000 s)
2024-06-04 00:13:12,688 INFO  - Received CAM message from veh_132 (at simulation time 390.201,900,000 s)
2024-06-04 00:13:12,688 INFO  - Received CAM message from veh_108 (at simulation time 390.201,900,000 s)
2024-06-04 00:13:12,689 INFO  - Atempting to process queue (at simulation time 390.300,000,000 s)
2024-06-04 00:13:12,689 INFO  - Vehicle is inside the detection area. (at simulation time 390.300,000,000 s)
2024-06-04 00:13:12,689 INFO  - Sent Detection message to rsu_0 (at simulation time 390.300,000,000 s)
2024-06-04 00:13:12,689 INFO  - Sent broadcast CAM message to all vehicles (at simulation time 390.300,000,000 s)
2024-06-04 00:13:12,689 INFO  - Received CAM message from veh_153 (at simulation time 390.300,400,000 s)
2024-06-04 00:13:12,690 INFO  - Received CAM message from veh_108 (at simulation time 390.300,900,000 s)
2024-06-04 00:13:12,690 INFO  - Received CAM message from veh_132 (at simulation time 390.301,400,000 s)
2024-06-04 00:13:12,690 INFO  - Received CAM message from veh_138 (at simulation time 390.302,400,000 s)
2024-06-04 00:13:12,690 INFO  - Received CAM message from veh_102 (at simulation time 390.302,400,000 s)
2024-06-04 00:13:12,690 INFO  - Atempting to process queue (at simulation time 390.400,000,000 s)
2024-06-04 00:13:12,690 INFO  - Vehicle is inside the detection area. (at simulation time 390.400,000,000 s)
2024-06-04 00:13:12,690 INFO  - Sent Detection message to rsu_0 (at simulation time 390.400,000,000 s)
2024-06-04 00:13:12,690 INFO  - Sent broadcast CAM message to all vehicles (at simulation time 390.400,000,000 s)
2024-06-04 00:13:12,691 INFO  - Received CAM message from veh_153 (at simulation time 390.400,400,000 s)
2024-06-04 00:13:12,692 INFO  - Received CAM message from veh_132 (at simulation time 390.401,400,000 s)
2024-06-04 00:13:12,692 INFO  - Received CAM message from veh_108 (at simulation time 390.401,900,000 s)
2024-06-04 00:13:12,692 INFO  - Received CAM message from veh_102 (at simulation time 390.401,900,000 s)
2024-06-04 00:13:12,692 INFO  - Received CAM message from veh_138 (at simulation time 390.402,400,000 s)
2024-06-04 00:13:12,692 INFO  - Atempting to process queue (at simulation time 390.500,000,000 s)
2024-06-04 00:13:12,692 INFO  - Vehicle is inside the detection area. (at simulation time 390.500,000,000 s)
2024-06-04 00:13:12,692 INFO  - Sent Detection message to rsu_0 (at simulation time 390.500,000,000 s)
2024-06-04 00:13:12,692 INFO  - Sent broadcast CAM message to all vehicles (at simulation time 390.500,000,000 s)
2024-06-04 00:13:12,693 INFO  - Received CAM message from veh_108 (at simulation time 390.500,400,000 s)
2024-06-04 00:13:12,693 INFO  - Received CAM message from veh_153 (at simulation time 390.500,900,000 s)
2024-06-04 00:13:12,693 INFO  - Received CAM message from veh_138 (at simulation time 390.501,400,000 s)
2024-06-04 00:13:12,693 INFO  - Received CAM message from veh_132 (at simulation time 390.501,400,000 s)
2024-06-04 00:13:12,693 INFO  - Received CAM message from veh_102 (at simulation time 390.501,900,000 s)
2024-06-04 00:13:12,694 INFO  - Atempting to process queue (at simulation time 390.600,000,000 s)
2024-06-04 00:13:12,694 INFO  - Vehicle is inside the detection area. (at simulation time 390.600,000,000 s)
2024-06-04 00:13:12,694 INFO  - Sent Detection message to rsu_0 (at simulation time 390.600,000,000 s)
2024-06-04 00:13:12,694 INFO  - Sent broadcast CAM message to all vehicles (at simulation time 390.600,000,000 s)
2024-06-04 00:13:12,694 INFO  - Received CAM message from veh_132 (at simulation time 390.600,400,000 s)
2024-06-04 00:13:12,695 INFO  - Received CAM message from veh_153 (at simulation time 390.600,900,000 s)
2024-06-04 00:13:12,695 INFO  - Received CAM message from veh_108 (at simulation time 390.600,900,000 s)
2024-06-04 00:13:12,695 INFO  - Received CAM message from veh_138 (at simulation time 390.601,900,000 s)
2024-06-04 00:13:12,695 INFO  - Received CAM message from veh_102 (at simulation time 390.601,900,000 s)
2024-06-04 00:13:12,695 INFO  - Atempting to process queue (at simulation time 390.700,000,000 s)
2024-06-04 00:13:12,695 INFO  - Vehicle is inside the detection area. (at simulation time 390.700,000,000 s)
2024-06-04 00:13:12,695 INFO  - Sent Detection message to rsu_0 (at simulation time 390.700,000,000 s)
2024-06-04 00:13:12,695 INFO  - Sent broadcast CAM message to all vehicles (at simulation time 390.700,000,000 s)
2024-06-04 00:13:12,696 INFO  - Received CAM message from veh_132 (at simulation time 390.700,900,000 s)
2024-06-04 00:13:12,696 INFO  - Received CAM message from veh_102 (at simulation time 390.700,900,000 s)
2024-06-04 00:13:12,696 INFO  - Received CAM message from veh_153 (at simulation time 390.701,400,000 s)
2024-06-04 00:13:12,697 INFO  - Received CAM message from veh_108 (at simulation time 390.701,400,000 s)
2024-06-04 00:13:12,697 INFO  - Received CAM message from veh_138 (at simulation time 390.701,900,000 s)
2024-06-04 00:13:12,697 INFO  - Atempting to process queue (at simulation time 390.800,000,000 s)
2024-06-04 00:13:12,697 INFO  - Vehicle is inside the detection area. (at simulation time 390.800,000,000 s)
2024-06-04 00:13:12,697 INFO  - Sent Detection message to rsu_0 (at simulation time 390.800,000,000 s)
2024-06-04 00:13:12,697 INFO  - Sent broadcast CAM message to all vehicles (at simulation time 390.800,000,000 s)
2024-06-04 00:13:12,698 INFO  - Received CAM message from veh_153 (at simulation time 390.800,400,000 s)
2024-06-04 00:13:12,698 INFO  - Received CAM message from veh_102 (at simulation time 390.800,400,000 s)
2024-06-04 00:13:12,698 INFO  - Received CAM message from veh_138 (at simulation time 390.800,900,000 s)
2024-06-04 00:13:12,698 INFO  - Received CAM message from veh_108 (at simulation time 390.800,900,000 s)
2024-06-04 00:13:12,699 INFO  - Received CAM message from veh_132 (at simulation time 390.801,900,000 s)
2024-06-04 00:13:12,699 INFO  - Atempting to process queue (at simulation time 390.900,000,000 s)
2024-06-04 00:13:12,699 INFO  - Vehicle is inside the detection area. (at simulation time 390.900,000,000 s)
2024-06-04 00:13:12,699 INFO  - Sent Detection message to rsu_0 (at simulation time 390.900,000,000 s)
2024-06-04 00:13:12,699 INFO  - Sent broadcast CAM message to all vehicles (at simulation time 390.900,000,000 s)
2024-06-04 00:13:12,700 INFO  - Received CAM message from veh_132 (at simulation time 390.900,400,000 s)
2024-06-04 00:13:12,700 INFO  - Received CAM message from veh_102 (at simulation time 390.900,400,000 s)
2024-06-04 00:13:12,700 INFO  - Received CAM message from veh_108 (at simulation time 390.900,900,000 s)
2024-06-04 00:13:12,700 INFO  - Received CAM message from veh_138 (at simulation time 390.901,400,000 s)
2024-06-04 00:13:12,701 INFO  - Received CAM message from veh_153 (at simulation time 390.902,400,000 s)
2024-06-04 00:13:12,707 INFO  - Atempting to process queue (at simulation time 391.000,000,000 s)
2024-06-04 00:13:12,707 INFO  - Vehicle is outside the detection area. (at simulation time 391.000,000,000 s)
2024-06-04 00:13:12,707 INFO  - Sent broadcast CAM message to all vehicles (at simulation time 391.000,000,000 s)
2024-06-04 00:13:12,708 INFO  - Received CAM message from veh_153 (at simulation time 391.000,400,000 s)
2024-06-04 00:13:12,709 INFO  - Received CAM message from veh_102 (at simulation time 391.000,900,000 s)
2024-06-04 00:13:12,709 INFO  - Received CAM message from veh_138 (at simulation time 391.002,400,000 s)
2024-06-04 00:13:12,709 INFO  - Received CAM message from veh_132 (at simulation time 391.002,400,000 s)
2024-06-04 00:13:12,709 INFO  - Received CAM message from veh_108 (at simulation time 391.002,400,000 s)
2024-06-04 00:13:12,710 INFO  - Atempting to process queue (at simulation time 391.100,000,000 s)
2024-06-04 00:13:12,710 INFO  - Vehicle is outside the detection area. (at simulation time 391.100,000,000 s)
2024-06-04 00:13:12,710 INFO  - Sent broadcast CAM message to all vehicles (at simulation time 391.100,000,000 s)
2024-06-04 00:13:12,711 INFO  - Received CAM message from veh_138 (at simulation time 391.101,400,000 s)
2024-06-04 00:13:12,711 INFO  - Received CAM message from veh_132 (at simulation time 391.101,400,000 s)
2024-06-04 00:13:12,711 INFO  - Received CAM message from veh_102 (at simulation time 391.101,400,000 s)
2024-06-04 00:13:12,711 INFO  - Received CAM message from veh_153 (at simulation time 391.101,900,000 s)
2024-06-04 00:13:12,711 INFO  - Received CAM message from veh_108 (at simulation time 391.101,900,000 s)
2024-06-04 00:13:12,711 INFO  - Atempting to process queue (at simulation time 391.200,000,000 s)
2024-06-04 00:13:12,711 INFO  - Vehicle is outside the detection area. (at simulation time 391.200,000,000 s)
2024-06-04 00:13:12,711 INFO  - Sent broadcast CAM message to all vehicles (at simulation time 391.200,000,000 s)
2024-06-04 00:13:12,712 INFO  - Received CAM message from veh_153 (at simulation time 391.200,400,000 s)
2024-06-04 00:13:12,712 INFO  - Received CAM message from veh_132 (at simulation time 391.200,400,000 s)
2024-06-04 00:13:12,712 INFO  - Received CAM message from veh_102 (at simulation time 391.200,400,000 s)
2024-06-04 00:13:12,712 INFO  - Received CAM message from veh_138 (at simulation time 391.200,900,000 s)
2024-06-04 00:13:12,712 INFO  - Received CAM message from veh_108 (at simulation time 391.201,400,000 s)
2024-06-04 00:13:12,713 INFO  - Atempting to process queue (at simulation time 391.300,000,000 s)
2024-06-04 00:13:12,713 INFO  - Vehicle is outside the detection area. (at simulation time 391.300,000,000 s)
2024-06-04 00:13:12,713 INFO  - Sent broadcast CAM message to all vehicles (at simulation time 391.300,000,000 s)
2024-06-04 00:13:12,714 INFO  - Received CAM message from veh_132 (at simulation time 391.300,400,000 s)
2024-06-04 00:13:12,714 INFO  - Received CAM message from veh_153 (at simulation time 391.300,900,000 s)
2024-06-04 00:13:12,714 INFO  - Received CAM message from veh_108 (at simulation time 391.300,900,000 s)
2024-06-04 00:13:12,714 INFO  - Received CAM message from veh_102 (at simulation time 391.300,900,000 s)
2024-06-04 00:13:12,715 INFO  - Received CAM message from veh_138 (at simulation time 391.302,400,000 s)
2024-06-04 00:13:12,715 INFO  - Atempting to process queue (at simulation time 391.400,000,000 s)
2024-06-04 00:13:12,715 INFO  - Vehicle is outside the detection area. (at simulation time 391.400,000,000 s)
2024-06-04 00:13:12,715 INFO  - Sent broadcast CAM message to all vehicles (at simulation time 391.400,000,000 s)
2024-06-04 00:13:12,716 INFO  - Received CAM message from veh_138 (at simulation time 391.400,900,000 s)
2024-06-04 00:13:12,716 INFO  - Received CAM message from veh_108 (at simulation time 391.401,900,000 s)
2024-06-04 00:13:12,717 INFO  - Received CAM message from veh_153 (at simulation time 391.402,400,000 s)
2024-06-04 00:13:12,717 INFO  - Received CAM message from veh_132 (at simulation time 391.402,400,000 s)
2024-06-04 00:13:12,717 INFO  - Received CAM message from veh_102 (at simulation time 391.402,400,000 s)
2024-06-04 00:13:12,717 INFO  - Atempting to process queue (at simulation time 391.500,000,000 s)
2024-06-04 00:13:12,717 INFO  - Vehicle is outside the detection area. (at simulation time 391.500,000,000 s)
2024-06-04 00:13:12,717 INFO  - Sent broadcast CAM message to all vehicles (at simulation time 391.500,000,000 s)
2024-06-04 00:13:12,718 INFO  - Received CAM message from veh_138 (at simulation time 391.500,400,000 s)
2024-06-04 00:13:12,718 INFO  - Received CAM message from veh_102 (at simulation time 391.500,400,000 s)
2024-06-04 00:13:12,718 INFO  - Received CAM message from veh_153 (at simulation time 391.501,400,000 s)
2024-06-04 00:13:12,719 INFO  - Received CAM message from veh_108 (at simulation time 391.501,900,000 s)
2024-06-04 00:13:12,719 INFO  - Received CAM message from veh_132 (at simulation time 391.502,400,000 s)
2024-06-04 00:13:12,719 INFO  - Atempting to process queue (at simulation time 391.600,000,000 s)
2024-06-04 00:13:12,719 INFO  - Vehicle is outside the detection area. (at simulation time 391.600,000,000 s)
2024-06-04 00:13:12,719 INFO  - Sent broadcast CAM message to all vehicles (at simulation time 391.600,000,000 s)
2024-06-04 00:13:12,720 INFO  - Received CAM message from veh_108 (at simulation time 391.600,400,000 s)
2024-06-04 00:13:12,720 INFO  - Received CAM message from veh_153 (at simulation time 391.600,900,000 s)
2024-06-04 00:13:12,720 INFO  - Received CAM message from veh_132 (at simulation time 391.600,900,000 s)
2024-06-04 00:13:12,720 INFO  - Received CAM message from veh_102 (at simulation time 391.600,900,000 s)
2024-06-04 00:13:12,720 INFO  - Received CAM message from veh_138 (at simulation time 391.601,900,000 s)
2024-06-04 00:13:12,721 INFO  - Atempting to process queue (at simulation time 391.700,000,000 s)
2024-06-04 00:13:12,721 INFO  - Vehicle is outside the detection area. (at simulation time 391.700,000,000 s)
2024-06-04 00:13:12,721 INFO  - Sent broadcast CAM message to all vehicles (at simulation time 391.700,000,000 s)
2024-06-04 00:13:12,722 INFO  - Received CAM message from veh_132 (at simulation time 391.700,900,000 s)
2024-06-04 00:13:12,722 INFO  - Received CAM message from veh_108 (at simulation time 391.700,900,000 s)
2024-06-04 00:13:12,722 INFO  - Received CAM message from veh_102 (at simulation time 391.701,400,000 s)
2024-06-04 00:13:12,722 INFO  - Received CAM message from veh_138 (at simulation time 391.701,900,000 s)
2024-06-04 00:13:12,722 INFO  - Received CAM message from veh_153 (at simulation time 391.702,400,000 s)
2024-06-04 00:13:12,723 INFO  - Atempting to process queue (at simulation time 391.800,000,000 s)
2024-06-04 00:13:12,723 INFO  - Vehicle is outside the detection area. (at simulation time 391.800,000,000 s)
2024-06-04 00:13:12,723 INFO  - Sent broadcast CAM message to all vehicles (at simulation time 391.800,000,000 s)
2024-06-04 00:13:12,724 INFO  - Received CAM message from veh_153 (at simulation time 391.800,900,000 s)
2024-06-04 00:13:12,724 INFO  - Received CAM message from veh_132 (at simulation time 391.800,900,000 s)
2024-06-04 00:13:12,724 INFO  - Received CAM message from veh_138 (at simulation time 391.801,400,000 s)
2024-06-04 00:13:12,724 INFO  - Received CAM message from veh_108 (at simulation time 391.801,400,000 s)
2024-06-04 00:13:12,724 INFO  - Received CAM message from veh_102 (at simulation time 391.801,900,000 s)
2024-06-04 00:13:12,724 INFO  - Atempting to process queue (at simulation time 391.900,000,000 s)
2024-06-04 00:13:12,724 INFO  - Vehicle is outside the detection area. (at simulation time 391.900,000,000 s)
2024-06-04 00:13:12,724 INFO  - Sent broadcast CAM message to all vehicles (at simulation time 391.900,000,000 s)
2024-06-04 00:13:12,725 INFO  - Received CAM message from veh_102 (at simulation time 391.900,900,000 s)
2024-06-04 00:13:12,725 INFO  - Received CAM message from veh_132 (at simulation time 391.901,400,000 s)
2024-06-04 00:13:12,725 INFO  - Received CAM message from veh_108 (at simulation time 391.901,400,000 s)
2024-06-04 00:13:12,726 INFO  - Received CAM message from veh_153 (at simulation time 391.901,900,000 s)
2024-06-04 00:13:12,726 INFO  - Received CAM message from veh_138 (at simulation time 391.902,400,000 s)
2024-06-04 00:13:12,728 INFO  - Atempting to process queue (at simulation time 392.000,000,000 s)
2024-06-04 00:13:12,728 INFO  - Vehicle is outside the detection area. (at simulation time 392.000,000,000 s)
2024-06-04 00:13:12,728 INFO  - Sent broadcast CAM message to all vehicles (at simulation time 392.000,000,000 s)
2024-06-04 00:13:12,730 INFO  - Received CAM message from veh_132 (at simulation time 392.000,400,000 s)
2024-06-04 00:13:12,730 INFO  - Received CAM message from veh_138 (at simulation time 392.001,400,000 s)
2024-06-04 00:13:12,730 INFO  - Received CAM message from veh_153 (at simulation time 392.001,900,000 s)
2024-06-04 00:13:12,730 INFO  - Received CAM message from veh_108 (at simulation time 392.001,900,000 s)
2024-06-04 00:13:12,731 INFO  - Received CAM message from veh_102 (at simulation time 392.002,400,000 s)
2024-06-04 00:13:12,731 INFO  - Atempting to process queue (at simulation time 392.100,000,000 s)
2024-06-04 00:13:12,731 INFO  - Vehicle is outside the detection area. (at simulation time 392.100,000,000 s)
2024-06-04 00:13:12,731 INFO  - Sent broadcast CAM message to all vehicles (at simulation time 392.100,000,000 s)
2024-06-04 00:13:12,731 INFO  - Received CAM message from veh_132 (at simulation time 392.100,400,000 s)
2024-06-04 00:13:12,732 INFO  - Received CAM message from veh_102 (at simulation time 392.101,400,000 s)
2024-06-04 00:13:12,732 INFO  - Received CAM message from veh_153 (at simulation time 392.101,900,000 s)
2024-06-04 00:13:12,732 INFO  - Received CAM message from veh_138 (at simulation time 392.101,900,000 s)
2024-06-04 00:13:12,732 INFO  - Received CAM message from veh_108 (at simulation time 392.102,400,000 s)
2024-06-04 00:13:12,732 INFO  - Atempting to process queue (at simulation time 392.200,000,000 s)
2024-06-04 00:13:12,732 INFO  - Vehicle is outside the detection area. (at simulation time 392.200,000,000 s)
2024-06-04 00:13:12,733 INFO  - Sent broadcast CAM message to all vehicles (at simulation time 392.200,000,000 s)
2024-06-04 00:13:12,733 INFO  - Received CAM message from veh_153 (at simulation time 392.200,900,000 s)
2024-06-04 00:13:12,733 INFO  - Received CAM message from veh_138 (at simulation time 392.200,900,000 s)
2024-06-04 00:13:12,734 INFO  - Received CAM message from veh_132 (at simulation time 392.201,400,000 s)
2024-06-04 00:13:12,734 INFO  - Received CAM message from veh_102 (at simulation time 392.201,400,000 s)
2024-06-04 00:13:12,734 INFO  - Received CAM message from veh_108 (at simulation time 392.201,900,000 s)
2024-06-04 00:13:12,734 INFO  - Atempting to process queue (at simulation time 392.300,000,000 s)
2024-06-04 00:13:12,734 INFO  - Vehicle is outside the detection area. (at simulation time 392.300,000,000 s)
2024-06-04 00:13:12,734 INFO  - Sent broadcast CAM message to all vehicles (at simulation time 392.300,000,000 s)
2024-06-04 00:13:12,735 INFO  - Received CAM message from veh_138 (at simulation time 392.300,400,000 s)
2024-06-04 00:13:12,735 INFO  - Received CAM message from veh_132 (at simulation time 392.300,900,000 s)
2024-06-04 00:13:12,736 INFO  - Received CAM message from veh_108 (at simulation time 392.301,400,000 s)
2024-06-04 00:13:12,736 INFO  - Received CAM message from veh_153 (at simulation time 392.302,400,000 s)
2024-06-04 00:13:12,736 INFO  - Received CAM message from veh_102 (at simulation time 392.302,400,000 s)
2024-06-04 00:13:12,736 INFO  - Atempting to process queue (at simulation time 392.400,000,000 s)
2024-06-04 00:13:12,736 INFO  - Vehicle is outside the detection area. (at simulation time 392.400,000,000 s)
2024-06-04 00:13:12,736 INFO  - Sent broadcast CAM message to all vehicles (at simulation time 392.400,000,000 s)
2024-06-04 00:13:12,737 INFO  - Received CAM message from veh_132 (at simulation time 392.400,900,000 s)
2024-06-04 00:13:12,738 INFO  - Received CAM message from veh_102 (at simulation time 392.401,400,000 s)
2024-06-04 00:13:12,738 INFO  - Received CAM message from veh_153 (at simulation time 392.401,900,000 s)
2024-06-04 00:13:12,738 INFO  - Received CAM message from veh_138 (at simulation time 392.401,900,000 s)
2024-06-04 00:13:12,738 INFO  - Received CAM message from veh_108 (at simulation time 392.401,900,000 s)
2024-06-04 00:13:12,738 INFO  - Atempting to process queue (at simulation time 392.500,000,000 s)
2024-06-04 00:13:12,738 INFO  - Vehicle is outside the detection area. (at simulation time 392.500,000,000 s)
2024-06-04 00:13:12,738 INFO  - Sent broadcast CAM message to all vehicles (at simulation time 392.500,000,000 s)
2024-06-04 00:13:12,739 INFO  - Received CAM message from veh_138 (at simulation time 392.500,400,000 s)
2024-06-04 00:13:12,739 INFO  - Received CAM message from veh_132 (at simulation time 392.500,400,000 s)
2024-06-04 00:13:12,739 INFO  - Received CAM message from veh_153 (at simulation time 392.500,900,000 s)
2024-06-04 00:13:12,739 INFO  - Received CAM message from veh_108 (at simulation time 392.500,900,000 s)
2024-06-04 00:13:12,740 INFO  - Received CAM message from veh_102 (at simulation time 392.502,400,000 s)
2024-06-04 00:13:12,740 INFO  - Atempting to process queue (at simulation time 392.600,000,000 s)
2024-06-04 00:13:12,740 INFO  - Vehicle is outside the detection area. (at simulation time 392.600,000,000 s)
2024-06-04 00:13:12,740 INFO  - Sent broadcast CAM message to all vehicles (at simulation time 392.600,000,000 s)
2024-06-04 00:13:12,741 INFO  - Received CAM message from veh_102 (at simulation time 392.600,900,000 s)
2024-06-04 00:13:12,741 INFO  - Received CAM message from veh_153 (at simulation time 392.601,900,000 s)
2024-06-04 00:13:12,741 INFO  - Received CAM message from veh_138 (at simulation time 392.601,900,000 s)
2024-06-04 00:13:12,741 INFO  - Received CAM message from veh_108 (at simulation time 392.601,900,000 s)
2024-06-04 00:13:12,741 INFO  - Received CAM message from veh_132 (at simulation time 392.602,400,000 s)
2024-06-04 00:13:12,741 INFO  - Atempting to process queue (at simulation time 392.700,000,000 s)
2024-06-04 00:13:12,741 INFO  - Vehicle is outside the detection area. (at simulation time 392.700,000,000 s)
2024-06-04 00:13:12,741 INFO  - Sent broadcast CAM message to all vehicles (at simulation time 392.700,000,000 s)
2024-06-04 00:13:12,742 INFO  - Received CAM message from veh_132 (at simulation time 392.700,900,000 s)
2024-06-04 00:13:12,742 INFO  - Received CAM message from veh_153 (at simulation time 392.701,400,000 s)
2024-06-04 00:13:12,742 INFO  - Received CAM message from veh_138 (at simulation time 392.701,400,000 s)
2024-06-04 00:13:12,742 INFO  - Received CAM message from veh_102 (at simulation time 392.701,400,000 s)
2024-06-04 00:13:12,743 INFO  - Received CAM message from veh_108 (at simulation time 392.702,400,000 s)
2024-06-04 00:13:12,743 INFO  - Atempting to process queue (at simulation time 392.800,000,000 s)
2024-06-04 00:13:12,743 INFO  - Vehicle is outside the detection area. (at simulation time 392.800,000,000 s)
2024-06-04 00:13:12,743 INFO  - Sent broadcast CAM message to all vehicles (at simulation time 392.800,000,000 s)
2024-06-04 00:13:12,744 INFO  - Received CAM message from veh_138 (at simulation time 392.800,900,000 s)
2024-06-04 00:13:12,744 INFO  - Received CAM message from veh_108 (at simulation time 392.800,900,000 s)
2024-06-04 00:13:12,744 INFO  - Received CAM message from veh_102 (at simulation time 392.801,400,000 s)
2024-06-04 00:13:12,744 INFO  - Received CAM message from veh_132 (at simulation time 392.801,900,000 s)
2024-06-04 00:13:12,744 INFO  - Received CAM message from veh_153 (at simulation time 392.802,400,000 s)
2024-06-04 00:13:12,744 INFO  - Atempting to process queue (at simulation time 392.900,000,000 s)
2024-06-04 00:13:12,744 INFO  - Vehicle is outside the detection area. (at simulation time 392.900,000,000 s)
2024-06-04 00:13:12,744 INFO  - Sent broadcast CAM message to all vehicles (at simulation time 392.900,000,000 s)
2024-06-04 00:13:12,745 INFO  - Received CAM message from veh_153 (at simulation time 392.900,900,000 s)
2024-06-04 00:13:12,746 INFO  - Received CAM message from veh_138 (at simulation time 392.901,400,000 s)
2024-06-04 00:13:12,746 INFO  - Received CAM message from veh_108 (at simulation time 392.901,900,000 s)
2024-06-04 00:13:12,746 INFO  - Received CAM message from veh_102 (at simulation time 392.901,900,000 s)
2024-06-04 00:13:12,746 INFO  - Received CAM message from veh_132 (at simulation time 392.902,400,000 s)
2024-06-04 00:13:12,750 INFO  - Atempting to process queue (at simulation time 393.000,000,000 s)
2024-06-04 00:13:12,750 INFO  - Vehicle is outside the detection area. (at simulation time 393.000,000,000 s)
2024-06-04 00:13:12,750 INFO  - Sent broadcast CAM message to all vehicles (at simulation time 393.000,000,000 s)
2024-06-04 00:13:12,752 INFO  - Received CAM message from veh_153 (at simulation time 393.000,400,000 s)
2024-06-04 00:13:12,752 INFO  - Received CAM message from veh_102 (at simulation time 393.000,400,000 s)
2024-06-04 00:13:12,752 INFO  - Received CAM message from veh_138 (at simulation time 393.000,900,000 s)
2024-06-04 00:13:12,753 INFO  - Received CAM message from veh_108 (at simulation time 393.001,400,000 s)
2024-06-04 00:13:12,753 INFO  - Received CAM message from veh_132 (at simulation time 393.001,900,000 s)
2024-06-04 00:13:12,753 INFO  - Atempting to process queue (at simulation time 393.100,000,000 s)
2024-06-04 00:13:12,753 INFO  - Vehicle is outside the detection area. (at simulation time 393.100,000,000 s)
2024-06-04 00:13:12,753 INFO  - Sent broadcast CAM message to all vehicles (at simulation time 393.100,000,000 s)
2024-06-04 00:13:12,754 INFO  - Received CAM message from veh_138 (at simulation time 393.100,900,000 s)
2024-06-04 00:13:12,754 INFO  - Received CAM message from veh_108 (at simulation time 393.100,900,000 s)
2024-06-04 00:13:12,754 INFO  - Received CAM message from veh_102 (at simulation time 393.100,900,000 s)
2024-06-04 00:13:12,755 INFO  - Received CAM message from veh_132 (at simulation time 393.101,900,000 s)
2024-06-04 00:13:12,755 INFO  - Received CAM message from veh_153 (at simulation time 393.102,400,000 s)
2024-06-04 00:13:12,755 INFO  - Atempting to process queue (at simulation time 393.200,000,000 s)
2024-06-04 00:13:12,755 INFO  - Vehicle is outside the detection area. (at simulation time 393.200,000,000 s)
2024-06-04 00:13:12,755 INFO  - Sent broadcast CAM message to all vehicles (at simulation time 393.200,000,000 s)
2024-06-04 00:13:12,756 INFO  - Received CAM message from veh_132 (at simulation time 393.200,400,000 s)
2024-06-04 00:13:12,756 INFO  - Received CAM message from veh_138 (at simulation time 393.201,400,000 s)
2024-06-04 00:13:12,756 INFO  - Received CAM message from veh_153 (at simulation time 393.201,900,000 s)
2024-06-04 00:13:12,756 INFO  - Received CAM message from veh_102 (at simulation time 393.201,900,000 s)
2024-06-04 00:13:12,756 INFO  - Received CAM message from veh_108 (at simulation time 393.202,400,000 s)
2024-06-04 00:13:12,756 INFO  - Atempting to process queue (at simulation time 393.300,000,000 s)
2024-06-04 00:13:12,756 INFO  - Vehicle is outside the detection area. (at simulation time 393.300,000,000 s)
2024-06-04 00:13:12,756 INFO  - Sent broadcast CAM message to all vehicles (at simulation time 393.300,000,000 s)
2024-06-04 00:13:12,757 INFO  - Received CAM message from veh_132 (at simulation time 393.300,400,000 s)
2024-06-04 00:13:12,757 INFO  - Received CAM message from veh_102 (at simulation time 393.300,400,000 s)
2024-06-04 00:13:12,757 INFO  - Received CAM message from veh_108 (at simulation time 393.300,900,000 s)
2024-06-04 00:13:12,758 INFO  - Received CAM message from veh_153 (at simulation time 393.301,900,000 s)
2024-06-04 00:13:12,758 INFO  - Received CAM message from veh_138 (at simulation time 393.302,400,000 s)
2024-06-04 00:13:12,758 INFO  - Atempting to process queue (at simulation time 393.400,000,000 s)
2024-06-04 00:13:12,758 INFO  - Vehicle is outside the detection area. (at simulation time 393.400,000,000 s)
2024-06-04 00:13:12,758 INFO  - Sent broadcast CAM message to all vehicles (at simulation time 393.400,000,000 s)
2024-06-04 00:13:12,759 INFO  - Received CAM message from veh_153 (at simulation time 393.400,400,000 s)
2024-06-04 00:13:12,759 INFO  - Received CAM message from veh_138 (at simulation time 393.400,900,000 s)
2024-06-04 00:13:12,759 INFO  - Received CAM message from veh_132 (at simulation time 393.400,900,000 s)
2024-06-04 00:13:12,759 INFO  - Received CAM message from veh_102 (at simulation time 393.400,900,000 s)
2024-06-04 00:13:12,759 INFO  - Received CAM message from veh_108 (at simulation time 393.401,900,000 s)
2024-06-04 00:13:12,759 INFO  - Atempting to process queue (at simulation time 393.500,000,000 s)
2024-06-04 00:13:12,759 INFO  - Vehicle is outside the detection area. (at simulation time 393.500,000,000 s)
2024-06-04 00:13:12,759 INFO  - Sent broadcast CAM message to all vehicles (at simulation time 393.500,000,000 s)
2024-06-04 00:13:12,760 INFO  - Received CAM message from veh_138 (at simulation time 393.500,400,000 s)
2024-06-04 00:13:12,760 INFO  - Received CAM message from veh_102 (at simulation time 393.500,900,000 s)
2024-06-04 00:13:12,760 INFO  - Received CAM message from veh_153 (at simulation time 393.501,400,000 s)
2024-06-04 00:13:12,760 INFO  - Received CAM message from veh_108 (at simulation time 393.501,400,000 s)
2024-06-04 00:13:12,760 INFO  - Received CAM message from veh_132 (at simulation time 393.501,900,000 s)
2024-06-04 00:13:12,761 INFO  - Atempting to process queue (at simulation time 393.600,000,000 s)
2024-06-04 00:13:12,761 INFO  - Vehicle is outside the detection area. (at simulation time 393.600,000,000 s)
2024-06-04 00:13:12,761 INFO  - Sent broadcast CAM message to all vehicles (at simulation time 393.600,000,000 s)
2024-06-04 00:13:12,762 INFO  - Received CAM message from veh_132 (at simulation time 393.600,400,000 s)
2024-06-04 00:13:12,762 INFO  - Received CAM message from veh_153 (at simulation time 393.601,400,000 s)
2024-06-04 00:13:12,762 INFO  - Received CAM message from veh_138 (at simulation time 393.601,400,000 s)
2024-06-04 00:13:12,762 INFO  - Received CAM message from veh_102 (at simulation time 393.601,400,000 s)
2024-06-04 00:13:12,762 INFO  - Received CAM message from veh_108 (at simulation time 393.602,400,000 s)
2024-06-04 00:13:12,762 INFO  - Atempting to process queue (at simulation time 393.700,000,000 s)
2024-06-04 00:13:12,762 INFO  - Vehicle is outside the detection area. (at simulation time 393.700,000,000 s)
2024-06-04 00:13:12,762 INFO  - Sent broadcast CAM message to all vehicles (at simulation time 393.700,000,000 s)
2024-06-04 00:13:12,763 INFO  - Received CAM message from veh_138 (at simulation time 393.700,400,000 s)
2024-06-04 00:13:12,764 INFO  - Received CAM message from veh_132 (at simulation time 393.701,400,000 s)
2024-06-04 00:13:12,764 INFO  - Received CAM message from veh_108 (at simulation time 393.701,400,000 s)
2024-06-04 00:13:12,764 INFO  - Received CAM message from veh_153 (at simulation time 393.701,900,000 s)
2024-06-04 00:13:12,764 INFO  - Received CAM message from veh_102 (at simulation time 393.701,900,000 s)
2024-06-04 00:13:12,765 INFO  - Atempting to process queue (at simulation time 393.800,000,000 s)
2024-06-04 00:13:12,765 INFO  - Vehicle is outside the detection area. (at simulation time 393.800,000,000 s)
2024-06-04 00:13:12,765 INFO  - Sent broadcast CAM message to all vehicles (at simulation time 393.800,000,000 s)
2024-06-04 00:13:12,765 INFO  - Received CAM message from veh_108 (at simulation time 393.800,400,000 s)
2024-06-04 00:13:12,765 INFO  - Received CAM message from veh_102 (at simulation time 393.800,900,000 s)
2024-06-04 00:13:12,766 INFO  - Received CAM message from veh_138 (at simulation time 393.801,400,000 s)
2024-06-04 00:13:12,766 INFO  - Received CAM message from veh_153 (at simulation time 393.801,900,000 s)
2024-06-04 00:13:12,766 INFO  - Received CAM message from veh_132 (at simulation time 393.801,900,000 s)
2024-06-04 00:13:12,766 INFO  - Atempting to process queue (at simulation time 393.900,000,000 s)
2024-06-04 00:13:12,766 INFO  - Vehicle is outside the detection area. (at simulation time 393.900,000,000 s)
2024-06-04 00:13:12,766 INFO  - Sent broadcast CAM message to all vehicles (at simulation time 393.900,000,000 s)
2024-06-04 00:13:12,768 INFO  - Received CAM message from veh_153 (at simulation time 393.900,400,000 s)
2024-06-04 00:13:12,769 INFO  - Received CAM message from veh_108 (at simulation time 393.900,900,000 s)
2024-06-04 00:13:12,771 INFO  - Received Control message from rsu_0 to veh_212 (at simulation time 393.901,400,000 s)
2024-06-04 00:13:12,771 INFO  - Current route: 1, lane: 0 (at simulation time 393.901,400,000 s)
2024-06-04 00:13:12,771 INFO  - Vehicle position: GeoPoint{lat=40.743377,lon=-73.988401,alt=0.00} (at simulation time 393.901,400,000 s)
2024-06-04 00:13:12,772 INFO  - Received CAM message from veh_132 (at simulation time 393.901,900,000 s)
2024-06-04 00:13:12,773 INFO  - Received CAM message from veh_138 (at simulation time 393.902,400,000 s)
2024-06-04 00:13:12,773 INFO  - Received CAM message from veh_102 (at simulation time 393.902,400,000 s)
2024-06-04 00:13:12,791 INFO  - Atempting to process queue (at simulation time 394.000,000,000 s)
2024-06-04 00:13:12,791 INFO  - Vehicle is outside the detection area. (at simulation time 394.000,000,000 s)
2024-06-04 00:13:12,791 INFO  - Sent broadcast CAM message to all vehicles (at simulation time 394.000,000,000 s)
2024-06-04 00:13:12,793 INFO  - Received CAM message from veh_102 (at simulation time 394.000,900,000 s)
2024-06-04 00:13:12,793 INFO  - Received CAM message from veh_132 (at simulation time 394.001,400,000 s)
2024-06-04 00:13:12,794 INFO  - Received CAM message from veh_153 (at simulation time 394.002,400,000 s)
2024-06-04 00:13:12,794 INFO  - Atempting to process queue (at simulation time 394.100,000,000 s)
2024-06-04 00:13:12,794 INFO  - Vehicle is outside the detection area. (at simulation time 394.100,000,000 s)
2024-06-04 00:13:12,794 INFO  - Sent broadcast CAM message to all vehicles (at simulation time 394.100,000,000 s)
2024-06-04 00:13:12,795 INFO  - Received CAM message from veh_132 (at simulation time 394.100,400,000 s)
2024-06-04 00:13:12,795 INFO  - Received CAM message from veh_102 (at simulation time 394.100,400,000 s)
2024-06-04 00:13:12,795 INFO  - Received CAM message from veh_153 (at simulation time 394.101,900,000 s)
2024-06-04 00:13:12,795 INFO  - Atempting to process queue (at simulation time 394.200,000,000 s)
2024-06-04 00:13:12,795 INFO  - Vehicle is outside the detection area. (at simulation time 394.200,000,000 s)
2024-06-04 00:13:12,795 INFO  - Sent broadcast CAM message to all vehicles (at simulation time 394.200,000,000 s)
2024-06-04 00:13:12,797 INFO  - Received CAM message from veh_153 (at simulation time 394.201,400,000 s)
2024-06-04 00:13:12,797 INFO  - Received CAM message from veh_102 (at simulation time 394.201,900,000 s)
2024-06-04 00:13:12,798 INFO  - Received CAM message from veh_132 (at simulation time 394.202,400,000 s)
2024-06-04 00:13:12,798 INFO  - Atempting to process queue (at simulation time 394.300,000,000 s)
2024-06-04 00:13:12,798 INFO  - Vehicle is outside the detection area. (at simulation time 394.300,000,000 s)
2024-06-04 00:13:12,798 INFO  - Sent broadcast CAM message to all vehicles (at simulation time 394.300,000,000 s)
2024-06-04 00:13:12,799 INFO  - Received CAM message from veh_132 (at simulation time 394.300,900,000 s)
2024-06-04 00:13:12,799 INFO  - Received CAM message from veh_153 (at simulation time 394.301,400,000 s)
2024-06-04 00:13:12,799 INFO  - Received CAM message from veh_102 (at simulation time 394.301,900,000 s)
2024-06-04 00:13:12,799 INFO  - Atempting to process queue (at simulation time 394.400,000,000 s)
2024-06-04 00:13:12,799 INFO  - Vehicle is outside the detection area. (at simulation time 394.400,000,000 s)
2024-06-04 00:13:12,799 INFO  - Sent broadcast CAM message to all vehicles (at simulation time 394.400,000,000 s)
2024-06-04 00:13:12,800 INFO  - Received CAM message from veh_153 (at simulation time 394.400,400,000 s)
2024-06-04 00:13:12,800 INFO  - Received CAM message from veh_132 (at simulation time 394.400,900,000 s)
2024-06-04 00:13:12,800 INFO  - Received CAM message from veh_102 (at simulation time 394.400,900,000 s)
2024-06-04 00:13:12,801 INFO  - Atempting to process queue (at simulation time 394.500,000,000 s)
2024-06-04 00:13:12,801 INFO  - Vehicle is outside the detection area. (at simulation time 394.500,000,000 s)
2024-06-04 00:13:12,801 INFO  - Sent broadcast CAM message to all vehicles (at simulation time 394.500,000,000 s)
2024-06-04 00:13:12,802 INFO  - Received CAM message from veh_132 (at simulation time 394.501,900,000 s)
2024-06-04 00:13:12,802 INFO  - Received CAM message from veh_102 (at simulation time 394.501,900,000 s)
2024-06-04 00:13:12,802 INFO  - Received CAM message from veh_153 (at simulation time 394.502,400,000 s)
2024-06-04 00:13:12,802 INFO  - Atempting to process queue (at simulation time 394.600,000,000 s)
2024-06-04 00:13:12,802 INFO  - Vehicle is outside the detection area. (at simulation time 394.600,000,000 s)
2024-06-04 00:13:12,802 INFO  - Sent broadcast CAM message to all vehicles (at simulation time 394.600,000,000 s)
2024-06-04 00:13:12,803 INFO  - Received CAM message from veh_153 (at simulation time 394.600,400,000 s)
2024-06-04 00:13:12,803 INFO  - Received CAM message from veh_132 (at simulation time 394.600,900,000 s)
2024-06-04 00:13:12,803 INFO  - Received CAM message from veh_102 (at simulation time 394.600,900,000 s)
2024-06-04 00:13:12,804 INFO  - Atempting to process queue (at simulation time 394.700,000,000 s)
2024-06-04 00:13:12,804 INFO  - Vehicle is outside the detection area. (at simulation time 394.700,000,000 s)
2024-06-04 00:13:12,804 INFO  - Sent broadcast CAM message to all vehicles (at simulation time 394.700,000,000 s)
2024-06-04 00:13:12,804 INFO  - Received CAM message from veh_153 (at simulation time 394.700,400,000 s)
2024-06-04 00:13:12,805 INFO  - Received CAM message from veh_102 (at simulation time 394.701,400,000 s)
2024-06-04 00:13:12,805 INFO  - Received CAM message from veh_132 (at simulation time 394.701,900,000 s)
2024-06-04 00:13:12,805 INFO  - Atempting to process queue (at simulation time 394.800,000,000 s)
2024-06-04 00:13:12,805 INFO  - Vehicle is outside the detection area. (at simulation time 394.800,000,000 s)
2024-06-04 00:13:12,805 INFO  - Sent broadcast CAM message to all vehicles (at simulation time 394.800,000,000 s)
2024-06-04 00:13:12,806 INFO  - Received CAM message from veh_132 (at simulation time 394.800,900,000 s)
2024-06-04 00:13:12,806 INFO  - Received CAM message from veh_153 (at simulation time 394.801,400,000 s)
2024-06-04 00:13:12,806 INFO  - Received CAM message from veh_102 (at simulation time 394.801,400,000 s)
2024-06-04 00:13:12,806 INFO  - Atempting to process queue (at simulation time 394.900,000,000 s)
2024-06-04 00:13:12,806 INFO  - Vehicle is outside the detection area. (at simulation time 394.900,000,000 s)
2024-06-04 00:13:12,806 INFO  - Sent broadcast CAM message to all vehicles (at simulation time 394.900,000,000 s)
2024-06-04 00:13:12,807 INFO  - Received CAM message from veh_153 (at simulation time 394.900,400,000 s)
2024-06-04 00:13:12,807 INFO  - Received CAM message from veh_132 (at simulation time 394.900,400,000 s)
2024-06-04 00:13:12,807 INFO  - Received CAM message from veh_102 (at simulation time 394.902,400,000 s)
2024-06-04 00:13:12,812 INFO  - Atempting to process queue (at simulation time 395.000,000,000 s)
2024-06-04 00:13:12,812 INFO  - Vehicle is outside the detection area. (at simulation time 395.000,000,000 s)
2024-06-04 00:13:12,812 INFO  - Sent broadcast CAM message to all vehicles (at simulation time 395.000,000,000 s)
2024-06-04 00:13:12,815 INFO  - Received CAM message from veh_132 (at simulation time 395.002,400,000 s)
2024-06-04 00:13:12,815 INFO  - Atempting to process queue (at simulation time 395.100,000,000 s)
2024-06-04 00:13:12,815 INFO  - Vehicle is outside the detection area. (at simulation time 395.100,000,000 s)
2024-06-04 00:13:12,815 INFO  - Sent broadcast CAM message to all vehicles (at simulation time 395.100,000,000 s)
2024-06-04 00:13:12,816 INFO  - Received CAM message from veh_132 (at simulation time 395.101,900,000 s)
2024-06-04 00:13:12,816 INFO  - Atempting to process queue (at simulation time 395.200,000,000 s)
2024-06-04 00:13:12,816 INFO  - Vehicle is outside the detection area. (at simulation time 395.200,000,000 s)
2024-06-04 00:13:12,816 INFO  - Sent broadcast CAM message to all vehicles (at simulation time 395.200,000,000 s)
2024-06-04 00:13:12,817 INFO  - Received CAM message from veh_132 (at simulation time 395.200,400,000 s)
2024-06-04 00:13:12,818 INFO  - Atempting to process queue (at simulation time 395.300,000,000 s)
2024-06-04 00:13:12,818 INFO  - Vehicle is outside the detection area. (at simulation time 395.300,000,000 s)
2024-06-04 00:13:12,818 INFO  - Sent broadcast CAM message to all vehicles (at simulation time 395.300,000,000 s)
2024-06-04 00:13:12,819 INFO  - Received CAM message from veh_132 (at simulation time 395.300,400,000 s)
2024-06-04 00:13:12,820 INFO  - Atempting to process queue (at simulation time 395.400,000,000 s)
2024-06-04 00:13:12,820 INFO  - Vehicle is outside the detection area. (at simulation time 395.400,000,000 s)
2024-06-04 00:13:12,820 INFO  - Sent broadcast CAM message to all vehicles (at simulation time 395.400,000,000 s)
2024-06-04 00:13:12,821 INFO  - Received CAM message from veh_132 (at simulation time 395.401,400,000 s)
2024-06-04 00:13:12,821 INFO  - Atempting to process queue (at simulation time 395.500,000,000 s)
2024-06-04 00:13:12,821 INFO  - Vehicle is outside the detection area. (at simulation time 395.500,000,000 s)
2024-06-04 00:13:12,821 INFO  - Sent broadcast CAM message to all vehicles (at simulation time 395.500,000,000 s)
2024-06-04 00:13:12,822 INFO  - Received CAM message from veh_132 (at simulation time 395.501,900,000 s)
2024-06-04 00:13:12,822 INFO  - Atempting to process queue (at simulation time 395.600,000,000 s)
2024-06-04 00:13:12,822 INFO  - Vehicle is outside the detection area. (at simulation time 395.600,000,000 s)
2024-06-04 00:13:12,822 INFO  - Sent broadcast CAM message to all vehicles (at simulation time 395.600,000,000 s)
2024-06-04 00:13:12,823 INFO  - Received CAM message from veh_132 (at simulation time 395.600,400,000 s)
2024-06-04 00:13:12,824 INFO  - Atempting to process queue (at simulation time 395.700,000,000 s)
2024-06-04 00:13:12,824 INFO  - Vehicle is outside the detection area. (at simulation time 395.700,000,000 s)
2024-06-04 00:13:12,824 INFO  - Sent broadcast CAM message to all vehicles (at simulation time 395.700,000,000 s)
2024-06-04 00:13:12,825 INFO  - Received CAM message from veh_132 (at simulation time 395.700,900,000 s)
2024-06-04 00:13:12,825 INFO  - Atempting to process queue (at simulation time 395.800,000,000 s)
2024-06-04 00:13:12,825 INFO  - Vehicle is outside the detection area. (at simulation time 395.800,000,000 s)
2024-06-04 00:13:12,825 INFO  - Sent broadcast CAM message to all vehicles (at simulation time 395.800,000,000 s)
2024-06-04 00:13:12,827 INFO  - Received CAM message from veh_132 (at simulation time 395.802,400,000 s)
2024-06-04 00:13:12,827 INFO  - Atempting to process queue (at simulation time 395.900,000,000 s)
2024-06-04 00:13:12,827 INFO  - Vehicle is outside the detection area. (at simulation time 395.900,000,000 s)
2024-06-04 00:13:12,827 INFO  - Sent broadcast CAM message to all vehicles (at simulation time 395.900,000,000 s)
2024-06-04 00:13:12,828 INFO  - Received CAM message from veh_132 (at simulation time 395.900,900,000 s)
2024-06-04 00:13:12,833 INFO  - Atempting to process queue (at simulation time 396.000,000,000 s)
2024-06-04 00:13:12,833 INFO  - Vehicle is outside the detection area. (at simulation time 396.000,000,000 s)
2024-06-04 00:13:12,834 INFO  - Sent broadcast CAM message to all vehicles (at simulation time 396.000,000,000 s)
2024-06-04 00:13:12,836 INFO  - Received CAM message from veh_132 (at simulation time 396.001,900,000 s)
2024-06-04 00:13:12,836 INFO  - Atempting to process queue (at simulation time 396.100,000,000 s)
2024-06-04 00:13:12,836 INFO  - Vehicle is outside the detection area. (at simulation time 396.100,000,000 s)
2024-06-04 00:13:12,836 INFO  - Sent broadcast CAM message to all vehicles (at simulation time 396.100,000,000 s)
2024-06-04 00:13:12,837 INFO  - Received CAM message from veh_132 (at simulation time 396.100,400,000 s)
2024-06-04 00:13:12,838 INFO  - Atempting to process queue (at simulation time 396.200,000,000 s)
2024-06-04 00:13:12,838 INFO  - Vehicle is outside the detection area. (at simulation time 396.200,000,000 s)
2024-06-04 00:13:12,838 INFO  - Sent broadcast CAM message to all vehicles (at simulation time 396.200,000,000 s)
2024-06-04 00:13:12,839 INFO  - Received CAM message from veh_132 (at simulation time 396.201,900,000 s)
2024-06-04 00:13:12,839 INFO  - Atempting to process queue (at simulation time 396.300,000,000 s)
2024-06-04 00:13:12,839 INFO  - Vehicle is outside the detection area. (at simulation time 396.300,000,000 s)
2024-06-04 00:13:12,839 INFO  - Sent broadcast CAM message to all vehicles (at simulation time 396.300,000,000 s)
2024-06-04 00:13:12,840 INFO  - Received CAM message from veh_132 (at simulation time 396.301,900,000 s)
2024-06-04 00:13:12,841 INFO  - Atempting to process queue (at simulation time 396.400,000,000 s)
2024-06-04 00:13:12,841 INFO  - Vehicle is outside the detection area. (at simulation time 396.400,000,000 s)
2024-06-04 00:13:12,841 INFO  - Sent broadcast CAM message to all vehicles (at simulation time 396.400,000,000 s)
2024-06-04 00:13:12,842 INFO  - Received CAM message from veh_132 (at simulation time 396.401,900,000 s)
2024-06-04 00:13:12,843 INFO  - Atempting to process queue (at simulation time 396.500,000,000 s)
2024-06-04 00:13:12,843 INFO  - Vehicle is outside the detection area. (at simulation time 396.500,000,000 s)
2024-06-04 00:13:12,843 INFO  - Sent broadcast CAM message to all vehicles (at simulation time 396.500,000,000 s)
2024-06-04 00:13:12,844 INFO  - Received CAM message from veh_132 (at simulation time 396.501,900,000 s)
2024-06-04 00:13:12,844 INFO  - Atempting to process queue (at simulation time 396.600,000,000 s)
2024-06-04 00:13:12,844 INFO  - Vehicle is outside the detection area. (at simulation time 396.600,000,000 s)
2024-06-04 00:13:12,844 INFO  - Sent broadcast CAM message to all vehicles (at simulation time 396.600,000,000 s)
2024-06-04 00:13:12,845 INFO  - Received CAM message from veh_132 (at simulation time 396.600,400,000 s)
2024-06-04 00:13:12,846 INFO  - Atempting to process queue (at simulation time 396.700,000,000 s)
2024-06-04 00:13:12,846 INFO  - Vehicle is outside the detection area. (at simulation time 396.700,000,000 s)
2024-06-04 00:13:12,846 INFO  - Sent broadcast CAM message to all vehicles (at simulation time 396.700,000,000 s)
2024-06-04 00:13:12,847 INFO  - Received CAM message from veh_132 (at simulation time 396.702,400,000 s)
2024-06-04 00:13:12,848 INFO  - Atempting to process queue (at simulation time 396.800,000,000 s)
2024-06-04 00:13:12,848 INFO  - Vehicle is outside the detection area. (at simulation time 396.800,000,000 s)
2024-06-04 00:13:12,848 INFO  - Sent broadcast CAM message to all vehicles (at simulation time 396.800,000,000 s)
2024-06-04 00:13:12,849 INFO  - Received CAM message from veh_132 (at simulation time 396.801,900,000 s)
2024-06-04 00:13:12,849 INFO  - Atempting to process queue (at simulation time 396.900,000,000 s)
2024-06-04 00:13:12,849 INFO  - Vehicle is outside the detection area. (at simulation time 396.900,000,000 s)
2024-06-04 00:13:12,849 INFO  - Sent broadcast CAM message to all vehicles (at simulation time 396.900,000,000 s)
2024-06-04 00:13:12,850 INFO  - Received CAM message from veh_132 (at simulation time 396.900,900,000 s)
2024-06-04 00:13:12,855 INFO  - Atempting to process queue (at simulation time 397.000,000,000 s)
2024-06-04 00:13:12,855 INFO  - Vehicle is outside the detection area. (at simulation time 397.000,000,000 s)
2024-06-04 00:13:12,855 INFO  - Sent broadcast CAM message to all vehicles (at simulation time 397.000,000,000 s)
2024-06-04 00:13:12,857 INFO  - Received CAM message from veh_132 (at simulation time 397.001,400,000 s)
2024-06-04 00:13:12,858 INFO  - Atempting to process queue (at simulation time 397.100,000,000 s)
2024-06-04 00:13:12,858 INFO  - Vehicle is outside the detection area. (at simulation time 397.100,000,000 s)
2024-06-04 00:13:12,858 INFO  - Sent broadcast CAM message to all vehicles (at simulation time 397.100,000,000 s)
2024-06-04 00:13:12,860 INFO  - Received CAM message from veh_132 (at simulation time 397.102,400,000 s)
2024-06-04 00:13:12,860 INFO  - Atempting to process queue (at simulation time 397.200,000,000 s)
2024-06-04 00:13:12,860 INFO  - Vehicle is outside the detection area. (at simulation time 397.200,000,000 s)
2024-06-04 00:13:12,860 INFO  - Sent broadcast CAM message to all vehicles (at simulation time 397.200,000,000 s)
2024-06-04 00:13:12,861 INFO  - Received CAM message from veh_132 (at simulation time 397.200,400,000 s)
2024-06-04 00:13:12,862 INFO  - Atempting to process queue (at simulation time 397.300,000,000 s)
2024-06-04 00:13:12,862 INFO  - Vehicle is outside the detection area. (at simulation time 397.300,000,000 s)
2024-06-04 00:13:12,862 INFO  - Sent broadcast CAM message to all vehicles (at simulation time 397.300,000,000 s)
2024-06-04 00:13:12,863 INFO  - Received CAM message from veh_132 (at simulation time 397.300,900,000 s)
2024-06-04 00:13:12,864 INFO  - Atempting to process queue (at simulation time 397.400,000,000 s)
2024-06-04 00:13:12,864 INFO  - Vehicle is outside the detection area. (at simulation time 397.400,000,000 s)
2024-06-04 00:13:12,864 INFO  - Sent broadcast CAM message to all vehicles (at simulation time 397.400,000,000 s)
2024-06-04 00:13:12,866 INFO  - Received CAM message from veh_132 (at simulation time 397.402,400,000 s)
2024-06-04 00:13:12,866 INFO  - Atempting to process queue (at simulation time 397.500,000,000 s)
2024-06-04 00:13:12,866 INFO  - Vehicle is outside the detection area. (at simulation time 397.500,000,000 s)
2024-06-04 00:13:12,866 INFO  - Sent broadcast CAM message to all vehicles (at simulation time 397.500,000,000 s)
2024-06-04 00:13:12,867 INFO  - Received CAM message from veh_132 (at simulation time 397.501,400,000 s)
2024-06-04 00:13:12,867 INFO  - Atempting to process queue (at simulation time 397.600,000,000 s)
2024-06-04 00:13:12,867 INFO  - Vehicle is outside the detection area. (at simulation time 397.600,000,000 s)
2024-06-04 00:13:12,867 INFO  - Sent broadcast CAM message to all vehicles (at simulation time 397.600,000,000 s)
2024-06-04 00:13:12,869 INFO  - Received CAM message from veh_132 (at simulation time 397.601,900,000 s)
2024-06-04 00:13:12,869 INFO  - Atempting to process queue (at simulation time 397.700,000,000 s)
2024-06-04 00:13:12,869 INFO  - Vehicle is outside the detection area. (at simulation time 397.700,000,000 s)
2024-06-04 00:13:12,869 INFO  - Sent broadcast CAM message to all vehicles (at simulation time 397.700,000,000 s)
2024-06-04 00:13:12,871 INFO  - Received CAM message from veh_132 (at simulation time 397.701,400,000 s)
2024-06-04 00:13:12,871 INFO  - Atempting to process queue (at simulation time 397.800,000,000 s)
2024-06-04 00:13:12,871 INFO  - Vehicle is outside the detection area. (at simulation time 397.800,000,000 s)
2024-06-04 00:13:12,871 INFO  - Sent broadcast CAM message to all vehicles (at simulation time 397.800,000,000 s)
2024-06-04 00:13:12,872 INFO  - Received CAM message from veh_132 (at simulation time 397.801,900,000 s)
2024-06-04 00:13:12,872 INFO  - Atempting to process queue (at simulation time 397.900,000,000 s)
2024-06-04 00:13:12,872 INFO  - Vehicle is outside the detection area. (at simulation time 397.900,000,000 s)
2024-06-04 00:13:12,872 INFO  - Sent broadcast CAM message to all vehicles (at simulation time 397.900,000,000 s)
2024-06-04 00:13:12,874 INFO  - Received CAM message from veh_132 (at simulation time 397.901,400,000 s)
2024-06-04 00:13:12,877 INFO  - Atempting to process queue (at simulation time 398.000,000,000 s)
2024-06-04 00:13:12,877 INFO  - Vehicle is outside the detection area. (at simulation time 398.000,000,000 s)
2024-06-04 00:13:12,877 INFO  - Sent broadcast CAM message to all vehicles (at simulation time 398.000,000,000 s)
2024-06-04 00:13:12,880 INFO  - Received CAM message from veh_132 (at simulation time 398.002,400,000 s)
2024-06-04 00:13:12,880 INFO  - Atempting to process queue (at simulation time 398.100,000,000 s)
2024-06-04 00:13:12,880 INFO  - Vehicle is outside the detection area. (at simulation time 398.100,000,000 s)
2024-06-04 00:13:12,880 INFO  - Sent broadcast CAM message to all vehicles (at simulation time 398.100,000,000 s)
2024-06-04 00:13:12,881 INFO  - Received CAM message from veh_132 (at simulation time 398.100,400,000 s)
2024-06-04 00:13:12,883 INFO  - Atempting to process queue (at simulation time 398.200,000,000 s)
2024-06-04 00:13:12,883 INFO  - Vehicle is outside the detection area. (at simulation time 398.200,000,000 s)
2024-06-04 00:13:12,883 INFO  - Sent broadcast CAM message to all vehicles (at simulation time 398.200,000,000 s)
2024-06-04 00:13:12,884 INFO  - Received CAM message from veh_132 (at simulation time 398.202,400,000 s)
2024-06-04 00:13:12,884 INFO  - Atempting to process queue (at simulation time 398.300,000,000 s)
2024-06-04 00:13:12,884 INFO  - Vehicle is outside the detection area. (at simulation time 398.300,000,000 s)
2024-06-04 00:13:12,884 INFO  - Sent broadcast CAM message to all vehicles (at simulation time 398.300,000,000 s)
2024-06-04 00:13:12,886 INFO  - Received CAM message from veh_132 (at simulation time 398.302,400,000 s)
2024-06-04 00:13:12,886 INFO  - Atempting to process queue (at simulation time 398.400,000,000 s)
2024-06-04 00:13:12,886 INFO  - Vehicle is outside the detection area. (at simulation time 398.400,000,000 s)
2024-06-04 00:13:12,886 INFO  - Sent broadcast CAM message to all vehicles (at simulation time 398.400,000,000 s)
2024-06-04 00:13:12,887 INFO  - Received CAM message from veh_132 (at simulation time 398.400,400,000 s)
2024-06-04 00:13:12,888 INFO  - Atempting to process queue (at simulation time 398.500,000,000 s)
2024-06-04 00:13:12,888 INFO  - Vehicle is outside the detection area. (at simulation time 398.500,000,000 s)
2024-06-04 00:13:12,888 INFO  - Sent broadcast CAM message to all vehicles (at simulation time 398.500,000,000 s)
2024-06-04 00:13:12,889 INFO  - Received CAM message from veh_132 (at simulation time 398.502,400,000 s)
2024-06-04 00:13:12,889 INFO  - Atempting to process queue (at simulation time 398.600,000,000 s)
2024-06-04 00:13:12,889 INFO  - Vehicle is outside the detection area. (at simulation time 398.600,000,000 s)
2024-06-04 00:13:12,889 INFO  - Sent broadcast CAM message to all vehicles (at simulation time 398.600,000,000 s)
2024-06-04 00:13:12,890 INFO  - Received CAM message from veh_132 (at simulation time 398.600,400,000 s)
2024-06-04 00:13:12,891 INFO  - Atempting to process queue (at simulation time 398.700,000,000 s)
2024-06-04 00:13:12,891 INFO  - Vehicle is outside the detection area. (at simulation time 398.700,000,000 s)
2024-06-04 00:13:12,891 INFO  - Sent broadcast CAM message to all vehicles (at simulation time 398.700,000,000 s)
2024-06-04 00:13:12,892 INFO  - Received CAM message from veh_132 (at simulation time 398.700,400,000 s)
2024-06-04 00:13:12,893 INFO  - Atempting to process queue (at simulation time 398.800,000,000 s)
2024-06-04 00:13:12,893 INFO  - Vehicle is outside the detection area. (at simulation time 398.800,000,000 s)
2024-06-04 00:13:12,893 INFO  - Sent broadcast CAM message to all vehicles (at simulation time 398.800,000,000 s)
2024-06-04 00:13:12,895 INFO  - Received CAM message from veh_132 (at simulation time 398.802,400,000 s)
2024-06-04 00:13:12,895 INFO  - Atempting to process queue (at simulation time 398.900,000,000 s)
2024-06-04 00:13:12,895 INFO  - Vehicle is outside the detection area. (at simulation time 398.900,000,000 s)
2024-06-04 00:13:12,895 INFO  - Sent broadcast CAM message to all vehicles (at simulation time 398.900,000,000 s)
2024-06-04 00:13:12,896 INFO  - Received CAM message from veh_132 (at simulation time 398.901,400,000 s)
2024-06-04 00:13:12,900 INFO  - Atempting to process queue (at simulation time 399.000,000,000 s)
2024-06-04 00:13:12,900 INFO  - Vehicle is outside the detection area. (at simulation time 399.000,000,000 s)
2024-06-04 00:13:12,900 INFO  - Sent broadcast CAM message to all vehicles (at simulation time 399.000,000,000 s)
2024-06-04 00:13:12,902 INFO  - Atempting to process queue (at simulation time 399.100,000,000 s)
2024-06-04 00:13:12,902 INFO  - Vehicle is outside the detection area. (at simulation time 399.100,000,000 s)
2024-06-04 00:13:12,902 INFO  - Sent broadcast CAM message to all vehicles (at simulation time 399.100,000,000 s)
2024-06-04 00:13:12,903 INFO  - Atempting to process queue (at simulation time 399.200,000,000 s)
2024-06-04 00:13:12,903 INFO  - Vehicle is outside the detection area. (at simulation time 399.200,000,000 s)
2024-06-04 00:13:12,903 INFO  - Sent broadcast CAM message to all vehicles (at simulation time 399.200,000,000 s)
2024-06-04 00:13:12,905 INFO  - Atempting to process queue (at simulation time 399.300,000,000 s)
2024-06-04 00:13:12,905 INFO  - Vehicle is outside the detection area. (at simulation time 399.300,000,000 s)
2024-06-04 00:13:12,905 INFO  - Sent broadcast CAM message to all vehicles (at simulation time 399.300,000,000 s)
2024-06-04 00:13:12,906 INFO  - Atempting to process queue (at simulation time 399.400,000,000 s)
2024-06-04 00:13:12,906 INFO  - Vehicle is outside the detection area. (at simulation time 399.400,000,000 s)
2024-06-04 00:13:12,906 INFO  - Sent broadcast CAM message to all vehicles (at simulation time 399.400,000,000 s)
2024-06-04 00:13:12,908 INFO  - Atempting to process queue (at simulation time 399.500,000,000 s)
2024-06-04 00:13:12,908 INFO  - Vehicle is outside the detection area. (at simulation time 399.500,000,000 s)
2024-06-04 00:13:12,908 INFO  - Sent broadcast CAM message to all vehicles (at simulation time 399.500,000,000 s)
2024-06-04 00:13:12,910 INFO  - Atempting to process queue (at simulation time 399.600,000,000 s)
2024-06-04 00:13:12,910 INFO  - Vehicle is outside the detection area. (at simulation time 399.600,000,000 s)
2024-06-04 00:13:12,910 INFO  - Sent broadcast CAM message to all vehicles (at simulation time 399.600,000,000 s)
2024-06-04 00:13:12,912 INFO  - Atempting to process queue (at simulation time 399.700,000,000 s)
2024-06-04 00:13:12,912 INFO  - Vehicle is outside the detection area. (at simulation time 399.700,000,000 s)
2024-06-04 00:13:12,912 INFO  - Sent broadcast CAM message to all vehicles (at simulation time 399.700,000,000 s)
2024-06-04 00:13:12,913 INFO  - Atempting to process queue (at simulation time 399.800,000,000 s)
2024-06-04 00:13:12,913 INFO  - Vehicle is outside the detection area. (at simulation time 399.800,000,000 s)
2024-06-04 00:13:12,913 INFO  - Sent broadcast CAM message to all vehicles (at simulation time 399.800,000,000 s)
2024-06-04 00:13:12,915 INFO  - Atempting to process queue (at simulation time 399.900,000,000 s)
2024-06-04 00:13:12,915 INFO  - Vehicle is outside the detection area. (at simulation time 399.900,000,000 s)
2024-06-04 00:13:12,915 INFO  - Sent broadcast CAM message to all vehicles (at simulation time 399.900,000,000 s)
2024-06-04 00:13:12,920 INFO  - Shutdown application (at simulation time 400.000,000,000 s)
