2024-06-04 00:13:13,546 INFO  - Initialize application (at simulation time 421.000,000,000 s)
2024-06-04 00:13:13,547 INFO  - Activated WLAN Module (at simulation time 421.000,000,000 s)
2024-06-04 00:13:13,548 INFO  - Vehicle is outside the detection area. (at simulation time 421.000,000,000 s)
2024-06-04 00:13:13,548 INFO  - Sent broadcast CAM message to all vehicles (at simulation time 421.000,000,000 s)
2024-06-04 00:13:13,550 INFO  - Vehicle is outside the detection area. (at simulation time 421.100,000,000 s)
2024-06-04 00:13:13,550 INFO  - Sent broadcast CAM message to all vehicles (at simulation time 421.100,000,000 s)
2024-06-04 00:13:13,552 INFO  - Vehicle is outside the detection area. (at simulation time 421.200,000,000 s)
2024-06-04 00:13:13,552 INFO  - Sent broadcast CAM message to all vehicles (at simulation time 421.200,000,000 s)
2024-06-04 00:13:13,553 INFO  - Vehicle is outside the detection area. (at simulation time 421.300,000,000 s)
2024-06-04 00:13:13,553 INFO  - Sent broadcast CAM message to all vehicles (at simulation time 421.300,000,000 s)
2024-06-04 00:13:13,555 INFO  - Vehicle is outside the detection area. (at simulation time 421.400,000,000 s)
2024-06-04 00:13:13,555 INFO  - Sent broadcast CAM message to all vehicles (at simulation time 421.400,000,000 s)
2024-06-04 00:13:13,557 INFO  - Vehicle is outside the detection area. (at simulation time 421.500,000,000 s)
2024-06-04 00:13:13,557 INFO  - Sent broadcast CAM message to all vehicles (at simulation time 421.500,000,000 s)
2024-06-04 00:13:13,559 INFO  - Vehicle is outside the detection area. (at simulation time 421.600,000,000 s)
2024-06-04 00:13:13,559 INFO  - Sent broadcast CAM message to all vehicles (at simulation time 421.600,000,000 s)
2024-06-04 00:13:13,561 INFO  - Vehicle is outside the detection area. (at simulation time 421.700,000,000 s)
2024-06-04 00:13:13,561 INFO  - Sent broadcast CAM message to all vehicles (at simulation time 421.700,000,000 s)
2024-06-04 00:13:13,563 INFO  - Vehicle is outside the detection area. (at simulation time 421.800,000,000 s)
2024-06-04 00:13:13,563 INFO  - Sent broadcast CAM message to all vehicles (at simulation time 421.800,000,000 s)
2024-06-04 00:13:13,564 INFO  - Vehicle is outside the detection area. (at simulation time 421.900,000,000 s)
2024-06-04 00:13:13,564 INFO  - Sent broadcast CAM message to all vehicles (at simulation time 421.900,000,000 s)
2024-06-04 00:13:13,568 INFO  - Vehicle is outside the detection area. (at simulation time 422.000,000,000 s)
2024-06-04 00:13:13,568 INFO  - Sent broadcast CAM message to all vehicles (at simulation time 422.000,000,000 s)
2024-06-04 00:13:13,570 INFO  - Vehicle is outside the detection area. (at simulation time 422.100,000,000 s)
2024-06-04 00:13:13,570 INFO  - Sent broadcast CAM message to all vehicles (at simulation time 422.100,000,000 s)
2024-06-04 00:13:13,572 INFO  - Vehicle is outside the detection area. (at simulation time 422.200,000,000 s)
2024-06-04 00:13:13,572 INFO  - Sent broadcast CAM message to all vehicles (at simulation time 422.200,000,000 s)
2024-06-04 00:13:13,573 INFO  - Vehicle is outside the detection area. (at simulation time 422.300,000,000 s)
2024-06-04 00:13:13,573 INFO  - Sent broadcast CAM message to all vehicles (at simulation time 422.300,000,000 s)
2024-06-04 00:13:13,575 INFO  - Vehicle is outside the detection area. (at simulation time 422.400,000,000 s)
2024-06-04 00:13:13,575 INFO  - Sent broadcast CAM message to all vehicles (at simulation time 422.400,000,000 s)
2024-06-04 00:13:13,577 INFO  - Vehicle is outside the detection area. (at simulation time 422.500,000,000 s)
2024-06-04 00:13:13,577 INFO  - Sent broadcast CAM message to all vehicles (at simulation time 422.500,000,000 s)
2024-06-04 00:13:13,579 INFO  - Vehicle is outside the detection area. (at simulation time 422.600,000,000 s)
2024-06-04 00:13:13,579 INFO  - Sent broadcast CAM message to all vehicles (at simulation time 422.600,000,000 s)
2024-06-04 00:13:13,581 INFO  - Vehicle is outside the detection area. (at simulation time 422.700,000,000 s)
2024-06-04 00:13:13,581 INFO  - Sent broadcast CAM message to all vehicles (at simulation time 422.700,000,000 s)
2024-06-04 00:13:13,583 INFO  - Vehicle is outside the detection area. (at simulation time 422.800,000,000 s)
2024-06-04 00:13:13,583 INFO  - Sent broadcast CAM message to all vehicles (at simulation time 422.800,000,000 s)
2024-06-04 00:13:13,584 INFO  - Vehicle is outside the detection area. (at simulation time 422.900,000,000 s)
2024-06-04 00:13:13,584 INFO  - Sent broadcast CAM message to all vehicles (at simulation time 422.900,000,000 s)
2024-06-04 00:13:13,589 INFO  - Vehicle is inside the detection area. (at simulation time 423.000,000,000 s)
2024-06-04 00:13:13,589 INFO  - Vehicle is too far away from the traffic light. (at simulation time 423.000,000,000 s)
2024-06-04 00:13:13,589 INFO  - No vehicles in range. (at simulation time 423.000,000,000 s)
2024-06-04 00:13:13,589 INFO  - Neither the RSU nor any vehicle is in range. (at simulation time 423.000,000,000 s)
2024-06-04 00:13:13,589 INFO  - Sent broadcast CAM message to all vehicles (at simulation time 423.000,000,000 s)
2024-06-04 00:13:13,592 INFO  - Vehicle is inside the detection area. (at simulation time 423.100,000,000 s)
2024-06-04 00:13:13,592 INFO  - Vehicle is too far away from the traffic light. (at simulation time 423.100,000,000 s)
2024-06-04 00:13:13,592 INFO  - No vehicles in range. (at simulation time 423.100,000,000 s)
2024-06-04 00:13:13,592 INFO  - Neither the RSU nor any vehicle is in range. (at simulation time 423.100,000,000 s)
2024-06-04 00:13:13,592 INFO  - Sent broadcast CAM message to all vehicles (at simulation time 423.100,000,000 s)
2024-06-04 00:13:13,594 INFO  - Vehicle is inside the detection area. (at simulation time 423.200,000,000 s)
2024-06-04 00:13:13,594 INFO  - Vehicle is too far away from the traffic light. (at simulation time 423.200,000,000 s)
2024-06-04 00:13:13,594 INFO  - No vehicles in range. (at simulation time 423.200,000,000 s)
2024-06-04 00:13:13,594 INFO  - Neither the RSU nor any vehicle is in range. (at simulation time 423.200,000,000 s)
2024-06-04 00:13:13,594 INFO  - Sent broadcast CAM message to all vehicles (at simulation time 423.200,000,000 s)
2024-06-04 00:13:13,595 INFO  - Vehicle is inside the detection area. (at simulation time 423.300,000,000 s)
2024-06-04 00:13:13,595 INFO  - Vehicle is too far away from the traffic light. (at simulation time 423.300,000,000 s)
2024-06-04 00:13:13,595 INFO  - No vehicles in range. (at simulation time 423.300,000,000 s)
2024-06-04 00:13:13,595 INFO  - Neither the RSU nor any vehicle is in range. (at simulation time 423.300,000,000 s)
2024-06-04 00:13:13,595 INFO  - Sent broadcast CAM message to all vehicles (at simulation time 423.300,000,000 s)
2024-06-04 00:13:13,597 INFO  - Vehicle is inside the detection area. (at simulation time 423.400,000,000 s)
2024-06-04 00:13:13,597 INFO  - Vehicle is too far away from the traffic light. (at simulation time 423.400,000,000 s)
2024-06-04 00:13:13,597 INFO  - No vehicles in range. (at simulation time 423.400,000,000 s)
2024-06-04 00:13:13,597 INFO  - Neither the RSU nor any vehicle is in range. (at simulation time 423.400,000,000 s)
2024-06-04 00:13:13,597 INFO  - Sent broadcast CAM message to all vehicles (at simulation time 423.400,000,000 s)
2024-06-04 00:13:13,599 INFO  - Vehicle is inside the detection area. (at simulation time 423.500,000,000 s)
2024-06-04 00:13:13,599 INFO  - Vehicle is too far away from the traffic light. (at simulation time 423.500,000,000 s)
2024-06-04 00:13:13,599 INFO  - No vehicles in range. (at simulation time 423.500,000,000 s)
2024-06-04 00:13:13,599 INFO  - Neither the RSU nor any vehicle is in range. (at simulation time 423.500,000,000 s)
2024-06-04 00:13:13,599 INFO  - Sent broadcast CAM message to all vehicles (at simulation time 423.500,000,000 s)
2024-06-04 00:13:13,600 INFO  - Vehicle is inside the detection area. (at simulation time 423.600,000,000 s)
2024-06-04 00:13:13,600 INFO  - Vehicle is too far away from the traffic light. (at simulation time 423.600,000,000 s)
2024-06-04 00:13:13,600 INFO  - No vehicles in range. (at simulation time 423.600,000,000 s)
2024-06-04 00:13:13,600 INFO  - Neither the RSU nor any vehicle is in range. (at simulation time 423.600,000,000 s)
2024-06-04 00:13:13,600 INFO  - Sent broadcast CAM message to all vehicles (at simulation time 423.600,000,000 s)
2024-06-04 00:13:13,602 INFO  - Vehicle is inside the detection area. (at simulation time 423.700,000,000 s)
2024-06-04 00:13:13,602 INFO  - Vehicle is too far away from the traffic light. (at simulation time 423.700,000,000 s)
2024-06-04 00:13:13,602 INFO  - No vehicles in range. (at simulation time 423.700,000,000 s)
2024-06-04 00:13:13,602 INFO  - Neither the RSU nor any vehicle is in range. (at simulation time 423.700,000,000 s)
2024-06-04 00:13:13,602 INFO  - Sent broadcast CAM message to all vehicles (at simulation time 423.700,000,000 s)
2024-06-04 00:13:13,603 INFO  - Vehicle is inside the detection area. (at simulation time 423.800,000,000 s)
2024-06-04 00:13:13,603 INFO  - Vehicle is too far away from the traffic light. (at simulation time 423.800,000,000 s)
2024-06-04 00:13:13,603 INFO  - No vehicles in range. (at simulation time 423.800,000,000 s)
2024-06-04 00:13:13,603 INFO  - Neither the RSU nor any vehicle is in range. (at simulation time 423.800,000,000 s)
2024-06-04 00:13:13,603 INFO  - Sent broadcast CAM message to all vehicles (at simulation time 423.800,000,000 s)
2024-06-04 00:13:13,605 INFO  - Vehicle is inside the detection area. (at simulation time 423.900,000,000 s)
2024-06-04 00:13:13,605 INFO  - Vehicle is too far away from the traffic light. (at simulation time 423.900,000,000 s)
2024-06-04 00:13:13,605 INFO  - No vehicles in range. (at simulation time 423.900,000,000 s)
2024-06-04 00:13:13,605 INFO  - Neither the RSU nor any vehicle is in range. (at simulation time 423.900,000,000 s)
2024-06-04 00:13:13,605 INFO  - Sent broadcast CAM message to all vehicles (at simulation time 423.900,000,000 s)
2024-06-04 00:13:13,609 INFO  - Vehicle is inside the detection area. (at simulation time 424.000,000,000 s)
2024-06-04 00:13:13,609 INFO  - Vehicle is too far away from the traffic light. (at simulation time 424.000,000,000 s)
2024-06-04 00:13:13,609 INFO  - No vehicles in range. (at simulation time 424.000,000,000 s)
2024-06-04 00:13:13,609 INFO  - Neither the RSU nor any vehicle is in range. (at simulation time 424.000,000,000 s)
2024-06-04 00:13:13,610 INFO  - Sent broadcast CAM message to all vehicles (at simulation time 424.000,000,000 s)
2024-06-04 00:13:13,612 INFO  - Vehicle is inside the detection area. (at simulation time 424.100,000,000 s)
2024-06-04 00:13:13,612 INFO  - Vehicle is too far away from the traffic light. (at simulation time 424.100,000,000 s)
2024-06-04 00:13:13,612 INFO  - No vehicles in range. (at simulation time 424.100,000,000 s)
2024-06-04 00:13:13,612 INFO  - Neither the RSU nor any vehicle is in range. (at simulation time 424.100,000,000 s)
2024-06-04 00:13:13,612 INFO  - Sent broadcast CAM message to all vehicles (at simulation time 424.100,000,000 s)
2024-06-04 00:13:13,614 INFO  - Vehicle is inside the detection area. (at simulation time 424.200,000,000 s)
2024-06-04 00:13:13,614 INFO  - Vehicle is too far away from the traffic light. (at simulation time 424.200,000,000 s)
2024-06-04 00:13:13,614 INFO  - No vehicles in range. (at simulation time 424.200,000,000 s)
2024-06-04 00:13:13,614 INFO  - Neither the RSU nor any vehicle is in range. (at simulation time 424.200,000,000 s)
2024-06-04 00:13:13,614 INFO  - Sent broadcast CAM message to all vehicles (at simulation time 424.200,000,000 s)
2024-06-04 00:13:13,640 INFO  - Vehicle is inside the detection area. (at simulation time 424.300,000,000 s)
2024-06-04 00:13:13,640 INFO  - Vehicle is too far away from the traffic light. (at simulation time 424.300,000,000 s)
2024-06-04 00:13:13,640 INFO  - No vehicles in range. (at simulation time 424.300,000,000 s)
2024-06-04 00:13:13,640 INFO  - Neither the RSU nor any vehicle is in range. (at simulation time 424.300,000,000 s)
2024-06-04 00:13:13,640 INFO  - Sent broadcast CAM message to all vehicles (at simulation time 424.300,000,000 s)
2024-06-04 00:13:13,641 INFO  - Vehicle is inside the detection area. (at simulation time 424.400,000,000 s)
2024-06-04 00:13:13,641 INFO  - Vehicle is too far away from the traffic light. (at simulation time 424.400,000,000 s)
2024-06-04 00:13:13,641 INFO  - No vehicles in range. (at simulation time 424.400,000,000 s)
2024-06-04 00:13:13,641 INFO  - Neither the RSU nor any vehicle is in range. (at simulation time 424.400,000,000 s)
2024-06-04 00:13:13,641 INFO  - Sent broadcast CAM message to all vehicles (at simulation time 424.400,000,000 s)
2024-06-04 00:13:13,643 INFO  - Vehicle is inside the detection area. (at simulation time 424.500,000,000 s)
2024-06-04 00:13:13,643 INFO  - Vehicle is too far away from the traffic light. (at simulation time 424.500,000,000 s)
2024-06-04 00:13:13,643 INFO  - No vehicles in range. (at simulation time 424.500,000,000 s)
2024-06-04 00:13:13,643 INFO  - Neither the RSU nor any vehicle is in range. (at simulation time 424.500,000,000 s)
2024-06-04 00:13:13,643 INFO  - Sent broadcast CAM message to all vehicles (at simulation time 424.500,000,000 s)
2024-06-04 00:13:13,644 INFO  - Vehicle is inside the detection area. (at simulation time 424.600,000,000 s)
2024-06-04 00:13:13,644 INFO  - Vehicle is too far away from the traffic light. (at simulation time 424.600,000,000 s)
2024-06-04 00:13:13,644 INFO  - No vehicles in range. (at simulation time 424.600,000,000 s)
2024-06-04 00:13:13,644 INFO  - Neither the RSU nor any vehicle is in range. (at simulation time 424.600,000,000 s)
2024-06-04 00:13:13,644 INFO  - Sent broadcast CAM message to all vehicles (at simulation time 424.600,000,000 s)
2024-06-04 00:13:13,646 INFO  - Vehicle is inside the detection area. (at simulation time 424.700,000,000 s)
2024-06-04 00:13:13,646 INFO  - Vehicle is too far away from the traffic light. (at simulation time 424.700,000,000 s)
2024-06-04 00:13:13,646 INFO  - No vehicles in range. (at simulation time 424.700,000,000 s)
2024-06-04 00:13:13,646 INFO  - Neither the RSU nor any vehicle is in range. (at simulation time 424.700,000,000 s)
2024-06-04 00:13:13,646 INFO  - Sent broadcast CAM message to all vehicles (at simulation time 424.700,000,000 s)
2024-06-04 00:13:13,648 INFO  - Vehicle is inside the detection area. (at simulation time 424.800,000,000 s)
2024-06-04 00:13:13,648 INFO  - Vehicle is too far away from the traffic light. (at simulation time 424.800,000,000 s)
2024-06-04 00:13:13,648 INFO  - No vehicles in range. (at simulation time 424.800,000,000 s)
2024-06-04 00:13:13,648 INFO  - Neither the RSU nor any vehicle is in range. (at simulation time 424.800,000,000 s)
2024-06-04 00:13:13,648 INFO  - Sent broadcast CAM message to all vehicles (at simulation time 424.800,000,000 s)
2024-06-04 00:13:13,649 INFO  - Vehicle is inside the detection area. (at simulation time 424.900,000,000 s)
2024-06-04 00:13:13,649 INFO  - Vehicle is too far away from the traffic light. (at simulation time 424.900,000,000 s)
2024-06-04 00:13:13,649 INFO  - No vehicles in range. (at simulation time 424.900,000,000 s)
2024-06-04 00:13:13,649 INFO  - Neither the RSU nor any vehicle is in range. (at simulation time 424.900,000,000 s)
2024-06-04 00:13:13,649 INFO  - Sent broadcast CAM message to all vehicles (at simulation time 424.900,000,000 s)
2024-06-04 00:13:13,654 INFO  - Atempting to process queue (at simulation time 425.000,000,000 s)
2024-06-04 00:13:13,654 INFO  - Vehicle is inside the detection area. (at simulation time 425.000,000,000 s)
2024-06-04 00:13:13,654 INFO  - Sent Detection message to rsu_0 (at simulation time 425.000,000,000 s)
2024-06-04 00:13:13,654 INFO  - Sent broadcast CAM message to all vehicles (at simulation time 425.000,000,000 s)
2024-06-04 00:13:13,655 INFO  - Received CAM message from veh_150 (at simulation time 425.000,900,000 s)
2024-06-04 00:13:13,656 INFO  - Received CAM message from veh_108 (at simulation time 425.001,900,000 s)
2024-06-04 00:13:13,656 INFO  - Atempting to process queue (at simulation time 425.100,000,000 s)
2024-06-04 00:13:13,656 INFO  - Vehicle is inside the detection area. (at simulation time 425.100,000,000 s)
2024-06-04 00:13:13,656 INFO  - Sent Detection message to rsu_0 (at simulation time 425.100,000,000 s)
2024-06-04 00:13:13,656 INFO  - Sent broadcast CAM message to all vehicles (at simulation time 425.100,000,000 s)
2024-06-04 00:13:13,657 INFO  - Received CAM message from veh_150 (at simulation time 425.101,900,000 s)
2024-06-04 00:13:13,657 INFO  - Received CAM message from veh_108 (at simulation time 425.102,400,000 s)
2024-06-04 00:13:13,657 INFO  - Atempting to process queue (at simulation time 425.200,000,000 s)
2024-06-04 00:13:13,657 INFO  - Vehicle is inside the detection area. (at simulation time 425.200,000,000 s)
2024-06-04 00:13:13,657 INFO  - Sent Detection message to rsu_0 (at simulation time 425.200,000,000 s)
2024-06-04 00:13:13,657 INFO  - Sent broadcast CAM message to all vehicles (at simulation time 425.200,000,000 s)
2024-06-04 00:13:13,658 INFO  - Received CAM message from veh_108 (at simulation time 425.200,400,000 s)
2024-06-04 00:13:13,659 INFO  - Received CAM message from veh_150 (at simulation time 425.202,400,000 s)
2024-06-04 00:13:13,659 INFO  - Atempting to process queue (at simulation time 425.300,000,000 s)
2024-06-04 00:13:13,659 INFO  - Vehicle is inside the detection area. (at simulation time 425.300,000,000 s)
2024-06-04 00:13:13,659 INFO  - Sent Detection message to rsu_0 (at simulation time 425.300,000,000 s)
2024-06-04 00:13:13,659 INFO  - Sent broadcast CAM message to all vehicles (at simulation time 425.300,000,000 s)
2024-06-04 00:13:13,660 INFO  - Received CAM message from veh_108 (at simulation time 425.301,400,000 s)
2024-06-04 00:13:13,660 INFO  - Received CAM message from veh_150 (at simulation time 425.302,400,000 s)
2024-06-04 00:13:13,660 INFO  - Atempting to process queue (at simulation time 425.400,000,000 s)
2024-06-04 00:13:13,660 INFO  - Vehicle is inside the detection area. (at simulation time 425.400,000,000 s)
2024-06-04 00:13:13,660 INFO  - Sent Detection message to rsu_0 (at simulation time 425.400,000,000 s)
2024-06-04 00:13:13,660 INFO  - Sent broadcast CAM message to all vehicles (at simulation time 425.400,000,000 s)
2024-06-04 00:13:13,661 INFO  - Received CAM message from veh_150 (at simulation time 425.400,400,000 s)
2024-06-04 00:13:13,662 INFO  - Received CAM message from veh_108 (at simulation time 425.401,400,000 s)
2024-06-04 00:13:13,662 INFO  - Atempting to process queue (at simulation time 425.500,000,000 s)
2024-06-04 00:13:13,662 INFO  - Vehicle is inside the detection area. (at simulation time 425.500,000,000 s)
2024-06-04 00:13:13,662 INFO  - Sent Detection message to rsu_0 (at simulation time 425.500,000,000 s)
2024-06-04 00:13:13,662 INFO  - Sent broadcast CAM message to all vehicles (at simulation time 425.500,000,000 s)
2024-06-04 00:13:13,663 INFO  - Received CAM message from veh_150 (at simulation time 425.501,400,000 s)
2024-06-04 00:13:13,663 INFO  - Received CAM message from veh_108 (at simulation time 425.501,400,000 s)
2024-06-04 00:13:13,664 INFO  - Atempting to process queue (at simulation time 425.600,000,000 s)
2024-06-04 00:13:13,664 INFO  - Vehicle is inside the detection area. (at simulation time 425.600,000,000 s)
2024-06-04 00:13:13,664 INFO  - Sent Detection message to rsu_0 (at simulation time 425.600,000,000 s)
2024-06-04 00:13:13,664 INFO  - Sent broadcast CAM message to all vehicles (at simulation time 425.600,000,000 s)
2024-06-04 00:13:13,665 INFO  - Received CAM message from veh_150 (at simulation time 425.600,400,000 s)
2024-06-04 00:13:13,665 INFO  - Received CAM message from veh_108 (at simulation time 425.600,400,000 s)
2024-06-04 00:13:13,666 INFO  - Atempting to process queue (at simulation time 425.700,000,000 s)
2024-06-04 00:13:13,666 INFO  - Vehicle is inside the detection area. (at simulation time 425.700,000,000 s)
2024-06-04 00:13:13,666 INFO  - Sent Detection message to rsu_0 (at simulation time 425.700,000,000 s)
2024-06-04 00:13:13,666 INFO  - Sent broadcast CAM message to all vehicles (at simulation time 425.700,000,000 s)
2024-06-04 00:13:13,667 INFO  - Received CAM message from veh_108 (at simulation time 425.700,400,000 s)
2024-06-04 00:13:13,667 INFO  - Received CAM message from veh_150 (at simulation time 425.700,900,000 s)
2024-06-04 00:13:13,668 INFO  - Atempting to process queue (at simulation time 425.800,000,000 s)
2024-06-04 00:13:13,668 INFO  - Vehicle is inside the detection area. (at simulation time 425.800,000,000 s)
2024-06-04 00:13:13,668 INFO  - Sent Detection message to rsu_0 (at simulation time 425.800,000,000 s)
2024-06-04 00:13:13,668 INFO  - Sent broadcast CAM message to all vehicles (at simulation time 425.800,000,000 s)
2024-06-04 00:13:13,668 INFO  - Received CAM message from veh_150 (at simulation time 425.800,400,000 s)
2024-06-04 00:13:13,669 INFO  - Received CAM message from veh_108 (at simulation time 425.801,400,000 s)
2024-06-04 00:13:13,670 INFO  - Atempting to process queue (at simulation time 425.900,000,000 s)
2024-06-04 00:13:13,670 INFO  - Vehicle is inside the detection area. (at simulation time 425.900,000,000 s)
2024-06-04 00:13:13,670 INFO  - Sent Detection message to rsu_0 (at simulation time 425.900,000,000 s)
2024-06-04 00:13:13,670 INFO  - Sent broadcast CAM message to all vehicles (at simulation time 425.900,000,000 s)
2024-06-04 00:13:13,670 INFO  - Received CAM message from veh_150 (at simulation time 425.900,400,000 s)
2024-06-04 00:13:13,670 INFO  - Received CAM message from veh_108 (at simulation time 425.900,400,000 s)
2024-06-04 00:13:13,673 INFO  - Atempting to process queue (at simulation time 426.000,000,000 s)
2024-06-04 00:13:13,673 INFO  - Vehicle is inside the detection area. (at simulation time 426.000,000,000 s)
2024-06-04 00:13:13,673 INFO  - Sent Detection message to rsu_0 (at simulation time 426.000,000,000 s)
2024-06-04 00:13:13,673 INFO  - Sent broadcast CAM message to all vehicles (at simulation time 426.000,000,000 s)
2024-06-04 00:13:13,674 INFO  - Received CAM message from veh_171 (at simulation time 426.000,900,000 s)
2024-06-04 00:13:13,674 INFO  - Received CAM message from veh_168 (at simulation time 426.001,400,000 s)
2024-06-04 00:13:13,674 INFO  - Received CAM message from veh_159 (at simulation time 426.001,400,000 s)
2024-06-04 00:13:13,675 INFO  - Received CAM message from veh_108 (at simulation time 426.001,900,000 s)
2024-06-04 00:13:13,675 INFO  - Received CAM message from veh_150 (at simulation time 426.002,400,000 s)
2024-06-04 00:13:13,675 INFO  - Atempting to process queue (at simulation time 426.100,000,000 s)
2024-06-04 00:13:13,675 INFO  - Vehicle is inside the detection area. (at simulation time 426.100,000,000 s)
2024-06-04 00:13:13,675 INFO  - Sent Detection message to rsu_0 (at simulation time 426.100,000,000 s)
2024-06-04 00:13:13,675 INFO  - Sent broadcast CAM message to all vehicles (at simulation time 426.100,000,000 s)
2024-06-04 00:13:13,676 INFO  - Received CAM message from veh_171 (at simulation time 426.100,400,000 s)
2024-06-04 00:13:13,676 INFO  - Received CAM message from veh_159 (at simulation time 426.100,400,000 s)
2024-06-04 00:13:13,676 INFO  - Received CAM message from veh_108 (at simulation time 426.100,900,000 s)
2024-06-04 00:13:13,676 INFO  - Received CAM message from veh_168 (at simulation time 426.101,900,000 s)
2024-06-04 00:13:13,676 INFO  - Received CAM message from veh_150 (at simulation time 426.102,400,000 s)
2024-06-04 00:13:13,676 INFO  - Atempting to process queue (at simulation time 426.200,000,000 s)
2024-06-04 00:13:13,676 INFO  - Vehicle is inside the detection area. (at simulation time 426.200,000,000 s)
2024-06-04 00:13:13,676 INFO  - Sent Detection message to rsu_0 (at simulation time 426.200,000,000 s)
2024-06-04 00:13:13,676 INFO  - Sent broadcast CAM message to all vehicles (at simulation time 426.200,000,000 s)
2024-06-04 00:13:13,677 INFO  - Received CAM message from veh_171 (at simulation time 426.200,400,000 s)
2024-06-04 00:13:13,677 INFO  - Received CAM message from veh_168 (at simulation time 426.200,400,000 s)
2024-06-04 00:13:13,677 INFO  - Received CAM message from veh_108 (at simulation time 426.200,400,000 s)
2024-06-04 00:13:13,678 INFO  - Received CAM message from veh_150 (at simulation time 426.201,900,000 s)
2024-06-04 00:13:13,678 INFO  - Received CAM message from veh_159 (at simulation time 426.202,400,000 s)
2024-06-04 00:13:13,678 INFO  - Atempting to process queue (at simulation time 426.300,000,000 s)
2024-06-04 00:13:13,678 INFO  - Vehicle is inside the detection area. (at simulation time 426.300,000,000 s)
2024-06-04 00:13:13,678 INFO  - Sent Detection message to rsu_0 (at simulation time 426.300,000,000 s)
2024-06-04 00:13:13,678 INFO  - Sent broadcast CAM message to all vehicles (at simulation time 426.300,000,000 s)
2024-06-04 00:13:13,679 INFO  - Received CAM message from veh_150 (at simulation time 426.300,400,000 s)
2024-06-04 00:13:13,679 INFO  - Received CAM message from veh_159 (at simulation time 426.300,900,000 s)
2024-06-04 00:13:13,679 INFO  - Received CAM message from veh_171 (at simulation time 426.301,400,000 s)
2024-06-04 00:13:13,679 INFO  - Received CAM message from veh_108 (at simulation time 426.301,900,000 s)
2024-06-04 00:13:13,679 INFO  - Received CAM message from veh_168 (at simulation time 426.302,400,000 s)
2024-06-04 00:13:13,679 INFO  - Atempting to process queue (at simulation time 426.400,000,000 s)
2024-06-04 00:13:13,679 INFO  - Vehicle is inside the detection area. (at simulation time 426.400,000,000 s)
2024-06-04 00:13:13,679 INFO  - Sent Detection message to rsu_0 (at simulation time 426.400,000,000 s)
2024-06-04 00:13:13,679 INFO  - Sent broadcast CAM message to all vehicles (at simulation time 426.400,000,000 s)
2024-06-04 00:13:13,680 INFO  - Received CAM message from veh_168 (at simulation time 426.400,400,000 s)
2024-06-04 00:13:13,681 INFO  - Received CAM message from veh_159 (at simulation time 426.401,400,000 s)
2024-06-04 00:13:13,681 INFO  - Received CAM message from veh_108 (at simulation time 426.401,400,000 s)
2024-06-04 00:13:13,681 INFO  - Received CAM message from veh_171 (at simulation time 426.401,900,000 s)
2024-06-04 00:13:13,681 INFO  - Received CAM message from veh_150 (at simulation time 426.401,900,000 s)
2024-06-04 00:13:13,682 INFO  - Atempting to process queue (at simulation time 426.500,000,000 s)
2024-06-04 00:13:13,682 INFO  - Vehicle is inside the detection area. (at simulation time 426.500,000,000 s)
2024-06-04 00:13:13,682 INFO  - Sent Detection message to rsu_0 (at simulation time 426.500,000,000 s)
2024-06-04 00:13:13,682 INFO  - Sent broadcast CAM message to all vehicles (at simulation time 426.500,000,000 s)
2024-06-04 00:13:13,682 INFO  - Received CAM message from veh_150 (at simulation time 426.500,900,000 s)
2024-06-04 00:13:13,683 INFO  - Received CAM message from veh_108 (at simulation time 426.500,900,000 s)
2024-06-04 00:13:13,683 INFO  - Received CAM message from veh_171 (at simulation time 426.501,900,000 s)
2024-06-04 00:13:13,683 INFO  - Received CAM message from veh_168 (at simulation time 426.501,900,000 s)
2024-06-04 00:13:13,683 INFO  - Received CAM message from veh_159 (at simulation time 426.502,400,000 s)
2024-06-04 00:13:13,683 INFO  - Atempting to process queue (at simulation time 426.600,000,000 s)
2024-06-04 00:13:13,683 INFO  - Vehicle is inside the detection area. (at simulation time 426.600,000,000 s)
2024-06-04 00:13:13,683 INFO  - Sent Detection message to rsu_0 (at simulation time 426.600,000,000 s)
2024-06-04 00:13:13,683 INFO  - Sent broadcast CAM message to all vehicles (at simulation time 426.600,000,000 s)
2024-06-04 00:13:13,684 INFO  - Received CAM message from veh_150 (at simulation time 426.600,400,000 s)
2024-06-04 00:13:13,684 INFO  - Received CAM message from veh_108 (at simulation time 426.600,400,000 s)
2024-06-04 00:13:13,685 INFO  - Received CAM message from veh_171 (at simulation time 426.601,400,000 s)
2024-06-04 00:13:13,685 INFO  - Received CAM message from veh_159 (at simulation time 426.601,400,000 s)
2024-06-04 00:13:13,685 INFO  - Received CAM message from veh_168 (at simulation time 426.602,400,000 s)
2024-06-04 00:13:13,685 INFO  - Atempting to process queue (at simulation time 426.700,000,000 s)
2024-06-04 00:13:13,685 INFO  - Vehicle is inside the detection area. (at simulation time 426.700,000,000 s)
2024-06-04 00:13:13,685 INFO  - Sent Detection message to rsu_0 (at simulation time 426.700,000,000 s)
2024-06-04 00:13:13,685 INFO  - Sent broadcast CAM message to all vehicles (at simulation time 426.700,000,000 s)
2024-06-04 00:13:13,686 INFO  - Received CAM message from veh_168 (at simulation time 426.700,400,000 s)
2024-06-04 00:13:13,686 INFO  - Received CAM message from veh_171 (at simulation time 426.700,900,000 s)
2024-06-04 00:13:13,686 INFO  - Received CAM message from veh_159 (at simulation time 426.700,900,000 s)
2024-06-04 00:13:13,686 INFO  - Received CAM message from veh_150 (at simulation time 426.700,900,000 s)
2024-06-04 00:13:13,686 INFO  - Received CAM message from veh_108 (at simulation time 426.701,900,000 s)
2024-06-04 00:13:13,687 INFO  - Atempting to process queue (at simulation time 426.800,000,000 s)
2024-06-04 00:13:13,687 INFO  - Vehicle is inside the detection area. (at simulation time 426.800,000,000 s)
2024-06-04 00:13:13,687 INFO  - Sent Detection message to rsu_0 (at simulation time 426.800,000,000 s)
2024-06-04 00:13:13,687 INFO  - Sent broadcast CAM message to all vehicles (at simulation time 426.800,000,000 s)
2024-06-04 00:13:13,687 INFO  - Received CAM message from veh_159 (at simulation time 426.800,900,000 s)
2024-06-04 00:13:13,688 INFO  - Received CAM message from veh_168 (at simulation time 426.801,400,000 s)
2024-06-04 00:13:13,688 INFO  - Received CAM message from veh_171 (at simulation time 426.802,400,000 s)
2024-06-04 00:13:13,688 INFO  - Received CAM message from veh_150 (at simulation time 426.802,400,000 s)
2024-06-04 00:13:13,688 INFO  - Received CAM message from veh_108 (at simulation time 426.802,400,000 s)
2024-06-04 00:13:13,688 INFO  - Atempting to process queue (at simulation time 426.900,000,000 s)
2024-06-04 00:13:13,688 INFO  - Vehicle is inside the detection area. (at simulation time 426.900,000,000 s)
2024-06-04 00:13:13,688 INFO  - Sent Detection message to rsu_0 (at simulation time 426.900,000,000 s)
2024-06-04 00:13:13,688 INFO  - Sent broadcast CAM message to all vehicles (at simulation time 426.900,000,000 s)
2024-06-04 00:13:13,689 INFO  - Received CAM message from veh_150 (at simulation time 426.900,400,000 s)
2024-06-04 00:13:13,689 INFO  - Received CAM message from veh_168 (at simulation time 426.900,900,000 s)
2024-06-04 00:13:13,689 INFO  - Received CAM message from veh_108 (at simulation time 426.900,900,000 s)
2024-06-04 00:13:13,689 INFO  - Received CAM message from veh_159 (at simulation time 426.901,900,000 s)
2024-06-04 00:13:13,690 INFO  - Received CAM message from veh_171 (at simulation time 426.902,400,000 s)
2024-06-04 00:13:13,694 INFO  - Atempting to process queue (at simulation time 427.000,000,000 s)
2024-06-04 00:13:13,694 INFO  - Vehicle is outside the detection area. (at simulation time 427.000,000,000 s)
2024-06-04 00:13:13,694 INFO  - Sent broadcast CAM message to all vehicles (at simulation time 427.000,000,000 s)
2024-06-04 00:13:13,695 INFO  - Received CAM message from veh_171 (at simulation time 427.000,400,000 s)
2024-06-04 00:13:13,695 INFO  - Received CAM message from veh_168 (at simulation time 427.000,900,000 s)
2024-06-04 00:13:13,696 INFO  - Received CAM message from veh_159 (at simulation time 427.001,400,000 s)
2024-06-04 00:13:13,696 INFO  - Received CAM message from veh_150 (at simulation time 427.001,400,000 s)
2024-06-04 00:13:13,696 INFO  - Received CAM message from veh_108 (at simulation time 427.001,900,000 s)
2024-06-04 00:13:13,696 INFO  - Received CAM message from veh_126 (at simulation time 427.002,400,000 s)
2024-06-04 00:13:13,696 INFO  - Atempting to process queue (at simulation time 427.100,000,000 s)
2024-06-04 00:13:13,696 INFO  - Vehicle is outside the detection area. (at simulation time 427.100,000,000 s)
2024-06-04 00:13:13,696 INFO  - Sent broadcast CAM message to all vehicles (at simulation time 427.100,000,000 s)
2024-06-04 00:13:13,697 INFO  - Received CAM message from veh_150 (at simulation time 427.100,400,000 s)
2024-06-04 00:13:13,697 INFO  - Received CAM message from veh_168 (at simulation time 427.100,900,000 s)
2024-06-04 00:13:13,697 INFO  - Received CAM message from veh_108 (at simulation time 427.100,900,000 s)
2024-06-04 00:13:13,697 INFO  - Received CAM message from veh_159 (at simulation time 427.101,400,000 s)
2024-06-04 00:13:13,697 INFO  - Received CAM message from veh_126 (at simulation time 427.101,400,000 s)
2024-06-04 00:13:13,698 INFO  - Received CAM message from veh_171 (at simulation time 427.102,400,000 s)
2024-06-04 00:13:13,698 INFO  - Atempting to process queue (at simulation time 427.200,000,000 s)
2024-06-04 00:13:13,698 INFO  - Vehicle is outside the detection area. (at simulation time 427.200,000,000 s)
2024-06-04 00:13:13,698 INFO  - Sent broadcast CAM message to all vehicles (at simulation time 427.200,000,000 s)
2024-06-04 00:13:13,698 INFO  - Received CAM message from veh_108 (at simulation time 427.200,400,000 s)
2024-06-04 00:13:13,699 INFO  - Received CAM message from veh_171 (at simulation time 427.201,900,000 s)
2024-06-04 00:13:13,699 INFO  - Received CAM message from veh_168 (at simulation time 427.201,900,000 s)
2024-06-04 00:13:13,699 INFO  - Received CAM message from veh_159 (at simulation time 427.201,900,000 s)
2024-06-04 00:13:13,699 INFO  - Received CAM message from veh_126 (at simulation time 427.201,900,000 s)
2024-06-04 00:13:13,699 INFO  - Received CAM message from veh_150 (at simulation time 427.202,400,000 s)
2024-06-04 00:13:13,699 INFO  - Atempting to process queue (at simulation time 427.300,000,000 s)
2024-06-04 00:13:13,699 INFO  - Vehicle is outside the detection area. (at simulation time 427.300,000,000 s)
2024-06-04 00:13:13,699 INFO  - Sent broadcast CAM message to all vehicles (at simulation time 427.300,000,000 s)
2024-06-04 00:13:13,700 INFO  - Received CAM message from veh_168 (at simulation time 427.300,400,000 s)
2024-06-04 00:13:13,700 INFO  - Received CAM message from veh_108 (at simulation time 427.300,400,000 s)
2024-06-04 00:13:13,700 INFO  - Received CAM message from veh_159 (at simulation time 427.300,900,000 s)
2024-06-04 00:13:13,700 INFO  - Received CAM message from veh_126 (at simulation time 427.301,400,000 s)
2024-06-04 00:13:13,700 INFO  - Received CAM message from veh_150 (at simulation time 427.301,900,000 s)
2024-06-04 00:13:13,701 INFO  - Received CAM message from veh_171 (at simulation time 427.302,400,000 s)
2024-06-04 00:13:13,701 INFO  - Atempting to process queue (at simulation time 427.400,000,000 s)
2024-06-04 00:13:13,701 INFO  - Vehicle is outside the detection area. (at simulation time 427.400,000,000 s)
2024-06-04 00:13:13,701 INFO  - Sent broadcast CAM message to all vehicles (at simulation time 427.400,000,000 s)
2024-06-04 00:13:13,702 INFO  - Received CAM message from veh_126 (at simulation time 427.400,400,000 s)
2024-06-04 00:13:13,702 INFO  - Received CAM message from veh_168 (at simulation time 427.400,900,000 s)
2024-06-04 00:13:13,702 INFO  - Received CAM message from veh_159 (at simulation time 427.401,400,000 s)
2024-06-04 00:13:13,702 INFO  - Received CAM message from veh_108 (at simulation time 427.401,400,000 s)
2024-06-04 00:13:13,702 INFO  - Received CAM message from veh_171 (at simulation time 427.401,900,000 s)
2024-06-04 00:13:13,702 INFO  - Received CAM message from veh_150 (at simulation time 427.401,900,000 s)
2024-06-04 00:13:13,703 INFO  - Atempting to process queue (at simulation time 427.500,000,000 s)
2024-06-04 00:13:13,703 INFO  - Vehicle is outside the detection area. (at simulation time 427.500,000,000 s)
2024-06-04 00:13:13,703 INFO  - Sent broadcast CAM message to all vehicles (at simulation time 427.500,000,000 s)
2024-06-04 00:13:13,703 INFO  - Received CAM message from veh_159 (at simulation time 427.500,400,000 s)
2024-06-04 00:13:13,704 INFO  - Received CAM message from veh_171 (at simulation time 427.500,900,000 s)
2024-06-04 00:13:13,704 INFO  - Received CAM message from veh_150 (at simulation time 427.500,900,000 s)
2024-06-04 00:13:13,704 INFO  - Received CAM message from veh_126 (at simulation time 427.500,900,000 s)
2024-06-04 00:13:13,704 INFO  - Received CAM message from veh_108 (at simulation time 427.501,900,000 s)
2024-06-04 00:13:13,704 INFO  - Received CAM message from veh_168 (at simulation time 427.502,400,000 s)
2024-06-04 00:13:13,705 INFO  - Atempting to process queue (at simulation time 427.600,000,000 s)
2024-06-04 00:13:13,705 INFO  - Vehicle is outside the detection area. (at simulation time 427.600,000,000 s)
2024-06-04 00:13:13,705 INFO  - Sent broadcast CAM message to all vehicles (at simulation time 427.600,000,000 s)
2024-06-04 00:13:13,705 INFO  - Received CAM message from veh_171 (at simulation time 427.600,400,000 s)
2024-06-04 00:13:13,705 INFO  - Received CAM message from veh_126 (at simulation time 427.600,400,000 s)
2024-06-04 00:13:13,706 INFO  - Received CAM message from veh_168 (at simulation time 427.601,400,000 s)
2024-06-04 00:13:13,706 INFO  - Received CAM message from veh_150 (at simulation time 427.601,900,000 s)
2024-06-04 00:13:13,706 INFO  - Received CAM message from veh_159 (at simulation time 427.602,400,000 s)
2024-06-04 00:13:13,706 INFO  - Received CAM message from veh_108 (at simulation time 427.602,400,000 s)
2024-06-04 00:13:13,706 INFO  - Atempting to process queue (at simulation time 427.700,000,000 s)
2024-06-04 00:13:13,706 INFO  - Vehicle is outside the detection area. (at simulation time 427.700,000,000 s)
2024-06-04 00:13:13,706 INFO  - Sent broadcast CAM message to all vehicles (at simulation time 427.700,000,000 s)
2024-06-04 00:13:13,707 INFO  - Received CAM message from veh_168 (at simulation time 427.700,400,000 s)
2024-06-04 00:13:13,707 INFO  - Received CAM message from veh_171 (at simulation time 427.700,900,000 s)
2024-06-04 00:13:13,707 INFO  - Received CAM message from veh_159 (at simulation time 427.701,400,000 s)
2024-06-04 00:13:13,707 INFO  - Received CAM message from veh_150 (at simulation time 427.701,400,000 s)
2024-06-04 00:13:13,708 INFO  - Received CAM message from veh_126 (at simulation time 427.702,400,000 s)
2024-06-04 00:13:13,708 INFO  - Received CAM message from veh_108 (at simulation time 427.702,400,000 s)
2024-06-04 00:13:13,708 INFO  - Atempting to process queue (at simulation time 427.800,000,000 s)
2024-06-04 00:13:13,708 INFO  - Vehicle is outside the detection area. (at simulation time 427.800,000,000 s)
2024-06-04 00:13:13,708 INFO  - Sent broadcast CAM message to all vehicles (at simulation time 427.800,000,000 s)
2024-06-04 00:13:13,709 INFO  - Received CAM message from veh_150 (at simulation time 427.800,400,000 s)
2024-06-04 00:13:13,709 INFO  - Received CAM message from veh_171 (at simulation time 427.800,900,000 s)
2024-06-04 00:13:13,709 INFO  - Received CAM message from veh_159 (at simulation time 427.801,400,000 s)
2024-06-04 00:13:13,709 INFO  - Received CAM message from veh_126 (at simulation time 427.801,400,000 s)
2024-06-04 00:13:13,709 INFO  - Received CAM message from veh_108 (at simulation time 427.801,400,000 s)
2024-06-04 00:13:13,709 INFO  - Received CAM message from veh_168 (at simulation time 427.801,900,000 s)
2024-06-04 00:13:13,710 INFO  - Atempting to process queue (at simulation time 427.900,000,000 s)
2024-06-04 00:13:13,710 INFO  - Vehicle is outside the detection area. (at simulation time 427.900,000,000 s)
2024-06-04 00:13:13,710 INFO  - Sent broadcast CAM message to all vehicles (at simulation time 427.900,000,000 s)
2024-06-04 00:13:13,711 INFO  - Received CAM message from veh_108 (at simulation time 427.900,900,000 s)
2024-06-04 00:13:13,711 INFO  - Received CAM message from veh_171 (at simulation time 427.901,400,000 s)
2024-06-04 00:13:13,711 INFO  - Received CAM message from veh_150 (at simulation time 427.901,900,000 s)
2024-06-04 00:13:13,712 INFO  - Received CAM message from veh_168 (at simulation time 427.902,400,000 s)
2024-06-04 00:13:13,712 INFO  - Received CAM message from veh_159 (at simulation time 427.902,400,000 s)
2024-06-04 00:13:13,712 INFO  - Received CAM message from veh_126 (at simulation time 427.902,400,000 s)
2024-06-04 00:13:13,714 INFO  - Atempting to process queue (at simulation time 428.000,000,000 s)
2024-06-04 00:13:13,714 INFO  - Vehicle is outside the detection area. (at simulation time 428.000,000,000 s)
2024-06-04 00:13:13,714 INFO  - Sent broadcast CAM message to all vehicles (at simulation time 428.000,000,000 s)
2024-06-04 00:13:13,716 INFO  - Received CAM message from veh_150 (at simulation time 428.000,400,000 s)
2024-06-04 00:13:13,716 INFO  - Received CAM message from veh_108 (at simulation time 428.000,400,000 s)
2024-06-04 00:13:13,716 INFO  - Received CAM message from veh_168 (at simulation time 428.000,900,000 s)
2024-06-04 00:13:13,716 INFO  - Received CAM message from veh_171 (at simulation time 428.002,400,000 s)
2024-06-04 00:13:13,717 INFO  - Received CAM message from veh_159 (at simulation time 428.002,400,000 s)
2024-06-04 00:13:13,717 INFO  - Atempting to process queue (at simulation time 428.100,000,000 s)
2024-06-04 00:13:13,717 INFO  - Vehicle is outside the detection area. (at simulation time 428.100,000,000 s)
2024-06-04 00:13:13,717 INFO  - Sent broadcast CAM message to all vehicles (at simulation time 428.100,000,000 s)
2024-06-04 00:13:13,718 INFO  - Received CAM message from veh_150 (at simulation time 428.101,400,000 s)
2024-06-04 00:13:13,718 INFO  - Received CAM message from veh_168 (at simulation time 428.101,900,000 s)
2024-06-04 00:13:13,718 INFO  - Received CAM message from veh_159 (at simulation time 428.101,900,000 s)
2024-06-04 00:13:13,718 INFO  - Received CAM message from veh_108 (at simulation time 428.101,900,000 s)
2024-06-04 00:13:13,718 INFO  - Received CAM message from veh_171 (at simulation time 428.102,400,000 s)
2024-06-04 00:13:13,718 INFO  - Atempting to process queue (at simulation time 428.200,000,000 s)
2024-06-04 00:13:13,718 INFO  - Vehicle is outside the detection area. (at simulation time 428.200,000,000 s)
2024-06-04 00:13:13,718 INFO  - Sent broadcast CAM message to all vehicles (at simulation time 428.200,000,000 s)
2024-06-04 00:13:13,719 INFO  - Received CAM message from veh_150 (at simulation time 428.200,400,000 s)
2024-06-04 00:13:13,720 INFO  - Received CAM message from veh_168 (at simulation time 428.201,900,000 s)
2024-06-04 00:13:13,720 INFO  - Received CAM message from veh_171 (at simulation time 428.202,400,000 s)
2024-06-04 00:13:13,720 INFO  - Received CAM message from veh_159 (at simulation time 428.202,400,000 s)
2024-06-04 00:13:13,720 INFO  - Received CAM message from veh_108 (at simulation time 428.202,400,000 s)
2024-06-04 00:13:13,720 INFO  - Atempting to process queue (at simulation time 428.300,000,000 s)
2024-06-04 00:13:13,720 INFO  - Vehicle is outside the detection area. (at simulation time 428.300,000,000 s)
2024-06-04 00:13:13,720 INFO  - Sent broadcast CAM message to all vehicles (at simulation time 428.300,000,000 s)
2024-06-04 00:13:13,721 INFO  - Received CAM message from veh_150 (at simulation time 428.300,900,000 s)
2024-06-04 00:13:13,721 INFO  - Received CAM message from veh_159 (at simulation time 428.301,400,000 s)
2024-06-04 00:13:13,721 INFO  - Received CAM message from veh_108 (at simulation time 428.301,400,000 s)
2024-06-04 00:13:13,721 INFO  - Received CAM message from veh_171 (at simulation time 428.301,900,000 s)
2024-06-04 00:13:13,721 INFO  - Received CAM message from veh_168 (at simulation time 428.301,900,000 s)
2024-06-04 00:13:13,722 INFO  - Atempting to process queue (at simulation time 428.400,000,000 s)
2024-06-04 00:13:13,722 INFO  - Vehicle is outside the detection area. (at simulation time 428.400,000,000 s)
2024-06-04 00:13:13,722 INFO  - Sent broadcast CAM message to all vehicles (at simulation time 428.400,000,000 s)
2024-06-04 00:13:13,722 INFO  - Received CAM message from veh_168 (at simulation time 428.400,400,000 s)
2024-06-04 00:13:13,722 INFO  - Received CAM message from veh_159 (at simulation time 428.400,900,000 s)
2024-06-04 00:13:13,723 INFO  - Received CAM message from veh_150 (at simulation time 428.401,900,000 s)
2024-06-04 00:13:13,723 INFO  - Received CAM message from veh_171 (at simulation time 428.402,400,000 s)
2024-06-04 00:13:13,723 INFO  - Received CAM message from veh_108 (at simulation time 428.402,400,000 s)
2024-06-04 00:13:13,723 INFO  - Atempting to process queue (at simulation time 428.500,000,000 s)
2024-06-04 00:13:13,723 INFO  - Vehicle is outside the detection area. (at simulation time 428.500,000,000 s)
2024-06-04 00:13:13,723 INFO  - Sent broadcast CAM message to all vehicles (at simulation time 428.500,000,000 s)
2024-06-04 00:13:13,724 INFO  - Received CAM message from veh_168 (at simulation time 428.500,400,000 s)
2024-06-04 00:13:13,724 INFO  - Received CAM message from veh_108 (at simulation time 428.500,400,000 s)
2024-06-04 00:13:13,725 INFO  - Received CAM message from veh_171 (at simulation time 428.501,400,000 s)
2024-06-04 00:13:13,725 INFO  - Received CAM message from veh_159 (at simulation time 428.501,900,000 s)
2024-06-04 00:13:13,725 INFO  - Received CAM message from veh_150 (at simulation time 428.501,900,000 s)
2024-06-04 00:13:13,726 INFO  - Atempting to process queue (at simulation time 428.600,000,000 s)
2024-06-04 00:13:13,726 INFO  - Vehicle is outside the detection area. (at simulation time 428.600,000,000 s)
2024-06-04 00:13:13,726 INFO  - Sent broadcast CAM message to all vehicles (at simulation time 428.600,000,000 s)
2024-06-04 00:13:13,727 INFO  - Received CAM message from veh_159 (at simulation time 428.600,900,000 s)
2024-06-04 00:13:13,727 INFO  - Received CAM message from veh_168 (at simulation time 428.601,400,000 s)
2024-06-04 00:13:13,727 INFO  - Received CAM message from veh_150 (at simulation time 428.601,400,000 s)
2024-06-04 00:13:13,727 INFO  - Received CAM message from veh_108 (at simulation time 428.601,900,000 s)
2024-06-04 00:13:13,728 INFO  - Received CAM message from veh_171 (at simulation time 428.602,400,000 s)
2024-06-04 00:13:13,728 INFO  - Atempting to process queue (at simulation time 428.700,000,000 s)
2024-06-04 00:13:13,728 INFO  - Vehicle is outside the detection area. (at simulation time 428.700,000,000 s)
2024-06-04 00:13:13,728 INFO  - Sent broadcast CAM message to all vehicles (at simulation time 428.700,000,000 s)
2024-06-04 00:13:13,729 INFO  - Received CAM message from veh_171 (at simulation time 428.700,400,000 s)
2024-06-04 00:13:13,729 INFO  - Received CAM message from veh_159 (at simulation time 428.701,400,000 s)
2024-06-04 00:13:13,730 INFO  - Received CAM message from veh_108 (at simulation time 428.701,400,000 s)
2024-06-04 00:13:13,730 INFO  - Received CAM message from veh_168 (at simulation time 428.701,900,000 s)
2024-06-04 00:13:13,730 INFO  - Received CAM message from veh_150 (at simulation time 428.702,400,000 s)
2024-06-04 00:13:13,730 INFO  - Atempting to process queue (at simulation time 428.800,000,000 s)
2024-06-04 00:13:13,730 INFO  - Vehicle is outside the detection area. (at simulation time 428.800,000,000 s)
2024-06-04 00:13:13,730 INFO  - Sent broadcast CAM message to all vehicles (at simulation time 428.800,000,000 s)
2024-06-04 00:13:13,731 INFO  - Received CAM message from veh_108 (at simulation time 428.800,400,000 s)
2024-06-04 00:13:13,732 INFO  - Received CAM message from veh_168 (at simulation time 428.801,400,000 s)
2024-06-04 00:13:13,732 INFO  - Received CAM message from veh_150 (at simulation time 428.801,900,000 s)
2024-06-04 00:13:13,732 INFO  - Received CAM message from veh_171 (at simulation time 428.802,400,000 s)
2024-06-04 00:13:13,732 INFO  - Received CAM message from veh_159 (at simulation time 428.802,400,000 s)
2024-06-04 00:13:13,732 INFO  - Atempting to process queue (at simulation time 428.900,000,000 s)
2024-06-04 00:13:13,732 INFO  - Vehicle is outside the detection area. (at simulation time 428.900,000,000 s)
2024-06-04 00:13:13,732 INFO  - Sent broadcast CAM message to all vehicles (at simulation time 428.900,000,000 s)
2024-06-04 00:13:13,733 INFO  - Received CAM message from veh_171 (at simulation time 428.900,400,000 s)
2024-06-04 00:13:13,733 INFO  - Received CAM message from veh_150 (at simulation time 428.900,400,000 s)
2024-06-04 00:13:13,733 INFO  - Received CAM message from veh_108 (at simulation time 428.900,900,000 s)
2024-06-04 00:13:13,734 INFO  - Received CAM message from veh_168 (at simulation time 428.901,900,000 s)
2024-06-04 00:13:13,734 INFO  - Received CAM message from veh_159 (at simulation time 428.901,900,000 s)
2024-06-04 00:13:13,737 INFO  - Atempting to process queue (at simulation time 429.000,000,000 s)
2024-06-04 00:13:13,737 INFO  - Vehicle is outside the detection area. (at simulation time 429.000,000,000 s)
2024-06-04 00:13:13,737 INFO  - Sent broadcast CAM message to all vehicles (at simulation time 429.000,000,000 s)
2024-06-04 00:13:13,738 INFO  - Received CAM message from veh_168 (at simulation time 429.000,900,000 s)
2024-06-04 00:13:13,738 INFO  - Received CAM message from veh_150 (at simulation time 429.000,900,000 s)
2024-06-04 00:13:13,739 INFO  - Received CAM message from veh_108 (at simulation time 429.002,400,000 s)
2024-06-04 00:13:13,739 INFO  - Atempting to process queue (at simulation time 429.100,000,000 s)
2024-06-04 00:13:13,739 INFO  - Vehicle is outside the detection area. (at simulation time 429.100,000,000 s)
2024-06-04 00:13:13,739 INFO  - Sent broadcast CAM message to all vehicles (at simulation time 429.100,000,000 s)
2024-06-04 00:13:13,740 INFO  - Received CAM message from veh_108 (at simulation time 429.101,400,000 s)
2024-06-04 00:13:13,740 INFO  - Received CAM message from veh_168 (at simulation time 429.101,900,000 s)
2024-06-04 00:13:13,740 INFO  - Received CAM message from veh_150 (at simulation time 429.101,900,000 s)
2024-06-04 00:13:13,741 INFO  - Atempting to process queue (at simulation time 429.200,000,000 s)
2024-06-04 00:13:13,741 INFO  - Vehicle is outside the detection area. (at simulation time 429.200,000,000 s)
2024-06-04 00:13:13,741 INFO  - Sent broadcast CAM message to all vehicles (at simulation time 429.200,000,000 s)
2024-06-04 00:13:13,742 INFO  - Received CAM message from veh_150 (at simulation time 429.200,400,000 s)
2024-06-04 00:13:13,742 INFO  - Received CAM message from veh_108 (at simulation time 429.200,900,000 s)
2024-06-04 00:13:13,742 INFO  - Received CAM message from veh_168 (at simulation time 429.201,900,000 s)
2024-06-04 00:13:13,743 INFO  - Atempting to process queue (at simulation time 429.300,000,000 s)
2024-06-04 00:13:13,743 INFO  - Vehicle is outside the detection area. (at simulation time 429.300,000,000 s)
2024-06-04 00:13:13,743 INFO  - Sent broadcast CAM message to all vehicles (at simulation time 429.300,000,000 s)
2024-06-04 00:13:13,743 INFO  - Received CAM message from veh_108 (at simulation time 429.300,900,000 s)
2024-06-04 00:13:13,743 INFO  - Received CAM message from veh_168 (at simulation time 429.301,400,000 s)
2024-06-04 00:13:13,744 INFO  - Received CAM message from veh_150 (at simulation time 429.301,400,000 s)
2024-06-04 00:13:13,744 INFO  - Atempting to process queue (at simulation time 429.400,000,000 s)
2024-06-04 00:13:13,744 INFO  - Vehicle is outside the detection area. (at simulation time 429.400,000,000 s)
2024-06-04 00:13:13,744 INFO  - Sent broadcast CAM message to all vehicles (at simulation time 429.400,000,000 s)
2024-06-04 00:13:13,745 INFO  - Received CAM message from veh_150 (at simulation time 429.401,400,000 s)
2024-06-04 00:13:13,745 INFO  - Received CAM message from veh_168 (at simulation time 429.401,900,000 s)
2024-06-04 00:13:13,746 INFO  - Received CAM message from veh_108 (at simulation time 429.402,400,000 s)
2024-06-04 00:13:13,746 INFO  - Atempting to process queue (at simulation time 429.500,000,000 s)
2024-06-04 00:13:13,746 INFO  - Vehicle is outside the detection area. (at simulation time 429.500,000,000 s)
2024-06-04 00:13:13,746 INFO  - Sent broadcast CAM message to all vehicles (at simulation time 429.500,000,000 s)
2024-06-04 00:13:13,747 INFO  - Received CAM message from veh_108 (at simulation time 429.500,900,000 s)
2024-06-04 00:13:13,747 INFO  - Received CAM message from veh_168 (at simulation time 429.501,400,000 s)
2024-06-04 00:13:13,748 INFO  - Received CAM message from veh_150 (at simulation time 429.502,400,000 s)
2024-06-04 00:13:13,748 INFO  - Atempting to process queue (at simulation time 429.600,000,000 s)
2024-06-04 00:13:13,748 INFO  - Vehicle is outside the detection area. (at simulation time 429.600,000,000 s)
2024-06-04 00:13:13,748 INFO  - Sent broadcast CAM message to all vehicles (at simulation time 429.600,000,000 s)
2024-06-04 00:13:13,750 INFO  - Received CAM message from veh_150 (at simulation time 429.601,900,000 s)
2024-06-04 00:13:13,750 INFO  - Received CAM message from veh_108 (at simulation time 429.601,900,000 s)
2024-06-04 00:13:13,750 INFO  - Received CAM message from veh_168 (at simulation time 429.602,400,000 s)
2024-06-04 00:13:13,750 INFO  - Atempting to process queue (at simulation time 429.700,000,000 s)
2024-06-04 00:13:13,750 INFO  - Vehicle is outside the detection area. (at simulation time 429.700,000,000 s)
2024-06-04 00:13:13,750 INFO  - Sent broadcast CAM message to all vehicles (at simulation time 429.700,000,000 s)
2024-06-04 00:13:13,751 INFO  - Received CAM message from veh_168 (at simulation time 429.701,900,000 s)
2024-06-04 00:13:13,751 INFO  - Received CAM message from veh_150 (at simulation time 429.701,900,000 s)
2024-06-04 00:13:13,752 INFO  - Received CAM message from veh_108 (at simulation time 429.702,400,000 s)
2024-06-04 00:13:13,752 INFO  - Atempting to process queue (at simulation time 429.800,000,000 s)
2024-06-04 00:13:13,752 INFO  - Vehicle is outside the detection area. (at simulation time 429.800,000,000 s)
2024-06-04 00:13:13,752 INFO  - Sent broadcast CAM message to all vehicles (at simulation time 429.800,000,000 s)
2024-06-04 00:13:13,753 INFO  - Received CAM message from veh_150 (at simulation time 429.800,400,000 s)
2024-06-04 00:13:13,753 INFO  - Received CAM message from veh_168 (at simulation time 429.802,400,000 s)
2024-06-04 00:13:13,754 INFO  - Received CAM message from veh_108 (at simulation time 429.802,400,000 s)
2024-06-04 00:13:13,754 INFO  - Atempting to process queue (at simulation time 429.900,000,000 s)
2024-06-04 00:13:13,754 INFO  - Vehicle is outside the detection area. (at simulation time 429.900,000,000 s)
2024-06-04 00:13:13,754 INFO  - Sent broadcast CAM message to all vehicles (at simulation time 429.900,000,000 s)
2024-06-04 00:13:13,755 INFO  - Received CAM message from veh_108 (at simulation time 429.900,900,000 s)
2024-06-04 00:13:13,755 INFO  - Received CAM message from veh_168 (at simulation time 429.901,900,000 s)
2024-06-04 00:13:13,755 INFO  - Received CAM message from veh_150 (at simulation time 429.902,400,000 s)
2024-06-04 00:13:13,759 INFO  - Atempting to process queue (at simulation time 430.000,000,000 s)
2024-06-04 00:13:13,759 INFO  - Vehicle is outside the detection area. (at simulation time 430.000,000,000 s)
2024-06-04 00:13:13,759 INFO  - Sent broadcast CAM message to all vehicles (at simulation time 430.000,000,000 s)
2024-06-04 00:13:13,760 INFO  - Received CAM message from veh_108 (at simulation time 430.000,400,000 s)
2024-06-04 00:13:13,761 INFO  - Received CAM message from veh_150 (at simulation time 430.001,900,000 s)
2024-06-04 00:13:13,761 INFO  - Atempting to process queue (at simulation time 430.100,000,000 s)
2024-06-04 00:13:13,761 INFO  - Vehicle is outside the detection area. (at simulation time 430.100,000,000 s)
2024-06-04 00:13:13,761 INFO  - Sent broadcast CAM message to all vehicles (at simulation time 430.100,000,000 s)
2024-06-04 00:13:13,762 INFO  - Received CAM message from veh_150 (at simulation time 430.100,400,000 s)
2024-06-04 00:13:13,762 INFO  - Received CAM message from veh_108 (at simulation time 430.101,400,000 s)
2024-06-04 00:13:13,763 INFO  - Atempting to process queue (at simulation time 430.200,000,000 s)
2024-06-04 00:13:13,763 INFO  - Vehicle is outside the detection area. (at simulation time 430.200,000,000 s)
2024-06-04 00:13:13,763 INFO  - Sent broadcast CAM message to all vehicles (at simulation time 430.200,000,000 s)
2024-06-04 00:13:13,764 INFO  - Received CAM message from veh_108 (at simulation time 430.200,400,000 s)
2024-06-04 00:13:13,764 INFO  - Received CAM message from veh_150 (at simulation time 430.200,900,000 s)
2024-06-04 00:13:13,765 INFO  - Atempting to process queue (at simulation time 430.300,000,000 s)
2024-06-04 00:13:13,765 INFO  - Vehicle is outside the detection area. (at simulation time 430.300,000,000 s)
2024-06-04 00:13:13,765 INFO  - Sent broadcast CAM message to all vehicles (at simulation time 430.300,000,000 s)
2024-06-04 00:13:13,766 INFO  - Received CAM message from veh_150 (at simulation time 430.300,400,000 s)
2024-06-04 00:13:13,767 INFO  - Received CAM message from veh_108 (at simulation time 430.302,400,000 s)
2024-06-04 00:13:13,767 INFO  - Atempting to process queue (at simulation time 430.400,000,000 s)
2024-06-04 00:13:13,767 INFO  - Vehicle is outside the detection area. (at simulation time 430.400,000,000 s)
2024-06-04 00:13:13,767 INFO  - Sent broadcast CAM message to all vehicles (at simulation time 430.400,000,000 s)
2024-06-04 00:13:13,768 INFO  - Received CAM message from veh_108 (at simulation time 430.401,400,000 s)
2024-06-04 00:13:13,768 INFO  - Received CAM message from veh_150 (at simulation time 430.401,900,000 s)
2024-06-04 00:13:13,769 INFO  - Atempting to process queue (at simulation time 430.500,000,000 s)
2024-06-04 00:13:13,769 INFO  - Vehicle is outside the detection area. (at simulation time 430.500,000,000 s)
2024-06-04 00:13:13,769 INFO  - Sent broadcast CAM message to all vehicles (at simulation time 430.500,000,000 s)
2024-06-04 00:13:13,770 INFO  - Received CAM message from veh_150 (at simulation time 430.500,900,000 s)
2024-06-04 00:13:13,770 INFO  - Received CAM message from veh_108 (at simulation time 430.500,900,000 s)
2024-06-04 00:13:13,770 INFO  - Atempting to process queue (at simulation time 430.600,000,000 s)
2024-06-04 00:13:13,770 INFO  - Vehicle is outside the detection area. (at simulation time 430.600,000,000 s)
2024-06-04 00:13:13,770 INFO  - Sent broadcast CAM message to all vehicles (at simulation time 430.600,000,000 s)
2024-06-04 00:13:13,771 INFO  - Received CAM message from veh_150 (at simulation time 430.600,900,000 s)
2024-06-04 00:13:13,772 INFO  - Received CAM message from veh_108 (at simulation time 430.601,900,000 s)
2024-06-04 00:13:13,772 INFO  - Atempting to process queue (at simulation time 430.700,000,000 s)
2024-06-04 00:13:13,772 INFO  - Vehicle is outside the detection area. (at simulation time 430.700,000,000 s)
2024-06-04 00:13:13,772 INFO  - Sent broadcast CAM message to all vehicles (at simulation time 430.700,000,000 s)
2024-06-04 00:13:13,773 INFO  - Received CAM message from veh_150 (at simulation time 430.700,400,000 s)
2024-06-04 00:13:13,773 INFO  - Received CAM message from veh_108 (at simulation time 430.700,400,000 s)
2024-06-04 00:13:13,774 INFO  - Atempting to process queue (at simulation time 430.800,000,000 s)
2024-06-04 00:13:13,774 INFO  - Vehicle is outside the detection area. (at simulation time 430.800,000,000 s)
2024-06-04 00:13:13,774 INFO  - Sent broadcast CAM message to all vehicles (at simulation time 430.800,000,000 s)
2024-06-04 00:13:13,775 INFO  - Received CAM message from veh_150 (at simulation time 430.800,900,000 s)
2024-06-04 00:13:13,775 INFO  - Received CAM message from veh_108 (at simulation time 430.801,400,000 s)
2024-06-04 00:13:13,775 INFO  - Atempting to process queue (at simulation time 430.900,000,000 s)
2024-06-04 00:13:13,775 INFO  - Vehicle is outside the detection area. (at simulation time 430.900,000,000 s)
2024-06-04 00:13:13,775 INFO  - Sent broadcast CAM message to all vehicles (at simulation time 430.900,000,000 s)
2024-06-04 00:13:13,776 INFO  - Received CAM message from veh_108 (at simulation time 430.901,400,000 s)
2024-06-04 00:13:13,777 INFO  - Received CAM message from veh_150 (at simulation time 430.901,900,000 s)
2024-06-04 00:13:13,780 INFO  - Atempting to process queue (at simulation time 431.000,000,000 s)
2024-06-04 00:13:13,780 INFO  - Vehicle is outside the detection area. (at simulation time 431.000,000,000 s)
2024-06-04 00:13:13,780 INFO  - Sent broadcast CAM message to all vehicles (at simulation time 431.000,000,000 s)
2024-06-04 00:13:13,783 INFO  - Received CAM message from veh_150 (at simulation time 431.002,400,000 s)
2024-06-04 00:13:13,783 INFO  - Atempting to process queue (at simulation time 431.100,000,000 s)
2024-06-04 00:13:13,783 INFO  - Vehicle is outside the detection area. (at simulation time 431.100,000,000 s)
2024-06-04 00:13:13,783 INFO  - Sent broadcast CAM message to all vehicles (at simulation time 431.100,000,000 s)
2024-06-04 00:13:13,785 INFO  - Received CAM message from veh_150 (at simulation time 431.102,400,000 s)
2024-06-04 00:13:13,785 INFO  - Atempting to process queue (at simulation time 431.200,000,000 s)
2024-06-04 00:13:13,785 INFO  - Vehicle is outside the detection area. (at simulation time 431.200,000,000 s)
2024-06-04 00:13:13,785 INFO  - Sent broadcast CAM message to all vehicles (at simulation time 431.200,000,000 s)
2024-06-04 00:13:13,786 INFO  - Received CAM message from veh_150 (at simulation time 431.200,400,000 s)
2024-06-04 00:13:13,787 INFO  - Atempting to process queue (at simulation time 431.300,000,000 s)
2024-06-04 00:13:13,787 INFO  - Vehicle is outside the detection area. (at simulation time 431.300,000,000 s)
2024-06-04 00:13:13,787 INFO  - Sent broadcast CAM message to all vehicles (at simulation time 431.300,000,000 s)
2024-06-04 00:13:13,788 INFO  - Received CAM message from veh_150 (at simulation time 431.301,900,000 s)
2024-06-04 00:13:13,789 INFO  - Atempting to process queue (at simulation time 431.400,000,000 s)
2024-06-04 00:13:13,789 INFO  - Vehicle is outside the detection area. (at simulation time 431.400,000,000 s)
2024-06-04 00:13:13,789 INFO  - Sent broadcast CAM message to all vehicles (at simulation time 431.400,000,000 s)
2024-06-04 00:13:13,790 INFO  - Received CAM message from veh_150 (at simulation time 431.401,900,000 s)
2024-06-04 00:13:13,790 INFO  - Atempting to process queue (at simulation time 431.500,000,000 s)
2024-06-04 00:13:13,790 INFO  - Vehicle is outside the detection area. (at simulation time 431.500,000,000 s)
2024-06-04 00:13:13,790 INFO  - Sent broadcast CAM message to all vehicles (at simulation time 431.500,000,000 s)
2024-06-04 00:13:13,791 INFO  - Received CAM message from veh_150 (at simulation time 431.501,900,000 s)
2024-06-04 00:13:13,792 INFO  - Atempting to process queue (at simulation time 431.600,000,000 s)
2024-06-04 00:13:13,792 INFO  - Vehicle is outside the detection area. (at simulation time 431.600,000,000 s)
2024-06-04 00:13:13,792 INFO  - Sent broadcast CAM message to all vehicles (at simulation time 431.600,000,000 s)
2024-06-04 00:13:13,793 INFO  - Received CAM message from veh_150 (at simulation time 431.600,900,000 s)
2024-06-04 00:13:13,793 INFO  - Atempting to process queue (at simulation time 431.700,000,000 s)
2024-06-04 00:13:13,793 INFO  - Vehicle is outside the detection area. (at simulation time 431.700,000,000 s)
2024-06-04 00:13:13,793 INFO  - Sent broadcast CAM message to all vehicles (at simulation time 431.700,000,000 s)
2024-06-04 00:13:13,795 INFO  - Received CAM message from veh_150 (at simulation time 431.702,400,000 s)
2024-06-04 00:13:13,795 INFO  - Atempting to process queue (at simulation time 431.800,000,000 s)
2024-06-04 00:13:13,795 INFO  - Vehicle is outside the detection area. (at simulation time 431.800,000,000 s)
2024-06-04 00:13:13,795 INFO  - Sent broadcast CAM message to all vehicles (at simulation time 431.800,000,000 s)
2024-06-04 00:13:13,796 INFO  - Received CAM message from veh_150 (at simulation time 431.800,900,000 s)
2024-06-04 00:13:13,797 INFO  - Atempting to process queue (at simulation time 431.900,000,000 s)
2024-06-04 00:13:13,797 INFO  - Vehicle is outside the detection area. (at simulation time 431.900,000,000 s)
2024-06-04 00:13:13,797 INFO  - Sent broadcast CAM message to all vehicles (at simulation time 431.900,000,000 s)
2024-06-04 00:13:13,798 INFO  - Received CAM message from veh_150 (at simulation time 431.901,400,000 s)
2024-06-04 00:13:13,802 INFO  - Atempting to process queue (at simulation time 432.000,000,000 s)
2024-06-04 00:13:13,802 INFO  - Vehicle is outside the detection area. (at simulation time 432.000,000,000 s)
2024-06-04 00:13:13,802 INFO  - Sent broadcast CAM message to all vehicles (at simulation time 432.000,000,000 s)
2024-06-04 00:13:13,804 INFO  - Vehicle is outside the detection area. (at simulation time 432.100,000,000 s)
2024-06-04 00:13:13,804 INFO  - Sent broadcast CAM message to all vehicles (at simulation time 432.100,000,000 s)
2024-06-04 00:13:13,805 INFO  - Vehicle is outside the detection area. (at simulation time 432.200,000,000 s)
2024-06-04 00:13:13,805 INFO  - Sent broadcast CAM message to all vehicles (at simulation time 432.200,000,000 s)
2024-06-04 00:13:13,807 INFO  - Vehicle is outside the detection area. (at simulation time 432.300,000,000 s)
2024-06-04 00:13:13,807 INFO  - Sent broadcast CAM message to all vehicles (at simulation time 432.300,000,000 s)
2024-06-04 00:13:13,809 INFO  - Vehicle is outside the detection area. (at simulation time 432.400,000,000 s)
2024-06-04 00:13:13,809 INFO  - Sent broadcast CAM message to all vehicles (at simulation time 432.400,000,000 s)
2024-06-04 00:13:13,811 INFO  - Vehicle is outside the detection area. (at simulation time 432.500,000,000 s)
2024-06-04 00:13:13,811 INFO  - Sent broadcast CAM message to all vehicles (at simulation time 432.500,000,000 s)
2024-06-04 00:13:13,812 INFO  - Vehicle is outside the detection area. (at simulation time 432.600,000,000 s)
2024-06-04 00:13:13,812 INFO  - Sent broadcast CAM message to all vehicles (at simulation time 432.600,000,000 s)
2024-06-04 00:13:13,815 INFO  - Vehicle is outside the detection area. (at simulation time 432.700,000,000 s)
2024-06-04 00:13:13,815 INFO  - Sent broadcast CAM message to all vehicles (at simulation time 432.700,000,000 s)
2024-06-04 00:13:13,816 INFO  - Vehicle is outside the detection area. (at simulation time 432.800,000,000 s)
2024-06-04 00:13:13,816 INFO  - Sent broadcast CAM message to all vehicles (at simulation time 432.800,000,000 s)
2024-06-04 00:13:13,818 INFO  - Vehicle is outside the detection area. (at simulation time 432.900,000,000 s)
2024-06-04 00:13:13,818 INFO  - Sent broadcast CAM message to all vehicles (at simulation time 432.900,000,000 s)
2024-06-04 00:13:13,825 INFO  - Vehicle is outside the detection area. (at simulation time 433.000,000,000 s)
2024-06-04 00:13:13,825 INFO  - Sent broadcast CAM message to all vehicles (at simulation time 433.000,000,000 s)
2024-06-04 00:13:13,828 INFO  - Vehicle is outside the detection area. (at simulation time 433.100,000,000 s)
2024-06-04 00:13:13,829 INFO  - Sent broadcast CAM message to all vehicles (at simulation time 433.100,000,000 s)
2024-06-04 00:13:13,831 INFO  - Vehicle is outside the detection area. (at simulation time 433.200,000,000 s)
2024-06-04 00:13:13,831 INFO  - Sent broadcast CAM message to all vehicles (at simulation time 433.200,000,000 s)
2024-06-04 00:13:13,832 INFO  - Vehicle is outside the detection area. (at simulation time 433.300,000,000 s)
2024-06-04 00:13:13,832 INFO  - Sent broadcast CAM message to all vehicles (at simulation time 433.300,000,000 s)
2024-06-04 00:13:13,834 INFO  - Vehicle is outside the detection area. (at simulation time 433.400,000,000 s)
2024-06-04 00:13:13,834 INFO  - Sent broadcast CAM message to all vehicles (at simulation time 433.400,000,000 s)
2024-06-04 00:13:13,836 INFO  - Vehicle is outside the detection area. (at simulation time 433.500,000,000 s)
2024-06-04 00:13:13,836 INFO  - Sent broadcast CAM message to all vehicles (at simulation time 433.500,000,000 s)
2024-06-04 00:13:13,837 INFO  - Vehicle is outside the detection area. (at simulation time 433.600,000,000 s)
2024-06-04 00:13:13,837 INFO  - Sent broadcast CAM message to all vehicles (at simulation time 433.600,000,000 s)
2024-06-04 00:13:13,839 INFO  - Vehicle is outside the detection area. (at simulation time 433.700,000,000 s)
2024-06-04 00:13:13,839 INFO  - Sent broadcast CAM message to all vehicles (at simulation time 433.700,000,000 s)
2024-06-04 00:13:13,841 INFO  - Vehicle is outside the detection area. (at simulation time 433.800,000,000 s)
2024-06-04 00:13:13,841 INFO  - Sent broadcast CAM message to all vehicles (at simulation time 433.800,000,000 s)
2024-06-04 00:13:13,843 INFO  - Vehicle is outside the detection area. (at simulation time 433.900,000,000 s)
2024-06-04 00:13:13,843 INFO  - Sent broadcast CAM message to all vehicles (at simulation time 433.900,000,000 s)
2024-06-04 00:13:13,848 INFO  - Vehicle is outside the detection area. (at simulation time 434.000,000,000 s)
2024-06-04 00:13:13,848 INFO  - Sent broadcast CAM message to all vehicles (at simulation time 434.000,000,000 s)
2024-06-04 00:13:13,850 INFO  - Vehicle is outside the detection area. (at simulation time 434.100,000,000 s)
2024-06-04 00:13:13,850 INFO  - Sent broadcast CAM message to all vehicles (at simulation time 434.100,000,000 s)
2024-06-04 00:13:13,852 INFO  - Vehicle is outside the detection area. (at simulation time 434.200,000,000 s)
2024-06-04 00:13:13,852 INFO  - Sent broadcast CAM message to all vehicles (at simulation time 434.200,000,000 s)
2024-06-04 00:13:13,853 INFO  - Vehicle is outside the detection area. (at simulation time 434.300,000,000 s)
2024-06-04 00:13:13,853 INFO  - Sent broadcast CAM message to all vehicles (at simulation time 434.300,000,000 s)
2024-06-04 00:13:13,879 INFO  - Vehicle is outside the detection area. (at simulation time 434.400,000,000 s)
2024-06-04 00:13:13,879 INFO  - Sent broadcast CAM message to all vehicles (at simulation time 434.400,000,000 s)
2024-06-04 00:13:13,880 INFO  - Vehicle is outside the detection area. (at simulation time 434.500,000,000 s)
2024-06-04 00:13:13,880 INFO  - Sent broadcast CAM message to all vehicles (at simulation time 434.500,000,000 s)
2024-06-04 00:13:13,882 INFO  - Vehicle is outside the detection area. (at simulation time 434.600,000,000 s)
2024-06-04 00:13:13,882 INFO  - Sent broadcast CAM message to all vehicles (at simulation time 434.600,000,000 s)
2024-06-04 00:13:13,884 INFO  - Vehicle is outside the detection area. (at simulation time 434.700,000,000 s)
2024-06-04 00:13:13,884 INFO  - Sent broadcast CAM message to all vehicles (at simulation time 434.700,000,000 s)
2024-06-04 00:13:13,886 INFO  - Vehicle is outside the detection area. (at simulation time 434.800,000,000 s)
2024-06-04 00:13:13,886 INFO  - Sent broadcast CAM message to all vehicles (at simulation time 434.800,000,000 s)
2024-06-04 00:13:13,888 INFO  - Vehicle is outside the detection area. (at simulation time 434.900,000,000 s)
2024-06-04 00:13:13,888 INFO  - Sent broadcast CAM message to all vehicles (at simulation time 434.900,000,000 s)
2024-06-04 00:13:13,893 INFO  - Vehicle is outside the detection area. (at simulation time 435.000,000,000 s)
2024-06-04 00:13:13,893 INFO  - Sent broadcast CAM message to all vehicles (at simulation time 435.000,000,000 s)
2024-06-04 00:13:13,896 INFO  - Vehicle is outside the detection area. (at simulation time 435.100,000,000 s)
2024-06-04 00:13:13,896 INFO  - Sent broadcast CAM message to all vehicles (at simulation time 435.100,000,000 s)
2024-06-04 00:13:13,898 INFO  - Vehicle is outside the detection area. (at simulation time 435.200,000,000 s)
2024-06-04 00:13:13,898 INFO  - Sent broadcast CAM message to all vehicles (at simulation time 435.200,000,000 s)
2024-06-04 00:13:13,899 INFO  - Vehicle is outside the detection area. (at simulation time 435.300,000,000 s)
2024-06-04 00:13:13,899 INFO  - Sent broadcast CAM message to all vehicles (at simulation time 435.300,000,000 s)
2024-06-04 00:13:13,901 INFO  - Vehicle is outside the detection area. (at simulation time 435.400,000,000 s)
2024-06-04 00:13:13,901 INFO  - Sent broadcast CAM message to all vehicles (at simulation time 435.400,000,000 s)
2024-06-04 00:13:13,909 INFO  - Vehicle is outside the detection area. (at simulation time 435.500,000,000 s)
2024-06-04 00:13:13,909 INFO  - Sent broadcast CAM message to all vehicles (at simulation time 435.500,000,000 s)
2024-06-04 00:13:13,911 INFO  - Vehicle is outside the detection area. (at simulation time 435.600,000,000 s)
2024-06-04 00:13:13,911 INFO  - Sent broadcast CAM message to all vehicles (at simulation time 435.600,000,000 s)
2024-06-04 00:13:13,912 INFO  - Vehicle is outside the detection area. (at simulation time 435.700,000,000 s)
2024-06-04 00:13:13,912 INFO  - Sent broadcast CAM message to all vehicles (at simulation time 435.700,000,000 s)
2024-06-04 00:13:13,914 INFO  - Vehicle is outside the detection area. (at simulation time 435.800,000,000 s)
2024-06-04 00:13:13,914 INFO  - Sent broadcast CAM message to all vehicles (at simulation time 435.800,000,000 s)
2024-06-04 00:13:13,916 INFO  - Vehicle is outside the detection area. (at simulation time 435.900,000,000 s)
2024-06-04 00:13:13,916 INFO  - Sent broadcast CAM message to all vehicles (at simulation time 435.900,000,000 s)
2024-06-04 00:13:13,920 INFO  - Shutdown application (at simulation time 436.000,000,000 s)
