2024-06-04 00:13:02,167 INFO  - Initialize application (at simulation time 7.000,000,000 s)
2024-06-04 00:13:02,170 INFO  - Activated WLAN Module (at simulation time 7.000,000,000 s)
2024-06-04 00:13:02,170 INFO  - Vehicle is outside the detection area. (at simulation time 7.000,000,000 s)
2024-06-04 00:13:02,170 INFO  - Sent broadcast CAM message to all vehicles (at simulation time 7.000,000,000 s)
2024-06-04 00:13:02,175 INFO  - Vehicle is outside the detection area. (at simulation time 7.100,000,000 s)
2024-06-04 00:13:02,175 INFO  - Sent broadcast CAM message to all vehicles (at simulation time 7.100,000,000 s)
2024-06-04 00:13:02,177 INFO  - Vehicle is outside the detection area. (at simulation time 7.200,000,000 s)
2024-06-04 00:13:02,177 INFO  - Sent broadcast CAM message to all vehicles (at simulation time 7.200,000,000 s)
2024-06-04 00:13:02,178 INFO  - Vehicle is outside the detection area. (at simulation time 7.300,000,000 s)
2024-06-04 00:13:02,178 INFO  - Sent broadcast CAM message to all vehicles (at simulation time 7.300,000,000 s)
2024-06-04 00:13:02,179 INFO  - Vehicle is outside the detection area. (at simulation time 7.400,000,000 s)
2024-06-04 00:13:02,179 INFO  - Sent broadcast CAM message to all vehicles (at simulation time 7.400,000,000 s)
2024-06-04 00:13:02,181 INFO  - Vehicle is outside the detection area. (at simulation time 7.500,000,000 s)
2024-06-04 00:13:02,182 INFO  - Sent broadcast CAM message to all vehicles (at simulation time 7.500,000,000 s)
2024-06-04 00:13:02,183 INFO  - Vehicle is outside the detection area. (at simulation time 7.600,000,000 s)
2024-06-04 00:13:02,183 INFO  - Sent broadcast CAM message to all vehicles (at simulation time 7.600,000,000 s)
2024-06-04 00:13:02,184 INFO  - Vehicle is outside the detection area. (at simulation time 7.700,000,000 s)
2024-06-04 00:13:02,184 INFO  - Sent broadcast CAM message to all vehicles (at simulation time 7.700,000,000 s)
2024-06-04 00:13:02,190 INFO  - Vehicle is outside the detection area. (at simulation time 7.800,000,000 s)
2024-06-04 00:13:02,190 INFO  - Sent broadcast CAM message to all vehicles (at simulation time 7.800,000,000 s)
2024-06-04 00:13:02,193 INFO  - Vehicle is outside the detection area. (at simulation time 7.900,000,000 s)
2024-06-04 00:13:02,193 INFO  - Sent broadcast CAM message to all vehicles (at simulation time 7.900,000,000 s)
2024-06-04 00:13:02,200 INFO  - Vehicle is outside the detection area. (at simulation time 8.000,000,000 s)
2024-06-04 00:13:02,201 INFO  - Sent broadcast CAM message to all vehicles (at simulation time 8.000,000,000 s)
2024-06-04 00:13:02,205 INFO  - Received CAM message from veh_1 (at simulation time 8.001,900,000 s)
2024-06-04 00:13:02,210 INFO  - Atempting to process queue (at simulation time 8.100,000,000 s)
2024-06-04 00:13:02,210 INFO  - Vehicle is outside the detection area. (at simulation time 8.100,000,000 s)
2024-06-04 00:13:02,210 INFO  - Sent broadcast CAM message to all vehicles (at simulation time 8.100,000,000 s)
2024-06-04 00:13:02,211 INFO  - Received CAM message from veh_5 (at simulation time 8.100,900,000 s)
2024-06-04 00:13:02,212 INFO  - Received CAM message from veh_1 (at simulation time 8.102,400,000 s)
2024-06-04 00:13:02,212 INFO  - Atempting to process queue (at simulation time 8.200,000,000 s)
2024-06-04 00:13:02,212 INFO  - Vehicle is outside the detection area. (at simulation time 8.200,000,000 s)
2024-06-04 00:13:02,212 INFO  - Sent broadcast CAM message to all vehicles (at simulation time 8.200,000,000 s)
2024-06-04 00:13:02,213 INFO  - Received CAM message from veh_1 (at simulation time 8.200,400,000 s)
2024-06-04 00:13:02,214 INFO  - Received CAM message from veh_5 (at simulation time 8.202,400,000 s)
2024-06-04 00:13:02,215 INFO  - Atempting to process queue (at simulation time 8.300,000,000 s)
2024-06-04 00:13:02,215 INFO  - Vehicle is outside the detection area. (at simulation time 8.300,000,000 s)
2024-06-04 00:13:02,215 INFO  - Sent broadcast CAM message to all vehicles (at simulation time 8.300,000,000 s)
2024-06-04 00:13:02,216 INFO  - Received CAM message from veh_5 (at simulation time 8.301,400,000 s)
2024-06-04 00:13:02,216 INFO  - Received CAM message from veh_1 (at simulation time 8.301,400,000 s)
2024-06-04 00:13:02,217 INFO  - Atempting to process queue (at simulation time 8.400,000,000 s)
2024-06-04 00:13:02,217 INFO  - Vehicle is outside the detection area. (at simulation time 8.400,000,000 s)
2024-06-04 00:13:02,217 INFO  - Sent broadcast CAM message to all vehicles (at simulation time 8.400,000,000 s)
2024-06-04 00:13:02,218 INFO  - Received CAM message from veh_1 (at simulation time 8.400,900,000 s)
2024-06-04 00:13:02,218 INFO  - Received CAM message from veh_5 (at simulation time 8.401,900,000 s)
2024-06-04 00:13:02,218 INFO  - Atempting to process queue (at simulation time 8.500,000,000 s)
2024-06-04 00:13:02,218 INFO  - Vehicle is outside the detection area. (at simulation time 8.500,000,000 s)
2024-06-04 00:13:02,218 INFO  - Sent broadcast CAM message to all vehicles (at simulation time 8.500,000,000 s)
2024-06-04 00:13:02,219 INFO  - Received CAM message from veh_5 (at simulation time 8.500,400,000 s)
2024-06-04 00:13:02,220 INFO  - Received CAM message from veh_1 (at simulation time 8.500,900,000 s)
2024-06-04 00:13:02,220 INFO  - Atempting to process queue (at simulation time 8.600,000,000 s)
2024-06-04 00:13:02,220 INFO  - Vehicle is outside the detection area. (at simulation time 8.600,000,000 s)
2024-06-04 00:13:02,220 INFO  - Sent broadcast CAM message to all vehicles (at simulation time 8.600,000,000 s)
2024-06-04 00:13:02,221 INFO  - Received CAM message from veh_1 (at simulation time 8.600,900,000 s)
2024-06-04 00:13:02,221 INFO  - Received CAM message from veh_5 (at simulation time 8.601,900,000 s)
2024-06-04 00:13:02,221 INFO  - Atempting to process queue (at simulation time 8.700,000,000 s)
2024-06-04 00:13:02,221 INFO  - Vehicle is outside the detection area. (at simulation time 8.700,000,000 s)
2024-06-04 00:13:02,221 INFO  - Sent broadcast CAM message to all vehicles (at simulation time 8.700,000,000 s)
2024-06-04 00:13:02,222 INFO  - Received CAM message from veh_1 (at simulation time 8.701,400,000 s)
2024-06-04 00:13:02,222 INFO  - Received CAM message from veh_5 (at simulation time 8.701,900,000 s)
2024-06-04 00:13:02,222 INFO  - Atempting to process queue (at simulation time 8.800,000,000 s)
2024-06-04 00:13:02,222 INFO  - Vehicle is outside the detection area. (at simulation time 8.800,000,000 s)
2024-06-04 00:13:02,222 INFO  - Sent broadcast CAM message to all vehicles (at simulation time 8.800,000,000 s)
2024-06-04 00:13:02,223 INFO  - Received CAM message from veh_5 (at simulation time 8.801,400,000 s)
2024-06-04 00:13:02,223 INFO  - Received CAM message from veh_1 (at simulation time 8.801,400,000 s)
2024-06-04 00:13:02,223 INFO  - Atempting to process queue (at simulation time 8.900,000,000 s)
2024-06-04 00:13:02,223 INFO  - Vehicle is outside the detection area. (at simulation time 8.900,000,000 s)
2024-06-04 00:13:02,223 INFO  - Sent broadcast CAM message to all vehicles (at simulation time 8.900,000,000 s)
2024-06-04 00:13:02,224 INFO  - Received CAM message from veh_1 (at simulation time 8.901,400,000 s)
2024-06-04 00:13:02,225 INFO  - Received CAM message from veh_5 (at simulation time 8.902,400,000 s)
2024-06-04 00:13:02,227 INFO  - Atempting to process queue (at simulation time 9.000,000,000 s)
2024-06-04 00:13:02,227 INFO  - Vehicle is inside the detection area. (at simulation time 9.000,000,000 s)
2024-06-04 00:13:02,227 INFO  - Vehicle is too far away from the traffic light. (at simulation time 9.000,000,000 s)
2024-06-04 00:13:02,228 INFO  - Sent Detection message to veh_1 (at simulation time 9.000,000,000 s)
2024-06-04 00:13:02,229 INFO  - Sent broadcast CAM message to all vehicles (at simulation time 9.000,000,000 s)
2024-06-04 00:13:02,232 INFO  - Received CAM message from veh_5 (at simulation time 9.000,400,000 s)
2024-06-04 00:13:02,234 INFO  - Received CAM message from veh_1 (at simulation time 9.001,900,000 s)
2024-06-04 00:13:02,236 INFO  - Atempting to process queue (at simulation time 9.100,000,000 s)
2024-06-04 00:13:02,236 INFO  - Vehicle is inside the detection area. (at simulation time 9.100,000,000 s)
2024-06-04 00:13:02,236 INFO  - Vehicle is too far away from the traffic light. (at simulation time 9.100,000,000 s)
2024-06-04 00:13:02,236 INFO  - Sent Detection message to veh_1 (at simulation time 9.100,000,000 s)
2024-06-04 00:13:02,236 INFO  - Sent broadcast CAM message to all vehicles (at simulation time 9.100,000,000 s)
2024-06-04 00:13:02,238 INFO  - Received CAM message from veh_1 (at simulation time 9.101,900,000 s)
2024-06-04 00:13:02,238 INFO  - Received CAM message from veh_5 (at simulation time 9.102,400,000 s)
2024-06-04 00:13:02,238 INFO  - Atempting to process queue (at simulation time 9.200,000,000 s)
2024-06-04 00:13:02,238 INFO  - Vehicle is inside the detection area. (at simulation time 9.200,000,000 s)
2024-06-04 00:13:02,238 INFO  - Vehicle is too far away from the traffic light. (at simulation time 9.200,000,000 s)
2024-06-04 00:13:02,238 INFO  - Sent Detection message to veh_1 (at simulation time 9.200,000,000 s)
2024-06-04 00:13:02,238 INFO  - Sent broadcast CAM message to all vehicles (at simulation time 9.200,000,000 s)
2024-06-04 00:13:02,239 INFO  - Received CAM message from veh_1 (at simulation time 9.200,400,000 s)
2024-06-04 00:13:02,239 INFO  - Received CAM message from veh_5 (at simulation time 9.200,900,000 s)
2024-06-04 00:13:02,240 INFO  - Atempting to process queue (at simulation time 9.300,000,000 s)
2024-06-04 00:13:02,240 INFO  - Vehicle is inside the detection area. (at simulation time 9.300,000,000 s)
2024-06-04 00:13:02,240 INFO  - Vehicle is too far away from the traffic light. (at simulation time 9.300,000,000 s)
2024-06-04 00:13:02,240 INFO  - Sent Detection message to veh_1 (at simulation time 9.300,000,000 s)
2024-06-04 00:13:02,240 INFO  - Sent broadcast CAM message to all vehicles (at simulation time 9.300,000,000 s)
2024-06-04 00:13:02,241 INFO  - Received CAM message from veh_5 (at simulation time 9.301,900,000 s)
2024-06-04 00:13:02,241 INFO  - Received CAM message from veh_1 (at simulation time 9.302,400,000 s)
2024-06-04 00:13:02,241 INFO  - Atempting to process queue (at simulation time 9.400,000,000 s)
2024-06-04 00:13:02,241 INFO  - Vehicle is inside the detection area. (at simulation time 9.400,000,000 s)
2024-06-04 00:13:02,241 INFO  - Vehicle is too far away from the traffic light. (at simulation time 9.400,000,000 s)
2024-06-04 00:13:02,241 INFO  - Sent Detection message to veh_1 (at simulation time 9.400,000,000 s)
2024-06-04 00:13:02,241 INFO  - Sent broadcast CAM message to all vehicles (at simulation time 9.400,000,000 s)
2024-06-04 00:13:02,243 INFO  - Received CAM message from veh_1 (at simulation time 9.400,900,000 s)
2024-06-04 00:13:02,244 INFO  - Received CAM message from veh_5 (at simulation time 9.402,400,000 s)
2024-06-04 00:13:02,244 INFO  - Atempting to process queue (at simulation time 9.500,000,000 s)
2024-06-04 00:13:02,244 INFO  - Vehicle is inside the detection area. (at simulation time 9.500,000,000 s)
2024-06-04 00:13:02,244 INFO  - Vehicle is too far away from the traffic light. (at simulation time 9.500,000,000 s)
2024-06-04 00:13:02,244 INFO  - Sent Detection message to veh_1 (at simulation time 9.500,000,000 s)
2024-06-04 00:13:02,244 INFO  - Sent broadcast CAM message to all vehicles (at simulation time 9.500,000,000 s)
2024-06-04 00:13:02,246 INFO  - Received CAM message from veh_1 (at simulation time 9.500,900,000 s)
2024-06-04 00:13:02,246 INFO  - Received CAM message from veh_5 (at simulation time 9.501,400,000 s)
2024-06-04 00:13:02,246 INFO  - Atempting to process queue (at simulation time 9.600,000,000 s)
2024-06-04 00:13:02,246 INFO  - Vehicle is inside the detection area. (at simulation time 9.600,000,000 s)
2024-06-04 00:13:02,246 INFO  - Vehicle is too far away from the traffic light. (at simulation time 9.600,000,000 s)
2024-06-04 00:13:02,246 INFO  - Sent Detection message to veh_1 (at simulation time 9.600,000,000 s)
2024-06-04 00:13:02,247 INFO  - Sent broadcast CAM message to all vehicles (at simulation time 9.600,000,000 s)
2024-06-04 00:13:02,248 INFO  - Received CAM message from veh_1 (at simulation time 9.600,900,000 s)
2024-06-04 00:13:02,248 INFO  - Received CAM message from veh_5 (at simulation time 9.601,400,000 s)
2024-06-04 00:13:02,248 INFO  - Atempting to process queue (at simulation time 9.700,000,000 s)
2024-06-04 00:13:02,248 INFO  - Vehicle is inside the detection area. (at simulation time 9.700,000,000 s)
2024-06-04 00:13:02,248 INFO  - Vehicle is too far away from the traffic light. (at simulation time 9.700,000,000 s)
2024-06-04 00:13:02,248 INFO  - Sent Detection message to veh_1 (at simulation time 9.700,000,000 s)
2024-06-04 00:13:02,248 INFO  - Sent broadcast CAM message to all vehicles (at simulation time 9.700,000,000 s)
2024-06-04 00:13:02,249 INFO  - Received CAM message from veh_5 (at simulation time 9.700,900,000 s)
2024-06-04 00:13:02,250 INFO  - Received CAM message from veh_1 (at simulation time 9.702,400,000 s)
2024-06-04 00:13:02,250 INFO  - Atempting to process queue (at simulation time 9.800,000,000 s)
2024-06-04 00:13:02,250 INFO  - Vehicle is inside the detection area. (at simulation time 9.800,000,000 s)
2024-06-04 00:13:02,250 INFO  - Vehicle is too far away from the traffic light. (at simulation time 9.800,000,000 s)
2024-06-04 00:13:02,250 INFO  - Sent Detection message to veh_1 (at simulation time 9.800,000,000 s)
2024-06-04 00:13:02,250 INFO  - Sent broadcast CAM message to all vehicles (at simulation time 9.800,000,000 s)
2024-06-04 00:13:02,250 INFO  - Received CAM message from veh_1 (at simulation time 9.800,900,000 s)
2024-06-04 00:13:02,251 INFO  - Received CAM message from veh_5 (at simulation time 9.801,900,000 s)
2024-06-04 00:13:02,251 INFO  - Atempting to process queue (at simulation time 9.900,000,000 s)
2024-06-04 00:13:02,251 INFO  - Vehicle is inside the detection area. (at simulation time 9.900,000,000 s)
2024-06-04 00:13:02,251 INFO  - Vehicle is too far away from the traffic light. (at simulation time 9.900,000,000 s)
2024-06-04 00:13:02,251 INFO  - Sent Detection message to veh_1 (at simulation time 9.900,000,000 s)
2024-06-04 00:13:02,251 INFO  - Sent broadcast CAM message to all vehicles (at simulation time 9.900,000,000 s)
2024-06-04 00:13:02,252 INFO  - Received CAM message from veh_5 (at simulation time 9.901,400,000 s)
2024-06-04 00:13:02,252 INFO  - Received CAM message from veh_1 (at simulation time 9.901,900,000 s)
2024-06-04 00:13:02,259 INFO  - Atempting to process queue (at simulation time 10.000,000,000 s)
2024-06-04 00:13:02,259 INFO  - Vehicle is inside the detection area. (at simulation time 10.000,000,000 s)
2024-06-04 00:13:02,259 INFO  - Vehicle is too far away from the traffic light. (at simulation time 10.000,000,000 s)
2024-06-04 00:13:02,259 INFO  - Sent Detection message to veh_1 (at simulation time 10.000,000,000 s)
2024-06-04 00:13:02,259 INFO  - Sent broadcast CAM message to all vehicles (at simulation time 10.000,000,000 s)
2024-06-04 00:13:02,261 INFO  - Received CAM message from veh_5 (at simulation time 10.000,900,000 s)
2024-06-04 00:13:02,262 INFO  - Received CAM message from veh_1 (at simulation time 10.002,400,000 s)
2024-06-04 00:13:02,263 INFO  - Atempting to process queue (at simulation time 10.100,000,000 s)
2024-06-04 00:13:02,263 INFO  - Vehicle is inside the detection area. (at simulation time 10.100,000,000 s)
2024-06-04 00:13:02,263 INFO  - Vehicle is too far away from the traffic light. (at simulation time 10.100,000,000 s)
2024-06-04 00:13:02,263 INFO  - Sent Detection message to veh_1 (at simulation time 10.100,000,000 s)
2024-06-04 00:13:02,263 INFO  - Sent broadcast CAM message to all vehicles (at simulation time 10.100,000,000 s)
2024-06-04 00:13:02,265 INFO  - Received CAM message from veh_1 (at simulation time 10.100,400,000 s)
2024-06-04 00:13:02,265 INFO  - Received CAM message from veh_5 (at simulation time 10.102,400,000 s)
2024-06-04 00:13:02,265 INFO  - Atempting to process queue (at simulation time 10.200,000,000 s)
2024-06-04 00:13:02,265 INFO  - Vehicle is inside the detection area. (at simulation time 10.200,000,000 s)
2024-06-04 00:13:02,265 INFO  - Vehicle is too far away from the traffic light. (at simulation time 10.200,000,000 s)
2024-06-04 00:13:02,266 INFO  - Sent Detection message to veh_1 (at simulation time 10.200,000,000 s)
2024-06-04 00:13:02,266 INFO  - Sent broadcast CAM message to all vehicles (at simulation time 10.200,000,000 s)
2024-06-04 00:13:02,266 INFO  - Received CAM message from veh_5 (at simulation time 10.200,400,000 s)
2024-06-04 00:13:02,266 INFO  - Received CAM message from veh_1 (at simulation time 10.200,900,000 s)
2024-06-04 00:13:02,267 INFO  - Atempting to process queue (at simulation time 10.300,000,000 s)
2024-06-04 00:13:02,267 INFO  - Vehicle is inside the detection area. (at simulation time 10.300,000,000 s)
2024-06-04 00:13:02,267 INFO  - Vehicle is too far away from the traffic light. (at simulation time 10.300,000,000 s)
2024-06-04 00:13:02,267 INFO  - Sent Detection message to veh_1 (at simulation time 10.300,000,000 s)
2024-06-04 00:13:02,267 INFO  - Sent broadcast CAM message to all vehicles (at simulation time 10.300,000,000 s)
2024-06-04 00:13:02,268 INFO  - Received CAM message from veh_1 (at simulation time 10.300,900,000 s)
2024-06-04 00:13:02,268 INFO  - Received CAM message from veh_5 (at simulation time 10.301,400,000 s)
2024-06-04 00:13:02,268 INFO  - Atempting to process queue (at simulation time 10.400,000,000 s)
2024-06-04 00:13:02,268 INFO  - Vehicle is inside the detection area. (at simulation time 10.400,000,000 s)
2024-06-04 00:13:02,268 INFO  - Vehicle is too far away from the traffic light. (at simulation time 10.400,000,000 s)
2024-06-04 00:13:02,268 INFO  - Sent Detection message to veh_1 (at simulation time 10.400,000,000 s)
2024-06-04 00:13:02,268 INFO  - Sent broadcast CAM message to all vehicles (at simulation time 10.400,000,000 s)
2024-06-04 00:13:02,269 INFO  - Received CAM message from veh_5 (at simulation time 10.400,900,000 s)
2024-06-04 00:13:02,269 INFO  - Received CAM message from veh_1 (at simulation time 10.402,400,000 s)
2024-06-04 00:13:02,269 INFO  - Atempting to process queue (at simulation time 10.500,000,000 s)
2024-06-04 00:13:02,269 INFO  - Vehicle is inside the detection area. (at simulation time 10.500,000,000 s)
2024-06-04 00:13:02,269 INFO  - Vehicle is too far away from the traffic light. (at simulation time 10.500,000,000 s)
2024-06-04 00:13:02,269 INFO  - Sent Detection message to veh_1 (at simulation time 10.500,000,000 s)
2024-06-04 00:13:02,269 INFO  - Sent broadcast CAM message to all vehicles (at simulation time 10.500,000,000 s)
2024-06-04 00:13:02,270 INFO  - Received CAM message from veh_5 (at simulation time 10.500,900,000 s)
2024-06-04 00:13:02,270 INFO  - Received CAM message from veh_1 (at simulation time 10.501,900,000 s)
2024-06-04 00:13:02,270 INFO  - Atempting to process queue (at simulation time 10.600,000,000 s)
2024-06-04 00:13:02,270 INFO  - Vehicle is inside the detection area. (at simulation time 10.600,000,000 s)
2024-06-04 00:13:02,270 INFO  - Vehicle is too far away from the traffic light. (at simulation time 10.600,000,000 s)
2024-06-04 00:13:02,270 INFO  - Sent Detection message to veh_1 (at simulation time 10.600,000,000 s)
2024-06-04 00:13:02,270 INFO  - Sent broadcast CAM message to all vehicles (at simulation time 10.600,000,000 s)
2024-06-04 00:13:02,271 INFO  - Received CAM message from veh_5 (at simulation time 10.602,400,000 s)
2024-06-04 00:13:02,271 INFO  - Received CAM message from veh_1 (at simulation time 10.602,400,000 s)
2024-06-04 00:13:02,271 INFO  - Atempting to process queue (at simulation time 10.700,000,000 s)
2024-06-04 00:13:02,271 INFO  - Vehicle is inside the detection area. (at simulation time 10.700,000,000 s)
2024-06-04 00:13:02,271 INFO  - Vehicle is too far away from the traffic light. (at simulation time 10.700,000,000 s)
2024-06-04 00:13:02,271 INFO  - Sent Detection message to veh_1 (at simulation time 10.700,000,000 s)
2024-06-04 00:13:02,271 INFO  - Sent broadcast CAM message to all vehicles (at simulation time 10.700,000,000 s)
2024-06-04 00:13:02,272 INFO  - Received CAM message from veh_5 (at simulation time 10.702,400,000 s)
2024-06-04 00:13:02,272 INFO  - Received CAM message from veh_1 (at simulation time 10.702,400,000 s)
2024-06-04 00:13:02,272 INFO  - Atempting to process queue (at simulation time 10.800,000,000 s)
2024-06-04 00:13:02,272 INFO  - Vehicle is inside the detection area. (at simulation time 10.800,000,000 s)
2024-06-04 00:13:02,272 INFO  - Vehicle is too far away from the traffic light. (at simulation time 10.800,000,000 s)
2024-06-04 00:13:02,272 INFO  - Sent Detection message to veh_1 (at simulation time 10.800,000,000 s)
2024-06-04 00:13:02,272 INFO  - Sent broadcast CAM message to all vehicles (at simulation time 10.800,000,000 s)
2024-06-04 00:13:02,273 INFO  - Received CAM message from veh_5 (at simulation time 10.801,400,000 s)
2024-06-04 00:13:02,273 INFO  - Received CAM message from veh_1 (at simulation time 10.802,400,000 s)
2024-06-04 00:13:02,273 INFO  - Atempting to process queue (at simulation time 10.900,000,000 s)
2024-06-04 00:13:02,273 INFO  - Vehicle is inside the detection area. (at simulation time 10.900,000,000 s)
2024-06-04 00:13:02,273 INFO  - Vehicle is too far away from the traffic light. (at simulation time 10.900,000,000 s)
2024-06-04 00:13:02,273 INFO  - Sent Detection message to veh_1 (at simulation time 10.900,000,000 s)
2024-06-04 00:13:02,273 INFO  - Sent broadcast CAM message to all vehicles (at simulation time 10.900,000,000 s)
2024-06-04 00:13:02,274 INFO  - Received CAM message from veh_5 (at simulation time 10.901,900,000 s)
2024-06-04 00:13:02,274 INFO  - Received CAM message from veh_1 (at simulation time 10.902,400,000 s)
2024-06-04 00:13:02,277 INFO  - Atempting to process queue (at simulation time 11.000,000,000 s)
2024-06-04 00:13:02,277 INFO  - Vehicle is inside the detection area. (at simulation time 11.000,000,000 s)
2024-06-04 00:13:02,277 INFO  - Sent Detection message to rsu_0 (at simulation time 11.000,000,000 s)
2024-06-04 00:13:02,277 INFO  - Sent broadcast CAM message to all vehicles (at simulation time 11.000,000,000 s)
2024-06-04 00:13:02,278 INFO  - Received CAM message from veh_5 (at simulation time 11.000,400,000 s)
2024-06-04 00:13:02,278 INFO  - Received Detection message from veh_5 to veh_4 (at simulation time 11.001,400,000 s)
2024-06-04 00:13:02,278 INFO  - Forwarded Detection message to rsu_0 (at simulation time 11.001,400,000 s)
2024-06-04 00:13:02,279 INFO  - Received CAM message from veh_1 (at simulation time 11.001,900,000 s)
2024-06-04 00:13:02,279 INFO  - Received CAM message from veh_0 (at simulation time 11.002,400,000 s)
2024-06-04 00:13:02,279 INFO  - Received CAM message from veh_2 (at simulation time 11.002,400,000 s)
2024-06-04 00:13:02,279 INFO  - Atempting to process queue (at simulation time 11.100,000,000 s)
2024-06-04 00:13:02,279 INFO  - Vehicle is inside the detection area. (at simulation time 11.100,000,000 s)
2024-06-04 00:13:02,279 INFO  - Sent Detection message to rsu_0 (at simulation time 11.100,000,000 s)
2024-06-04 00:13:02,279 INFO  - Sent broadcast CAM message to all vehicles (at simulation time 11.100,000,000 s)
2024-06-04 00:13:02,280 INFO  - Received CAM message from veh_5 (at simulation time 11.100,400,000 s)
2024-06-04 00:13:02,280 INFO  - Received CAM message from veh_1 (at simulation time 11.100,400,000 s)
2024-06-04 00:13:02,280 INFO  - Received Detection message from veh_5 to veh_4 (at simulation time 11.101,400,000 s)
2024-06-04 00:13:02,280 INFO  - Forwarded Detection message to rsu_0 (at simulation time 11.101,400,000 s)
2024-06-04 00:13:02,280 INFO  - Received CAM message from veh_0 (at simulation time 11.102,400,000 s)
2024-06-04 00:13:02,280 INFO  - Received CAM message from veh_2 (at simulation time 11.102,400,000 s)
2024-06-04 00:13:02,280 INFO  - Atempting to process queue (at simulation time 11.200,000,000 s)
2024-06-04 00:13:02,280 INFO  - Vehicle is inside the detection area. (at simulation time 11.200,000,000 s)
2024-06-04 00:13:02,280 INFO  - Sent Detection message to rsu_0 (at simulation time 11.200,000,000 s)
2024-06-04 00:13:02,280 INFO  - Sent broadcast CAM message to all vehicles (at simulation time 11.200,000,000 s)
2024-06-04 00:13:02,281 INFO  - Received CAM message from veh_0 (at simulation time 11.200,900,000 s)
2024-06-04 00:13:02,281 INFO  - Received Detection message from veh_5 to veh_4 (at simulation time 11.201,400,000 s)
2024-06-04 00:13:02,281 INFO  - Forwarded Detection message to rsu_0 (at simulation time 11.201,400,000 s)
2024-06-04 00:13:02,281 INFO  - Received CAM message from veh_5 (at simulation time 11.201,900,000 s)
2024-06-04 00:13:02,281 INFO  - Received CAM message from veh_1 (at simulation time 11.201,900,000 s)
2024-06-04 00:13:02,281 INFO  - Received CAM message from veh_2 (at simulation time 11.201,900,000 s)
2024-06-04 00:13:02,282 INFO  - Atempting to process queue (at simulation time 11.300,000,000 s)
2024-06-04 00:13:02,282 INFO  - Vehicle is inside the detection area. (at simulation time 11.300,000,000 s)
2024-06-04 00:13:02,282 INFO  - Sent Detection message to rsu_0 (at simulation time 11.300,000,000 s)
2024-06-04 00:13:02,282 INFO  - Sent broadcast CAM message to all vehicles (at simulation time 11.300,000,000 s)
2024-06-04 00:13:02,282 INFO  - Received CAM message from veh_1 (at simulation time 11.300,400,000 s)
2024-06-04 00:13:02,282 INFO  - Received CAM message from veh_2 (at simulation time 11.300,400,000 s)
2024-06-04 00:13:02,282 INFO  - Received Detection message from veh_5 to veh_4 (at simulation time 11.301,400,000 s)
2024-06-04 00:13:02,283 INFO  - Forwarded Detection message to rsu_0 (at simulation time 11.301,400,000 s)
2024-06-04 00:13:02,283 INFO  - Received CAM message from veh_5 (at simulation time 11.302,400,000 s)
2024-06-04 00:13:02,283 INFO  - Received CAM message from veh_0 (at simulation time 11.302,400,000 s)
2024-06-04 00:13:02,283 INFO  - Atempting to process queue (at simulation time 11.400,000,000 s)
2024-06-04 00:13:02,283 INFO  - Vehicle is inside the detection area. (at simulation time 11.400,000,000 s)
2024-06-04 00:13:02,283 INFO  - Sent Detection message to rsu_0 (at simulation time 11.400,000,000 s)
2024-06-04 00:13:02,283 INFO  - Sent broadcast CAM message to all vehicles (at simulation time 11.400,000,000 s)
2024-06-04 00:13:02,284 INFO  - Received CAM message from veh_0 (at simulation time 11.400,400,000 s)
2024-06-04 00:13:02,284 INFO  - Received CAM message from veh_1 (at simulation time 11.400,900,000 s)
2024-06-04 00:13:02,284 INFO  - Received CAM message from veh_5 (at simulation time 11.401,400,000 s)
2024-06-04 00:13:02,284 INFO  - Received CAM message from veh_2 (at simulation time 11.401,900,000 s)
2024-06-04 00:13:02,284 INFO  - Received Detection message from veh_5 to veh_4 (at simulation time 11.402,400,000 s)
2024-06-04 00:13:02,284 INFO  - Forwarded Detection message to rsu_0 (at simulation time 11.402,400,000 s)
2024-06-04 00:13:02,284 INFO  - Atempting to process queue (at simulation time 11.500,000,000 s)
2024-06-04 00:13:02,284 INFO  - Vehicle is inside the detection area. (at simulation time 11.500,000,000 s)
2024-06-04 00:13:02,284 INFO  - Sent Detection message to rsu_0 (at simulation time 11.500,000,000 s)
2024-06-04 00:13:02,284 INFO  - Sent broadcast CAM message to all vehicles (at simulation time 11.500,000,000 s)
2024-06-04 00:13:02,285 INFO  - Received CAM message from veh_5 (at simulation time 11.500,400,000 s)
2024-06-04 00:13:02,285 INFO  - Received Detection message from veh_5 to veh_4 (at simulation time 11.500,900,000 s)
2024-06-04 00:13:02,285 INFO  - Forwarded Detection message to rsu_0 (at simulation time 11.500,900,000 s)
2024-06-04 00:13:02,285 INFO  - Received CAM message from veh_2 (at simulation time 11.500,900,000 s)
2024-06-04 00:13:02,285 INFO  - Received CAM message from veh_1 (at simulation time 11.501,400,000 s)
2024-06-04 00:13:02,285 INFO  - Received CAM message from veh_0 (at simulation time 11.501,400,000 s)
2024-06-04 00:13:02,286 INFO  - Atempting to process queue (at simulation time 11.600,000,000 s)
2024-06-04 00:13:02,286 INFO  - Vehicle is inside the detection area. (at simulation time 11.600,000,000 s)
2024-06-04 00:13:02,286 INFO  - Sent Detection message to rsu_0 (at simulation time 11.600,000,000 s)
2024-06-04 00:13:02,286 INFO  - Sent broadcast CAM message to all vehicles (at simulation time 11.600,000,000 s)
2024-06-04 00:13:02,287 INFO  - Received Detection message from veh_5 to veh_4 (at simulation time 11.601,400,000 s)
2024-06-04 00:13:02,287 INFO  - Forwarded Detection message to rsu_0 (at simulation time 11.601,400,000 s)
2024-06-04 00:13:02,287 INFO  - Received CAM message from veh_0 (at simulation time 11.601,400,000 s)
2024-06-04 00:13:02,287 INFO  - Received CAM message from veh_2 (at simulation time 11.601,400,000 s)
2024-06-04 00:13:02,287 INFO  - Received CAM message from veh_5 (at simulation time 11.601,900,000 s)
2024-06-04 00:13:02,287 INFO  - Received CAM message from veh_1 (at simulation time 11.602,400,000 s)
2024-06-04 00:13:02,287 INFO  - Atempting to process queue (at simulation time 11.700,000,000 s)
2024-06-04 00:13:02,287 INFO  - Vehicle is inside the detection area. (at simulation time 11.700,000,000 s)
2024-06-04 00:13:02,287 INFO  - Sent Detection message to rsu_0 (at simulation time 11.700,000,000 s)
2024-06-04 00:13:02,287 INFO  - Sent broadcast CAM message to all vehicles (at simulation time 11.700,000,000 s)
2024-06-04 00:13:02,288 INFO  - Received Detection message from veh_5 to veh_4 (at simulation time 11.700,900,000 s)
2024-06-04 00:13:02,288 INFO  - Forwarded Detection message to rsu_0 (at simulation time 11.700,900,000 s)
2024-06-04 00:13:02,288 INFO  - Received CAM message from veh_5 (at simulation time 11.700,900,000 s)
2024-06-04 00:13:02,289 INFO  - Received CAM message from veh_1 (at simulation time 11.701,900,000 s)
2024-06-04 00:13:02,289 INFO  - Received CAM message from veh_0 (at simulation time 11.701,900,000 s)
2024-06-04 00:13:02,289 INFO  - Received CAM message from veh_2 (at simulation time 11.701,900,000 s)
2024-06-04 00:13:02,290 INFO  - Atempting to process queue (at simulation time 11.800,000,000 s)
2024-06-04 00:13:02,290 INFO  - Vehicle is inside the detection area. (at simulation time 11.800,000,000 s)
2024-06-04 00:13:02,290 INFO  - Sent Detection message to rsu_0 (at simulation time 11.800,000,000 s)
2024-06-04 00:13:02,290 INFO  - Sent broadcast CAM message to all vehicles (at simulation time 11.800,000,000 s)
2024-06-04 00:13:02,291 INFO  - Received CAM message from veh_1 (at simulation time 11.800,400,000 s)
2024-06-04 00:13:02,291 INFO  - Received CAM message from veh_5 (at simulation time 11.800,900,000 s)
2024-06-04 00:13:02,291 INFO  - Received Detection message from veh_5 to veh_4 (at simulation time 11.801,400,000 s)
2024-06-04 00:13:02,291 INFO  - Forwarded Detection message to rsu_0 (at simulation time 11.801,400,000 s)
2024-06-04 00:13:02,291 INFO  - Received CAM message from veh_0 (at simulation time 11.802,400,000 s)
2024-06-04 00:13:02,291 INFO  - Received CAM message from veh_2 (at simulation time 11.802,400,000 s)
2024-06-04 00:13:02,292 INFO  - Atempting to process queue (at simulation time 11.900,000,000 s)
2024-06-04 00:13:02,292 INFO  - Vehicle is inside the detection area. (at simulation time 11.900,000,000 s)
2024-06-04 00:13:02,292 INFO  - Sent Detection message to rsu_0 (at simulation time 11.900,000,000 s)
2024-06-04 00:13:02,292 INFO  - Sent broadcast CAM message to all vehicles (at simulation time 11.900,000,000 s)
2024-06-04 00:13:02,292 INFO  - Received CAM message from veh_1 (at simulation time 11.900,400,000 s)
2024-06-04 00:13:02,292 INFO  - Received CAM message from veh_2 (at simulation time 11.900,400,000 s)
2024-06-04 00:13:02,293 INFO  - Received Detection message from veh_5 to veh_4 (at simulation time 11.900,900,000 s)
2024-06-04 00:13:02,293 INFO  - Forwarded Detection message to rsu_0 (at simulation time 11.900,900,000 s)
2024-06-04 00:13:02,293 INFO  - Received CAM message from veh_5 (at simulation time 11.900,900,000 s)
2024-06-04 00:13:02,293 INFO  - Received CAM message from veh_0 (at simulation time 11.901,400,000 s)
2024-06-04 00:13:02,298 INFO  - Atempting to process queue (at simulation time 12.000,000,000 s)
2024-06-04 00:13:02,298 INFO  - Vehicle is inside the detection area. (at simulation time 12.000,000,000 s)
2024-06-04 00:13:02,298 INFO  - Sent Detection message to rsu_0 (at simulation time 12.000,000,000 s)
2024-06-04 00:13:02,298 INFO  - Sent broadcast CAM message to all vehicles (at simulation time 12.000,000,000 s)
2024-06-04 00:13:02,298 INFO  - Received CAM message from veh_5 (at simulation time 12.000,400,000 s)
2024-06-04 00:13:02,298 INFO  - Received CAM message from veh_0 (at simulation time 12.000,400,000 s)
2024-06-04 00:13:02,299 INFO  - Received Detection message from veh_5 to veh_4 (at simulation time 12.000,900,000 s)
2024-06-04 00:13:02,299 INFO  - Forwarded Detection message to rsu_0 (at simulation time 12.000,900,000 s)
2024-06-04 00:13:02,299 INFO  - Received CAM message from veh_6 (at simulation time 12.000,900,000 s)
2024-06-04 00:13:02,299 INFO  - Received CAM message from veh_1 (at simulation time 12.001,900,000 s)
2024-06-04 00:13:02,299 INFO  - Received CAM message from veh_2 (at simulation time 12.001,900,000 s)
2024-06-04 00:13:02,299 INFO  - Atempting to process queue (at simulation time 12.100,000,000 s)
2024-06-04 00:13:02,299 INFO  - Vehicle is inside the detection area. (at simulation time 12.100,000,000 s)
2024-06-04 00:13:02,299 INFO  - Sent Detection message to rsu_0 (at simulation time 12.100,000,000 s)
2024-06-04 00:13:02,299 INFO  - Sent broadcast CAM message to all vehicles (at simulation time 12.100,000,000 s)
2024-06-04 00:13:02,300 INFO  - Received CAM message from veh_0 (at simulation time 12.100,400,000 s)
2024-06-04 00:13:02,300 INFO  - Received CAM message from veh_1 (at simulation time 12.100,900,000 s)
2024-06-04 00:13:02,300 INFO  - Received Detection message from veh_5 to veh_4 (at simulation time 12.101,400,000 s)
2024-06-04 00:13:02,300 INFO  - Forwarded Detection message to rsu_0 (at simulation time 12.101,400,000 s)
2024-06-04 00:13:02,300 INFO  - Received CAM message from veh_5 (at simulation time 12.101,400,000 s)
2024-06-04 00:13:02,300 INFO  - Received CAM message from veh_2 (at simulation time 12.101,900,000 s)
2024-06-04 00:13:02,300 INFO  - Received CAM message from veh_6 (at simulation time 12.102,400,000 s)
2024-06-04 00:13:02,301 INFO  - Atempting to process queue (at simulation time 12.200,000,000 s)
2024-06-04 00:13:02,301 INFO  - Vehicle is inside the detection area. (at simulation time 12.200,000,000 s)
2024-06-04 00:13:02,301 INFO  - Sent Detection message to rsu_0 (at simulation time 12.200,000,000 s)
2024-06-04 00:13:02,301 INFO  - Sent broadcast CAM message to all vehicles (at simulation time 12.200,000,000 s)
2024-06-04 00:13:02,301 INFO  - Received CAM message from veh_2 (at simulation time 12.200,400,000 s)
2024-06-04 00:13:02,301 INFO  - Received Detection message from veh_5 to veh_4 (at simulation time 12.201,900,000 s)
2024-06-04 00:13:02,301 INFO  - Forwarded Detection message to rsu_0 (at simulation time 12.201,900,000 s)
2024-06-04 00:13:02,301 INFO  - Received CAM message from veh_1 (at simulation time 12.201,900,000 s)
2024-06-04 00:13:02,301 INFO  - Received CAM message from veh_0 (at simulation time 12.201,900,000 s)
2024-06-04 00:13:02,301 INFO  - Received CAM message from veh_5 (at simulation time 12.202,400,000 s)
2024-06-04 00:13:02,302 INFO  - Received CAM message from veh_6 (at simulation time 12.202,400,000 s)
2024-06-04 00:13:02,302 INFO  - Atempting to process queue (at simulation time 12.300,000,000 s)
2024-06-04 00:13:02,302 INFO  - Vehicle is inside the detection area. (at simulation time 12.300,000,000 s)
2024-06-04 00:13:02,302 INFO  - Sent Detection message to rsu_0 (at simulation time 12.300,000,000 s)
2024-06-04 00:13:02,302 INFO  - Sent broadcast CAM message to all vehicles (at simulation time 12.300,000,000 s)
2024-06-04 00:13:02,302 INFO  - Received CAM message from veh_1 (at simulation time 12.300,900,000 s)
2024-06-04 00:13:02,302 INFO  - Received CAM message from veh_0 (at simulation time 12.300,900,000 s)
2024-06-04 00:13:02,302 INFO  - Received Detection message from veh_5 to veh_4 (at simulation time 12.301,400,000 s)
2024-06-04 00:13:02,302 INFO  - Forwarded Detection message to rsu_0 (at simulation time 12.301,400,000 s)
2024-06-04 00:13:02,302 INFO  - Received CAM message from veh_5 (at simulation time 12.301,400,000 s)
2024-06-04 00:13:02,302 INFO  - Received CAM message from veh_6 (at simulation time 12.301,900,000 s)
2024-06-04 00:13:02,302 INFO  - Received CAM message from veh_2 (at simulation time 12.301,900,000 s)
2024-06-04 00:13:02,303 INFO  - Atempting to process queue (at simulation time 12.400,000,000 s)
2024-06-04 00:13:02,303 INFO  - Vehicle is inside the detection area. (at simulation time 12.400,000,000 s)
2024-06-04 00:13:02,303 INFO  - Sent Detection message to rsu_0 (at simulation time 12.400,000,000 s)
2024-06-04 00:13:02,303 INFO  - Sent broadcast CAM message to all vehicles (at simulation time 12.400,000,000 s)
2024-06-04 00:13:02,304 INFO  - Received CAM message from veh_0 (at simulation time 12.400,400,000 s)
2024-06-04 00:13:02,304 INFO  - Received CAM message from veh_2 (at simulation time 12.400,400,000 s)
2024-06-04 00:13:02,304 INFO  - Received CAM message from veh_5 (at simulation time 12.401,400,000 s)
2024-06-04 00:13:02,304 INFO  - Received CAM message from veh_6 (at simulation time 12.401,900,000 s)
2024-06-04 00:13:02,304 INFO  - Received CAM message from veh_1 (at simulation time 12.401,900,000 s)
2024-06-04 00:13:02,304 INFO  - Received Detection message from veh_5 to veh_4 (at simulation time 12.402,400,000 s)
2024-06-04 00:13:02,304 INFO  - Forwarded Detection message to rsu_0 (at simulation time 12.402,400,000 s)
2024-06-04 00:13:02,304 INFO  - Atempting to process queue (at simulation time 12.500,000,000 s)
2024-06-04 00:13:02,304 INFO  - Vehicle is inside the detection area. (at simulation time 12.500,000,000 s)
2024-06-04 00:13:02,304 INFO  - Sent Detection message to rsu_0 (at simulation time 12.500,000,000 s)
2024-06-04 00:13:02,304 INFO  - Sent broadcast CAM message to all vehicles (at simulation time 12.500,000,000 s)
2024-06-04 00:13:02,305 INFO  - Received Detection message from veh_5 to veh_4 (at simulation time 12.500,400,000 s)
2024-06-04 00:13:02,305 INFO  - Forwarded Detection message to rsu_0 (at simulation time 12.500,400,000 s)
2024-06-04 00:13:02,305 INFO  - Received CAM message from veh_2 (at simulation time 12.500,400,000 s)
2024-06-04 00:13:02,305 INFO  - Received CAM message from veh_6 (at simulation time 12.501,900,000 s)
2024-06-04 00:13:02,305 INFO  - Received CAM message from veh_1 (at simulation time 12.501,900,000 s)
2024-06-04 00:13:02,305 INFO  - Received CAM message from veh_5 (at simulation time 12.502,400,000 s)
2024-06-04 00:13:02,305 INFO  - Received CAM message from veh_0 (at simulation time 12.502,400,000 s)
2024-06-04 00:13:02,305 INFO  - Atempting to process queue (at simulation time 12.600,000,000 s)
2024-06-04 00:13:02,305 INFO  - Vehicle is inside the detection area. (at simulation time 12.600,000,000 s)
2024-06-04 00:13:02,305 INFO  - Sent Detection message to rsu_0 (at simulation time 12.600,000,000 s)
2024-06-04 00:13:02,305 INFO  - Sent broadcast CAM message to all vehicles (at simulation time 12.600,000,000 s)
2024-06-04 00:13:02,306 INFO  - Received Detection message from veh_5 to veh_4 (at simulation time 12.600,400,000 s)
2024-06-04 00:13:02,306 INFO  - Forwarded Detection message to rsu_0 (at simulation time 12.600,400,000 s)
2024-06-04 00:13:02,306 INFO  - Received CAM message from veh_5 (at simulation time 12.600,900,000 s)
2024-06-04 00:13:02,306 INFO  - Received CAM message from veh_0 (at simulation time 12.600,900,000 s)
2024-06-04 00:13:02,306 INFO  - Received CAM message from veh_1 (at simulation time 12.601,400,000 s)
2024-06-04 00:13:02,306 INFO  - Received CAM message from veh_2 (at simulation time 12.601,400,000 s)
2024-06-04 00:13:02,306 INFO  - Received CAM message from veh_6 (at simulation time 12.602,400,000 s)
2024-06-04 00:13:02,306 INFO  - Atempting to process queue (at simulation time 12.700,000,000 s)
2024-06-04 00:13:02,306 INFO  - Vehicle is inside the detection area. (at simulation time 12.700,000,000 s)
2024-06-04 00:13:02,306 INFO  - Sent Detection message to rsu_0 (at simulation time 12.700,000,000 s)
2024-06-04 00:13:02,306 INFO  - Sent broadcast CAM message to all vehicles (at simulation time 12.700,000,000 s)
2024-06-04 00:13:02,307 INFO  - Received CAM message from veh_1 (at simulation time 12.700,400,000 s)
2024-06-04 00:13:02,307 INFO  - Received Detection message from veh_5 to veh_4 (at simulation time 12.701,400,000 s)
2024-06-04 00:13:02,307 INFO  - Forwarded Detection message to rsu_0 (at simulation time 12.701,400,000 s)
2024-06-04 00:13:02,307 INFO  - Received CAM message from veh_6 (at simulation time 12.701,900,000 s)
2024-06-04 00:13:02,307 INFO  - Received CAM message from veh_0 (at simulation time 12.701,900,000 s)
2024-06-04 00:13:02,307 INFO  - Received CAM message from veh_5 (at simulation time 12.702,400,000 s)
2024-06-04 00:13:02,307 INFO  - Received CAM message from veh_2 (at simulation time 12.702,400,000 s)
2024-06-04 00:13:02,308 INFO  - Atempting to process queue (at simulation time 12.800,000,000 s)
2024-06-04 00:13:02,308 INFO  - Vehicle is inside the detection area. (at simulation time 12.800,000,000 s)
2024-06-04 00:13:02,308 INFO  - Sent Detection message to rsu_0 (at simulation time 12.800,000,000 s)
2024-06-04 00:13:02,308 INFO  - Sent broadcast CAM message to all vehicles (at simulation time 12.800,000,000 s)
2024-06-04 00:13:02,308 INFO  - Received CAM message from veh_5 (at simulation time 12.800,400,000 s)
2024-06-04 00:13:02,308 INFO  - Received Detection message from veh_5 to veh_4 (at simulation time 12.800,900,000 s)
2024-06-04 00:13:02,308 INFO  - Forwarded Detection message to rsu_0 (at simulation time 12.800,900,000 s)
2024-06-04 00:13:02,308 INFO  - Received CAM message from veh_6 (at simulation time 12.800,900,000 s)
2024-06-04 00:13:02,308 INFO  - Received CAM message from veh_1 (at simulation time 12.800,900,000 s)
2024-06-04 00:13:02,308 INFO  - Received CAM message from veh_0 (at simulation time 12.801,400,000 s)
2024-06-04 00:13:02,309 INFO  - Received CAM message from veh_2 (at simulation time 12.801,900,000 s)
2024-06-04 00:13:02,309 INFO  - Atempting to process queue (at simulation time 12.900,000,000 s)
2024-06-04 00:13:02,309 INFO  - Vehicle is inside the detection area. (at simulation time 12.900,000,000 s)
2024-06-04 00:13:02,309 INFO  - Sent Detection message to rsu_0 (at simulation time 12.900,000,000 s)
2024-06-04 00:13:02,309 INFO  - Sent broadcast CAM message to all vehicles (at simulation time 12.900,000,000 s)
2024-06-04 00:13:02,309 INFO  - Received CAM message from veh_1 (at simulation time 12.900,400,000 s)
2024-06-04 00:13:02,309 INFO  - Received Detection message from veh_5 to veh_4 (at simulation time 12.901,400,000 s)
2024-06-04 00:13:02,309 INFO  - Forwarded Detection message to rsu_0 (at simulation time 12.901,400,000 s)
2024-06-04 00:13:02,309 INFO  - Received CAM message from veh_5 (at simulation time 12.901,900,000 s)
2024-06-04 00:13:02,309 INFO  - Received CAM message from veh_6 (at simulation time 12.901,900,000 s)
2024-06-04 00:13:02,309 INFO  - Received CAM message from veh_2 (at simulation time 12.901,900,000 s)
2024-06-04 00:13:02,309 INFO  - Received CAM message from veh_0 (at simulation time 12.902,400,000 s)
2024-06-04 00:13:02,318 INFO  - Atempting to process queue (at simulation time 13.000,000,000 s)
2024-06-04 00:13:02,318 INFO  - Vehicle is outside the detection area. (at simulation time 13.000,000,000 s)
2024-06-04 00:13:02,318 INFO  - Sent broadcast CAM message to all vehicles (at simulation time 13.000,000,000 s)
2024-06-04 00:13:02,319 INFO  - Received CAM message from veh_5 (at simulation time 13.000,400,000 s)
2024-06-04 00:13:02,319 INFO  - Received CAM message from veh_6 (at simulation time 13.000,400,000 s)
2024-06-04 00:13:02,319 INFO  - Received CAM message from veh_2 (at simulation time 13.002,400,000 s)
2024-06-04 00:13:02,320 INFO  - Atempting to process queue (at simulation time 13.100,000,000 s)
2024-06-04 00:13:02,320 INFO  - Vehicle is outside the detection area. (at simulation time 13.100,000,000 s)
2024-06-04 00:13:02,320 INFO  - Sent broadcast CAM message to all vehicles (at simulation time 13.100,000,000 s)
2024-06-04 00:13:02,320 INFO  - Received CAM message from veh_5 (at simulation time 13.101,400,000 s)
2024-06-04 00:13:02,321 INFO  - Received CAM message from veh_6 (at simulation time 13.102,400,000 s)
2024-06-04 00:13:02,321 INFO  - Received CAM message from veh_2 (at simulation time 13.102,400,000 s)
2024-06-04 00:13:02,321 INFO  - Atempting to process queue (at simulation time 13.200,000,000 s)
2024-06-04 00:13:02,321 INFO  - Vehicle is outside the detection area. (at simulation time 13.200,000,000 s)
2024-06-04 00:13:02,321 INFO  - Sent broadcast CAM message to all vehicles (at simulation time 13.200,000,000 s)
2024-06-04 00:13:02,322 INFO  - Received CAM message from veh_5 (at simulation time 13.200,400,000 s)
2024-06-04 00:13:02,322 INFO  - Received CAM message from veh_6 (at simulation time 13.200,900,000 s)
2024-06-04 00:13:02,322 INFO  - Received CAM message from veh_2 (at simulation time 13.202,400,000 s)
2024-06-04 00:13:02,322 INFO  - Atempting to process queue (at simulation time 13.300,000,000 s)
2024-06-04 00:13:02,322 INFO  - Vehicle is outside the detection area. (at simulation time 13.300,000,000 s)
2024-06-04 00:13:02,322 INFO  - Sent broadcast CAM message to all vehicles (at simulation time 13.300,000,000 s)
2024-06-04 00:13:02,323 INFO  - Received CAM message from veh_5 (at simulation time 13.300,400,000 s)
2024-06-04 00:13:02,323 INFO  - Received CAM message from veh_2 (at simulation time 13.300,400,000 s)
2024-06-04 00:13:02,323 INFO  - Received CAM message from veh_6 (at simulation time 13.300,900,000 s)
2024-06-04 00:13:02,324 INFO  - Atempting to process queue (at simulation time 13.400,000,000 s)
2024-06-04 00:13:02,324 INFO  - Vehicle is outside the detection area. (at simulation time 13.400,000,000 s)
2024-06-04 00:13:02,324 INFO  - Sent broadcast CAM message to all vehicles (at simulation time 13.400,000,000 s)
2024-06-04 00:13:02,325 INFO  - Received CAM message from veh_6 (at simulation time 13.401,900,000 s)
2024-06-04 00:13:02,325 INFO  - Received CAM message from veh_5 (at simulation time 13.402,400,000 s)
2024-06-04 00:13:02,325 INFO  - Received CAM message from veh_2 (at simulation time 13.402,400,000 s)
2024-06-04 00:13:02,325 INFO  - Atempting to process queue (at simulation time 13.500,000,000 s)
2024-06-04 00:13:02,325 INFO  - Vehicle is outside the detection area. (at simulation time 13.500,000,000 s)
2024-06-04 00:13:02,325 INFO  - Sent broadcast CAM message to all vehicles (at simulation time 13.500,000,000 s)
2024-06-04 00:13:02,326 INFO  - Received CAM message from veh_5 (at simulation time 13.500,400,000 s)
2024-06-04 00:13:02,326 INFO  - Received CAM message from veh_2 (at simulation time 13.501,400,000 s)
2024-06-04 00:13:02,326 INFO  - Received CAM message from veh_6 (at simulation time 13.501,900,000 s)
2024-06-04 00:13:02,327 INFO  - Atempting to process queue (at simulation time 13.600,000,000 s)
2024-06-04 00:13:02,327 INFO  - Vehicle is outside the detection area. (at simulation time 13.600,000,000 s)
2024-06-04 00:13:02,327 INFO  - Sent broadcast CAM message to all vehicles (at simulation time 13.600,000,000 s)
2024-06-04 00:13:02,328 INFO  - Received CAM message from veh_5 (at simulation time 13.600,900,000 s)
2024-06-04 00:13:02,328 INFO  - Received CAM message from veh_6 (at simulation time 13.601,900,000 s)
2024-06-04 00:13:02,328 INFO  - Received CAM message from veh_2 (at simulation time 13.602,400,000 s)
2024-06-04 00:13:02,328 INFO  - Atempting to process queue (at simulation time 13.700,000,000 s)
2024-06-04 00:13:02,328 INFO  - Vehicle is outside the detection area. (at simulation time 13.700,000,000 s)
2024-06-04 00:13:02,328 INFO  - Sent broadcast CAM message to all vehicles (at simulation time 13.700,000,000 s)
2024-06-04 00:13:02,329 INFO  - Received CAM message from veh_2 (at simulation time 13.700,400,000 s)
2024-06-04 00:13:02,329 INFO  - Received CAM message from veh_5 (at simulation time 13.701,400,000 s)
2024-06-04 00:13:02,329 INFO  - Received CAM message from veh_6 (at simulation time 13.702,400,000 s)
2024-06-04 00:13:02,329 INFO  - Atempting to process queue (at simulation time 13.800,000,000 s)
2024-06-04 00:13:02,329 INFO  - Vehicle is outside the detection area. (at simulation time 13.800,000,000 s)
2024-06-04 00:13:02,329 INFO  - Sent broadcast CAM message to all vehicles (at simulation time 13.800,000,000 s)
2024-06-04 00:13:02,330 INFO  - Received CAM message from veh_5 (at simulation time 13.800,400,000 s)
2024-06-04 00:13:02,330 INFO  - Received CAM message from veh_6 (at simulation time 13.801,900,000 s)
2024-06-04 00:13:02,330 INFO  - Received CAM message from veh_2 (at simulation time 13.802,400,000 s)
2024-06-04 00:13:02,330 INFO  - Atempting to process queue (at simulation time 13.900,000,000 s)
2024-06-04 00:13:02,330 INFO  - Vehicle is outside the detection area. (at simulation time 13.900,000,000 s)
2024-06-04 00:13:02,330 INFO  - Sent broadcast CAM message to all vehicles (at simulation time 13.900,000,000 s)
2024-06-04 00:13:02,331 INFO  - Received CAM message from veh_5 (at simulation time 13.901,900,000 s)
2024-06-04 00:13:02,331 INFO  - Received CAM message from veh_6 (at simulation time 13.901,900,000 s)
2024-06-04 00:13:02,331 INFO  - Received CAM message from veh_2 (at simulation time 13.902,400,000 s)
2024-06-04 00:13:02,337 INFO  - Atempting to process queue (at simulation time 14.000,000,000 s)
2024-06-04 00:13:02,337 INFO  - Vehicle is outside the detection area. (at simulation time 14.000,000,000 s)
2024-06-04 00:13:02,337 INFO  - Sent broadcast CAM message to all vehicles (at simulation time 14.000,000,000 s)
2024-06-04 00:13:02,338 INFO  - Received CAM message from veh_5 (at simulation time 14.000,900,000 s)
2024-06-04 00:13:02,339 INFO  - Received CAM message from veh_2 (at simulation time 14.001,900,000 s)
2024-06-04 00:13:02,339 INFO  - Received CAM message from veh_6 (at simulation time 14.002,400,000 s)
2024-06-04 00:13:02,339 INFO  - Atempting to process queue (at simulation time 14.100,000,000 s)
2024-06-04 00:13:02,339 INFO  - Vehicle is outside the detection area. (at simulation time 14.100,000,000 s)
2024-06-04 00:13:02,339 INFO  - Sent broadcast CAM message to all vehicles (at simulation time 14.100,000,000 s)
2024-06-04 00:13:02,340 INFO  - Received CAM message from veh_2 (at simulation time 14.101,400,000 s)
2024-06-04 00:13:02,340 INFO  - Received CAM message from veh_5 (at simulation time 14.102,400,000 s)
2024-06-04 00:13:02,340 INFO  - Received CAM message from veh_6 (at simulation time 14.102,400,000 s)
2024-06-04 00:13:02,340 INFO  - Atempting to process queue (at simulation time 14.200,000,000 s)
2024-06-04 00:13:02,340 INFO  - Vehicle is outside the detection area. (at simulation time 14.200,000,000 s)
2024-06-04 00:13:02,340 INFO  - Sent broadcast CAM message to all vehicles (at simulation time 14.200,000,000 s)
2024-06-04 00:13:02,341 INFO  - Received CAM message from veh_2 (at simulation time 14.200,400,000 s)
2024-06-04 00:13:02,341 INFO  - Received CAM message from veh_6 (at simulation time 14.200,900,000 s)
2024-06-04 00:13:02,341 INFO  - Received CAM message from veh_5 (at simulation time 14.201,400,000 s)
2024-06-04 00:13:02,341 INFO  - Atempting to process queue (at simulation time 14.300,000,000 s)
2024-06-04 00:13:02,341 INFO  - Vehicle is outside the detection area. (at simulation time 14.300,000,000 s)
2024-06-04 00:13:02,341 INFO  - Sent broadcast CAM message to all vehicles (at simulation time 14.300,000,000 s)
2024-06-04 00:13:02,342 INFO  - Received CAM message from veh_2 (at simulation time 14.300,900,000 s)
2024-06-04 00:13:02,342 INFO  - Received CAM message from veh_5 (at simulation time 14.301,400,000 s)
2024-06-04 00:13:02,342 INFO  - Received CAM message from veh_6 (at simulation time 14.301,900,000 s)
2024-06-04 00:13:02,343 INFO  - Atempting to process queue (at simulation time 14.400,000,000 s)
2024-06-04 00:13:02,343 INFO  - Vehicle is outside the detection area. (at simulation time 14.400,000,000 s)
2024-06-04 00:13:02,343 INFO  - Sent broadcast CAM message to all vehicles (at simulation time 14.400,000,000 s)
2024-06-04 00:13:02,343 INFO  - Received CAM message from veh_6 (at simulation time 14.401,400,000 s)
2024-06-04 00:13:02,344 INFO  - Received CAM message from veh_2 (at simulation time 14.401,400,000 s)
2024-06-04 00:13:02,344 INFO  - Received CAM message from veh_5 (at simulation time 14.401,900,000 s)
2024-06-04 00:13:02,344 INFO  - Atempting to process queue (at simulation time 14.500,000,000 s)
2024-06-04 00:13:02,344 INFO  - Vehicle is outside the detection area. (at simulation time 14.500,000,000 s)
2024-06-04 00:13:02,344 INFO  - Sent broadcast CAM message to all vehicles (at simulation time 14.500,000,000 s)
2024-06-04 00:13:02,345 INFO  - Received CAM message from veh_5 (at simulation time 14.500,900,000 s)
2024-06-04 00:13:02,345 INFO  - Received CAM message from veh_2 (at simulation time 14.500,900,000 s)
2024-06-04 00:13:02,345 INFO  - Received CAM message from veh_6 (at simulation time 14.502,400,000 s)
2024-06-04 00:13:02,345 INFO  - Atempting to process queue (at simulation time 14.600,000,000 s)
2024-06-04 00:13:02,345 INFO  - Vehicle is outside the detection area. (at simulation time 14.600,000,000 s)
2024-06-04 00:13:02,345 INFO  - Sent broadcast CAM message to all vehicles (at simulation time 14.600,000,000 s)
2024-06-04 00:13:02,346 INFO  - Received CAM message from veh_5 (at simulation time 14.600,900,000 s)
2024-06-04 00:13:02,346 INFO  - Received CAM message from veh_2 (at simulation time 14.600,900,000 s)
2024-06-04 00:13:02,346 INFO  - Received CAM message from veh_6 (at simulation time 14.602,400,000 s)
2024-06-04 00:13:02,346 INFO  - Atempting to process queue (at simulation time 14.700,000,000 s)
2024-06-04 00:13:02,346 INFO  - Vehicle is outside the detection area. (at simulation time 14.700,000,000 s)
2024-06-04 00:13:02,346 INFO  - Sent broadcast CAM message to all vehicles (at simulation time 14.700,000,000 s)
2024-06-04 00:13:02,347 INFO  - Received CAM message from veh_5 (at simulation time 14.700,400,000 s)
2024-06-04 00:13:02,347 INFO  - Received CAM message from veh_2 (at simulation time 14.701,900,000 s)
2024-06-04 00:13:02,348 INFO  - Received CAM message from veh_6 (at simulation time 14.702,400,000 s)
2024-06-04 00:13:02,348 INFO  - Atempting to process queue (at simulation time 14.800,000,000 s)
2024-06-04 00:13:02,348 INFO  - Vehicle is outside the detection area. (at simulation time 14.800,000,000 s)
2024-06-04 00:13:02,348 INFO  - Sent broadcast CAM message to all vehicles (at simulation time 14.800,000,000 s)
2024-06-04 00:13:02,349 INFO  - Received CAM message from veh_5 (at simulation time 14.801,400,000 s)
2024-06-04 00:13:02,349 INFO  - Received CAM message from veh_6 (at simulation time 14.801,400,000 s)
2024-06-04 00:13:02,349 INFO  - Received CAM message from veh_2 (at simulation time 14.801,900,000 s)
2024-06-04 00:13:02,349 INFO  - Atempting to process queue (at simulation time 14.900,000,000 s)
2024-06-04 00:13:02,349 INFO  - Vehicle is outside the detection area. (at simulation time 14.900,000,000 s)
2024-06-04 00:13:02,349 INFO  - Sent broadcast CAM message to all vehicles (at simulation time 14.900,000,000 s)
2024-06-04 00:13:02,350 INFO  - Received CAM message from veh_6 (at simulation time 14.900,400,000 s)
2024-06-04 00:13:02,350 INFO  - Received CAM message from veh_5 (at simulation time 14.901,900,000 s)
2024-06-04 00:13:02,350 INFO  - Received CAM message from veh_2 (at simulation time 14.902,400,000 s)
2024-06-04 00:13:02,362 INFO  - Atempting to process queue (at simulation time 15.000,000,000 s)
2024-06-04 00:13:02,362 INFO  - Vehicle is outside the detection area. (at simulation time 15.000,000,000 s)
2024-06-04 00:13:02,362 INFO  - Sent broadcast CAM message to all vehicles (at simulation time 15.000,000,000 s)
2024-06-04 00:13:02,363 INFO  - Received CAM message from veh_2 (at simulation time 15.000,400,000 s)
2024-06-04 00:13:02,363 INFO  - Received CAM message from veh_6 (at simulation time 15.000,900,000 s)
2024-06-04 00:13:02,363 INFO  - Received CAM message from veh_5 (at simulation time 15.001,400,000 s)
2024-06-04 00:13:02,368 INFO  - Atempting to process queue (at simulation time 15.100,000,000 s)
2024-06-04 00:13:02,368 INFO  - Vehicle is outside the detection area. (at simulation time 15.100,000,000 s)
2024-06-04 00:13:02,368 INFO  - Sent broadcast CAM message to all vehicles (at simulation time 15.100,000,000 s)
2024-06-04 00:13:02,369 INFO  - Received CAM message from veh_2 (at simulation time 15.100,400,000 s)
2024-06-04 00:13:02,369 INFO  - Received CAM message from veh_5 (at simulation time 15.100,900,000 s)
2024-06-04 00:13:02,370 INFO  - Received CAM message from veh_6 (at simulation time 15.101,400,000 s)
2024-06-04 00:13:02,370 INFO  - Atempting to process queue (at simulation time 15.200,000,000 s)
2024-06-04 00:13:02,370 INFO  - Vehicle is outside the detection area. (at simulation time 15.200,000,000 s)
2024-06-04 00:13:02,370 INFO  - Sent broadcast CAM message to all vehicles (at simulation time 15.200,000,000 s)
2024-06-04 00:13:02,371 INFO  - Received CAM message from veh_2 (at simulation time 15.200,900,000 s)
2024-06-04 00:13:02,372 INFO  - Received CAM message from veh_5 (at simulation time 15.201,900,000 s)
2024-06-04 00:13:02,372 INFO  - Received CAM message from veh_6 (at simulation time 15.202,400,000 s)
2024-06-04 00:13:02,372 INFO  - Atempting to process queue (at simulation time 15.300,000,000 s)
2024-06-04 00:13:02,372 INFO  - Vehicle is outside the detection area. (at simulation time 15.300,000,000 s)
2024-06-04 00:13:02,372 INFO  - Sent broadcast CAM message to all vehicles (at simulation time 15.300,000,000 s)
2024-06-04 00:13:02,378 INFO  - Received CAM message from veh_6 (at simulation time 15.300,400,000 s)
2024-06-04 00:13:02,378 INFO  - Received CAM message from veh_5 (at simulation time 15.300,900,000 s)
2024-06-04 00:13:02,378 INFO  - Received CAM message from veh_2 (at simulation time 15.302,400,000 s)
2024-06-04 00:13:02,379 INFO  - Atempting to process queue (at simulation time 15.400,000,000 s)
2024-06-04 00:13:02,379 INFO  - Vehicle is outside the detection area. (at simulation time 15.400,000,000 s)
2024-06-04 00:13:02,379 INFO  - Sent broadcast CAM message to all vehicles (at simulation time 15.400,000,000 s)
2024-06-04 00:13:02,380 INFO  - Received CAM message from veh_2 (at simulation time 15.400,900,000 s)
2024-06-04 00:13:02,381 INFO  - Received CAM message from veh_5 (at simulation time 15.401,400,000 s)
2024-06-04 00:13:02,381 INFO  - Received CAM message from veh_6 (at simulation time 15.402,400,000 s)
2024-06-04 00:13:02,381 INFO  - Atempting to process queue (at simulation time 15.500,000,000 s)
2024-06-04 00:13:02,381 INFO  - Vehicle is outside the detection area. (at simulation time 15.500,000,000 s)
2024-06-04 00:13:02,381 INFO  - Sent broadcast CAM message to all vehicles (at simulation time 15.500,000,000 s)
2024-06-04 00:13:02,382 INFO  - Received CAM message from veh_5 (at simulation time 15.500,400,000 s)
2024-06-04 00:13:02,382 INFO  - Received CAM message from veh_6 (at simulation time 15.501,400,000 s)
2024-06-04 00:13:02,382 INFO  - Received CAM message from veh_2 (at simulation time 15.501,400,000 s)
2024-06-04 00:13:02,383 INFO  - Atempting to process queue (at simulation time 15.600,000,000 s)
2024-06-04 00:13:02,383 INFO  - Vehicle is outside the detection area. (at simulation time 15.600,000,000 s)
2024-06-04 00:13:02,383 INFO  - Sent broadcast CAM message to all vehicles (at simulation time 15.600,000,000 s)
2024-06-04 00:13:02,385 INFO  - Received CAM message from veh_2 (at simulation time 15.600,400,000 s)
2024-06-04 00:13:02,385 INFO  - Received CAM message from veh_5 (at simulation time 15.600,900,000 s)
2024-06-04 00:13:02,385 INFO  - Received CAM message from veh_6 (at simulation time 15.602,400,000 s)
2024-06-04 00:13:02,386 INFO  - Atempting to process queue (at simulation time 15.700,000,000 s)
2024-06-04 00:13:02,386 INFO  - Vehicle is outside the detection area. (at simulation time 15.700,000,000 s)
2024-06-04 00:13:02,386 INFO  - Sent broadcast CAM message to all vehicles (at simulation time 15.700,000,000 s)
2024-06-04 00:13:02,387 INFO  - Received CAM message from veh_5 (at simulation time 15.700,400,000 s)
2024-06-04 00:13:02,387 INFO  - Received CAM message from veh_2 (at simulation time 15.700,400,000 s)
2024-06-04 00:13:02,387 INFO  - Received CAM message from veh_6 (at simulation time 15.702,400,000 s)
2024-06-04 00:13:02,389 INFO  - Atempting to process queue (at simulation time 15.800,000,000 s)
2024-06-04 00:13:02,389 INFO  - Vehicle is outside the detection area. (at simulation time 15.800,000,000 s)
2024-06-04 00:13:02,389 INFO  - Sent broadcast CAM message to all vehicles (at simulation time 15.800,000,000 s)
2024-06-04 00:13:02,390 INFO  - Received CAM message from veh_5 (at simulation time 15.800,400,000 s)
2024-06-04 00:13:02,390 INFO  - Received CAM message from veh_2 (at simulation time 15.800,900,000 s)
2024-06-04 00:13:02,390 INFO  - Received CAM message from veh_6 (at simulation time 15.801,900,000 s)
2024-06-04 00:13:02,391 INFO  - Atempting to process queue (at simulation time 15.900,000,000 s)
2024-06-04 00:13:02,391 INFO  - Vehicle is outside the detection area. (at simulation time 15.900,000,000 s)
2024-06-04 00:13:02,391 INFO  - Sent broadcast CAM message to all vehicles (at simulation time 15.900,000,000 s)
2024-06-04 00:13:02,392 INFO  - Received CAM message from veh_5 (at simulation time 15.900,400,000 s)
2024-06-04 00:13:02,392 INFO  - Received CAM message from veh_2 (at simulation time 15.900,400,000 s)
2024-06-04 00:13:02,393 INFO  - Received CAM message from veh_6 (at simulation time 15.901,400,000 s)
2024-06-04 00:13:02,399 INFO  - Atempting to process queue (at simulation time 16.000,000,000 s)
2024-06-04 00:13:02,399 INFO  - Vehicle is outside the detection area. (at simulation time 16.000,000,000 s)
2024-06-04 00:13:02,399 INFO  - Sent broadcast CAM message to all vehicles (at simulation time 16.000,000,000 s)
2024-06-04 00:13:02,400 INFO  - Received CAM message from veh_2 (at simulation time 16.000,900,000 s)
2024-06-04 00:13:02,400 INFO  - Received CAM message from veh_5 (at simulation time 16.001,900,000 s)
2024-06-04 00:13:02,401 INFO  - Atempting to process queue (at simulation time 16.100,000,000 s)
2024-06-04 00:13:02,401 INFO  - Vehicle is outside the detection area. (at simulation time 16.100,000,000 s)
2024-06-04 00:13:02,401 INFO  - Sent broadcast CAM message to all vehicles (at simulation time 16.100,000,000 s)
2024-06-04 00:13:02,402 INFO  - Received CAM message from veh_5 (at simulation time 16.100,400,000 s)
2024-06-04 00:13:02,402 INFO  - Received CAM message from veh_2 (at simulation time 16.100,400,000 s)
2024-06-04 00:13:02,403 INFO  - Atempting to process queue (at simulation time 16.200,000,000 s)
2024-06-04 00:13:02,403 INFO  - Vehicle is outside the detection area. (at simulation time 16.200,000,000 s)
2024-06-04 00:13:02,403 INFO  - Sent broadcast CAM message to all vehicles (at simulation time 16.200,000,000 s)
2024-06-04 00:13:02,404 INFO  - Received CAM message from veh_5 (at simulation time 16.200,400,000 s)
2024-06-04 00:13:02,404 INFO  - Received CAM message from veh_2 (at simulation time 16.200,900,000 s)
2024-06-04 00:13:02,405 INFO  - Atempting to process queue (at simulation time 16.300,000,000 s)
2024-06-04 00:13:02,405 INFO  - Vehicle is outside the detection area. (at simulation time 16.300,000,000 s)
2024-06-04 00:13:02,405 INFO  - Sent broadcast CAM message to all vehicles (at simulation time 16.300,000,000 s)
2024-06-04 00:13:02,406 INFO  - Received CAM message from veh_2 (at simulation time 16.300,400,000 s)
2024-06-04 00:13:02,407 INFO  - Received CAM message from veh_5 (at simulation time 16.301,900,000 s)
2024-06-04 00:13:02,407 INFO  - Atempting to process queue (at simulation time 16.400,000,000 s)
2024-06-04 00:13:02,407 INFO  - Vehicle is outside the detection area. (at simulation time 16.400,000,000 s)
2024-06-04 00:13:02,407 INFO  - Sent broadcast CAM message to all vehicles (at simulation time 16.400,000,000 s)
2024-06-04 00:13:02,408 INFO  - Received CAM message from veh_5 (at simulation time 16.400,400,000 s)
2024-06-04 00:13:02,409 INFO  - Received CAM message from veh_2 (at simulation time 16.402,400,000 s)
2024-06-04 00:13:02,409 INFO  - Atempting to process queue (at simulation time 16.500,000,000 s)
2024-06-04 00:13:02,409 INFO  - Vehicle is outside the detection area. (at simulation time 16.500,000,000 s)
2024-06-04 00:13:02,409 INFO  - Sent broadcast CAM message to all vehicles (at simulation time 16.500,000,000 s)
2024-06-04 00:13:02,410 INFO  - Received CAM message from veh_2 (at simulation time 16.500,400,000 s)
2024-06-04 00:13:02,411 INFO  - Received CAM message from veh_5 (at simulation time 16.502,400,000 s)
2024-06-04 00:13:02,411 INFO  - Atempting to process queue (at simulation time 16.600,000,000 s)
2024-06-04 00:13:02,411 INFO  - Vehicle is outside the detection area. (at simulation time 16.600,000,000 s)
2024-06-04 00:13:02,411 INFO  - Sent broadcast CAM message to all vehicles (at simulation time 16.600,000,000 s)
2024-06-04 00:13:02,412 INFO  - Received CAM message from veh_2 (at simulation time 16.600,400,000 s)
2024-06-04 00:13:02,412 INFO  - Received CAM message from veh_5 (at simulation time 16.601,400,000 s)
2024-06-04 00:13:02,413 INFO  - Atempting to process queue (at simulation time 16.700,000,000 s)
2024-06-04 00:13:02,413 INFO  - Vehicle is outside the detection area. (at simulation time 16.700,000,000 s)
2024-06-04 00:13:02,413 INFO  - Sent broadcast CAM message to all vehicles (at simulation time 16.700,000,000 s)
2024-06-04 00:13:02,413 INFO  - Received CAM message from veh_5 (at simulation time 16.700,400,000 s)
2024-06-04 00:13:02,414 INFO  - Received CAM message from veh_2 (at simulation time 16.700,900,000 s)
2024-06-04 00:13:02,414 INFO  - Atempting to process queue (at simulation time 16.800,000,000 s)
2024-06-04 00:13:02,414 INFO  - Vehicle is outside the detection area. (at simulation time 16.800,000,000 s)
2024-06-04 00:13:02,414 INFO  - Sent broadcast CAM message to all vehicles (at simulation time 16.800,000,000 s)
2024-06-04 00:13:02,415 INFO  - Received CAM message from veh_2 (at simulation time 16.800,400,000 s)
2024-06-04 00:13:02,415 INFO  - Received CAM message from veh_5 (at simulation time 16.802,400,000 s)
2024-06-04 00:13:02,416 INFO  - Atempting to process queue (at simulation time 16.900,000,000 s)
2024-06-04 00:13:02,416 INFO  - Vehicle is outside the detection area. (at simulation time 16.900,000,000 s)
2024-06-04 00:13:02,416 INFO  - Sent broadcast CAM message to all vehicles (at simulation time 16.900,000,000 s)
2024-06-04 00:13:02,417 INFO  - Received CAM message from veh_5 (at simulation time 16.901,400,000 s)
2024-06-04 00:13:02,417 INFO  - Received CAM message from veh_2 (at simulation time 16.901,400,000 s)
2024-06-04 00:13:02,422 INFO  - Atempting to process queue (at simulation time 17.000,000,000 s)
2024-06-04 00:13:02,422 INFO  - Vehicle is outside the detection area. (at simulation time 17.000,000,000 s)
2024-06-04 00:13:02,422 INFO  - Sent broadcast CAM message to all vehicles (at simulation time 17.000,000,000 s)
2024-06-04 00:13:02,425 INFO  - Atempting to process queue (at simulation time 17.100,000,000 s)
2024-06-04 00:13:02,426 INFO  - Vehicle is outside the detection area. (at simulation time 17.100,000,000 s)
2024-06-04 00:13:02,426 INFO  - Sent broadcast CAM message to all vehicles (at simulation time 17.100,000,000 s)
2024-06-04 00:13:02,428 INFO  - Atempting to process queue (at simulation time 17.200,000,000 s)
2024-06-04 00:13:02,428 INFO  - Vehicle is outside the detection area. (at simulation time 17.200,000,000 s)
2024-06-04 00:13:02,429 INFO  - Sent broadcast CAM message to all vehicles (at simulation time 17.200,000,000 s)
2024-06-04 00:13:02,432 INFO  - Atempting to process queue (at simulation time 17.300,000,000 s)
2024-06-04 00:13:02,432 INFO  - Vehicle is outside the detection area. (at simulation time 17.300,000,000 s)
2024-06-04 00:13:02,432 INFO  - Sent broadcast CAM message to all vehicles (at simulation time 17.300,000,000 s)
2024-06-04 00:13:02,435 INFO  - Atempting to process queue (at simulation time 17.400,000,000 s)
2024-06-04 00:13:02,435 INFO  - Vehicle is outside the detection area. (at simulation time 17.400,000,000 s)
2024-06-04 00:13:02,435 INFO  - Sent broadcast CAM message to all vehicles (at simulation time 17.400,000,000 s)
2024-06-04 00:13:02,438 INFO  - Atempting to process queue (at simulation time 17.500,000,000 s)
2024-06-04 00:13:02,438 INFO  - Vehicle is outside the detection area. (at simulation time 17.500,000,000 s)
2024-06-04 00:13:02,438 INFO  - Sent broadcast CAM message to all vehicles (at simulation time 17.500,000,000 s)
2024-06-04 00:13:02,440 INFO  - Atempting to process queue (at simulation time 17.600,000,000 s)
2024-06-04 00:13:02,440 INFO  - Vehicle is outside the detection area. (at simulation time 17.600,000,000 s)
2024-06-04 00:13:02,440 INFO  - Sent broadcast CAM message to all vehicles (at simulation time 17.600,000,000 s)
2024-06-04 00:13:02,442 INFO  - Atempting to process queue (at simulation time 17.700,000,000 s)
2024-06-04 00:13:02,442 INFO  - Vehicle is outside the detection area. (at simulation time 17.700,000,000 s)
2024-06-04 00:13:02,442 INFO  - Sent broadcast CAM message to all vehicles (at simulation time 17.700,000,000 s)
2024-06-04 00:13:02,443 INFO  - Atempting to process queue (at simulation time 17.800,000,000 s)
2024-06-04 00:13:02,443 INFO  - Vehicle is outside the detection area. (at simulation time 17.800,000,000 s)
2024-06-04 00:13:02,443 INFO  - Sent broadcast CAM message to all vehicles (at simulation time 17.800,000,000 s)
2024-06-04 00:13:02,445 INFO  - Atempting to process queue (at simulation time 17.900,000,000 s)
2024-06-04 00:13:02,445 INFO  - Vehicle is outside the detection area. (at simulation time 17.900,000,000 s)
2024-06-04 00:13:02,445 INFO  - Sent broadcast CAM message to all vehicles (at simulation time 17.900,000,000 s)
2024-06-04 00:13:02,450 INFO  - Vehicle is outside the detection area. (at simulation time 18.000,000,000 s)
2024-06-04 00:13:02,450 INFO  - Sent broadcast CAM message to all vehicles (at simulation time 18.000,000,000 s)
2024-06-04 00:13:02,453 INFO  - Vehicle is outside the detection area. (at simulation time 18.100,000,000 s)
2024-06-04 00:13:02,453 INFO  - Sent broadcast CAM message to all vehicles (at simulation time 18.100,000,000 s)
2024-06-04 00:13:02,455 INFO  - Vehicle is outside the detection area. (at simulation time 18.200,000,000 s)
2024-06-04 00:13:02,455 INFO  - Sent broadcast CAM message to all vehicles (at simulation time 18.200,000,000 s)
2024-06-04 00:13:02,458 INFO  - Vehicle is outside the detection area. (at simulation time 18.300,000,000 s)
2024-06-04 00:13:02,458 INFO  - Sent broadcast CAM message to all vehicles (at simulation time 18.300,000,000 s)
2024-06-04 00:13:02,461 INFO  - Vehicle is outside the detection area. (at simulation time 18.400,000,000 s)
2024-06-04 00:13:02,461 INFO  - Sent broadcast CAM message to all vehicles (at simulation time 18.400,000,000 s)
2024-06-04 00:13:02,465 INFO  - Vehicle is outside the detection area. (at simulation time 18.500,000,000 s)
2024-06-04 00:13:02,465 INFO  - Sent broadcast CAM message to all vehicles (at simulation time 18.500,000,000 s)
2024-06-04 00:13:02,469 INFO  - Vehicle is outside the detection area. (at simulation time 18.600,000,000 s)
2024-06-04 00:13:02,469 INFO  - Sent broadcast CAM message to all vehicles (at simulation time 18.600,000,000 s)
2024-06-04 00:13:02,471 INFO  - Vehicle is outside the detection area. (at simulation time 18.700,000,000 s)
2024-06-04 00:13:02,471 INFO  - Sent broadcast CAM message to all vehicles (at simulation time 18.700,000,000 s)
2024-06-04 00:13:02,474 INFO  - Vehicle is outside the detection area. (at simulation time 18.800,000,000 s)
2024-06-04 00:13:02,474 INFO  - Sent broadcast CAM message to all vehicles (at simulation time 18.800,000,000 s)
2024-06-04 00:13:02,476 INFO  - Vehicle is outside the detection area. (at simulation time 18.900,000,000 s)
2024-06-04 00:13:02,476 INFO  - Sent broadcast CAM message to all vehicles (at simulation time 18.900,000,000 s)
2024-06-04 00:13:02,496 INFO  - Vehicle is outside the detection area. (at simulation time 19.000,000,000 s)
2024-06-04 00:13:02,496 INFO  - Sent broadcast CAM message to all vehicles (at simulation time 19.000,000,000 s)
2024-06-04 00:13:02,500 INFO  - Vehicle is outside the detection area. (at simulation time 19.100,000,000 s)
2024-06-04 00:13:02,500 INFO  - Sent broadcast CAM message to all vehicles (at simulation time 19.100,000,000 s)
2024-06-04 00:13:02,502 INFO  - Vehicle is outside the detection area. (at simulation time 19.200,000,000 s)
2024-06-04 00:13:02,502 INFO  - Sent broadcast CAM message to all vehicles (at simulation time 19.200,000,000 s)
2024-06-04 00:13:02,505 INFO  - Vehicle is outside the detection area. (at simulation time 19.300,000,000 s)
2024-06-04 00:13:02,505 INFO  - Sent broadcast CAM message to all vehicles (at simulation time 19.300,000,000 s)
2024-06-04 00:13:02,508 INFO  - Vehicle is outside the detection area. (at simulation time 19.400,000,000 s)
2024-06-04 00:13:02,508 INFO  - Sent broadcast CAM message to all vehicles (at simulation time 19.400,000,000 s)
2024-06-04 00:13:02,509 INFO  - Vehicle is outside the detection area. (at simulation time 19.500,000,000 s)
2024-06-04 00:13:02,509 INFO  - Sent broadcast CAM message to all vehicles (at simulation time 19.500,000,000 s)
2024-06-04 00:13:02,511 INFO  - Vehicle is outside the detection area. (at simulation time 19.600,000,000 s)
2024-06-04 00:13:02,511 INFO  - Sent broadcast CAM message to all vehicles (at simulation time 19.600,000,000 s)
2024-06-04 00:13:02,513 INFO  - Vehicle is outside the detection area. (at simulation time 19.700,000,000 s)
2024-06-04 00:13:02,513 INFO  - Sent broadcast CAM message to all vehicles (at simulation time 19.700,000,000 s)
2024-06-04 00:13:02,514 INFO  - Vehicle is outside the detection area. (at simulation time 19.800,000,000 s)
2024-06-04 00:13:02,514 INFO  - Sent broadcast CAM message to all vehicles (at simulation time 19.800,000,000 s)
2024-06-04 00:13:02,520 INFO  - Vehicle is outside the detection area. (at simulation time 19.900,000,000 s)
2024-06-04 00:13:02,520 INFO  - Sent broadcast CAM message to all vehicles (at simulation time 19.900,000,000 s)
2024-06-04 00:13:02,538 INFO  - Vehicle is outside the detection area. (at simulation time 20.000,000,000 s)
2024-06-04 00:13:02,538 INFO  - Sent broadcast CAM message to all vehicles (at simulation time 20.000,000,000 s)
2024-06-04 00:13:02,540 INFO  - Vehicle is outside the detection area. (at simulation time 20.100,000,000 s)
2024-06-04 00:13:02,541 INFO  - Sent broadcast CAM message to all vehicles (at simulation time 20.100,000,000 s)
2024-06-04 00:13:02,542 INFO  - Vehicle is outside the detection area. (at simulation time 20.200,000,000 s)
2024-06-04 00:13:02,542 INFO  - Sent broadcast CAM message to all vehicles (at simulation time 20.200,000,000 s)
2024-06-04 00:13:02,544 INFO  - Vehicle is outside the detection area. (at simulation time 20.300,000,000 s)
2024-06-04 00:13:02,544 INFO  - Sent broadcast CAM message to all vehicles (at simulation time 20.300,000,000 s)
2024-06-04 00:13:02,545 INFO  - Vehicle is outside the detection area. (at simulation time 20.400,000,000 s)
2024-06-04 00:13:02,545 INFO  - Sent broadcast CAM message to all vehicles (at simulation time 20.400,000,000 s)
2024-06-04 00:13:02,547 INFO  - Vehicle is outside the detection area. (at simulation time 20.500,000,000 s)
2024-06-04 00:13:02,547 INFO  - Sent broadcast CAM message to all vehicles (at simulation time 20.500,000,000 s)
2024-06-04 00:13:02,550 INFO  - Vehicle is outside the detection area. (at simulation time 20.600,000,000 s)
2024-06-04 00:13:02,550 INFO  - Sent broadcast CAM message to all vehicles (at simulation time 20.600,000,000 s)
2024-06-04 00:13:02,554 INFO  - Vehicle is outside the detection area. (at simulation time 20.700,000,000 s)
2024-06-04 00:13:02,554 INFO  - Sent broadcast CAM message to all vehicles (at simulation time 20.700,000,000 s)
2024-06-04 00:13:02,558 INFO  - Vehicle is outside the detection area. (at simulation time 20.800,000,000 s)
2024-06-04 00:13:02,558 INFO  - Sent broadcast CAM message to all vehicles (at simulation time 20.800,000,000 s)
2024-06-04 00:13:02,561 INFO  - Vehicle is outside the detection area. (at simulation time 20.900,000,000 s)
2024-06-04 00:13:02,561 INFO  - Sent broadcast CAM message to all vehicles (at simulation time 20.900,000,000 s)
2024-06-04 00:13:02,566 INFO  - Vehicle is outside the detection area. (at simulation time 21.000,000,000 s)
2024-06-04 00:13:02,566 INFO  - Sent broadcast CAM message to all vehicles (at simulation time 21.000,000,000 s)
2024-06-04 00:13:02,567 INFO  - Vehicle is outside the detection area. (at simulation time 21.100,000,000 s)
2024-06-04 00:13:02,567 INFO  - Sent broadcast CAM message to all vehicles (at simulation time 21.100,000,000 s)
2024-06-04 00:13:02,568 INFO  - Vehicle is outside the detection area. (at simulation time 21.200,000,000 s)
2024-06-04 00:13:02,568 INFO  - Sent broadcast CAM message to all vehicles (at simulation time 21.200,000,000 s)
2024-06-04 00:13:02,569 INFO  - Vehicle is outside the detection area. (at simulation time 21.300,000,000 s)
2024-06-04 00:13:02,569 INFO  - Sent broadcast CAM message to all vehicles (at simulation time 21.300,000,000 s)
2024-06-04 00:13:02,570 INFO  - Vehicle is outside the detection area. (at simulation time 21.400,000,000 s)
2024-06-04 00:13:02,570 INFO  - Sent broadcast CAM message to all vehicles (at simulation time 21.400,000,000 s)
2024-06-04 00:13:02,571 INFO  - Vehicle is outside the detection area. (at simulation time 21.500,000,000 s)
2024-06-04 00:13:02,571 INFO  - Sent broadcast CAM message to all vehicles (at simulation time 21.500,000,000 s)
2024-06-04 00:13:02,573 INFO  - Vehicle is outside the detection area. (at simulation time 21.600,000,000 s)
2024-06-04 00:13:02,573 INFO  - Sent broadcast CAM message to all vehicles (at simulation time 21.600,000,000 s)
2024-06-04 00:13:02,574 INFO  - Vehicle is outside the detection area. (at simulation time 21.700,000,000 s)
2024-06-04 00:13:02,574 INFO  - Sent broadcast CAM message to all vehicles (at simulation time 21.700,000,000 s)
2024-06-04 00:13:02,575 INFO  - Vehicle is outside the detection area. (at simulation time 21.800,000,000 s)
2024-06-04 00:13:02,575 INFO  - Sent broadcast CAM message to all vehicles (at simulation time 21.800,000,000 s)
2024-06-04 00:13:02,577 INFO  - Vehicle is outside the detection area. (at simulation time 21.900,000,000 s)
2024-06-04 00:13:02,577 INFO  - Sent broadcast CAM message to all vehicles (at simulation time 21.900,000,000 s)
2024-06-04 00:13:02,581 INFO  - Shutdown application (at simulation time 22.000,000,000 s)
