2024-06-04 00:13:04,292 INFO  - Initialize application (at simulation time 79.000,000,000 s)
2024-06-04 00:13:04,293 INFO  - Activated WLAN Module (at simulation time 79.000,000,000 s)
2024-06-04 00:13:04,293 INFO  - Vehicle is outside the detection area. (at simulation time 79.000,000,000 s)
2024-06-04 00:13:04,293 INFO  - Sent broadcast CAM message to all vehicles (at simulation time 79.000,000,000 s)
2024-06-04 00:13:04,295 INFO  - Vehicle is outside the detection area. (at simulation time 79.100,000,000 s)
2024-06-04 00:13:04,295 INFO  - Sent broadcast CAM message to all vehicles (at simulation time 79.100,000,000 s)
2024-06-04 00:13:04,296 INFO  - Vehicle is outside the detection area. (at simulation time 79.200,000,000 s)
2024-06-04 00:13:04,296 INFO  - Sent broadcast CAM message to all vehicles (at simulation time 79.200,000,000 s)
2024-06-04 00:13:04,298 INFO  - Vehicle is outside the detection area. (at simulation time 79.300,000,000 s)
2024-06-04 00:13:04,298 INFO  - Sent broadcast CAM message to all vehicles (at simulation time 79.300,000,000 s)
2024-06-04 00:13:04,299 INFO  - Vehicle is outside the detection area. (at simulation time 79.400,000,000 s)
2024-06-04 00:13:04,299 INFO  - Sent broadcast CAM message to all vehicles (at simulation time 79.400,000,000 s)
2024-06-04 00:13:04,300 INFO  - Vehicle is outside the detection area. (at simulation time 79.500,000,000 s)
2024-06-04 00:13:04,300 INFO  - Sent broadcast CAM message to all vehicles (at simulation time 79.500,000,000 s)
2024-06-04 00:13:04,302 INFO  - Vehicle is outside the detection area. (at simulation time 79.600,000,000 s)
2024-06-04 00:13:04,302 INFO  - Sent broadcast CAM message to all vehicles (at simulation time 79.600,000,000 s)
2024-06-04 00:13:04,303 INFO  - Vehicle is outside the detection area. (at simulation time 79.700,000,000 s)
2024-06-04 00:13:04,303 INFO  - Sent broadcast CAM message to all vehicles (at simulation time 79.700,000,000 s)
2024-06-04 00:13:04,304 INFO  - Vehicle is outside the detection area. (at simulation time 79.800,000,000 s)
2024-06-04 00:13:04,304 INFO  - Sent broadcast CAM message to all vehicles (at simulation time 79.800,000,000 s)
2024-06-04 00:13:04,306 INFO  - Vehicle is outside the detection area. (at simulation time 79.900,000,000 s)
2024-06-04 00:13:04,306 INFO  - Sent broadcast CAM message to all vehicles (at simulation time 79.900,000,000 s)
2024-06-04 00:13:04,314 INFO  - Vehicle is outside the detection area. (at simulation time 80.000,000,000 s)
2024-06-04 00:13:04,314 INFO  - Sent broadcast CAM message to all vehicles (at simulation time 80.000,000,000 s)
2024-06-04 00:13:04,319 INFO  - Vehicle is outside the detection area. (at simulation time 80.100,000,000 s)
2024-06-04 00:13:04,319 INFO  - Sent broadcast CAM message to all vehicles (at simulation time 80.100,000,000 s)
2024-06-04 00:13:04,319 INFO  - Received CAM message from veh_53 (at simulation time 80.100,400,000 s)
2024-06-04 00:13:04,320 INFO  - Atempting to process queue (at simulation time 80.200,000,000 s)
2024-06-04 00:13:04,320 INFO  - Vehicle is outside the detection area. (at simulation time 80.200,000,000 s)
2024-06-04 00:13:04,320 INFO  - Sent broadcast CAM message to all vehicles (at simulation time 80.200,000,000 s)
2024-06-04 00:13:04,322 INFO  - Received CAM message from veh_53 (at simulation time 80.200,900,000 s)
2024-06-04 00:13:04,322 INFO  - Atempting to process queue (at simulation time 80.300,000,000 s)
2024-06-04 00:13:04,322 INFO  - Vehicle is outside the detection area. (at simulation time 80.300,000,000 s)
2024-06-04 00:13:04,322 INFO  - Sent broadcast CAM message to all vehicles (at simulation time 80.300,000,000 s)
2024-06-04 00:13:04,323 INFO  - Received CAM message from veh_53 (at simulation time 80.302,400,000 s)
2024-06-04 00:13:04,324 INFO  - Atempting to process queue (at simulation time 80.400,000,000 s)
2024-06-04 00:13:04,324 INFO  - Vehicle is outside the detection area. (at simulation time 80.400,000,000 s)
2024-06-04 00:13:04,324 INFO  - Sent broadcast CAM message to all vehicles (at simulation time 80.400,000,000 s)
2024-06-04 00:13:04,325 INFO  - Received CAM message from veh_53 (at simulation time 80.402,400,000 s)
2024-06-04 00:13:04,325 INFO  - Atempting to process queue (at simulation time 80.500,000,000 s)
2024-06-04 00:13:04,326 INFO  - Vehicle is outside the detection area. (at simulation time 80.500,000,000 s)
2024-06-04 00:13:04,326 INFO  - Sent broadcast CAM message to all vehicles (at simulation time 80.500,000,000 s)
2024-06-04 00:13:04,326 INFO  - Received CAM message from veh_53 (at simulation time 80.501,400,000 s)
2024-06-04 00:13:04,327 INFO  - Atempting to process queue (at simulation time 80.600,000,000 s)
2024-06-04 00:13:04,327 INFO  - Vehicle is outside the detection area. (at simulation time 80.600,000,000 s)
2024-06-04 00:13:04,327 INFO  - Sent broadcast CAM message to all vehicles (at simulation time 80.600,000,000 s)
2024-06-04 00:13:04,328 INFO  - Received CAM message from veh_53 (at simulation time 80.601,400,000 s)
2024-06-04 00:13:04,328 INFO  - Atempting to process queue (at simulation time 80.700,000,000 s)
2024-06-04 00:13:04,328 INFO  - Vehicle is outside the detection area. (at simulation time 80.700,000,000 s)
2024-06-04 00:13:04,328 INFO  - Sent broadcast CAM message to all vehicles (at simulation time 80.700,000,000 s)
2024-06-04 00:13:04,329 INFO  - Received CAM message from veh_53 (at simulation time 80.701,900,000 s)
2024-06-04 00:13:04,330 INFO  - Atempting to process queue (at simulation time 80.800,000,000 s)
2024-06-04 00:13:04,330 INFO  - Vehicle is outside the detection area. (at simulation time 80.800,000,000 s)
2024-06-04 00:13:04,330 INFO  - Sent broadcast CAM message to all vehicles (at simulation time 80.800,000,000 s)
2024-06-04 00:13:04,335 INFO  - Received CAM message from veh_53 (at simulation time 80.801,900,000 s)
2024-06-04 00:13:04,344 INFO  - Atempting to process queue (at simulation time 80.900,000,000 s)
2024-06-04 00:13:04,344 INFO  - Vehicle is outside the detection area. (at simulation time 80.900,000,000 s)
2024-06-04 00:13:04,344 INFO  - Sent broadcast CAM message to all vehicles (at simulation time 80.900,000,000 s)
2024-06-04 00:13:04,346 INFO  - Received CAM message from veh_53 (at simulation time 80.901,900,000 s)
2024-06-04 00:13:04,350 INFO  - Atempting to process queue (at simulation time 81.000,000,000 s)
2024-06-04 00:13:04,350 INFO  - Vehicle is inside the detection area. (at simulation time 81.000,000,000 s)
2024-06-04 00:13:04,350 INFO  - Vehicle is too far away from the traffic light. (at simulation time 81.000,000,000 s)
2024-06-04 00:13:04,350 INFO  - Neither the RSU nor any vehicle is in range. (at simulation time 81.000,000,000 s)
2024-06-04 00:13:04,350 INFO  - Sent broadcast CAM message to all vehicles (at simulation time 81.000,000,000 s)
2024-06-04 00:13:04,352 INFO  - Received CAM message from veh_53 (at simulation time 81.002,400,000 s)
2024-06-04 00:13:04,352 INFO  - Atempting to process queue (at simulation time 81.100,000,000 s)
2024-06-04 00:13:04,352 INFO  - Vehicle is inside the detection area. (at simulation time 81.100,000,000 s)
2024-06-04 00:13:04,352 INFO  - Vehicle is too far away from the traffic light. (at simulation time 81.100,000,000 s)
2024-06-04 00:13:04,352 INFO  - Neither the RSU nor any vehicle is in range. (at simulation time 81.100,000,000 s)
2024-06-04 00:13:04,352 INFO  - Sent broadcast CAM message to all vehicles (at simulation time 81.100,000,000 s)
2024-06-04 00:13:04,353 INFO  - Received CAM message from veh_53 (at simulation time 81.102,400,000 s)
2024-06-04 00:13:04,353 INFO  - Atempting to process queue (at simulation time 81.200,000,000 s)
2024-06-04 00:13:04,353 INFO  - Vehicle is inside the detection area. (at simulation time 81.200,000,000 s)
2024-06-04 00:13:04,353 INFO  - Vehicle is too far away from the traffic light. (at simulation time 81.200,000,000 s)
2024-06-04 00:13:04,353 INFO  - Neither the RSU nor any vehicle is in range. (at simulation time 81.200,000,000 s)
2024-06-04 00:13:04,353 INFO  - Sent broadcast CAM message to all vehicles (at simulation time 81.200,000,000 s)
2024-06-04 00:13:04,355 INFO  - Received CAM message from veh_53 (at simulation time 81.201,400,000 s)
2024-06-04 00:13:04,355 INFO  - Atempting to process queue (at simulation time 81.300,000,000 s)
2024-06-04 00:13:04,355 INFO  - Vehicle is inside the detection area. (at simulation time 81.300,000,000 s)
2024-06-04 00:13:04,355 INFO  - Vehicle is too far away from the traffic light. (at simulation time 81.300,000,000 s)
2024-06-04 00:13:04,355 INFO  - Neither the RSU nor any vehicle is in range. (at simulation time 81.300,000,000 s)
2024-06-04 00:13:04,355 INFO  - Sent broadcast CAM message to all vehicles (at simulation time 81.300,000,000 s)
2024-06-04 00:13:04,356 INFO  - Received CAM message from veh_53 (at simulation time 81.301,900,000 s)
2024-06-04 00:13:04,357 INFO  - Atempting to process queue (at simulation time 81.400,000,000 s)
2024-06-04 00:13:04,357 INFO  - Vehicle is inside the detection area. (at simulation time 81.400,000,000 s)
2024-06-04 00:13:04,357 INFO  - Vehicle is too far away from the traffic light. (at simulation time 81.400,000,000 s)
2024-06-04 00:13:04,357 INFO  - Neither the RSU nor any vehicle is in range. (at simulation time 81.400,000,000 s)
2024-06-04 00:13:04,357 INFO  - Sent broadcast CAM message to all vehicles (at simulation time 81.400,000,000 s)
2024-06-04 00:13:04,358 INFO  - Received CAM message from veh_53 (at simulation time 81.401,900,000 s)
2024-06-04 00:13:04,359 INFO  - Atempting to process queue (at simulation time 81.500,000,000 s)
2024-06-04 00:13:04,359 INFO  - Vehicle is inside the detection area. (at simulation time 81.500,000,000 s)
2024-06-04 00:13:04,359 INFO  - Vehicle is too far away from the traffic light. (at simulation time 81.500,000,000 s)
2024-06-04 00:13:04,359 INFO  - Neither the RSU nor any vehicle is in range. (at simulation time 81.500,000,000 s)
2024-06-04 00:13:04,359 INFO  - Sent broadcast CAM message to all vehicles (at simulation time 81.500,000,000 s)
2024-06-04 00:13:04,360 INFO  - Received CAM message from veh_53 (at simulation time 81.502,400,000 s)
2024-06-04 00:13:04,360 INFO  - Atempting to process queue (at simulation time 81.600,000,000 s)
2024-06-04 00:13:04,360 INFO  - Vehicle is inside the detection area. (at simulation time 81.600,000,000 s)
2024-06-04 00:13:04,360 INFO  - Vehicle is too far away from the traffic light. (at simulation time 81.600,000,000 s)
2024-06-04 00:13:04,360 INFO  - Neither the RSU nor any vehicle is in range. (at simulation time 81.600,000,000 s)
2024-06-04 00:13:04,360 INFO  - Sent broadcast CAM message to all vehicles (at simulation time 81.600,000,000 s)
2024-06-04 00:13:04,362 INFO  - Received CAM message from veh_53 (at simulation time 81.601,400,000 s)
2024-06-04 00:13:04,363 INFO  - Atempting to process queue (at simulation time 81.700,000,000 s)
2024-06-04 00:13:04,363 INFO  - Vehicle is inside the detection area. (at simulation time 81.700,000,000 s)
2024-06-04 00:13:04,363 INFO  - Vehicle is too far away from the traffic light. (at simulation time 81.700,000,000 s)
2024-06-04 00:13:04,363 INFO  - Neither the RSU nor any vehicle is in range. (at simulation time 81.700,000,000 s)
2024-06-04 00:13:04,363 INFO  - Sent broadcast CAM message to all vehicles (at simulation time 81.700,000,000 s)
2024-06-04 00:13:04,365 INFO  - Received CAM message from veh_53 (at simulation time 81.700,900,000 s)
2024-06-04 00:13:04,366 INFO  - Atempting to process queue (at simulation time 81.800,000,000 s)
2024-06-04 00:13:04,366 INFO  - Vehicle is inside the detection area. (at simulation time 81.800,000,000 s)
2024-06-04 00:13:04,366 INFO  - Vehicle is too far away from the traffic light. (at simulation time 81.800,000,000 s)
2024-06-04 00:13:04,366 INFO  - Neither the RSU nor any vehicle is in range. (at simulation time 81.800,000,000 s)
2024-06-04 00:13:04,366 INFO  - Sent broadcast CAM message to all vehicles (at simulation time 81.800,000,000 s)
2024-06-04 00:13:04,368 INFO  - Received CAM message from veh_53 (at simulation time 81.801,900,000 s)
2024-06-04 00:13:04,368 INFO  - Atempting to process queue (at simulation time 81.900,000,000 s)
2024-06-04 00:13:04,368 INFO  - Vehicle is inside the detection area. (at simulation time 81.900,000,000 s)
2024-06-04 00:13:04,368 INFO  - Vehicle is too far away from the traffic light. (at simulation time 81.900,000,000 s)
2024-06-04 00:13:04,368 INFO  - Neither the RSU nor any vehicle is in range. (at simulation time 81.900,000,000 s)
2024-06-04 00:13:04,368 INFO  - Sent broadcast CAM message to all vehicles (at simulation time 81.900,000,000 s)
2024-06-04 00:13:04,372 INFO  - Received CAM message from veh_53 (at simulation time 81.901,400,000 s)
2024-06-04 00:13:04,375 INFO  - Atempting to process queue (at simulation time 82.000,000,000 s)
2024-06-04 00:13:04,375 INFO  - Vehicle is inside the detection area. (at simulation time 82.000,000,000 s)
2024-06-04 00:13:04,375 INFO  - Vehicle is too far away from the traffic light. (at simulation time 82.000,000,000 s)
2024-06-04 00:13:04,375 INFO  - Neither the RSU nor any vehicle is in range. (at simulation time 82.000,000,000 s)
2024-06-04 00:13:04,375 INFO  - Sent broadcast CAM message to all vehicles (at simulation time 82.000,000,000 s)
2024-06-04 00:13:04,376 INFO  - Received CAM message from veh_53 (at simulation time 82.001,900,000 s)
2024-06-04 00:13:04,377 INFO  - Atempting to process queue (at simulation time 82.100,000,000 s)
2024-06-04 00:13:04,377 INFO  - Vehicle is inside the detection area. (at simulation time 82.100,000,000 s)
2024-06-04 00:13:04,377 INFO  - Vehicle is too far away from the traffic light. (at simulation time 82.100,000,000 s)
2024-06-04 00:13:04,377 INFO  - Neither the RSU nor any vehicle is in range. (at simulation time 82.100,000,000 s)
2024-06-04 00:13:04,377 INFO  - Sent broadcast CAM message to all vehicles (at simulation time 82.100,000,000 s)
2024-06-04 00:13:04,377 INFO  - Received CAM message from veh_53 (at simulation time 82.100,400,000 s)
2024-06-04 00:13:04,378 INFO  - Atempting to process queue (at simulation time 82.200,000,000 s)
2024-06-04 00:13:04,378 INFO  - Vehicle is inside the detection area. (at simulation time 82.200,000,000 s)
2024-06-04 00:13:04,378 INFO  - Vehicle is too far away from the traffic light. (at simulation time 82.200,000,000 s)
2024-06-04 00:13:04,378 INFO  - Neither the RSU nor any vehicle is in range. (at simulation time 82.200,000,000 s)
2024-06-04 00:13:04,378 INFO  - Sent broadcast CAM message to all vehicles (at simulation time 82.200,000,000 s)
2024-06-04 00:13:04,380 INFO  - Received CAM message from veh_53 (at simulation time 82.202,400,000 s)
2024-06-04 00:13:04,380 INFO  - Atempting to process queue (at simulation time 82.300,000,000 s)
2024-06-04 00:13:04,380 INFO  - Vehicle is inside the detection area. (at simulation time 82.300,000,000 s)
2024-06-04 00:13:04,380 INFO  - Vehicle is too far away from the traffic light. (at simulation time 82.300,000,000 s)
2024-06-04 00:13:04,380 INFO  - Neither the RSU nor any vehicle is in range. (at simulation time 82.300,000,000 s)
2024-06-04 00:13:04,380 INFO  - Sent broadcast CAM message to all vehicles (at simulation time 82.300,000,000 s)
2024-06-04 00:13:04,382 INFO  - Received CAM message from veh_53 (at simulation time 82.302,400,000 s)
2024-06-04 00:13:04,382 INFO  - Atempting to process queue (at simulation time 82.400,000,000 s)
2024-06-04 00:13:04,382 INFO  - Vehicle is inside the detection area. (at simulation time 82.400,000,000 s)
2024-06-04 00:13:04,382 INFO  - Vehicle is too far away from the traffic light. (at simulation time 82.400,000,000 s)
2024-06-04 00:13:04,382 INFO  - Neither the RSU nor any vehicle is in range. (at simulation time 82.400,000,000 s)
2024-06-04 00:13:04,382 INFO  - Sent broadcast CAM message to all vehicles (at simulation time 82.400,000,000 s)
2024-06-04 00:13:04,383 INFO  - Received CAM message from veh_53 (at simulation time 82.401,400,000 s)
2024-06-04 00:13:04,383 INFO  - Atempting to process queue (at simulation time 82.500,000,000 s)
2024-06-04 00:13:04,383 INFO  - Vehicle is inside the detection area. (at simulation time 82.500,000,000 s)
2024-06-04 00:13:04,383 INFO  - Vehicle is too far away from the traffic light. (at simulation time 82.500,000,000 s)
2024-06-04 00:13:04,383 INFO  - Neither the RSU nor any vehicle is in range. (at simulation time 82.500,000,000 s)
2024-06-04 00:13:04,383 INFO  - Sent broadcast CAM message to all vehicles (at simulation time 82.500,000,000 s)
2024-06-04 00:13:04,385 INFO  - Received CAM message from veh_53 (at simulation time 82.500,900,000 s)
2024-06-04 00:13:04,387 INFO  - Atempting to process queue (at simulation time 82.600,000,000 s)
2024-06-04 00:13:04,387 INFO  - Vehicle is inside the detection area. (at simulation time 82.600,000,000 s)
2024-06-04 00:13:04,387 INFO  - Vehicle is too far away from the traffic light. (at simulation time 82.600,000,000 s)
2024-06-04 00:13:04,387 INFO  - Neither the RSU nor any vehicle is in range. (at simulation time 82.600,000,000 s)
2024-06-04 00:13:04,387 INFO  - Sent broadcast CAM message to all vehicles (at simulation time 82.600,000,000 s)
2024-06-04 00:13:04,390 INFO  - Received CAM message from veh_53 (at simulation time 82.601,900,000 s)
2024-06-04 00:13:04,390 INFO  - Atempting to process queue (at simulation time 82.700,000,000 s)
2024-06-04 00:13:04,390 INFO  - Vehicle is inside the detection area. (at simulation time 82.700,000,000 s)
2024-06-04 00:13:04,390 INFO  - Vehicle is too far away from the traffic light. (at simulation time 82.700,000,000 s)
2024-06-04 00:13:04,390 INFO  - Neither the RSU nor any vehicle is in range. (at simulation time 82.700,000,000 s)
2024-06-04 00:13:04,390 INFO  - Sent broadcast CAM message to all vehicles (at simulation time 82.700,000,000 s)
2024-06-04 00:13:04,391 INFO  - Received CAM message from veh_53 (at simulation time 82.700,400,000 s)
2024-06-04 00:13:04,392 INFO  - Atempting to process queue (at simulation time 82.800,000,000 s)
2024-06-04 00:13:04,392 INFO  - Vehicle is inside the detection area. (at simulation time 82.800,000,000 s)
2024-06-04 00:13:04,392 INFO  - Vehicle is too far away from the traffic light. (at simulation time 82.800,000,000 s)
2024-06-04 00:13:04,392 INFO  - Neither the RSU nor any vehicle is in range. (at simulation time 82.800,000,000 s)
2024-06-04 00:13:04,392 INFO  - Sent broadcast CAM message to all vehicles (at simulation time 82.800,000,000 s)
2024-06-04 00:13:04,393 INFO  - Received CAM message from veh_53 (at simulation time 82.801,400,000 s)
2024-06-04 00:13:04,393 INFO  - Atempting to process queue (at simulation time 82.900,000,000 s)
2024-06-04 00:13:04,393 INFO  - Vehicle is inside the detection area. (at simulation time 82.900,000,000 s)
2024-06-04 00:13:04,393 INFO  - Vehicle is too far away from the traffic light. (at simulation time 82.900,000,000 s)
2024-06-04 00:13:04,393 INFO  - Neither the RSU nor any vehicle is in range. (at simulation time 82.900,000,000 s)
2024-06-04 00:13:04,393 INFO  - Sent broadcast CAM message to all vehicles (at simulation time 82.900,000,000 s)
2024-06-04 00:13:04,395 INFO  - Received CAM message from veh_53 (at simulation time 82.902,400,000 s)
2024-06-04 00:13:04,397 INFO  - Atempting to process queue (at simulation time 83.000,000,000 s)
2024-06-04 00:13:04,397 INFO  - Vehicle is inside the detection area. (at simulation time 83.000,000,000 s)
2024-06-04 00:13:04,397 INFO  - Sent Detection message to rsu_0 (at simulation time 83.000,000,000 s)
2024-06-04 00:13:04,397 INFO  - Sent broadcast CAM message to all vehicles (at simulation time 83.000,000,000 s)
2024-06-04 00:13:04,398 INFO  - Received CAM message from veh_53 (at simulation time 83.000,400,000 s)
2024-06-04 00:13:04,398 INFO  - Received CAM message from veh_18 (at simulation time 83.000,400,000 s)
2024-06-04 00:13:04,398 INFO  - Received Detection message from veh_53 to veh_52 (at simulation time 83.000,900,000 s)
2024-06-04 00:13:04,398 INFO  - Forwarded Detection message to rsu_0 (at simulation time 83.000,900,000 s)
2024-06-04 00:13:04,399 INFO  - Received CAM message from veh_26 (at simulation time 83.001,400,000 s)
2024-06-04 00:13:04,399 INFO  - Received CAM message from veh_10 (at simulation time 83.001,400,000 s)
2024-06-04 00:13:04,399 INFO  - Received CAM message from veh_22 (at simulation time 83.001,900,000 s)
2024-06-04 00:13:04,399 INFO  - Received CAM message from veh_14 (at simulation time 83.002,400,000 s)
2024-06-04 00:13:04,399 INFO  - Atempting to process queue (at simulation time 83.100,000,000 s)
2024-06-04 00:13:04,399 INFO  - Vehicle is inside the detection area. (at simulation time 83.100,000,000 s)
2024-06-04 00:13:04,399 INFO  - Sent Detection message to rsu_0 (at simulation time 83.100,000,000 s)
2024-06-04 00:13:04,399 INFO  - Sent broadcast CAM message to all vehicles (at simulation time 83.100,000,000 s)
2024-06-04 00:13:04,400 INFO  - Received Detection message from veh_53 to veh_52 (at simulation time 83.100,400,000 s)
2024-06-04 00:13:04,400 INFO  - Forwarded Detection message to rsu_0 (at simulation time 83.100,400,000 s)
2024-06-04 00:13:04,400 INFO  - Received CAM message from veh_26 (at simulation time 83.100,400,000 s)
2024-06-04 00:13:04,400 INFO  - Received CAM message from veh_14 (at simulation time 83.100,900,000 s)
2024-06-04 00:13:04,400 INFO  - Received CAM message from veh_10 (at simulation time 83.100,900,000 s)
2024-06-04 00:13:04,401 INFO  - Received CAM message from veh_22 (at simulation time 83.101,400,000 s)
2024-06-04 00:13:04,401 INFO  - Received CAM message from veh_53 (at simulation time 83.101,900,000 s)
2024-06-04 00:13:04,401 INFO  - Received CAM message from veh_18 (at simulation time 83.101,900,000 s)
2024-06-04 00:13:04,401 INFO  - Atempting to process queue (at simulation time 83.200,000,000 s)
2024-06-04 00:13:04,401 INFO  - Vehicle is inside the detection area. (at simulation time 83.200,000,000 s)
2024-06-04 00:13:04,401 INFO  - Sent Detection message to rsu_0 (at simulation time 83.200,000,000 s)
2024-06-04 00:13:04,401 INFO  - Sent broadcast CAM message to all vehicles (at simulation time 83.200,000,000 s)
2024-06-04 00:13:04,402 INFO  - Received CAM message from veh_53 (at simulation time 83.200,400,000 s)
2024-06-04 00:13:04,402 INFO  - Received CAM message from veh_22 (at simulation time 83.200,400,000 s)
2024-06-04 00:13:04,402 INFO  - Received CAM message from veh_10 (at simulation time 83.200,400,000 s)
2024-06-04 00:13:04,403 INFO  - Received Detection message from veh_53 to veh_52 (at simulation time 83.201,400,000 s)
2024-06-04 00:13:04,403 INFO  - Forwarded Detection message to rsu_0 (at simulation time 83.201,400,000 s)
2024-06-04 00:13:04,403 INFO  - Received CAM message from veh_26 (at simulation time 83.201,400,000 s)
2024-06-04 00:13:04,405 INFO  - Received CAM message from veh_18 (at simulation time 83.201,900,000 s)
2024-06-04 00:13:04,406 INFO  - Received CAM message from veh_14 (at simulation time 83.202,400,000 s)
2024-06-04 00:13:04,406 INFO  - Atempting to process queue (at simulation time 83.300,000,000 s)
2024-06-04 00:13:04,406 INFO  - Vehicle is inside the detection area. (at simulation time 83.300,000,000 s)
2024-06-04 00:13:04,406 INFO  - Sent Detection message to rsu_0 (at simulation time 83.300,000,000 s)
2024-06-04 00:13:04,406 INFO  - Sent broadcast CAM message to all vehicles (at simulation time 83.300,000,000 s)
2024-06-04 00:13:04,408 INFO  - Received CAM message from veh_22 (at simulation time 83.300,400,000 s)
2024-06-04 00:13:04,408 INFO  - Received CAM message from veh_18 (at simulation time 83.300,400,000 s)
2024-06-04 00:13:04,408 INFO  - Received CAM message from veh_53 (at simulation time 83.301,400,000 s)
2024-06-04 00:13:04,408 INFO  - Received CAM message from veh_14 (at simulation time 83.301,400,000 s)
2024-06-04 00:13:04,409 INFO  - Received CAM message from veh_10 (at simulation time 83.301,900,000 s)
2024-06-04 00:13:04,409 INFO  - Received Detection message from veh_53 to veh_52 (at simulation time 83.302,400,000 s)
2024-06-04 00:13:04,409 INFO  - Forwarded Detection message to rsu_0 (at simulation time 83.302,400,000 s)
2024-06-04 00:13:04,409 INFO  - Received CAM message from veh_26 (at simulation time 83.302,400,000 s)
2024-06-04 00:13:04,409 INFO  - Atempting to process queue (at simulation time 83.400,000,000 s)
2024-06-04 00:13:04,409 INFO  - Vehicle is inside the detection area. (at simulation time 83.400,000,000 s)
2024-06-04 00:13:04,409 INFO  - Sent Detection message to rsu_0 (at simulation time 83.400,000,000 s)
2024-06-04 00:13:04,409 INFO  - Sent broadcast CAM message to all vehicles (at simulation time 83.400,000,000 s)
2024-06-04 00:13:04,411 INFO  - Received CAM message from veh_53 (at simulation time 83.400,900,000 s)
2024-06-04 00:13:04,411 INFO  - Received CAM message from veh_26 (at simulation time 83.400,900,000 s)
2024-06-04 00:13:04,411 INFO  - Received CAM message from veh_10 (at simulation time 83.400,900,000 s)
2024-06-04 00:13:04,412 INFO  - Received Detection message from veh_53 to veh_52 (at simulation time 83.402,400,000 s)
2024-06-04 00:13:04,412 INFO  - Forwarded Detection message to rsu_0 (at simulation time 83.402,400,000 s)
2024-06-04 00:13:04,412 INFO  - Received CAM message from veh_22 (at simulation time 83.402,400,000 s)
2024-06-04 00:13:04,412 INFO  - Received CAM message from veh_18 (at simulation time 83.402,400,000 s)
2024-06-04 00:13:04,412 INFO  - Received CAM message from veh_14 (at simulation time 83.402,400,000 s)
2024-06-04 00:13:04,412 INFO  - Atempting to process queue (at simulation time 83.500,000,000 s)
2024-06-04 00:13:04,412 INFO  - Vehicle is inside the detection area. (at simulation time 83.500,000,000 s)
2024-06-04 00:13:04,412 INFO  - Sent Detection message to rsu_0 (at simulation time 83.500,000,000 s)
2024-06-04 00:13:04,412 INFO  - Sent broadcast CAM message to all vehicles (at simulation time 83.500,000,000 s)
2024-06-04 00:13:04,413 INFO  - Received CAM message from veh_22 (at simulation time 83.500,400,000 s)
2024-06-04 00:13:04,413 INFO  - Received CAM message from veh_53 (at simulation time 83.500,900,000 s)
2024-06-04 00:13:04,414 INFO  - Received CAM message from veh_26 (at simulation time 83.501,400,000 s)
2024-06-04 00:13:04,414 INFO  - Received Detection message from veh_53 to veh_52 (at simulation time 83.501,900,000 s)
2024-06-04 00:13:04,414 INFO  - Forwarded Detection message to rsu_0 (at simulation time 83.501,900,000 s)
2024-06-04 00:13:04,414 INFO  - Received CAM message from veh_18 (at simulation time 83.501,900,000 s)
2024-06-04 00:13:04,414 INFO  - Received CAM message from veh_10 (at simulation time 83.501,900,000 s)
2024-06-04 00:13:04,414 INFO  - Received CAM message from veh_14 (at simulation time 83.502,400,000 s)
2024-06-04 00:13:04,414 INFO  - Atempting to process queue (at simulation time 83.600,000,000 s)
2024-06-04 00:13:04,414 INFO  - Vehicle is inside the detection area. (at simulation time 83.600,000,000 s)
2024-06-04 00:13:04,414 INFO  - Sent Detection message to rsu_0 (at simulation time 83.600,000,000 s)
2024-06-04 00:13:04,414 INFO  - Sent broadcast CAM message to all vehicles (at simulation time 83.600,000,000 s)
2024-06-04 00:13:04,415 INFO  - Received CAM message from veh_22 (at simulation time 83.600,400,000 s)
2024-06-04 00:13:04,415 INFO  - Received CAM message from veh_18 (at simulation time 83.600,400,000 s)
2024-06-04 00:13:04,415 INFO  - Received CAM message from veh_10 (at simulation time 83.600,400,000 s)
2024-06-04 00:13:04,415 INFO  - Received CAM message from veh_26 (at simulation time 83.601,400,000 s)
2024-06-04 00:13:04,415 INFO  - Received CAM message from veh_14 (at simulation time 83.601,900,000 s)
2024-06-04 00:13:04,415 INFO  - Received Detection message from veh_53 to veh_52 (at simulation time 83.602,400,000 s)
2024-06-04 00:13:04,415 INFO  - Forwarded Detection message to rsu_0 (at simulation time 83.602,400,000 s)
2024-06-04 00:13:04,416 INFO  - Received CAM message from veh_53 (at simulation time 83.602,400,000 s)
2024-06-04 00:13:04,416 INFO  - Atempting to process queue (at simulation time 83.700,000,000 s)
2024-06-04 00:13:04,416 INFO  - Vehicle is inside the detection area. (at simulation time 83.700,000,000 s)
2024-06-04 00:13:04,416 INFO  - Sent Detection message to rsu_0 (at simulation time 83.700,000,000 s)
2024-06-04 00:13:04,416 INFO  - Sent broadcast CAM message to all vehicles (at simulation time 83.700,000,000 s)
2024-06-04 00:13:04,417 INFO  - Received CAM message from veh_18 (at simulation time 83.700,400,000 s)
2024-06-04 00:13:04,417 INFO  - Received CAM message from veh_14 (at simulation time 83.700,400,000 s)
2024-06-04 00:13:04,417 INFO  - Received CAM message from veh_10 (at simulation time 83.700,400,000 s)
2024-06-04 00:13:04,417 INFO  - Received CAM message from veh_22 (at simulation time 83.700,900,000 s)
2024-06-04 00:13:04,417 INFO  - Received Detection message from veh_53 to veh_52 (at simulation time 83.701,400,000 s)
2024-06-04 00:13:04,417 INFO  - Forwarded Detection message to rsu_0 (at simulation time 83.701,400,000 s)
2024-06-04 00:13:04,417 INFO  - Received CAM message from veh_26 (at simulation time 83.701,400,000 s)
2024-06-04 00:13:04,417 INFO  - Received CAM message from veh_53 (at simulation time 83.702,400,000 s)
2024-06-04 00:13:04,417 INFO  - Atempting to process queue (at simulation time 83.800,000,000 s)
2024-06-04 00:13:04,417 INFO  - Vehicle is inside the detection area. (at simulation time 83.800,000,000 s)
2024-06-04 00:13:04,417 INFO  - Sent Detection message to rsu_0 (at simulation time 83.800,000,000 s)
2024-06-04 00:13:04,417 INFO  - Sent broadcast CAM message to all vehicles (at simulation time 83.800,000,000 s)
2024-06-04 00:13:04,418 INFO  - Received Detection message from veh_53 to veh_52 (at simulation time 83.800,400,000 s)
2024-06-04 00:13:04,418 INFO  - Forwarded Detection message to rsu_0 (at simulation time 83.800,400,000 s)
2024-06-04 00:13:04,418 INFO  - Received CAM message from veh_14 (at simulation time 83.800,400,000 s)
2024-06-04 00:13:04,418 INFO  - Received CAM message from veh_53 (at simulation time 83.800,900,000 s)
2024-06-04 00:13:04,418 INFO  - Received CAM message from veh_26 (at simulation time 83.801,400,000 s)
2024-06-04 00:13:04,418 INFO  - Received CAM message from veh_18 (at simulation time 83.801,400,000 s)
2024-06-04 00:13:04,418 INFO  - Received CAM message from veh_22 (at simulation time 83.801,900,000 s)
2024-06-04 00:13:04,418 INFO  - Received CAM message from veh_10 (at simulation time 83.801,900,000 s)
2024-06-04 00:13:04,419 INFO  - Atempting to process queue (at simulation time 83.900,000,000 s)
2024-06-04 00:13:04,419 INFO  - Vehicle is inside the detection area. (at simulation time 83.900,000,000 s)
2024-06-04 00:13:04,419 INFO  - Sent Detection message to rsu_0 (at simulation time 83.900,000,000 s)
2024-06-04 00:13:04,419 INFO  - Sent broadcast CAM message to all vehicles (at simulation time 83.900,000,000 s)
2024-06-04 00:13:04,419 INFO  - Received CAM message from veh_26 (at simulation time 83.900,400,000 s)
2024-06-04 00:13:04,419 INFO  - Received CAM message from veh_14 (at simulation time 83.900,400,000 s)
2024-06-04 00:13:04,419 INFO  - Received CAM message from veh_10 (at simulation time 83.900,900,000 s)
2024-06-04 00:13:04,419 INFO  - Received Detection message from veh_53 to veh_52 (at simulation time 83.901,900,000 s)
2024-06-04 00:13:04,419 INFO  - Forwarded Detection message to rsu_0 (at simulation time 83.901,900,000 s)
2024-06-04 00:13:04,420 INFO  - Received CAM message from veh_53 (at simulation time 83.902,400,000 s)
2024-06-04 00:13:04,420 INFO  - Received CAM message from veh_22 (at simulation time 83.902,400,000 s)
2024-06-04 00:13:04,420 INFO  - Received CAM message from veh_18 (at simulation time 83.902,400,000 s)
2024-06-04 00:13:04,426 INFO  - Atempting to process queue (at simulation time 84.000,000,000 s)
2024-06-04 00:13:04,426 INFO  - Vehicle is inside the detection area. (at simulation time 84.000,000,000 s)
2024-06-04 00:13:04,426 INFO  - Sent Detection message to rsu_0 (at simulation time 84.000,000,000 s)
2024-06-04 00:13:04,426 INFO  - Sent broadcast CAM message to all vehicles (at simulation time 84.000,000,000 s)
2024-06-04 00:13:04,429 INFO  - Received CAM message from veh_30 (at simulation time 84.000,400,000 s)
2024-06-04 00:13:04,429 INFO  - Received CAM message from veh_26 (at simulation time 84.000,400,000 s)
2024-06-04 00:13:04,429 INFO  - Received CAM message from veh_10 (at simulation time 84.000,400,000 s)
2024-06-04 00:13:04,429 INFO  - Received CAM message from veh_22 (at simulation time 84.000,900,000 s)
2024-06-04 00:13:04,429 INFO  - Received CAM message from veh_18 (at simulation time 84.001,400,000 s)
2024-06-04 00:13:04,429 INFO  - Received Detection message from veh_53 to veh_52 (at simulation time 84.001,900,000 s)
2024-06-04 00:13:04,429 INFO  - Forwarded Detection message to rsu_0 (at simulation time 84.001,900,000 s)
2024-06-04 00:13:04,429 INFO  - Received CAM message from veh_53 (at simulation time 84.002,400,000 s)
2024-06-04 00:13:04,429 INFO  - Received CAM message from veh_34 (at simulation time 84.002,400,000 s)
2024-06-04 00:13:04,430 INFO  - Received CAM message from veh_14 (at simulation time 84.002,400,000 s)
2024-06-04 00:13:04,430 INFO  - Atempting to process queue (at simulation time 84.100,000,000 s)
2024-06-04 00:13:04,430 INFO  - Vehicle is inside the detection area. (at simulation time 84.100,000,000 s)
2024-06-04 00:13:04,430 INFO  - Sent Detection message to rsu_0 (at simulation time 84.100,000,000 s)
2024-06-04 00:13:04,430 INFO  - Sent broadcast CAM message to all vehicles (at simulation time 84.100,000,000 s)
2024-06-04 00:13:04,430 INFO  - Received CAM message from veh_53 (at simulation time 84.100,900,000 s)
2024-06-04 00:13:04,430 INFO  - Received CAM message from veh_26 (at simulation time 84.100,900,000 s)
2024-06-04 00:13:04,430 INFO  - Received CAM message from veh_18 (at simulation time 84.100,900,000 s)
2024-06-04 00:13:04,430 INFO  - Received CAM message from veh_10 (at simulation time 84.100,900,000 s)
2024-06-04 00:13:04,431 INFO  - Received CAM message from veh_34 (at simulation time 84.101,400,000 s)
2024-06-04 00:13:04,431 INFO  - Received CAM message from veh_14 (at simulation time 84.101,400,000 s)
2024-06-04 00:13:04,431 INFO  - Received CAM message from veh_30 (at simulation time 84.101,900,000 s)
2024-06-04 00:13:04,431 INFO  - Received CAM message from veh_22 (at simulation time 84.101,900,000 s)
2024-06-04 00:13:04,431 INFO  - Received Detection message from veh_53 to veh_52 (at simulation time 84.102,400,000 s)
2024-06-04 00:13:04,431 INFO  - Forwarded Detection message to rsu_0 (at simulation time 84.102,400,000 s)
2024-06-04 00:13:04,431 INFO  - Atempting to process queue (at simulation time 84.200,000,000 s)
2024-06-04 00:13:04,431 INFO  - Vehicle is inside the detection area. (at simulation time 84.200,000,000 s)
2024-06-04 00:13:04,431 INFO  - Sent Detection message to rsu_0 (at simulation time 84.200,000,000 s)
2024-06-04 00:13:04,431 INFO  - Sent broadcast CAM message to all vehicles (at simulation time 84.200,000,000 s)
2024-06-04 00:13:04,432 INFO  - Received CAM message from veh_53 (at simulation time 84.200,900,000 s)
2024-06-04 00:13:04,432 INFO  - Received CAM message from veh_18 (at simulation time 84.200,900,000 s)
2024-06-04 00:13:04,432 INFO  - Received CAM message from veh_10 (at simulation time 84.200,900,000 s)
2024-06-04 00:13:04,432 INFO  - Received CAM message from veh_34 (at simulation time 84.201,400,000 s)
2024-06-04 00:13:04,432 INFO  - Received CAM message from veh_22 (at simulation time 84.201,400,000 s)
2024-06-04 00:13:04,432 INFO  - Received CAM message from veh_30 (at simulation time 84.201,900,000 s)
2024-06-04 00:13:04,432 INFO  - Received CAM message from veh_14 (at simulation time 84.201,900,000 s)
2024-06-04 00:13:04,433 INFO  - Received Detection message from veh_53 to veh_52 (at simulation time 84.202,400,000 s)
2024-06-04 00:13:04,433 INFO  - Forwarded Detection message to rsu_0 (at simulation time 84.202,400,000 s)
2024-06-04 00:13:04,433 INFO  - Received CAM message from veh_26 (at simulation time 84.202,400,000 s)
2024-06-04 00:13:04,433 INFO  - Atempting to process queue (at simulation time 84.300,000,000 s)
2024-06-04 00:13:04,433 INFO  - Vehicle is inside the detection area. (at simulation time 84.300,000,000 s)
2024-06-04 00:13:04,433 INFO  - Sent Detection message to rsu_0 (at simulation time 84.300,000,000 s)
2024-06-04 00:13:04,433 INFO  - Sent broadcast CAM message to all vehicles (at simulation time 84.300,000,000 s)
2024-06-04 00:13:04,434 INFO  - Received Detection message from veh_53 to veh_52 (at simulation time 84.300,400,000 s)
2024-06-04 00:13:04,434 INFO  - Forwarded Detection message to rsu_0 (at simulation time 84.300,400,000 s)
2024-06-04 00:13:04,434 INFO  - Received CAM message from veh_26 (at simulation time 84.300,400,000 s)
2024-06-04 00:13:04,434 INFO  - Received CAM message from veh_18 (at simulation time 84.300,400,000 s)
2024-06-04 00:13:04,434 INFO  - Received CAM message from veh_10 (at simulation time 84.300,400,000 s)
2024-06-04 00:13:04,434 INFO  - Received CAM message from veh_34 (at simulation time 84.300,900,000 s)
2024-06-04 00:13:04,434 INFO  - Received CAM message from veh_14 (at simulation time 84.300,900,000 s)
2024-06-04 00:13:04,434 INFO  - Received CAM message from veh_53 (at simulation time 84.301,400,000 s)
2024-06-04 00:13:04,434 INFO  - Received CAM message from veh_30 (at simulation time 84.301,400,000 s)
2024-06-04 00:13:04,434 INFO  - Received CAM message from veh_22 (at simulation time 84.301,400,000 s)
2024-06-04 00:13:04,435 INFO  - Atempting to process queue (at simulation time 84.400,000,000 s)
2024-06-04 00:13:04,435 INFO  - Vehicle is inside the detection area. (at simulation time 84.400,000,000 s)
2024-06-04 00:13:04,435 INFO  - Sent Detection message to rsu_0 (at simulation time 84.400,000,000 s)
2024-06-04 00:13:04,435 INFO  - Sent broadcast CAM message to all vehicles (at simulation time 84.400,000,000 s)
2024-06-04 00:13:04,436 INFO  - Received CAM message from veh_53 (at simulation time 84.400,400,000 s)
2024-06-04 00:13:04,436 INFO  - Received CAM message from veh_34 (at simulation time 84.400,400,000 s)
2024-06-04 00:13:04,436 INFO  - Received CAM message from veh_22 (at simulation time 84.400,400,000 s)
2024-06-04 00:13:04,436 INFO  - Received CAM message from veh_14 (at simulation time 84.400,400,000 s)
2024-06-04 00:13:04,440 INFO  - Received CAM message from veh_10 (at simulation time 84.401,400,000 s)
2024-06-04 00:13:04,440 INFO  - Received CAM message from veh_30 (at simulation time 84.401,900,000 s)
2024-06-04 00:13:04,440 INFO  - Received CAM message from veh_26 (at simulation time 84.401,900,000 s)
2024-06-04 00:13:04,440 INFO  - Received Detection message from veh_53 to veh_52 (at simulation time 84.402,400,000 s)
2024-06-04 00:13:04,440 INFO  - Forwarded Detection message to rsu_0 (at simulation time 84.402,400,000 s)
2024-06-04 00:13:04,440 INFO  - Received CAM message from veh_18 (at simulation time 84.402,400,000 s)
2024-06-04 00:13:04,440 INFO  - Atempting to process queue (at simulation time 84.500,000,000 s)
2024-06-04 00:13:04,440 INFO  - Vehicle is inside the detection area. (at simulation time 84.500,000,000 s)
2024-06-04 00:13:04,440 INFO  - Sent Detection message to rsu_0 (at simulation time 84.500,000,000 s)
2024-06-04 00:13:04,440 INFO  - Sent broadcast CAM message to all vehicles (at simulation time 84.500,000,000 s)
2024-06-04 00:13:04,441 INFO  - Received CAM message from veh_53 (at simulation time 84.500,400,000 s)
2024-06-04 00:13:04,442 INFO  - Received CAM message from veh_26 (at simulation time 84.500,400,000 s)
2024-06-04 00:13:04,442 INFO  - Received CAM message from veh_10 (at simulation time 84.500,400,000 s)
2024-06-04 00:13:04,442 INFO  - Received Detection message from veh_53 to veh_52 (at simulation time 84.500,900,000 s)
2024-06-04 00:13:04,442 INFO  - Forwarded Detection message to rsu_0 (at simulation time 84.500,900,000 s)
2024-06-04 00:13:04,442 INFO  - Received CAM message from veh_22 (at simulation time 84.500,900,000 s)
2024-06-04 00:13:04,442 INFO  - Received CAM message from veh_18 (at simulation time 84.500,900,000 s)
2024-06-04 00:13:04,443 INFO  - Received CAM message from veh_34 (at simulation time 84.501,900,000 s)
2024-06-04 00:13:04,443 INFO  - Received CAM message from veh_30 (at simulation time 84.501,900,000 s)
2024-06-04 00:13:04,443 INFO  - Received CAM message from veh_14 (at simulation time 84.501,900,000 s)
2024-06-04 00:13:04,443 INFO  - Atempting to process queue (at simulation time 84.600,000,000 s)
2024-06-04 00:13:04,443 INFO  - Vehicle is inside the detection area. (at simulation time 84.600,000,000 s)
2024-06-04 00:13:04,443 INFO  - Sent Detection message to rsu_0 (at simulation time 84.600,000,000 s)
2024-06-04 00:13:04,443 INFO  - Sent broadcast CAM message to all vehicles (at simulation time 84.600,000,000 s)
2024-06-04 00:13:04,444 INFO  - Received CAM message from veh_18 (at simulation time 84.600,400,000 s)
2024-06-04 00:13:04,444 INFO  - Received CAM message from veh_14 (at simulation time 84.600,400,000 s)
2024-06-04 00:13:04,444 INFO  - Received CAM message from veh_53 (at simulation time 84.600,900,000 s)
2024-06-04 00:13:04,444 INFO  - Received CAM message from veh_30 (at simulation time 84.601,400,000 s)
2024-06-04 00:13:04,444 INFO  - Received CAM message from veh_22 (at simulation time 84.601,400,000 s)
2024-06-04 00:13:04,444 INFO  - Received CAM message from veh_34 (at simulation time 84.601,900,000 s)
2024-06-04 00:13:04,444 INFO  - Received CAM message from veh_26 (at simulation time 84.601,900,000 s)
2024-06-04 00:13:04,444 INFO  - Received Detection message from veh_53 to veh_52 (at simulation time 84.602,400,000 s)
2024-06-04 00:13:04,444 INFO  - Forwarded Detection message to rsu_0 (at simulation time 84.602,400,000 s)
2024-06-04 00:13:04,444 INFO  - Received CAM message from veh_10 (at simulation time 84.602,400,000 s)
2024-06-04 00:13:04,444 INFO  - Atempting to process queue (at simulation time 84.700,000,000 s)
2024-06-04 00:13:04,444 INFO  - Vehicle is inside the detection area. (at simulation time 84.700,000,000 s)
2024-06-04 00:13:04,444 INFO  - Sent Detection message to rsu_0 (at simulation time 84.700,000,000 s)
2024-06-04 00:13:04,444 INFO  - Sent broadcast CAM message to all vehicles (at simulation time 84.700,000,000 s)
2024-06-04 00:13:04,446 INFO  - Received CAM message from veh_30 (at simulation time 84.700,400,000 s)
2024-06-04 00:13:04,447 INFO  - Received CAM message from veh_22 (at simulation time 84.700,400,000 s)
2024-06-04 00:13:04,447 INFO  - Received CAM message from veh_14 (at simulation time 84.700,400,000 s)
2024-06-04 00:13:04,447 INFO  - Received Detection message from veh_53 to veh_52 (at simulation time 84.700,900,000 s)
2024-06-04 00:13:04,447 INFO  - Forwarded Detection message to rsu_0 (at simulation time 84.700,900,000 s)
2024-06-04 00:13:04,447 INFO  - Received CAM message from veh_26 (at simulation time 84.700,900,000 s)
2024-06-04 00:13:04,447 INFO  - Received CAM message from veh_53 (at simulation time 84.701,400,000 s)
2024-06-04 00:13:04,447 INFO  - Received CAM message from veh_34 (at simulation time 84.701,900,000 s)
2024-06-04 00:13:04,448 INFO  - Received CAM message from veh_18 (at simulation time 84.701,900,000 s)
2024-06-04 00:13:04,448 INFO  - Received CAM message from veh_10 (at simulation time 84.701,900,000 s)
2024-06-04 00:13:04,448 INFO  - Atempting to process queue (at simulation time 84.800,000,000 s)
2024-06-04 00:13:04,448 INFO  - Vehicle is inside the detection area. (at simulation time 84.800,000,000 s)
2024-06-04 00:13:04,448 INFO  - Sent Detection message to rsu_0 (at simulation time 84.800,000,000 s)
2024-06-04 00:13:04,448 INFO  - Sent broadcast CAM message to all vehicles (at simulation time 84.800,000,000 s)
2024-06-04 00:13:04,449 INFO  - Received CAM message from veh_53 (at simulation time 84.800,400,000 s)
2024-06-04 00:13:04,449 INFO  - Received CAM message from veh_26 (at simulation time 84.800,400,000 s)
2024-06-04 00:13:04,450 INFO  - Received CAM message from veh_34 (at simulation time 84.801,400,000 s)
2024-06-04 00:13:04,450 INFO  - Received CAM message from veh_30 (at simulation time 84.801,400,000 s)
2024-06-04 00:13:04,450 INFO  - Received CAM message from veh_22 (at simulation time 84.801,400,000 s)
2024-06-04 00:13:04,450 INFO  - Received CAM message from veh_18 (at simulation time 84.801,400,000 s)
2024-06-04 00:13:04,451 INFO  - Received CAM message from veh_14 (at simulation time 84.801,900,000 s)
2024-06-04 00:13:04,451 INFO  - Received CAM message from veh_10 (at simulation time 84.801,900,000 s)
2024-06-04 00:13:04,451 INFO  - Received Detection message from veh_53 to veh_52 (at simulation time 84.802,400,000 s)
2024-06-04 00:13:04,451 INFO  - Forwarded Detection message to rsu_0 (at simulation time 84.802,400,000 s)
2024-06-04 00:13:04,452 INFO  - Atempting to process queue (at simulation time 84.900,000,000 s)
2024-06-04 00:13:04,452 INFO  - Vehicle is inside the detection area. (at simulation time 84.900,000,000 s)
2024-06-04 00:13:04,452 INFO  - Sent Detection message to rsu_0 (at simulation time 84.900,000,000 s)
2024-06-04 00:13:04,452 INFO  - Sent broadcast CAM message to all vehicles (at simulation time 84.900,000,000 s)
2024-06-04 00:13:04,453 INFO  - Received Detection message from veh_53 to veh_52 (at simulation time 84.900,400,000 s)
2024-06-04 00:13:04,453 INFO  - Forwarded Detection message to rsu_0 (at simulation time 84.900,400,000 s)
2024-06-04 00:13:04,454 INFO  - Received CAM message from veh_30 (at simulation time 84.900,400,000 s)
2024-06-04 00:13:04,454 INFO  - Received CAM message from veh_26 (at simulation time 84.900,400,000 s)
2024-06-04 00:13:04,454 INFO  - Received CAM message from veh_53 (at simulation time 84.900,900,000 s)
2024-06-04 00:13:04,455 INFO  - Received CAM message from veh_34 (at simulation time 84.901,900,000 s)
2024-06-04 00:13:04,455 INFO  - Received CAM message from veh_22 (at simulation time 84.901,900,000 s)
2024-06-04 00:13:04,455 INFO  - Received CAM message from veh_18 (at simulation time 84.901,900,000 s)
2024-06-04 00:13:04,455 INFO  - Received CAM message from veh_14 (at simulation time 84.901,900,000 s)
2024-06-04 00:13:04,455 INFO  - Received CAM message from veh_10 (at simulation time 84.902,400,000 s)
2024-06-04 00:13:04,467 INFO  - Atempting to process queue (at simulation time 85.000,000,000 s)
2024-06-04 00:13:04,467 INFO  - Vehicle is outside the detection area. (at simulation time 85.000,000,000 s)
2024-06-04 00:13:04,467 INFO  - Sent broadcast CAM message to all vehicles (at simulation time 85.000,000,000 s)
2024-06-04 00:13:04,469 INFO  - Received CAM message from veh_53 (at simulation time 85.000,400,000 s)
2024-06-04 00:13:04,469 INFO  - Received CAM message from veh_34 (at simulation time 85.000,400,000 s)
2024-06-04 00:13:04,469 INFO  - Received CAM message from veh_22 (at simulation time 85.000,400,000 s)
2024-06-04 00:13:04,469 INFO  - Received CAM message from veh_26 (at simulation time 85.000,900,000 s)
2024-06-04 00:13:04,469 INFO  - Received CAM message from veh_10 (at simulation time 85.000,900,000 s)
2024-06-04 00:13:04,469 INFO  - Received CAM message from veh_30 (at simulation time 85.001,400,000 s)
2024-06-04 00:13:04,469 INFO  - Received CAM message from veh_18 (at simulation time 85.001,400,000 s)
2024-06-04 00:13:04,470 INFO  - Received CAM message from veh_14 (at simulation time 85.002,400,000 s)
2024-06-04 00:13:04,470 INFO  - Atempting to process queue (at simulation time 85.100,000,000 s)
2024-06-04 00:13:04,470 INFO  - Vehicle is outside the detection area. (at simulation time 85.100,000,000 s)
2024-06-04 00:13:04,470 INFO  - Sent broadcast CAM message to all vehicles (at simulation time 85.100,000,000 s)
2024-06-04 00:13:04,472 INFO  - Received CAM message from veh_26 (at simulation time 85.100,400,000 s)
2024-06-04 00:13:04,472 INFO  - Received CAM message from veh_34 (at simulation time 85.100,900,000 s)
2024-06-04 00:13:04,472 INFO  - Received CAM message from veh_53 (at simulation time 85.101,400,000 s)
2024-06-04 00:13:04,473 INFO  - Received CAM message from veh_18 (at simulation time 85.101,400,000 s)
2024-06-04 00:13:04,473 INFO  - Received CAM message from veh_22 (at simulation time 85.101,900,000 s)
2024-06-04 00:13:04,473 INFO  - Received CAM message from veh_30 (at simulation time 85.102,400,000 s)
2024-06-04 00:13:04,473 INFO  - Received CAM message from veh_14 (at simulation time 85.102,400,000 s)
2024-06-04 00:13:04,473 INFO  - Received CAM message from veh_10 (at simulation time 85.102,400,000 s)
2024-06-04 00:13:04,473 INFO  - Atempting to process queue (at simulation time 85.200,000,000 s)
2024-06-04 00:13:04,473 INFO  - Vehicle is outside the detection area. (at simulation time 85.200,000,000 s)
2024-06-04 00:13:04,473 INFO  - Sent broadcast CAM message to all vehicles (at simulation time 85.200,000,000 s)
2024-06-04 00:13:04,474 INFO  - Received CAM message from veh_34 (at simulation time 85.200,400,000 s)
2024-06-04 00:13:04,474 INFO  - Received CAM message from veh_26 (at simulation time 85.200,400,000 s)
2024-06-04 00:13:04,474 INFO  - Received CAM message from veh_14 (at simulation time 85.200,400,000 s)
2024-06-04 00:13:04,474 INFO  - Received CAM message from veh_10 (at simulation time 85.200,400,000 s)
2024-06-04 00:13:04,475 INFO  - Received CAM message from veh_30 (at simulation time 85.201,400,000 s)
2024-06-04 00:13:04,475 INFO  - Received CAM message from veh_53 (at simulation time 85.201,900,000 s)
2024-06-04 00:13:04,475 INFO  - Received CAM message from veh_22 (at simulation time 85.201,900,000 s)
2024-06-04 00:13:04,475 INFO  - Received CAM message from veh_18 (at simulation time 85.201,900,000 s)
2024-06-04 00:13:04,475 INFO  - Atempting to process queue (at simulation time 85.300,000,000 s)
2024-06-04 00:13:04,475 INFO  - Vehicle is outside the detection area. (at simulation time 85.300,000,000 s)
2024-06-04 00:13:04,475 INFO  - Sent broadcast CAM message to all vehicles (at simulation time 85.300,000,000 s)
2024-06-04 00:13:04,476 INFO  - Received CAM message from veh_53 (at simulation time 85.300,400,000 s)
2024-06-04 00:13:04,477 INFO  - Received CAM message from veh_14 (at simulation time 85.300,400,000 s)
2024-06-04 00:13:04,477 INFO  - Received CAM message from veh_10 (at simulation time 85.300,400,000 s)
2024-06-04 00:13:04,477 INFO  - Received CAM message from veh_26 (at simulation time 85.300,900,000 s)
2024-06-04 00:13:04,477 INFO  - Received CAM message from veh_30 (at simulation time 85.301,400,000 s)
2024-06-04 00:13:04,477 INFO  - Received CAM message from veh_22 (at simulation time 85.301,400,000 s)
2024-06-04 00:13:04,477 INFO  - Received CAM message from veh_18 (at simulation time 85.301,400,000 s)
2024-06-04 00:13:04,477 INFO  - Received CAM message from veh_34 (at simulation time 85.301,900,000 s)
2024-06-04 00:13:04,477 INFO  - Atempting to process queue (at simulation time 85.400,000,000 s)
2024-06-04 00:13:04,477 INFO  - Vehicle is outside the detection area. (at simulation time 85.400,000,000 s)
2024-06-04 00:13:04,477 INFO  - Sent broadcast CAM message to all vehicles (at simulation time 85.400,000,000 s)
2024-06-04 00:13:04,478 INFO  - Received CAM message from veh_53 (at simulation time 85.400,400,000 s)
2024-06-04 00:13:04,478 INFO  - Received CAM message from veh_26 (at simulation time 85.400,400,000 s)
2024-06-04 00:13:04,478 INFO  - Received CAM message from veh_22 (at simulation time 85.400,400,000 s)
2024-06-04 00:13:04,478 INFO  - Received CAM message from veh_18 (at simulation time 85.400,400,000 s)
2024-06-04 00:13:04,478 INFO  - Received CAM message from veh_14 (at simulation time 85.400,900,000 s)
2024-06-04 00:13:04,478 INFO  - Received CAM message from veh_10 (at simulation time 85.400,900,000 s)
2024-06-04 00:13:04,478 INFO  - Received CAM message from veh_34 (at simulation time 85.401,900,000 s)
2024-06-04 00:13:04,478 INFO  - Received CAM message from veh_30 (at simulation time 85.401,900,000 s)
2024-06-04 00:13:04,479 INFO  - Atempting to process queue (at simulation time 85.500,000,000 s)
2024-06-04 00:13:04,479 INFO  - Vehicle is outside the detection area. (at simulation time 85.500,000,000 s)
2024-06-04 00:13:04,479 INFO  - Sent broadcast CAM message to all vehicles (at simulation time 85.500,000,000 s)
2024-06-04 00:13:04,479 INFO  - Received CAM message from veh_30 (at simulation time 85.500,400,000 s)
2024-06-04 00:13:04,479 INFO  - Received CAM message from veh_18 (at simulation time 85.500,400,000 s)
2024-06-04 00:13:04,480 INFO  - Received CAM message from veh_22 (at simulation time 85.500,900,000 s)
2024-06-04 00:13:04,480 INFO  - Received CAM message from veh_34 (at simulation time 85.501,400,000 s)
2024-06-04 00:13:04,480 INFO  - Received CAM message from veh_14 (at simulation time 85.501,400,000 s)
2024-06-04 00:13:04,480 INFO  - Received CAM message from veh_10 (at simulation time 85.501,400,000 s)
2024-06-04 00:13:04,480 INFO  - Received CAM message from veh_53 (at simulation time 85.501,900,000 s)
2024-06-04 00:13:04,480 INFO  - Received CAM message from veh_26 (at simulation time 85.501,900,000 s)
2024-06-04 00:13:04,481 INFO  - Atempting to process queue (at simulation time 85.600,000,000 s)
2024-06-04 00:13:04,481 INFO  - Vehicle is outside the detection area. (at simulation time 85.600,000,000 s)
2024-06-04 00:13:04,481 INFO  - Sent broadcast CAM message to all vehicles (at simulation time 85.600,000,000 s)
2024-06-04 00:13:04,481 INFO  - Received CAM message from veh_10 (at simulation time 85.600,400,000 s)
2024-06-04 00:13:04,481 INFO  - Received CAM message from veh_53 (at simulation time 85.600,900,000 s)
2024-06-04 00:13:04,481 INFO  - Received CAM message from veh_34 (at simulation time 85.600,900,000 s)
2024-06-04 00:13:04,481 INFO  - Received CAM message from veh_18 (at simulation time 85.600,900,000 s)
2024-06-04 00:13:04,482 INFO  - Received CAM message from veh_30 (at simulation time 85.601,900,000 s)
2024-06-04 00:13:04,482 INFO  - Received CAM message from veh_26 (at simulation time 85.601,900,000 s)
2024-06-04 00:13:04,482 INFO  - Received CAM message from veh_22 (at simulation time 85.601,900,000 s)
2024-06-04 00:13:04,482 INFO  - Received CAM message from veh_14 (at simulation time 85.601,900,000 s)
2024-06-04 00:13:04,482 INFO  - Atempting to process queue (at simulation time 85.700,000,000 s)
2024-06-04 00:13:04,482 INFO  - Vehicle is outside the detection area. (at simulation time 85.700,000,000 s)
2024-06-04 00:13:04,482 INFO  - Sent broadcast CAM message to all vehicles (at simulation time 85.700,000,000 s)
2024-06-04 00:13:04,482 INFO  - Received CAM message from veh_53 (at simulation time 85.700,400,000 s)
2024-06-04 00:13:04,483 INFO  - Received CAM message from veh_26 (at simulation time 85.700,400,000 s)
2024-06-04 00:13:04,483 INFO  - Received CAM message from veh_14 (at simulation time 85.700,400,000 s)
2024-06-04 00:13:04,483 INFO  - Received CAM message from veh_18 (at simulation time 85.700,900,000 s)
2024-06-04 00:13:04,483 INFO  - Received CAM message from veh_10 (at simulation time 85.700,900,000 s)
2024-06-04 00:13:04,484 INFO  - Received CAM message from veh_34 (at simulation time 85.701,900,000 s)
2024-06-04 00:13:04,484 INFO  - Received CAM message from veh_30 (at simulation time 85.702,400,000 s)
2024-06-04 00:13:04,484 INFO  - Received CAM message from veh_22 (at simulation time 85.702,400,000 s)
2024-06-04 00:13:04,484 INFO  - Atempting to process queue (at simulation time 85.800,000,000 s)
2024-06-04 00:13:04,484 INFO  - Vehicle is outside the detection area. (at simulation time 85.800,000,000 s)
2024-06-04 00:13:04,484 INFO  - Sent broadcast CAM message to all vehicles (at simulation time 85.800,000,000 s)
2024-06-04 00:13:04,486 INFO  - Received CAM message from veh_14 (at simulation time 85.800,400,000 s)
2024-06-04 00:13:04,486 INFO  - Received CAM message from veh_26 (at simulation time 85.800,900,000 s)
2024-06-04 00:13:04,486 INFO  - Received CAM message from veh_30 (at simulation time 85.801,400,000 s)
2024-06-04 00:13:04,486 INFO  - Received CAM message from veh_18 (at simulation time 85.801,400,000 s)
2024-06-04 00:13:04,486 INFO  - Received CAM message from veh_53 (at simulation time 85.801,900,000 s)
2024-06-04 00:13:04,487 INFO  - Received CAM message from veh_10 (at simulation time 85.801,900,000 s)
2024-06-04 00:13:04,487 INFO  - Received CAM message from veh_34 (at simulation time 85.802,400,000 s)
2024-06-04 00:13:04,487 INFO  - Received CAM message from veh_22 (at simulation time 85.802,400,000 s)
2024-06-04 00:13:04,487 INFO  - Atempting to process queue (at simulation time 85.900,000,000 s)
2024-06-04 00:13:04,487 INFO  - Vehicle is outside the detection area. (at simulation time 85.900,000,000 s)
2024-06-04 00:13:04,487 INFO  - Sent broadcast CAM message to all vehicles (at simulation time 85.900,000,000 s)
2024-06-04 00:13:04,488 INFO  - Received CAM message from veh_18 (at simulation time 85.900,400,000 s)
2024-06-04 00:13:04,488 INFO  - Received CAM message from veh_10 (at simulation time 85.900,400,000 s)
2024-06-04 00:13:04,488 INFO  - Received CAM message from veh_53 (at simulation time 85.900,900,000 s)
2024-06-04 00:13:04,488 INFO  - Received CAM message from veh_34 (at simulation time 85.901,900,000 s)
2024-06-04 00:13:04,488 INFO  - Received CAM message from veh_26 (at simulation time 85.901,900,000 s)
2024-06-04 00:13:04,488 INFO  - Received CAM message from veh_22 (at simulation time 85.901,900,000 s)
2024-06-04 00:13:04,489 INFO  - Received CAM message from veh_14 (at simulation time 85.901,900,000 s)
2024-06-04 00:13:04,489 INFO  - Received CAM message from veh_30 (at simulation time 85.902,400,000 s)
2024-06-04 00:13:04,492 INFO  - Atempting to process queue (at simulation time 86.000,000,000 s)
2024-06-04 00:13:04,492 INFO  - Vehicle is outside the detection area. (at simulation time 86.000,000,000 s)
2024-06-04 00:13:04,492 INFO  - Sent broadcast CAM message to all vehicles (at simulation time 86.000,000,000 s)
2024-06-04 00:13:04,494 INFO  - Received CAM message from veh_18 (at simulation time 86.000,400,000 s)
2024-06-04 00:13:04,494 INFO  - Received CAM message from veh_53 (at simulation time 86.000,900,000 s)
2024-06-04 00:13:04,494 INFO  - Received CAM message from veh_26 (at simulation time 86.000,900,000 s)
2024-06-04 00:13:04,494 INFO  - Received CAM message from veh_14 (at simulation time 86.000,900,000 s)
2024-06-04 00:13:04,495 INFO  - Received CAM message from veh_22 (at simulation time 86.002,400,000 s)
2024-06-04 00:13:04,495 INFO  - Received CAM message from veh_10 (at simulation time 86.002,400,000 s)
2024-06-04 00:13:04,495 INFO  - Atempting to process queue (at simulation time 86.100,000,000 s)
2024-06-04 00:13:04,495 INFO  - Vehicle is outside the detection area. (at simulation time 86.100,000,000 s)
2024-06-04 00:13:04,495 INFO  - Sent broadcast CAM message to all vehicles (at simulation time 86.100,000,000 s)
2024-06-04 00:13:04,495 INFO  - Received CAM message from veh_22 (at simulation time 86.100,400,000 s)
2024-06-04 00:13:04,496 INFO  - Received CAM message from veh_53 (at simulation time 86.101,400,000 s)
2024-06-04 00:13:04,496 INFO  - Received CAM message from veh_26 (at simulation time 86.101,900,000 s)
2024-06-04 00:13:04,496 INFO  - Received CAM message from veh_18 (at simulation time 86.101,900,000 s)
2024-06-04 00:13:04,496 INFO  - Received CAM message from veh_14 (at simulation time 86.101,900,000 s)
2024-06-04 00:13:04,496 INFO  - Received CAM message from veh_10 (at simulation time 86.101,900,000 s)
2024-06-04 00:13:04,496 INFO  - Atempting to process queue (at simulation time 86.200,000,000 s)
2024-06-04 00:13:04,496 INFO  - Vehicle is outside the detection area. (at simulation time 86.200,000,000 s)
2024-06-04 00:13:04,496 INFO  - Sent broadcast CAM message to all vehicles (at simulation time 86.200,000,000 s)
2024-06-04 00:13:04,497 INFO  - Received CAM message from veh_53 (at simulation time 86.200,400,000 s)
2024-06-04 00:13:04,497 INFO  - Received CAM message from veh_26 (at simulation time 86.200,400,000 s)
2024-06-04 00:13:04,498 INFO  - Received CAM message from veh_14 (at simulation time 86.201,400,000 s)
2024-06-04 00:13:04,498 INFO  - Received CAM message from veh_22 (at simulation time 86.201,900,000 s)
2024-06-04 00:13:04,498 INFO  - Received CAM message from veh_18 (at simulation time 86.201,900,000 s)
2024-06-04 00:13:04,498 INFO  - Received CAM message from veh_10 (at simulation time 86.202,400,000 s)
2024-06-04 00:13:04,499 INFO  - Atempting to process queue (at simulation time 86.300,000,000 s)
2024-06-04 00:13:04,499 INFO  - Vehicle is outside the detection area. (at simulation time 86.300,000,000 s)
2024-06-04 00:13:04,499 INFO  - Sent broadcast CAM message to all vehicles (at simulation time 86.300,000,000 s)
2024-06-04 00:13:04,499 INFO  - Received CAM message from veh_53 (at simulation time 86.301,400,000 s)
2024-06-04 00:13:04,500 INFO  - Received CAM message from veh_26 (at simulation time 86.301,400,000 s)
2024-06-04 00:13:04,500 INFO  - Received CAM message from veh_14 (at simulation time 86.301,400,000 s)
2024-06-04 00:13:04,500 INFO  - Received CAM message from veh_18 (at simulation time 86.301,900,000 s)
2024-06-04 00:13:04,500 INFO  - Received CAM message from veh_10 (at simulation time 86.301,900,000 s)
2024-06-04 00:13:04,500 INFO  - Received CAM message from veh_22 (at simulation time 86.302,400,000 s)
2024-06-04 00:13:04,500 INFO  - Atempting to process queue (at simulation time 86.400,000,000 s)
2024-06-04 00:13:04,500 INFO  - Vehicle is outside the detection area. (at simulation time 86.400,000,000 s)
2024-06-04 00:13:04,500 INFO  - Sent broadcast CAM message to all vehicles (at simulation time 86.400,000,000 s)
2024-06-04 00:13:04,501 INFO  - Received CAM message from veh_53 (at simulation time 86.400,400,000 s)
2024-06-04 00:13:04,501 INFO  - Received CAM message from veh_26 (at simulation time 86.400,900,000 s)
2024-06-04 00:13:04,501 INFO  - Received CAM message from veh_18 (at simulation time 86.400,900,000 s)
2024-06-04 00:13:04,503 INFO  - Received CAM message from veh_14 (at simulation time 86.401,900,000 s)
2024-06-04 00:13:04,503 INFO  - Received CAM message from veh_22 (at simulation time 86.402,400,000 s)
2024-06-04 00:13:04,503 INFO  - Received CAM message from veh_10 (at simulation time 86.402,400,000 s)
2024-06-04 00:13:04,504 INFO  - Atempting to process queue (at simulation time 86.500,000,000 s)
2024-06-04 00:13:04,504 INFO  - Vehicle is outside the detection area. (at simulation time 86.500,000,000 s)
2024-06-04 00:13:04,504 INFO  - Sent broadcast CAM message to all vehicles (at simulation time 86.500,000,000 s)
2024-06-04 00:13:04,504 INFO  - Received CAM message from veh_53 (at simulation time 86.500,400,000 s)
2024-06-04 00:13:04,505 INFO  - Received CAM message from veh_14 (at simulation time 86.500,900,000 s)
2024-06-04 00:13:04,505 INFO  - Received CAM message from veh_26 (at simulation time 86.501,400,000 s)
2024-06-04 00:13:04,505 INFO  - Received CAM message from veh_10 (at simulation time 86.501,400,000 s)
2024-06-04 00:13:04,505 INFO  - Received CAM message from veh_22 (at simulation time 86.501,900,000 s)
2024-06-04 00:13:04,505 INFO  - Received CAM message from veh_18 (at simulation time 86.502,400,000 s)
2024-06-04 00:13:04,505 INFO  - Atempting to process queue (at simulation time 86.600,000,000 s)
2024-06-04 00:13:04,505 INFO  - Vehicle is outside the detection area. (at simulation time 86.600,000,000 s)
2024-06-04 00:13:04,505 INFO  - Sent broadcast CAM message to all vehicles (at simulation time 86.600,000,000 s)
2024-06-04 00:13:04,506 INFO  - Received CAM message from veh_14 (at simulation time 86.600,400,000 s)
2024-06-04 00:13:04,506 INFO  - Received CAM message from veh_53 (at simulation time 86.600,900,000 s)
2024-06-04 00:13:04,507 INFO  - Received CAM message from veh_26 (at simulation time 86.601,400,000 s)
2024-06-04 00:13:04,507 INFO  - Received CAM message from veh_22 (at simulation time 86.601,900,000 s)
2024-06-04 00:13:04,507 INFO  - Received CAM message from veh_18 (at simulation time 86.601,900,000 s)
2024-06-04 00:13:04,507 INFO  - Received CAM message from veh_10 (at simulation time 86.601,900,000 s)
2024-06-04 00:13:04,507 INFO  - Atempting to process queue (at simulation time 86.700,000,000 s)
2024-06-04 00:13:04,507 INFO  - Vehicle is outside the detection area. (at simulation time 86.700,000,000 s)
2024-06-04 00:13:04,507 INFO  - Sent broadcast CAM message to all vehicles (at simulation time 86.700,000,000 s)
2024-06-04 00:13:04,509 INFO  - Received CAM message from veh_26 (at simulation time 86.700,400,000 s)
2024-06-04 00:13:04,509 INFO  - Received CAM message from veh_14 (at simulation time 86.700,400,000 s)
2024-06-04 00:13:04,509 INFO  - Received CAM message from veh_22 (at simulation time 86.700,900,000 s)
2024-06-04 00:13:04,509 INFO  - Received CAM message from veh_18 (at simulation time 86.701,400,000 s)
2024-06-04 00:13:04,509 INFO  - Received CAM message from veh_10 (at simulation time 86.701,400,000 s)
2024-06-04 00:13:04,509 INFO  - Received CAM message from veh_53 (at simulation time 86.702,400,000 s)
2024-06-04 00:13:04,509 INFO  - Atempting to process queue (at simulation time 86.800,000,000 s)
2024-06-04 00:13:04,509 INFO  - Vehicle is outside the detection area. (at simulation time 86.800,000,000 s)
2024-06-04 00:13:04,509 INFO  - Sent broadcast CAM message to all vehicles (at simulation time 86.800,000,000 s)
2024-06-04 00:13:04,510 INFO  - Received CAM message from veh_53 (at simulation time 86.800,900,000 s)
2024-06-04 00:13:04,510 INFO  - Received CAM message from veh_26 (at simulation time 86.800,900,000 s)
2024-06-04 00:13:04,510 INFO  - Received CAM message from veh_18 (at simulation time 86.800,900,000 s)
2024-06-04 00:13:04,510 INFO  - Received CAM message from veh_22 (at simulation time 86.801,400,000 s)
2024-06-04 00:13:04,510 INFO  - Received CAM message from veh_14 (at simulation time 86.801,900,000 s)
2024-06-04 00:13:04,511 INFO  - Received CAM message from veh_10 (at simulation time 86.802,400,000 s)
2024-06-04 00:13:04,511 INFO  - Atempting to process queue (at simulation time 86.900,000,000 s)
2024-06-04 00:13:04,511 INFO  - Vehicle is outside the detection area. (at simulation time 86.900,000,000 s)
2024-06-04 00:13:04,511 INFO  - Sent broadcast CAM message to all vehicles (at simulation time 86.900,000,000 s)
2024-06-04 00:13:04,512 INFO  - Received CAM message from veh_10 (at simulation time 86.900,400,000 s)
2024-06-04 00:13:04,512 INFO  - Received CAM message from veh_14 (at simulation time 86.900,900,000 s)
2024-06-04 00:13:04,512 INFO  - Received CAM message from veh_22 (at simulation time 86.901,900,000 s)
2024-06-04 00:13:04,512 INFO  - Received CAM message from veh_18 (at simulation time 86.901,900,000 s)
2024-06-04 00:13:04,512 INFO  - Received CAM message from veh_53 (at simulation time 86.902,400,000 s)
2024-06-04 00:13:04,513 INFO  - Received CAM message from veh_26 (at simulation time 86.902,400,000 s)
2024-06-04 00:13:04,515 INFO  - Atempting to process queue (at simulation time 87.000,000,000 s)
2024-06-04 00:13:04,515 INFO  - Vehicle is outside the detection area. (at simulation time 87.000,000,000 s)
2024-06-04 00:13:04,515 INFO  - Sent broadcast CAM message to all vehicles (at simulation time 87.000,000,000 s)
2024-06-04 00:13:04,517 INFO  - Received CAM message from veh_10 (at simulation time 87.000,400,000 s)
2024-06-04 00:13:04,517 INFO  - Received CAM message from veh_53 (at simulation time 87.001,400,000 s)
2024-06-04 00:13:04,517 INFO  - Received CAM message from veh_22 (at simulation time 87.001,400,000 s)
2024-06-04 00:13:04,517 INFO  - Received CAM message from veh_18 (at simulation time 87.001,900,000 s)
2024-06-04 00:13:04,518 INFO  - Received CAM message from veh_14 (at simulation time 87.002,400,000 s)
2024-06-04 00:13:04,518 INFO  - Atempting to process queue (at simulation time 87.100,000,000 s)
2024-06-04 00:13:04,518 INFO  - Vehicle is outside the detection area. (at simulation time 87.100,000,000 s)
2024-06-04 00:13:04,518 INFO  - Sent broadcast CAM message to all vehicles (at simulation time 87.100,000,000 s)
2024-06-04 00:13:04,520 INFO  - Received CAM message from veh_22 (at simulation time 87.100,400,000 s)
2024-06-04 00:13:04,521 INFO  - Received CAM message from veh_53 (at simulation time 87.101,400,000 s)
2024-06-04 00:13:04,521 INFO  - Received CAM message from veh_18 (at simulation time 87.101,400,000 s)
2024-06-04 00:13:04,521 INFO  - Received CAM message from veh_10 (at simulation time 87.101,400,000 s)
2024-06-04 00:13:04,521 INFO  - Received CAM message from veh_14 (at simulation time 87.102,400,000 s)
2024-06-04 00:13:04,521 INFO  - Atempting to process queue (at simulation time 87.200,000,000 s)
2024-06-04 00:13:04,521 INFO  - Vehicle is outside the detection area. (at simulation time 87.200,000,000 s)
2024-06-04 00:13:04,521 INFO  - Sent broadcast CAM message to all vehicles (at simulation time 87.200,000,000 s)
2024-06-04 00:13:04,522 INFO  - Received CAM message from veh_53 (at simulation time 87.200,400,000 s)
2024-06-04 00:13:04,522 INFO  - Received CAM message from veh_14 (at simulation time 87.200,400,000 s)
2024-06-04 00:13:04,523 INFO  - Received CAM message from veh_18 (at simulation time 87.200,900,000 s)
2024-06-04 00:13:04,523 INFO  - Received CAM message from veh_10 (at simulation time 87.201,400,000 s)
2024-06-04 00:13:04,523 INFO  - Received CAM message from veh_22 (at simulation time 87.201,900,000 s)
2024-06-04 00:13:04,524 INFO  - Atempting to process queue (at simulation time 87.300,000,000 s)
2024-06-04 00:13:04,524 INFO  - Vehicle is outside the detection area. (at simulation time 87.300,000,000 s)
2024-06-04 00:13:04,524 INFO  - Sent broadcast CAM message to all vehicles (at simulation time 87.300,000,000 s)
2024-06-04 00:13:04,525 INFO  - Received CAM message from veh_53 (at simulation time 87.300,900,000 s)
2024-06-04 00:13:04,525 INFO  - Received CAM message from veh_14 (at simulation time 87.300,900,000 s)
2024-06-04 00:13:04,526 INFO  - Received CAM message from veh_18 (at simulation time 87.301,400,000 s)
2024-06-04 00:13:04,526 INFO  - Received CAM message from veh_10 (at simulation time 87.301,900,000 s)
2024-06-04 00:13:04,526 INFO  - Received CAM message from veh_22 (at simulation time 87.302,400,000 s)
2024-06-04 00:13:04,526 INFO  - Atempting to process queue (at simulation time 87.400,000,000 s)
2024-06-04 00:13:04,526 INFO  - Vehicle is outside the detection area. (at simulation time 87.400,000,000 s)
2024-06-04 00:13:04,526 INFO  - Sent broadcast CAM message to all vehicles (at simulation time 87.400,000,000 s)
2024-06-04 00:13:04,527 INFO  - Received CAM message from veh_53 (at simulation time 87.400,400,000 s)
2024-06-04 00:13:04,527 INFO  - Received CAM message from veh_22 (at simulation time 87.400,900,000 s)
2024-06-04 00:13:04,527 INFO  - Received CAM message from veh_18 (at simulation time 87.400,900,000 s)
2024-06-04 00:13:04,528 INFO  - Received CAM message from veh_14 (at simulation time 87.401,900,000 s)
2024-06-04 00:13:04,528 INFO  - Received CAM message from veh_10 (at simulation time 87.402,400,000 s)
2024-06-04 00:13:04,528 INFO  - Atempting to process queue (at simulation time 87.500,000,000 s)
2024-06-04 00:13:04,528 INFO  - Vehicle is outside the detection area. (at simulation time 87.500,000,000 s)
2024-06-04 00:13:04,528 INFO  - Sent broadcast CAM message to all vehicles (at simulation time 87.500,000,000 s)
2024-06-04 00:13:04,528 INFO  - Received CAM message from veh_22 (at simulation time 87.500,400,000 s)
2024-06-04 00:13:04,529 INFO  - Received CAM message from veh_10 (at simulation time 87.500,400,000 s)
2024-06-04 00:13:04,529 INFO  - Received CAM message from veh_18 (at simulation time 87.500,900,000 s)
2024-06-04 00:13:04,529 INFO  - Received CAM message from veh_53 (at simulation time 87.502,400,000 s)
2024-06-04 00:13:04,530 INFO  - Received CAM message from veh_14 (at simulation time 87.502,400,000 s)
2024-06-04 00:13:04,530 INFO  - Atempting to process queue (at simulation time 87.600,000,000 s)
2024-06-04 00:13:04,530 INFO  - Vehicle is outside the detection area. (at simulation time 87.600,000,000 s)
2024-06-04 00:13:04,530 INFO  - Sent broadcast CAM message to all vehicles (at simulation time 87.600,000,000 s)
2024-06-04 00:13:04,530 INFO  - Received CAM message from veh_53 (at simulation time 87.600,400,000 s)
2024-06-04 00:13:04,530 INFO  - Received CAM message from veh_14 (at simulation time 87.600,400,000 s)
2024-06-04 00:13:04,530 INFO  - Received CAM message from veh_10 (at simulation time 87.600,400,000 s)
2024-06-04 00:13:04,531 INFO  - Received CAM message from veh_18 (at simulation time 87.601,900,000 s)
2024-06-04 00:13:04,531 INFO  - Received CAM message from veh_22 (at simulation time 87.602,400,000 s)
2024-06-04 00:13:04,531 INFO  - Atempting to process queue (at simulation time 87.700,000,000 s)
2024-06-04 00:13:04,531 INFO  - Vehicle is outside the detection area. (at simulation time 87.700,000,000 s)
2024-06-04 00:13:04,531 INFO  - Sent broadcast CAM message to all vehicles (at simulation time 87.700,000,000 s)
2024-06-04 00:13:04,532 INFO  - Received CAM message from veh_14 (at simulation time 87.700,900,000 s)
2024-06-04 00:13:04,532 INFO  - Received CAM message from veh_53 (at simulation time 87.701,400,000 s)
2024-06-04 00:13:04,533 INFO  - Received CAM message from veh_22 (at simulation time 87.701,400,000 s)
2024-06-04 00:13:04,533 INFO  - Received CAM message from veh_18 (at simulation time 87.701,400,000 s)
2024-06-04 00:13:04,533 INFO  - Received CAM message from veh_10 (at simulation time 87.701,400,000 s)
2024-06-04 00:13:04,533 INFO  - Atempting to process queue (at simulation time 87.800,000,000 s)
2024-06-04 00:13:04,533 INFO  - Vehicle is outside the detection area. (at simulation time 87.800,000,000 s)
2024-06-04 00:13:04,533 INFO  - Sent broadcast CAM message to all vehicles (at simulation time 87.800,000,000 s)
2024-06-04 00:13:04,536 INFO  - Received CAM message from veh_53 (at simulation time 87.800,400,000 s)
2024-06-04 00:13:04,536 INFO  - Received CAM message from veh_18 (at simulation time 87.800,400,000 s)
2024-06-04 00:13:04,536 INFO  - Received CAM message from veh_10 (at simulation time 87.800,400,000 s)
2024-06-04 00:13:04,536 INFO  - Received CAM message from veh_22 (at simulation time 87.800,900,000 s)
2024-06-04 00:13:04,537 INFO  - Received CAM message from veh_14 (at simulation time 87.802,400,000 s)
2024-06-04 00:13:04,537 INFO  - Atempting to process queue (at simulation time 87.900,000,000 s)
2024-06-04 00:13:04,537 INFO  - Vehicle is outside the detection area. (at simulation time 87.900,000,000 s)
2024-06-04 00:13:04,537 INFO  - Sent broadcast CAM message to all vehicles (at simulation time 87.900,000,000 s)
2024-06-04 00:13:04,538 INFO  - Received CAM message from veh_18 (at simulation time 87.900,400,000 s)
2024-06-04 00:13:04,538 INFO  - Received CAM message from veh_10 (at simulation time 87.900,900,000 s)
2024-06-04 00:13:04,539 INFO  - Received CAM message from veh_53 (at simulation time 87.901,900,000 s)
2024-06-04 00:13:04,539 INFO  - Received CAM message from veh_22 (at simulation time 87.901,900,000 s)
2024-06-04 00:13:04,539 INFO  - Received CAM message from veh_14 (at simulation time 87.901,900,000 s)
2024-06-04 00:13:04,542 INFO  - Atempting to process queue (at simulation time 88.000,000,000 s)
2024-06-04 00:13:04,542 INFO  - Vehicle is outside the detection area. (at simulation time 88.000,000,000 s)
2024-06-04 00:13:04,542 INFO  - Sent broadcast CAM message to all vehicles (at simulation time 88.000,000,000 s)
2024-06-04 00:13:04,543 INFO  - Received CAM message from veh_10 (at simulation time 88.000,400,000 s)
2024-06-04 00:13:04,544 INFO  - Received CAM message from veh_22 (at simulation time 88.001,900,000 s)
2024-06-04 00:13:04,544 INFO  - Received CAM message from veh_53 (at simulation time 88.002,400,000 s)
2024-06-04 00:13:04,544 INFO  - Received CAM message from veh_14 (at simulation time 88.002,400,000 s)
2024-06-04 00:13:04,544 INFO  - Atempting to process queue (at simulation time 88.100,000,000 s)
2024-06-04 00:13:04,544 INFO  - Vehicle is outside the detection area. (at simulation time 88.100,000,000 s)
2024-06-04 00:13:04,544 INFO  - Sent broadcast CAM message to all vehicles (at simulation time 88.100,000,000 s)
2024-06-04 00:13:04,544 INFO  - Received CAM message from veh_53 (at simulation time 88.100,400,000 s)
2024-06-04 00:13:04,544 INFO  - Received CAM message from veh_22 (at simulation time 88.100,400,000 s)
2024-06-04 00:13:04,545 INFO  - Received CAM message from veh_14 (at simulation time 88.102,400,000 s)
2024-06-04 00:13:04,545 INFO  - Received CAM message from veh_10 (at simulation time 88.102,400,000 s)
2024-06-04 00:13:04,545 INFO  - Atempting to process queue (at simulation time 88.200,000,000 s)
2024-06-04 00:13:04,545 INFO  - Vehicle is outside the detection area. (at simulation time 88.200,000,000 s)
2024-06-04 00:13:04,545 INFO  - Sent broadcast CAM message to all vehicles (at simulation time 88.200,000,000 s)
2024-06-04 00:13:04,546 INFO  - Received CAM message from veh_53 (at simulation time 88.200,400,000 s)
2024-06-04 00:13:04,546 INFO  - Received CAM message from veh_10 (at simulation time 88.200,400,000 s)
2024-06-04 00:13:04,547 INFO  - Received CAM message from veh_22 (at simulation time 88.201,900,000 s)
2024-06-04 00:13:04,547 INFO  - Received CAM message from veh_14 (at simulation time 88.201,900,000 s)
2024-06-04 00:13:04,547 INFO  - Atempting to process queue (at simulation time 88.300,000,000 s)
2024-06-04 00:13:04,547 INFO  - Vehicle is outside the detection area. (at simulation time 88.300,000,000 s)
2024-06-04 00:13:04,547 INFO  - Sent broadcast CAM message to all vehicles (at simulation time 88.300,000,000 s)
2024-06-04 00:13:04,547 INFO  - Received CAM message from veh_53 (at simulation time 88.300,400,000 s)
2024-06-04 00:13:04,548 INFO  - Received CAM message from veh_14 (at simulation time 88.300,900,000 s)
2024-06-04 00:13:04,548 INFO  - Received CAM message from veh_10 (at simulation time 88.300,900,000 s)
2024-06-04 00:13:04,548 INFO  - Received CAM message from veh_22 (at simulation time 88.301,400,000 s)
2024-06-04 00:13:04,548 INFO  - Atempting to process queue (at simulation time 88.400,000,000 s)
2024-06-04 00:13:04,548 INFO  - Vehicle is outside the detection area. (at simulation time 88.400,000,000 s)
2024-06-04 00:13:04,548 INFO  - Sent broadcast CAM message to all vehicles (at simulation time 88.400,000,000 s)
2024-06-04 00:13:04,549 INFO  - Received CAM message from veh_10 (at simulation time 88.400,400,000 s)
2024-06-04 00:13:04,549 INFO  - Received CAM message from veh_53 (at simulation time 88.401,400,000 s)
2024-06-04 00:13:04,550 INFO  - Received CAM message from veh_22 (at simulation time 88.401,900,000 s)
2024-06-04 00:13:04,550 INFO  - Received CAM message from veh_14 (at simulation time 88.401,900,000 s)
2024-06-04 00:13:04,550 INFO  - Atempting to process queue (at simulation time 88.500,000,000 s)
2024-06-04 00:13:04,550 INFO  - Vehicle is outside the detection area. (at simulation time 88.500,000,000 s)
2024-06-04 00:13:04,550 INFO  - Sent broadcast CAM message to all vehicles (at simulation time 88.500,000,000 s)
2024-06-04 00:13:04,551 INFO  - Received CAM message from veh_14 (at simulation time 88.500,900,000 s)
2024-06-04 00:13:04,551 INFO  - Received CAM message from veh_53 (at simulation time 88.501,900,000 s)
2024-06-04 00:13:04,551 INFO  - Received CAM message from veh_10 (at simulation time 88.501,900,000 s)
2024-06-04 00:13:04,552 INFO  - Received CAM message from veh_22 (at simulation time 88.502,400,000 s)
2024-06-04 00:13:04,552 INFO  - Atempting to process queue (at simulation time 88.600,000,000 s)
2024-06-04 00:13:04,552 INFO  - Vehicle is outside the detection area. (at simulation time 88.600,000,000 s)
2024-06-04 00:13:04,552 INFO  - Sent broadcast CAM message to all vehicles (at simulation time 88.600,000,000 s)
2024-06-04 00:13:04,553 INFO  - Received CAM message from veh_53 (at simulation time 88.600,400,000 s)
2024-06-04 00:13:04,553 INFO  - Received CAM message from veh_22 (at simulation time 88.600,400,000 s)
2024-06-04 00:13:04,553 INFO  - Received CAM message from veh_14 (at simulation time 88.601,400,000 s)
2024-06-04 00:13:04,553 INFO  - Received CAM message from veh_10 (at simulation time 88.602,400,000 s)
2024-06-04 00:13:04,554 INFO  - Atempting to process queue (at simulation time 88.700,000,000 s)
2024-06-04 00:13:04,554 INFO  - Vehicle is outside the detection area. (at simulation time 88.700,000,000 s)
2024-06-04 00:13:04,554 INFO  - Sent broadcast CAM message to all vehicles (at simulation time 88.700,000,000 s)
2024-06-04 00:13:04,555 INFO  - Received CAM message from veh_53 (at simulation time 88.700,900,000 s)
2024-06-04 00:13:04,556 INFO  - Received CAM message from veh_10 (at simulation time 88.701,900,000 s)
2024-06-04 00:13:04,556 INFO  - Received CAM message from veh_22 (at simulation time 88.702,400,000 s)
2024-06-04 00:13:04,556 INFO  - Received CAM message from veh_14 (at simulation time 88.702,400,000 s)
2024-06-04 00:13:04,557 INFO  - Atempting to process queue (at simulation time 88.800,000,000 s)
2024-06-04 00:13:04,557 INFO  - Vehicle is outside the detection area. (at simulation time 88.800,000,000 s)
2024-06-04 00:13:04,557 INFO  - Sent broadcast CAM message to all vehicles (at simulation time 88.800,000,000 s)
2024-06-04 00:13:04,557 INFO  - Received CAM message from veh_53 (at simulation time 88.801,400,000 s)
2024-06-04 00:13:04,558 INFO  - Received CAM message from veh_22 (at simulation time 88.801,400,000 s)
2024-06-04 00:13:04,558 INFO  - Received CAM message from veh_10 (at simulation time 88.801,400,000 s)
2024-06-04 00:13:04,558 INFO  - Received CAM message from veh_14 (at simulation time 88.801,900,000 s)
2024-06-04 00:13:04,558 INFO  - Atempting to process queue (at simulation time 88.900,000,000 s)
2024-06-04 00:13:04,558 INFO  - Vehicle is outside the detection area. (at simulation time 88.900,000,000 s)
2024-06-04 00:13:04,558 INFO  - Sent broadcast CAM message to all vehicles (at simulation time 88.900,000,000 s)
2024-06-04 00:13:04,559 INFO  - Received CAM message from veh_22 (at simulation time 88.900,400,000 s)
2024-06-04 00:13:04,559 INFO  - Received CAM message from veh_53 (at simulation time 88.900,900,000 s)
2024-06-04 00:13:04,559 INFO  - Received CAM message from veh_14 (at simulation time 88.901,400,000 s)
2024-06-04 00:13:04,559 INFO  - Received CAM message from veh_10 (at simulation time 88.901,400,000 s)
2024-06-04 00:13:04,562 INFO  - Atempting to process queue (at simulation time 89.000,000,000 s)
2024-06-04 00:13:04,562 INFO  - Vehicle is outside the detection area. (at simulation time 89.000,000,000 s)
2024-06-04 00:13:04,562 INFO  - Sent broadcast CAM message to all vehicles (at simulation time 89.000,000,000 s)
2024-06-04 00:13:04,563 INFO  - Received CAM message from veh_10 (at simulation time 89.000,900,000 s)
2024-06-04 00:13:04,564 INFO  - Atempting to process queue (at simulation time 89.100,000,000 s)
2024-06-04 00:13:04,564 INFO  - Vehicle is outside the detection area. (at simulation time 89.100,000,000 s)
2024-06-04 00:13:04,564 INFO  - Sent broadcast CAM message to all vehicles (at simulation time 89.100,000,000 s)
2024-06-04 00:13:04,565 INFO  - Received CAM message from veh_10 (at simulation time 89.100,900,000 s)
2024-06-04 00:13:04,566 INFO  - Atempting to process queue (at simulation time 89.200,000,000 s)
2024-06-04 00:13:04,566 INFO  - Vehicle is outside the detection area. (at simulation time 89.200,000,000 s)
2024-06-04 00:13:04,566 INFO  - Sent broadcast CAM message to all vehicles (at simulation time 89.200,000,000 s)
2024-06-04 00:13:04,567 INFO  - Received CAM message from veh_10 (at simulation time 89.201,400,000 s)
2024-06-04 00:13:04,568 INFO  - Atempting to process queue (at simulation time 89.300,000,000 s)
2024-06-04 00:13:04,568 INFO  - Vehicle is outside the detection area. (at simulation time 89.300,000,000 s)
2024-06-04 00:13:04,568 INFO  - Sent broadcast CAM message to all vehicles (at simulation time 89.300,000,000 s)
2024-06-04 00:13:04,571 INFO  - Received CAM message from veh_10 (at simulation time 89.302,400,000 s)
2024-06-04 00:13:04,571 INFO  - Atempting to process queue (at simulation time 89.400,000,000 s)
2024-06-04 00:13:04,571 INFO  - Vehicle is outside the detection area. (at simulation time 89.400,000,000 s)
2024-06-04 00:13:04,571 INFO  - Sent broadcast CAM message to all vehicles (at simulation time 89.400,000,000 s)
2024-06-04 00:13:04,572 INFO  - Received CAM message from veh_10 (at simulation time 89.401,400,000 s)
2024-06-04 00:13:04,572 INFO  - Atempting to process queue (at simulation time 89.500,000,000 s)
2024-06-04 00:13:04,572 INFO  - Vehicle is outside the detection area. (at simulation time 89.500,000,000 s)
2024-06-04 00:13:04,572 INFO  - Sent broadcast CAM message to all vehicles (at simulation time 89.500,000,000 s)
2024-06-04 00:13:04,573 INFO  - Received CAM message from veh_10 (at simulation time 89.500,400,000 s)
2024-06-04 00:13:04,574 INFO  - Atempting to process queue (at simulation time 89.600,000,000 s)
2024-06-04 00:13:04,574 INFO  - Vehicle is outside the detection area. (at simulation time 89.600,000,000 s)
2024-06-04 00:13:04,574 INFO  - Sent broadcast CAM message to all vehicles (at simulation time 89.600,000,000 s)
2024-06-04 00:13:04,576 INFO  - Received CAM message from veh_10 (at simulation time 89.602,400,000 s)
2024-06-04 00:13:04,576 INFO  - Atempting to process queue (at simulation time 89.700,000,000 s)
2024-06-04 00:13:04,576 INFO  - Vehicle is outside the detection area. (at simulation time 89.700,000,000 s)
2024-06-04 00:13:04,576 INFO  - Sent broadcast CAM message to all vehicles (at simulation time 89.700,000,000 s)
2024-06-04 00:13:04,576 INFO  - Received CAM message from veh_10 (at simulation time 89.700,900,000 s)
2024-06-04 00:13:04,577 INFO  - Atempting to process queue (at simulation time 89.800,000,000 s)
2024-06-04 00:13:04,577 INFO  - Vehicle is outside the detection area. (at simulation time 89.800,000,000 s)
2024-06-04 00:13:04,577 INFO  - Sent broadcast CAM message to all vehicles (at simulation time 89.800,000,000 s)
2024-06-04 00:13:04,578 INFO  - Received CAM message from veh_10 (at simulation time 89.801,900,000 s)
2024-06-04 00:13:04,578 INFO  - Atempting to process queue (at simulation time 89.900,000,000 s)
2024-06-04 00:13:04,578 INFO  - Vehicle is outside the detection area. (at simulation time 89.900,000,000 s)
2024-06-04 00:13:04,578 INFO  - Sent broadcast CAM message to all vehicles (at simulation time 89.900,000,000 s)
2024-06-04 00:13:04,579 INFO  - Received CAM message from veh_10 (at simulation time 89.900,900,000 s)
2024-06-04 00:13:04,583 INFO  - Atempting to process queue (at simulation time 90.000,000,000 s)
2024-06-04 00:13:04,583 INFO  - Vehicle is outside the detection area. (at simulation time 90.000,000,000 s)
2024-06-04 00:13:04,583 INFO  - Sent broadcast CAM message to all vehicles (at simulation time 90.000,000,000 s)
2024-06-04 00:13:04,585 INFO  - Received CAM message from veh_10 (at simulation time 90.000,900,000 s)
2024-06-04 00:13:04,585 INFO  - Atempting to process queue (at simulation time 90.100,000,000 s)
2024-06-04 00:13:04,585 INFO  - Vehicle is outside the detection area. (at simulation time 90.100,000,000 s)
2024-06-04 00:13:04,585 INFO  - Sent broadcast CAM message to all vehicles (at simulation time 90.100,000,000 s)
2024-06-04 00:13:04,586 INFO  - Received CAM message from veh_10 (at simulation time 90.101,900,000 s)
2024-06-04 00:13:04,586 INFO  - Atempting to process queue (at simulation time 90.200,000,000 s)
2024-06-04 00:13:04,586 INFO  - Vehicle is outside the detection area. (at simulation time 90.200,000,000 s)
2024-06-04 00:13:04,587 INFO  - Sent broadcast CAM message to all vehicles (at simulation time 90.200,000,000 s)
2024-06-04 00:13:04,588 INFO  - Received CAM message from veh_10 (at simulation time 90.202,400,000 s)
2024-06-04 00:13:04,588 INFO  - Atempting to process queue (at simulation time 90.300,000,000 s)
2024-06-04 00:13:04,588 INFO  - Vehicle is outside the detection area. (at simulation time 90.300,000,000 s)
2024-06-04 00:13:04,588 INFO  - Sent broadcast CAM message to all vehicles (at simulation time 90.300,000,000 s)
2024-06-04 00:13:04,589 INFO  - Received CAM message from veh_10 (at simulation time 90.300,400,000 s)
2024-06-04 00:13:04,590 INFO  - Atempting to process queue (at simulation time 90.400,000,000 s)
2024-06-04 00:13:04,590 INFO  - Vehicle is outside the detection area. (at simulation time 90.400,000,000 s)
2024-06-04 00:13:04,590 INFO  - Sent broadcast CAM message to all vehicles (at simulation time 90.400,000,000 s)
2024-06-04 00:13:04,591 INFO  - Received CAM message from veh_10 (at simulation time 90.400,900,000 s)
2024-06-04 00:13:04,592 INFO  - Atempting to process queue (at simulation time 90.500,000,000 s)
2024-06-04 00:13:04,592 INFO  - Vehicle is outside the detection area. (at simulation time 90.500,000,000 s)
2024-06-04 00:13:04,592 INFO  - Sent broadcast CAM message to all vehicles (at simulation time 90.500,000,000 s)
2024-06-04 00:13:04,594 INFO  - Received CAM message from veh_10 (at simulation time 90.501,400,000 s)
2024-06-04 00:13:04,595 INFO  - Atempting to process queue (at simulation time 90.600,000,000 s)
2024-06-04 00:13:04,595 INFO  - Vehicle is outside the detection area. (at simulation time 90.600,000,000 s)
2024-06-04 00:13:04,595 INFO  - Sent broadcast CAM message to all vehicles (at simulation time 90.600,000,000 s)
2024-06-04 00:13:04,596 INFO  - Received CAM message from veh_10 (at simulation time 90.601,400,000 s)
2024-06-04 00:13:04,597 INFO  - Atempting to process queue (at simulation time 90.700,000,000 s)
2024-06-04 00:13:04,597 INFO  - Vehicle is outside the detection area. (at simulation time 90.700,000,000 s)
2024-06-04 00:13:04,597 INFO  - Sent broadcast CAM message to all vehicles (at simulation time 90.700,000,000 s)
2024-06-04 00:13:04,598 INFO  - Received CAM message from veh_10 (at simulation time 90.700,900,000 s)
2024-06-04 00:13:04,599 INFO  - Atempting to process queue (at simulation time 90.800,000,000 s)
2024-06-04 00:13:04,599 INFO  - Vehicle is outside the detection area. (at simulation time 90.800,000,000 s)
2024-06-04 00:13:04,599 INFO  - Sent broadcast CAM message to all vehicles (at simulation time 90.800,000,000 s)
2024-06-04 00:13:04,599 INFO  - Received CAM message from veh_10 (at simulation time 90.800,900,000 s)
2024-06-04 00:13:04,600 INFO  - Atempting to process queue (at simulation time 90.900,000,000 s)
2024-06-04 00:13:04,600 INFO  - Vehicle is outside the detection area. (at simulation time 90.900,000,000 s)
2024-06-04 00:13:04,600 INFO  - Sent broadcast CAM message to all vehicles (at simulation time 90.900,000,000 s)
2024-06-04 00:13:04,601 INFO  - Received CAM message from veh_10 (at simulation time 90.900,400,000 s)
2024-06-04 00:13:04,619 INFO  - Atempting to process queue (at simulation time 91.000,000,000 s)
2024-06-04 00:13:04,619 INFO  - Vehicle is outside the detection area. (at simulation time 91.000,000,000 s)
2024-06-04 00:13:04,619 INFO  - Sent broadcast CAM message to all vehicles (at simulation time 91.000,000,000 s)
2024-06-04 00:13:04,623 INFO  - Vehicle is outside the detection area. (at simulation time 91.100,000,000 s)
2024-06-04 00:13:04,623 INFO  - Sent broadcast CAM message to all vehicles (at simulation time 91.100,000,000 s)
2024-06-04 00:13:04,626 INFO  - Vehicle is outside the detection area. (at simulation time 91.200,000,000 s)
2024-06-04 00:13:04,626 INFO  - Sent broadcast CAM message to all vehicles (at simulation time 91.200,000,000 s)
2024-06-04 00:13:04,627 INFO  - Vehicle is outside the detection area. (at simulation time 91.300,000,000 s)
2024-06-04 00:13:04,627 INFO  - Sent broadcast CAM message to all vehicles (at simulation time 91.300,000,000 s)
2024-06-04 00:13:04,628 INFO  - Vehicle is outside the detection area. (at simulation time 91.400,000,000 s)
2024-06-04 00:13:04,628 INFO  - Sent broadcast CAM message to all vehicles (at simulation time 91.400,000,000 s)
2024-06-04 00:13:04,630 INFO  - Vehicle is outside the detection area. (at simulation time 91.500,000,000 s)
2024-06-04 00:13:04,630 INFO  - Sent broadcast CAM message to all vehicles (at simulation time 91.500,000,000 s)
2024-06-04 00:13:04,631 INFO  - Vehicle is outside the detection area. (at simulation time 91.600,000,000 s)
2024-06-04 00:13:04,631 INFO  - Sent broadcast CAM message to all vehicles (at simulation time 91.600,000,000 s)
2024-06-04 00:13:04,633 INFO  - Vehicle is outside the detection area. (at simulation time 91.700,000,000 s)
2024-06-04 00:13:04,633 INFO  - Sent broadcast CAM message to all vehicles (at simulation time 91.700,000,000 s)
2024-06-04 00:13:04,634 INFO  - Vehicle is outside the detection area. (at simulation time 91.800,000,000 s)
2024-06-04 00:13:04,634 INFO  - Sent broadcast CAM message to all vehicles (at simulation time 91.800,000,000 s)
2024-06-04 00:13:04,636 INFO  - Vehicle is outside the detection area. (at simulation time 91.900,000,000 s)
2024-06-04 00:13:04,636 INFO  - Sent broadcast CAM message to all vehicles (at simulation time 91.900,000,000 s)
2024-06-04 00:13:04,643 INFO  - Vehicle is outside the detection area. (at simulation time 92.000,000,000 s)
2024-06-04 00:13:04,643 INFO  - Sent broadcast CAM message to all vehicles (at simulation time 92.000,000,000 s)
2024-06-04 00:13:04,646 INFO  - Vehicle is outside the detection area. (at simulation time 92.100,000,000 s)
2024-06-04 00:13:04,646 INFO  - Sent broadcast CAM message to all vehicles (at simulation time 92.100,000,000 s)
2024-06-04 00:13:04,647 INFO  - Vehicle is outside the detection area. (at simulation time 92.200,000,000 s)
2024-06-04 00:13:04,647 INFO  - Sent broadcast CAM message to all vehicles (at simulation time 92.200,000,000 s)
2024-06-04 00:13:04,649 INFO  - Vehicle is outside the detection area. (at simulation time 92.300,000,000 s)
2024-06-04 00:13:04,649 INFO  - Sent broadcast CAM message to all vehicles (at simulation time 92.300,000,000 s)
2024-06-04 00:13:04,650 INFO  - Vehicle is outside the detection area. (at simulation time 92.400,000,000 s)
2024-06-04 00:13:04,650 INFO  - Sent broadcast CAM message to all vehicles (at simulation time 92.400,000,000 s)
2024-06-04 00:13:04,652 INFO  - Vehicle is outside the detection area. (at simulation time 92.500,000,000 s)
2024-06-04 00:13:04,652 INFO  - Sent broadcast CAM message to all vehicles (at simulation time 92.500,000,000 s)
2024-06-04 00:13:04,653 INFO  - Vehicle is outside the detection area. (at simulation time 92.600,000,000 s)
2024-06-04 00:13:04,653 INFO  - Sent broadcast CAM message to all vehicles (at simulation time 92.600,000,000 s)
2024-06-04 00:13:04,655 INFO  - Vehicle is outside the detection area. (at simulation time 92.700,000,000 s)
2024-06-04 00:13:04,655 INFO  - Sent broadcast CAM message to all vehicles (at simulation time 92.700,000,000 s)
2024-06-04 00:13:04,657 INFO  - Vehicle is outside the detection area. (at simulation time 92.800,000,000 s)
2024-06-04 00:13:04,657 INFO  - Sent broadcast CAM message to all vehicles (at simulation time 92.800,000,000 s)
2024-06-04 00:13:04,660 INFO  - Vehicle is outside the detection area. (at simulation time 92.900,000,000 s)
2024-06-04 00:13:04,660 INFO  - Sent broadcast CAM message to all vehicles (at simulation time 92.900,000,000 s)
2024-06-04 00:13:04,665 INFO  - Vehicle is outside the detection area. (at simulation time 93.000,000,000 s)
2024-06-04 00:13:04,665 INFO  - Sent broadcast CAM message to all vehicles (at simulation time 93.000,000,000 s)
2024-06-04 00:13:04,667 INFO  - Vehicle is outside the detection area. (at simulation time 93.100,000,000 s)
2024-06-04 00:13:04,667 INFO  - Sent broadcast CAM message to all vehicles (at simulation time 93.100,000,000 s)
2024-06-04 00:13:04,668 INFO  - Vehicle is outside the detection area. (at simulation time 93.200,000,000 s)
2024-06-04 00:13:04,668 INFO  - Sent broadcast CAM message to all vehicles (at simulation time 93.200,000,000 s)
2024-06-04 00:13:04,670 INFO  - Vehicle is outside the detection area. (at simulation time 93.300,000,000 s)
2024-06-04 00:13:04,670 INFO  - Sent broadcast CAM message to all vehicles (at simulation time 93.300,000,000 s)
2024-06-04 00:13:04,673 INFO  - Vehicle is outside the detection area. (at simulation time 93.400,000,000 s)
2024-06-04 00:13:04,673 INFO  - Sent broadcast CAM message to all vehicles (at simulation time 93.400,000,000 s)
2024-06-04 00:13:04,676 INFO  - Vehicle is outside the detection area. (at simulation time 93.500,000,000 s)
2024-06-04 00:13:04,676 INFO  - Sent broadcast CAM message to all vehicles (at simulation time 93.500,000,000 s)
2024-06-04 00:13:04,678 INFO  - Vehicle is outside the detection area. (at simulation time 93.600,000,000 s)
2024-06-04 00:13:04,678 INFO  - Sent broadcast CAM message to all vehicles (at simulation time 93.600,000,000 s)
2024-06-04 00:13:04,680 INFO  - Vehicle is outside the detection area. (at simulation time 93.700,000,000 s)
2024-06-04 00:13:04,680 INFO  - Sent broadcast CAM message to all vehicles (at simulation time 93.700,000,000 s)
2024-06-04 00:13:04,681 INFO  - Vehicle is outside the detection area. (at simulation time 93.800,000,000 s)
2024-06-04 00:13:04,681 INFO  - Sent broadcast CAM message to all vehicles (at simulation time 93.800,000,000 s)
2024-06-04 00:13:04,683 INFO  - Vehicle is outside the detection area. (at simulation time 93.900,000,000 s)
2024-06-04 00:13:04,683 INFO  - Sent broadcast CAM message to all vehicles (at simulation time 93.900,000,000 s)
2024-06-04 00:13:04,689 INFO  - Shutdown application (at simulation time 94.000,000,000 s)
