2024-06-04 00:13:02,058 INFO  - Initialize application (at simulation time 3.000,000,000 s)
2024-06-04 00:13:02,059 INFO  - Activated WLAN Module (at simulation time 3.000,000,000 s)
2024-06-04 00:13:02,060 INFO  - Vehicle is outside the detection area. (at simulation time 3.000,000,000 s)
2024-06-04 00:13:02,060 INFO  - Sent broadcast CAM message to all vehicles (at simulation time 3.000,000,000 s)
2024-06-04 00:13:02,062 INFO  - Received CAM message from veh_0 (at simulation time 3.001,400,000 s)
2024-06-04 00:13:02,062 INFO  - Atempting to process queue (at simulation time 3.100,000,000 s)
2024-06-04 00:13:02,062 INFO  - Vehicle is outside the detection area. (at simulation time 3.100,000,000 s)
2024-06-04 00:13:02,062 INFO  - Sent broadcast CAM message to all vehicles (at simulation time 3.100,000,000 s)
2024-06-04 00:13:02,063 INFO  - Received CAM message from veh_0 (at simulation time 3.101,900,000 s)
2024-06-04 00:13:02,064 INFO  - Atempting to process queue (at simulation time 3.200,000,000 s)
2024-06-04 00:13:02,064 INFO  - Vehicle is outside the detection area. (at simulation time 3.200,000,000 s)
2024-06-04 00:13:02,064 INFO  - Sent broadcast CAM message to all vehicles (at simulation time 3.200,000,000 s)
2024-06-04 00:13:02,066 INFO  - Received CAM message from veh_0 (at simulation time 3.202,400,000 s)
2024-06-04 00:13:02,066 INFO  - Atempting to process queue (at simulation time 3.300,000,000 s)
2024-06-04 00:13:02,066 INFO  - Vehicle is outside the detection area. (at simulation time 3.300,000,000 s)
2024-06-04 00:13:02,066 INFO  - Sent broadcast CAM message to all vehicles (at simulation time 3.300,000,000 s)
2024-06-04 00:13:02,068 INFO  - Received CAM message from veh_0 (at simulation time 3.302,400,000 s)
2024-06-04 00:13:02,069 INFO  - Atempting to process queue (at simulation time 3.400,000,000 s)
2024-06-04 00:13:02,069 INFO  - Vehicle is outside the detection area. (at simulation time 3.400,000,000 s)
2024-06-04 00:13:02,069 INFO  - Sent broadcast CAM message to all vehicles (at simulation time 3.400,000,000 s)
2024-06-04 00:13:02,072 INFO  - Received CAM message from veh_0 (at simulation time 3.402,400,000 s)
2024-06-04 00:13:02,072 INFO  - Atempting to process queue (at simulation time 3.500,000,000 s)
2024-06-04 00:13:02,072 INFO  - Vehicle is outside the detection area. (at simulation time 3.500,000,000 s)
2024-06-04 00:13:02,073 INFO  - Sent broadcast CAM message to all vehicles (at simulation time 3.500,000,000 s)
2024-06-04 00:13:02,074 INFO  - Received CAM message from veh_0 (at simulation time 3.501,400,000 s)
2024-06-04 00:13:02,074 INFO  - Atempting to process queue (at simulation time 3.600,000,000 s)
2024-06-04 00:13:02,074 INFO  - Vehicle is outside the detection area. (at simulation time 3.600,000,000 s)
2024-06-04 00:13:02,075 INFO  - Sent broadcast CAM message to all vehicles (at simulation time 3.600,000,000 s)
2024-06-04 00:13:02,075 INFO  - Received CAM message from veh_0 (at simulation time 3.600,900,000 s)
2024-06-04 00:13:02,076 INFO  - Atempting to process queue (at simulation time 3.700,000,000 s)
2024-06-04 00:13:02,076 INFO  - Vehicle is outside the detection area. (at simulation time 3.700,000,000 s)
2024-06-04 00:13:02,076 INFO  - Sent broadcast CAM message to all vehicles (at simulation time 3.700,000,000 s)
2024-06-04 00:13:02,076 INFO  - Received CAM message from veh_0 (at simulation time 3.700,400,000 s)
2024-06-04 00:13:02,077 INFO  - Atempting to process queue (at simulation time 3.800,000,000 s)
2024-06-04 00:13:02,077 INFO  - Vehicle is outside the detection area. (at simulation time 3.800,000,000 s)
2024-06-04 00:13:02,077 INFO  - Sent broadcast CAM message to all vehicles (at simulation time 3.800,000,000 s)
2024-06-04 00:13:02,078 INFO  - Received CAM message from veh_0 (at simulation time 3.801,900,000 s)
2024-06-04 00:13:02,078 INFO  - Atempting to process queue (at simulation time 3.900,000,000 s)
2024-06-04 00:13:02,078 INFO  - Vehicle is outside the detection area. (at simulation time 3.900,000,000 s)
2024-06-04 00:13:02,078 INFO  - Sent broadcast CAM message to all vehicles (at simulation time 3.900,000,000 s)
2024-06-04 00:13:02,079 INFO  - Received CAM message from veh_0 (at simulation time 3.900,900,000 s)
2024-06-04 00:13:02,082 INFO  - Atempting to process queue (at simulation time 4.000,000,000 s)
2024-06-04 00:13:02,082 INFO  - Vehicle is outside the detection area. (at simulation time 4.000,000,000 s)
2024-06-04 00:13:02,083 INFO  - Sent broadcast CAM message to all vehicles (at simulation time 4.000,000,000 s)
2024-06-04 00:13:02,084 INFO  - Received CAM message from veh_0 (at simulation time 4.000,400,000 s)
2024-06-04 00:13:02,085 INFO  - Atempting to process queue (at simulation time 4.100,000,000 s)
2024-06-04 00:13:02,085 INFO  - Vehicle is outside the detection area. (at simulation time 4.100,000,000 s)
2024-06-04 00:13:02,085 INFO  - Sent broadcast CAM message to all vehicles (at simulation time 4.100,000,000 s)
2024-06-04 00:13:02,089 INFO  - Received CAM message from veh_0 (at simulation time 4.101,900,000 s)
2024-06-04 00:13:02,089 INFO  - Atempting to process queue (at simulation time 4.200,000,000 s)
2024-06-04 00:13:02,089 INFO  - Vehicle is outside the detection area. (at simulation time 4.200,000,000 s)
2024-06-04 00:13:02,090 INFO  - Sent broadcast CAM message to all vehicles (at simulation time 4.200,000,000 s)
2024-06-04 00:13:02,092 INFO  - Received CAM message from veh_0 (at simulation time 4.202,400,000 s)
2024-06-04 00:13:02,092 INFO  - Atempting to process queue (at simulation time 4.300,000,000 s)
2024-06-04 00:13:02,092 INFO  - Vehicle is outside the detection area. (at simulation time 4.300,000,000 s)
2024-06-04 00:13:02,092 INFO  - Sent broadcast CAM message to all vehicles (at simulation time 4.300,000,000 s)
2024-06-04 00:13:02,093 INFO  - Received CAM message from veh_0 (at simulation time 4.300,400,000 s)
2024-06-04 00:13:02,093 INFO  - Atempting to process queue (at simulation time 4.400,000,000 s)
2024-06-04 00:13:02,093 INFO  - Vehicle is outside the detection area. (at simulation time 4.400,000,000 s)
2024-06-04 00:13:02,093 INFO  - Sent broadcast CAM message to all vehicles (at simulation time 4.400,000,000 s)
2024-06-04 00:13:02,094 INFO  - Received CAM message from veh_0 (at simulation time 4.401,900,000 s)
2024-06-04 00:13:02,095 INFO  - Atempting to process queue (at simulation time 4.500,000,000 s)
2024-06-04 00:13:02,095 INFO  - Vehicle is outside the detection area. (at simulation time 4.500,000,000 s)
2024-06-04 00:13:02,095 INFO  - Sent broadcast CAM message to all vehicles (at simulation time 4.500,000,000 s)
2024-06-04 00:13:02,096 INFO  - Received CAM message from veh_0 (at simulation time 4.501,400,000 s)
2024-06-04 00:13:02,096 INFO  - Atempting to process queue (at simulation time 4.600,000,000 s)
2024-06-04 00:13:02,096 INFO  - Vehicle is outside the detection area. (at simulation time 4.600,000,000 s)
2024-06-04 00:13:02,096 INFO  - Sent broadcast CAM message to all vehicles (at simulation time 4.600,000,000 s)
2024-06-04 00:13:02,097 INFO  - Received CAM message from veh_0 (at simulation time 4.601,400,000 s)
2024-06-04 00:13:02,097 INFO  - Atempting to process queue (at simulation time 4.700,000,000 s)
2024-06-04 00:13:02,097 INFO  - Vehicle is outside the detection area. (at simulation time 4.700,000,000 s)
2024-06-04 00:13:02,098 INFO  - Sent broadcast CAM message to all vehicles (at simulation time 4.700,000,000 s)
2024-06-04 00:13:02,099 INFO  - Received CAM message from veh_0 (at simulation time 4.701,900,000 s)
2024-06-04 00:13:02,099 INFO  - Atempting to process queue (at simulation time 4.800,000,000 s)
2024-06-04 00:13:02,099 INFO  - Vehicle is outside the detection area. (at simulation time 4.800,000,000 s)
2024-06-04 00:13:02,099 INFO  - Sent broadcast CAM message to all vehicles (at simulation time 4.800,000,000 s)
2024-06-04 00:13:02,100 INFO  - Received CAM message from veh_0 (at simulation time 4.802,400,000 s)
2024-06-04 00:13:02,100 INFO  - Atempting to process queue (at simulation time 4.900,000,000 s)
2024-06-04 00:13:02,100 INFO  - Vehicle is outside the detection area. (at simulation time 4.900,000,000 s)
2024-06-04 00:13:02,100 INFO  - Sent broadcast CAM message to all vehicles (at simulation time 4.900,000,000 s)
2024-06-04 00:13:02,101 INFO  - Received CAM message from veh_0 (at simulation time 4.901,400,000 s)
2024-06-04 00:13:02,109 INFO  - Atempting to process queue (at simulation time 5.000,000,000 s)
2024-06-04 00:13:02,109 INFO  - Vehicle is outside the detection area. (at simulation time 5.000,000,000 s)
2024-06-04 00:13:02,110 INFO  - Sent broadcast CAM message to all vehicles (at simulation time 5.000,000,000 s)
2024-06-04 00:13:02,110 INFO  - Received CAM message from veh_0 (at simulation time 5.000,400,000 s)
2024-06-04 00:13:02,110 INFO  - Atempting to process queue (at simulation time 5.100,000,000 s)
2024-06-04 00:13:02,110 INFO  - Vehicle is outside the detection area. (at simulation time 5.100,000,000 s)
2024-06-04 00:13:02,111 INFO  - Sent broadcast CAM message to all vehicles (at simulation time 5.100,000,000 s)
2024-06-04 00:13:02,112 INFO  - Received CAM message from veh_0 (at simulation time 5.101,900,000 s)
2024-06-04 00:13:02,112 INFO  - Atempting to process queue (at simulation time 5.200,000,000 s)
2024-06-04 00:13:02,112 INFO  - Vehicle is outside the detection area. (at simulation time 5.200,000,000 s)
2024-06-04 00:13:02,112 INFO  - Sent broadcast CAM message to all vehicles (at simulation time 5.200,000,000 s)
2024-06-04 00:13:02,114 INFO  - Received CAM message from veh_0 (at simulation time 5.201,400,000 s)
2024-06-04 00:13:02,114 INFO  - Atempting to process queue (at simulation time 5.300,000,000 s)
2024-06-04 00:13:02,114 INFO  - Vehicle is outside the detection area. (at simulation time 5.300,000,000 s)
2024-06-04 00:13:02,115 INFO  - Sent broadcast CAM message to all vehicles (at simulation time 5.300,000,000 s)
2024-06-04 00:13:02,116 INFO  - Received CAM message from veh_0 (at simulation time 5.302,400,000 s)
2024-06-04 00:13:02,116 INFO  - Atempting to process queue (at simulation time 5.400,000,000 s)
2024-06-04 00:13:02,116 INFO  - Vehicle is outside the detection area. (at simulation time 5.400,000,000 s)
2024-06-04 00:13:02,116 INFO  - Sent broadcast CAM message to all vehicles (at simulation time 5.400,000,000 s)
2024-06-04 00:13:02,117 INFO  - Received CAM message from veh_0 (at simulation time 5.400,900,000 s)
2024-06-04 00:13:02,117 INFO  - Atempting to process queue (at simulation time 5.500,000,000 s)
2024-06-04 00:13:02,117 INFO  - Vehicle is outside the detection area. (at simulation time 5.500,000,000 s)
2024-06-04 00:13:02,118 INFO  - Sent broadcast CAM message to all vehicles (at simulation time 5.500,000,000 s)
2024-06-04 00:13:02,120 INFO  - Received CAM message from veh_0 (at simulation time 5.501,400,000 s)
2024-06-04 00:13:02,120 INFO  - Atempting to process queue (at simulation time 5.600,000,000 s)
2024-06-04 00:13:02,120 INFO  - Vehicle is outside the detection area. (at simulation time 5.600,000,000 s)
2024-06-04 00:13:02,121 INFO  - Sent broadcast CAM message to all vehicles (at simulation time 5.600,000,000 s)
2024-06-04 00:13:02,123 INFO  - Received CAM message from veh_0 (at simulation time 5.600,400,000 s)
2024-06-04 00:13:02,123 INFO  - Atempting to process queue (at simulation time 5.700,000,000 s)
2024-06-04 00:13:02,123 INFO  - Vehicle is outside the detection area. (at simulation time 5.700,000,000 s)
2024-06-04 00:13:02,124 INFO  - Sent broadcast CAM message to all vehicles (at simulation time 5.700,000,000 s)
2024-06-04 00:13:02,126 INFO  - Received CAM message from veh_0 (at simulation time 5.702,400,000 s)
2024-06-04 00:13:02,126 INFO  - Atempting to process queue (at simulation time 5.800,000,000 s)
2024-06-04 00:13:02,126 INFO  - Vehicle is outside the detection area. (at simulation time 5.800,000,000 s)
2024-06-04 00:13:02,126 INFO  - Sent broadcast CAM message to all vehicles (at simulation time 5.800,000,000 s)
2024-06-04 00:13:02,127 INFO  - Received CAM message from veh_0 (at simulation time 5.801,400,000 s)
2024-06-04 00:13:02,127 INFO  - Atempting to process queue (at simulation time 5.900,000,000 s)
2024-06-04 00:13:02,127 INFO  - Vehicle is outside the detection area. (at simulation time 5.900,000,000 s)
2024-06-04 00:13:02,127 INFO  - Sent broadcast CAM message to all vehicles (at simulation time 5.900,000,000 s)
2024-06-04 00:13:02,128 INFO  - Received CAM message from veh_0 (at simulation time 5.901,400,000 s)
2024-06-04 00:13:02,130 INFO  - Atempting to process queue (at simulation time 6.000,000,000 s)
2024-06-04 00:13:02,130 INFO  - Vehicle is inside the detection area. (at simulation time 6.000,000,000 s)
2024-06-04 00:13:02,130 INFO  - Vehicle is too far away from the traffic light. (at simulation time 6.000,000,000 s)
2024-06-04 00:13:02,131 INFO  - Sent Detection message to veh_0 (at simulation time 6.000,000,000 s)
2024-06-04 00:13:02,132 INFO  - Sent broadcast CAM message to all vehicles (at simulation time 6.000,000,000 s)
2024-06-04 00:13:02,140 INFO  - Received CAM message from veh_0 (at simulation time 6.000,400,000 s)
2024-06-04 00:13:02,144 INFO  - Atempting to process queue (at simulation time 6.100,000,000 s)
2024-06-04 00:13:02,144 INFO  - Vehicle is inside the detection area. (at simulation time 6.100,000,000 s)
2024-06-04 00:13:02,144 INFO  - Vehicle is too far away from the traffic light. (at simulation time 6.100,000,000 s)
2024-06-04 00:13:02,144 INFO  - Sent Detection message to veh_0 (at simulation time 6.100,000,000 s)
2024-06-04 00:13:02,144 INFO  - Sent broadcast CAM message to all vehicles (at simulation time 6.100,000,000 s)
2024-06-04 00:13:02,145 INFO  - Received CAM message from veh_0 (at simulation time 6.101,900,000 s)
2024-06-04 00:13:02,145 INFO  - Atempting to process queue (at simulation time 6.200,000,000 s)
2024-06-04 00:13:02,145 INFO  - Vehicle is inside the detection area. (at simulation time 6.200,000,000 s)
2024-06-04 00:13:02,145 INFO  - Vehicle is too far away from the traffic light. (at simulation time 6.200,000,000 s)
2024-06-04 00:13:02,145 INFO  - Sent Detection message to veh_0 (at simulation time 6.200,000,000 s)
2024-06-04 00:13:02,145 INFO  - Sent broadcast CAM message to all vehicles (at simulation time 6.200,000,000 s)
2024-06-04 00:13:02,146 INFO  - Received CAM message from veh_0 (at simulation time 6.202,400,000 s)
2024-06-04 00:13:02,146 INFO  - Atempting to process queue (at simulation time 6.300,000,000 s)
2024-06-04 00:13:02,146 INFO  - Vehicle is inside the detection area. (at simulation time 6.300,000,000 s)
2024-06-04 00:13:02,147 INFO  - Vehicle is too far away from the traffic light. (at simulation time 6.300,000,000 s)
2024-06-04 00:13:02,147 INFO  - Sent Detection message to veh_0 (at simulation time 6.300,000,000 s)
2024-06-04 00:13:02,147 INFO  - Sent broadcast CAM message to all vehicles (at simulation time 6.300,000,000 s)
2024-06-04 00:13:02,148 INFO  - Received CAM message from veh_0 (at simulation time 6.302,400,000 s)
2024-06-04 00:13:02,148 INFO  - Atempting to process queue (at simulation time 6.400,000,000 s)
2024-06-04 00:13:02,148 INFO  - Vehicle is inside the detection area. (at simulation time 6.400,000,000 s)
2024-06-04 00:13:02,148 INFO  - Vehicle is too far away from the traffic light. (at simulation time 6.400,000,000 s)
2024-06-04 00:13:02,149 INFO  - Sent Detection message to veh_0 (at simulation time 6.400,000,000 s)
2024-06-04 00:13:02,150 INFO  - Sent broadcast CAM message to all vehicles (at simulation time 6.400,000,000 s)
2024-06-04 00:13:02,154 INFO  - Received CAM message from veh_0 (at simulation time 6.400,400,000 s)
2024-06-04 00:13:02,155 INFO  - Atempting to process queue (at simulation time 6.500,000,000 s)
2024-06-04 00:13:02,155 INFO  - Vehicle is inside the detection area. (at simulation time 6.500,000,000 s)
2024-06-04 00:13:02,155 INFO  - Vehicle is too far away from the traffic light. (at simulation time 6.500,000,000 s)
2024-06-04 00:13:02,155 INFO  - Sent Detection message to veh_0 (at simulation time 6.500,000,000 s)
2024-06-04 00:13:02,155 INFO  - Sent broadcast CAM message to all vehicles (at simulation time 6.500,000,000 s)
2024-06-04 00:13:02,157 INFO  - Received CAM message from veh_0 (at simulation time 6.501,900,000 s)
2024-06-04 00:13:02,157 INFO  - Atempting to process queue (at simulation time 6.600,000,000 s)
2024-06-04 00:13:02,157 INFO  - Vehicle is inside the detection area. (at simulation time 6.600,000,000 s)
2024-06-04 00:13:02,157 INFO  - Vehicle is too far away from the traffic light. (at simulation time 6.600,000,000 s)
2024-06-04 00:13:02,157 INFO  - Sent Detection message to veh_0 (at simulation time 6.600,000,000 s)
2024-06-04 00:13:02,157 INFO  - Sent broadcast CAM message to all vehicles (at simulation time 6.600,000,000 s)
2024-06-04 00:13:02,158 INFO  - Received CAM message from veh_0 (at simulation time 6.600,400,000 s)
2024-06-04 00:13:02,158 INFO  - Atempting to process queue (at simulation time 6.700,000,000 s)
2024-06-04 00:13:02,158 INFO  - Vehicle is inside the detection area. (at simulation time 6.700,000,000 s)
2024-06-04 00:13:02,158 INFO  - Vehicle is too far away from the traffic light. (at simulation time 6.700,000,000 s)
2024-06-04 00:13:02,158 INFO  - Sent Detection message to veh_0 (at simulation time 6.700,000,000 s)
2024-06-04 00:13:02,158 INFO  - Sent broadcast CAM message to all vehicles (at simulation time 6.700,000,000 s)
2024-06-04 00:13:02,159 INFO  - Received CAM message from veh_0 (at simulation time 6.701,400,000 s)
2024-06-04 00:13:02,159 INFO  - Atempting to process queue (at simulation time 6.800,000,000 s)
2024-06-04 00:13:02,159 INFO  - Vehicle is inside the detection area. (at simulation time 6.800,000,000 s)
2024-06-04 00:13:02,159 INFO  - Vehicle is too far away from the traffic light. (at simulation time 6.800,000,000 s)
2024-06-04 00:13:02,159 INFO  - Sent Detection message to veh_0 (at simulation time 6.800,000,000 s)
2024-06-04 00:13:02,159 INFO  - Sent broadcast CAM message to all vehicles (at simulation time 6.800,000,000 s)
2024-06-04 00:13:02,160 INFO  - Received CAM message from veh_0 (at simulation time 6.800,900,000 s)
2024-06-04 00:13:02,160 INFO  - Atempting to process queue (at simulation time 6.900,000,000 s)
2024-06-04 00:13:02,160 INFO  - Vehicle is inside the detection area. (at simulation time 6.900,000,000 s)
2024-06-04 00:13:02,160 INFO  - Vehicle is too far away from the traffic light. (at simulation time 6.900,000,000 s)
2024-06-04 00:13:02,160 INFO  - Sent Detection message to veh_0 (at simulation time 6.900,000,000 s)
2024-06-04 00:13:02,160 INFO  - Sent broadcast CAM message to all vehicles (at simulation time 6.900,000,000 s)
2024-06-04 00:13:02,160 INFO  - Received CAM message from veh_0 (at simulation time 6.901,400,000 s)
2024-06-04 00:13:02,172 INFO  - Atempting to process queue (at simulation time 7.000,000,000 s)
2024-06-04 00:13:02,172 INFO  - Vehicle is inside the detection area. (at simulation time 7.000,000,000 s)
2024-06-04 00:13:02,172 INFO  - Vehicle is too far away from the traffic light. (at simulation time 7.000,000,000 s)
2024-06-04 00:13:02,172 INFO  - Sent Detection message to veh_0 (at simulation time 7.000,000,000 s)
2024-06-04 00:13:02,172 INFO  - Sent broadcast CAM message to all vehicles (at simulation time 7.000,000,000 s)
2024-06-04 00:13:02,174 INFO  - Received CAM message from veh_0 (at simulation time 7.000,900,000 s)
2024-06-04 00:13:02,175 INFO  - Atempting to process queue (at simulation time 7.100,000,000 s)
2024-06-04 00:13:02,175 INFO  - Vehicle is inside the detection area. (at simulation time 7.100,000,000 s)
2024-06-04 00:13:02,175 INFO  - Vehicle is too far away from the traffic light. (at simulation time 7.100,000,000 s)
2024-06-04 00:13:02,176 INFO  - Sent Detection message to veh_0 (at simulation time 7.100,000,000 s)
2024-06-04 00:13:02,176 INFO  - Sent broadcast CAM message to all vehicles (at simulation time 7.100,000,000 s)
2024-06-04 00:13:02,176 INFO  - Received CAM message from veh_0 (at simulation time 7.101,400,000 s)
2024-06-04 00:13:02,177 INFO  - Atempting to process queue (at simulation time 7.200,000,000 s)
2024-06-04 00:13:02,177 INFO  - Vehicle is inside the detection area. (at simulation time 7.200,000,000 s)
2024-06-04 00:13:02,177 INFO  - Vehicle is too far away from the traffic light. (at simulation time 7.200,000,000 s)
2024-06-04 00:13:02,177 INFO  - Sent Detection message to veh_0 (at simulation time 7.200,000,000 s)
2024-06-04 00:13:02,177 INFO  - Sent broadcast CAM message to all vehicles (at simulation time 7.200,000,000 s)
2024-06-04 00:13:02,178 INFO  - Received CAM message from veh_0 (at simulation time 7.201,900,000 s)
2024-06-04 00:13:02,178 INFO  - Atempting to process queue (at simulation time 7.300,000,000 s)
2024-06-04 00:13:02,178 INFO  - Vehicle is inside the detection area. (at simulation time 7.300,000,000 s)
2024-06-04 00:13:02,178 INFO  - Vehicle is too far away from the traffic light. (at simulation time 7.300,000,000 s)
2024-06-04 00:13:02,178 INFO  - Sent Detection message to veh_0 (at simulation time 7.300,000,000 s)
2024-06-04 00:13:02,178 INFO  - Sent broadcast CAM message to all vehicles (at simulation time 7.300,000,000 s)
2024-06-04 00:13:02,179 INFO  - Received CAM message from veh_0 (at simulation time 7.300,400,000 s)
2024-06-04 00:13:02,180 INFO  - Atempting to process queue (at simulation time 7.400,000,000 s)
2024-06-04 00:13:02,180 INFO  - Vehicle is inside the detection area. (at simulation time 7.400,000,000 s)
2024-06-04 00:13:02,180 INFO  - Vehicle is too far away from the traffic light. (at simulation time 7.400,000,000 s)
2024-06-04 00:13:02,180 INFO  - Sent Detection message to veh_0 (at simulation time 7.400,000,000 s)
2024-06-04 00:13:02,180 INFO  - Sent broadcast CAM message to all vehicles (at simulation time 7.400,000,000 s)
2024-06-04 00:13:02,181 INFO  - Received CAM message from veh_0 (at simulation time 7.400,900,000 s)
2024-06-04 00:13:02,182 INFO  - Atempting to process queue (at simulation time 7.500,000,000 s)
2024-06-04 00:13:02,182 INFO  - Vehicle is inside the detection area. (at simulation time 7.500,000,000 s)
2024-06-04 00:13:02,182 INFO  - Vehicle is too far away from the traffic light. (at simulation time 7.500,000,000 s)
2024-06-04 00:13:02,182 INFO  - Sent Detection message to veh_0 (at simulation time 7.500,000,000 s)
2024-06-04 00:13:02,182 INFO  - Sent broadcast CAM message to all vehicles (at simulation time 7.500,000,000 s)
2024-06-04 00:13:02,183 INFO  - Received CAM message from veh_0 (at simulation time 7.501,900,000 s)
2024-06-04 00:13:02,183 INFO  - Atempting to process queue (at simulation time 7.600,000,000 s)
2024-06-04 00:13:02,183 INFO  - Vehicle is inside the detection area. (at simulation time 7.600,000,000 s)
2024-06-04 00:13:02,183 INFO  - Vehicle is too far away from the traffic light. (at simulation time 7.600,000,000 s)
2024-06-04 00:13:02,183 INFO  - Sent Detection message to veh_0 (at simulation time 7.600,000,000 s)
2024-06-04 00:13:02,183 INFO  - Sent broadcast CAM message to all vehicles (at simulation time 7.600,000,000 s)
2024-06-04 00:13:02,184 INFO  - Received CAM message from veh_0 (at simulation time 7.600,900,000 s)
2024-06-04 00:13:02,185 INFO  - Atempting to process queue (at simulation time 7.700,000,000 s)
2024-06-04 00:13:02,185 INFO  - Vehicle is inside the detection area. (at simulation time 7.700,000,000 s)
2024-06-04 00:13:02,185 INFO  - Vehicle is too far away from the traffic light. (at simulation time 7.700,000,000 s)
2024-06-04 00:13:02,185 INFO  - Sent Detection message to veh_0 (at simulation time 7.700,000,000 s)
2024-06-04 00:13:02,185 INFO  - Sent broadcast CAM message to all vehicles (at simulation time 7.700,000,000 s)
2024-06-04 00:13:02,189 INFO  - Received CAM message from veh_0 (at simulation time 7.701,900,000 s)
2024-06-04 00:13:02,190 INFO  - Atempting to process queue (at simulation time 7.800,000,000 s)
2024-06-04 00:13:02,190 INFO  - Vehicle is inside the detection area. (at simulation time 7.800,000,000 s)
2024-06-04 00:13:02,190 INFO  - Vehicle is too far away from the traffic light. (at simulation time 7.800,000,000 s)
2024-06-04 00:13:02,190 INFO  - Sent Detection message to veh_0 (at simulation time 7.800,000,000 s)
2024-06-04 00:13:02,190 INFO  - Sent broadcast CAM message to all vehicles (at simulation time 7.800,000,000 s)
2024-06-04 00:13:02,192 INFO  - Received CAM message from veh_0 (at simulation time 7.801,900,000 s)
2024-06-04 00:13:02,193 INFO  - Atempting to process queue (at simulation time 7.900,000,000 s)
2024-06-04 00:13:02,193 INFO  - Vehicle is inside the detection area. (at simulation time 7.900,000,000 s)
2024-06-04 00:13:02,193 INFO  - Vehicle is too far away from the traffic light. (at simulation time 7.900,000,000 s)
2024-06-04 00:13:02,193 INFO  - Sent Detection message to veh_0 (at simulation time 7.900,000,000 s)
2024-06-04 00:13:02,193 INFO  - Sent broadcast CAM message to all vehicles (at simulation time 7.900,000,000 s)
2024-06-04 00:13:02,195 INFO  - Received CAM message from veh_0 (at simulation time 7.901,900,000 s)
2024-06-04 00:13:02,201 INFO  - Atempting to process queue (at simulation time 8.000,000,000 s)
2024-06-04 00:13:02,201 INFO  - Vehicle is inside the detection area. (at simulation time 8.000,000,000 s)
2024-06-04 00:13:02,201 INFO  - Sent Detection message to rsu_0 (at simulation time 8.000,000,000 s)
2024-06-04 00:13:02,201 INFO  - Sent broadcast CAM message to all vehicles (at simulation time 8.000,000,000 s)
2024-06-04 00:13:02,204 INFO  - Received CAM message from veh_2 (at simulation time 8.000,400,000 s)
2024-06-04 00:13:02,204 INFO  - Received CAM message from veh_0 (at simulation time 8.000,900,000 s)
2024-06-04 00:13:02,204 INFO  - Received CAM message from veh_4 (at simulation time 8.001,400,000 s)
2024-06-04 00:13:02,210 INFO  - Atempting to process queue (at simulation time 8.100,000,000 s)
2024-06-04 00:13:02,210 INFO  - Vehicle is inside the detection area. (at simulation time 8.100,000,000 s)
2024-06-04 00:13:02,210 INFO  - Sent Detection message to rsu_0 (at simulation time 8.100,000,000 s)
2024-06-04 00:13:02,210 INFO  - Sent broadcast CAM message to all vehicles (at simulation time 8.100,000,000 s)
2024-06-04 00:13:02,211 INFO  - Received CAM message from veh_4 (at simulation time 8.100,400,000 s)
2024-06-04 00:13:02,211 INFO  - Received CAM message from veh_2 (at simulation time 8.101,400,000 s)
2024-06-04 00:13:02,212 INFO  - Received CAM message from veh_0 (at simulation time 8.102,400,000 s)
2024-06-04 00:13:02,212 INFO  - Atempting to process queue (at simulation time 8.200,000,000 s)
2024-06-04 00:13:02,212 INFO  - Vehicle is inside the detection area. (at simulation time 8.200,000,000 s)
2024-06-04 00:13:02,212 INFO  - Sent Detection message to rsu_0 (at simulation time 8.200,000,000 s)
2024-06-04 00:13:02,212 INFO  - Sent broadcast CAM message to all vehicles (at simulation time 8.200,000,000 s)
2024-06-04 00:13:02,213 INFO  - Received CAM message from veh_2 (at simulation time 8.200,400,000 s)
2024-06-04 00:13:02,214 INFO  - Received CAM message from veh_4 (at simulation time 8.200,900,000 s)
2024-06-04 00:13:02,214 INFO  - Received CAM message from veh_0 (at simulation time 8.202,400,000 s)
2024-06-04 00:13:02,215 INFO  - Atempting to process queue (at simulation time 8.300,000,000 s)
2024-06-04 00:13:02,215 INFO  - Vehicle is inside the detection area. (at simulation time 8.300,000,000 s)
2024-06-04 00:13:02,216 INFO  - Sent Detection message to rsu_0 (at simulation time 8.300,000,000 s)
2024-06-04 00:13:02,216 INFO  - Sent broadcast CAM message to all vehicles (at simulation time 8.300,000,000 s)
2024-06-04 00:13:02,216 INFO  - Received CAM message from veh_0 (at simulation time 8.301,400,000 s)
2024-06-04 00:13:02,216 INFO  - Received CAM message from veh_2 (at simulation time 8.301,400,000 s)
2024-06-04 00:13:02,216 INFO  - Received CAM message from veh_4 (at simulation time 8.301,900,000 s)
2024-06-04 00:13:02,217 INFO  - Atempting to process queue (at simulation time 8.400,000,000 s)
2024-06-04 00:13:02,217 INFO  - Vehicle is inside the detection area. (at simulation time 8.400,000,000 s)
2024-06-04 00:13:02,217 INFO  - Sent Detection message to rsu_0 (at simulation time 8.400,000,000 s)
2024-06-04 00:13:02,217 INFO  - Sent broadcast CAM message to all vehicles (at simulation time 8.400,000,000 s)
2024-06-04 00:13:02,218 INFO  - Received CAM message from veh_0 (at simulation time 8.401,900,000 s)
2024-06-04 00:13:02,218 INFO  - Received CAM message from veh_2 (at simulation time 8.401,900,000 s)
2024-06-04 00:13:02,218 INFO  - Received CAM message from veh_4 (at simulation time 8.402,400,000 s)
2024-06-04 00:13:02,219 INFO  - Atempting to process queue (at simulation time 8.500,000,000 s)
2024-06-04 00:13:02,219 INFO  - Vehicle is inside the detection area. (at simulation time 8.500,000,000 s)
2024-06-04 00:13:02,219 INFO  - Sent Detection message to rsu_0 (at simulation time 8.500,000,000 s)
2024-06-04 00:13:02,219 INFO  - Sent broadcast CAM message to all vehicles (at simulation time 8.500,000,000 s)
2024-06-04 00:13:02,220 INFO  - Received CAM message from veh_0 (at simulation time 8.500,900,000 s)
2024-06-04 00:13:02,220 INFO  - Received CAM message from veh_4 (at simulation time 8.501,400,000 s)
2024-06-04 00:13:02,220 INFO  - Received CAM message from veh_2 (at simulation time 8.502,400,000 s)
2024-06-04 00:13:02,220 INFO  - Atempting to process queue (at simulation time 8.600,000,000 s)
2024-06-04 00:13:02,220 INFO  - Vehicle is inside the detection area. (at simulation time 8.600,000,000 s)
2024-06-04 00:13:02,220 INFO  - Sent Detection message to rsu_0 (at simulation time 8.600,000,000 s)
2024-06-04 00:13:02,220 INFO  - Sent broadcast CAM message to all vehicles (at simulation time 8.600,000,000 s)
2024-06-04 00:13:02,221 INFO  - Received CAM message from veh_0 (at simulation time 8.601,900,000 s)
2024-06-04 00:13:02,221 INFO  - Received CAM message from veh_4 (at simulation time 8.602,400,000 s)
2024-06-04 00:13:02,221 INFO  - Received CAM message from veh_2 (at simulation time 8.602,400,000 s)
2024-06-04 00:13:02,221 INFO  - Atempting to process queue (at simulation time 8.700,000,000 s)
2024-06-04 00:13:02,221 INFO  - Vehicle is inside the detection area. (at simulation time 8.700,000,000 s)
2024-06-04 00:13:02,221 INFO  - Sent Detection message to rsu_0 (at simulation time 8.700,000,000 s)
2024-06-04 00:13:02,221 INFO  - Sent broadcast CAM message to all vehicles (at simulation time 8.700,000,000 s)
2024-06-04 00:13:02,222 INFO  - Received CAM message from veh_0 (at simulation time 8.701,400,000 s)
2024-06-04 00:13:02,222 INFO  - Received CAM message from veh_4 (at simulation time 8.701,900,000 s)
2024-06-04 00:13:02,222 INFO  - Received CAM message from veh_2 (at simulation time 8.701,900,000 s)
2024-06-04 00:13:02,222 INFO  - Atempting to process queue (at simulation time 8.800,000,000 s)
2024-06-04 00:13:02,222 INFO  - Vehicle is inside the detection area. (at simulation time 8.800,000,000 s)
2024-06-04 00:13:02,222 INFO  - Sent Detection message to rsu_0 (at simulation time 8.800,000,000 s)
2024-06-04 00:13:02,222 INFO  - Sent broadcast CAM message to all vehicles (at simulation time 8.800,000,000 s)
2024-06-04 00:13:02,223 INFO  - Received CAM message from veh_0 (at simulation time 8.800,400,000 s)
2024-06-04 00:13:02,223 INFO  - Received CAM message from veh_4 (at simulation time 8.801,400,000 s)
2024-06-04 00:13:02,223 INFO  - Received CAM message from veh_2 (at simulation time 8.801,900,000 s)
2024-06-04 00:13:02,224 INFO  - Atempting to process queue (at simulation time 8.900,000,000 s)
2024-06-04 00:13:02,224 INFO  - Vehicle is inside the detection area. (at simulation time 8.900,000,000 s)
2024-06-04 00:13:02,224 INFO  - Sent Detection message to rsu_0 (at simulation time 8.900,000,000 s)
2024-06-04 00:13:02,224 INFO  - Sent broadcast CAM message to all vehicles (at simulation time 8.900,000,000 s)
2024-06-04 00:13:02,224 INFO  - Received CAM message from veh_0 (at simulation time 8.900,900,000 s)
2024-06-04 00:13:02,224 INFO  - Received CAM message from veh_2 (at simulation time 8.901,400,000 s)
2024-06-04 00:13:02,225 INFO  - Received CAM message from veh_4 (at simulation time 8.902,400,000 s)
2024-06-04 00:13:02,230 INFO  - Atempting to process queue (at simulation time 9.000,000,000 s)
2024-06-04 00:13:02,230 INFO  - Vehicle is inside the detection area. (at simulation time 9.000,000,000 s)
2024-06-04 00:13:02,230 INFO  - Sent Detection message to rsu_0 (at simulation time 9.000,000,000 s)
2024-06-04 00:13:02,231 INFO  - Sent broadcast CAM message to all vehicles (at simulation time 9.000,000,000 s)
2024-06-04 00:13:02,233 INFO  - Received CAM message from veh_2 (at simulation time 9.000,900,000 s)
2024-06-04 00:13:02,233 INFO  - Received CAM message from veh_4 (at simulation time 9.001,400,000 s)
2024-06-04 00:13:02,233 INFO  - Received Detection message from veh_4 to veh_1 (at simulation time 9.001,900,000 s)
2024-06-04 00:13:02,234 INFO  - Forwarded Detection message to rsu_0 (at simulation time 9.001,900,000 s)
2024-06-04 00:13:02,234 INFO  - Received CAM message from veh_0 (at simulation time 9.001,900,000 s)
2024-06-04 00:13:02,236 INFO  - Atempting to process queue (at simulation time 9.100,000,000 s)
2024-06-04 00:13:02,236 INFO  - Vehicle is inside the detection area. (at simulation time 9.100,000,000 s)
2024-06-04 00:13:02,236 INFO  - Sent Detection message to rsu_0 (at simulation time 9.100,000,000 s)
2024-06-04 00:13:02,236 INFO  - Sent broadcast CAM message to all vehicles (at simulation time 9.100,000,000 s)
2024-06-04 00:13:02,237 INFO  - Received CAM message from veh_4 (at simulation time 9.100,400,000 s)
2024-06-04 00:13:02,237 INFO  - Received Detection message from veh_4 to veh_1 (at simulation time 9.100,900,000 s)
2024-06-04 00:13:02,238 INFO  - Forwarded Detection message to rsu_0 (at simulation time 9.100,900,000 s)
2024-06-04 00:13:02,238 INFO  - Received CAM message from veh_0 (at simulation time 9.101,900,000 s)
2024-06-04 00:13:02,238 INFO  - Received CAM message from veh_2 (at simulation time 9.101,900,000 s)
2024-06-04 00:13:02,239 INFO  - Atempting to process queue (at simulation time 9.200,000,000 s)
2024-06-04 00:13:02,239 INFO  - Vehicle is inside the detection area. (at simulation time 9.200,000,000 s)
2024-06-04 00:13:02,239 INFO  - Sent Detection message to rsu_0 (at simulation time 9.200,000,000 s)
2024-06-04 00:13:02,239 INFO  - Sent broadcast CAM message to all vehicles (at simulation time 9.200,000,000 s)
2024-06-04 00:13:02,240 INFO  - Received CAM message from veh_4 (at simulation time 9.200,900,000 s)
2024-06-04 00:13:02,240 INFO  - Received Detection message from veh_4 to veh_1 (at simulation time 9.201,400,000 s)
2024-06-04 00:13:02,240 INFO  - Forwarded Detection message to rsu_0 (at simulation time 9.201,400,000 s)
2024-06-04 00:13:02,240 INFO  - Received CAM message from veh_0 (at simulation time 9.202,400,000 s)
2024-06-04 00:13:02,240 INFO  - Received CAM message from veh_2 (at simulation time 9.202,400,000 s)
2024-06-04 00:13:02,240 INFO  - Atempting to process queue (at simulation time 9.300,000,000 s)
2024-06-04 00:13:02,240 INFO  - Vehicle is inside the detection area. (at simulation time 9.300,000,000 s)
2024-06-04 00:13:02,240 INFO  - Sent Detection message to rsu_0 (at simulation time 9.300,000,000 s)
2024-06-04 00:13:02,240 INFO  - Sent broadcast CAM message to all vehicles (at simulation time 9.300,000,000 s)
2024-06-04 00:13:02,241 INFO  - Received CAM message from veh_0 (at simulation time 9.300,400,000 s)
2024-06-04 00:13:02,241 INFO  - Received Detection message from veh_4 to veh_1 (at simulation time 9.301,400,000 s)
2024-06-04 00:13:02,241 INFO  - Forwarded Detection message to rsu_0 (at simulation time 9.301,400,000 s)
2024-06-04 00:13:02,241 INFO  - Received CAM message from veh_4 (at simulation time 9.302,400,000 s)
2024-06-04 00:13:02,241 INFO  - Received CAM message from veh_2 (at simulation time 9.302,400,000 s)
2024-06-04 00:13:02,242 INFO  - Atempting to process queue (at simulation time 9.400,000,000 s)
2024-06-04 00:13:02,242 INFO  - Vehicle is inside the detection area. (at simulation time 9.400,000,000 s)
2024-06-04 00:13:02,242 INFO  - Sent Detection message to rsu_0 (at simulation time 9.400,000,000 s)
2024-06-04 00:13:02,242 INFO  - Sent broadcast CAM message to all vehicles (at simulation time 9.400,000,000 s)
2024-06-04 00:13:02,243 INFO  - Received CAM message from veh_0 (at simulation time 9.400,400,000 s)
2024-06-04 00:13:02,243 INFO  - Received Detection message from veh_4 to veh_1 (at simulation time 9.401,400,000 s)
2024-06-04 00:13:02,243 INFO  - Forwarded Detection message to rsu_0 (at simulation time 9.401,400,000 s)
2024-06-04 00:13:02,244 INFO  - Received CAM message from veh_4 (at simulation time 9.402,400,000 s)
2024-06-04 00:13:02,244 INFO  - Received CAM message from veh_2 (at simulation time 9.402,400,000 s)
2024-06-04 00:13:02,245 INFO  - Atempting to process queue (at simulation time 9.500,000,000 s)
2024-06-04 00:13:02,245 INFO  - Vehicle is inside the detection area. (at simulation time 9.500,000,000 s)
2024-06-04 00:13:02,245 INFO  - Sent Detection message to rsu_0 (at simulation time 9.500,000,000 s)
2024-06-04 00:13:02,245 INFO  - Sent broadcast CAM message to all vehicles (at simulation time 9.500,000,000 s)
2024-06-04 00:13:02,245 INFO  - Received Detection message from veh_4 to veh_1 (at simulation time 9.500,400,000 s)
2024-06-04 00:13:02,245 INFO  - Forwarded Detection message to rsu_0 (at simulation time 9.500,400,000 s)
2024-06-04 00:13:02,246 INFO  - Received CAM message from veh_4 (at simulation time 9.500,400,000 s)
2024-06-04 00:13:02,246 INFO  - Received CAM message from veh_0 (at simulation time 9.502,400,000 s)
2024-06-04 00:13:02,246 INFO  - Received CAM message from veh_2 (at simulation time 9.502,400,000 s)
2024-06-04 00:13:02,247 INFO  - Atempting to process queue (at simulation time 9.600,000,000 s)
2024-06-04 00:13:02,247 INFO  - Vehicle is inside the detection area. (at simulation time 9.600,000,000 s)
2024-06-04 00:13:02,247 INFO  - Sent Detection message to rsu_0 (at simulation time 9.600,000,000 s)
2024-06-04 00:13:02,247 INFO  - Sent broadcast CAM message to all vehicles (at simulation time 9.600,000,000 s)
2024-06-04 00:13:02,248 INFO  - Received CAM message from veh_4 (at simulation time 9.601,400,000 s)
2024-06-04 00:13:02,248 INFO  - Received Detection message from veh_4 to veh_1 (at simulation time 9.601,900,000 s)
2024-06-04 00:13:02,248 INFO  - Forwarded Detection message to rsu_0 (at simulation time 9.601,900,000 s)
2024-06-04 00:13:02,248 INFO  - Received CAM message from veh_0 (at simulation time 9.601,900,000 s)
2024-06-04 00:13:02,248 INFO  - Received CAM message from veh_2 (at simulation time 9.601,900,000 s)
2024-06-04 00:13:02,249 INFO  - Atempting to process queue (at simulation time 9.700,000,000 s)
2024-06-04 00:13:02,249 INFO  - Vehicle is inside the detection area. (at simulation time 9.700,000,000 s)
2024-06-04 00:13:02,249 INFO  - Sent Detection message to rsu_0 (at simulation time 9.700,000,000 s)
2024-06-04 00:13:02,249 INFO  - Sent broadcast CAM message to all vehicles (at simulation time 9.700,000,000 s)
2024-06-04 00:13:02,249 INFO  - Received CAM message from veh_4 (at simulation time 9.700,900,000 s)
2024-06-04 00:13:02,249 INFO  - Received Detection message from veh_4 to veh_1 (at simulation time 9.701,400,000 s)
2024-06-04 00:13:02,249 INFO  - Forwarded Detection message to rsu_0 (at simulation time 9.701,400,000 s)
2024-06-04 00:13:02,250 INFO  - Received CAM message from veh_0 (at simulation time 9.701,900,000 s)
2024-06-04 00:13:02,250 INFO  - Received CAM message from veh_2 (at simulation time 9.702,400,000 s)
2024-06-04 00:13:02,250 INFO  - Atempting to process queue (at simulation time 9.800,000,000 s)
2024-06-04 00:13:02,250 INFO  - Vehicle is inside the detection area. (at simulation time 9.800,000,000 s)
2024-06-04 00:13:02,250 INFO  - Sent Detection message to rsu_0 (at simulation time 9.800,000,000 s)
2024-06-04 00:13:02,250 INFO  - Sent broadcast CAM message to all vehicles (at simulation time 9.800,000,000 s)
2024-06-04 00:13:02,250 INFO  - Received Detection message from veh_4 to veh_1 (at simulation time 9.800,400,000 s)
2024-06-04 00:13:02,250 INFO  - Forwarded Detection message to rsu_0 (at simulation time 9.800,400,000 s)
2024-06-04 00:13:02,250 INFO  - Received CAM message from veh_4 (at simulation time 9.800,900,000 s)
2024-06-04 00:13:02,250 INFO  - Received CAM message from veh_0 (at simulation time 9.800,900,000 s)
2024-06-04 00:13:02,251 INFO  - Received CAM message from veh_2 (at simulation time 9.801,400,000 s)
2024-06-04 00:13:02,251 INFO  - Atempting to process queue (at simulation time 9.900,000,000 s)
2024-06-04 00:13:02,251 INFO  - Vehicle is inside the detection area. (at simulation time 9.900,000,000 s)
2024-06-04 00:13:02,251 INFO  - Sent Detection message to rsu_0 (at simulation time 9.900,000,000 s)
2024-06-04 00:13:02,251 INFO  - Sent broadcast CAM message to all vehicles (at simulation time 9.900,000,000 s)
2024-06-04 00:13:02,251 INFO  - Received CAM message from veh_4 (at simulation time 9.900,400,000 s)
2024-06-04 00:13:02,252 INFO  - Received CAM message from veh_2 (at simulation time 9.900,400,000 s)
2024-06-04 00:13:02,252 INFO  - Received Detection message from veh_4 to veh_1 (at simulation time 9.901,400,000 s)
2024-06-04 00:13:02,252 INFO  - Forwarded Detection message to rsu_0 (at simulation time 9.901,400,000 s)
2024-06-04 00:13:02,252 INFO  - Received CAM message from veh_0 (at simulation time 9.901,900,000 s)
2024-06-04 00:13:02,260 INFO  - Atempting to process queue (at simulation time 10.000,000,000 s)
2024-06-04 00:13:02,260 INFO  - Vehicle is outside the detection area. (at simulation time 10.000,000,000 s)
2024-06-04 00:13:02,260 INFO  - Sent broadcast CAM message to all vehicles (at simulation time 10.000,000,000 s)
2024-06-04 00:13:02,261 INFO  - Received CAM message from veh_4 (at simulation time 10.001,400,000 s)
2024-06-04 00:13:02,261 INFO  - Received CAM message from veh_2 (at simulation time 10.001,400,000 s)
2024-06-04 00:13:02,261 INFO  - Received CAM message from veh_0 (at simulation time 10.001,900,000 s)
2024-06-04 00:13:02,261 INFO  - Received Detection message from veh_4 to veh_1 (at simulation time 10.002,400,000 s)
2024-06-04 00:13:02,262 INFO  - Forwarded Detection message to rsu_0 (at simulation time 10.002,400,000 s)
2024-06-04 00:13:02,263 INFO  - Atempting to process queue (at simulation time 10.100,000,000 s)
2024-06-04 00:13:02,263 INFO  - Vehicle is outside the detection area. (at simulation time 10.100,000,000 s)
2024-06-04 00:13:02,263 INFO  - Sent broadcast CAM message to all vehicles (at simulation time 10.100,000,000 s)
2024-06-04 00:13:02,264 INFO  - Received Detection message from veh_4 to veh_1 (at simulation time 10.100,400,000 s)
2024-06-04 00:13:02,265 INFO  - Forwarded Detection message to rsu_0 (at simulation time 10.100,400,000 s)
2024-06-04 00:13:02,265 INFO  - Received CAM message from veh_4 (at simulation time 10.100,900,000 s)
2024-06-04 00:13:02,265 INFO  - Received CAM message from veh_0 (at simulation time 10.100,900,000 s)
2024-06-04 00:13:02,265 INFO  - Received CAM message from veh_2 (at simulation time 10.102,400,000 s)
2024-06-04 00:13:02,266 INFO  - Atempting to process queue (at simulation time 10.200,000,000 s)
2024-06-04 00:13:02,266 INFO  - Vehicle is outside the detection area. (at simulation time 10.200,000,000 s)
2024-06-04 00:13:02,266 INFO  - Sent broadcast CAM message to all vehicles (at simulation time 10.200,000,000 s)
2024-06-04 00:13:02,266 INFO  - Received CAM message from veh_2 (at simulation time 10.200,400,000 s)
2024-06-04 00:13:02,266 INFO  - Received Detection message from veh_4 to veh_1 (at simulation time 10.202,400,000 s)
2024-06-04 00:13:02,266 INFO  - Forwarded Detection message to rsu_0 (at simulation time 10.202,400,000 s)
2024-06-04 00:13:02,266 INFO  - Received CAM message from veh_4 (at simulation time 10.202,400,000 s)
2024-06-04 00:13:02,266 INFO  - Received CAM message from veh_0 (at simulation time 10.202,400,000 s)
2024-06-04 00:13:02,267 INFO  - Atempting to process queue (at simulation time 10.300,000,000 s)
2024-06-04 00:13:02,267 INFO  - Vehicle is outside the detection area. (at simulation time 10.300,000,000 s)
2024-06-04 00:13:02,267 INFO  - Sent broadcast CAM message to all vehicles (at simulation time 10.300,000,000 s)
2024-06-04 00:13:02,267 INFO  - Received Detection message from veh_4 to veh_1 (at simulation time 10.300,900,000 s)
2024-06-04 00:13:02,268 INFO  - Forwarded Detection message to rsu_0 (at simulation time 10.300,900,000 s)
2024-06-04 00:13:02,268 INFO  - Received CAM message from veh_0 (at simulation time 10.300,900,000 s)
2024-06-04 00:13:02,268 INFO  - Received CAM message from veh_2 (at simulation time 10.301,400,000 s)
2024-06-04 00:13:02,268 INFO  - Received CAM message from veh_4 (at simulation time 10.301,900,000 s)
2024-06-04 00:13:02,268 INFO  - Atempting to process queue (at simulation time 10.400,000,000 s)
2024-06-04 00:13:02,268 INFO  - Vehicle is outside the detection area. (at simulation time 10.400,000,000 s)
2024-06-04 00:13:02,268 INFO  - Sent broadcast CAM message to all vehicles (at simulation time 10.400,000,000 s)
2024-06-04 00:13:02,269 INFO  - Received Detection message from veh_4 to veh_1 (at simulation time 10.401,400,000 s)
2024-06-04 00:13:02,269 INFO  - Forwarded Detection message to rsu_0 (at simulation time 10.401,400,000 s)
2024-06-04 00:13:02,269 INFO  - Received CAM message from veh_0 (at simulation time 10.401,400,000 s)
2024-06-04 00:13:02,269 INFO  - Received CAM message from veh_2 (at simulation time 10.401,400,000 s)
2024-06-04 00:13:02,269 INFO  - Received CAM message from veh_4 (at simulation time 10.401,900,000 s)
2024-06-04 00:13:02,269 INFO  - Atempting to process queue (at simulation time 10.500,000,000 s)
2024-06-04 00:13:02,269 INFO  - Vehicle is outside the detection area. (at simulation time 10.500,000,000 s)
2024-06-04 00:13:02,269 INFO  - Sent broadcast CAM message to all vehicles (at simulation time 10.500,000,000 s)
2024-06-04 00:13:02,270 INFO  - Received CAM message from veh_4 (at simulation time 10.500,400,000 s)
2024-06-04 00:13:02,270 INFO  - Received CAM message from veh_0 (at simulation time 10.500,900,000 s)
2024-06-04 00:13:02,270 INFO  - Received CAM message from veh_2 (at simulation time 10.500,900,000 s)
2024-06-04 00:13:02,270 INFO  - Received Detection message from veh_4 to veh_1 (at simulation time 10.502,400,000 s)
2024-06-04 00:13:02,270 INFO  - Forwarded Detection message to rsu_0 (at simulation time 10.502,400,000 s)
2024-06-04 00:13:02,270 INFO  - Atempting to process queue (at simulation time 10.600,000,000 s)
2024-06-04 00:13:02,270 INFO  - Vehicle is outside the detection area. (at simulation time 10.600,000,000 s)
2024-06-04 00:13:02,270 INFO  - Sent broadcast CAM message to all vehicles (at simulation time 10.600,000,000 s)
2024-06-04 00:13:02,271 INFO  - Received CAM message from veh_2 (at simulation time 10.600,900,000 s)
2024-06-04 00:13:02,271 INFO  - Received CAM message from veh_4 (at simulation time 10.601,400,000 s)
2024-06-04 00:13:02,271 INFO  - Received Detection message from veh_4 to veh_1 (at simulation time 10.601,900,000 s)
2024-06-04 00:13:02,271 INFO  - Forwarded Detection message to rsu_0 (at simulation time 10.601,900,000 s)
2024-06-04 00:13:02,271 INFO  - Received CAM message from veh_0 (at simulation time 10.602,400,000 s)
2024-06-04 00:13:02,271 INFO  - Atempting to process queue (at simulation time 10.700,000,000 s)
2024-06-04 00:13:02,271 INFO  - Vehicle is outside the detection area. (at simulation time 10.700,000,000 s)
2024-06-04 00:13:02,271 INFO  - Sent broadcast CAM message to all vehicles (at simulation time 10.700,000,000 s)
2024-06-04 00:13:02,272 INFO  - Received Detection message from veh_4 to veh_1 (at simulation time 10.700,400,000 s)
2024-06-04 00:13:02,272 INFO  - Forwarded Detection message to rsu_0 (at simulation time 10.700,400,000 s)
2024-06-04 00:13:02,272 INFO  - Received CAM message from veh_0 (at simulation time 10.701,400,000 s)
2024-06-04 00:13:02,272 INFO  - Received CAM message from veh_4 (at simulation time 10.701,900,000 s)
2024-06-04 00:13:02,272 INFO  - Received CAM message from veh_2 (at simulation time 10.701,900,000 s)
2024-06-04 00:13:02,272 INFO  - Atempting to process queue (at simulation time 10.800,000,000 s)
2024-06-04 00:13:02,272 INFO  - Vehicle is outside the detection area. (at simulation time 10.800,000,000 s)
2024-06-04 00:13:02,272 INFO  - Sent broadcast CAM message to all vehicles (at simulation time 10.800,000,000 s)
2024-06-04 00:13:02,272 INFO  - Received CAM message from veh_0 (at simulation time 10.800,400,000 s)
2024-06-04 00:13:02,273 INFO  - Received Detection message from veh_4 to veh_1 (at simulation time 10.800,900,000 s)
2024-06-04 00:13:02,273 INFO  - Forwarded Detection message to rsu_0 (at simulation time 10.800,900,000 s)
2024-06-04 00:13:02,273 INFO  - Received CAM message from veh_2 (at simulation time 10.800,900,000 s)
2024-06-04 00:13:02,273 INFO  - Received CAM message from veh_4 (at simulation time 10.802,400,000 s)
2024-06-04 00:13:02,273 INFO  - Atempting to process queue (at simulation time 10.900,000,000 s)
2024-06-04 00:13:02,273 INFO  - Vehicle is outside the detection area. (at simulation time 10.900,000,000 s)
2024-06-04 00:13:02,273 INFO  - Sent broadcast CAM message to all vehicles (at simulation time 10.900,000,000 s)
2024-06-04 00:13:02,274 INFO  - Received Detection message from veh_4 to veh_1 (at simulation time 10.901,400,000 s)
2024-06-04 00:13:02,274 INFO  - Forwarded Detection message to rsu_0 (at simulation time 10.901,400,000 s)
2024-06-04 00:13:02,274 INFO  - Received CAM message from veh_0 (at simulation time 10.901,400,000 s)
2024-06-04 00:13:02,274 INFO  - Received CAM message from veh_2 (at simulation time 10.901,900,000 s)
2024-06-04 00:13:02,274 INFO  - Received CAM message from veh_4 (at simulation time 10.902,400,000 s)
2024-06-04 00:13:02,277 INFO  - Atempting to process queue (at simulation time 11.000,000,000 s)
2024-06-04 00:13:02,277 INFO  - Vehicle is outside the detection area. (at simulation time 11.000,000,000 s)
2024-06-04 00:13:02,277 INFO  - Sent broadcast CAM message to all vehicles (at simulation time 11.000,000,000 s)
2024-06-04 00:13:02,278 INFO  - Received CAM message from veh_0 (at simulation time 11.000,900,000 s)
2024-06-04 00:13:02,278 INFO  - Received CAM message from veh_2 (at simulation time 11.000,900,000 s)
2024-06-04 00:13:02,279 INFO  - Received CAM message from veh_4 (at simulation time 11.002,400,000 s)
2024-06-04 00:13:02,279 INFO  - Atempting to process queue (at simulation time 11.100,000,000 s)
2024-06-04 00:13:02,279 INFO  - Vehicle is outside the detection area. (at simulation time 11.100,000,000 s)
2024-06-04 00:13:02,279 INFO  - Sent broadcast CAM message to all vehicles (at simulation time 11.100,000,000 s)
2024-06-04 00:13:02,280 INFO  - Received CAM message from veh_4 (at simulation time 11.102,400,000 s)
2024-06-04 00:13:02,280 INFO  - Received CAM message from veh_0 (at simulation time 11.102,400,000 s)
2024-06-04 00:13:02,280 INFO  - Received CAM message from veh_2 (at simulation time 11.102,400,000 s)
2024-06-04 00:13:02,281 INFO  - Atempting to process queue (at simulation time 11.200,000,000 s)
2024-06-04 00:13:02,281 INFO  - Vehicle is outside the detection area. (at simulation time 11.200,000,000 s)
2024-06-04 00:13:02,281 INFO  - Sent broadcast CAM message to all vehicles (at simulation time 11.200,000,000 s)
2024-06-04 00:13:02,281 INFO  - Received CAM message from veh_4 (at simulation time 11.201,400,000 s)
2024-06-04 00:13:02,281 INFO  - Received CAM message from veh_0 (at simulation time 11.202,400,000 s)
2024-06-04 00:13:02,281 INFO  - Received CAM message from veh_2 (at simulation time 11.202,400,000 s)
2024-06-04 00:13:02,282 INFO  - Atempting to process queue (at simulation time 11.300,000,000 s)
2024-06-04 00:13:02,282 INFO  - Vehicle is outside the detection area. (at simulation time 11.300,000,000 s)
2024-06-04 00:13:02,282 INFO  - Sent broadcast CAM message to all vehicles (at simulation time 11.300,000,000 s)
2024-06-04 00:13:02,282 INFO  - Received CAM message from veh_2 (at simulation time 11.300,400,000 s)
2024-06-04 00:13:02,282 INFO  - Received CAM message from veh_4 (at simulation time 11.300,900,000 s)
2024-06-04 00:13:02,282 INFO  - Received CAM message from veh_0 (at simulation time 11.300,900,000 s)
2024-06-04 00:13:02,283 INFO  - Atempting to process queue (at simulation time 11.400,000,000 s)
2024-06-04 00:13:02,283 INFO  - Vehicle is outside the detection area. (at simulation time 11.400,000,000 s)
2024-06-04 00:13:02,283 INFO  - Sent broadcast CAM message to all vehicles (at simulation time 11.400,000,000 s)
2024-06-04 00:13:02,284 INFO  - Received CAM message from veh_2 (at simulation time 11.400,900,000 s)
2024-06-04 00:13:02,284 INFO  - Received CAM message from veh_4 (at simulation time 11.401,400,000 s)
2024-06-04 00:13:02,284 INFO  - Received CAM message from veh_0 (at simulation time 11.401,900,000 s)
2024-06-04 00:13:02,284 INFO  - Atempting to process queue (at simulation time 11.500,000,000 s)
2024-06-04 00:13:02,284 INFO  - Vehicle is outside the detection area. (at simulation time 11.500,000,000 s)
2024-06-04 00:13:02,284 INFO  - Sent broadcast CAM message to all vehicles (at simulation time 11.500,000,000 s)
2024-06-04 00:13:02,285 INFO  - Received CAM message from veh_4 (at simulation time 11.501,400,000 s)
2024-06-04 00:13:02,285 INFO  - Received CAM message from veh_0 (at simulation time 11.501,400,000 s)
2024-06-04 00:13:02,285 INFO  - Received CAM message from veh_2 (at simulation time 11.501,400,000 s)
2024-06-04 00:13:02,286 INFO  - Atempting to process queue (at simulation time 11.600,000,000 s)
2024-06-04 00:13:02,286 INFO  - Vehicle is outside the detection area. (at simulation time 11.600,000,000 s)
2024-06-04 00:13:02,286 INFO  - Sent broadcast CAM message to all vehicles (at simulation time 11.600,000,000 s)
2024-06-04 00:13:02,286 INFO  - Received CAM message from veh_0 (at simulation time 11.600,400,000 s)
2024-06-04 00:13:02,287 INFO  - Received CAM message from veh_4 (at simulation time 11.601,400,000 s)
2024-06-04 00:13:02,287 INFO  - Received CAM message from veh_2 (at simulation time 11.602,400,000 s)
2024-06-04 00:13:02,287 INFO  - Atempting to process queue (at simulation time 11.700,000,000 s)
2024-06-04 00:13:02,287 INFO  - Vehicle is outside the detection area. (at simulation time 11.700,000,000 s)
2024-06-04 00:13:02,287 INFO  - Sent broadcast CAM message to all vehicles (at simulation time 11.700,000,000 s)
2024-06-04 00:13:02,288 INFO  - Received CAM message from veh_4 (at simulation time 11.700,400,000 s)
2024-06-04 00:13:02,288 INFO  - Received CAM message from veh_0 (at simulation time 11.700,900,000 s)
2024-06-04 00:13:02,288 INFO  - Received CAM message from veh_2 (at simulation time 11.700,900,000 s)
2024-06-04 00:13:02,290 INFO  - Atempting to process queue (at simulation time 11.800,000,000 s)
2024-06-04 00:13:02,290 INFO  - Vehicle is outside the detection area. (at simulation time 11.800,000,000 s)
2024-06-04 00:13:02,290 INFO  - Sent broadcast CAM message to all vehicles (at simulation time 11.800,000,000 s)
2024-06-04 00:13:02,291 INFO  - Received CAM message from veh_4 (at simulation time 11.801,900,000 s)
2024-06-04 00:13:02,291 INFO  - Received CAM message from veh_0 (at simulation time 11.801,900,000 s)
2024-06-04 00:13:02,291 INFO  - Received CAM message from veh_2 (at simulation time 11.802,400,000 s)
2024-06-04 00:13:02,292 INFO  - Atempting to process queue (at simulation time 11.900,000,000 s)
2024-06-04 00:13:02,292 INFO  - Vehicle is outside the detection area. (at simulation time 11.900,000,000 s)
2024-06-04 00:13:02,292 INFO  - Sent broadcast CAM message to all vehicles (at simulation time 11.900,000,000 s)
2024-06-04 00:13:02,293 INFO  - Received CAM message from veh_0 (at simulation time 11.900,900,000 s)
2024-06-04 00:13:02,293 INFO  - Received CAM message from veh_4 (at simulation time 11.902,400,000 s)
2024-06-04 00:13:02,293 INFO  - Received CAM message from veh_2 (at simulation time 11.902,400,000 s)
2024-06-04 00:13:02,298 INFO  - Atempting to process queue (at simulation time 12.000,000,000 s)
2024-06-04 00:13:02,298 INFO  - Vehicle is outside the detection area. (at simulation time 12.000,000,000 s)
2024-06-04 00:13:02,298 INFO  - Sent broadcast CAM message to all vehicles (at simulation time 12.000,000,000 s)
2024-06-04 00:13:02,299 INFO  - Received CAM message from veh_4 (at simulation time 12.001,400,000 s)
2024-06-04 00:13:02,299 INFO  - Received CAM message from veh_2 (at simulation time 12.001,900,000 s)
2024-06-04 00:13:02,299 INFO  - Atempting to process queue (at simulation time 12.100,000,000 s)
2024-06-04 00:13:02,299 INFO  - Vehicle is outside the detection area. (at simulation time 12.100,000,000 s)
2024-06-04 00:13:02,299 INFO  - Sent broadcast CAM message to all vehicles (at simulation time 12.100,000,000 s)
2024-06-04 00:13:02,300 INFO  - Received CAM message from veh_2 (at simulation time 12.101,400,000 s)
2024-06-04 00:13:02,300 INFO  - Received CAM message from veh_4 (at simulation time 12.102,400,000 s)
2024-06-04 00:13:02,301 INFO  - Atempting to process queue (at simulation time 12.200,000,000 s)
2024-06-04 00:13:02,301 INFO  - Vehicle is outside the detection area. (at simulation time 12.200,000,000 s)
2024-06-04 00:13:02,301 INFO  - Sent broadcast CAM message to all vehicles (at simulation time 12.200,000,000 s)
2024-06-04 00:13:02,301 INFO  - Received CAM message from veh_2 (at simulation time 12.200,400,000 s)
2024-06-04 00:13:02,301 INFO  - Received CAM message from veh_4 (at simulation time 12.201,400,000 s)
2024-06-04 00:13:02,302 INFO  - Atempting to process queue (at simulation time 12.300,000,000 s)
2024-06-04 00:13:02,302 INFO  - Vehicle is outside the detection area. (at simulation time 12.300,000,000 s)
2024-06-04 00:13:02,302 INFO  - Sent broadcast CAM message to all vehicles (at simulation time 12.300,000,000 s)
2024-06-04 00:13:02,302 INFO  - Received CAM message from veh_2 (at simulation time 12.300,400,000 s)
2024-06-04 00:13:02,302 INFO  - Received CAM message from veh_4 (at simulation time 12.300,900,000 s)
2024-06-04 00:13:02,303 INFO  - Atempting to process queue (at simulation time 12.400,000,000 s)
2024-06-04 00:13:02,303 INFO  - Vehicle is outside the detection area. (at simulation time 12.400,000,000 s)
2024-06-04 00:13:02,303 INFO  - Sent broadcast CAM message to all vehicles (at simulation time 12.400,000,000 s)
2024-06-04 00:13:02,304 INFO  - Received CAM message from veh_2 (at simulation time 12.400,400,000 s)
2024-06-04 00:13:02,304 INFO  - Received CAM message from veh_4 (at simulation time 12.401,900,000 s)
2024-06-04 00:13:02,304 INFO  - Atempting to process queue (at simulation time 12.500,000,000 s)
2024-06-04 00:13:02,304 INFO  - Vehicle is outside the detection area. (at simulation time 12.500,000,000 s)
2024-06-04 00:13:02,304 INFO  - Sent broadcast CAM message to all vehicles (at simulation time 12.500,000,000 s)
2024-06-04 00:13:02,305 INFO  - Received CAM message from veh_2 (at simulation time 12.501,900,000 s)
2024-06-04 00:13:02,305 INFO  - Received CAM message from veh_4 (at simulation time 12.502,400,000 s)
2024-06-04 00:13:02,305 INFO  - Atempting to process queue (at simulation time 12.600,000,000 s)
2024-06-04 00:13:02,305 INFO  - Vehicle is outside the detection area. (at simulation time 12.600,000,000 s)
2024-06-04 00:13:02,305 INFO  - Sent broadcast CAM message to all vehicles (at simulation time 12.600,000,000 s)
2024-06-04 00:13:02,306 INFO  - Received CAM message from veh_2 (at simulation time 12.601,400,000 s)
2024-06-04 00:13:02,306 INFO  - Received CAM message from veh_4 (at simulation time 12.601,900,000 s)
2024-06-04 00:13:02,306 INFO  - Atempting to process queue (at simulation time 12.700,000,000 s)
2024-06-04 00:13:02,306 INFO  - Vehicle is outside the detection area. (at simulation time 12.700,000,000 s)
2024-06-04 00:13:02,306 INFO  - Sent broadcast CAM message to all vehicles (at simulation time 12.700,000,000 s)
2024-06-04 00:13:02,307 INFO  - Received CAM message from veh_2 (at simulation time 12.700,900,000 s)
2024-06-04 00:13:02,307 INFO  - Received CAM message from veh_4 (at simulation time 12.701,400,000 s)
2024-06-04 00:13:02,308 INFO  - Atempting to process queue (at simulation time 12.800,000,000 s)
2024-06-04 00:13:02,308 INFO  - Vehicle is outside the detection area. (at simulation time 12.800,000,000 s)
2024-06-04 00:13:02,308 INFO  - Sent broadcast CAM message to all vehicles (at simulation time 12.800,000,000 s)
2024-06-04 00:13:02,308 INFO  - Received CAM message from veh_4 (at simulation time 12.800,900,000 s)
2024-06-04 00:13:02,308 INFO  - Received CAM message from veh_2 (at simulation time 12.801,400,000 s)
2024-06-04 00:13:02,309 INFO  - Atempting to process queue (at simulation time 12.900,000,000 s)
2024-06-04 00:13:02,309 INFO  - Vehicle is outside the detection area. (at simulation time 12.900,000,000 s)
2024-06-04 00:13:02,309 INFO  - Sent broadcast CAM message to all vehicles (at simulation time 12.900,000,000 s)
2024-06-04 00:13:02,309 INFO  - Received CAM message from veh_4 (at simulation time 12.901,900,000 s)
2024-06-04 00:13:02,309 INFO  - Received CAM message from veh_2 (at simulation time 12.901,900,000 s)
2024-06-04 00:13:02,318 INFO  - Atempting to process queue (at simulation time 13.000,000,000 s)
2024-06-04 00:13:02,318 INFO  - Vehicle is outside the detection area. (at simulation time 13.000,000,000 s)
2024-06-04 00:13:02,318 INFO  - Sent broadcast CAM message to all vehicles (at simulation time 13.000,000,000 s)
2024-06-04 00:13:02,320 INFO  - Atempting to process queue (at simulation time 13.100,000,000 s)
2024-06-04 00:13:02,320 INFO  - Vehicle is outside the detection area. (at simulation time 13.100,000,000 s)
2024-06-04 00:13:02,320 INFO  - Sent broadcast CAM message to all vehicles (at simulation time 13.100,000,000 s)
2024-06-04 00:13:02,321 INFO  - Atempting to process queue (at simulation time 13.200,000,000 s)
2024-06-04 00:13:02,321 INFO  - Vehicle is outside the detection area. (at simulation time 13.200,000,000 s)
2024-06-04 00:13:02,321 INFO  - Sent broadcast CAM message to all vehicles (at simulation time 13.200,000,000 s)
2024-06-04 00:13:02,322 INFO  - Atempting to process queue (at simulation time 13.300,000,000 s)
2024-06-04 00:13:02,322 INFO  - Vehicle is outside the detection area. (at simulation time 13.300,000,000 s)
2024-06-04 00:13:02,322 INFO  - Sent broadcast CAM message to all vehicles (at simulation time 13.300,000,000 s)
2024-06-04 00:13:02,324 INFO  - Atempting to process queue (at simulation time 13.400,000,000 s)
2024-06-04 00:13:02,324 INFO  - Vehicle is outside the detection area. (at simulation time 13.400,000,000 s)
2024-06-04 00:13:02,324 INFO  - Sent broadcast CAM message to all vehicles (at simulation time 13.400,000,000 s)
2024-06-04 00:13:02,325 INFO  - Atempting to process queue (at simulation time 13.500,000,000 s)
2024-06-04 00:13:02,325 INFO  - Vehicle is outside the detection area. (at simulation time 13.500,000,000 s)
2024-06-04 00:13:02,325 INFO  - Sent broadcast CAM message to all vehicles (at simulation time 13.500,000,000 s)
2024-06-04 00:13:02,327 INFO  - Atempting to process queue (at simulation time 13.600,000,000 s)
2024-06-04 00:13:02,327 INFO  - Vehicle is outside the detection area. (at simulation time 13.600,000,000 s)
2024-06-04 00:13:02,327 INFO  - Sent broadcast CAM message to all vehicles (at simulation time 13.600,000,000 s)
2024-06-04 00:13:02,328 INFO  - Atempting to process queue (at simulation time 13.700,000,000 s)
2024-06-04 00:13:02,328 INFO  - Vehicle is outside the detection area. (at simulation time 13.700,000,000 s)
2024-06-04 00:13:02,328 INFO  - Sent broadcast CAM message to all vehicles (at simulation time 13.700,000,000 s)
2024-06-04 00:13:02,329 INFO  - Atempting to process queue (at simulation time 13.800,000,000 s)
2024-06-04 00:13:02,329 INFO  - Vehicle is outside the detection area. (at simulation time 13.800,000,000 s)
2024-06-04 00:13:02,329 INFO  - Sent broadcast CAM message to all vehicles (at simulation time 13.800,000,000 s)
2024-06-04 00:13:02,330 INFO  - Atempting to process queue (at simulation time 13.900,000,000 s)
2024-06-04 00:13:02,330 INFO  - Vehicle is outside the detection area. (at simulation time 13.900,000,000 s)
2024-06-04 00:13:02,330 INFO  - Sent broadcast CAM message to all vehicles (at simulation time 13.900,000,000 s)
2024-06-04 00:13:02,337 INFO  - Vehicle is outside the detection area. (at simulation time 14.000,000,000 s)
2024-06-04 00:13:02,337 INFO  - Sent broadcast CAM message to all vehicles (at simulation time 14.000,000,000 s)
2024-06-04 00:13:02,339 INFO  - Vehicle is outside the detection area. (at simulation time 14.100,000,000 s)
2024-06-04 00:13:02,339 INFO  - Sent broadcast CAM message to all vehicles (at simulation time 14.100,000,000 s)
2024-06-04 00:13:02,340 INFO  - Vehicle is outside the detection area. (at simulation time 14.200,000,000 s)
2024-06-04 00:13:02,340 INFO  - Sent broadcast CAM message to all vehicles (at simulation time 14.200,000,000 s)
2024-06-04 00:13:02,342 INFO  - Vehicle is outside the detection area. (at simulation time 14.300,000,000 s)
2024-06-04 00:13:02,342 INFO  - Sent broadcast CAM message to all vehicles (at simulation time 14.300,000,000 s)
2024-06-04 00:13:02,343 INFO  - Vehicle is outside the detection area. (at simulation time 14.400,000,000 s)
2024-06-04 00:13:02,343 INFO  - Sent broadcast CAM message to all vehicles (at simulation time 14.400,000,000 s)
2024-06-04 00:13:02,344 INFO  - Vehicle is outside the detection area. (at simulation time 14.500,000,000 s)
2024-06-04 00:13:02,344 INFO  - Sent broadcast CAM message to all vehicles (at simulation time 14.500,000,000 s)
2024-06-04 00:13:02,345 INFO  - Vehicle is outside the detection area. (at simulation time 14.600,000,000 s)
2024-06-04 00:13:02,345 INFO  - Sent broadcast CAM message to all vehicles (at simulation time 14.600,000,000 s)
2024-06-04 00:13:02,346 INFO  - Vehicle is outside the detection area. (at simulation time 14.700,000,000 s)
2024-06-04 00:13:02,346 INFO  - Sent broadcast CAM message to all vehicles (at simulation time 14.700,000,000 s)
2024-06-04 00:13:02,348 INFO  - Vehicle is outside the detection area. (at simulation time 14.800,000,000 s)
2024-06-04 00:13:02,348 INFO  - Sent broadcast CAM message to all vehicles (at simulation time 14.800,000,000 s)
2024-06-04 00:13:02,349 INFO  - Vehicle is outside the detection area. (at simulation time 14.900,000,000 s)
2024-06-04 00:13:02,349 INFO  - Sent broadcast CAM message to all vehicles (at simulation time 14.900,000,000 s)
2024-06-04 00:13:02,362 INFO  - Vehicle is outside the detection area. (at simulation time 15.000,000,000 s)
2024-06-04 00:13:02,362 INFO  - Sent broadcast CAM message to all vehicles (at simulation time 15.000,000,000 s)
2024-06-04 00:13:02,368 INFO  - Vehicle is outside the detection area. (at simulation time 15.100,000,000 s)
2024-06-04 00:13:02,368 INFO  - Sent broadcast CAM message to all vehicles (at simulation time 15.100,000,000 s)
2024-06-04 00:13:02,370 INFO  - Vehicle is outside the detection area. (at simulation time 15.200,000,000 s)
2024-06-04 00:13:02,371 INFO  - Sent broadcast CAM message to all vehicles (at simulation time 15.200,000,000 s)
2024-06-04 00:13:02,372 INFO  - Vehicle is outside the detection area. (at simulation time 15.300,000,000 s)
2024-06-04 00:13:02,372 INFO  - Sent broadcast CAM message to all vehicles (at simulation time 15.300,000,000 s)
2024-06-04 00:13:02,380 INFO  - Vehicle is outside the detection area. (at simulation time 15.400,000,000 s)
2024-06-04 00:13:02,380 INFO  - Sent broadcast CAM message to all vehicles (at simulation time 15.400,000,000 s)
2024-06-04 00:13:02,381 INFO  - Vehicle is outside the detection area. (at simulation time 15.500,000,000 s)
2024-06-04 00:13:02,381 INFO  - Sent broadcast CAM message to all vehicles (at simulation time 15.500,000,000 s)
2024-06-04 00:13:02,383 INFO  - Vehicle is outside the detection area. (at simulation time 15.600,000,000 s)
2024-06-04 00:13:02,383 INFO  - Sent broadcast CAM message to all vehicles (at simulation time 15.600,000,000 s)
2024-06-04 00:13:02,386 INFO  - Vehicle is outside the detection area. (at simulation time 15.700,000,000 s)
2024-06-04 00:13:02,386 INFO  - Sent broadcast CAM message to all vehicles (at simulation time 15.700,000,000 s)
2024-06-04 00:13:02,389 INFO  - Vehicle is outside the detection area. (at simulation time 15.800,000,000 s)
2024-06-04 00:13:02,389 INFO  - Sent broadcast CAM message to all vehicles (at simulation time 15.800,000,000 s)
2024-06-04 00:13:02,392 INFO  - Vehicle is outside the detection area. (at simulation time 15.900,000,000 s)
2024-06-04 00:13:02,392 INFO  - Sent broadcast CAM message to all vehicles (at simulation time 15.900,000,000 s)
2024-06-04 00:13:02,399 INFO  - Vehicle is outside the detection area. (at simulation time 16.000,000,000 s)
2024-06-04 00:13:02,399 INFO  - Sent broadcast CAM message to all vehicles (at simulation time 16.000,000,000 s)
2024-06-04 00:13:02,401 INFO  - Vehicle is outside the detection area. (at simulation time 16.100,000,000 s)
2024-06-04 00:13:02,401 INFO  - Sent broadcast CAM message to all vehicles (at simulation time 16.100,000,000 s)
2024-06-04 00:13:02,403 INFO  - Vehicle is outside the detection area. (at simulation time 16.200,000,000 s)
2024-06-04 00:13:02,403 INFO  - Sent broadcast CAM message to all vehicles (at simulation time 16.200,000,000 s)
2024-06-04 00:13:02,405 INFO  - Vehicle is outside the detection area. (at simulation time 16.300,000,000 s)
2024-06-04 00:13:02,405 INFO  - Sent broadcast CAM message to all vehicles (at simulation time 16.300,000,000 s)
2024-06-04 00:13:02,407 INFO  - Vehicle is outside the detection area. (at simulation time 16.400,000,000 s)
2024-06-04 00:13:02,408 INFO  - Sent broadcast CAM message to all vehicles (at simulation time 16.400,000,000 s)
2024-06-04 00:13:02,410 INFO  - Vehicle is outside the detection area. (at simulation time 16.500,000,000 s)
2024-06-04 00:13:02,410 INFO  - Sent broadcast CAM message to all vehicles (at simulation time 16.500,000,000 s)
2024-06-04 00:13:02,411 INFO  - Vehicle is outside the detection area. (at simulation time 16.600,000,000 s)
2024-06-04 00:13:02,411 INFO  - Sent broadcast CAM message to all vehicles (at simulation time 16.600,000,000 s)
2024-06-04 00:13:02,413 INFO  - Vehicle is outside the detection area. (at simulation time 16.700,000,000 s)
2024-06-04 00:13:02,413 INFO  - Sent broadcast CAM message to all vehicles (at simulation time 16.700,000,000 s)
2024-06-04 00:13:02,415 INFO  - Vehicle is outside the detection area. (at simulation time 16.800,000,000 s)
2024-06-04 00:13:02,415 INFO  - Sent broadcast CAM message to all vehicles (at simulation time 16.800,000,000 s)
2024-06-04 00:13:02,416 INFO  - Vehicle is outside the detection area. (at simulation time 16.900,000,000 s)
2024-06-04 00:13:02,416 INFO  - Sent broadcast CAM message to all vehicles (at simulation time 16.900,000,000 s)
2024-06-04 00:13:02,422 INFO  - Vehicle is outside the detection area. (at simulation time 17.000,000,000 s)
2024-06-04 00:13:02,422 INFO  - Sent broadcast CAM message to all vehicles (at simulation time 17.000,000,000 s)
2024-06-04 00:13:02,426 INFO  - Vehicle is outside the detection area. (at simulation time 17.100,000,000 s)
2024-06-04 00:13:02,426 INFO  - Sent broadcast CAM message to all vehicles (at simulation time 17.100,000,000 s)
2024-06-04 00:13:02,429 INFO  - Vehicle is outside the detection area. (at simulation time 17.200,000,000 s)
2024-06-04 00:13:02,429 INFO  - Sent broadcast CAM message to all vehicles (at simulation time 17.200,000,000 s)
2024-06-04 00:13:02,432 INFO  - Vehicle is outside the detection area. (at simulation time 17.300,000,000 s)
2024-06-04 00:13:02,432 INFO  - Sent broadcast CAM message to all vehicles (at simulation time 17.300,000,000 s)
2024-06-04 00:13:02,435 INFO  - Vehicle is outside the detection area. (at simulation time 17.400,000,000 s)
2024-06-04 00:13:02,435 INFO  - Sent broadcast CAM message to all vehicles (at simulation time 17.400,000,000 s)
2024-06-04 00:13:02,438 INFO  - Vehicle is outside the detection area. (at simulation time 17.500,000,000 s)
2024-06-04 00:13:02,438 INFO  - Sent broadcast CAM message to all vehicles (at simulation time 17.500,000,000 s)
2024-06-04 00:13:02,440 INFO  - Vehicle is outside the detection area. (at simulation time 17.600,000,000 s)
2024-06-04 00:13:02,440 INFO  - Sent broadcast CAM message to all vehicles (at simulation time 17.600,000,000 s)
2024-06-04 00:13:02,442 INFO  - Vehicle is outside the detection area. (at simulation time 17.700,000,000 s)
2024-06-04 00:13:02,442 INFO  - Sent broadcast CAM message to all vehicles (at simulation time 17.700,000,000 s)
2024-06-04 00:13:02,444 INFO  - Vehicle is outside the detection area. (at simulation time 17.800,000,000 s)
2024-06-04 00:13:02,444 INFO  - Sent broadcast CAM message to all vehicles (at simulation time 17.800,000,000 s)
2024-06-04 00:13:02,445 INFO  - Vehicle is outside the detection area. (at simulation time 17.900,000,000 s)
2024-06-04 00:13:02,445 INFO  - Sent broadcast CAM message to all vehicles (at simulation time 17.900,000,000 s)
2024-06-04 00:13:02,451 INFO  - Vehicle is outside the detection area. (at simulation time 18.000,000,000 s)
2024-06-04 00:13:02,451 INFO  - Sent broadcast CAM message to all vehicles (at simulation time 18.000,000,000 s)
2024-06-04 00:13:02,453 INFO  - Vehicle is outside the detection area. (at simulation time 18.100,000,000 s)
2024-06-04 00:13:02,453 INFO  - Sent broadcast CAM message to all vehicles (at simulation time 18.100,000,000 s)
2024-06-04 00:13:02,455 INFO  - Vehicle is outside the detection area. (at simulation time 18.200,000,000 s)
2024-06-04 00:13:02,455 INFO  - Sent broadcast CAM message to all vehicles (at simulation time 18.200,000,000 s)
2024-06-04 00:13:02,458 INFO  - Vehicle is outside the detection area. (at simulation time 18.300,000,000 s)
2024-06-04 00:13:02,458 INFO  - Sent broadcast CAM message to all vehicles (at simulation time 18.300,000,000 s)
2024-06-04 00:13:02,462 INFO  - Vehicle is outside the detection area. (at simulation time 18.400,000,000 s)
2024-06-04 00:13:02,462 INFO  - Sent broadcast CAM message to all vehicles (at simulation time 18.400,000,000 s)
2024-06-04 00:13:02,465 INFO  - Vehicle is outside the detection area. (at simulation time 18.500,000,000 s)
2024-06-04 00:13:02,465 INFO  - Sent broadcast CAM message to all vehicles (at simulation time 18.500,000,000 s)
2024-06-04 00:13:02,469 INFO  - Vehicle is outside the detection area. (at simulation time 18.600,000,000 s)
2024-06-04 00:13:02,469 INFO  - Sent broadcast CAM message to all vehicles (at simulation time 18.600,000,000 s)
2024-06-04 00:13:02,471 INFO  - Vehicle is outside the detection area. (at simulation time 18.700,000,000 s)
2024-06-04 00:13:02,471 INFO  - Sent broadcast CAM message to all vehicles (at simulation time 18.700,000,000 s)
2024-06-04 00:13:02,474 INFO  - Vehicle is outside the detection area. (at simulation time 18.800,000,000 s)
2024-06-04 00:13:02,474 INFO  - Sent broadcast CAM message to all vehicles (at simulation time 18.800,000,000 s)
2024-06-04 00:13:02,476 INFO  - Vehicle is outside the detection area. (at simulation time 18.900,000,000 s)
2024-06-04 00:13:02,476 INFO  - Sent broadcast CAM message to all vehicles (at simulation time 18.900,000,000 s)
2024-06-04 00:13:02,496 INFO  - Vehicle is outside the detection area. (at simulation time 19.000,000,000 s)
2024-06-04 00:13:02,496 INFO  - Sent broadcast CAM message to all vehicles (at simulation time 19.000,000,000 s)
2024-06-04 00:13:02,500 INFO  - Vehicle is outside the detection area. (at simulation time 19.100,000,000 s)
2024-06-04 00:13:02,500 INFO  - Sent broadcast CAM message to all vehicles (at simulation time 19.100,000,000 s)
2024-06-04 00:13:02,502 INFO  - Vehicle is outside the detection area. (at simulation time 19.200,000,000 s)
2024-06-04 00:13:02,502 INFO  - Sent broadcast CAM message to all vehicles (at simulation time 19.200,000,000 s)
2024-06-04 00:13:02,506 INFO  - Vehicle is outside the detection area. (at simulation time 19.300,000,000 s)
2024-06-04 00:13:02,506 INFO  - Sent broadcast CAM message to all vehicles (at simulation time 19.300,000,000 s)
2024-06-04 00:13:02,508 INFO  - Vehicle is outside the detection area. (at simulation time 19.400,000,000 s)
2024-06-04 00:13:02,508 INFO  - Sent broadcast CAM message to all vehicles (at simulation time 19.400,000,000 s)
2024-06-04 00:13:02,509 INFO  - Vehicle is outside the detection area. (at simulation time 19.500,000,000 s)
2024-06-04 00:13:02,509 INFO  - Sent broadcast CAM message to all vehicles (at simulation time 19.500,000,000 s)
2024-06-04 00:13:02,511 INFO  - Vehicle is outside the detection area. (at simulation time 19.600,000,000 s)
2024-06-04 00:13:02,511 INFO  - Sent broadcast CAM message to all vehicles (at simulation time 19.600,000,000 s)
2024-06-04 00:13:02,513 INFO  - Vehicle is outside the detection area. (at simulation time 19.700,000,000 s)
2024-06-04 00:13:02,513 INFO  - Sent broadcast CAM message to all vehicles (at simulation time 19.700,000,000 s)
2024-06-04 00:13:02,514 INFO  - Vehicle is outside the detection area. (at simulation time 19.800,000,000 s)
2024-06-04 00:13:02,514 INFO  - Sent broadcast CAM message to all vehicles (at simulation time 19.800,000,000 s)
2024-06-04 00:13:02,520 INFO  - Vehicle is outside the detection area. (at simulation time 19.900,000,000 s)
2024-06-04 00:13:02,520 INFO  - Sent broadcast CAM message to all vehicles (at simulation time 19.900,000,000 s)
2024-06-04 00:13:02,538 INFO  - Vehicle is outside the detection area. (at simulation time 20.000,000,000 s)
2024-06-04 00:13:02,538 INFO  - Sent broadcast CAM message to all vehicles (at simulation time 20.000,000,000 s)
2024-06-04 00:13:02,541 INFO  - Vehicle is outside the detection area. (at simulation time 20.100,000,000 s)
2024-06-04 00:13:02,541 INFO  - Sent broadcast CAM message to all vehicles (at simulation time 20.100,000,000 s)
2024-06-04 00:13:02,542 INFO  - Vehicle is outside the detection area. (at simulation time 20.200,000,000 s)
2024-06-04 00:13:02,542 INFO  - Sent broadcast CAM message to all vehicles (at simulation time 20.200,000,000 s)
2024-06-04 00:13:02,544 INFO  - Vehicle is outside the detection area. (at simulation time 20.300,000,000 s)
2024-06-04 00:13:02,544 INFO  - Sent broadcast CAM message to all vehicles (at simulation time 20.300,000,000 s)
2024-06-04 00:13:02,545 INFO  - Vehicle is outside the detection area. (at simulation time 20.400,000,000 s)
2024-06-04 00:13:02,545 INFO  - Sent broadcast CAM message to all vehicles (at simulation time 20.400,000,000 s)
2024-06-04 00:13:02,547 INFO  - Vehicle is outside the detection area. (at simulation time 20.500,000,000 s)
2024-06-04 00:13:02,547 INFO  - Sent broadcast CAM message to all vehicles (at simulation time 20.500,000,000 s)
2024-06-04 00:13:02,550 INFO  - Vehicle is outside the detection area. (at simulation time 20.600,000,000 s)
2024-06-04 00:13:02,550 INFO  - Sent broadcast CAM message to all vehicles (at simulation time 20.600,000,000 s)
2024-06-04 00:13:02,554 INFO  - Vehicle is outside the detection area. (at simulation time 20.700,000,000 s)
2024-06-04 00:13:02,554 INFO  - Sent broadcast CAM message to all vehicles (at simulation time 20.700,000,000 s)
2024-06-04 00:13:02,558 INFO  - Vehicle is outside the detection area. (at simulation time 20.800,000,000 s)
2024-06-04 00:13:02,558 INFO  - Sent broadcast CAM message to all vehicles (at simulation time 20.800,000,000 s)
2024-06-04 00:13:02,561 INFO  - Vehicle is outside the detection area. (at simulation time 20.900,000,000 s)
2024-06-04 00:13:02,561 INFO  - Sent broadcast CAM message to all vehicles (at simulation time 20.900,000,000 s)
2024-06-04 00:13:02,566 INFO  - Vehicle is outside the detection area. (at simulation time 21.000,000,000 s)
2024-06-04 00:13:02,566 INFO  - Sent broadcast CAM message to all vehicles (at simulation time 21.000,000,000 s)
2024-06-04 00:13:02,567 INFO  - Vehicle is outside the detection area. (at simulation time 21.100,000,000 s)
2024-06-04 00:13:02,567 INFO  - Sent broadcast CAM message to all vehicles (at simulation time 21.100,000,000 s)
2024-06-04 00:13:02,568 INFO  - Vehicle is outside the detection area. (at simulation time 21.200,000,000 s)
2024-06-04 00:13:02,568 INFO  - Sent broadcast CAM message to all vehicles (at simulation time 21.200,000,000 s)
2024-06-04 00:13:02,569 INFO  - Vehicle is outside the detection area. (at simulation time 21.300,000,000 s)
2024-06-04 00:13:02,569 INFO  - Sent broadcast CAM message to all vehicles (at simulation time 21.300,000,000 s)
2024-06-04 00:13:02,570 INFO  - Vehicle is outside the detection area. (at simulation time 21.400,000,000 s)
2024-06-04 00:13:02,570 INFO  - Sent broadcast CAM message to all vehicles (at simulation time 21.400,000,000 s)
2024-06-04 00:13:02,572 INFO  - Vehicle is outside the detection area. (at simulation time 21.500,000,000 s)
2024-06-04 00:13:02,572 INFO  - Sent broadcast CAM message to all vehicles (at simulation time 21.500,000,000 s)
2024-06-04 00:13:02,573 INFO  - Vehicle is outside the detection area. (at simulation time 21.600,000,000 s)
2024-06-04 00:13:02,573 INFO  - Sent broadcast CAM message to all vehicles (at simulation time 21.600,000,000 s)
2024-06-04 00:13:02,574 INFO  - Vehicle is outside the detection area. (at simulation time 21.700,000,000 s)
2024-06-04 00:13:02,574 INFO  - Sent broadcast CAM message to all vehicles (at simulation time 21.700,000,000 s)
2024-06-04 00:13:02,576 INFO  - Vehicle is outside the detection area. (at simulation time 21.800,000,000 s)
2024-06-04 00:13:02,576 INFO  - Sent broadcast CAM message to all vehicles (at simulation time 21.800,000,000 s)
2024-06-04 00:13:02,577 INFO  - Vehicle is outside the detection area. (at simulation time 21.900,000,000 s)
2024-06-04 00:13:02,577 INFO  - Sent broadcast CAM message to all vehicles (at simulation time 21.900,000,000 s)
2024-06-04 00:13:02,582 INFO  - Vehicle is outside the detection area. (at simulation time 22.000,000,000 s)
2024-06-04 00:13:02,582 INFO  - Sent broadcast CAM message to all vehicles (at simulation time 22.000,000,000 s)
2024-06-04 00:13:02,584 INFO  - Vehicle is outside the detection area. (at simulation time 22.100,000,000 s)
2024-06-04 00:13:02,584 INFO  - Sent broadcast CAM message to all vehicles (at simulation time 22.100,000,000 s)
2024-06-04 00:13:02,586 INFO  - Vehicle is outside the detection area. (at simulation time 22.200,000,000 s)
2024-06-04 00:13:02,586 INFO  - Sent broadcast CAM message to all vehicles (at simulation time 22.200,000,000 s)
2024-06-04 00:13:02,588 INFO  - Vehicle is outside the detection area. (at simulation time 22.300,000,000 s)
2024-06-04 00:13:02,588 INFO  - Sent broadcast CAM message to all vehicles (at simulation time 22.300,000,000 s)
2024-06-04 00:13:02,589 INFO  - Vehicle is outside the detection area. (at simulation time 22.400,000,000 s)
2024-06-04 00:13:02,589 INFO  - Sent broadcast CAM message to all vehicles (at simulation time 22.400,000,000 s)
2024-06-04 00:13:02,590 INFO  - Vehicle is outside the detection area. (at simulation time 22.500,000,000 s)
2024-06-04 00:13:02,590 INFO  - Sent broadcast CAM message to all vehicles (at simulation time 22.500,000,000 s)
2024-06-04 00:13:02,591 INFO  - Vehicle is outside the detection area. (at simulation time 22.600,000,000 s)
2024-06-04 00:13:02,591 INFO  - Sent broadcast CAM message to all vehicles (at simulation time 22.600,000,000 s)
2024-06-04 00:13:02,591 INFO  - Vehicle is outside the detection area. (at simulation time 22.700,000,000 s)
2024-06-04 00:13:02,591 INFO  - Sent broadcast CAM message to all vehicles (at simulation time 22.700,000,000 s)
2024-06-04 00:13:02,593 INFO  - Vehicle is outside the detection area. (at simulation time 22.800,000,000 s)
2024-06-04 00:13:02,593 INFO  - Sent broadcast CAM message to all vehicles (at simulation time 22.800,000,000 s)
2024-06-04 00:13:02,594 INFO  - Vehicle is outside the detection area. (at simulation time 22.900,000,000 s)
2024-06-04 00:13:02,594 INFO  - Sent broadcast CAM message to all vehicles (at simulation time 22.900,000,000 s)
2024-06-04 00:13:02,597 INFO  - Vehicle is outside the detection area. (at simulation time 23.000,000,000 s)
2024-06-04 00:13:02,597 INFO  - Sent broadcast CAM message to all vehicles (at simulation time 23.000,000,000 s)
2024-06-04 00:13:02,599 INFO  - Vehicle is outside the detection area. (at simulation time 23.100,000,000 s)
2024-06-04 00:13:02,599 INFO  - Sent broadcast CAM message to all vehicles (at simulation time 23.100,000,000 s)
2024-06-04 00:13:02,600 INFO  - Vehicle is outside the detection area. (at simulation time 23.200,000,000 s)
2024-06-04 00:13:02,600 INFO  - Sent broadcast CAM message to all vehicles (at simulation time 23.200,000,000 s)
2024-06-04 00:13:02,601 INFO  - Vehicle is outside the detection area. (at simulation time 23.300,000,000 s)
2024-06-04 00:13:02,601 INFO  - Sent broadcast CAM message to all vehicles (at simulation time 23.300,000,000 s)
2024-06-04 00:13:02,602 INFO  - Vehicle is outside the detection area. (at simulation time 23.400,000,000 s)
2024-06-04 00:13:02,602 INFO  - Sent broadcast CAM message to all vehicles (at simulation time 23.400,000,000 s)
2024-06-04 00:13:02,603 INFO  - Vehicle is outside the detection area. (at simulation time 23.500,000,000 s)
2024-06-04 00:13:02,603 INFO  - Sent broadcast CAM message to all vehicles (at simulation time 23.500,000,000 s)
2024-06-04 00:13:02,604 INFO  - Vehicle is outside the detection area. (at simulation time 23.600,000,000 s)
2024-06-04 00:13:02,604 INFO  - Sent broadcast CAM message to all vehicles (at simulation time 23.600,000,000 s)
2024-06-04 00:13:02,605 INFO  - Vehicle is outside the detection area. (at simulation time 23.700,000,000 s)
2024-06-04 00:13:02,605 INFO  - Sent broadcast CAM message to all vehicles (at simulation time 23.700,000,000 s)
2024-06-04 00:13:02,609 INFO  - Vehicle is outside the detection area. (at simulation time 23.800,000,000 s)
2024-06-04 00:13:02,609 INFO  - Sent broadcast CAM message to all vehicles (at simulation time 23.800,000,000 s)
2024-06-04 00:13:02,614 INFO  - Vehicle is outside the detection area. (at simulation time 23.900,000,000 s)
2024-06-04 00:13:02,614 INFO  - Sent broadcast CAM message to all vehicles (at simulation time 23.900,000,000 s)
2024-06-04 00:13:02,619 INFO  - Vehicle is outside the detection area. (at simulation time 24.000,000,000 s)
2024-06-04 00:13:02,619 INFO  - Sent broadcast CAM message to all vehicles (at simulation time 24.000,000,000 s)
2024-06-04 00:13:02,621 INFO  - Vehicle is outside the detection area. (at simulation time 24.100,000,000 s)
2024-06-04 00:13:02,621 INFO  - Sent broadcast CAM message to all vehicles (at simulation time 24.100,000,000 s)
2024-06-04 00:13:02,625 INFO  - Vehicle is outside the detection area. (at simulation time 24.200,000,000 s)
2024-06-04 00:13:02,625 INFO  - Sent broadcast CAM message to all vehicles (at simulation time 24.200,000,000 s)
2024-06-04 00:13:02,626 INFO  - Vehicle is outside the detection area. (at simulation time 24.300,000,000 s)
2024-06-04 00:13:02,626 INFO  - Sent broadcast CAM message to all vehicles (at simulation time 24.300,000,000 s)
2024-06-04 00:13:02,627 INFO  - Vehicle is outside the detection area. (at simulation time 24.400,000,000 s)
2024-06-04 00:13:02,627 INFO  - Sent broadcast CAM message to all vehicles (at simulation time 24.400,000,000 s)
2024-06-04 00:13:02,628 INFO  - Vehicle is outside the detection area. (at simulation time 24.500,000,000 s)
2024-06-04 00:13:02,628 INFO  - Sent broadcast CAM message to all vehicles (at simulation time 24.500,000,000 s)
2024-06-04 00:13:02,629 INFO  - Vehicle is outside the detection area. (at simulation time 24.600,000,000 s)
2024-06-04 00:13:02,629 INFO  - Sent broadcast CAM message to all vehicles (at simulation time 24.600,000,000 s)
2024-06-04 00:13:02,630 INFO  - Vehicle is outside the detection area. (at simulation time 24.700,000,000 s)
2024-06-04 00:13:02,630 INFO  - Sent broadcast CAM message to all vehicles (at simulation time 24.700,000,000 s)
2024-06-04 00:13:02,632 INFO  - Vehicle is outside the detection area. (at simulation time 24.800,000,000 s)
2024-06-04 00:13:02,632 INFO  - Sent broadcast CAM message to all vehicles (at simulation time 24.800,000,000 s)
2024-06-04 00:13:02,635 INFO  - Vehicle is outside the detection area. (at simulation time 24.900,000,000 s)
2024-06-04 00:13:02,635 INFO  - Sent broadcast CAM message to all vehicles (at simulation time 24.900,000,000 s)
2024-06-04 00:13:02,652 INFO  - Vehicle is outside the detection area. (at simulation time 25.000,000,000 s)
2024-06-04 00:13:02,652 INFO  - Sent broadcast CAM message to all vehicles (at simulation time 25.000,000,000 s)
2024-06-04 00:13:02,653 INFO  - Vehicle is outside the detection area. (at simulation time 25.100,000,000 s)
2024-06-04 00:13:02,653 INFO  - Sent broadcast CAM message to all vehicles (at simulation time 25.100,000,000 s)
2024-06-04 00:13:02,655 INFO  - Vehicle is outside the detection area. (at simulation time 25.200,000,000 s)
2024-06-04 00:13:02,655 INFO  - Sent broadcast CAM message to all vehicles (at simulation time 25.200,000,000 s)
2024-06-04 00:13:02,656 INFO  - Vehicle is outside the detection area. (at simulation time 25.300,000,000 s)
2024-06-04 00:13:02,656 INFO  - Sent broadcast CAM message to all vehicles (at simulation time 25.300,000,000 s)
2024-06-04 00:13:02,657 INFO  - Vehicle is outside the detection area. (at simulation time 25.400,000,000 s)
2024-06-04 00:13:02,657 INFO  - Sent broadcast CAM message to all vehicles (at simulation time 25.400,000,000 s)
2024-06-04 00:13:02,658 INFO  - Vehicle is outside the detection area. (at simulation time 25.500,000,000 s)
2024-06-04 00:13:02,658 INFO  - Sent broadcast CAM message to all vehicles (at simulation time 25.500,000,000 s)
2024-06-04 00:13:02,660 INFO  - Vehicle is outside the detection area. (at simulation time 25.600,000,000 s)
2024-06-04 00:13:02,660 INFO  - Sent broadcast CAM message to all vehicles (at simulation time 25.600,000,000 s)
2024-06-04 00:13:02,664 INFO  - Vehicle is outside the detection area. (at simulation time 25.700,000,000 s)
2024-06-04 00:13:02,664 INFO  - Sent broadcast CAM message to all vehicles (at simulation time 25.700,000,000 s)
2024-06-04 00:13:02,667 INFO  - Vehicle is outside the detection area. (at simulation time 25.800,000,000 s)
2024-06-04 00:13:02,667 INFO  - Sent broadcast CAM message to all vehicles (at simulation time 25.800,000,000 s)
2024-06-04 00:13:02,669 INFO  - Vehicle is outside the detection area. (at simulation time 25.900,000,000 s)
2024-06-04 00:13:02,669 INFO  - Sent broadcast CAM message to all vehicles (at simulation time 25.900,000,000 s)
2024-06-04 00:13:02,676 INFO  - Shutdown application (at simulation time 26.000,000,000 s)
