2024-06-04 00:13:03,672 INFO  - Initialize application (at simulation time 55.000,000,000 s)
2024-06-04 00:13:03,675 INFO  - Activated WLAN Module (at simulation time 55.000,000,000 s)
2024-06-04 00:13:03,675 INFO  - Vehicle is outside the detection area. (at simulation time 55.000,000,000 s)
2024-06-04 00:13:03,675 INFO  - Sent broadcast CAM message to all vehicles (at simulation time 55.000,000,000 s)
2024-06-04 00:13:03,681 INFO  - Vehicle is outside the detection area. (at simulation time 55.100,000,000 s)
2024-06-04 00:13:03,681 INFO  - Sent broadcast CAM message to all vehicles (at simulation time 55.100,000,000 s)
2024-06-04 00:13:03,682 INFO  - Vehicle is outside the detection area. (at simulation time 55.200,000,000 s)
2024-06-04 00:13:03,682 INFO  - Sent broadcast CAM message to all vehicles (at simulation time 55.200,000,000 s)
2024-06-04 00:13:03,684 INFO  - Vehicle is outside the detection area. (at simulation time 55.300,000,000 s)
2024-06-04 00:13:03,684 INFO  - Sent broadcast CAM message to all vehicles (at simulation time 55.300,000,000 s)
2024-06-04 00:13:03,685 INFO  - Vehicle is outside the detection area. (at simulation time 55.400,000,000 s)
2024-06-04 00:13:03,685 INFO  - Sent broadcast CAM message to all vehicles (at simulation time 55.400,000,000 s)
2024-06-04 00:13:03,687 INFO  - Vehicle is outside the detection area. (at simulation time 55.500,000,000 s)
2024-06-04 00:13:03,687 INFO  - Sent broadcast CAM message to all vehicles (at simulation time 55.500,000,000 s)
2024-06-04 00:13:03,689 INFO  - Vehicle is outside the detection area. (at simulation time 55.600,000,000 s)
2024-06-04 00:13:03,689 INFO  - Sent broadcast CAM message to all vehicles (at simulation time 55.600,000,000 s)
2024-06-04 00:13:03,690 INFO  - Vehicle is outside the detection area. (at simulation time 55.700,000,000 s)
2024-06-04 00:13:03,691 INFO  - Sent broadcast CAM message to all vehicles (at simulation time 55.700,000,000 s)
2024-06-04 00:13:03,693 INFO  - Vehicle is outside the detection area. (at simulation time 55.800,000,000 s)
2024-06-04 00:13:03,693 INFO  - Sent broadcast CAM message to all vehicles (at simulation time 55.800,000,000 s)
2024-06-04 00:13:03,696 INFO  - Vehicle is outside the detection area. (at simulation time 55.900,000,000 s)
2024-06-04 00:13:03,696 INFO  - Sent broadcast CAM message to all vehicles (at simulation time 55.900,000,000 s)
2024-06-04 00:13:03,703 INFO  - Vehicle is outside the detection area. (at simulation time 56.000,000,000 s)
2024-06-04 00:13:03,703 INFO  - Sent broadcast CAM message to all vehicles (at simulation time 56.000,000,000 s)
2024-06-04 00:13:03,706 INFO  - Vehicle is outside the detection area. (at simulation time 56.100,000,000 s)
2024-06-04 00:13:03,706 INFO  - Sent broadcast CAM message to all vehicles (at simulation time 56.100,000,000 s)
2024-06-04 00:13:03,707 INFO  - Received CAM message from veh_37 (at simulation time 56.100,900,000 s)
2024-06-04 00:13:03,707 INFO  - Atempting to process queue (at simulation time 56.200,000,000 s)
2024-06-04 00:13:03,707 INFO  - Vehicle is outside the detection area. (at simulation time 56.200,000,000 s)
2024-06-04 00:13:03,707 INFO  - Sent broadcast CAM message to all vehicles (at simulation time 56.200,000,000 s)
2024-06-04 00:13:03,708 INFO  - Received CAM message from veh_37 (at simulation time 56.201,900,000 s)
2024-06-04 00:13:03,708 INFO  - Atempting to process queue (at simulation time 56.300,000,000 s)
2024-06-04 00:13:03,708 INFO  - Vehicle is outside the detection area. (at simulation time 56.300,000,000 s)
2024-06-04 00:13:03,708 INFO  - Sent broadcast CAM message to all vehicles (at simulation time 56.300,000,000 s)
2024-06-04 00:13:03,709 INFO  - Received CAM message from veh_37 (at simulation time 56.300,400,000 s)
2024-06-04 00:13:03,710 INFO  - Atempting to process queue (at simulation time 56.400,000,000 s)
2024-06-04 00:13:03,710 INFO  - Vehicle is outside the detection area. (at simulation time 56.400,000,000 s)
2024-06-04 00:13:03,710 INFO  - Sent broadcast CAM message to all vehicles (at simulation time 56.400,000,000 s)
2024-06-04 00:13:03,711 INFO  - Received CAM message from veh_37 (at simulation time 56.400,400,000 s)
2024-06-04 00:13:03,711 INFO  - Atempting to process queue (at simulation time 56.500,000,000 s)
2024-06-04 00:13:03,711 INFO  - Vehicle is outside the detection area. (at simulation time 56.500,000,000 s)
2024-06-04 00:13:03,711 INFO  - Sent broadcast CAM message to all vehicles (at simulation time 56.500,000,000 s)
2024-06-04 00:13:03,712 INFO  - Received CAM message from veh_37 (at simulation time 56.502,400,000 s)
2024-06-04 00:13:03,712 INFO  - Atempting to process queue (at simulation time 56.600,000,000 s)
2024-06-04 00:13:03,712 INFO  - Vehicle is outside the detection area. (at simulation time 56.600,000,000 s)
2024-06-04 00:13:03,712 INFO  - Sent broadcast CAM message to all vehicles (at simulation time 56.600,000,000 s)
2024-06-04 00:13:03,713 INFO  - Received CAM message from veh_37 (at simulation time 56.601,900,000 s)
2024-06-04 00:13:03,713 INFO  - Atempting to process queue (at simulation time 56.700,000,000 s)
2024-06-04 00:13:03,713 INFO  - Vehicle is outside the detection area. (at simulation time 56.700,000,000 s)
2024-06-04 00:13:03,713 INFO  - Sent broadcast CAM message to all vehicles (at simulation time 56.700,000,000 s)
2024-06-04 00:13:03,715 INFO  - Received CAM message from veh_37 (at simulation time 56.702,400,000 s)
2024-06-04 00:13:03,715 INFO  - Atempting to process queue (at simulation time 56.800,000,000 s)
2024-06-04 00:13:03,715 INFO  - Vehicle is outside the detection area. (at simulation time 56.800,000,000 s)
2024-06-04 00:13:03,715 INFO  - Sent broadcast CAM message to all vehicles (at simulation time 56.800,000,000 s)
2024-06-04 00:13:03,716 INFO  - Received CAM message from veh_37 (at simulation time 56.802,400,000 s)
2024-06-04 00:13:03,716 INFO  - Atempting to process queue (at simulation time 56.900,000,000 s)
2024-06-04 00:13:03,716 INFO  - Vehicle is outside the detection area. (at simulation time 56.900,000,000 s)
2024-06-04 00:13:03,716 INFO  - Sent broadcast CAM message to all vehicles (at simulation time 56.900,000,000 s)
2024-06-04 00:13:03,718 INFO  - Received CAM message from veh_37 (at simulation time 56.900,400,000 s)
2024-06-04 00:13:03,724 INFO  - Atempting to process queue (at simulation time 57.000,000,000 s)
2024-06-04 00:13:03,724 INFO  - Vehicle is inside the detection area. (at simulation time 57.000,000,000 s)
2024-06-04 00:13:03,724 INFO  - Vehicle is too far away from the traffic light. (at simulation time 57.000,000,000 s)
2024-06-04 00:13:03,724 INFO  - Neither the RSU nor any vehicle is in range. (at simulation time 57.000,000,000 s)
2024-06-04 00:13:03,724 INFO  - Sent broadcast CAM message to all vehicles (at simulation time 57.000,000,000 s)
2024-06-04 00:13:03,725 INFO  - Received CAM message from veh_37 (at simulation time 57.000,400,000 s)
2024-06-04 00:13:03,726 INFO  - Atempting to process queue (at simulation time 57.100,000,000 s)
2024-06-04 00:13:03,726 INFO  - Vehicle is inside the detection area. (at simulation time 57.100,000,000 s)
2024-06-04 00:13:03,726 INFO  - Vehicle is too far away from the traffic light. (at simulation time 57.100,000,000 s)
2024-06-04 00:13:03,726 INFO  - Neither the RSU nor any vehicle is in range. (at simulation time 57.100,000,000 s)
2024-06-04 00:13:03,726 INFO  - Sent broadcast CAM message to all vehicles (at simulation time 57.100,000,000 s)
2024-06-04 00:13:03,727 INFO  - Received CAM message from veh_37 (at simulation time 57.100,400,000 s)
2024-06-04 00:13:03,727 INFO  - Atempting to process queue (at simulation time 57.200,000,000 s)
2024-06-04 00:13:03,727 INFO  - Vehicle is inside the detection area. (at simulation time 57.200,000,000 s)
2024-06-04 00:13:03,727 INFO  - Vehicle is too far away from the traffic light. (at simulation time 57.200,000,000 s)
2024-06-04 00:13:03,727 INFO  - Neither the RSU nor any vehicle is in range. (at simulation time 57.200,000,000 s)
2024-06-04 00:13:03,727 INFO  - Sent broadcast CAM message to all vehicles (at simulation time 57.200,000,000 s)
2024-06-04 00:13:03,728 INFO  - Received CAM message from veh_37 (at simulation time 57.201,900,000 s)
2024-06-04 00:13:03,729 INFO  - Atempting to process queue (at simulation time 57.300,000,000 s)
2024-06-04 00:13:03,729 INFO  - Vehicle is inside the detection area. (at simulation time 57.300,000,000 s)
2024-06-04 00:13:03,729 INFO  - Vehicle is too far away from the traffic light. (at simulation time 57.300,000,000 s)
2024-06-04 00:13:03,729 INFO  - Neither the RSU nor any vehicle is in range. (at simulation time 57.300,000,000 s)
2024-06-04 00:13:03,729 INFO  - Sent broadcast CAM message to all vehicles (at simulation time 57.300,000,000 s)
2024-06-04 00:13:03,729 INFO  - Received CAM message from veh_37 (at simulation time 57.300,900,000 s)
2024-06-04 00:13:03,730 INFO  - Atempting to process queue (at simulation time 57.400,000,000 s)
2024-06-04 00:13:03,730 INFO  - Vehicle is inside the detection area. (at simulation time 57.400,000,000 s)
2024-06-04 00:13:03,730 INFO  - Vehicle is too far away from the traffic light. (at simulation time 57.400,000,000 s)
2024-06-04 00:13:03,730 INFO  - Neither the RSU nor any vehicle is in range. (at simulation time 57.400,000,000 s)
2024-06-04 00:13:03,730 INFO  - Sent broadcast CAM message to all vehicles (at simulation time 57.400,000,000 s)
2024-06-04 00:13:03,731 INFO  - Received CAM message from veh_37 (at simulation time 57.400,900,000 s)
2024-06-04 00:13:03,731 INFO  - Atempting to process queue (at simulation time 57.500,000,000 s)
2024-06-04 00:13:03,731 INFO  - Vehicle is inside the detection area. (at simulation time 57.500,000,000 s)
2024-06-04 00:13:03,731 INFO  - Vehicle is too far away from the traffic light. (at simulation time 57.500,000,000 s)
2024-06-04 00:13:03,731 INFO  - Neither the RSU nor any vehicle is in range. (at simulation time 57.500,000,000 s)
2024-06-04 00:13:03,731 INFO  - Sent broadcast CAM message to all vehicles (at simulation time 57.500,000,000 s)
2024-06-04 00:13:03,732 INFO  - Received CAM message from veh_37 (at simulation time 57.501,900,000 s)
2024-06-04 00:13:03,732 INFO  - Atempting to process queue (at simulation time 57.600,000,000 s)
2024-06-04 00:13:03,732 INFO  - Vehicle is inside the detection area. (at simulation time 57.600,000,000 s)
2024-06-04 00:13:03,732 INFO  - Vehicle is too far away from the traffic light. (at simulation time 57.600,000,000 s)
2024-06-04 00:13:03,732 INFO  - Neither the RSU nor any vehicle is in range. (at simulation time 57.600,000,000 s)
2024-06-04 00:13:03,732 INFO  - Sent broadcast CAM message to all vehicles (at simulation time 57.600,000,000 s)
2024-06-04 00:13:03,733 INFO  - Received CAM message from veh_37 (at simulation time 57.601,900,000 s)
2024-06-04 00:13:03,733 INFO  - Atempting to process queue (at simulation time 57.700,000,000 s)
2024-06-04 00:13:03,733 INFO  - Vehicle is inside the detection area. (at simulation time 57.700,000,000 s)
2024-06-04 00:13:03,733 INFO  - Vehicle is too far away from the traffic light. (at simulation time 57.700,000,000 s)
2024-06-04 00:13:03,733 INFO  - Neither the RSU nor any vehicle is in range. (at simulation time 57.700,000,000 s)
2024-06-04 00:13:03,733 INFO  - Sent broadcast CAM message to all vehicles (at simulation time 57.700,000,000 s)
2024-06-04 00:13:03,734 INFO  - Received CAM message from veh_37 (at simulation time 57.700,900,000 s)
2024-06-04 00:13:03,734 INFO  - Atempting to process queue (at simulation time 57.800,000,000 s)
2024-06-04 00:13:03,734 INFO  - Vehicle is inside the detection area. (at simulation time 57.800,000,000 s)
2024-06-04 00:13:03,734 INFO  - Vehicle is too far away from the traffic light. (at simulation time 57.800,000,000 s)
2024-06-04 00:13:03,734 INFO  - Neither the RSU nor any vehicle is in range. (at simulation time 57.800,000,000 s)
2024-06-04 00:13:03,734 INFO  - Sent broadcast CAM message to all vehicles (at simulation time 57.800,000,000 s)
2024-06-04 00:13:03,735 INFO  - Received CAM message from veh_37 (at simulation time 57.802,400,000 s)
2024-06-04 00:13:03,735 INFO  - Atempting to process queue (at simulation time 57.900,000,000 s)
2024-06-04 00:13:03,735 INFO  - Vehicle is inside the detection area. (at simulation time 57.900,000,000 s)
2024-06-04 00:13:03,735 INFO  - Vehicle is too far away from the traffic light. (at simulation time 57.900,000,000 s)
2024-06-04 00:13:03,735 INFO  - Neither the RSU nor any vehicle is in range. (at simulation time 57.900,000,000 s)
2024-06-04 00:13:03,735 INFO  - Sent broadcast CAM message to all vehicles (at simulation time 57.900,000,000 s)
2024-06-04 00:13:03,735 INFO  - Received CAM message from veh_37 (at simulation time 57.900,400,000 s)
2024-06-04 00:13:03,738 INFO  - Atempting to process queue (at simulation time 58.000,000,000 s)
2024-06-04 00:13:03,738 INFO  - Vehicle is inside the detection area. (at simulation time 58.000,000,000 s)
2024-06-04 00:13:03,738 INFO  - Vehicle is too far away from the traffic light. (at simulation time 58.000,000,000 s)
2024-06-04 00:13:03,738 INFO  - Neither the RSU nor any vehicle is in range. (at simulation time 58.000,000,000 s)
2024-06-04 00:13:03,738 INFO  - Sent broadcast CAM message to all vehicles (at simulation time 58.000,000,000 s)
2024-06-04 00:13:03,740 INFO  - Received CAM message from veh_37 (at simulation time 58.002,400,000 s)
2024-06-04 00:13:03,740 INFO  - Atempting to process queue (at simulation time 58.100,000,000 s)
2024-06-04 00:13:03,740 INFO  - Vehicle is inside the detection area. (at simulation time 58.100,000,000 s)
2024-06-04 00:13:03,740 INFO  - Vehicle is too far away from the traffic light. (at simulation time 58.100,000,000 s)
2024-06-04 00:13:03,740 INFO  - Neither the RSU nor any vehicle is in range. (at simulation time 58.100,000,000 s)
2024-06-04 00:13:03,740 INFO  - Sent broadcast CAM message to all vehicles (at simulation time 58.100,000,000 s)
2024-06-04 00:13:03,740 INFO  - Received CAM message from veh_37 (at simulation time 58.100,400,000 s)
2024-06-04 00:13:03,741 INFO  - Atempting to process queue (at simulation time 58.200,000,000 s)
2024-06-04 00:13:03,741 INFO  - Vehicle is inside the detection area. (at simulation time 58.200,000,000 s)
2024-06-04 00:13:03,741 INFO  - Vehicle is too far away from the traffic light. (at simulation time 58.200,000,000 s)
2024-06-04 00:13:03,741 INFO  - Neither the RSU nor any vehicle is in range. (at simulation time 58.200,000,000 s)
2024-06-04 00:13:03,741 INFO  - Sent broadcast CAM message to all vehicles (at simulation time 58.200,000,000 s)
2024-06-04 00:13:03,742 INFO  - Received CAM message from veh_37 (at simulation time 58.202,400,000 s)
2024-06-04 00:13:03,742 INFO  - Atempting to process queue (at simulation time 58.300,000,000 s)
2024-06-04 00:13:03,742 INFO  - Vehicle is inside the detection area. (at simulation time 58.300,000,000 s)
2024-06-04 00:13:03,742 INFO  - Vehicle is too far away from the traffic light. (at simulation time 58.300,000,000 s)
2024-06-04 00:13:03,742 INFO  - Neither the RSU nor any vehicle is in range. (at simulation time 58.300,000,000 s)
2024-06-04 00:13:03,742 INFO  - Sent broadcast CAM message to all vehicles (at simulation time 58.300,000,000 s)
2024-06-04 00:13:03,743 INFO  - Received CAM message from veh_37 (at simulation time 58.302,400,000 s)
2024-06-04 00:13:03,743 INFO  - Atempting to process queue (at simulation time 58.400,000,000 s)
2024-06-04 00:13:03,743 INFO  - Vehicle is inside the detection area. (at simulation time 58.400,000,000 s)
2024-06-04 00:13:03,743 INFO  - Vehicle is too far away from the traffic light. (at simulation time 58.400,000,000 s)
2024-06-04 00:13:03,743 INFO  - Neither the RSU nor any vehicle is in range. (at simulation time 58.400,000,000 s)
2024-06-04 00:13:03,743 INFO  - Sent broadcast CAM message to all vehicles (at simulation time 58.400,000,000 s)
2024-06-04 00:13:03,746 INFO  - Received CAM message from veh_37 (at simulation time 58.402,400,000 s)
2024-06-04 00:13:03,746 INFO  - Atempting to process queue (at simulation time 58.500,000,000 s)
2024-06-04 00:13:03,746 INFO  - Vehicle is inside the detection area. (at simulation time 58.500,000,000 s)
2024-06-04 00:13:03,746 INFO  - Vehicle is too far away from the traffic light. (at simulation time 58.500,000,000 s)
2024-06-04 00:13:03,746 INFO  - Neither the RSU nor any vehicle is in range. (at simulation time 58.500,000,000 s)
2024-06-04 00:13:03,746 INFO  - Sent broadcast CAM message to all vehicles (at simulation time 58.500,000,000 s)
2024-06-04 00:13:03,747 INFO  - Received CAM message from veh_37 (at simulation time 58.500,900,000 s)
2024-06-04 00:13:03,747 INFO  - Atempting to process queue (at simulation time 58.600,000,000 s)
2024-06-04 00:13:03,747 INFO  - Vehicle is inside the detection area. (at simulation time 58.600,000,000 s)
2024-06-04 00:13:03,747 INFO  - Vehicle is too far away from the traffic light. (at simulation time 58.600,000,000 s)
2024-06-04 00:13:03,747 INFO  - Neither the RSU nor any vehicle is in range. (at simulation time 58.600,000,000 s)
2024-06-04 00:13:03,747 INFO  - Sent broadcast CAM message to all vehicles (at simulation time 58.600,000,000 s)
2024-06-04 00:13:03,749 INFO  - Received CAM message from veh_37 (at simulation time 58.602,400,000 s)
2024-06-04 00:13:03,749 INFO  - Atempting to process queue (at simulation time 58.700,000,000 s)
2024-06-04 00:13:03,749 INFO  - Vehicle is inside the detection area. (at simulation time 58.700,000,000 s)
2024-06-04 00:13:03,749 INFO  - Vehicle is too far away from the traffic light. (at simulation time 58.700,000,000 s)
2024-06-04 00:13:03,749 INFO  - Neither the RSU nor any vehicle is in range. (at simulation time 58.700,000,000 s)
2024-06-04 00:13:03,749 INFO  - Sent broadcast CAM message to all vehicles (at simulation time 58.700,000,000 s)
2024-06-04 00:13:03,750 INFO  - Received CAM message from veh_37 (at simulation time 58.700,400,000 s)
2024-06-04 00:13:03,751 INFO  - Atempting to process queue (at simulation time 58.800,000,000 s)
2024-06-04 00:13:03,751 INFO  - Vehicle is inside the detection area. (at simulation time 58.800,000,000 s)
2024-06-04 00:13:03,751 INFO  - Vehicle is too far away from the traffic light. (at simulation time 58.800,000,000 s)
2024-06-04 00:13:03,751 INFO  - Neither the RSU nor any vehicle is in range. (at simulation time 58.800,000,000 s)
2024-06-04 00:13:03,751 INFO  - Sent broadcast CAM message to all vehicles (at simulation time 58.800,000,000 s)
2024-06-04 00:13:03,753 INFO  - Received CAM message from veh_37 (at simulation time 58.801,900,000 s)
2024-06-04 00:13:03,753 INFO  - Atempting to process queue (at simulation time 58.900,000,000 s)
2024-06-04 00:13:03,753 INFO  - Vehicle is inside the detection area. (at simulation time 58.900,000,000 s)
2024-06-04 00:13:03,753 INFO  - Vehicle is too far away from the traffic light. (at simulation time 58.900,000,000 s)
2024-06-04 00:13:03,753 INFO  - Neither the RSU nor any vehicle is in range. (at simulation time 58.900,000,000 s)
2024-06-04 00:13:03,753 INFO  - Sent broadcast CAM message to all vehicles (at simulation time 58.900,000,000 s)
2024-06-04 00:13:03,754 INFO  - Received CAM message from veh_37 (at simulation time 58.900,400,000 s)
2024-06-04 00:13:03,757 INFO  - Atempting to process queue (at simulation time 59.000,000,000 s)
2024-06-04 00:13:03,757 INFO  - Vehicle is inside the detection area. (at simulation time 59.000,000,000 s)
2024-06-04 00:13:03,757 INFO  - Sent Detection message to rsu_0 (at simulation time 59.000,000,000 s)
2024-06-04 00:13:03,757 INFO  - Sent broadcast CAM message to all vehicles (at simulation time 59.000,000,000 s)
2024-06-04 00:13:03,758 INFO  - Received Detection message from veh_37 to veh_36 (at simulation time 59.001,400,000 s)
2024-06-04 00:13:03,758 INFO  - Forwarded Detection message to rsu_0 (at simulation time 59.001,400,000 s)
2024-06-04 00:13:03,759 INFO  - Received CAM message from veh_10 (at simulation time 59.001,400,000 s)
2024-06-04 00:13:03,759 INFO  - Received CAM message from veh_6 (at simulation time 59.001,400,000 s)
2024-06-04 00:13:03,759 INFO  - Received CAM message from veh_18 (at simulation time 59.001,900,000 s)
2024-06-04 00:13:03,759 INFO  - Received CAM message from veh_37 (at simulation time 59.002,400,000 s)
2024-06-04 00:13:03,759 INFO  - Received CAM message from veh_14 (at simulation time 59.002,400,000 s)
2024-06-04 00:13:03,759 INFO  - Atempting to process queue (at simulation time 59.100,000,000 s)
2024-06-04 00:13:03,759 INFO  - Vehicle is inside the detection area. (at simulation time 59.100,000,000 s)
2024-06-04 00:13:03,759 INFO  - Sent Detection message to rsu_0 (at simulation time 59.100,000,000 s)
2024-06-04 00:13:03,759 INFO  - Sent broadcast CAM message to all vehicles (at simulation time 59.100,000,000 s)
2024-06-04 00:13:03,759 INFO  - Received CAM message from veh_18 (at simulation time 59.101,400,000 s)
2024-06-04 00:13:03,759 INFO  - Received CAM message from veh_14 (at simulation time 59.101,400,000 s)
2024-06-04 00:13:03,759 INFO  - Received CAM message from veh_10 (at simulation time 59.101,400,000 s)
2024-06-04 00:13:03,760 INFO  - Received Detection message from veh_37 to veh_36 (at simulation time 59.101,900,000 s)
2024-06-04 00:13:03,760 INFO  - Forwarded Detection message to rsu_0 (at simulation time 59.101,900,000 s)
2024-06-04 00:13:03,760 INFO  - Received CAM message from veh_37 (at simulation time 59.101,900,000 s)
2024-06-04 00:13:03,760 INFO  - Received CAM message from veh_6 (at simulation time 59.102,400,000 s)
2024-06-04 00:13:03,760 INFO  - Atempting to process queue (at simulation time 59.200,000,000 s)
2024-06-04 00:13:03,760 INFO  - Vehicle is inside the detection area. (at simulation time 59.200,000,000 s)
2024-06-04 00:13:03,760 INFO  - Sent Detection message to rsu_0 (at simulation time 59.200,000,000 s)
2024-06-04 00:13:03,760 INFO  - Sent broadcast CAM message to all vehicles (at simulation time 59.200,000,000 s)
2024-06-04 00:13:03,760 INFO  - Received CAM message from veh_14 (at simulation time 59.200,400,000 s)
2024-06-04 00:13:03,760 INFO  - Received CAM message from veh_6 (at simulation time 59.200,400,000 s)
2024-06-04 00:13:03,760 INFO  - Received Detection message from veh_37 to veh_36 (at simulation time 59.201,400,000 s)
2024-06-04 00:13:03,760 INFO  - Forwarded Detection message to rsu_0 (at simulation time 59.201,400,000 s)
2024-06-04 00:13:03,760 INFO  - Received CAM message from veh_37 (at simulation time 59.201,400,000 s)
2024-06-04 00:13:03,761 INFO  - Received CAM message from veh_18 (at simulation time 59.202,400,000 s)
2024-06-04 00:13:03,761 INFO  - Received CAM message from veh_10 (at simulation time 59.202,400,000 s)
2024-06-04 00:13:03,761 INFO  - Atempting to process queue (at simulation time 59.300,000,000 s)
2024-06-04 00:13:03,761 INFO  - Vehicle is inside the detection area. (at simulation time 59.300,000,000 s)
2024-06-04 00:13:03,761 INFO  - Sent Detection message to rsu_0 (at simulation time 59.300,000,000 s)
2024-06-04 00:13:03,761 INFO  - Sent broadcast CAM message to all vehicles (at simulation time 59.300,000,000 s)
2024-06-04 00:13:03,761 INFO  - Received Detection message from veh_37 to veh_36 (at simulation time 59.301,900,000 s)
2024-06-04 00:13:03,761 INFO  - Forwarded Detection message to rsu_0 (at simulation time 59.301,900,000 s)
2024-06-04 00:13:03,761 INFO  - Received CAM message from veh_37 (at simulation time 59.301,900,000 s)
2024-06-04 00:13:03,761 INFO  - Received CAM message from veh_18 (at simulation time 59.301,900,000 s)
2024-06-04 00:13:03,761 INFO  - Received CAM message from veh_10 (at simulation time 59.301,900,000 s)
2024-06-04 00:13:03,762 INFO  - Received CAM message from veh_14 (at simulation time 59.302,400,000 s)
2024-06-04 00:13:03,762 INFO  - Received CAM message from veh_6 (at simulation time 59.302,400,000 s)
2024-06-04 00:13:03,762 INFO  - Atempting to process queue (at simulation time 59.400,000,000 s)
2024-06-04 00:13:03,762 INFO  - Vehicle is inside the detection area. (at simulation time 59.400,000,000 s)
2024-06-04 00:13:03,762 INFO  - Sent Detection message to rsu_0 (at simulation time 59.400,000,000 s)
2024-06-04 00:13:03,762 INFO  - Sent broadcast CAM message to all vehicles (at simulation time 59.400,000,000 s)
2024-06-04 00:13:03,762 INFO  - Received CAM message from veh_10 (at simulation time 59.400,400,000 s)
2024-06-04 00:13:03,762 INFO  - Received Detection message from veh_37 to veh_36 (at simulation time 59.400,900,000 s)
2024-06-04 00:13:03,762 INFO  - Forwarded Detection message to rsu_0 (at simulation time 59.400,900,000 s)
2024-06-04 00:13:03,762 INFO  - Received CAM message from veh_18 (at simulation time 59.400,900,000 s)
2024-06-04 00:13:03,763 INFO  - Received CAM message from veh_6 (at simulation time 59.400,900,000 s)
2024-06-04 00:13:03,763 INFO  - Received CAM message from veh_14 (at simulation time 59.401,400,000 s)
2024-06-04 00:13:03,763 INFO  - Received CAM message from veh_37 (at simulation time 59.402,400,000 s)
2024-06-04 00:13:03,763 INFO  - Atempting to process queue (at simulation time 59.500,000,000 s)
2024-06-04 00:13:03,763 INFO  - Vehicle is inside the detection area. (at simulation time 59.500,000,000 s)
2024-06-04 00:13:03,763 INFO  - Sent Detection message to rsu_0 (at simulation time 59.500,000,000 s)
2024-06-04 00:13:03,763 INFO  - Sent broadcast CAM message to all vehicles (at simulation time 59.500,000,000 s)
2024-06-04 00:13:03,763 INFO  - Received CAM message from veh_37 (at simulation time 59.500,400,000 s)
2024-06-04 00:13:03,763 INFO  - Received Detection message from veh_37 to veh_36 (at simulation time 59.500,900,000 s)
2024-06-04 00:13:03,764 INFO  - Forwarded Detection message to rsu_0 (at simulation time 59.500,900,000 s)
2024-06-04 00:13:03,764 INFO  - Received CAM message from veh_10 (at simulation time 59.501,400,000 s)
2024-06-04 00:13:03,764 INFO  - Received CAM message from veh_6 (at simulation time 59.501,400,000 s)
2024-06-04 00:13:03,764 INFO  - Received CAM message from veh_18 (at simulation time 59.501,900,000 s)
2024-06-04 00:13:03,764 INFO  - Received CAM message from veh_14 (at simulation time 59.502,400,000 s)
2024-06-04 00:13:03,764 INFO  - Atempting to process queue (at simulation time 59.600,000,000 s)
2024-06-04 00:13:03,764 INFO  - Vehicle is inside the detection area. (at simulation time 59.600,000,000 s)
2024-06-04 00:13:03,764 INFO  - Sent Detection message to rsu_0 (at simulation time 59.600,000,000 s)
2024-06-04 00:13:03,764 INFO  - Sent broadcast CAM message to all vehicles (at simulation time 59.600,000,000 s)
2024-06-04 00:13:03,764 INFO  - Received CAM message from veh_14 (at simulation time 59.600,400,000 s)
2024-06-04 00:13:03,765 INFO  - Received CAM message from veh_18 (at simulation time 59.600,900,000 s)
2024-06-04 00:13:03,765 INFO  - Received CAM message from veh_10 (at simulation time 59.600,900,000 s)
2024-06-04 00:13:03,765 INFO  - Received CAM message from veh_6 (at simulation time 59.600,900,000 s)
2024-06-04 00:13:03,765 INFO  - Received CAM message from veh_37 (at simulation time 59.601,400,000 s)
2024-06-04 00:13:03,765 INFO  - Received Detection message from veh_37 to veh_36 (at simulation time 59.602,400,000 s)
2024-06-04 00:13:03,765 INFO  - Forwarded Detection message to rsu_0 (at simulation time 59.602,400,000 s)
2024-06-04 00:13:03,765 INFO  - Atempting to process queue (at simulation time 59.700,000,000 s)
2024-06-04 00:13:03,765 INFO  - Vehicle is inside the detection area. (at simulation time 59.700,000,000 s)
2024-06-04 00:13:03,765 INFO  - Sent Detection message to rsu_0 (at simulation time 59.700,000,000 s)
2024-06-04 00:13:03,765 INFO  - Sent broadcast CAM message to all vehicles (at simulation time 59.700,000,000 s)
2024-06-04 00:13:03,766 INFO  - Received CAM message from veh_37 (at simulation time 59.701,400,000 s)
2024-06-04 00:13:03,766 INFO  - Received Detection message from veh_37 to veh_36 (at simulation time 59.701,900,000 s)
2024-06-04 00:13:03,766 INFO  - Forwarded Detection message to rsu_0 (at simulation time 59.701,900,000 s)
2024-06-04 00:13:03,766 INFO  - Received CAM message from veh_18 (at simulation time 59.701,900,000 s)
2024-06-04 00:13:03,766 INFO  - Received CAM message from veh_6 (at simulation time 59.701,900,000 s)
2024-06-04 00:13:03,766 INFO  - Received CAM message from veh_14 (at simulation time 59.702,400,000 s)
2024-06-04 00:13:03,766 INFO  - Received CAM message from veh_10 (at simulation time 59.702,400,000 s)
2024-06-04 00:13:03,766 INFO  - Atempting to process queue (at simulation time 59.800,000,000 s)
2024-06-04 00:13:03,766 INFO  - Vehicle is inside the detection area. (at simulation time 59.800,000,000 s)
2024-06-04 00:13:03,766 INFO  - Sent Detection message to rsu_0 (at simulation time 59.800,000,000 s)
2024-06-04 00:13:03,766 INFO  - Sent broadcast CAM message to all vehicles (at simulation time 59.800,000,000 s)
2024-06-04 00:13:03,767 INFO  - Received CAM message from veh_37 (at simulation time 59.800,400,000 s)
2024-06-04 00:13:03,767 INFO  - Received CAM message from veh_10 (at simulation time 59.800,400,000 s)
2024-06-04 00:13:03,767 INFO  - Received CAM message from veh_14 (at simulation time 59.800,900,000 s)
2024-06-04 00:13:03,767 INFO  - Received CAM message from veh_6 (at simulation time 59.800,900,000 s)
2024-06-04 00:13:03,767 INFO  - Received Detection message from veh_37 to veh_36 (at simulation time 59.801,900,000 s)
2024-06-04 00:13:03,767 INFO  - Forwarded Detection message to rsu_0 (at simulation time 59.801,900,000 s)
2024-06-04 00:13:03,767 INFO  - Received CAM message from veh_18 (at simulation time 59.801,900,000 s)
2024-06-04 00:13:03,767 INFO  - Atempting to process queue (at simulation time 59.900,000,000 s)
2024-06-04 00:13:03,767 INFO  - Vehicle is inside the detection area. (at simulation time 59.900,000,000 s)
2024-06-04 00:13:03,767 INFO  - Sent Detection message to rsu_0 (at simulation time 59.900,000,000 s)
2024-06-04 00:13:03,767 INFO  - Sent broadcast CAM message to all vehicles (at simulation time 59.900,000,000 s)
2024-06-04 00:13:03,768 INFO  - Received Detection message from veh_37 to veh_36 (at simulation time 59.900,400,000 s)
2024-06-04 00:13:03,768 INFO  - Forwarded Detection message to rsu_0 (at simulation time 59.900,400,000 s)
2024-06-04 00:13:03,768 INFO  - Received CAM message from veh_37 (at simulation time 59.900,400,000 s)
2024-06-04 00:13:03,768 INFO  - Received CAM message from veh_6 (at simulation time 59.900,400,000 s)
2024-06-04 00:13:03,768 INFO  - Received CAM message from veh_14 (at simulation time 59.900,900,000 s)
2024-06-04 00:13:03,768 INFO  - Received CAM message from veh_18 (at simulation time 59.901,900,000 s)
2024-06-04 00:13:03,768 INFO  - Received CAM message from veh_10 (at simulation time 59.901,900,000 s)
2024-06-04 00:13:03,773 INFO  - Atempting to process queue (at simulation time 60.000,000,000 s)
2024-06-04 00:13:03,773 INFO  - Vehicle is inside the detection area. (at simulation time 60.000,000,000 s)
2024-06-04 00:13:03,773 INFO  - Sent Detection message to rsu_0 (at simulation time 60.000,000,000 s)
2024-06-04 00:13:03,773 INFO  - Sent broadcast CAM message to all vehicles (at simulation time 60.000,000,000 s)
2024-06-04 00:13:03,776 INFO  - Received CAM message from veh_14 (at simulation time 60.000,400,000 s)
2024-06-04 00:13:03,776 INFO  - Received CAM message from veh_30 (at simulation time 60.000,900,000 s)
2024-06-04 00:13:03,776 INFO  - Received CAM message from veh_26 (at simulation time 60.000,900,000 s)
2024-06-04 00:13:03,776 INFO  - Received CAM message from veh_18 (at simulation time 60.000,900,000 s)
2024-06-04 00:13:03,776 INFO  - Received CAM message from veh_10 (at simulation time 60.000,900,000 s)
2024-06-04 00:13:03,776 INFO  - Received CAM message from veh_6 (at simulation time 60.000,900,000 s)
2024-06-04 00:13:03,776 INFO  - Received Detection message from veh_37 to veh_36 (at simulation time 60.001,400,000 s)
2024-06-04 00:13:03,776 INFO  - Forwarded Detection message to rsu_0 (at simulation time 60.001,400,000 s)
2024-06-04 00:13:03,776 INFO  - Received CAM message from veh_37 (at simulation time 60.001,900,000 s)
2024-06-04 00:13:03,777 INFO  - Received CAM message from veh_22 (at simulation time 60.002,400,000 s)
2024-06-04 00:13:03,777 INFO  - Atempting to process queue (at simulation time 60.100,000,000 s)
2024-06-04 00:13:03,777 INFO  - Vehicle is inside the detection area. (at simulation time 60.100,000,000 s)
2024-06-04 00:13:03,777 INFO  - Sent Detection message to rsu_0 (at simulation time 60.100,000,000 s)
2024-06-04 00:13:03,777 INFO  - Sent broadcast CAM message to all vehicles (at simulation time 60.100,000,000 s)
2024-06-04 00:13:03,778 INFO  - Received Detection message from veh_37 to veh_36 (at simulation time 60.100,400,000 s)
2024-06-04 00:13:03,779 INFO  - Forwarded Detection message to rsu_0 (at simulation time 60.100,400,000 s)
2024-06-04 00:13:03,779 INFO  - Received CAM message from veh_26 (at simulation time 60.100,900,000 s)
2024-06-04 00:13:03,779 INFO  - Received CAM message from veh_14 (at simulation time 60.100,900,000 s)
2024-06-04 00:13:03,779 INFO  - Received CAM message from veh_10 (at simulation time 60.100,900,000 s)
2024-06-04 00:13:03,779 INFO  - Received CAM message from veh_18 (at simulation time 60.101,400,000 s)
2024-06-04 00:13:03,779 INFO  - Received CAM message from veh_30 (at simulation time 60.101,900,000 s)
2024-06-04 00:13:03,780 INFO  - Received CAM message from veh_6 (at simulation time 60.101,900,000 s)
2024-06-04 00:13:03,780 INFO  - Received CAM message from veh_37 (at simulation time 60.102,400,000 s)
2024-06-04 00:13:03,780 INFO  - Received CAM message from veh_22 (at simulation time 60.102,400,000 s)
2024-06-04 00:13:03,780 INFO  - Atempting to process queue (at simulation time 60.200,000,000 s)
2024-06-04 00:13:03,780 INFO  - Vehicle is inside the detection area. (at simulation time 60.200,000,000 s)
2024-06-04 00:13:03,780 INFO  - Sent Detection message to rsu_0 (at simulation time 60.200,000,000 s)
2024-06-04 00:13:03,780 INFO  - Sent broadcast CAM message to all vehicles (at simulation time 60.200,000,000 s)
2024-06-04 00:13:03,781 INFO  - Received CAM message from veh_26 (at simulation time 60.201,400,000 s)
2024-06-04 00:13:03,781 INFO  - Received CAM message from veh_10 (at simulation time 60.201,400,000 s)
2024-06-04 00:13:03,781 INFO  - Received CAM message from veh_6 (at simulation time 60.201,400,000 s)
2024-06-04 00:13:03,781 INFO  - Received CAM message from veh_37 (at simulation time 60.201,900,000 s)
2024-06-04 00:13:03,781 INFO  - Received CAM message from veh_22 (at simulation time 60.201,900,000 s)
2024-06-04 00:13:03,781 INFO  - Received CAM message from veh_18 (at simulation time 60.201,900,000 s)
2024-06-04 00:13:03,782 INFO  - Received Detection message from veh_37 to veh_36 (at simulation time 60.202,400,000 s)
2024-06-04 00:13:03,782 INFO  - Forwarded Detection message to rsu_0 (at simulation time 60.202,400,000 s)
2024-06-04 00:13:03,782 INFO  - Received CAM message from veh_30 (at simulation time 60.202,400,000 s)
2024-06-04 00:13:03,782 INFO  - Received CAM message from veh_14 (at simulation time 60.202,400,000 s)
2024-06-04 00:13:03,782 INFO  - Atempting to process queue (at simulation time 60.300,000,000 s)
2024-06-04 00:13:03,782 INFO  - Vehicle is inside the detection area. (at simulation time 60.300,000,000 s)
2024-06-04 00:13:03,782 INFO  - Sent Detection message to rsu_0 (at simulation time 60.300,000,000 s)
2024-06-04 00:13:03,782 INFO  - Sent broadcast CAM message to all vehicles (at simulation time 60.300,000,000 s)
2024-06-04 00:13:03,783 INFO  - Received CAM message from veh_22 (at simulation time 60.300,400,000 s)
2024-06-04 00:13:03,783 INFO  - Received CAM message from veh_37 (at simulation time 60.300,900,000 s)
2024-06-04 00:13:03,783 INFO  - Received CAM message from veh_30 (at simulation time 60.300,900,000 s)
2024-06-04 00:13:03,783 INFO  - Received CAM message from veh_26 (at simulation time 60.300,900,000 s)
2024-06-04 00:13:03,783 INFO  - Received CAM message from veh_18 (at simulation time 60.301,400,000 s)
2024-06-04 00:13:03,783 INFO  - Received CAM message from veh_6 (at simulation time 60.301,400,000 s)
2024-06-04 00:13:03,784 INFO  - Received Detection message from veh_37 to veh_36 (at simulation time 60.302,400,000 s)
2024-06-04 00:13:03,784 INFO  - Forwarded Detection message to rsu_0 (at simulation time 60.302,400,000 s)
2024-06-04 00:13:03,785 INFO  - Received CAM message from veh_14 (at simulation time 60.302,400,000 s)
2024-06-04 00:13:03,785 INFO  - Received CAM message from veh_10 (at simulation time 60.302,400,000 s)
2024-06-04 00:13:03,785 INFO  - Atempting to process queue (at simulation time 60.400,000,000 s)
2024-06-04 00:13:03,785 INFO  - Vehicle is inside the detection area. (at simulation time 60.400,000,000 s)
2024-06-04 00:13:03,785 INFO  - Sent Detection message to rsu_0 (at simulation time 60.400,000,000 s)
2024-06-04 00:13:03,785 INFO  - Sent broadcast CAM message to all vehicles (at simulation time 60.400,000,000 s)
2024-06-04 00:13:03,786 INFO  - Received CAM message from veh_30 (at simulation time 60.400,900,000 s)
2024-06-04 00:13:03,786 INFO  - Received CAM message from veh_22 (at simulation time 60.400,900,000 s)
2024-06-04 00:13:03,786 INFO  - Received CAM message from veh_14 (at simulation time 60.400,900,000 s)
2024-06-04 00:13:03,787 INFO  - Received CAM message from veh_26 (at simulation time 60.401,900,000 s)
2024-06-04 00:13:03,787 INFO  - Received CAM message from veh_6 (at simulation time 60.401,900,000 s)
2024-06-04 00:13:03,787 INFO  - Received Detection message from veh_37 to veh_36 (at simulation time 60.402,400,000 s)
2024-06-04 00:13:03,787 INFO  - Forwarded Detection message to rsu_0 (at simulation time 60.402,400,000 s)
2024-06-04 00:13:03,787 INFO  - Received CAM message from veh_37 (at simulation time 60.402,400,000 s)
2024-06-04 00:13:03,787 INFO  - Received CAM message from veh_18 (at simulation time 60.402,400,000 s)
2024-06-04 00:13:03,787 INFO  - Received CAM message from veh_10 (at simulation time 60.402,400,000 s)
2024-06-04 00:13:03,787 INFO  - Atempting to process queue (at simulation time 60.500,000,000 s)
2024-06-04 00:13:03,787 INFO  - Vehicle is inside the detection area. (at simulation time 60.500,000,000 s)
2024-06-04 00:13:03,787 INFO  - Sent Detection message to rsu_0 (at simulation time 60.500,000,000 s)
2024-06-04 00:13:03,787 INFO  - Sent broadcast CAM message to all vehicles (at simulation time 60.500,000,000 s)
2024-06-04 00:13:03,788 INFO  - Received Detection message from veh_37 to veh_36 (at simulation time 60.500,400,000 s)
2024-06-04 00:13:03,788 INFO  - Forwarded Detection message to rsu_0 (at simulation time 60.500,400,000 s)
2024-06-04 00:13:03,788 INFO  - Received CAM message from veh_10 (at simulation time 60.500,900,000 s)
2024-06-04 00:13:03,788 INFO  - Received CAM message from veh_14 (at simulation time 60.501,400,000 s)
2024-06-04 00:13:03,788 INFO  - Received CAM message from veh_37 (at simulation time 60.501,900,000 s)
2024-06-04 00:13:03,788 INFO  - Received CAM message from veh_30 (at simulation time 60.501,900,000 s)
2024-06-04 00:13:03,788 INFO  - Received CAM message from veh_26 (at simulation time 60.501,900,000 s)
2024-06-04 00:13:03,788 INFO  - Received CAM message from veh_22 (at simulation time 60.501,900,000 s)
2024-06-04 00:13:03,788 INFO  - Received CAM message from veh_18 (at simulation time 60.501,900,000 s)
2024-06-04 00:13:03,788 INFO  - Received CAM message from veh_6 (at simulation time 60.502,400,000 s)
2024-06-04 00:13:03,789 INFO  - Atempting to process queue (at simulation time 60.600,000,000 s)
2024-06-04 00:13:03,789 INFO  - Vehicle is inside the detection area. (at simulation time 60.600,000,000 s)
2024-06-04 00:13:03,789 INFO  - Sent Detection message to rsu_0 (at simulation time 60.600,000,000 s)
2024-06-04 00:13:03,789 INFO  - Sent broadcast CAM message to all vehicles (at simulation time 60.600,000,000 s)
2024-06-04 00:13:03,790 INFO  - Received Detection message from veh_37 to veh_36 (at simulation time 60.600,400,000 s)
2024-06-04 00:13:03,790 INFO  - Forwarded Detection message to rsu_0 (at simulation time 60.600,400,000 s)
2024-06-04 00:13:03,791 INFO  - Received CAM message from veh_37 (at simulation time 60.600,900,000 s)
2024-06-04 00:13:03,792 INFO  - Received CAM message from veh_14 (at simulation time 60.600,900,000 s)
2024-06-04 00:13:03,792 INFO  - Received Control message from rsu_0 to veh_16 (at simulation time 60.600,900,000 s)
2024-06-04 00:13:03,792 INFO  - Forwarded Control message to veh_22 (at simulation time 60.600,900,000 s)
2024-06-04 00:13:03,792 INFO  - Received Control message from rsu_0 to veh_0 (at simulation time 60.600,900,000 s)
2024-06-04 00:13:03,792 INFO  - Forwarded Control message to veh_22 (at simulation time 60.600,900,000 s)
2024-06-04 00:13:03,792 INFO  - Received Control message from rsu_0 to veh_8 (at simulation time 60.600,900,000 s)
2024-06-04 00:13:03,792 INFO  - Forwarded Control message to veh_22 (at simulation time 60.600,900,000 s)
2024-06-04 00:13:03,792 INFO  - Received Control message from rsu_0 to veh_12 (at simulation time 60.600,900,000 s)
2024-06-04 00:13:03,792 INFO  - Forwarded Control message to veh_22 (at simulation time 60.600,900,000 s)
2024-06-04 00:13:03,792 INFO  - Received Control message from rsu_0 to veh_32 (at simulation time 60.600,900,000 s)
2024-06-04 00:13:03,792 INFO  - Forwarded Control message to veh_22 (at simulation time 60.600,900,000 s)
2024-06-04 00:13:03,793 INFO  - Received CAM message from veh_30 (at simulation time 60.601,400,000 s)
2024-06-04 00:13:03,793 INFO  - Received CAM message from veh_18 (at simulation time 60.601,400,000 s)
2024-06-04 00:13:03,793 INFO  - Received Control message from rsu_0 to veh_4 (at simulation time 60.601,400,000 s)
2024-06-04 00:13:03,793 INFO  - Forwarded Control message to veh_22 (at simulation time 60.601,400,000 s)
2024-06-04 00:13:03,793 INFO  - Received Control message from rsu_0 to veh_36 (at simulation time 60.601,400,000 s)
2024-06-04 00:13:03,793 INFO  - Current route: 1, lane: 0 (at simulation time 60.601,400,000 s)
2024-06-04 00:13:03,793 INFO  - Vehicle position: GeoPoint{lat=40.743506,lon=-73.988442,alt=0.00} (at simulation time 60.601,400,000 s)
2024-06-04 00:13:03,793 INFO  - Received Control message from rsu_0 to veh_28 (at simulation time 60.601,400,000 s)
2024-06-04 00:13:03,793 INFO  - Forwarded Control message to veh_22 (at simulation time 60.601,400,000 s)
2024-06-04 00:13:03,794 INFO  - Received CAM message from veh_22 (at simulation time 60.601,900,000 s)
2024-06-04 00:13:03,794 INFO  - Received CAM message from veh_10 (at simulation time 60.601,900,000 s)
2024-06-04 00:13:03,794 INFO  - Received Control message from rsu_0 to veh_20 (at simulation time 60.601,900,000 s)
2024-06-04 00:13:03,794 INFO  - Forwarded Control message to veh_22 (at simulation time 60.601,900,000 s)
2024-06-04 00:13:03,795 INFO  - Received CAM message from veh_26 (at simulation time 60.602,400,000 s)
2024-06-04 00:13:03,795 INFO  - Received CAM message from veh_6 (at simulation time 60.602,400,000 s)
2024-06-04 00:13:03,795 INFO  - Received Control message from rsu_0 to veh_24 (at simulation time 60.602,400,000 s)
2024-06-04 00:13:03,795 INFO  - Forwarded Control message to veh_22 (at simulation time 60.602,400,000 s)
2024-06-04 00:13:03,803 INFO  - Atempting to process queue (at simulation time 60.700,000,000 s)
2024-06-04 00:13:03,803 INFO  - Vehicle is inside the detection area. (at simulation time 60.700,000,000 s)
2024-06-04 00:13:03,803 INFO  - Sent Detection message to rsu_0 (at simulation time 60.700,000,000 s)
2024-06-04 00:13:03,803 INFO  - Sent broadcast CAM message to all vehicles (at simulation time 60.700,000,000 s)
2024-06-04 00:13:03,804 INFO  - Received CAM message from veh_37 (at simulation time 60.700,400,000 s)
2024-06-04 00:13:03,804 INFO  - Received CAM message from veh_22 (at simulation time 60.700,400,000 s)
2024-06-04 00:13:03,804 INFO  - Received CAM message from veh_6 (at simulation time 60.700,400,000 s)
2024-06-04 00:13:03,804 INFO  - Received CAM message from veh_30 (at simulation time 60.700,900,000 s)
2024-06-04 00:13:03,804 INFO  - Received Detection message from veh_37 to veh_36 (at simulation time 60.701,400,000 s)
2024-06-04 00:13:03,804 INFO  - Forwarded Detection message to rsu_0 (at simulation time 60.701,400,000 s)
2024-06-04 00:13:03,805 INFO  - Received CAM message from veh_14 (at simulation time 60.701,400,000 s)
2024-06-04 00:13:03,805 INFO  - Received CAM message from veh_18 (at simulation time 60.701,900,000 s)
2024-06-04 00:13:03,805 INFO  - Received CAM message from veh_10 (at simulation time 60.701,900,000 s)
2024-06-04 00:13:03,805 INFO  - Received CAM message from veh_26 (at simulation time 60.702,400,000 s)
2024-06-04 00:13:03,805 INFO  - Atempting to process queue (at simulation time 60.800,000,000 s)
2024-06-04 00:13:03,805 INFO  - Vehicle is inside the detection area. (at simulation time 60.800,000,000 s)
2024-06-04 00:13:03,805 INFO  - Sent Detection message to rsu_0 (at simulation time 60.800,000,000 s)
2024-06-04 00:13:03,805 INFO  - Sent broadcast CAM message to all vehicles (at simulation time 60.800,000,000 s)
2024-06-04 00:13:03,805 INFO  - Received CAM message from veh_37 (at simulation time 60.800,400,000 s)
2024-06-04 00:13:03,806 INFO  - Received CAM message from veh_18 (at simulation time 60.800,400,000 s)
2024-06-04 00:13:03,806 INFO  - Received CAM message from veh_26 (at simulation time 60.800,900,000 s)
2024-06-04 00:13:03,806 INFO  - Received CAM message from veh_6 (at simulation time 60.800,900,000 s)
2024-06-04 00:13:03,806 INFO  - Received CAM message from veh_30 (at simulation time 60.801,400,000 s)
2024-06-04 00:13:03,806 INFO  - Received CAM message from veh_22 (at simulation time 60.801,400,000 s)
2024-06-04 00:13:03,806 INFO  - Received Detection message from veh_37 to veh_36 (at simulation time 60.801,900,000 s)
2024-06-04 00:13:03,806 INFO  - Forwarded Detection message to rsu_0 (at simulation time 60.801,900,000 s)
2024-06-04 00:13:03,806 INFO  - Received CAM message from veh_14 (at simulation time 60.802,400,000 s)
2024-06-04 00:13:03,806 INFO  - Received CAM message from veh_10 (at simulation time 60.802,400,000 s)
2024-06-04 00:13:03,806 INFO  - Atempting to process queue (at simulation time 60.900,000,000 s)
2024-06-04 00:13:03,806 INFO  - Vehicle is inside the detection area. (at simulation time 60.900,000,000 s)
2024-06-04 00:13:03,806 INFO  - Sent Detection message to rsu_0 (at simulation time 60.900,000,000 s)
2024-06-04 00:13:03,806 INFO  - Sent broadcast CAM message to all vehicles (at simulation time 60.900,000,000 s)
2024-06-04 00:13:03,807 INFO  - Received CAM message from veh_30 (at simulation time 60.900,400,000 s)
2024-06-04 00:13:03,807 INFO  - Received CAM message from veh_18 (at simulation time 60.900,400,000 s)
2024-06-04 00:13:03,807 INFO  - Received CAM message from veh_14 (at simulation time 60.900,900,000 s)
2024-06-04 00:13:03,807 INFO  - Received Detection message from veh_37 to veh_36 (at simulation time 60.901,400,000 s)
2024-06-04 00:13:03,807 INFO  - Forwarded Detection message to rsu_0 (at simulation time 60.901,400,000 s)
2024-06-04 00:13:03,807 INFO  - Received CAM message from veh_22 (at simulation time 60.901,900,000 s)
2024-06-04 00:13:03,807 INFO  - Received CAM message from veh_37 (at simulation time 60.902,400,000 s)
2024-06-04 00:13:03,807 INFO  - Received CAM message from veh_26 (at simulation time 60.902,400,000 s)
2024-06-04 00:13:03,807 INFO  - Received CAM message from veh_10 (at simulation time 60.902,400,000 s)
2024-06-04 00:13:03,807 INFO  - Received CAM message from veh_6 (at simulation time 60.902,400,000 s)
2024-06-04 00:13:03,817 INFO  - Atempting to process queue (at simulation time 61.000,000,000 s)
2024-06-04 00:13:03,817 INFO  - Vehicle is outside the detection area. (at simulation time 61.000,000,000 s)
2024-06-04 00:13:03,817 INFO  - Sent broadcast CAM message to all vehicles (at simulation time 61.000,000,000 s)
2024-06-04 00:13:03,818 INFO  - Received CAM message from veh_30 (at simulation time 61.000,400,000 s)
2024-06-04 00:13:03,818 INFO  - Received CAM message from veh_26 (at simulation time 61.000,400,000 s)
2024-06-04 00:13:03,819 INFO  - Received CAM message from veh_10 (at simulation time 61.000,400,000 s)
2024-06-04 00:13:03,819 INFO  - Received CAM message from veh_18 (at simulation time 61.000,900,000 s)
2024-06-04 00:13:03,819 INFO  - Received CAM message from veh_22 (at simulation time 61.001,400,000 s)
2024-06-04 00:13:03,819 INFO  - Received CAM message from veh_14 (at simulation time 61.001,400,000 s)
2024-06-04 00:13:03,819 INFO  - Received CAM message from veh_6 (at simulation time 61.001,400,000 s)
2024-06-04 00:13:03,819 INFO  - Received CAM message from veh_37 (at simulation time 61.002,400,000 s)
2024-06-04 00:13:03,819 INFO  - Atempting to process queue (at simulation time 61.100,000,000 s)
2024-06-04 00:13:03,819 INFO  - Vehicle is outside the detection area. (at simulation time 61.100,000,000 s)
2024-06-04 00:13:03,819 INFO  - Sent broadcast CAM message to all vehicles (at simulation time 61.100,000,000 s)
2024-06-04 00:13:03,819 INFO  - Received CAM message from veh_22 (at simulation time 61.100,400,000 s)
2024-06-04 00:13:03,820 INFO  - Received CAM message from veh_10 (at simulation time 61.100,400,000 s)
2024-06-04 00:13:03,820 INFO  - Received CAM message from veh_26 (at simulation time 61.101,400,000 s)
2024-06-04 00:13:03,820 INFO  - Received CAM message from veh_6 (at simulation time 61.101,400,000 s)
2024-06-04 00:13:03,820 INFO  - Received CAM message from veh_37 (at simulation time 61.101,900,000 s)
2024-06-04 00:13:03,820 INFO  - Received CAM message from veh_14 (at simulation time 61.101,900,000 s)
2024-06-04 00:13:03,820 INFO  - Received CAM message from veh_30 (at simulation time 61.102,400,000 s)
2024-06-04 00:13:03,820 INFO  - Received CAM message from veh_18 (at simulation time 61.102,400,000 s)
2024-06-04 00:13:03,820 INFO  - Atempting to process queue (at simulation time 61.200,000,000 s)
2024-06-04 00:13:03,820 INFO  - Vehicle is outside the detection area. (at simulation time 61.200,000,000 s)
2024-06-04 00:13:03,820 INFO  - Sent broadcast CAM message to all vehicles (at simulation time 61.200,000,000 s)
2024-06-04 00:13:03,821 INFO  - Received CAM message from veh_37 (at simulation time 61.201,400,000 s)
2024-06-04 00:13:03,821 INFO  - Received CAM message from veh_26 (at simulation time 61.201,400,000 s)
2024-06-04 00:13:03,821 INFO  - Received CAM message from veh_22 (at simulation time 61.201,400,000 s)
2024-06-04 00:13:03,821 INFO  - Received CAM message from veh_18 (at simulation time 61.201,400,000 s)
2024-06-04 00:13:03,821 INFO  - Received CAM message from veh_14 (at simulation time 61.201,400,000 s)
2024-06-04 00:13:03,821 INFO  - Received CAM message from veh_10 (at simulation time 61.201,400,000 s)
2024-06-04 00:13:03,821 INFO  - Received CAM message from veh_30 (at simulation time 61.201,900,000 s)
2024-06-04 00:13:03,821 INFO  - Received CAM message from veh_6 (at simulation time 61.201,900,000 s)
2024-06-04 00:13:03,821 INFO  - Atempting to process queue (at simulation time 61.300,000,000 s)
2024-06-04 00:13:03,821 INFO  - Vehicle is outside the detection area. (at simulation time 61.300,000,000 s)
2024-06-04 00:13:03,821 INFO  - Sent broadcast CAM message to all vehicles (at simulation time 61.300,000,000 s)
2024-06-04 00:13:03,822 INFO  - Received CAM message from veh_14 (at simulation time 61.300,400,000 s)
2024-06-04 00:13:03,822 INFO  - Received CAM message from veh_37 (at simulation time 61.300,900,000 s)
2024-06-04 00:13:03,822 INFO  - Received CAM message from veh_30 (at simulation time 61.300,900,000 s)
2024-06-04 00:13:03,822 INFO  - Received CAM message from veh_22 (at simulation time 61.301,400,000 s)
2024-06-04 00:13:03,822 INFO  - Received CAM message from veh_18 (at simulation time 61.301,400,000 s)
2024-06-04 00:13:03,822 INFO  - Received CAM message from veh_10 (at simulation time 61.301,400,000 s)
2024-06-04 00:13:03,822 INFO  - Received CAM message from veh_26 (at simulation time 61.302,400,000 s)
2024-06-04 00:13:03,822 INFO  - Received CAM message from veh_6 (at simulation time 61.302,400,000 s)
2024-06-04 00:13:03,822 INFO  - Atempting to process queue (at simulation time 61.400,000,000 s)
2024-06-04 00:13:03,822 INFO  - Vehicle is outside the detection area. (at simulation time 61.400,000,000 s)
2024-06-04 00:13:03,822 INFO  - Sent broadcast CAM message to all vehicles (at simulation time 61.400,000,000 s)
2024-06-04 00:13:03,823 INFO  - Received CAM message from veh_37 (at simulation time 61.400,400,000 s)
2024-06-04 00:13:03,823 INFO  - Received CAM message from veh_30 (at simulation time 61.400,900,000 s)
2024-06-04 00:13:03,823 INFO  - Received CAM message from veh_22 (at simulation time 61.400,900,000 s)
2024-06-04 00:13:03,823 INFO  - Received CAM message from veh_14 (at simulation time 61.400,900,000 s)
2024-06-04 00:13:03,823 INFO  - Received CAM message from veh_10 (at simulation time 61.400,900,000 s)
2024-06-04 00:13:03,823 INFO  - Received CAM message from veh_18 (at simulation time 61.401,400,000 s)
2024-06-04 00:13:03,823 INFO  - Received CAM message from veh_26 (at simulation time 61.402,400,000 s)
2024-06-04 00:13:03,823 INFO  - Received CAM message from veh_6 (at simulation time 61.402,400,000 s)
2024-06-04 00:13:03,823 INFO  - Atempting to process queue (at simulation time 61.500,000,000 s)
2024-06-04 00:13:03,823 INFO  - Vehicle is outside the detection area. (at simulation time 61.500,000,000 s)
2024-06-04 00:13:03,823 INFO  - Sent broadcast CAM message to all vehicles (at simulation time 61.500,000,000 s)
2024-06-04 00:13:03,824 INFO  - Received CAM message from veh_26 (at simulation time 61.501,400,000 s)
2024-06-04 00:13:03,824 INFO  - Received CAM message from veh_22 (at simulation time 61.501,400,000 s)
2024-06-04 00:13:03,824 INFO  - Received CAM message from veh_18 (at simulation time 61.501,400,000 s)
2024-06-04 00:13:03,824 INFO  - Received CAM message from veh_10 (at simulation time 61.501,400,000 s)
2024-06-04 00:13:03,824 INFO  - Received CAM message from veh_30 (at simulation time 61.501,900,000 s)
2024-06-04 00:13:03,824 INFO  - Received CAM message from veh_14 (at simulation time 61.501,900,000 s)
2024-06-04 00:13:03,824 INFO  - Received CAM message from veh_6 (at simulation time 61.501,900,000 s)
2024-06-04 00:13:03,824 INFO  - Received CAM message from veh_37 (at simulation time 61.502,400,000 s)
2024-06-04 00:13:03,824 INFO  - Atempting to process queue (at simulation time 61.600,000,000 s)
2024-06-04 00:13:03,824 INFO  - Vehicle is outside the detection area. (at simulation time 61.600,000,000 s)
2024-06-04 00:13:03,824 INFO  - Sent broadcast CAM message to all vehicles (at simulation time 61.600,000,000 s)
2024-06-04 00:13:03,825 INFO  - Received CAM message from veh_26 (at simulation time 61.600,400,000 s)
2024-06-04 00:13:03,825 INFO  - Received CAM message from veh_14 (at simulation time 61.600,900,000 s)
2024-06-04 00:13:03,825 INFO  - Received CAM message from veh_6 (at simulation time 61.600,900,000 s)
2024-06-04 00:13:03,825 INFO  - Received CAM message from veh_22 (at simulation time 61.601,400,000 s)
2024-06-04 00:13:03,825 INFO  - Received CAM message from veh_37 (at simulation time 61.601,900,000 s)
2024-06-04 00:13:03,825 INFO  - Received CAM message from veh_18 (at simulation time 61.601,900,000 s)
2024-06-04 00:13:03,825 INFO  - Received CAM message from veh_30 (at simulation time 61.602,400,000 s)
2024-06-04 00:13:03,825 INFO  - Received CAM message from veh_10 (at simulation time 61.602,400,000 s)
2024-06-04 00:13:03,825 INFO  - Atempting to process queue (at simulation time 61.700,000,000 s)
2024-06-04 00:13:03,825 INFO  - Vehicle is outside the detection area. (at simulation time 61.700,000,000 s)
2024-06-04 00:13:03,825 INFO  - Sent broadcast CAM message to all vehicles (at simulation time 61.700,000,000 s)
2024-06-04 00:13:03,826 INFO  - Received CAM message from veh_30 (at simulation time 61.700,400,000 s)
2024-06-04 00:13:03,826 INFO  - Received CAM message from veh_18 (at simulation time 61.700,900,000 s)
2024-06-04 00:13:03,826 INFO  - Received CAM message from veh_14 (at simulation time 61.700,900,000 s)
2024-06-04 00:13:03,826 INFO  - Received CAM message from veh_10 (at simulation time 61.700,900,000 s)
2024-06-04 00:13:03,826 INFO  - Received CAM message from veh_37 (at simulation time 61.701,400,000 s)
2024-06-04 00:13:03,826 INFO  - Received CAM message from veh_6 (at simulation time 61.701,400,000 s)
2024-06-04 00:13:03,826 INFO  - Received CAM message from veh_26 (at simulation time 61.701,900,000 s)
2024-06-04 00:13:03,826 INFO  - Received CAM message from veh_22 (at simulation time 61.702,400,000 s)
2024-06-04 00:13:03,826 INFO  - Atempting to process queue (at simulation time 61.800,000,000 s)
2024-06-04 00:13:03,826 INFO  - Vehicle is outside the detection area. (at simulation time 61.800,000,000 s)
2024-06-04 00:13:03,826 INFO  - Sent broadcast CAM message to all vehicles (at simulation time 61.800,000,000 s)
2024-06-04 00:13:03,827 INFO  - Received CAM message from veh_30 (at simulation time 61.800,400,000 s)
2024-06-04 00:13:03,827 INFO  - Received CAM message from veh_26 (at simulation time 61.800,400,000 s)
2024-06-04 00:13:03,827 INFO  - Received CAM message from veh_18 (at simulation time 61.800,400,000 s)
2024-06-04 00:13:03,827 INFO  - Received CAM message from veh_37 (at simulation time 61.800,900,000 s)
2024-06-04 00:13:03,827 INFO  - Received CAM message from veh_14 (at simulation time 61.800,900,000 s)
2024-06-04 00:13:03,827 INFO  - Received CAM message from veh_6 (at simulation time 61.800,900,000 s)
2024-06-04 00:13:03,827 INFO  - Received CAM message from veh_22 (at simulation time 61.801,400,000 s)
2024-06-04 00:13:03,827 INFO  - Received CAM message from veh_10 (at simulation time 61.801,900,000 s)
2024-06-04 00:13:03,827 INFO  - Atempting to process queue (at simulation time 61.900,000,000 s)
2024-06-04 00:13:03,827 INFO  - Vehicle is outside the detection area. (at simulation time 61.900,000,000 s)
2024-06-04 00:13:03,827 INFO  - Sent broadcast CAM message to all vehicles (at simulation time 61.900,000,000 s)
2024-06-04 00:13:03,827 INFO  - Received CAM message from veh_14 (at simulation time 61.900,400,000 s)
2024-06-04 00:13:03,828 INFO  - Received CAM message from veh_10 (at simulation time 61.900,400,000 s)
2024-06-04 00:13:03,828 INFO  - Received CAM message from veh_6 (at simulation time 61.900,400,000 s)
2024-06-04 00:13:03,828 INFO  - Received CAM message from veh_37 (at simulation time 61.900,900,000 s)
2024-06-04 00:13:03,828 INFO  - Received CAM message from veh_22 (at simulation time 61.901,400,000 s)
2024-06-04 00:13:03,828 INFO  - Received CAM message from veh_18 (at simulation time 61.901,900,000 s)
2024-06-04 00:13:03,828 INFO  - Received CAM message from veh_30 (at simulation time 61.902,400,000 s)
2024-06-04 00:13:03,828 INFO  - Received CAM message from veh_26 (at simulation time 61.902,400,000 s)
2024-06-04 00:13:03,832 INFO  - Atempting to process queue (at simulation time 62.000,000,000 s)
2024-06-04 00:13:03,832 INFO  - Vehicle is outside the detection area. (at simulation time 62.000,000,000 s)
2024-06-04 00:13:03,832 INFO  - Sent broadcast CAM message to all vehicles (at simulation time 62.000,000,000 s)
2024-06-04 00:13:03,834 INFO  - Received CAM message from veh_10 (at simulation time 62.000,400,000 s)
2024-06-04 00:13:03,834 INFO  - Received CAM message from veh_18 (at simulation time 62.001,900,000 s)
2024-06-04 00:13:03,834 INFO  - Received CAM message from veh_14 (at simulation time 62.001,900,000 s)
2024-06-04 00:13:03,834 INFO  - Received CAM message from veh_6 (at simulation time 62.001,900,000 s)
2024-06-04 00:13:03,834 INFO  - Received CAM message from veh_37 (at simulation time 62.002,400,000 s)
2024-06-04 00:13:03,834 INFO  - Received CAM message from veh_22 (at simulation time 62.002,400,000 s)
2024-06-04 00:13:03,835 INFO  - Atempting to process queue (at simulation time 62.100,000,000 s)
2024-06-04 00:13:03,835 INFO  - Vehicle is outside the detection area. (at simulation time 62.100,000,000 s)
2024-06-04 00:13:03,835 INFO  - Sent broadcast CAM message to all vehicles (at simulation time 62.100,000,000 s)
2024-06-04 00:13:03,835 INFO  - Received CAM message from veh_10 (at simulation time 62.100,400,000 s)
2024-06-04 00:13:03,835 INFO  - Received CAM message from veh_37 (at simulation time 62.101,400,000 s)
2024-06-04 00:13:03,836 INFO  - Received CAM message from veh_18 (at simulation time 62.101,900,000 s)
2024-06-04 00:13:03,836 INFO  - Received CAM message from veh_6 (at simulation time 62.101,900,000 s)
2024-06-04 00:13:03,836 INFO  - Received CAM message from veh_22 (at simulation time 62.102,400,000 s)
2024-06-04 00:13:03,836 INFO  - Received CAM message from veh_14 (at simulation time 62.102,400,000 s)
2024-06-04 00:13:03,836 INFO  - Atempting to process queue (at simulation time 62.200,000,000 s)
2024-06-04 00:13:03,836 INFO  - Vehicle is outside the detection area. (at simulation time 62.200,000,000 s)
2024-06-04 00:13:03,836 INFO  - Sent broadcast CAM message to all vehicles (at simulation time 62.200,000,000 s)
2024-06-04 00:13:03,836 INFO  - Received CAM message from veh_18 (at simulation time 62.200,400,000 s)
2024-06-04 00:13:03,836 INFO  - Received CAM message from veh_10 (at simulation time 62.200,400,000 s)
2024-06-04 00:13:03,837 INFO  - Received CAM message from veh_14 (at simulation time 62.201,400,000 s)
2024-06-04 00:13:03,837 INFO  - Received CAM message from veh_6 (at simulation time 62.201,400,000 s)
2024-06-04 00:13:03,837 INFO  - Received CAM message from veh_37 (at simulation time 62.201,900,000 s)
2024-06-04 00:13:03,837 INFO  - Received CAM message from veh_22 (at simulation time 62.202,400,000 s)
2024-06-04 00:13:03,837 INFO  - Atempting to process queue (at simulation time 62.300,000,000 s)
2024-06-04 00:13:03,837 INFO  - Vehicle is outside the detection area. (at simulation time 62.300,000,000 s)
2024-06-04 00:13:03,837 INFO  - Sent broadcast CAM message to all vehicles (at simulation time 62.300,000,000 s)
2024-06-04 00:13:03,838 INFO  - Received CAM message from veh_10 (at simulation time 62.300,400,000 s)
2024-06-04 00:13:03,838 INFO  - Received CAM message from veh_6 (at simulation time 62.300,900,000 s)
2024-06-04 00:13:03,838 INFO  - Received CAM message from veh_37 (at simulation time 62.301,400,000 s)
2024-06-04 00:13:03,838 INFO  - Received CAM message from veh_22 (at simulation time 62.301,400,000 s)
2024-06-04 00:13:03,838 INFO  - Received CAM message from veh_18 (at simulation time 62.301,400,000 s)
2024-06-04 00:13:03,838 INFO  - Received CAM message from veh_14 (at simulation time 62.301,900,000 s)
2024-06-04 00:13:03,839 INFO  - Atempting to process queue (at simulation time 62.400,000,000 s)
2024-06-04 00:13:03,839 INFO  - Vehicle is outside the detection area. (at simulation time 62.400,000,000 s)
2024-06-04 00:13:03,839 INFO  - Sent broadcast CAM message to all vehicles (at simulation time 62.400,000,000 s)
2024-06-04 00:13:03,840 INFO  - Received CAM message from veh_37 (at simulation time 62.400,900,000 s)
2024-06-04 00:13:03,840 INFO  - Received CAM message from veh_18 (at simulation time 62.401,400,000 s)
2024-06-04 00:13:03,840 INFO  - Received CAM message from veh_14 (at simulation time 62.401,900,000 s)
2024-06-04 00:13:03,840 INFO  - Received CAM message from veh_6 (at simulation time 62.401,900,000 s)
2024-06-04 00:13:03,840 INFO  - Received CAM message from veh_22 (at simulation time 62.402,400,000 s)
2024-06-04 00:13:03,840 INFO  - Received CAM message from veh_10 (at simulation time 62.402,400,000 s)
2024-06-04 00:13:03,840 INFO  - Atempting to process queue (at simulation time 62.500,000,000 s)
2024-06-04 00:13:03,840 INFO  - Vehicle is outside the detection area. (at simulation time 62.500,000,000 s)
2024-06-04 00:13:03,840 INFO  - Sent broadcast CAM message to all vehicles (at simulation time 62.500,000,000 s)
2024-06-04 00:13:03,841 INFO  - Received CAM message from veh_37 (at simulation time 62.500,400,000 s)
2024-06-04 00:13:03,841 INFO  - Received CAM message from veh_6 (at simulation time 62.500,400,000 s)
2024-06-04 00:13:03,841 INFO  - Received CAM message from veh_22 (at simulation time 62.500,900,000 s)
2024-06-04 00:13:03,841 INFO  - Received CAM message from veh_14 (at simulation time 62.501,400,000 s)
2024-06-04 00:13:03,841 INFO  - Received CAM message from veh_18 (at simulation time 62.501,900,000 s)
2024-06-04 00:13:03,841 INFO  - Received CAM message from veh_10 (at simulation time 62.501,900,000 s)
2024-06-04 00:13:03,841 INFO  - Atempting to process queue (at simulation time 62.600,000,000 s)
2024-06-04 00:13:03,841 INFO  - Vehicle is outside the detection area. (at simulation time 62.600,000,000 s)
2024-06-04 00:13:03,841 INFO  - Sent broadcast CAM message to all vehicles (at simulation time 62.600,000,000 s)
2024-06-04 00:13:03,842 INFO  - Received CAM message from veh_22 (at simulation time 62.600,400,000 s)
2024-06-04 00:13:03,842 INFO  - Received CAM message from veh_6 (at simulation time 62.600,400,000 s)
2024-06-04 00:13:03,842 INFO  - Received CAM message from veh_14 (at simulation time 62.600,900,000 s)
2024-06-04 00:13:03,842 INFO  - Received CAM message from veh_18 (at simulation time 62.601,400,000 s)
2024-06-04 00:13:03,842 INFO  - Received CAM message from veh_10 (at simulation time 62.601,400,000 s)
2024-06-04 00:13:03,842 INFO  - Received CAM message from veh_37 (at simulation time 62.602,400,000 s)
2024-06-04 00:13:03,843 INFO  - Atempting to process queue (at simulation time 62.700,000,000 s)
2024-06-04 00:13:03,843 INFO  - Vehicle is outside the detection area. (at simulation time 62.700,000,000 s)
2024-06-04 00:13:03,843 INFO  - Sent broadcast CAM message to all vehicles (at simulation time 62.700,000,000 s)
2024-06-04 00:13:03,843 INFO  - Received CAM message from veh_14 (at simulation time 62.700,400,000 s)
2024-06-04 00:13:03,843 INFO  - Received CAM message from veh_6 (at simulation time 62.700,400,000 s)
2024-06-04 00:13:03,843 INFO  - Received CAM message from veh_37 (at simulation time 62.700,900,000 s)
2024-06-04 00:13:03,843 INFO  - Received CAM message from veh_10 (at simulation time 62.700,900,000 s)
2024-06-04 00:13:03,843 INFO  - Received CAM message from veh_18 (at simulation time 62.701,900,000 s)
2024-06-04 00:13:03,843 INFO  - Received CAM message from veh_22 (at simulation time 62.702,400,000 s)
2024-06-04 00:13:03,843 INFO  - Atempting to process queue (at simulation time 62.800,000,000 s)
2024-06-04 00:13:03,843 INFO  - Vehicle is outside the detection area. (at simulation time 62.800,000,000 s)
2024-06-04 00:13:03,843 INFO  - Sent broadcast CAM message to all vehicles (at simulation time 62.800,000,000 s)
2024-06-04 00:13:03,844 INFO  - Received CAM message from veh_22 (at simulation time 62.800,400,000 s)
2024-06-04 00:13:03,844 INFO  - Received CAM message from veh_37 (at simulation time 62.800,900,000 s)
2024-06-04 00:13:03,844 INFO  - Received CAM message from veh_18 (at simulation time 62.800,900,000 s)
2024-06-04 00:13:03,844 INFO  - Received CAM message from veh_14 (at simulation time 62.800,900,000 s)
2024-06-04 00:13:03,844 INFO  - Received CAM message from veh_10 (at simulation time 62.800,900,000 s)
2024-06-04 00:13:03,844 INFO  - Received CAM message from veh_6 (at simulation time 62.802,400,000 s)
2024-06-04 00:13:03,844 INFO  - Atempting to process queue (at simulation time 62.900,000,000 s)
2024-06-04 00:13:03,844 INFO  - Vehicle is outside the detection area. (at simulation time 62.900,000,000 s)
2024-06-04 00:13:03,844 INFO  - Sent broadcast CAM message to all vehicles (at simulation time 62.900,000,000 s)
2024-06-04 00:13:03,845 INFO  - Received CAM message from veh_6 (at simulation time 62.900,400,000 s)
2024-06-04 00:13:03,845 INFO  - Received CAM message from veh_14 (at simulation time 62.901,400,000 s)
2024-06-04 00:13:03,845 INFO  - Received CAM message from veh_10 (at simulation time 62.901,400,000 s)
2024-06-04 00:13:03,845 INFO  - Received CAM message from veh_18 (at simulation time 62.901,900,000 s)
2024-06-04 00:13:03,845 INFO  - Received CAM message from veh_37 (at simulation time 62.902,400,000 s)
2024-06-04 00:13:03,846 INFO  - Received CAM message from veh_22 (at simulation time 62.902,400,000 s)
2024-06-04 00:13:03,847 INFO  - Atempting to process queue (at simulation time 63.000,000,000 s)
2024-06-04 00:13:03,847 INFO  - Vehicle is outside the detection area. (at simulation time 63.000,000,000 s)
2024-06-04 00:13:03,847 INFO  - Sent broadcast CAM message to all vehicles (at simulation time 63.000,000,000 s)
2024-06-04 00:13:03,848 INFO  - Received CAM message from veh_22 (at simulation time 63.000,400,000 s)
2024-06-04 00:13:03,848 INFO  - Received CAM message from veh_37 (at simulation time 63.000,900,000 s)
2024-06-04 00:13:03,848 INFO  - Received CAM message from veh_14 (at simulation time 63.000,900,000 s)
2024-06-04 00:13:03,848 INFO  - Received CAM message from veh_10 (at simulation time 63.000,900,000 s)
2024-06-04 00:13:03,848 INFO  - Received CAM message from veh_6 (at simulation time 63.001,900,000 s)
2024-06-04 00:13:03,849 INFO  - Received CAM message from veh_18 (at simulation time 63.002,400,000 s)
2024-06-04 00:13:03,849 INFO  - Atempting to process queue (at simulation time 63.100,000,000 s)
2024-06-04 00:13:03,849 INFO  - Vehicle is outside the detection area. (at simulation time 63.100,000,000 s)
2024-06-04 00:13:03,849 INFO  - Sent broadcast CAM message to all vehicles (at simulation time 63.100,000,000 s)
2024-06-04 00:13:03,852 INFO  - Received CAM message from veh_37 (at simulation time 63.100,400,000 s)
2024-06-04 00:13:03,852 INFO  - Received CAM message from veh_10 (at simulation time 63.100,400,000 s)
2024-06-04 00:13:03,852 INFO  - Received CAM message from veh_6 (at simulation time 63.100,400,000 s)
2024-06-04 00:13:03,852 INFO  - Received CAM message from veh_22 (at simulation time 63.101,400,000 s)
2024-06-04 00:13:03,852 INFO  - Received CAM message from veh_18 (at simulation time 63.101,400,000 s)
2024-06-04 00:13:03,852 INFO  - Received CAM message from veh_14 (at simulation time 63.101,900,000 s)
2024-06-04 00:13:03,852 INFO  - Atempting to process queue (at simulation time 63.200,000,000 s)
2024-06-04 00:13:03,852 INFO  - Vehicle is outside the detection area. (at simulation time 63.200,000,000 s)
2024-06-04 00:13:03,852 INFO  - Sent broadcast CAM message to all vehicles (at simulation time 63.200,000,000 s)
2024-06-04 00:13:03,853 INFO  - Received CAM message from veh_37 (at simulation time 63.200,400,000 s)
2024-06-04 00:13:03,853 INFO  - Received CAM message from veh_6 (at simulation time 63.200,400,000 s)
2024-06-04 00:13:03,853 INFO  - Received CAM message from veh_14 (at simulation time 63.200,900,000 s)
2024-06-04 00:13:03,853 INFO  - Received CAM message from veh_22 (at simulation time 63.201,400,000 s)
2024-06-04 00:13:03,853 INFO  - Received CAM message from veh_10 (at simulation time 63.201,400,000 s)
2024-06-04 00:13:03,853 INFO  - Received CAM message from veh_18 (at simulation time 63.202,400,000 s)
2024-06-04 00:13:03,853 INFO  - Atempting to process queue (at simulation time 63.300,000,000 s)
2024-06-04 00:13:03,853 INFO  - Vehicle is outside the detection area. (at simulation time 63.300,000,000 s)
2024-06-04 00:13:03,853 INFO  - Sent broadcast CAM message to all vehicles (at simulation time 63.300,000,000 s)
2024-06-04 00:13:03,854 INFO  - Received CAM message from veh_18 (at simulation time 63.300,400,000 s)
2024-06-04 00:13:03,854 INFO  - Received CAM message from veh_6 (at simulation time 63.300,900,000 s)
2024-06-04 00:13:03,854 INFO  - Received CAM message from veh_37 (at simulation time 63.301,400,000 s)
2024-06-04 00:13:03,854 INFO  - Received CAM message from veh_22 (at simulation time 63.301,400,000 s)
2024-06-04 00:13:03,854 INFO  - Received CAM message from veh_14 (at simulation time 63.301,900,000 s)
2024-06-04 00:13:03,854 INFO  - Received CAM message from veh_10 (at simulation time 63.301,900,000 s)
2024-06-04 00:13:03,855 INFO  - Atempting to process queue (at simulation time 63.400,000,000 s)
2024-06-04 00:13:03,855 INFO  - Vehicle is outside the detection area. (at simulation time 63.400,000,000 s)
2024-06-04 00:13:03,855 INFO  - Sent broadcast CAM message to all vehicles (at simulation time 63.400,000,000 s)
2024-06-04 00:13:03,855 INFO  - Received CAM message from veh_14 (at simulation time 63.400,400,000 s)
2024-06-04 00:13:03,855 INFO  - Received CAM message from veh_37 (at simulation time 63.401,400,000 s)
2024-06-04 00:13:03,855 INFO  - Received CAM message from veh_18 (at simulation time 63.401,400,000 s)
2024-06-04 00:13:03,855 INFO  - Received CAM message from veh_6 (at simulation time 63.401,900,000 s)
2024-06-04 00:13:03,855 INFO  - Received CAM message from veh_22 (at simulation time 63.402,400,000 s)
2024-06-04 00:13:03,855 INFO  - Received CAM message from veh_10 (at simulation time 63.402,400,000 s)
2024-06-04 00:13:03,856 INFO  - Atempting to process queue (at simulation time 63.500,000,000 s)
2024-06-04 00:13:03,856 INFO  - Vehicle is outside the detection area. (at simulation time 63.500,000,000 s)
2024-06-04 00:13:03,856 INFO  - Sent broadcast CAM message to all vehicles (at simulation time 63.500,000,000 s)
2024-06-04 00:13:03,856 INFO  - Received CAM message from veh_18 (at simulation time 63.500,400,000 s)
2024-06-04 00:13:03,856 INFO  - Received CAM message from veh_6 (at simulation time 63.500,400,000 s)
2024-06-04 00:13:03,856 INFO  - Received CAM message from veh_14 (at simulation time 63.500,900,000 s)
2024-06-04 00:13:03,856 INFO  - Received CAM message from veh_10 (at simulation time 63.501,400,000 s)
2024-06-04 00:13:03,856 INFO  - Received CAM message from veh_22 (at simulation time 63.501,900,000 s)
2024-06-04 00:13:03,856 INFO  - Received CAM message from veh_37 (at simulation time 63.502,400,000 s)
2024-06-04 00:13:03,856 INFO  - Atempting to process queue (at simulation time 63.600,000,000 s)
2024-06-04 00:13:03,856 INFO  - Vehicle is outside the detection area. (at simulation time 63.600,000,000 s)
2024-06-04 00:13:03,856 INFO  - Sent broadcast CAM message to all vehicles (at simulation time 63.600,000,000 s)
2024-06-04 00:13:03,857 INFO  - Received CAM message from veh_18 (at simulation time 63.600,900,000 s)
2024-06-04 00:13:03,857 INFO  - Received CAM message from veh_6 (at simulation time 63.600,900,000 s)
2024-06-04 00:13:03,857 INFO  - Received CAM message from veh_14 (at simulation time 63.601,400,000 s)
2024-06-04 00:13:03,858 INFO  - Received CAM message from veh_10 (at simulation time 63.601,900,000 s)
2024-06-04 00:13:03,858 INFO  - Received CAM message from veh_37 (at simulation time 63.602,400,000 s)
2024-06-04 00:13:03,858 INFO  - Received CAM message from veh_22 (at simulation time 63.602,400,000 s)
2024-06-04 00:13:03,858 INFO  - Atempting to process queue (at simulation time 63.700,000,000 s)
2024-06-04 00:13:03,858 INFO  - Vehicle is outside the detection area. (at simulation time 63.700,000,000 s)
2024-06-04 00:13:03,858 INFO  - Sent broadcast CAM message to all vehicles (at simulation time 63.700,000,000 s)
2024-06-04 00:13:03,858 INFO  - Received CAM message from veh_18 (at simulation time 63.700,900,000 s)
2024-06-04 00:13:03,858 INFO  - Received CAM message from veh_14 (at simulation time 63.700,900,000 s)
2024-06-04 00:13:03,858 INFO  - Received CAM message from veh_10 (at simulation time 63.700,900,000 s)
2024-06-04 00:13:03,858 INFO  - Received CAM message from veh_6 (at simulation time 63.701,400,000 s)
2024-06-04 00:13:03,859 INFO  - Received CAM message from veh_37 (at simulation time 63.702,400,000 s)
2024-06-04 00:13:03,859 INFO  - Received CAM message from veh_22 (at simulation time 63.702,400,000 s)
2024-06-04 00:13:03,859 INFO  - Atempting to process queue (at simulation time 63.800,000,000 s)
2024-06-04 00:13:03,859 INFO  - Vehicle is outside the detection area. (at simulation time 63.800,000,000 s)
2024-06-04 00:13:03,859 INFO  - Sent broadcast CAM message to all vehicles (at simulation time 63.800,000,000 s)
2024-06-04 00:13:03,859 INFO  - Received CAM message from veh_14 (at simulation time 63.800,400,000 s)
2024-06-04 00:13:03,859 INFO  - Received CAM message from veh_18 (at simulation time 63.800,900,000 s)
2024-06-04 00:13:03,860 INFO  - Received CAM message from veh_37 (at simulation time 63.801,900,000 s)
2024-06-04 00:13:03,860 INFO  - Received CAM message from veh_22 (at simulation time 63.801,900,000 s)
2024-06-04 00:13:03,860 INFO  - Received CAM message from veh_10 (at simulation time 63.801,900,000 s)
2024-06-04 00:13:03,860 INFO  - Received CAM message from veh_6 (at simulation time 63.801,900,000 s)
2024-06-04 00:13:03,860 INFO  - Atempting to process queue (at simulation time 63.900,000,000 s)
2024-06-04 00:13:03,860 INFO  - Vehicle is outside the detection area. (at simulation time 63.900,000,000 s)
2024-06-04 00:13:03,860 INFO  - Sent broadcast CAM message to all vehicles (at simulation time 63.900,000,000 s)
2024-06-04 00:13:03,860 INFO  - Received CAM message from veh_18 (at simulation time 63.900,400,000 s)
2024-06-04 00:13:03,860 INFO  - Received CAM message from veh_37 (at simulation time 63.900,900,000 s)
2024-06-04 00:13:03,861 INFO  - Received CAM message from veh_22 (at simulation time 63.900,900,000 s)
2024-06-04 00:13:03,861 INFO  - Received CAM message from veh_10 (at simulation time 63.900,900,000 s)
2024-06-04 00:13:03,861 INFO  - Received CAM message from veh_14 (at simulation time 63.902,400,000 s)
2024-06-04 00:13:03,861 INFO  - Received CAM message from veh_6 (at simulation time 63.902,400,000 s)
2024-06-04 00:13:03,864 INFO  - Atempting to process queue (at simulation time 64.000,000,000 s)
2024-06-04 00:13:03,864 INFO  - Vehicle is outside the detection area. (at simulation time 64.000,000,000 s)
2024-06-04 00:13:03,864 INFO  - Sent broadcast CAM message to all vehicles (at simulation time 64.000,000,000 s)
2024-06-04 00:13:03,866 INFO  - Received CAM message from veh_37 (at simulation time 64.001,400,000 s)
2024-06-04 00:13:03,866 INFO  - Received CAM message from veh_10 (at simulation time 64.002,400,000 s)
2024-06-04 00:13:03,866 INFO  - Received CAM message from veh_6 (at simulation time 64.002,400,000 s)
2024-06-04 00:13:03,866 INFO  - Atempting to process queue (at simulation time 64.100,000,000 s)
2024-06-04 00:13:03,866 INFO  - Vehicle is outside the detection area. (at simulation time 64.100,000,000 s)
2024-06-04 00:13:03,866 INFO  - Sent broadcast CAM message to all vehicles (at simulation time 64.100,000,000 s)
2024-06-04 00:13:03,867 INFO  - Received CAM message from veh_37 (at simulation time 64.100,400,000 s)
2024-06-04 00:13:03,867 INFO  - Received CAM message from veh_10 (at simulation time 64.101,900,000 s)
2024-06-04 00:13:03,867 INFO  - Received CAM message from veh_6 (at simulation time 64.101,900,000 s)
2024-06-04 00:13:03,867 INFO  - Atempting to process queue (at simulation time 64.200,000,000 s)
2024-06-04 00:13:03,867 INFO  - Vehicle is outside the detection area. (at simulation time 64.200,000,000 s)
2024-06-04 00:13:03,867 INFO  - Sent broadcast CAM message to all vehicles (at simulation time 64.200,000,000 s)
2024-06-04 00:13:03,868 INFO  - Received CAM message from veh_6 (at simulation time 64.200,400,000 s)
2024-06-04 00:13:03,868 INFO  - Received CAM message from veh_10 (at simulation time 64.201,400,000 s)
2024-06-04 00:13:03,868 INFO  - Received CAM message from veh_37 (at simulation time 64.201,900,000 s)
2024-06-04 00:13:03,869 INFO  - Atempting to process queue (at simulation time 64.300,000,000 s)
2024-06-04 00:13:03,869 INFO  - Vehicle is outside the detection area. (at simulation time 64.300,000,000 s)
2024-06-04 00:13:03,869 INFO  - Sent broadcast CAM message to all vehicles (at simulation time 64.300,000,000 s)
2024-06-04 00:13:03,869 INFO  - Received CAM message from veh_37 (at simulation time 64.300,400,000 s)
2024-06-04 00:13:03,869 INFO  - Received CAM message from veh_6 (at simulation time 64.300,900,000 s)
2024-06-04 00:13:03,870 INFO  - Received CAM message from veh_10 (at simulation time 64.302,400,000 s)
2024-06-04 00:13:03,871 INFO  - Atempting to process queue (at simulation time 64.400,000,000 s)
2024-06-04 00:13:03,871 INFO  - Vehicle is outside the detection area. (at simulation time 64.400,000,000 s)
2024-06-04 00:13:03,871 INFO  - Sent broadcast CAM message to all vehicles (at simulation time 64.400,000,000 s)
2024-06-04 00:13:03,871 INFO  - Received CAM message from veh_37 (at simulation time 64.400,400,000 s)
2024-06-04 00:13:03,871 INFO  - Received CAM message from veh_6 (at simulation time 64.400,400,000 s)
2024-06-04 00:13:03,871 INFO  - Received CAM message from veh_10 (at simulation time 64.401,400,000 s)
2024-06-04 00:13:03,872 INFO  - Atempting to process queue (at simulation time 64.500,000,000 s)
2024-06-04 00:13:03,872 INFO  - Vehicle is outside the detection area. (at simulation time 64.500,000,000 s)
2024-06-04 00:13:03,872 INFO  - Sent broadcast CAM message to all vehicles (at simulation time 64.500,000,000 s)
2024-06-04 00:13:03,872 INFO  - Received CAM message from veh_10 (at simulation time 64.501,400,000 s)
2024-06-04 00:13:03,872 INFO  - Received CAM message from veh_37 (at simulation time 64.501,900,000 s)
2024-06-04 00:13:03,872 INFO  - Received CAM message from veh_6 (at simulation time 64.501,900,000 s)
2024-06-04 00:13:03,872 INFO  - Atempting to process queue (at simulation time 64.600,000,000 s)
2024-06-04 00:13:03,872 INFO  - Vehicle is outside the detection area. (at simulation time 64.600,000,000 s)
2024-06-04 00:13:03,872 INFO  - Sent broadcast CAM message to all vehicles (at simulation time 64.600,000,000 s)
2024-06-04 00:13:03,873 INFO  - Received CAM message from veh_6 (at simulation time 64.600,400,000 s)
2024-06-04 00:13:03,873 INFO  - Received CAM message from veh_10 (at simulation time 64.600,900,000 s)
2024-06-04 00:13:03,873 INFO  - Received CAM message from veh_37 (at simulation time 64.601,900,000 s)
2024-06-04 00:13:03,873 INFO  - Atempting to process queue (at simulation time 64.700,000,000 s)
2024-06-04 00:13:03,873 INFO  - Vehicle is outside the detection area. (at simulation time 64.700,000,000 s)
2024-06-04 00:13:03,873 INFO  - Sent broadcast CAM message to all vehicles (at simulation time 64.700,000,000 s)
2024-06-04 00:13:03,874 INFO  - Received CAM message from veh_37 (at simulation time 64.700,400,000 s)
2024-06-04 00:13:03,874 INFO  - Received CAM message from veh_6 (at simulation time 64.700,400,000 s)
2024-06-04 00:13:03,875 INFO  - Received CAM message from veh_10 (at simulation time 64.702,400,000 s)
2024-06-04 00:13:03,875 INFO  - Atempting to process queue (at simulation time 64.800,000,000 s)
2024-06-04 00:13:03,875 INFO  - Vehicle is outside the detection area. (at simulation time 64.800,000,000 s)
2024-06-04 00:13:03,875 INFO  - Sent broadcast CAM message to all vehicles (at simulation time 64.800,000,000 s)
2024-06-04 00:13:03,875 INFO  - Received CAM message from veh_10 (at simulation time 64.800,400,000 s)
2024-06-04 00:13:03,875 INFO  - Received CAM message from veh_37 (at simulation time 64.800,900,000 s)
2024-06-04 00:13:03,875 INFO  - Received CAM message from veh_6 (at simulation time 64.801,900,000 s)
2024-06-04 00:13:03,875 INFO  - Atempting to process queue (at simulation time 64.900,000,000 s)
2024-06-04 00:13:03,875 INFO  - Vehicle is outside the detection area. (at simulation time 64.900,000,000 s)
2024-06-04 00:13:03,875 INFO  - Sent broadcast CAM message to all vehicles (at simulation time 64.900,000,000 s)
2024-06-04 00:13:03,876 INFO  - Received CAM message from veh_37 (at simulation time 64.900,900,000 s)
2024-06-04 00:13:03,876 INFO  - Received CAM message from veh_6 (at simulation time 64.900,900,000 s)
2024-06-04 00:13:03,876 INFO  - Received CAM message from veh_10 (at simulation time 64.901,900,000 s)
2024-06-04 00:13:03,880 INFO  - Atempting to process queue (at simulation time 65.000,000,000 s)
2024-06-04 00:13:03,880 INFO  - Vehicle is outside the detection area. (at simulation time 65.000,000,000 s)
2024-06-04 00:13:03,880 INFO  - Sent broadcast CAM message to all vehicles (at simulation time 65.000,000,000 s)
2024-06-04 00:13:03,882 INFO  - Atempting to process queue (at simulation time 65.100,000,000 s)
2024-06-04 00:13:03,882 INFO  - Vehicle is outside the detection area. (at simulation time 65.100,000,000 s)
2024-06-04 00:13:03,882 INFO  - Sent broadcast CAM message to all vehicles (at simulation time 65.100,000,000 s)
2024-06-04 00:13:03,883 INFO  - Atempting to process queue (at simulation time 65.200,000,000 s)
2024-06-04 00:13:03,883 INFO  - Vehicle is outside the detection area. (at simulation time 65.200,000,000 s)
2024-06-04 00:13:03,883 INFO  - Sent broadcast CAM message to all vehicles (at simulation time 65.200,000,000 s)
2024-06-04 00:13:03,884 INFO  - Atempting to process queue (at simulation time 65.300,000,000 s)
2024-06-04 00:13:03,884 INFO  - Vehicle is outside the detection area. (at simulation time 65.300,000,000 s)
2024-06-04 00:13:03,884 INFO  - Sent broadcast CAM message to all vehicles (at simulation time 65.300,000,000 s)
2024-06-04 00:13:03,886 INFO  - Atempting to process queue (at simulation time 65.400,000,000 s)
2024-06-04 00:13:03,886 INFO  - Vehicle is outside the detection area. (at simulation time 65.400,000,000 s)
2024-06-04 00:13:03,886 INFO  - Sent broadcast CAM message to all vehicles (at simulation time 65.400,000,000 s)
2024-06-04 00:13:03,887 INFO  - Atempting to process queue (at simulation time 65.500,000,000 s)
2024-06-04 00:13:03,887 INFO  - Vehicle is outside the detection area. (at simulation time 65.500,000,000 s)
2024-06-04 00:13:03,887 INFO  - Sent broadcast CAM message to all vehicles (at simulation time 65.500,000,000 s)
2024-06-04 00:13:03,888 INFO  - Atempting to process queue (at simulation time 65.600,000,000 s)
2024-06-04 00:13:03,888 INFO  - Vehicle is outside the detection area. (at simulation time 65.600,000,000 s)
2024-06-04 00:13:03,888 INFO  - Sent broadcast CAM message to all vehicles (at simulation time 65.600,000,000 s)
2024-06-04 00:13:03,890 INFO  - Atempting to process queue (at simulation time 65.700,000,000 s)
2024-06-04 00:13:03,890 INFO  - Vehicle is outside the detection area. (at simulation time 65.700,000,000 s)
2024-06-04 00:13:03,890 INFO  - Sent broadcast CAM message to all vehicles (at simulation time 65.700,000,000 s)
2024-06-04 00:13:03,893 INFO  - Atempting to process queue (at simulation time 65.800,000,000 s)
2024-06-04 00:13:03,893 INFO  - Vehicle is outside the detection area. (at simulation time 65.800,000,000 s)
2024-06-04 00:13:03,893 INFO  - Sent broadcast CAM message to all vehicles (at simulation time 65.800,000,000 s)
2024-06-04 00:13:03,894 INFO  - Atempting to process queue (at simulation time 65.900,000,000 s)
2024-06-04 00:13:03,894 INFO  - Vehicle is outside the detection area. (at simulation time 65.900,000,000 s)
2024-06-04 00:13:03,894 INFO  - Sent broadcast CAM message to all vehicles (at simulation time 65.900,000,000 s)
2024-06-04 00:13:03,897 INFO  - Vehicle is outside the detection area. (at simulation time 66.000,000,000 s)
2024-06-04 00:13:03,897 INFO  - Sent broadcast CAM message to all vehicles (at simulation time 66.000,000,000 s)
2024-06-04 00:13:03,899 INFO  - Vehicle is outside the detection area. (at simulation time 66.100,000,000 s)
2024-06-04 00:13:03,899 INFO  - Sent broadcast CAM message to all vehicles (at simulation time 66.100,000,000 s)
2024-06-04 00:13:03,900 INFO  - Vehicle is outside the detection area. (at simulation time 66.200,000,000 s)
2024-06-04 00:13:03,900 INFO  - Sent broadcast CAM message to all vehicles (at simulation time 66.200,000,000 s)
2024-06-04 00:13:03,902 INFO  - Vehicle is outside the detection area. (at simulation time 66.300,000,000 s)
2024-06-04 00:13:03,902 INFO  - Sent broadcast CAM message to all vehicles (at simulation time 66.300,000,000 s)
2024-06-04 00:13:03,905 INFO  - Vehicle is outside the detection area. (at simulation time 66.400,000,000 s)
2024-06-04 00:13:03,905 INFO  - Sent broadcast CAM message to all vehicles (at simulation time 66.400,000,000 s)
2024-06-04 00:13:03,906 INFO  - Vehicle is outside the detection area. (at simulation time 66.500,000,000 s)
2024-06-04 00:13:03,906 INFO  - Sent broadcast CAM message to all vehicles (at simulation time 66.500,000,000 s)
2024-06-04 00:13:03,908 INFO  - Vehicle is outside the detection area. (at simulation time 66.600,000,000 s)
2024-06-04 00:13:03,908 INFO  - Sent broadcast CAM message to all vehicles (at simulation time 66.600,000,000 s)
2024-06-04 00:13:03,910 INFO  - Vehicle is outside the detection area. (at simulation time 66.700,000,000 s)
2024-06-04 00:13:03,910 INFO  - Sent broadcast CAM message to all vehicles (at simulation time 66.700,000,000 s)
2024-06-04 00:13:03,911 INFO  - Vehicle is outside the detection area. (at simulation time 66.800,000,000 s)
2024-06-04 00:13:03,911 INFO  - Sent broadcast CAM message to all vehicles (at simulation time 66.800,000,000 s)
2024-06-04 00:13:03,912 INFO  - Vehicle is outside the detection area. (at simulation time 66.900,000,000 s)
2024-06-04 00:13:03,912 INFO  - Sent broadcast CAM message to all vehicles (at simulation time 66.900,000,000 s)
2024-06-04 00:13:04,024 INFO  - Vehicle is outside the detection area. (at simulation time 67.000,000,000 s)
2024-06-04 00:13:04,024 INFO  - Sent broadcast CAM message to all vehicles (at simulation time 67.000,000,000 s)
2024-06-04 00:13:04,026 INFO  - Vehicle is outside the detection area. (at simulation time 67.100,000,000 s)
2024-06-04 00:13:04,026 INFO  - Sent broadcast CAM message to all vehicles (at simulation time 67.100,000,000 s)
2024-06-04 00:13:04,027 INFO  - Vehicle is outside the detection area. (at simulation time 67.200,000,000 s)
2024-06-04 00:13:04,027 INFO  - Sent broadcast CAM message to all vehicles (at simulation time 67.200,000,000 s)
2024-06-04 00:13:04,028 INFO  - Vehicle is outside the detection area. (at simulation time 67.300,000,000 s)
2024-06-04 00:13:04,028 INFO  - Sent broadcast CAM message to all vehicles (at simulation time 67.300,000,000 s)
2024-06-04 00:13:04,029 INFO  - Vehicle is outside the detection area. (at simulation time 67.400,000,000 s)
2024-06-04 00:13:04,029 INFO  - Sent broadcast CAM message to all vehicles (at simulation time 67.400,000,000 s)
2024-06-04 00:13:04,030 INFO  - Vehicle is outside the detection area. (at simulation time 67.500,000,000 s)
2024-06-04 00:13:04,030 INFO  - Sent broadcast CAM message to all vehicles (at simulation time 67.500,000,000 s)
2024-06-04 00:13:04,032 INFO  - Vehicle is outside the detection area. (at simulation time 67.600,000,000 s)
2024-06-04 00:13:04,032 INFO  - Sent broadcast CAM message to all vehicles (at simulation time 67.600,000,000 s)
2024-06-04 00:13:04,036 INFO  - Vehicle is outside the detection area. (at simulation time 67.700,000,000 s)
2024-06-04 00:13:04,036 INFO  - Sent broadcast CAM message to all vehicles (at simulation time 67.700,000,000 s)
2024-06-04 00:13:04,038 INFO  - Vehicle is outside the detection area. (at simulation time 67.800,000,000 s)
2024-06-04 00:13:04,038 INFO  - Sent broadcast CAM message to all vehicles (at simulation time 67.800,000,000 s)
2024-06-04 00:13:04,040 INFO  - Vehicle is outside the detection area. (at simulation time 67.900,000,000 s)
2024-06-04 00:13:04,040 INFO  - Sent broadcast CAM message to all vehicles (at simulation time 67.900,000,000 s)
2024-06-04 00:13:04,045 INFO  - Vehicle is outside the detection area. (at simulation time 68.000,000,000 s)
2024-06-04 00:13:04,045 INFO  - Sent broadcast CAM message to all vehicles (at simulation time 68.000,000,000 s)
2024-06-04 00:13:04,047 INFO  - Vehicle is outside the detection area. (at simulation time 68.100,000,000 s)
2024-06-04 00:13:04,047 INFO  - Sent broadcast CAM message to all vehicles (at simulation time 68.100,000,000 s)
2024-06-04 00:13:04,048 INFO  - Vehicle is outside the detection area. (at simulation time 68.200,000,000 s)
2024-06-04 00:13:04,048 INFO  - Sent broadcast CAM message to all vehicles (at simulation time 68.200,000,000 s)
2024-06-04 00:13:04,049 INFO  - Vehicle is outside the detection area. (at simulation time 68.300,000,000 s)
2024-06-04 00:13:04,049 INFO  - Sent broadcast CAM message to all vehicles (at simulation time 68.300,000,000 s)
2024-06-04 00:13:04,050 INFO  - Vehicle is outside the detection area. (at simulation time 68.400,000,000 s)
2024-06-04 00:13:04,050 INFO  - Sent broadcast CAM message to all vehicles (at simulation time 68.400,000,000 s)
2024-06-04 00:13:04,051 INFO  - Vehicle is outside the detection area. (at simulation time 68.500,000,000 s)
2024-06-04 00:13:04,051 INFO  - Sent broadcast CAM message to all vehicles (at simulation time 68.500,000,000 s)
2024-06-04 00:13:04,052 INFO  - Vehicle is outside the detection area. (at simulation time 68.600,000,000 s)
2024-06-04 00:13:04,052 INFO  - Sent broadcast CAM message to all vehicles (at simulation time 68.600,000,000 s)
2024-06-04 00:13:04,053 INFO  - Vehicle is outside the detection area. (at simulation time 68.700,000,000 s)
2024-06-04 00:13:04,053 INFO  - Sent broadcast CAM message to all vehicles (at simulation time 68.700,000,000 s)
2024-06-04 00:13:04,054 INFO  - Vehicle is outside the detection area. (at simulation time 68.800,000,000 s)
2024-06-04 00:13:04,054 INFO  - Sent broadcast CAM message to all vehicles (at simulation time 68.800,000,000 s)
2024-06-04 00:13:04,055 INFO  - Vehicle is outside the detection area. (at simulation time 68.900,000,000 s)
2024-06-04 00:13:04,055 INFO  - Sent broadcast CAM message to all vehicles (at simulation time 68.900,000,000 s)
2024-06-04 00:13:04,058 INFO  - Vehicle is outside the detection area. (at simulation time 69.000,000,000 s)
2024-06-04 00:13:04,058 INFO  - Sent broadcast CAM message to all vehicles (at simulation time 69.000,000,000 s)
2024-06-04 00:13:04,060 INFO  - Vehicle is outside the detection area. (at simulation time 69.100,000,000 s)
2024-06-04 00:13:04,060 INFO  - Sent broadcast CAM message to all vehicles (at simulation time 69.100,000,000 s)
2024-06-04 00:13:04,061 INFO  - Vehicle is outside the detection area. (at simulation time 69.200,000,000 s)
2024-06-04 00:13:04,061 INFO  - Sent broadcast CAM message to all vehicles (at simulation time 69.200,000,000 s)
2024-06-04 00:13:04,063 INFO  - Vehicle is outside the detection area. (at simulation time 69.300,000,000 s)
2024-06-04 00:13:04,063 INFO  - Sent broadcast CAM message to all vehicles (at simulation time 69.300,000,000 s)
2024-06-04 00:13:04,065 INFO  - Vehicle is outside the detection area. (at simulation time 69.400,000,000 s)
2024-06-04 00:13:04,065 INFO  - Sent broadcast CAM message to all vehicles (at simulation time 69.400,000,000 s)
2024-06-04 00:13:04,067 INFO  - Vehicle is outside the detection area. (at simulation time 69.500,000,000 s)
2024-06-04 00:13:04,067 INFO  - Sent broadcast CAM message to all vehicles (at simulation time 69.500,000,000 s)
2024-06-04 00:13:04,069 INFO  - Vehicle is outside the detection area. (at simulation time 69.600,000,000 s)
2024-06-04 00:13:04,069 INFO  - Sent broadcast CAM message to all vehicles (at simulation time 69.600,000,000 s)
2024-06-04 00:13:04,071 INFO  - Vehicle is outside the detection area. (at simulation time 69.700,000,000 s)
2024-06-04 00:13:04,071 INFO  - Sent broadcast CAM message to all vehicles (at simulation time 69.700,000,000 s)
2024-06-04 00:13:04,072 INFO  - Vehicle is outside the detection area. (at simulation time 69.800,000,000 s)
2024-06-04 00:13:04,072 INFO  - Sent broadcast CAM message to all vehicles (at simulation time 69.800,000,000 s)
2024-06-04 00:13:04,073 INFO  - Vehicle is outside the detection area. (at simulation time 69.900,000,000 s)
2024-06-04 00:13:04,073 INFO  - Sent broadcast CAM message to all vehicles (at simulation time 69.900,000,000 s)
2024-06-04 00:13:04,077 INFO  - Shutdown application (at simulation time 70.000,000,000 s)
