2024-06-04 00:13:02,315 INFO  - Initialize application (at simulation time 13.000,000,000 s)
2024-06-04 00:13:02,316 INFO  - Activated WLAN Module (at simulation time 13.000,000,000 s)
2024-06-04 00:13:02,316 INFO  - Vehicle is outside the detection area. (at simulation time 13.000,000,000 s)
2024-06-04 00:13:02,316 INFO  - Sent broadcast CAM message to all vehicles (at simulation time 13.000,000,000 s)
2024-06-04 00:13:02,319 INFO  - Vehicle is outside the detection area. (at simulation time 13.100,000,000 s)
2024-06-04 00:13:02,320 INFO  - Sent broadcast CAM message to all vehicles (at simulation time 13.100,000,000 s)
2024-06-04 00:13:02,321 INFO  - Vehicle is outside the detection area. (at simulation time 13.200,000,000 s)
2024-06-04 00:13:02,321 INFO  - Sent broadcast CAM message to all vehicles (at simulation time 13.200,000,000 s)
2024-06-04 00:13:02,322 INFO  - Vehicle is outside the detection area. (at simulation time 13.300,000,000 s)
2024-06-04 00:13:02,322 INFO  - Sent broadcast CAM message to all vehicles (at simulation time 13.300,000,000 s)
2024-06-04 00:13:02,323 INFO  - Vehicle is outside the detection area. (at simulation time 13.400,000,000 s)
2024-06-04 00:13:02,323 INFO  - Sent broadcast CAM message to all vehicles (at simulation time 13.400,000,000 s)
2024-06-04 00:13:02,325 INFO  - Vehicle is outside the detection area. (at simulation time 13.500,000,000 s)
2024-06-04 00:13:02,325 INFO  - Sent broadcast CAM message to all vehicles (at simulation time 13.500,000,000 s)
2024-06-04 00:13:02,326 INFO  - Vehicle is outside the detection area. (at simulation time 13.600,000,000 s)
2024-06-04 00:13:02,326 INFO  - Sent broadcast CAM message to all vehicles (at simulation time 13.600,000,000 s)
2024-06-04 00:13:02,328 INFO  - Vehicle is outside the detection area. (at simulation time 13.700,000,000 s)
2024-06-04 00:13:02,328 INFO  - Sent broadcast CAM message to all vehicles (at simulation time 13.700,000,000 s)
2024-06-04 00:13:02,329 INFO  - Vehicle is outside the detection area. (at simulation time 13.800,000,000 s)
2024-06-04 00:13:02,329 INFO  - Sent broadcast CAM message to all vehicles (at simulation time 13.800,000,000 s)
2024-06-04 00:13:02,330 INFO  - Vehicle is outside the detection area. (at simulation time 13.900,000,000 s)
2024-06-04 00:13:02,330 INFO  - Sent broadcast CAM message to all vehicles (at simulation time 13.900,000,000 s)
2024-06-04 00:13:02,337 INFO  - Vehicle is outside the detection area. (at simulation time 14.000,000,000 s)
2024-06-04 00:13:02,337 INFO  - Sent broadcast CAM message to all vehicles (at simulation time 14.000,000,000 s)
2024-06-04 00:13:02,339 INFO  - Vehicle is outside the detection area. (at simulation time 14.100,000,000 s)
2024-06-04 00:13:02,339 INFO  - Sent broadcast CAM message to all vehicles (at simulation time 14.100,000,000 s)
2024-06-04 00:13:02,339 INFO  - Received CAM message from veh_9 (at simulation time 14.100,400,000 s)
2024-06-04 00:13:02,340 INFO  - Atempting to process queue (at simulation time 14.200,000,000 s)
2024-06-04 00:13:02,340 INFO  - Vehicle is outside the detection area. (at simulation time 14.200,000,000 s)
2024-06-04 00:13:02,340 INFO  - Sent broadcast CAM message to all vehicles (at simulation time 14.200,000,000 s)
2024-06-04 00:13:02,341 INFO  - Received CAM message from veh_9 (at simulation time 14.200,400,000 s)
2024-06-04 00:13:02,341 INFO  - Atempting to process queue (at simulation time 14.300,000,000 s)
2024-06-04 00:13:02,341 INFO  - Vehicle is outside the detection area. (at simulation time 14.300,000,000 s)
2024-06-04 00:13:02,341 INFO  - Sent broadcast CAM message to all vehicles (at simulation time 14.300,000,000 s)
2024-06-04 00:13:02,342 INFO  - Received CAM message from veh_9 (at simulation time 14.302,400,000 s)
2024-06-04 00:13:02,343 INFO  - Atempting to process queue (at simulation time 14.400,000,000 s)
2024-06-04 00:13:02,343 INFO  - Vehicle is outside the detection area. (at simulation time 14.400,000,000 s)
2024-06-04 00:13:02,343 INFO  - Sent broadcast CAM message to all vehicles (at simulation time 14.400,000,000 s)
2024-06-04 00:13:02,343 INFO  - Received CAM message from veh_9 (at simulation time 14.400,900,000 s)
2024-06-04 00:13:02,344 INFO  - Atempting to process queue (at simulation time 14.500,000,000 s)
2024-06-04 00:13:02,344 INFO  - Vehicle is outside the detection area. (at simulation time 14.500,000,000 s)
2024-06-04 00:13:02,344 INFO  - Sent broadcast CAM message to all vehicles (at simulation time 14.500,000,000 s)
2024-06-04 00:13:02,345 INFO  - Received CAM message from veh_9 (at simulation time 14.502,400,000 s)
2024-06-04 00:13:02,345 INFO  - Atempting to process queue (at simulation time 14.600,000,000 s)
2024-06-04 00:13:02,345 INFO  - Vehicle is outside the detection area. (at simulation time 14.600,000,000 s)
2024-06-04 00:13:02,345 INFO  - Sent broadcast CAM message to all vehicles (at simulation time 14.600,000,000 s)
2024-06-04 00:13:02,346 INFO  - Received CAM message from veh_9 (at simulation time 14.602,400,000 s)
2024-06-04 00:13:02,346 INFO  - Atempting to process queue (at simulation time 14.700,000,000 s)
2024-06-04 00:13:02,346 INFO  - Vehicle is outside the detection area. (at simulation time 14.700,000,000 s)
2024-06-04 00:13:02,346 INFO  - Sent broadcast CAM message to all vehicles (at simulation time 14.700,000,000 s)
2024-06-04 00:13:02,347 INFO  - Received CAM message from veh_9 (at simulation time 14.701,900,000 s)
2024-06-04 00:13:02,348 INFO  - Atempting to process queue (at simulation time 14.800,000,000 s)
2024-06-04 00:13:02,348 INFO  - Vehicle is outside the detection area. (at simulation time 14.800,000,000 s)
2024-06-04 00:13:02,348 INFO  - Sent broadcast CAM message to all vehicles (at simulation time 14.800,000,000 s)
2024-06-04 00:13:02,349 INFO  - Received CAM message from veh_9 (at simulation time 14.802,400,000 s)
2024-06-04 00:13:02,349 INFO  - Atempting to process queue (at simulation time 14.900,000,000 s)
2024-06-04 00:13:02,349 INFO  - Vehicle is outside the detection area. (at simulation time 14.900,000,000 s)
2024-06-04 00:13:02,349 INFO  - Sent broadcast CAM message to all vehicles (at simulation time 14.900,000,000 s)
2024-06-04 00:13:02,350 INFO  - Received CAM message from veh_9 (at simulation time 14.902,400,000 s)
2024-06-04 00:13:02,361 INFO  - Atempting to process queue (at simulation time 15.000,000,000 s)
2024-06-04 00:13:02,361 INFO  - Vehicle is inside the detection area. (at simulation time 15.000,000,000 s)
2024-06-04 00:13:02,361 INFO  - Vehicle is too far away from the traffic light. (at simulation time 15.000,000,000 s)
2024-06-04 00:13:02,361 INFO  - Neither the RSU nor any vehicle is in range. (at simulation time 15.000,000,000 s)
2024-06-04 00:13:02,361 INFO  - Sent broadcast CAM message to all vehicles (at simulation time 15.000,000,000 s)
2024-06-04 00:13:02,363 INFO  - Received CAM message from veh_9 (at simulation time 15.000,900,000 s)
2024-06-04 00:13:02,363 INFO  - Atempting to process queue (at simulation time 15.100,000,000 s)
2024-06-04 00:13:02,363 INFO  - Vehicle is inside the detection area. (at simulation time 15.100,000,000 s)
2024-06-04 00:13:02,363 INFO  - Vehicle is too far away from the traffic light. (at simulation time 15.100,000,000 s)
2024-06-04 00:13:02,364 INFO  - Neither the RSU nor any vehicle is in range. (at simulation time 15.100,000,000 s)
2024-06-04 00:13:02,367 INFO  - Sent broadcast CAM message to all vehicles (at simulation time 15.100,000,000 s)
2024-06-04 00:13:02,369 INFO  - Received CAM message from veh_9 (at simulation time 15.100,400,000 s)
2024-06-04 00:13:02,370 INFO  - Atempting to process queue (at simulation time 15.200,000,000 s)
2024-06-04 00:13:02,370 INFO  - Vehicle is inside the detection area. (at simulation time 15.200,000,000 s)
2024-06-04 00:13:02,370 INFO  - Vehicle is too far away from the traffic light. (at simulation time 15.200,000,000 s)
2024-06-04 00:13:02,370 INFO  - Neither the RSU nor any vehicle is in range. (at simulation time 15.200,000,000 s)
2024-06-04 00:13:02,370 INFO  - Sent broadcast CAM message to all vehicles (at simulation time 15.200,000,000 s)
2024-06-04 00:13:02,371 INFO  - Received CAM message from veh_9 (at simulation time 15.200,400,000 s)
2024-06-04 00:13:02,372 INFO  - Atempting to process queue (at simulation time 15.300,000,000 s)
2024-06-04 00:13:02,372 INFO  - Vehicle is inside the detection area. (at simulation time 15.300,000,000 s)
2024-06-04 00:13:02,372 INFO  - Vehicle is too far away from the traffic light. (at simulation time 15.300,000,000 s)
2024-06-04 00:13:02,372 INFO  - Neither the RSU nor any vehicle is in range. (at simulation time 15.300,000,000 s)
2024-06-04 00:13:02,372 INFO  - Sent broadcast CAM message to all vehicles (at simulation time 15.300,000,000 s)
2024-06-04 00:13:02,378 INFO  - Received CAM message from veh_9 (at simulation time 15.301,900,000 s)
2024-06-04 00:13:02,379 INFO  - Atempting to process queue (at simulation time 15.400,000,000 s)
2024-06-04 00:13:02,379 INFO  - Vehicle is inside the detection area. (at simulation time 15.400,000,000 s)
2024-06-04 00:13:02,379 INFO  - Vehicle is too far away from the traffic light. (at simulation time 15.400,000,000 s)
2024-06-04 00:13:02,379 INFO  - Neither the RSU nor any vehicle is in range. (at simulation time 15.400,000,000 s)
2024-06-04 00:13:02,379 INFO  - Sent broadcast CAM message to all vehicles (at simulation time 15.400,000,000 s)
2024-06-04 00:13:02,381 INFO  - Received CAM message from veh_9 (at simulation time 15.401,400,000 s)
2024-06-04 00:13:02,381 INFO  - Atempting to process queue (at simulation time 15.500,000,000 s)
2024-06-04 00:13:02,381 INFO  - Vehicle is inside the detection area. (at simulation time 15.500,000,000 s)
2024-06-04 00:13:02,381 INFO  - Vehicle is too far away from the traffic light. (at simulation time 15.500,000,000 s)
2024-06-04 00:13:02,381 INFO  - Neither the RSU nor any vehicle is in range. (at simulation time 15.500,000,000 s)
2024-06-04 00:13:02,381 INFO  - Sent broadcast CAM message to all vehicles (at simulation time 15.500,000,000 s)
2024-06-04 00:13:02,382 INFO  - Received CAM message from veh_9 (at simulation time 15.500,400,000 s)
2024-06-04 00:13:02,383 INFO  - Atempting to process queue (at simulation time 15.600,000,000 s)
2024-06-04 00:13:02,383 INFO  - Vehicle is inside the detection area. (at simulation time 15.600,000,000 s)
2024-06-04 00:13:02,383 INFO  - Vehicle is too far away from the traffic light. (at simulation time 15.600,000,000 s)
2024-06-04 00:13:02,383 INFO  - Neither the RSU nor any vehicle is in range. (at simulation time 15.600,000,000 s)
2024-06-04 00:13:02,383 INFO  - Sent broadcast CAM message to all vehicles (at simulation time 15.600,000,000 s)
2024-06-04 00:13:02,385 INFO  - Received CAM message from veh_9 (at simulation time 15.601,400,000 s)
2024-06-04 00:13:02,385 INFO  - Atempting to process queue (at simulation time 15.700,000,000 s)
2024-06-04 00:13:02,385 INFO  - Vehicle is inside the detection area. (at simulation time 15.700,000,000 s)
2024-06-04 00:13:02,385 INFO  - Vehicle is too far away from the traffic light. (at simulation time 15.700,000,000 s)
2024-06-04 00:13:02,385 INFO  - Neither the RSU nor any vehicle is in range. (at simulation time 15.700,000,000 s)
2024-06-04 00:13:02,385 INFO  - Sent broadcast CAM message to all vehicles (at simulation time 15.700,000,000 s)
2024-06-04 00:13:02,387 INFO  - Received CAM message from veh_9 (at simulation time 15.700,900,000 s)
2024-06-04 00:13:02,388 INFO  - Atempting to process queue (at simulation time 15.800,000,000 s)
2024-06-04 00:13:02,388 INFO  - Vehicle is inside the detection area. (at simulation time 15.800,000,000 s)
2024-06-04 00:13:02,388 INFO  - Vehicle is too far away from the traffic light. (at simulation time 15.800,000,000 s)
2024-06-04 00:13:02,388 INFO  - Neither the RSU nor any vehicle is in range. (at simulation time 15.800,000,000 s)
2024-06-04 00:13:02,388 INFO  - Sent broadcast CAM message to all vehicles (at simulation time 15.800,000,000 s)
2024-06-04 00:13:02,390 INFO  - Received CAM message from veh_9 (at simulation time 15.801,400,000 s)
2024-06-04 00:13:02,391 INFO  - Atempting to process queue (at simulation time 15.900,000,000 s)
2024-06-04 00:13:02,391 INFO  - Vehicle is inside the detection area. (at simulation time 15.900,000,000 s)
2024-06-04 00:13:02,391 INFO  - Vehicle is too far away from the traffic light. (at simulation time 15.900,000,000 s)
2024-06-04 00:13:02,391 INFO  - Neither the RSU nor any vehicle is in range. (at simulation time 15.900,000,000 s)
2024-06-04 00:13:02,391 INFO  - Sent broadcast CAM message to all vehicles (at simulation time 15.900,000,000 s)
2024-06-04 00:13:02,393 INFO  - Received CAM message from veh_9 (at simulation time 15.902,400,000 s)
2024-06-04 00:13:02,399 INFO  - Atempting to process queue (at simulation time 16.000,000,000 s)
2024-06-04 00:13:02,399 INFO  - Vehicle is inside the detection area. (at simulation time 16.000,000,000 s)
2024-06-04 00:13:02,399 INFO  - Vehicle is too far away from the traffic light. (at simulation time 16.000,000,000 s)
2024-06-04 00:13:02,399 INFO  - Neither the RSU nor any vehicle is in range. (at simulation time 16.000,000,000 s)
2024-06-04 00:13:02,399 INFO  - Sent broadcast CAM message to all vehicles (at simulation time 16.000,000,000 s)
2024-06-04 00:13:02,400 INFO  - Received CAM message from veh_9 (at simulation time 16.000,900,000 s)
2024-06-04 00:13:02,400 INFO  - Atempting to process queue (at simulation time 16.100,000,000 s)
2024-06-04 00:13:02,401 INFO  - Vehicle is inside the detection area. (at simulation time 16.100,000,000 s)
2024-06-04 00:13:02,401 INFO  - Vehicle is too far away from the traffic light. (at simulation time 16.100,000,000 s)
2024-06-04 00:13:02,401 INFO  - Neither the RSU nor any vehicle is in range. (at simulation time 16.100,000,000 s)
2024-06-04 00:13:02,401 INFO  - Sent broadcast CAM message to all vehicles (at simulation time 16.100,000,000 s)
2024-06-04 00:13:02,402 INFO  - Received CAM message from veh_9 (at simulation time 16.101,400,000 s)
2024-06-04 00:13:02,403 INFO  - Atempting to process queue (at simulation time 16.200,000,000 s)
2024-06-04 00:13:02,403 INFO  - Vehicle is inside the detection area. (at simulation time 16.200,000,000 s)
2024-06-04 00:13:02,403 INFO  - Vehicle is too far away from the traffic light. (at simulation time 16.200,000,000 s)
2024-06-04 00:13:02,403 INFO  - Neither the RSU nor any vehicle is in range. (at simulation time 16.200,000,000 s)
2024-06-04 00:13:02,403 INFO  - Sent broadcast CAM message to all vehicles (at simulation time 16.200,000,000 s)
2024-06-04 00:13:02,404 INFO  - Received CAM message from veh_9 (at simulation time 16.201,400,000 s)
2024-06-04 00:13:02,405 INFO  - Atempting to process queue (at simulation time 16.300,000,000 s)
2024-06-04 00:13:02,405 INFO  - Vehicle is inside the detection area. (at simulation time 16.300,000,000 s)
2024-06-04 00:13:02,405 INFO  - Vehicle is too far away from the traffic light. (at simulation time 16.300,000,000 s)
2024-06-04 00:13:02,405 INFO  - Neither the RSU nor any vehicle is in range. (at simulation time 16.300,000,000 s)
2024-06-04 00:13:02,405 INFO  - Sent broadcast CAM message to all vehicles (at simulation time 16.300,000,000 s)
2024-06-04 00:13:02,406 INFO  - Received CAM message from veh_9 (at simulation time 16.301,400,000 s)
2024-06-04 00:13:02,407 INFO  - Atempting to process queue (at simulation time 16.400,000,000 s)
2024-06-04 00:13:02,407 INFO  - Vehicle is inside the detection area. (at simulation time 16.400,000,000 s)
2024-06-04 00:13:02,407 INFO  - Vehicle is too far away from the traffic light. (at simulation time 16.400,000,000 s)
2024-06-04 00:13:02,407 INFO  - Neither the RSU nor any vehicle is in range. (at simulation time 16.400,000,000 s)
2024-06-04 00:13:02,407 INFO  - Sent broadcast CAM message to all vehicles (at simulation time 16.400,000,000 s)
2024-06-04 00:13:02,409 INFO  - Received CAM message from veh_9 (at simulation time 16.400,900,000 s)
2024-06-04 00:13:02,409 INFO  - Atempting to process queue (at simulation time 16.500,000,000 s)
2024-06-04 00:13:02,409 INFO  - Vehicle is inside the detection area. (at simulation time 16.500,000,000 s)
2024-06-04 00:13:02,409 INFO  - Vehicle is too far away from the traffic light. (at simulation time 16.500,000,000 s)
2024-06-04 00:13:02,409 INFO  - Neither the RSU nor any vehicle is in range. (at simulation time 16.500,000,000 s)
2024-06-04 00:13:02,409 INFO  - Sent broadcast CAM message to all vehicles (at simulation time 16.500,000,000 s)
2024-06-04 00:13:02,410 INFO  - Received CAM message from veh_9 (at simulation time 16.500,900,000 s)
2024-06-04 00:13:02,411 INFO  - Atempting to process queue (at simulation time 16.600,000,000 s)
2024-06-04 00:13:02,411 INFO  - Vehicle is inside the detection area. (at simulation time 16.600,000,000 s)
2024-06-04 00:13:02,411 INFO  - Vehicle is too far away from the traffic light. (at simulation time 16.600,000,000 s)
2024-06-04 00:13:02,411 INFO  - Neither the RSU nor any vehicle is in range. (at simulation time 16.600,000,000 s)
2024-06-04 00:13:02,411 INFO  - Sent broadcast CAM message to all vehicles (at simulation time 16.600,000,000 s)
2024-06-04 00:13:02,412 INFO  - Received CAM message from veh_9 (at simulation time 16.600,400,000 s)
2024-06-04 00:13:02,413 INFO  - Atempting to process queue (at simulation time 16.700,000,000 s)
2024-06-04 00:13:02,413 INFO  - Vehicle is inside the detection area. (at simulation time 16.700,000,000 s)
2024-06-04 00:13:02,413 INFO  - Vehicle is too far away from the traffic light. (at simulation time 16.700,000,000 s)
2024-06-04 00:13:02,413 INFO  - Neither the RSU nor any vehicle is in range. (at simulation time 16.700,000,000 s)
2024-06-04 00:13:02,413 INFO  - Sent broadcast CAM message to all vehicles (at simulation time 16.700,000,000 s)
2024-06-04 00:13:02,414 INFO  - Received CAM message from veh_9 (at simulation time 16.701,400,000 s)
2024-06-04 00:13:02,414 INFO  - Atempting to process queue (at simulation time 16.800,000,000 s)
2024-06-04 00:13:02,414 INFO  - Vehicle is inside the detection area. (at simulation time 16.800,000,000 s)
2024-06-04 00:13:02,414 INFO  - Vehicle is too far away from the traffic light. (at simulation time 16.800,000,000 s)
2024-06-04 00:13:02,414 INFO  - Neither the RSU nor any vehicle is in range. (at simulation time 16.800,000,000 s)
2024-06-04 00:13:02,414 INFO  - Sent broadcast CAM message to all vehicles (at simulation time 16.800,000,000 s)
2024-06-04 00:13:02,415 INFO  - Received CAM message from veh_9 (at simulation time 16.802,400,000 s)
2024-06-04 00:13:02,416 INFO  - Atempting to process queue (at simulation time 16.900,000,000 s)
2024-06-04 00:13:02,416 INFO  - Vehicle is inside the detection area. (at simulation time 16.900,000,000 s)
2024-06-04 00:13:02,416 INFO  - Vehicle is too far away from the traffic light. (at simulation time 16.900,000,000 s)
2024-06-04 00:13:02,416 INFO  - Neither the RSU nor any vehicle is in range. (at simulation time 16.900,000,000 s)
2024-06-04 00:13:02,416 INFO  - Sent broadcast CAM message to all vehicles (at simulation time 16.900,000,000 s)
2024-06-04 00:13:02,416 INFO  - Received CAM message from veh_9 (at simulation time 16.900,900,000 s)
2024-06-04 00:13:02,421 INFO  - Atempting to process queue (at simulation time 17.000,000,000 s)
2024-06-04 00:13:02,422 INFO  - Vehicle is inside the detection area. (at simulation time 17.000,000,000 s)
2024-06-04 00:13:02,422 INFO  - Sent Detection message to rsu_0 (at simulation time 17.000,000,000 s)
2024-06-04 00:13:02,422 INFO  - Sent broadcast CAM message to all vehicles (at simulation time 17.000,000,000 s)
2024-06-04 00:13:02,423 INFO  - Received Detection message from veh_9 to veh_8 (at simulation time 17.000,400,000 s)
2024-06-04 00:13:02,424 INFO  - Forwarded Detection message to rsu_0 (at simulation time 17.000,400,000 s)
2024-06-04 00:13:02,424 INFO  - Received CAM message from veh_6 (at simulation time 17.000,400,000 s)
2024-06-04 00:13:02,424 INFO  - Received CAM message from veh_9 (at simulation time 17.000,900,000 s)
2024-06-04 00:13:02,425 INFO  - Received CAM message from veh_2 (at simulation time 17.001,900,000 s)
2024-06-04 00:13:02,425 INFO  - Atempting to process queue (at simulation time 17.100,000,000 s)
2024-06-04 00:13:02,425 INFO  - Vehicle is inside the detection area. (at simulation time 17.100,000,000 s)
2024-06-04 00:13:02,425 INFO  - Sent Detection message to rsu_0 (at simulation time 17.100,000,000 s)
2024-06-04 00:13:02,425 INFO  - Sent broadcast CAM message to all vehicles (at simulation time 17.100,000,000 s)
2024-06-04 00:13:02,427 INFO  - Received CAM message from veh_9 (at simulation time 17.101,400,000 s)
2024-06-04 00:13:02,427 INFO  - Received Detection message from veh_9 to veh_8 (at simulation time 17.101,900,000 s)
2024-06-04 00:13:02,427 INFO  - Forwarded Detection message to rsu_0 (at simulation time 17.101,900,000 s)
2024-06-04 00:13:02,427 INFO  - Received CAM message from veh_6 (at simulation time 17.101,900,000 s)
2024-06-04 00:13:02,427 INFO  - Received CAM message from veh_2 (at simulation time 17.101,900,000 s)
2024-06-04 00:13:02,428 INFO  - Atempting to process queue (at simulation time 17.200,000,000 s)
2024-06-04 00:13:02,428 INFO  - Vehicle is inside the detection area. (at simulation time 17.200,000,000 s)
2024-06-04 00:13:02,428 INFO  - Sent Detection message to rsu_0 (at simulation time 17.200,000,000 s)
2024-06-04 00:13:02,428 INFO  - Sent broadcast CAM message to all vehicles (at simulation time 17.200,000,000 s)
2024-06-04 00:13:02,430 INFO  - Received CAM message from veh_6 (at simulation time 17.200,400,000 s)
2024-06-04 00:13:02,430 INFO  - Received CAM message from veh_2 (at simulation time 17.200,900,000 s)
2024-06-04 00:13:02,430 INFO  - Received CAM message from veh_9 (at simulation time 17.201,400,000 s)
2024-06-04 00:13:02,430 INFO  - Received Detection message from veh_9 to veh_8 (at simulation time 17.201,900,000 s)
2024-06-04 00:13:02,430 INFO  - Forwarded Detection message to rsu_0 (at simulation time 17.201,900,000 s)
2024-06-04 00:13:02,431 INFO  - Atempting to process queue (at simulation time 17.300,000,000 s)
2024-06-04 00:13:02,431 INFO  - Vehicle is inside the detection area. (at simulation time 17.300,000,000 s)
2024-06-04 00:13:02,431 INFO  - Sent Detection message to rsu_0 (at simulation time 17.300,000,000 s)
2024-06-04 00:13:02,432 INFO  - Sent broadcast CAM message to all vehicles (at simulation time 17.300,000,000 s)
2024-06-04 00:13:02,433 INFO  - Received CAM message from veh_9 (at simulation time 17.300,400,000 s)
2024-06-04 00:13:02,433 INFO  - Received Detection message from veh_9 to veh_8 (at simulation time 17.300,900,000 s)
2024-06-04 00:13:02,433 INFO  - Forwarded Detection message to rsu_0 (at simulation time 17.300,900,000 s)
2024-06-04 00:13:02,434 INFO  - Received CAM message from veh_2 (at simulation time 17.301,900,000 s)
2024-06-04 00:13:02,434 INFO  - Received CAM message from veh_6 (at simulation time 17.302,400,000 s)
2024-06-04 00:13:02,435 INFO  - Atempting to process queue (at simulation time 17.400,000,000 s)
2024-06-04 00:13:02,435 INFO  - Vehicle is inside the detection area. (at simulation time 17.400,000,000 s)
2024-06-04 00:13:02,435 INFO  - Sent Detection message to rsu_0 (at simulation time 17.400,000,000 s)
2024-06-04 00:13:02,435 INFO  - Sent broadcast CAM message to all vehicles (at simulation time 17.400,000,000 s)
2024-06-04 00:13:02,436 INFO  - Received Detection message from veh_9 to veh_8 (at simulation time 17.401,400,000 s)
2024-06-04 00:13:02,437 INFO  - Forwarded Detection message to rsu_0 (at simulation time 17.401,400,000 s)
2024-06-04 00:13:02,437 INFO  - Received CAM message from veh_9 (at simulation time 17.402,400,000 s)
2024-06-04 00:13:02,437 INFO  - Received CAM message from veh_6 (at simulation time 17.402,400,000 s)
2024-06-04 00:13:02,437 INFO  - Received CAM message from veh_2 (at simulation time 17.402,400,000 s)
2024-06-04 00:13:02,437 INFO  - Atempting to process queue (at simulation time 17.500,000,000 s)
2024-06-04 00:13:02,437 INFO  - Vehicle is inside the detection area. (at simulation time 17.500,000,000 s)
2024-06-04 00:13:02,437 INFO  - Sent Detection message to rsu_0 (at simulation time 17.500,000,000 s)
2024-06-04 00:13:02,437 INFO  - Sent broadcast CAM message to all vehicles (at simulation time 17.500,000,000 s)
2024-06-04 00:13:02,439 INFO  - Received Detection message from veh_9 to veh_8 (at simulation time 17.500,900,000 s)
2024-06-04 00:13:02,439 INFO  - Forwarded Detection message to rsu_0 (at simulation time 17.500,900,000 s)
2024-06-04 00:13:02,439 INFO  - Received CAM message from veh_2 (at simulation time 17.500,900,000 s)
2024-06-04 00:13:02,439 INFO  - Received CAM message from veh_6 (at simulation time 17.501,400,000 s)
2024-06-04 00:13:02,439 INFO  - Received CAM message from veh_9 (at simulation time 17.502,400,000 s)
2024-06-04 00:13:02,440 INFO  - Atempting to process queue (at simulation time 17.600,000,000 s)
2024-06-04 00:13:02,440 INFO  - Vehicle is inside the detection area. (at simulation time 17.600,000,000 s)
2024-06-04 00:13:02,440 INFO  - Sent Detection message to rsu_0 (at simulation time 17.600,000,000 s)
2024-06-04 00:13:02,440 INFO  - Sent broadcast CAM message to all vehicles (at simulation time 17.600,000,000 s)
2024-06-04 00:13:02,441 INFO  - Received Detection message from veh_9 to veh_8 (at simulation time 17.601,400,000 s)
2024-06-04 00:13:02,441 INFO  - Forwarded Detection message to rsu_0 (at simulation time 17.601,400,000 s)
2024-06-04 00:13:02,441 INFO  - Received CAM message from veh_6 (at simulation time 17.601,900,000 s)
2024-06-04 00:13:02,441 INFO  - Received CAM message from veh_9 (at simulation time 17.602,400,000 s)
2024-06-04 00:13:02,441 INFO  - Received CAM message from veh_2 (at simulation time 17.602,400,000 s)
2024-06-04 00:13:02,442 INFO  - Atempting to process queue (at simulation time 17.700,000,000 s)
2024-06-04 00:13:02,442 INFO  - Vehicle is inside the detection area. (at simulation time 17.700,000,000 s)
2024-06-04 00:13:02,442 INFO  - Sent Detection message to rsu_0 (at simulation time 17.700,000,000 s)
2024-06-04 00:13:02,442 INFO  - Sent broadcast CAM message to all vehicles (at simulation time 17.700,000,000 s)
2024-06-04 00:13:02,443 INFO  - Received CAM message from veh_2 (at simulation time 17.700,400,000 s)
2024-06-04 00:13:02,443 INFO  - Received CAM message from veh_9 (at simulation time 17.701,400,000 s)
2024-06-04 00:13:02,443 INFO  - Received CAM message from veh_6 (at simulation time 17.701,900,000 s)
2024-06-04 00:13:02,443 INFO  - Received Detection message from veh_9 to veh_8 (at simulation time 17.702,400,000 s)
2024-06-04 00:13:02,443 INFO  - Forwarded Detection message to rsu_0 (at simulation time 17.702,400,000 s)
2024-06-04 00:13:02,443 INFO  - Atempting to process queue (at simulation time 17.800,000,000 s)
2024-06-04 00:13:02,443 INFO  - Vehicle is inside the detection area. (at simulation time 17.800,000,000 s)
2024-06-04 00:13:02,443 INFO  - Sent Detection message to rsu_0 (at simulation time 17.800,000,000 s)
2024-06-04 00:13:02,443 INFO  - Sent broadcast CAM message to all vehicles (at simulation time 17.800,000,000 s)
2024-06-04 00:13:02,444 INFO  - Received Detection message from veh_9 to veh_8 (at simulation time 17.800,900,000 s)
2024-06-04 00:13:02,444 INFO  - Forwarded Detection message to rsu_0 (at simulation time 17.800,900,000 s)
2024-06-04 00:13:02,444 INFO  - Received CAM message from veh_9 (at simulation time 17.800,900,000 s)
2024-06-04 00:13:02,444 INFO  - Received CAM message from veh_6 (at simulation time 17.800,900,000 s)
2024-06-04 00:13:02,444 INFO  - Received CAM message from veh_2 (at simulation time 17.801,400,000 s)
2024-06-04 00:13:02,445 INFO  - Atempting to process queue (at simulation time 17.900,000,000 s)
2024-06-04 00:13:02,445 INFO  - Vehicle is inside the detection area. (at simulation time 17.900,000,000 s)
2024-06-04 00:13:02,445 INFO  - Sent Detection message to rsu_0 (at simulation time 17.900,000,000 s)
2024-06-04 00:13:02,445 INFO  - Sent broadcast CAM message to all vehicles (at simulation time 17.900,000,000 s)
2024-06-04 00:13:02,445 INFO  - Received CAM message from veh_2 (at simulation time 17.900,400,000 s)
2024-06-04 00:13:02,446 INFO  - Received Detection message from veh_9 to veh_8 (at simulation time 17.900,900,000 s)
2024-06-04 00:13:02,446 INFO  - Forwarded Detection message to rsu_0 (at simulation time 17.900,900,000 s)
2024-06-04 00:13:02,446 INFO  - Received CAM message from veh_6 (at simulation time 17.901,900,000 s)
2024-06-04 00:13:02,446 INFO  - Received CAM message from veh_9 (at simulation time 17.902,400,000 s)
2024-06-04 00:13:02,450 INFO  - Atempting to process queue (at simulation time 18.000,000,000 s)
2024-06-04 00:13:02,450 INFO  - Vehicle is inside the detection area. (at simulation time 18.000,000,000 s)
2024-06-04 00:13:02,450 INFO  - Sent Detection message to rsu_0 (at simulation time 18.000,000,000 s)
2024-06-04 00:13:02,450 INFO  - Sent broadcast CAM message to all vehicles (at simulation time 18.000,000,000 s)
2024-06-04 00:13:02,452 INFO  - Received CAM message from veh_6 (at simulation time 18.000,400,000 s)
2024-06-04 00:13:02,452 INFO  - Received Detection message from veh_9 to veh_8 (at simulation time 18.000,900,000 s)
2024-06-04 00:13:02,452 INFO  - Forwarded Detection message to rsu_0 (at simulation time 18.000,900,000 s)
2024-06-04 00:13:02,452 INFO  - Received CAM message from veh_9 (at simulation time 18.000,900,000 s)
2024-06-04 00:13:02,452 INFO  - Received CAM message from veh_10 (at simulation time 18.001,400,000 s)
2024-06-04 00:13:02,452 INFO  - Received CAM message from veh_2 (at simulation time 18.002,400,000 s)
2024-06-04 00:13:02,453 INFO  - Atempting to process queue (at simulation time 18.100,000,000 s)
2024-06-04 00:13:02,453 INFO  - Vehicle is inside the detection area. (at simulation time 18.100,000,000 s)
2024-06-04 00:13:02,453 INFO  - Sent Detection message to rsu_0 (at simulation time 18.100,000,000 s)
2024-06-04 00:13:02,453 INFO  - Sent broadcast CAM message to all vehicles (at simulation time 18.100,000,000 s)
2024-06-04 00:13:02,453 INFO  - Received CAM message from veh_9 (at simulation time 18.100,400,000 s)
2024-06-04 00:13:02,454 INFO  - Received Detection message from veh_9 to veh_8 (at simulation time 18.101,400,000 s)
2024-06-04 00:13:02,454 INFO  - Forwarded Detection message to rsu_0 (at simulation time 18.101,400,000 s)
2024-06-04 00:13:02,454 INFO  - Received CAM message from veh_6 (at simulation time 18.101,900,000 s)
2024-06-04 00:13:02,454 INFO  - Received CAM message from veh_2 (at simulation time 18.101,900,000 s)
2024-06-04 00:13:02,454 INFO  - Received CAM message from veh_10 (at simulation time 18.102,400,000 s)
2024-06-04 00:13:02,454 INFO  - Atempting to process queue (at simulation time 18.200,000,000 s)
2024-06-04 00:13:02,454 INFO  - Vehicle is inside the detection area. (at simulation time 18.200,000,000 s)
2024-06-04 00:13:02,455 INFO  - Sent Detection message to rsu_0 (at simulation time 18.200,000,000 s)
2024-06-04 00:13:02,455 INFO  - Sent broadcast CAM message to all vehicles (at simulation time 18.200,000,000 s)
2024-06-04 00:13:02,456 INFO  - Received CAM message from veh_10 (at simulation time 18.200,400,000 s)
2024-06-04 00:13:02,456 INFO  - Received CAM message from veh_6 (at simulation time 18.200,900,000 s)
2024-06-04 00:13:02,456 INFO  - Received CAM message from veh_2 (at simulation time 18.201,400,000 s)
2024-06-04 00:13:02,456 INFO  - Received Detection message from veh_9 to veh_8 (at simulation time 18.202,400,000 s)
2024-06-04 00:13:02,457 INFO  - Forwarded Detection message to rsu_0 (at simulation time 18.202,400,000 s)
2024-06-04 00:13:02,457 INFO  - Received CAM message from veh_9 (at simulation time 18.202,400,000 s)
2024-06-04 00:13:02,457 INFO  - Atempting to process queue (at simulation time 18.300,000,000 s)
2024-06-04 00:13:02,457 INFO  - Vehicle is inside the detection area. (at simulation time 18.300,000,000 s)
2024-06-04 00:13:02,457 INFO  - Sent Detection message to rsu_0 (at simulation time 18.300,000,000 s)
2024-06-04 00:13:02,458 INFO  - Sent broadcast CAM message to all vehicles (at simulation time 18.300,000,000 s)
2024-06-04 00:13:02,459 INFO  - Received Detection message from veh_9 to veh_8 (at simulation time 18.300,900,000 s)
2024-06-04 00:13:02,460 INFO  - Forwarded Detection message to rsu_0 (at simulation time 18.300,900,000 s)
2024-06-04 00:13:02,460 INFO  - Received CAM message from veh_9 (at simulation time 18.300,900,000 s)
2024-06-04 00:13:02,460 INFO  - Received CAM message from veh_2 (at simulation time 18.300,900,000 s)
2024-06-04 00:13:02,460 INFO  - Received CAM message from veh_10 (at simulation time 18.301,900,000 s)
2024-06-04 00:13:02,460 INFO  - Received CAM message from veh_6 (at simulation time 18.302,400,000 s)
2024-06-04 00:13:02,461 INFO  - Atempting to process queue (at simulation time 18.400,000,000 s)
2024-06-04 00:13:02,461 INFO  - Vehicle is inside the detection area. (at simulation time 18.400,000,000 s)
2024-06-04 00:13:02,461 INFO  - Sent Detection message to rsu_0 (at simulation time 18.400,000,000 s)
2024-06-04 00:13:02,461 INFO  - Sent broadcast CAM message to all vehicles (at simulation time 18.400,000,000 s)
2024-06-04 00:13:02,462 INFO  - Received CAM message from veh_2 (at simulation time 18.400,400,000 s)
2024-06-04 00:13:02,463 INFO  - Received CAM message from veh_6 (at simulation time 18.400,900,000 s)
2024-06-04 00:13:02,463 INFO  - Received CAM message from veh_9 (at simulation time 18.401,900,000 s)
2024-06-04 00:13:02,463 INFO  - Received Detection message from veh_9 to veh_8 (at simulation time 18.402,400,000 s)
2024-06-04 00:13:02,463 INFO  - Forwarded Detection message to rsu_0 (at simulation time 18.402,400,000 s)
2024-06-04 00:13:02,464 INFO  - Received CAM message from veh_10 (at simulation time 18.402,400,000 s)
2024-06-04 00:13:02,464 INFO  - Atempting to process queue (at simulation time 18.500,000,000 s)
2024-06-04 00:13:02,464 INFO  - Vehicle is inside the detection area. (at simulation time 18.500,000,000 s)
2024-06-04 00:13:02,464 INFO  - Sent Detection message to rsu_0 (at simulation time 18.500,000,000 s)
2024-06-04 00:13:02,465 INFO  - Sent broadcast CAM message to all vehicles (at simulation time 18.500,000,000 s)
2024-06-04 00:13:02,466 INFO  - Received CAM message from veh_9 (at simulation time 18.500,400,000 s)
2024-06-04 00:13:02,466 INFO  - Received CAM message from veh_6 (at simulation time 18.500,400,000 s)
2024-06-04 00:13:02,466 INFO  - Received Detection message from veh_9 to veh_8 (at simulation time 18.501,400,000 s)
2024-06-04 00:13:02,467 INFO  - Forwarded Detection message to rsu_0 (at simulation time 18.501,400,000 s)
2024-06-04 00:13:02,467 INFO  - Received CAM message from veh_2 (at simulation time 18.501,400,000 s)
2024-06-04 00:13:02,468 INFO  - Received CAM message from veh_10 (at simulation time 18.502,400,000 s)
2024-06-04 00:13:02,468 INFO  - Atempting to process queue (at simulation time 18.600,000,000 s)
2024-06-04 00:13:02,468 INFO  - Vehicle is inside the detection area. (at simulation time 18.600,000,000 s)
2024-06-04 00:13:02,468 INFO  - Sent Detection message to rsu_0 (at simulation time 18.600,000,000 s)
2024-06-04 00:13:02,468 INFO  - Sent broadcast CAM message to all vehicles (at simulation time 18.600,000,000 s)
2024-06-04 00:13:02,469 INFO  - Received CAM message from veh_9 (at simulation time 18.600,400,000 s)
2024-06-04 00:13:02,470 INFO  - Received CAM message from veh_10 (at simulation time 18.600,400,000 s)
2024-06-04 00:13:02,470 INFO  - Received CAM message from veh_6 (at simulation time 18.600,400,000 s)
2024-06-04 00:13:02,470 INFO  - Received CAM message from veh_2 (at simulation time 18.601,400,000 s)
2024-06-04 00:13:02,470 INFO  - Received Detection message from veh_9 to veh_8 (at simulation time 18.602,400,000 s)
2024-06-04 00:13:02,470 INFO  - Forwarded Detection message to rsu_0 (at simulation time 18.602,400,000 s)
2024-06-04 00:13:02,471 INFO  - Atempting to process queue (at simulation time 18.700,000,000 s)
2024-06-04 00:13:02,471 INFO  - Vehicle is inside the detection area. (at simulation time 18.700,000,000 s)
2024-06-04 00:13:02,471 INFO  - Sent Detection message to rsu_0 (at simulation time 18.700,000,000 s)
2024-06-04 00:13:02,471 INFO  - Sent broadcast CAM message to all vehicles (at simulation time 18.700,000,000 s)
2024-06-04 00:13:02,472 INFO  - Received CAM message from veh_9 (at simulation time 18.700,400,000 s)
2024-06-04 00:13:02,472 INFO  - Received CAM message from veh_2 (at simulation time 18.700,400,000 s)
2024-06-04 00:13:02,472 INFO  - Received CAM message from veh_10 (at simulation time 18.701,400,000 s)
2024-06-04 00:13:02,472 INFO  - Received CAM message from veh_6 (at simulation time 18.701,400,000 s)
2024-06-04 00:13:02,472 INFO  - Received Detection message from veh_9 to veh_8 (at simulation time 18.701,900,000 s)
2024-06-04 00:13:02,473 INFO  - Forwarded Detection message to rsu_0 (at simulation time 18.701,900,000 s)
2024-06-04 00:13:02,473 INFO  - Atempting to process queue (at simulation time 18.800,000,000 s)
2024-06-04 00:13:02,473 INFO  - Vehicle is inside the detection area. (at simulation time 18.800,000,000 s)
2024-06-04 00:13:02,473 INFO  - Sent Detection message to rsu_0 (at simulation time 18.800,000,000 s)
2024-06-04 00:13:02,473 INFO  - Sent broadcast CAM message to all vehicles (at simulation time 18.800,000,000 s)
2024-06-04 00:13:02,474 INFO  - Received CAM message from veh_9 (at simulation time 18.800,400,000 s)
2024-06-04 00:13:02,475 INFO  - Received CAM message from veh_6 (at simulation time 18.800,400,000 s)
2024-06-04 00:13:02,475 INFO  - Received CAM message from veh_10 (at simulation time 18.800,900,000 s)
2024-06-04 00:13:02,475 INFO  - Received CAM message from veh_2 (at simulation time 18.801,400,000 s)
2024-06-04 00:13:02,475 INFO  - Received Detection message from veh_9 to veh_8 (at simulation time 18.801,900,000 s)
2024-06-04 00:13:02,475 INFO  - Forwarded Detection message to rsu_0 (at simulation time 18.801,900,000 s)
2024-06-04 00:13:02,475 INFO  - Atempting to process queue (at simulation time 18.900,000,000 s)
2024-06-04 00:13:02,475 INFO  - Vehicle is inside the detection area. (at simulation time 18.900,000,000 s)
2024-06-04 00:13:02,475 INFO  - Sent Detection message to rsu_0 (at simulation time 18.900,000,000 s)
2024-06-04 00:13:02,475 INFO  - Sent broadcast CAM message to all vehicles (at simulation time 18.900,000,000 s)
2024-06-04 00:13:02,476 INFO  - Received CAM message from veh_10 (at simulation time 18.900,400,000 s)
2024-06-04 00:13:02,476 INFO  - Received CAM message from veh_6 (at simulation time 18.900,400,000 s)
2024-06-04 00:13:02,476 INFO  - Received CAM message from veh_2 (at simulation time 18.900,400,000 s)
2024-06-04 00:13:02,476 INFO  - Received CAM message from veh_9 (at simulation time 18.901,400,000 s)
2024-06-04 00:13:02,476 INFO  - Received Detection message from veh_9 to veh_8 (at simulation time 18.901,900,000 s)
2024-06-04 00:13:02,477 INFO  - Forwarded Detection message to rsu_0 (at simulation time 18.901,900,000 s)
2024-06-04 00:13:02,495 INFO  - Atempting to process queue (at simulation time 19.000,000,000 s)
2024-06-04 00:13:02,495 INFO  - Vehicle is outside the detection area. (at simulation time 19.000,000,000 s)
2024-06-04 00:13:02,495 INFO  - Sent broadcast CAM message to all vehicles (at simulation time 19.000,000,000 s)
2024-06-04 00:13:02,499 INFO  - Received CAM message from veh_6 (at simulation time 19.000,900,000 s)
2024-06-04 00:13:02,499 INFO  - Received CAM message from veh_2 (at simulation time 19.000,900,000 s)
2024-06-04 00:13:02,499 INFO  - Received CAM message from veh_9 (at simulation time 19.001,400,000 s)
2024-06-04 00:13:02,499 INFO  - Received CAM message from veh_10 (at simulation time 19.002,400,000 s)
2024-06-04 00:13:02,500 INFO  - Atempting to process queue (at simulation time 19.100,000,000 s)
2024-06-04 00:13:02,500 INFO  - Vehicle is outside the detection area. (at simulation time 19.100,000,000 s)
2024-06-04 00:13:02,500 INFO  - Sent broadcast CAM message to all vehicles (at simulation time 19.100,000,000 s)
2024-06-04 00:13:02,501 INFO  - Received CAM message from veh_9 (at simulation time 19.101,400,000 s)
2024-06-04 00:13:02,501 INFO  - Received CAM message from veh_6 (at simulation time 19.101,400,000 s)
2024-06-04 00:13:02,501 INFO  - Received CAM message from veh_2 (at simulation time 19.101,400,000 s)
2024-06-04 00:13:02,501 INFO  - Received CAM message from veh_10 (at simulation time 19.101,900,000 s)
2024-06-04 00:13:02,502 INFO  - Atempting to process queue (at simulation time 19.200,000,000 s)
2024-06-04 00:13:02,502 INFO  - Vehicle is outside the detection area. (at simulation time 19.200,000,000 s)
2024-06-04 00:13:02,502 INFO  - Sent broadcast CAM message to all vehicles (at simulation time 19.200,000,000 s)
2024-06-04 00:13:02,503 INFO  - Received CAM message from veh_9 (at simulation time 19.200,400,000 s)
2024-06-04 00:13:02,504 INFO  - Received CAM message from veh_6 (at simulation time 19.200,900,000 s)
2024-06-04 00:13:02,504 INFO  - Received CAM message from veh_2 (at simulation time 19.201,400,000 s)
2024-06-04 00:13:02,504 INFO  - Received CAM message from veh_10 (at simulation time 19.202,400,000 s)
2024-06-04 00:13:02,505 INFO  - Atempting to process queue (at simulation time 19.300,000,000 s)
2024-06-04 00:13:02,505 INFO  - Vehicle is outside the detection area. (at simulation time 19.300,000,000 s)
2024-06-04 00:13:02,505 INFO  - Sent broadcast CAM message to all vehicles (at simulation time 19.300,000,000 s)
2024-06-04 00:13:02,507 INFO  - Received CAM message from veh_6 (at simulation time 19.300,400,000 s)
2024-06-04 00:13:02,507 INFO  - Received CAM message from veh_2 (at simulation time 19.300,400,000 s)
2024-06-04 00:13:02,507 INFO  - Received CAM message from veh_9 (at simulation time 19.300,900,000 s)
2024-06-04 00:13:02,507 INFO  - Received CAM message from veh_10 (at simulation time 19.302,400,000 s)
2024-06-04 00:13:02,507 INFO  - Atempting to process queue (at simulation time 19.400,000,000 s)
2024-06-04 00:13:02,507 INFO  - Vehicle is outside the detection area. (at simulation time 19.400,000,000 s)
2024-06-04 00:13:02,507 INFO  - Sent broadcast CAM message to all vehicles (at simulation time 19.400,000,000 s)
2024-06-04 00:13:02,508 INFO  - Received CAM message from veh_9 (at simulation time 19.400,400,000 s)
2024-06-04 00:13:02,509 INFO  - Received CAM message from veh_2 (at simulation time 19.401,400,000 s)
2024-06-04 00:13:02,509 INFO  - Received CAM message from veh_10 (at simulation time 19.401,900,000 s)
2024-06-04 00:13:02,509 INFO  - Received CAM message from veh_6 (at simulation time 19.401,900,000 s)
2024-06-04 00:13:02,509 INFO  - Atempting to process queue (at simulation time 19.500,000,000 s)
2024-06-04 00:13:02,509 INFO  - Vehicle is outside the detection area. (at simulation time 19.500,000,000 s)
2024-06-04 00:13:02,509 INFO  - Sent broadcast CAM message to all vehicles (at simulation time 19.500,000,000 s)
2024-06-04 00:13:02,510 INFO  - Received CAM message from veh_10 (at simulation time 19.500,400,000 s)
2024-06-04 00:13:02,510 INFO  - Received CAM message from veh_9 (at simulation time 19.500,900,000 s)
2024-06-04 00:13:02,510 INFO  - Received CAM message from veh_6 (at simulation time 19.501,400,000 s)
2024-06-04 00:13:02,510 INFO  - Received CAM message from veh_2 (at simulation time 19.501,900,000 s)
2024-06-04 00:13:02,511 INFO  - Atempting to process queue (at simulation time 19.600,000,000 s)
2024-06-04 00:13:02,511 INFO  - Vehicle is outside the detection area. (at simulation time 19.600,000,000 s)
2024-06-04 00:13:02,511 INFO  - Sent broadcast CAM message to all vehicles (at simulation time 19.600,000,000 s)
2024-06-04 00:13:02,512 INFO  - Received CAM message from veh_9 (at simulation time 19.600,400,000 s)
2024-06-04 00:13:02,512 INFO  - Received CAM message from veh_10 (at simulation time 19.600,900,000 s)
2024-06-04 00:13:02,512 INFO  - Received CAM message from veh_2 (at simulation time 19.601,400,000 s)
2024-06-04 00:13:02,512 INFO  - Received CAM message from veh_6 (at simulation time 19.602,400,000 s)
2024-06-04 00:13:02,512 INFO  - Atempting to process queue (at simulation time 19.700,000,000 s)
2024-06-04 00:13:02,512 INFO  - Vehicle is outside the detection area. (at simulation time 19.700,000,000 s)
2024-06-04 00:13:02,512 INFO  - Sent broadcast CAM message to all vehicles (at simulation time 19.700,000,000 s)
2024-06-04 00:13:02,513 INFO  - Received CAM message from veh_2 (at simulation time 19.701,400,000 s)
2024-06-04 00:13:02,514 INFO  - Received CAM message from veh_9 (at simulation time 19.701,900,000 s)
2024-06-04 00:13:02,514 INFO  - Received CAM message from veh_10 (at simulation time 19.701,900,000 s)
2024-06-04 00:13:02,514 INFO  - Received CAM message from veh_6 (at simulation time 19.701,900,000 s)
2024-06-04 00:13:02,514 INFO  - Atempting to process queue (at simulation time 19.800,000,000 s)
2024-06-04 00:13:02,514 INFO  - Vehicle is outside the detection area. (at simulation time 19.800,000,000 s)
2024-06-04 00:13:02,514 INFO  - Sent broadcast CAM message to all vehicles (at simulation time 19.800,000,000 s)
2024-06-04 00:13:02,517 INFO  - Received CAM message from veh_6 (at simulation time 19.800,400,000 s)
2024-06-04 00:13:02,517 INFO  - Received CAM message from veh_2 (at simulation time 19.800,400,000 s)
2024-06-04 00:13:02,518 INFO  - Received CAM message from veh_10 (at simulation time 19.801,400,000 s)
2024-06-04 00:13:02,518 INFO  - Received CAM message from veh_9 (at simulation time 19.801,900,000 s)
2024-06-04 00:13:02,520 INFO  - Atempting to process queue (at simulation time 19.900,000,000 s)
2024-06-04 00:13:02,520 INFO  - Vehicle is outside the detection area. (at simulation time 19.900,000,000 s)
2024-06-04 00:13:02,520 INFO  - Sent broadcast CAM message to all vehicles (at simulation time 19.900,000,000 s)
2024-06-04 00:13:02,521 INFO  - Received CAM message from veh_9 (at simulation time 19.900,900,000 s)
2024-06-04 00:13:02,521 INFO  - Received CAM message from veh_10 (at simulation time 19.900,900,000 s)
2024-06-04 00:13:02,521 INFO  - Received CAM message from veh_2 (at simulation time 19.901,400,000 s)
2024-06-04 00:13:02,521 INFO  - Received CAM message from veh_6 (at simulation time 19.901,900,000 s)
2024-06-04 00:13:02,538 INFO  - Atempting to process queue (at simulation time 20.000,000,000 s)
2024-06-04 00:13:02,538 INFO  - Vehicle is outside the detection area. (at simulation time 20.000,000,000 s)
2024-06-04 00:13:02,538 INFO  - Sent broadcast CAM message to all vehicles (at simulation time 20.000,000,000 s)
2024-06-04 00:13:02,539 INFO  - Received CAM message from veh_9 (at simulation time 20.000,400,000 s)
2024-06-04 00:13:02,539 INFO  - Received CAM message from veh_10 (at simulation time 20.000,400,000 s)
2024-06-04 00:13:02,540 INFO  - Received CAM message from veh_6 (at simulation time 20.000,900,000 s)
2024-06-04 00:13:02,540 INFO  - Received CAM message from veh_2 (at simulation time 20.001,900,000 s)
2024-06-04 00:13:02,540 INFO  - Atempting to process queue (at simulation time 20.100,000,000 s)
2024-06-04 00:13:02,540 INFO  - Vehicle is outside the detection area. (at simulation time 20.100,000,000 s)
2024-06-04 00:13:02,540 INFO  - Sent broadcast CAM message to all vehicles (at simulation time 20.100,000,000 s)
2024-06-04 00:13:02,542 INFO  - Received CAM message from veh_9 (at simulation time 20.101,400,000 s)
2024-06-04 00:13:02,542 INFO  - Received CAM message from veh_10 (at simulation time 20.101,400,000 s)
2024-06-04 00:13:02,542 INFO  - Received CAM message from veh_2 (at simulation time 20.101,400,000 s)
2024-06-04 00:13:02,542 INFO  - Received CAM message from veh_6 (at simulation time 20.102,400,000 s)
2024-06-04 00:13:02,542 INFO  - Atempting to process queue (at simulation time 20.200,000,000 s)
2024-06-04 00:13:02,542 INFO  - Vehicle is outside the detection area. (at simulation time 20.200,000,000 s)
2024-06-04 00:13:02,542 INFO  - Sent broadcast CAM message to all vehicles (at simulation time 20.200,000,000 s)
2024-06-04 00:13:02,543 INFO  - Received CAM message from veh_10 (at simulation time 20.200,400,000 s)
2024-06-04 00:13:02,543 INFO  - Received CAM message from veh_2 (at simulation time 20.200,900,000 s)
2024-06-04 00:13:02,543 INFO  - Received CAM message from veh_6 (at simulation time 20.201,400,000 s)
2024-06-04 00:13:02,543 INFO  - Received CAM message from veh_9 (at simulation time 20.201,900,000 s)
2024-06-04 00:13:02,544 INFO  - Atempting to process queue (at simulation time 20.300,000,000 s)
2024-06-04 00:13:02,544 INFO  - Vehicle is outside the detection area. (at simulation time 20.300,000,000 s)
2024-06-04 00:13:02,544 INFO  - Sent broadcast CAM message to all vehicles (at simulation time 20.300,000,000 s)
2024-06-04 00:13:02,544 INFO  - Received CAM message from veh_6 (at simulation time 20.300,400,000 s)
2024-06-04 00:13:02,544 INFO  - Received CAM message from veh_9 (at simulation time 20.301,400,000 s)
2024-06-04 00:13:02,545 INFO  - Received CAM message from veh_10 (at simulation time 20.302,400,000 s)
2024-06-04 00:13:02,545 INFO  - Received CAM message from veh_2 (at simulation time 20.302,400,000 s)
2024-06-04 00:13:02,545 INFO  - Atempting to process queue (at simulation time 20.400,000,000 s)
2024-06-04 00:13:02,545 INFO  - Vehicle is outside the detection area. (at simulation time 20.400,000,000 s)
2024-06-04 00:13:02,545 INFO  - Sent broadcast CAM message to all vehicles (at simulation time 20.400,000,000 s)
2024-06-04 00:13:02,546 INFO  - Received CAM message from veh_10 (at simulation time 20.400,900,000 s)
2024-06-04 00:13:02,546 INFO  - Received CAM message from veh_6 (at simulation time 20.400,900,000 s)
2024-06-04 00:13:02,546 INFO  - Received CAM message from veh_2 (at simulation time 20.401,400,000 s)
2024-06-04 00:13:02,546 INFO  - Received CAM message from veh_9 (at simulation time 20.402,400,000 s)
2024-06-04 00:13:02,546 INFO  - Atempting to process queue (at simulation time 20.500,000,000 s)
2024-06-04 00:13:02,546 INFO  - Vehicle is outside the detection area. (at simulation time 20.500,000,000 s)
2024-06-04 00:13:02,546 INFO  - Sent broadcast CAM message to all vehicles (at simulation time 20.500,000,000 s)
2024-06-04 00:13:02,548 INFO  - Received CAM message from veh_10 (at simulation time 20.500,400,000 s)
2024-06-04 00:13:02,548 INFO  - Received CAM message from veh_6 (at simulation time 20.500,400,000 s)
2024-06-04 00:13:02,549 INFO  - Received CAM message from veh_2 (at simulation time 20.501,900,000 s)
2024-06-04 00:13:02,549 INFO  - Received CAM message from veh_9 (at simulation time 20.502,400,000 s)
2024-06-04 00:13:02,550 INFO  - Atempting to process queue (at simulation time 20.600,000,000 s)
2024-06-04 00:13:02,550 INFO  - Vehicle is outside the detection area. (at simulation time 20.600,000,000 s)
2024-06-04 00:13:02,550 INFO  - Sent broadcast CAM message to all vehicles (at simulation time 20.600,000,000 s)
2024-06-04 00:13:02,551 INFO  - Received CAM message from veh_6 (at simulation time 20.600,400,000 s)
2024-06-04 00:13:02,553 INFO  - Received CAM message from veh_2 (at simulation time 20.601,900,000 s)
2024-06-04 00:13:02,553 INFO  - Received CAM message from veh_9 (at simulation time 20.602,400,000 s)
2024-06-04 00:13:02,553 INFO  - Received CAM message from veh_10 (at simulation time 20.602,400,000 s)
2024-06-04 00:13:02,554 INFO  - Atempting to process queue (at simulation time 20.700,000,000 s)
2024-06-04 00:13:02,554 INFO  - Vehicle is outside the detection area. (at simulation time 20.700,000,000 s)
2024-06-04 00:13:02,554 INFO  - Sent broadcast CAM message to all vehicles (at simulation time 20.700,000,000 s)
2024-06-04 00:13:02,556 INFO  - Received CAM message from veh_9 (at simulation time 20.701,400,000 s)
2024-06-04 00:13:02,556 INFO  - Received CAM message from veh_6 (at simulation time 20.701,400,000 s)
2024-06-04 00:13:02,557 INFO  - Received CAM message from veh_10 (at simulation time 20.701,900,000 s)
2024-06-04 00:13:02,557 INFO  - Received CAM message from veh_2 (at simulation time 20.701,900,000 s)
2024-06-04 00:13:02,558 INFO  - Atempting to process queue (at simulation time 20.800,000,000 s)
2024-06-04 00:13:02,558 INFO  - Vehicle is outside the detection area. (at simulation time 20.800,000,000 s)
2024-06-04 00:13:02,558 INFO  - Sent broadcast CAM message to all vehicles (at simulation time 20.800,000,000 s)
2024-06-04 00:13:02,559 INFO  - Received CAM message from veh_9 (at simulation time 20.800,400,000 s)
2024-06-04 00:13:02,559 INFO  - Received CAM message from veh_10 (at simulation time 20.800,400,000 s)
2024-06-04 00:13:02,560 INFO  - Received CAM message from veh_2 (at simulation time 20.800,400,000 s)
2024-06-04 00:13:02,560 INFO  - Received CAM message from veh_6 (at simulation time 20.802,400,000 s)
2024-06-04 00:13:02,560 INFO  - Atempting to process queue (at simulation time 20.900,000,000 s)
2024-06-04 00:13:02,561 INFO  - Vehicle is outside the detection area. (at simulation time 20.900,000,000 s)
2024-06-04 00:13:02,561 INFO  - Sent broadcast CAM message to all vehicles (at simulation time 20.900,000,000 s)
2024-06-04 00:13:02,562 INFO  - Received CAM message from veh_6 (at simulation time 20.900,900,000 s)
2024-06-04 00:13:02,562 INFO  - Received CAM message from veh_10 (at simulation time 20.901,900,000 s)
2024-06-04 00:13:02,562 INFO  - Received CAM message from veh_9 (at simulation time 20.902,400,000 s)
2024-06-04 00:13:02,562 INFO  - Received CAM message from veh_2 (at simulation time 20.902,400,000 s)
2024-06-04 00:13:02,565 INFO  - Atempting to process queue (at simulation time 21.000,000,000 s)
2024-06-04 00:13:02,565 INFO  - Vehicle is outside the detection area. (at simulation time 21.000,000,000 s)
2024-06-04 00:13:02,565 INFO  - Sent broadcast CAM message to all vehicles (at simulation time 21.000,000,000 s)
2024-06-04 00:13:02,566 INFO  - Received CAM message from veh_9 (at simulation time 21.000,400,000 s)
2024-06-04 00:13:02,566 INFO  - Received CAM message from veh_10 (at simulation time 21.000,900,000 s)
2024-06-04 00:13:02,566 INFO  - Received CAM message from veh_6 (at simulation time 21.000,900,000 s)
2024-06-04 00:13:02,566 INFO  - Received CAM message from veh_2 (at simulation time 21.001,900,000 s)
2024-06-04 00:13:02,567 INFO  - Atempting to process queue (at simulation time 21.100,000,000 s)
2024-06-04 00:13:02,567 INFO  - Vehicle is outside the detection area. (at simulation time 21.100,000,000 s)
2024-06-04 00:13:02,567 INFO  - Sent broadcast CAM message to all vehicles (at simulation time 21.100,000,000 s)
2024-06-04 00:13:02,567 INFO  - Received CAM message from veh_6 (at simulation time 21.100,400,000 s)
2024-06-04 00:13:02,568 INFO  - Received CAM message from veh_9 (at simulation time 21.101,900,000 s)
2024-06-04 00:13:02,568 INFO  - Received CAM message from veh_10 (at simulation time 21.101,900,000 s)
2024-06-04 00:13:02,568 INFO  - Received CAM message from veh_2 (at simulation time 21.102,400,000 s)
2024-06-04 00:13:02,568 INFO  - Atempting to process queue (at simulation time 21.200,000,000 s)
2024-06-04 00:13:02,568 INFO  - Vehicle is outside the detection area. (at simulation time 21.200,000,000 s)
2024-06-04 00:13:02,568 INFO  - Sent broadcast CAM message to all vehicles (at simulation time 21.200,000,000 s)
2024-06-04 00:13:02,568 INFO  - Received CAM message from veh_10 (at simulation time 21.200,400,000 s)
2024-06-04 00:13:02,569 INFO  - Received CAM message from veh_2 (at simulation time 21.200,900,000 s)
2024-06-04 00:13:02,569 INFO  - Received CAM message from veh_9 (at simulation time 21.201,900,000 s)
2024-06-04 00:13:02,569 INFO  - Received CAM message from veh_6 (at simulation time 21.201,900,000 s)
2024-06-04 00:13:02,569 INFO  - Atempting to process queue (at simulation time 21.300,000,000 s)
2024-06-04 00:13:02,569 INFO  - Vehicle is outside the detection area. (at simulation time 21.300,000,000 s)
2024-06-04 00:13:02,569 INFO  - Sent broadcast CAM message to all vehicles (at simulation time 21.300,000,000 s)
2024-06-04 00:13:02,570 INFO  - Received CAM message from veh_10 (at simulation time 21.300,900,000 s)
2024-06-04 00:13:02,570 INFO  - Received CAM message from veh_6 (at simulation time 21.300,900,000 s)
2024-06-04 00:13:02,570 INFO  - Received CAM message from veh_2 (at simulation time 21.301,400,000 s)
2024-06-04 00:13:02,570 INFO  - Received CAM message from veh_9 (at simulation time 21.302,400,000 s)
2024-06-04 00:13:02,570 INFO  - Atempting to process queue (at simulation time 21.400,000,000 s)
2024-06-04 00:13:02,570 INFO  - Vehicle is outside the detection area. (at simulation time 21.400,000,000 s)
2024-06-04 00:13:02,570 INFO  - Sent broadcast CAM message to all vehicles (at simulation time 21.400,000,000 s)
2024-06-04 00:13:02,571 INFO  - Received CAM message from veh_2 (at simulation time 21.400,400,000 s)
2024-06-04 00:13:02,571 INFO  - Received CAM message from veh_10 (at simulation time 21.401,400,000 s)
2024-06-04 00:13:02,571 INFO  - Received CAM message from veh_6 (at simulation time 21.401,400,000 s)
2024-06-04 00:13:02,571 INFO  - Received CAM message from veh_9 (at simulation time 21.401,900,000 s)
2024-06-04 00:13:02,571 INFO  - Atempting to process queue (at simulation time 21.500,000,000 s)
2024-06-04 00:13:02,571 INFO  - Vehicle is outside the detection area. (at simulation time 21.500,000,000 s)
2024-06-04 00:13:02,571 INFO  - Sent broadcast CAM message to all vehicles (at simulation time 21.500,000,000 s)
2024-06-04 00:13:02,572 INFO  - Received CAM message from veh_6 (at simulation time 21.500,400,000 s)
2024-06-04 00:13:02,572 INFO  - Received CAM message from veh_10 (at simulation time 21.500,900,000 s)
2024-06-04 00:13:02,572 INFO  - Received CAM message from veh_9 (at simulation time 21.501,400,000 s)
2024-06-04 00:13:02,572 INFO  - Received CAM message from veh_2 (at simulation time 21.501,400,000 s)
2024-06-04 00:13:02,572 INFO  - Atempting to process queue (at simulation time 21.600,000,000 s)
2024-06-04 00:13:02,572 INFO  - Vehicle is outside the detection area. (at simulation time 21.600,000,000 s)
2024-06-04 00:13:02,572 INFO  - Sent broadcast CAM message to all vehicles (at simulation time 21.600,000,000 s)
2024-06-04 00:13:02,573 INFO  - Received CAM message from veh_2 (at simulation time 21.600,900,000 s)
2024-06-04 00:13:02,573 INFO  - Received CAM message from veh_10 (at simulation time 21.601,400,000 s)
2024-06-04 00:13:02,573 INFO  - Received CAM message from veh_6 (at simulation time 21.601,400,000 s)
2024-06-04 00:13:02,573 INFO  - Received CAM message from veh_9 (at simulation time 21.601,900,000 s)
2024-06-04 00:13:02,573 INFO  - Atempting to process queue (at simulation time 21.700,000,000 s)
2024-06-04 00:13:02,573 INFO  - Vehicle is outside the detection area. (at simulation time 21.700,000,000 s)
2024-06-04 00:13:02,573 INFO  - Sent broadcast CAM message to all vehicles (at simulation time 21.700,000,000 s)
2024-06-04 00:13:02,574 INFO  - Received CAM message from veh_9 (at simulation time 21.700,900,000 s)
2024-06-04 00:13:02,574 INFO  - Received CAM message from veh_6 (at simulation time 21.700,900,000 s)
2024-06-04 00:13:02,575 INFO  - Received CAM message from veh_2 (at simulation time 21.701,400,000 s)
2024-06-04 00:13:02,575 INFO  - Received CAM message from veh_10 (at simulation time 21.701,900,000 s)
2024-06-04 00:13:02,575 INFO  - Atempting to process queue (at simulation time 21.800,000,000 s)
2024-06-04 00:13:02,575 INFO  - Vehicle is outside the detection area. (at simulation time 21.800,000,000 s)
2024-06-04 00:13:02,575 INFO  - Sent broadcast CAM message to all vehicles (at simulation time 21.800,000,000 s)
2024-06-04 00:13:02,576 INFO  - Received CAM message from veh_10 (at simulation time 21.800,400,000 s)
2024-06-04 00:13:02,576 INFO  - Received CAM message from veh_6 (at simulation time 21.800,400,000 s)
2024-06-04 00:13:02,576 INFO  - Received CAM message from veh_9 (at simulation time 21.802,400,000 s)
2024-06-04 00:13:02,576 INFO  - Received CAM message from veh_2 (at simulation time 21.802,400,000 s)
2024-06-04 00:13:02,576 INFO  - Atempting to process queue (at simulation time 21.900,000,000 s)
2024-06-04 00:13:02,576 INFO  - Vehicle is outside the detection area. (at simulation time 21.900,000,000 s)
2024-06-04 00:13:02,576 INFO  - Sent broadcast CAM message to all vehicles (at simulation time 21.900,000,000 s)
2024-06-04 00:13:02,577 INFO  - Received CAM message from veh_9 (at simulation time 21.900,400,000 s)
2024-06-04 00:13:02,577 INFO  - Received CAM message from veh_10 (at simulation time 21.900,900,000 s)
2024-06-04 00:13:02,577 INFO  - Received CAM message from veh_2 (at simulation time 21.900,900,000 s)
2024-06-04 00:13:02,577 INFO  - Received CAM message from veh_6 (at simulation time 21.901,900,000 s)
2024-06-04 00:13:02,582 INFO  - Atempting to process queue (at simulation time 22.000,000,000 s)
2024-06-04 00:13:02,582 INFO  - Vehicle is outside the detection area. (at simulation time 22.000,000,000 s)
2024-06-04 00:13:02,582 INFO  - Sent broadcast CAM message to all vehicles (at simulation time 22.000,000,000 s)
2024-06-04 00:13:02,583 INFO  - Received CAM message from veh_2 (at simulation time 22.001,900,000 s)
2024-06-04 00:13:02,583 INFO  - Received CAM message from veh_9 (at simulation time 22.002,400,000 s)
2024-06-04 00:13:02,584 INFO  - Atempting to process queue (at simulation time 22.100,000,000 s)
2024-06-04 00:13:02,584 INFO  - Vehicle is outside the detection area. (at simulation time 22.100,000,000 s)
2024-06-04 00:13:02,584 INFO  - Sent broadcast CAM message to all vehicles (at simulation time 22.100,000,000 s)
2024-06-04 00:13:02,585 INFO  - Received CAM message from veh_2 (at simulation time 22.101,900,000 s)
2024-06-04 00:13:02,585 INFO  - Received CAM message from veh_9 (at simulation time 22.102,400,000 s)
2024-06-04 00:13:02,585 INFO  - Atempting to process queue (at simulation time 22.200,000,000 s)
2024-06-04 00:13:02,585 INFO  - Vehicle is outside the detection area. (at simulation time 22.200,000,000 s)
2024-06-04 00:13:02,585 INFO  - Sent broadcast CAM message to all vehicles (at simulation time 22.200,000,000 s)
2024-06-04 00:13:02,586 INFO  - Received CAM message from veh_9 (at simulation time 22.200,400,000 s)
2024-06-04 00:13:02,587 INFO  - Received CAM message from veh_2 (at simulation time 22.200,900,000 s)
2024-06-04 00:13:02,587 INFO  - Atempting to process queue (at simulation time 22.300,000,000 s)
2024-06-04 00:13:02,587 INFO  - Vehicle is outside the detection area. (at simulation time 22.300,000,000 s)
2024-06-04 00:13:02,587 INFO  - Sent broadcast CAM message to all vehicles (at simulation time 22.300,000,000 s)
2024-06-04 00:13:02,588 INFO  - Received CAM message from veh_9 (at simulation time 22.300,400,000 s)
2024-06-04 00:13:02,588 INFO  - Received CAM message from veh_2 (at simulation time 22.301,400,000 s)
2024-06-04 00:13:02,589 INFO  - Atempting to process queue (at simulation time 22.400,000,000 s)
2024-06-04 00:13:02,589 INFO  - Vehicle is outside the detection area. (at simulation time 22.400,000,000 s)
2024-06-04 00:13:02,589 INFO  - Sent broadcast CAM message to all vehicles (at simulation time 22.400,000,000 s)
2024-06-04 00:13:02,589 INFO  - Received CAM message from veh_2 (at simulation time 22.401,900,000 s)
2024-06-04 00:13:02,589 INFO  - Received CAM message from veh_9 (at simulation time 22.402,400,000 s)
2024-06-04 00:13:02,590 INFO  - Atempting to process queue (at simulation time 22.500,000,000 s)
2024-06-04 00:13:02,590 INFO  - Vehicle is outside the detection area. (at simulation time 22.500,000,000 s)
2024-06-04 00:13:02,590 INFO  - Sent broadcast CAM message to all vehicles (at simulation time 22.500,000,000 s)
2024-06-04 00:13:02,590 INFO  - Received CAM message from veh_9 (at simulation time 22.500,400,000 s)
2024-06-04 00:13:02,590 INFO  - Received CAM message from veh_2 (at simulation time 22.501,900,000 s)
2024-06-04 00:13:02,590 INFO  - Atempting to process queue (at simulation time 22.600,000,000 s)
2024-06-04 00:13:02,590 INFO  - Vehicle is outside the detection area. (at simulation time 22.600,000,000 s)
2024-06-04 00:13:02,590 INFO  - Sent broadcast CAM message to all vehicles (at simulation time 22.600,000,000 s)
2024-06-04 00:13:02,591 INFO  - Received CAM message from veh_2 (at simulation time 22.600,900,000 s)
2024-06-04 00:13:02,591 INFO  - Received CAM message from veh_9 (at simulation time 22.602,400,000 s)
2024-06-04 00:13:02,591 INFO  - Atempting to process queue (at simulation time 22.700,000,000 s)
2024-06-04 00:13:02,591 INFO  - Vehicle is outside the detection area. (at simulation time 22.700,000,000 s)
2024-06-04 00:13:02,591 INFO  - Sent broadcast CAM message to all vehicles (at simulation time 22.700,000,000 s)
2024-06-04 00:13:02,592 INFO  - Received CAM message from veh_2 (at simulation time 22.701,400,000 s)
2024-06-04 00:13:02,592 INFO  - Received CAM message from veh_9 (at simulation time 22.701,900,000 s)
2024-06-04 00:13:02,592 INFO  - Atempting to process queue (at simulation time 22.800,000,000 s)
2024-06-04 00:13:02,592 INFO  - Vehicle is outside the detection area. (at simulation time 22.800,000,000 s)
2024-06-04 00:13:02,592 INFO  - Sent broadcast CAM message to all vehicles (at simulation time 22.800,000,000 s)
2024-06-04 00:13:02,593 INFO  - Received CAM message from veh_9 (at simulation time 22.800,900,000 s)
2024-06-04 00:13:02,593 INFO  - Received CAM message from veh_2 (at simulation time 22.801,400,000 s)
2024-06-04 00:13:02,594 INFO  - Atempting to process queue (at simulation time 22.900,000,000 s)
2024-06-04 00:13:02,594 INFO  - Vehicle is outside the detection area. (at simulation time 22.900,000,000 s)
2024-06-04 00:13:02,594 INFO  - Sent broadcast CAM message to all vehicles (at simulation time 22.900,000,000 s)
2024-06-04 00:13:02,595 INFO  - Received CAM message from veh_2 (at simulation time 22.901,400,000 s)
2024-06-04 00:13:02,595 INFO  - Received CAM message from veh_9 (at simulation time 22.901,900,000 s)
2024-06-04 00:13:02,597 INFO  - Atempting to process queue (at simulation time 23.000,000,000 s)
2024-06-04 00:13:02,597 INFO  - Vehicle is outside the detection area. (at simulation time 23.000,000,000 s)
2024-06-04 00:13:02,597 INFO  - Sent broadcast CAM message to all vehicles (at simulation time 23.000,000,000 s)
2024-06-04 00:13:02,598 INFO  - Atempting to process queue (at simulation time 23.100,000,000 s)
2024-06-04 00:13:02,598 INFO  - Vehicle is outside the detection area. (at simulation time 23.100,000,000 s)
2024-06-04 00:13:02,598 INFO  - Sent broadcast CAM message to all vehicles (at simulation time 23.100,000,000 s)
2024-06-04 00:13:02,600 INFO  - Atempting to process queue (at simulation time 23.200,000,000 s)
2024-06-04 00:13:02,600 INFO  - Vehicle is outside the detection area. (at simulation time 23.200,000,000 s)
2024-06-04 00:13:02,600 INFO  - Sent broadcast CAM message to all vehicles (at simulation time 23.200,000,000 s)
2024-06-04 00:13:02,601 INFO  - Atempting to process queue (at simulation time 23.300,000,000 s)
2024-06-04 00:13:02,601 INFO  - Vehicle is outside the detection area. (at simulation time 23.300,000,000 s)
2024-06-04 00:13:02,601 INFO  - Sent broadcast CAM message to all vehicles (at simulation time 23.300,000,000 s)
2024-06-04 00:13:02,602 INFO  - Atempting to process queue (at simulation time 23.400,000,000 s)
2024-06-04 00:13:02,602 INFO  - Vehicle is outside the detection area. (at simulation time 23.400,000,000 s)
2024-06-04 00:13:02,602 INFO  - Sent broadcast CAM message to all vehicles (at simulation time 23.400,000,000 s)
2024-06-04 00:13:02,603 INFO  - Atempting to process queue (at simulation time 23.500,000,000 s)
2024-06-04 00:13:02,603 INFO  - Vehicle is outside the detection area. (at simulation time 23.500,000,000 s)
2024-06-04 00:13:02,603 INFO  - Sent broadcast CAM message to all vehicles (at simulation time 23.500,000,000 s)
2024-06-04 00:13:02,604 INFO  - Atempting to process queue (at simulation time 23.600,000,000 s)
2024-06-04 00:13:02,604 INFO  - Vehicle is outside the detection area. (at simulation time 23.600,000,000 s)
2024-06-04 00:13:02,604 INFO  - Sent broadcast CAM message to all vehicles (at simulation time 23.600,000,000 s)
2024-06-04 00:13:02,605 INFO  - Atempting to process queue (at simulation time 23.700,000,000 s)
2024-06-04 00:13:02,605 INFO  - Vehicle is outside the detection area. (at simulation time 23.700,000,000 s)
2024-06-04 00:13:02,605 INFO  - Sent broadcast CAM message to all vehicles (at simulation time 23.700,000,000 s)
2024-06-04 00:13:02,609 INFO  - Atempting to process queue (at simulation time 23.800,000,000 s)
2024-06-04 00:13:02,609 INFO  - Vehicle is outside the detection area. (at simulation time 23.800,000,000 s)
2024-06-04 00:13:02,609 INFO  - Sent broadcast CAM message to all vehicles (at simulation time 23.800,000,000 s)
2024-06-04 00:13:02,613 INFO  - Atempting to process queue (at simulation time 23.900,000,000 s)
2024-06-04 00:13:02,613 INFO  - Vehicle is outside the detection area. (at simulation time 23.900,000,000 s)
2024-06-04 00:13:02,613 INFO  - Sent broadcast CAM message to all vehicles (at simulation time 23.900,000,000 s)
2024-06-04 00:13:02,619 INFO  - Vehicle is outside the detection area. (at simulation time 24.000,000,000 s)
2024-06-04 00:13:02,619 INFO  - Sent broadcast CAM message to all vehicles (at simulation time 24.000,000,000 s)
2024-06-04 00:13:02,621 INFO  - Vehicle is outside the detection area. (at simulation time 24.100,000,000 s)
2024-06-04 00:13:02,621 INFO  - Sent broadcast CAM message to all vehicles (at simulation time 24.100,000,000 s)
2024-06-04 00:13:02,622 INFO  - Vehicle is outside the detection area. (at simulation time 24.200,000,000 s)
2024-06-04 00:13:02,625 INFO  - Sent broadcast CAM message to all vehicles (at simulation time 24.200,000,000 s)
2024-06-04 00:13:02,626 INFO  - Vehicle is outside the detection area. (at simulation time 24.300,000,000 s)
2024-06-04 00:13:02,626 INFO  - Sent broadcast CAM message to all vehicles (at simulation time 24.300,000,000 s)
2024-06-04 00:13:02,627 INFO  - Vehicle is outside the detection area. (at simulation time 24.400,000,000 s)
2024-06-04 00:13:02,627 INFO  - Sent broadcast CAM message to all vehicles (at simulation time 24.400,000,000 s)
2024-06-04 00:13:02,628 INFO  - Vehicle is outside the detection area. (at simulation time 24.500,000,000 s)
2024-06-04 00:13:02,628 INFO  - Sent broadcast CAM message to all vehicles (at simulation time 24.500,000,000 s)
2024-06-04 00:13:02,629 INFO  - Vehicle is outside the detection area. (at simulation time 24.600,000,000 s)
2024-06-04 00:13:02,629 INFO  - Sent broadcast CAM message to all vehicles (at simulation time 24.600,000,000 s)
2024-06-04 00:13:02,630 INFO  - Vehicle is outside the detection area. (at simulation time 24.700,000,000 s)
2024-06-04 00:13:02,630 INFO  - Sent broadcast CAM message to all vehicles (at simulation time 24.700,000,000 s)
2024-06-04 00:13:02,632 INFO  - Vehicle is outside the detection area. (at simulation time 24.800,000,000 s)
2024-06-04 00:13:02,632 INFO  - Sent broadcast CAM message to all vehicles (at simulation time 24.800,000,000 s)
2024-06-04 00:13:02,634 INFO  - Vehicle is outside the detection area. (at simulation time 24.900,000,000 s)
2024-06-04 00:13:02,634 INFO  - Sent broadcast CAM message to all vehicles (at simulation time 24.900,000,000 s)
2024-06-04 00:13:02,652 INFO  - Vehicle is outside the detection area. (at simulation time 25.000,000,000 s)
2024-06-04 00:13:02,652 INFO  - Sent broadcast CAM message to all vehicles (at simulation time 25.000,000,000 s)
2024-06-04 00:13:02,653 INFO  - Vehicle is outside the detection area. (at simulation time 25.100,000,000 s)
2024-06-04 00:13:02,653 INFO  - Sent broadcast CAM message to all vehicles (at simulation time 25.100,000,000 s)
2024-06-04 00:13:02,654 INFO  - Vehicle is outside the detection area. (at simulation time 25.200,000,000 s)
2024-06-04 00:13:02,654 INFO  - Sent broadcast CAM message to all vehicles (at simulation time 25.200,000,000 s)
2024-06-04 00:13:02,656 INFO  - Vehicle is outside the detection area. (at simulation time 25.300,000,000 s)
2024-06-04 00:13:02,656 INFO  - Sent broadcast CAM message to all vehicles (at simulation time 25.300,000,000 s)
2024-06-04 00:13:02,657 INFO  - Vehicle is outside the detection area. (at simulation time 25.400,000,000 s)
2024-06-04 00:13:02,657 INFO  - Sent broadcast CAM message to all vehicles (at simulation time 25.400,000,000 s)
2024-06-04 00:13:02,658 INFO  - Vehicle is outside the detection area. (at simulation time 25.500,000,000 s)
2024-06-04 00:13:02,658 INFO  - Sent broadcast CAM message to all vehicles (at simulation time 25.500,000,000 s)
2024-06-04 00:13:02,660 INFO  - Vehicle is outside the detection area. (at simulation time 25.600,000,000 s)
2024-06-04 00:13:02,660 INFO  - Sent broadcast CAM message to all vehicles (at simulation time 25.600,000,000 s)
2024-06-04 00:13:02,664 INFO  - Vehicle is outside the detection area. (at simulation time 25.700,000,000 s)
2024-06-04 00:13:02,664 INFO  - Sent broadcast CAM message to all vehicles (at simulation time 25.700,000,000 s)
2024-06-04 00:13:02,666 INFO  - Vehicle is outside the detection area. (at simulation time 25.800,000,000 s)
2024-06-04 00:13:02,666 INFO  - Sent broadcast CAM message to all vehicles (at simulation time 25.800,000,000 s)
2024-06-04 00:13:02,669 INFO  - Vehicle is outside the detection area. (at simulation time 25.900,000,000 s)
2024-06-04 00:13:02,669 INFO  - Sent broadcast CAM message to all vehicles (at simulation time 25.900,000,000 s)
2024-06-04 00:13:02,677 INFO  - Vehicle is outside the detection area. (at simulation time 26.000,000,000 s)
2024-06-04 00:13:02,677 INFO  - Sent broadcast CAM message to all vehicles (at simulation time 26.000,000,000 s)
2024-06-04 00:13:02,678 INFO  - Vehicle is outside the detection area. (at simulation time 26.100,000,000 s)
2024-06-04 00:13:02,678 INFO  - Sent broadcast CAM message to all vehicles (at simulation time 26.100,000,000 s)
2024-06-04 00:13:02,680 INFO  - Vehicle is outside the detection area. (at simulation time 26.200,000,000 s)
2024-06-04 00:13:02,680 INFO  - Sent broadcast CAM message to all vehicles (at simulation time 26.200,000,000 s)
2024-06-04 00:13:02,682 INFO  - Vehicle is outside the detection area. (at simulation time 26.300,000,000 s)
2024-06-04 00:13:02,682 INFO  - Sent broadcast CAM message to all vehicles (at simulation time 26.300,000,000 s)
2024-06-04 00:13:02,683 INFO  - Vehicle is outside the detection area. (at simulation time 26.400,000,000 s)
2024-06-04 00:13:02,683 INFO  - Sent broadcast CAM message to all vehicles (at simulation time 26.400,000,000 s)
2024-06-04 00:13:02,684 INFO  - Vehicle is outside the detection area. (at simulation time 26.500,000,000 s)
2024-06-04 00:13:02,685 INFO  - Sent broadcast CAM message to all vehicles (at simulation time 26.500,000,000 s)
2024-06-04 00:13:02,686 INFO  - Vehicle is outside the detection area. (at simulation time 26.600,000,000 s)
2024-06-04 00:13:02,686 INFO  - Sent broadcast CAM message to all vehicles (at simulation time 26.600,000,000 s)
2024-06-04 00:13:02,687 INFO  - Vehicle is outside the detection area. (at simulation time 26.700,000,000 s)
2024-06-04 00:13:02,688 INFO  - Sent broadcast CAM message to all vehicles (at simulation time 26.700,000,000 s)
2024-06-04 00:13:02,689 INFO  - Vehicle is outside the detection area. (at simulation time 26.800,000,000 s)
2024-06-04 00:13:02,689 INFO  - Sent broadcast CAM message to all vehicles (at simulation time 26.800,000,000 s)
2024-06-04 00:13:02,690 INFO  - Vehicle is outside the detection area. (at simulation time 26.900,000,000 s)
2024-06-04 00:13:02,690 INFO  - Sent broadcast CAM message to all vehicles (at simulation time 26.900,000,000 s)
2024-06-04 00:13:02,696 INFO  - Vehicle is outside the detection area. (at simulation time 27.000,000,000 s)
2024-06-04 00:13:02,696 INFO  - Sent broadcast CAM message to all vehicles (at simulation time 27.000,000,000 s)
2024-06-04 00:13:02,698 INFO  - Vehicle is outside the detection area. (at simulation time 27.100,000,000 s)
2024-06-04 00:13:02,698 INFO  - Sent broadcast CAM message to all vehicles (at simulation time 27.100,000,000 s)
2024-06-04 00:13:02,701 INFO  - Vehicle is outside the detection area. (at simulation time 27.200,000,000 s)
2024-06-04 00:13:02,701 INFO  - Sent broadcast CAM message to all vehicles (at simulation time 27.200,000,000 s)
2024-06-04 00:13:02,703 INFO  - Vehicle is outside the detection area. (at simulation time 27.300,000,000 s)
2024-06-04 00:13:02,703 INFO  - Sent broadcast CAM message to all vehicles (at simulation time 27.300,000,000 s)
2024-06-04 00:13:02,705 INFO  - Vehicle is outside the detection area. (at simulation time 27.400,000,000 s)
2024-06-04 00:13:02,705 INFO  - Sent broadcast CAM message to all vehicles (at simulation time 27.400,000,000 s)
2024-06-04 00:13:02,706 INFO  - Vehicle is outside the detection area. (at simulation time 27.500,000,000 s)
2024-06-04 00:13:02,706 INFO  - Sent broadcast CAM message to all vehicles (at simulation time 27.500,000,000 s)
2024-06-04 00:13:02,707 INFO  - Vehicle is outside the detection area. (at simulation time 27.600,000,000 s)
2024-06-04 00:13:02,707 INFO  - Sent broadcast CAM message to all vehicles (at simulation time 27.600,000,000 s)
2024-06-04 00:13:02,710 INFO  - Vehicle is outside the detection area. (at simulation time 27.700,000,000 s)
2024-06-04 00:13:02,710 INFO  - Sent broadcast CAM message to all vehicles (at simulation time 27.700,000,000 s)
2024-06-04 00:13:02,711 INFO  - Vehicle is outside the detection area. (at simulation time 27.800,000,000 s)
2024-06-04 00:13:02,711 INFO  - Sent broadcast CAM message to all vehicles (at simulation time 27.800,000,000 s)
2024-06-04 00:13:02,712 INFO  - Vehicle is outside the detection area. (at simulation time 27.900,000,000 s)
2024-06-04 00:13:02,712 INFO  - Sent broadcast CAM message to all vehicles (at simulation time 27.900,000,000 s)
2024-06-04 00:13:02,720 INFO  - Shutdown application (at simulation time 28.000,000,000 s)
