2024-06-04 00:13:09,287 INFO  - Initialize application (at simulation time 259.000,000,000 s)
2024-06-04 00:13:09,287 INFO  - Activated WLAN Module (at simulation time 259.000,000,000 s)
2024-06-04 00:13:09,287 INFO  - Vehicle is outside the detection area. (at simulation time 259.000,000,000 s)
2024-06-04 00:13:09,288 INFO  - Sent broadcast CAM message to all vehicles (at simulation time 259.000,000,000 s)
2024-06-04 00:13:09,291 INFO  - Vehicle is outside the detection area. (at simulation time 259.100,000,000 s)
2024-06-04 00:13:09,291 INFO  - Sent broadcast CAM message to all vehicles (at simulation time 259.100,000,000 s)
2024-06-04 00:13:09,292 INFO  - Vehicle is outside the detection area. (at simulation time 259.200,000,000 s)
2024-06-04 00:13:09,292 INFO  - Sent broadcast CAM message to all vehicles (at simulation time 259.200,000,000 s)
2024-06-04 00:13:09,294 INFO  - Vehicle is outside the detection area. (at simulation time 259.300,000,000 s)
2024-06-04 00:13:09,294 INFO  - Sent broadcast CAM message to all vehicles (at simulation time 259.300,000,000 s)
2024-06-04 00:13:09,295 INFO  - Vehicle is outside the detection area. (at simulation time 259.400,000,000 s)
2024-06-04 00:13:09,295 INFO  - Sent broadcast CAM message to all vehicles (at simulation time 259.400,000,000 s)
2024-06-04 00:13:09,296 INFO  - Vehicle is outside the detection area. (at simulation time 259.500,000,000 s)
2024-06-04 00:13:09,296 INFO  - Sent broadcast CAM message to all vehicles (at simulation time 259.500,000,000 s)
2024-06-04 00:13:09,298 INFO  - Vehicle is outside the detection area. (at simulation time 259.600,000,000 s)
2024-06-04 00:13:09,298 INFO  - Sent broadcast CAM message to all vehicles (at simulation time 259.600,000,000 s)
2024-06-04 00:13:09,300 INFO  - Vehicle is outside the detection area. (at simulation time 259.700,000,000 s)
2024-06-04 00:13:09,300 INFO  - Sent broadcast CAM message to all vehicles (at simulation time 259.700,000,000 s)
2024-06-04 00:13:09,301 INFO  - Vehicle is outside the detection area. (at simulation time 259.800,000,000 s)
2024-06-04 00:13:09,301 INFO  - Sent broadcast CAM message to all vehicles (at simulation time 259.800,000,000 s)
2024-06-04 00:13:09,303 INFO  - Vehicle is outside the detection area. (at simulation time 259.900,000,000 s)
2024-06-04 00:13:09,303 INFO  - Sent broadcast CAM message to all vehicles (at simulation time 259.900,000,000 s)
2024-06-04 00:13:09,309 INFO  - Vehicle is outside the detection area. (at simulation time 260.000,000,000 s)
2024-06-04 00:13:09,309 INFO  - Sent broadcast CAM message to all vehicles (at simulation time 260.000,000,000 s)
2024-06-04 00:13:09,311 INFO  - Vehicle is outside the detection area. (at simulation time 260.100,000,000 s)
2024-06-04 00:13:09,311 INFO  - Sent broadcast CAM message to all vehicles (at simulation time 260.100,000,000 s)
2024-06-04 00:13:09,312 INFO  - Vehicle is outside the detection area. (at simulation time 260.200,000,000 s)
2024-06-04 00:13:09,312 INFO  - Sent broadcast CAM message to all vehicles (at simulation time 260.200,000,000 s)
2024-06-04 00:13:09,314 INFO  - Vehicle is outside the detection area. (at simulation time 260.300,000,000 s)
2024-06-04 00:13:09,314 INFO  - Sent broadcast CAM message to all vehicles (at simulation time 260.300,000,000 s)
2024-06-04 00:13:09,315 INFO  - Vehicle is outside the detection area. (at simulation time 260.400,000,000 s)
2024-06-04 00:13:09,315 INFO  - Sent broadcast CAM message to all vehicles (at simulation time 260.400,000,000 s)
2024-06-04 00:13:09,316 INFO  - Vehicle is outside the detection area. (at simulation time 260.500,000,000 s)
2024-06-04 00:13:09,316 INFO  - Sent broadcast CAM message to all vehicles (at simulation time 260.500,000,000 s)
2024-06-04 00:13:09,318 INFO  - Vehicle is outside the detection area. (at simulation time 260.600,000,000 s)
2024-06-04 00:13:09,318 INFO  - Sent broadcast CAM message to all vehicles (at simulation time 260.600,000,000 s)
2024-06-04 00:13:09,319 INFO  - Vehicle is outside the detection area. (at simulation time 260.700,000,000 s)
2024-06-04 00:13:09,319 INFO  - Sent broadcast CAM message to all vehicles (at simulation time 260.700,000,000 s)
2024-06-04 00:13:09,321 INFO  - Vehicle is outside the detection area. (at simulation time 260.800,000,000 s)
2024-06-04 00:13:09,321 INFO  - Sent broadcast CAM message to all vehicles (at simulation time 260.800,000,000 s)
2024-06-04 00:13:09,323 INFO  - Vehicle is outside the detection area. (at simulation time 260.900,000,000 s)
2024-06-04 00:13:09,323 INFO  - Sent broadcast CAM message to all vehicles (at simulation time 260.900,000,000 s)
2024-06-04 00:13:09,328 INFO  - Vehicle is inside the detection area. (at simulation time 261.000,000,000 s)
2024-06-04 00:13:09,328 INFO  - Vehicle is too far away from the traffic light. (at simulation time 261.000,000,000 s)
2024-06-04 00:13:09,328 INFO  - No vehicles in range. (at simulation time 261.000,000,000 s)
2024-06-04 00:13:09,328 INFO  - Neither the RSU nor any vehicle is in range. (at simulation time 261.000,000,000 s)
2024-06-04 00:13:09,328 INFO  - Sent broadcast CAM message to all vehicles (at simulation time 261.000,000,000 s)
2024-06-04 00:13:09,330 INFO  - Vehicle is inside the detection area. (at simulation time 261.100,000,000 s)
2024-06-04 00:13:09,330 INFO  - Vehicle is too far away from the traffic light. (at simulation time 261.100,000,000 s)
2024-06-04 00:13:09,330 INFO  - No vehicles in range. (at simulation time 261.100,000,000 s)
2024-06-04 00:13:09,330 INFO  - Neither the RSU nor any vehicle is in range. (at simulation time 261.100,000,000 s)
2024-06-04 00:13:09,330 INFO  - Sent broadcast CAM message to all vehicles (at simulation time 261.100,000,000 s)
2024-06-04 00:13:09,331 INFO  - Vehicle is inside the detection area. (at simulation time 261.200,000,000 s)
2024-06-04 00:13:09,331 INFO  - Vehicle is too far away from the traffic light. (at simulation time 261.200,000,000 s)
2024-06-04 00:13:09,331 INFO  - No vehicles in range. (at simulation time 261.200,000,000 s)
2024-06-04 00:13:09,331 INFO  - Neither the RSU nor any vehicle is in range. (at simulation time 261.200,000,000 s)
2024-06-04 00:13:09,331 INFO  - Sent broadcast CAM message to all vehicles (at simulation time 261.200,000,000 s)
2024-06-04 00:13:09,332 INFO  - Vehicle is inside the detection area. (at simulation time 261.300,000,000 s)
2024-06-04 00:13:09,332 INFO  - Vehicle is too far away from the traffic light. (at simulation time 261.300,000,000 s)
2024-06-04 00:13:09,332 INFO  - No vehicles in range. (at simulation time 261.300,000,000 s)
2024-06-04 00:13:09,332 INFO  - Neither the RSU nor any vehicle is in range. (at simulation time 261.300,000,000 s)
2024-06-04 00:13:09,332 INFO  - Sent broadcast CAM message to all vehicles (at simulation time 261.300,000,000 s)
2024-06-04 00:13:09,334 INFO  - Vehicle is inside the detection area. (at simulation time 261.400,000,000 s)
2024-06-04 00:13:09,334 INFO  - Vehicle is too far away from the traffic light. (at simulation time 261.400,000,000 s)
2024-06-04 00:13:09,334 INFO  - No vehicles in range. (at simulation time 261.400,000,000 s)
2024-06-04 00:13:09,334 INFO  - Neither the RSU nor any vehicle is in range. (at simulation time 261.400,000,000 s)
2024-06-04 00:13:09,334 INFO  - Sent broadcast CAM message to all vehicles (at simulation time 261.400,000,000 s)
2024-06-04 00:13:09,335 INFO  - Vehicle is inside the detection area. (at simulation time 261.500,000,000 s)
2024-06-04 00:13:09,335 INFO  - Vehicle is too far away from the traffic light. (at simulation time 261.500,000,000 s)
2024-06-04 00:13:09,335 INFO  - No vehicles in range. (at simulation time 261.500,000,000 s)
2024-06-04 00:13:09,335 INFO  - Neither the RSU nor any vehicle is in range. (at simulation time 261.500,000,000 s)
2024-06-04 00:13:09,335 INFO  - Sent broadcast CAM message to all vehicles (at simulation time 261.500,000,000 s)
2024-06-04 00:13:09,337 INFO  - Vehicle is inside the detection area. (at simulation time 261.600,000,000 s)
2024-06-04 00:13:09,337 INFO  - Vehicle is too far away from the traffic light. (at simulation time 261.600,000,000 s)
2024-06-04 00:13:09,337 INFO  - No vehicles in range. (at simulation time 261.600,000,000 s)
2024-06-04 00:13:09,337 INFO  - Neither the RSU nor any vehicle is in range. (at simulation time 261.600,000,000 s)
2024-06-04 00:13:09,337 INFO  - Sent broadcast CAM message to all vehicles (at simulation time 261.600,000,000 s)
2024-06-04 00:13:09,338 INFO  - Vehicle is inside the detection area. (at simulation time 261.700,000,000 s)
2024-06-04 00:13:09,338 INFO  - Vehicle is too far away from the traffic light. (at simulation time 261.700,000,000 s)
2024-06-04 00:13:09,338 INFO  - No vehicles in range. (at simulation time 261.700,000,000 s)
2024-06-04 00:13:09,338 INFO  - Neither the RSU nor any vehicle is in range. (at simulation time 261.700,000,000 s)
2024-06-04 00:13:09,338 INFO  - Sent broadcast CAM message to all vehicles (at simulation time 261.700,000,000 s)
2024-06-04 00:13:09,340 INFO  - Vehicle is inside the detection area. (at simulation time 261.800,000,000 s)
2024-06-04 00:13:09,340 INFO  - Vehicle is too far away from the traffic light. (at simulation time 261.800,000,000 s)
2024-06-04 00:13:09,340 INFO  - No vehicles in range. (at simulation time 261.800,000,000 s)
2024-06-04 00:13:09,340 INFO  - Neither the RSU nor any vehicle is in range. (at simulation time 261.800,000,000 s)
2024-06-04 00:13:09,340 INFO  - Sent broadcast CAM message to all vehicles (at simulation time 261.800,000,000 s)
2024-06-04 00:13:09,341 INFO  - Vehicle is inside the detection area. (at simulation time 261.900,000,000 s)
2024-06-04 00:13:09,341 INFO  - Vehicle is too far away from the traffic light. (at simulation time 261.900,000,000 s)
2024-06-04 00:13:09,341 INFO  - No vehicles in range. (at simulation time 261.900,000,000 s)
2024-06-04 00:13:09,341 INFO  - Neither the RSU nor any vehicle is in range. (at simulation time 261.900,000,000 s)
2024-06-04 00:13:09,341 INFO  - Sent broadcast CAM message to all vehicles (at simulation time 261.900,000,000 s)
2024-06-04 00:13:09,347 INFO  - Vehicle is inside the detection area. (at simulation time 262.000,000,000 s)
2024-06-04 00:13:09,347 INFO  - Vehicle is too far away from the traffic light. (at simulation time 262.000,000,000 s)
2024-06-04 00:13:09,347 INFO  - No vehicles in range. (at simulation time 262.000,000,000 s)
2024-06-04 00:13:09,347 INFO  - Neither the RSU nor any vehicle is in range. (at simulation time 262.000,000,000 s)
2024-06-04 00:13:09,347 INFO  - Sent broadcast CAM message to all vehicles (at simulation time 262.000,000,000 s)
2024-06-04 00:13:09,349 INFO  - Vehicle is inside the detection area. (at simulation time 262.100,000,000 s)
2024-06-04 00:13:09,349 INFO  - Vehicle is too far away from the traffic light. (at simulation time 262.100,000,000 s)
2024-06-04 00:13:09,349 INFO  - No vehicles in range. (at simulation time 262.100,000,000 s)
2024-06-04 00:13:09,349 INFO  - Neither the RSU nor any vehicle is in range. (at simulation time 262.100,000,000 s)
2024-06-04 00:13:09,349 INFO  - Sent broadcast CAM message to all vehicles (at simulation time 262.100,000,000 s)
2024-06-04 00:13:09,350 INFO  - Vehicle is inside the detection area. (at simulation time 262.200,000,000 s)
2024-06-04 00:13:09,350 INFO  - Vehicle is too far away from the traffic light. (at simulation time 262.200,000,000 s)
2024-06-04 00:13:09,350 INFO  - No vehicles in range. (at simulation time 262.200,000,000 s)
2024-06-04 00:13:09,350 INFO  - Neither the RSU nor any vehicle is in range. (at simulation time 262.200,000,000 s)
2024-06-04 00:13:09,350 INFO  - Sent broadcast CAM message to all vehicles (at simulation time 262.200,000,000 s)
2024-06-04 00:13:09,352 INFO  - Vehicle is inside the detection area. (at simulation time 262.300,000,000 s)
2024-06-04 00:13:09,352 INFO  - Vehicle is too far away from the traffic light. (at simulation time 262.300,000,000 s)
2024-06-04 00:13:09,352 INFO  - No vehicles in range. (at simulation time 262.300,000,000 s)
2024-06-04 00:13:09,352 INFO  - Neither the RSU nor any vehicle is in range. (at simulation time 262.300,000,000 s)
2024-06-04 00:13:09,352 INFO  - Sent broadcast CAM message to all vehicles (at simulation time 262.300,000,000 s)
2024-06-04 00:13:09,353 INFO  - Vehicle is inside the detection area. (at simulation time 262.400,000,000 s)
2024-06-04 00:13:09,353 INFO  - Vehicle is too far away from the traffic light. (at simulation time 262.400,000,000 s)
2024-06-04 00:13:09,353 INFO  - No vehicles in range. (at simulation time 262.400,000,000 s)
2024-06-04 00:13:09,353 INFO  - Neither the RSU nor any vehicle is in range. (at simulation time 262.400,000,000 s)
2024-06-04 00:13:09,353 INFO  - Sent broadcast CAM message to all vehicles (at simulation time 262.400,000,000 s)
2024-06-04 00:13:09,355 INFO  - Vehicle is inside the detection area. (at simulation time 262.500,000,000 s)
2024-06-04 00:13:09,355 INFO  - Vehicle is too far away from the traffic light. (at simulation time 262.500,000,000 s)
2024-06-04 00:13:09,355 INFO  - No vehicles in range. (at simulation time 262.500,000,000 s)
2024-06-04 00:13:09,355 INFO  - Neither the RSU nor any vehicle is in range. (at simulation time 262.500,000,000 s)
2024-06-04 00:13:09,355 INFO  - Sent broadcast CAM message to all vehicles (at simulation time 262.500,000,000 s)
2024-06-04 00:13:09,356 INFO  - Vehicle is inside the detection area. (at simulation time 262.600,000,000 s)
2024-06-04 00:13:09,356 INFO  - Vehicle is too far away from the traffic light. (at simulation time 262.600,000,000 s)
2024-06-04 00:13:09,356 INFO  - No vehicles in range. (at simulation time 262.600,000,000 s)
2024-06-04 00:13:09,356 INFO  - Neither the RSU nor any vehicle is in range. (at simulation time 262.600,000,000 s)
2024-06-04 00:13:09,356 INFO  - Sent broadcast CAM message to all vehicles (at simulation time 262.600,000,000 s)
2024-06-04 00:13:09,375 INFO  - Vehicle is inside the detection area. (at simulation time 262.700,000,000 s)
2024-06-04 00:13:09,375 INFO  - Vehicle is too far away from the traffic light. (at simulation time 262.700,000,000 s)
2024-06-04 00:13:09,375 INFO  - No vehicles in range. (at simulation time 262.700,000,000 s)
2024-06-04 00:13:09,375 INFO  - Neither the RSU nor any vehicle is in range. (at simulation time 262.700,000,000 s)
2024-06-04 00:13:09,375 INFO  - Sent broadcast CAM message to all vehicles (at simulation time 262.700,000,000 s)
2024-06-04 00:13:09,376 INFO  - Vehicle is inside the detection area. (at simulation time 262.800,000,000 s)
2024-06-04 00:13:09,376 INFO  - Vehicle is too far away from the traffic light. (at simulation time 262.800,000,000 s)
2024-06-04 00:13:09,376 INFO  - No vehicles in range. (at simulation time 262.800,000,000 s)
2024-06-04 00:13:09,376 INFO  - Neither the RSU nor any vehicle is in range. (at simulation time 262.800,000,000 s)
2024-06-04 00:13:09,376 INFO  - Sent broadcast CAM message to all vehicles (at simulation time 262.800,000,000 s)
2024-06-04 00:13:09,378 INFO  - Vehicle is inside the detection area. (at simulation time 262.900,000,000 s)
2024-06-04 00:13:09,378 INFO  - Vehicle is too far away from the traffic light. (at simulation time 262.900,000,000 s)
2024-06-04 00:13:09,378 INFO  - No vehicles in range. (at simulation time 262.900,000,000 s)
2024-06-04 00:13:09,378 INFO  - Neither the RSU nor any vehicle is in range. (at simulation time 262.900,000,000 s)
2024-06-04 00:13:09,378 INFO  - Sent broadcast CAM message to all vehicles (at simulation time 262.900,000,000 s)
2024-06-04 00:13:09,381 INFO  - Atempting to process queue (at simulation time 263.000,000,000 s)
2024-06-04 00:13:09,381 INFO  - Vehicle is inside the detection area. (at simulation time 263.000,000,000 s)
2024-06-04 00:13:09,381 INFO  - Sent Detection message to rsu_0 (at simulation time 263.000,000,000 s)
2024-06-04 00:13:09,382 INFO  - Sent broadcast CAM message to all vehicles (at simulation time 263.000,000,000 s)
2024-06-04 00:13:09,383 INFO  - Received CAM message from veh_87 (at simulation time 263.000,900,000 s)
2024-06-04 00:13:09,383 INFO  - Received CAM message from veh_78 (at simulation time 263.000,900,000 s)
2024-06-04 00:13:09,384 INFO  - Received CAM message from veh_99 (at simulation time 263.001,400,000 s)
2024-06-04 00:13:09,384 INFO  - Received CAM message from veh_70 (at simulation time 263.001,400,000 s)
2024-06-04 00:13:09,384 INFO  - Atempting to process queue (at simulation time 263.100,000,000 s)
2024-06-04 00:13:09,384 INFO  - Vehicle is inside the detection area. (at simulation time 263.100,000,000 s)
2024-06-04 00:13:09,384 INFO  - Sent Detection message to rsu_0 (at simulation time 263.100,000,000 s)
2024-06-04 00:13:09,384 INFO  - Sent broadcast CAM message to all vehicles (at simulation time 263.100,000,000 s)
2024-06-04 00:13:09,385 INFO  - Received CAM message from veh_87 (at simulation time 263.100,400,000 s)
2024-06-04 00:13:09,385 INFO  - Received CAM message from veh_99 (at simulation time 263.100,900,000 s)
2024-06-04 00:13:09,385 INFO  - Received CAM message from veh_78 (at simulation time 263.101,400,000 s)
2024-06-04 00:13:09,385 INFO  - Received CAM message from veh_70 (at simulation time 263.101,400,000 s)
2024-06-04 00:13:09,386 INFO  - Atempting to process queue (at simulation time 263.200,000,000 s)
2024-06-04 00:13:09,386 INFO  - Vehicle is inside the detection area. (at simulation time 263.200,000,000 s)
2024-06-04 00:13:09,386 INFO  - Sent Detection message to rsu_0 (at simulation time 263.200,000,000 s)
2024-06-04 00:13:09,386 INFO  - Sent broadcast CAM message to all vehicles (at simulation time 263.200,000,000 s)
2024-06-04 00:13:09,387 INFO  - Received CAM message from veh_70 (at simulation time 263.200,900,000 s)
2024-06-04 00:13:09,387 INFO  - Received CAM message from veh_87 (at simulation time 263.201,400,000 s)
2024-06-04 00:13:09,388 INFO  - Received CAM message from veh_99 (at simulation time 263.201,900,000 s)
2024-06-04 00:13:09,388 INFO  - Received CAM message from veh_78 (at simulation time 263.201,900,000 s)
2024-06-04 00:13:09,388 INFO  - Atempting to process queue (at simulation time 263.300,000,000 s)
2024-06-04 00:13:09,388 INFO  - Vehicle is inside the detection area. (at simulation time 263.300,000,000 s)
2024-06-04 00:13:09,388 INFO  - Sent Detection message to rsu_0 (at simulation time 263.300,000,000 s)
2024-06-04 00:13:09,388 INFO  - Sent broadcast CAM message to all vehicles (at simulation time 263.300,000,000 s)
2024-06-04 00:13:09,389 INFO  - Received CAM message from veh_70 (at simulation time 263.300,900,000 s)
2024-06-04 00:13:09,389 INFO  - Received CAM message from veh_99 (at simulation time 263.301,400,000 s)
2024-06-04 00:13:09,389 INFO  - Received CAM message from veh_87 (at simulation time 263.301,400,000 s)
2024-06-04 00:13:09,389 INFO  - Received CAM message from veh_78 (at simulation time 263.301,400,000 s)
2024-06-04 00:13:09,389 INFO  - Atempting to process queue (at simulation time 263.400,000,000 s)
2024-06-04 00:13:09,389 INFO  - Vehicle is inside the detection area. (at simulation time 263.400,000,000 s)
2024-06-04 00:13:09,389 INFO  - Sent Detection message to rsu_0 (at simulation time 263.400,000,000 s)
2024-06-04 00:13:09,389 INFO  - Sent broadcast CAM message to all vehicles (at simulation time 263.400,000,000 s)
2024-06-04 00:13:09,390 INFO  - Received CAM message from veh_70 (at simulation time 263.400,400,000 s)
2024-06-04 00:13:09,391 INFO  - Received CAM message from veh_99 (at simulation time 263.400,900,000 s)
2024-06-04 00:13:09,392 INFO  - Received CAM message from veh_87 (at simulation time 263.402,400,000 s)
2024-06-04 00:13:09,392 INFO  - Received CAM message from veh_78 (at simulation time 263.402,400,000 s)
2024-06-04 00:13:09,392 INFO  - Atempting to process queue (at simulation time 263.500,000,000 s)
2024-06-04 00:13:09,392 INFO  - Vehicle is inside the detection area. (at simulation time 263.500,000,000 s)
2024-06-04 00:13:09,392 INFO  - Sent Detection message to rsu_0 (at simulation time 263.500,000,000 s)
2024-06-04 00:13:09,392 INFO  - Sent broadcast CAM message to all vehicles (at simulation time 263.500,000,000 s)
2024-06-04 00:13:09,392 INFO  - Received CAM message from veh_99 (at simulation time 263.500,900,000 s)
2024-06-04 00:13:09,393 INFO  - Received CAM message from veh_70 (at simulation time 263.500,900,000 s)
2024-06-04 00:13:09,393 INFO  - Received CAM message from veh_87 (at simulation time 263.501,400,000 s)
2024-06-04 00:13:09,393 INFO  - Received CAM message from veh_78 (at simulation time 263.502,400,000 s)
2024-06-04 00:13:09,393 INFO  - Atempting to process queue (at simulation time 263.600,000,000 s)
2024-06-04 00:13:09,393 INFO  - Vehicle is inside the detection area. (at simulation time 263.600,000,000 s)
2024-06-04 00:13:09,393 INFO  - Sent Detection message to rsu_0 (at simulation time 263.600,000,000 s)
2024-06-04 00:13:09,393 INFO  - Sent broadcast CAM message to all vehicles (at simulation time 263.600,000,000 s)
2024-06-04 00:13:09,394 INFO  - Received CAM message from veh_87 (at simulation time 263.601,400,000 s)
2024-06-04 00:13:09,394 INFO  - Received CAM message from veh_70 (at simulation time 263.601,400,000 s)
2024-06-04 00:13:09,395 INFO  - Received CAM message from veh_99 (at simulation time 263.602,400,000 s)
2024-06-04 00:13:09,395 INFO  - Received CAM message from veh_78 (at simulation time 263.602,400,000 s)
2024-06-04 00:13:09,395 INFO  - Atempting to process queue (at simulation time 263.700,000,000 s)
2024-06-04 00:13:09,395 INFO  - Vehicle is inside the detection area. (at simulation time 263.700,000,000 s)
2024-06-04 00:13:09,395 INFO  - Sent Detection message to rsu_0 (at simulation time 263.700,000,000 s)
2024-06-04 00:13:09,395 INFO  - Sent broadcast CAM message to all vehicles (at simulation time 263.700,000,000 s)
2024-06-04 00:13:09,395 INFO  - Received CAM message from veh_70 (at simulation time 263.700,900,000 s)
2024-06-04 00:13:09,396 INFO  - Received CAM message from veh_99 (at simulation time 263.701,400,000 s)
2024-06-04 00:13:09,396 INFO  - Received CAM message from veh_87 (at simulation time 263.701,400,000 s)
2024-06-04 00:13:09,396 INFO  - Received CAM message from veh_78 (at simulation time 263.702,400,000 s)
2024-06-04 00:13:09,396 INFO  - Atempting to process queue (at simulation time 263.800,000,000 s)
2024-06-04 00:13:09,396 INFO  - Vehicle is inside the detection area. (at simulation time 263.800,000,000 s)
2024-06-04 00:13:09,396 INFO  - Sent Detection message to rsu_0 (at simulation time 263.800,000,000 s)
2024-06-04 00:13:09,396 INFO  - Sent broadcast CAM message to all vehicles (at simulation time 263.800,000,000 s)
2024-06-04 00:13:09,397 INFO  - Received CAM message from veh_78 (at simulation time 263.800,400,000 s)
2024-06-04 00:13:09,397 INFO  - Received CAM message from veh_87 (at simulation time 263.800,900,000 s)
2024-06-04 00:13:09,397 INFO  - Received CAM message from veh_70 (at simulation time 263.800,900,000 s)
2024-06-04 00:13:09,397 INFO  - Received CAM message from veh_99 (at simulation time 263.802,400,000 s)
2024-06-04 00:13:09,398 INFO  - Atempting to process queue (at simulation time 263.900,000,000 s)
2024-06-04 00:13:09,398 INFO  - Vehicle is inside the detection area. (at simulation time 263.900,000,000 s)
2024-06-04 00:13:09,398 INFO  - Sent Detection message to rsu_0 (at simulation time 263.900,000,000 s)
2024-06-04 00:13:09,398 INFO  - Sent broadcast CAM message to all vehicles (at simulation time 263.900,000,000 s)
2024-06-04 00:13:09,398 INFO  - Received CAM message from veh_99 (at simulation time 263.900,400,000 s)
2024-06-04 00:13:09,398 INFO  - Received CAM message from veh_78 (at simulation time 263.900,900,000 s)
2024-06-04 00:13:09,399 INFO  - Received CAM message from veh_87 (at simulation time 263.901,900,000 s)
2024-06-04 00:13:09,399 INFO  - Received CAM message from veh_70 (at simulation time 263.901,900,000 s)
2024-06-04 00:13:09,401 INFO  - Atempting to process queue (at simulation time 264.000,000,000 s)
2024-06-04 00:13:09,401 INFO  - Vehicle is inside the detection area. (at simulation time 264.000,000,000 s)
2024-06-04 00:13:09,401 INFO  - Sent Detection message to rsu_0 (at simulation time 264.000,000,000 s)
2024-06-04 00:13:09,401 INFO  - Sent broadcast CAM message to all vehicles (at simulation time 264.000,000,000 s)
2024-06-04 00:13:09,403 INFO  - Received CAM message from veh_99 (at simulation time 264.000,900,000 s)
2024-06-04 00:13:09,403 INFO  - Received CAM message from veh_81 (at simulation time 264.000,900,000 s)
2024-06-04 00:13:09,403 INFO  - Received CAM message from veh_78 (at simulation time 264.000,900,000 s)
2024-06-04 00:13:09,403 INFO  - Received CAM message from veh_93 (at simulation time 264.001,400,000 s)
2024-06-04 00:13:09,403 INFO  - Received CAM message from veh_87 (at simulation time 264.001,400,000 s)
2024-06-04 00:13:09,404 INFO  - Received CAM message from veh_111 (at simulation time 264.002,400,000 s)
2024-06-04 00:13:09,404 INFO  - Received CAM message from veh_70 (at simulation time 264.002,400,000 s)
2024-06-04 00:13:09,404 INFO  - Atempting to process queue (at simulation time 264.100,000,000 s)
2024-06-04 00:13:09,404 INFO  - Vehicle is inside the detection area. (at simulation time 264.100,000,000 s)
2024-06-04 00:13:09,404 INFO  - Sent Detection message to rsu_0 (at simulation time 264.100,000,000 s)
2024-06-04 00:13:09,404 INFO  - Sent broadcast CAM message to all vehicles (at simulation time 264.100,000,000 s)
2024-06-04 00:13:09,404 INFO  - Received CAM message from veh_111 (at simulation time 264.100,400,000 s)
2024-06-04 00:13:09,405 INFO  - Received CAM message from veh_93 (at simulation time 264.100,400,000 s)
2024-06-04 00:13:09,405 INFO  - Received CAM message from veh_87 (at simulation time 264.100,400,000 s)
2024-06-04 00:13:09,405 INFO  - Received CAM message from veh_81 (at simulation time 264.100,900,000 s)
2024-06-04 00:13:09,405 INFO  - Received CAM message from veh_99 (at simulation time 264.101,400,000 s)
2024-06-04 00:13:09,405 INFO  - Received CAM message from veh_78 (at simulation time 264.101,400,000 s)
2024-06-04 00:13:09,405 INFO  - Received CAM message from veh_70 (at simulation time 264.101,900,000 s)
2024-06-04 00:13:09,405 INFO  - Atempting to process queue (at simulation time 264.200,000,000 s)
2024-06-04 00:13:09,405 INFO  - Vehicle is inside the detection area. (at simulation time 264.200,000,000 s)
2024-06-04 00:13:09,405 INFO  - Sent Detection message to rsu_0 (at simulation time 264.200,000,000 s)
2024-06-04 00:13:09,405 INFO  - Sent broadcast CAM message to all vehicles (at simulation time 264.200,000,000 s)
2024-06-04 00:13:09,407 INFO  - Received CAM message from veh_78 (at simulation time 264.200,900,000 s)
2024-06-04 00:13:09,407 INFO  - Received CAM message from veh_70 (at simulation time 264.200,900,000 s)
2024-06-04 00:13:09,407 INFO  - Received CAM message from veh_87 (at simulation time 264.201,400,000 s)
2024-06-04 00:13:09,407 INFO  - Received CAM message from veh_81 (at simulation time 264.201,400,000 s)
2024-06-04 00:13:09,407 INFO  - Received CAM message from veh_93 (at simulation time 264.201,900,000 s)
2024-06-04 00:13:09,407 INFO  - Received CAM message from veh_111 (at simulation time 264.202,400,000 s)
2024-06-04 00:13:09,407 INFO  - Received CAM message from veh_99 (at simulation time 264.202,400,000 s)
2024-06-04 00:13:09,407 INFO  - Atempting to process queue (at simulation time 264.300,000,000 s)
2024-06-04 00:13:09,407 INFO  - Vehicle is inside the detection area. (at simulation time 264.300,000,000 s)
2024-06-04 00:13:09,407 INFO  - Sent Detection message to rsu_0 (at simulation time 264.300,000,000 s)
2024-06-04 00:13:09,407 INFO  - Sent broadcast CAM message to all vehicles (at simulation time 264.300,000,000 s)
2024-06-04 00:13:09,408 INFO  - Received CAM message from veh_111 (at simulation time 264.300,900,000 s)
2024-06-04 00:13:09,408 INFO  - Received CAM message from veh_87 (at simulation time 264.300,900,000 s)
2024-06-04 00:13:09,409 INFO  - Received CAM message from veh_93 (at simulation time 264.301,900,000 s)
2024-06-04 00:13:09,409 INFO  - Received CAM message from veh_99 (at simulation time 264.302,400,000 s)
2024-06-04 00:13:09,409 INFO  - Received CAM message from veh_81 (at simulation time 264.302,400,000 s)
2024-06-04 00:13:09,409 INFO  - Received CAM message from veh_78 (at simulation time 264.302,400,000 s)
2024-06-04 00:13:09,409 INFO  - Received CAM message from veh_70 (at simulation time 264.302,400,000 s)
2024-06-04 00:13:09,409 INFO  - Atempting to process queue (at simulation time 264.400,000,000 s)
2024-06-04 00:13:09,409 INFO  - Vehicle is inside the detection area. (at simulation time 264.400,000,000 s)
2024-06-04 00:13:09,409 INFO  - Sent Detection message to rsu_0 (at simulation time 264.400,000,000 s)
2024-06-04 00:13:09,409 INFO  - Sent broadcast CAM message to all vehicles (at simulation time 264.400,000,000 s)
2024-06-04 00:13:09,410 INFO  - Received CAM message from veh_93 (at simulation time 264.400,400,000 s)
2024-06-04 00:13:09,410 INFO  - Received CAM message from veh_87 (at simulation time 264.400,400,000 s)
2024-06-04 00:13:09,410 INFO  - Received CAM message from veh_81 (at simulation time 264.400,400,000 s)
2024-06-04 00:13:09,410 INFO  - Received CAM message from veh_78 (at simulation time 264.400,400,000 s)
2024-06-04 00:13:09,410 INFO  - Received CAM message from veh_99 (at simulation time 264.401,400,000 s)
2024-06-04 00:13:09,411 INFO  - Received CAM message from veh_111 (at simulation time 264.402,400,000 s)
2024-06-04 00:13:09,411 INFO  - Received CAM message from veh_70 (at simulation time 264.402,400,000 s)
2024-06-04 00:13:09,411 INFO  - Atempting to process queue (at simulation time 264.500,000,000 s)
2024-06-04 00:13:09,411 INFO  - Vehicle is inside the detection area. (at simulation time 264.500,000,000 s)
2024-06-04 00:13:09,411 INFO  - Sent Detection message to rsu_0 (at simulation time 264.500,000,000 s)
2024-06-04 00:13:09,411 INFO  - Sent broadcast CAM message to all vehicles (at simulation time 264.500,000,000 s)
2024-06-04 00:13:09,412 INFO  - Received CAM message from veh_78 (at simulation time 264.500,400,000 s)
2024-06-04 00:13:09,412 INFO  - Received CAM message from veh_99 (at simulation time 264.500,900,000 s)
2024-06-04 00:13:09,412 INFO  - Received CAM message from veh_87 (at simulation time 264.500,900,000 s)
2024-06-04 00:13:09,412 INFO  - Received CAM message from veh_81 (at simulation time 264.500,900,000 s)
2024-06-04 00:13:09,412 INFO  - Received CAM message from veh_111 (at simulation time 264.501,400,000 s)
2024-06-04 00:13:09,412 INFO  - Received CAM message from veh_93 (at simulation time 264.501,900,000 s)
2024-06-04 00:13:09,412 INFO  - Received CAM message from veh_70 (at simulation time 264.501,900,000 s)
2024-06-04 00:13:09,412 INFO  - Atempting to process queue (at simulation time 264.600,000,000 s)
2024-06-04 00:13:09,412 INFO  - Vehicle is inside the detection area. (at simulation time 264.600,000,000 s)
2024-06-04 00:13:09,412 INFO  - Sent Detection message to rsu_0 (at simulation time 264.600,000,000 s)
2024-06-04 00:13:09,412 INFO  - Sent broadcast CAM message to all vehicles (at simulation time 264.600,000,000 s)
2024-06-04 00:13:09,413 INFO  - Received CAM message from veh_78 (at simulation time 264.600,400,000 s)
2024-06-04 00:13:09,413 INFO  - Received CAM message from veh_111 (at simulation time 264.600,900,000 s)
2024-06-04 00:13:09,414 INFO  - Received CAM message from veh_99 (at simulation time 264.601,400,000 s)
2024-06-04 00:13:09,414 INFO  - Received CAM message from veh_93 (at simulation time 264.601,400,000 s)
2024-06-04 00:13:09,414 INFO  - Received CAM message from veh_87 (at simulation time 264.601,400,000 s)
2024-06-04 00:13:09,414 INFO  - Received CAM message from veh_70 (at simulation time 264.601,400,000 s)
2024-06-04 00:13:09,414 INFO  - Received CAM message from veh_81 (at simulation time 264.601,900,000 s)
2024-06-04 00:13:09,414 INFO  - Atempting to process queue (at simulation time 264.700,000,000 s)
2024-06-04 00:13:09,414 INFO  - Vehicle is inside the detection area. (at simulation time 264.700,000,000 s)
2024-06-04 00:13:09,414 INFO  - Sent Detection message to rsu_0 (at simulation time 264.700,000,000 s)
2024-06-04 00:13:09,414 INFO  - Sent broadcast CAM message to all vehicles (at simulation time 264.700,000,000 s)
2024-06-04 00:13:09,415 INFO  - Received CAM message from veh_99 (at simulation time 264.701,400,000 s)
2024-06-04 00:13:09,415 INFO  - Received CAM message from veh_93 (at simulation time 264.701,400,000 s)
2024-06-04 00:13:09,415 INFO  - Received CAM message from veh_87 (at simulation time 264.701,400,000 s)
2024-06-04 00:13:09,415 INFO  - Received CAM message from veh_70 (at simulation time 264.701,400,000 s)
2024-06-04 00:13:09,415 INFO  - Received CAM message from veh_111 (at simulation time 264.701,900,000 s)
2024-06-04 00:13:09,415 INFO  - Received CAM message from veh_78 (at simulation time 264.701,900,000 s)
2024-06-04 00:13:09,415 INFO  - Received CAM message from veh_81 (at simulation time 264.702,400,000 s)
2024-06-04 00:13:09,415 INFO  - Atempting to process queue (at simulation time 264.800,000,000 s)
2024-06-04 00:13:09,415 INFO  - Vehicle is inside the detection area. (at simulation time 264.800,000,000 s)
2024-06-04 00:13:09,415 INFO  - Sent Detection message to rsu_0 (at simulation time 264.800,000,000 s)
2024-06-04 00:13:09,415 INFO  - Sent broadcast CAM message to all vehicles (at simulation time 264.800,000,000 s)
2024-06-04 00:13:09,416 INFO  - Received CAM message from veh_111 (at simulation time 264.800,900,000 s)
2024-06-04 00:13:09,416 INFO  - Received CAM message from veh_93 (at simulation time 264.800,900,000 s)
2024-06-04 00:13:09,416 INFO  - Received CAM message from veh_87 (at simulation time 264.800,900,000 s)
2024-06-04 00:13:09,416 INFO  - Received CAM message from veh_78 (at simulation time 264.800,900,000 s)
2024-06-04 00:13:09,417 INFO  - Received CAM message from veh_81 (at simulation time 264.801,400,000 s)
2024-06-04 00:13:09,417 INFO  - Received CAM message from veh_99 (at simulation time 264.802,400,000 s)
2024-06-04 00:13:09,417 INFO  - Received CAM message from veh_70 (at simulation time 264.802,400,000 s)
2024-06-04 00:13:09,417 INFO  - Atempting to process queue (at simulation time 264.900,000,000 s)
2024-06-04 00:13:09,417 INFO  - Vehicle is inside the detection area. (at simulation time 264.900,000,000 s)
2024-06-04 00:13:09,417 INFO  - Sent Detection message to rsu_0 (at simulation time 264.900,000,000 s)
2024-06-04 00:13:09,417 INFO  - Sent broadcast CAM message to all vehicles (at simulation time 264.900,000,000 s)
2024-06-04 00:13:09,417 INFO  - Received CAM message from veh_99 (at simulation time 264.900,400,000 s)
2024-06-04 00:13:09,417 INFO  - Received CAM message from veh_93 (at simulation time 264.900,400,000 s)
2024-06-04 00:13:09,417 INFO  - Received CAM message from veh_78 (at simulation time 264.900,400,000 s)
2024-06-04 00:13:09,418 INFO  - Received CAM message from veh_111 (at simulation time 264.901,400,000 s)
2024-06-04 00:13:09,418 INFO  - Received CAM message from veh_87 (at simulation time 264.902,400,000 s)
2024-06-04 00:13:09,418 INFO  - Received CAM message from veh_81 (at simulation time 264.902,400,000 s)
2024-06-04 00:13:09,418 INFO  - Received CAM message from veh_70 (at simulation time 264.902,400,000 s)
2024-06-04 00:13:09,425 INFO  - Atempting to process queue (at simulation time 265.000,000,000 s)
2024-06-04 00:13:09,425 INFO  - Vehicle is outside the detection area. (at simulation time 265.000,000,000 s)
2024-06-04 00:13:09,425 INFO  - Sent broadcast CAM message to all vehicles (at simulation time 265.000,000,000 s)
2024-06-04 00:13:09,427 INFO  - Received CAM message from veh_111 (at simulation time 265.000,400,000 s)
2024-06-04 00:13:09,427 INFO  - Received CAM message from veh_87 (at simulation time 265.000,400,000 s)
2024-06-04 00:13:09,427 INFO  - Received CAM message from veh_78 (at simulation time 265.000,900,000 s)
2024-06-04 00:13:09,427 INFO  - Received CAM message from veh_81 (at simulation time 265.001,400,000 s)
2024-06-04 00:13:09,428 INFO  - Received CAM message from veh_99 (at simulation time 265.001,900,000 s)
2024-06-04 00:13:09,428 INFO  - Received CAM message from veh_93 (at simulation time 265.002,400,000 s)
2024-06-04 00:13:09,428 INFO  - Received CAM message from veh_70 (at simulation time 265.002,400,000 s)
2024-06-04 00:13:09,428 INFO  - Atempting to process queue (at simulation time 265.100,000,000 s)
2024-06-04 00:13:09,428 INFO  - Vehicle is outside the detection area. (at simulation time 265.100,000,000 s)
2024-06-04 00:13:09,428 INFO  - Sent broadcast CAM message to all vehicles (at simulation time 265.100,000,000 s)
2024-06-04 00:13:09,429 INFO  - Received CAM message from veh_99 (at simulation time 265.100,900,000 s)
2024-06-04 00:13:09,429 INFO  - Received CAM message from veh_81 (at simulation time 265.100,900,000 s)
2024-06-04 00:13:09,430 INFO  - Received CAM message from veh_93 (at simulation time 265.101,400,000 s)
2024-06-04 00:13:09,430 INFO  - Received CAM message from veh_87 (at simulation time 265.101,900,000 s)
2024-06-04 00:13:09,430 INFO  - Received CAM message from veh_78 (at simulation time 265.101,900,000 s)
2024-06-04 00:13:09,430 INFO  - Received CAM message from veh_70 (at simulation time 265.101,900,000 s)
2024-06-04 00:13:09,430 INFO  - Received CAM message from veh_111 (at simulation time 265.102,400,000 s)
2024-06-04 00:13:09,430 INFO  - Atempting to process queue (at simulation time 265.200,000,000 s)
2024-06-04 00:13:09,430 INFO  - Vehicle is outside the detection area. (at simulation time 265.200,000,000 s)
2024-06-04 00:13:09,430 INFO  - Sent broadcast CAM message to all vehicles (at simulation time 265.200,000,000 s)
2024-06-04 00:13:09,431 INFO  - Received CAM message from veh_93 (at simulation time 265.200,400,000 s)
2024-06-04 00:13:09,431 INFO  - Received CAM message from veh_99 (at simulation time 265.200,900,000 s)
2024-06-04 00:13:09,431 INFO  - Received CAM message from veh_87 (at simulation time 265.200,900,000 s)
2024-06-04 00:13:09,431 INFO  - Received CAM message from veh_70 (at simulation time 265.200,900,000 s)
2024-06-04 00:13:09,432 INFO  - Received CAM message from veh_81 (at simulation time 265.201,400,000 s)
2024-06-04 00:13:09,432 INFO  - Received CAM message from veh_78 (at simulation time 265.201,900,000 s)
2024-06-04 00:13:09,432 INFO  - Received CAM message from veh_111 (at simulation time 265.202,400,000 s)
2024-06-04 00:13:09,432 INFO  - Atempting to process queue (at simulation time 265.300,000,000 s)
2024-06-04 00:13:09,432 INFO  - Vehicle is outside the detection area. (at simulation time 265.300,000,000 s)
2024-06-04 00:13:09,432 INFO  - Sent broadcast CAM message to all vehicles (at simulation time 265.300,000,000 s)
2024-06-04 00:13:09,433 INFO  - Received CAM message from veh_78 (at simulation time 265.300,400,000 s)
2024-06-04 00:13:09,433 INFO  - Received CAM message from veh_87 (at simulation time 265.300,900,000 s)
2024-06-04 00:13:09,433 INFO  - Received CAM message from veh_81 (at simulation time 265.301,400,000 s)
2024-06-04 00:13:09,433 INFO  - Received CAM message from veh_111 (at simulation time 265.301,900,000 s)
2024-06-04 00:13:09,433 INFO  - Received CAM message from veh_99 (at simulation time 265.301,900,000 s)
2024-06-04 00:13:09,433 INFO  - Received CAM message from veh_93 (at simulation time 265.301,900,000 s)
2024-06-04 00:13:09,433 INFO  - Received CAM message from veh_70 (at simulation time 265.301,900,000 s)
2024-06-04 00:13:09,434 INFO  - Atempting to process queue (at simulation time 265.400,000,000 s)
2024-06-04 00:13:09,434 INFO  - Vehicle is outside the detection area. (at simulation time 265.400,000,000 s)
2024-06-04 00:13:09,434 INFO  - Sent broadcast CAM message to all vehicles (at simulation time 265.400,000,000 s)
2024-06-04 00:13:09,434 INFO  - Received CAM message from veh_111 (at simulation time 265.400,400,000 s)
2024-06-04 00:13:09,434 INFO  - Received CAM message from veh_99 (at simulation time 265.400,400,000 s)
2024-06-04 00:13:09,434 INFO  - Received CAM message from veh_93 (at simulation time 265.400,400,000 s)
2024-06-04 00:13:09,434 INFO  - Received CAM message from veh_87 (at simulation time 265.400,400,000 s)
2024-06-04 00:13:09,434 INFO  - Received CAM message from veh_70 (at simulation time 265.400,400,000 s)
2024-06-04 00:13:09,434 INFO  - Received CAM message from veh_81 (at simulation time 265.400,900,000 s)
2024-06-04 00:13:09,435 INFO  - Received CAM message from veh_78 (at simulation time 265.401,900,000 s)
2024-06-04 00:13:09,435 INFO  - Atempting to process queue (at simulation time 265.500,000,000 s)
2024-06-04 00:13:09,435 INFO  - Vehicle is outside the detection area. (at simulation time 265.500,000,000 s)
2024-06-04 00:13:09,435 INFO  - Sent broadcast CAM message to all vehicles (at simulation time 265.500,000,000 s)
2024-06-04 00:13:09,436 INFO  - Received CAM message from veh_93 (at simulation time 265.500,400,000 s)
2024-06-04 00:13:09,436 INFO  - Received CAM message from veh_111 (at simulation time 265.501,400,000 s)
2024-06-04 00:13:09,436 INFO  - Received CAM message from veh_87 (at simulation time 265.501,400,000 s)
2024-06-04 00:13:09,436 INFO  - Received CAM message from veh_78 (at simulation time 265.501,400,000 s)
2024-06-04 00:13:09,437 INFO  - Received CAM message from veh_99 (at simulation time 265.502,400,000 s)
2024-06-04 00:13:09,437 INFO  - Received CAM message from veh_81 (at simulation time 265.502,400,000 s)
2024-06-04 00:13:09,437 INFO  - Received CAM message from veh_70 (at simulation time 265.502,400,000 s)
2024-06-04 00:13:09,437 INFO  - Atempting to process queue (at simulation time 265.600,000,000 s)
2024-06-04 00:13:09,437 INFO  - Vehicle is outside the detection area. (at simulation time 265.600,000,000 s)
2024-06-04 00:13:09,437 INFO  - Sent broadcast CAM message to all vehicles (at simulation time 265.600,000,000 s)
2024-06-04 00:13:09,437 INFO  - Received CAM message from veh_93 (at simulation time 265.600,400,000 s)
2024-06-04 00:13:09,438 INFO  - Received CAM message from veh_99 (at simulation time 265.600,900,000 s)
2024-06-04 00:13:09,438 INFO  - Received CAM message from veh_81 (at simulation time 265.601,400,000 s)
2024-06-04 00:13:09,438 INFO  - Received CAM message from veh_87 (at simulation time 265.601,900,000 s)
2024-06-04 00:13:09,438 INFO  - Received CAM message from veh_78 (at simulation time 265.601,900,000 s)
2024-06-04 00:13:09,438 INFO  - Received CAM message from veh_111 (at simulation time 265.602,400,000 s)
2024-06-04 00:13:09,438 INFO  - Received CAM message from veh_70 (at simulation time 265.602,400,000 s)
2024-06-04 00:13:09,439 INFO  - Atempting to process queue (at simulation time 265.700,000,000 s)
2024-06-04 00:13:09,439 INFO  - Vehicle is outside the detection area. (at simulation time 265.700,000,000 s)
2024-06-04 00:13:09,439 INFO  - Sent broadcast CAM message to all vehicles (at simulation time 265.700,000,000 s)
2024-06-04 00:13:09,440 INFO  - Received CAM message from veh_99 (at simulation time 265.700,900,000 s)
2024-06-04 00:13:09,440 INFO  - Received CAM message from veh_81 (at simulation time 265.701,400,000 s)
2024-06-04 00:13:09,440 INFO  - Received CAM message from veh_70 (at simulation time 265.701,400,000 s)
2024-06-04 00:13:09,440 INFO  - Received CAM message from veh_111 (at simulation time 265.701,900,000 s)
2024-06-04 00:13:09,440 INFO  - Received CAM message from veh_93 (at simulation time 265.701,900,000 s)
2024-06-04 00:13:09,441 INFO  - Received CAM message from veh_87 (at simulation time 265.702,400,000 s)
2024-06-04 00:13:09,441 INFO  - Received CAM message from veh_78 (at simulation time 265.702,400,000 s)
2024-06-04 00:13:09,441 INFO  - Atempting to process queue (at simulation time 265.800,000,000 s)
2024-06-04 00:13:09,441 INFO  - Vehicle is outside the detection area. (at simulation time 265.800,000,000 s)
2024-06-04 00:13:09,441 INFO  - Sent broadcast CAM message to all vehicles (at simulation time 265.800,000,000 s)
2024-06-04 00:13:09,442 INFO  - Received CAM message from veh_78 (at simulation time 265.800,400,000 s)
2024-06-04 00:13:09,442 INFO  - Received CAM message from veh_70 (at simulation time 265.801,400,000 s)
2024-06-04 00:13:09,442 INFO  - Received CAM message from veh_111 (at simulation time 265.801,900,000 s)
2024-06-04 00:13:09,442 INFO  - Received CAM message from veh_99 (at simulation time 265.801,900,000 s)
2024-06-04 00:13:09,443 INFO  - Received CAM message from veh_93 (at simulation time 265.802,400,000 s)
2024-06-04 00:13:09,443 INFO  - Received CAM message from veh_87 (at simulation time 265.802,400,000 s)
2024-06-04 00:13:09,443 INFO  - Received CAM message from veh_81 (at simulation time 265.802,400,000 s)
2024-06-04 00:13:09,443 INFO  - Atempting to process queue (at simulation time 265.900,000,000 s)
2024-06-04 00:13:09,443 INFO  - Vehicle is outside the detection area. (at simulation time 265.900,000,000 s)
2024-06-04 00:13:09,443 INFO  - Sent broadcast CAM message to all vehicles (at simulation time 265.900,000,000 s)
2024-06-04 00:13:09,443 INFO  - Received CAM message from veh_99 (at simulation time 265.900,400,000 s)
2024-06-04 00:13:09,443 INFO  - Received CAM message from veh_81 (at simulation time 265.900,400,000 s)
2024-06-04 00:13:09,443 INFO  - Received CAM message from veh_70 (at simulation time 265.900,400,000 s)
2024-06-04 00:13:09,444 INFO  - Received CAM message from veh_111 (at simulation time 265.901,400,000 s)
2024-06-04 00:13:09,444 INFO  - Received CAM message from veh_93 (at simulation time 265.902,400,000 s)
2024-06-04 00:13:09,444 INFO  - Received CAM message from veh_87 (at simulation time 265.902,400,000 s)
2024-06-04 00:13:09,445 INFO  - Received CAM message from veh_78 (at simulation time 265.902,400,000 s)
2024-06-04 00:13:09,447 INFO  - Atempting to process queue (at simulation time 266.000,000,000 s)
2024-06-04 00:13:09,447 INFO  - Vehicle is outside the detection area. (at simulation time 266.000,000,000 s)
2024-06-04 00:13:09,447 INFO  - Sent broadcast CAM message to all vehicles (at simulation time 266.000,000,000 s)
2024-06-04 00:13:09,449 INFO  - Received CAM message from veh_81 (at simulation time 266.000,400,000 s)
2024-06-04 00:13:09,449 INFO  - Received CAM message from veh_87 (at simulation time 266.000,900,000 s)
2024-06-04 00:13:09,449 INFO  - Received CAM message from veh_70 (at simulation time 266.000,900,000 s)
2024-06-04 00:13:09,449 INFO  - Received CAM message from veh_99 (at simulation time 266.001,400,000 s)
2024-06-04 00:13:09,449 INFO  - Received CAM message from veh_78 (at simulation time 266.001,400,000 s)
2024-06-04 00:13:09,449 INFO  - Received CAM message from veh_111 (at simulation time 266.002,400,000 s)
2024-06-04 00:13:09,449 INFO  - Received CAM message from veh_93 (at simulation time 266.002,400,000 s)
2024-06-04 00:13:09,449 INFO  - Atempting to process queue (at simulation time 266.100,000,000 s)
2024-06-04 00:13:09,449 INFO  - Vehicle is outside the detection area. (at simulation time 266.100,000,000 s)
2024-06-04 00:13:09,449 INFO  - Sent broadcast CAM message to all vehicles (at simulation time 266.100,000,000 s)
2024-06-04 00:13:09,450 INFO  - Received CAM message from veh_111 (at simulation time 266.100,400,000 s)
2024-06-04 00:13:09,450 INFO  - Received CAM message from veh_93 (at simulation time 266.100,400,000 s)
2024-06-04 00:13:09,450 INFO  - Received CAM message from veh_81 (at simulation time 266.100,400,000 s)
2024-06-04 00:13:09,450 INFO  - Received CAM message from veh_87 (at simulation time 266.100,900,000 s)
2024-06-04 00:13:09,450 INFO  - Received CAM message from veh_70 (at simulation time 266.101,400,000 s)
2024-06-04 00:13:09,451 INFO  - Received CAM message from veh_99 (at simulation time 266.102,400,000 s)
2024-06-04 00:13:09,451 INFO  - Received CAM message from veh_78 (at simulation time 266.102,400,000 s)
2024-06-04 00:13:09,451 INFO  - Atempting to process queue (at simulation time 266.200,000,000 s)
2024-06-04 00:13:09,451 INFO  - Vehicle is outside the detection area. (at simulation time 266.200,000,000 s)
2024-06-04 00:13:09,451 INFO  - Sent broadcast CAM message to all vehicles (at simulation time 266.200,000,000 s)
2024-06-04 00:13:09,451 INFO  - Received CAM message from veh_99 (at simulation time 266.200,400,000 s)
2024-06-04 00:13:09,451 INFO  - Received CAM message from veh_93 (at simulation time 266.200,400,000 s)
2024-06-04 00:13:09,451 INFO  - Received CAM message from veh_87 (at simulation time 266.200,400,000 s)
2024-06-04 00:13:09,452 INFO  - Received CAM message from veh_78 (at simulation time 266.200,400,000 s)
2024-06-04 00:13:09,452 INFO  - Received CAM message from veh_81 (at simulation time 266.200,900,000 s)
2024-06-04 00:13:09,452 INFO  - Received CAM message from veh_70 (at simulation time 266.201,900,000 s)
2024-06-04 00:13:09,452 INFO  - Received CAM message from veh_111 (at simulation time 266.202,400,000 s)
2024-06-04 00:13:09,452 INFO  - Atempting to process queue (at simulation time 266.300,000,000 s)
2024-06-04 00:13:09,452 INFO  - Vehicle is outside the detection area. (at simulation time 266.300,000,000 s)
2024-06-04 00:13:09,452 INFO  - Sent broadcast CAM message to all vehicles (at simulation time 266.300,000,000 s)
2024-06-04 00:13:09,453 INFO  - Received CAM message from veh_99 (at simulation time 266.300,400,000 s)
2024-06-04 00:13:09,453 INFO  - Received CAM message from veh_87 (at simulation time 266.300,400,000 s)
2024-06-04 00:13:09,453 INFO  - Received CAM message from veh_93 (at simulation time 266.300,900,000 s)
2024-06-04 00:13:09,453 INFO  - Received CAM message from veh_81 (at simulation time 266.301,400,000 s)
2024-06-04 00:13:09,453 INFO  - Received CAM message from veh_70 (at simulation time 266.301,900,000 s)
2024-06-04 00:13:09,454 INFO  - Received CAM message from veh_111 (at simulation time 266.302,400,000 s)
2024-06-04 00:13:09,454 INFO  - Received CAM message from veh_78 (at simulation time 266.302,400,000 s)
2024-06-04 00:13:09,454 INFO  - Atempting to process queue (at simulation time 266.400,000,000 s)
2024-06-04 00:13:09,454 INFO  - Vehicle is outside the detection area. (at simulation time 266.400,000,000 s)
2024-06-04 00:13:09,454 INFO  - Sent broadcast CAM message to all vehicles (at simulation time 266.400,000,000 s)
2024-06-04 00:13:09,454 INFO  - Received CAM message from veh_99 (at simulation time 266.400,400,000 s)
2024-06-04 00:13:09,454 INFO  - Received CAM message from veh_93 (at simulation time 266.400,400,000 s)
2024-06-04 00:13:09,454 INFO  - Received CAM message from veh_78 (at simulation time 266.400,400,000 s)
2024-06-04 00:13:09,454 INFO  - Received CAM message from veh_70 (at simulation time 266.400,400,000 s)
2024-06-04 00:13:09,455 INFO  - Received CAM message from veh_87 (at simulation time 266.401,900,000 s)
2024-06-04 00:13:09,455 INFO  - Received CAM message from veh_81 (at simulation time 266.401,900,000 s)
2024-06-04 00:13:09,455 INFO  - Received CAM message from veh_111 (at simulation time 266.402,400,000 s)
2024-06-04 00:13:09,455 INFO  - Atempting to process queue (at simulation time 266.500,000,000 s)
2024-06-04 00:13:09,455 INFO  - Vehicle is outside the detection area. (at simulation time 266.500,000,000 s)
2024-06-04 00:13:09,455 INFO  - Sent broadcast CAM message to all vehicles (at simulation time 266.500,000,000 s)
2024-06-04 00:13:09,456 INFO  - Received CAM message from veh_93 (at simulation time 266.500,900,000 s)
2024-06-04 00:13:09,456 INFO  - Received CAM message from veh_87 (at simulation time 266.500,900,000 s)
2024-06-04 00:13:09,456 INFO  - Received CAM message from veh_70 (at simulation time 266.500,900,000 s)
2024-06-04 00:13:09,456 INFO  - Received CAM message from veh_111 (at simulation time 266.501,400,000 s)
2024-06-04 00:13:09,456 INFO  - Received CAM message from veh_81 (at simulation time 266.501,400,000 s)
2024-06-04 00:13:09,457 INFO  - Received CAM message from veh_78 (at simulation time 266.501,900,000 s)
2024-06-04 00:13:09,457 INFO  - Received CAM message from veh_99 (at simulation time 266.502,400,000 s)
2024-06-04 00:13:09,457 INFO  - Atempting to process queue (at simulation time 266.600,000,000 s)
2024-06-04 00:13:09,457 INFO  - Vehicle is outside the detection area. (at simulation time 266.600,000,000 s)
2024-06-04 00:13:09,457 INFO  - Sent broadcast CAM message to all vehicles (at simulation time 266.600,000,000 s)
2024-06-04 00:13:09,458 INFO  - Received CAM message from veh_99 (at simulation time 266.600,400,000 s)
2024-06-04 00:13:09,458 INFO  - Received CAM message from veh_70 (at simulation time 266.600,400,000 s)
2024-06-04 00:13:09,458 INFO  - Received CAM message from veh_78 (at simulation time 266.600,900,000 s)
2024-06-04 00:13:09,458 INFO  - Received CAM message from veh_87 (at simulation time 266.601,900,000 s)
2024-06-04 00:13:09,459 INFO  - Received CAM message from veh_111 (at simulation time 266.602,400,000 s)
2024-06-04 00:13:09,459 INFO  - Received CAM message from veh_93 (at simulation time 266.602,400,000 s)
2024-06-04 00:13:09,459 INFO  - Received CAM message from veh_81 (at simulation time 266.602,400,000 s)
2024-06-04 00:13:09,459 INFO  - Atempting to process queue (at simulation time 266.700,000,000 s)
2024-06-04 00:13:09,459 INFO  - Vehicle is outside the detection area. (at simulation time 266.700,000,000 s)
2024-06-04 00:13:09,459 INFO  - Sent broadcast CAM message to all vehicles (at simulation time 266.700,000,000 s)
2024-06-04 00:13:09,459 INFO  - Received CAM message from veh_99 (at simulation time 266.700,400,000 s)
2024-06-04 00:13:09,459 INFO  - Received CAM message from veh_81 (at simulation time 266.700,400,000 s)
2024-06-04 00:13:09,459 INFO  - Received CAM message from veh_78 (at simulation time 266.700,400,000 s)
2024-06-04 00:13:09,459 INFO  - Received CAM message from veh_70 (at simulation time 266.700,400,000 s)
2024-06-04 00:13:09,460 INFO  - Received CAM message from veh_93 (at simulation time 266.700,900,000 s)
2024-06-04 00:13:09,460 INFO  - Received CAM message from veh_87 (at simulation time 266.700,900,000 s)
2024-06-04 00:13:09,460 INFO  - Received CAM message from veh_111 (at simulation time 266.701,400,000 s)
2024-06-04 00:13:09,461 INFO  - Atempting to process queue (at simulation time 266.800,000,000 s)
2024-06-04 00:13:09,461 INFO  - Vehicle is outside the detection area. (at simulation time 266.800,000,000 s)
2024-06-04 00:13:09,461 INFO  - Sent broadcast CAM message to all vehicles (at simulation time 266.800,000,000 s)
2024-06-04 00:13:09,461 INFO  - Received CAM message from veh_99 (at simulation time 266.800,400,000 s)
2024-06-04 00:13:09,461 INFO  - Received CAM message from veh_93 (at simulation time 266.800,400,000 s)
2024-06-04 00:13:09,461 INFO  - Received CAM message from veh_87 (at simulation time 266.800,400,000 s)
2024-06-04 00:13:09,461 INFO  - Received CAM message from veh_78 (at simulation time 266.800,400,000 s)
2024-06-04 00:13:09,462 INFO  - Received CAM message from veh_111 (at simulation time 266.801,400,000 s)
2024-06-04 00:13:09,462 INFO  - Received CAM message from veh_70 (at simulation time 266.801,400,000 s)
2024-06-04 00:13:09,462 INFO  - Received CAM message from veh_81 (at simulation time 266.802,400,000 s)
2024-06-04 00:13:09,462 INFO  - Atempting to process queue (at simulation time 266.900,000,000 s)
2024-06-04 00:13:09,462 INFO  - Vehicle is outside the detection area. (at simulation time 266.900,000,000 s)
2024-06-04 00:13:09,462 INFO  - Sent broadcast CAM message to all vehicles (at simulation time 266.900,000,000 s)
2024-06-04 00:13:09,463 INFO  - Received CAM message from veh_87 (at simulation time 266.900,900,000 s)
2024-06-04 00:13:09,464 INFO  - Received CAM message from veh_78 (at simulation time 266.900,900,000 s)
2024-06-04 00:13:09,464 INFO  - Received CAM message from veh_111 (at simulation time 266.901,400,000 s)
2024-06-04 00:13:09,464 INFO  - Received CAM message from veh_99 (at simulation time 266.901,400,000 s)
2024-06-04 00:13:09,464 INFO  - Received CAM message from veh_70 (at simulation time 266.901,400,000 s)
2024-06-04 00:13:09,464 INFO  - Received CAM message from veh_93 (at simulation time 266.901,900,000 s)
2024-06-04 00:13:09,465 INFO  - Received CAM message from veh_81 (at simulation time 266.902,400,000 s)
2024-06-04 00:13:09,467 INFO  - Atempting to process queue (at simulation time 267.000,000,000 s)
2024-06-04 00:13:09,467 INFO  - Vehicle is outside the detection area. (at simulation time 267.000,000,000 s)
2024-06-04 00:13:09,467 INFO  - Sent broadcast CAM message to all vehicles (at simulation time 267.000,000,000 s)
2024-06-04 00:13:09,468 INFO  - Received CAM message from veh_70 (at simulation time 267.000,400,000 s)
2024-06-04 00:13:09,469 INFO  - Received CAM message from veh_99 (at simulation time 267.001,400,000 s)
2024-06-04 00:13:09,469 INFO  - Received CAM message from veh_87 (at simulation time 267.001,900,000 s)
2024-06-04 00:13:09,469 INFO  - Atempting to process queue (at simulation time 267.100,000,000 s)
2024-06-04 00:13:09,469 INFO  - Vehicle is outside the detection area. (at simulation time 267.100,000,000 s)
2024-06-04 00:13:09,469 INFO  - Sent broadcast CAM message to all vehicles (at simulation time 267.100,000,000 s)
2024-06-04 00:13:09,470 INFO  - Received CAM message from veh_99 (at simulation time 267.101,400,000 s)
2024-06-04 00:13:09,470 INFO  - Received CAM message from veh_70 (at simulation time 267.101,400,000 s)
2024-06-04 00:13:09,470 INFO  - Received CAM message from veh_87 (at simulation time 267.101,900,000 s)
2024-06-04 00:13:09,471 INFO  - Atempting to process queue (at simulation time 267.200,000,000 s)
2024-06-04 00:13:09,471 INFO  - Vehicle is outside the detection area. (at simulation time 267.200,000,000 s)
2024-06-04 00:13:09,471 INFO  - Sent broadcast CAM message to all vehicles (at simulation time 267.200,000,000 s)
2024-06-04 00:13:09,471 INFO  - Received CAM message from veh_87 (at simulation time 267.200,900,000 s)
2024-06-04 00:13:09,472 INFO  - Received CAM message from veh_99 (at simulation time 267.201,900,000 s)
2024-06-04 00:13:09,472 INFO  - Received CAM message from veh_70 (at simulation time 267.202,400,000 s)
2024-06-04 00:13:09,472 INFO  - Atempting to process queue (at simulation time 267.300,000,000 s)
2024-06-04 00:13:09,472 INFO  - Vehicle is outside the detection area. (at simulation time 267.300,000,000 s)
2024-06-04 00:13:09,472 INFO  - Sent broadcast CAM message to all vehicles (at simulation time 267.300,000,000 s)
2024-06-04 00:13:09,473 INFO  - Received CAM message from veh_99 (at simulation time 267.300,400,000 s)
2024-06-04 00:13:09,473 INFO  - Received CAM message from veh_87 (at simulation time 267.300,900,000 s)
2024-06-04 00:13:09,473 INFO  - Received CAM message from veh_70 (at simulation time 267.301,900,000 s)
2024-06-04 00:13:09,473 INFO  - Atempting to process queue (at simulation time 267.400,000,000 s)
2024-06-04 00:13:09,473 INFO  - Vehicle is outside the detection area. (at simulation time 267.400,000,000 s)
2024-06-04 00:13:09,473 INFO  - Sent broadcast CAM message to all vehicles (at simulation time 267.400,000,000 s)
2024-06-04 00:13:09,474 INFO  - Received CAM message from veh_87 (at simulation time 267.400,900,000 s)
2024-06-04 00:13:09,475 INFO  - Received CAM message from veh_99 (at simulation time 267.401,900,000 s)
2024-06-04 00:13:09,475 INFO  - Received CAM message from veh_70 (at simulation time 267.402,400,000 s)
2024-06-04 00:13:09,475 INFO  - Atempting to process queue (at simulation time 267.500,000,000 s)
2024-06-04 00:13:09,475 INFO  - Vehicle is outside the detection area. (at simulation time 267.500,000,000 s)
2024-06-04 00:13:09,475 INFO  - Sent broadcast CAM message to all vehicles (at simulation time 267.500,000,000 s)
2024-06-04 00:13:09,476 INFO  - Received CAM message from veh_99 (at simulation time 267.500,400,000 s)
2024-06-04 00:13:09,476 INFO  - Received CAM message from veh_87 (at simulation time 267.501,900,000 s)
2024-06-04 00:13:09,477 INFO  - Received CAM message from veh_70 (at simulation time 267.501,900,000 s)
2024-06-04 00:13:09,477 INFO  - Atempting to process queue (at simulation time 267.600,000,000 s)
2024-06-04 00:13:09,477 INFO  - Vehicle is outside the detection area. (at simulation time 267.600,000,000 s)
2024-06-04 00:13:09,477 INFO  - Sent broadcast CAM message to all vehicles (at simulation time 267.600,000,000 s)
2024-06-04 00:13:09,478 INFO  - Received CAM message from veh_87 (at simulation time 267.600,900,000 s)
2024-06-04 00:13:09,478 INFO  - Received CAM message from veh_99 (at simulation time 267.601,900,000 s)
2024-06-04 00:13:09,479 INFO  - Received CAM message from veh_70 (at simulation time 267.602,400,000 s)
2024-06-04 00:13:09,479 INFO  - Atempting to process queue (at simulation time 267.700,000,000 s)
2024-06-04 00:13:09,479 INFO  - Vehicle is outside the detection area. (at simulation time 267.700,000,000 s)
2024-06-04 00:13:09,479 INFO  - Sent broadcast CAM message to all vehicles (at simulation time 267.700,000,000 s)
2024-06-04 00:13:09,479 INFO  - Received CAM message from veh_70 (at simulation time 267.700,400,000 s)
2024-06-04 00:13:09,480 INFO  - Received CAM message from veh_99 (at simulation time 267.701,900,000 s)
2024-06-04 00:13:09,481 INFO  - Received CAM message from veh_87 (at simulation time 267.702,400,000 s)
2024-06-04 00:13:09,481 INFO  - Atempting to process queue (at simulation time 267.800,000,000 s)
2024-06-04 00:13:09,481 INFO  - Vehicle is outside the detection area. (at simulation time 267.800,000,000 s)
2024-06-04 00:13:09,481 INFO  - Sent broadcast CAM message to all vehicles (at simulation time 267.800,000,000 s)
2024-06-04 00:13:09,481 INFO  - Received CAM message from veh_87 (at simulation time 267.800,400,000 s)
2024-06-04 00:13:09,481 INFO  - Received CAM message from veh_70 (at simulation time 267.800,400,000 s)
2024-06-04 00:13:09,482 INFO  - Received CAM message from veh_99 (at simulation time 267.801,400,000 s)
2024-06-04 00:13:09,482 INFO  - Atempting to process queue (at simulation time 267.900,000,000 s)
2024-06-04 00:13:09,482 INFO  - Vehicle is outside the detection area. (at simulation time 267.900,000,000 s)
2024-06-04 00:13:09,482 INFO  - Sent broadcast CAM message to all vehicles (at simulation time 267.900,000,000 s)
2024-06-04 00:13:09,483 INFO  - Received CAM message from veh_99 (at simulation time 267.900,400,000 s)
2024-06-04 00:13:09,484 INFO  - Received CAM message from veh_87 (at simulation time 267.901,900,000 s)
2024-06-04 00:13:09,484 INFO  - Received CAM message from veh_70 (at simulation time 267.901,900,000 s)
2024-06-04 00:13:09,487 INFO  - Atempting to process queue (at simulation time 268.000,000,000 s)
2024-06-04 00:13:09,487 INFO  - Vehicle is outside the detection area. (at simulation time 268.000,000,000 s)
2024-06-04 00:13:09,487 INFO  - Sent broadcast CAM message to all vehicles (at simulation time 268.000,000,000 s)
2024-06-04 00:13:09,488 INFO  - Received CAM message from veh_70 (at simulation time 268.000,900,000 s)
2024-06-04 00:13:09,489 INFO  - Received CAM message from veh_99 (at simulation time 268.001,400,000 s)
2024-06-04 00:13:09,489 INFO  - Received CAM message from veh_87 (at simulation time 268.001,400,000 s)
2024-06-04 00:13:09,489 INFO  - Atempting to process queue (at simulation time 268.100,000,000 s)
2024-06-04 00:13:09,489 INFO  - Vehicle is outside the detection area. (at simulation time 268.100,000,000 s)
2024-06-04 00:13:09,489 INFO  - Sent broadcast CAM message to all vehicles (at simulation time 268.100,000,000 s)
2024-06-04 00:13:09,490 INFO  - Received CAM message from veh_87 (at simulation time 268.101,400,000 s)
2024-06-04 00:13:09,490 INFO  - Received CAM message from veh_70 (at simulation time 268.101,400,000 s)
2024-06-04 00:13:09,490 INFO  - Received CAM message from veh_99 (at simulation time 268.101,900,000 s)
2024-06-04 00:13:09,491 INFO  - Atempting to process queue (at simulation time 268.200,000,000 s)
2024-06-04 00:13:09,491 INFO  - Vehicle is outside the detection area. (at simulation time 268.200,000,000 s)
2024-06-04 00:13:09,491 INFO  - Sent broadcast CAM message to all vehicles (at simulation time 268.200,000,000 s)
2024-06-04 00:13:09,491 INFO  - Received CAM message from veh_99 (at simulation time 268.200,400,000 s)
2024-06-04 00:13:09,492 INFO  - Received CAM message from veh_70 (at simulation time 268.201,900,000 s)
2024-06-04 00:13:09,492 INFO  - Received CAM message from veh_87 (at simulation time 268.202,400,000 s)
2024-06-04 00:13:09,492 INFO  - Atempting to process queue (at simulation time 268.300,000,000 s)
2024-06-04 00:13:09,492 INFO  - Vehicle is outside the detection area. (at simulation time 268.300,000,000 s)
2024-06-04 00:13:09,492 INFO  - Sent broadcast CAM message to all vehicles (at simulation time 268.300,000,000 s)
2024-06-04 00:13:09,493 INFO  - Received CAM message from veh_70 (at simulation time 268.300,400,000 s)
2024-06-04 00:13:09,493 INFO  - Received CAM message from veh_99 (at simulation time 268.301,400,000 s)
2024-06-04 00:13:09,494 INFO  - Received CAM message from veh_87 (at simulation time 268.302,400,000 s)
2024-06-04 00:13:09,494 INFO  - Atempting to process queue (at simulation time 268.400,000,000 s)
2024-06-04 00:13:09,494 INFO  - Vehicle is outside the detection area. (at simulation time 268.400,000,000 s)
2024-06-04 00:13:09,494 INFO  - Sent broadcast CAM message to all vehicles (at simulation time 268.400,000,000 s)
2024-06-04 00:13:09,495 INFO  - Received CAM message from veh_87 (at simulation time 268.401,400,000 s)
2024-06-04 00:13:09,495 INFO  - Received CAM message from veh_70 (at simulation time 268.401,900,000 s)
2024-06-04 00:13:09,496 INFO  - Received CAM message from veh_99 (at simulation time 268.402,400,000 s)
2024-06-04 00:13:09,496 INFO  - Atempting to process queue (at simulation time 268.500,000,000 s)
2024-06-04 00:13:09,496 INFO  - Vehicle is outside the detection area. (at simulation time 268.500,000,000 s)
2024-06-04 00:13:09,496 INFO  - Sent broadcast CAM message to all vehicles (at simulation time 268.500,000,000 s)
2024-06-04 00:13:09,496 INFO  - Received CAM message from veh_99 (at simulation time 268.500,400,000 s)
2024-06-04 00:13:09,496 INFO  - Received CAM message from veh_70 (at simulation time 268.500,400,000 s)
2024-06-04 00:13:09,497 INFO  - Received CAM message from veh_87 (at simulation time 268.501,400,000 s)
2024-06-04 00:13:09,497 INFO  - Atempting to process queue (at simulation time 268.600,000,000 s)
2024-06-04 00:13:09,497 INFO  - Vehicle is outside the detection area. (at simulation time 268.600,000,000 s)
2024-06-04 00:13:09,497 INFO  - Sent broadcast CAM message to all vehicles (at simulation time 268.600,000,000 s)
2024-06-04 00:13:09,499 INFO  - Received CAM message from veh_87 (at simulation time 268.600,900,000 s)
2024-06-04 00:13:09,499 INFO  - Received CAM message from veh_70 (at simulation time 268.601,900,000 s)
2024-06-04 00:13:09,500 INFO  - Received CAM message from veh_99 (at simulation time 268.602,400,000 s)
2024-06-04 00:13:09,500 INFO  - Atempting to process queue (at simulation time 268.700,000,000 s)
2024-06-04 00:13:09,500 INFO  - Vehicle is outside the detection area. (at simulation time 268.700,000,000 s)
2024-06-04 00:13:09,500 INFO  - Sent broadcast CAM message to all vehicles (at simulation time 268.700,000,000 s)
2024-06-04 00:13:09,500 INFO  - Received CAM message from veh_99 (at simulation time 268.700,400,000 s)
2024-06-04 00:13:09,500 INFO  - Received CAM message from veh_87 (at simulation time 268.700,900,000 s)
2024-06-04 00:13:09,500 INFO  - Received CAM message from veh_70 (at simulation time 268.700,900,000 s)
2024-06-04 00:13:09,501 INFO  - Atempting to process queue (at simulation time 268.800,000,000 s)
2024-06-04 00:13:09,501 INFO  - Vehicle is outside the detection area. (at simulation time 268.800,000,000 s)
2024-06-04 00:13:09,501 INFO  - Sent broadcast CAM message to all vehicles (at simulation time 268.800,000,000 s)
2024-06-04 00:13:09,502 INFO  - Received CAM message from veh_87 (at simulation time 268.800,400,000 s)
2024-06-04 00:13:09,502 INFO  - Received CAM message from veh_70 (at simulation time 268.800,400,000 s)
2024-06-04 00:13:09,502 INFO  - Received CAM message from veh_99 (at simulation time 268.801,900,000 s)
2024-06-04 00:13:09,502 INFO  - Atempting to process queue (at simulation time 268.900,000,000 s)
2024-06-04 00:13:09,502 INFO  - Vehicle is outside the detection area. (at simulation time 268.900,000,000 s)
2024-06-04 00:13:09,503 INFO  - Sent broadcast CAM message to all vehicles (at simulation time 268.900,000,000 s)
2024-06-04 00:13:09,503 INFO  - Received CAM message from veh_70 (at simulation time 268.900,900,000 s)
2024-06-04 00:13:09,503 INFO  - Received CAM message from veh_99 (at simulation time 268.901,400,000 s)
2024-06-04 00:13:09,504 INFO  - Received CAM message from veh_87 (at simulation time 268.901,900,000 s)
2024-06-04 00:13:09,506 INFO  - Atempting to process queue (at simulation time 269.000,000,000 s)
2024-06-04 00:13:09,506 INFO  - Vehicle is outside the detection area. (at simulation time 269.000,000,000 s)
2024-06-04 00:13:09,506 INFO  - Sent broadcast CAM message to all vehicles (at simulation time 269.000,000,000 s)
2024-06-04 00:13:09,508 INFO  - Received CAM message from veh_99 (at simulation time 269.000,400,000 s)
2024-06-04 00:13:09,509 INFO  - Received CAM message from veh_87 (at simulation time 269.002,400,000 s)
2024-06-04 00:13:09,509 INFO  - Atempting to process queue (at simulation time 269.100,000,000 s)
2024-06-04 00:13:09,509 INFO  - Vehicle is outside the detection area. (at simulation time 269.100,000,000 s)
2024-06-04 00:13:09,509 INFO  - Sent broadcast CAM message to all vehicles (at simulation time 269.100,000,000 s)
2024-06-04 00:13:09,510 INFO  - Received CAM message from veh_99 (at simulation time 269.100,400,000 s)
2024-06-04 00:13:09,511 INFO  - Received CAM message from veh_87 (at simulation time 269.102,400,000 s)
2024-06-04 00:13:09,511 INFO  - Atempting to process queue (at simulation time 269.200,000,000 s)
2024-06-04 00:13:09,511 INFO  - Vehicle is outside the detection area. (at simulation time 269.200,000,000 s)
2024-06-04 00:13:09,511 INFO  - Sent broadcast CAM message to all vehicles (at simulation time 269.200,000,000 s)
2024-06-04 00:13:09,512 INFO  - Received CAM message from veh_99 (at simulation time 269.201,400,000 s)
2024-06-04 00:13:09,512 INFO  - Received CAM message from veh_87 (at simulation time 269.201,400,000 s)
2024-06-04 00:13:09,512 INFO  - Atempting to process queue (at simulation time 269.300,000,000 s)
2024-06-04 00:13:09,512 INFO  - Vehicle is outside the detection area. (at simulation time 269.300,000,000 s)
2024-06-04 00:13:09,512 INFO  - Sent broadcast CAM message to all vehicles (at simulation time 269.300,000,000 s)
2024-06-04 00:13:09,513 INFO  - Received CAM message from veh_99 (at simulation time 269.300,400,000 s)
2024-06-04 00:13:09,514 INFO  - Received CAM message from veh_87 (at simulation time 269.301,400,000 s)
2024-06-04 00:13:09,514 INFO  - Atempting to process queue (at simulation time 269.400,000,000 s)
2024-06-04 00:13:09,514 INFO  - Vehicle is outside the detection area. (at simulation time 269.400,000,000 s)
2024-06-04 00:13:09,514 INFO  - Sent broadcast CAM message to all vehicles (at simulation time 269.400,000,000 s)
2024-06-04 00:13:09,515 INFO  - Received CAM message from veh_87 (at simulation time 269.400,400,000 s)
2024-06-04 00:13:09,516 INFO  - Received CAM message from veh_99 (at simulation time 269.402,400,000 s)
2024-06-04 00:13:09,516 INFO  - Atempting to process queue (at simulation time 269.500,000,000 s)
2024-06-04 00:13:09,516 INFO  - Vehicle is outside the detection area. (at simulation time 269.500,000,000 s)
2024-06-04 00:13:09,516 INFO  - Sent broadcast CAM message to all vehicles (at simulation time 269.500,000,000 s)
2024-06-04 00:13:09,517 INFO  - Received CAM message from veh_87 (at simulation time 269.501,400,000 s)
2024-06-04 00:13:09,517 INFO  - Received CAM message from veh_99 (at simulation time 269.501,900,000 s)
2024-06-04 00:13:09,518 INFO  - Atempting to process queue (at simulation time 269.600,000,000 s)
2024-06-04 00:13:09,518 INFO  - Vehicle is outside the detection area. (at simulation time 269.600,000,000 s)
2024-06-04 00:13:09,518 INFO  - Sent broadcast CAM message to all vehicles (at simulation time 269.600,000,000 s)
2024-06-04 00:13:09,519 INFO  - Received CAM message from veh_99 (at simulation time 269.601,400,000 s)
2024-06-04 00:13:09,519 INFO  - Received CAM message from veh_87 (at simulation time 269.601,900,000 s)
2024-06-04 00:13:09,519 INFO  - Atempting to process queue (at simulation time 269.700,000,000 s)
2024-06-04 00:13:09,519 INFO  - Vehicle is outside the detection area. (at simulation time 269.700,000,000 s)
2024-06-04 00:13:09,519 INFO  - Sent broadcast CAM message to all vehicles (at simulation time 269.700,000,000 s)
2024-06-04 00:13:09,520 INFO  - Received CAM message from veh_99 (at simulation time 269.700,400,000 s)
2024-06-04 00:13:09,520 INFO  - Received CAM message from veh_87 (at simulation time 269.702,400,000 s)
2024-06-04 00:13:09,520 INFO  - Atempting to process queue (at simulation time 269.800,000,000 s)
2024-06-04 00:13:09,520 INFO  - Vehicle is outside the detection area. (at simulation time 269.800,000,000 s)
2024-06-04 00:13:09,520 INFO  - Sent broadcast CAM message to all vehicles (at simulation time 269.800,000,000 s)
2024-06-04 00:13:09,521 INFO  - Received CAM message from veh_87 (at simulation time 269.801,400,000 s)
2024-06-04 00:13:09,522 INFO  - Received CAM message from veh_99 (at simulation time 269.802,400,000 s)
2024-06-04 00:13:09,522 INFO  - Atempting to process queue (at simulation time 269.900,000,000 s)
2024-06-04 00:13:09,522 INFO  - Vehicle is outside the detection area. (at simulation time 269.900,000,000 s)
2024-06-04 00:13:09,522 INFO  - Sent broadcast CAM message to all vehicles (at simulation time 269.900,000,000 s)
2024-06-04 00:13:09,523 INFO  - Received CAM message from veh_99 (at simulation time 269.902,400,000 s)
2024-06-04 00:13:09,523 INFO  - Received CAM message from veh_87 (at simulation time 269.902,400,000 s)
2024-06-04 00:13:09,528 INFO  - Atempting to process queue (at simulation time 270.000,000,000 s)
2024-06-04 00:13:09,528 INFO  - Vehicle is outside the detection area. (at simulation time 270.000,000,000 s)
2024-06-04 00:13:09,528 INFO  - Sent broadcast CAM message to all vehicles (at simulation time 270.000,000,000 s)
2024-06-04 00:13:09,531 INFO  - Received CAM message from veh_99 (at simulation time 270.002,400,000 s)
2024-06-04 00:13:09,531 INFO  - Atempting to process queue (at simulation time 270.100,000,000 s)
2024-06-04 00:13:09,531 INFO  - Vehicle is outside the detection area. (at simulation time 270.100,000,000 s)
2024-06-04 00:13:09,531 INFO  - Sent broadcast CAM message to all vehicles (at simulation time 270.100,000,000 s)
2024-06-04 00:13:09,533 INFO  - Received CAM message from veh_99 (at simulation time 270.101,900,000 s)
2024-06-04 00:13:09,533 INFO  - Atempting to process queue (at simulation time 270.200,000,000 s)
2024-06-04 00:13:09,533 INFO  - Vehicle is outside the detection area. (at simulation time 270.200,000,000 s)
2024-06-04 00:13:09,533 INFO  - Sent broadcast CAM message to all vehicles (at simulation time 270.200,000,000 s)
2024-06-04 00:13:09,534 INFO  - Received CAM message from veh_99 (at simulation time 270.201,400,000 s)
2024-06-04 00:13:09,534 INFO  - Atempting to process queue (at simulation time 270.300,000,000 s)
2024-06-04 00:13:09,534 INFO  - Vehicle is outside the detection area. (at simulation time 270.300,000,000 s)
2024-06-04 00:13:09,534 INFO  - Sent broadcast CAM message to all vehicles (at simulation time 270.300,000,000 s)
2024-06-04 00:13:09,535 INFO  - Received CAM message from veh_99 (at simulation time 270.301,400,000 s)
2024-06-04 00:13:09,536 INFO  - Atempting to process queue (at simulation time 270.400,000,000 s)
2024-06-04 00:13:09,536 INFO  - Vehicle is outside the detection area. (at simulation time 270.400,000,000 s)
2024-06-04 00:13:09,536 INFO  - Sent broadcast CAM message to all vehicles (at simulation time 270.400,000,000 s)
2024-06-04 00:13:09,537 INFO  - Received CAM message from veh_99 (at simulation time 270.401,400,000 s)
2024-06-04 00:13:09,537 INFO  - Atempting to process queue (at simulation time 270.500,000,000 s)
2024-06-04 00:13:09,537 INFO  - Vehicle is outside the detection area. (at simulation time 270.500,000,000 s)
2024-06-04 00:13:09,537 INFO  - Sent broadcast CAM message to all vehicles (at simulation time 270.500,000,000 s)
2024-06-04 00:13:09,538 INFO  - Received CAM message from veh_99 (at simulation time 270.502,400,000 s)
2024-06-04 00:13:09,538 INFO  - Atempting to process queue (at simulation time 270.600,000,000 s)
2024-06-04 00:13:09,538 INFO  - Vehicle is outside the detection area. (at simulation time 270.600,000,000 s)
2024-06-04 00:13:09,538 INFO  - Sent broadcast CAM message to all vehicles (at simulation time 270.600,000,000 s)
2024-06-04 00:13:09,539 INFO  - Received CAM message from veh_99 (at simulation time 270.600,400,000 s)
2024-06-04 00:13:09,540 INFO  - Atempting to process queue (at simulation time 270.700,000,000 s)
2024-06-04 00:13:09,540 INFO  - Vehicle is outside the detection area. (at simulation time 270.700,000,000 s)
2024-06-04 00:13:09,540 INFO  - Sent broadcast CAM message to all vehicles (at simulation time 270.700,000,000 s)
2024-06-04 00:13:09,540 INFO  - Received CAM message from veh_99 (at simulation time 270.700,400,000 s)
2024-06-04 00:13:09,541 INFO  - Atempting to process queue (at simulation time 270.800,000,000 s)
2024-06-04 00:13:09,541 INFO  - Vehicle is outside the detection area. (at simulation time 270.800,000,000 s)
2024-06-04 00:13:09,541 INFO  - Sent broadcast CAM message to all vehicles (at simulation time 270.800,000,000 s)
2024-06-04 00:13:09,543 INFO  - Received CAM message from veh_99 (at simulation time 270.801,400,000 s)
2024-06-04 00:13:09,543 INFO  - Atempting to process queue (at simulation time 270.900,000,000 s)
2024-06-04 00:13:09,543 INFO  - Vehicle is outside the detection area. (at simulation time 270.900,000,000 s)
2024-06-04 00:13:09,543 INFO  - Sent broadcast CAM message to all vehicles (at simulation time 270.900,000,000 s)
2024-06-04 00:13:09,544 INFO  - Received CAM message from veh_99 (at simulation time 270.900,400,000 s)
2024-06-04 00:13:09,550 INFO  - Atempting to process queue (at simulation time 271.000,000,000 s)
2024-06-04 00:13:09,550 INFO  - Vehicle is outside the detection area. (at simulation time 271.000,000,000 s)
2024-06-04 00:13:09,550 INFO  - Sent broadcast CAM message to all vehicles (at simulation time 271.000,000,000 s)
2024-06-04 00:13:09,552 INFO  - Received CAM message from veh_99 (at simulation time 271.000,900,000 s)
2024-06-04 00:13:09,552 INFO  - Atempting to process queue (at simulation time 271.100,000,000 s)
2024-06-04 00:13:09,552 INFO  - Vehicle is outside the detection area. (at simulation time 271.100,000,000 s)
2024-06-04 00:13:09,552 INFO  - Sent broadcast CAM message to all vehicles (at simulation time 271.100,000,000 s)
2024-06-04 00:13:09,553 INFO  - Received CAM message from veh_99 (at simulation time 271.100,900,000 s)
2024-06-04 00:13:09,554 INFO  - Atempting to process queue (at simulation time 271.200,000,000 s)
2024-06-04 00:13:09,554 INFO  - Vehicle is outside the detection area. (at simulation time 271.200,000,000 s)
2024-06-04 00:13:09,554 INFO  - Sent broadcast CAM message to all vehicles (at simulation time 271.200,000,000 s)
2024-06-04 00:13:09,555 INFO  - Received CAM message from veh_99 (at simulation time 271.201,900,000 s)
2024-06-04 00:13:09,555 INFO  - Atempting to process queue (at simulation time 271.300,000,000 s)
2024-06-04 00:13:09,555 INFO  - Vehicle is outside the detection area. (at simulation time 271.300,000,000 s)
2024-06-04 00:13:09,555 INFO  - Sent broadcast CAM message to all vehicles (at simulation time 271.300,000,000 s)
2024-06-04 00:13:09,556 INFO  - Received CAM message from veh_99 (at simulation time 271.301,400,000 s)
2024-06-04 00:13:09,557 INFO  - Atempting to process queue (at simulation time 271.400,000,000 s)
2024-06-04 00:13:09,557 INFO  - Vehicle is outside the detection area. (at simulation time 271.400,000,000 s)
2024-06-04 00:13:09,557 INFO  - Sent broadcast CAM message to all vehicles (at simulation time 271.400,000,000 s)
2024-06-04 00:13:09,557 INFO  - Received CAM message from veh_99 (at simulation time 271.400,400,000 s)
2024-06-04 00:13:09,558 INFO  - Atempting to process queue (at simulation time 271.500,000,000 s)
2024-06-04 00:13:09,558 INFO  - Vehicle is outside the detection area. (at simulation time 271.500,000,000 s)
2024-06-04 00:13:09,558 INFO  - Sent broadcast CAM message to all vehicles (at simulation time 271.500,000,000 s)
2024-06-04 00:13:09,559 INFO  - Received CAM message from veh_99 (at simulation time 271.501,400,000 s)
2024-06-04 00:13:09,560 INFO  - Atempting to process queue (at simulation time 271.600,000,000 s)
2024-06-04 00:13:09,560 INFO  - Vehicle is outside the detection area. (at simulation time 271.600,000,000 s)
2024-06-04 00:13:09,560 INFO  - Sent broadcast CAM message to all vehicles (at simulation time 271.600,000,000 s)
2024-06-04 00:13:09,561 INFO  - Received CAM message from veh_99 (at simulation time 271.600,900,000 s)
2024-06-04 00:13:09,561 INFO  - Atempting to process queue (at simulation time 271.700,000,000 s)
2024-06-04 00:13:09,561 INFO  - Vehicle is outside the detection area. (at simulation time 271.700,000,000 s)
2024-06-04 00:13:09,561 INFO  - Sent broadcast CAM message to all vehicles (at simulation time 271.700,000,000 s)
2024-06-04 00:13:09,563 INFO  - Received CAM message from veh_99 (at simulation time 271.702,400,000 s)
2024-06-04 00:13:09,563 INFO  - Atempting to process queue (at simulation time 271.800,000,000 s)
2024-06-04 00:13:09,563 INFO  - Vehicle is outside the detection area. (at simulation time 271.800,000,000 s)
2024-06-04 00:13:09,563 INFO  - Sent broadcast CAM message to all vehicles (at simulation time 271.800,000,000 s)
2024-06-04 00:13:09,564 INFO  - Received CAM message from veh_99 (at simulation time 271.800,900,000 s)
2024-06-04 00:13:09,565 INFO  - Atempting to process queue (at simulation time 271.900,000,000 s)
2024-06-04 00:13:09,565 INFO  - Vehicle is outside the detection area. (at simulation time 271.900,000,000 s)
2024-06-04 00:13:09,565 INFO  - Sent broadcast CAM message to all vehicles (at simulation time 271.900,000,000 s)
2024-06-04 00:13:09,566 INFO  - Received CAM message from veh_99 (at simulation time 271.900,900,000 s)
2024-06-04 00:13:09,569 INFO  - Atempting to process queue (at simulation time 272.000,000,000 s)
2024-06-04 00:13:09,569 INFO  - Vehicle is outside the detection area. (at simulation time 272.000,000,000 s)
2024-06-04 00:13:09,569 INFO  - Sent broadcast CAM message to all vehicles (at simulation time 272.000,000,000 s)
2024-06-04 00:13:09,571 INFO  - Received CAM message from veh_99 (at simulation time 272.001,400,000 s)
2024-06-04 00:13:09,571 INFO  - Atempting to process queue (at simulation time 272.100,000,000 s)
2024-06-04 00:13:09,571 INFO  - Vehicle is outside the detection area. (at simulation time 272.100,000,000 s)
2024-06-04 00:13:09,571 INFO  - Sent broadcast CAM message to all vehicles (at simulation time 272.100,000,000 s)
2024-06-04 00:13:09,572 INFO  - Received CAM message from veh_99 (at simulation time 272.101,400,000 s)
2024-06-04 00:13:09,573 INFO  - Atempting to process queue (at simulation time 272.200,000,000 s)
2024-06-04 00:13:09,573 INFO  - Vehicle is outside the detection area. (at simulation time 272.200,000,000 s)
2024-06-04 00:13:09,573 INFO  - Sent broadcast CAM message to all vehicles (at simulation time 272.200,000,000 s)
2024-06-04 00:13:09,574 INFO  - Received CAM message from veh_99 (at simulation time 272.202,400,000 s)
2024-06-04 00:13:09,574 INFO  - Atempting to process queue (at simulation time 272.300,000,000 s)
2024-06-04 00:13:09,574 INFO  - Vehicle is outside the detection area. (at simulation time 272.300,000,000 s)
2024-06-04 00:13:09,574 INFO  - Sent broadcast CAM message to all vehicles (at simulation time 272.300,000,000 s)
2024-06-04 00:13:09,575 INFO  - Received CAM message from veh_99 (at simulation time 272.301,900,000 s)
2024-06-04 00:13:09,576 INFO  - Atempting to process queue (at simulation time 272.400,000,000 s)
2024-06-04 00:13:09,576 INFO  - Vehicle is outside the detection area. (at simulation time 272.400,000,000 s)
2024-06-04 00:13:09,576 INFO  - Sent broadcast CAM message to all vehicles (at simulation time 272.400,000,000 s)
2024-06-04 00:13:09,577 INFO  - Received CAM message from veh_99 (at simulation time 272.401,900,000 s)
2024-06-04 00:13:09,577 INFO  - Atempting to process queue (at simulation time 272.500,000,000 s)
2024-06-04 00:13:09,577 INFO  - Vehicle is outside the detection area. (at simulation time 272.500,000,000 s)
2024-06-04 00:13:09,577 INFO  - Sent broadcast CAM message to all vehicles (at simulation time 272.500,000,000 s)
2024-06-04 00:13:09,579 INFO  - Received CAM message from veh_99 (at simulation time 272.501,400,000 s)
2024-06-04 00:13:09,579 INFO  - Atempting to process queue (at simulation time 272.600,000,000 s)
2024-06-04 00:13:09,579 INFO  - Vehicle is outside the detection area. (at simulation time 272.600,000,000 s)
2024-06-04 00:13:09,579 INFO  - Sent broadcast CAM message to all vehicles (at simulation time 272.600,000,000 s)
2024-06-04 00:13:09,580 INFO  - Received CAM message from veh_99 (at simulation time 272.600,400,000 s)
2024-06-04 00:13:09,581 INFO  - Atempting to process queue (at simulation time 272.700,000,000 s)
2024-06-04 00:13:09,581 INFO  - Vehicle is outside the detection area. (at simulation time 272.700,000,000 s)
2024-06-04 00:13:09,581 INFO  - Sent broadcast CAM message to all vehicles (at simulation time 272.700,000,000 s)
2024-06-04 00:13:09,584 INFO  - Received CAM message from veh_99 (at simulation time 272.700,900,000 s)
2024-06-04 00:13:09,600 INFO  - Atempting to process queue (at simulation time 272.800,000,000 s)
2024-06-04 00:13:09,600 INFO  - Vehicle is outside the detection area. (at simulation time 272.800,000,000 s)
2024-06-04 00:13:09,600 INFO  - Sent broadcast CAM message to all vehicles (at simulation time 272.800,000,000 s)
2024-06-04 00:13:09,602 INFO  - Received CAM message from veh_99 (at simulation time 272.800,900,000 s)
2024-06-04 00:13:09,603 INFO  - Atempting to process queue (at simulation time 272.900,000,000 s)
2024-06-04 00:13:09,603 INFO  - Vehicle is outside the detection area. (at simulation time 272.900,000,000 s)
2024-06-04 00:13:09,603 INFO  - Sent broadcast CAM message to all vehicles (at simulation time 272.900,000,000 s)
2024-06-04 00:13:09,605 INFO  - Received CAM message from veh_99 (at simulation time 272.901,900,000 s)
2024-06-04 00:13:09,609 INFO  - Atempting to process queue (at simulation time 273.000,000,000 s)
2024-06-04 00:13:09,609 INFO  - Vehicle is outside the detection area. (at simulation time 273.000,000,000 s)
2024-06-04 00:13:09,609 INFO  - Sent broadcast CAM message to all vehicles (at simulation time 273.000,000,000 s)
2024-06-04 00:13:09,610 INFO  - Atempting to process queue (at simulation time 273.100,000,000 s)
2024-06-04 00:13:09,610 INFO  - Vehicle is outside the detection area. (at simulation time 273.100,000,000 s)
2024-06-04 00:13:09,610 INFO  - Sent broadcast CAM message to all vehicles (at simulation time 273.100,000,000 s)
2024-06-04 00:13:09,612 INFO  - Atempting to process queue (at simulation time 273.200,000,000 s)
2024-06-04 00:13:09,612 INFO  - Vehicle is outside the detection area. (at simulation time 273.200,000,000 s)
2024-06-04 00:13:09,612 INFO  - Sent broadcast CAM message to all vehicles (at simulation time 273.200,000,000 s)
2024-06-04 00:13:09,614 INFO  - Atempting to process queue (at simulation time 273.300,000,000 s)
2024-06-04 00:13:09,614 INFO  - Vehicle is outside the detection area. (at simulation time 273.300,000,000 s)
2024-06-04 00:13:09,614 INFO  - Sent broadcast CAM message to all vehicles (at simulation time 273.300,000,000 s)
2024-06-04 00:13:09,615 INFO  - Atempting to process queue (at simulation time 273.400,000,000 s)
2024-06-04 00:13:09,615 INFO  - Vehicle is outside the detection area. (at simulation time 273.400,000,000 s)
2024-06-04 00:13:09,615 INFO  - Sent broadcast CAM message to all vehicles (at simulation time 273.400,000,000 s)
2024-06-04 00:13:09,617 INFO  - Atempting to process queue (at simulation time 273.500,000,000 s)
2024-06-04 00:13:09,617 INFO  - Vehicle is outside the detection area. (at simulation time 273.500,000,000 s)
2024-06-04 00:13:09,617 INFO  - Sent broadcast CAM message to all vehicles (at simulation time 273.500,000,000 s)
2024-06-04 00:13:09,618 INFO  - Atempting to process queue (at simulation time 273.600,000,000 s)
2024-06-04 00:13:09,618 INFO  - Vehicle is outside the detection area. (at simulation time 273.600,000,000 s)
2024-06-04 00:13:09,618 INFO  - Sent broadcast CAM message to all vehicles (at simulation time 273.600,000,000 s)
2024-06-04 00:13:09,620 INFO  - Atempting to process queue (at simulation time 273.700,000,000 s)
2024-06-04 00:13:09,620 INFO  - Vehicle is outside the detection area. (at simulation time 273.700,000,000 s)
2024-06-04 00:13:09,620 INFO  - Sent broadcast CAM message to all vehicles (at simulation time 273.700,000,000 s)
2024-06-04 00:13:09,621 INFO  - Atempting to process queue (at simulation time 273.800,000,000 s)
2024-06-04 00:13:09,621 INFO  - Vehicle is outside the detection area. (at simulation time 273.800,000,000 s)
2024-06-04 00:13:09,621 INFO  - Sent broadcast CAM message to all vehicles (at simulation time 273.800,000,000 s)
2024-06-04 00:13:09,622 INFO  - Atempting to process queue (at simulation time 273.900,000,000 s)
2024-06-04 00:13:09,622 INFO  - Vehicle is outside the detection area. (at simulation time 273.900,000,000 s)
2024-06-04 00:13:09,622 INFO  - Sent broadcast CAM message to all vehicles (at simulation time 273.900,000,000 s)
2024-06-04 00:13:09,627 INFO  - Shutdown application (at simulation time 274.000,000,000 s)
