2024-06-04 00:12:54,495 INFO  VehicleFlowGenerator - Creating VehicleFlowGenerator: VehicleFlowGenerator[spawningMode=ConstantSpawningMode[timeSpacing=6000000000],lanes=[0],types=[[name=TrafficLightCarRed,apps=[]]],departConnectionIndex=0,pos=0,departSpeed=0.0,route=1,group=<null>,origin=<null>,destination=<null>,odInfo=<null>]
2024-06-04 00:12:54,498 INFO  VehicleFlowGenerator - Creating VehicleFlowGenerator: VehicleFlowGenerator[spawningMode=ConstantSpawningMode[timeSpacing=6000000000],lanes=[0],types=[[name=TrafficLightCarGreen,apps=[]]],departConnectionIndex=0,pos=0,departSpeed=0.0,route=3,group=<null>,origin=<null>,destination=<null>,odInfo=<null>]
2024-06-04 00:12:54,498 INFO  VehicleFlowGenerator - Creating VehicleFlowGenerator: VehicleFlowGenerator[spawningMode=ConstantSpawningMode[timeSpacing=6000000000],lanes=[0],types=[[name=TrafficLightCarBlue,apps=[]]],departConnectionIndex=0,pos=0,departSpeed=0.0,route=5,group=<null>,origin=<null>,destination=<null>,odInfo=<null>]
2024-06-04 00:12:54,498 INFO  VehicleFlowGenerator - Creating VehicleFlowGenerator: VehicleFlowGenerator[spawningMode=ConstantSpawningMode[timeSpacing=6000000000],lanes=[0],types=[[name=TrafficLightCarYellow,apps=[]]],departConnectionIndex=0,pos=0,departSpeed=0.0,route=5,group=<null>,origin=<null>,destination=<null>,odInfo=<null>]
2024-06-04 00:12:54,500 INFO  VehicleFlowGenerator - Registering Vehicle Type: VehicleType[name='TrafficLightCarRed', length=3.0, width=1.8, height=1.5, minGap=1.5, maxSpeed=15.0, vehicleClass=Car, accel=1.0, decel=1000.0, emergencyDecel=1000.0, sigma=0.2, tau=1.0, speedFactor=1.0, color='red', laneChangeMode='DEFAULT', speedMode='DEFAULT']
2024-06-04 00:12:54,519 INFO  VehicleFlowGenerator - Registering Vehicle Type: VehicleType[name='TrafficLightCarGreen', length=3.0, width=1.8, height=1.5, minGap=1.5, maxSpeed=15.0, vehicleClass=Car, accel=1.0, decel=1000.0, emergencyDecel=1000.0, sigma=0.2, tau=1.0, speedFactor=1.0, color='green', laneChangeMode='DEFAULT', speedMode='DEFAULT']
2024-06-04 00:12:54,519 INFO  VehicleFlowGenerator - Registering Vehicle Type: VehicleType[name='TrafficLightCarBlue', length=3.0, width=1.8, height=1.5, minGap=1.5, maxSpeed=15.0, vehicleClass=Car, accel=1.0, decel=1000.0, emergencyDecel=1000.0, sigma=0.2, tau=1.0, speedFactor=1.0, color='blue', laneChangeMode='DEFAULT', speedMode='DEFAULT']
2024-06-04 00:12:54,519 INFO  VehicleFlowGenerator - Registering Vehicle Type: VehicleType[name='TrafficLightCarYellow', length=5.0, width=1.8, height=1.5, minGap=2.5, maxSpeed=70.0, vehicleClass=Car, accel=2.6, decel=4.5, emergencyDecel=4.5, sigma=0.5, tau=1.0, speedFactor=1.0, color='null', laneChangeMode='DEFAULT', speedMode='DEFAULT']
2024-06-04 00:13:01,983 INFO  MappingAmbassador - Received TL-Interaction
2024-06-04 00:13:01,987 INFO  RoadSideUnitSpawner - Creating RSU: RoadSideUnitSpawner[position=GeoPoint{lat=40.743457,lon=-73.988281,alt=0.00},applications=[org.eclipse.mosaic.app.tutorial.RoadSideUnitApp]]
2024-06-04 00:13:01,992 INFO  VehicleFlowGenerator - Creating Vehicle: time=0,name=veh_0,route=1,laneSelectionMode=DEFAULT,lane=0,departConnectionIndex=0,pos=0,type=TrafficLightCarRed,departSpeed=0.0,applications=[org.eclipse.mosaic.app.tutorial.VehicleToTrafficLightApp]
2024-06-04 00:13:01,993 INFO  VehicleFlowGenerator - Creating Vehicle: time=0,name=veh_1,route=3,laneSelectionMode=DEFAULT,lane=0,departConnectionIndex=0,pos=0,type=TrafficLightCarGreen,departSpeed=0.0,applications=[org.eclipse.mosaic.app.tutorial.VehicleToTrafficLightApp]
2024-06-04 00:13:01,993 INFO  VehicleFlowGenerator - Creating Vehicle: time=0,name=veh_2,route=5,laneSelectionMode=DEFAULT,lane=0,departConnectionIndex=0,pos=0,type=TrafficLightCarBlue,departSpeed=0.0,applications=[org.eclipse.mosaic.app.tutorial.VehicleToTrafficLightApp]
2024-06-04 00:13:01,993 INFO  VehicleFlowGenerator - Creating Vehicle: time=0,name=veh_3,route=5,laneSelectionMode=DEFAULT,lane=0,departConnectionIndex=0,pos=0,type=TrafficLightCarYellow,departSpeed=0.0,applications=[]
2024-06-04 00:13:02,132 INFO  VehicleFlowGenerator - Creating Vehicle: time=6000000000,name=veh_4,route=1,laneSelectionMode=DEFAULT,lane=0,departConnectionIndex=0,pos=0,type=TrafficLightCarRed,departSpeed=0.0,applications=[org.eclipse.mosaic.app.tutorial.VehicleToTrafficLightApp]
2024-06-04 00:13:02,133 INFO  VehicleFlowGenerator - Creating Vehicle: time=6000000000,name=veh_5,route=3,laneSelectionMode=DEFAULT,lane=0,departConnectionIndex=0,pos=0,type=TrafficLightCarGreen,departSpeed=0.0,applications=[org.eclipse.mosaic.app.tutorial.VehicleToTrafficLightApp]
2024-06-04 00:13:02,133 INFO  VehicleFlowGenerator - Creating Vehicle: time=6000000000,name=veh_6,route=5,laneSelectionMode=DEFAULT,lane=0,departConnectionIndex=0,pos=0,type=TrafficLightCarBlue,departSpeed=0.0,applications=[org.eclipse.mosaic.app.tutorial.VehicleToTrafficLightApp]
2024-06-04 00:13:02,133 INFO  VehicleFlowGenerator - Creating Vehicle: time=6000000000,name=veh_7,route=5,laneSelectionMode=DEFAULT,lane=0,departConnectionIndex=0,pos=0,type=TrafficLightCarYellow,departSpeed=0.0,applications=[]
2024-06-04 00:13:02,297 INFO  VehicleFlowGenerator - Creating Vehicle: time=12000000000,name=veh_8,route=1,laneSelectionMode=DEFAULT,lane=0,departConnectionIndex=0,pos=0,type=TrafficLightCarRed,departSpeed=0.0,applications=[org.eclipse.mosaic.app.tutorial.VehicleToTrafficLightApp]
2024-06-04 00:13:02,297 INFO  VehicleFlowGenerator - Creating Vehicle: time=12000000000,name=veh_9,route=3,laneSelectionMode=DEFAULT,lane=0,departConnectionIndex=0,pos=0,type=TrafficLightCarGreen,departSpeed=0.0,applications=[org.eclipse.mosaic.app.tutorial.VehicleToTrafficLightApp]
2024-06-04 00:13:02,297 INFO  VehicleFlowGenerator - Creating Vehicle: time=12000000000,name=veh_10,route=5,laneSelectionMode=DEFAULT,lane=0,departConnectionIndex=0,pos=0,type=TrafficLightCarBlue,departSpeed=0.0,applications=[org.eclipse.mosaic.app.tutorial.VehicleToTrafficLightApp]
2024-06-04 00:13:02,297 INFO  VehicleFlowGenerator - Creating Vehicle: time=12000000000,name=veh_11,route=5,laneSelectionMode=DEFAULT,lane=0,departConnectionIndex=0,pos=0,type=TrafficLightCarYellow,departSpeed=0.0,applications=[]
2024-06-04 00:13:02,451 INFO  VehicleFlowGenerator - Creating Vehicle: time=18000000000,name=veh_12,route=1,laneSelectionMode=DEFAULT,lane=0,departConnectionIndex=0,pos=0,type=TrafficLightCarRed,departSpeed=0.0,applications=[org.eclipse.mosaic.app.tutorial.VehicleToTrafficLightApp]
2024-06-04 00:13:02,451 INFO  VehicleFlowGenerator - Creating Vehicle: time=18000000000,name=veh_13,route=3,laneSelectionMode=DEFAULT,lane=0,departConnectionIndex=0,pos=0,type=TrafficLightCarGreen,departSpeed=0.0,applications=[org.eclipse.mosaic.app.tutorial.VehicleToTrafficLightApp]
2024-06-04 00:13:02,451 INFO  VehicleFlowGenerator - Creating Vehicle: time=18000000000,name=veh_14,route=5,laneSelectionMode=DEFAULT,lane=0,departConnectionIndex=0,pos=0,type=TrafficLightCarBlue,departSpeed=0.0,applications=[org.eclipse.mosaic.app.tutorial.VehicleToTrafficLightApp]
2024-06-04 00:13:02,451 INFO  VehicleFlowGenerator - Creating Vehicle: time=18000000000,name=veh_15,route=5,laneSelectionMode=DEFAULT,lane=0,departConnectionIndex=0,pos=0,type=TrafficLightCarYellow,departSpeed=0.0,applications=[]
2024-06-04 00:13:02,620 INFO  VehicleFlowGenerator - Creating Vehicle: time=24000000000,name=veh_16,route=1,laneSelectionMode=DEFAULT,lane=0,departConnectionIndex=0,pos=0,type=TrafficLightCarRed,departSpeed=0.0,applications=[org.eclipse.mosaic.app.tutorial.VehicleToTrafficLightApp]
2024-06-04 00:13:02,620 INFO  VehicleFlowGenerator - Creating Vehicle: time=24000000000,name=veh_17,route=3,laneSelectionMode=DEFAULT,lane=0,departConnectionIndex=0,pos=0,type=TrafficLightCarGreen,departSpeed=0.0,applications=[org.eclipse.mosaic.app.tutorial.VehicleToTrafficLightApp]
2024-06-04 00:13:02,620 INFO  VehicleFlowGenerator - Creating Vehicle: time=24000000000,name=veh_18,route=5,laneSelectionMode=DEFAULT,lane=0,departConnectionIndex=0,pos=0,type=TrafficLightCarBlue,departSpeed=0.0,applications=[org.eclipse.mosaic.app.tutorial.VehicleToTrafficLightApp]
2024-06-04 00:13:02,620 INFO  VehicleFlowGenerator - Creating Vehicle: time=24000000000,name=veh_19,route=5,laneSelectionMode=DEFAULT,lane=0,departConnectionIndex=0,pos=0,type=TrafficLightCarYellow,departSpeed=0.0,applications=[]
2024-06-04 00:13:02,783 INFO  VehicleFlowGenerator - Creating Vehicle: time=30000000000,name=veh_20,route=1,laneSelectionMode=DEFAULT,lane=0,departConnectionIndex=0,pos=0,type=TrafficLightCarRed,departSpeed=0.0,applications=[org.eclipse.mosaic.app.tutorial.VehicleToTrafficLightApp]
2024-06-04 00:13:02,783 INFO  VehicleFlowGenerator - Creating Vehicle: time=30000000000,name=veh_21,route=3,laneSelectionMode=DEFAULT,lane=0,departConnectionIndex=0,pos=0,type=TrafficLightCarGreen,departSpeed=0.0,applications=[org.eclipse.mosaic.app.tutorial.VehicleToTrafficLightApp]
2024-06-04 00:13:02,783 INFO  VehicleFlowGenerator - Creating Vehicle: time=30000000000,name=veh_22,route=5,laneSelectionMode=DEFAULT,lane=0,departConnectionIndex=0,pos=0,type=TrafficLightCarBlue,departSpeed=0.0,applications=[org.eclipse.mosaic.app.tutorial.VehicleToTrafficLightApp]
2024-06-04 00:13:02,783 INFO  VehicleFlowGenerator - Creating Vehicle: time=30000000000,name=veh_23,route=5,laneSelectionMode=DEFAULT,lane=0,departConnectionIndex=0,pos=0,type=TrafficLightCarYellow,departSpeed=0.0,applications=[]
2024-06-04 00:13:03,080 INFO  VehicleFlowGenerator - Creating Vehicle: time=36000000000,name=veh_24,route=1,laneSelectionMode=DEFAULT,lane=0,departConnectionIndex=0,pos=0,type=TrafficLightCarRed,departSpeed=0.0,applications=[org.eclipse.mosaic.app.tutorial.VehicleToTrafficLightApp]
2024-06-04 00:13:03,080 INFO  VehicleFlowGenerator - Creating Vehicle: time=36000000000,name=veh_25,route=3,laneSelectionMode=DEFAULT,lane=0,departConnectionIndex=0,pos=0,type=TrafficLightCarGreen,departSpeed=0.0,applications=[org.eclipse.mosaic.app.tutorial.VehicleToTrafficLightApp]
2024-06-04 00:13:03,080 INFO  VehicleFlowGenerator - Creating Vehicle: time=36000000000,name=veh_26,route=5,laneSelectionMode=DEFAULT,lane=0,departConnectionIndex=0,pos=0,type=TrafficLightCarBlue,departSpeed=0.0,applications=[org.eclipse.mosaic.app.tutorial.VehicleToTrafficLightApp]
2024-06-04 00:13:03,080 INFO  VehicleFlowGenerator - Creating Vehicle: time=36000000000,name=veh_27,route=5,laneSelectionMode=DEFAULT,lane=0,departConnectionIndex=0,pos=0,type=TrafficLightCarYellow,departSpeed=0.0,applications=[]
2024-06-04 00:13:03,281 INFO  VehicleFlowGenerator - Creating Vehicle: time=42000000000,name=veh_28,route=1,laneSelectionMode=DEFAULT,lane=0,departConnectionIndex=0,pos=0,type=TrafficLightCarRed,departSpeed=0.0,applications=[org.eclipse.mosaic.app.tutorial.VehicleToTrafficLightApp]
2024-06-04 00:13:03,281 INFO  VehicleFlowGenerator - Creating Vehicle: time=42000000000,name=veh_29,route=3,laneSelectionMode=DEFAULT,lane=0,departConnectionIndex=0,pos=0,type=TrafficLightCarGreen,departSpeed=0.0,applications=[org.eclipse.mosaic.app.tutorial.VehicleToTrafficLightApp]
2024-06-04 00:13:03,281 INFO  VehicleFlowGenerator - Creating Vehicle: time=42000000000,name=veh_30,route=5,laneSelectionMode=DEFAULT,lane=0,departConnectionIndex=0,pos=0,type=TrafficLightCarBlue,departSpeed=0.0,applications=[org.eclipse.mosaic.app.tutorial.VehicleToTrafficLightApp]
2024-06-04 00:13:03,281 INFO  VehicleFlowGenerator - Creating Vehicle: time=42000000000,name=veh_31,route=5,laneSelectionMode=DEFAULT,lane=0,departConnectionIndex=0,pos=0,type=TrafficLightCarYellow,departSpeed=0.0,applications=[]
2024-06-04 00:13:03,451 INFO  VehicleFlowGenerator - Creating Vehicle: time=48000000000,name=veh_32,route=1,laneSelectionMode=DEFAULT,lane=0,departConnectionIndex=0,pos=0,type=TrafficLightCarRed,departSpeed=0.0,applications=[org.eclipse.mosaic.app.tutorial.VehicleToTrafficLightApp]
2024-06-04 00:13:03,451 INFO  VehicleFlowGenerator - Creating Vehicle: time=48000000000,name=veh_33,route=3,laneSelectionMode=DEFAULT,lane=0,departConnectionIndex=0,pos=0,type=TrafficLightCarGreen,departSpeed=0.0,applications=[org.eclipse.mosaic.app.tutorial.VehicleToTrafficLightApp]
2024-06-04 00:13:03,452 INFO  VehicleFlowGenerator - Creating Vehicle: time=48000000000,name=veh_34,route=5,laneSelectionMode=DEFAULT,lane=0,departConnectionIndex=0,pos=0,type=TrafficLightCarBlue,departSpeed=0.0,applications=[org.eclipse.mosaic.app.tutorial.VehicleToTrafficLightApp]
2024-06-04 00:13:03,452 INFO  VehicleFlowGenerator - Creating Vehicle: time=48000000000,name=veh_35,route=5,laneSelectionMode=DEFAULT,lane=0,departConnectionIndex=0,pos=0,type=TrafficLightCarYellow,departSpeed=0.0,applications=[]
2024-06-04 00:13:03,629 INFO  VehicleFlowGenerator - Creating Vehicle: time=54000000000,name=veh_36,route=1,laneSelectionMode=DEFAULT,lane=0,departConnectionIndex=0,pos=0,type=TrafficLightCarRed,departSpeed=0.0,applications=[org.eclipse.mosaic.app.tutorial.VehicleToTrafficLightApp]
2024-06-04 00:13:03,629 INFO  VehicleFlowGenerator - Creating Vehicle: time=54000000000,name=veh_37,route=3,laneSelectionMode=DEFAULT,lane=0,departConnectionIndex=0,pos=0,type=TrafficLightCarGreen,departSpeed=0.0,applications=[org.eclipse.mosaic.app.tutorial.VehicleToTrafficLightApp]
2024-06-04 00:13:03,629 INFO  VehicleFlowGenerator - Creating Vehicle: time=54000000000,name=veh_38,route=5,laneSelectionMode=DEFAULT,lane=0,departConnectionIndex=0,pos=0,type=TrafficLightCarBlue,departSpeed=0.0,applications=[org.eclipse.mosaic.app.tutorial.VehicleToTrafficLightApp]
2024-06-04 00:13:03,629 INFO  VehicleFlowGenerator - Creating Vehicle: time=54000000000,name=veh_39,route=5,laneSelectionMode=DEFAULT,lane=0,departConnectionIndex=0,pos=0,type=TrafficLightCarYellow,departSpeed=0.0,applications=[]
2024-06-04 00:13:03,772 INFO  VehicleFlowGenerator - Creating Vehicle: time=60000000000,name=veh_40,route=1,laneSelectionMode=DEFAULT,lane=0,departConnectionIndex=0,pos=0,type=TrafficLightCarRed,departSpeed=0.0,applications=[org.eclipse.mosaic.app.tutorial.VehicleToTrafficLightApp]
2024-06-04 00:13:03,772 INFO  VehicleFlowGenerator - Creating Vehicle: time=60000000000,name=veh_41,route=3,laneSelectionMode=DEFAULT,lane=0,departConnectionIndex=0,pos=0,type=TrafficLightCarGreen,departSpeed=0.0,applications=[org.eclipse.mosaic.app.tutorial.VehicleToTrafficLightApp]
2024-06-04 00:13:03,772 INFO  VehicleFlowGenerator - Creating Vehicle: time=60000000000,name=veh_42,route=5,laneSelectionMode=DEFAULT,lane=0,departConnectionIndex=0,pos=0,type=TrafficLightCarBlue,departSpeed=0.0,applications=[org.eclipse.mosaic.app.tutorial.VehicleToTrafficLightApp]
2024-06-04 00:13:03,772 INFO  VehicleFlowGenerator - Creating Vehicle: time=60000000000,name=veh_43,route=5,laneSelectionMode=DEFAULT,lane=0,departConnectionIndex=0,pos=0,type=TrafficLightCarYellow,departSpeed=0.0,applications=[]
2024-06-04 00:13:03,898 INFO  VehicleFlowGenerator - Creating Vehicle: time=66000000000,name=veh_44,route=1,laneSelectionMode=DEFAULT,lane=0,departConnectionIndex=0,pos=0,type=TrafficLightCarRed,departSpeed=0.0,applications=[org.eclipse.mosaic.app.tutorial.VehicleToTrafficLightApp]
2024-06-04 00:13:03,898 INFO  VehicleFlowGenerator - Creating Vehicle: time=66000000000,name=veh_45,route=3,laneSelectionMode=DEFAULT,lane=0,departConnectionIndex=0,pos=0,type=TrafficLightCarGreen,departSpeed=0.0,applications=[org.eclipse.mosaic.app.tutorial.VehicleToTrafficLightApp]
2024-06-04 00:13:03,898 INFO  VehicleFlowGenerator - Creating Vehicle: time=66000000000,name=veh_46,route=5,laneSelectionMode=DEFAULT,lane=0,departConnectionIndex=0,pos=0,type=TrafficLightCarBlue,departSpeed=0.0,applications=[org.eclipse.mosaic.app.tutorial.VehicleToTrafficLightApp]
2024-06-04 00:13:03,898 INFO  VehicleFlowGenerator - Creating Vehicle: time=66000000000,name=veh_47,route=5,laneSelectionMode=DEFAULT,lane=0,departConnectionIndex=0,pos=0,type=TrafficLightCarYellow,departSpeed=0.0,applications=[]
2024-06-04 00:13:04,143 INFO  VehicleFlowGenerator - Creating Vehicle: time=72000000000,name=veh_48,route=1,laneSelectionMode=DEFAULT,lane=0,departConnectionIndex=0,pos=0,type=TrafficLightCarRed,departSpeed=0.0,applications=[org.eclipse.mosaic.app.tutorial.VehicleToTrafficLightApp]
2024-06-04 00:13:04,143 INFO  VehicleFlowGenerator - Creating Vehicle: time=72000000000,name=veh_49,route=3,laneSelectionMode=DEFAULT,lane=0,departConnectionIndex=0,pos=0,type=TrafficLightCarGreen,departSpeed=0.0,applications=[org.eclipse.mosaic.app.tutorial.VehicleToTrafficLightApp]
2024-06-04 00:13:04,143 INFO  VehicleFlowGenerator - Creating Vehicle: time=72000000000,name=veh_50,route=5,laneSelectionMode=DEFAULT,lane=0,departConnectionIndex=0,pos=0,type=TrafficLightCarBlue,departSpeed=0.0,applications=[org.eclipse.mosaic.app.tutorial.VehicleToTrafficLightApp]
2024-06-04 00:13:04,143 INFO  VehicleFlowGenerator - Creating Vehicle: time=72000000000,name=veh_51,route=5,laneSelectionMode=DEFAULT,lane=0,departConnectionIndex=0,pos=0,type=TrafficLightCarYellow,departSpeed=0.0,applications=[]
2024-06-04 00:13:04,262 INFO  VehicleFlowGenerator - Creating Vehicle: time=78000000000,name=veh_52,route=1,laneSelectionMode=DEFAULT,lane=0,departConnectionIndex=0,pos=0,type=TrafficLightCarRed,departSpeed=0.0,applications=[org.eclipse.mosaic.app.tutorial.VehicleToTrafficLightApp]
2024-06-04 00:13:04,262 INFO  VehicleFlowGenerator - Creating Vehicle: time=78000000000,name=veh_53,route=3,laneSelectionMode=DEFAULT,lane=0,departConnectionIndex=0,pos=0,type=TrafficLightCarGreen,departSpeed=0.0,applications=[org.eclipse.mosaic.app.tutorial.VehicleToTrafficLightApp]
2024-06-04 00:13:04,262 INFO  VehicleFlowGenerator - Creating Vehicle: time=78000000000,name=veh_54,route=5,laneSelectionMode=DEFAULT,lane=0,departConnectionIndex=0,pos=0,type=TrafficLightCarBlue,departSpeed=0.0,applications=[org.eclipse.mosaic.app.tutorial.VehicleToTrafficLightApp]
2024-06-04 00:13:04,262 INFO  VehicleFlowGenerator - Creating Vehicle: time=78000000000,name=veh_55,route=5,laneSelectionMode=DEFAULT,lane=0,departConnectionIndex=0,pos=0,type=TrafficLightCarYellow,departSpeed=0.0,applications=[]
2024-06-04 00:13:04,425 INFO  VehicleFlowGenerator - Creating Vehicle: time=84000000000,name=veh_56,route=1,laneSelectionMode=DEFAULT,lane=0,departConnectionIndex=0,pos=0,type=TrafficLightCarRed,departSpeed=0.0,applications=[org.eclipse.mosaic.app.tutorial.VehicleToTrafficLightApp]
2024-06-04 00:13:04,425 INFO  VehicleFlowGenerator - Creating Vehicle: time=84000000000,name=veh_57,route=3,laneSelectionMode=DEFAULT,lane=0,departConnectionIndex=0,pos=0,type=TrafficLightCarGreen,departSpeed=0.0,applications=[org.eclipse.mosaic.app.tutorial.VehicleToTrafficLightApp]
2024-06-04 00:13:04,425 INFO  VehicleFlowGenerator - Creating Vehicle: time=84000000000,name=veh_58,route=5,laneSelectionMode=DEFAULT,lane=0,departConnectionIndex=0,pos=0,type=TrafficLightCarBlue,departSpeed=0.0,applications=[org.eclipse.mosaic.app.tutorial.VehicleToTrafficLightApp]
2024-06-04 00:13:04,425 INFO  VehicleFlowGenerator - Creating Vehicle: time=84000000000,name=veh_59,route=5,laneSelectionMode=DEFAULT,lane=0,departConnectionIndex=0,pos=0,type=TrafficLightCarYellow,departSpeed=0.0,applications=[]
2024-06-04 00:13:04,583 INFO  VehicleFlowGenerator - Creating Vehicle: time=90000000000,name=veh_60,route=1,laneSelectionMode=DEFAULT,lane=0,departConnectionIndex=0,pos=0,type=TrafficLightCarRed,departSpeed=0.0,applications=[org.eclipse.mosaic.app.tutorial.VehicleToTrafficLightApp]
2024-06-04 00:13:04,583 INFO  VehicleFlowGenerator - Creating Vehicle: time=90000000000,name=veh_61,route=3,laneSelectionMode=DEFAULT,lane=0,departConnectionIndex=0,pos=0,type=TrafficLightCarGreen,departSpeed=0.0,applications=[org.eclipse.mosaic.app.tutorial.VehicleToTrafficLightApp]
2024-06-04 00:13:04,583 INFO  VehicleFlowGenerator - Creating Vehicle: time=90000000000,name=veh_62,route=5,laneSelectionMode=DEFAULT,lane=0,departConnectionIndex=0,pos=0,type=TrafficLightCarBlue,departSpeed=0.0,applications=[org.eclipse.mosaic.app.tutorial.VehicleToTrafficLightApp]
2024-06-04 00:13:04,583 INFO  VehicleFlowGenerator - Creating Vehicle: time=90000000000,name=veh_63,route=5,laneSelectionMode=DEFAULT,lane=0,departConnectionIndex=0,pos=0,type=TrafficLightCarYellow,departSpeed=0.0,applications=[]
2024-06-04 00:13:04,743 INFO  VehicleFlowGenerator - Creating Vehicle: time=96000000000,name=veh_64,route=1,laneSelectionMode=DEFAULT,lane=0,departConnectionIndex=0,pos=0,type=TrafficLightCarRed,departSpeed=0.0,applications=[org.eclipse.mosaic.app.tutorial.VehicleToTrafficLightApp]
2024-06-04 00:13:04,743 INFO  VehicleFlowGenerator - Creating Vehicle: time=96000000000,name=veh_65,route=3,laneSelectionMode=DEFAULT,lane=0,departConnectionIndex=0,pos=0,type=TrafficLightCarGreen,departSpeed=0.0,applications=[org.eclipse.mosaic.app.tutorial.VehicleToTrafficLightApp]
2024-06-04 00:13:04,743 INFO  VehicleFlowGenerator - Creating Vehicle: time=96000000000,name=veh_66,route=5,laneSelectionMode=DEFAULT,lane=0,departConnectionIndex=0,pos=0,type=TrafficLightCarBlue,departSpeed=0.0,applications=[org.eclipse.mosaic.app.tutorial.VehicleToTrafficLightApp]
2024-06-04 00:13:04,743 INFO  VehicleFlowGenerator - Creating Vehicle: time=96000000000,name=veh_67,route=5,laneSelectionMode=DEFAULT,lane=0,departConnectionIndex=0,pos=0,type=TrafficLightCarYellow,departSpeed=0.0,applications=[]
2024-06-04 00:13:05,060 INFO  VehicleFlowGenerator - Creating Vehicle: time=102000000000,name=veh_68,route=1,laneSelectionMode=DEFAULT,lane=0,departConnectionIndex=0,pos=0,type=TrafficLightCarRed,departSpeed=0.0,applications=[org.eclipse.mosaic.app.tutorial.VehicleToTrafficLightApp]
2024-06-04 00:13:05,060 INFO  VehicleFlowGenerator - Creating Vehicle: time=102000000000,name=veh_69,route=3,laneSelectionMode=DEFAULT,lane=0,departConnectionIndex=0,pos=0,type=TrafficLightCarGreen,departSpeed=0.0,applications=[org.eclipse.mosaic.app.tutorial.VehicleToTrafficLightApp]
2024-06-04 00:13:05,060 INFO  VehicleFlowGenerator - Creating Vehicle: time=102000000000,name=veh_70,route=5,laneSelectionMode=DEFAULT,lane=0,departConnectionIndex=0,pos=0,type=TrafficLightCarBlue,departSpeed=0.0,applications=[org.eclipse.mosaic.app.tutorial.VehicleToTrafficLightApp]
2024-06-04 00:13:05,060 INFO  VehicleFlowGenerator - Creating Vehicle: time=102000000000,name=veh_71,route=5,laneSelectionMode=DEFAULT,lane=0,departConnectionIndex=0,pos=0,type=TrafficLightCarYellow,departSpeed=0.0,applications=[]
2024-06-04 00:13:05,209 INFO  VehicleFlowGenerator - Creating Vehicle: time=108000000000,name=veh_72,route=1,laneSelectionMode=DEFAULT,lane=0,departConnectionIndex=0,pos=0,type=TrafficLightCarRed,departSpeed=0.0,applications=[org.eclipse.mosaic.app.tutorial.VehicleToTrafficLightApp]
2024-06-04 00:13:05,209 INFO  VehicleFlowGenerator - Creating Vehicle: time=108000000000,name=veh_73,route=3,laneSelectionMode=DEFAULT,lane=0,departConnectionIndex=0,pos=0,type=TrafficLightCarGreen,departSpeed=0.0,applications=[org.eclipse.mosaic.app.tutorial.VehicleToTrafficLightApp]
2024-06-04 00:13:05,209 INFO  VehicleFlowGenerator - Creating Vehicle: time=108000000000,name=veh_74,route=5,laneSelectionMode=DEFAULT,lane=0,departConnectionIndex=0,pos=0,type=TrafficLightCarBlue,departSpeed=0.0,applications=[org.eclipse.mosaic.app.tutorial.VehicleToTrafficLightApp]
2024-06-04 00:13:05,209 INFO  VehicleFlowGenerator - Creating Vehicle: time=108000000000,name=veh_75,route=5,laneSelectionMode=DEFAULT,lane=0,departConnectionIndex=0,pos=0,type=TrafficLightCarYellow,departSpeed=0.0,applications=[]
2024-06-04 00:13:05,381 INFO  VehicleFlowGenerator - Creating Vehicle: time=114000000000,name=veh_76,route=1,laneSelectionMode=DEFAULT,lane=0,departConnectionIndex=0,pos=0,type=TrafficLightCarRed,departSpeed=0.0,applications=[org.eclipse.mosaic.app.tutorial.VehicleToTrafficLightApp]
2024-06-04 00:13:05,382 INFO  VehicleFlowGenerator - Creating Vehicle: time=114000000000,name=veh_77,route=3,laneSelectionMode=DEFAULT,lane=0,departConnectionIndex=0,pos=0,type=TrafficLightCarGreen,departSpeed=0.0,applications=[org.eclipse.mosaic.app.tutorial.VehicleToTrafficLightApp]
2024-06-04 00:13:05,382 INFO  VehicleFlowGenerator - Creating Vehicle: time=114000000000,name=veh_78,route=5,laneSelectionMode=DEFAULT,lane=0,departConnectionIndex=0,pos=0,type=TrafficLightCarBlue,departSpeed=0.0,applications=[org.eclipse.mosaic.app.tutorial.VehicleToTrafficLightApp]
2024-06-04 00:13:05,382 INFO  VehicleFlowGenerator - Creating Vehicle: time=114000000000,name=veh_79,route=5,laneSelectionMode=DEFAULT,lane=0,departConnectionIndex=0,pos=0,type=TrafficLightCarYellow,departSpeed=0.0,applications=[]
2024-06-04 00:13:05,561 INFO  VehicleFlowGenerator - Creating Vehicle: time=120000000000,name=veh_80,route=1,laneSelectionMode=DEFAULT,lane=0,departConnectionIndex=0,pos=0,type=TrafficLightCarRed,departSpeed=0.0,applications=[org.eclipse.mosaic.app.tutorial.VehicleToTrafficLightApp]
2024-06-04 00:13:05,561 INFO  VehicleFlowGenerator - Creating Vehicle: time=120000000000,name=veh_81,route=5,laneSelectionMode=DEFAULT,lane=0,departConnectionIndex=0,pos=0,type=TrafficLightCarBlue,departSpeed=0.0,applications=[org.eclipse.mosaic.app.tutorial.VehicleToTrafficLightApp]
2024-06-04 00:13:05,561 INFO  VehicleFlowGenerator - Creating Vehicle: time=120000000000,name=veh_82,route=5,laneSelectionMode=DEFAULT,lane=0,departConnectionIndex=0,pos=0,type=TrafficLightCarYellow,departSpeed=0.0,applications=[]
2024-06-04 00:13:05,723 INFO  VehicleFlowGenerator - Creating Vehicle: time=126000000000,name=veh_83,route=1,laneSelectionMode=DEFAULT,lane=0,departConnectionIndex=0,pos=0,type=TrafficLightCarRed,departSpeed=0.0,applications=[org.eclipse.mosaic.app.tutorial.VehicleToTrafficLightApp]
2024-06-04 00:13:05,723 INFO  VehicleFlowGenerator - Creating Vehicle: time=126000000000,name=veh_84,route=5,laneSelectionMode=DEFAULT,lane=0,departConnectionIndex=0,pos=0,type=TrafficLightCarBlue,departSpeed=0.0,applications=[org.eclipse.mosaic.app.tutorial.VehicleToTrafficLightApp]
2024-06-04 00:13:05,724 INFO  VehicleFlowGenerator - Creating Vehicle: time=126000000000,name=veh_85,route=5,laneSelectionMode=DEFAULT,lane=0,departConnectionIndex=0,pos=0,type=TrafficLightCarYellow,departSpeed=0.0,applications=[]
2024-06-04 00:13:05,869 INFO  VehicleFlowGenerator - Creating Vehicle: time=132000000000,name=veh_86,route=1,laneSelectionMode=DEFAULT,lane=0,departConnectionIndex=0,pos=0,type=TrafficLightCarRed,departSpeed=0.0,applications=[org.eclipse.mosaic.app.tutorial.VehicleToTrafficLightApp]
2024-06-04 00:13:05,869 INFO  VehicleFlowGenerator - Creating Vehicle: time=132000000000,name=veh_87,route=5,laneSelectionMode=DEFAULT,lane=0,departConnectionIndex=0,pos=0,type=TrafficLightCarBlue,departSpeed=0.0,applications=[org.eclipse.mosaic.app.tutorial.VehicleToTrafficLightApp]
2024-06-04 00:13:05,870 INFO  VehicleFlowGenerator - Creating Vehicle: time=132000000000,name=veh_88,route=5,laneSelectionMode=DEFAULT,lane=0,departConnectionIndex=0,pos=0,type=TrafficLightCarYellow,departSpeed=0.0,applications=[]
2024-06-04 00:13:06,117 INFO  VehicleFlowGenerator - Creating Vehicle: time=138000000000,name=veh_89,route=1,laneSelectionMode=DEFAULT,lane=0,departConnectionIndex=0,pos=0,type=TrafficLightCarRed,departSpeed=0.0,applications=[org.eclipse.mosaic.app.tutorial.VehicleToTrafficLightApp]
2024-06-04 00:13:06,117 INFO  VehicleFlowGenerator - Creating Vehicle: time=138000000000,name=veh_90,route=5,laneSelectionMode=DEFAULT,lane=0,departConnectionIndex=0,pos=0,type=TrafficLightCarBlue,departSpeed=0.0,applications=[org.eclipse.mosaic.app.tutorial.VehicleToTrafficLightApp]
2024-06-04 00:13:06,117 INFO  VehicleFlowGenerator - Creating Vehicle: time=138000000000,name=veh_91,route=5,laneSelectionMode=DEFAULT,lane=0,departConnectionIndex=0,pos=0,type=TrafficLightCarYellow,departSpeed=0.0,applications=[]
2024-06-04 00:13:06,259 INFO  VehicleFlowGenerator - Creating Vehicle: time=144000000000,name=veh_92,route=1,laneSelectionMode=DEFAULT,lane=0,departConnectionIndex=0,pos=0,type=TrafficLightCarRed,departSpeed=0.0,applications=[org.eclipse.mosaic.app.tutorial.VehicleToTrafficLightApp]
2024-06-04 00:13:06,259 INFO  VehicleFlowGenerator - Creating Vehicle: time=144000000000,name=veh_93,route=5,laneSelectionMode=DEFAULT,lane=0,departConnectionIndex=0,pos=0,type=TrafficLightCarBlue,departSpeed=0.0,applications=[org.eclipse.mosaic.app.tutorial.VehicleToTrafficLightApp]
2024-06-04 00:13:06,259 INFO  VehicleFlowGenerator - Creating Vehicle: time=144000000000,name=veh_94,route=5,laneSelectionMode=DEFAULT,lane=0,departConnectionIndex=0,pos=0,type=TrafficLightCarYellow,departSpeed=0.0,applications=[]
2024-06-04 00:13:06,378 INFO  VehicleFlowGenerator - Creating Vehicle: time=150000000000,name=veh_95,route=1,laneSelectionMode=DEFAULT,lane=0,departConnectionIndex=0,pos=0,type=TrafficLightCarRed,departSpeed=0.0,applications=[org.eclipse.mosaic.app.tutorial.VehicleToTrafficLightApp]
2024-06-04 00:13:06,378 INFO  VehicleFlowGenerator - Creating Vehicle: time=150000000000,name=veh_96,route=5,laneSelectionMode=DEFAULT,lane=0,departConnectionIndex=0,pos=0,type=TrafficLightCarBlue,departSpeed=0.0,applications=[org.eclipse.mosaic.app.tutorial.VehicleToTrafficLightApp]
2024-06-04 00:13:06,378 INFO  VehicleFlowGenerator - Creating Vehicle: time=150000000000,name=veh_97,route=5,laneSelectionMode=DEFAULT,lane=0,departConnectionIndex=0,pos=0,type=TrafficLightCarYellow,departSpeed=0.0,applications=[]
2024-06-04 00:13:06,514 INFO  VehicleFlowGenerator - Creating Vehicle: time=156000000000,name=veh_98,route=1,laneSelectionMode=DEFAULT,lane=0,departConnectionIndex=0,pos=0,type=TrafficLightCarRed,departSpeed=0.0,applications=[org.eclipse.mosaic.app.tutorial.VehicleToTrafficLightApp]
2024-06-04 00:13:06,514 INFO  VehicleFlowGenerator - Creating Vehicle: time=156000000000,name=veh_99,route=5,laneSelectionMode=DEFAULT,lane=0,departConnectionIndex=0,pos=0,type=TrafficLightCarBlue,departSpeed=0.0,applications=[org.eclipse.mosaic.app.tutorial.VehicleToTrafficLightApp]
2024-06-04 00:13:06,514 INFO  VehicleFlowGenerator - Creating Vehicle: time=156000000000,name=veh_100,route=5,laneSelectionMode=DEFAULT,lane=0,departConnectionIndex=0,pos=0,type=TrafficLightCarYellow,departSpeed=0.0,applications=[]
2024-06-04 00:13:06,666 INFO  VehicleFlowGenerator - Creating Vehicle: time=162000000000,name=veh_101,route=1,laneSelectionMode=DEFAULT,lane=0,departConnectionIndex=0,pos=0,type=TrafficLightCarRed,departSpeed=0.0,applications=[org.eclipse.mosaic.app.tutorial.VehicleToTrafficLightApp]
2024-06-04 00:13:06,666 INFO  VehicleFlowGenerator - Creating Vehicle: time=162000000000,name=veh_102,route=5,laneSelectionMode=DEFAULT,lane=0,departConnectionIndex=0,pos=0,type=TrafficLightCarBlue,departSpeed=0.0,applications=[org.eclipse.mosaic.app.tutorial.VehicleToTrafficLightApp]
2024-06-04 00:13:06,666 INFO  VehicleFlowGenerator - Creating Vehicle: time=162000000000,name=veh_103,route=5,laneSelectionMode=DEFAULT,lane=0,departConnectionIndex=0,pos=0,type=TrafficLightCarYellow,departSpeed=0.0,applications=[]
2024-06-04 00:13:06,795 INFO  VehicleFlowGenerator - Creating Vehicle: time=168000000000,name=veh_104,route=1,laneSelectionMode=DEFAULT,lane=0,departConnectionIndex=0,pos=0,type=TrafficLightCarRed,departSpeed=0.0,applications=[org.eclipse.mosaic.app.tutorial.VehicleToTrafficLightApp]
2024-06-04 00:13:06,795 INFO  VehicleFlowGenerator - Creating Vehicle: time=168000000000,name=veh_105,route=5,laneSelectionMode=DEFAULT,lane=0,departConnectionIndex=0,pos=0,type=TrafficLightCarBlue,departSpeed=0.0,applications=[org.eclipse.mosaic.app.tutorial.VehicleToTrafficLightApp]
2024-06-04 00:13:06,795 INFO  VehicleFlowGenerator - Creating Vehicle: time=168000000000,name=veh_106,route=5,laneSelectionMode=DEFAULT,lane=0,departConnectionIndex=0,pos=0,type=TrafficLightCarYellow,departSpeed=0.0,applications=[]
2024-06-04 00:13:07,035 INFO  VehicleFlowGenerator - Creating Vehicle: time=174000000000,name=veh_107,route=1,laneSelectionMode=DEFAULT,lane=0,departConnectionIndex=0,pos=0,type=TrafficLightCarRed,departSpeed=0.0,applications=[org.eclipse.mosaic.app.tutorial.VehicleToTrafficLightApp]
2024-06-04 00:13:07,035 INFO  VehicleFlowGenerator - Creating Vehicle: time=174000000000,name=veh_108,route=5,laneSelectionMode=DEFAULT,lane=0,departConnectionIndex=0,pos=0,type=TrafficLightCarBlue,departSpeed=0.0,applications=[org.eclipse.mosaic.app.tutorial.VehicleToTrafficLightApp]
2024-06-04 00:13:07,035 INFO  VehicleFlowGenerator - Creating Vehicle: time=174000000000,name=veh_109,route=5,laneSelectionMode=DEFAULT,lane=0,departConnectionIndex=0,pos=0,type=TrafficLightCarYellow,departSpeed=0.0,applications=[]
2024-06-04 00:13:07,197 INFO  VehicleFlowGenerator - Creating Vehicle: time=180000000000,name=veh_110,route=1,laneSelectionMode=DEFAULT,lane=0,departConnectionIndex=0,pos=0,type=TrafficLightCarRed,departSpeed=0.0,applications=[org.eclipse.mosaic.app.tutorial.VehicleToTrafficLightApp]
2024-06-04 00:13:07,197 INFO  VehicleFlowGenerator - Creating Vehicle: time=180000000000,name=veh_111,route=5,laneSelectionMode=DEFAULT,lane=0,departConnectionIndex=0,pos=0,type=TrafficLightCarBlue,departSpeed=0.0,applications=[org.eclipse.mosaic.app.tutorial.VehicleToTrafficLightApp]
2024-06-04 00:13:07,197 INFO  VehicleFlowGenerator - Creating Vehicle: time=180000000000,name=veh_112,route=5,laneSelectionMode=DEFAULT,lane=0,departConnectionIndex=0,pos=0,type=TrafficLightCarYellow,departSpeed=0.0,applications=[]
2024-06-04 00:13:07,343 INFO  VehicleFlowGenerator - Creating Vehicle: time=186000000000,name=veh_113,route=1,laneSelectionMode=DEFAULT,lane=0,departConnectionIndex=0,pos=0,type=TrafficLightCarRed,departSpeed=0.0,applications=[org.eclipse.mosaic.app.tutorial.VehicleToTrafficLightApp]
2024-06-04 00:13:07,343 INFO  VehicleFlowGenerator - Creating Vehicle: time=186000000000,name=veh_114,route=5,laneSelectionMode=DEFAULT,lane=0,departConnectionIndex=0,pos=0,type=TrafficLightCarBlue,departSpeed=0.0,applications=[org.eclipse.mosaic.app.tutorial.VehicleToTrafficLightApp]
2024-06-04 00:13:07,343 INFO  VehicleFlowGenerator - Creating Vehicle: time=186000000000,name=veh_115,route=5,laneSelectionMode=DEFAULT,lane=0,departConnectionIndex=0,pos=0,type=TrafficLightCarYellow,departSpeed=0.0,applications=[]
2024-06-04 00:13:07,512 INFO  VehicleFlowGenerator - Creating Vehicle: time=192000000000,name=veh_116,route=1,laneSelectionMode=DEFAULT,lane=0,departConnectionIndex=0,pos=0,type=TrafficLightCarRed,departSpeed=0.0,applications=[org.eclipse.mosaic.app.tutorial.VehicleToTrafficLightApp]
2024-06-04 00:13:07,512 INFO  VehicleFlowGenerator - Creating Vehicle: time=192000000000,name=veh_117,route=5,laneSelectionMode=DEFAULT,lane=0,departConnectionIndex=0,pos=0,type=TrafficLightCarBlue,departSpeed=0.0,applications=[org.eclipse.mosaic.app.tutorial.VehicleToTrafficLightApp]
2024-06-04 00:13:07,512 INFO  VehicleFlowGenerator - Creating Vehicle: time=192000000000,name=veh_118,route=5,laneSelectionMode=DEFAULT,lane=0,departConnectionIndex=0,pos=0,type=TrafficLightCarYellow,departSpeed=0.0,applications=[]
2024-06-04 00:13:07,648 INFO  VehicleFlowGenerator - Creating Vehicle: time=198000000000,name=veh_119,route=1,laneSelectionMode=DEFAULT,lane=0,departConnectionIndex=0,pos=0,type=TrafficLightCarRed,departSpeed=0.0,applications=[org.eclipse.mosaic.app.tutorial.VehicleToTrafficLightApp]
2024-06-04 00:13:07,648 INFO  VehicleFlowGenerator - Creating Vehicle: time=198000000000,name=veh_120,route=5,laneSelectionMode=DEFAULT,lane=0,departConnectionIndex=0,pos=0,type=TrafficLightCarBlue,departSpeed=0.0,applications=[org.eclipse.mosaic.app.tutorial.VehicleToTrafficLightApp]
2024-06-04 00:13:07,648 INFO  VehicleFlowGenerator - Creating Vehicle: time=198000000000,name=veh_121,route=5,laneSelectionMode=DEFAULT,lane=0,departConnectionIndex=0,pos=0,type=TrafficLightCarYellow,departSpeed=0.0,applications=[]
2024-06-04 00:13:07,795 INFO  VehicleFlowGenerator - Creating Vehicle: time=204000000000,name=veh_122,route=1,laneSelectionMode=DEFAULT,lane=0,departConnectionIndex=0,pos=0,type=TrafficLightCarRed,departSpeed=0.0,applications=[org.eclipse.mosaic.app.tutorial.VehicleToTrafficLightApp]
2024-06-04 00:13:07,795 INFO  VehicleFlowGenerator - Creating Vehicle: time=204000000000,name=veh_123,route=5,laneSelectionMode=DEFAULT,lane=0,departConnectionIndex=0,pos=0,type=TrafficLightCarBlue,departSpeed=0.0,applications=[org.eclipse.mosaic.app.tutorial.VehicleToTrafficLightApp]
2024-06-04 00:13:07,795 INFO  VehicleFlowGenerator - Creating Vehicle: time=204000000000,name=veh_124,route=5,laneSelectionMode=DEFAULT,lane=0,departConnectionIndex=0,pos=0,type=TrafficLightCarYellow,departSpeed=0.0,applications=[]
2024-06-04 00:13:07,935 INFO  VehicleFlowGenerator - Creating Vehicle: time=210000000000,name=veh_125,route=1,laneSelectionMode=DEFAULT,lane=0,departConnectionIndex=0,pos=0,type=TrafficLightCarRed,departSpeed=0.0,applications=[org.eclipse.mosaic.app.tutorial.VehicleToTrafficLightApp]
2024-06-04 00:13:07,935 INFO  VehicleFlowGenerator - Creating Vehicle: time=210000000000,name=veh_126,route=5,laneSelectionMode=DEFAULT,lane=0,departConnectionIndex=0,pos=0,type=TrafficLightCarBlue,departSpeed=0.0,applications=[org.eclipse.mosaic.app.tutorial.VehicleToTrafficLightApp]
2024-06-04 00:13:07,935 INFO  VehicleFlowGenerator - Creating Vehicle: time=210000000000,name=veh_127,route=5,laneSelectionMode=DEFAULT,lane=0,departConnectionIndex=0,pos=0,type=TrafficLightCarYellow,departSpeed=0.0,applications=[]
2024-06-04 00:13:08,213 INFO  VehicleFlowGenerator - Creating Vehicle: time=216000000000,name=veh_128,route=1,laneSelectionMode=DEFAULT,lane=0,departConnectionIndex=0,pos=0,type=TrafficLightCarRed,departSpeed=0.0,applications=[org.eclipse.mosaic.app.tutorial.VehicleToTrafficLightApp]
2024-06-04 00:13:08,213 INFO  VehicleFlowGenerator - Creating Vehicle: time=216000000000,name=veh_129,route=5,laneSelectionMode=DEFAULT,lane=0,departConnectionIndex=0,pos=0,type=TrafficLightCarBlue,departSpeed=0.0,applications=[org.eclipse.mosaic.app.tutorial.VehicleToTrafficLightApp]
2024-06-04 00:13:08,213 INFO  VehicleFlowGenerator - Creating Vehicle: time=216000000000,name=veh_130,route=5,laneSelectionMode=DEFAULT,lane=0,departConnectionIndex=0,pos=0,type=TrafficLightCarYellow,departSpeed=0.0,applications=[]
2024-06-04 00:13:08,365 INFO  VehicleFlowGenerator - Creating Vehicle: time=222000000000,name=veh_131,route=1,laneSelectionMode=DEFAULT,lane=0,departConnectionIndex=0,pos=0,type=TrafficLightCarRed,departSpeed=0.0,applications=[org.eclipse.mosaic.app.tutorial.VehicleToTrafficLightApp]
2024-06-04 00:13:08,365 INFO  VehicleFlowGenerator - Creating Vehicle: time=222000000000,name=veh_132,route=5,laneSelectionMode=DEFAULT,lane=0,departConnectionIndex=0,pos=0,type=TrafficLightCarBlue,departSpeed=0.0,applications=[org.eclipse.mosaic.app.tutorial.VehicleToTrafficLightApp]
2024-06-04 00:13:08,365 INFO  VehicleFlowGenerator - Creating Vehicle: time=222000000000,name=veh_133,route=5,laneSelectionMode=DEFAULT,lane=0,departConnectionIndex=0,pos=0,type=TrafficLightCarYellow,departSpeed=0.0,applications=[]
2024-06-04 00:13:08,494 INFO  VehicleFlowGenerator - Creating Vehicle: time=228000000000,name=veh_134,route=1,laneSelectionMode=DEFAULT,lane=0,departConnectionIndex=0,pos=0,type=TrafficLightCarRed,departSpeed=0.0,applications=[org.eclipse.mosaic.app.tutorial.VehicleToTrafficLightApp]
2024-06-04 00:13:08,494 INFO  VehicleFlowGenerator - Creating Vehicle: time=228000000000,name=veh_135,route=5,laneSelectionMode=DEFAULT,lane=0,departConnectionIndex=0,pos=0,type=TrafficLightCarBlue,departSpeed=0.0,applications=[org.eclipse.mosaic.app.tutorial.VehicleToTrafficLightApp]
2024-06-04 00:13:08,494 INFO  VehicleFlowGenerator - Creating Vehicle: time=228000000000,name=veh_136,route=5,laneSelectionMode=DEFAULT,lane=0,departConnectionIndex=0,pos=0,type=TrafficLightCarYellow,departSpeed=0.0,applications=[]
2024-06-04 00:13:08,617 INFO  VehicleFlowGenerator - Creating Vehicle: time=234000000000,name=veh_137,route=1,laneSelectionMode=DEFAULT,lane=0,departConnectionIndex=0,pos=0,type=TrafficLightCarRed,departSpeed=0.0,applications=[org.eclipse.mosaic.app.tutorial.VehicleToTrafficLightApp]
2024-06-04 00:13:08,617 INFO  VehicleFlowGenerator - Creating Vehicle: time=234000000000,name=veh_138,route=5,laneSelectionMode=DEFAULT,lane=0,departConnectionIndex=0,pos=0,type=TrafficLightCarBlue,departSpeed=0.0,applications=[org.eclipse.mosaic.app.tutorial.VehicleToTrafficLightApp]
2024-06-04 00:13:08,617 INFO  VehicleFlowGenerator - Creating Vehicle: time=234000000000,name=veh_139,route=5,laneSelectionMode=DEFAULT,lane=0,departConnectionIndex=0,pos=0,type=TrafficLightCarYellow,departSpeed=0.0,applications=[]
2024-06-04 00:13:08,747 INFO  VehicleFlowGenerator - Creating Vehicle: time=240000000000,name=veh_140,route=1,laneSelectionMode=DEFAULT,lane=0,departConnectionIndex=0,pos=0,type=TrafficLightCarRed,departSpeed=0.0,applications=[org.eclipse.mosaic.app.tutorial.VehicleToTrafficLightApp]
2024-06-04 00:13:08,748 INFO  VehicleFlowGenerator - Creating Vehicle: time=240000000000,name=veh_141,route=5,laneSelectionMode=DEFAULT,lane=0,departConnectionIndex=0,pos=0,type=TrafficLightCarBlue,departSpeed=0.0,applications=[org.eclipse.mosaic.app.tutorial.VehicleToTrafficLightApp]
2024-06-04 00:13:08,748 INFO  VehicleFlowGenerator - Creating Vehicle: time=240000000000,name=veh_142,route=5,laneSelectionMode=DEFAULT,lane=0,departConnectionIndex=0,pos=0,type=TrafficLightCarYellow,departSpeed=0.0,applications=[]
2024-06-04 00:13:08,905 INFO  VehicleFlowGenerator - Creating Vehicle: time=246000000000,name=veh_143,route=1,laneSelectionMode=DEFAULT,lane=0,departConnectionIndex=0,pos=0,type=TrafficLightCarRed,departSpeed=0.0,applications=[org.eclipse.mosaic.app.tutorial.VehicleToTrafficLightApp]
2024-06-04 00:13:08,905 INFO  VehicleFlowGenerator - Creating Vehicle: time=246000000000,name=veh_144,route=5,laneSelectionMode=DEFAULT,lane=0,departConnectionIndex=0,pos=0,type=TrafficLightCarBlue,departSpeed=0.0,applications=[org.eclipse.mosaic.app.tutorial.VehicleToTrafficLightApp]
2024-06-04 00:13:08,905 INFO  VehicleFlowGenerator - Creating Vehicle: time=246000000000,name=veh_145,route=5,laneSelectionMode=DEFAULT,lane=0,departConnectionIndex=0,pos=0,type=TrafficLightCarYellow,departSpeed=0.0,applications=[]
2024-06-04 00:13:09,129 INFO  VehicleFlowGenerator - Creating Vehicle: time=252000000000,name=veh_146,route=1,laneSelectionMode=DEFAULT,lane=0,departConnectionIndex=0,pos=0,type=TrafficLightCarRed,departSpeed=0.0,applications=[org.eclipse.mosaic.app.tutorial.VehicleToTrafficLightApp]
2024-06-04 00:13:09,129 INFO  VehicleFlowGenerator - Creating Vehicle: time=252000000000,name=veh_147,route=5,laneSelectionMode=DEFAULT,lane=0,departConnectionIndex=0,pos=0,type=TrafficLightCarBlue,departSpeed=0.0,applications=[org.eclipse.mosaic.app.tutorial.VehicleToTrafficLightApp]
2024-06-04 00:13:09,129 INFO  VehicleFlowGenerator - Creating Vehicle: time=252000000000,name=veh_148,route=5,laneSelectionMode=DEFAULT,lane=0,departConnectionIndex=0,pos=0,type=TrafficLightCarYellow,departSpeed=0.0,applications=[]
2024-06-04 00:13:09,264 INFO  VehicleFlowGenerator - Creating Vehicle: time=258000000000,name=veh_149,route=1,laneSelectionMode=DEFAULT,lane=0,departConnectionIndex=0,pos=0,type=TrafficLightCarRed,departSpeed=0.0,applications=[org.eclipse.mosaic.app.tutorial.VehicleToTrafficLightApp]
2024-06-04 00:13:09,264 INFO  VehicleFlowGenerator - Creating Vehicle: time=258000000000,name=veh_150,route=5,laneSelectionMode=DEFAULT,lane=0,departConnectionIndex=0,pos=0,type=TrafficLightCarBlue,departSpeed=0.0,applications=[org.eclipse.mosaic.app.tutorial.VehicleToTrafficLightApp]
2024-06-04 00:13:09,264 INFO  VehicleFlowGenerator - Creating Vehicle: time=258000000000,name=veh_151,route=5,laneSelectionMode=DEFAULT,lane=0,departConnectionIndex=0,pos=0,type=TrafficLightCarYellow,departSpeed=0.0,applications=[]
2024-06-04 00:13:09,401 INFO  VehicleFlowGenerator - Creating Vehicle: time=264000000000,name=veh_152,route=1,laneSelectionMode=DEFAULT,lane=0,departConnectionIndex=0,pos=0,type=TrafficLightCarRed,departSpeed=0.0,applications=[org.eclipse.mosaic.app.tutorial.VehicleToTrafficLightApp]
2024-06-04 00:13:09,401 INFO  VehicleFlowGenerator - Creating Vehicle: time=264000000000,name=veh_153,route=5,laneSelectionMode=DEFAULT,lane=0,departConnectionIndex=0,pos=0,type=TrafficLightCarBlue,departSpeed=0.0,applications=[org.eclipse.mosaic.app.tutorial.VehicleToTrafficLightApp]
2024-06-04 00:13:09,401 INFO  VehicleFlowGenerator - Creating Vehicle: time=264000000000,name=veh_154,route=5,laneSelectionMode=DEFAULT,lane=0,departConnectionIndex=0,pos=0,type=TrafficLightCarYellow,departSpeed=0.0,applications=[]
2024-06-04 00:13:09,528 INFO  VehicleFlowGenerator - Creating Vehicle: time=270000000000,name=veh_155,route=1,laneSelectionMode=DEFAULT,lane=0,departConnectionIndex=0,pos=0,type=TrafficLightCarRed,departSpeed=0.0,applications=[org.eclipse.mosaic.app.tutorial.VehicleToTrafficLightApp]
2024-06-04 00:13:09,528 INFO  VehicleFlowGenerator - Creating Vehicle: time=270000000000,name=veh_156,route=5,laneSelectionMode=DEFAULT,lane=0,departConnectionIndex=0,pos=0,type=TrafficLightCarBlue,departSpeed=0.0,applications=[org.eclipse.mosaic.app.tutorial.VehicleToTrafficLightApp]
2024-06-04 00:13:09,528 INFO  VehicleFlowGenerator - Creating Vehicle: time=270000000000,name=veh_157,route=5,laneSelectionMode=DEFAULT,lane=0,departConnectionIndex=0,pos=0,type=TrafficLightCarYellow,departSpeed=0.0,applications=[]
2024-06-04 00:13:09,671 INFO  VehicleFlowGenerator - Creating Vehicle: time=276000000000,name=veh_158,route=1,laneSelectionMode=DEFAULT,lane=0,departConnectionIndex=0,pos=0,type=TrafficLightCarRed,departSpeed=0.0,applications=[org.eclipse.mosaic.app.tutorial.VehicleToTrafficLightApp]
2024-06-04 00:13:09,671 INFO  VehicleFlowGenerator - Creating Vehicle: time=276000000000,name=veh_159,route=5,laneSelectionMode=DEFAULT,lane=0,departConnectionIndex=0,pos=0,type=TrafficLightCarBlue,departSpeed=0.0,applications=[org.eclipse.mosaic.app.tutorial.VehicleToTrafficLightApp]
2024-06-04 00:13:09,671 INFO  VehicleFlowGenerator - Creating Vehicle: time=276000000000,name=veh_160,route=5,laneSelectionMode=DEFAULT,lane=0,departConnectionIndex=0,pos=0,type=TrafficLightCarYellow,departSpeed=0.0,applications=[]
2024-06-04 00:13:09,795 INFO  VehicleFlowGenerator - Creating Vehicle: time=282000000000,name=veh_161,route=1,laneSelectionMode=DEFAULT,lane=0,departConnectionIndex=0,pos=0,type=TrafficLightCarRed,departSpeed=0.0,applications=[org.eclipse.mosaic.app.tutorial.VehicleToTrafficLightApp]
2024-06-04 00:13:09,795 INFO  VehicleFlowGenerator - Creating Vehicle: time=282000000000,name=veh_162,route=5,laneSelectionMode=DEFAULT,lane=0,departConnectionIndex=0,pos=0,type=TrafficLightCarBlue,departSpeed=0.0,applications=[org.eclipse.mosaic.app.tutorial.VehicleToTrafficLightApp]
2024-06-04 00:13:09,795 INFO  VehicleFlowGenerator - Creating Vehicle: time=282000000000,name=veh_163,route=5,laneSelectionMode=DEFAULT,lane=0,departConnectionIndex=0,pos=0,type=TrafficLightCarYellow,departSpeed=0.0,applications=[]
2024-06-04 00:13:09,937 INFO  VehicleFlowGenerator - Creating Vehicle: time=288000000000,name=veh_164,route=1,laneSelectionMode=DEFAULT,lane=0,departConnectionIndex=0,pos=0,type=TrafficLightCarRed,departSpeed=0.0,applications=[org.eclipse.mosaic.app.tutorial.VehicleToTrafficLightApp]
2024-06-04 00:13:09,937 INFO  VehicleFlowGenerator - Creating Vehicle: time=288000000000,name=veh_165,route=5,laneSelectionMode=DEFAULT,lane=0,departConnectionIndex=0,pos=0,type=TrafficLightCarBlue,departSpeed=0.0,applications=[org.eclipse.mosaic.app.tutorial.VehicleToTrafficLightApp]
2024-06-04 00:13:09,937 INFO  VehicleFlowGenerator - Creating Vehicle: time=288000000000,name=veh_166,route=5,laneSelectionMode=DEFAULT,lane=0,departConnectionIndex=0,pos=0,type=TrafficLightCarYellow,departSpeed=0.0,applications=[]
2024-06-04 00:13:10,184 INFO  VehicleFlowGenerator - Creating Vehicle: time=294000000000,name=veh_167,route=1,laneSelectionMode=DEFAULT,lane=0,departConnectionIndex=0,pos=0,type=TrafficLightCarRed,departSpeed=0.0,applications=[org.eclipse.mosaic.app.tutorial.VehicleToTrafficLightApp]
2024-06-04 00:13:10,184 INFO  VehicleFlowGenerator - Creating Vehicle: time=294000000000,name=veh_168,route=5,laneSelectionMode=DEFAULT,lane=0,departConnectionIndex=0,pos=0,type=TrafficLightCarBlue,departSpeed=0.0,applications=[org.eclipse.mosaic.app.tutorial.VehicleToTrafficLightApp]
2024-06-04 00:13:10,184 INFO  VehicleFlowGenerator - Creating Vehicle: time=294000000000,name=veh_169,route=5,laneSelectionMode=DEFAULT,lane=0,departConnectionIndex=0,pos=0,type=TrafficLightCarYellow,departSpeed=0.0,applications=[]
2024-06-04 00:13:10,314 INFO  VehicleFlowGenerator - Creating Vehicle: time=300000000000,name=veh_170,route=1,laneSelectionMode=DEFAULT,lane=0,departConnectionIndex=0,pos=0,type=TrafficLightCarRed,departSpeed=0.0,applications=[org.eclipse.mosaic.app.tutorial.VehicleToTrafficLightApp]
2024-06-04 00:13:10,315 INFO  VehicleFlowGenerator - Creating Vehicle: time=300000000000,name=veh_171,route=5,laneSelectionMode=DEFAULT,lane=0,departConnectionIndex=0,pos=0,type=TrafficLightCarBlue,departSpeed=0.0,applications=[org.eclipse.mosaic.app.tutorial.VehicleToTrafficLightApp]
2024-06-04 00:13:10,315 INFO  VehicleFlowGenerator - Creating Vehicle: time=300000000000,name=veh_172,route=5,laneSelectionMode=DEFAULT,lane=0,departConnectionIndex=0,pos=0,type=TrafficLightCarYellow,departSpeed=0.0,applications=[]
2024-06-04 00:13:10,485 INFO  VehicleFlowGenerator - Creating Vehicle: time=306000000000,name=veh_173,route=1,laneSelectionMode=DEFAULT,lane=0,departConnectionIndex=0,pos=0,type=TrafficLightCarRed,departSpeed=0.0,applications=[org.eclipse.mosaic.app.tutorial.VehicleToTrafficLightApp]
2024-06-04 00:13:10,485 INFO  VehicleFlowGenerator - Creating Vehicle: time=306000000000,name=veh_174,route=5,laneSelectionMode=DEFAULT,lane=0,departConnectionIndex=0,pos=0,type=TrafficLightCarBlue,departSpeed=0.0,applications=[org.eclipse.mosaic.app.tutorial.VehicleToTrafficLightApp]
2024-06-04 00:13:10,485 INFO  VehicleFlowGenerator - Creating Vehicle: time=306000000000,name=veh_175,route=5,laneSelectionMode=DEFAULT,lane=0,departConnectionIndex=0,pos=0,type=TrafficLightCarYellow,departSpeed=0.0,applications=[]
2024-06-04 00:13:10,614 INFO  VehicleFlowGenerator - Creating Vehicle: time=312000000000,name=veh_176,route=1,laneSelectionMode=DEFAULT,lane=0,departConnectionIndex=0,pos=0,type=TrafficLightCarRed,departSpeed=0.0,applications=[org.eclipse.mosaic.app.tutorial.VehicleToTrafficLightApp]
2024-06-04 00:13:10,614 INFO  VehicleFlowGenerator - Creating Vehicle: time=312000000000,name=veh_177,route=5,laneSelectionMode=DEFAULT,lane=0,departConnectionIndex=0,pos=0,type=TrafficLightCarBlue,departSpeed=0.0,applications=[org.eclipse.mosaic.app.tutorial.VehicleToTrafficLightApp]
2024-06-04 00:13:10,614 INFO  VehicleFlowGenerator - Creating Vehicle: time=312000000000,name=veh_178,route=5,laneSelectionMode=DEFAULT,lane=0,departConnectionIndex=0,pos=0,type=TrafficLightCarYellow,departSpeed=0.0,applications=[]
2024-06-04 00:13:10,760 INFO  VehicleFlowGenerator - Creating Vehicle: time=318000000000,name=veh_179,route=1,laneSelectionMode=DEFAULT,lane=0,departConnectionIndex=0,pos=0,type=TrafficLightCarRed,departSpeed=0.0,applications=[org.eclipse.mosaic.app.tutorial.VehicleToTrafficLightApp]
2024-06-04 00:13:10,760 INFO  VehicleFlowGenerator - Creating Vehicle: time=318000000000,name=veh_180,route=5,laneSelectionMode=DEFAULT,lane=0,departConnectionIndex=0,pos=0,type=TrafficLightCarBlue,departSpeed=0.0,applications=[org.eclipse.mosaic.app.tutorial.VehicleToTrafficLightApp]
2024-06-04 00:13:10,760 INFO  VehicleFlowGenerator - Creating Vehicle: time=318000000000,name=veh_181,route=5,laneSelectionMode=DEFAULT,lane=0,departConnectionIndex=0,pos=0,type=TrafficLightCarYellow,departSpeed=0.0,applications=[]
2024-06-04 00:13:10,909 INFO  VehicleFlowGenerator - Creating Vehicle: time=324000000000,name=veh_182,route=1,laneSelectionMode=DEFAULT,lane=0,departConnectionIndex=0,pos=0,type=TrafficLightCarRed,departSpeed=0.0,applications=[org.eclipse.mosaic.app.tutorial.VehicleToTrafficLightApp]
2024-06-04 00:13:10,909 INFO  VehicleFlowGenerator - Creating Vehicle: time=324000000000,name=veh_183,route=5,laneSelectionMode=DEFAULT,lane=0,departConnectionIndex=0,pos=0,type=TrafficLightCarBlue,departSpeed=0.0,applications=[org.eclipse.mosaic.app.tutorial.VehicleToTrafficLightApp]
2024-06-04 00:13:10,909 INFO  VehicleFlowGenerator - Creating Vehicle: time=324000000000,name=veh_184,route=5,laneSelectionMode=DEFAULT,lane=0,departConnectionIndex=0,pos=0,type=TrafficLightCarYellow,departSpeed=0.0,applications=[]
2024-06-04 00:13:11,139 INFO  VehicleFlowGenerator - Creating Vehicle: time=330000000000,name=veh_185,route=1,laneSelectionMode=DEFAULT,lane=0,departConnectionIndex=0,pos=0,type=TrafficLightCarRed,departSpeed=0.0,applications=[org.eclipse.mosaic.app.tutorial.VehicleToTrafficLightApp]
2024-06-04 00:13:11,139 INFO  VehicleFlowGenerator - Creating Vehicle: time=330000000000,name=veh_186,route=5,laneSelectionMode=DEFAULT,lane=0,departConnectionIndex=0,pos=0,type=TrafficLightCarBlue,departSpeed=0.0,applications=[org.eclipse.mosaic.app.tutorial.VehicleToTrafficLightApp]
2024-06-04 00:13:11,139 INFO  VehicleFlowGenerator - Creating Vehicle: time=330000000000,name=veh_187,route=5,laneSelectionMode=DEFAULT,lane=0,departConnectionIndex=0,pos=0,type=TrafficLightCarYellow,departSpeed=0.0,applications=[]
2024-06-04 00:13:11,278 INFO  VehicleFlowGenerator - Creating Vehicle: time=336000000000,name=veh_188,route=1,laneSelectionMode=DEFAULT,lane=0,departConnectionIndex=0,pos=0,type=TrafficLightCarRed,departSpeed=0.0,applications=[org.eclipse.mosaic.app.tutorial.VehicleToTrafficLightApp]
2024-06-04 00:13:11,278 INFO  VehicleFlowGenerator - Creating Vehicle: time=336000000000,name=veh_189,route=5,laneSelectionMode=DEFAULT,lane=0,departConnectionIndex=0,pos=0,type=TrafficLightCarBlue,departSpeed=0.0,applications=[org.eclipse.mosaic.app.tutorial.VehicleToTrafficLightApp]
2024-06-04 00:13:11,278 INFO  VehicleFlowGenerator - Creating Vehicle: time=336000000000,name=veh_190,route=5,laneSelectionMode=DEFAULT,lane=0,departConnectionIndex=0,pos=0,type=TrafficLightCarYellow,departSpeed=0.0,applications=[]
2024-06-04 00:13:11,390 INFO  VehicleFlowGenerator - Creating Vehicle: time=342000000000,name=veh_191,route=1,laneSelectionMode=DEFAULT,lane=0,departConnectionIndex=0,pos=0,type=TrafficLightCarRed,departSpeed=0.0,applications=[org.eclipse.mosaic.app.tutorial.VehicleToTrafficLightApp]
2024-06-04 00:13:11,390 INFO  VehicleFlowGenerator - Creating Vehicle: time=342000000000,name=veh_192,route=5,laneSelectionMode=DEFAULT,lane=0,departConnectionIndex=0,pos=0,type=TrafficLightCarBlue,departSpeed=0.0,applications=[org.eclipse.mosaic.app.tutorial.VehicleToTrafficLightApp]
2024-06-04 00:13:11,390 INFO  VehicleFlowGenerator - Creating Vehicle: time=342000000000,name=veh_193,route=5,laneSelectionMode=DEFAULT,lane=0,departConnectionIndex=0,pos=0,type=TrafficLightCarYellow,departSpeed=0.0,applications=[]
2024-06-04 00:13:11,538 INFO  VehicleFlowGenerator - Creating Vehicle: time=348000000000,name=veh_194,route=1,laneSelectionMode=DEFAULT,lane=0,departConnectionIndex=0,pos=0,type=TrafficLightCarRed,departSpeed=0.0,applications=[org.eclipse.mosaic.app.tutorial.VehicleToTrafficLightApp]
2024-06-04 00:13:11,538 INFO  VehicleFlowGenerator - Creating Vehicle: time=348000000000,name=veh_195,route=5,laneSelectionMode=DEFAULT,lane=0,departConnectionIndex=0,pos=0,type=TrafficLightCarBlue,departSpeed=0.0,applications=[org.eclipse.mosaic.app.tutorial.VehicleToTrafficLightApp]
2024-06-04 00:13:11,538 INFO  VehicleFlowGenerator - Creating Vehicle: time=348000000000,name=veh_196,route=5,laneSelectionMode=DEFAULT,lane=0,departConnectionIndex=0,pos=0,type=TrafficLightCarYellow,departSpeed=0.0,applications=[]
2024-06-04 00:13:11,690 INFO  VehicleFlowGenerator - Creating Vehicle: time=354000000000,name=veh_197,route=1,laneSelectionMode=DEFAULT,lane=0,departConnectionIndex=0,pos=0,type=TrafficLightCarRed,departSpeed=0.0,applications=[org.eclipse.mosaic.app.tutorial.VehicleToTrafficLightApp]
2024-06-04 00:13:11,690 INFO  VehicleFlowGenerator - Creating Vehicle: time=354000000000,name=veh_198,route=5,laneSelectionMode=DEFAULT,lane=0,departConnectionIndex=0,pos=0,type=TrafficLightCarBlue,departSpeed=0.0,applications=[org.eclipse.mosaic.app.tutorial.VehicleToTrafficLightApp]
2024-06-04 00:13:11,690 INFO  VehicleFlowGenerator - Creating Vehicle: time=354000000000,name=veh_199,route=5,laneSelectionMode=DEFAULT,lane=0,departConnectionIndex=0,pos=0,type=TrafficLightCarYellow,departSpeed=0.0,applications=[]
2024-06-04 00:13:11,807 INFO  VehicleFlowGenerator - Creating Vehicle: time=360000000000,name=veh_200,route=1,laneSelectionMode=DEFAULT,lane=0,departConnectionIndex=0,pos=0,type=TrafficLightCarRed,departSpeed=0.0,applications=[org.eclipse.mosaic.app.tutorial.VehicleToTrafficLightApp]
2024-06-04 00:13:11,807 INFO  VehicleFlowGenerator - Creating Vehicle: time=360000000000,name=veh_201,route=5,laneSelectionMode=DEFAULT,lane=0,departConnectionIndex=0,pos=0,type=TrafficLightCarBlue,departSpeed=0.0,applications=[org.eclipse.mosaic.app.tutorial.VehicleToTrafficLightApp]
2024-06-04 00:13:11,807 INFO  VehicleFlowGenerator - Creating Vehicle: time=360000000000,name=veh_202,route=5,laneSelectionMode=DEFAULT,lane=0,departConnectionIndex=0,pos=0,type=TrafficLightCarYellow,departSpeed=0.0,applications=[]
2024-06-04 00:13:11,949 INFO  VehicleFlowGenerator - Creating Vehicle: time=366000000000,name=veh_203,route=1,laneSelectionMode=DEFAULT,lane=0,departConnectionIndex=0,pos=0,type=TrafficLightCarRed,departSpeed=0.0,applications=[org.eclipse.mosaic.app.tutorial.VehicleToTrafficLightApp]
2024-06-04 00:13:11,949 INFO  VehicleFlowGenerator - Creating Vehicle: time=366000000000,name=veh_204,route=5,laneSelectionMode=DEFAULT,lane=0,departConnectionIndex=0,pos=0,type=TrafficLightCarBlue,departSpeed=0.0,applications=[org.eclipse.mosaic.app.tutorial.VehicleToTrafficLightApp]
2024-06-04 00:13:11,949 INFO  VehicleFlowGenerator - Creating Vehicle: time=366000000000,name=veh_205,route=5,laneSelectionMode=DEFAULT,lane=0,departConnectionIndex=0,pos=0,type=TrafficLightCarYellow,departSpeed=0.0,applications=[]
2024-06-04 00:13:12,186 INFO  VehicleFlowGenerator - Creating Vehicle: time=372000000000,name=veh_206,route=1,laneSelectionMode=DEFAULT,lane=0,departConnectionIndex=0,pos=0,type=TrafficLightCarRed,departSpeed=0.0,applications=[org.eclipse.mosaic.app.tutorial.VehicleToTrafficLightApp]
2024-06-04 00:13:12,186 INFO  VehicleFlowGenerator - Creating Vehicle: time=372000000000,name=veh_207,route=5,laneSelectionMode=DEFAULT,lane=0,departConnectionIndex=0,pos=0,type=TrafficLightCarBlue,departSpeed=0.0,applications=[org.eclipse.mosaic.app.tutorial.VehicleToTrafficLightApp]
2024-06-04 00:13:12,186 INFO  VehicleFlowGenerator - Creating Vehicle: time=372000000000,name=veh_208,route=5,laneSelectionMode=DEFAULT,lane=0,departConnectionIndex=0,pos=0,type=TrafficLightCarYellow,departSpeed=0.0,applications=[]
2024-06-04 00:13:12,356 INFO  VehicleFlowGenerator - Creating Vehicle: time=378000000000,name=veh_209,route=1,laneSelectionMode=DEFAULT,lane=0,departConnectionIndex=0,pos=0,type=TrafficLightCarRed,departSpeed=0.0,applications=[org.eclipse.mosaic.app.tutorial.VehicleToTrafficLightApp]
2024-06-04 00:13:12,356 INFO  VehicleFlowGenerator - Creating Vehicle: time=378000000000,name=veh_210,route=5,laneSelectionMode=DEFAULT,lane=0,departConnectionIndex=0,pos=0,type=TrafficLightCarBlue,departSpeed=0.0,applications=[org.eclipse.mosaic.app.tutorial.VehicleToTrafficLightApp]
2024-06-04 00:13:12,356 INFO  VehicleFlowGenerator - Creating Vehicle: time=378000000000,name=veh_211,route=5,laneSelectionMode=DEFAULT,lane=0,departConnectionIndex=0,pos=0,type=TrafficLightCarYellow,departSpeed=0.0,applications=[]
2024-06-04 00:13:12,531 INFO  VehicleFlowGenerator - Creating Vehicle: time=384000000000,name=veh_212,route=1,laneSelectionMode=DEFAULT,lane=0,departConnectionIndex=0,pos=0,type=TrafficLightCarRed,departSpeed=0.0,applications=[org.eclipse.mosaic.app.tutorial.VehicleToTrafficLightApp]
2024-06-04 00:13:12,531 INFO  VehicleFlowGenerator - Creating Vehicle: time=384000000000,name=veh_213,route=5,laneSelectionMode=DEFAULT,lane=0,departConnectionIndex=0,pos=0,type=TrafficLightCarBlue,departSpeed=0.0,applications=[org.eclipse.mosaic.app.tutorial.VehicleToTrafficLightApp]
2024-06-04 00:13:12,531 INFO  VehicleFlowGenerator - Creating Vehicle: time=384000000000,name=veh_214,route=5,laneSelectionMode=DEFAULT,lane=0,departConnectionIndex=0,pos=0,type=TrafficLightCarYellow,departSpeed=0.0,applications=[]
2024-06-04 00:13:12,681 INFO  VehicleFlowGenerator - Creating Vehicle: time=390000000000,name=veh_215,route=1,laneSelectionMode=DEFAULT,lane=0,departConnectionIndex=0,pos=0,type=TrafficLightCarRed,departSpeed=0.0,applications=[org.eclipse.mosaic.app.tutorial.VehicleToTrafficLightApp]
2024-06-04 00:13:12,681 INFO  VehicleFlowGenerator - Creating Vehicle: time=390000000000,name=veh_216,route=5,laneSelectionMode=DEFAULT,lane=0,departConnectionIndex=0,pos=0,type=TrafficLightCarBlue,departSpeed=0.0,applications=[org.eclipse.mosaic.app.tutorial.VehicleToTrafficLightApp]
2024-06-04 00:13:12,681 INFO  VehicleFlowGenerator - Creating Vehicle: time=390000000000,name=veh_217,route=5,laneSelectionMode=DEFAULT,lane=0,departConnectionIndex=0,pos=0,type=TrafficLightCarYellow,departSpeed=0.0,applications=[]
2024-06-04 00:13:12,835 INFO  VehicleFlowGenerator - Creating Vehicle: time=396000000000,name=veh_218,route=1,laneSelectionMode=DEFAULT,lane=0,departConnectionIndex=0,pos=0,type=TrafficLightCarRed,departSpeed=0.0,applications=[org.eclipse.mosaic.app.tutorial.VehicleToTrafficLightApp]
2024-06-04 00:13:12,835 INFO  VehicleFlowGenerator - Creating Vehicle: time=396000000000,name=veh_219,route=5,laneSelectionMode=DEFAULT,lane=0,departConnectionIndex=0,pos=0,type=TrafficLightCarBlue,departSpeed=0.0,applications=[org.eclipse.mosaic.app.tutorial.VehicleToTrafficLightApp]
2024-06-04 00:13:12,835 INFO  VehicleFlowGenerator - Creating Vehicle: time=396000000000,name=veh_220,route=5,laneSelectionMode=DEFAULT,lane=0,departConnectionIndex=0,pos=0,type=TrafficLightCarYellow,departSpeed=0.0,applications=[]
2024-06-04 00:13:12,964 INFO  VehicleFlowGenerator - Creating Vehicle: time=402000000000,name=veh_221,route=1,laneSelectionMode=DEFAULT,lane=0,departConnectionIndex=0,pos=0,type=TrafficLightCarRed,departSpeed=0.0,applications=[org.eclipse.mosaic.app.tutorial.VehicleToTrafficLightApp]
2024-06-04 00:13:12,964 INFO  VehicleFlowGenerator - Creating Vehicle: time=402000000000,name=veh_222,route=5,laneSelectionMode=DEFAULT,lane=0,departConnectionIndex=0,pos=0,type=TrafficLightCarBlue,departSpeed=0.0,applications=[org.eclipse.mosaic.app.tutorial.VehicleToTrafficLightApp]
2024-06-04 00:13:12,964 INFO  VehicleFlowGenerator - Creating Vehicle: time=402000000000,name=veh_223,route=5,laneSelectionMode=DEFAULT,lane=0,departConnectionIndex=0,pos=0,type=TrafficLightCarYellow,departSpeed=0.0,applications=[]
2024-06-04 00:13:13,225 INFO  VehicleFlowGenerator - Creating Vehicle: time=408000000000,name=veh_224,route=1,laneSelectionMode=DEFAULT,lane=0,departConnectionIndex=0,pos=0,type=TrafficLightCarRed,departSpeed=0.0,applications=[org.eclipse.mosaic.app.tutorial.VehicleToTrafficLightApp]
2024-06-04 00:13:13,225 INFO  VehicleFlowGenerator - Creating Vehicle: time=408000000000,name=veh_225,route=5,laneSelectionMode=DEFAULT,lane=0,departConnectionIndex=0,pos=0,type=TrafficLightCarBlue,departSpeed=0.0,applications=[org.eclipse.mosaic.app.tutorial.VehicleToTrafficLightApp]
2024-06-04 00:13:13,225 INFO  VehicleFlowGenerator - Creating Vehicle: time=408000000000,name=veh_226,route=5,laneSelectionMode=DEFAULT,lane=0,departConnectionIndex=0,pos=0,type=TrafficLightCarYellow,departSpeed=0.0,applications=[]
2024-06-04 00:13:13,360 INFO  VehicleFlowGenerator - Creating Vehicle: time=414000000000,name=veh_227,route=1,laneSelectionMode=DEFAULT,lane=0,departConnectionIndex=0,pos=0,type=TrafficLightCarRed,departSpeed=0.0,applications=[org.eclipse.mosaic.app.tutorial.VehicleToTrafficLightApp]
2024-06-04 00:13:13,360 INFO  VehicleFlowGenerator - Creating Vehicle: time=414000000000,name=veh_228,route=5,laneSelectionMode=DEFAULT,lane=0,departConnectionIndex=0,pos=0,type=TrafficLightCarBlue,departSpeed=0.0,applications=[org.eclipse.mosaic.app.tutorial.VehicleToTrafficLightApp]
2024-06-04 00:13:13,360 INFO  VehicleFlowGenerator - Creating Vehicle: time=414000000000,name=veh_229,route=5,laneSelectionMode=DEFAULT,lane=0,departConnectionIndex=0,pos=0,type=TrafficLightCarYellow,departSpeed=0.0,applications=[]
2024-06-04 00:13:13,527 INFO  VehicleFlowGenerator - Creating Vehicle: time=420000000000,name=veh_230,route=1,laneSelectionMode=DEFAULT,lane=0,departConnectionIndex=0,pos=0,type=TrafficLightCarRed,departSpeed=0.0,applications=[org.eclipse.mosaic.app.tutorial.VehicleToTrafficLightApp]
2024-06-04 00:13:13,527 INFO  VehicleFlowGenerator - Creating Vehicle: time=420000000000,name=veh_231,route=5,laneSelectionMode=DEFAULT,lane=0,departConnectionIndex=0,pos=0,type=TrafficLightCarBlue,departSpeed=0.0,applications=[org.eclipse.mosaic.app.tutorial.VehicleToTrafficLightApp]
2024-06-04 00:13:13,527 INFO  VehicleFlowGenerator - Creating Vehicle: time=420000000000,name=veh_232,route=5,laneSelectionMode=DEFAULT,lane=0,departConnectionIndex=0,pos=0,type=TrafficLightCarYellow,departSpeed=0.0,applications=[]
2024-06-04 00:13:13,673 INFO  VehicleFlowGenerator - Creating Vehicle: time=426000000000,name=veh_233,route=1,laneSelectionMode=DEFAULT,lane=0,departConnectionIndex=0,pos=0,type=TrafficLightCarRed,departSpeed=0.0,applications=[org.eclipse.mosaic.app.tutorial.VehicleToTrafficLightApp]
2024-06-04 00:13:13,673 INFO  VehicleFlowGenerator - Creating Vehicle: time=426000000000,name=veh_234,route=5,laneSelectionMode=DEFAULT,lane=0,departConnectionIndex=0,pos=0,type=TrafficLightCarBlue,departSpeed=0.0,applications=[org.eclipse.mosaic.app.tutorial.VehicleToTrafficLightApp]
2024-06-04 00:13:13,673 INFO  VehicleFlowGenerator - Creating Vehicle: time=426000000000,name=veh_235,route=5,laneSelectionMode=DEFAULT,lane=0,departConnectionIndex=0,pos=0,type=TrafficLightCarYellow,departSpeed=0.0,applications=[]
2024-06-04 00:13:13,801 INFO  VehicleFlowGenerator - Creating Vehicle: time=432000000000,name=veh_236,route=1,laneSelectionMode=DEFAULT,lane=0,departConnectionIndex=0,pos=0,type=TrafficLightCarRed,departSpeed=0.0,applications=[org.eclipse.mosaic.app.tutorial.VehicleToTrafficLightApp]
2024-06-04 00:13:13,802 INFO  VehicleFlowGenerator - Creating Vehicle: time=432000000000,name=veh_237,route=5,laneSelectionMode=DEFAULT,lane=0,departConnectionIndex=0,pos=0,type=TrafficLightCarBlue,departSpeed=0.0,applications=[org.eclipse.mosaic.app.tutorial.VehicleToTrafficLightApp]
2024-06-04 00:13:13,802 INFO  VehicleFlowGenerator - Creating Vehicle: time=432000000000,name=veh_238,route=5,laneSelectionMode=DEFAULT,lane=0,departConnectionIndex=0,pos=0,type=TrafficLightCarYellow,departSpeed=0.0,applications=[]
2024-06-04 00:13:13,964 INFO  VehicleFlowGenerator - Creating Vehicle: time=438000000000,name=veh_239,route=1,laneSelectionMode=DEFAULT,lane=0,departConnectionIndex=0,pos=0,type=TrafficLightCarRed,departSpeed=0.0,applications=[org.eclipse.mosaic.app.tutorial.VehicleToTrafficLightApp]
2024-06-04 00:13:13,964 INFO  VehicleFlowGenerator - Creating Vehicle: time=438000000000,name=veh_240,route=5,laneSelectionMode=DEFAULT,lane=0,departConnectionIndex=0,pos=0,type=TrafficLightCarBlue,departSpeed=0.0,applications=[org.eclipse.mosaic.app.tutorial.VehicleToTrafficLightApp]
2024-06-04 00:13:13,964 INFO  VehicleFlowGenerator - Creating Vehicle: time=438000000000,name=veh_241,route=5,laneSelectionMode=DEFAULT,lane=0,departConnectionIndex=0,pos=0,type=TrafficLightCarYellow,departSpeed=0.0,applications=[]
2024-06-04 00:13:14,206 INFO  VehicleFlowGenerator - Creating Vehicle: time=444000000000,name=veh_242,route=1,laneSelectionMode=DEFAULT,lane=0,departConnectionIndex=0,pos=0,type=TrafficLightCarRed,departSpeed=0.0,applications=[org.eclipse.mosaic.app.tutorial.VehicleToTrafficLightApp]
2024-06-04 00:13:14,206 INFO  VehicleFlowGenerator - Creating Vehicle: time=444000000000,name=veh_243,route=5,laneSelectionMode=DEFAULT,lane=0,departConnectionIndex=0,pos=0,type=TrafficLightCarBlue,departSpeed=0.0,applications=[org.eclipse.mosaic.app.tutorial.VehicleToTrafficLightApp]
2024-06-04 00:13:14,206 INFO  VehicleFlowGenerator - Creating Vehicle: time=444000000000,name=veh_244,route=5,laneSelectionMode=DEFAULT,lane=0,departConnectionIndex=0,pos=0,type=TrafficLightCarYellow,departSpeed=0.0,applications=[]
2024-06-04 00:13:14,373 INFO  VehicleFlowGenerator - Creating Vehicle: time=450000000000,name=veh_245,route=1,laneSelectionMode=DEFAULT,lane=0,departConnectionIndex=0,pos=0,type=TrafficLightCarRed,departSpeed=0.0,applications=[org.eclipse.mosaic.app.tutorial.VehicleToTrafficLightApp]
2024-06-04 00:13:14,374 INFO  VehicleFlowGenerator - Creating Vehicle: time=450000000000,name=veh_246,route=5,laneSelectionMode=DEFAULT,lane=0,departConnectionIndex=0,pos=0,type=TrafficLightCarBlue,departSpeed=0.0,applications=[org.eclipse.mosaic.app.tutorial.VehicleToTrafficLightApp]
2024-06-04 00:13:14,374 INFO  VehicleFlowGenerator - Creating Vehicle: time=450000000000,name=veh_247,route=5,laneSelectionMode=DEFAULT,lane=0,departConnectionIndex=0,pos=0,type=TrafficLightCarYellow,departSpeed=0.0,applications=[]
2024-06-04 00:13:14,554 INFO  VehicleFlowGenerator - Creating Vehicle: time=456000000000,name=veh_248,route=1,laneSelectionMode=DEFAULT,lane=0,departConnectionIndex=0,pos=0,type=TrafficLightCarRed,departSpeed=0.0,applications=[org.eclipse.mosaic.app.tutorial.VehicleToTrafficLightApp]
2024-06-04 00:13:14,554 INFO  VehicleFlowGenerator - Creating Vehicle: time=456000000000,name=veh_249,route=5,laneSelectionMode=DEFAULT,lane=0,departConnectionIndex=0,pos=0,type=TrafficLightCarBlue,departSpeed=0.0,applications=[org.eclipse.mosaic.app.tutorial.VehicleToTrafficLightApp]
2024-06-04 00:13:14,554 INFO  VehicleFlowGenerator - Creating Vehicle: time=456000000000,name=veh_250,route=5,laneSelectionMode=DEFAULT,lane=0,departConnectionIndex=0,pos=0,type=TrafficLightCarYellow,departSpeed=0.0,applications=[]
2024-06-04 00:13:14,709 INFO  VehicleFlowGenerator - Creating Vehicle: time=462000000000,name=veh_251,route=1,laneSelectionMode=DEFAULT,lane=0,departConnectionIndex=0,pos=0,type=TrafficLightCarRed,departSpeed=0.0,applications=[org.eclipse.mosaic.app.tutorial.VehicleToTrafficLightApp]
2024-06-04 00:13:14,709 INFO  VehicleFlowGenerator - Creating Vehicle: time=462000000000,name=veh_252,route=5,laneSelectionMode=DEFAULT,lane=0,departConnectionIndex=0,pos=0,type=TrafficLightCarBlue,departSpeed=0.0,applications=[org.eclipse.mosaic.app.tutorial.VehicleToTrafficLightApp]
2024-06-04 00:13:14,709 INFO  VehicleFlowGenerator - Creating Vehicle: time=462000000000,name=veh_253,route=5,laneSelectionMode=DEFAULT,lane=0,departConnectionIndex=0,pos=0,type=TrafficLightCarYellow,departSpeed=0.0,applications=[]
2024-06-04 00:13:14,893 INFO  VehicleFlowGenerator - Creating Vehicle: time=468000000000,name=veh_254,route=1,laneSelectionMode=DEFAULT,lane=0,departConnectionIndex=0,pos=0,type=TrafficLightCarRed,departSpeed=0.0,applications=[org.eclipse.mosaic.app.tutorial.VehicleToTrafficLightApp]
2024-06-04 00:13:14,893 INFO  VehicleFlowGenerator - Creating Vehicle: time=468000000000,name=veh_255,route=5,laneSelectionMode=DEFAULT,lane=0,departConnectionIndex=0,pos=0,type=TrafficLightCarBlue,departSpeed=0.0,applications=[org.eclipse.mosaic.app.tutorial.VehicleToTrafficLightApp]
2024-06-04 00:13:14,893 INFO  VehicleFlowGenerator - Creating Vehicle: time=468000000000,name=veh_256,route=5,laneSelectionMode=DEFAULT,lane=0,departConnectionIndex=0,pos=0,type=TrafficLightCarYellow,departSpeed=0.0,applications=[]
2024-06-04 00:13:15,141 INFO  VehicleFlowGenerator - Creating Vehicle: time=474000000000,name=veh_257,route=1,laneSelectionMode=DEFAULT,lane=0,departConnectionIndex=0,pos=0,type=TrafficLightCarRed,departSpeed=0.0,applications=[org.eclipse.mosaic.app.tutorial.VehicleToTrafficLightApp]
2024-06-04 00:13:15,141 INFO  VehicleFlowGenerator - Creating Vehicle: time=474000000000,name=veh_258,route=5,laneSelectionMode=DEFAULT,lane=0,departConnectionIndex=0,pos=0,type=TrafficLightCarBlue,departSpeed=0.0,applications=[org.eclipse.mosaic.app.tutorial.VehicleToTrafficLightApp]
2024-06-04 00:13:15,141 INFO  VehicleFlowGenerator - Creating Vehicle: time=474000000000,name=veh_259,route=5,laneSelectionMode=DEFAULT,lane=0,departConnectionIndex=0,pos=0,type=TrafficLightCarYellow,departSpeed=0.0,applications=[]
2024-06-04 00:13:15,326 INFO  VehicleFlowGenerator - Creating Vehicle: time=480000000000,name=veh_260,route=1,laneSelectionMode=DEFAULT,lane=0,departConnectionIndex=0,pos=0,type=TrafficLightCarRed,departSpeed=0.0,applications=[org.eclipse.mosaic.app.tutorial.VehicleToTrafficLightApp]
2024-06-04 00:13:15,326 INFO  VehicleFlowGenerator - Creating Vehicle: time=480000000000,name=veh_261,route=5,laneSelectionMode=DEFAULT,lane=0,departConnectionIndex=0,pos=0,type=TrafficLightCarBlue,departSpeed=0.0,applications=[org.eclipse.mosaic.app.tutorial.VehicleToTrafficLightApp]
2024-06-04 00:13:15,326 INFO  VehicleFlowGenerator - Creating Vehicle: time=480000000000,name=veh_262,route=5,laneSelectionMode=DEFAULT,lane=0,departConnectionIndex=0,pos=0,type=TrafficLightCarYellow,departSpeed=0.0,applications=[]
2024-06-04 00:13:15,504 INFO  VehicleFlowGenerator - Creating Vehicle: time=486000000000,name=veh_263,route=1,laneSelectionMode=DEFAULT,lane=0,departConnectionIndex=0,pos=0,type=TrafficLightCarRed,departSpeed=0.0,applications=[org.eclipse.mosaic.app.tutorial.VehicleToTrafficLightApp]
2024-06-04 00:13:15,504 INFO  VehicleFlowGenerator - Creating Vehicle: time=486000000000,name=veh_264,route=5,laneSelectionMode=DEFAULT,lane=0,departConnectionIndex=0,pos=0,type=TrafficLightCarBlue,departSpeed=0.0,applications=[org.eclipse.mosaic.app.tutorial.VehicleToTrafficLightApp]
2024-06-04 00:13:15,504 INFO  VehicleFlowGenerator - Creating Vehicle: time=486000000000,name=veh_265,route=5,laneSelectionMode=DEFAULT,lane=0,departConnectionIndex=0,pos=0,type=TrafficLightCarYellow,departSpeed=0.0,applications=[]
2024-06-04 00:13:15,680 INFO  VehicleFlowGenerator - Creating Vehicle: time=492000000000,name=veh_266,route=1,laneSelectionMode=DEFAULT,lane=0,departConnectionIndex=0,pos=0,type=TrafficLightCarRed,departSpeed=0.0,applications=[org.eclipse.mosaic.app.tutorial.VehicleToTrafficLightApp]
2024-06-04 00:13:15,680 INFO  VehicleFlowGenerator - Creating Vehicle: time=492000000000,name=veh_267,route=5,laneSelectionMode=DEFAULT,lane=0,departConnectionIndex=0,pos=0,type=TrafficLightCarBlue,departSpeed=0.0,applications=[org.eclipse.mosaic.app.tutorial.VehicleToTrafficLightApp]
2024-06-04 00:13:15,680 INFO  VehicleFlowGenerator - Creating Vehicle: time=492000000000,name=veh_268,route=5,laneSelectionMode=DEFAULT,lane=0,departConnectionIndex=0,pos=0,type=TrafficLightCarYellow,departSpeed=0.0,applications=[]
2024-06-04 00:13:15,893 INFO  VehicleFlowGenerator - Creating Vehicle: time=498000000000,name=veh_269,route=1,laneSelectionMode=DEFAULT,lane=0,departConnectionIndex=0,pos=0,type=TrafficLightCarRed,departSpeed=0.0,applications=[org.eclipse.mosaic.app.tutorial.VehicleToTrafficLightApp]
2024-06-04 00:13:15,893 INFO  VehicleFlowGenerator - Creating Vehicle: time=498000000000,name=veh_270,route=5,laneSelectionMode=DEFAULT,lane=0,departConnectionIndex=0,pos=0,type=TrafficLightCarBlue,departSpeed=0.0,applications=[org.eclipse.mosaic.app.tutorial.VehicleToTrafficLightApp]
2024-06-04 00:13:15,893 INFO  VehicleFlowGenerator - Creating Vehicle: time=498000000000,name=veh_271,route=5,laneSelectionMode=DEFAULT,lane=0,departConnectionIndex=0,pos=0,type=TrafficLightCarYellow,departSpeed=0.0,applications=[]
