2024-06-04 00:13:02,487 INFO  - Initialize application (at simulation time 19.000,000,000 s)
2024-06-04 00:13:02,491 INFO  - Activated WLAN Module (at simulation time 19.000,000,000 s)
2024-06-04 00:13:02,491 INFO  - Vehicle is outside the detection area. (at simulation time 19.000,000,000 s)
2024-06-04 00:13:02,491 INFO  - Sent broadcast CAM message to all vehicles (at simulation time 19.000,000,000 s)
2024-06-04 00:13:02,499 INFO  - Vehicle is outside the detection area. (at simulation time 19.100,000,000 s)
2024-06-04 00:13:02,499 INFO  - Sent broadcast CAM message to all vehicles (at simulation time 19.100,000,000 s)
2024-06-04 00:13:02,501 INFO  - Vehicle is outside the detection area. (at simulation time 19.200,000,000 s)
2024-06-04 00:13:02,502 INFO  - Sent broadcast CAM message to all vehicles (at simulation time 19.200,000,000 s)
2024-06-04 00:13:02,504 INFO  - Vehicle is outside the detection area. (at simulation time 19.300,000,000 s)
2024-06-04 00:13:02,504 INFO  - Sent broadcast CAM message to all vehicles (at simulation time 19.300,000,000 s)
2024-06-04 00:13:02,507 INFO  - Vehicle is outside the detection area. (at simulation time 19.400,000,000 s)
2024-06-04 00:13:02,507 INFO  - Sent broadcast CAM message to all vehicles (at simulation time 19.400,000,000 s)
2024-06-04 00:13:02,509 INFO  - Vehicle is outside the detection area. (at simulation time 19.500,000,000 s)
2024-06-04 00:13:02,509 INFO  - Sent broadcast CAM message to all vehicles (at simulation time 19.500,000,000 s)
2024-06-04 00:13:02,510 INFO  - Vehicle is outside the detection area. (at simulation time 19.600,000,000 s)
2024-06-04 00:13:02,510 INFO  - Sent broadcast CAM message to all vehicles (at simulation time 19.600,000,000 s)
2024-06-04 00:13:02,512 INFO  - Vehicle is outside the detection area. (at simulation time 19.700,000,000 s)
2024-06-04 00:13:02,512 INFO  - Sent broadcast CAM message to all vehicles (at simulation time 19.700,000,000 s)
2024-06-04 00:13:02,514 INFO  - Vehicle is outside the detection area. (at simulation time 19.800,000,000 s)
2024-06-04 00:13:02,514 INFO  - Sent broadcast CAM message to all vehicles (at simulation time 19.800,000,000 s)
2024-06-04 00:13:02,519 INFO  - Vehicle is outside the detection area. (at simulation time 19.900,000,000 s)
2024-06-04 00:13:02,519 INFO  - Sent broadcast CAM message to all vehicles (at simulation time 19.900,000,000 s)
2024-06-04 00:13:02,537 INFO  - Vehicle is outside the detection area. (at simulation time 20.000,000,000 s)
2024-06-04 00:13:02,537 INFO  - Sent broadcast CAM message to all vehicles (at simulation time 20.000,000,000 s)
2024-06-04 00:13:02,540 INFO  - Vehicle is outside the detection area. (at simulation time 20.100,000,000 s)
2024-06-04 00:13:02,540 INFO  - Sent broadcast CAM message to all vehicles (at simulation time 20.100,000,000 s)
2024-06-04 00:13:02,541 INFO  - Received CAM message from veh_13 (at simulation time 20.100,900,000 s)
2024-06-04 00:13:02,542 INFO  - Atempting to process queue (at simulation time 20.200,000,000 s)
2024-06-04 00:13:02,542 INFO  - Vehicle is outside the detection area. (at simulation time 20.200,000,000 s)
2024-06-04 00:13:02,542 INFO  - Sent broadcast CAM message to all vehicles (at simulation time 20.200,000,000 s)
2024-06-04 00:13:02,543 INFO  - Received CAM message from veh_13 (at simulation time 20.201,900,000 s)
2024-06-04 00:13:02,543 INFO  - Atempting to process queue (at simulation time 20.300,000,000 s)
2024-06-04 00:13:02,543 INFO  - Vehicle is outside the detection area. (at simulation time 20.300,000,000 s)
2024-06-04 00:13:02,543 INFO  - Sent broadcast CAM message to all vehicles (at simulation time 20.300,000,000 s)
2024-06-04 00:13:02,545 INFO  - Received CAM message from veh_13 (at simulation time 20.302,400,000 s)
2024-06-04 00:13:02,545 INFO  - Atempting to process queue (at simulation time 20.400,000,000 s)
2024-06-04 00:13:02,545 INFO  - Vehicle is outside the detection area. (at simulation time 20.400,000,000 s)
2024-06-04 00:13:02,545 INFO  - Sent broadcast CAM message to all vehicles (at simulation time 20.400,000,000 s)
2024-06-04 00:13:02,546 INFO  - Received CAM message from veh_13 (at simulation time 20.401,900,000 s)
2024-06-04 00:13:02,546 INFO  - Atempting to process queue (at simulation time 20.500,000,000 s)
2024-06-04 00:13:02,546 INFO  - Vehicle is outside the detection area. (at simulation time 20.500,000,000 s)
2024-06-04 00:13:02,546 INFO  - Sent broadcast CAM message to all vehicles (at simulation time 20.500,000,000 s)
2024-06-04 00:13:02,548 INFO  - Received CAM message from veh_13 (at simulation time 20.500,400,000 s)
2024-06-04 00:13:02,549 INFO  - Atempting to process queue (at simulation time 20.600,000,000 s)
2024-06-04 00:13:02,549 INFO  - Vehicle is outside the detection area. (at simulation time 20.600,000,000 s)
2024-06-04 00:13:02,549 INFO  - Sent broadcast CAM message to all vehicles (at simulation time 20.600,000,000 s)
2024-06-04 00:13:02,551 INFO  - Received CAM message from veh_13 (at simulation time 20.601,400,000 s)
2024-06-04 00:13:02,553 INFO  - Atempting to process queue (at simulation time 20.700,000,000 s)
2024-06-04 00:13:02,553 INFO  - Vehicle is outside the detection area. (at simulation time 20.700,000,000 s)
2024-06-04 00:13:02,553 INFO  - Sent broadcast CAM message to all vehicles (at simulation time 20.700,000,000 s)
2024-06-04 00:13:02,556 INFO  - Received CAM message from veh_13 (at simulation time 20.701,400,000 s)
2024-06-04 00:13:02,557 INFO  - Atempting to process queue (at simulation time 20.800,000,000 s)
2024-06-04 00:13:02,557 INFO  - Vehicle is outside the detection area. (at simulation time 20.800,000,000 s)
2024-06-04 00:13:02,557 INFO  - Sent broadcast CAM message to all vehicles (at simulation time 20.800,000,000 s)
2024-06-04 00:13:02,560 INFO  - Received CAM message from veh_13 (at simulation time 20.800,900,000 s)
2024-06-04 00:13:02,560 INFO  - Atempting to process queue (at simulation time 20.900,000,000 s)
2024-06-04 00:13:02,560 INFO  - Vehicle is outside the detection area. (at simulation time 20.900,000,000 s)
2024-06-04 00:13:02,560 INFO  - Sent broadcast CAM message to all vehicles (at simulation time 20.900,000,000 s)
2024-06-04 00:13:02,562 INFO  - Received CAM message from veh_13 (at simulation time 20.900,400,000 s)
2024-06-04 00:13:02,565 INFO  - Atempting to process queue (at simulation time 21.000,000,000 s)
2024-06-04 00:13:02,565 INFO  - Vehicle is inside the detection area. (at simulation time 21.000,000,000 s)
2024-06-04 00:13:02,565 INFO  - Vehicle is too far away from the traffic light. (at simulation time 21.000,000,000 s)
2024-06-04 00:13:02,565 INFO  - Neither the RSU nor any vehicle is in range. (at simulation time 21.000,000,000 s)
2024-06-04 00:13:02,565 INFO  - Sent broadcast CAM message to all vehicles (at simulation time 21.000,000,000 s)
2024-06-04 00:13:02,566 INFO  - Received CAM message from veh_13 (at simulation time 21.000,900,000 s)
2024-06-04 00:13:02,567 INFO  - Atempting to process queue (at simulation time 21.100,000,000 s)
2024-06-04 00:13:02,567 INFO  - Vehicle is inside the detection area. (at simulation time 21.100,000,000 s)
2024-06-04 00:13:02,567 INFO  - Vehicle is too far away from the traffic light. (at simulation time 21.100,000,000 s)
2024-06-04 00:13:02,567 INFO  - Neither the RSU nor any vehicle is in range. (at simulation time 21.100,000,000 s)
2024-06-04 00:13:02,567 INFO  - Sent broadcast CAM message to all vehicles (at simulation time 21.100,000,000 s)
2024-06-04 00:13:02,568 INFO  - Received CAM message from veh_13 (at simulation time 21.101,400,000 s)
2024-06-04 00:13:02,568 INFO  - Atempting to process queue (at simulation time 21.200,000,000 s)
2024-06-04 00:13:02,568 INFO  - Vehicle is inside the detection area. (at simulation time 21.200,000,000 s)
2024-06-04 00:13:02,568 INFO  - Vehicle is too far away from the traffic light. (at simulation time 21.200,000,000 s)
2024-06-04 00:13:02,568 INFO  - Neither the RSU nor any vehicle is in range. (at simulation time 21.200,000,000 s)
2024-06-04 00:13:02,568 INFO  - Sent broadcast CAM message to all vehicles (at simulation time 21.200,000,000 s)
2024-06-04 00:13:02,569 INFO  - Received CAM message from veh_13 (at simulation time 21.202,400,000 s)
2024-06-04 00:13:02,569 INFO  - Atempting to process queue (at simulation time 21.300,000,000 s)
2024-06-04 00:13:02,569 INFO  - Vehicle is inside the detection area. (at simulation time 21.300,000,000 s)
2024-06-04 00:13:02,569 INFO  - Vehicle is too far away from the traffic light. (at simulation time 21.300,000,000 s)
2024-06-04 00:13:02,569 INFO  - Neither the RSU nor any vehicle is in range. (at simulation time 21.300,000,000 s)
2024-06-04 00:13:02,569 INFO  - Sent broadcast CAM message to all vehicles (at simulation time 21.300,000,000 s)
2024-06-04 00:13:02,570 INFO  - Received CAM message from veh_13 (at simulation time 21.301,400,000 s)
2024-06-04 00:13:02,570 INFO  - Atempting to process queue (at simulation time 21.400,000,000 s)
2024-06-04 00:13:02,570 INFO  - Vehicle is inside the detection area. (at simulation time 21.400,000,000 s)
2024-06-04 00:13:02,570 INFO  - Vehicle is too far away from the traffic light. (at simulation time 21.400,000,000 s)
2024-06-04 00:13:02,570 INFO  - Neither the RSU nor any vehicle is in range. (at simulation time 21.400,000,000 s)
2024-06-04 00:13:02,570 INFO  - Sent broadcast CAM message to all vehicles (at simulation time 21.400,000,000 s)
2024-06-04 00:13:02,571 INFO  - Received CAM message from veh_13 (at simulation time 21.401,900,000 s)
2024-06-04 00:13:02,571 INFO  - Atempting to process queue (at simulation time 21.500,000,000 s)
2024-06-04 00:13:02,571 INFO  - Vehicle is inside the detection area. (at simulation time 21.500,000,000 s)
2024-06-04 00:13:02,571 INFO  - Vehicle is too far away from the traffic light. (at simulation time 21.500,000,000 s)
2024-06-04 00:13:02,571 INFO  - Neither the RSU nor any vehicle is in range. (at simulation time 21.500,000,000 s)
2024-06-04 00:13:02,571 INFO  - Sent broadcast CAM message to all vehicles (at simulation time 21.500,000,000 s)
2024-06-04 00:13:02,572 INFO  - Received CAM message from veh_13 (at simulation time 21.502,400,000 s)
2024-06-04 00:13:02,572 INFO  - Atempting to process queue (at simulation time 21.600,000,000 s)
2024-06-04 00:13:02,572 INFO  - Vehicle is inside the detection area. (at simulation time 21.600,000,000 s)
2024-06-04 00:13:02,572 INFO  - Vehicle is too far away from the traffic light. (at simulation time 21.600,000,000 s)
2024-06-04 00:13:02,572 INFO  - Neither the RSU nor any vehicle is in range. (at simulation time 21.600,000,000 s)
2024-06-04 00:13:02,572 INFO  - Sent broadcast CAM message to all vehicles (at simulation time 21.600,000,000 s)
2024-06-04 00:13:02,573 INFO  - Received CAM message from veh_13 (at simulation time 21.600,900,000 s)
2024-06-04 00:13:02,573 INFO  - Atempting to process queue (at simulation time 21.700,000,000 s)
2024-06-04 00:13:02,573 INFO  - Vehicle is inside the detection area. (at simulation time 21.700,000,000 s)
2024-06-04 00:13:02,573 INFO  - Vehicle is too far away from the traffic light. (at simulation time 21.700,000,000 s)
2024-06-04 00:13:02,573 INFO  - Neither the RSU nor any vehicle is in range. (at simulation time 21.700,000,000 s)
2024-06-04 00:13:02,573 INFO  - Sent broadcast CAM message to all vehicles (at simulation time 21.700,000,000 s)
2024-06-04 00:13:02,575 INFO  - Received CAM message from veh_13 (at simulation time 21.701,900,000 s)
2024-06-04 00:13:02,575 INFO  - Atempting to process queue (at simulation time 21.800,000,000 s)
2024-06-04 00:13:02,575 INFO  - Vehicle is inside the detection area. (at simulation time 21.800,000,000 s)
2024-06-04 00:13:02,575 INFO  - Vehicle is too far away from the traffic light. (at simulation time 21.800,000,000 s)
2024-06-04 00:13:02,575 INFO  - Neither the RSU nor any vehicle is in range. (at simulation time 21.800,000,000 s)
2024-06-04 00:13:02,575 INFO  - Sent broadcast CAM message to all vehicles (at simulation time 21.800,000,000 s)
2024-06-04 00:13:02,576 INFO  - Received CAM message from veh_13 (at simulation time 21.801,400,000 s)
2024-06-04 00:13:02,576 INFO  - Atempting to process queue (at simulation time 21.900,000,000 s)
2024-06-04 00:13:02,576 INFO  - Vehicle is inside the detection area. (at simulation time 21.900,000,000 s)
2024-06-04 00:13:02,576 INFO  - Vehicle is too far away from the traffic light. (at simulation time 21.900,000,000 s)
2024-06-04 00:13:02,576 INFO  - Neither the RSU nor any vehicle is in range. (at simulation time 21.900,000,000 s)
2024-06-04 00:13:02,576 INFO  - Sent broadcast CAM message to all vehicles (at simulation time 21.900,000,000 s)
2024-06-04 00:13:02,577 INFO  - Received CAM message from veh_13 (at simulation time 21.902,400,000 s)
2024-06-04 00:13:02,581 INFO  - Atempting to process queue (at simulation time 22.000,000,000 s)
2024-06-04 00:13:02,581 INFO  - Vehicle is inside the detection area. (at simulation time 22.000,000,000 s)
2024-06-04 00:13:02,581 INFO  - Vehicle is too far away from the traffic light. (at simulation time 22.000,000,000 s)
2024-06-04 00:13:02,581 INFO  - Neither the RSU nor any vehicle is in range. (at simulation time 22.000,000,000 s)
2024-06-04 00:13:02,581 INFO  - Sent broadcast CAM message to all vehicles (at simulation time 22.000,000,000 s)
2024-06-04 00:13:02,583 INFO  - Received CAM message from veh_13 (at simulation time 22.002,400,000 s)
2024-06-04 00:13:02,583 INFO  - Atempting to process queue (at simulation time 22.100,000,000 s)
2024-06-04 00:13:02,583 INFO  - Vehicle is inside the detection area. (at simulation time 22.100,000,000 s)
2024-06-04 00:13:02,583 INFO  - Vehicle is too far away from the traffic light. (at simulation time 22.100,000,000 s)
2024-06-04 00:13:02,583 INFO  - Neither the RSU nor any vehicle is in range. (at simulation time 22.100,000,000 s)
2024-06-04 00:13:02,583 INFO  - Sent broadcast CAM message to all vehicles (at simulation time 22.100,000,000 s)
2024-06-04 00:13:02,584 INFO  - Received CAM message from veh_13 (at simulation time 22.100,900,000 s)
2024-06-04 00:13:02,585 INFO  - Atempting to process queue (at simulation time 22.200,000,000 s)
2024-06-04 00:13:02,585 INFO  - Vehicle is inside the detection area. (at simulation time 22.200,000,000 s)
2024-06-04 00:13:02,585 INFO  - Vehicle is too far away from the traffic light. (at simulation time 22.200,000,000 s)
2024-06-04 00:13:02,585 INFO  - Neither the RSU nor any vehicle is in range. (at simulation time 22.200,000,000 s)
2024-06-04 00:13:02,585 INFO  - Sent broadcast CAM message to all vehicles (at simulation time 22.200,000,000 s)
2024-06-04 00:13:02,587 INFO  - Received CAM message from veh_13 (at simulation time 22.201,400,000 s)
2024-06-04 00:13:02,587 INFO  - Atempting to process queue (at simulation time 22.300,000,000 s)
2024-06-04 00:13:02,587 INFO  - Vehicle is inside the detection area. (at simulation time 22.300,000,000 s)
2024-06-04 00:13:02,587 INFO  - Vehicle is too far away from the traffic light. (at simulation time 22.300,000,000 s)
2024-06-04 00:13:02,587 INFO  - Neither the RSU nor any vehicle is in range. (at simulation time 22.300,000,000 s)
2024-06-04 00:13:02,587 INFO  - Sent broadcast CAM message to all vehicles (at simulation time 22.300,000,000 s)
2024-06-04 00:13:02,588 INFO  - Received CAM message from veh_13 (at simulation time 22.301,900,000 s)
2024-06-04 00:13:02,589 INFO  - Atempting to process queue (at simulation time 22.400,000,000 s)
2024-06-04 00:13:02,589 INFO  - Vehicle is inside the detection area. (at simulation time 22.400,000,000 s)
2024-06-04 00:13:02,589 INFO  - Vehicle is too far away from the traffic light. (at simulation time 22.400,000,000 s)
2024-06-04 00:13:02,589 INFO  - Neither the RSU nor any vehicle is in range. (at simulation time 22.400,000,000 s)
2024-06-04 00:13:02,589 INFO  - Sent broadcast CAM message to all vehicles (at simulation time 22.400,000,000 s)
2024-06-04 00:13:02,589 INFO  - Received CAM message from veh_13 (at simulation time 22.402,400,000 s)
2024-06-04 00:13:02,589 INFO  - Atempting to process queue (at simulation time 22.500,000,000 s)
2024-06-04 00:13:02,589 INFO  - Vehicle is inside the detection area. (at simulation time 22.500,000,000 s)
2024-06-04 00:13:02,589 INFO  - Vehicle is too far away from the traffic light. (at simulation time 22.500,000,000 s)
2024-06-04 00:13:02,589 INFO  - Neither the RSU nor any vehicle is in range. (at simulation time 22.500,000,000 s)
2024-06-04 00:13:02,589 INFO  - Sent broadcast CAM message to all vehicles (at simulation time 22.500,000,000 s)
2024-06-04 00:13:02,590 INFO  - Received CAM message from veh_13 (at simulation time 22.502,400,000 s)
2024-06-04 00:13:02,590 INFO  - Atempting to process queue (at simulation time 22.600,000,000 s)
2024-06-04 00:13:02,590 INFO  - Vehicle is inside the detection area. (at simulation time 22.600,000,000 s)
2024-06-04 00:13:02,590 INFO  - Vehicle is too far away from the traffic light. (at simulation time 22.600,000,000 s)
2024-06-04 00:13:02,590 INFO  - Neither the RSU nor any vehicle is in range. (at simulation time 22.600,000,000 s)
2024-06-04 00:13:02,590 INFO  - Sent broadcast CAM message to all vehicles (at simulation time 22.600,000,000 s)
2024-06-04 00:13:02,591 INFO  - Received CAM message from veh_13 (at simulation time 22.601,900,000 s)
2024-06-04 00:13:02,591 INFO  - Atempting to process queue (at simulation time 22.700,000,000 s)
2024-06-04 00:13:02,591 INFO  - Vehicle is inside the detection area. (at simulation time 22.700,000,000 s)
2024-06-04 00:13:02,591 INFO  - Vehicle is too far away from the traffic light. (at simulation time 22.700,000,000 s)
2024-06-04 00:13:02,591 INFO  - Neither the RSU nor any vehicle is in range. (at simulation time 22.700,000,000 s)
2024-06-04 00:13:02,591 INFO  - Sent broadcast CAM message to all vehicles (at simulation time 22.700,000,000 s)
2024-06-04 00:13:02,592 INFO  - Received CAM message from veh_13 (at simulation time 22.701,400,000 s)
2024-06-04 00:13:02,592 INFO  - Atempting to process queue (at simulation time 22.800,000,000 s)
2024-06-04 00:13:02,592 INFO  - Vehicle is inside the detection area. (at simulation time 22.800,000,000 s)
2024-06-04 00:13:02,592 INFO  - Vehicle is too far away from the traffic light. (at simulation time 22.800,000,000 s)
2024-06-04 00:13:02,592 INFO  - Neither the RSU nor any vehicle is in range. (at simulation time 22.800,000,000 s)
2024-06-04 00:13:02,592 INFO  - Sent broadcast CAM message to all vehicles (at simulation time 22.800,000,000 s)
2024-06-04 00:13:02,594 INFO  - Received CAM message from veh_13 (at simulation time 22.802,400,000 s)
2024-06-04 00:13:02,594 INFO  - Atempting to process queue (at simulation time 22.900,000,000 s)
2024-06-04 00:13:02,594 INFO  - Vehicle is inside the detection area. (at simulation time 22.900,000,000 s)
2024-06-04 00:13:02,594 INFO  - Vehicle is too far away from the traffic light. (at simulation time 22.900,000,000 s)
2024-06-04 00:13:02,594 INFO  - Neither the RSU nor any vehicle is in range. (at simulation time 22.900,000,000 s)
2024-06-04 00:13:02,594 INFO  - Sent broadcast CAM message to all vehicles (at simulation time 22.900,000,000 s)
2024-06-04 00:13:02,595 INFO  - Received CAM message from veh_13 (at simulation time 22.901,400,000 s)
2024-06-04 00:13:02,597 INFO  - Atempting to process queue (at simulation time 23.000,000,000 s)
2024-06-04 00:13:02,597 INFO  - Vehicle is inside the detection area. (at simulation time 23.000,000,000 s)
2024-06-04 00:13:02,597 INFO  - Sent Detection message to rsu_0 (at simulation time 23.000,000,000 s)
2024-06-04 00:13:02,597 INFO  - Sent broadcast CAM message to all vehicles (at simulation time 23.000,000,000 s)
2024-06-04 00:13:02,598 INFO  - Received Detection message from veh_13 to veh_12 (at simulation time 23.000,400,000 s)
2024-06-04 00:13:02,598 INFO  - Forwarded Detection message to rsu_0 (at simulation time 23.000,400,000 s)
2024-06-04 00:13:02,598 INFO  - Received CAM message from veh_10 (at simulation time 23.000,900,000 s)
2024-06-04 00:13:02,598 INFO  - Received CAM message from veh_6 (at simulation time 23.000,900,000 s)
2024-06-04 00:13:02,598 INFO  - Received CAM message from veh_2 (at simulation time 23.001,400,000 s)
2024-06-04 00:13:02,598 INFO  - Received CAM message from veh_13 (at simulation time 23.002,400,000 s)
2024-06-04 00:13:02,598 INFO  - Atempting to process queue (at simulation time 23.100,000,000 s)
2024-06-04 00:13:02,598 INFO  - Vehicle is inside the detection area. (at simulation time 23.100,000,000 s)
2024-06-04 00:13:02,598 INFO  - Sent Detection message to rsu_0 (at simulation time 23.100,000,000 s)
2024-06-04 00:13:02,598 INFO  - Sent broadcast CAM message to all vehicles (at simulation time 23.100,000,000 s)
2024-06-04 00:13:02,599 INFO  - Received CAM message from veh_6 (at simulation time 23.100,400,000 s)
2024-06-04 00:13:02,599 INFO  - Received CAM message from veh_10 (at simulation time 23.100,900,000 s)
2024-06-04 00:13:02,599 INFO  - Received Detection message from veh_13 to veh_12 (at simulation time 23.101,900,000 s)
2024-06-04 00:13:02,599 INFO  - Forwarded Detection message to rsu_0 (at simulation time 23.101,900,000 s)
2024-06-04 00:13:02,599 INFO  - Received CAM message from veh_13 (at simulation time 23.101,900,000 s)
2024-06-04 00:13:02,599 INFO  - Received CAM message from veh_2 (at simulation time 23.102,400,000 s)
2024-06-04 00:13:02,599 INFO  - Atempting to process queue (at simulation time 23.200,000,000 s)
2024-06-04 00:13:02,599 INFO  - Vehicle is inside the detection area. (at simulation time 23.200,000,000 s)
2024-06-04 00:13:02,599 INFO  - Sent Detection message to rsu_0 (at simulation time 23.200,000,000 s)
2024-06-04 00:13:02,599 INFO  - Sent broadcast CAM message to all vehicles (at simulation time 23.200,000,000 s)
2024-06-04 00:13:02,600 INFO  - Received CAM message from veh_2 (at simulation time 23.200,900,000 s)
2024-06-04 00:13:02,600 INFO  - Received Detection message from veh_13 to veh_12 (at simulation time 23.201,400,000 s)
2024-06-04 00:13:02,600 INFO  - Forwarded Detection message to rsu_0 (at simulation time 23.201,400,000 s)
2024-06-04 00:13:02,600 INFO  - Received CAM message from veh_10 (at simulation time 23.201,400,000 s)
2024-06-04 00:13:02,601 INFO  - Received CAM message from veh_13 (at simulation time 23.202,400,000 s)
2024-06-04 00:13:02,601 INFO  - Received CAM message from veh_6 (at simulation time 23.202,400,000 s)
2024-06-04 00:13:02,601 INFO  - Atempting to process queue (at simulation time 23.300,000,000 s)
2024-06-04 00:13:02,601 INFO  - Vehicle is inside the detection area. (at simulation time 23.300,000,000 s)
2024-06-04 00:13:02,601 INFO  - Sent Detection message to rsu_0 (at simulation time 23.300,000,000 s)
2024-06-04 00:13:02,601 INFO  - Sent broadcast CAM message to all vehicles (at simulation time 23.300,000,000 s)
2024-06-04 00:13:02,601 INFO  - Received CAM message from veh_13 (at simulation time 23.300,400,000 s)
2024-06-04 00:13:02,601 INFO  - Received CAM message from veh_2 (at simulation time 23.300,400,000 s)
2024-06-04 00:13:02,601 INFO  - Received CAM message from veh_10 (at simulation time 23.301,400,000 s)
2024-06-04 00:13:02,602 INFO  - Received CAM message from veh_6 (at simulation time 23.301,900,000 s)
2024-06-04 00:13:02,602 INFO  - Received Detection message from veh_13 to veh_12 (at simulation time 23.302,400,000 s)
2024-06-04 00:13:02,602 INFO  - Forwarded Detection message to rsu_0 (at simulation time 23.302,400,000 s)
2024-06-04 00:13:02,602 INFO  - Atempting to process queue (at simulation time 23.400,000,000 s)
2024-06-04 00:13:02,602 INFO  - Vehicle is inside the detection area. (at simulation time 23.400,000,000 s)
2024-06-04 00:13:02,602 INFO  - Sent Detection message to rsu_0 (at simulation time 23.400,000,000 s)
2024-06-04 00:13:02,602 INFO  - Sent broadcast CAM message to all vehicles (at simulation time 23.400,000,000 s)
2024-06-04 00:13:02,602 INFO  - Received Detection message from veh_13 to veh_12 (at simulation time 23.400,900,000 s)
2024-06-04 00:13:02,603 INFO  - Forwarded Detection message to rsu_0 (at simulation time 23.400,900,000 s)
2024-06-04 00:13:02,603 INFO  - Received CAM message from veh_10 (at simulation time 23.401,400,000 s)
2024-06-04 00:13:02,603 INFO  - Received CAM message from veh_6 (at simulation time 23.401,400,000 s)
2024-06-04 00:13:02,603 INFO  - Received CAM message from veh_2 (at simulation time 23.401,400,000 s)
2024-06-04 00:13:02,603 INFO  - Received CAM message from veh_13 (at simulation time 23.401,900,000 s)
2024-06-04 00:13:02,603 INFO  - Atempting to process queue (at simulation time 23.500,000,000 s)
2024-06-04 00:13:02,603 INFO  - Vehicle is inside the detection area. (at simulation time 23.500,000,000 s)
2024-06-04 00:13:02,603 INFO  - Sent Detection message to rsu_0 (at simulation time 23.500,000,000 s)
2024-06-04 00:13:02,603 INFO  - Sent broadcast CAM message to all vehicles (at simulation time 23.500,000,000 s)
2024-06-04 00:13:02,603 INFO  - Received Detection message from veh_13 to veh_12 (at simulation time 23.500,400,000 s)
2024-06-04 00:13:02,603 INFO  - Forwarded Detection message to rsu_0 (at simulation time 23.500,400,000 s)
2024-06-04 00:13:02,604 INFO  - Received CAM message from veh_13 (at simulation time 23.501,900,000 s)
2024-06-04 00:13:02,604 INFO  - Received CAM message from veh_6 (at simulation time 23.501,900,000 s)
2024-06-04 00:13:02,604 INFO  - Received CAM message from veh_10 (at simulation time 23.502,400,000 s)
2024-06-04 00:13:02,604 INFO  - Received CAM message from veh_2 (at simulation time 23.502,400,000 s)
2024-06-04 00:13:02,604 INFO  - Atempting to process queue (at simulation time 23.600,000,000 s)
2024-06-04 00:13:02,604 INFO  - Vehicle is inside the detection area. (at simulation time 23.600,000,000 s)
2024-06-04 00:13:02,604 INFO  - Sent Detection message to rsu_0 (at simulation time 23.600,000,000 s)
2024-06-04 00:13:02,604 INFO  - Sent broadcast CAM message to all vehicles (at simulation time 23.600,000,000 s)
2024-06-04 00:13:02,605 INFO  - Received CAM message from veh_6 (at simulation time 23.600,400,000 s)
2024-06-04 00:13:02,605 INFO  - Received CAM message from veh_13 (at simulation time 23.600,900,000 s)
2024-06-04 00:13:02,605 INFO  - Received CAM message from veh_2 (at simulation time 23.600,900,000 s)
2024-06-04 00:13:02,605 INFO  - Received Detection message from veh_13 to veh_12 (at simulation time 23.601,900,000 s)
2024-06-04 00:13:02,605 INFO  - Forwarded Detection message to rsu_0 (at simulation time 23.601,900,000 s)
2024-06-04 00:13:02,605 INFO  - Received CAM message from veh_10 (at simulation time 23.602,400,000 s)
2024-06-04 00:13:02,605 INFO  - Atempting to process queue (at simulation time 23.700,000,000 s)
2024-06-04 00:13:02,605 INFO  - Vehicle is inside the detection area. (at simulation time 23.700,000,000 s)
2024-06-04 00:13:02,605 INFO  - Sent Detection message to rsu_0 (at simulation time 23.700,000,000 s)
2024-06-04 00:13:02,605 INFO  - Sent broadcast CAM message to all vehicles (at simulation time 23.700,000,000 s)
2024-06-04 00:13:02,606 INFO  - Received CAM message from veh_10 (at simulation time 23.700,900,000 s)
2024-06-04 00:13:02,606 INFO  - Received CAM message from veh_6 (at simulation time 23.700,900,000 s)
2024-06-04 00:13:02,606 INFO  - Received Detection message from veh_13 to veh_12 (at simulation time 23.701,400,000 s)
2024-06-04 00:13:02,607 INFO  - Forwarded Detection message to rsu_0 (at simulation time 23.701,400,000 s)
2024-06-04 00:13:02,607 INFO  - Received CAM message from veh_13 (at simulation time 23.701,900,000 s)
2024-06-04 00:13:02,608 INFO  - Received CAM message from veh_2 (at simulation time 23.702,400,000 s)
2024-06-04 00:13:02,609 INFO  - Atempting to process queue (at simulation time 23.800,000,000 s)
2024-06-04 00:13:02,609 INFO  - Vehicle is inside the detection area. (at simulation time 23.800,000,000 s)
2024-06-04 00:13:02,609 INFO  - Sent Detection message to rsu_0 (at simulation time 23.800,000,000 s)
2024-06-04 00:13:02,609 INFO  - Sent broadcast CAM message to all vehicles (at simulation time 23.800,000,000 s)
2024-06-04 00:13:02,611 INFO  - Received CAM message from veh_13 (at simulation time 23.801,400,000 s)
2024-06-04 00:13:02,611 INFO  - Received CAM message from veh_2 (at simulation time 23.801,400,000 s)
2024-06-04 00:13:02,612 INFO  - Received Detection message from veh_13 to veh_12 (at simulation time 23.801,900,000 s)
2024-06-04 00:13:02,612 INFO  - Forwarded Detection message to rsu_0 (at simulation time 23.801,900,000 s)
2024-06-04 00:13:02,612 INFO  - Received CAM message from veh_6 (at simulation time 23.801,900,000 s)
2024-06-04 00:13:02,612 INFO  - Received CAM message from veh_10 (at simulation time 23.802,400,000 s)
2024-06-04 00:13:02,613 INFO  - Atempting to process queue (at simulation time 23.900,000,000 s)
2024-06-04 00:13:02,613 INFO  - Vehicle is inside the detection area. (at simulation time 23.900,000,000 s)
2024-06-04 00:13:02,613 INFO  - Sent Detection message to rsu_0 (at simulation time 23.900,000,000 s)
2024-06-04 00:13:02,613 INFO  - Sent broadcast CAM message to all vehicles (at simulation time 23.900,000,000 s)
2024-06-04 00:13:02,615 INFO  - Received CAM message from veh_10 (at simulation time 23.901,400,000 s)
2024-06-04 00:13:02,615 INFO  - Received CAM message from veh_2 (at simulation time 23.901,900,000 s)
2024-06-04 00:13:02,615 INFO  - Received Detection message from veh_13 to veh_12 (at simulation time 23.902,400,000 s)
2024-06-04 00:13:02,615 INFO  - Forwarded Detection message to rsu_0 (at simulation time 23.902,400,000 s)
2024-06-04 00:13:02,615 INFO  - Received CAM message from veh_13 (at simulation time 23.902,400,000 s)
2024-06-04 00:13:02,615 INFO  - Received CAM message from veh_6 (at simulation time 23.902,400,000 s)
2024-06-04 00:13:02,619 INFO  - Atempting to process queue (at simulation time 24.000,000,000 s)
2024-06-04 00:13:02,619 INFO  - Vehicle is inside the detection area. (at simulation time 24.000,000,000 s)
2024-06-04 00:13:02,619 INFO  - Sent Detection message to rsu_0 (at simulation time 24.000,000,000 s)
2024-06-04 00:13:02,619 INFO  - Sent broadcast CAM message to all vehicles (at simulation time 24.000,000,000 s)
2024-06-04 00:13:02,620 INFO  - Received CAM message from veh_2 (at simulation time 24.000,400,000 s)
2024-06-04 00:13:02,621 INFO  - Received Detection message from veh_13 to veh_12 (at simulation time 24.001,400,000 s)
2024-06-04 00:13:02,621 INFO  - Forwarded Detection message to rsu_0 (at simulation time 24.001,400,000 s)
2024-06-04 00:13:02,621 INFO  - Received CAM message from veh_13 (at simulation time 24.001,400,000 s)
2024-06-04 00:13:02,621 INFO  - Received CAM message from veh_10 (at simulation time 24.001,400,000 s)
2024-06-04 00:13:02,621 INFO  - Received CAM message from veh_6 (at simulation time 24.001,900,000 s)
2024-06-04 00:13:02,621 INFO  - Received CAM message from veh_14 (at simulation time 24.002,400,000 s)
2024-06-04 00:13:02,621 INFO  - Atempting to process queue (at simulation time 24.100,000,000 s)
2024-06-04 00:13:02,621 INFO  - Vehicle is inside the detection area. (at simulation time 24.100,000,000 s)
2024-06-04 00:13:02,621 INFO  - Sent Detection message to rsu_0 (at simulation time 24.100,000,000 s)
2024-06-04 00:13:02,621 INFO  - Sent broadcast CAM message to all vehicles (at simulation time 24.100,000,000 s)
2024-06-04 00:13:02,622 INFO  - Received Detection message from veh_13 to veh_12 (at simulation time 24.100,400,000 s)
2024-06-04 00:13:02,622 INFO  - Forwarded Detection message to rsu_0 (at simulation time 24.100,400,000 s)
2024-06-04 00:13:02,622 INFO  - Received CAM message from veh_2 (at simulation time 24.100,400,000 s)
2024-06-04 00:13:02,622 INFO  - Received CAM message from veh_14 (at simulation time 24.101,400,000 s)
2024-06-04 00:13:02,622 INFO  - Received CAM message from veh_10 (at simulation time 24.101,400,000 s)
2024-06-04 00:13:02,622 INFO  - Received CAM message from veh_6 (at simulation time 24.101,400,000 s)
2024-06-04 00:13:02,622 INFO  - Received CAM message from veh_13 (at simulation time 24.102,400,000 s)
2024-06-04 00:13:02,622 INFO  - Atempting to process queue (at simulation time 24.200,000,000 s)
2024-06-04 00:13:02,622 INFO  - Vehicle is inside the detection area. (at simulation time 24.200,000,000 s)
2024-06-04 00:13:02,622 INFO  - Sent Detection message to rsu_0 (at simulation time 24.200,000,000 s)
2024-06-04 00:13:02,622 INFO  - Sent broadcast CAM message to all vehicles (at simulation time 24.200,000,000 s)
2024-06-04 00:13:02,625 INFO  - Received Detection message from veh_13 to veh_12 (at simulation time 24.200,400,000 s)
2024-06-04 00:13:02,625 INFO  - Forwarded Detection message to rsu_0 (at simulation time 24.200,400,000 s)
2024-06-04 00:13:02,625 INFO  - Received CAM message from veh_10 (at simulation time 24.200,400,000 s)
2024-06-04 00:13:02,625 INFO  - Received CAM message from veh_2 (at simulation time 24.200,400,000 s)
2024-06-04 00:13:02,625 INFO  - Received CAM message from veh_14 (at simulation time 24.200,900,000 s)
2024-06-04 00:13:02,626 INFO  - Received CAM message from veh_6 (at simulation time 24.201,900,000 s)
2024-06-04 00:13:02,626 INFO  - Received CAM message from veh_13 (at simulation time 24.202,400,000 s)
2024-06-04 00:13:02,626 INFO  - Atempting to process queue (at simulation time 24.300,000,000 s)
2024-06-04 00:13:02,626 INFO  - Vehicle is inside the detection area. (at simulation time 24.300,000,000 s)
2024-06-04 00:13:02,626 INFO  - Sent Detection message to rsu_0 (at simulation time 24.300,000,000 s)
2024-06-04 00:13:02,626 INFO  - Sent broadcast CAM message to all vehicles (at simulation time 24.300,000,000 s)
2024-06-04 00:13:02,626 INFO  - Received Detection message from veh_13 to veh_12 (at simulation time 24.300,400,000 s)
2024-06-04 00:13:02,626 INFO  - Forwarded Detection message to rsu_0 (at simulation time 24.300,400,000 s)
2024-06-04 00:13:02,626 INFO  - Received CAM message from veh_6 (at simulation time 24.300,400,000 s)
2024-06-04 00:13:02,627 INFO  - Received CAM message from veh_13 (at simulation time 24.301,400,000 s)
2024-06-04 00:13:02,627 INFO  - Received CAM message from veh_2 (at simulation time 24.301,400,000 s)
2024-06-04 00:13:02,627 INFO  - Received CAM message from veh_14 (at simulation time 24.302,400,000 s)
2024-06-04 00:13:02,627 INFO  - Received CAM message from veh_10 (at simulation time 24.302,400,000 s)
2024-06-04 00:13:02,627 INFO  - Atempting to process queue (at simulation time 24.400,000,000 s)
2024-06-04 00:13:02,627 INFO  - Vehicle is inside the detection area. (at simulation time 24.400,000,000 s)
2024-06-04 00:13:02,627 INFO  - Sent Detection message to rsu_0 (at simulation time 24.400,000,000 s)
2024-06-04 00:13:02,627 INFO  - Sent broadcast CAM message to all vehicles (at simulation time 24.400,000,000 s)
2024-06-04 00:13:02,628 INFO  - Received CAM message from veh_14 (at simulation time 24.401,400,000 s)
2024-06-04 00:13:02,628 INFO  - Received CAM message from veh_10 (at simulation time 24.401,400,000 s)
2024-06-04 00:13:02,628 INFO  - Received Detection message from veh_13 to veh_12 (at simulation time 24.401,900,000 s)
2024-06-04 00:13:02,628 INFO  - Forwarded Detection message to rsu_0 (at simulation time 24.401,900,000 s)
2024-06-04 00:13:02,628 INFO  - Received CAM message from veh_6 (at simulation time 24.401,900,000 s)
2024-06-04 00:13:02,628 INFO  - Received CAM message from veh_13 (at simulation time 24.402,400,000 s)
2024-06-04 00:13:02,628 INFO  - Received CAM message from veh_2 (at simulation time 24.402,400,000 s)
2024-06-04 00:13:02,628 INFO  - Atempting to process queue (at simulation time 24.500,000,000 s)
2024-06-04 00:13:02,628 INFO  - Vehicle is inside the detection area. (at simulation time 24.500,000,000 s)
2024-06-04 00:13:02,628 INFO  - Sent Detection message to rsu_0 (at simulation time 24.500,000,000 s)
2024-06-04 00:13:02,628 INFO  - Sent broadcast CAM message to all vehicles (at simulation time 24.500,000,000 s)
2024-06-04 00:13:02,629 INFO  - Received Detection message from veh_13 to veh_12 (at simulation time 24.500,400,000 s)
2024-06-04 00:13:02,629 INFO  - Forwarded Detection message to rsu_0 (at simulation time 24.500,400,000 s)
2024-06-04 00:13:02,629 INFO  - Received CAM message from veh_10 (at simulation time 24.500,400,000 s)
2024-06-04 00:13:02,629 INFO  - Received CAM message from veh_13 (at simulation time 24.501,900,000 s)
2024-06-04 00:13:02,629 INFO  - Received CAM message from veh_6 (at simulation time 24.501,900,000 s)
2024-06-04 00:13:02,629 INFO  - Received CAM message from veh_14 (at simulation time 24.502,400,000 s)
2024-06-04 00:13:02,629 INFO  - Received CAM message from veh_2 (at simulation time 24.502,400,000 s)
2024-06-04 00:13:02,629 INFO  - Atempting to process queue (at simulation time 24.600,000,000 s)
2024-06-04 00:13:02,629 INFO  - Vehicle is inside the detection area. (at simulation time 24.600,000,000 s)
2024-06-04 00:13:02,629 INFO  - Sent Detection message to rsu_0 (at simulation time 24.600,000,000 s)
2024-06-04 00:13:02,629 INFO  - Sent broadcast CAM message to all vehicles (at simulation time 24.600,000,000 s)
2024-06-04 00:13:02,630 INFO  - Received CAM message from veh_6 (at simulation time 24.600,400,000 s)
2024-06-04 00:13:02,630 INFO  - Received CAM message from veh_2 (at simulation time 24.600,400,000 s)
2024-06-04 00:13:02,630 INFO  - Received CAM message from veh_13 (at simulation time 24.601,400,000 s)
2024-06-04 00:13:02,630 INFO  - Received Detection message from veh_13 to veh_12 (at simulation time 24.601,900,000 s)
2024-06-04 00:13:02,630 INFO  - Forwarded Detection message to rsu_0 (at simulation time 24.601,900,000 s)
2024-06-04 00:13:02,630 INFO  - Received CAM message from veh_14 (at simulation time 24.601,900,000 s)
2024-06-04 00:13:02,630 INFO  - Received CAM message from veh_10 (at simulation time 24.601,900,000 s)
2024-06-04 00:13:02,630 INFO  - Atempting to process queue (at simulation time 24.700,000,000 s)
2024-06-04 00:13:02,630 INFO  - Vehicle is inside the detection area. (at simulation time 24.700,000,000 s)
2024-06-04 00:13:02,630 INFO  - Sent Detection message to rsu_0 (at simulation time 24.700,000,000 s)
2024-06-04 00:13:02,630 INFO  - Sent broadcast CAM message to all vehicles (at simulation time 24.700,000,000 s)
2024-06-04 00:13:02,631 INFO  - Received CAM message from veh_6 (at simulation time 24.700,400,000 s)
2024-06-04 00:13:02,631 INFO  - Received CAM message from veh_14 (at simulation time 24.700,900,000 s)
2024-06-04 00:13:02,631 INFO  - Received Detection message from veh_13 to veh_12 (at simulation time 24.701,400,000 s)
2024-06-04 00:13:02,631 INFO  - Forwarded Detection message to rsu_0 (at simulation time 24.701,400,000 s)
2024-06-04 00:13:02,631 INFO  - Received CAM message from veh_2 (at simulation time 24.701,400,000 s)
2024-06-04 00:13:02,631 INFO  - Received CAM message from veh_10 (at simulation time 24.701,900,000 s)
2024-06-04 00:13:02,631 INFO  - Received CAM message from veh_13 (at simulation time 24.702,400,000 s)
2024-06-04 00:13:02,631 INFO  - Atempting to process queue (at simulation time 24.800,000,000 s)
2024-06-04 00:13:02,631 INFO  - Vehicle is inside the detection area. (at simulation time 24.800,000,000 s)
2024-06-04 00:13:02,631 INFO  - Sent Detection message to rsu_0 (at simulation time 24.800,000,000 s)
2024-06-04 00:13:02,632 INFO  - Sent broadcast CAM message to all vehicles (at simulation time 24.800,000,000 s)
2024-06-04 00:13:02,632 INFO  - Received Detection message from veh_13 to veh_12 (at simulation time 24.800,400,000 s)
2024-06-04 00:13:02,632 INFO  - Forwarded Detection message to rsu_0 (at simulation time 24.800,400,000 s)
2024-06-04 00:13:02,632 INFO  - Received CAM message from veh_6 (at simulation time 24.800,400,000 s)
2024-06-04 00:13:02,634 INFO  - Received CAM message from veh_2 (at simulation time 24.800,900,000 s)
2024-06-04 00:13:02,634 INFO  - Received CAM message from veh_14 (at simulation time 24.801,400,000 s)
2024-06-04 00:13:02,634 INFO  - Received CAM message from veh_13 (at simulation time 24.802,400,000 s)
2024-06-04 00:13:02,634 INFO  - Received CAM message from veh_10 (at simulation time 24.802,400,000 s)
2024-06-04 00:13:02,634 INFO  - Atempting to process queue (at simulation time 24.900,000,000 s)
2024-06-04 00:13:02,634 INFO  - Vehicle is inside the detection area. (at simulation time 24.900,000,000 s)
2024-06-04 00:13:02,634 INFO  - Sent Detection message to rsu_0 (at simulation time 24.900,000,000 s)
2024-06-04 00:13:02,634 INFO  - Sent broadcast CAM message to all vehicles (at simulation time 24.900,000,000 s)
2024-06-04 00:13:02,635 INFO  - Received CAM message from veh_13 (at simulation time 24.901,400,000 s)
2024-06-04 00:13:02,635 INFO  - Received CAM message from veh_10 (at simulation time 24.901,400,000 s)
2024-06-04 00:13:02,635 INFO  - Received Detection message from veh_13 to veh_12 (at simulation time 24.901,900,000 s)
2024-06-04 00:13:02,636 INFO  - Forwarded Detection message to rsu_0 (at simulation time 24.901,900,000 s)
2024-06-04 00:13:02,636 INFO  - Received CAM message from veh_2 (at simulation time 24.901,900,000 s)
2024-06-04 00:13:02,636 INFO  - Received CAM message from veh_14 (at simulation time 24.902,400,000 s)
2024-06-04 00:13:02,636 INFO  - Received CAM message from veh_6 (at simulation time 24.902,400,000 s)
2024-06-04 00:13:02,652 INFO  - Atempting to process queue (at simulation time 25.000,000,000 s)
2024-06-04 00:13:02,652 INFO  - Vehicle is outside the detection area. (at simulation time 25.000,000,000 s)
2024-06-04 00:13:02,652 INFO  - Sent broadcast CAM message to all vehicles (at simulation time 25.000,000,000 s)
2024-06-04 00:13:02,652 INFO  - Received CAM message from veh_14 (at simulation time 25.000,400,000 s)
2024-06-04 00:13:02,652 INFO  - Received CAM message from veh_10 (at simulation time 25.000,400,000 s)
2024-06-04 00:13:02,653 INFO  - Received CAM message from veh_2 (at simulation time 25.000,400,000 s)
2024-06-04 00:13:02,653 INFO  - Received CAM message from veh_13 (at simulation time 25.002,400,000 s)
2024-06-04 00:13:02,653 INFO  - Received CAM message from veh_6 (at simulation time 25.002,400,000 s)
2024-06-04 00:13:02,653 INFO  - Atempting to process queue (at simulation time 25.100,000,000 s)
2024-06-04 00:13:02,653 INFO  - Vehicle is outside the detection area. (at simulation time 25.100,000,000 s)
2024-06-04 00:13:02,653 INFO  - Sent broadcast CAM message to all vehicles (at simulation time 25.100,000,000 s)
2024-06-04 00:13:02,654 INFO  - Received CAM message from veh_10 (at simulation time 25.100,900,000 s)
2024-06-04 00:13:02,654 INFO  - Received CAM message from veh_6 (at simulation time 25.100,900,000 s)
2024-06-04 00:13:02,654 INFO  - Received CAM message from veh_13 (at simulation time 25.101,400,000 s)
2024-06-04 00:13:02,654 INFO  - Received CAM message from veh_14 (at simulation time 25.101,900,000 s)
2024-06-04 00:13:02,654 INFO  - Received CAM message from veh_2 (at simulation time 25.101,900,000 s)
2024-06-04 00:13:02,654 INFO  - Atempting to process queue (at simulation time 25.200,000,000 s)
2024-06-04 00:13:02,654 INFO  - Vehicle is outside the detection area. (at simulation time 25.200,000,000 s)
2024-06-04 00:13:02,654 INFO  - Sent broadcast CAM message to all vehicles (at simulation time 25.200,000,000 s)
2024-06-04 00:13:02,655 INFO  - Received CAM message from veh_13 (at simulation time 25.200,400,000 s)
2024-06-04 00:13:02,655 INFO  - Received CAM message from veh_14 (at simulation time 25.200,900,000 s)
2024-06-04 00:13:02,655 INFO  - Received CAM message from veh_2 (at simulation time 25.201,900,000 s)
2024-06-04 00:13:02,655 INFO  - Received CAM message from veh_10 (at simulation time 25.202,400,000 s)
2024-06-04 00:13:02,655 INFO  - Received CAM message from veh_6 (at simulation time 25.202,400,000 s)
2024-06-04 00:13:02,655 INFO  - Atempting to process queue (at simulation time 25.300,000,000 s)
2024-06-04 00:13:02,655 INFO  - Vehicle is outside the detection area. (at simulation time 25.300,000,000 s)
2024-06-04 00:13:02,655 INFO  - Sent broadcast CAM message to all vehicles (at simulation time 25.300,000,000 s)
2024-06-04 00:13:02,656 INFO  - Received CAM message from veh_14 (at simulation time 25.300,400,000 s)
2024-06-04 00:13:02,656 INFO  - Received CAM message from veh_10 (at simulation time 25.300,400,000 s)
2024-06-04 00:13:02,656 INFO  - Received CAM message from veh_6 (at simulation time 25.301,400,000 s)
2024-06-04 00:13:02,656 INFO  - Received CAM message from veh_2 (at simulation time 25.301,400,000 s)
2024-06-04 00:13:02,656 INFO  - Received CAM message from veh_13 (at simulation time 25.301,900,000 s)
2024-06-04 00:13:02,657 INFO  - Atempting to process queue (at simulation time 25.400,000,000 s)
2024-06-04 00:13:02,657 INFO  - Vehicle is outside the detection area. (at simulation time 25.400,000,000 s)
2024-06-04 00:13:02,657 INFO  - Sent broadcast CAM message to all vehicles (at simulation time 25.400,000,000 s)
2024-06-04 00:13:02,657 INFO  - Received CAM message from veh_14 (at simulation time 25.400,900,000 s)
2024-06-04 00:13:02,657 INFO  - Received CAM message from veh_6 (at simulation time 25.401,400,000 s)
2024-06-04 00:13:02,657 INFO  - Received CAM message from veh_2 (at simulation time 25.401,900,000 s)
2024-06-04 00:13:02,657 INFO  - Received CAM message from veh_13 (at simulation time 25.402,400,000 s)
2024-06-04 00:13:02,657 INFO  - Received CAM message from veh_10 (at simulation time 25.402,400,000 s)
2024-06-04 00:13:02,658 INFO  - Atempting to process queue (at simulation time 25.500,000,000 s)
2024-06-04 00:13:02,658 INFO  - Vehicle is outside the detection area. (at simulation time 25.500,000,000 s)
2024-06-04 00:13:02,658 INFO  - Sent broadcast CAM message to all vehicles (at simulation time 25.500,000,000 s)
2024-06-04 00:13:02,659 INFO  - Received CAM message from veh_14 (at simulation time 25.500,900,000 s)
2024-06-04 00:13:02,659 INFO  - Received CAM message from veh_6 (at simulation time 25.500,900,000 s)
2024-06-04 00:13:02,659 INFO  - Received CAM message from veh_13 (at simulation time 25.501,400,000 s)
2024-06-04 00:13:02,659 INFO  - Received CAM message from veh_2 (at simulation time 25.501,400,000 s)
2024-06-04 00:13:02,659 INFO  - Received CAM message from veh_10 (at simulation time 25.501,900,000 s)
2024-06-04 00:13:02,660 INFO  - Atempting to process queue (at simulation time 25.600,000,000 s)
2024-06-04 00:13:02,660 INFO  - Vehicle is outside the detection area. (at simulation time 25.600,000,000 s)
2024-06-04 00:13:02,660 INFO  - Sent broadcast CAM message to all vehicles (at simulation time 25.600,000,000 s)
2024-06-04 00:13:02,663 INFO  - Received CAM message from veh_14 (at simulation time 25.601,400,000 s)
2024-06-04 00:13:02,663 INFO  - Received CAM message from veh_6 (at simulation time 25.601,400,000 s)
2024-06-04 00:13:02,663 INFO  - Received CAM message from veh_2 (at simulation time 25.601,400,000 s)
2024-06-04 00:13:02,663 INFO  - Received CAM message from veh_13 (at simulation time 25.601,900,000 s)
2024-06-04 00:13:02,663 INFO  - Received CAM message from veh_10 (at simulation time 25.601,900,000 s)
2024-06-04 00:13:02,664 INFO  - Atempting to process queue (at simulation time 25.700,000,000 s)
2024-06-04 00:13:02,664 INFO  - Vehicle is outside the detection area. (at simulation time 25.700,000,000 s)
2024-06-04 00:13:02,664 INFO  - Sent broadcast CAM message to all vehicles (at simulation time 25.700,000,000 s)
2024-06-04 00:13:02,665 INFO  - Received CAM message from veh_10 (at simulation time 25.700,400,000 s)
2024-06-04 00:13:02,665 INFO  - Received CAM message from veh_14 (at simulation time 25.701,400,000 s)
2024-06-04 00:13:02,665 INFO  - Received CAM message from veh_13 (at simulation time 25.701,900,000 s)
2024-06-04 00:13:02,665 INFO  - Received CAM message from veh_6 (at simulation time 25.702,400,000 s)
2024-06-04 00:13:02,665 INFO  - Received CAM message from veh_2 (at simulation time 25.702,400,000 s)
2024-06-04 00:13:02,666 INFO  - Atempting to process queue (at simulation time 25.800,000,000 s)
2024-06-04 00:13:02,666 INFO  - Vehicle is outside the detection area. (at simulation time 25.800,000,000 s)
2024-06-04 00:13:02,666 INFO  - Sent broadcast CAM message to all vehicles (at simulation time 25.800,000,000 s)
2024-06-04 00:13:02,668 INFO  - Received CAM message from veh_14 (at simulation time 25.800,400,000 s)
2024-06-04 00:13:02,668 INFO  - Received CAM message from veh_10 (at simulation time 25.800,900,000 s)
2024-06-04 00:13:02,668 INFO  - Received CAM message from veh_2 (at simulation time 25.800,900,000 s)
2024-06-04 00:13:02,668 INFO  - Received CAM message from veh_6 (at simulation time 25.801,400,000 s)
2024-06-04 00:13:02,668 INFO  - Received CAM message from veh_13 (at simulation time 25.801,900,000 s)
2024-06-04 00:13:02,669 INFO  - Atempting to process queue (at simulation time 25.900,000,000 s)
2024-06-04 00:13:02,669 INFO  - Vehicle is outside the detection area. (at simulation time 25.900,000,000 s)
2024-06-04 00:13:02,669 INFO  - Sent broadcast CAM message to all vehicles (at simulation time 25.900,000,000 s)
2024-06-04 00:13:02,670 INFO  - Received CAM message from veh_10 (at simulation time 25.900,900,000 s)
2024-06-04 00:13:02,670 INFO  - Received CAM message from veh_14 (at simulation time 25.901,400,000 s)
2024-06-04 00:13:02,670 INFO  - Received CAM message from veh_2 (at simulation time 25.901,400,000 s)
2024-06-04 00:13:02,670 INFO  - Received CAM message from veh_13 (at simulation time 25.901,900,000 s)
2024-06-04 00:13:02,670 INFO  - Received CAM message from veh_6 (at simulation time 25.901,900,000 s)
2024-06-04 00:13:02,676 INFO  - Atempting to process queue (at simulation time 26.000,000,000 s)
2024-06-04 00:13:02,676 INFO  - Vehicle is outside the detection area. (at simulation time 26.000,000,000 s)
2024-06-04 00:13:02,676 INFO  - Sent broadcast CAM message to all vehicles (at simulation time 26.000,000,000 s)
2024-06-04 00:13:02,678 INFO  - Received CAM message from veh_13 (at simulation time 26.000,400,000 s)
2024-06-04 00:13:02,678 INFO  - Received CAM message from veh_6 (at simulation time 26.000,400,000 s)
2024-06-04 00:13:02,678 INFO  - Received CAM message from veh_2 (at simulation time 26.001,400,000 s)
2024-06-04 00:13:02,678 INFO  - Received CAM message from veh_10 (at simulation time 26.001,900,000 s)
2024-06-04 00:13:02,678 INFO  - Received CAM message from veh_14 (at simulation time 26.002,400,000 s)
2024-06-04 00:13:02,678 INFO  - Atempting to process queue (at simulation time 26.100,000,000 s)
2024-06-04 00:13:02,678 INFO  - Vehicle is outside the detection area. (at simulation time 26.100,000,000 s)
2024-06-04 00:13:02,678 INFO  - Sent broadcast CAM message to all vehicles (at simulation time 26.100,000,000 s)
2024-06-04 00:13:02,679 INFO  - Received CAM message from veh_13 (at simulation time 26.100,400,000 s)
2024-06-04 00:13:02,679 INFO  - Received CAM message from veh_10 (at simulation time 26.100,400,000 s)
2024-06-04 00:13:02,679 INFO  - Received CAM message from veh_6 (at simulation time 26.101,400,000 s)
2024-06-04 00:13:02,679 INFO  - Received CAM message from veh_2 (at simulation time 26.101,400,000 s)
2024-06-04 00:13:02,679 INFO  - Received CAM message from veh_14 (at simulation time 26.101,900,000 s)
2024-06-04 00:13:02,680 INFO  - Atempting to process queue (at simulation time 26.200,000,000 s)
2024-06-04 00:13:02,680 INFO  - Vehicle is outside the detection area. (at simulation time 26.200,000,000 s)
2024-06-04 00:13:02,680 INFO  - Sent broadcast CAM message to all vehicles (at simulation time 26.200,000,000 s)
2024-06-04 00:13:02,681 INFO  - Received CAM message from veh_14 (at simulation time 26.200,900,000 s)
2024-06-04 00:13:02,681 INFO  - Received CAM message from veh_10 (at simulation time 26.200,900,000 s)
2024-06-04 00:13:02,681 INFO  - Received CAM message from veh_13 (at simulation time 26.201,400,000 s)
2024-06-04 00:13:02,681 INFO  - Received CAM message from veh_2 (at simulation time 26.201,400,000 s)
2024-06-04 00:13:02,681 INFO  - Received CAM message from veh_6 (at simulation time 26.201,900,000 s)
2024-06-04 00:13:02,682 INFO  - Atempting to process queue (at simulation time 26.300,000,000 s)
2024-06-04 00:13:02,682 INFO  - Vehicle is outside the detection area. (at simulation time 26.300,000,000 s)
2024-06-04 00:13:02,682 INFO  - Sent broadcast CAM message to all vehicles (at simulation time 26.300,000,000 s)
2024-06-04 00:13:02,682 INFO  - Received CAM message from veh_13 (at simulation time 26.300,400,000 s)
2024-06-04 00:13:02,682 INFO  - Received CAM message from veh_10 (at simulation time 26.300,900,000 s)
2024-06-04 00:13:02,682 INFO  - Received CAM message from veh_14 (at simulation time 26.301,400,000 s)
2024-06-04 00:13:02,682 INFO  - Received CAM message from veh_6 (at simulation time 26.301,400,000 s)
2024-06-04 00:13:02,683 INFO  - Received CAM message from veh_2 (at simulation time 26.302,400,000 s)
2024-06-04 00:13:02,683 INFO  - Atempting to process queue (at simulation time 26.400,000,000 s)
2024-06-04 00:13:02,683 INFO  - Vehicle is outside the detection area. (at simulation time 26.400,000,000 s)
2024-06-04 00:13:02,683 INFO  - Sent broadcast CAM message to all vehicles (at simulation time 26.400,000,000 s)
2024-06-04 00:13:02,684 INFO  - Received CAM message from veh_6 (at simulation time 26.401,400,000 s)
2024-06-04 00:13:02,684 INFO  - Received CAM message from veh_2 (at simulation time 26.401,400,000 s)
2024-06-04 00:13:02,684 INFO  - Received CAM message from veh_14 (at simulation time 26.401,900,000 s)
2024-06-04 00:13:02,684 INFO  - Received CAM message from veh_10 (at simulation time 26.401,900,000 s)
2024-06-04 00:13:02,684 INFO  - Received CAM message from veh_13 (at simulation time 26.402,400,000 s)
2024-06-04 00:13:02,684 INFO  - Atempting to process queue (at simulation time 26.500,000,000 s)
2024-06-04 00:13:02,684 INFO  - Vehicle is outside the detection area. (at simulation time 26.500,000,000 s)
2024-06-04 00:13:02,684 INFO  - Sent broadcast CAM message to all vehicles (at simulation time 26.500,000,000 s)
2024-06-04 00:13:02,685 INFO  - Received CAM message from veh_6 (at simulation time 26.500,400,000 s)
2024-06-04 00:13:02,685 INFO  - Received CAM message from veh_13 (at simulation time 26.501,400,000 s)
2024-06-04 00:13:02,685 INFO  - Received CAM message from veh_10 (at simulation time 26.501,400,000 s)
2024-06-04 00:13:02,685 INFO  - Received CAM message from veh_2 (at simulation time 26.501,900,000 s)
2024-06-04 00:13:02,685 INFO  - Received CAM message from veh_14 (at simulation time 26.502,400,000 s)
2024-06-04 00:13:02,686 INFO  - Atempting to process queue (at simulation time 26.600,000,000 s)
2024-06-04 00:13:02,686 INFO  - Vehicle is outside the detection area. (at simulation time 26.600,000,000 s)
2024-06-04 00:13:02,686 INFO  - Sent broadcast CAM message to all vehicles (at simulation time 26.600,000,000 s)
2024-06-04 00:13:02,687 INFO  - Received CAM message from veh_14 (at simulation time 26.600,400,000 s)
2024-06-04 00:13:02,687 INFO  - Received CAM message from veh_2 (at simulation time 26.600,400,000 s)
2024-06-04 00:13:02,687 INFO  - Received CAM message from veh_6 (at simulation time 26.600,900,000 s)
2024-06-04 00:13:02,687 INFO  - Received CAM message from veh_13 (at simulation time 26.602,400,000 s)
2024-06-04 00:13:02,687 INFO  - Received CAM message from veh_10 (at simulation time 26.602,400,000 s)
2024-06-04 00:13:02,687 INFO  - Atempting to process queue (at simulation time 26.700,000,000 s)
2024-06-04 00:13:02,687 INFO  - Vehicle is outside the detection area. (at simulation time 26.700,000,000 s)
2024-06-04 00:13:02,687 INFO  - Sent broadcast CAM message to all vehicles (at simulation time 26.700,000,000 s)
2024-06-04 00:13:02,688 INFO  - Received CAM message from veh_14 (at simulation time 26.700,900,000 s)
2024-06-04 00:13:02,688 INFO  - Received CAM message from veh_10 (at simulation time 26.701,900,000 s)
2024-06-04 00:13:02,688 INFO  - Received CAM message from veh_6 (at simulation time 26.701,900,000 s)
2024-06-04 00:13:02,688 INFO  - Received CAM message from veh_2 (at simulation time 26.701,900,000 s)
2024-06-04 00:13:02,688 INFO  - Received CAM message from veh_13 (at simulation time 26.702,400,000 s)
2024-06-04 00:13:02,689 INFO  - Atempting to process queue (at simulation time 26.800,000,000 s)
2024-06-04 00:13:02,689 INFO  - Vehicle is outside the detection area. (at simulation time 26.800,000,000 s)
2024-06-04 00:13:02,689 INFO  - Sent broadcast CAM message to all vehicles (at simulation time 26.800,000,000 s)
2024-06-04 00:13:02,689 INFO  - Received CAM message from veh_13 (at simulation time 26.800,400,000 s)
2024-06-04 00:13:02,689 INFO  - Received CAM message from veh_14 (at simulation time 26.801,400,000 s)
2024-06-04 00:13:02,689 INFO  - Received CAM message from veh_10 (at simulation time 26.801,900,000 s)
2024-06-04 00:13:02,689 INFO  - Received CAM message from veh_2 (at simulation time 26.801,900,000 s)
2024-06-04 00:13:02,689 INFO  - Received CAM message from veh_6 (at simulation time 26.802,400,000 s)
2024-06-04 00:13:02,690 INFO  - Atempting to process queue (at simulation time 26.900,000,000 s)
2024-06-04 00:13:02,690 INFO  - Vehicle is outside the detection area. (at simulation time 26.900,000,000 s)
2024-06-04 00:13:02,690 INFO  - Sent broadcast CAM message to all vehicles (at simulation time 26.900,000,000 s)
2024-06-04 00:13:02,690 INFO  - Received CAM message from veh_13 (at simulation time 26.900,400,000 s)
2024-06-04 00:13:02,690 INFO  - Received CAM message from veh_6 (at simulation time 26.900,400,000 s)
2024-06-04 00:13:02,690 INFO  - Received CAM message from veh_10 (at simulation time 26.900,900,000 s)
2024-06-04 00:13:02,690 INFO  - Received CAM message from veh_2 (at simulation time 26.900,900,000 s)
2024-06-04 00:13:02,690 INFO  - Received CAM message from veh_14 (at simulation time 26.901,400,000 s)
2024-06-04 00:13:02,695 INFO  - Atempting to process queue (at simulation time 27.000,000,000 s)
2024-06-04 00:13:02,695 INFO  - Vehicle is outside the detection area. (at simulation time 27.000,000,000 s)
2024-06-04 00:13:02,695 INFO  - Sent broadcast CAM message to all vehicles (at simulation time 27.000,000,000 s)
2024-06-04 00:13:02,697 INFO  - Received CAM message from veh_6 (at simulation time 27.000,400,000 s)
2024-06-04 00:13:02,697 INFO  - Received CAM message from veh_10 (at simulation time 27.000,900,000 s)
2024-06-04 00:13:02,697 INFO  - Received CAM message from veh_13 (at simulation time 27.002,400,000 s)
2024-06-04 00:13:02,697 INFO  - Received CAM message from veh_2 (at simulation time 27.002,400,000 s)
2024-06-04 00:13:02,698 INFO  - Atempting to process queue (at simulation time 27.100,000,000 s)
2024-06-04 00:13:02,698 INFO  - Vehicle is outside the detection area. (at simulation time 27.100,000,000 s)
2024-06-04 00:13:02,698 INFO  - Sent broadcast CAM message to all vehicles (at simulation time 27.100,000,000 s)
2024-06-04 00:13:02,699 INFO  - Received CAM message from veh_6 (at simulation time 27.100,400,000 s)
2024-06-04 00:13:02,699 INFO  - Received CAM message from veh_13 (at simulation time 27.100,900,000 s)
2024-06-04 00:13:02,700 INFO  - Received CAM message from veh_2 (at simulation time 27.101,900,000 s)
2024-06-04 00:13:02,700 INFO  - Received CAM message from veh_10 (at simulation time 27.102,400,000 s)
2024-06-04 00:13:02,700 INFO  - Atempting to process queue (at simulation time 27.200,000,000 s)
2024-06-04 00:13:02,700 INFO  - Vehicle is outside the detection area. (at simulation time 27.200,000,000 s)
2024-06-04 00:13:02,700 INFO  - Sent broadcast CAM message to all vehicles (at simulation time 27.200,000,000 s)
2024-06-04 00:13:02,702 INFO  - Received CAM message from veh_2 (at simulation time 27.201,400,000 s)
2024-06-04 00:13:02,702 INFO  - Received CAM message from veh_10 (at simulation time 27.201,900,000 s)
2024-06-04 00:13:02,702 INFO  - Received CAM message from veh_6 (at simulation time 27.201,900,000 s)
2024-06-04 00:13:02,702 INFO  - Received CAM message from veh_13 (at simulation time 27.202,400,000 s)
2024-06-04 00:13:02,703 INFO  - Atempting to process queue (at simulation time 27.300,000,000 s)
2024-06-04 00:13:02,703 INFO  - Vehicle is outside the detection area. (at simulation time 27.300,000,000 s)
2024-06-04 00:13:02,703 INFO  - Sent broadcast CAM message to all vehicles (at simulation time 27.300,000,000 s)
2024-06-04 00:13:02,703 INFO  - Received CAM message from veh_13 (at simulation time 27.300,400,000 s)
2024-06-04 00:13:02,704 INFO  - Received CAM message from veh_10 (at simulation time 27.300,900,000 s)
2024-06-04 00:13:02,704 INFO  - Received CAM message from veh_6 (at simulation time 27.300,900,000 s)
2024-06-04 00:13:02,704 INFO  - Received CAM message from veh_2 (at simulation time 27.300,900,000 s)
2024-06-04 00:13:02,704 INFO  - Atempting to process queue (at simulation time 27.400,000,000 s)
2024-06-04 00:13:02,704 INFO  - Vehicle is outside the detection area. (at simulation time 27.400,000,000 s)
2024-06-04 00:13:02,704 INFO  - Sent broadcast CAM message to all vehicles (at simulation time 27.400,000,000 s)
2024-06-04 00:13:02,705 INFO  - Received CAM message from veh_2 (at simulation time 27.400,400,000 s)
2024-06-04 00:13:02,705 INFO  - Received CAM message from veh_13 (at simulation time 27.400,900,000 s)
2024-06-04 00:13:02,705 INFO  - Received CAM message from veh_10 (at simulation time 27.401,400,000 s)
2024-06-04 00:13:02,706 INFO  - Received CAM message from veh_6 (at simulation time 27.402,400,000 s)
2024-06-04 00:13:02,706 INFO  - Atempting to process queue (at simulation time 27.500,000,000 s)
2024-06-04 00:13:02,706 INFO  - Vehicle is outside the detection area. (at simulation time 27.500,000,000 s)
2024-06-04 00:13:02,706 INFO  - Sent broadcast CAM message to all vehicles (at simulation time 27.500,000,000 s)
2024-06-04 00:13:02,707 INFO  - Received CAM message from veh_2 (at simulation time 27.500,900,000 s)
2024-06-04 00:13:02,707 INFO  - Received CAM message from veh_10 (at simulation time 27.501,900,000 s)
2024-06-04 00:13:02,707 INFO  - Received CAM message from veh_13 (at simulation time 27.502,400,000 s)
2024-06-04 00:13:02,707 INFO  - Received CAM message from veh_6 (at simulation time 27.502,400,000 s)
2024-06-04 00:13:02,707 INFO  - Atempting to process queue (at simulation time 27.600,000,000 s)
2024-06-04 00:13:02,707 INFO  - Vehicle is outside the detection area. (at simulation time 27.600,000,000 s)
2024-06-04 00:13:02,707 INFO  - Sent broadcast CAM message to all vehicles (at simulation time 27.600,000,000 s)
2024-06-04 00:13:02,708 INFO  - Received CAM message from veh_6 (at simulation time 27.600,400,000 s)
2024-06-04 00:13:02,709 INFO  - Received CAM message from veh_10 (at simulation time 27.600,900,000 s)
2024-06-04 00:13:02,709 INFO  - Received CAM message from veh_13 (at simulation time 27.602,400,000 s)
2024-06-04 00:13:02,709 INFO  - Received CAM message from veh_2 (at simulation time 27.602,400,000 s)
2024-06-04 00:13:02,709 INFO  - Atempting to process queue (at simulation time 27.700,000,000 s)
2024-06-04 00:13:02,709 INFO  - Vehicle is outside the detection area. (at simulation time 27.700,000,000 s)
2024-06-04 00:13:02,709 INFO  - Sent broadcast CAM message to all vehicles (at simulation time 27.700,000,000 s)
2024-06-04 00:13:02,710 INFO  - Received CAM message from veh_13 (at simulation time 27.700,400,000 s)
2024-06-04 00:13:02,710 INFO  - Received CAM message from veh_10 (at simulation time 27.700,900,000 s)
2024-06-04 00:13:02,710 INFO  - Received CAM message from veh_6 (at simulation time 27.701,400,000 s)
2024-06-04 00:13:02,710 INFO  - Received CAM message from veh_2 (at simulation time 27.702,400,000 s)
2024-06-04 00:13:02,711 INFO  - Atempting to process queue (at simulation time 27.800,000,000 s)
2024-06-04 00:13:02,711 INFO  - Vehicle is outside the detection area. (at simulation time 27.800,000,000 s)
2024-06-04 00:13:02,711 INFO  - Sent broadcast CAM message to all vehicles (at simulation time 27.800,000,000 s)
2024-06-04 00:13:02,711 INFO  - Received CAM message from veh_6 (at simulation time 27.800,900,000 s)
2024-06-04 00:13:02,711 INFO  - Received CAM message from veh_10 (at simulation time 27.801,900,000 s)
2024-06-04 00:13:02,711 INFO  - Received CAM message from veh_13 (at simulation time 27.802,400,000 s)
2024-06-04 00:13:02,712 INFO  - Received CAM message from veh_2 (at simulation time 27.802,400,000 s)
2024-06-04 00:13:02,712 INFO  - Atempting to process queue (at simulation time 27.900,000,000 s)
2024-06-04 00:13:02,712 INFO  - Vehicle is outside the detection area. (at simulation time 27.900,000,000 s)
2024-06-04 00:13:02,712 INFO  - Sent broadcast CAM message to all vehicles (at simulation time 27.900,000,000 s)
2024-06-04 00:13:02,716 INFO  - Received CAM message from veh_6 (at simulation time 27.900,400,000 s)
2024-06-04 00:13:02,716 INFO  - Received CAM message from veh_13 (at simulation time 27.900,900,000 s)
2024-06-04 00:13:02,716 INFO  - Received CAM message from veh_10 (at simulation time 27.901,400,000 s)
2024-06-04 00:13:02,717 INFO  - Received CAM message from veh_2 (at simulation time 27.901,900,000 s)
2024-06-04 00:13:02,720 INFO  - Atempting to process queue (at simulation time 28.000,000,000 s)
2024-06-04 00:13:02,720 INFO  - Vehicle is outside the detection area. (at simulation time 28.000,000,000 s)
2024-06-04 00:13:02,721 INFO  - Sent broadcast CAM message to all vehicles (at simulation time 28.000,000,000 s)
2024-06-04 00:13:02,722 INFO  - Received CAM message from veh_2 (at simulation time 28.001,400,000 s)
2024-06-04 00:13:02,722 INFO  - Received CAM message from veh_13 (at simulation time 28.001,900,000 s)
2024-06-04 00:13:02,723 INFO  - Atempting to process queue (at simulation time 28.100,000,000 s)
2024-06-04 00:13:02,723 INFO  - Vehicle is outside the detection area. (at simulation time 28.100,000,000 s)
2024-06-04 00:13:02,723 INFO  - Sent broadcast CAM message to all vehicles (at simulation time 28.100,000,000 s)
2024-06-04 00:13:02,724 INFO  - Received CAM message from veh_2 (at simulation time 28.100,400,000 s)
2024-06-04 00:13:02,724 INFO  - Received CAM message from veh_13 (at simulation time 28.101,900,000 s)
2024-06-04 00:13:02,725 INFO  - Atempting to process queue (at simulation time 28.200,000,000 s)
2024-06-04 00:13:02,725 INFO  - Vehicle is outside the detection area. (at simulation time 28.200,000,000 s)
2024-06-04 00:13:02,725 INFO  - Sent broadcast CAM message to all vehicles (at simulation time 28.200,000,000 s)
2024-06-04 00:13:02,727 INFO  - Received CAM message from veh_2 (at simulation time 28.200,900,000 s)
2024-06-04 00:13:02,727 INFO  - Received CAM message from veh_13 (at simulation time 28.202,400,000 s)
2024-06-04 00:13:02,734 INFO  - Atempting to process queue (at simulation time 28.300,000,000 s)
2024-06-04 00:13:02,734 INFO  - Vehicle is outside the detection area. (at simulation time 28.300,000,000 s)
2024-06-04 00:13:02,734 INFO  - Sent broadcast CAM message to all vehicles (at simulation time 28.300,000,000 s)
2024-06-04 00:13:02,735 INFO  - Received CAM message from veh_13 (at simulation time 28.300,400,000 s)
2024-06-04 00:13:02,736 INFO  - Received CAM message from veh_2 (at simulation time 28.300,400,000 s)
2024-06-04 00:13:02,737 INFO  - Atempting to process queue (at simulation time 28.400,000,000 s)
2024-06-04 00:13:02,737 INFO  - Vehicle is outside the detection area. (at simulation time 28.400,000,000 s)
2024-06-04 00:13:02,737 INFO  - Sent broadcast CAM message to all vehicles (at simulation time 28.400,000,000 s)
2024-06-04 00:13:02,738 INFO  - Received CAM message from veh_2 (at simulation time 28.400,900,000 s)
2024-06-04 00:13:02,738 INFO  - Received CAM message from veh_13 (at simulation time 28.401,900,000 s)
2024-06-04 00:13:02,739 INFO  - Atempting to process queue (at simulation time 28.500,000,000 s)
2024-06-04 00:13:02,739 INFO  - Vehicle is outside the detection area. (at simulation time 28.500,000,000 s)
2024-06-04 00:13:02,739 INFO  - Sent broadcast CAM message to all vehicles (at simulation time 28.500,000,000 s)
2024-06-04 00:13:02,740 INFO  - Received CAM message from veh_2 (at simulation time 28.500,400,000 s)
2024-06-04 00:13:02,741 INFO  - Received CAM message from veh_13 (at simulation time 28.501,900,000 s)
2024-06-04 00:13:02,741 INFO  - Atempting to process queue (at simulation time 28.600,000,000 s)
2024-06-04 00:13:02,741 INFO  - Vehicle is outside the detection area. (at simulation time 28.600,000,000 s)
2024-06-04 00:13:02,741 INFO  - Sent broadcast CAM message to all vehicles (at simulation time 28.600,000,000 s)
2024-06-04 00:13:02,742 INFO  - Received CAM message from veh_2 (at simulation time 28.600,900,000 s)
2024-06-04 00:13:02,742 INFO  - Received CAM message from veh_13 (at simulation time 28.601,400,000 s)
2024-06-04 00:13:02,743 INFO  - Atempting to process queue (at simulation time 28.700,000,000 s)
2024-06-04 00:13:02,743 INFO  - Vehicle is outside the detection area. (at simulation time 28.700,000,000 s)
2024-06-04 00:13:02,743 INFO  - Sent broadcast CAM message to all vehicles (at simulation time 28.700,000,000 s)
2024-06-04 00:13:02,744 INFO  - Received CAM message from veh_13 (at simulation time 28.701,400,000 s)
2024-06-04 00:13:02,745 INFO  - Received CAM message from veh_2 (at simulation time 28.702,400,000 s)
2024-06-04 00:13:02,746 INFO  - Atempting to process queue (at simulation time 28.800,000,000 s)
2024-06-04 00:13:02,746 INFO  - Vehicle is outside the detection area. (at simulation time 28.800,000,000 s)
2024-06-04 00:13:02,746 INFO  - Sent broadcast CAM message to all vehicles (at simulation time 28.800,000,000 s)
2024-06-04 00:13:02,747 INFO  - Received CAM message from veh_13 (at simulation time 28.800,900,000 s)
2024-06-04 00:13:02,747 INFO  - Received CAM message from veh_2 (at simulation time 28.801,900,000 s)
2024-06-04 00:13:02,748 INFO  - Atempting to process queue (at simulation time 28.900,000,000 s)
2024-06-04 00:13:02,748 INFO  - Vehicle is outside the detection area. (at simulation time 28.900,000,000 s)
2024-06-04 00:13:02,748 INFO  - Sent broadcast CAM message to all vehicles (at simulation time 28.900,000,000 s)
2024-06-04 00:13:02,749 INFO  - Received CAM message from veh_13 (at simulation time 28.902,400,000 s)
2024-06-04 00:13:02,749 INFO  - Received CAM message from veh_2 (at simulation time 28.902,400,000 s)
2024-06-04 00:13:02,754 INFO  - Atempting to process queue (at simulation time 29.000,000,000 s)
2024-06-04 00:13:02,754 INFO  - Vehicle is outside the detection area. (at simulation time 29.000,000,000 s)
2024-06-04 00:13:02,754 INFO  - Sent broadcast CAM message to all vehicles (at simulation time 29.000,000,000 s)
2024-06-04 00:13:02,757 INFO  - Atempting to process queue (at simulation time 29.100,000,000 s)
2024-06-04 00:13:02,757 INFO  - Vehicle is outside the detection area. (at simulation time 29.100,000,000 s)
2024-06-04 00:13:02,757 INFO  - Sent broadcast CAM message to all vehicles (at simulation time 29.100,000,000 s)
2024-06-04 00:13:02,759 INFO  - Atempting to process queue (at simulation time 29.200,000,000 s)
2024-06-04 00:13:02,759 INFO  - Vehicle is outside the detection area. (at simulation time 29.200,000,000 s)
2024-06-04 00:13:02,759 INFO  - Sent broadcast CAM message to all vehicles (at simulation time 29.200,000,000 s)
2024-06-04 00:13:02,762 INFO  - Atempting to process queue (at simulation time 29.300,000,000 s)
2024-06-04 00:13:02,762 INFO  - Vehicle is outside the detection area. (at simulation time 29.300,000,000 s)
2024-06-04 00:13:02,762 INFO  - Sent broadcast CAM message to all vehicles (at simulation time 29.300,000,000 s)
2024-06-04 00:13:02,764 INFO  - Atempting to process queue (at simulation time 29.400,000,000 s)
2024-06-04 00:13:02,764 INFO  - Vehicle is outside the detection area. (at simulation time 29.400,000,000 s)
2024-06-04 00:13:02,765 INFO  - Sent broadcast CAM message to all vehicles (at simulation time 29.400,000,000 s)
2024-06-04 00:13:02,769 INFO  - Atempting to process queue (at simulation time 29.500,000,000 s)
2024-06-04 00:13:02,769 INFO  - Vehicle is outside the detection area. (at simulation time 29.500,000,000 s)
2024-06-04 00:13:02,769 INFO  - Sent broadcast CAM message to all vehicles (at simulation time 29.500,000,000 s)
2024-06-04 00:13:02,771 INFO  - Atempting to process queue (at simulation time 29.600,000,000 s)
2024-06-04 00:13:02,772 INFO  - Vehicle is outside the detection area. (at simulation time 29.600,000,000 s)
2024-06-04 00:13:02,772 INFO  - Sent broadcast CAM message to all vehicles (at simulation time 29.600,000,000 s)
2024-06-04 00:13:02,773 INFO  - Atempting to process queue (at simulation time 29.700,000,000 s)
2024-06-04 00:13:02,773 INFO  - Vehicle is outside the detection area. (at simulation time 29.700,000,000 s)
2024-06-04 00:13:02,773 INFO  - Sent broadcast CAM message to all vehicles (at simulation time 29.700,000,000 s)
2024-06-04 00:13:02,776 INFO  - Atempting to process queue (at simulation time 29.800,000,000 s)
2024-06-04 00:13:02,776 INFO  - Vehicle is outside the detection area. (at simulation time 29.800,000,000 s)
2024-06-04 00:13:02,776 INFO  - Sent broadcast CAM message to all vehicles (at simulation time 29.800,000,000 s)
2024-06-04 00:13:02,777 INFO  - Atempting to process queue (at simulation time 29.900,000,000 s)
2024-06-04 00:13:02,777 INFO  - Vehicle is outside the detection area. (at simulation time 29.900,000,000 s)
2024-06-04 00:13:02,777 INFO  - Sent broadcast CAM message to all vehicles (at simulation time 29.900,000,000 s)
2024-06-04 00:13:02,784 INFO  - Vehicle is outside the detection area. (at simulation time 30.000,000,000 s)
2024-06-04 00:13:02,784 INFO  - Sent broadcast CAM message to all vehicles (at simulation time 30.000,000,000 s)
2024-06-04 00:13:02,786 INFO  - Vehicle is outside the detection area. (at simulation time 30.100,000,000 s)
2024-06-04 00:13:02,786 INFO  - Sent broadcast CAM message to all vehicles (at simulation time 30.100,000,000 s)
2024-06-04 00:13:02,787 INFO  - Vehicle is outside the detection area. (at simulation time 30.200,000,000 s)
2024-06-04 00:13:02,787 INFO  - Sent broadcast CAM message to all vehicles (at simulation time 30.200,000,000 s)
2024-06-04 00:13:02,790 INFO  - Vehicle is outside the detection area. (at simulation time 30.300,000,000 s)
2024-06-04 00:13:02,790 INFO  - Sent broadcast CAM message to all vehicles (at simulation time 30.300,000,000 s)
2024-06-04 00:13:02,795 INFO  - Vehicle is outside the detection area. (at simulation time 30.400,000,000 s)
2024-06-04 00:13:02,795 INFO  - Sent broadcast CAM message to all vehicles (at simulation time 30.400,000,000 s)
2024-06-04 00:13:02,798 INFO  - Vehicle is outside the detection area. (at simulation time 30.500,000,000 s)
2024-06-04 00:13:02,798 INFO  - Sent broadcast CAM message to all vehicles (at simulation time 30.500,000,000 s)
2024-06-04 00:13:02,800 INFO  - Vehicle is outside the detection area. (at simulation time 30.600,000,000 s)
2024-06-04 00:13:02,800 INFO  - Sent broadcast CAM message to all vehicles (at simulation time 30.600,000,000 s)
2024-06-04 00:13:02,802 INFO  - Vehicle is outside the detection area. (at simulation time 30.700,000,000 s)
2024-06-04 00:13:02,802 INFO  - Sent broadcast CAM message to all vehicles (at simulation time 30.700,000,000 s)
2024-06-04 00:13:02,804 INFO  - Vehicle is outside the detection area. (at simulation time 30.800,000,000 s)
2024-06-04 00:13:02,804 INFO  - Sent broadcast CAM message to all vehicles (at simulation time 30.800,000,000 s)
2024-06-04 00:13:02,805 INFO  - Vehicle is outside the detection area. (at simulation time 30.900,000,000 s)
2024-06-04 00:13:02,805 INFO  - Sent broadcast CAM message to all vehicles (at simulation time 30.900,000,000 s)
2024-06-04 00:13:02,823 INFO  - Vehicle is outside the detection area. (at simulation time 31.000,000,000 s)
2024-06-04 00:13:02,823 INFO  - Sent broadcast CAM message to all vehicles (at simulation time 31.000,000,000 s)
2024-06-04 00:13:02,828 INFO  - Vehicle is outside the detection area. (at simulation time 31.100,000,000 s)
2024-06-04 00:13:02,828 INFO  - Sent broadcast CAM message to all vehicles (at simulation time 31.100,000,000 s)
2024-06-04 00:13:02,829 INFO  - Vehicle is outside the detection area. (at simulation time 31.200,000,000 s)
2024-06-04 00:13:02,830 INFO  - Sent broadcast CAM message to all vehicles (at simulation time 31.200,000,000 s)
2024-06-04 00:13:02,832 INFO  - Vehicle is outside the detection area. (at simulation time 31.300,000,000 s)
2024-06-04 00:13:02,832 INFO  - Sent broadcast CAM message to all vehicles (at simulation time 31.300,000,000 s)
2024-06-04 00:13:02,834 INFO  - Vehicle is outside the detection area. (at simulation time 31.400,000,000 s)
2024-06-04 00:13:02,834 INFO  - Sent broadcast CAM message to all vehicles (at simulation time 31.400,000,000 s)
2024-06-04 00:13:02,835 INFO  - Vehicle is outside the detection area. (at simulation time 31.500,000,000 s)
2024-06-04 00:13:02,835 INFO  - Sent broadcast CAM message to all vehicles (at simulation time 31.500,000,000 s)
2024-06-04 00:13:02,837 INFO  - Vehicle is outside the detection area. (at simulation time 31.600,000,000 s)
2024-06-04 00:13:02,837 INFO  - Sent broadcast CAM message to all vehicles (at simulation time 31.600,000,000 s)
2024-06-04 00:13:02,839 INFO  - Vehicle is outside the detection area. (at simulation time 31.700,000,000 s)
2024-06-04 00:13:02,839 INFO  - Sent broadcast CAM message to all vehicles (at simulation time 31.700,000,000 s)
2024-06-04 00:13:02,841 INFO  - Vehicle is outside the detection area. (at simulation time 31.800,000,000 s)
2024-06-04 00:13:02,841 INFO  - Sent broadcast CAM message to all vehicles (at simulation time 31.800,000,000 s)
2024-06-04 00:13:02,843 INFO  - Vehicle is outside the detection area. (at simulation time 31.900,000,000 s)
2024-06-04 00:13:02,843 INFO  - Sent broadcast CAM message to all vehicles (at simulation time 31.900,000,000 s)
2024-06-04 00:13:02,853 INFO  - Vehicle is outside the detection area. (at simulation time 32.000,000,000 s)
2024-06-04 00:13:02,853 INFO  - Sent broadcast CAM message to all vehicles (at simulation time 32.000,000,000 s)
2024-06-04 00:13:02,857 INFO  - Vehicle is outside the detection area. (at simulation time 32.100,000,000 s)
2024-06-04 00:13:02,857 INFO  - Sent broadcast CAM message to all vehicles (at simulation time 32.100,000,000 s)
2024-06-04 00:13:02,859 INFO  - Vehicle is outside the detection area. (at simulation time 32.200,000,000 s)
2024-06-04 00:13:02,859 INFO  - Sent broadcast CAM message to all vehicles (at simulation time 32.200,000,000 s)
2024-06-04 00:13:02,861 INFO  - Vehicle is outside the detection area. (at simulation time 32.300,000,000 s)
2024-06-04 00:13:02,861 INFO  - Sent broadcast CAM message to all vehicles (at simulation time 32.300,000,000 s)
2024-06-04 00:13:02,864 INFO  - Vehicle is outside the detection area. (at simulation time 32.400,000,000 s)
2024-06-04 00:13:02,864 INFO  - Sent broadcast CAM message to all vehicles (at simulation time 32.400,000,000 s)
2024-06-04 00:13:02,865 INFO  - Vehicle is outside the detection area. (at simulation time 32.500,000,000 s)
2024-06-04 00:13:02,866 INFO  - Sent broadcast CAM message to all vehicles (at simulation time 32.500,000,000 s)
2024-06-04 00:13:02,868 INFO  - Vehicle is outside the detection area. (at simulation time 32.600,000,000 s)
2024-06-04 00:13:02,868 INFO  - Sent broadcast CAM message to all vehicles (at simulation time 32.600,000,000 s)
2024-06-04 00:13:02,870 INFO  - Vehicle is outside the detection area. (at simulation time 32.700,000,000 s)
2024-06-04 00:13:02,870 INFO  - Sent broadcast CAM message to all vehicles (at simulation time 32.700,000,000 s)
2024-06-04 00:13:02,873 INFO  - Vehicle is outside the detection area. (at simulation time 32.800,000,000 s)
2024-06-04 00:13:02,873 INFO  - Sent broadcast CAM message to all vehicles (at simulation time 32.800,000,000 s)
2024-06-04 00:13:02,875 INFO  - Vehicle is outside the detection area. (at simulation time 32.900,000,000 s)
2024-06-04 00:13:02,875 INFO  - Sent broadcast CAM message to all vehicles (at simulation time 32.900,000,000 s)
2024-06-04 00:13:02,882 INFO  - Vehicle is outside the detection area. (at simulation time 33.000,000,000 s)
2024-06-04 00:13:02,882 INFO  - Sent broadcast CAM message to all vehicles (at simulation time 33.000,000,000 s)
2024-06-04 00:13:02,887 INFO  - Vehicle is outside the detection area. (at simulation time 33.100,000,000 s)
2024-06-04 00:13:02,887 INFO  - Sent broadcast CAM message to all vehicles (at simulation time 33.100,000,000 s)
2024-06-04 00:13:02,890 INFO  - Vehicle is outside the detection area. (at simulation time 33.200,000,000 s)
2024-06-04 00:13:02,890 INFO  - Sent broadcast CAM message to all vehicles (at simulation time 33.200,000,000 s)
2024-06-04 00:13:02,894 INFO  - Vehicle is outside the detection area. (at simulation time 33.300,000,000 s)
2024-06-04 00:13:02,894 INFO  - Sent broadcast CAM message to all vehicles (at simulation time 33.300,000,000 s)
2024-06-04 00:13:02,895 INFO  - Vehicle is outside the detection area. (at simulation time 33.400,000,000 s)
2024-06-04 00:13:02,895 INFO  - Sent broadcast CAM message to all vehicles (at simulation time 33.400,000,000 s)
2024-06-04 00:13:02,897 INFO  - Vehicle is outside the detection area. (at simulation time 33.500,000,000 s)
2024-06-04 00:13:02,897 INFO  - Sent broadcast CAM message to all vehicles (at simulation time 33.500,000,000 s)
2024-06-04 00:13:02,900 INFO  - Vehicle is outside the detection area. (at simulation time 33.600,000,000 s)
2024-06-04 00:13:02,900 INFO  - Sent broadcast CAM message to all vehicles (at simulation time 33.600,000,000 s)
2024-06-04 00:13:02,903 INFO  - Vehicle is outside the detection area. (at simulation time 33.700,000,000 s)
2024-06-04 00:13:02,903 INFO  - Sent broadcast CAM message to all vehicles (at simulation time 33.700,000,000 s)
2024-06-04 00:13:02,906 INFO  - Vehicle is outside the detection area. (at simulation time 33.800,000,000 s)
2024-06-04 00:13:02,906 INFO  - Sent broadcast CAM message to all vehicles (at simulation time 33.800,000,000 s)
2024-06-04 00:13:02,908 INFO  - Vehicle is outside the detection area. (at simulation time 33.900,000,000 s)
2024-06-04 00:13:02,908 INFO  - Sent broadcast CAM message to all vehicles (at simulation time 33.900,000,000 s)
2024-06-04 00:13:03,014 INFO  - Shutdown application (at simulation time 34.000,000,000 s)
