2024-06-04 00:13:12,706 INFO  - Initialize application (at simulation time 391.000,000,000 s)
2024-06-04 00:13:12,707 INFO  - Activated WLAN Module (at simulation time 391.000,000,000 s)
2024-06-04 00:13:12,707 INFO  - Vehicle is outside the detection area. (at simulation time 391.000,000,000 s)
2024-06-04 00:13:12,707 INFO  - Sent broadcast CAM message to all vehicles (at simulation time 391.000,000,000 s)
2024-06-04 00:13:12,709 INFO  - Vehicle is outside the detection area. (at simulation time 391.100,000,000 s)
2024-06-04 00:13:12,710 INFO  - Sent broadcast CAM message to all vehicles (at simulation time 391.100,000,000 s)
2024-06-04 00:13:12,711 INFO  - Vehicle is outside the detection area. (at simulation time 391.200,000,000 s)
2024-06-04 00:13:12,711 INFO  - Sent broadcast CAM message to all vehicles (at simulation time 391.200,000,000 s)
2024-06-04 00:13:12,713 INFO  - Vehicle is outside the detection area. (at simulation time 391.300,000,000 s)
2024-06-04 00:13:12,713 INFO  - Sent broadcast CAM message to all vehicles (at simulation time 391.300,000,000 s)
2024-06-04 00:13:12,715 INFO  - Vehicle is outside the detection area. (at simulation time 391.400,000,000 s)
2024-06-04 00:13:12,715 INFO  - Sent broadcast CAM message to all vehicles (at simulation time 391.400,000,000 s)
2024-06-04 00:13:12,717 INFO  - Vehicle is outside the detection area. (at simulation time 391.500,000,000 s)
2024-06-04 00:13:12,717 INFO  - Sent broadcast CAM message to all vehicles (at simulation time 391.500,000,000 s)
2024-06-04 00:13:12,719 INFO  - Vehicle is outside the detection area. (at simulation time 391.600,000,000 s)
2024-06-04 00:13:12,719 INFO  - Sent broadcast CAM message to all vehicles (at simulation time 391.600,000,000 s)
2024-06-04 00:13:12,721 INFO  - Vehicle is outside the detection area. (at simulation time 391.700,000,000 s)
2024-06-04 00:13:12,721 INFO  - Sent broadcast CAM message to all vehicles (at simulation time 391.700,000,000 s)
2024-06-04 00:13:12,723 INFO  - Vehicle is outside the detection area. (at simulation time 391.800,000,000 s)
2024-06-04 00:13:12,723 INFO  - Sent broadcast CAM message to all vehicles (at simulation time 391.800,000,000 s)
2024-06-04 00:13:12,724 INFO  - Vehicle is outside the detection area. (at simulation time 391.900,000,000 s)
2024-06-04 00:13:12,724 INFO  - Sent broadcast CAM message to all vehicles (at simulation time 391.900,000,000 s)
2024-06-04 00:13:12,728 INFO  - Vehicle is outside the detection area. (at simulation time 392.000,000,000 s)
2024-06-04 00:13:12,728 INFO  - Sent broadcast CAM message to all vehicles (at simulation time 392.000,000,000 s)
2024-06-04 00:13:12,731 INFO  - Vehicle is outside the detection area. (at simulation time 392.100,000,000 s)
2024-06-04 00:13:12,731 INFO  - Sent broadcast CAM message to all vehicles (at simulation time 392.100,000,000 s)
2024-06-04 00:13:12,732 INFO  - Vehicle is outside the detection area. (at simulation time 392.200,000,000 s)
2024-06-04 00:13:12,732 INFO  - Sent broadcast CAM message to all vehicles (at simulation time 392.200,000,000 s)
2024-06-04 00:13:12,734 INFO  - Vehicle is outside the detection area. (at simulation time 392.300,000,000 s)
2024-06-04 00:13:12,734 INFO  - Sent broadcast CAM message to all vehicles (at simulation time 392.300,000,000 s)
2024-06-04 00:13:12,736 INFO  - Vehicle is outside the detection area. (at simulation time 392.400,000,000 s)
2024-06-04 00:13:12,736 INFO  - Sent broadcast CAM message to all vehicles (at simulation time 392.400,000,000 s)
2024-06-04 00:13:12,738 INFO  - Vehicle is outside the detection area. (at simulation time 392.500,000,000 s)
2024-06-04 00:13:12,738 INFO  - Sent broadcast CAM message to all vehicles (at simulation time 392.500,000,000 s)
2024-06-04 00:13:12,740 INFO  - Vehicle is outside the detection area. (at simulation time 392.600,000,000 s)
2024-06-04 00:13:12,740 INFO  - Sent broadcast CAM message to all vehicles (at simulation time 392.600,000,000 s)
2024-06-04 00:13:12,741 INFO  - Vehicle is outside the detection area. (at simulation time 392.700,000,000 s)
2024-06-04 00:13:12,741 INFO  - Sent broadcast CAM message to all vehicles (at simulation time 392.700,000,000 s)
2024-06-04 00:13:12,743 INFO  - Vehicle is outside the detection area. (at simulation time 392.800,000,000 s)
2024-06-04 00:13:12,743 INFO  - Sent broadcast CAM message to all vehicles (at simulation time 392.800,000,000 s)
2024-06-04 00:13:12,744 INFO  - Vehicle is outside the detection area. (at simulation time 392.900,000,000 s)
2024-06-04 00:13:12,744 INFO  - Sent broadcast CAM message to all vehicles (at simulation time 392.900,000,000 s)
2024-06-04 00:13:12,750 INFO  - Vehicle is inside the detection area. (at simulation time 393.000,000,000 s)
2024-06-04 00:13:12,750 INFO  - Vehicle is too far away from the traffic light. (at simulation time 393.000,000,000 s)
2024-06-04 00:13:12,750 INFO  - No vehicles in range. (at simulation time 393.000,000,000 s)
2024-06-04 00:13:12,750 INFO  - Neither the RSU nor any vehicle is in range. (at simulation time 393.000,000,000 s)
2024-06-04 00:13:12,750 INFO  - Sent broadcast CAM message to all vehicles (at simulation time 393.000,000,000 s)
2024-06-04 00:13:12,753 INFO  - Vehicle is inside the detection area. (at simulation time 393.100,000,000 s)
2024-06-04 00:13:12,753 INFO  - Vehicle is too far away from the traffic light. (at simulation time 393.100,000,000 s)
2024-06-04 00:13:12,753 INFO  - No vehicles in range. (at simulation time 393.100,000,000 s)
2024-06-04 00:13:12,753 INFO  - Neither the RSU nor any vehicle is in range. (at simulation time 393.100,000,000 s)
2024-06-04 00:13:12,753 INFO  - Sent broadcast CAM message to all vehicles (at simulation time 393.100,000,000 s)
2024-06-04 00:13:12,755 INFO  - Vehicle is inside the detection area. (at simulation time 393.200,000,000 s)
2024-06-04 00:13:12,755 INFO  - Vehicle is too far away from the traffic light. (at simulation time 393.200,000,000 s)
2024-06-04 00:13:12,755 INFO  - No vehicles in range. (at simulation time 393.200,000,000 s)
2024-06-04 00:13:12,755 INFO  - Neither the RSU nor any vehicle is in range. (at simulation time 393.200,000,000 s)
2024-06-04 00:13:12,755 INFO  - Sent broadcast CAM message to all vehicles (at simulation time 393.200,000,000 s)
2024-06-04 00:13:12,756 INFO  - Vehicle is inside the detection area. (at simulation time 393.300,000,000 s)
2024-06-04 00:13:12,756 INFO  - Vehicle is too far away from the traffic light. (at simulation time 393.300,000,000 s)
2024-06-04 00:13:12,756 INFO  - No vehicles in range. (at simulation time 393.300,000,000 s)
2024-06-04 00:13:12,756 INFO  - Neither the RSU nor any vehicle is in range. (at simulation time 393.300,000,000 s)
2024-06-04 00:13:12,756 INFO  - Sent broadcast CAM message to all vehicles (at simulation time 393.300,000,000 s)
2024-06-04 00:13:12,758 INFO  - Vehicle is inside the detection area. (at simulation time 393.400,000,000 s)
2024-06-04 00:13:12,758 INFO  - Vehicle is too far away from the traffic light. (at simulation time 393.400,000,000 s)
2024-06-04 00:13:12,758 INFO  - No vehicles in range. (at simulation time 393.400,000,000 s)
2024-06-04 00:13:12,758 INFO  - Neither the RSU nor any vehicle is in range. (at simulation time 393.400,000,000 s)
2024-06-04 00:13:12,758 INFO  - Sent broadcast CAM message to all vehicles (at simulation time 393.400,000,000 s)
2024-06-04 00:13:12,759 INFO  - Vehicle is inside the detection area. (at simulation time 393.500,000,000 s)
2024-06-04 00:13:12,759 INFO  - Vehicle is too far away from the traffic light. (at simulation time 393.500,000,000 s)
2024-06-04 00:13:12,759 INFO  - No vehicles in range. (at simulation time 393.500,000,000 s)
2024-06-04 00:13:12,759 INFO  - Neither the RSU nor any vehicle is in range. (at simulation time 393.500,000,000 s)
2024-06-04 00:13:12,759 INFO  - Sent broadcast CAM message to all vehicles (at simulation time 393.500,000,000 s)
2024-06-04 00:13:12,761 INFO  - Vehicle is inside the detection area. (at simulation time 393.600,000,000 s)
2024-06-04 00:13:12,761 INFO  - Vehicle is too far away from the traffic light. (at simulation time 393.600,000,000 s)
2024-06-04 00:13:12,761 INFO  - No vehicles in range. (at simulation time 393.600,000,000 s)
2024-06-04 00:13:12,761 INFO  - Neither the RSU nor any vehicle is in range. (at simulation time 393.600,000,000 s)
2024-06-04 00:13:12,761 INFO  - Sent broadcast CAM message to all vehicles (at simulation time 393.600,000,000 s)
2024-06-04 00:13:12,762 INFO  - Vehicle is inside the detection area. (at simulation time 393.700,000,000 s)
2024-06-04 00:13:12,762 INFO  - Vehicle is too far away from the traffic light. (at simulation time 393.700,000,000 s)
2024-06-04 00:13:12,762 INFO  - No vehicles in range. (at simulation time 393.700,000,000 s)
2024-06-04 00:13:12,762 INFO  - Neither the RSU nor any vehicle is in range. (at simulation time 393.700,000,000 s)
2024-06-04 00:13:12,762 INFO  - Sent broadcast CAM message to all vehicles (at simulation time 393.700,000,000 s)
2024-06-04 00:13:12,764 INFO  - Vehicle is inside the detection area. (at simulation time 393.800,000,000 s)
2024-06-04 00:13:12,764 INFO  - Vehicle is too far away from the traffic light. (at simulation time 393.800,000,000 s)
2024-06-04 00:13:12,764 INFO  - No vehicles in range. (at simulation time 393.800,000,000 s)
2024-06-04 00:13:12,764 INFO  - Neither the RSU nor any vehicle is in range. (at simulation time 393.800,000,000 s)
2024-06-04 00:13:12,765 INFO  - Sent broadcast CAM message to all vehicles (at simulation time 393.800,000,000 s)
2024-06-04 00:13:12,766 INFO  - Vehicle is inside the detection area. (at simulation time 393.900,000,000 s)
2024-06-04 00:13:12,766 INFO  - Vehicle is too far away from the traffic light. (at simulation time 393.900,000,000 s)
2024-06-04 00:13:12,766 INFO  - No vehicles in range. (at simulation time 393.900,000,000 s)
2024-06-04 00:13:12,766 INFO  - Neither the RSU nor any vehicle is in range. (at simulation time 393.900,000,000 s)
2024-06-04 00:13:12,766 INFO  - Sent broadcast CAM message to all vehicles (at simulation time 393.900,000,000 s)
2024-06-04 00:13:12,791 INFO  - Vehicle is inside the detection area. (at simulation time 394.000,000,000 s)
2024-06-04 00:13:12,791 INFO  - Vehicle is too far away from the traffic light. (at simulation time 394.000,000,000 s)
2024-06-04 00:13:12,791 INFO  - No vehicles in range. (at simulation time 394.000,000,000 s)
2024-06-04 00:13:12,791 INFO  - Neither the RSU nor any vehicle is in range. (at simulation time 394.000,000,000 s)
2024-06-04 00:13:12,791 INFO  - Sent broadcast CAM message to all vehicles (at simulation time 394.000,000,000 s)
2024-06-04 00:13:12,794 INFO  - Vehicle is inside the detection area. (at simulation time 394.100,000,000 s)
2024-06-04 00:13:12,794 INFO  - Vehicle is too far away from the traffic light. (at simulation time 394.100,000,000 s)
2024-06-04 00:13:12,794 INFO  - No vehicles in range. (at simulation time 394.100,000,000 s)
2024-06-04 00:13:12,794 INFO  - Neither the RSU nor any vehicle is in range. (at simulation time 394.100,000,000 s)
2024-06-04 00:13:12,794 INFO  - Sent broadcast CAM message to all vehicles (at simulation time 394.100,000,000 s)
2024-06-04 00:13:12,795 INFO  - Vehicle is inside the detection area. (at simulation time 394.200,000,000 s)
2024-06-04 00:13:12,795 INFO  - Vehicle is too far away from the traffic light. (at simulation time 394.200,000,000 s)
2024-06-04 00:13:12,795 INFO  - No vehicles in range. (at simulation time 394.200,000,000 s)
2024-06-04 00:13:12,795 INFO  - Neither the RSU nor any vehicle is in range. (at simulation time 394.200,000,000 s)
2024-06-04 00:13:12,795 INFO  - Sent broadcast CAM message to all vehicles (at simulation time 394.200,000,000 s)
2024-06-04 00:13:12,798 INFO  - Vehicle is inside the detection area. (at simulation time 394.300,000,000 s)
2024-06-04 00:13:12,798 INFO  - Vehicle is too far away from the traffic light. (at simulation time 394.300,000,000 s)
2024-06-04 00:13:12,798 INFO  - No vehicles in range. (at simulation time 394.300,000,000 s)
2024-06-04 00:13:12,798 INFO  - Neither the RSU nor any vehicle is in range. (at simulation time 394.300,000,000 s)
2024-06-04 00:13:12,798 INFO  - Sent broadcast CAM message to all vehicles (at simulation time 394.300,000,000 s)
2024-06-04 00:13:12,799 INFO  - Vehicle is inside the detection area. (at simulation time 394.400,000,000 s)
2024-06-04 00:13:12,799 INFO  - Vehicle is too far away from the traffic light. (at simulation time 394.400,000,000 s)
2024-06-04 00:13:12,799 INFO  - No vehicles in range. (at simulation time 394.400,000,000 s)
2024-06-04 00:13:12,799 INFO  - Neither the RSU nor any vehicle is in range. (at simulation time 394.400,000,000 s)
2024-06-04 00:13:12,799 INFO  - Sent broadcast CAM message to all vehicles (at simulation time 394.400,000,000 s)
2024-06-04 00:13:12,801 INFO  - Vehicle is inside the detection area. (at simulation time 394.500,000,000 s)
2024-06-04 00:13:12,801 INFO  - Vehicle is too far away from the traffic light. (at simulation time 394.500,000,000 s)
2024-06-04 00:13:12,801 INFO  - No vehicles in range. (at simulation time 394.500,000,000 s)
2024-06-04 00:13:12,801 INFO  - Neither the RSU nor any vehicle is in range. (at simulation time 394.500,000,000 s)
2024-06-04 00:13:12,801 INFO  - Sent broadcast CAM message to all vehicles (at simulation time 394.500,000,000 s)
2024-06-04 00:13:12,802 INFO  - Vehicle is inside the detection area. (at simulation time 394.600,000,000 s)
2024-06-04 00:13:12,802 INFO  - Vehicle is too far away from the traffic light. (at simulation time 394.600,000,000 s)
2024-06-04 00:13:12,802 INFO  - No vehicles in range. (at simulation time 394.600,000,000 s)
2024-06-04 00:13:12,802 INFO  - Neither the RSU nor any vehicle is in range. (at simulation time 394.600,000,000 s)
2024-06-04 00:13:12,802 INFO  - Sent broadcast CAM message to all vehicles (at simulation time 394.600,000,000 s)
2024-06-04 00:13:12,804 INFO  - Vehicle is inside the detection area. (at simulation time 394.700,000,000 s)
2024-06-04 00:13:12,804 INFO  - Vehicle is too far away from the traffic light. (at simulation time 394.700,000,000 s)
2024-06-04 00:13:12,804 INFO  - No vehicles in range. (at simulation time 394.700,000,000 s)
2024-06-04 00:13:12,804 INFO  - Neither the RSU nor any vehicle is in range. (at simulation time 394.700,000,000 s)
2024-06-04 00:13:12,804 INFO  - Sent broadcast CAM message to all vehicles (at simulation time 394.700,000,000 s)
2024-06-04 00:13:12,805 INFO  - Vehicle is inside the detection area. (at simulation time 394.800,000,000 s)
2024-06-04 00:13:12,805 INFO  - Vehicle is too far away from the traffic light. (at simulation time 394.800,000,000 s)
2024-06-04 00:13:12,805 INFO  - No vehicles in range. (at simulation time 394.800,000,000 s)
2024-06-04 00:13:12,805 INFO  - Neither the RSU nor any vehicle is in range. (at simulation time 394.800,000,000 s)
2024-06-04 00:13:12,805 INFO  - Sent broadcast CAM message to all vehicles (at simulation time 394.800,000,000 s)
2024-06-04 00:13:12,806 INFO  - Vehicle is inside the detection area. (at simulation time 394.900,000,000 s)
2024-06-04 00:13:12,806 INFO  - Vehicle is too far away from the traffic light. (at simulation time 394.900,000,000 s)
2024-06-04 00:13:12,806 INFO  - No vehicles in range. (at simulation time 394.900,000,000 s)
2024-06-04 00:13:12,806 INFO  - Neither the RSU nor any vehicle is in range. (at simulation time 394.900,000,000 s)
2024-06-04 00:13:12,806 INFO  - Sent broadcast CAM message to all vehicles (at simulation time 394.900,000,000 s)
2024-06-04 00:13:12,812 INFO  - Atempting to process queue (at simulation time 395.000,000,000 s)
2024-06-04 00:13:12,812 INFO  - Vehicle is inside the detection area. (at simulation time 395.000,000,000 s)
2024-06-04 00:13:12,812 INFO  - Sent Detection message to rsu_0 (at simulation time 395.000,000,000 s)
2024-06-04 00:13:12,812 INFO  - Sent broadcast CAM message to all vehicles (at simulation time 395.000,000,000 s)
2024-06-04 00:13:12,814 INFO  - Received CAM message from veh_138 (at simulation time 395.000,400,000 s)
2024-06-04 00:13:12,814 INFO  - Received CAM message from veh_153 (at simulation time 395.001,400,000 s)
2024-06-04 00:13:12,814 INFO  - Received CAM message from veh_102 (at simulation time 395.001,400,000 s)
2024-06-04 00:13:12,815 INFO  - Received CAM message from veh_108 (at simulation time 395.002,400,000 s)
2024-06-04 00:13:12,815 INFO  - Atempting to process queue (at simulation time 395.100,000,000 s)
2024-06-04 00:13:12,815 INFO  - Vehicle is inside the detection area. (at simulation time 395.100,000,000 s)
2024-06-04 00:13:12,815 INFO  - Sent Detection message to rsu_0 (at simulation time 395.100,000,000 s)
2024-06-04 00:13:12,815 INFO  - Sent broadcast CAM message to all vehicles (at simulation time 395.100,000,000 s)
2024-06-04 00:13:12,816 INFO  - Received CAM message from veh_138 (at simulation time 395.100,900,000 s)
2024-06-04 00:13:12,816 INFO  - Received CAM message from veh_108 (at simulation time 395.100,900,000 s)
2024-06-04 00:13:12,816 INFO  - Received CAM message from veh_102 (at simulation time 395.100,900,000 s)
2024-06-04 00:13:12,816 INFO  - Received CAM message from veh_153 (at simulation time 395.102,400,000 s)
2024-06-04 00:13:12,816 INFO  - Atempting to process queue (at simulation time 395.200,000,000 s)
2024-06-04 00:13:12,816 INFO  - Vehicle is inside the detection area. (at simulation time 395.200,000,000 s)
2024-06-04 00:13:12,816 INFO  - Sent Detection message to rsu_0 (at simulation time 395.200,000,000 s)
2024-06-04 00:13:12,816 INFO  - Sent broadcast CAM message to all vehicles (at simulation time 395.200,000,000 s)
2024-06-04 00:13:12,818 INFO  - Received CAM message from veh_108 (at simulation time 395.200,900,000 s)
2024-06-04 00:13:12,818 INFO  - Received CAM message from veh_102 (at simulation time 395.200,900,000 s)
2024-06-04 00:13:12,818 INFO  - Received CAM message from veh_153 (at simulation time 395.202,400,000 s)
2024-06-04 00:13:12,818 INFO  - Received CAM message from veh_138 (at simulation time 395.202,400,000 s)
2024-06-04 00:13:12,818 INFO  - Atempting to process queue (at simulation time 395.300,000,000 s)
2024-06-04 00:13:12,818 INFO  - Vehicle is inside the detection area. (at simulation time 395.300,000,000 s)
2024-06-04 00:13:12,818 INFO  - Sent Detection message to rsu_0 (at simulation time 395.300,000,000 s)
2024-06-04 00:13:12,818 INFO  - Sent broadcast CAM message to all vehicles (at simulation time 395.300,000,000 s)
2024-06-04 00:13:12,819 INFO  - Received CAM message from veh_138 (at simulation time 395.300,400,000 s)
2024-06-04 00:13:12,819 INFO  - Received CAM message from veh_153 (at simulation time 395.300,900,000 s)
2024-06-04 00:13:12,820 INFO  - Received CAM message from veh_102 (at simulation time 395.301,900,000 s)
2024-06-04 00:13:12,820 INFO  - Received CAM message from veh_108 (at simulation time 395.302,400,000 s)
2024-06-04 00:13:12,820 INFO  - Atempting to process queue (at simulation time 395.400,000,000 s)
2024-06-04 00:13:12,820 INFO  - Vehicle is inside the detection area. (at simulation time 395.400,000,000 s)
2024-06-04 00:13:12,820 INFO  - Sent Detection message to rsu_0 (at simulation time 395.400,000,000 s)
2024-06-04 00:13:12,820 INFO  - Sent broadcast CAM message to all vehicles (at simulation time 395.400,000,000 s)
2024-06-04 00:13:12,820 INFO  - Received CAM message from veh_108 (at simulation time 395.400,400,000 s)
2024-06-04 00:13:12,820 INFO  - Received CAM message from veh_102 (at simulation time 395.400,400,000 s)
2024-06-04 00:13:12,821 INFO  - Received CAM message from veh_138 (at simulation time 395.400,900,000 s)
2024-06-04 00:13:12,821 INFO  - Received CAM message from veh_153 (at simulation time 395.401,900,000 s)
2024-06-04 00:13:12,821 INFO  - Atempting to process queue (at simulation time 395.500,000,000 s)
2024-06-04 00:13:12,821 INFO  - Vehicle is inside the detection area. (at simulation time 395.500,000,000 s)
2024-06-04 00:13:12,821 INFO  - Sent Detection message to rsu_0 (at simulation time 395.500,000,000 s)
2024-06-04 00:13:12,821 INFO  - Sent broadcast CAM message to all vehicles (at simulation time 395.500,000,000 s)
2024-06-04 00:13:12,822 INFO  - Received CAM message from veh_138 (at simulation time 395.501,400,000 s)
2024-06-04 00:13:12,822 INFO  - Received CAM message from veh_108 (at simulation time 395.501,400,000 s)
2024-06-04 00:13:12,822 INFO  - Received CAM message from veh_153 (at simulation time 395.502,400,000 s)
2024-06-04 00:13:12,822 INFO  - Received CAM message from veh_102 (at simulation time 395.502,400,000 s)
2024-06-04 00:13:12,822 INFO  - Atempting to process queue (at simulation time 395.600,000,000 s)
2024-06-04 00:13:12,822 INFO  - Vehicle is inside the detection area. (at simulation time 395.600,000,000 s)
2024-06-04 00:13:12,822 INFO  - Sent Detection message to rsu_0 (at simulation time 395.600,000,000 s)
2024-06-04 00:13:12,822 INFO  - Sent broadcast CAM message to all vehicles (at simulation time 395.600,000,000 s)
2024-06-04 00:13:12,823 INFO  - Received CAM message from veh_102 (at simulation time 395.600,900,000 s)
2024-06-04 00:13:12,824 INFO  - Received CAM message from veh_153 (at simulation time 395.601,900,000 s)
2024-06-04 00:13:12,824 INFO  - Received CAM message from veh_108 (at simulation time 395.601,900,000 s)
2024-06-04 00:13:12,824 INFO  - Received CAM message from veh_138 (at simulation time 395.602,400,000 s)
2024-06-04 00:13:12,824 INFO  - Atempting to process queue (at simulation time 395.700,000,000 s)
2024-06-04 00:13:12,824 INFO  - Vehicle is inside the detection area. (at simulation time 395.700,000,000 s)
2024-06-04 00:13:12,824 INFO  - Sent Detection message to rsu_0 (at simulation time 395.700,000,000 s)
2024-06-04 00:13:12,824 INFO  - Sent broadcast CAM message to all vehicles (at simulation time 395.700,000,000 s)
2024-06-04 00:13:12,825 INFO  - Received CAM message from veh_153 (at simulation time 395.700,400,000 s)
2024-06-04 00:13:12,825 INFO  - Received CAM message from veh_108 (at simulation time 395.700,900,000 s)
2024-06-04 00:13:12,825 INFO  - Received CAM message from veh_138 (at simulation time 395.701,400,000 s)
2024-06-04 00:13:12,825 INFO  - Received CAM message from veh_102 (at simulation time 395.702,400,000 s)
2024-06-04 00:13:12,825 INFO  - Atempting to process queue (at simulation time 395.800,000,000 s)
2024-06-04 00:13:12,825 INFO  - Vehicle is inside the detection area. (at simulation time 395.800,000,000 s)
2024-06-04 00:13:12,825 INFO  - Sent Detection message to rsu_0 (at simulation time 395.800,000,000 s)
2024-06-04 00:13:12,825 INFO  - Sent broadcast CAM message to all vehicles (at simulation time 395.800,000,000 s)
2024-06-04 00:13:12,826 INFO  - Received CAM message from veh_138 (at simulation time 395.800,400,000 s)
2024-06-04 00:13:12,827 INFO  - Received CAM message from veh_102 (at simulation time 395.801,900,000 s)
2024-06-04 00:13:12,827 INFO  - Received CAM message from veh_153 (at simulation time 395.802,400,000 s)
2024-06-04 00:13:12,827 INFO  - Received CAM message from veh_108 (at simulation time 395.802,400,000 s)
2024-06-04 00:13:12,827 INFO  - Atempting to process queue (at simulation time 395.900,000,000 s)
2024-06-04 00:13:12,827 INFO  - Vehicle is inside the detection area. (at simulation time 395.900,000,000 s)
2024-06-04 00:13:12,827 INFO  - Sent Detection message to rsu_0 (at simulation time 395.900,000,000 s)
2024-06-04 00:13:12,827 INFO  - Sent broadcast CAM message to all vehicles (at simulation time 395.900,000,000 s)
2024-06-04 00:13:12,828 INFO  - Received CAM message from veh_102 (at simulation time 395.900,400,000 s)
2024-06-04 00:13:12,828 INFO  - Received CAM message from veh_153 (at simulation time 395.900,900,000 s)
2024-06-04 00:13:12,828 INFO  - Received CAM message from veh_138 (at simulation time 395.901,400,000 s)
2024-06-04 00:13:12,829 INFO  - Received CAM message from veh_108 (at simulation time 395.901,900,000 s)
2024-06-04 00:13:12,833 INFO  - Atempting to process queue (at simulation time 396.000,000,000 s)
2024-06-04 00:13:12,833 INFO  - Vehicle is inside the detection area. (at simulation time 396.000,000,000 s)
2024-06-04 00:13:12,833 INFO  - Sent Detection message to rsu_0 (at simulation time 396.000,000,000 s)
2024-06-04 00:13:12,833 INFO  - Sent broadcast CAM message to all vehicles (at simulation time 396.000,000,000 s)
2024-06-04 00:13:12,836 INFO  - Received CAM message from veh_153 (at simulation time 396.000,900,000 s)
2024-06-04 00:13:12,836 INFO  - Received CAM message from veh_138 (at simulation time 396.000,900,000 s)
2024-06-04 00:13:12,836 INFO  - Received CAM message from veh_108 (at simulation time 396.001,400,000 s)
2024-06-04 00:13:12,836 INFO  - Received CAM message from veh_150 (at simulation time 396.001,900,000 s)
2024-06-04 00:13:12,836 INFO  - Received CAM message from veh_102 (at simulation time 396.001,900,000 s)
2024-06-04 00:13:12,836 INFO  - Atempting to process queue (at simulation time 396.100,000,000 s)
2024-06-04 00:13:12,836 INFO  - Vehicle is inside the detection area. (at simulation time 396.100,000,000 s)
2024-06-04 00:13:12,836 INFO  - Sent Detection message to rsu_0 (at simulation time 396.100,000,000 s)
2024-06-04 00:13:12,836 INFO  - Sent broadcast CAM message to all vehicles (at simulation time 396.100,000,000 s)
2024-06-04 00:13:12,837 INFO  - Received CAM message from veh_138 (at simulation time 396.100,400,000 s)
2024-06-04 00:13:12,837 INFO  - Received CAM message from veh_102 (at simulation time 396.100,900,000 s)
2024-06-04 00:13:12,837 INFO  - Received CAM message from veh_150 (at simulation time 396.101,900,000 s)
2024-06-04 00:13:12,837 INFO  - Received CAM message from veh_108 (at simulation time 396.101,900,000 s)
2024-06-04 00:13:12,838 INFO  - Received CAM message from veh_153 (at simulation time 396.102,400,000 s)
2024-06-04 00:13:12,838 INFO  - Atempting to process queue (at simulation time 396.200,000,000 s)
2024-06-04 00:13:12,838 INFO  - Vehicle is inside the detection area. (at simulation time 396.200,000,000 s)
2024-06-04 00:13:12,838 INFO  - Sent Detection message to rsu_0 (at simulation time 396.200,000,000 s)
2024-06-04 00:13:12,838 INFO  - Sent broadcast CAM message to all vehicles (at simulation time 396.200,000,000 s)
2024-06-04 00:13:12,838 INFO  - Received CAM message from veh_108 (at simulation time 396.200,400,000 s)
2024-06-04 00:13:12,839 INFO  - Received CAM message from veh_153 (at simulation time 396.201,900,000 s)
2024-06-04 00:13:12,839 INFO  - Received CAM message from veh_138 (at simulation time 396.201,900,000 s)
2024-06-04 00:13:12,839 INFO  - Received CAM message from veh_150 (at simulation time 396.202,400,000 s)
2024-06-04 00:13:12,839 INFO  - Received CAM message from veh_102 (at simulation time 396.202,400,000 s)
2024-06-04 00:13:12,839 INFO  - Atempting to process queue (at simulation time 396.300,000,000 s)
2024-06-04 00:13:12,839 INFO  - Vehicle is inside the detection area. (at simulation time 396.300,000,000 s)
2024-06-04 00:13:12,839 INFO  - Sent Detection message to rsu_0 (at simulation time 396.300,000,000 s)
2024-06-04 00:13:12,839 INFO  - Sent broadcast CAM message to all vehicles (at simulation time 396.300,000,000 s)
2024-06-04 00:13:12,840 INFO  - Received CAM message from veh_138 (at simulation time 396.301,400,000 s)
2024-06-04 00:13:12,840 INFO  - Received CAM message from veh_102 (at simulation time 396.301,400,000 s)
2024-06-04 00:13:12,840 INFO  - Received CAM message from veh_150 (at simulation time 396.301,900,000 s)
2024-06-04 00:13:12,840 INFO  - Received CAM message from veh_108 (at simulation time 396.301,900,000 s)
2024-06-04 00:13:12,841 INFO  - Received CAM message from veh_153 (at simulation time 396.302,400,000 s)
2024-06-04 00:13:12,841 INFO  - Atempting to process queue (at simulation time 396.400,000,000 s)
2024-06-04 00:13:12,841 INFO  - Vehicle is inside the detection area. (at simulation time 396.400,000,000 s)
2024-06-04 00:13:12,841 INFO  - Sent Detection message to rsu_0 (at simulation time 396.400,000,000 s)
2024-06-04 00:13:12,841 INFO  - Sent broadcast CAM message to all vehicles (at simulation time 396.400,000,000 s)
2024-06-04 00:13:12,842 INFO  - Received CAM message from veh_150 (at simulation time 396.400,400,000 s)
2024-06-04 00:13:12,842 INFO  - Received CAM message from veh_102 (at simulation time 396.400,900,000 s)
2024-06-04 00:13:12,842 INFO  - Received CAM message from veh_153 (at simulation time 396.401,400,000 s)
2024-06-04 00:13:12,842 INFO  - Received CAM message from veh_138 (at simulation time 396.401,400,000 s)
2024-06-04 00:13:12,842 INFO  - Received CAM message from veh_108 (at simulation time 396.401,400,000 s)
2024-06-04 00:13:12,843 INFO  - Atempting to process queue (at simulation time 396.500,000,000 s)
2024-06-04 00:13:12,843 INFO  - Vehicle is inside the detection area. (at simulation time 396.500,000,000 s)
2024-06-04 00:13:12,843 INFO  - Sent Detection message to rsu_0 (at simulation time 396.500,000,000 s)
2024-06-04 00:13:12,843 INFO  - Sent broadcast CAM message to all vehicles (at simulation time 396.500,000,000 s)
2024-06-04 00:13:12,843 INFO  - Received CAM message from veh_138 (at simulation time 396.500,400,000 s)
2024-06-04 00:13:12,843 INFO  - Received CAM message from veh_108 (at simulation time 396.500,900,000 s)
2024-06-04 00:13:12,844 INFO  - Received CAM message from veh_150 (at simulation time 396.501,900,000 s)
2024-06-04 00:13:12,844 INFO  - Received CAM message from veh_153 (at simulation time 396.502,400,000 s)
2024-06-04 00:13:12,844 INFO  - Received CAM message from veh_102 (at simulation time 396.502,400,000 s)
2024-06-04 00:13:12,844 INFO  - Atempting to process queue (at simulation time 396.600,000,000 s)
2024-06-04 00:13:12,844 INFO  - Vehicle is inside the detection area. (at simulation time 396.600,000,000 s)
2024-06-04 00:13:12,844 INFO  - Sent Detection message to rsu_0 (at simulation time 396.600,000,000 s)
2024-06-04 00:13:12,844 INFO  - Sent broadcast CAM message to all vehicles (at simulation time 396.600,000,000 s)
2024-06-04 00:13:12,845 INFO  - Received CAM message from veh_108 (at simulation time 396.600,400,000 s)
2024-06-04 00:13:12,845 INFO  - Received CAM message from veh_153 (at simulation time 396.601,400,000 s)
2024-06-04 00:13:12,845 INFO  - Received CAM message from veh_150 (at simulation time 396.601,400,000 s)
2024-06-04 00:13:12,846 INFO  - Received CAM message from veh_138 (at simulation time 396.601,900,000 s)
2024-06-04 00:13:12,846 INFO  - Received CAM message from veh_102 (at simulation time 396.601,900,000 s)
2024-06-04 00:13:12,846 INFO  - Atempting to process queue (at simulation time 396.700,000,000 s)
2024-06-04 00:13:12,846 INFO  - Vehicle is inside the detection area. (at simulation time 396.700,000,000 s)
2024-06-04 00:13:12,846 INFO  - Sent Detection message to rsu_0 (at simulation time 396.700,000,000 s)
2024-06-04 00:13:12,846 INFO  - Sent broadcast CAM message to all vehicles (at simulation time 396.700,000,000 s)
2024-06-04 00:13:12,846 INFO  - Received CAM message from veh_108 (at simulation time 396.700,400,000 s)
2024-06-04 00:13:12,847 INFO  - Received CAM message from veh_153 (at simulation time 396.700,900,000 s)
2024-06-04 00:13:12,847 INFO  - Received CAM message from veh_138 (at simulation time 396.701,400,000 s)
2024-06-04 00:13:12,847 INFO  - Received CAM message from veh_150 (at simulation time 396.702,400,000 s)
2024-06-04 00:13:12,847 INFO  - Received CAM message from veh_102 (at simulation time 396.702,400,000 s)
2024-06-04 00:13:12,848 INFO  - Atempting to process queue (at simulation time 396.800,000,000 s)
2024-06-04 00:13:12,848 INFO  - Vehicle is inside the detection area. (at simulation time 396.800,000,000 s)
2024-06-04 00:13:12,848 INFO  - Sent Detection message to rsu_0 (at simulation time 396.800,000,000 s)
2024-06-04 00:13:12,848 INFO  - Sent broadcast CAM message to all vehicles (at simulation time 396.800,000,000 s)
2024-06-04 00:13:12,848 INFO  - Received CAM message from veh_102 (at simulation time 396.800,400,000 s)
2024-06-04 00:13:12,848 INFO  - Received CAM message from veh_150 (at simulation time 396.800,900,000 s)
2024-06-04 00:13:12,849 INFO  - Received CAM message from veh_153 (at simulation time 396.801,400,000 s)
2024-06-04 00:13:12,849 INFO  - Received CAM message from veh_108 (at simulation time 396.801,900,000 s)
2024-06-04 00:13:12,849 INFO  - Received CAM message from veh_138 (at simulation time 396.802,400,000 s)
2024-06-04 00:13:12,849 INFO  - Atempting to process queue (at simulation time 396.900,000,000 s)
2024-06-04 00:13:12,849 INFO  - Vehicle is inside the detection area. (at simulation time 396.900,000,000 s)
2024-06-04 00:13:12,849 INFO  - Sent Detection message to rsu_0 (at simulation time 396.900,000,000 s)
2024-06-04 00:13:12,849 INFO  - Sent broadcast CAM message to all vehicles (at simulation time 396.900,000,000 s)
2024-06-04 00:13:12,850 INFO  - Received CAM message from veh_108 (at simulation time 396.900,400,000 s)
2024-06-04 00:13:12,850 INFO  - Received CAM message from veh_150 (at simulation time 396.900,900,000 s)
2024-06-04 00:13:12,850 INFO  - Received CAM message from veh_138 (at simulation time 396.901,400,000 s)
2024-06-04 00:13:12,851 INFO  - Received CAM message from veh_153 (at simulation time 396.902,400,000 s)
2024-06-04 00:13:12,851 INFO  - Received CAM message from veh_102 (at simulation time 396.902,400,000 s)
2024-06-04 00:13:12,855 INFO  - Atempting to process queue (at simulation time 397.000,000,000 s)
2024-06-04 00:13:12,855 INFO  - Vehicle is outside the detection area. (at simulation time 397.000,000,000 s)
2024-06-04 00:13:12,855 INFO  - Sent broadcast CAM message to all vehicles (at simulation time 397.000,000,000 s)
2024-06-04 00:13:12,857 INFO  - Received CAM message from veh_153 (at simulation time 397.000,400,000 s)
2024-06-04 00:13:12,857 INFO  - Received CAM message from veh_108 (at simulation time 397.000,400,000 s)
2024-06-04 00:13:12,857 INFO  - Received CAM message from veh_102 (at simulation time 397.000,900,000 s)
2024-06-04 00:13:12,858 INFO  - Received CAM message from veh_138 (at simulation time 397.001,900,000 s)
2024-06-04 00:13:12,858 INFO  - Received CAM message from veh_150 (at simulation time 397.002,400,000 s)
2024-06-04 00:13:12,858 INFO  - Atempting to process queue (at simulation time 397.100,000,000 s)
2024-06-04 00:13:12,858 INFO  - Vehicle is outside the detection area. (at simulation time 397.100,000,000 s)
2024-06-04 00:13:12,858 INFO  - Sent broadcast CAM message to all vehicles (at simulation time 397.100,000,000 s)
2024-06-04 00:13:12,859 INFO  - Received CAM message from veh_138 (at simulation time 397.100,400,000 s)
2024-06-04 00:13:12,859 INFO  - Received CAM message from veh_102 (at simulation time 397.100,400,000 s)
2024-06-04 00:13:12,859 INFO  - Received CAM message from veh_150 (at simulation time 397.101,900,000 s)
2024-06-04 00:13:12,859 INFO  - Received CAM message from veh_108 (at simulation time 397.101,900,000 s)
2024-06-04 00:13:12,860 INFO  - Received CAM message from veh_153 (at simulation time 397.102,400,000 s)
2024-06-04 00:13:12,860 INFO  - Atempting to process queue (at simulation time 397.200,000,000 s)
2024-06-04 00:13:12,860 INFO  - Vehicle is outside the detection area. (at simulation time 397.200,000,000 s)
2024-06-04 00:13:12,860 INFO  - Sent broadcast CAM message to all vehicles (at simulation time 397.200,000,000 s)
2024-06-04 00:13:12,861 INFO  - Received CAM message from veh_108 (at simulation time 397.200,400,000 s)
2024-06-04 00:13:12,861 INFO  - Received CAM message from veh_102 (at simulation time 397.200,900,000 s)
2024-06-04 00:13:12,861 INFO  - Received CAM message from veh_153 (at simulation time 397.201,400,000 s)
2024-06-04 00:13:12,861 INFO  - Received CAM message from veh_150 (at simulation time 397.201,400,000 s)
2024-06-04 00:13:12,861 INFO  - Received CAM message from veh_138 (at simulation time 397.201,900,000 s)
2024-06-04 00:13:12,862 INFO  - Atempting to process queue (at simulation time 397.300,000,000 s)
2024-06-04 00:13:12,862 INFO  - Vehicle is outside the detection area. (at simulation time 397.300,000,000 s)
2024-06-04 00:13:12,862 INFO  - Sent broadcast CAM message to all vehicles (at simulation time 397.300,000,000 s)
2024-06-04 00:13:12,863 INFO  - Received CAM message from veh_153 (at simulation time 397.300,900,000 s)
2024-06-04 00:13:12,863 INFO  - Received CAM message from veh_108 (at simulation time 397.301,400,000 s)
2024-06-04 00:13:12,863 INFO  - Received CAM message from veh_102 (at simulation time 397.301,400,000 s)
2024-06-04 00:13:12,863 INFO  - Received CAM message from veh_150 (at simulation time 397.301,900,000 s)
2024-06-04 00:13:12,864 INFO  - Received CAM message from veh_138 (at simulation time 397.302,400,000 s)
2024-06-04 00:13:12,864 INFO  - Atempting to process queue (at simulation time 397.400,000,000 s)
2024-06-04 00:13:12,864 INFO  - Vehicle is outside the detection area. (at simulation time 397.400,000,000 s)
2024-06-04 00:13:12,864 INFO  - Sent broadcast CAM message to all vehicles (at simulation time 397.400,000,000 s)
2024-06-04 00:13:12,865 INFO  - Received CAM message from veh_153 (at simulation time 397.400,900,000 s)
2024-06-04 00:13:12,865 INFO  - Received CAM message from veh_138 (at simulation time 397.400,900,000 s)
2024-06-04 00:13:12,865 INFO  - Received CAM message from veh_108 (at simulation time 397.401,400,000 s)
2024-06-04 00:13:12,865 INFO  - Received CAM message from veh_150 (at simulation time 397.401,900,000 s)
2024-06-04 00:13:12,866 INFO  - Received CAM message from veh_102 (at simulation time 397.402,400,000 s)
2024-06-04 00:13:12,866 INFO  - Atempting to process queue (at simulation time 397.500,000,000 s)
2024-06-04 00:13:12,866 INFO  - Vehicle is outside the detection area. (at simulation time 397.500,000,000 s)
2024-06-04 00:13:12,866 INFO  - Sent broadcast CAM message to all vehicles (at simulation time 397.500,000,000 s)
2024-06-04 00:13:12,866 INFO  - Received CAM message from veh_138 (at simulation time 397.500,400,000 s)
2024-06-04 00:13:12,866 INFO  - Received CAM message from veh_102 (at simulation time 397.500,400,000 s)
2024-06-04 00:13:12,867 INFO  - Received CAM message from veh_150 (at simulation time 397.500,900,000 s)
2024-06-04 00:13:12,867 INFO  - Received CAM message from veh_153 (at simulation time 397.502,400,000 s)
2024-06-04 00:13:12,867 INFO  - Received CAM message from veh_108 (at simulation time 397.502,400,000 s)
2024-06-04 00:13:12,867 INFO  - Atempting to process queue (at simulation time 397.600,000,000 s)
2024-06-04 00:13:12,867 INFO  - Vehicle is outside the detection area. (at simulation time 397.600,000,000 s)
2024-06-04 00:13:12,867 INFO  - Sent broadcast CAM message to all vehicles (at simulation time 397.600,000,000 s)
2024-06-04 00:13:12,868 INFO  - Received CAM message from veh_138 (at simulation time 397.600,900,000 s)
2024-06-04 00:13:12,869 INFO  - Received CAM message from veh_102 (at simulation time 397.600,900,000 s)
2024-06-04 00:13:12,869 INFO  - Received CAM message from veh_153 (at simulation time 397.601,400,000 s)
2024-06-04 00:13:12,869 INFO  - Received CAM message from veh_108 (at simulation time 397.601,400,000 s)
2024-06-04 00:13:12,869 INFO  - Received CAM message from veh_150 (at simulation time 397.601,900,000 s)
2024-06-04 00:13:12,869 INFO  - Atempting to process queue (at simulation time 397.700,000,000 s)
2024-06-04 00:13:12,869 INFO  - Vehicle is outside the detection area. (at simulation time 397.700,000,000 s)
2024-06-04 00:13:12,869 INFO  - Sent broadcast CAM message to all vehicles (at simulation time 397.700,000,000 s)
2024-06-04 00:13:12,870 INFO  - Received CAM message from veh_102 (at simulation time 397.700,400,000 s)
2024-06-04 00:13:12,870 INFO  - Received CAM message from veh_153 (at simulation time 397.700,900,000 s)
2024-06-04 00:13:12,871 INFO  - Received CAM message from veh_150 (at simulation time 397.701,400,000 s)
2024-06-04 00:13:12,871 INFO  - Received CAM message from veh_108 (at simulation time 397.701,400,000 s)
2024-06-04 00:13:12,871 INFO  - Received CAM message from veh_138 (at simulation time 397.701,900,000 s)
2024-06-04 00:13:12,871 INFO  - Atempting to process queue (at simulation time 397.800,000,000 s)
2024-06-04 00:13:12,871 INFO  - Vehicle is outside the detection area. (at simulation time 397.800,000,000 s)
2024-06-04 00:13:12,871 INFO  - Sent broadcast CAM message to all vehicles (at simulation time 397.800,000,000 s)
2024-06-04 00:13:12,872 INFO  - Received CAM message from veh_150 (at simulation time 397.800,400,000 s)
2024-06-04 00:13:12,872 INFO  - Received CAM message from veh_108 (at simulation time 397.800,400,000 s)
2024-06-04 00:13:12,872 INFO  - Received CAM message from veh_153 (at simulation time 397.802,400,000 s)
2024-06-04 00:13:12,872 INFO  - Received CAM message from veh_138 (at simulation time 397.802,400,000 s)
2024-06-04 00:13:12,872 INFO  - Received CAM message from veh_102 (at simulation time 397.802,400,000 s)
2024-06-04 00:13:12,872 INFO  - Atempting to process queue (at simulation time 397.900,000,000 s)
2024-06-04 00:13:12,872 INFO  - Vehicle is outside the detection area. (at simulation time 397.900,000,000 s)
2024-06-04 00:13:12,872 INFO  - Sent broadcast CAM message to all vehicles (at simulation time 397.900,000,000 s)
2024-06-04 00:13:12,873 INFO  - Received CAM message from veh_108 (at simulation time 397.900,400,000 s)
2024-06-04 00:13:12,873 INFO  - Received CAM message from veh_153 (at simulation time 397.900,900,000 s)
2024-06-04 00:13:12,874 INFO  - Received CAM message from veh_138 (at simulation time 397.900,900,000 s)
2024-06-04 00:13:12,874 INFO  - Received CAM message from veh_150 (at simulation time 397.901,400,000 s)
2024-06-04 00:13:12,874 INFO  - Received CAM message from veh_102 (at simulation time 397.902,400,000 s)
2024-06-04 00:13:12,877 INFO  - Atempting to process queue (at simulation time 398.000,000,000 s)
2024-06-04 00:13:12,877 INFO  - Vehicle is outside the detection area. (at simulation time 398.000,000,000 s)
2024-06-04 00:13:12,877 INFO  - Sent broadcast CAM message to all vehicles (at simulation time 398.000,000,000 s)
2024-06-04 00:13:12,879 INFO  - Received CAM message from veh_102 (at simulation time 398.000,400,000 s)
2024-06-04 00:13:12,880 INFO  - Received CAM message from veh_153 (at simulation time 398.001,400,000 s)
2024-06-04 00:13:12,880 INFO  - Received CAM message from veh_108 (at simulation time 398.001,400,000 s)
2024-06-04 00:13:12,880 INFO  - Received CAM message from veh_150 (at simulation time 398.001,900,000 s)
2024-06-04 00:13:12,880 INFO  - Received CAM message from veh_138 (at simulation time 398.002,400,000 s)
2024-06-04 00:13:12,880 INFO  - Atempting to process queue (at simulation time 398.100,000,000 s)
2024-06-04 00:13:12,880 INFO  - Vehicle is outside the detection area. (at simulation time 398.100,000,000 s)
2024-06-04 00:13:12,880 INFO  - Sent broadcast CAM message to all vehicles (at simulation time 398.100,000,000 s)
2024-06-04 00:13:12,881 INFO  - Received CAM message from veh_138 (at simulation time 398.100,400,000 s)
2024-06-04 00:13:12,882 INFO  - Received CAM message from veh_102 (at simulation time 398.100,900,000 s)
2024-06-04 00:13:12,882 INFO  - Received CAM message from veh_153 (at simulation time 398.102,400,000 s)
2024-06-04 00:13:12,882 INFO  - Received CAM message from veh_150 (at simulation time 398.102,400,000 s)
2024-06-04 00:13:12,882 INFO  - Received CAM message from veh_108 (at simulation time 398.102,400,000 s)
2024-06-04 00:13:12,883 INFO  - Atempting to process queue (at simulation time 398.200,000,000 s)
2024-06-04 00:13:12,883 INFO  - Vehicle is outside the detection area. (at simulation time 398.200,000,000 s)
2024-06-04 00:13:12,883 INFO  - Sent broadcast CAM message to all vehicles (at simulation time 398.200,000,000 s)
2024-06-04 00:13:12,883 INFO  - Received CAM message from veh_138 (at simulation time 398.200,400,000 s)
2024-06-04 00:13:12,884 INFO  - Received CAM message from veh_108 (at simulation time 398.201,400,000 s)
2024-06-04 00:13:12,884 INFO  - Received CAM message from veh_102 (at simulation time 398.201,400,000 s)
2024-06-04 00:13:12,884 INFO  - Received CAM message from veh_153 (at simulation time 398.202,400,000 s)
2024-06-04 00:13:12,884 INFO  - Received CAM message from veh_150 (at simulation time 398.202,400,000 s)
2024-06-04 00:13:12,884 INFO  - Atempting to process queue (at simulation time 398.300,000,000 s)
2024-06-04 00:13:12,884 INFO  - Vehicle is outside the detection area. (at simulation time 398.300,000,000 s)
2024-06-04 00:13:12,884 INFO  - Sent broadcast CAM message to all vehicles (at simulation time 398.300,000,000 s)
2024-06-04 00:13:12,885 INFO  - Received CAM message from veh_153 (at simulation time 398.300,900,000 s)
2024-06-04 00:13:12,885 INFO  - Received CAM message from veh_138 (at simulation time 398.300,900,000 s)
2024-06-04 00:13:12,886 INFO  - Received CAM message from veh_150 (at simulation time 398.301,900,000 s)
2024-06-04 00:13:12,886 INFO  - Received CAM message from veh_108 (at simulation time 398.301,900,000 s)
2024-06-04 00:13:12,886 INFO  - Received CAM message from veh_102 (at simulation time 398.302,400,000 s)
2024-06-04 00:13:12,886 INFO  - Atempting to process queue (at simulation time 398.400,000,000 s)
2024-06-04 00:13:12,886 INFO  - Vehicle is outside the detection area. (at simulation time 398.400,000,000 s)
2024-06-04 00:13:12,886 INFO  - Sent broadcast CAM message to all vehicles (at simulation time 398.400,000,000 s)
2024-06-04 00:13:12,887 INFO  - Received CAM message from veh_153 (at simulation time 398.400,400,000 s)
2024-06-04 00:13:12,887 INFO  - Received CAM message from veh_150 (at simulation time 398.400,400,000 s)
2024-06-04 00:13:12,887 INFO  - Received CAM message from veh_108 (at simulation time 398.401,400,000 s)
2024-06-04 00:13:12,887 INFO  - Received CAM message from veh_138 (at simulation time 398.401,900,000 s)
2024-06-04 00:13:12,887 INFO  - Received CAM message from veh_102 (at simulation time 398.401,900,000 s)
2024-06-04 00:13:12,888 INFO  - Atempting to process queue (at simulation time 398.500,000,000 s)
2024-06-04 00:13:12,888 INFO  - Vehicle is outside the detection area. (at simulation time 398.500,000,000 s)
2024-06-04 00:13:12,888 INFO  - Sent broadcast CAM message to all vehicles (at simulation time 398.500,000,000 s)
2024-06-04 00:13:12,888 INFO  - Received CAM message from veh_150 (at simulation time 398.500,400,000 s)
2024-06-04 00:13:12,888 INFO  - Received CAM message from veh_138 (at simulation time 398.500,400,000 s)
2024-06-04 00:13:12,889 INFO  - Received CAM message from veh_102 (at simulation time 398.501,400,000 s)
2024-06-04 00:13:12,889 INFO  - Received CAM message from veh_108 (at simulation time 398.501,900,000 s)
2024-06-04 00:13:12,889 INFO  - Received CAM message from veh_153 (at simulation time 398.502,400,000 s)
2024-06-04 00:13:12,889 INFO  - Atempting to process queue (at simulation time 398.600,000,000 s)
2024-06-04 00:13:12,889 INFO  - Vehicle is outside the detection area. (at simulation time 398.600,000,000 s)
2024-06-04 00:13:12,889 INFO  - Sent broadcast CAM message to all vehicles (at simulation time 398.600,000,000 s)
2024-06-04 00:13:12,890 INFO  - Received CAM message from veh_153 (at simulation time 398.600,400,000 s)
2024-06-04 00:13:12,890 INFO  - Received CAM message from veh_138 (at simulation time 398.600,900,000 s)
2024-06-04 00:13:12,890 INFO  - Received CAM message from veh_108 (at simulation time 398.601,400,000 s)
2024-06-04 00:13:12,890 INFO  - Received CAM message from veh_102 (at simulation time 398.601,400,000 s)
2024-06-04 00:13:12,890 INFO  - Received CAM message from veh_150 (at simulation time 398.601,900,000 s)
2024-06-04 00:13:12,891 INFO  - Atempting to process queue (at simulation time 398.700,000,000 s)
2024-06-04 00:13:12,891 INFO  - Vehicle is outside the detection area. (at simulation time 398.700,000,000 s)
2024-06-04 00:13:12,891 INFO  - Sent broadcast CAM message to all vehicles (at simulation time 398.700,000,000 s)
2024-06-04 00:13:12,891 INFO  - Received CAM message from veh_150 (at simulation time 398.700,400,000 s)
2024-06-04 00:13:12,892 INFO  - Received CAM message from veh_102 (at simulation time 398.700,400,000 s)
2024-06-04 00:13:12,892 INFO  - Received CAM message from veh_108 (at simulation time 398.700,900,000 s)
2024-06-04 00:13:12,892 INFO  - Received CAM message from veh_153 (at simulation time 398.701,400,000 s)
2024-06-04 00:13:12,893 INFO  - Received CAM message from veh_138 (at simulation time 398.701,900,000 s)
2024-06-04 00:13:12,893 INFO  - Atempting to process queue (at simulation time 398.800,000,000 s)
2024-06-04 00:13:12,893 INFO  - Vehicle is outside the detection area. (at simulation time 398.800,000,000 s)
2024-06-04 00:13:12,893 INFO  - Sent broadcast CAM message to all vehicles (at simulation time 398.800,000,000 s)
2024-06-04 00:13:12,894 INFO  - Received CAM message from veh_153 (at simulation time 398.800,400,000 s)
2024-06-04 00:13:12,894 INFO  - Received CAM message from veh_102 (at simulation time 398.800,900,000 s)
2024-06-04 00:13:12,894 INFO  - Received CAM message from veh_150 (at simulation time 398.801,900,000 s)
2024-06-04 00:13:12,894 INFO  - Received CAM message from veh_138 (at simulation time 398.801,900,000 s)
2024-06-04 00:13:12,894 INFO  - Received CAM message from veh_108 (at simulation time 398.801,900,000 s)
2024-06-04 00:13:12,895 INFO  - Atempting to process queue (at simulation time 398.900,000,000 s)
2024-06-04 00:13:12,895 INFO  - Vehicle is outside the detection area. (at simulation time 398.900,000,000 s)
2024-06-04 00:13:12,895 INFO  - Sent broadcast CAM message to all vehicles (at simulation time 398.900,000,000 s)
2024-06-04 00:13:12,896 INFO  - Received CAM message from veh_150 (at simulation time 398.900,400,000 s)
2024-06-04 00:13:12,897 INFO  - Received CAM message from veh_153 (at simulation time 398.902,400,000 s)
2024-06-04 00:13:12,897 INFO  - Received CAM message from veh_138 (at simulation time 398.902,400,000 s)
2024-06-04 00:13:12,897 INFO  - Received CAM message from veh_108 (at simulation time 398.902,400,000 s)
2024-06-04 00:13:12,897 INFO  - Received CAM message from veh_102 (at simulation time 398.902,400,000 s)
2024-06-04 00:13:12,900 INFO  - Atempting to process queue (at simulation time 399.000,000,000 s)
2024-06-04 00:13:12,900 INFO  - Vehicle is outside the detection area. (at simulation time 399.000,000,000 s)
2024-06-04 00:13:12,900 INFO  - Sent broadcast CAM message to all vehicles (at simulation time 399.000,000,000 s)
2024-06-04 00:13:12,901 INFO  - Received CAM message from veh_138 (at simulation time 399.000,400,000 s)
2024-06-04 00:13:12,901 INFO  - Received CAM message from veh_108 (at simulation time 399.000,400,000 s)
2024-06-04 00:13:12,901 INFO  - Received CAM message from veh_102 (at simulation time 399.000,400,000 s)
2024-06-04 00:13:12,901 INFO  - Received CAM message from veh_153 (at simulation time 399.000,900,000 s)
2024-06-04 00:13:12,902 INFO  - Atempting to process queue (at simulation time 399.100,000,000 s)
2024-06-04 00:13:12,902 INFO  - Vehicle is outside the detection area. (at simulation time 399.100,000,000 s)
2024-06-04 00:13:12,902 INFO  - Sent broadcast CAM message to all vehicles (at simulation time 399.100,000,000 s)
2024-06-04 00:13:12,903 INFO  - Received CAM message from veh_138 (at simulation time 399.100,900,000 s)
2024-06-04 00:13:12,903 INFO  - Received CAM message from veh_153 (at simulation time 399.102,400,000 s)
2024-06-04 00:13:12,903 INFO  - Received CAM message from veh_108 (at simulation time 399.102,400,000 s)
2024-06-04 00:13:12,903 INFO  - Received CAM message from veh_102 (at simulation time 399.102,400,000 s)
2024-06-04 00:13:12,903 INFO  - Atempting to process queue (at simulation time 399.200,000,000 s)
2024-06-04 00:13:12,903 INFO  - Vehicle is outside the detection area. (at simulation time 399.200,000,000 s)
2024-06-04 00:13:12,903 INFO  - Sent broadcast CAM message to all vehicles (at simulation time 399.200,000,000 s)
2024-06-04 00:13:12,904 INFO  - Received CAM message from veh_153 (at simulation time 399.200,900,000 s)
2024-06-04 00:13:12,904 INFO  - Received CAM message from veh_138 (at simulation time 399.201,400,000 s)
2024-06-04 00:13:12,904 INFO  - Received CAM message from veh_108 (at simulation time 399.201,400,000 s)
2024-06-04 00:13:12,905 INFO  - Received CAM message from veh_102 (at simulation time 399.201,900,000 s)
2024-06-04 00:13:12,905 INFO  - Atempting to process queue (at simulation time 399.300,000,000 s)
2024-06-04 00:13:12,905 INFO  - Vehicle is outside the detection area. (at simulation time 399.300,000,000 s)
2024-06-04 00:13:12,905 INFO  - Sent broadcast CAM message to all vehicles (at simulation time 399.300,000,000 s)
2024-06-04 00:13:12,905 INFO  - Received CAM message from veh_102 (at simulation time 399.300,900,000 s)
2024-06-04 00:13:12,906 INFO  - Received CAM message from veh_153 (at simulation time 399.301,400,000 s)
2024-06-04 00:13:12,906 INFO  - Received CAM message from veh_138 (at simulation time 399.301,900,000 s)
2024-06-04 00:13:12,906 INFO  - Received CAM message from veh_108 (at simulation time 399.301,900,000 s)
2024-06-04 00:13:12,906 INFO  - Atempting to process queue (at simulation time 399.400,000,000 s)
2024-06-04 00:13:12,906 INFO  - Vehicle is outside the detection area. (at simulation time 399.400,000,000 s)
2024-06-04 00:13:12,906 INFO  - Sent broadcast CAM message to all vehicles (at simulation time 399.400,000,000 s)
2024-06-04 00:13:12,907 INFO  - Received CAM message from veh_138 (at simulation time 399.400,400,000 s)
2024-06-04 00:13:12,907 INFO  - Received CAM message from veh_102 (at simulation time 399.400,900,000 s)
2024-06-04 00:13:12,907 INFO  - Received CAM message from veh_108 (at simulation time 399.401,400,000 s)
2024-06-04 00:13:12,908 INFO  - Received CAM message from veh_153 (at simulation time 399.401,900,000 s)
2024-06-04 00:13:12,908 INFO  - Atempting to process queue (at simulation time 399.500,000,000 s)
2024-06-04 00:13:12,908 INFO  - Vehicle is outside the detection area. (at simulation time 399.500,000,000 s)
2024-06-04 00:13:12,908 INFO  - Sent broadcast CAM message to all vehicles (at simulation time 399.500,000,000 s)
2024-06-04 00:13:12,909 INFO  - Received CAM message from veh_138 (at simulation time 399.500,900,000 s)
2024-06-04 00:13:12,909 INFO  - Received CAM message from veh_153 (at simulation time 399.501,400,000 s)
2024-06-04 00:13:12,909 INFO  - Received CAM message from veh_102 (at simulation time 399.501,400,000 s)
2024-06-04 00:13:12,909 INFO  - Received CAM message from veh_108 (at simulation time 399.501,900,000 s)
2024-06-04 00:13:12,910 INFO  - Atempting to process queue (at simulation time 399.600,000,000 s)
2024-06-04 00:13:12,910 INFO  - Vehicle is outside the detection area. (at simulation time 399.600,000,000 s)
2024-06-04 00:13:12,910 INFO  - Sent broadcast CAM message to all vehicles (at simulation time 399.600,000,000 s)
2024-06-04 00:13:12,910 INFO  - Received CAM message from veh_138 (at simulation time 399.600,400,000 s)
2024-06-04 00:13:12,911 INFO  - Received CAM message from veh_102 (at simulation time 399.600,400,000 s)
2024-06-04 00:13:12,911 INFO  - Received CAM message from veh_153 (at simulation time 399.600,900,000 s)
2024-06-04 00:13:12,911 INFO  - Received CAM message from veh_108 (at simulation time 399.601,400,000 s)
2024-06-04 00:13:12,911 INFO  - Atempting to process queue (at simulation time 399.700,000,000 s)
2024-06-04 00:13:12,911 INFO  - Vehicle is outside the detection area. (at simulation time 399.700,000,000 s)
2024-06-04 00:13:12,912 INFO  - Sent broadcast CAM message to all vehicles (at simulation time 399.700,000,000 s)
2024-06-04 00:13:12,912 INFO  - Received CAM message from veh_138 (at simulation time 399.700,400,000 s)
2024-06-04 00:13:12,912 INFO  - Received CAM message from veh_108 (at simulation time 399.700,900,000 s)
2024-06-04 00:13:12,913 INFO  - Received CAM message from veh_153 (at simulation time 399.701,400,000 s)
2024-06-04 00:13:12,913 INFO  - Received CAM message from veh_102 (at simulation time 399.702,400,000 s)
2024-06-04 00:13:12,913 INFO  - Atempting to process queue (at simulation time 399.800,000,000 s)
2024-06-04 00:13:12,913 INFO  - Vehicle is outside the detection area. (at simulation time 399.800,000,000 s)
2024-06-04 00:13:12,913 INFO  - Sent broadcast CAM message to all vehicles (at simulation time 399.800,000,000 s)
2024-06-04 00:13:12,914 INFO  - Received CAM message from veh_138 (at simulation time 399.800,400,000 s)
2024-06-04 00:13:12,914 INFO  - Received CAM message from veh_108 (at simulation time 399.800,900,000 s)
2024-06-04 00:13:12,915 INFO  - Received CAM message from veh_153 (at simulation time 399.802,400,000 s)
2024-06-04 00:13:12,915 INFO  - Received CAM message from veh_102 (at simulation time 399.802,400,000 s)
2024-06-04 00:13:12,915 INFO  - Atempting to process queue (at simulation time 399.900,000,000 s)
2024-06-04 00:13:12,915 INFO  - Vehicle is outside the detection area. (at simulation time 399.900,000,000 s)
2024-06-04 00:13:12,915 INFO  - Sent broadcast CAM message to all vehicles (at simulation time 399.900,000,000 s)
2024-06-04 00:13:12,916 INFO  - Received CAM message from veh_108 (at simulation time 399.900,900,000 s)
2024-06-04 00:13:12,916 INFO  - Received CAM message from veh_102 (at simulation time 399.900,900,000 s)
2024-06-04 00:13:12,916 INFO  - Received CAM message from veh_138 (at simulation time 399.901,900,000 s)
2024-06-04 00:13:12,916 INFO  - Received CAM message from veh_153 (at simulation time 399.902,400,000 s)
2024-06-04 00:13:12,920 INFO  - Atempting to process queue (at simulation time 400.000,000,000 s)
2024-06-04 00:13:12,920 INFO  - Vehicle is outside the detection area. (at simulation time 400.000,000,000 s)
2024-06-04 00:13:12,920 INFO  - Sent broadcast CAM message to all vehicles (at simulation time 400.000,000,000 s)
2024-06-04 00:13:12,921 INFO  - Received CAM message from veh_138 (at simulation time 400.000,400,000 s)
2024-06-04 00:13:12,921 INFO  - Received CAM message from veh_153 (at simulation time 400.000,900,000 s)
2024-06-04 00:13:12,921 INFO  - Received CAM message from veh_102 (at simulation time 400.001,900,000 s)
2024-06-04 00:13:12,922 INFO  - Atempting to process queue (at simulation time 400.100,000,000 s)
2024-06-04 00:13:12,922 INFO  - Vehicle is outside the detection area. (at simulation time 400.100,000,000 s)
2024-06-04 00:13:12,922 INFO  - Sent broadcast CAM message to all vehicles (at simulation time 400.100,000,000 s)
2024-06-04 00:13:12,922 INFO  - Received CAM message from veh_153 (at simulation time 400.100,400,000 s)
2024-06-04 00:13:12,922 INFO  - Received CAM message from veh_138 (at simulation time 400.100,400,000 s)
2024-06-04 00:13:12,923 INFO  - Received CAM message from veh_102 (at simulation time 400.101,400,000 s)
2024-06-04 00:13:12,923 INFO  - Atempting to process queue (at simulation time 400.200,000,000 s)
2024-06-04 00:13:12,923 INFO  - Vehicle is outside the detection area. (at simulation time 400.200,000,000 s)
2024-06-04 00:13:12,923 INFO  - Sent broadcast CAM message to all vehicles (at simulation time 400.200,000,000 s)
2024-06-04 00:13:12,925 INFO  - Received CAM message from veh_153 (at simulation time 400.200,400,000 s)
2024-06-04 00:13:12,926 INFO  - Received CAM message from veh_138 (at simulation time 400.202,400,000 s)
2024-06-04 00:13:12,926 INFO  - Received CAM message from veh_102 (at simulation time 400.202,400,000 s)
2024-06-04 00:13:12,926 INFO  - Atempting to process queue (at simulation time 400.300,000,000 s)
2024-06-04 00:13:12,926 INFO  - Vehicle is outside the detection area. (at simulation time 400.300,000,000 s)
2024-06-04 00:13:12,926 INFO  - Sent broadcast CAM message to all vehicles (at simulation time 400.300,000,000 s)
2024-06-04 00:13:12,926 INFO  - Received CAM message from veh_153 (at simulation time 400.300,400,000 s)
2024-06-04 00:13:12,927 INFO  - Received CAM message from veh_138 (at simulation time 400.301,900,000 s)
2024-06-04 00:13:12,927 INFO  - Received CAM message from veh_102 (at simulation time 400.302,400,000 s)
2024-06-04 00:13:12,927 INFO  - Atempting to process queue (at simulation time 400.400,000,000 s)
2024-06-04 00:13:12,927 INFO  - Vehicle is outside the detection area. (at simulation time 400.400,000,000 s)
2024-06-04 00:13:12,927 INFO  - Sent broadcast CAM message to all vehicles (at simulation time 400.400,000,000 s)
2024-06-04 00:13:12,929 INFO  - Received CAM message from veh_138 (at simulation time 400.400,900,000 s)
2024-06-04 00:13:12,929 INFO  - Received CAM message from veh_153 (at simulation time 400.402,400,000 s)
2024-06-04 00:13:12,929 INFO  - Received CAM message from veh_102 (at simulation time 400.402,400,000 s)
2024-06-04 00:13:12,930 INFO  - Atempting to process queue (at simulation time 400.500,000,000 s)
2024-06-04 00:13:12,930 INFO  - Vehicle is outside the detection area. (at simulation time 400.500,000,000 s)
2024-06-04 00:13:12,930 INFO  - Sent broadcast CAM message to all vehicles (at simulation time 400.500,000,000 s)
2024-06-04 00:13:12,930 INFO  - Received CAM message from veh_153 (at simulation time 400.500,400,000 s)
2024-06-04 00:13:12,931 INFO  - Received CAM message from veh_138 (at simulation time 400.501,400,000 s)
2024-06-04 00:13:12,931 INFO  - Received CAM message from veh_102 (at simulation time 400.501,400,000 s)
2024-06-04 00:13:12,931 INFO  - Atempting to process queue (at simulation time 400.600,000,000 s)
2024-06-04 00:13:12,931 INFO  - Vehicle is outside the detection area. (at simulation time 400.600,000,000 s)
2024-06-04 00:13:12,931 INFO  - Sent broadcast CAM message to all vehicles (at simulation time 400.600,000,000 s)
2024-06-04 00:13:12,932 INFO  - Received CAM message from veh_138 (at simulation time 400.600,400,000 s)
2024-06-04 00:13:12,932 INFO  - Received CAM message from veh_102 (at simulation time 400.600,400,000 s)
2024-06-04 00:13:12,933 INFO  - Received CAM message from veh_153 (at simulation time 400.601,900,000 s)
2024-06-04 00:13:12,933 INFO  - Atempting to process queue (at simulation time 400.700,000,000 s)
2024-06-04 00:13:12,933 INFO  - Vehicle is outside the detection area. (at simulation time 400.700,000,000 s)
2024-06-04 00:13:12,933 INFO  - Sent broadcast CAM message to all vehicles (at simulation time 400.700,000,000 s)
2024-06-04 00:13:12,934 INFO  - Received CAM message from veh_138 (at simulation time 400.701,400,000 s)
2024-06-04 00:13:12,934 INFO  - Received CAM message from veh_153 (at simulation time 400.701,900,000 s)
2024-06-04 00:13:12,934 INFO  - Received CAM message from veh_102 (at simulation time 400.702,400,000 s)
2024-06-04 00:13:12,934 INFO  - Atempting to process queue (at simulation time 400.800,000,000 s)
2024-06-04 00:13:12,934 INFO  - Vehicle is outside the detection area. (at simulation time 400.800,000,000 s)
2024-06-04 00:13:12,934 INFO  - Sent broadcast CAM message to all vehicles (at simulation time 400.800,000,000 s)
2024-06-04 00:13:12,936 INFO  - Received CAM message from veh_153 (at simulation time 400.801,900,000 s)
2024-06-04 00:13:12,936 INFO  - Received CAM message from veh_138 (at simulation time 400.801,900,000 s)
2024-06-04 00:13:12,936 INFO  - Received CAM message from veh_102 (at simulation time 400.802,400,000 s)
2024-06-04 00:13:12,936 INFO  - Atempting to process queue (at simulation time 400.900,000,000 s)
2024-06-04 00:13:12,936 INFO  - Vehicle is outside the detection area. (at simulation time 400.900,000,000 s)
2024-06-04 00:13:12,936 INFO  - Sent broadcast CAM message to all vehicles (at simulation time 400.900,000,000 s)
2024-06-04 00:13:12,936 INFO  - Received CAM message from veh_153 (at simulation time 400.900,400,000 s)
2024-06-04 00:13:12,937 INFO  - Received CAM message from veh_102 (at simulation time 400.901,400,000 s)
2024-06-04 00:13:12,937 INFO  - Received CAM message from veh_138 (at simulation time 400.902,400,000 s)
2024-06-04 00:13:12,939 INFO  - Atempting to process queue (at simulation time 401.000,000,000 s)
2024-06-04 00:13:12,939 INFO  - Vehicle is outside the detection area. (at simulation time 401.000,000,000 s)
2024-06-04 00:13:12,939 INFO  - Sent broadcast CAM message to all vehicles (at simulation time 401.000,000,000 s)
2024-06-04 00:13:12,941 INFO  - Received CAM message from veh_153 (at simulation time 401.001,400,000 s)
2024-06-04 00:13:12,942 INFO  - Atempting to process queue (at simulation time 401.100,000,000 s)
2024-06-04 00:13:12,942 INFO  - Vehicle is outside the detection area. (at simulation time 401.100,000,000 s)
2024-06-04 00:13:12,942 INFO  - Sent broadcast CAM message to all vehicles (at simulation time 401.100,000,000 s)
2024-06-04 00:13:12,943 INFO  - Received CAM message from veh_153 (at simulation time 401.100,900,000 s)
2024-06-04 00:13:12,943 INFO  - Atempting to process queue (at simulation time 401.200,000,000 s)
2024-06-04 00:13:12,943 INFO  - Vehicle is outside the detection area. (at simulation time 401.200,000,000 s)
2024-06-04 00:13:12,943 INFO  - Sent broadcast CAM message to all vehicles (at simulation time 401.200,000,000 s)
2024-06-04 00:13:12,946 INFO  - Received CAM message from veh_153 (at simulation time 401.201,900,000 s)
2024-06-04 00:13:12,946 INFO  - Atempting to process queue (at simulation time 401.300,000,000 s)
2024-06-04 00:13:12,946 INFO  - Vehicle is outside the detection area. (at simulation time 401.300,000,000 s)
2024-06-04 00:13:12,946 INFO  - Sent broadcast CAM message to all vehicles (at simulation time 401.300,000,000 s)
2024-06-04 00:13:12,948 INFO  - Received CAM message from veh_153 (at simulation time 401.302,400,000 s)
2024-06-04 00:13:12,948 INFO  - Atempting to process queue (at simulation time 401.400,000,000 s)
2024-06-04 00:13:12,948 INFO  - Vehicle is outside the detection area. (at simulation time 401.400,000,000 s)
2024-06-04 00:13:12,948 INFO  - Sent broadcast CAM message to all vehicles (at simulation time 401.400,000,000 s)
2024-06-04 00:13:12,950 INFO  - Received CAM message from veh_153 (at simulation time 401.401,900,000 s)
2024-06-04 00:13:12,950 INFO  - Atempting to process queue (at simulation time 401.500,000,000 s)
2024-06-04 00:13:12,950 INFO  - Vehicle is outside the detection area. (at simulation time 401.500,000,000 s)
2024-06-04 00:13:12,950 INFO  - Sent broadcast CAM message to all vehicles (at simulation time 401.500,000,000 s)
2024-06-04 00:13:12,952 INFO  - Received CAM message from veh_153 (at simulation time 401.501,400,000 s)
2024-06-04 00:13:12,952 INFO  - Atempting to process queue (at simulation time 401.600,000,000 s)
2024-06-04 00:13:12,952 INFO  - Vehicle is outside the detection area. (at simulation time 401.600,000,000 s)
2024-06-04 00:13:12,952 INFO  - Sent broadcast CAM message to all vehicles (at simulation time 401.600,000,000 s)
2024-06-04 00:13:12,954 INFO  - Received CAM message from veh_153 (at simulation time 401.602,400,000 s)
2024-06-04 00:13:12,954 INFO  - Atempting to process queue (at simulation time 401.700,000,000 s)
2024-06-04 00:13:12,954 INFO  - Vehicle is outside the detection area. (at simulation time 401.700,000,000 s)
2024-06-04 00:13:12,954 INFO  - Sent broadcast CAM message to all vehicles (at simulation time 401.700,000,000 s)
2024-06-04 00:13:12,955 INFO  - Received CAM message from veh_153 (at simulation time 401.701,900,000 s)
2024-06-04 00:13:12,956 INFO  - Atempting to process queue (at simulation time 401.800,000,000 s)
2024-06-04 00:13:12,956 INFO  - Vehicle is outside the detection area. (at simulation time 401.800,000,000 s)
2024-06-04 00:13:12,956 INFO  - Sent broadcast CAM message to all vehicles (at simulation time 401.800,000,000 s)
2024-06-04 00:13:12,957 INFO  - Received CAM message from veh_153 (at simulation time 401.800,900,000 s)
2024-06-04 00:13:12,958 INFO  - Atempting to process queue (at simulation time 401.900,000,000 s)
2024-06-04 00:13:12,958 INFO  - Vehicle is outside the detection area. (at simulation time 401.900,000,000 s)
2024-06-04 00:13:12,958 INFO  - Sent broadcast CAM message to all vehicles (at simulation time 401.900,000,000 s)
2024-06-04 00:13:12,960 INFO  - Received CAM message from veh_153 (at simulation time 401.901,900,000 s)
2024-06-04 00:13:12,962 INFO  - Atempting to process queue (at simulation time 402.000,000,000 s)
2024-06-04 00:13:12,962 INFO  - Vehicle is outside the detection area. (at simulation time 402.000,000,000 s)
2024-06-04 00:13:12,962 INFO  - Sent broadcast CAM message to all vehicles (at simulation time 402.000,000,000 s)
2024-06-04 00:13:12,966 INFO  - Received CAM message from veh_153 (at simulation time 402.001,900,000 s)
2024-06-04 00:13:12,966 INFO  - Atempting to process queue (at simulation time 402.100,000,000 s)
2024-06-04 00:13:12,966 INFO  - Vehicle is outside the detection area. (at simulation time 402.100,000,000 s)
2024-06-04 00:13:12,966 INFO  - Sent broadcast CAM message to all vehicles (at simulation time 402.100,000,000 s)
2024-06-04 00:13:12,967 INFO  - Received CAM message from veh_153 (at simulation time 402.100,900,000 s)
2024-06-04 00:13:12,968 INFO  - Atempting to process queue (at simulation time 402.200,000,000 s)
2024-06-04 00:13:12,968 INFO  - Vehicle is outside the detection area. (at simulation time 402.200,000,000 s)
2024-06-04 00:13:12,968 INFO  - Sent broadcast CAM message to all vehicles (at simulation time 402.200,000,000 s)
2024-06-04 00:13:12,970 INFO  - Received CAM message from veh_153 (at simulation time 402.200,900,000 s)
2024-06-04 00:13:12,971 INFO  - Atempting to process queue (at simulation time 402.300,000,000 s)
2024-06-04 00:13:12,971 INFO  - Vehicle is outside the detection area. (at simulation time 402.300,000,000 s)
2024-06-04 00:13:12,972 INFO  - Sent broadcast CAM message to all vehicles (at simulation time 402.300,000,000 s)
2024-06-04 00:13:12,973 INFO  - Received CAM message from veh_153 (at simulation time 402.301,900,000 s)
2024-06-04 00:13:12,973 INFO  - Atempting to process queue (at simulation time 402.400,000,000 s)
2024-06-04 00:13:12,973 INFO  - Vehicle is outside the detection area. (at simulation time 402.400,000,000 s)
2024-06-04 00:13:12,973 INFO  - Sent broadcast CAM message to all vehicles (at simulation time 402.400,000,000 s)
2024-06-04 00:13:12,974 INFO  - Received CAM message from veh_153 (at simulation time 402.400,400,000 s)
2024-06-04 00:13:12,976 INFO  - Atempting to process queue (at simulation time 402.500,000,000 s)
2024-06-04 00:13:12,976 INFO  - Vehicle is outside the detection area. (at simulation time 402.500,000,000 s)
2024-06-04 00:13:12,976 INFO  - Sent broadcast CAM message to all vehicles (at simulation time 402.500,000,000 s)
2024-06-04 00:13:12,977 INFO  - Received CAM message from veh_153 (at simulation time 402.502,400,000 s)
2024-06-04 00:13:12,977 INFO  - Atempting to process queue (at simulation time 402.600,000,000 s)
2024-06-04 00:13:12,977 INFO  - Vehicle is outside the detection area. (at simulation time 402.600,000,000 s)
2024-06-04 00:13:12,977 INFO  - Sent broadcast CAM message to all vehicles (at simulation time 402.600,000,000 s)
2024-06-04 00:13:12,978 INFO  - Received CAM message from veh_153 (at simulation time 402.600,400,000 s)
2024-06-04 00:13:12,980 INFO  - Atempting to process queue (at simulation time 402.700,000,000 s)
2024-06-04 00:13:12,980 INFO  - Vehicle is outside the detection area. (at simulation time 402.700,000,000 s)
2024-06-04 00:13:12,980 INFO  - Sent broadcast CAM message to all vehicles (at simulation time 402.700,000,000 s)
2024-06-04 00:13:12,981 INFO  - Received CAM message from veh_153 (at simulation time 402.700,900,000 s)
2024-06-04 00:13:12,982 INFO  - Atempting to process queue (at simulation time 402.800,000,000 s)
2024-06-04 00:13:12,982 INFO  - Vehicle is outside the detection area. (at simulation time 402.800,000,000 s)
2024-06-04 00:13:12,982 INFO  - Sent broadcast CAM message to all vehicles (at simulation time 402.800,000,000 s)
2024-06-04 00:13:12,983 INFO  - Received CAM message from veh_153 (at simulation time 402.800,900,000 s)
2024-06-04 00:13:12,990 INFO  - Atempting to process queue (at simulation time 402.900,000,000 s)
2024-06-04 00:13:12,990 INFO  - Vehicle is outside the detection area. (at simulation time 402.900,000,000 s)
2024-06-04 00:13:12,990 INFO  - Sent broadcast CAM message to all vehicles (at simulation time 402.900,000,000 s)
2024-06-04 00:13:12,991 INFO  - Received CAM message from veh_153 (at simulation time 402.900,900,000 s)
2024-06-04 00:13:12,997 INFO  - Atempting to process queue (at simulation time 403.000,000,000 s)
2024-06-04 00:13:12,997 INFO  - Vehicle is outside the detection area. (at simulation time 403.000,000,000 s)
2024-06-04 00:13:12,997 INFO  - Sent broadcast CAM message to all vehicles (at simulation time 403.000,000,000 s)
2024-06-04 00:13:13,001 INFO  - Vehicle is outside the detection area. (at simulation time 403.100,000,000 s)
2024-06-04 00:13:13,001 INFO  - Sent broadcast CAM message to all vehicles (at simulation time 403.100,000,000 s)
2024-06-04 00:13:13,003 INFO  - Vehicle is outside the detection area. (at simulation time 403.200,000,000 s)
2024-06-04 00:13:13,003 INFO  - Sent broadcast CAM message to all vehicles (at simulation time 403.200,000,000 s)
2024-06-04 00:13:13,004 INFO  - Vehicle is outside the detection area. (at simulation time 403.300,000,000 s)
2024-06-04 00:13:13,004 INFO  - Sent broadcast CAM message to all vehicles (at simulation time 403.300,000,000 s)
2024-06-04 00:13:13,006 INFO  - Vehicle is outside the detection area. (at simulation time 403.400,000,000 s)
2024-06-04 00:13:13,006 INFO  - Sent broadcast CAM message to all vehicles (at simulation time 403.400,000,000 s)
2024-06-04 00:13:13,008 INFO  - Vehicle is outside the detection area. (at simulation time 403.500,000,000 s)
2024-06-04 00:13:13,008 INFO  - Sent broadcast CAM message to all vehicles (at simulation time 403.500,000,000 s)
2024-06-04 00:13:13,009 INFO  - Vehicle is outside the detection area. (at simulation time 403.600,000,000 s)
2024-06-04 00:13:13,009 INFO  - Sent broadcast CAM message to all vehicles (at simulation time 403.600,000,000 s)
2024-06-04 00:13:13,011 INFO  - Vehicle is outside the detection area. (at simulation time 403.700,000,000 s)
2024-06-04 00:13:13,011 INFO  - Sent broadcast CAM message to all vehicles (at simulation time 403.700,000,000 s)
2024-06-04 00:13:13,012 INFO  - Vehicle is outside the detection area. (at simulation time 403.800,000,000 s)
2024-06-04 00:13:13,012 INFO  - Sent broadcast CAM message to all vehicles (at simulation time 403.800,000,000 s)
2024-06-04 00:13:13,014 INFO  - Vehicle is outside the detection area. (at simulation time 403.900,000,000 s)
2024-06-04 00:13:13,014 INFO  - Sent broadcast CAM message to all vehicles (at simulation time 403.900,000,000 s)
2024-06-04 00:13:13,119 INFO  - Vehicle is outside the detection area. (at simulation time 404.000,000,000 s)
2024-06-04 00:13:13,119 INFO  - Sent broadcast CAM message to all vehicles (at simulation time 404.000,000,000 s)
2024-06-04 00:13:13,144 INFO  - Vehicle is outside the detection area. (at simulation time 404.100,000,000 s)
2024-06-04 00:13:13,144 INFO  - Sent broadcast CAM message to all vehicles (at simulation time 404.100,000,000 s)
2024-06-04 00:13:13,145 INFO  - Vehicle is outside the detection area. (at simulation time 404.200,000,000 s)
2024-06-04 00:13:13,145 INFO  - Sent broadcast CAM message to all vehicles (at simulation time 404.200,000,000 s)
2024-06-04 00:13:13,147 INFO  - Vehicle is outside the detection area. (at simulation time 404.300,000,000 s)
2024-06-04 00:13:13,147 INFO  - Sent broadcast CAM message to all vehicles (at simulation time 404.300,000,000 s)
2024-06-04 00:13:13,149 INFO  - Vehicle is outside the detection area. (at simulation time 404.400,000,000 s)
2024-06-04 00:13:13,149 INFO  - Sent broadcast CAM message to all vehicles (at simulation time 404.400,000,000 s)
2024-06-04 00:13:13,151 INFO  - Vehicle is outside the detection area. (at simulation time 404.500,000,000 s)
2024-06-04 00:13:13,151 INFO  - Sent broadcast CAM message to all vehicles (at simulation time 404.500,000,000 s)
2024-06-04 00:13:13,154 INFO  - Vehicle is outside the detection area. (at simulation time 404.600,000,000 s)
2024-06-04 00:13:13,154 INFO  - Sent broadcast CAM message to all vehicles (at simulation time 404.600,000,000 s)
2024-06-04 00:13:13,155 INFO  - Vehicle is outside the detection area. (at simulation time 404.700,000,000 s)
2024-06-04 00:13:13,155 INFO  - Sent broadcast CAM message to all vehicles (at simulation time 404.700,000,000 s)
2024-06-04 00:13:13,157 INFO  - Vehicle is outside the detection area. (at simulation time 404.800,000,000 s)
2024-06-04 00:13:13,157 INFO  - Sent broadcast CAM message to all vehicles (at simulation time 404.800,000,000 s)
2024-06-04 00:13:13,159 INFO  - Vehicle is outside the detection area. (at simulation time 404.900,000,000 s)
2024-06-04 00:13:13,159 INFO  - Sent broadcast CAM message to all vehicles (at simulation time 404.900,000,000 s)
2024-06-04 00:13:13,164 INFO  - Vehicle is outside the detection area. (at simulation time 405.000,000,000 s)
2024-06-04 00:13:13,164 INFO  - Sent broadcast CAM message to all vehicles (at simulation time 405.000,000,000 s)
2024-06-04 00:13:13,167 INFO  - Vehicle is outside the detection area. (at simulation time 405.100,000,000 s)
2024-06-04 00:13:13,167 INFO  - Sent broadcast CAM message to all vehicles (at simulation time 405.100,000,000 s)
2024-06-04 00:13:13,169 INFO  - Vehicle is outside the detection area. (at simulation time 405.200,000,000 s)
2024-06-04 00:13:13,169 INFO  - Sent broadcast CAM message to all vehicles (at simulation time 405.200,000,000 s)
2024-06-04 00:13:13,171 INFO  - Vehicle is outside the detection area. (at simulation time 405.300,000,000 s)
2024-06-04 00:13:13,171 INFO  - Sent broadcast CAM message to all vehicles (at simulation time 405.300,000,000 s)
2024-06-04 00:13:13,173 INFO  - Vehicle is outside the detection area. (at simulation time 405.400,000,000 s)
2024-06-04 00:13:13,173 INFO  - Sent broadcast CAM message to all vehicles (at simulation time 405.400,000,000 s)
2024-06-04 00:13:13,174 INFO  - Vehicle is outside the detection area. (at simulation time 405.500,000,000 s)
2024-06-04 00:13:13,174 INFO  - Sent broadcast CAM message to all vehicles (at simulation time 405.500,000,000 s)
2024-06-04 00:13:13,176 INFO  - Vehicle is outside the detection area. (at simulation time 405.600,000,000 s)
2024-06-04 00:13:13,176 INFO  - Sent broadcast CAM message to all vehicles (at simulation time 405.600,000,000 s)
2024-06-04 00:13:13,177 INFO  - Vehicle is outside the detection area. (at simulation time 405.700,000,000 s)
2024-06-04 00:13:13,177 INFO  - Sent broadcast CAM message to all vehicles (at simulation time 405.700,000,000 s)
2024-06-04 00:13:13,179 INFO  - Vehicle is outside the detection area. (at simulation time 405.800,000,000 s)
2024-06-04 00:13:13,179 INFO  - Sent broadcast CAM message to all vehicles (at simulation time 405.800,000,000 s)
2024-06-04 00:13:13,180 INFO  - Vehicle is outside the detection area. (at simulation time 405.900,000,000 s)
2024-06-04 00:13:13,180 INFO  - Sent broadcast CAM message to all vehicles (at simulation time 405.900,000,000 s)
2024-06-04 00:13:13,185 INFO  - Shutdown application (at simulation time 406.000,000,000 s)
