2024-06-04 00:13:09,165 INFO  - Initialize application (at simulation time 253.000,000,000 s)
2024-06-04 00:13:09,165 INFO  - Activated WLAN Module (at simulation time 253.000,000,000 s)
2024-06-04 00:13:09,165 INFO  - Vehicle is outside the detection area. (at simulation time 253.000,000,000 s)
2024-06-04 00:13:09,165 INFO  - Sent broadcast CAM message to all vehicles (at simulation time 253.000,000,000 s)
2024-06-04 00:13:09,167 INFO  - Vehicle is outside the detection area. (at simulation time 253.100,000,000 s)
2024-06-04 00:13:09,167 INFO  - Sent broadcast CAM message to all vehicles (at simulation time 253.100,000,000 s)
2024-06-04 00:13:09,169 INFO  - Vehicle is outside the detection area. (at simulation time 253.200,000,000 s)
2024-06-04 00:13:09,169 INFO  - Sent broadcast CAM message to all vehicles (at simulation time 253.200,000,000 s)
2024-06-04 00:13:09,170 INFO  - Vehicle is outside the detection area. (at simulation time 253.300,000,000 s)
2024-06-04 00:13:09,170 INFO  - Sent broadcast CAM message to all vehicles (at simulation time 253.300,000,000 s)
2024-06-04 00:13:09,171 INFO  - Vehicle is outside the detection area. (at simulation time 253.400,000,000 s)
2024-06-04 00:13:09,171 INFO  - Sent broadcast CAM message to all vehicles (at simulation time 253.400,000,000 s)
2024-06-04 00:13:09,173 INFO  - Vehicle is outside the detection area. (at simulation time 253.500,000,000 s)
2024-06-04 00:13:09,173 INFO  - Sent broadcast CAM message to all vehicles (at simulation time 253.500,000,000 s)
2024-06-04 00:13:09,174 INFO  - Vehicle is outside the detection area. (at simulation time 253.600,000,000 s)
2024-06-04 00:13:09,174 INFO  - Sent broadcast CAM message to all vehicles (at simulation time 253.600,000,000 s)
2024-06-04 00:13:09,176 INFO  - Vehicle is outside the detection area. (at simulation time 253.700,000,000 s)
2024-06-04 00:13:09,176 INFO  - Sent broadcast CAM message to all vehicles (at simulation time 253.700,000,000 s)
2024-06-04 00:13:09,177 INFO  - Vehicle is outside the detection area. (at simulation time 253.800,000,000 s)
2024-06-04 00:13:09,177 INFO  - Sent broadcast CAM message to all vehicles (at simulation time 253.800,000,000 s)
2024-06-04 00:13:09,179 INFO  - Vehicle is outside the detection area. (at simulation time 253.900,000,000 s)
2024-06-04 00:13:09,179 INFO  - Sent broadcast CAM message to all vehicles (at simulation time 253.900,000,000 s)
2024-06-04 00:13:09,183 INFO  - Vehicle is outside the detection area. (at simulation time 254.000,000,000 s)
2024-06-04 00:13:09,183 INFO  - Sent broadcast CAM message to all vehicles (at simulation time 254.000,000,000 s)
2024-06-04 00:13:09,185 INFO  - Vehicle is outside the detection area. (at simulation time 254.100,000,000 s)
2024-06-04 00:13:09,185 INFO  - Sent broadcast CAM message to all vehicles (at simulation time 254.100,000,000 s)
2024-06-04 00:13:09,186 INFO  - Vehicle is outside the detection area. (at simulation time 254.200,000,000 s)
2024-06-04 00:13:09,186 INFO  - Sent broadcast CAM message to all vehicles (at simulation time 254.200,000,000 s)
2024-06-04 00:13:09,187 INFO  - Vehicle is outside the detection area. (at simulation time 254.300,000,000 s)
2024-06-04 00:13:09,187 INFO  - Sent broadcast CAM message to all vehicles (at simulation time 254.300,000,000 s)
2024-06-04 00:13:09,188 INFO  - Vehicle is outside the detection area. (at simulation time 254.400,000,000 s)
2024-06-04 00:13:09,188 INFO  - Sent broadcast CAM message to all vehicles (at simulation time 254.400,000,000 s)
2024-06-04 00:13:09,190 INFO  - Vehicle is outside the detection area. (at simulation time 254.500,000,000 s)
2024-06-04 00:13:09,190 INFO  - Sent broadcast CAM message to all vehicles (at simulation time 254.500,000,000 s)
2024-06-04 00:13:09,191 INFO  - Vehicle is outside the detection area. (at simulation time 254.600,000,000 s)
2024-06-04 00:13:09,191 INFO  - Sent broadcast CAM message to all vehicles (at simulation time 254.600,000,000 s)
2024-06-04 00:13:09,192 INFO  - Vehicle is outside the detection area. (at simulation time 254.700,000,000 s)
2024-06-04 00:13:09,192 INFO  - Sent broadcast CAM message to all vehicles (at simulation time 254.700,000,000 s)
2024-06-04 00:13:09,194 INFO  - Vehicle is outside the detection area. (at simulation time 254.800,000,000 s)
2024-06-04 00:13:09,194 INFO  - Sent broadcast CAM message to all vehicles (at simulation time 254.800,000,000 s)
2024-06-04 00:13:09,196 INFO  - Vehicle is outside the detection area. (at simulation time 254.900,000,000 s)
2024-06-04 00:13:09,196 INFO  - Sent broadcast CAM message to all vehicles (at simulation time 254.900,000,000 s)
2024-06-04 00:13:09,202 INFO  - Vehicle is inside the detection area. (at simulation time 255.000,000,000 s)
2024-06-04 00:13:09,202 INFO  - Vehicle is too far away from the traffic light. (at simulation time 255.000,000,000 s)
2024-06-04 00:13:09,202 INFO  - No vehicles in range. (at simulation time 255.000,000,000 s)
2024-06-04 00:13:09,202 INFO  - Neither the RSU nor any vehicle is in range. (at simulation time 255.000,000,000 s)
2024-06-04 00:13:09,202 INFO  - Sent broadcast CAM message to all vehicles (at simulation time 255.000,000,000 s)
2024-06-04 00:13:09,203 INFO  - Vehicle is inside the detection area. (at simulation time 255.100,000,000 s)
2024-06-04 00:13:09,203 INFO  - Vehicle is too far away from the traffic light. (at simulation time 255.100,000,000 s)
2024-06-04 00:13:09,203 INFO  - No vehicles in range. (at simulation time 255.100,000,000 s)
2024-06-04 00:13:09,203 INFO  - Neither the RSU nor any vehicle is in range. (at simulation time 255.100,000,000 s)
2024-06-04 00:13:09,203 INFO  - Sent broadcast CAM message to all vehicles (at simulation time 255.100,000,000 s)
2024-06-04 00:13:09,204 INFO  - Vehicle is inside the detection area. (at simulation time 255.200,000,000 s)
2024-06-04 00:13:09,204 INFO  - Vehicle is too far away from the traffic light. (at simulation time 255.200,000,000 s)
2024-06-04 00:13:09,204 INFO  - No vehicles in range. (at simulation time 255.200,000,000 s)
2024-06-04 00:13:09,204 INFO  - Neither the RSU nor any vehicle is in range. (at simulation time 255.200,000,000 s)
2024-06-04 00:13:09,204 INFO  - Sent broadcast CAM message to all vehicles (at simulation time 255.200,000,000 s)
2024-06-04 00:13:09,206 INFO  - Vehicle is inside the detection area. (at simulation time 255.300,000,000 s)
2024-06-04 00:13:09,206 INFO  - Vehicle is too far away from the traffic light. (at simulation time 255.300,000,000 s)
2024-06-04 00:13:09,206 INFO  - No vehicles in range. (at simulation time 255.300,000,000 s)
2024-06-04 00:13:09,206 INFO  - Neither the RSU nor any vehicle is in range. (at simulation time 255.300,000,000 s)
2024-06-04 00:13:09,206 INFO  - Sent broadcast CAM message to all vehicles (at simulation time 255.300,000,000 s)
2024-06-04 00:13:09,207 INFO  - Vehicle is inside the detection area. (at simulation time 255.400,000,000 s)
2024-06-04 00:13:09,207 INFO  - Vehicle is too far away from the traffic light. (at simulation time 255.400,000,000 s)
2024-06-04 00:13:09,207 INFO  - No vehicles in range. (at simulation time 255.400,000,000 s)
2024-06-04 00:13:09,207 INFO  - Neither the RSU nor any vehicle is in range. (at simulation time 255.400,000,000 s)
2024-06-04 00:13:09,207 INFO  - Sent broadcast CAM message to all vehicles (at simulation time 255.400,000,000 s)
2024-06-04 00:13:09,208 INFO  - Vehicle is inside the detection area. (at simulation time 255.500,000,000 s)
2024-06-04 00:13:09,208 INFO  - Vehicle is too far away from the traffic light. (at simulation time 255.500,000,000 s)
2024-06-04 00:13:09,208 INFO  - No vehicles in range. (at simulation time 255.500,000,000 s)
2024-06-04 00:13:09,208 INFO  - Neither the RSU nor any vehicle is in range. (at simulation time 255.500,000,000 s)
2024-06-04 00:13:09,208 INFO  - Sent broadcast CAM message to all vehicles (at simulation time 255.500,000,000 s)
2024-06-04 00:13:09,210 INFO  - Vehicle is inside the detection area. (at simulation time 255.600,000,000 s)
2024-06-04 00:13:09,210 INFO  - Vehicle is too far away from the traffic light. (at simulation time 255.600,000,000 s)
2024-06-04 00:13:09,210 INFO  - No vehicles in range. (at simulation time 255.600,000,000 s)
2024-06-04 00:13:09,210 INFO  - Neither the RSU nor any vehicle is in range. (at simulation time 255.600,000,000 s)
2024-06-04 00:13:09,210 INFO  - Sent broadcast CAM message to all vehicles (at simulation time 255.600,000,000 s)
2024-06-04 00:13:09,211 INFO  - Vehicle is inside the detection area. (at simulation time 255.700,000,000 s)
2024-06-04 00:13:09,211 INFO  - Vehicle is too far away from the traffic light. (at simulation time 255.700,000,000 s)
2024-06-04 00:13:09,211 INFO  - No vehicles in range. (at simulation time 255.700,000,000 s)
2024-06-04 00:13:09,211 INFO  - Neither the RSU nor any vehicle is in range. (at simulation time 255.700,000,000 s)
2024-06-04 00:13:09,211 INFO  - Sent broadcast CAM message to all vehicles (at simulation time 255.700,000,000 s)
2024-06-04 00:13:09,213 INFO  - Vehicle is inside the detection area. (at simulation time 255.800,000,000 s)
2024-06-04 00:13:09,213 INFO  - Vehicle is too far away from the traffic light. (at simulation time 255.800,000,000 s)
2024-06-04 00:13:09,213 INFO  - No vehicles in range. (at simulation time 255.800,000,000 s)
2024-06-04 00:13:09,213 INFO  - Neither the RSU nor any vehicle is in range. (at simulation time 255.800,000,000 s)
2024-06-04 00:13:09,213 INFO  - Sent broadcast CAM message to all vehicles (at simulation time 255.800,000,000 s)
2024-06-04 00:13:09,214 INFO  - Vehicle is inside the detection area. (at simulation time 255.900,000,000 s)
2024-06-04 00:13:09,214 INFO  - Vehicle is too far away from the traffic light. (at simulation time 255.900,000,000 s)
2024-06-04 00:13:09,214 INFO  - No vehicles in range. (at simulation time 255.900,000,000 s)
2024-06-04 00:13:09,214 INFO  - Neither the RSU nor any vehicle is in range. (at simulation time 255.900,000,000 s)
2024-06-04 00:13:09,214 INFO  - Sent broadcast CAM message to all vehicles (at simulation time 255.900,000,000 s)
2024-06-04 00:13:09,224 INFO  - Vehicle is inside the detection area. (at simulation time 256.000,000,000 s)
2024-06-04 00:13:09,224 INFO  - Vehicle is too far away from the traffic light. (at simulation time 256.000,000,000 s)
2024-06-04 00:13:09,224 INFO  - No vehicles in range. (at simulation time 256.000,000,000 s)
2024-06-04 00:13:09,224 INFO  - Neither the RSU nor any vehicle is in range. (at simulation time 256.000,000,000 s)
2024-06-04 00:13:09,224 INFO  - Sent broadcast CAM message to all vehicles (at simulation time 256.000,000,000 s)
2024-06-04 00:13:09,227 INFO  - Vehicle is inside the detection area. (at simulation time 256.100,000,000 s)
2024-06-04 00:13:09,227 INFO  - Vehicle is too far away from the traffic light. (at simulation time 256.100,000,000 s)
2024-06-04 00:13:09,227 INFO  - No vehicles in range. (at simulation time 256.100,000,000 s)
2024-06-04 00:13:09,227 INFO  - Neither the RSU nor any vehicle is in range. (at simulation time 256.100,000,000 s)
2024-06-04 00:13:09,227 INFO  - Sent broadcast CAM message to all vehicles (at simulation time 256.100,000,000 s)
2024-06-04 00:13:09,228 INFO  - Vehicle is inside the detection area. (at simulation time 256.200,000,000 s)
2024-06-04 00:13:09,228 INFO  - Vehicle is too far away from the traffic light. (at simulation time 256.200,000,000 s)
2024-06-04 00:13:09,228 INFO  - No vehicles in range. (at simulation time 256.200,000,000 s)
2024-06-04 00:13:09,228 INFO  - Neither the RSU nor any vehicle is in range. (at simulation time 256.200,000,000 s)
2024-06-04 00:13:09,228 INFO  - Sent broadcast CAM message to all vehicles (at simulation time 256.200,000,000 s)
2024-06-04 00:13:09,231 INFO  - Vehicle is inside the detection area. (at simulation time 256.300,000,000 s)
2024-06-04 00:13:09,231 INFO  - Vehicle is too far away from the traffic light. (at simulation time 256.300,000,000 s)
2024-06-04 00:13:09,231 INFO  - No vehicles in range. (at simulation time 256.300,000,000 s)
2024-06-04 00:13:09,231 INFO  - Neither the RSU nor any vehicle is in range. (at simulation time 256.300,000,000 s)
2024-06-04 00:13:09,231 INFO  - Sent broadcast CAM message to all vehicles (at simulation time 256.300,000,000 s)
2024-06-04 00:13:09,232 INFO  - Vehicle is inside the detection area. (at simulation time 256.400,000,000 s)
2024-06-04 00:13:09,232 INFO  - Vehicle is too far away from the traffic light. (at simulation time 256.400,000,000 s)
2024-06-04 00:13:09,232 INFO  - No vehicles in range. (at simulation time 256.400,000,000 s)
2024-06-04 00:13:09,233 INFO  - Neither the RSU nor any vehicle is in range. (at simulation time 256.400,000,000 s)
2024-06-04 00:13:09,233 INFO  - Sent broadcast CAM message to all vehicles (at simulation time 256.400,000,000 s)
2024-06-04 00:13:09,234 INFO  - Vehicle is inside the detection area. (at simulation time 256.500,000,000 s)
2024-06-04 00:13:09,234 INFO  - Vehicle is too far away from the traffic light. (at simulation time 256.500,000,000 s)
2024-06-04 00:13:09,234 INFO  - No vehicles in range. (at simulation time 256.500,000,000 s)
2024-06-04 00:13:09,234 INFO  - Neither the RSU nor any vehicle is in range. (at simulation time 256.500,000,000 s)
2024-06-04 00:13:09,234 INFO  - Sent broadcast CAM message to all vehicles (at simulation time 256.500,000,000 s)
2024-06-04 00:13:09,236 INFO  - Vehicle is inside the detection area. (at simulation time 256.600,000,000 s)
2024-06-04 00:13:09,236 INFO  - Vehicle is too far away from the traffic light. (at simulation time 256.600,000,000 s)
2024-06-04 00:13:09,236 INFO  - No vehicles in range. (at simulation time 256.600,000,000 s)
2024-06-04 00:13:09,236 INFO  - Neither the RSU nor any vehicle is in range. (at simulation time 256.600,000,000 s)
2024-06-04 00:13:09,236 INFO  - Sent broadcast CAM message to all vehicles (at simulation time 256.600,000,000 s)
2024-06-04 00:13:09,237 INFO  - Vehicle is inside the detection area. (at simulation time 256.700,000,000 s)
2024-06-04 00:13:09,237 INFO  - Vehicle is too far away from the traffic light. (at simulation time 256.700,000,000 s)
2024-06-04 00:13:09,237 INFO  - No vehicles in range. (at simulation time 256.700,000,000 s)
2024-06-04 00:13:09,237 INFO  - Neither the RSU nor any vehicle is in range. (at simulation time 256.700,000,000 s)
2024-06-04 00:13:09,237 INFO  - Sent broadcast CAM message to all vehicles (at simulation time 256.700,000,000 s)
2024-06-04 00:13:09,239 INFO  - Vehicle is inside the detection area. (at simulation time 256.800,000,000 s)
2024-06-04 00:13:09,239 INFO  - Vehicle is too far away from the traffic light. (at simulation time 256.800,000,000 s)
2024-06-04 00:13:09,239 INFO  - No vehicles in range. (at simulation time 256.800,000,000 s)
2024-06-04 00:13:09,239 INFO  - Neither the RSU nor any vehicle is in range. (at simulation time 256.800,000,000 s)
2024-06-04 00:13:09,239 INFO  - Sent broadcast CAM message to all vehicles (at simulation time 256.800,000,000 s)
2024-06-04 00:13:09,241 INFO  - Vehicle is inside the detection area. (at simulation time 256.900,000,000 s)
2024-06-04 00:13:09,241 INFO  - Vehicle is too far away from the traffic light. (at simulation time 256.900,000,000 s)
2024-06-04 00:13:09,241 INFO  - No vehicles in range. (at simulation time 256.900,000,000 s)
2024-06-04 00:13:09,241 INFO  - Neither the RSU nor any vehicle is in range. (at simulation time 256.900,000,000 s)
2024-06-04 00:13:09,241 INFO  - Sent broadcast CAM message to all vehicles (at simulation time 256.900,000,000 s)
2024-06-04 00:13:09,245 INFO  - Atempting to process queue (at simulation time 257.000,000,000 s)
2024-06-04 00:13:09,245 INFO  - Vehicle is inside the detection area. (at simulation time 257.000,000,000 s)
2024-06-04 00:13:09,245 INFO  - Sent Detection message to rsu_0 (at simulation time 257.000,000,000 s)
2024-06-04 00:13:09,245 INFO  - Sent broadcast CAM message to all vehicles (at simulation time 257.000,000,000 s)
2024-06-04 00:13:09,246 INFO  - Received CAM message from veh_78 (at simulation time 257.000,900,000 s)
2024-06-04 00:13:09,247 INFO  - Received CAM message from veh_87 (at simulation time 257.001,400,000 s)
2024-06-04 00:13:09,247 INFO  - Received CAM message from veh_99 (at simulation time 257.001,900,000 s)
2024-06-04 00:13:09,247 INFO  - Received CAM message from veh_70 (at simulation time 257.001,900,000 s)
2024-06-04 00:13:09,247 INFO  - Atempting to process queue (at simulation time 257.100,000,000 s)
2024-06-04 00:13:09,247 INFO  - Vehicle is inside the detection area. (at simulation time 257.100,000,000 s)
2024-06-04 00:13:09,247 INFO  - Sent Detection message to rsu_0 (at simulation time 257.100,000,000 s)
2024-06-04 00:13:09,247 INFO  - Sent broadcast CAM message to all vehicles (at simulation time 257.100,000,000 s)
2024-06-04 00:13:09,248 INFO  - Received CAM message from veh_78 (at simulation time 257.100,400,000 s)
2024-06-04 00:13:09,248 INFO  - Received CAM message from veh_99 (at simulation time 257.100,900,000 s)
2024-06-04 00:13:09,248 INFO  - Received CAM message from veh_87 (at simulation time 257.101,400,000 s)
2024-06-04 00:13:09,248 INFO  - Received CAM message from veh_70 (at simulation time 257.102,400,000 s)
2024-06-04 00:13:09,249 INFO  - Atempting to process queue (at simulation time 257.200,000,000 s)
2024-06-04 00:13:09,249 INFO  - Vehicle is inside the detection area. (at simulation time 257.200,000,000 s)
2024-06-04 00:13:09,249 INFO  - Sent Detection message to rsu_0 (at simulation time 257.200,000,000 s)
2024-06-04 00:13:09,249 INFO  - Sent broadcast CAM message to all vehicles (at simulation time 257.200,000,000 s)
2024-06-04 00:13:09,250 INFO  - Received CAM message from veh_99 (at simulation time 257.200,900,000 s)
2024-06-04 00:13:09,250 INFO  - Received CAM message from veh_78 (at simulation time 257.201,400,000 s)
2024-06-04 00:13:09,250 INFO  - Received CAM message from veh_70 (at simulation time 257.201,900,000 s)
2024-06-04 00:13:09,250 INFO  - Received CAM message from veh_87 (at simulation time 257.202,400,000 s)
2024-06-04 00:13:09,250 INFO  - Atempting to process queue (at simulation time 257.300,000,000 s)
2024-06-04 00:13:09,250 INFO  - Vehicle is inside the detection area. (at simulation time 257.300,000,000 s)
2024-06-04 00:13:09,250 INFO  - Sent Detection message to rsu_0 (at simulation time 257.300,000,000 s)
2024-06-04 00:13:09,250 INFO  - Sent broadcast CAM message to all vehicles (at simulation time 257.300,000,000 s)
2024-06-04 00:13:09,251 INFO  - Received CAM message from veh_70 (at simulation time 257.300,400,000 s)
2024-06-04 00:13:09,251 INFO  - Received CAM message from veh_99 (at simulation time 257.300,900,000 s)
2024-06-04 00:13:09,252 INFO  - Received CAM message from veh_87 (at simulation time 257.301,400,000 s)
2024-06-04 00:13:09,252 INFO  - Received CAM message from veh_78 (at simulation time 257.302,400,000 s)
2024-06-04 00:13:09,252 INFO  - Atempting to process queue (at simulation time 257.400,000,000 s)
2024-06-04 00:13:09,252 INFO  - Vehicle is inside the detection area. (at simulation time 257.400,000,000 s)
2024-06-04 00:13:09,252 INFO  - Sent Detection message to rsu_0 (at simulation time 257.400,000,000 s)
2024-06-04 00:13:09,252 INFO  - Sent broadcast CAM message to all vehicles (at simulation time 257.400,000,000 s)
2024-06-04 00:13:09,253 INFO  - Received CAM message from veh_78 (at simulation time 257.400,400,000 s)
2024-06-04 00:13:09,253 INFO  - Received CAM message from veh_70 (at simulation time 257.400,400,000 s)
2024-06-04 00:13:09,254 INFO  - Received CAM message from veh_87 (at simulation time 257.401,900,000 s)
2024-06-04 00:13:09,254 INFO  - Received CAM message from veh_99 (at simulation time 257.402,400,000 s)
2024-06-04 00:13:09,254 INFO  - Atempting to process queue (at simulation time 257.500,000,000 s)
2024-06-04 00:13:09,254 INFO  - Vehicle is inside the detection area. (at simulation time 257.500,000,000 s)
2024-06-04 00:13:09,254 INFO  - Sent Detection message to rsu_0 (at simulation time 257.500,000,000 s)
2024-06-04 00:13:09,254 INFO  - Sent broadcast CAM message to all vehicles (at simulation time 257.500,000,000 s)
2024-06-04 00:13:09,254 INFO  - Received CAM message from veh_87 (at simulation time 257.500,400,000 s)
2024-06-04 00:13:09,255 INFO  - Received CAM message from veh_70 (at simulation time 257.501,400,000 s)
2024-06-04 00:13:09,255 INFO  - Received CAM message from veh_99 (at simulation time 257.501,900,000 s)
2024-06-04 00:13:09,255 INFO  - Received CAM message from veh_78 (at simulation time 257.502,400,000 s)
2024-06-04 00:13:09,255 INFO  - Atempting to process queue (at simulation time 257.600,000,000 s)
2024-06-04 00:13:09,255 INFO  - Vehicle is inside the detection area. (at simulation time 257.600,000,000 s)
2024-06-04 00:13:09,255 INFO  - Sent Detection message to rsu_0 (at simulation time 257.600,000,000 s)
2024-06-04 00:13:09,255 INFO  - Sent broadcast CAM message to all vehicles (at simulation time 257.600,000,000 s)
2024-06-04 00:13:09,256 INFO  - Received CAM message from veh_87 (at simulation time 257.600,400,000 s)
2024-06-04 00:13:09,256 INFO  - Received CAM message from veh_78 (at simulation time 257.600,400,000 s)
2024-06-04 00:13:09,256 INFO  - Received CAM message from veh_99 (at simulation time 257.600,900,000 s)
2024-06-04 00:13:09,257 INFO  - Received CAM message from veh_70 (at simulation time 257.601,400,000 s)
2024-06-04 00:13:09,257 INFO  - Atempting to process queue (at simulation time 257.700,000,000 s)
2024-06-04 00:13:09,257 INFO  - Vehicle is inside the detection area. (at simulation time 257.700,000,000 s)
2024-06-04 00:13:09,257 INFO  - Sent Detection message to rsu_0 (at simulation time 257.700,000,000 s)
2024-06-04 00:13:09,257 INFO  - Sent broadcast CAM message to all vehicles (at simulation time 257.700,000,000 s)
2024-06-04 00:13:09,258 INFO  - Received CAM message from veh_99 (at simulation time 257.700,400,000 s)
2024-06-04 00:13:09,258 INFO  - Received CAM message from veh_87 (at simulation time 257.700,400,000 s)
2024-06-04 00:13:09,258 INFO  - Received CAM message from veh_78 (at simulation time 257.700,400,000 s)
2024-06-04 00:13:09,258 INFO  - Received CAM message from veh_70 (at simulation time 257.700,400,000 s)
2024-06-04 00:13:09,259 INFO  - Atempting to process queue (at simulation time 257.800,000,000 s)
2024-06-04 00:13:09,259 INFO  - Vehicle is inside the detection area. (at simulation time 257.800,000,000 s)
2024-06-04 00:13:09,259 INFO  - Sent Detection message to rsu_0 (at simulation time 257.800,000,000 s)
2024-06-04 00:13:09,259 INFO  - Sent broadcast CAM message to all vehicles (at simulation time 257.800,000,000 s)
2024-06-04 00:13:09,259 INFO  - Received CAM message from veh_70 (at simulation time 257.800,400,000 s)
2024-06-04 00:13:09,259 INFO  - Received CAM message from veh_87 (at simulation time 257.801,400,000 s)
2024-06-04 00:13:09,260 INFO  - Received CAM message from veh_78 (at simulation time 257.801,900,000 s)
2024-06-04 00:13:09,260 INFO  - Received CAM message from veh_99 (at simulation time 257.802,400,000 s)
2024-06-04 00:13:09,260 INFO  - Atempting to process queue (at simulation time 257.900,000,000 s)
2024-06-04 00:13:09,260 INFO  - Vehicle is inside the detection area. (at simulation time 257.900,000,000 s)
2024-06-04 00:13:09,260 INFO  - Sent Detection message to rsu_0 (at simulation time 257.900,000,000 s)
2024-06-04 00:13:09,260 INFO  - Sent broadcast CAM message to all vehicles (at simulation time 257.900,000,000 s)
2024-06-04 00:13:09,260 INFO  - Received CAM message from veh_78 (at simulation time 257.900,400,000 s)
2024-06-04 00:13:09,260 INFO  - Received CAM message from veh_99 (at simulation time 257.900,900,000 s)
2024-06-04 00:13:09,261 INFO  - Received CAM message from veh_87 (at simulation time 257.902,400,000 s)
2024-06-04 00:13:09,261 INFO  - Received CAM message from veh_70 (at simulation time 257.902,400,000 s)
2024-06-04 00:13:09,265 INFO  - Atempting to process queue (at simulation time 258.000,000,000 s)
2024-06-04 00:13:09,265 INFO  - Vehicle is inside the detection area. (at simulation time 258.000,000,000 s)
2024-06-04 00:13:09,265 INFO  - Sent Detection message to rsu_0 (at simulation time 258.000,000,000 s)
2024-06-04 00:13:09,265 INFO  - Sent broadcast CAM message to all vehicles (at simulation time 258.000,000,000 s)
2024-06-04 00:13:09,267 INFO  - Received CAM message from veh_81 (at simulation time 258.000,400,000 s)
2024-06-04 00:13:09,268 INFO  - Received CAM message from veh_78 (at simulation time 258.001,900,000 s)
2024-06-04 00:13:09,268 INFO  - Received CAM message from veh_99 (at simulation time 258.002,400,000 s)
2024-06-04 00:13:09,268 INFO  - Received CAM message from veh_93 (at simulation time 258.002,400,000 s)
2024-06-04 00:13:09,268 INFO  - Received CAM message from veh_87 (at simulation time 258.002,400,000 s)
2024-06-04 00:13:09,268 INFO  - Received CAM message from veh_70 (at simulation time 258.002,400,000 s)
2024-06-04 00:13:09,268 INFO  - Atempting to process queue (at simulation time 258.100,000,000 s)
2024-06-04 00:13:09,268 INFO  - Vehicle is inside the detection area. (at simulation time 258.100,000,000 s)
2024-06-04 00:13:09,268 INFO  - Sent Detection message to rsu_0 (at simulation time 258.100,000,000 s)
2024-06-04 00:13:09,268 INFO  - Sent broadcast CAM message to all vehicles (at simulation time 258.100,000,000 s)
2024-06-04 00:13:09,269 INFO  - Received CAM message from veh_70 (at simulation time 258.100,400,000 s)
2024-06-04 00:13:09,269 INFO  - Received CAM message from veh_93 (at simulation time 258.100,900,000 s)
2024-06-04 00:13:09,269 INFO  - Received CAM message from veh_87 (at simulation time 258.100,900,000 s)
2024-06-04 00:13:09,269 INFO  - Received CAM message from veh_78 (at simulation time 258.100,900,000 s)
2024-06-04 00:13:09,269 INFO  - Received CAM message from veh_81 (at simulation time 258.101,400,000 s)
2024-06-04 00:13:09,269 INFO  - Received CAM message from veh_99 (at simulation time 258.101,900,000 s)
2024-06-04 00:13:09,270 INFO  - Atempting to process queue (at simulation time 258.200,000,000 s)
2024-06-04 00:13:09,270 INFO  - Vehicle is inside the detection area. (at simulation time 258.200,000,000 s)
2024-06-04 00:13:09,270 INFO  - Sent Detection message to rsu_0 (at simulation time 258.200,000,000 s)
2024-06-04 00:13:09,270 INFO  - Sent broadcast CAM message to all vehicles (at simulation time 258.200,000,000 s)
2024-06-04 00:13:09,270 INFO  - Received CAM message from veh_93 (at simulation time 258.200,400,000 s)
2024-06-04 00:13:09,271 INFO  - Received CAM message from veh_99 (at simulation time 258.202,400,000 s)
2024-06-04 00:13:09,271 INFO  - Received CAM message from veh_87 (at simulation time 258.202,400,000 s)
2024-06-04 00:13:09,271 INFO  - Received CAM message from veh_81 (at simulation time 258.202,400,000 s)
2024-06-04 00:13:09,271 INFO  - Received CAM message from veh_78 (at simulation time 258.202,400,000 s)
2024-06-04 00:13:09,271 INFO  - Received CAM message from veh_70 (at simulation time 258.202,400,000 s)
2024-06-04 00:13:09,271 INFO  - Atempting to process queue (at simulation time 258.300,000,000 s)
2024-06-04 00:13:09,271 INFO  - Vehicle is inside the detection area. (at simulation time 258.300,000,000 s)
2024-06-04 00:13:09,271 INFO  - Sent Detection message to rsu_0 (at simulation time 258.300,000,000 s)
2024-06-04 00:13:09,271 INFO  - Sent broadcast CAM message to all vehicles (at simulation time 258.300,000,000 s)
2024-06-04 00:13:09,272 INFO  - Received CAM message from veh_93 (at simulation time 258.300,900,000 s)
2024-06-04 00:13:09,272 INFO  - Received CAM message from veh_70 (at simulation time 258.300,900,000 s)
2024-06-04 00:13:09,273 INFO  - Received CAM message from veh_78 (at simulation time 258.301,400,000 s)
2024-06-04 00:13:09,273 INFO  - Received CAM message from veh_81 (at simulation time 258.301,900,000 s)
2024-06-04 00:13:09,273 INFO  - Received CAM message from veh_99 (at simulation time 258.302,400,000 s)
2024-06-04 00:13:09,273 INFO  - Received CAM message from veh_87 (at simulation time 258.302,400,000 s)
2024-06-04 00:13:09,273 INFO  - Atempting to process queue (at simulation time 258.400,000,000 s)
2024-06-04 00:13:09,273 INFO  - Vehicle is inside the detection area. (at simulation time 258.400,000,000 s)
2024-06-04 00:13:09,273 INFO  - Sent Detection message to rsu_0 (at simulation time 258.400,000,000 s)
2024-06-04 00:13:09,273 INFO  - Sent broadcast CAM message to all vehicles (at simulation time 258.400,000,000 s)
2024-06-04 00:13:09,274 INFO  - Received CAM message from veh_99 (at simulation time 258.400,400,000 s)
2024-06-04 00:13:09,274 INFO  - Received CAM message from veh_87 (at simulation time 258.400,400,000 s)
2024-06-04 00:13:09,274 INFO  - Received CAM message from veh_93 (at simulation time 258.400,900,000 s)
2024-06-04 00:13:09,274 INFO  - Received CAM message from veh_70 (at simulation time 258.400,900,000 s)
2024-06-04 00:13:09,275 INFO  - Received CAM message from veh_81 (at simulation time 258.402,400,000 s)
2024-06-04 00:13:09,275 INFO  - Received CAM message from veh_78 (at simulation time 258.402,400,000 s)
2024-06-04 00:13:09,275 INFO  - Atempting to process queue (at simulation time 258.500,000,000 s)
2024-06-04 00:13:09,275 INFO  - Vehicle is inside the detection area. (at simulation time 258.500,000,000 s)
2024-06-04 00:13:09,275 INFO  - Sent Detection message to rsu_0 (at simulation time 258.500,000,000 s)
2024-06-04 00:13:09,275 INFO  - Sent broadcast CAM message to all vehicles (at simulation time 258.500,000,000 s)
2024-06-04 00:13:09,276 INFO  - Received CAM message from veh_87 (at simulation time 258.500,400,000 s)
2024-06-04 00:13:09,276 INFO  - Received CAM message from veh_99 (at simulation time 258.500,900,000 s)
2024-06-04 00:13:09,276 INFO  - Received CAM message from veh_93 (at simulation time 258.501,400,000 s)
2024-06-04 00:13:09,276 INFO  - Received CAM message from veh_70 (at simulation time 258.501,900,000 s)
2024-06-04 00:13:09,276 INFO  - Received CAM message from veh_81 (at simulation time 258.502,400,000 s)
2024-06-04 00:13:09,276 INFO  - Received CAM message from veh_78 (at simulation time 258.502,400,000 s)
2024-06-04 00:13:09,276 INFO  - Atempting to process queue (at simulation time 258.600,000,000 s)
2024-06-04 00:13:09,276 INFO  - Vehicle is inside the detection area. (at simulation time 258.600,000,000 s)
2024-06-04 00:13:09,276 INFO  - Sent Detection message to rsu_0 (at simulation time 258.600,000,000 s)
2024-06-04 00:13:09,276 INFO  - Sent broadcast CAM message to all vehicles (at simulation time 258.600,000,000 s)
2024-06-04 00:13:09,277 INFO  - Received CAM message from veh_70 (at simulation time 258.600,400,000 s)
2024-06-04 00:13:09,277 INFO  - Received CAM message from veh_99 (at simulation time 258.601,400,000 s)
2024-06-04 00:13:09,277 INFO  - Received CAM message from veh_93 (at simulation time 258.601,400,000 s)
2024-06-04 00:13:09,277 INFO  - Received CAM message from veh_81 (at simulation time 258.601,400,000 s)
2024-06-04 00:13:09,277 INFO  - Received CAM message from veh_87 (at simulation time 258.601,900,000 s)
2024-06-04 00:13:09,278 INFO  - Received CAM message from veh_78 (at simulation time 258.602,400,000 s)
2024-06-04 00:13:09,278 INFO  - Atempting to process queue (at simulation time 258.700,000,000 s)
2024-06-04 00:13:09,278 INFO  - Vehicle is inside the detection area. (at simulation time 258.700,000,000 s)
2024-06-04 00:13:09,278 INFO  - Sent Detection message to rsu_0 (at simulation time 258.700,000,000 s)
2024-06-04 00:13:09,278 INFO  - Sent broadcast CAM message to all vehicles (at simulation time 258.700,000,000 s)
2024-06-04 00:13:09,278 INFO  - Received CAM message from veh_93 (at simulation time 258.700,900,000 s)
2024-06-04 00:13:09,278 INFO  - Received CAM message from veh_78 (at simulation time 258.700,900,000 s)
2024-06-04 00:13:09,278 INFO  - Received CAM message from veh_70 (at simulation time 258.700,900,000 s)
2024-06-04 00:13:09,279 INFO  - Received CAM message from veh_99 (at simulation time 258.702,400,000 s)
2024-06-04 00:13:09,279 INFO  - Received CAM message from veh_87 (at simulation time 258.702,400,000 s)
2024-06-04 00:13:09,279 INFO  - Received CAM message from veh_81 (at simulation time 258.702,400,000 s)
2024-06-04 00:13:09,279 INFO  - Atempting to process queue (at simulation time 258.800,000,000 s)
2024-06-04 00:13:09,279 INFO  - Vehicle is inside the detection area. (at simulation time 258.800,000,000 s)
2024-06-04 00:13:09,279 INFO  - Sent Detection message to rsu_0 (at simulation time 258.800,000,000 s)
2024-06-04 00:13:09,279 INFO  - Sent broadcast CAM message to all vehicles (at simulation time 258.800,000,000 s)
2024-06-04 00:13:09,280 INFO  - Received CAM message from veh_99 (at simulation time 258.800,400,000 s)
2024-06-04 00:13:09,280 INFO  - Received CAM message from veh_70 (at simulation time 258.800,400,000 s)
2024-06-04 00:13:09,280 INFO  - Received CAM message from veh_87 (at simulation time 258.800,900,000 s)
2024-06-04 00:13:09,280 INFO  - Received CAM message from veh_78 (at simulation time 258.800,900,000 s)
2024-06-04 00:13:09,280 INFO  - Received CAM message from veh_81 (at simulation time 258.801,400,000 s)
2024-06-04 00:13:09,280 INFO  - Received CAM message from veh_93 (at simulation time 258.801,900,000 s)
2024-06-04 00:13:09,281 INFO  - Atempting to process queue (at simulation time 258.900,000,000 s)
2024-06-04 00:13:09,281 INFO  - Vehicle is inside the detection area. (at simulation time 258.900,000,000 s)
2024-06-04 00:13:09,281 INFO  - Sent Detection message to rsu_0 (at simulation time 258.900,000,000 s)
2024-06-04 00:13:09,281 INFO  - Sent broadcast CAM message to all vehicles (at simulation time 258.900,000,000 s)
2024-06-04 00:13:09,281 INFO  - Received CAM message from veh_87 (at simulation time 258.900,400,000 s)
2024-06-04 00:13:09,282 INFO  - Received CAM message from veh_78 (at simulation time 258.901,400,000 s)
2024-06-04 00:13:09,282 INFO  - Received CAM message from veh_81 (at simulation time 258.901,900,000 s)
2024-06-04 00:13:09,282 INFO  - Received CAM message from veh_99 (at simulation time 258.902,400,000 s)
2024-06-04 00:13:09,282 INFO  - Received CAM message from veh_93 (at simulation time 258.902,400,000 s)
2024-06-04 00:13:09,282 INFO  - Received CAM message from veh_70 (at simulation time 258.902,400,000 s)
2024-06-04 00:13:09,288 INFO  - Atempting to process queue (at simulation time 259.000,000,000 s)
2024-06-04 00:13:09,288 INFO  - Vehicle is outside the detection area. (at simulation time 259.000,000,000 s)
2024-06-04 00:13:09,288 INFO  - Sent broadcast CAM message to all vehicles (at simulation time 259.000,000,000 s)
2024-06-04 00:13:09,290 INFO  - Received CAM message from veh_111 (at simulation time 259.000,400,000 s)
2024-06-04 00:13:09,290 INFO  - Received CAM message from veh_99 (at simulation time 259.000,400,000 s)
2024-06-04 00:13:09,290 INFO  - Received CAM message from veh_78 (at simulation time 259.000,400,000 s)
2024-06-04 00:13:09,290 INFO  - Received CAM message from veh_87 (at simulation time 259.000,900,000 s)
2024-06-04 00:13:09,290 INFO  - Received CAM message from veh_81 (at simulation time 259.001,400,000 s)
2024-06-04 00:13:09,290 INFO  - Received CAM message from veh_70 (at simulation time 259.001,900,000 s)
2024-06-04 00:13:09,291 INFO  - Received CAM message from veh_93 (at simulation time 259.002,400,000 s)
2024-06-04 00:13:09,291 INFO  - Atempting to process queue (at simulation time 259.100,000,000 s)
2024-06-04 00:13:09,291 INFO  - Vehicle is outside the detection area. (at simulation time 259.100,000,000 s)
2024-06-04 00:13:09,291 INFO  - Sent broadcast CAM message to all vehicles (at simulation time 259.100,000,000 s)
2024-06-04 00:13:09,291 INFO  - Received CAM message from veh_99 (at simulation time 259.100,400,000 s)
2024-06-04 00:13:09,291 INFO  - Received CAM message from veh_81 (at simulation time 259.100,400,000 s)
2024-06-04 00:13:09,291 INFO  - Received CAM message from veh_93 (at simulation time 259.100,900,000 s)
2024-06-04 00:13:09,292 INFO  - Received CAM message from veh_78 (at simulation time 259.101,400,000 s)
2024-06-04 00:13:09,292 INFO  - Received CAM message from veh_111 (at simulation time 259.101,900,000 s)
2024-06-04 00:13:09,292 INFO  - Received CAM message from veh_70 (at simulation time 259.101,900,000 s)
2024-06-04 00:13:09,292 INFO  - Received CAM message from veh_87 (at simulation time 259.102,400,000 s)
2024-06-04 00:13:09,292 INFO  - Atempting to process queue (at simulation time 259.200,000,000 s)
2024-06-04 00:13:09,292 INFO  - Vehicle is outside the detection area. (at simulation time 259.200,000,000 s)
2024-06-04 00:13:09,292 INFO  - Sent broadcast CAM message to all vehicles (at simulation time 259.200,000,000 s)
2024-06-04 00:13:09,293 INFO  - Received CAM message from veh_78 (at simulation time 259.200,400,000 s)
2024-06-04 00:13:09,293 INFO  - Received CAM message from veh_70 (at simulation time 259.200,400,000 s)
2024-06-04 00:13:09,293 INFO  - Received CAM message from veh_99 (at simulation time 259.201,900,000 s)
2024-06-04 00:13:09,293 INFO  - Received CAM message from veh_111 (at simulation time 259.202,400,000 s)
2024-06-04 00:13:09,294 INFO  - Received CAM message from veh_93 (at simulation time 259.202,400,000 s)
2024-06-04 00:13:09,294 INFO  - Received CAM message from veh_87 (at simulation time 259.202,400,000 s)
2024-06-04 00:13:09,294 INFO  - Received CAM message from veh_81 (at simulation time 259.202,400,000 s)
2024-06-04 00:13:09,294 INFO  - Atempting to process queue (at simulation time 259.300,000,000 s)
2024-06-04 00:13:09,294 INFO  - Vehicle is outside the detection area. (at simulation time 259.300,000,000 s)
2024-06-04 00:13:09,294 INFO  - Sent broadcast CAM message to all vehicles (at simulation time 259.300,000,000 s)
2024-06-04 00:13:09,294 INFO  - Received CAM message from veh_111 (at simulation time 259.300,400,000 s)
2024-06-04 00:13:09,294 INFO  - Received CAM message from veh_99 (at simulation time 259.300,400,000 s)
2024-06-04 00:13:09,294 INFO  - Received CAM message from veh_78 (at simulation time 259.300,400,000 s)
2024-06-04 00:13:09,294 INFO  - Received CAM message from veh_81 (at simulation time 259.300,900,000 s)
2024-06-04 00:13:09,294 INFO  - Received CAM message from veh_70 (at simulation time 259.300,900,000 s)
2024-06-04 00:13:09,295 INFO  - Received CAM message from veh_87 (at simulation time 259.301,400,000 s)
2024-06-04 00:13:09,295 INFO  - Received CAM message from veh_93 (at simulation time 259.301,900,000 s)
2024-06-04 00:13:09,295 INFO  - Atempting to process queue (at simulation time 259.400,000,000 s)
2024-06-04 00:13:09,295 INFO  - Vehicle is outside the detection area. (at simulation time 259.400,000,000 s)
2024-06-04 00:13:09,295 INFO  - Sent broadcast CAM message to all vehicles (at simulation time 259.400,000,000 s)
2024-06-04 00:13:09,296 INFO  - Received CAM message from veh_111 (at simulation time 259.400,400,000 s)
2024-06-04 00:13:09,296 INFO  - Received CAM message from veh_93 (at simulation time 259.400,400,000 s)
2024-06-04 00:13:09,296 INFO  - Received CAM message from veh_87 (at simulation time 259.400,400,000 s)
2024-06-04 00:13:09,296 INFO  - Received CAM message from veh_70 (at simulation time 259.400,400,000 s)
2024-06-04 00:13:09,296 INFO  - Received CAM message from veh_99 (at simulation time 259.401,400,000 s)
2024-06-04 00:13:09,296 INFO  - Received CAM message from veh_81 (at simulation time 259.401,400,000 s)
2024-06-04 00:13:09,296 INFO  - Received CAM message from veh_78 (at simulation time 259.401,400,000 s)
2024-06-04 00:13:09,296 INFO  - Atempting to process queue (at simulation time 259.500,000,000 s)
2024-06-04 00:13:09,296 INFO  - Vehicle is outside the detection area. (at simulation time 259.500,000,000 s)
2024-06-04 00:13:09,296 INFO  - Sent broadcast CAM message to all vehicles (at simulation time 259.500,000,000 s)
2024-06-04 00:13:09,297 INFO  - Received CAM message from veh_111 (at simulation time 259.500,400,000 s)
2024-06-04 00:13:09,297 INFO  - Received CAM message from veh_99 (at simulation time 259.500,900,000 s)
2024-06-04 00:13:09,297 INFO  - Received CAM message from veh_87 (at simulation time 259.500,900,000 s)
2024-06-04 00:13:09,297 INFO  - Received CAM message from veh_93 (at simulation time 259.501,400,000 s)
2024-06-04 00:13:09,298 INFO  - Received CAM message from veh_78 (at simulation time 259.501,900,000 s)
2024-06-04 00:13:09,298 INFO  - Received CAM message from veh_81 (at simulation time 259.502,400,000 s)
2024-06-04 00:13:09,298 INFO  - Received CAM message from veh_70 (at simulation time 259.502,400,000 s)
2024-06-04 00:13:09,298 INFO  - Atempting to process queue (at simulation time 259.600,000,000 s)
2024-06-04 00:13:09,298 INFO  - Vehicle is outside the detection area. (at simulation time 259.600,000,000 s)
2024-06-04 00:13:09,298 INFO  - Sent broadcast CAM message to all vehicles (at simulation time 259.600,000,000 s)
2024-06-04 00:13:09,299 INFO  - Received CAM message from veh_99 (at simulation time 259.600,400,000 s)
2024-06-04 00:13:09,299 INFO  - Received CAM message from veh_93 (at simulation time 259.601,400,000 s)
2024-06-04 00:13:09,299 INFO  - Received CAM message from veh_111 (at simulation time 259.601,900,000 s)
2024-06-04 00:13:09,299 INFO  - Received CAM message from veh_87 (at simulation time 259.601,900,000 s)
2024-06-04 00:13:09,299 INFO  - Received CAM message from veh_70 (at simulation time 259.601,900,000 s)
2024-06-04 00:13:09,300 INFO  - Received CAM message from veh_81 (at simulation time 259.602,400,000 s)
2024-06-04 00:13:09,300 INFO  - Received CAM message from veh_78 (at simulation time 259.602,400,000 s)
2024-06-04 00:13:09,300 INFO  - Atempting to process queue (at simulation time 259.700,000,000 s)
2024-06-04 00:13:09,300 INFO  - Vehicle is outside the detection area. (at simulation time 259.700,000,000 s)
2024-06-04 00:13:09,300 INFO  - Sent broadcast CAM message to all vehicles (at simulation time 259.700,000,000 s)
2024-06-04 00:13:09,300 INFO  - Received CAM message from veh_99 (at simulation time 259.700,400,000 s)
2024-06-04 00:13:09,300 INFO  - Received CAM message from veh_87 (at simulation time 259.700,400,000 s)
2024-06-04 00:13:09,300 INFO  - Received CAM message from veh_70 (at simulation time 259.700,400,000 s)
2024-06-04 00:13:09,300 INFO  - Received CAM message from veh_111 (at simulation time 259.700,900,000 s)
2024-06-04 00:13:09,300 INFO  - Received CAM message from veh_93 (at simulation time 259.700,900,000 s)
2024-06-04 00:13:09,300 INFO  - Received CAM message from veh_78 (at simulation time 259.700,900,000 s)
2024-06-04 00:13:09,301 INFO  - Received CAM message from veh_81 (at simulation time 259.701,400,000 s)
2024-06-04 00:13:09,301 INFO  - Atempting to process queue (at simulation time 259.800,000,000 s)
2024-06-04 00:13:09,301 INFO  - Vehicle is outside the detection area. (at simulation time 259.800,000,000 s)
2024-06-04 00:13:09,301 INFO  - Sent broadcast CAM message to all vehicles (at simulation time 259.800,000,000 s)
2024-06-04 00:13:09,302 INFO  - Received CAM message from veh_111 (at simulation time 259.800,400,000 s)
2024-06-04 00:13:09,302 INFO  - Received CAM message from veh_78 (at simulation time 259.800,400,000 s)
2024-06-04 00:13:09,302 INFO  - Received CAM message from veh_81 (at simulation time 259.800,900,000 s)
2024-06-04 00:13:09,302 INFO  - Received CAM message from veh_93 (at simulation time 259.801,400,000 s)
2024-06-04 00:13:09,302 INFO  - Received CAM message from veh_70 (at simulation time 259.801,400,000 s)
2024-06-04 00:13:09,303 INFO  - Received CAM message from veh_99 (at simulation time 259.801,900,000 s)
2024-06-04 00:13:09,303 INFO  - Received CAM message from veh_87 (at simulation time 259.801,900,000 s)
2024-06-04 00:13:09,303 INFO  - Atempting to process queue (at simulation time 259.900,000,000 s)
2024-06-04 00:13:09,303 INFO  - Vehicle is outside the detection area. (at simulation time 259.900,000,000 s)
2024-06-04 00:13:09,303 INFO  - Sent broadcast CAM message to all vehicles (at simulation time 259.900,000,000 s)
2024-06-04 00:13:09,304 INFO  - Received CAM message from veh_93 (at simulation time 259.900,900,000 s)
2024-06-04 00:13:09,304 INFO  - Received CAM message from veh_78 (at simulation time 259.900,900,000 s)
2024-06-04 00:13:09,304 INFO  - Received CAM message from veh_99 (at simulation time 259.901,400,000 s)
2024-06-04 00:13:09,304 INFO  - Received CAM message from veh_81 (at simulation time 259.901,400,000 s)
2024-06-04 00:13:09,304 INFO  - Received CAM message from veh_87 (at simulation time 259.901,900,000 s)
2024-06-04 00:13:09,305 INFO  - Received CAM message from veh_111 (at simulation time 259.902,400,000 s)
2024-06-04 00:13:09,305 INFO  - Received CAM message from veh_70 (at simulation time 259.902,400,000 s)
2024-06-04 00:13:09,309 INFO  - Atempting to process queue (at simulation time 260.000,000,000 s)
2024-06-04 00:13:09,309 INFO  - Vehicle is outside the detection area. (at simulation time 260.000,000,000 s)
2024-06-04 00:13:09,309 INFO  - Sent broadcast CAM message to all vehicles (at simulation time 260.000,000,000 s)
2024-06-04 00:13:09,310 INFO  - Received CAM message from veh_78 (at simulation time 260.000,400,000 s)
2024-06-04 00:13:09,310 INFO  - Received CAM message from veh_70 (at simulation time 260.000,900,000 s)
2024-06-04 00:13:09,310 INFO  - Received CAM message from veh_99 (at simulation time 260.001,400,000 s)
2024-06-04 00:13:09,310 INFO  - Received CAM message from veh_87 (at simulation time 260.001,400,000 s)
2024-06-04 00:13:09,310 INFO  - Received CAM message from veh_93 (at simulation time 260.001,900,000 s)
2024-06-04 00:13:09,311 INFO  - Atempting to process queue (at simulation time 260.100,000,000 s)
2024-06-04 00:13:09,311 INFO  - Vehicle is outside the detection area. (at simulation time 260.100,000,000 s)
2024-06-04 00:13:09,311 INFO  - Sent broadcast CAM message to all vehicles (at simulation time 260.100,000,000 s)
2024-06-04 00:13:09,311 INFO  - Received CAM message from veh_87 (at simulation time 260.100,400,000 s)
2024-06-04 00:13:09,311 INFO  - Received CAM message from veh_78 (at simulation time 260.100,900,000 s)
2024-06-04 00:13:09,312 INFO  - Received CAM message from veh_99 (at simulation time 260.101,400,000 s)
2024-06-04 00:13:09,312 INFO  - Received CAM message from veh_93 (at simulation time 260.101,900,000 s)
2024-06-04 00:13:09,312 INFO  - Received CAM message from veh_70 (at simulation time 260.102,400,000 s)
2024-06-04 00:13:09,312 INFO  - Atempting to process queue (at simulation time 260.200,000,000 s)
2024-06-04 00:13:09,312 INFO  - Vehicle is outside the detection area. (at simulation time 260.200,000,000 s)
2024-06-04 00:13:09,312 INFO  - Sent broadcast CAM message to all vehicles (at simulation time 260.200,000,000 s)
2024-06-04 00:13:09,313 INFO  - Received CAM message from veh_93 (at simulation time 260.200,400,000 s)
2024-06-04 00:13:09,313 INFO  - Received CAM message from veh_87 (at simulation time 260.200,400,000 s)
2024-06-04 00:13:09,313 INFO  - Received CAM message from veh_99 (at simulation time 260.201,400,000 s)
2024-06-04 00:13:09,313 INFO  - Received CAM message from veh_78 (at simulation time 260.201,400,000 s)
2024-06-04 00:13:09,313 INFO  - Received CAM message from veh_70 (at simulation time 260.201,900,000 s)
2024-06-04 00:13:09,314 INFO  - Atempting to process queue (at simulation time 260.300,000,000 s)
2024-06-04 00:13:09,314 INFO  - Vehicle is outside the detection area. (at simulation time 260.300,000,000 s)
2024-06-04 00:13:09,314 INFO  - Sent broadcast CAM message to all vehicles (at simulation time 260.300,000,000 s)
2024-06-04 00:13:09,314 INFO  - Received CAM message from veh_93 (at simulation time 260.300,400,000 s)
2024-06-04 00:13:09,314 INFO  - Received CAM message from veh_87 (at simulation time 260.300,400,000 s)
2024-06-04 00:13:09,314 INFO  - Received CAM message from veh_99 (at simulation time 260.300,900,000 s)
2024-06-04 00:13:09,314 INFO  - Received CAM message from veh_78 (at simulation time 260.300,900,000 s)
2024-06-04 00:13:09,315 INFO  - Received CAM message from veh_70 (at simulation time 260.301,400,000 s)
2024-06-04 00:13:09,315 INFO  - Atempting to process queue (at simulation time 260.400,000,000 s)
2024-06-04 00:13:09,315 INFO  - Vehicle is outside the detection area. (at simulation time 260.400,000,000 s)
2024-06-04 00:13:09,315 INFO  - Sent broadcast CAM message to all vehicles (at simulation time 260.400,000,000 s)
2024-06-04 00:13:09,316 INFO  - Received CAM message from veh_99 (at simulation time 260.400,400,000 s)
2024-06-04 00:13:09,316 INFO  - Received CAM message from veh_78 (at simulation time 260.401,900,000 s)
2024-06-04 00:13:09,316 INFO  - Received CAM message from veh_93 (at simulation time 260.402,400,000 s)
2024-06-04 00:13:09,316 INFO  - Received CAM message from veh_87 (at simulation time 260.402,400,000 s)
2024-06-04 00:13:09,316 INFO  - Received CAM message from veh_70 (at simulation time 260.402,400,000 s)
2024-06-04 00:13:09,316 INFO  - Atempting to process queue (at simulation time 260.500,000,000 s)
2024-06-04 00:13:09,316 INFO  - Vehicle is outside the detection area. (at simulation time 260.500,000,000 s)
2024-06-04 00:13:09,316 INFO  - Sent broadcast CAM message to all vehicles (at simulation time 260.500,000,000 s)
2024-06-04 00:13:09,317 INFO  - Received CAM message from veh_78 (at simulation time 260.500,400,000 s)
2024-06-04 00:13:09,317 INFO  - Received CAM message from veh_70 (at simulation time 260.500,400,000 s)
2024-06-04 00:13:09,317 INFO  - Received CAM message from veh_99 (at simulation time 260.500,900,000 s)
2024-06-04 00:13:09,318 INFO  - Received CAM message from veh_93 (at simulation time 260.501,900,000 s)
2024-06-04 00:13:09,318 INFO  - Received CAM message from veh_87 (at simulation time 260.501,900,000 s)
2024-06-04 00:13:09,318 INFO  - Atempting to process queue (at simulation time 260.600,000,000 s)
2024-06-04 00:13:09,318 INFO  - Vehicle is outside the detection area. (at simulation time 260.600,000,000 s)
2024-06-04 00:13:09,318 INFO  - Sent broadcast CAM message to all vehicles (at simulation time 260.600,000,000 s)
2024-06-04 00:13:09,319 INFO  - Received CAM message from veh_93 (at simulation time 260.600,900,000 s)
2024-06-04 00:13:09,319 INFO  - Received CAM message from veh_87 (at simulation time 260.601,400,000 s)
2024-06-04 00:13:09,319 INFO  - Received CAM message from veh_70 (at simulation time 260.601,400,000 s)
2024-06-04 00:13:09,319 INFO  - Received CAM message from veh_99 (at simulation time 260.602,400,000 s)
2024-06-04 00:13:09,319 INFO  - Received CAM message from veh_78 (at simulation time 260.602,400,000 s)
2024-06-04 00:13:09,319 INFO  - Atempting to process queue (at simulation time 260.700,000,000 s)
2024-06-04 00:13:09,319 INFO  - Vehicle is outside the detection area. (at simulation time 260.700,000,000 s)
2024-06-04 00:13:09,319 INFO  - Sent broadcast CAM message to all vehicles (at simulation time 260.700,000,000 s)
2024-06-04 00:13:09,320 INFO  - Received CAM message from veh_78 (at simulation time 260.700,400,000 s)
2024-06-04 00:13:09,320 INFO  - Received CAM message from veh_93 (at simulation time 260.700,900,000 s)
2024-06-04 00:13:09,320 INFO  - Received CAM message from veh_87 (at simulation time 260.700,900,000 s)
2024-06-04 00:13:09,320 INFO  - Received CAM message from veh_70 (at simulation time 260.700,900,000 s)
2024-06-04 00:13:09,320 INFO  - Received CAM message from veh_99 (at simulation time 260.701,400,000 s)
2024-06-04 00:13:09,321 INFO  - Atempting to process queue (at simulation time 260.800,000,000 s)
2024-06-04 00:13:09,321 INFO  - Vehicle is outside the detection area. (at simulation time 260.800,000,000 s)
2024-06-04 00:13:09,321 INFO  - Sent broadcast CAM message to all vehicles (at simulation time 260.800,000,000 s)
2024-06-04 00:13:09,322 INFO  - Received CAM message from veh_93 (at simulation time 260.800,400,000 s)
2024-06-04 00:13:09,322 INFO  - Received CAM message from veh_87 (at simulation time 260.800,900,000 s)
2024-06-04 00:13:09,322 INFO  - Received CAM message from veh_78 (at simulation time 260.801,400,000 s)
2024-06-04 00:13:09,323 INFO  - Received CAM message from veh_99 (at simulation time 260.801,900,000 s)
2024-06-04 00:13:09,323 INFO  - Received CAM message from veh_70 (at simulation time 260.801,900,000 s)
2024-06-04 00:13:09,323 INFO  - Atempting to process queue (at simulation time 260.900,000,000 s)
2024-06-04 00:13:09,323 INFO  - Vehicle is outside the detection area. (at simulation time 260.900,000,000 s)
2024-06-04 00:13:09,323 INFO  - Sent broadcast CAM message to all vehicles (at simulation time 260.900,000,000 s)
2024-06-04 00:13:09,324 INFO  - Received CAM message from veh_93 (at simulation time 260.901,400,000 s)
2024-06-04 00:13:09,324 INFO  - Received CAM message from veh_87 (at simulation time 260.901,900,000 s)
2024-06-04 00:13:09,324 INFO  - Received CAM message from veh_78 (at simulation time 260.901,900,000 s)
2024-06-04 00:13:09,324 INFO  - Received CAM message from veh_70 (at simulation time 260.901,900,000 s)
2024-06-04 00:13:09,325 INFO  - Received CAM message from veh_99 (at simulation time 260.902,400,000 s)
2024-06-04 00:13:09,328 INFO  - Atempting to process queue (at simulation time 261.000,000,000 s)
2024-06-04 00:13:09,328 INFO  - Vehicle is outside the detection area. (at simulation time 261.000,000,000 s)
2024-06-04 00:13:09,328 INFO  - Sent broadcast CAM message to all vehicles (at simulation time 261.000,000,000 s)
2024-06-04 00:13:09,329 INFO  - Received CAM message from veh_70 (at simulation time 261.000,400,000 s)
2024-06-04 00:13:09,329 INFO  - Received CAM message from veh_99 (at simulation time 261.000,900,000 s)
2024-06-04 00:13:09,329 INFO  - Received CAM message from veh_87 (at simulation time 261.000,900,000 s)
2024-06-04 00:13:09,330 INFO  - Atempting to process queue (at simulation time 261.100,000,000 s)
2024-06-04 00:13:09,330 INFO  - Vehicle is outside the detection area. (at simulation time 261.100,000,000 s)
2024-06-04 00:13:09,330 INFO  - Sent broadcast CAM message to all vehicles (at simulation time 261.100,000,000 s)
2024-06-04 00:13:09,331 INFO  - Received CAM message from veh_70 (at simulation time 261.101,400,000 s)
2024-06-04 00:13:09,331 INFO  - Received CAM message from veh_99 (at simulation time 261.101,900,000 s)
2024-06-04 00:13:09,331 INFO  - Received CAM message from veh_87 (at simulation time 261.102,400,000 s)
2024-06-04 00:13:09,331 INFO  - Atempting to process queue (at simulation time 261.200,000,000 s)
2024-06-04 00:13:09,331 INFO  - Vehicle is outside the detection area. (at simulation time 261.200,000,000 s)
2024-06-04 00:13:09,331 INFO  - Sent broadcast CAM message to all vehicles (at simulation time 261.200,000,000 s)
2024-06-04 00:13:09,332 INFO  - Received CAM message from veh_87 (at simulation time 261.200,400,000 s)
2024-06-04 00:13:09,332 INFO  - Received CAM message from veh_70 (at simulation time 261.200,400,000 s)
2024-06-04 00:13:09,332 INFO  - Received CAM message from veh_99 (at simulation time 261.201,400,000 s)
2024-06-04 00:13:09,333 INFO  - Atempting to process queue (at simulation time 261.300,000,000 s)
2024-06-04 00:13:09,333 INFO  - Vehicle is outside the detection area. (at simulation time 261.300,000,000 s)
2024-06-04 00:13:09,333 INFO  - Sent broadcast CAM message to all vehicles (at simulation time 261.300,000,000 s)
2024-06-04 00:13:09,333 INFO  - Received CAM message from veh_99 (at simulation time 261.300,400,000 s)
2024-06-04 00:13:09,333 INFO  - Received CAM message from veh_87 (at simulation time 261.300,400,000 s)
2024-06-04 00:13:09,333 INFO  - Received CAM message from veh_70 (at simulation time 261.301,400,000 s)
2024-06-04 00:13:09,334 INFO  - Atempting to process queue (at simulation time 261.400,000,000 s)
2024-06-04 00:13:09,334 INFO  - Vehicle is outside the detection area. (at simulation time 261.400,000,000 s)
2024-06-04 00:13:09,334 INFO  - Sent broadcast CAM message to all vehicles (at simulation time 261.400,000,000 s)
2024-06-04 00:13:09,334 INFO  - Received CAM message from veh_87 (at simulation time 261.400,400,000 s)
2024-06-04 00:13:09,335 INFO  - Received CAM message from veh_70 (at simulation time 261.400,900,000 s)
2024-06-04 00:13:09,335 INFO  - Received CAM message from veh_99 (at simulation time 261.401,900,000 s)
2024-06-04 00:13:09,335 INFO  - Atempting to process queue (at simulation time 261.500,000,000 s)
2024-06-04 00:13:09,335 INFO  - Vehicle is outside the detection area. (at simulation time 261.500,000,000 s)
2024-06-04 00:13:09,335 INFO  - Sent broadcast CAM message to all vehicles (at simulation time 261.500,000,000 s)
2024-06-04 00:13:09,336 INFO  - Received CAM message from veh_87 (at simulation time 261.500,400,000 s)
2024-06-04 00:13:09,336 INFO  - Received CAM message from veh_70 (at simulation time 261.501,900,000 s)
2024-06-04 00:13:09,336 INFO  - Received CAM message from veh_99 (at simulation time 261.502,400,000 s)
2024-06-04 00:13:09,337 INFO  - Atempting to process queue (at simulation time 261.600,000,000 s)
2024-06-04 00:13:09,337 INFO  - Vehicle is outside the detection area. (at simulation time 261.600,000,000 s)
2024-06-04 00:13:09,337 INFO  - Sent broadcast CAM message to all vehicles (at simulation time 261.600,000,000 s)
2024-06-04 00:13:09,337 INFO  - Received CAM message from veh_70 (at simulation time 261.600,400,000 s)
2024-06-04 00:13:09,337 INFO  - Received CAM message from veh_87 (at simulation time 261.600,900,000 s)
2024-06-04 00:13:09,338 INFO  - Received CAM message from veh_99 (at simulation time 261.601,900,000 s)
2024-06-04 00:13:09,338 INFO  - Atempting to process queue (at simulation time 261.700,000,000 s)
2024-06-04 00:13:09,338 INFO  - Vehicle is outside the detection area. (at simulation time 261.700,000,000 s)
2024-06-04 00:13:09,338 INFO  - Sent broadcast CAM message to all vehicles (at simulation time 261.700,000,000 s)
2024-06-04 00:13:09,339 INFO  - Received CAM message from veh_99 (at simulation time 261.700,400,000 s)
2024-06-04 00:13:09,339 INFO  - Received CAM message from veh_70 (at simulation time 261.701,400,000 s)
2024-06-04 00:13:09,340 INFO  - Received CAM message from veh_87 (at simulation time 261.702,400,000 s)
2024-06-04 00:13:09,340 INFO  - Atempting to process queue (at simulation time 261.800,000,000 s)
2024-06-04 00:13:09,340 INFO  - Vehicle is outside the detection area. (at simulation time 261.800,000,000 s)
2024-06-04 00:13:09,340 INFO  - Sent broadcast CAM message to all vehicles (at simulation time 261.800,000,000 s)
2024-06-04 00:13:09,341 INFO  - Received CAM message from veh_87 (at simulation time 261.800,900,000 s)
2024-06-04 00:13:09,341 INFO  - Received CAM message from veh_70 (at simulation time 261.800,900,000 s)
2024-06-04 00:13:09,341 INFO  - Received CAM message from veh_99 (at simulation time 261.802,400,000 s)
2024-06-04 00:13:09,341 INFO  - Atempting to process queue (at simulation time 261.900,000,000 s)
2024-06-04 00:13:09,341 INFO  - Vehicle is outside the detection area. (at simulation time 261.900,000,000 s)
2024-06-04 00:13:09,342 INFO  - Sent broadcast CAM message to all vehicles (at simulation time 261.900,000,000 s)
2024-06-04 00:13:09,342 INFO  - Received CAM message from veh_99 (at simulation time 261.900,900,000 s)
2024-06-04 00:13:09,342 INFO  - Received CAM message from veh_87 (at simulation time 261.900,900,000 s)
2024-06-04 00:13:09,343 INFO  - Received CAM message from veh_70 (at simulation time 261.901,400,000 s)
2024-06-04 00:13:09,347 INFO  - Atempting to process queue (at simulation time 262.000,000,000 s)
2024-06-04 00:13:09,347 INFO  - Vehicle is outside the detection area. (at simulation time 262.000,000,000 s)
2024-06-04 00:13:09,347 INFO  - Sent broadcast CAM message to all vehicles (at simulation time 262.000,000,000 s)
2024-06-04 00:13:09,349 INFO  - Received CAM message from veh_70 (at simulation time 262.000,900,000 s)
2024-06-04 00:13:09,349 INFO  - Received CAM message from veh_99 (at simulation time 262.001,900,000 s)
2024-06-04 00:13:09,349 INFO  - Received CAM message from veh_87 (at simulation time 262.002,400,000 s)
2024-06-04 00:13:09,349 INFO  - Atempting to process queue (at simulation time 262.100,000,000 s)
2024-06-04 00:13:09,349 INFO  - Vehicle is outside the detection area. (at simulation time 262.100,000,000 s)
2024-06-04 00:13:09,349 INFO  - Sent broadcast CAM message to all vehicles (at simulation time 262.100,000,000 s)
2024-06-04 00:13:09,350 INFO  - Received CAM message from veh_87 (at simulation time 262.100,400,000 s)
2024-06-04 00:13:09,350 INFO  - Received CAM message from veh_70 (at simulation time 262.100,400,000 s)
2024-06-04 00:13:09,350 INFO  - Received CAM message from veh_99 (at simulation time 262.102,400,000 s)
2024-06-04 00:13:09,350 INFO  - Atempting to process queue (at simulation time 262.200,000,000 s)
2024-06-04 00:13:09,350 INFO  - Vehicle is outside the detection area. (at simulation time 262.200,000,000 s)
2024-06-04 00:13:09,350 INFO  - Sent broadcast CAM message to all vehicles (at simulation time 262.200,000,000 s)
2024-06-04 00:13:09,351 INFO  - Received CAM message from veh_99 (at simulation time 262.200,400,000 s)
2024-06-04 00:13:09,352 INFO  - Received CAM message from veh_87 (at simulation time 262.202,400,000 s)
2024-06-04 00:13:09,352 INFO  - Received CAM message from veh_70 (at simulation time 262.202,400,000 s)
2024-06-04 00:13:09,352 INFO  - Atempting to process queue (at simulation time 262.300,000,000 s)
2024-06-04 00:13:09,352 INFO  - Vehicle is outside the detection area. (at simulation time 262.300,000,000 s)
2024-06-04 00:13:09,352 INFO  - Sent broadcast CAM message to all vehicles (at simulation time 262.300,000,000 s)
2024-06-04 00:13:09,353 INFO  - Received CAM message from veh_99 (at simulation time 262.300,900,000 s)
2024-06-04 00:13:09,353 INFO  - Received CAM message from veh_87 (at simulation time 262.301,900,000 s)
2024-06-04 00:13:09,353 INFO  - Received CAM message from veh_70 (at simulation time 262.301,900,000 s)
2024-06-04 00:13:09,353 INFO  - Atempting to process queue (at simulation time 262.400,000,000 s)
2024-06-04 00:13:09,353 INFO  - Vehicle is outside the detection area. (at simulation time 262.400,000,000 s)
2024-06-04 00:13:09,353 INFO  - Sent broadcast CAM message to all vehicles (at simulation time 262.400,000,000 s)
2024-06-04 00:13:09,354 INFO  - Received CAM message from veh_99 (at simulation time 262.400,400,000 s)
2024-06-04 00:13:09,354 INFO  - Received CAM message from veh_87 (at simulation time 262.400,900,000 s)
2024-06-04 00:13:09,354 INFO  - Received CAM message from veh_70 (at simulation time 262.401,400,000 s)
2024-06-04 00:13:09,355 INFO  - Atempting to process queue (at simulation time 262.500,000,000 s)
2024-06-04 00:13:09,355 INFO  - Vehicle is outside the detection area. (at simulation time 262.500,000,000 s)
2024-06-04 00:13:09,355 INFO  - Sent broadcast CAM message to all vehicles (at simulation time 262.500,000,000 s)
2024-06-04 00:13:09,355 INFO  - Received CAM message from veh_87 (at simulation time 262.500,400,000 s)
2024-06-04 00:13:09,355 INFO  - Received CAM message from veh_70 (at simulation time 262.500,400,000 s)
2024-06-04 00:13:09,356 INFO  - Received CAM message from veh_99 (at simulation time 262.501,900,000 s)
2024-06-04 00:13:09,356 INFO  - Atempting to process queue (at simulation time 262.600,000,000 s)
2024-06-04 00:13:09,356 INFO  - Vehicle is outside the detection area. (at simulation time 262.600,000,000 s)
2024-06-04 00:13:09,356 INFO  - Sent broadcast CAM message to all vehicles (at simulation time 262.600,000,000 s)
2024-06-04 00:13:09,360 INFO  - Received CAM message from veh_99 (at simulation time 262.601,400,000 s)
2024-06-04 00:13:09,360 INFO  - Received CAM message from veh_87 (at simulation time 262.601,400,000 s)
2024-06-04 00:13:09,360 INFO  - Received Control message from rsu_0 to veh_146 (at simulation time 262.601,400,000 s)
2024-06-04 00:13:09,360 INFO  - Current route: 1, lane: 0 (at simulation time 262.601,400,000 s)
2024-06-04 00:13:09,360 INFO  - Vehicle position: GeoPoint{lat=40.743317,lon=-73.988443,alt=0.00} (at simulation time 262.601,400,000 s)
2024-06-04 00:13:09,362 INFO  - Received CAM message from veh_70 (at simulation time 262.602,400,000 s)
2024-06-04 00:13:09,375 INFO  - Atempting to process queue (at simulation time 262.700,000,000 s)
2024-06-04 00:13:09,375 INFO  - Vehicle is outside the detection area. (at simulation time 262.700,000,000 s)
2024-06-04 00:13:09,375 INFO  - Sent broadcast CAM message to all vehicles (at simulation time 262.700,000,000 s)
2024-06-04 00:13:09,375 INFO  - Received CAM message from veh_87 (at simulation time 262.700,400,000 s)
2024-06-04 00:13:09,376 INFO  - Received CAM message from veh_99 (at simulation time 262.701,400,000 s)
2024-06-04 00:13:09,376 INFO  - Received CAM message from veh_70 (at simulation time 262.701,900,000 s)
2024-06-04 00:13:09,376 INFO  - Atempting to process queue (at simulation time 262.800,000,000 s)
2024-06-04 00:13:09,376 INFO  - Vehicle is outside the detection area. (at simulation time 262.800,000,000 s)
2024-06-04 00:13:09,376 INFO  - Sent broadcast CAM message to all vehicles (at simulation time 262.800,000,000 s)
2024-06-04 00:13:09,377 INFO  - Received CAM message from veh_87 (at simulation time 262.800,900,000 s)
2024-06-04 00:13:09,377 INFO  - Received CAM message from veh_99 (at simulation time 262.801,400,000 s)
2024-06-04 00:13:09,378 INFO  - Received CAM message from veh_70 (at simulation time 262.801,900,000 s)
2024-06-04 00:13:09,378 INFO  - Atempting to process queue (at simulation time 262.900,000,000 s)
2024-06-04 00:13:09,378 INFO  - Vehicle is outside the detection area. (at simulation time 262.900,000,000 s)
2024-06-04 00:13:09,378 INFO  - Sent broadcast CAM message to all vehicles (at simulation time 262.900,000,000 s)
2024-06-04 00:13:09,378 INFO  - Received CAM message from veh_87 (at simulation time 262.900,400,000 s)
2024-06-04 00:13:09,378 INFO  - Received CAM message from veh_70 (at simulation time 262.900,400,000 s)
2024-06-04 00:13:09,379 INFO  - Received CAM message from veh_99 (at simulation time 262.902,400,000 s)
2024-06-04 00:13:09,382 INFO  - Atempting to process queue (at simulation time 263.000,000,000 s)
2024-06-04 00:13:09,382 INFO  - Vehicle is outside the detection area. (at simulation time 263.000,000,000 s)
2024-06-04 00:13:09,382 INFO  - Sent broadcast CAM message to all vehicles (at simulation time 263.000,000,000 s)
2024-06-04 00:13:09,383 INFO  - Received CAM message from veh_99 (at simulation time 263.000,900,000 s)
2024-06-04 00:13:09,384 INFO  - Atempting to process queue (at simulation time 263.100,000,000 s)
2024-06-04 00:13:09,384 INFO  - Vehicle is outside the detection area. (at simulation time 263.100,000,000 s)
2024-06-04 00:13:09,384 INFO  - Sent broadcast CAM message to all vehicles (at simulation time 263.100,000,000 s)
2024-06-04 00:13:09,385 INFO  - Received CAM message from veh_99 (at simulation time 263.100,400,000 s)
2024-06-04 00:13:09,386 INFO  - Atempting to process queue (at simulation time 263.200,000,000 s)
2024-06-04 00:13:09,386 INFO  - Vehicle is outside the detection area. (at simulation time 263.200,000,000 s)
2024-06-04 00:13:09,386 INFO  - Sent broadcast CAM message to all vehicles (at simulation time 263.200,000,000 s)
2024-06-04 00:13:09,388 INFO  - Received CAM message from veh_99 (at simulation time 263.201,900,000 s)
2024-06-04 00:13:09,388 INFO  - Atempting to process queue (at simulation time 263.300,000,000 s)
2024-06-04 00:13:09,388 INFO  - Vehicle is outside the detection area. (at simulation time 263.300,000,000 s)
2024-06-04 00:13:09,388 INFO  - Sent broadcast CAM message to all vehicles (at simulation time 263.300,000,000 s)
2024-06-04 00:13:09,389 INFO  - Received CAM message from veh_99 (at simulation time 263.300,400,000 s)
2024-06-04 00:13:09,390 INFO  - Atempting to process queue (at simulation time 263.400,000,000 s)
2024-06-04 00:13:09,390 INFO  - Vehicle is outside the detection area. (at simulation time 263.400,000,000 s)
2024-06-04 00:13:09,390 INFO  - Sent broadcast CAM message to all vehicles (at simulation time 263.400,000,000 s)
2024-06-04 00:13:09,390 INFO  - Received CAM message from veh_99 (at simulation time 263.400,400,000 s)
2024-06-04 00:13:09,392 INFO  - Atempting to process queue (at simulation time 263.500,000,000 s)
2024-06-04 00:13:09,392 INFO  - Vehicle is outside the detection area. (at simulation time 263.500,000,000 s)
2024-06-04 00:13:09,392 INFO  - Sent broadcast CAM message to all vehicles (at simulation time 263.500,000,000 s)
2024-06-04 00:13:09,393 INFO  - Received CAM message from veh_99 (at simulation time 263.501,900,000 s)
2024-06-04 00:13:09,393 INFO  - Atempting to process queue (at simulation time 263.600,000,000 s)
2024-06-04 00:13:09,393 INFO  - Vehicle is outside the detection area. (at simulation time 263.600,000,000 s)
2024-06-04 00:13:09,393 INFO  - Sent broadcast CAM message to all vehicles (at simulation time 263.600,000,000 s)
2024-06-04 00:13:09,394 INFO  - Received CAM message from veh_99 (at simulation time 263.601,900,000 s)
2024-06-04 00:13:09,395 INFO  - Atempting to process queue (at simulation time 263.700,000,000 s)
2024-06-04 00:13:09,395 INFO  - Vehicle is outside the detection area. (at simulation time 263.700,000,000 s)
2024-06-04 00:13:09,395 INFO  - Sent broadcast CAM message to all vehicles (at simulation time 263.700,000,000 s)
2024-06-04 00:13:09,396 INFO  - Received CAM message from veh_99 (at simulation time 263.701,900,000 s)
2024-06-04 00:13:09,396 INFO  - Atempting to process queue (at simulation time 263.800,000,000 s)
2024-06-04 00:13:09,396 INFO  - Vehicle is outside the detection area. (at simulation time 263.800,000,000 s)
2024-06-04 00:13:09,396 INFO  - Sent broadcast CAM message to all vehicles (at simulation time 263.800,000,000 s)
2024-06-04 00:13:09,397 INFO  - Received CAM message from veh_99 (at simulation time 263.800,900,000 s)
2024-06-04 00:13:09,398 INFO  - Atempting to process queue (at simulation time 263.900,000,000 s)
2024-06-04 00:13:09,398 INFO  - Vehicle is outside the detection area. (at simulation time 263.900,000,000 s)
2024-06-04 00:13:09,398 INFO  - Sent broadcast CAM message to all vehicles (at simulation time 263.900,000,000 s)
2024-06-04 00:13:09,399 INFO  - Received CAM message from veh_99 (at simulation time 263.901,400,000 s)
2024-06-04 00:13:09,401 INFO  - Atempting to process queue (at simulation time 264.000,000,000 s)
2024-06-04 00:13:09,401 INFO  - Vehicle is outside the detection area. (at simulation time 264.000,000,000 s)
2024-06-04 00:13:09,401 INFO  - Sent broadcast CAM message to all vehicles (at simulation time 264.000,000,000 s)
2024-06-04 00:13:09,404 INFO  - Vehicle is outside the detection area. (at simulation time 264.100,000,000 s)
2024-06-04 00:13:09,404 INFO  - Sent broadcast CAM message to all vehicles (at simulation time 264.100,000,000 s)
2024-06-04 00:13:09,405 INFO  - Vehicle is outside the detection area. (at simulation time 264.200,000,000 s)
2024-06-04 00:13:09,405 INFO  - Sent broadcast CAM message to all vehicles (at simulation time 264.200,000,000 s)
2024-06-04 00:13:09,407 INFO  - Vehicle is outside the detection area. (at simulation time 264.300,000,000 s)
2024-06-04 00:13:09,407 INFO  - Sent broadcast CAM message to all vehicles (at simulation time 264.300,000,000 s)
2024-06-04 00:13:09,409 INFO  - Vehicle is outside the detection area. (at simulation time 264.400,000,000 s)
2024-06-04 00:13:09,409 INFO  - Sent broadcast CAM message to all vehicles (at simulation time 264.400,000,000 s)
2024-06-04 00:13:09,411 INFO  - Vehicle is outside the detection area. (at simulation time 264.500,000,000 s)
2024-06-04 00:13:09,411 INFO  - Sent broadcast CAM message to all vehicles (at simulation time 264.500,000,000 s)
2024-06-04 00:13:09,412 INFO  - Vehicle is outside the detection area. (at simulation time 264.600,000,000 s)
2024-06-04 00:13:09,413 INFO  - Sent broadcast CAM message to all vehicles (at simulation time 264.600,000,000 s)
2024-06-04 00:13:09,414 INFO  - Vehicle is outside the detection area. (at simulation time 264.700,000,000 s)
2024-06-04 00:13:09,414 INFO  - Sent broadcast CAM message to all vehicles (at simulation time 264.700,000,000 s)
2024-06-04 00:13:09,415 INFO  - Vehicle is outside the detection area. (at simulation time 264.800,000,000 s)
2024-06-04 00:13:09,415 INFO  - Sent broadcast CAM message to all vehicles (at simulation time 264.800,000,000 s)
2024-06-04 00:13:09,417 INFO  - Vehicle is outside the detection area. (at simulation time 264.900,000,000 s)
2024-06-04 00:13:09,417 INFO  - Sent broadcast CAM message to all vehicles (at simulation time 264.900,000,000 s)
2024-06-04 00:13:09,425 INFO  - Vehicle is outside the detection area. (at simulation time 265.000,000,000 s)
2024-06-04 00:13:09,425 INFO  - Sent broadcast CAM message to all vehicles (at simulation time 265.000,000,000 s)
2024-06-04 00:13:09,428 INFO  - Vehicle is outside the detection area. (at simulation time 265.100,000,000 s)
2024-06-04 00:13:09,428 INFO  - Sent broadcast CAM message to all vehicles (at simulation time 265.100,000,000 s)
2024-06-04 00:13:09,430 INFO  - Vehicle is outside the detection area. (at simulation time 265.200,000,000 s)
2024-06-04 00:13:09,430 INFO  - Sent broadcast CAM message to all vehicles (at simulation time 265.200,000,000 s)
2024-06-04 00:13:09,432 INFO  - Vehicle is outside the detection area. (at simulation time 265.300,000,000 s)
2024-06-04 00:13:09,432 INFO  - Sent broadcast CAM message to all vehicles (at simulation time 265.300,000,000 s)
2024-06-04 00:13:09,434 INFO  - Vehicle is outside the detection area. (at simulation time 265.400,000,000 s)
2024-06-04 00:13:09,434 INFO  - Sent broadcast CAM message to all vehicles (at simulation time 265.400,000,000 s)
2024-06-04 00:13:09,435 INFO  - Vehicle is outside the detection area. (at simulation time 265.500,000,000 s)
2024-06-04 00:13:09,435 INFO  - Sent broadcast CAM message to all vehicles (at simulation time 265.500,000,000 s)
2024-06-04 00:13:09,437 INFO  - Vehicle is outside the detection area. (at simulation time 265.600,000,000 s)
2024-06-04 00:13:09,437 INFO  - Sent broadcast CAM message to all vehicles (at simulation time 265.600,000,000 s)
2024-06-04 00:13:09,439 INFO  - Vehicle is outside the detection area. (at simulation time 265.700,000,000 s)
2024-06-04 00:13:09,439 INFO  - Sent broadcast CAM message to all vehicles (at simulation time 265.700,000,000 s)
2024-06-04 00:13:09,441 INFO  - Vehicle is outside the detection area. (at simulation time 265.800,000,000 s)
2024-06-04 00:13:09,441 INFO  - Sent broadcast CAM message to all vehicles (at simulation time 265.800,000,000 s)
2024-06-04 00:13:09,443 INFO  - Vehicle is outside the detection area. (at simulation time 265.900,000,000 s)
2024-06-04 00:13:09,443 INFO  - Sent broadcast CAM message to all vehicles (at simulation time 265.900,000,000 s)
2024-06-04 00:13:09,447 INFO  - Vehicle is outside the detection area. (at simulation time 266.000,000,000 s)
2024-06-04 00:13:09,447 INFO  - Sent broadcast CAM message to all vehicles (at simulation time 266.000,000,000 s)
2024-06-04 00:13:09,449 INFO  - Vehicle is outside the detection area. (at simulation time 266.100,000,000 s)
2024-06-04 00:13:09,449 INFO  - Sent broadcast CAM message to all vehicles (at simulation time 266.100,000,000 s)
2024-06-04 00:13:09,451 INFO  - Vehicle is outside the detection area. (at simulation time 266.200,000,000 s)
2024-06-04 00:13:09,451 INFO  - Sent broadcast CAM message to all vehicles (at simulation time 266.200,000,000 s)
2024-06-04 00:13:09,452 INFO  - Vehicle is outside the detection area. (at simulation time 266.300,000,000 s)
2024-06-04 00:13:09,452 INFO  - Sent broadcast CAM message to all vehicles (at simulation time 266.300,000,000 s)
2024-06-04 00:13:09,454 INFO  - Vehicle is outside the detection area. (at simulation time 266.400,000,000 s)
2024-06-04 00:13:09,454 INFO  - Sent broadcast CAM message to all vehicles (at simulation time 266.400,000,000 s)
2024-06-04 00:13:09,455 INFO  - Vehicle is outside the detection area. (at simulation time 266.500,000,000 s)
2024-06-04 00:13:09,455 INFO  - Sent broadcast CAM message to all vehicles (at simulation time 266.500,000,000 s)
2024-06-04 00:13:09,457 INFO  - Vehicle is outside the detection area. (at simulation time 266.600,000,000 s)
2024-06-04 00:13:09,457 INFO  - Sent broadcast CAM message to all vehicles (at simulation time 266.600,000,000 s)
2024-06-04 00:13:09,459 INFO  - Vehicle is outside the detection area. (at simulation time 266.700,000,000 s)
2024-06-04 00:13:09,459 INFO  - Sent broadcast CAM message to all vehicles (at simulation time 266.700,000,000 s)
2024-06-04 00:13:09,461 INFO  - Vehicle is outside the detection area. (at simulation time 266.800,000,000 s)
2024-06-04 00:13:09,461 INFO  - Sent broadcast CAM message to all vehicles (at simulation time 266.800,000,000 s)
2024-06-04 00:13:09,462 INFO  - Vehicle is outside the detection area. (at simulation time 266.900,000,000 s)
2024-06-04 00:13:09,462 INFO  - Sent broadcast CAM message to all vehicles (at simulation time 266.900,000,000 s)
2024-06-04 00:13:09,467 INFO  - Vehicle is outside the detection area. (at simulation time 267.000,000,000 s)
2024-06-04 00:13:09,467 INFO  - Sent broadcast CAM message to all vehicles (at simulation time 267.000,000,000 s)
2024-06-04 00:13:09,469 INFO  - Vehicle is outside the detection area. (at simulation time 267.100,000,000 s)
2024-06-04 00:13:09,469 INFO  - Sent broadcast CAM message to all vehicles (at simulation time 267.100,000,000 s)
2024-06-04 00:13:09,471 INFO  - Vehicle is outside the detection area. (at simulation time 267.200,000,000 s)
2024-06-04 00:13:09,471 INFO  - Sent broadcast CAM message to all vehicles (at simulation time 267.200,000,000 s)
2024-06-04 00:13:09,472 INFO  - Vehicle is outside the detection area. (at simulation time 267.300,000,000 s)
2024-06-04 00:13:09,472 INFO  - Sent broadcast CAM message to all vehicles (at simulation time 267.300,000,000 s)
2024-06-04 00:13:09,474 INFO  - Vehicle is outside the detection area. (at simulation time 267.400,000,000 s)
2024-06-04 00:13:09,474 INFO  - Sent broadcast CAM message to all vehicles (at simulation time 267.400,000,000 s)
2024-06-04 00:13:09,475 INFO  - Vehicle is outside the detection area. (at simulation time 267.500,000,000 s)
2024-06-04 00:13:09,475 INFO  - Sent broadcast CAM message to all vehicles (at simulation time 267.500,000,000 s)
2024-06-04 00:13:09,477 INFO  - Vehicle is outside the detection area. (at simulation time 267.600,000,000 s)
2024-06-04 00:13:09,477 INFO  - Sent broadcast CAM message to all vehicles (at simulation time 267.600,000,000 s)
2024-06-04 00:13:09,479 INFO  - Vehicle is outside the detection area. (at simulation time 267.700,000,000 s)
2024-06-04 00:13:09,479 INFO  - Sent broadcast CAM message to all vehicles (at simulation time 267.700,000,000 s)
2024-06-04 00:13:09,481 INFO  - Vehicle is outside the detection area. (at simulation time 267.800,000,000 s)
2024-06-04 00:13:09,481 INFO  - Sent broadcast CAM message to all vehicles (at simulation time 267.800,000,000 s)
2024-06-04 00:13:09,482 INFO  - Vehicle is outside the detection area. (at simulation time 267.900,000,000 s)
2024-06-04 00:13:09,482 INFO  - Sent broadcast CAM message to all vehicles (at simulation time 267.900,000,000 s)
2024-06-04 00:13:09,487 INFO  - Shutdown application (at simulation time 268.000,000,000 s)
