2024-06-04 00:13:13,824 INFO  - Initialize application (at simulation time 433.000,000,000 s)
2024-06-04 00:13:13,825 INFO  - Activated WLAN Module (at simulation time 433.000,000,000 s)
2024-06-04 00:13:13,825 INFO  - Vehicle is outside the detection area. (at simulation time 433.000,000,000 s)
2024-06-04 00:13:13,825 INFO  - Sent broadcast CAM message to all vehicles (at simulation time 433.000,000,000 s)
2024-06-04 00:13:13,828 INFO  - Vehicle is outside the detection area. (at simulation time 433.100,000,000 s)
2024-06-04 00:13:13,828 INFO  - Sent broadcast CAM message to all vehicles (at simulation time 433.100,000,000 s)
2024-06-04 00:13:13,831 INFO  - Vehicle is outside the detection area. (at simulation time 433.200,000,000 s)
2024-06-04 00:13:13,831 INFO  - Sent broadcast CAM message to all vehicles (at simulation time 433.200,000,000 s)
2024-06-04 00:13:13,832 INFO  - Vehicle is outside the detection area. (at simulation time 433.300,000,000 s)
2024-06-04 00:13:13,832 INFO  - Sent broadcast CAM message to all vehicles (at simulation time 433.300,000,000 s)
2024-06-04 00:13:13,834 INFO  - Vehicle is outside the detection area. (at simulation time 433.400,000,000 s)
2024-06-04 00:13:13,834 INFO  - Sent broadcast CAM message to all vehicles (at simulation time 433.400,000,000 s)
2024-06-04 00:13:13,836 INFO  - Vehicle is outside the detection area. (at simulation time 433.500,000,000 s)
2024-06-04 00:13:13,836 INFO  - Sent broadcast CAM message to all vehicles (at simulation time 433.500,000,000 s)
2024-06-04 00:13:13,837 INFO  - Vehicle is outside the detection area. (at simulation time 433.600,000,000 s)
2024-06-04 00:13:13,837 INFO  - Sent broadcast CAM message to all vehicles (at simulation time 433.600,000,000 s)
2024-06-04 00:13:13,839 INFO  - Vehicle is outside the detection area. (at simulation time 433.700,000,000 s)
2024-06-04 00:13:13,839 INFO  - Sent broadcast CAM message to all vehicles (at simulation time 433.700,000,000 s)
2024-06-04 00:13:13,841 INFO  - Vehicle is outside the detection area. (at simulation time 433.800,000,000 s)
2024-06-04 00:13:13,841 INFO  - Sent broadcast CAM message to all vehicles (at simulation time 433.800,000,000 s)
2024-06-04 00:13:13,842 INFO  - Vehicle is outside the detection area. (at simulation time 433.900,000,000 s)
2024-06-04 00:13:13,842 INFO  - Sent broadcast CAM message to all vehicles (at simulation time 433.900,000,000 s)
2024-06-04 00:13:13,848 INFO  - Vehicle is outside the detection area. (at simulation time 434.000,000,000 s)
2024-06-04 00:13:13,848 INFO  - Sent broadcast CAM message to all vehicles (at simulation time 434.000,000,000 s)
2024-06-04 00:13:13,850 INFO  - Vehicle is outside the detection area. (at simulation time 434.100,000,000 s)
2024-06-04 00:13:13,850 INFO  - Sent broadcast CAM message to all vehicles (at simulation time 434.100,000,000 s)
2024-06-04 00:13:13,852 INFO  - Vehicle is outside the detection area. (at simulation time 434.200,000,000 s)
2024-06-04 00:13:13,852 INFO  - Sent broadcast CAM message to all vehicles (at simulation time 434.200,000,000 s)
2024-06-04 00:13:13,853 INFO  - Vehicle is outside the detection area. (at simulation time 434.300,000,000 s)
2024-06-04 00:13:13,853 INFO  - Sent broadcast CAM message to all vehicles (at simulation time 434.300,000,000 s)
2024-06-04 00:13:13,879 INFO  - Vehicle is outside the detection area. (at simulation time 434.400,000,000 s)
2024-06-04 00:13:13,879 INFO  - Sent broadcast CAM message to all vehicles (at simulation time 434.400,000,000 s)
2024-06-04 00:13:13,880 INFO  - Vehicle is outside the detection area. (at simulation time 434.500,000,000 s)
2024-06-04 00:13:13,880 INFO  - Sent broadcast CAM message to all vehicles (at simulation time 434.500,000,000 s)
2024-06-04 00:13:13,882 INFO  - Vehicle is outside the detection area. (at simulation time 434.600,000,000 s)
2024-06-04 00:13:13,882 INFO  - Sent broadcast CAM message to all vehicles (at simulation time 434.600,000,000 s)
2024-06-04 00:13:13,884 INFO  - Vehicle is outside the detection area. (at simulation time 434.700,000,000 s)
2024-06-04 00:13:13,884 INFO  - Sent broadcast CAM message to all vehicles (at simulation time 434.700,000,000 s)
2024-06-04 00:13:13,886 INFO  - Vehicle is outside the detection area. (at simulation time 434.800,000,000 s)
2024-06-04 00:13:13,886 INFO  - Sent broadcast CAM message to all vehicles (at simulation time 434.800,000,000 s)
2024-06-04 00:13:13,888 INFO  - Vehicle is outside the detection area. (at simulation time 434.900,000,000 s)
2024-06-04 00:13:13,888 INFO  - Sent broadcast CAM message to all vehicles (at simulation time 434.900,000,000 s)
2024-06-04 00:13:13,893 INFO  - Vehicle is inside the detection area. (at simulation time 435.000,000,000 s)
2024-06-04 00:13:13,893 INFO  - Vehicle is too far away from the traffic light. (at simulation time 435.000,000,000 s)
2024-06-04 00:13:13,893 INFO  - No vehicles in range. (at simulation time 435.000,000,000 s)
2024-06-04 00:13:13,893 INFO  - Neither the RSU nor any vehicle is in range. (at simulation time 435.000,000,000 s)
2024-06-04 00:13:13,893 INFO  - Sent broadcast CAM message to all vehicles (at simulation time 435.000,000,000 s)
2024-06-04 00:13:13,896 INFO  - Vehicle is inside the detection area. (at simulation time 435.100,000,000 s)
2024-06-04 00:13:13,896 INFO  - Vehicle is too far away from the traffic light. (at simulation time 435.100,000,000 s)
2024-06-04 00:13:13,896 INFO  - No vehicles in range. (at simulation time 435.100,000,000 s)
2024-06-04 00:13:13,896 INFO  - Neither the RSU nor any vehicle is in range. (at simulation time 435.100,000,000 s)
2024-06-04 00:13:13,896 INFO  - Sent broadcast CAM message to all vehicles (at simulation time 435.100,000,000 s)
2024-06-04 00:13:13,898 INFO  - Vehicle is inside the detection area. (at simulation time 435.200,000,000 s)
2024-06-04 00:13:13,898 INFO  - Vehicle is too far away from the traffic light. (at simulation time 435.200,000,000 s)
2024-06-04 00:13:13,898 INFO  - No vehicles in range. (at simulation time 435.200,000,000 s)
2024-06-04 00:13:13,898 INFO  - Neither the RSU nor any vehicle is in range. (at simulation time 435.200,000,000 s)
2024-06-04 00:13:13,898 INFO  - Sent broadcast CAM message to all vehicles (at simulation time 435.200,000,000 s)
2024-06-04 00:13:13,899 INFO  - Vehicle is inside the detection area. (at simulation time 435.300,000,000 s)
2024-06-04 00:13:13,899 INFO  - Vehicle is too far away from the traffic light. (at simulation time 435.300,000,000 s)
2024-06-04 00:13:13,899 INFO  - No vehicles in range. (at simulation time 435.300,000,000 s)
2024-06-04 00:13:13,899 INFO  - Neither the RSU nor any vehicle is in range. (at simulation time 435.300,000,000 s)
2024-06-04 00:13:13,899 INFO  - Sent broadcast CAM message to all vehicles (at simulation time 435.300,000,000 s)
2024-06-04 00:13:13,901 INFO  - Vehicle is inside the detection area. (at simulation time 435.400,000,000 s)
2024-06-04 00:13:13,901 INFO  - Vehicle is too far away from the traffic light. (at simulation time 435.400,000,000 s)
2024-06-04 00:13:13,901 INFO  - No vehicles in range. (at simulation time 435.400,000,000 s)
2024-06-04 00:13:13,901 INFO  - Neither the RSU nor any vehicle is in range. (at simulation time 435.400,000,000 s)
2024-06-04 00:13:13,901 INFO  - Sent broadcast CAM message to all vehicles (at simulation time 435.400,000,000 s)
2024-06-04 00:13:13,909 INFO  - Vehicle is inside the detection area. (at simulation time 435.500,000,000 s)
2024-06-04 00:13:13,909 INFO  - Vehicle is too far away from the traffic light. (at simulation time 435.500,000,000 s)
2024-06-04 00:13:13,909 INFO  - No vehicles in range. (at simulation time 435.500,000,000 s)
2024-06-04 00:13:13,909 INFO  - Neither the RSU nor any vehicle is in range. (at simulation time 435.500,000,000 s)
2024-06-04 00:13:13,909 INFO  - Sent broadcast CAM message to all vehicles (at simulation time 435.500,000,000 s)
2024-06-04 00:13:13,911 INFO  - Vehicle is inside the detection area. (at simulation time 435.600,000,000 s)
2024-06-04 00:13:13,911 INFO  - Vehicle is too far away from the traffic light. (at simulation time 435.600,000,000 s)
2024-06-04 00:13:13,911 INFO  - No vehicles in range. (at simulation time 435.600,000,000 s)
2024-06-04 00:13:13,911 INFO  - Neither the RSU nor any vehicle is in range. (at simulation time 435.600,000,000 s)
2024-06-04 00:13:13,911 INFO  - Sent broadcast CAM message to all vehicles (at simulation time 435.600,000,000 s)
2024-06-04 00:13:13,912 INFO  - Vehicle is inside the detection area. (at simulation time 435.700,000,000 s)
2024-06-04 00:13:13,912 INFO  - Vehicle is too far away from the traffic light. (at simulation time 435.700,000,000 s)
2024-06-04 00:13:13,912 INFO  - No vehicles in range. (at simulation time 435.700,000,000 s)
2024-06-04 00:13:13,912 INFO  - Neither the RSU nor any vehicle is in range. (at simulation time 435.700,000,000 s)
2024-06-04 00:13:13,912 INFO  - Sent broadcast CAM message to all vehicles (at simulation time 435.700,000,000 s)
2024-06-04 00:13:13,914 INFO  - Vehicle is inside the detection area. (at simulation time 435.800,000,000 s)
2024-06-04 00:13:13,914 INFO  - Vehicle is too far away from the traffic light. (at simulation time 435.800,000,000 s)
2024-06-04 00:13:13,914 INFO  - No vehicles in range. (at simulation time 435.800,000,000 s)
2024-06-04 00:13:13,914 INFO  - Neither the RSU nor any vehicle is in range. (at simulation time 435.800,000,000 s)
2024-06-04 00:13:13,914 INFO  - Sent broadcast CAM message to all vehicles (at simulation time 435.800,000,000 s)
2024-06-04 00:13:13,915 INFO  - Vehicle is inside the detection area. (at simulation time 435.900,000,000 s)
2024-06-04 00:13:13,915 INFO  - Vehicle is too far away from the traffic light. (at simulation time 435.900,000,000 s)
2024-06-04 00:13:13,915 INFO  - No vehicles in range. (at simulation time 435.900,000,000 s)
2024-06-04 00:13:13,915 INFO  - Neither the RSU nor any vehicle is in range. (at simulation time 435.900,000,000 s)
2024-06-04 00:13:13,915 INFO  - Sent broadcast CAM message to all vehicles (at simulation time 435.900,000,000 s)
2024-06-04 00:13:13,920 INFO  - Vehicle is inside the detection area. (at simulation time 436.000,000,000 s)
2024-06-04 00:13:13,920 INFO  - Vehicle is too far away from the traffic light. (at simulation time 436.000,000,000 s)
2024-06-04 00:13:13,920 INFO  - No vehicles in range. (at simulation time 436.000,000,000 s)
2024-06-04 00:13:13,920 INFO  - Neither the RSU nor any vehicle is in range. (at simulation time 436.000,000,000 s)
2024-06-04 00:13:13,920 INFO  - Sent broadcast CAM message to all vehicles (at simulation time 436.000,000,000 s)
2024-06-04 00:13:13,922 INFO  - Received CAM message from veh_233 (at simulation time 436.001,400,000 s)
2024-06-04 00:13:13,923 INFO  - Atempting to process queue (at simulation time 436.100,000,000 s)
2024-06-04 00:13:13,923 INFO  - Vehicle is inside the detection area. (at simulation time 436.100,000,000 s)
2024-06-04 00:13:13,923 INFO  - Vehicle is too far away from the traffic light. (at simulation time 436.100,000,000 s)
2024-06-04 00:13:13,923 INFO  - Sent Detection message to veh_233 (at simulation time 436.100,000,000 s)
2024-06-04 00:13:13,923 INFO  - Sent broadcast CAM message to all vehicles (at simulation time 436.100,000,000 s)
2024-06-04 00:13:13,925 INFO  - Received CAM message from veh_233 (at simulation time 436.102,400,000 s)
2024-06-04 00:13:13,925 INFO  - Atempting to process queue (at simulation time 436.200,000,000 s)
2024-06-04 00:13:13,925 INFO  - Vehicle is inside the detection area. (at simulation time 436.200,000,000 s)
2024-06-04 00:13:13,925 INFO  - Vehicle is too far away from the traffic light. (at simulation time 436.200,000,000 s)
2024-06-04 00:13:13,925 INFO  - Sent Detection message to veh_233 (at simulation time 436.200,000,000 s)
2024-06-04 00:13:13,925 INFO  - Sent broadcast CAM message to all vehicles (at simulation time 436.200,000,000 s)
2024-06-04 00:13:13,926 INFO  - Received CAM message from veh_233 (at simulation time 436.200,900,000 s)
2024-06-04 00:13:13,927 INFO  - Atempting to process queue (at simulation time 436.300,000,000 s)
2024-06-04 00:13:13,927 INFO  - Vehicle is inside the detection area. (at simulation time 436.300,000,000 s)
2024-06-04 00:13:13,927 INFO  - Vehicle is too far away from the traffic light. (at simulation time 436.300,000,000 s)
2024-06-04 00:13:13,927 INFO  - Sent Detection message to veh_233 (at simulation time 436.300,000,000 s)
2024-06-04 00:13:13,927 INFO  - Sent broadcast CAM message to all vehicles (at simulation time 436.300,000,000 s)
2024-06-04 00:13:13,928 INFO  - Received CAM message from veh_233 (at simulation time 436.300,900,000 s)
2024-06-04 00:13:13,930 INFO  - Atempting to process queue (at simulation time 436.400,000,000 s)
2024-06-04 00:13:13,930 INFO  - Vehicle is inside the detection area. (at simulation time 436.400,000,000 s)
2024-06-04 00:13:13,930 INFO  - Vehicle is too far away from the traffic light. (at simulation time 436.400,000,000 s)
2024-06-04 00:13:13,930 INFO  - Sent Detection message to veh_233 (at simulation time 436.400,000,000 s)
2024-06-04 00:13:13,930 INFO  - Sent broadcast CAM message to all vehicles (at simulation time 436.400,000,000 s)
2024-06-04 00:13:13,931 INFO  - Received CAM message from veh_233 (at simulation time 436.401,900,000 s)
2024-06-04 00:13:13,931 INFO  - Atempting to process queue (at simulation time 436.500,000,000 s)
2024-06-04 00:13:13,931 INFO  - Vehicle is inside the detection area. (at simulation time 436.500,000,000 s)
2024-06-04 00:13:13,931 INFO  - Vehicle is too far away from the traffic light. (at simulation time 436.500,000,000 s)
2024-06-04 00:13:13,931 INFO  - Sent Detection message to veh_233 (at simulation time 436.500,000,000 s)
2024-06-04 00:13:13,931 INFO  - Sent broadcast CAM message to all vehicles (at simulation time 436.500,000,000 s)
2024-06-04 00:13:13,932 INFO  - Received CAM message from veh_233 (at simulation time 436.502,400,000 s)
2024-06-04 00:13:13,933 INFO  - Atempting to process queue (at simulation time 436.600,000,000 s)
2024-06-04 00:13:13,933 INFO  - Vehicle is inside the detection area. (at simulation time 436.600,000,000 s)
2024-06-04 00:13:13,933 INFO  - Vehicle is too far away from the traffic light. (at simulation time 436.600,000,000 s)
2024-06-04 00:13:13,933 INFO  - Sent Detection message to veh_233 (at simulation time 436.600,000,000 s)
2024-06-04 00:13:13,933 INFO  - Sent broadcast CAM message to all vehicles (at simulation time 436.600,000,000 s)
2024-06-04 00:13:13,933 INFO  - Received CAM message from veh_233 (at simulation time 436.600,900,000 s)
2024-06-04 00:13:13,934 INFO  - Atempting to process queue (at simulation time 436.700,000,000 s)
2024-06-04 00:13:13,934 INFO  - Vehicle is inside the detection area. (at simulation time 436.700,000,000 s)
2024-06-04 00:13:13,934 INFO  - Vehicle is too far away from the traffic light. (at simulation time 436.700,000,000 s)
2024-06-04 00:13:13,934 INFO  - Sent Detection message to veh_233 (at simulation time 436.700,000,000 s)
2024-06-04 00:13:13,934 INFO  - Sent broadcast CAM message to all vehicles (at simulation time 436.700,000,000 s)
2024-06-04 00:13:13,935 INFO  - Received CAM message from veh_233 (at simulation time 436.701,900,000 s)
2024-06-04 00:13:13,935 INFO  - Atempting to process queue (at simulation time 436.800,000,000 s)
2024-06-04 00:13:13,935 INFO  - Vehicle is inside the detection area. (at simulation time 436.800,000,000 s)
2024-06-04 00:13:13,935 INFO  - Vehicle is too far away from the traffic light. (at simulation time 436.800,000,000 s)
2024-06-04 00:13:13,936 INFO  - Sent Detection message to veh_233 (at simulation time 436.800,000,000 s)
2024-06-04 00:13:13,936 INFO  - Sent broadcast CAM message to all vehicles (at simulation time 436.800,000,000 s)
2024-06-04 00:13:13,937 INFO  - Received CAM message from veh_233 (at simulation time 436.802,400,000 s)
2024-06-04 00:13:13,937 INFO  - Atempting to process queue (at simulation time 436.900,000,000 s)
2024-06-04 00:13:13,937 INFO  - Vehicle is inside the detection area. (at simulation time 436.900,000,000 s)
2024-06-04 00:13:13,937 INFO  - Vehicle is too far away from the traffic light. (at simulation time 436.900,000,000 s)
2024-06-04 00:13:13,937 INFO  - Sent Detection message to veh_233 (at simulation time 436.900,000,000 s)
2024-06-04 00:13:13,937 INFO  - Sent broadcast CAM message to all vehicles (at simulation time 436.900,000,000 s)
2024-06-04 00:13:13,938 INFO  - Received CAM message from veh_233 (at simulation time 436.900,400,000 s)
2024-06-04 00:13:13,942 INFO  - Atempting to process queue (at simulation time 437.000,000,000 s)
2024-06-04 00:13:13,942 INFO  - Vehicle is inside the detection area. (at simulation time 437.000,000,000 s)
2024-06-04 00:13:13,942 INFO  - Sent Detection message to rsu_0 (at simulation time 437.000,000,000 s)
2024-06-04 00:13:13,942 INFO  - Sent broadcast CAM message to all vehicles (at simulation time 437.000,000,000 s)
2024-06-04 00:13:13,944 INFO  - Received CAM message from veh_168 (at simulation time 437.000,400,000 s)
2024-06-04 00:13:13,944 INFO  - Received CAM message from veh_233 (at simulation time 437.000,900,000 s)
2024-06-04 00:13:13,945 INFO  - Received CAM message from veh_159 (at simulation time 437.001,400,000 s)
2024-06-04 00:13:13,945 INFO  - Atempting to process queue (at simulation time 437.100,000,000 s)
2024-06-04 00:13:13,945 INFO  - Vehicle is inside the detection area. (at simulation time 437.100,000,000 s)
2024-06-04 00:13:13,945 INFO  - Sent Detection message to rsu_0 (at simulation time 437.100,000,000 s)
2024-06-04 00:13:13,945 INFO  - Sent broadcast CAM message to all vehicles (at simulation time 437.100,000,000 s)
2024-06-04 00:13:13,946 INFO  - Received CAM message from veh_233 (at simulation time 437.100,400,000 s)
2024-06-04 00:13:13,946 INFO  - Received CAM message from veh_168 (at simulation time 437.100,900,000 s)
2024-06-04 00:13:13,947 INFO  - Received CAM message from veh_159 (at simulation time 437.101,900,000 s)
2024-06-04 00:13:13,947 INFO  - Atempting to process queue (at simulation time 437.200,000,000 s)
2024-06-04 00:13:13,947 INFO  - Vehicle is inside the detection area. (at simulation time 437.200,000,000 s)
2024-06-04 00:13:13,947 INFO  - Sent Detection message to rsu_0 (at simulation time 437.200,000,000 s)
2024-06-04 00:13:13,947 INFO  - Sent broadcast CAM message to all vehicles (at simulation time 437.200,000,000 s)
2024-06-04 00:13:13,948 INFO  - Received CAM message from veh_168 (at simulation time 437.200,400,000 s)
2024-06-04 00:13:13,948 INFO  - Received CAM message from veh_233 (at simulation time 437.201,400,000 s)
2024-06-04 00:13:13,949 INFO  - Received CAM message from veh_159 (at simulation time 437.202,400,000 s)
2024-06-04 00:13:13,949 INFO  - Atempting to process queue (at simulation time 437.300,000,000 s)
2024-06-04 00:13:13,949 INFO  - Vehicle is inside the detection area. (at simulation time 437.300,000,000 s)
2024-06-04 00:13:13,949 INFO  - Sent Detection message to rsu_0 (at simulation time 437.300,000,000 s)
2024-06-04 00:13:13,949 INFO  - Sent broadcast CAM message to all vehicles (at simulation time 437.300,000,000 s)
2024-06-04 00:13:13,949 INFO  - Received CAM message from veh_233 (at simulation time 437.300,900,000 s)
2024-06-04 00:13:13,950 INFO  - Received CAM message from veh_168 (at simulation time 437.301,400,000 s)
2024-06-04 00:13:13,950 INFO  - Received CAM message from veh_159 (at simulation time 437.301,400,000 s)
2024-06-04 00:13:13,950 INFO  - Atempting to process queue (at simulation time 437.400,000,000 s)
2024-06-04 00:13:13,950 INFO  - Vehicle is inside the detection area. (at simulation time 437.400,000,000 s)
2024-06-04 00:13:13,950 INFO  - Sent Detection message to rsu_0 (at simulation time 437.400,000,000 s)
2024-06-04 00:13:13,950 INFO  - Sent broadcast CAM message to all vehicles (at simulation time 437.400,000,000 s)
2024-06-04 00:13:13,951 INFO  - Received CAM message from veh_159 (at simulation time 437.401,400,000 s)
2024-06-04 00:13:13,951 INFO  - Received CAM message from veh_233 (at simulation time 437.401,900,000 s)
2024-06-04 00:13:13,951 INFO  - Received CAM message from veh_168 (at simulation time 437.401,900,000 s)
2024-06-04 00:13:13,952 INFO  - Atempting to process queue (at simulation time 437.500,000,000 s)
2024-06-04 00:13:13,952 INFO  - Vehicle is inside the detection area. (at simulation time 437.500,000,000 s)
2024-06-04 00:13:13,952 INFO  - Sent Detection message to rsu_0 (at simulation time 437.500,000,000 s)
2024-06-04 00:13:13,952 INFO  - Sent broadcast CAM message to all vehicles (at simulation time 437.500,000,000 s)
2024-06-04 00:13:13,952 INFO  - Received CAM message from veh_233 (at simulation time 437.500,900,000 s)
2024-06-04 00:13:13,952 INFO  - Received CAM message from veh_168 (at simulation time 437.500,900,000 s)
2024-06-04 00:13:13,953 INFO  - Received CAM message from veh_159 (at simulation time 437.502,400,000 s)
2024-06-04 00:13:13,953 INFO  - Atempting to process queue (at simulation time 437.600,000,000 s)
2024-06-04 00:13:13,953 INFO  - Vehicle is inside the detection area. (at simulation time 437.600,000,000 s)
2024-06-04 00:13:13,953 INFO  - Sent Detection message to rsu_0 (at simulation time 437.600,000,000 s)
2024-06-04 00:13:13,953 INFO  - Sent broadcast CAM message to all vehicles (at simulation time 437.600,000,000 s)
2024-06-04 00:13:13,954 INFO  - Received CAM message from veh_168 (at simulation time 437.600,400,000 s)
2024-06-04 00:13:13,954 INFO  - Received CAM message from veh_159 (at simulation time 437.600,400,000 s)
2024-06-04 00:13:13,955 INFO  - Received CAM message from veh_233 (at simulation time 437.601,900,000 s)
2024-06-04 00:13:13,955 INFO  - Atempting to process queue (at simulation time 437.700,000,000 s)
2024-06-04 00:13:13,955 INFO  - Vehicle is inside the detection area. (at simulation time 437.700,000,000 s)
2024-06-04 00:13:13,955 INFO  - Sent Detection message to rsu_0 (at simulation time 437.700,000,000 s)
2024-06-04 00:13:13,955 INFO  - Sent broadcast CAM message to all vehicles (at simulation time 437.700,000,000 s)
2024-06-04 00:13:13,956 INFO  - Received CAM message from veh_233 (at simulation time 437.700,400,000 s)
2024-06-04 00:13:13,956 INFO  - Received CAM message from veh_168 (at simulation time 437.701,400,000 s)
2024-06-04 00:13:13,957 INFO  - Received CAM message from veh_159 (at simulation time 437.702,400,000 s)
2024-06-04 00:13:13,957 INFO  - Atempting to process queue (at simulation time 437.800,000,000 s)
2024-06-04 00:13:13,957 INFO  - Vehicle is inside the detection area. (at simulation time 437.800,000,000 s)
2024-06-04 00:13:13,957 INFO  - Sent Detection message to rsu_0 (at simulation time 437.800,000,000 s)
2024-06-04 00:13:13,957 INFO  - Sent broadcast CAM message to all vehicles (at simulation time 437.800,000,000 s)
2024-06-04 00:13:13,958 INFO  - Received CAM message from veh_233 (at simulation time 437.801,400,000 s)
2024-06-04 00:13:13,959 INFO  - Received CAM message from veh_168 (at simulation time 437.802,400,000 s)
2024-06-04 00:13:13,959 INFO  - Received CAM message from veh_159 (at simulation time 437.802,400,000 s)
2024-06-04 00:13:13,959 INFO  - Atempting to process queue (at simulation time 437.900,000,000 s)
2024-06-04 00:13:13,959 INFO  - Vehicle is inside the detection area. (at simulation time 437.900,000,000 s)
2024-06-04 00:13:13,959 INFO  - Sent Detection message to rsu_0 (at simulation time 437.900,000,000 s)
2024-06-04 00:13:13,959 INFO  - Sent broadcast CAM message to all vehicles (at simulation time 437.900,000,000 s)
2024-06-04 00:13:13,960 INFO  - Received CAM message from veh_233 (at simulation time 437.901,400,000 s)
2024-06-04 00:13:13,960 INFO  - Received CAM message from veh_159 (at simulation time 437.901,900,000 s)
2024-06-04 00:13:13,960 INFO  - Received CAM message from veh_168 (at simulation time 437.902,400,000 s)
2024-06-04 00:13:13,964 INFO  - Atempting to process queue (at simulation time 438.000,000,000 s)
2024-06-04 00:13:13,964 INFO  - Vehicle is inside the detection area. (at simulation time 438.000,000,000 s)
2024-06-04 00:13:13,964 INFO  - Sent Detection message to rsu_0 (at simulation time 438.000,000,000 s)
2024-06-04 00:13:13,964 INFO  - Sent broadcast CAM message to all vehicles (at simulation time 438.000,000,000 s)
2024-06-04 00:13:13,965 INFO  - Received CAM message from veh_126 (at simulation time 438.000,900,000 s)
2024-06-04 00:13:13,965 INFO  - Received CAM message from veh_171 (at simulation time 438.001,400,000 s)
2024-06-04 00:13:13,965 INFO  - Received CAM message from veh_168 (at simulation time 438.001,400,000 s)
2024-06-04 00:13:13,966 INFO  - Received CAM message from veh_135 (at simulation time 438.001,900,000 s)
2024-06-04 00:13:13,966 INFO  - Received CAM message from veh_233 (at simulation time 438.002,400,000 s)
2024-06-04 00:13:13,966 INFO  - Received CAM message from veh_159 (at simulation time 438.002,400,000 s)
2024-06-04 00:13:13,966 INFO  - Atempting to process queue (at simulation time 438.100,000,000 s)
2024-06-04 00:13:13,966 INFO  - Vehicle is inside the detection area. (at simulation time 438.100,000,000 s)
2024-06-04 00:13:13,966 INFO  - Sent Detection message to rsu_0 (at simulation time 438.100,000,000 s)
2024-06-04 00:13:13,966 INFO  - Sent broadcast CAM message to all vehicles (at simulation time 438.100,000,000 s)
2024-06-04 00:13:13,967 INFO  - Received CAM message from veh_168 (at simulation time 438.101,400,000 s)
2024-06-04 00:13:13,967 INFO  - Received CAM message from veh_135 (at simulation time 438.101,400,000 s)
2024-06-04 00:13:13,967 INFO  - Received CAM message from veh_126 (at simulation time 438.101,900,000 s)
2024-06-04 00:13:13,967 INFO  - Received CAM message from veh_233 (at simulation time 438.102,400,000 s)
2024-06-04 00:13:13,967 INFO  - Received CAM message from veh_171 (at simulation time 438.102,400,000 s)
2024-06-04 00:13:13,967 INFO  - Received CAM message from veh_159 (at simulation time 438.102,400,000 s)
2024-06-04 00:13:13,967 INFO  - Atempting to process queue (at simulation time 438.200,000,000 s)
2024-06-04 00:13:13,967 INFO  - Vehicle is inside the detection area. (at simulation time 438.200,000,000 s)
2024-06-04 00:13:13,967 INFO  - Sent Detection message to rsu_0 (at simulation time 438.200,000,000 s)
2024-06-04 00:13:13,967 INFO  - Sent broadcast CAM message to all vehicles (at simulation time 438.200,000,000 s)
2024-06-04 00:13:13,968 INFO  - Received CAM message from veh_171 (at simulation time 438.200,900,000 s)
2024-06-04 00:13:13,969 INFO  - Received CAM message from veh_168 (at simulation time 438.200,900,000 s)
2024-06-04 00:13:13,969 INFO  - Received CAM message from veh_233 (at simulation time 438.201,400,000 s)
2024-06-04 00:13:13,969 INFO  - Received CAM message from veh_135 (at simulation time 438.201,400,000 s)
2024-06-04 00:13:13,969 INFO  - Received CAM message from veh_159 (at simulation time 438.202,400,000 s)
2024-06-04 00:13:13,969 INFO  - Received CAM message from veh_126 (at simulation time 438.202,400,000 s)
2024-06-04 00:13:13,969 INFO  - Atempting to process queue (at simulation time 438.300,000,000 s)
2024-06-04 00:13:13,969 INFO  - Vehicle is inside the detection area. (at simulation time 438.300,000,000 s)
2024-06-04 00:13:13,969 INFO  - Sent Detection message to rsu_0 (at simulation time 438.300,000,000 s)
2024-06-04 00:13:13,969 INFO  - Sent broadcast CAM message to all vehicles (at simulation time 438.300,000,000 s)
2024-06-04 00:13:13,970 INFO  - Received CAM message from veh_135 (at simulation time 438.300,400,000 s)
2024-06-04 00:13:13,970 INFO  - Received CAM message from veh_126 (at simulation time 438.300,400,000 s)
2024-06-04 00:13:13,970 INFO  - Received CAM message from veh_171 (at simulation time 438.301,400,000 s)
2024-06-04 00:13:13,970 INFO  - Received CAM message from veh_159 (at simulation time 438.301,400,000 s)
2024-06-04 00:13:13,971 INFO  - Received CAM message from veh_168 (at simulation time 438.301,900,000 s)
2024-06-04 00:13:13,971 INFO  - Received CAM message from veh_233 (at simulation time 438.302,400,000 s)
2024-06-04 00:13:13,971 INFO  - Atempting to process queue (at simulation time 438.400,000,000 s)
2024-06-04 00:13:13,971 INFO  - Vehicle is inside the detection area. (at simulation time 438.400,000,000 s)
2024-06-04 00:13:13,971 INFO  - Sent Detection message to rsu_0 (at simulation time 438.400,000,000 s)
2024-06-04 00:13:13,971 INFO  - Sent broadcast CAM message to all vehicles (at simulation time 438.400,000,000 s)
2024-06-04 00:13:13,972 INFO  - Received CAM message from veh_135 (at simulation time 438.400,900,000 s)
2024-06-04 00:13:13,972 INFO  - Received CAM message from veh_233 (at simulation time 438.401,400,000 s)
2024-06-04 00:13:13,972 INFO  - Received CAM message from veh_159 (at simulation time 438.401,400,000 s)
2024-06-04 00:13:13,973 INFO  - Received CAM message from veh_126 (at simulation time 438.401,900,000 s)
2024-06-04 00:13:13,973 INFO  - Received CAM message from veh_171 (at simulation time 438.402,400,000 s)
2024-06-04 00:13:13,973 INFO  - Received CAM message from veh_168 (at simulation time 438.402,400,000 s)
2024-06-04 00:13:13,973 INFO  - Atempting to process queue (at simulation time 438.500,000,000 s)
2024-06-04 00:13:13,973 INFO  - Vehicle is inside the detection area. (at simulation time 438.500,000,000 s)
2024-06-04 00:13:13,973 INFO  - Sent Detection message to rsu_0 (at simulation time 438.500,000,000 s)
2024-06-04 00:13:13,973 INFO  - Sent broadcast CAM message to all vehicles (at simulation time 438.500,000,000 s)
2024-06-04 00:13:13,973 INFO  - Received CAM message from veh_233 (at simulation time 438.500,400,000 s)
2024-06-04 00:13:13,974 INFO  - Received CAM message from veh_159 (at simulation time 438.500,400,000 s)
2024-06-04 00:13:13,974 INFO  - Received CAM message from veh_135 (at simulation time 438.500,400,000 s)
2024-06-04 00:13:13,974 INFO  - Received CAM message from veh_168 (at simulation time 438.500,900,000 s)
2024-06-04 00:13:13,975 INFO  - Received CAM message from veh_171 (at simulation time 438.502,400,000 s)
2024-06-04 00:13:13,975 INFO  - Received CAM message from veh_126 (at simulation time 438.502,400,000 s)
2024-06-04 00:13:13,975 INFO  - Atempting to process queue (at simulation time 438.600,000,000 s)
2024-06-04 00:13:13,975 INFO  - Vehicle is inside the detection area. (at simulation time 438.600,000,000 s)
2024-06-04 00:13:13,975 INFO  - Sent Detection message to rsu_0 (at simulation time 438.600,000,000 s)
2024-06-04 00:13:13,975 INFO  - Sent broadcast CAM message to all vehicles (at simulation time 438.600,000,000 s)
2024-06-04 00:13:13,976 INFO  - Received CAM message from veh_233 (at simulation time 438.600,900,000 s)
2024-06-04 00:13:13,976 INFO  - Received CAM message from veh_171 (at simulation time 438.601,400,000 s)
2024-06-04 00:13:13,976 INFO  - Received CAM message from veh_135 (at simulation time 438.601,400,000 s)
2024-06-04 00:13:13,976 INFO  - Received CAM message from veh_126 (at simulation time 438.601,400,000 s)
2024-06-04 00:13:13,976 INFO  - Received CAM message from veh_168 (at simulation time 438.601,900,000 s)
2024-06-04 00:13:13,976 INFO  - Received CAM message from veh_159 (at simulation time 438.601,900,000 s)
2024-06-04 00:13:13,977 INFO  - Atempting to process queue (at simulation time 438.700,000,000 s)
2024-06-04 00:13:13,977 INFO  - Vehicle is inside the detection area. (at simulation time 438.700,000,000 s)
2024-06-04 00:13:13,977 INFO  - Sent Detection message to rsu_0 (at simulation time 438.700,000,000 s)
2024-06-04 00:13:13,977 INFO  - Sent broadcast CAM message to all vehicles (at simulation time 438.700,000,000 s)
2024-06-04 00:13:13,977 INFO  - Received CAM message from veh_171 (at simulation time 438.700,400,000 s)
2024-06-04 00:13:13,977 INFO  - Received CAM message from veh_126 (at simulation time 438.700,900,000 s)
2024-06-04 00:13:13,978 INFO  - Received CAM message from veh_135 (at simulation time 438.701,400,000 s)
2024-06-04 00:13:13,978 INFO  - Received CAM message from veh_233 (at simulation time 438.701,900,000 s)
2024-06-04 00:13:13,978 INFO  - Received CAM message from veh_168 (at simulation time 438.701,900,000 s)
2024-06-04 00:13:13,978 INFO  - Received CAM message from veh_159 (at simulation time 438.702,400,000 s)
2024-06-04 00:13:13,978 INFO  - Atempting to process queue (at simulation time 438.800,000,000 s)
2024-06-04 00:13:13,978 INFO  - Vehicle is inside the detection area. (at simulation time 438.800,000,000 s)
2024-06-04 00:13:13,978 INFO  - Sent Detection message to rsu_0 (at simulation time 438.800,000,000 s)
2024-06-04 00:13:13,978 INFO  - Sent broadcast CAM message to all vehicles (at simulation time 438.800,000,000 s)
2024-06-04 00:13:13,979 INFO  - Received CAM message from veh_159 (at simulation time 438.800,900,000 s)
2024-06-04 00:13:13,979 INFO  - Received CAM message from veh_171 (at simulation time 438.801,400,000 s)
2024-06-04 00:13:13,980 INFO  - Received CAM message from veh_168 (at simulation time 438.801,900,000 s)
2024-06-04 00:13:13,980 INFO  - Received CAM message from veh_135 (at simulation time 438.801,900,000 s)
2024-06-04 00:13:13,980 INFO  - Received CAM message from veh_233 (at simulation time 438.802,400,000 s)
2024-06-04 00:13:13,980 INFO  - Received CAM message from veh_126 (at simulation time 438.802,400,000 s)
2024-06-04 00:13:13,980 INFO  - Atempting to process queue (at simulation time 438.900,000,000 s)
2024-06-04 00:13:13,980 INFO  - Vehicle is inside the detection area. (at simulation time 438.900,000,000 s)
2024-06-04 00:13:13,980 INFO  - Sent Detection message to rsu_0 (at simulation time 438.900,000,000 s)
2024-06-04 00:13:13,980 INFO  - Sent broadcast CAM message to all vehicles (at simulation time 438.900,000,000 s)
2024-06-04 00:13:13,980 INFO  - Received CAM message from veh_171 (at simulation time 438.900,400,000 s)
2024-06-04 00:13:13,981 INFO  - Received CAM message from veh_135 (at simulation time 438.900,400,000 s)
2024-06-04 00:13:13,981 INFO  - Received CAM message from veh_233 (at simulation time 438.900,900,000 s)
2024-06-04 00:13:13,981 INFO  - Received CAM message from veh_126 (at simulation time 438.900,900,000 s)
2024-06-04 00:13:13,981 INFO  - Received CAM message from veh_168 (at simulation time 438.901,400,000 s)
2024-06-04 00:13:13,981 INFO  - Received CAM message from veh_159 (at simulation time 438.901,900,000 s)
2024-06-04 00:13:13,988 INFO  - Atempting to process queue (at simulation time 439.000,000,000 s)
2024-06-04 00:13:13,988 INFO  - Vehicle is outside the detection area. (at simulation time 439.000,000,000 s)
2024-06-04 00:13:13,988 INFO  - Sent broadcast CAM message to all vehicles (at simulation time 439.000,000,000 s)
2024-06-04 00:13:13,990 INFO  - Received CAM message from veh_168 (at simulation time 439.000,400,000 s)
2024-06-04 00:13:13,990 INFO  - Received CAM message from veh_159 (at simulation time 439.000,400,000 s)
2024-06-04 00:13:13,991 INFO  - Received CAM message from veh_126 (at simulation time 439.000,400,000 s)
2024-06-04 00:13:13,991 INFO  - Received CAM message from veh_171 (at simulation time 439.000,900,000 s)
2024-06-04 00:13:13,991 INFO  - Received CAM message from veh_135 (at simulation time 439.000,900,000 s)
2024-06-04 00:13:13,991 INFO  - Received CAM message from veh_233 (at simulation time 439.001,900,000 s)
2024-06-04 00:13:13,992 INFO  - Received CAM message from veh_165 (at simulation time 439.002,400,000 s)
2024-06-04 00:13:13,992 INFO  - Atempting to process queue (at simulation time 439.100,000,000 s)
2024-06-04 00:13:13,992 INFO  - Vehicle is outside the detection area. (at simulation time 439.100,000,000 s)
2024-06-04 00:13:13,992 INFO  - Sent broadcast CAM message to all vehicles (at simulation time 439.100,000,000 s)
2024-06-04 00:13:13,992 INFO  - Received CAM message from veh_159 (at simulation time 439.100,400,000 s)
2024-06-04 00:13:13,993 INFO  - Received CAM message from veh_168 (at simulation time 439.100,900,000 s)
2024-06-04 00:13:13,993 INFO  - Received CAM message from veh_135 (at simulation time 439.100,900,000 s)
2024-06-04 00:13:13,993 INFO  - Received CAM message from veh_165 (at simulation time 439.101,400,000 s)
2024-06-04 00:13:13,993 INFO  - Received CAM message from veh_171 (at simulation time 439.101,900,000 s)
2024-06-04 00:13:13,993 INFO  - Received CAM message from veh_233 (at simulation time 439.102,400,000 s)
2024-06-04 00:13:13,994 INFO  - Received CAM message from veh_126 (at simulation time 439.102,400,000 s)
2024-06-04 00:13:13,994 INFO  - Atempting to process queue (at simulation time 439.200,000,000 s)
2024-06-04 00:13:13,994 INFO  - Vehicle is outside the detection area. (at simulation time 439.200,000,000 s)
2024-06-04 00:13:13,994 INFO  - Sent broadcast CAM message to all vehicles (at simulation time 439.200,000,000 s)
2024-06-04 00:13:13,994 INFO  - Received CAM message from veh_168 (at simulation time 439.200,900,000 s)
2024-06-04 00:13:13,995 INFO  - Received CAM message from veh_126 (at simulation time 439.201,400,000 s)
2024-06-04 00:13:13,995 INFO  - Received CAM message from veh_171 (at simulation time 439.201,900,000 s)
2024-06-04 00:13:13,995 INFO  - Received CAM message from veh_165 (at simulation time 439.201,900,000 s)
2024-06-04 00:13:13,995 INFO  - Received CAM message from veh_135 (at simulation time 439.201,900,000 s)
2024-06-04 00:13:13,995 INFO  - Received CAM message from veh_233 (at simulation time 439.202,400,000 s)
2024-06-04 00:13:13,995 INFO  - Received CAM message from veh_159 (at simulation time 439.202,400,000 s)
2024-06-04 00:13:13,995 INFO  - Atempting to process queue (at simulation time 439.300,000,000 s)
2024-06-04 00:13:13,995 INFO  - Vehicle is outside the detection area. (at simulation time 439.300,000,000 s)
2024-06-04 00:13:13,995 INFO  - Sent broadcast CAM message to all vehicles (at simulation time 439.300,000,000 s)
2024-06-04 00:13:13,996 INFO  - Received CAM message from veh_135 (at simulation time 439.300,400,000 s)
2024-06-04 00:13:13,996 INFO  - Received CAM message from veh_159 (at simulation time 439.300,900,000 s)
2024-06-04 00:13:13,997 INFO  - Received CAM message from veh_165 (at simulation time 439.301,400,000 s)
2024-06-04 00:13:13,997 INFO  - Received CAM message from veh_233 (at simulation time 439.301,900,000 s)
2024-06-04 00:13:13,997 INFO  - Received CAM message from veh_168 (at simulation time 439.301,900,000 s)
2024-06-04 00:13:13,997 INFO  - Received CAM message from veh_171 (at simulation time 439.302,400,000 s)
2024-06-04 00:13:13,997 INFO  - Received CAM message from veh_126 (at simulation time 439.302,400,000 s)
2024-06-04 00:13:13,997 INFO  - Atempting to process queue (at simulation time 439.400,000,000 s)
2024-06-04 00:13:13,997 INFO  - Vehicle is outside the detection area. (at simulation time 439.400,000,000 s)
2024-06-04 00:13:13,998 INFO  - Sent broadcast CAM message to all vehicles (at simulation time 439.400,000,000 s)
2024-06-04 00:13:13,999 INFO  - Received CAM message from veh_168 (at simulation time 439.400,900,000 s)
2024-06-04 00:13:13,999 INFO  - Received CAM message from veh_135 (at simulation time 439.400,900,000 s)
2024-06-04 00:13:13,999 INFO  - Received CAM message from veh_165 (at simulation time 439.401,400,000 s)
2024-06-04 00:13:13,999 INFO  - Received CAM message from veh_233 (at simulation time 439.402,400,000 s)
2024-06-04 00:13:13,999 INFO  - Received CAM message from veh_171 (at simulation time 439.402,400,000 s)
2024-06-04 00:13:13,999 INFO  - Received CAM message from veh_159 (at simulation time 439.402,400,000 s)
2024-06-04 00:13:13,999 INFO  - Received CAM message from veh_126 (at simulation time 439.402,400,000 s)
2024-06-04 00:13:13,999 INFO  - Atempting to process queue (at simulation time 439.500,000,000 s)
2024-06-04 00:13:13,999 INFO  - Vehicle is outside the detection area. (at simulation time 439.500,000,000 s)
2024-06-04 00:13:13,999 INFO  - Sent broadcast CAM message to all vehicles (at simulation time 439.500,000,000 s)
2024-06-04 00:13:14,000 INFO  - Received CAM message from veh_165 (at simulation time 439.500,400,000 s)
2024-06-04 00:13:14,000 INFO  - Received CAM message from veh_135 (at simulation time 439.500,400,000 s)
2024-06-04 00:13:14,000 INFO  - Received CAM message from veh_126 (at simulation time 439.500,400,000 s)
2024-06-04 00:13:14,001 INFO  - Received CAM message from veh_233 (at simulation time 439.501,400,000 s)
2024-06-04 00:13:14,001 INFO  - Received CAM message from veh_171 (at simulation time 439.501,400,000 s)
2024-06-04 00:13:14,001 INFO  - Received CAM message from veh_168 (at simulation time 439.501,400,000 s)
2024-06-04 00:13:14,002 INFO  - Received CAM message from veh_159 (at simulation time 439.502,400,000 s)
2024-06-04 00:13:14,002 INFO  - Atempting to process queue (at simulation time 439.600,000,000 s)
2024-06-04 00:13:14,002 INFO  - Vehicle is outside the detection area. (at simulation time 439.600,000,000 s)
2024-06-04 00:13:14,002 INFO  - Sent broadcast CAM message to all vehicles (at simulation time 439.600,000,000 s)
2024-06-04 00:13:14,003 INFO  - Received CAM message from veh_171 (at simulation time 439.600,900,000 s)
2024-06-04 00:13:14,003 INFO  - Received CAM message from veh_168 (at simulation time 439.600,900,000 s)
2024-06-04 00:13:14,003 INFO  - Received CAM message from veh_135 (at simulation time 439.600,900,000 s)
2024-06-04 00:13:14,003 INFO  - Received CAM message from veh_233 (at simulation time 439.601,900,000 s)
2024-06-04 00:13:14,003 INFO  - Received CAM message from veh_165 (at simulation time 439.601,900,000 s)
2024-06-04 00:13:14,004 INFO  - Received CAM message from veh_159 (at simulation time 439.601,900,000 s)
2024-06-04 00:13:14,004 INFO  - Received CAM message from veh_126 (at simulation time 439.601,900,000 s)
2024-06-04 00:13:14,004 INFO  - Atempting to process queue (at simulation time 439.700,000,000 s)
2024-06-04 00:13:14,004 INFO  - Vehicle is outside the detection area. (at simulation time 439.700,000,000 s)
2024-06-04 00:13:14,004 INFO  - Sent broadcast CAM message to all vehicles (at simulation time 439.700,000,000 s)
2024-06-04 00:13:14,005 INFO  - Received CAM message from veh_171 (at simulation time 439.700,400,000 s)
2024-06-04 00:13:14,005 INFO  - Received CAM message from veh_168 (at simulation time 439.700,400,000 s)
2024-06-04 00:13:14,005 INFO  - Received CAM message from veh_233 (at simulation time 439.700,900,000 s)
2024-06-04 00:13:14,006 INFO  - Received CAM message from veh_126 (at simulation time 439.700,900,000 s)
2024-06-04 00:13:14,006 INFO  - Received CAM message from veh_159 (at simulation time 439.701,400,000 s)
2024-06-04 00:13:14,006 INFO  - Received CAM message from veh_135 (at simulation time 439.701,400,000 s)
2024-06-04 00:13:14,006 INFO  - Received CAM message from veh_165 (at simulation time 439.701,900,000 s)
2024-06-04 00:13:14,006 INFO  - Atempting to process queue (at simulation time 439.800,000,000 s)
2024-06-04 00:13:14,006 INFO  - Vehicle is outside the detection area. (at simulation time 439.800,000,000 s)
2024-06-04 00:13:14,006 INFO  - Sent broadcast CAM message to all vehicles (at simulation time 439.800,000,000 s)
2024-06-04 00:13:14,007 INFO  - Received CAM message from veh_233 (at simulation time 439.800,400,000 s)
2024-06-04 00:13:14,007 INFO  - Received CAM message from veh_171 (at simulation time 439.800,900,000 s)
2024-06-04 00:13:14,008 INFO  - Received CAM message from veh_159 (at simulation time 439.801,400,000 s)
2024-06-04 00:13:14,008 INFO  - Received CAM message from veh_168 (at simulation time 439.801,900,000 s)
2024-06-04 00:13:14,008 INFO  - Received CAM message from veh_135 (at simulation time 439.801,900,000 s)
2024-06-04 00:13:14,008 INFO  - Received CAM message from veh_126 (at simulation time 439.801,900,000 s)
2024-06-04 00:13:14,008 INFO  - Received CAM message from veh_165 (at simulation time 439.802,400,000 s)
2024-06-04 00:13:14,008 INFO  - Atempting to process queue (at simulation time 439.900,000,000 s)
2024-06-04 00:13:14,008 INFO  - Vehicle is outside the detection area. (at simulation time 439.900,000,000 s)
2024-06-04 00:13:14,008 INFO  - Sent broadcast CAM message to all vehicles (at simulation time 439.900,000,000 s)
2024-06-04 00:13:14,009 INFO  - Received CAM message from veh_168 (at simulation time 439.900,400,000 s)
2024-06-04 00:13:14,009 INFO  - Received CAM message from veh_135 (at simulation time 439.900,400,000 s)
2024-06-04 00:13:14,009 INFO  - Received CAM message from veh_126 (at simulation time 439.900,400,000 s)
2024-06-04 00:13:14,009 INFO  - Received CAM message from veh_171 (at simulation time 439.900,900,000 s)
2024-06-04 00:13:14,009 INFO  - Received CAM message from veh_165 (at simulation time 439.900,900,000 s)
2024-06-04 00:13:14,010 INFO  - Received CAM message from veh_159 (at simulation time 439.901,400,000 s)
2024-06-04 00:13:14,010 INFO  - Received CAM message from veh_233 (at simulation time 439.902,400,000 s)
2024-06-04 00:13:14,015 INFO  - Atempting to process queue (at simulation time 440.000,000,000 s)
2024-06-04 00:13:14,015 INFO  - Vehicle is outside the detection area. (at simulation time 440.000,000,000 s)
2024-06-04 00:13:14,015 INFO  - Sent broadcast CAM message to all vehicles (at simulation time 440.000,000,000 s)
2024-06-04 00:13:14,018 INFO  - Received CAM message from veh_159 (at simulation time 440.000,900,000 s)
2024-06-04 00:13:14,018 INFO  - Received CAM message from veh_171 (at simulation time 440.001,400,000 s)
2024-06-04 00:13:14,018 INFO  - Received CAM message from veh_168 (at simulation time 440.001,900,000 s)
2024-06-04 00:13:14,018 INFO  - Received CAM message from veh_126 (at simulation time 440.001,900,000 s)
2024-06-04 00:13:14,018 INFO  - Received CAM message from veh_233 (at simulation time 440.002,400,000 s)
2024-06-04 00:13:14,019 INFO  - Atempting to process queue (at simulation time 440.100,000,000 s)
2024-06-04 00:13:14,019 INFO  - Vehicle is outside the detection area. (at simulation time 440.100,000,000 s)
2024-06-04 00:13:14,019 INFO  - Sent broadcast CAM message to all vehicles (at simulation time 440.100,000,000 s)
2024-06-04 00:13:14,020 INFO  - Received CAM message from veh_171 (at simulation time 440.100,900,000 s)
2024-06-04 00:13:14,020 INFO  - Received CAM message from veh_159 (at simulation time 440.101,900,000 s)
2024-06-04 00:13:14,020 INFO  - Received CAM message from veh_233 (at simulation time 440.102,400,000 s)
2024-06-04 00:13:14,020 INFO  - Received CAM message from veh_168 (at simulation time 440.102,400,000 s)
2024-06-04 00:13:14,021 INFO  - Received CAM message from veh_126 (at simulation time 440.102,400,000 s)
2024-06-04 00:13:14,021 INFO  - Atempting to process queue (at simulation time 440.200,000,000 s)
2024-06-04 00:13:14,021 INFO  - Vehicle is outside the detection area. (at simulation time 440.200,000,000 s)
2024-06-04 00:13:14,021 INFO  - Sent broadcast CAM message to all vehicles (at simulation time 440.200,000,000 s)
2024-06-04 00:13:14,021 INFO  - Received CAM message from veh_233 (at simulation time 440.200,900,000 s)
2024-06-04 00:13:14,022 INFO  - Received CAM message from veh_126 (at simulation time 440.200,900,000 s)
2024-06-04 00:13:14,022 INFO  - Received CAM message from veh_171 (at simulation time 440.201,400,000 s)
2024-06-04 00:13:14,022 INFO  - Received CAM message from veh_168 (at simulation time 440.201,400,000 s)
2024-06-04 00:13:14,022 INFO  - Received CAM message from veh_159 (at simulation time 440.201,400,000 s)
2024-06-04 00:13:14,022 INFO  - Atempting to process queue (at simulation time 440.300,000,000 s)
2024-06-04 00:13:14,022 INFO  - Vehicle is outside the detection area. (at simulation time 440.300,000,000 s)
2024-06-04 00:13:14,022 INFO  - Sent broadcast CAM message to all vehicles (at simulation time 440.300,000,000 s)
2024-06-04 00:13:14,023 INFO  - Received CAM message from veh_171 (at simulation time 440.300,400,000 s)
2024-06-04 00:13:14,023 INFO  - Received CAM message from veh_168 (at simulation time 440.300,900,000 s)
2024-06-04 00:13:14,023 INFO  - Received CAM message from veh_233 (at simulation time 440.301,400,000 s)
2024-06-04 00:13:14,024 INFO  - Received CAM message from veh_126 (at simulation time 440.301,400,000 s)
2024-06-04 00:13:14,024 INFO  - Received CAM message from veh_159 (at simulation time 440.301,900,000 s)
2024-06-04 00:13:14,024 INFO  - Atempting to process queue (at simulation time 440.400,000,000 s)
2024-06-04 00:13:14,024 INFO  - Vehicle is outside the detection area. (at simulation time 440.400,000,000 s)
2024-06-04 00:13:14,024 INFO  - Sent broadcast CAM message to all vehicles (at simulation time 440.400,000,000 s)
2024-06-04 00:13:14,025 INFO  - Received CAM message from veh_159 (at simulation time 440.400,400,000 s)
2024-06-04 00:13:14,025 INFO  - Received CAM message from veh_168 (at simulation time 440.400,900,000 s)
2024-06-04 00:13:14,025 INFO  - Received CAM message from veh_126 (at simulation time 440.400,900,000 s)
2024-06-04 00:13:14,025 INFO  - Received CAM message from veh_233 (at simulation time 440.401,900,000 s)
2024-06-04 00:13:14,026 INFO  - Received CAM message from veh_171 (at simulation time 440.402,400,000 s)
2024-06-04 00:13:14,026 INFO  - Atempting to process queue (at simulation time 440.500,000,000 s)
2024-06-04 00:13:14,026 INFO  - Vehicle is outside the detection area. (at simulation time 440.500,000,000 s)
2024-06-04 00:13:14,026 INFO  - Sent broadcast CAM message to all vehicles (at simulation time 440.500,000,000 s)
2024-06-04 00:13:14,027 INFO  - Received CAM message from veh_159 (at simulation time 440.500,900,000 s)
2024-06-04 00:13:14,027 INFO  - Received CAM message from veh_171 (at simulation time 440.501,400,000 s)
2024-06-04 00:13:14,027 INFO  - Received CAM message from veh_168 (at simulation time 440.501,400,000 s)
2024-06-04 00:13:14,027 INFO  - Received CAM message from veh_233 (at simulation time 440.502,400,000 s)
2024-06-04 00:13:14,028 INFO  - Received CAM message from veh_126 (at simulation time 440.502,400,000 s)
2024-06-04 00:13:14,028 INFO  - Atempting to process queue (at simulation time 440.600,000,000 s)
2024-06-04 00:13:14,028 INFO  - Vehicle is outside the detection area. (at simulation time 440.600,000,000 s)
2024-06-04 00:13:14,028 INFO  - Sent broadcast CAM message to all vehicles (at simulation time 440.600,000,000 s)
2024-06-04 00:13:14,028 INFO  - Received CAM message from veh_168 (at simulation time 440.600,400,000 s)
2024-06-04 00:13:14,029 INFO  - Received CAM message from veh_126 (at simulation time 440.600,400,000 s)
2024-06-04 00:13:14,029 INFO  - Received CAM message from veh_233 (at simulation time 440.601,900,000 s)
2024-06-04 00:13:14,029 INFO  - Received CAM message from veh_171 (at simulation time 440.601,900,000 s)
2024-06-04 00:13:14,030 INFO  - Received CAM message from veh_159 (at simulation time 440.602,400,000 s)
2024-06-04 00:13:14,030 INFO  - Atempting to process queue (at simulation time 440.700,000,000 s)
2024-06-04 00:13:14,030 INFO  - Vehicle is outside the detection area. (at simulation time 440.700,000,000 s)
2024-06-04 00:13:14,030 INFO  - Sent broadcast CAM message to all vehicles (at simulation time 440.700,000,000 s)
2024-06-04 00:13:14,030 INFO  - Received CAM message from veh_159 (at simulation time 440.700,400,000 s)
2024-06-04 00:13:14,031 INFO  - Received CAM message from veh_168 (at simulation time 440.700,900,000 s)
2024-06-04 00:13:14,031 INFO  - Received CAM message from veh_233 (at simulation time 440.701,900,000 s)
2024-06-04 00:13:14,031 INFO  - Received CAM message from veh_171 (at simulation time 440.701,900,000 s)
2024-06-04 00:13:14,031 INFO  - Received CAM message from veh_126 (at simulation time 440.702,400,000 s)
2024-06-04 00:13:14,031 INFO  - Atempting to process queue (at simulation time 440.800,000,000 s)
2024-06-04 00:13:14,031 INFO  - Vehicle is outside the detection area. (at simulation time 440.800,000,000 s)
2024-06-04 00:13:14,031 INFO  - Sent broadcast CAM message to all vehicles (at simulation time 440.800,000,000 s)
2024-06-04 00:13:14,032 INFO  - Received CAM message from veh_171 (at simulation time 440.800,900,000 s)
2024-06-04 00:13:14,033 INFO  - Received CAM message from veh_168 (at simulation time 440.801,400,000 s)
2024-06-04 00:13:14,033 INFO  - Received CAM message from veh_159 (at simulation time 440.801,900,000 s)
2024-06-04 00:13:14,033 INFO  - Received CAM message from veh_126 (at simulation time 440.801,900,000 s)
2024-06-04 00:13:14,033 INFO  - Received CAM message from veh_233 (at simulation time 440.802,400,000 s)
2024-06-04 00:13:14,033 INFO  - Atempting to process queue (at simulation time 440.900,000,000 s)
2024-06-04 00:13:14,033 INFO  - Vehicle is outside the detection area. (at simulation time 440.900,000,000 s)
2024-06-04 00:13:14,033 INFO  - Sent broadcast CAM message to all vehicles (at simulation time 440.900,000,000 s)
2024-06-04 00:13:14,034 INFO  - Received CAM message from veh_233 (at simulation time 440.900,400,000 s)
2024-06-04 00:13:14,034 INFO  - Received CAM message from veh_168 (at simulation time 440.900,400,000 s)
2024-06-04 00:13:14,034 INFO  - Received CAM message from veh_171 (at simulation time 440.901,400,000 s)
2024-06-04 00:13:14,035 INFO  - Received CAM message from veh_159 (at simulation time 440.901,400,000 s)
2024-06-04 00:13:14,035 INFO  - Received CAM message from veh_126 (at simulation time 440.901,900,000 s)
2024-06-04 00:13:14,139 INFO  - Atempting to process queue (at simulation time 441.000,000,000 s)
2024-06-04 00:13:14,139 INFO  - Vehicle is outside the detection area. (at simulation time 441.000,000,000 s)
2024-06-04 00:13:14,139 INFO  - Sent broadcast CAM message to all vehicles (at simulation time 441.000,000,000 s)
2024-06-04 00:13:14,141 INFO  - Received CAM message from veh_168 (at simulation time 441.000,400,000 s)
2024-06-04 00:13:14,141 INFO  - Received CAM message from veh_159 (at simulation time 441.001,400,000 s)
2024-06-04 00:13:14,142 INFO  - Received CAM message from veh_233 (at simulation time 441.001,900,000 s)
2024-06-04 00:13:14,142 INFO  - Received CAM message from veh_171 (at simulation time 441.001,900,000 s)
2024-06-04 00:13:14,142 INFO  - Atempting to process queue (at simulation time 441.100,000,000 s)
2024-06-04 00:13:14,142 INFO  - Vehicle is outside the detection area. (at simulation time 441.100,000,000 s)
2024-06-04 00:13:14,142 INFO  - Sent broadcast CAM message to all vehicles (at simulation time 441.100,000,000 s)
2024-06-04 00:13:14,143 INFO  - Received CAM message from veh_233 (at simulation time 441.100,400,000 s)
2024-06-04 00:13:14,143 INFO  - Received CAM message from veh_168 (at simulation time 441.100,400,000 s)
2024-06-04 00:13:14,143 INFO  - Received CAM message from veh_159 (at simulation time 441.100,900,000 s)
2024-06-04 00:13:14,144 INFO  - Received CAM message from veh_171 (at simulation time 441.102,400,000 s)
2024-06-04 00:13:14,144 INFO  - Atempting to process queue (at simulation time 441.200,000,000 s)
2024-06-04 00:13:14,144 INFO  - Vehicle is outside the detection area. (at simulation time 441.200,000,000 s)
2024-06-04 00:13:14,144 INFO  - Sent broadcast CAM message to all vehicles (at simulation time 441.200,000,000 s)
2024-06-04 00:13:14,145 INFO  - Received CAM message from veh_159 (at simulation time 441.200,900,000 s)
2024-06-04 00:13:14,146 INFO  - Received CAM message from veh_233 (at simulation time 441.201,400,000 s)
2024-06-04 00:13:14,146 INFO  - Received CAM message from veh_168 (at simulation time 441.201,400,000 s)
2024-06-04 00:13:14,146 INFO  - Received CAM message from veh_171 (at simulation time 441.202,400,000 s)
2024-06-04 00:13:14,146 INFO  - Atempting to process queue (at simulation time 441.300,000,000 s)
2024-06-04 00:13:14,146 INFO  - Vehicle is outside the detection area. (at simulation time 441.300,000,000 s)
2024-06-04 00:13:14,146 INFO  - Sent broadcast CAM message to all vehicles (at simulation time 441.300,000,000 s)
2024-06-04 00:13:14,148 INFO  - Received CAM message from veh_171 (at simulation time 441.301,900,000 s)
2024-06-04 00:13:14,148 INFO  - Received CAM message from veh_159 (at simulation time 441.301,900,000 s)
2024-06-04 00:13:14,148 INFO  - Received CAM message from veh_233 (at simulation time 441.302,400,000 s)
2024-06-04 00:13:14,148 INFO  - Received CAM message from veh_168 (at simulation time 441.302,400,000 s)
2024-06-04 00:13:14,149 INFO  - Atempting to process queue (at simulation time 441.400,000,000 s)
2024-06-04 00:13:14,149 INFO  - Vehicle is outside the detection area. (at simulation time 441.400,000,000 s)
2024-06-04 00:13:14,149 INFO  - Sent broadcast CAM message to all vehicles (at simulation time 441.400,000,000 s)
2024-06-04 00:13:14,149 INFO  - Received CAM message from veh_171 (at simulation time 441.400,400,000 s)
2024-06-04 00:13:14,150 INFO  - Received CAM message from veh_168 (at simulation time 441.401,400,000 s)
2024-06-04 00:13:14,150 INFO  - Received CAM message from veh_233 (at simulation time 441.402,400,000 s)
2024-06-04 00:13:14,150 INFO  - Received CAM message from veh_159 (at simulation time 441.402,400,000 s)
2024-06-04 00:13:14,150 INFO  - Atempting to process queue (at simulation time 441.500,000,000 s)
2024-06-04 00:13:14,150 INFO  - Vehicle is outside the detection area. (at simulation time 441.500,000,000 s)
2024-06-04 00:13:14,150 INFO  - Sent broadcast CAM message to all vehicles (at simulation time 441.500,000,000 s)
2024-06-04 00:13:14,151 INFO  - Received CAM message from veh_168 (at simulation time 441.500,400,000 s)
2024-06-04 00:13:14,152 INFO  - Received CAM message from veh_159 (at simulation time 441.500,900,000 s)
2024-06-04 00:13:14,152 INFO  - Received CAM message from veh_233 (at simulation time 441.501,900,000 s)
2024-06-04 00:13:14,152 INFO  - Received CAM message from veh_171 (at simulation time 441.502,400,000 s)
2024-06-04 00:13:14,152 INFO  - Atempting to process queue (at simulation time 441.600,000,000 s)
2024-06-04 00:13:14,152 INFO  - Vehicle is outside the detection area. (at simulation time 441.600,000,000 s)
2024-06-04 00:13:14,152 INFO  - Sent broadcast CAM message to all vehicles (at simulation time 441.600,000,000 s)
2024-06-04 00:13:14,153 INFO  - Received CAM message from veh_233 (at simulation time 441.600,400,000 s)
2024-06-04 00:13:14,154 INFO  - Received CAM message from veh_159 (at simulation time 441.601,400,000 s)
2024-06-04 00:13:14,154 INFO  - Received CAM message from veh_171 (at simulation time 441.602,400,000 s)
2024-06-04 00:13:14,154 INFO  - Received CAM message from veh_168 (at simulation time 441.602,400,000 s)
2024-06-04 00:13:14,154 INFO  - Atempting to process queue (at simulation time 441.700,000,000 s)
2024-06-04 00:13:14,154 INFO  - Vehicle is outside the detection area. (at simulation time 441.700,000,000 s)
2024-06-04 00:13:14,154 INFO  - Sent broadcast CAM message to all vehicles (at simulation time 441.700,000,000 s)
2024-06-04 00:13:14,156 INFO  - Received CAM message from veh_159 (at simulation time 441.700,900,000 s)
2024-06-04 00:13:14,156 INFO  - Received CAM message from veh_233 (at simulation time 441.702,400,000 s)
2024-06-04 00:13:14,156 INFO  - Received CAM message from veh_171 (at simulation time 441.702,400,000 s)
2024-06-04 00:13:14,156 INFO  - Received CAM message from veh_168 (at simulation time 441.702,400,000 s)
2024-06-04 00:13:14,156 INFO  - Atempting to process queue (at simulation time 441.800,000,000 s)
2024-06-04 00:13:14,156 INFO  - Vehicle is outside the detection area. (at simulation time 441.800,000,000 s)
2024-06-04 00:13:14,156 INFO  - Sent broadcast CAM message to all vehicles (at simulation time 441.800,000,000 s)
2024-06-04 00:13:14,158 INFO  - Received CAM message from veh_171 (at simulation time 441.801,400,000 s)
2024-06-04 00:13:14,158 INFO  - Received CAM message from veh_168 (at simulation time 441.801,900,000 s)
2024-06-04 00:13:14,158 INFO  - Received CAM message from veh_159 (at simulation time 441.801,900,000 s)
2024-06-04 00:13:14,158 INFO  - Received CAM message from veh_233 (at simulation time 441.802,400,000 s)
2024-06-04 00:13:14,158 INFO  - Atempting to process queue (at simulation time 441.900,000,000 s)
2024-06-04 00:13:14,158 INFO  - Vehicle is outside the detection area. (at simulation time 441.900,000,000 s)
2024-06-04 00:13:14,158 INFO  - Sent broadcast CAM message to all vehicles (at simulation time 441.900,000,000 s)
2024-06-04 00:13:14,159 INFO  - Received CAM message from veh_168 (at simulation time 441.900,900,000 s)
2024-06-04 00:13:14,159 INFO  - Received CAM message from veh_233 (at simulation time 441.901,400,000 s)
2024-06-04 00:13:14,159 INFO  - Received CAM message from veh_171 (at simulation time 441.901,900,000 s)
2024-06-04 00:13:14,159 INFO  - Received CAM message from veh_159 (at simulation time 441.901,900,000 s)
2024-06-04 00:13:14,162 INFO  - Atempting to process queue (at simulation time 442.000,000,000 s)
2024-06-04 00:13:14,162 INFO  - Vehicle is outside the detection area. (at simulation time 442.000,000,000 s)
2024-06-04 00:13:14,162 INFO  - Sent broadcast CAM message to all vehicles (at simulation time 442.000,000,000 s)
2024-06-04 00:13:14,164 INFO  - Received CAM message from veh_233 (at simulation time 442.000,900,000 s)
2024-06-04 00:13:14,164 INFO  - Received CAM message from veh_159 (at simulation time 442.000,900,000 s)
2024-06-04 00:13:14,165 INFO  - Received CAM message from veh_168 (at simulation time 442.001,400,000 s)
2024-06-04 00:13:14,165 INFO  - Atempting to process queue (at simulation time 442.100,000,000 s)
2024-06-04 00:13:14,165 INFO  - Vehicle is outside the detection area. (at simulation time 442.100,000,000 s)
2024-06-04 00:13:14,165 INFO  - Sent broadcast CAM message to all vehicles (at simulation time 442.100,000,000 s)
2024-06-04 00:13:14,166 INFO  - Received CAM message from veh_233 (at simulation time 442.100,900,000 s)
2024-06-04 00:13:14,167 INFO  - Received CAM message from veh_159 (at simulation time 442.101,900,000 s)
2024-06-04 00:13:14,167 INFO  - Received CAM message from veh_168 (at simulation time 442.102,400,000 s)
2024-06-04 00:13:14,167 INFO  - Atempting to process queue (at simulation time 442.200,000,000 s)
2024-06-04 00:13:14,167 INFO  - Vehicle is outside the detection area. (at simulation time 442.200,000,000 s)
2024-06-04 00:13:14,167 INFO  - Sent broadcast CAM message to all vehicles (at simulation time 442.200,000,000 s)
2024-06-04 00:13:14,169 INFO  - Received CAM message from veh_168 (at simulation time 442.201,400,000 s)
2024-06-04 00:13:14,169 INFO  - Received CAM message from veh_233 (at simulation time 442.201,900,000 s)
2024-06-04 00:13:14,169 INFO  - Received CAM message from veh_159 (at simulation time 442.201,900,000 s)
2024-06-04 00:13:14,169 INFO  - Atempting to process queue (at simulation time 442.300,000,000 s)
2024-06-04 00:13:14,169 INFO  - Vehicle is outside the detection area. (at simulation time 442.300,000,000 s)
2024-06-04 00:13:14,169 INFO  - Sent broadcast CAM message to all vehicles (at simulation time 442.300,000,000 s)
2024-06-04 00:13:14,170 INFO  - Received CAM message from veh_233 (at simulation time 442.300,900,000 s)
2024-06-04 00:13:14,171 INFO  - Received CAM message from veh_159 (at simulation time 442.301,900,000 s)
2024-06-04 00:13:14,171 INFO  - Received CAM message from veh_168 (at simulation time 442.302,400,000 s)
2024-06-04 00:13:14,171 INFO  - Atempting to process queue (at simulation time 442.400,000,000 s)
2024-06-04 00:13:14,171 INFO  - Vehicle is outside the detection area. (at simulation time 442.400,000,000 s)
2024-06-04 00:13:14,171 INFO  - Sent broadcast CAM message to all vehicles (at simulation time 442.400,000,000 s)
2024-06-04 00:13:14,172 INFO  - Received CAM message from veh_233 (at simulation time 442.400,900,000 s)
2024-06-04 00:13:14,172 INFO  - Received CAM message from veh_159 (at simulation time 442.400,900,000 s)
2024-06-04 00:13:14,173 INFO  - Received CAM message from veh_168 (at simulation time 442.402,400,000 s)
2024-06-04 00:13:14,173 INFO  - Atempting to process queue (at simulation time 442.500,000,000 s)
2024-06-04 00:13:14,173 INFO  - Vehicle is outside the detection area. (at simulation time 442.500,000,000 s)
2024-06-04 00:13:14,173 INFO  - Sent broadcast CAM message to all vehicles (at simulation time 442.500,000,000 s)
2024-06-04 00:13:14,174 INFO  - Received CAM message from veh_159 (at simulation time 442.500,900,000 s)
2024-06-04 00:13:14,174 INFO  - Received CAM message from veh_233 (at simulation time 442.501,400,000 s)
2024-06-04 00:13:14,175 INFO  - Received CAM message from veh_168 (at simulation time 442.502,400,000 s)
2024-06-04 00:13:14,175 INFO  - Atempting to process queue (at simulation time 442.600,000,000 s)
2024-06-04 00:13:14,175 INFO  - Vehicle is outside the detection area. (at simulation time 442.600,000,000 s)
2024-06-04 00:13:14,175 INFO  - Sent broadcast CAM message to all vehicles (at simulation time 442.600,000,000 s)
2024-06-04 00:13:14,176 INFO  - Received CAM message from veh_233 (at simulation time 442.601,400,000 s)
2024-06-04 00:13:14,176 INFO  - Received CAM message from veh_168 (at simulation time 442.601,400,000 s)
2024-06-04 00:13:14,176 INFO  - Received CAM message from veh_159 (at simulation time 442.601,400,000 s)
2024-06-04 00:13:14,176 INFO  - Atempting to process queue (at simulation time 442.700,000,000 s)
2024-06-04 00:13:14,176 INFO  - Vehicle is outside the detection area. (at simulation time 442.700,000,000 s)
2024-06-04 00:13:14,176 INFO  - Sent broadcast CAM message to all vehicles (at simulation time 442.700,000,000 s)
2024-06-04 00:13:14,177 INFO  - Received CAM message from veh_159 (at simulation time 442.700,900,000 s)
2024-06-04 00:13:14,177 INFO  - Received CAM message from veh_233 (at simulation time 442.701,400,000 s)
2024-06-04 00:13:14,177 INFO  - Received CAM message from veh_168 (at simulation time 442.701,400,000 s)
2024-06-04 00:13:14,178 INFO  - Atempting to process queue (at simulation time 442.800,000,000 s)
2024-06-04 00:13:14,178 INFO  - Vehicle is outside the detection area. (at simulation time 442.800,000,000 s)
2024-06-04 00:13:14,178 INFO  - Sent broadcast CAM message to all vehicles (at simulation time 442.800,000,000 s)
2024-06-04 00:13:14,179 INFO  - Received CAM message from veh_159 (at simulation time 442.800,900,000 s)
2024-06-04 00:13:14,179 INFO  - Received CAM message from veh_233 (at simulation time 442.801,400,000 s)
2024-06-04 00:13:14,179 INFO  - Received CAM message from veh_168 (at simulation time 442.801,900,000 s)
2024-06-04 00:13:14,180 INFO  - Atempting to process queue (at simulation time 442.900,000,000 s)
2024-06-04 00:13:14,180 INFO  - Vehicle is outside the detection area. (at simulation time 442.900,000,000 s)
2024-06-04 00:13:14,180 INFO  - Sent broadcast CAM message to all vehicles (at simulation time 442.900,000,000 s)
2024-06-04 00:13:14,181 INFO  - Received CAM message from veh_233 (at simulation time 442.900,900,000 s)
2024-06-04 00:13:14,181 INFO  - Received CAM message from veh_168 (at simulation time 442.901,400,000 s)
2024-06-04 00:13:14,181 INFO  - Received CAM message from veh_159 (at simulation time 442.901,400,000 s)
2024-06-04 00:13:14,184 INFO  - Atempting to process queue (at simulation time 443.000,000,000 s)
2024-06-04 00:13:14,184 INFO  - Vehicle is outside the detection area. (at simulation time 443.000,000,000 s)
2024-06-04 00:13:14,184 INFO  - Sent broadcast CAM message to all vehicles (at simulation time 443.000,000,000 s)
2024-06-04 00:13:14,187 INFO  - Received CAM message from veh_233 (at simulation time 443.000,900,000 s)
2024-06-04 00:13:14,188 INFO  - Atempting to process queue (at simulation time 443.100,000,000 s)
2024-06-04 00:13:14,188 INFO  - Vehicle is outside the detection area. (at simulation time 443.100,000,000 s)
2024-06-04 00:13:14,188 INFO  - Sent broadcast CAM message to all vehicles (at simulation time 443.100,000,000 s)
2024-06-04 00:13:14,188 INFO  - Received CAM message from veh_233 (at simulation time 443.100,900,000 s)
2024-06-04 00:13:14,190 INFO  - Atempting to process queue (at simulation time 443.200,000,000 s)
2024-06-04 00:13:14,190 INFO  - Vehicle is outside the detection area. (at simulation time 443.200,000,000 s)
2024-06-04 00:13:14,190 INFO  - Sent broadcast CAM message to all vehicles (at simulation time 443.200,000,000 s)
2024-06-04 00:13:14,190 INFO  - Received CAM message from veh_233 (at simulation time 443.201,400,000 s)
2024-06-04 00:13:14,191 INFO  - Atempting to process queue (at simulation time 443.300,000,000 s)
2024-06-04 00:13:14,191 INFO  - Vehicle is outside the detection area. (at simulation time 443.300,000,000 s)
2024-06-04 00:13:14,191 INFO  - Sent broadcast CAM message to all vehicles (at simulation time 443.300,000,000 s)
2024-06-04 00:13:14,192 INFO  - Received CAM message from veh_233 (at simulation time 443.300,900,000 s)
2024-06-04 00:13:14,193 INFO  - Atempting to process queue (at simulation time 443.400,000,000 s)
2024-06-04 00:13:14,193 INFO  - Vehicle is outside the detection area. (at simulation time 443.400,000,000 s)
2024-06-04 00:13:14,193 INFO  - Sent broadcast CAM message to all vehicles (at simulation time 443.400,000,000 s)
2024-06-04 00:13:14,194 INFO  - Received CAM message from veh_233 (at simulation time 443.401,400,000 s)
2024-06-04 00:13:14,194 INFO  - Atempting to process queue (at simulation time 443.500,000,000 s)
2024-06-04 00:13:14,194 INFO  - Vehicle is outside the detection area. (at simulation time 443.500,000,000 s)
2024-06-04 00:13:14,194 INFO  - Sent broadcast CAM message to all vehicles (at simulation time 443.500,000,000 s)
2024-06-04 00:13:14,195 INFO  - Received CAM message from veh_233 (at simulation time 443.501,900,000 s)
2024-06-04 00:13:14,196 INFO  - Atempting to process queue (at simulation time 443.600,000,000 s)
2024-06-04 00:13:14,196 INFO  - Vehicle is outside the detection area. (at simulation time 443.600,000,000 s)
2024-06-04 00:13:14,196 INFO  - Sent broadcast CAM message to all vehicles (at simulation time 443.600,000,000 s)
2024-06-04 00:13:14,196 INFO  - Received CAM message from veh_233 (at simulation time 443.600,400,000 s)
2024-06-04 00:13:14,198 INFO  - Atempting to process queue (at simulation time 443.700,000,000 s)
2024-06-04 00:13:14,198 INFO  - Vehicle is outside the detection area. (at simulation time 443.700,000,000 s)
2024-06-04 00:13:14,198 INFO  - Sent broadcast CAM message to all vehicles (at simulation time 443.700,000,000 s)
2024-06-04 00:13:14,199 INFO  - Received CAM message from veh_233 (at simulation time 443.701,900,000 s)
2024-06-04 00:13:14,199 INFO  - Atempting to process queue (at simulation time 443.800,000,000 s)
2024-06-04 00:13:14,199 INFO  - Vehicle is outside the detection area. (at simulation time 443.800,000,000 s)
2024-06-04 00:13:14,199 INFO  - Sent broadcast CAM message to all vehicles (at simulation time 443.800,000,000 s)
2024-06-04 00:13:14,200 INFO  - Received CAM message from veh_233 (at simulation time 443.801,400,000 s)
2024-06-04 00:13:14,201 INFO  - Atempting to process queue (at simulation time 443.900,000,000 s)
2024-06-04 00:13:14,201 INFO  - Vehicle is outside the detection area. (at simulation time 443.900,000,000 s)
2024-06-04 00:13:14,201 INFO  - Sent broadcast CAM message to all vehicles (at simulation time 443.900,000,000 s)
2024-06-04 00:13:14,202 INFO  - Received CAM message from veh_233 (at simulation time 443.901,400,000 s)
2024-06-04 00:13:14,207 INFO  - Atempting to process queue (at simulation time 444.000,000,000 s)
2024-06-04 00:13:14,207 INFO  - Vehicle is outside the detection area. (at simulation time 444.000,000,000 s)
2024-06-04 00:13:14,207 INFO  - Sent broadcast CAM message to all vehicles (at simulation time 444.000,000,000 s)
2024-06-04 00:13:14,209 INFO  - Received CAM message from veh_233 (at simulation time 444.001,400,000 s)
2024-06-04 00:13:14,209 INFO  - Atempting to process queue (at simulation time 444.100,000,000 s)
2024-06-04 00:13:14,209 INFO  - Vehicle is outside the detection area. (at simulation time 444.100,000,000 s)
2024-06-04 00:13:14,209 INFO  - Sent broadcast CAM message to all vehicles (at simulation time 444.100,000,000 s)
2024-06-04 00:13:14,210 INFO  - Received CAM message from veh_233 (at simulation time 444.101,900,000 s)
2024-06-04 00:13:14,211 INFO  - Atempting to process queue (at simulation time 444.200,000,000 s)
2024-06-04 00:13:14,211 INFO  - Vehicle is outside the detection area. (at simulation time 444.200,000,000 s)
2024-06-04 00:13:14,211 INFO  - Sent broadcast CAM message to all vehicles (at simulation time 444.200,000,000 s)
2024-06-04 00:13:14,212 INFO  - Received CAM message from veh_233 (at simulation time 444.200,900,000 s)
2024-06-04 00:13:14,212 INFO  - Atempting to process queue (at simulation time 444.300,000,000 s)
2024-06-04 00:13:14,212 INFO  - Vehicle is outside the detection area. (at simulation time 444.300,000,000 s)
2024-06-04 00:13:14,213 INFO  - Sent broadcast CAM message to all vehicles (at simulation time 444.300,000,000 s)
2024-06-04 00:13:14,213 INFO  - Received CAM message from veh_233 (at simulation time 444.301,400,000 s)
2024-06-04 00:13:14,214 INFO  - Atempting to process queue (at simulation time 444.400,000,000 s)
2024-06-04 00:13:14,214 INFO  - Vehicle is outside the detection area. (at simulation time 444.400,000,000 s)
2024-06-04 00:13:14,214 INFO  - Sent broadcast CAM message to all vehicles (at simulation time 444.400,000,000 s)
2024-06-04 00:13:14,218 INFO  - Received CAM message from veh_233 (at simulation time 444.401,400,000 s)
2024-06-04 00:13:14,239 INFO  - Atempting to process queue (at simulation time 444.500,000,000 s)
2024-06-04 00:13:14,239 INFO  - Vehicle is outside the detection area. (at simulation time 444.500,000,000 s)
2024-06-04 00:13:14,239 INFO  - Sent broadcast CAM message to all vehicles (at simulation time 444.500,000,000 s)
2024-06-04 00:13:14,240 INFO  - Received CAM message from veh_233 (at simulation time 444.500,400,000 s)
2024-06-04 00:13:14,241 INFO  - Atempting to process queue (at simulation time 444.600,000,000 s)
2024-06-04 00:13:14,241 INFO  - Vehicle is outside the detection area. (at simulation time 444.600,000,000 s)
2024-06-04 00:13:14,241 INFO  - Sent broadcast CAM message to all vehicles (at simulation time 444.600,000,000 s)
2024-06-04 00:13:14,242 INFO  - Received CAM message from veh_233 (at simulation time 444.600,900,000 s)
2024-06-04 00:13:14,242 INFO  - Atempting to process queue (at simulation time 444.700,000,000 s)
2024-06-04 00:13:14,242 INFO  - Vehicle is outside the detection area. (at simulation time 444.700,000,000 s)
2024-06-04 00:13:14,242 INFO  - Sent broadcast CAM message to all vehicles (at simulation time 444.700,000,000 s)
2024-06-04 00:13:14,244 INFO  - Received CAM message from veh_233 (at simulation time 444.701,400,000 s)
2024-06-04 00:13:14,244 INFO  - Atempting to process queue (at simulation time 444.800,000,000 s)
2024-06-04 00:13:14,244 INFO  - Vehicle is outside the detection area. (at simulation time 444.800,000,000 s)
2024-06-04 00:13:14,244 INFO  - Sent broadcast CAM message to all vehicles (at simulation time 444.800,000,000 s)
2024-06-04 00:13:14,246 INFO  - Received CAM message from veh_233 (at simulation time 444.802,400,000 s)
2024-06-04 00:13:14,246 INFO  - Atempting to process queue (at simulation time 444.900,000,000 s)
2024-06-04 00:13:14,246 INFO  - Vehicle is outside the detection area. (at simulation time 444.900,000,000 s)
2024-06-04 00:13:14,246 INFO  - Sent broadcast CAM message to all vehicles (at simulation time 444.900,000,000 s)
2024-06-04 00:13:14,247 INFO  - Received CAM message from veh_233 (at simulation time 444.901,400,000 s)
2024-06-04 00:13:14,254 INFO  - Atempting to process queue (at simulation time 445.000,000,000 s)
2024-06-04 00:13:14,254 INFO  - Vehicle is outside the detection area. (at simulation time 445.000,000,000 s)
2024-06-04 00:13:14,254 INFO  - Sent broadcast CAM message to all vehicles (at simulation time 445.000,000,000 s)
2024-06-04 00:13:14,256 INFO  - Received CAM message from veh_233 (at simulation time 445.001,900,000 s)
2024-06-04 00:13:14,257 INFO  - Atempting to process queue (at simulation time 445.100,000,000 s)
2024-06-04 00:13:14,257 INFO  - Vehicle is outside the detection area. (at simulation time 445.100,000,000 s)
2024-06-04 00:13:14,257 INFO  - Sent broadcast CAM message to all vehicles (at simulation time 445.100,000,000 s)
2024-06-04 00:13:14,257 INFO  - Received CAM message from veh_233 (at simulation time 445.101,400,000 s)
2024-06-04 00:13:14,258 INFO  - Atempting to process queue (at simulation time 445.200,000,000 s)
2024-06-04 00:13:14,258 INFO  - Vehicle is outside the detection area. (at simulation time 445.200,000,000 s)
2024-06-04 00:13:14,258 INFO  - Sent broadcast CAM message to all vehicles (at simulation time 445.200,000,000 s)
2024-06-04 00:13:14,259 INFO  - Received CAM message from veh_233 (at simulation time 445.201,900,000 s)
2024-06-04 00:13:14,260 INFO  - Atempting to process queue (at simulation time 445.300,000,000 s)
2024-06-04 00:13:14,260 INFO  - Vehicle is outside the detection area. (at simulation time 445.300,000,000 s)
2024-06-04 00:13:14,260 INFO  - Sent broadcast CAM message to all vehicles (at simulation time 445.300,000,000 s)
2024-06-04 00:13:14,260 INFO  - Received CAM message from veh_233 (at simulation time 445.300,400,000 s)
2024-06-04 00:13:14,262 INFO  - Atempting to process queue (at simulation time 445.400,000,000 s)
2024-06-04 00:13:14,262 INFO  - Vehicle is outside the detection area. (at simulation time 445.400,000,000 s)
2024-06-04 00:13:14,262 INFO  - Sent broadcast CAM message to all vehicles (at simulation time 445.400,000,000 s)
2024-06-04 00:13:14,263 INFO  - Received CAM message from veh_233 (at simulation time 445.402,400,000 s)
2024-06-04 00:13:14,263 INFO  - Atempting to process queue (at simulation time 445.500,000,000 s)
2024-06-04 00:13:14,263 INFO  - Vehicle is outside the detection area. (at simulation time 445.500,000,000 s)
2024-06-04 00:13:14,263 INFO  - Sent broadcast CAM message to all vehicles (at simulation time 445.500,000,000 s)
2024-06-04 00:13:14,264 INFO  - Received CAM message from veh_233 (at simulation time 445.500,400,000 s)
2024-06-04 00:13:14,266 INFO  - Atempting to process queue (at simulation time 445.600,000,000 s)
2024-06-04 00:13:14,266 INFO  - Vehicle is outside the detection area. (at simulation time 445.600,000,000 s)
2024-06-04 00:13:14,266 INFO  - Sent broadcast CAM message to all vehicles (at simulation time 445.600,000,000 s)
2024-06-04 00:13:14,267 INFO  - Received CAM message from veh_233 (at simulation time 445.602,400,000 s)
2024-06-04 00:13:14,268 INFO  - Atempting to process queue (at simulation time 445.700,000,000 s)
2024-06-04 00:13:14,268 INFO  - Vehicle is outside the detection area. (at simulation time 445.700,000,000 s)
2024-06-04 00:13:14,268 INFO  - Sent broadcast CAM message to all vehicles (at simulation time 445.700,000,000 s)
2024-06-04 00:13:14,270 INFO  - Received CAM message from veh_233 (at simulation time 445.702,400,000 s)
2024-06-04 00:13:14,270 INFO  - Atempting to process queue (at simulation time 445.800,000,000 s)
2024-06-04 00:13:14,270 INFO  - Vehicle is outside the detection area. (at simulation time 445.800,000,000 s)
2024-06-04 00:13:14,270 INFO  - Sent broadcast CAM message to all vehicles (at simulation time 445.800,000,000 s)
2024-06-04 00:13:14,271 INFO  - Received CAM message from veh_233 (at simulation time 445.801,900,000 s)
2024-06-04 00:13:14,272 INFO  - Atempting to process queue (at simulation time 445.900,000,000 s)
2024-06-04 00:13:14,272 INFO  - Vehicle is outside the detection area. (at simulation time 445.900,000,000 s)
2024-06-04 00:13:14,272 INFO  - Sent broadcast CAM message to all vehicles (at simulation time 445.900,000,000 s)
2024-06-04 00:13:14,274 INFO  - Received CAM message from veh_233 (at simulation time 445.902,400,000 s)
2024-06-04 00:13:14,276 INFO  - Atempting to process queue (at simulation time 446.000,000,000 s)
2024-06-04 00:13:14,276 INFO  - Vehicle is outside the detection area. (at simulation time 446.000,000,000 s)
2024-06-04 00:13:14,276 INFO  - Sent broadcast CAM message to all vehicles (at simulation time 446.000,000,000 s)
2024-06-04 00:13:14,278 INFO  - Received CAM message from veh_233 (at simulation time 446.000,400,000 s)
2024-06-04 00:13:14,280 INFO  - Atempting to process queue (at simulation time 446.100,000,000 s)
2024-06-04 00:13:14,280 INFO  - Vehicle is outside the detection area. (at simulation time 446.100,000,000 s)
2024-06-04 00:13:14,280 INFO  - Sent broadcast CAM message to all vehicles (at simulation time 446.100,000,000 s)
2024-06-04 00:13:14,282 INFO  - Received CAM message from veh_233 (at simulation time 446.102,400,000 s)
2024-06-04 00:13:14,282 INFO  - Atempting to process queue (at simulation time 446.200,000,000 s)
2024-06-04 00:13:14,282 INFO  - Vehicle is outside the detection area. (at simulation time 446.200,000,000 s)
2024-06-04 00:13:14,282 INFO  - Sent broadcast CAM message to all vehicles (at simulation time 446.200,000,000 s)
2024-06-04 00:13:14,284 INFO  - Received CAM message from veh_233 (at simulation time 446.202,400,000 s)
2024-06-04 00:13:14,284 INFO  - Atempting to process queue (at simulation time 446.300,000,000 s)
2024-06-04 00:13:14,284 INFO  - Vehicle is outside the detection area. (at simulation time 446.300,000,000 s)
2024-06-04 00:13:14,284 INFO  - Sent broadcast CAM message to all vehicles (at simulation time 446.300,000,000 s)
2024-06-04 00:13:14,286 INFO  - Received CAM message from veh_233 (at simulation time 446.302,400,000 s)
2024-06-04 00:13:14,286 INFO  - Atempting to process queue (at simulation time 446.400,000,000 s)
2024-06-04 00:13:14,286 INFO  - Vehicle is outside the detection area. (at simulation time 446.400,000,000 s)
2024-06-04 00:13:14,286 INFO  - Sent broadcast CAM message to all vehicles (at simulation time 446.400,000,000 s)
2024-06-04 00:13:14,287 INFO  - Received CAM message from veh_233 (at simulation time 446.400,400,000 s)
2024-06-04 00:13:14,288 INFO  - Atempting to process queue (at simulation time 446.500,000,000 s)
2024-06-04 00:13:14,288 INFO  - Vehicle is outside the detection area. (at simulation time 446.500,000,000 s)
2024-06-04 00:13:14,288 INFO  - Sent broadcast CAM message to all vehicles (at simulation time 446.500,000,000 s)
2024-06-04 00:13:14,289 INFO  - Received CAM message from veh_233 (at simulation time 446.500,400,000 s)
2024-06-04 00:13:14,290 INFO  - Atempting to process queue (at simulation time 446.600,000,000 s)
2024-06-04 00:13:14,290 INFO  - Vehicle is outside the detection area. (at simulation time 446.600,000,000 s)
2024-06-04 00:13:14,290 INFO  - Sent broadcast CAM message to all vehicles (at simulation time 446.600,000,000 s)
2024-06-04 00:13:14,291 INFO  - Received CAM message from veh_233 (at simulation time 446.601,900,000 s)
2024-06-04 00:13:14,292 INFO  - Atempting to process queue (at simulation time 446.700,000,000 s)
2024-06-04 00:13:14,292 INFO  - Vehicle is outside the detection area. (at simulation time 446.700,000,000 s)
2024-06-04 00:13:14,292 INFO  - Sent broadcast CAM message to all vehicles (at simulation time 446.700,000,000 s)
2024-06-04 00:13:14,293 INFO  - Received CAM message from veh_233 (at simulation time 446.702,400,000 s)
2024-06-04 00:13:14,294 INFO  - Atempting to process queue (at simulation time 446.800,000,000 s)
2024-06-04 00:13:14,294 INFO  - Vehicle is outside the detection area. (at simulation time 446.800,000,000 s)
2024-06-04 00:13:14,294 INFO  - Sent broadcast CAM message to all vehicles (at simulation time 446.800,000,000 s)
2024-06-04 00:13:14,295 INFO  - Received CAM message from veh_233 (at simulation time 446.800,900,000 s)
2024-06-04 00:13:14,296 INFO  - Atempting to process queue (at simulation time 446.900,000,000 s)
2024-06-04 00:13:14,296 INFO  - Vehicle is outside the detection area. (at simulation time 446.900,000,000 s)
2024-06-04 00:13:14,296 INFO  - Sent broadcast CAM message to all vehicles (at simulation time 446.900,000,000 s)
2024-06-04 00:13:14,298 INFO  - Received CAM message from veh_233 (at simulation time 446.901,400,000 s)
2024-06-04 00:13:14,302 INFO  - Atempting to process queue (at simulation time 447.000,000,000 s)
2024-06-04 00:13:14,302 INFO  - Vehicle is outside the detection area. (at simulation time 447.000,000,000 s)
2024-06-04 00:13:14,302 INFO  - Sent broadcast CAM message to all vehicles (at simulation time 447.000,000,000 s)
2024-06-04 00:13:14,304 INFO  - Atempting to process queue (at simulation time 447.100,000,000 s)
2024-06-04 00:13:14,304 INFO  - Vehicle is outside the detection area. (at simulation time 447.100,000,000 s)
2024-06-04 00:13:14,304 INFO  - Sent broadcast CAM message to all vehicles (at simulation time 447.100,000,000 s)
2024-06-04 00:13:14,306 INFO  - Atempting to process queue (at simulation time 447.200,000,000 s)
2024-06-04 00:13:14,306 INFO  - Vehicle is outside the detection area. (at simulation time 447.200,000,000 s)
2024-06-04 00:13:14,306 INFO  - Sent broadcast CAM message to all vehicles (at simulation time 447.200,000,000 s)
2024-06-04 00:13:14,307 INFO  - Atempting to process queue (at simulation time 447.300,000,000 s)
2024-06-04 00:13:14,307 INFO  - Vehicle is outside the detection area. (at simulation time 447.300,000,000 s)
2024-06-04 00:13:14,307 INFO  - Sent broadcast CAM message to all vehicles (at simulation time 447.300,000,000 s)
2024-06-04 00:13:14,309 INFO  - Atempting to process queue (at simulation time 447.400,000,000 s)
2024-06-04 00:13:14,309 INFO  - Vehicle is outside the detection area. (at simulation time 447.400,000,000 s)
2024-06-04 00:13:14,309 INFO  - Sent broadcast CAM message to all vehicles (at simulation time 447.400,000,000 s)
2024-06-04 00:13:14,311 INFO  - Atempting to process queue (at simulation time 447.500,000,000 s)
2024-06-04 00:13:14,311 INFO  - Vehicle is outside the detection area. (at simulation time 447.500,000,000 s)
2024-06-04 00:13:14,311 INFO  - Sent broadcast CAM message to all vehicles (at simulation time 447.500,000,000 s)
2024-06-04 00:13:14,313 INFO  - Atempting to process queue (at simulation time 447.600,000,000 s)
2024-06-04 00:13:14,313 INFO  - Vehicle is outside the detection area. (at simulation time 447.600,000,000 s)
2024-06-04 00:13:14,313 INFO  - Sent broadcast CAM message to all vehicles (at simulation time 447.600,000,000 s)
2024-06-04 00:13:14,314 INFO  - Atempting to process queue (at simulation time 447.700,000,000 s)
2024-06-04 00:13:14,314 INFO  - Vehicle is outside the detection area. (at simulation time 447.700,000,000 s)
2024-06-04 00:13:14,314 INFO  - Sent broadcast CAM message to all vehicles (at simulation time 447.700,000,000 s)
2024-06-04 00:13:14,316 INFO  - Atempting to process queue (at simulation time 447.800,000,000 s)
2024-06-04 00:13:14,316 INFO  - Vehicle is outside the detection area. (at simulation time 447.800,000,000 s)
2024-06-04 00:13:14,316 INFO  - Sent broadcast CAM message to all vehicles (at simulation time 447.800,000,000 s)
2024-06-04 00:13:14,318 INFO  - Atempting to process queue (at simulation time 447.900,000,000 s)
2024-06-04 00:13:14,318 INFO  - Vehicle is outside the detection area. (at simulation time 447.900,000,000 s)
2024-06-04 00:13:14,318 INFO  - Sent broadcast CAM message to all vehicles (at simulation time 447.900,000,000 s)
2024-06-04 00:13:14,324 INFO  - Atempting to process queue (at simulation time 448.000,000,000 s)
2024-06-04 00:13:14,324 INFO  - Vehicle is outside the detection area. (at simulation time 448.000,000,000 s)
2024-06-04 00:13:14,324 INFO  - Sent broadcast CAM message to all vehicles (at simulation time 448.000,000,000 s)
2024-06-04 00:13:14,327 INFO  - Atempting to process queue (at simulation time 448.100,000,000 s)
2024-06-04 00:13:14,327 INFO  - Vehicle is outside the detection area. (at simulation time 448.100,000,000 s)
2024-06-04 00:13:14,327 INFO  - Sent broadcast CAM message to all vehicles (at simulation time 448.100,000,000 s)
2024-06-04 00:13:14,329 INFO  - Atempting to process queue (at simulation time 448.200,000,000 s)
2024-06-04 00:13:14,329 INFO  - Vehicle is outside the detection area. (at simulation time 448.200,000,000 s)
2024-06-04 00:13:14,329 INFO  - Sent broadcast CAM message to all vehicles (at simulation time 448.200,000,000 s)
2024-06-04 00:13:14,331 INFO  - Atempting to process queue (at simulation time 448.300,000,000 s)
2024-06-04 00:13:14,331 INFO  - Vehicle is outside the detection area. (at simulation time 448.300,000,000 s)
2024-06-04 00:13:14,331 INFO  - Sent broadcast CAM message to all vehicles (at simulation time 448.300,000,000 s)
2024-06-04 00:13:14,333 INFO  - Atempting to process queue (at simulation time 448.400,000,000 s)
2024-06-04 00:13:14,333 INFO  - Vehicle is outside the detection area. (at simulation time 448.400,000,000 s)
2024-06-04 00:13:14,333 INFO  - Sent broadcast CAM message to all vehicles (at simulation time 448.400,000,000 s)
2024-06-04 00:13:14,335 INFO  - Atempting to process queue (at simulation time 448.500,000,000 s)
2024-06-04 00:13:14,335 INFO  - Vehicle is outside the detection area. (at simulation time 448.500,000,000 s)
2024-06-04 00:13:14,335 INFO  - Sent broadcast CAM message to all vehicles (at simulation time 448.500,000,000 s)
2024-06-04 00:13:14,337 INFO  - Atempting to process queue (at simulation time 448.600,000,000 s)
2024-06-04 00:13:14,337 INFO  - Vehicle is outside the detection area. (at simulation time 448.600,000,000 s)
2024-06-04 00:13:14,337 INFO  - Sent broadcast CAM message to all vehicles (at simulation time 448.600,000,000 s)
2024-06-04 00:13:14,339 INFO  - Atempting to process queue (at simulation time 448.700,000,000 s)
2024-06-04 00:13:14,339 INFO  - Vehicle is outside the detection area. (at simulation time 448.700,000,000 s)
2024-06-04 00:13:14,339 INFO  - Sent broadcast CAM message to all vehicles (at simulation time 448.700,000,000 s)
2024-06-04 00:13:14,341 INFO  - Atempting to process queue (at simulation time 448.800,000,000 s)
2024-06-04 00:13:14,341 INFO  - Vehicle is outside the detection area. (at simulation time 448.800,000,000 s)
2024-06-04 00:13:14,341 INFO  - Sent broadcast CAM message to all vehicles (at simulation time 448.800,000,000 s)
2024-06-04 00:13:14,343 INFO  - Atempting to process queue (at simulation time 448.900,000,000 s)
2024-06-04 00:13:14,343 INFO  - Vehicle is outside the detection area. (at simulation time 448.900,000,000 s)
2024-06-04 00:13:14,343 INFO  - Sent broadcast CAM message to all vehicles (at simulation time 448.900,000,000 s)
2024-06-04 00:13:14,348 INFO  - Shutdown application (at simulation time 449.000,000,000 s)
