2024-06-04 00:13:11,418 INFO  - Initialize application (at simulation time 343.000,000,000 s)
2024-06-04 00:13:11,419 INFO  - Activated WLAN Module (at simulation time 343.000,000,000 s)
2024-06-04 00:13:11,419 INFO  - Vehicle is outside the detection area. (at simulation time 343.000,000,000 s)
2024-06-04 00:13:11,419 INFO  - Sent broadcast CAM message to all vehicles (at simulation time 343.000,000,000 s)
2024-06-04 00:13:11,423 INFO  - Vehicle is outside the detection area. (at simulation time 343.100,000,000 s)
2024-06-04 00:13:11,423 INFO  - Sent broadcast CAM message to all vehicles (at simulation time 343.100,000,000 s)
2024-06-04 00:13:11,425 INFO  - Vehicle is outside the detection area. (at simulation time 343.200,000,000 s)
2024-06-04 00:13:11,425 INFO  - Sent broadcast CAM message to all vehicles (at simulation time 343.200,000,000 s)
2024-06-04 00:13:11,426 INFO  - Vehicle is outside the detection area. (at simulation time 343.300,000,000 s)
2024-06-04 00:13:11,426 INFO  - Sent broadcast CAM message to all vehicles (at simulation time 343.300,000,000 s)
2024-06-04 00:13:11,427 INFO  - Vehicle is outside the detection area. (at simulation time 343.400,000,000 s)
2024-06-04 00:13:11,427 INFO  - Sent broadcast CAM message to all vehicles (at simulation time 343.400,000,000 s)
2024-06-04 00:13:11,452 INFO  - Vehicle is outside the detection area. (at simulation time 343.500,000,000 s)
2024-06-04 00:13:11,452 INFO  - Sent broadcast CAM message to all vehicles (at simulation time 343.500,000,000 s)
2024-06-04 00:13:11,454 INFO  - Vehicle is outside the detection area. (at simulation time 343.600,000,000 s)
2024-06-04 00:13:11,454 INFO  - Sent broadcast CAM message to all vehicles (at simulation time 343.600,000,000 s)
2024-06-04 00:13:11,456 INFO  - Vehicle is outside the detection area. (at simulation time 343.700,000,000 s)
2024-06-04 00:13:11,456 INFO  - Sent broadcast CAM message to all vehicles (at simulation time 343.700,000,000 s)
2024-06-04 00:13:11,457 INFO  - Vehicle is outside the detection area. (at simulation time 343.800,000,000 s)
2024-06-04 00:13:11,458 INFO  - Sent broadcast CAM message to all vehicles (at simulation time 343.800,000,000 s)
2024-06-04 00:13:11,459 INFO  - Vehicle is outside the detection area. (at simulation time 343.900,000,000 s)
2024-06-04 00:13:11,459 INFO  - Sent broadcast CAM message to all vehicles (at simulation time 343.900,000,000 s)
2024-06-04 00:13:11,464 INFO  - Vehicle is outside the detection area. (at simulation time 344.000,000,000 s)
2024-06-04 00:13:11,464 INFO  - Sent broadcast CAM message to all vehicles (at simulation time 344.000,000,000 s)
2024-06-04 00:13:11,466 INFO  - Vehicle is outside the detection area. (at simulation time 344.100,000,000 s)
2024-06-04 00:13:11,466 INFO  - Sent broadcast CAM message to all vehicles (at simulation time 344.100,000,000 s)
2024-06-04 00:13:11,467 INFO  - Vehicle is outside the detection area. (at simulation time 344.200,000,000 s)
2024-06-04 00:13:11,467 INFO  - Sent broadcast CAM message to all vehicles (at simulation time 344.200,000,000 s)
2024-06-04 00:13:11,468 INFO  - Vehicle is outside the detection area. (at simulation time 344.300,000,000 s)
2024-06-04 00:13:11,468 INFO  - Sent broadcast CAM message to all vehicles (at simulation time 344.300,000,000 s)
2024-06-04 00:13:11,470 INFO  - Vehicle is outside the detection area. (at simulation time 344.400,000,000 s)
2024-06-04 00:13:11,470 INFO  - Sent broadcast CAM message to all vehicles (at simulation time 344.400,000,000 s)
2024-06-04 00:13:11,471 INFO  - Vehicle is outside the detection area. (at simulation time 344.500,000,000 s)
2024-06-04 00:13:11,472 INFO  - Sent broadcast CAM message to all vehicles (at simulation time 344.500,000,000 s)
2024-06-04 00:13:11,473 INFO  - Vehicle is outside the detection area. (at simulation time 344.600,000,000 s)
2024-06-04 00:13:11,473 INFO  - Sent broadcast CAM message to all vehicles (at simulation time 344.600,000,000 s)
2024-06-04 00:13:11,474 INFO  - Vehicle is outside the detection area. (at simulation time 344.700,000,000 s)
2024-06-04 00:13:11,475 INFO  - Sent broadcast CAM message to all vehicles (at simulation time 344.700,000,000 s)
2024-06-04 00:13:11,477 INFO  - Vehicle is outside the detection area. (at simulation time 344.800,000,000 s)
2024-06-04 00:13:11,477 INFO  - Sent broadcast CAM message to all vehicles (at simulation time 344.800,000,000 s)
2024-06-04 00:13:11,478 INFO  - Vehicle is outside the detection area. (at simulation time 344.900,000,000 s)
2024-06-04 00:13:11,478 INFO  - Sent broadcast CAM message to all vehicles (at simulation time 344.900,000,000 s)
2024-06-04 00:13:11,484 INFO  - Vehicle is inside the detection area. (at simulation time 345.000,000,000 s)
2024-06-04 00:13:11,484 INFO  - Vehicle is too far away from the traffic light. (at simulation time 345.000,000,000 s)
2024-06-04 00:13:11,484 INFO  - No vehicles in range. (at simulation time 345.000,000,000 s)
2024-06-04 00:13:11,484 INFO  - Neither the RSU nor any vehicle is in range. (at simulation time 345.000,000,000 s)
2024-06-04 00:13:11,484 INFO  - Sent broadcast CAM message to all vehicles (at simulation time 345.000,000,000 s)
2024-06-04 00:13:11,486 INFO  - Vehicle is inside the detection area. (at simulation time 345.100,000,000 s)
2024-06-04 00:13:11,486 INFO  - Vehicle is too far away from the traffic light. (at simulation time 345.100,000,000 s)
2024-06-04 00:13:11,486 INFO  - No vehicles in range. (at simulation time 345.100,000,000 s)
2024-06-04 00:13:11,486 INFO  - Neither the RSU nor any vehicle is in range. (at simulation time 345.100,000,000 s)
2024-06-04 00:13:11,486 INFO  - Sent broadcast CAM message to all vehicles (at simulation time 345.100,000,000 s)
2024-06-04 00:13:11,487 INFO  - Vehicle is inside the detection area. (at simulation time 345.200,000,000 s)
2024-06-04 00:13:11,487 INFO  - Vehicle is too far away from the traffic light. (at simulation time 345.200,000,000 s)
2024-06-04 00:13:11,487 INFO  - No vehicles in range. (at simulation time 345.200,000,000 s)
2024-06-04 00:13:11,487 INFO  - Neither the RSU nor any vehicle is in range. (at simulation time 345.200,000,000 s)
2024-06-04 00:13:11,487 INFO  - Sent broadcast CAM message to all vehicles (at simulation time 345.200,000,000 s)
2024-06-04 00:13:11,488 INFO  - Vehicle is inside the detection area. (at simulation time 345.300,000,000 s)
2024-06-04 00:13:11,488 INFO  - Vehicle is too far away from the traffic light. (at simulation time 345.300,000,000 s)
2024-06-04 00:13:11,488 INFO  - No vehicles in range. (at simulation time 345.300,000,000 s)
2024-06-04 00:13:11,488 INFO  - Neither the RSU nor any vehicle is in range. (at simulation time 345.300,000,000 s)
2024-06-04 00:13:11,488 INFO  - Sent broadcast CAM message to all vehicles (at simulation time 345.300,000,000 s)
2024-06-04 00:13:11,489 INFO  - Vehicle is inside the detection area. (at simulation time 345.400,000,000 s)
2024-06-04 00:13:11,489 INFO  - Vehicle is too far away from the traffic light. (at simulation time 345.400,000,000 s)
2024-06-04 00:13:11,489 INFO  - No vehicles in range. (at simulation time 345.400,000,000 s)
2024-06-04 00:13:11,489 INFO  - Neither the RSU nor any vehicle is in range. (at simulation time 345.400,000,000 s)
2024-06-04 00:13:11,489 INFO  - Sent broadcast CAM message to all vehicles (at simulation time 345.400,000,000 s)
2024-06-04 00:13:11,491 INFO  - Vehicle is inside the detection area. (at simulation time 345.500,000,000 s)
2024-06-04 00:13:11,491 INFO  - Vehicle is too far away from the traffic light. (at simulation time 345.500,000,000 s)
2024-06-04 00:13:11,491 INFO  - No vehicles in range. (at simulation time 345.500,000,000 s)
2024-06-04 00:13:11,491 INFO  - Neither the RSU nor any vehicle is in range. (at simulation time 345.500,000,000 s)
2024-06-04 00:13:11,491 INFO  - Sent broadcast CAM message to all vehicles (at simulation time 345.500,000,000 s)
2024-06-04 00:13:11,492 INFO  - Vehicle is inside the detection area. (at simulation time 345.600,000,000 s)
2024-06-04 00:13:11,492 INFO  - Vehicle is too far away from the traffic light. (at simulation time 345.600,000,000 s)
2024-06-04 00:13:11,492 INFO  - No vehicles in range. (at simulation time 345.600,000,000 s)
2024-06-04 00:13:11,492 INFO  - Neither the RSU nor any vehicle is in range. (at simulation time 345.600,000,000 s)
2024-06-04 00:13:11,492 INFO  - Sent broadcast CAM message to all vehicles (at simulation time 345.600,000,000 s)
2024-06-04 00:13:11,493 INFO  - Vehicle is inside the detection area. (at simulation time 345.700,000,000 s)
2024-06-04 00:13:11,493 INFO  - Vehicle is too far away from the traffic light. (at simulation time 345.700,000,000 s)
2024-06-04 00:13:11,493 INFO  - No vehicles in range. (at simulation time 345.700,000,000 s)
2024-06-04 00:13:11,493 INFO  - Neither the RSU nor any vehicle is in range. (at simulation time 345.700,000,000 s)
2024-06-04 00:13:11,493 INFO  - Sent broadcast CAM message to all vehicles (at simulation time 345.700,000,000 s)
2024-06-04 00:13:11,495 INFO  - Vehicle is inside the detection area. (at simulation time 345.800,000,000 s)
2024-06-04 00:13:11,495 INFO  - Vehicle is too far away from the traffic light. (at simulation time 345.800,000,000 s)
2024-06-04 00:13:11,495 INFO  - No vehicles in range. (at simulation time 345.800,000,000 s)
2024-06-04 00:13:11,495 INFO  - Neither the RSU nor any vehicle is in range. (at simulation time 345.800,000,000 s)
2024-06-04 00:13:11,495 INFO  - Sent broadcast CAM message to all vehicles (at simulation time 345.800,000,000 s)
2024-06-04 00:13:11,496 INFO  - Vehicle is inside the detection area. (at simulation time 345.900,000,000 s)
2024-06-04 00:13:11,496 INFO  - Vehicle is too far away from the traffic light. (at simulation time 345.900,000,000 s)
2024-06-04 00:13:11,496 INFO  - No vehicles in range. (at simulation time 345.900,000,000 s)
2024-06-04 00:13:11,496 INFO  - Neither the RSU nor any vehicle is in range. (at simulation time 345.900,000,000 s)
2024-06-04 00:13:11,496 INFO  - Sent broadcast CAM message to all vehicles (at simulation time 345.900,000,000 s)
2024-06-04 00:13:11,501 INFO  - Vehicle is inside the detection area. (at simulation time 346.000,000,000 s)
2024-06-04 00:13:11,501 INFO  - Vehicle is too far away from the traffic light. (at simulation time 346.000,000,000 s)
2024-06-04 00:13:11,501 INFO  - No vehicles in range. (at simulation time 346.000,000,000 s)
2024-06-04 00:13:11,501 INFO  - Neither the RSU nor any vehicle is in range. (at simulation time 346.000,000,000 s)
2024-06-04 00:13:11,501 INFO  - Sent broadcast CAM message to all vehicles (at simulation time 346.000,000,000 s)
2024-06-04 00:13:11,504 INFO  - Received CAM message from veh_188 (at simulation time 346.001,900,000 s)
2024-06-04 00:13:11,504 INFO  - Atempting to process queue (at simulation time 346.100,000,000 s)
2024-06-04 00:13:11,504 INFO  - Vehicle is inside the detection area. (at simulation time 346.100,000,000 s)
2024-06-04 00:13:11,504 INFO  - Vehicle is too far away from the traffic light. (at simulation time 346.100,000,000 s)
2024-06-04 00:13:11,504 INFO  - Sent Detection message to veh_188 (at simulation time 346.100,000,000 s)
2024-06-04 00:13:11,504 INFO  - Sent broadcast CAM message to all vehicles (at simulation time 346.100,000,000 s)
2024-06-04 00:13:11,505 INFO  - Received CAM message from veh_188 (at simulation time 346.101,900,000 s)
2024-06-04 00:13:11,505 INFO  - Atempting to process queue (at simulation time 346.200,000,000 s)
2024-06-04 00:13:11,505 INFO  - Vehicle is inside the detection area. (at simulation time 346.200,000,000 s)
2024-06-04 00:13:11,505 INFO  - Vehicle is too far away from the traffic light. (at simulation time 346.200,000,000 s)
2024-06-04 00:13:11,505 INFO  - Sent Detection message to veh_188 (at simulation time 346.200,000,000 s)
2024-06-04 00:13:11,505 INFO  - Sent broadcast CAM message to all vehicles (at simulation time 346.200,000,000 s)
2024-06-04 00:13:11,506 INFO  - Received CAM message from veh_188 (at simulation time 346.200,900,000 s)
2024-06-04 00:13:11,507 INFO  - Atempting to process queue (at simulation time 346.300,000,000 s)
2024-06-04 00:13:11,507 INFO  - Vehicle is inside the detection area. (at simulation time 346.300,000,000 s)
2024-06-04 00:13:11,507 INFO  - Vehicle is too far away from the traffic light. (at simulation time 346.300,000,000 s)
2024-06-04 00:13:11,507 INFO  - Sent Detection message to veh_188 (at simulation time 346.300,000,000 s)
2024-06-04 00:13:11,507 INFO  - Sent broadcast CAM message to all vehicles (at simulation time 346.300,000,000 s)
2024-06-04 00:13:11,508 INFO  - Received CAM message from veh_188 (at simulation time 346.300,400,000 s)
2024-06-04 00:13:11,508 INFO  - Atempting to process queue (at simulation time 346.400,000,000 s)
2024-06-04 00:13:11,508 INFO  - Vehicle is inside the detection area. (at simulation time 346.400,000,000 s)
2024-06-04 00:13:11,508 INFO  - Vehicle is too far away from the traffic light. (at simulation time 346.400,000,000 s)
2024-06-04 00:13:11,508 INFO  - Sent Detection message to veh_188 (at simulation time 346.400,000,000 s)
2024-06-04 00:13:11,508 INFO  - Sent broadcast CAM message to all vehicles (at simulation time 346.400,000,000 s)
2024-06-04 00:13:11,509 INFO  - Received CAM message from veh_188 (at simulation time 346.400,400,000 s)
2024-06-04 00:13:11,509 INFO  - Atempting to process queue (at simulation time 346.500,000,000 s)
2024-06-04 00:13:11,509 INFO  - Vehicle is inside the detection area. (at simulation time 346.500,000,000 s)
2024-06-04 00:13:11,509 INFO  - Vehicle is too far away from the traffic light. (at simulation time 346.500,000,000 s)
2024-06-04 00:13:11,509 INFO  - Sent Detection message to veh_188 (at simulation time 346.500,000,000 s)
2024-06-04 00:13:11,509 INFO  - Sent broadcast CAM message to all vehicles (at simulation time 346.500,000,000 s)
2024-06-04 00:13:11,511 INFO  - Received CAM message from veh_188 (at simulation time 346.502,400,000 s)
2024-06-04 00:13:11,511 INFO  - Atempting to process queue (at simulation time 346.600,000,000 s)
2024-06-04 00:13:11,511 INFO  - Vehicle is inside the detection area. (at simulation time 346.600,000,000 s)
2024-06-04 00:13:11,511 INFO  - Vehicle is too far away from the traffic light. (at simulation time 346.600,000,000 s)
2024-06-04 00:13:11,511 INFO  - Sent Detection message to veh_188 (at simulation time 346.600,000,000 s)
2024-06-04 00:13:11,511 INFO  - Sent broadcast CAM message to all vehicles (at simulation time 346.600,000,000 s)
2024-06-04 00:13:11,512 INFO  - Received CAM message from veh_188 (at simulation time 346.602,400,000 s)
2024-06-04 00:13:11,512 INFO  - Atempting to process queue (at simulation time 346.700,000,000 s)
2024-06-04 00:13:11,512 INFO  - Vehicle is inside the detection area. (at simulation time 346.700,000,000 s)
2024-06-04 00:13:11,512 INFO  - Vehicle is too far away from the traffic light. (at simulation time 346.700,000,000 s)
2024-06-04 00:13:11,512 INFO  - Sent Detection message to veh_188 (at simulation time 346.700,000,000 s)
2024-06-04 00:13:11,512 INFO  - Sent broadcast CAM message to all vehicles (at simulation time 346.700,000,000 s)
2024-06-04 00:13:11,513 INFO  - Received CAM message from veh_188 (at simulation time 346.702,400,000 s)
2024-06-04 00:13:11,513 INFO  - Atempting to process queue (at simulation time 346.800,000,000 s)
2024-06-04 00:13:11,513 INFO  - Vehicle is inside the detection area. (at simulation time 346.800,000,000 s)
2024-06-04 00:13:11,513 INFO  - Vehicle is too far away from the traffic light. (at simulation time 346.800,000,000 s)
2024-06-04 00:13:11,513 INFO  - Sent Detection message to veh_188 (at simulation time 346.800,000,000 s)
2024-06-04 00:13:11,513 INFO  - Sent broadcast CAM message to all vehicles (at simulation time 346.800,000,000 s)
2024-06-04 00:13:11,514 INFO  - Received CAM message from veh_188 (at simulation time 346.801,400,000 s)
2024-06-04 00:13:11,514 INFO  - Atempting to process queue (at simulation time 346.900,000,000 s)
2024-06-04 00:13:11,514 INFO  - Vehicle is inside the detection area. (at simulation time 346.900,000,000 s)
2024-06-04 00:13:11,514 INFO  - Vehicle is too far away from the traffic light. (at simulation time 346.900,000,000 s)
2024-06-04 00:13:11,514 INFO  - Sent Detection message to veh_188 (at simulation time 346.900,000,000 s)
2024-06-04 00:13:11,514 INFO  - Sent broadcast CAM message to all vehicles (at simulation time 346.900,000,000 s)
2024-06-04 00:13:11,515 INFO  - Received CAM message from veh_188 (at simulation time 346.901,400,000 s)
2024-06-04 00:13:11,519 INFO  - Atempting to process queue (at simulation time 347.000,000,000 s)
2024-06-04 00:13:11,519 INFO  - Vehicle is inside the detection area. (at simulation time 347.000,000,000 s)
2024-06-04 00:13:11,520 INFO  - Sent Detection message to rsu_0 (at simulation time 347.000,000,000 s)
2024-06-04 00:13:11,520 INFO  - Sent broadcast CAM message to all vehicles (at simulation time 347.000,000,000 s)
2024-06-04 00:13:11,522 INFO  - Received CAM message from veh_188 (at simulation time 347.001,400,000 s)
2024-06-04 00:13:11,522 INFO  - Received CAM message from veh_123 (at simulation time 347.001,400,000 s)
2024-06-04 00:13:11,522 INFO  - Atempting to process queue (at simulation time 347.100,000,000 s)
2024-06-04 00:13:11,522 INFO  - Vehicle is inside the detection area. (at simulation time 347.100,000,000 s)
2024-06-04 00:13:11,522 INFO  - Sent Detection message to rsu_0 (at simulation time 347.100,000,000 s)
2024-06-04 00:13:11,522 INFO  - Sent broadcast CAM message to all vehicles (at simulation time 347.100,000,000 s)
2024-06-04 00:13:11,523 INFO  - Received CAM message from veh_188 (at simulation time 347.100,400,000 s)
2024-06-04 00:13:11,523 INFO  - Received CAM message from veh_123 (at simulation time 347.101,400,000 s)
2024-06-04 00:13:11,523 INFO  - Atempting to process queue (at simulation time 347.200,000,000 s)
2024-06-04 00:13:11,523 INFO  - Vehicle is inside the detection area. (at simulation time 347.200,000,000 s)
2024-06-04 00:13:11,523 INFO  - Sent Detection message to rsu_0 (at simulation time 347.200,000,000 s)
2024-06-04 00:13:11,523 INFO  - Sent broadcast CAM message to all vehicles (at simulation time 347.200,000,000 s)
2024-06-04 00:13:11,524 INFO  - Received CAM message from veh_188 (at simulation time 347.200,400,000 s)
2024-06-04 00:13:11,524 INFO  - Received CAM message from veh_123 (at simulation time 347.200,900,000 s)
2024-06-04 00:13:11,525 INFO  - Atempting to process queue (at simulation time 347.300,000,000 s)
2024-06-04 00:13:11,525 INFO  - Vehicle is inside the detection area. (at simulation time 347.300,000,000 s)
2024-06-04 00:13:11,525 INFO  - Sent Detection message to rsu_0 (at simulation time 347.300,000,000 s)
2024-06-04 00:13:11,525 INFO  - Sent broadcast CAM message to all vehicles (at simulation time 347.300,000,000 s)
2024-06-04 00:13:11,526 INFO  - Received CAM message from veh_188 (at simulation time 347.301,900,000 s)
2024-06-04 00:13:11,526 INFO  - Received CAM message from veh_123 (at simulation time 347.301,900,000 s)
2024-06-04 00:13:11,526 INFO  - Atempting to process queue (at simulation time 347.400,000,000 s)
2024-06-04 00:13:11,526 INFO  - Vehicle is inside the detection area. (at simulation time 347.400,000,000 s)
2024-06-04 00:13:11,526 INFO  - Sent Detection message to rsu_0 (at simulation time 347.400,000,000 s)
2024-06-04 00:13:11,526 INFO  - Sent broadcast CAM message to all vehicles (at simulation time 347.400,000,000 s)
2024-06-04 00:13:11,527 INFO  - Received CAM message from veh_188 (at simulation time 347.401,400,000 s)
2024-06-04 00:13:11,527 INFO  - Received CAM message from veh_123 (at simulation time 347.401,400,000 s)
2024-06-04 00:13:11,527 INFO  - Atempting to process queue (at simulation time 347.500,000,000 s)
2024-06-04 00:13:11,527 INFO  - Vehicle is inside the detection area. (at simulation time 347.500,000,000 s)
2024-06-04 00:13:11,527 INFO  - Sent Detection message to rsu_0 (at simulation time 347.500,000,000 s)
2024-06-04 00:13:11,527 INFO  - Sent broadcast CAM message to all vehicles (at simulation time 347.500,000,000 s)
2024-06-04 00:13:11,528 INFO  - Received CAM message from veh_188 (at simulation time 347.500,900,000 s)
2024-06-04 00:13:11,528 INFO  - Received CAM message from veh_123 (at simulation time 347.501,900,000 s)
2024-06-04 00:13:11,528 INFO  - Atempting to process queue (at simulation time 347.600,000,000 s)
2024-06-04 00:13:11,528 INFO  - Vehicle is inside the detection area. (at simulation time 347.600,000,000 s)
2024-06-04 00:13:11,528 INFO  - Sent Detection message to rsu_0 (at simulation time 347.600,000,000 s)
2024-06-04 00:13:11,528 INFO  - Sent broadcast CAM message to all vehicles (at simulation time 347.600,000,000 s)
2024-06-04 00:13:11,529 INFO  - Received CAM message from veh_188 (at simulation time 347.600,900,000 s)
2024-06-04 00:13:11,529 INFO  - Received CAM message from veh_123 (at simulation time 347.602,400,000 s)
2024-06-04 00:13:11,529 INFO  - Atempting to process queue (at simulation time 347.700,000,000 s)
2024-06-04 00:13:11,529 INFO  - Vehicle is inside the detection area. (at simulation time 347.700,000,000 s)
2024-06-04 00:13:11,529 INFO  - Sent Detection message to rsu_0 (at simulation time 347.700,000,000 s)
2024-06-04 00:13:11,529 INFO  - Sent broadcast CAM message to all vehicles (at simulation time 347.700,000,000 s)
2024-06-04 00:13:11,530 INFO  - Received CAM message from veh_123 (at simulation time 347.701,400,000 s)
2024-06-04 00:13:11,531 INFO  - Received CAM message from veh_188 (at simulation time 347.702,400,000 s)
2024-06-04 00:13:11,531 INFO  - Atempting to process queue (at simulation time 347.800,000,000 s)
2024-06-04 00:13:11,531 INFO  - Vehicle is inside the detection area. (at simulation time 347.800,000,000 s)
2024-06-04 00:13:11,531 INFO  - Sent Detection message to rsu_0 (at simulation time 347.800,000,000 s)
2024-06-04 00:13:11,531 INFO  - Sent broadcast CAM message to all vehicles (at simulation time 347.800,000,000 s)
2024-06-04 00:13:11,532 INFO  - Received CAM message from veh_188 (at simulation time 347.801,400,000 s)
2024-06-04 00:13:11,532 INFO  - Received CAM message from veh_123 (at simulation time 347.802,400,000 s)
2024-06-04 00:13:11,532 INFO  - Atempting to process queue (at simulation time 347.900,000,000 s)
2024-06-04 00:13:11,532 INFO  - Vehicle is inside the detection area. (at simulation time 347.900,000,000 s)
2024-06-04 00:13:11,532 INFO  - Sent Detection message to rsu_0 (at simulation time 347.900,000,000 s)
2024-06-04 00:13:11,532 INFO  - Sent broadcast CAM message to all vehicles (at simulation time 347.900,000,000 s)
2024-06-04 00:13:11,533 INFO  - Received CAM message from veh_188 (at simulation time 347.901,900,000 s)
2024-06-04 00:13:11,533 INFO  - Received CAM message from veh_123 (at simulation time 347.901,900,000 s)
2024-06-04 00:13:11,540 INFO  - Atempting to process queue (at simulation time 348.000,000,000 s)
2024-06-04 00:13:11,540 INFO  - Vehicle is inside the detection area. (at simulation time 348.000,000,000 s)
2024-06-04 00:13:11,540 INFO  - Sent Detection message to rsu_0 (at simulation time 348.000,000,000 s)
2024-06-04 00:13:11,540 INFO  - Sent broadcast CAM message to all vehicles (at simulation time 348.000,000,000 s)
2024-06-04 00:13:11,542 INFO  - Received CAM message from veh_141 (at simulation time 348.000,400,000 s)
2024-06-04 00:13:11,542 INFO  - Received CAM message from veh_123 (at simulation time 348.000,400,000 s)
2024-06-04 00:13:11,542 INFO  - Received CAM message from veh_188 (at simulation time 348.000,900,000 s)
2024-06-04 00:13:11,542 INFO  - Received CAM message from veh_129 (at simulation time 348.000,900,000 s)
2024-06-04 00:13:11,542 INFO  - Received CAM message from veh_132 (at simulation time 348.001,400,000 s)
2024-06-04 00:13:11,542 INFO  - Received CAM message from veh_108 (at simulation time 348.001,400,000 s)
2024-06-04 00:13:11,543 INFO  - Received CAM message from veh_102 (at simulation time 348.001,900,000 s)
2024-06-04 00:13:11,543 INFO  - Atempting to process queue (at simulation time 348.100,000,000 s)
2024-06-04 00:13:11,543 INFO  - Vehicle is inside the detection area. (at simulation time 348.100,000,000 s)
2024-06-04 00:13:11,543 INFO  - Sent Detection message to rsu_0 (at simulation time 348.100,000,000 s)
2024-06-04 00:13:11,543 INFO  - Sent broadcast CAM message to all vehicles (at simulation time 348.100,000,000 s)
2024-06-04 00:13:11,543 INFO  - Received CAM message from veh_188 (at simulation time 348.100,400,000 s)
2024-06-04 00:13:11,543 INFO  - Received CAM message from veh_132 (at simulation time 348.100,400,000 s)
2024-06-04 00:13:11,543 INFO  - Received CAM message from veh_102 (at simulation time 348.100,400,000 s)
2024-06-04 00:13:11,544 INFO  - Received CAM message from veh_129 (at simulation time 348.100,900,000 s)
2024-06-04 00:13:11,544 INFO  - Received CAM message from veh_141 (at simulation time 348.101,400,000 s)
2024-06-04 00:13:11,544 INFO  - Received CAM message from veh_123 (at simulation time 348.101,900,000 s)
2024-06-04 00:13:11,544 INFO  - Received CAM message from veh_108 (at simulation time 348.101,900,000 s)
2024-06-04 00:13:11,544 INFO  - Atempting to process queue (at simulation time 348.200,000,000 s)
2024-06-04 00:13:11,544 INFO  - Vehicle is inside the detection area. (at simulation time 348.200,000,000 s)
2024-06-04 00:13:11,544 INFO  - Sent Detection message to rsu_0 (at simulation time 348.200,000,000 s)
2024-06-04 00:13:11,544 INFO  - Sent broadcast CAM message to all vehicles (at simulation time 348.200,000,000 s)
2024-06-04 00:13:11,545 INFO  - Received CAM message from veh_129 (at simulation time 348.200,400,000 s)
2024-06-04 00:13:11,546 INFO  - Received CAM message from veh_141 (at simulation time 348.200,900,000 s)
2024-06-04 00:13:11,546 INFO  - Received CAM message from veh_188 (at simulation time 348.201,400,000 s)
2024-06-04 00:13:11,546 INFO  - Received CAM message from veh_132 (at simulation time 348.201,400,000 s)
2024-06-04 00:13:11,546 INFO  - Received CAM message from veh_123 (at simulation time 348.201,400,000 s)
2024-06-04 00:13:11,546 INFO  - Received CAM message from veh_108 (at simulation time 348.201,900,000 s)
2024-06-04 00:13:11,546 INFO  - Received CAM message from veh_102 (at simulation time 348.201,900,000 s)
2024-06-04 00:13:11,546 INFO  - Atempting to process queue (at simulation time 348.300,000,000 s)
2024-06-04 00:13:11,546 INFO  - Vehicle is inside the detection area. (at simulation time 348.300,000,000 s)
2024-06-04 00:13:11,546 INFO  - Sent Detection message to rsu_0 (at simulation time 348.300,000,000 s)
2024-06-04 00:13:11,546 INFO  - Sent broadcast CAM message to all vehicles (at simulation time 348.300,000,000 s)
2024-06-04 00:13:11,547 INFO  - Received CAM message from veh_129 (at simulation time 348.300,400,000 s)
2024-06-04 00:13:11,547 INFO  - Received CAM message from veh_141 (at simulation time 348.300,900,000 s)
2024-06-04 00:13:11,547 INFO  - Received CAM message from veh_123 (at simulation time 348.301,400,000 s)
2024-06-04 00:13:11,547 INFO  - Received CAM message from veh_102 (at simulation time 348.301,400,000 s)
2024-06-04 00:13:11,547 INFO  - Received CAM message from veh_188 (at simulation time 348.301,900,000 s)
2024-06-04 00:13:11,548 INFO  - Received CAM message from veh_132 (at simulation time 348.302,400,000 s)
2024-06-04 00:13:11,548 INFO  - Received CAM message from veh_108 (at simulation time 348.302,400,000 s)
2024-06-04 00:13:11,548 INFO  - Atempting to process queue (at simulation time 348.400,000,000 s)
2024-06-04 00:13:11,548 INFO  - Vehicle is inside the detection area. (at simulation time 348.400,000,000 s)
2024-06-04 00:13:11,548 INFO  - Sent Detection message to rsu_0 (at simulation time 348.400,000,000 s)
2024-06-04 00:13:11,548 INFO  - Sent broadcast CAM message to all vehicles (at simulation time 348.400,000,000 s)
2024-06-04 00:13:11,549 INFO  - Received CAM message from veh_188 (at simulation time 348.400,900,000 s)
2024-06-04 00:13:11,549 INFO  - Received CAM message from veh_141 (at simulation time 348.400,900,000 s)
2024-06-04 00:13:11,549 INFO  - Received CAM message from veh_132 (at simulation time 348.401,400,000 s)
2024-06-04 00:13:11,549 INFO  - Received CAM message from veh_123 (at simulation time 348.401,400,000 s)
2024-06-04 00:13:11,549 INFO  - Received CAM message from veh_108 (at simulation time 348.401,400,000 s)
2024-06-04 00:13:11,549 INFO  - Received CAM message from veh_129 (at simulation time 348.401,900,000 s)
2024-06-04 00:13:11,549 INFO  - Received CAM message from veh_102 (at simulation time 348.401,900,000 s)
2024-06-04 00:13:11,550 INFO  - Atempting to process queue (at simulation time 348.500,000,000 s)
2024-06-04 00:13:11,550 INFO  - Vehicle is inside the detection area. (at simulation time 348.500,000,000 s)
2024-06-04 00:13:11,550 INFO  - Sent Detection message to rsu_0 (at simulation time 348.500,000,000 s)
2024-06-04 00:13:11,550 INFO  - Sent broadcast CAM message to all vehicles (at simulation time 348.500,000,000 s)
2024-06-04 00:13:11,550 INFO  - Received CAM message from veh_188 (at simulation time 348.500,400,000 s)
2024-06-04 00:13:11,550 INFO  - Received CAM message from veh_132 (at simulation time 348.500,400,000 s)
2024-06-04 00:13:11,550 INFO  - Received CAM message from veh_108 (at simulation time 348.500,400,000 s)
2024-06-04 00:13:11,551 INFO  - Received CAM message from veh_102 (at simulation time 348.500,900,000 s)
2024-06-04 00:13:11,551 INFO  - Received CAM message from veh_123 (at simulation time 348.501,400,000 s)
2024-06-04 00:13:11,551 INFO  - Received CAM message from veh_129 (at simulation time 348.501,900,000 s)
2024-06-04 00:13:11,551 INFO  - Received CAM message from veh_141 (at simulation time 348.502,400,000 s)
2024-06-04 00:13:11,551 INFO  - Atempting to process queue (at simulation time 348.600,000,000 s)
2024-06-04 00:13:11,551 INFO  - Vehicle is inside the detection area. (at simulation time 348.600,000,000 s)
2024-06-04 00:13:11,551 INFO  - Sent Detection message to rsu_0 (at simulation time 348.600,000,000 s)
2024-06-04 00:13:11,551 INFO  - Sent broadcast CAM message to all vehicles (at simulation time 348.600,000,000 s)
2024-06-04 00:13:11,552 INFO  - Received CAM message from veh_188 (at simulation time 348.600,400,000 s)
2024-06-04 00:13:11,552 INFO  - Received CAM message from veh_102 (at simulation time 348.600,400,000 s)
2024-06-04 00:13:11,552 INFO  - Received CAM message from veh_141 (at simulation time 348.600,900,000 s)
2024-06-04 00:13:11,552 INFO  - Received CAM message from veh_108 (at simulation time 348.600,900,000 s)
2024-06-04 00:13:11,552 INFO  - Received CAM message from veh_123 (at simulation time 348.601,900,000 s)
2024-06-04 00:13:11,553 INFO  - Received CAM message from veh_132 (at simulation time 348.602,400,000 s)
2024-06-04 00:13:11,553 INFO  - Received CAM message from veh_129 (at simulation time 348.602,400,000 s)
2024-06-04 00:13:11,553 INFO  - Atempting to process queue (at simulation time 348.700,000,000 s)
2024-06-04 00:13:11,553 INFO  - Vehicle is inside the detection area. (at simulation time 348.700,000,000 s)
2024-06-04 00:13:11,553 INFO  - Sent Detection message to rsu_0 (at simulation time 348.700,000,000 s)
2024-06-04 00:13:11,553 INFO  - Sent broadcast CAM message to all vehicles (at simulation time 348.700,000,000 s)
2024-06-04 00:13:11,553 INFO  - Received CAM message from veh_132 (at simulation time 348.700,400,000 s)
2024-06-04 00:13:11,554 INFO  - Received CAM message from veh_188 (at simulation time 348.701,400,000 s)
2024-06-04 00:13:11,554 INFO  - Received CAM message from veh_141 (at simulation time 348.701,400,000 s)
2024-06-04 00:13:11,554 INFO  - Received CAM message from veh_108 (at simulation time 348.701,400,000 s)
2024-06-04 00:13:11,554 INFO  - Received CAM message from veh_129 (at simulation time 348.701,900,000 s)
2024-06-04 00:13:11,554 INFO  - Received CAM message from veh_123 (at simulation time 348.701,900,000 s)
2024-06-04 00:13:11,554 INFO  - Received CAM message from veh_102 (at simulation time 348.702,400,000 s)
2024-06-04 00:13:11,554 INFO  - Atempting to process queue (at simulation time 348.800,000,000 s)
2024-06-04 00:13:11,554 INFO  - Vehicle is inside the detection area. (at simulation time 348.800,000,000 s)
2024-06-04 00:13:11,554 INFO  - Sent Detection message to rsu_0 (at simulation time 348.800,000,000 s)
2024-06-04 00:13:11,554 INFO  - Sent broadcast CAM message to all vehicles (at simulation time 348.800,000,000 s)
2024-06-04 00:13:11,555 INFO  - Received CAM message from veh_141 (at simulation time 348.800,400,000 s)
2024-06-04 00:13:11,555 INFO  - Received CAM message from veh_132 (at simulation time 348.800,400,000 s)
2024-06-04 00:13:11,555 INFO  - Received CAM message from veh_123 (at simulation time 348.800,400,000 s)
2024-06-04 00:13:11,555 INFO  - Received CAM message from veh_188 (at simulation time 348.801,400,000 s)
2024-06-04 00:13:11,555 INFO  - Received CAM message from veh_108 (at simulation time 348.801,400,000 s)
2024-06-04 00:13:11,555 INFO  - Received CAM message from veh_102 (at simulation time 348.801,400,000 s)
2024-06-04 00:13:11,555 INFO  - Received CAM message from veh_129 (at simulation time 348.801,900,000 s)
2024-06-04 00:13:11,555 INFO  - Atempting to process queue (at simulation time 348.900,000,000 s)
2024-06-04 00:13:11,555 INFO  - Vehicle is inside the detection area. (at simulation time 348.900,000,000 s)
2024-06-04 00:13:11,555 INFO  - Sent Detection message to rsu_0 (at simulation time 348.900,000,000 s)
2024-06-04 00:13:11,555 INFO  - Sent broadcast CAM message to all vehicles (at simulation time 348.900,000,000 s)
2024-06-04 00:13:11,556 INFO  - Received CAM message from veh_108 (at simulation time 348.900,400,000 s)
2024-06-04 00:13:11,556 INFO  - Received CAM message from veh_188 (at simulation time 348.901,400,000 s)
2024-06-04 00:13:11,556 INFO  - Received CAM message from veh_141 (at simulation time 348.901,400,000 s)
2024-06-04 00:13:11,557 INFO  - Received CAM message from veh_132 (at simulation time 348.901,400,000 s)
2024-06-04 00:13:11,557 INFO  - Received CAM message from veh_129 (at simulation time 348.901,400,000 s)
2024-06-04 00:13:11,557 INFO  - Received CAM message from veh_102 (at simulation time 348.901,400,000 s)
2024-06-04 00:13:11,557 INFO  - Received CAM message from veh_123 (at simulation time 348.902,400,000 s)
2024-06-04 00:13:11,564 INFO  - Atempting to process queue (at simulation time 349.000,000,000 s)
2024-06-04 00:13:11,564 INFO  - Vehicle is outside the detection area. (at simulation time 349.000,000,000 s)
2024-06-04 00:13:11,564 INFO  - Sent broadcast CAM message to all vehicles (at simulation time 349.000,000,000 s)
2024-06-04 00:13:11,566 INFO  - Received CAM message from veh_188 (at simulation time 349.000,900,000 s)
2024-06-04 00:13:11,566 INFO  - Received CAM message from veh_132 (at simulation time 349.000,900,000 s)
2024-06-04 00:13:11,566 INFO  - Received CAM message from veh_129 (at simulation time 349.000,900,000 s)
2024-06-04 00:13:11,566 INFO  - Received CAM message from veh_123 (at simulation time 349.001,900,000 s)
2024-06-04 00:13:11,566 INFO  - Received CAM message from veh_141 (at simulation time 349.002,400,000 s)
2024-06-04 00:13:11,566 INFO  - Received CAM message from veh_108 (at simulation time 349.002,400,000 s)
2024-06-04 00:13:11,566 INFO  - Received CAM message from veh_102 (at simulation time 349.002,400,000 s)
2024-06-04 00:13:11,566 INFO  - Atempting to process queue (at simulation time 349.100,000,000 s)
2024-06-04 00:13:11,566 INFO  - Vehicle is outside the detection area. (at simulation time 349.100,000,000 s)
2024-06-04 00:13:11,566 INFO  - Sent broadcast CAM message to all vehicles (at simulation time 349.100,000,000 s)
2024-06-04 00:13:11,567 INFO  - Received CAM message from veh_132 (at simulation time 349.100,900,000 s)
2024-06-04 00:13:11,567 INFO  - Received CAM message from veh_123 (at simulation time 349.100,900,000 s)
2024-06-04 00:13:11,567 INFO  - Received CAM message from veh_102 (at simulation time 349.100,900,000 s)
2024-06-04 00:13:11,567 INFO  - Received CAM message from veh_188 (at simulation time 349.101,400,000 s)
2024-06-04 00:13:11,567 INFO  - Received CAM message from veh_141 (at simulation time 349.101,400,000 s)
2024-06-04 00:13:11,567 INFO  - Received CAM message from veh_129 (at simulation time 349.101,900,000 s)
2024-06-04 00:13:11,567 INFO  - Received CAM message from veh_108 (at simulation time 349.101,900,000 s)
2024-06-04 00:13:11,568 INFO  - Atempting to process queue (at simulation time 349.200,000,000 s)
2024-06-04 00:13:11,568 INFO  - Vehicle is outside the detection area. (at simulation time 349.200,000,000 s)
2024-06-04 00:13:11,568 INFO  - Sent broadcast CAM message to all vehicles (at simulation time 349.200,000,000 s)
2024-06-04 00:13:11,569 INFO  - Received CAM message from veh_129 (at simulation time 349.200,400,000 s)
2024-06-04 00:13:11,569 INFO  - Received CAM message from veh_123 (at simulation time 349.200,400,000 s)
2024-06-04 00:13:11,569 INFO  - Received CAM message from veh_102 (at simulation time 349.200,400,000 s)
2024-06-04 00:13:11,569 INFO  - Received CAM message from veh_132 (at simulation time 349.201,400,000 s)
2024-06-04 00:13:11,569 INFO  - Received CAM message from veh_108 (at simulation time 349.201,400,000 s)
2024-06-04 00:13:11,569 INFO  - Received CAM message from veh_188 (at simulation time 349.202,400,000 s)
2024-06-04 00:13:11,569 INFO  - Received CAM message from veh_141 (at simulation time 349.202,400,000 s)
2024-06-04 00:13:11,570 INFO  - Atempting to process queue (at simulation time 349.300,000,000 s)
2024-06-04 00:13:11,570 INFO  - Vehicle is outside the detection area. (at simulation time 349.300,000,000 s)
2024-06-04 00:13:11,570 INFO  - Sent broadcast CAM message to all vehicles (at simulation time 349.300,000,000 s)
2024-06-04 00:13:11,570 INFO  - Received CAM message from veh_188 (at simulation time 349.300,400,000 s)
2024-06-04 00:13:11,570 INFO  - Received CAM message from veh_123 (at simulation time 349.300,400,000 s)
2024-06-04 00:13:11,571 INFO  - Received CAM message from veh_132 (at simulation time 349.301,400,000 s)
2024-06-04 00:13:11,571 INFO  - Received CAM message from veh_102 (at simulation time 349.301,400,000 s)
2024-06-04 00:13:11,571 INFO  - Received CAM message from veh_129 (at simulation time 349.301,900,000 s)
2024-06-04 00:13:11,571 INFO  - Received CAM message from veh_108 (at simulation time 349.301,900,000 s)
2024-06-04 00:13:11,571 INFO  - Received CAM message from veh_141 (at simulation time 349.302,400,000 s)
2024-06-04 00:13:11,571 INFO  - Atempting to process queue (at simulation time 349.400,000,000 s)
2024-06-04 00:13:11,571 INFO  - Vehicle is outside the detection area. (at simulation time 349.400,000,000 s)
2024-06-04 00:13:11,571 INFO  - Sent broadcast CAM message to all vehicles (at simulation time 349.400,000,000 s)
2024-06-04 00:13:11,572 INFO  - Received CAM message from veh_188 (at simulation time 349.400,400,000 s)
2024-06-04 00:13:11,572 INFO  - Received CAM message from veh_108 (at simulation time 349.400,400,000 s)
2024-06-04 00:13:11,572 INFO  - Received CAM message from veh_141 (at simulation time 349.400,900,000 s)
2024-06-04 00:13:11,572 INFO  - Received CAM message from veh_123 (at simulation time 349.400,900,000 s)
2024-06-04 00:13:11,573 INFO  - Received CAM message from veh_129 (at simulation time 349.401,900,000 s)
2024-06-04 00:13:11,573 INFO  - Received CAM message from veh_132 (at simulation time 349.402,400,000 s)
2024-06-04 00:13:11,573 INFO  - Received CAM message from veh_102 (at simulation time 349.402,400,000 s)
2024-06-04 00:13:11,573 INFO  - Atempting to process queue (at simulation time 349.500,000,000 s)
2024-06-04 00:13:11,573 INFO  - Vehicle is outside the detection area. (at simulation time 349.500,000,000 s)
2024-06-04 00:13:11,573 INFO  - Sent broadcast CAM message to all vehicles (at simulation time 349.500,000,000 s)
2024-06-04 00:13:11,579 INFO  - Received CAM message from veh_132 (at simulation time 349.500,400,000 s)
2024-06-04 00:13:11,579 INFO  - Received CAM message from veh_108 (at simulation time 349.500,400,000 s)
2024-06-04 00:13:11,579 INFO  - Received CAM message from veh_188 (at simulation time 349.500,900,000 s)
2024-06-04 00:13:11,579 INFO  - Received CAM message from veh_129 (at simulation time 349.500,900,000 s)
2024-06-04 00:13:11,579 INFO  - Received CAM message from veh_123 (at simulation time 349.500,900,000 s)
2024-06-04 00:13:11,579 INFO  - Received CAM message from veh_102 (at simulation time 349.500,900,000 s)
2024-06-04 00:13:11,579 INFO  - Received CAM message from veh_141 (at simulation time 349.501,400,000 s)
2024-06-04 00:13:11,580 INFO  - Atempting to process queue (at simulation time 349.600,000,000 s)
2024-06-04 00:13:11,580 INFO  - Vehicle is outside the detection area. (at simulation time 349.600,000,000 s)
2024-06-04 00:13:11,580 INFO  - Sent broadcast CAM message to all vehicles (at simulation time 349.600,000,000 s)
2024-06-04 00:13:11,580 INFO  - Received CAM message from veh_108 (at simulation time 349.600,400,000 s)
2024-06-04 00:13:11,581 INFO  - Received CAM message from veh_188 (at simulation time 349.600,900,000 s)
2024-06-04 00:13:11,581 INFO  - Received CAM message from veh_141 (at simulation time 349.600,900,000 s)
2024-06-04 00:13:11,581 INFO  - Received CAM message from veh_102 (at simulation time 349.600,900,000 s)
2024-06-04 00:13:11,581 INFO  - Received CAM message from veh_132 (at simulation time 349.601,400,000 s)
2024-06-04 00:13:11,581 INFO  - Received CAM message from veh_123 (at simulation time 349.601,400,000 s)
2024-06-04 00:13:11,581 INFO  - Received CAM message from veh_129 (at simulation time 349.602,400,000 s)
2024-06-04 00:13:11,581 INFO  - Atempting to process queue (at simulation time 349.700,000,000 s)
2024-06-04 00:13:11,581 INFO  - Vehicle is outside the detection area. (at simulation time 349.700,000,000 s)
2024-06-04 00:13:11,581 INFO  - Sent broadcast CAM message to all vehicles (at simulation time 349.700,000,000 s)
2024-06-04 00:13:11,582 INFO  - Received CAM message from veh_132 (at simulation time 349.700,400,000 s)
2024-06-04 00:13:11,582 INFO  - Received CAM message from veh_129 (at simulation time 349.700,400,000 s)
2024-06-04 00:13:11,582 INFO  - Received CAM message from veh_188 (at simulation time 349.700,900,000 s)
2024-06-04 00:13:11,582 INFO  - Received CAM message from veh_141 (at simulation time 349.700,900,000 s)
2024-06-04 00:13:11,582 INFO  - Received CAM message from veh_123 (at simulation time 349.700,900,000 s)
2024-06-04 00:13:11,582 INFO  - Received CAM message from veh_108 (at simulation time 349.701,400,000 s)
2024-06-04 00:13:11,583 INFO  - Received CAM message from veh_102 (at simulation time 349.702,400,000 s)
2024-06-04 00:13:11,583 INFO  - Atempting to process queue (at simulation time 349.800,000,000 s)
2024-06-04 00:13:11,583 INFO  - Vehicle is outside the detection area. (at simulation time 349.800,000,000 s)
2024-06-04 00:13:11,583 INFO  - Sent broadcast CAM message to all vehicles (at simulation time 349.800,000,000 s)
2024-06-04 00:13:11,583 INFO  - Received CAM message from veh_123 (at simulation time 349.800,400,000 s)
2024-06-04 00:13:11,584 INFO  - Received CAM message from veh_102 (at simulation time 349.800,900,000 s)
2024-06-04 00:13:11,584 INFO  - Received CAM message from veh_141 (at simulation time 349.801,400,000 s)
2024-06-04 00:13:11,584 INFO  - Received CAM message from veh_129 (at simulation time 349.801,400,000 s)
2024-06-04 00:13:11,584 INFO  - Received CAM message from veh_108 (at simulation time 349.801,400,000 s)
2024-06-04 00:13:11,584 INFO  - Received CAM message from veh_188 (at simulation time 349.801,900,000 s)
2024-06-04 00:13:11,584 INFO  - Received CAM message from veh_132 (at simulation time 349.801,900,000 s)
2024-06-04 00:13:11,584 INFO  - Atempting to process queue (at simulation time 349.900,000,000 s)
2024-06-04 00:13:11,584 INFO  - Vehicle is outside the detection area. (at simulation time 349.900,000,000 s)
2024-06-04 00:13:11,584 INFO  - Sent broadcast CAM message to all vehicles (at simulation time 349.900,000,000 s)
2024-06-04 00:13:11,585 INFO  - Received CAM message from veh_188 (at simulation time 349.900,400,000 s)
2024-06-04 00:13:11,585 INFO  - Received CAM message from veh_108 (at simulation time 349.900,400,000 s)
2024-06-04 00:13:11,585 INFO  - Received CAM message from veh_141 (at simulation time 349.900,900,000 s)
2024-06-04 00:13:11,585 INFO  - Received CAM message from veh_132 (at simulation time 349.900,900,000 s)
2024-06-04 00:13:11,585 INFO  - Received CAM message from veh_129 (at simulation time 349.900,900,000 s)
2024-06-04 00:13:11,585 INFO  - Received CAM message from veh_102 (at simulation time 349.901,400,000 s)
2024-06-04 00:13:11,586 INFO  - Received CAM message from veh_123 (at simulation time 349.902,400,000 s)
2024-06-04 00:13:11,593 INFO  - Atempting to process queue (at simulation time 350.000,000,000 s)
2024-06-04 00:13:11,593 INFO  - Vehicle is outside the detection area. (at simulation time 350.000,000,000 s)
2024-06-04 00:13:11,593 INFO  - Sent broadcast CAM message to all vehicles (at simulation time 350.000,000,000 s)
2024-06-04 00:13:11,594 INFO  - Received CAM message from veh_188 (at simulation time 350.000,400,000 s)
2024-06-04 00:13:11,594 INFO  - Received CAM message from veh_123 (at simulation time 350.000,900,000 s)
2024-06-04 00:13:11,594 INFO  - Received CAM message from veh_141 (at simulation time 350.001,400,000 s)
2024-06-04 00:13:11,595 INFO  - Received CAM message from veh_102 (at simulation time 350.001,900,000 s)
2024-06-04 00:13:11,595 INFO  - Received CAM message from veh_129 (at simulation time 350.002,400,000 s)
2024-06-04 00:13:11,595 INFO  - Atempting to process queue (at simulation time 350.100,000,000 s)
2024-06-04 00:13:11,595 INFO  - Vehicle is outside the detection area. (at simulation time 350.100,000,000 s)
2024-06-04 00:13:11,595 INFO  - Sent broadcast CAM message to all vehicles (at simulation time 350.100,000,000 s)
2024-06-04 00:13:11,596 INFO  - Received CAM message from veh_141 (at simulation time 350.100,400,000 s)
2024-06-04 00:13:11,596 INFO  - Received CAM message from veh_123 (at simulation time 350.100,400,000 s)
2024-06-04 00:13:11,596 INFO  - Received CAM message from veh_129 (at simulation time 350.101,900,000 s)
2024-06-04 00:13:11,596 INFO  - Received CAM message from veh_102 (at simulation time 350.101,900,000 s)
2024-06-04 00:13:11,597 INFO  - Received CAM message from veh_188 (at simulation time 350.102,400,000 s)
2024-06-04 00:13:11,597 INFO  - Atempting to process queue (at simulation time 350.200,000,000 s)
2024-06-04 00:13:11,597 INFO  - Vehicle is outside the detection area. (at simulation time 350.200,000,000 s)
2024-06-04 00:13:11,597 INFO  - Sent broadcast CAM message to all vehicles (at simulation time 350.200,000,000 s)
2024-06-04 00:13:11,597 INFO  - Received CAM message from veh_188 (at simulation time 350.200,400,000 s)
2024-06-04 00:13:11,597 INFO  - Received CAM message from veh_129 (at simulation time 350.200,400,000 s)
2024-06-04 00:13:11,597 INFO  - Received CAM message from veh_123 (at simulation time 350.200,900,000 s)
2024-06-04 00:13:11,598 INFO  - Received CAM message from veh_141 (at simulation time 350.202,400,000 s)
2024-06-04 00:13:11,598 INFO  - Received CAM message from veh_102 (at simulation time 350.202,400,000 s)
2024-06-04 00:13:11,598 INFO  - Atempting to process queue (at simulation time 350.300,000,000 s)
2024-06-04 00:13:11,598 INFO  - Vehicle is outside the detection area. (at simulation time 350.300,000,000 s)
2024-06-04 00:13:11,598 INFO  - Sent broadcast CAM message to all vehicles (at simulation time 350.300,000,000 s)
2024-06-04 00:13:11,599 INFO  - Received CAM message from veh_188 (at simulation time 350.300,400,000 s)
2024-06-04 00:13:11,599 INFO  - Received CAM message from veh_129 (at simulation time 350.301,400,000 s)
2024-06-04 00:13:11,600 INFO  - Received CAM message from veh_141 (at simulation time 350.301,900,000 s)
2024-06-04 00:13:11,600 INFO  - Received CAM message from veh_123 (at simulation time 350.302,400,000 s)
2024-06-04 00:13:11,600 INFO  - Received CAM message from veh_102 (at simulation time 350.302,400,000 s)
2024-06-04 00:13:11,600 INFO  - Atempting to process queue (at simulation time 350.400,000,000 s)
2024-06-04 00:13:11,600 INFO  - Vehicle is outside the detection area. (at simulation time 350.400,000,000 s)
2024-06-04 00:13:11,600 INFO  - Sent broadcast CAM message to all vehicles (at simulation time 350.400,000,000 s)
2024-06-04 00:13:11,601 INFO  - Received CAM message from veh_188 (at simulation time 350.400,400,000 s)
2024-06-04 00:13:11,601 INFO  - Received CAM message from veh_123 (at simulation time 350.400,400,000 s)
2024-06-04 00:13:11,602 INFO  - Received CAM message from veh_129 (at simulation time 350.401,900,000 s)
2024-06-04 00:13:11,602 INFO  - Received CAM message from veh_141 (at simulation time 350.402,400,000 s)
2024-06-04 00:13:11,602 INFO  - Received CAM message from veh_102 (at simulation time 350.402,400,000 s)
2024-06-04 00:13:11,602 INFO  - Atempting to process queue (at simulation time 350.500,000,000 s)
2024-06-04 00:13:11,602 INFO  - Vehicle is outside the detection area. (at simulation time 350.500,000,000 s)
2024-06-04 00:13:11,602 INFO  - Sent broadcast CAM message to all vehicles (at simulation time 350.500,000,000 s)
2024-06-04 00:13:11,603 INFO  - Received CAM message from veh_102 (at simulation time 350.500,400,000 s)
2024-06-04 00:13:11,603 INFO  - Received CAM message from veh_141 (at simulation time 350.501,400,000 s)
2024-06-04 00:13:11,603 INFO  - Received CAM message from veh_129 (at simulation time 350.501,400,000 s)
2024-06-04 00:13:11,603 INFO  - Received CAM message from veh_188 (at simulation time 350.502,400,000 s)
2024-06-04 00:13:11,604 INFO  - Received CAM message from veh_123 (at simulation time 350.502,400,000 s)
2024-06-04 00:13:11,604 INFO  - Atempting to process queue (at simulation time 350.600,000,000 s)
2024-06-04 00:13:11,604 INFO  - Vehicle is outside the detection area. (at simulation time 350.600,000,000 s)
2024-06-04 00:13:11,604 INFO  - Sent broadcast CAM message to all vehicles (at simulation time 350.600,000,000 s)
2024-06-04 00:13:11,604 INFO  - Received CAM message from veh_188 (at simulation time 350.600,900,000 s)
2024-06-04 00:13:11,605 INFO  - Received CAM message from veh_141 (at simulation time 350.601,900,000 s)
2024-06-04 00:13:11,605 INFO  - Received CAM message from veh_129 (at simulation time 350.601,900,000 s)
2024-06-04 00:13:11,605 INFO  - Received CAM message from veh_102 (at simulation time 350.601,900,000 s)
2024-06-04 00:13:11,605 INFO  - Received CAM message from veh_123 (at simulation time 350.602,400,000 s)
2024-06-04 00:13:11,605 INFO  - Atempting to process queue (at simulation time 350.700,000,000 s)
2024-06-04 00:13:11,605 INFO  - Vehicle is outside the detection area. (at simulation time 350.700,000,000 s)
2024-06-04 00:13:11,605 INFO  - Sent broadcast CAM message to all vehicles (at simulation time 350.700,000,000 s)
2024-06-04 00:13:11,606 INFO  - Received CAM message from veh_129 (at simulation time 350.701,400,000 s)
2024-06-04 00:13:11,606 INFO  - Received CAM message from veh_102 (at simulation time 350.701,400,000 s)
2024-06-04 00:13:11,607 INFO  - Received CAM message from veh_188 (at simulation time 350.702,400,000 s)
2024-06-04 00:13:11,607 INFO  - Received CAM message from veh_141 (at simulation time 350.702,400,000 s)
2024-06-04 00:13:11,607 INFO  - Received CAM message from veh_123 (at simulation time 350.702,400,000 s)
2024-06-04 00:13:11,607 INFO  - Atempting to process queue (at simulation time 350.800,000,000 s)
2024-06-04 00:13:11,607 INFO  - Vehicle is outside the detection area. (at simulation time 350.800,000,000 s)
2024-06-04 00:13:11,607 INFO  - Sent broadcast CAM message to all vehicles (at simulation time 350.800,000,000 s)
2024-06-04 00:13:11,608 INFO  - Received CAM message from veh_129 (at simulation time 350.800,400,000 s)
2024-06-04 00:13:11,608 INFO  - Received CAM message from veh_123 (at simulation time 350.800,400,000 s)
2024-06-04 00:13:11,608 INFO  - Received CAM message from veh_141 (at simulation time 350.800,900,000 s)
2024-06-04 00:13:11,608 INFO  - Received CAM message from veh_102 (at simulation time 350.800,900,000 s)
2024-06-04 00:13:11,608 INFO  - Received CAM message from veh_188 (at simulation time 350.802,400,000 s)
2024-06-04 00:13:11,608 INFO  - Atempting to process queue (at simulation time 350.900,000,000 s)
2024-06-04 00:13:11,608 INFO  - Vehicle is outside the detection area. (at simulation time 350.900,000,000 s)
2024-06-04 00:13:11,608 INFO  - Sent broadcast CAM message to all vehicles (at simulation time 350.900,000,000 s)
2024-06-04 00:13:11,609 INFO  - Received CAM message from veh_141 (at simulation time 350.900,900,000 s)
2024-06-04 00:13:11,609 INFO  - Received CAM message from veh_123 (at simulation time 350.900,900,000 s)
2024-06-04 00:13:11,609 INFO  - Received CAM message from veh_102 (at simulation time 350.901,900,000 s)
2024-06-04 00:13:11,610 INFO  - Received CAM message from veh_188 (at simulation time 350.902,400,000 s)
2024-06-04 00:13:11,610 INFO  - Received CAM message from veh_129 (at simulation time 350.902,400,000 s)
2024-06-04 00:13:11,613 INFO  - Atempting to process queue (at simulation time 351.000,000,000 s)
2024-06-04 00:13:11,613 INFO  - Vehicle is outside the detection area. (at simulation time 351.000,000,000 s)
2024-06-04 00:13:11,613 INFO  - Sent broadcast CAM message to all vehicles (at simulation time 351.000,000,000 s)
2024-06-04 00:13:11,615 INFO  - Received CAM message from veh_188 (at simulation time 351.000,900,000 s)
2024-06-04 00:13:11,615 INFO  - Received CAM message from veh_123 (at simulation time 351.001,400,000 s)
2024-06-04 00:13:11,615 INFO  - Atempting to process queue (at simulation time 351.100,000,000 s)
2024-06-04 00:13:11,615 INFO  - Vehicle is outside the detection area. (at simulation time 351.100,000,000 s)
2024-06-04 00:13:11,615 INFO  - Sent broadcast CAM message to all vehicles (at simulation time 351.100,000,000 s)
2024-06-04 00:13:11,616 INFO  - Received CAM message from veh_188 (at simulation time 351.101,400,000 s)
2024-06-04 00:13:11,617 INFO  - Received CAM message from veh_123 (at simulation time 351.102,400,000 s)
2024-06-04 00:13:11,617 INFO  - Atempting to process queue (at simulation time 351.200,000,000 s)
2024-06-04 00:13:11,617 INFO  - Vehicle is outside the detection area. (at simulation time 351.200,000,000 s)
2024-06-04 00:13:11,617 INFO  - Sent broadcast CAM message to all vehicles (at simulation time 351.200,000,000 s)
2024-06-04 00:13:11,617 INFO  - Received CAM message from veh_123 (at simulation time 351.200,400,000 s)
2024-06-04 00:13:11,618 INFO  - Received CAM message from veh_188 (at simulation time 351.200,900,000 s)
2024-06-04 00:13:11,618 INFO  - Atempting to process queue (at simulation time 351.300,000,000 s)
2024-06-04 00:13:11,618 INFO  - Vehicle is outside the detection area. (at simulation time 351.300,000,000 s)
2024-06-04 00:13:11,618 INFO  - Sent broadcast CAM message to all vehicles (at simulation time 351.300,000,000 s)
2024-06-04 00:13:11,619 INFO  - Received CAM message from veh_188 (at simulation time 351.301,900,000 s)
2024-06-04 00:13:11,620 INFO  - Received CAM message from veh_123 (at simulation time 351.302,400,000 s)
2024-06-04 00:13:11,620 INFO  - Atempting to process queue (at simulation time 351.400,000,000 s)
2024-06-04 00:13:11,620 INFO  - Vehicle is outside the detection area. (at simulation time 351.400,000,000 s)
2024-06-04 00:13:11,620 INFO  - Sent broadcast CAM message to all vehicles (at simulation time 351.400,000,000 s)
2024-06-04 00:13:11,620 INFO  - Received CAM message from veh_123 (at simulation time 351.400,400,000 s)
2024-06-04 00:13:11,621 INFO  - Received CAM message from veh_188 (at simulation time 351.401,900,000 s)
2024-06-04 00:13:11,621 INFO  - Atempting to process queue (at simulation time 351.500,000,000 s)
2024-06-04 00:13:11,621 INFO  - Vehicle is outside the detection area. (at simulation time 351.500,000,000 s)
2024-06-04 00:13:11,621 INFO  - Sent broadcast CAM message to all vehicles (at simulation time 351.500,000,000 s)
2024-06-04 00:13:11,622 INFO  - Received CAM message from veh_123 (at simulation time 351.500,900,000 s)
2024-06-04 00:13:11,623 INFO  - Received CAM message from veh_188 (at simulation time 351.502,400,000 s)
2024-06-04 00:13:11,623 INFO  - Atempting to process queue (at simulation time 351.600,000,000 s)
2024-06-04 00:13:11,623 INFO  - Vehicle is outside the detection area. (at simulation time 351.600,000,000 s)
2024-06-04 00:13:11,623 INFO  - Sent broadcast CAM message to all vehicles (at simulation time 351.600,000,000 s)
2024-06-04 00:13:11,624 INFO  - Received CAM message from veh_188 (at simulation time 351.601,400,000 s)
2024-06-04 00:13:11,624 INFO  - Received CAM message from veh_123 (at simulation time 351.601,400,000 s)
2024-06-04 00:13:11,625 INFO  - Atempting to process queue (at simulation time 351.700,000,000 s)
2024-06-04 00:13:11,625 INFO  - Vehicle is outside the detection area. (at simulation time 351.700,000,000 s)
2024-06-04 00:13:11,625 INFO  - Sent broadcast CAM message to all vehicles (at simulation time 351.700,000,000 s)
2024-06-04 00:13:11,626 INFO  - Received CAM message from veh_188 (at simulation time 351.702,400,000 s)
2024-06-04 00:13:11,626 INFO  - Received CAM message from veh_123 (at simulation time 351.702,400,000 s)
2024-06-04 00:13:11,626 INFO  - Atempting to process queue (at simulation time 351.800,000,000 s)
2024-06-04 00:13:11,626 INFO  - Vehicle is outside the detection area. (at simulation time 351.800,000,000 s)
2024-06-04 00:13:11,626 INFO  - Sent broadcast CAM message to all vehicles (at simulation time 351.800,000,000 s)
2024-06-04 00:13:11,626 INFO  - Received CAM message from veh_123 (at simulation time 351.800,400,000 s)
2024-06-04 00:13:11,627 INFO  - Received CAM message from veh_188 (at simulation time 351.802,400,000 s)
2024-06-04 00:13:11,627 INFO  - Atempting to process queue (at simulation time 351.900,000,000 s)
2024-06-04 00:13:11,627 INFO  - Vehicle is outside the detection area. (at simulation time 351.900,000,000 s)
2024-06-04 00:13:11,627 INFO  - Sent broadcast CAM message to all vehicles (at simulation time 351.900,000,000 s)
2024-06-04 00:13:11,628 INFO  - Received CAM message from veh_188 (at simulation time 351.901,900,000 s)
2024-06-04 00:13:11,628 INFO  - Received CAM message from veh_123 (at simulation time 351.902,400,000 s)
2024-06-04 00:13:11,632 INFO  - Atempting to process queue (at simulation time 352.000,000,000 s)
2024-06-04 00:13:11,632 INFO  - Vehicle is outside the detection area. (at simulation time 352.000,000,000 s)
2024-06-04 00:13:11,632 INFO  - Sent broadcast CAM message to all vehicles (at simulation time 352.000,000,000 s)
2024-06-04 00:13:11,634 INFO  - Received CAM message from veh_188 (at simulation time 352.001,400,000 s)
2024-06-04 00:13:11,634 INFO  - Received CAM message from veh_123 (at simulation time 352.001,900,000 s)
2024-06-04 00:13:11,634 INFO  - Atempting to process queue (at simulation time 352.100,000,000 s)
2024-06-04 00:13:11,634 INFO  - Vehicle is outside the detection area. (at simulation time 352.100,000,000 s)
2024-06-04 00:13:11,634 INFO  - Sent broadcast CAM message to all vehicles (at simulation time 352.100,000,000 s)
2024-06-04 00:13:11,635 INFO  - Received CAM message from veh_123 (at simulation time 352.101,400,000 s)
2024-06-04 00:13:11,636 INFO  - Received CAM message from veh_188 (at simulation time 352.102,400,000 s)
2024-06-04 00:13:11,636 INFO  - Atempting to process queue (at simulation time 352.200,000,000 s)
2024-06-04 00:13:11,636 INFO  - Vehicle is outside the detection area. (at simulation time 352.200,000,000 s)
2024-06-04 00:13:11,636 INFO  - Sent broadcast CAM message to all vehicles (at simulation time 352.200,000,000 s)
2024-06-04 00:13:11,637 INFO  - Received CAM message from veh_188 (at simulation time 352.200,900,000 s)
2024-06-04 00:13:11,637 INFO  - Received CAM message from veh_123 (at simulation time 352.200,900,000 s)
2024-06-04 00:13:11,637 INFO  - Atempting to process queue (at simulation time 352.300,000,000 s)
2024-06-04 00:13:11,637 INFO  - Vehicle is outside the detection area. (at simulation time 352.300,000,000 s)
2024-06-04 00:13:11,637 INFO  - Sent broadcast CAM message to all vehicles (at simulation time 352.300,000,000 s)
2024-06-04 00:13:11,638 INFO  - Received CAM message from veh_188 (at simulation time 352.301,400,000 s)
2024-06-04 00:13:11,639 INFO  - Received CAM message from veh_123 (at simulation time 352.302,400,000 s)
2024-06-04 00:13:11,639 INFO  - Atempting to process queue (at simulation time 352.400,000,000 s)
2024-06-04 00:13:11,639 INFO  - Vehicle is outside the detection area. (at simulation time 352.400,000,000 s)
2024-06-04 00:13:11,639 INFO  - Sent broadcast CAM message to all vehicles (at simulation time 352.400,000,000 s)
2024-06-04 00:13:11,640 INFO  - Received CAM message from veh_123 (at simulation time 352.400,900,000 s)
2024-06-04 00:13:11,641 INFO  - Received CAM message from veh_188 (at simulation time 352.402,400,000 s)
2024-06-04 00:13:11,641 INFO  - Atempting to process queue (at simulation time 352.500,000,000 s)
2024-06-04 00:13:11,641 INFO  - Vehicle is outside the detection area. (at simulation time 352.500,000,000 s)
2024-06-04 00:13:11,641 INFO  - Sent broadcast CAM message to all vehicles (at simulation time 352.500,000,000 s)
2024-06-04 00:13:11,641 INFO  - Received CAM message from veh_123 (at simulation time 352.500,400,000 s)
2024-06-04 00:13:11,641 INFO  - Received CAM message from veh_188 (at simulation time 352.500,900,000 s)
2024-06-04 00:13:11,642 INFO  - Atempting to process queue (at simulation time 352.600,000,000 s)
2024-06-04 00:13:11,642 INFO  - Vehicle is outside the detection area. (at simulation time 352.600,000,000 s)
2024-06-04 00:13:11,642 INFO  - Sent broadcast CAM message to all vehicles (at simulation time 352.600,000,000 s)
2024-06-04 00:13:11,643 INFO  - Received CAM message from veh_123 (at simulation time 352.601,400,000 s)
2024-06-04 00:13:11,643 INFO  - Received CAM message from veh_188 (at simulation time 352.602,400,000 s)
2024-06-04 00:13:11,643 INFO  - Atempting to process queue (at simulation time 352.700,000,000 s)
2024-06-04 00:13:11,643 INFO  - Vehicle is outside the detection area. (at simulation time 352.700,000,000 s)
2024-06-04 00:13:11,643 INFO  - Sent broadcast CAM message to all vehicles (at simulation time 352.700,000,000 s)
2024-06-04 00:13:11,644 INFO  - Received CAM message from veh_188 (at simulation time 352.700,400,000 s)
2024-06-04 00:13:11,644 INFO  - Received CAM message from veh_123 (at simulation time 352.702,400,000 s)
2024-06-04 00:13:11,645 INFO  - Atempting to process queue (at simulation time 352.800,000,000 s)
2024-06-04 00:13:11,645 INFO  - Vehicle is outside the detection area. (at simulation time 352.800,000,000 s)
2024-06-04 00:13:11,645 INFO  - Sent broadcast CAM message to all vehicles (at simulation time 352.800,000,000 s)
2024-06-04 00:13:11,646 INFO  - Received CAM message from veh_188 (at simulation time 352.801,900,000 s)
2024-06-04 00:13:11,646 INFO  - Received CAM message from veh_123 (at simulation time 352.801,900,000 s)
2024-06-04 00:13:11,646 INFO  - Atempting to process queue (at simulation time 352.900,000,000 s)
2024-06-04 00:13:11,646 INFO  - Vehicle is outside the detection area. (at simulation time 352.900,000,000 s)
2024-06-04 00:13:11,646 INFO  - Sent broadcast CAM message to all vehicles (at simulation time 352.900,000,000 s)
2024-06-04 00:13:11,646 INFO  - Received CAM message from veh_188 (at simulation time 352.900,400,000 s)
2024-06-04 00:13:11,646 INFO  - Received CAM message from veh_123 (at simulation time 352.900,400,000 s)
2024-06-04 00:13:11,651 INFO  - Atempting to process queue (at simulation time 353.000,000,000 s)
2024-06-04 00:13:11,651 INFO  - Vehicle is outside the detection area. (at simulation time 353.000,000,000 s)
2024-06-04 00:13:11,651 INFO  - Sent broadcast CAM message to all vehicles (at simulation time 353.000,000,000 s)
2024-06-04 00:13:11,653 INFO  - Received CAM message from veh_123 (at simulation time 353.000,400,000 s)
2024-06-04 00:13:11,653 INFO  - Received CAM message from veh_188 (at simulation time 353.001,400,000 s)
2024-06-04 00:13:11,653 INFO  - Atempting to process queue (at simulation time 353.100,000,000 s)
2024-06-04 00:13:11,653 INFO  - Vehicle is outside the detection area. (at simulation time 353.100,000,000 s)
2024-06-04 00:13:11,653 INFO  - Sent broadcast CAM message to all vehicles (at simulation time 353.100,000,000 s)
2024-06-04 00:13:11,654 INFO  - Received CAM message from veh_123 (at simulation time 353.101,400,000 s)
2024-06-04 00:13:11,654 INFO  - Received CAM message from veh_188 (at simulation time 353.102,400,000 s)
2024-06-04 00:13:11,655 INFO  - Atempting to process queue (at simulation time 353.200,000,000 s)
2024-06-04 00:13:11,655 INFO  - Vehicle is outside the detection area. (at simulation time 353.200,000,000 s)
2024-06-04 00:13:11,655 INFO  - Sent broadcast CAM message to all vehicles (at simulation time 353.200,000,000 s)
2024-06-04 00:13:11,655 INFO  - Received CAM message from veh_188 (at simulation time 353.200,900,000 s)
2024-06-04 00:13:11,656 INFO  - Received CAM message from veh_123 (at simulation time 353.200,900,000 s)
2024-06-04 00:13:11,656 INFO  - Atempting to process queue (at simulation time 353.300,000,000 s)
2024-06-04 00:13:11,656 INFO  - Vehicle is outside the detection area. (at simulation time 353.300,000,000 s)
2024-06-04 00:13:11,656 INFO  - Sent broadcast CAM message to all vehicles (at simulation time 353.300,000,000 s)
2024-06-04 00:13:11,657 INFO  - Received CAM message from veh_188 (at simulation time 353.301,400,000 s)
2024-06-04 00:13:11,657 INFO  - Received CAM message from veh_123 (at simulation time 353.301,900,000 s)
2024-06-04 00:13:11,657 INFO  - Atempting to process queue (at simulation time 353.400,000,000 s)
2024-06-04 00:13:11,657 INFO  - Vehicle is outside the detection area. (at simulation time 353.400,000,000 s)
2024-06-04 00:13:11,657 INFO  - Sent broadcast CAM message to all vehicles (at simulation time 353.400,000,000 s)
2024-06-04 00:13:11,658 INFO  - Received CAM message from veh_188 (at simulation time 353.400,400,000 s)
2024-06-04 00:13:11,658 INFO  - Received CAM message from veh_123 (at simulation time 353.400,400,000 s)
2024-06-04 00:13:11,659 INFO  - Atempting to process queue (at simulation time 353.500,000,000 s)
2024-06-04 00:13:11,659 INFO  - Vehicle is outside the detection area. (at simulation time 353.500,000,000 s)
2024-06-04 00:13:11,659 INFO  - Sent broadcast CAM message to all vehicles (at simulation time 353.500,000,000 s)
2024-06-04 00:13:11,661 INFO  - Received CAM message from veh_188 (at simulation time 353.500,900,000 s)
2024-06-04 00:13:11,663 INFO  - Received CAM message from veh_123 (at simulation time 353.501,400,000 s)
2024-06-04 00:13:11,664 INFO  - Received Control message from rsu_0 to veh_191 (at simulation time 353.501,900,000 s)
2024-06-04 00:13:11,664 INFO  - Current route: 1, lane: 0 (at simulation time 353.501,900,000 s)
2024-06-04 00:13:11,664 INFO  - Vehicle position: GeoPoint{lat=40.743266,lon=-73.988467,alt=0.00} (at simulation time 353.501,900,000 s)
2024-06-04 00:13:11,680 INFO  - Atempting to process queue (at simulation time 353.600,000,000 s)
2024-06-04 00:13:11,680 INFO  - Vehicle is outside the detection area. (at simulation time 353.600,000,000 s)
2024-06-04 00:13:11,680 INFO  - Sent broadcast CAM message to all vehicles (at simulation time 353.600,000,000 s)
2024-06-04 00:13:11,681 INFO  - Received CAM message from veh_188 (at simulation time 353.600,400,000 s)
2024-06-04 00:13:11,681 INFO  - Received CAM message from veh_123 (at simulation time 353.600,400,000 s)
2024-06-04 00:13:11,682 INFO  - Atempting to process queue (at simulation time 353.700,000,000 s)
2024-06-04 00:13:11,682 INFO  - Vehicle is outside the detection area. (at simulation time 353.700,000,000 s)
2024-06-04 00:13:11,682 INFO  - Sent broadcast CAM message to all vehicles (at simulation time 353.700,000,000 s)
2024-06-04 00:13:11,683 INFO  - Received CAM message from veh_123 (at simulation time 353.701,400,000 s)
2024-06-04 00:13:11,683 INFO  - Received CAM message from veh_188 (at simulation time 353.702,400,000 s)
2024-06-04 00:13:11,683 INFO  - Atempting to process queue (at simulation time 353.800,000,000 s)
2024-06-04 00:13:11,683 INFO  - Vehicle is outside the detection area. (at simulation time 353.800,000,000 s)
2024-06-04 00:13:11,683 INFO  - Sent broadcast CAM message to all vehicles (at simulation time 353.800,000,000 s)
2024-06-04 00:13:11,684 INFO  - Received CAM message from veh_188 (at simulation time 353.800,400,000 s)
2024-06-04 00:13:11,685 INFO  - Received CAM message from veh_123 (at simulation time 353.802,400,000 s)
2024-06-04 00:13:11,685 INFO  - Atempting to process queue (at simulation time 353.900,000,000 s)
2024-06-04 00:13:11,685 INFO  - Vehicle is outside the detection area. (at simulation time 353.900,000,000 s)
2024-06-04 00:13:11,685 INFO  - Sent broadcast CAM message to all vehicles (at simulation time 353.900,000,000 s)
2024-06-04 00:13:11,686 INFO  - Received CAM message from veh_188 (at simulation time 353.901,400,000 s)
2024-06-04 00:13:11,686 INFO  - Received CAM message from veh_123 (at simulation time 353.901,900,000 s)
2024-06-04 00:13:11,690 INFO  - Atempting to process queue (at simulation time 354.000,000,000 s)
2024-06-04 00:13:11,690 INFO  - Vehicle is outside the detection area. (at simulation time 354.000,000,000 s)
2024-06-04 00:13:11,690 INFO  - Sent broadcast CAM message to all vehicles (at simulation time 354.000,000,000 s)
2024-06-04 00:13:11,692 INFO  - Received CAM message from veh_188 (at simulation time 354.000,400,000 s)
2024-06-04 00:13:11,692 INFO  - Received CAM message from veh_123 (at simulation time 354.000,900,000 s)
2024-06-04 00:13:11,693 INFO  - Atempting to process queue (at simulation time 354.100,000,000 s)
2024-06-04 00:13:11,693 INFO  - Vehicle is outside the detection area. (at simulation time 354.100,000,000 s)
2024-06-04 00:13:11,693 INFO  - Sent broadcast CAM message to all vehicles (at simulation time 354.100,000,000 s)
2024-06-04 00:13:11,693 INFO  - Received CAM message from veh_123 (at simulation time 354.100,400,000 s)
2024-06-04 00:13:11,694 INFO  - Received CAM message from veh_188 (at simulation time 354.101,900,000 s)
2024-06-04 00:13:11,694 INFO  - Atempting to process queue (at simulation time 354.200,000,000 s)
2024-06-04 00:13:11,694 INFO  - Vehicle is outside the detection area. (at simulation time 354.200,000,000 s)
2024-06-04 00:13:11,694 INFO  - Sent broadcast CAM message to all vehicles (at simulation time 354.200,000,000 s)
2024-06-04 00:13:11,695 INFO  - Received CAM message from veh_123 (at simulation time 354.201,900,000 s)
2024-06-04 00:13:11,696 INFO  - Received CAM message from veh_188 (at simulation time 354.202,400,000 s)
2024-06-04 00:13:11,696 INFO  - Atempting to process queue (at simulation time 354.300,000,000 s)
2024-06-04 00:13:11,696 INFO  - Vehicle is outside the detection area. (at simulation time 354.300,000,000 s)
2024-06-04 00:13:11,696 INFO  - Sent broadcast CAM message to all vehicles (at simulation time 354.300,000,000 s)
2024-06-04 00:13:11,696 INFO  - Received CAM message from veh_188 (at simulation time 354.300,900,000 s)
2024-06-04 00:13:11,697 INFO  - Received CAM message from veh_123 (at simulation time 354.301,400,000 s)
2024-06-04 00:13:11,697 INFO  - Atempting to process queue (at simulation time 354.400,000,000 s)
2024-06-04 00:13:11,697 INFO  - Vehicle is outside the detection area. (at simulation time 354.400,000,000 s)
2024-06-04 00:13:11,697 INFO  - Sent broadcast CAM message to all vehicles (at simulation time 354.400,000,000 s)
2024-06-04 00:13:11,697 INFO  - Received CAM message from veh_188 (at simulation time 354.400,400,000 s)
2024-06-04 00:13:11,698 INFO  - Received CAM message from veh_123 (at simulation time 354.401,400,000 s)
2024-06-04 00:13:11,699 INFO  - Atempting to process queue (at simulation time 354.500,000,000 s)
2024-06-04 00:13:11,699 INFO  - Vehicle is outside the detection area. (at simulation time 354.500,000,000 s)
2024-06-04 00:13:11,699 INFO  - Sent broadcast CAM message to all vehicles (at simulation time 354.500,000,000 s)
2024-06-04 00:13:11,700 INFO  - Received CAM message from veh_188 (at simulation time 354.501,900,000 s)
2024-06-04 00:13:11,700 INFO  - Received CAM message from veh_123 (at simulation time 354.502,400,000 s)
2024-06-04 00:13:11,700 INFO  - Atempting to process queue (at simulation time 354.600,000,000 s)
2024-06-04 00:13:11,700 INFO  - Vehicle is outside the detection area. (at simulation time 354.600,000,000 s)
2024-06-04 00:13:11,700 INFO  - Sent broadcast CAM message to all vehicles (at simulation time 354.600,000,000 s)
2024-06-04 00:13:11,701 INFO  - Received CAM message from veh_188 (at simulation time 354.601,900,000 s)
2024-06-04 00:13:11,701 INFO  - Received CAM message from veh_123 (at simulation time 354.601,900,000 s)
2024-06-04 00:13:11,701 INFO  - Atempting to process queue (at simulation time 354.700,000,000 s)
2024-06-04 00:13:11,701 INFO  - Vehicle is outside the detection area. (at simulation time 354.700,000,000 s)
2024-06-04 00:13:11,701 INFO  - Sent broadcast CAM message to all vehicles (at simulation time 354.700,000,000 s)
2024-06-04 00:13:11,702 INFO  - Received CAM message from veh_188 (at simulation time 354.701,400,000 s)
2024-06-04 00:13:11,703 INFO  - Received CAM message from veh_123 (at simulation time 354.702,400,000 s)
2024-06-04 00:13:11,703 INFO  - Atempting to process queue (at simulation time 354.800,000,000 s)
2024-06-04 00:13:11,703 INFO  - Vehicle is outside the detection area. (at simulation time 354.800,000,000 s)
2024-06-04 00:13:11,703 INFO  - Sent broadcast CAM message to all vehicles (at simulation time 354.800,000,000 s)
2024-06-04 00:13:11,703 INFO  - Received CAM message from veh_188 (at simulation time 354.800,400,000 s)
2024-06-04 00:13:11,704 INFO  - Received CAM message from veh_123 (at simulation time 354.801,900,000 s)
2024-06-04 00:13:11,704 INFO  - Atempting to process queue (at simulation time 354.900,000,000 s)
2024-06-04 00:13:11,704 INFO  - Vehicle is outside the detection area. (at simulation time 354.900,000,000 s)
2024-06-04 00:13:11,704 INFO  - Sent broadcast CAM message to all vehicles (at simulation time 354.900,000,000 s)
2024-06-04 00:13:11,706 INFO  - Received CAM message from veh_123 (at simulation time 354.901,400,000 s)
2024-06-04 00:13:11,706 INFO  - Received CAM message from veh_188 (at simulation time 354.902,400,000 s)
2024-06-04 00:13:11,713 INFO  - Atempting to process queue (at simulation time 355.000,000,000 s)
2024-06-04 00:13:11,713 INFO  - Vehicle is outside the detection area. (at simulation time 355.000,000,000 s)
2024-06-04 00:13:11,713 INFO  - Sent broadcast CAM message to all vehicles (at simulation time 355.000,000,000 s)
2024-06-04 00:13:11,714 INFO  - Received CAM message from veh_188 (at simulation time 355.000,900,000 s)
2024-06-04 00:13:11,715 INFO  - Atempting to process queue (at simulation time 355.100,000,000 s)
2024-06-04 00:13:11,715 INFO  - Vehicle is outside the detection area. (at simulation time 355.100,000,000 s)
2024-06-04 00:13:11,715 INFO  - Sent broadcast CAM message to all vehicles (at simulation time 355.100,000,000 s)
2024-06-04 00:13:11,715 INFO  - Received CAM message from veh_188 (at simulation time 355.101,400,000 s)
2024-06-04 00:13:11,716 INFO  - Atempting to process queue (at simulation time 355.200,000,000 s)
2024-06-04 00:13:11,716 INFO  - Vehicle is outside the detection area. (at simulation time 355.200,000,000 s)
2024-06-04 00:13:11,716 INFO  - Sent broadcast CAM message to all vehicles (at simulation time 355.200,000,000 s)
2024-06-04 00:13:11,717 INFO  - Received CAM message from veh_188 (at simulation time 355.201,400,000 s)
2024-06-04 00:13:11,717 INFO  - Atempting to process queue (at simulation time 355.300,000,000 s)
2024-06-04 00:13:11,717 INFO  - Vehicle is outside the detection area. (at simulation time 355.300,000,000 s)
2024-06-04 00:13:11,717 INFO  - Sent broadcast CAM message to all vehicles (at simulation time 355.300,000,000 s)
2024-06-04 00:13:11,718 INFO  - Received CAM message from veh_188 (at simulation time 355.301,900,000 s)
2024-06-04 00:13:11,718 INFO  - Atempting to process queue (at simulation time 355.400,000,000 s)
2024-06-04 00:13:11,718 INFO  - Vehicle is outside the detection area. (at simulation time 355.400,000,000 s)
2024-06-04 00:13:11,718 INFO  - Sent broadcast CAM message to all vehicles (at simulation time 355.400,000,000 s)
2024-06-04 00:13:11,720 INFO  - Received CAM message from veh_188 (at simulation time 355.402,400,000 s)
2024-06-04 00:13:11,720 INFO  - Atempting to process queue (at simulation time 355.500,000,000 s)
2024-06-04 00:13:11,720 INFO  - Vehicle is outside the detection area. (at simulation time 355.500,000,000 s)
2024-06-04 00:13:11,720 INFO  - Sent broadcast CAM message to all vehicles (at simulation time 355.500,000,000 s)
2024-06-04 00:13:11,721 INFO  - Received CAM message from veh_188 (at simulation time 355.501,400,000 s)
2024-06-04 00:13:11,721 INFO  - Atempting to process queue (at simulation time 355.600,000,000 s)
2024-06-04 00:13:11,721 INFO  - Vehicle is outside the detection area. (at simulation time 355.600,000,000 s)
2024-06-04 00:13:11,721 INFO  - Sent broadcast CAM message to all vehicles (at simulation time 355.600,000,000 s)
2024-06-04 00:13:11,723 INFO  - Received CAM message from veh_188 (at simulation time 355.601,400,000 s)
2024-06-04 00:13:11,723 INFO  - Atempting to process queue (at simulation time 355.700,000,000 s)
2024-06-04 00:13:11,723 INFO  - Vehicle is outside the detection area. (at simulation time 355.700,000,000 s)
2024-06-04 00:13:11,723 INFO  - Sent broadcast CAM message to all vehicles (at simulation time 355.700,000,000 s)
2024-06-04 00:13:11,724 INFO  - Received CAM message from veh_188 (at simulation time 355.701,400,000 s)
2024-06-04 00:13:11,724 INFO  - Atempting to process queue (at simulation time 355.800,000,000 s)
2024-06-04 00:13:11,724 INFO  - Vehicle is outside the detection area. (at simulation time 355.800,000,000 s)
2024-06-04 00:13:11,724 INFO  - Sent broadcast CAM message to all vehicles (at simulation time 355.800,000,000 s)
2024-06-04 00:13:11,725 INFO  - Received CAM message from veh_188 (at simulation time 355.801,400,000 s)
2024-06-04 00:13:11,726 INFO  - Atempting to process queue (at simulation time 355.900,000,000 s)
2024-06-04 00:13:11,726 INFO  - Vehicle is outside the detection area. (at simulation time 355.900,000,000 s)
2024-06-04 00:13:11,726 INFO  - Sent broadcast CAM message to all vehicles (at simulation time 355.900,000,000 s)
2024-06-04 00:13:11,727 INFO  - Received CAM message from veh_188 (at simulation time 355.901,400,000 s)
2024-06-04 00:13:11,730 INFO  - Atempting to process queue (at simulation time 356.000,000,000 s)
2024-06-04 00:13:11,730 INFO  - Vehicle is outside the detection area. (at simulation time 356.000,000,000 s)
2024-06-04 00:13:11,730 INFO  - Sent broadcast CAM message to all vehicles (at simulation time 356.000,000,000 s)
2024-06-04 00:13:11,733 INFO  - Received CAM message from veh_188 (at simulation time 356.002,400,000 s)
2024-06-04 00:13:11,733 INFO  - Atempting to process queue (at simulation time 356.100,000,000 s)
2024-06-04 00:13:11,733 INFO  - Vehicle is outside the detection area. (at simulation time 356.100,000,000 s)
2024-06-04 00:13:11,733 INFO  - Sent broadcast CAM message to all vehicles (at simulation time 356.100,000,000 s)
2024-06-04 00:13:11,734 INFO  - Received CAM message from veh_188 (at simulation time 356.101,900,000 s)
2024-06-04 00:13:11,735 INFO  - Atempting to process queue (at simulation time 356.200,000,000 s)
2024-06-04 00:13:11,735 INFO  - Vehicle is outside the detection area. (at simulation time 356.200,000,000 s)
2024-06-04 00:13:11,735 INFO  - Sent broadcast CAM message to all vehicles (at simulation time 356.200,000,000 s)
2024-06-04 00:13:11,736 INFO  - Received CAM message from veh_188 (at simulation time 356.202,400,000 s)
2024-06-04 00:13:11,736 INFO  - Atempting to process queue (at simulation time 356.300,000,000 s)
2024-06-04 00:13:11,736 INFO  - Vehicle is outside the detection area. (at simulation time 356.300,000,000 s)
2024-06-04 00:13:11,736 INFO  - Sent broadcast CAM message to all vehicles (at simulation time 356.300,000,000 s)
2024-06-04 00:13:11,737 INFO  - Received CAM message from veh_188 (at simulation time 356.300,900,000 s)
2024-06-04 00:13:11,738 INFO  - Atempting to process queue (at simulation time 356.400,000,000 s)
2024-06-04 00:13:11,738 INFO  - Vehicle is outside the detection area. (at simulation time 356.400,000,000 s)
2024-06-04 00:13:11,738 INFO  - Sent broadcast CAM message to all vehicles (at simulation time 356.400,000,000 s)
2024-06-04 00:13:11,740 INFO  - Received CAM message from veh_188 (at simulation time 356.402,400,000 s)
2024-06-04 00:13:11,740 INFO  - Atempting to process queue (at simulation time 356.500,000,000 s)
2024-06-04 00:13:11,740 INFO  - Vehicle is outside the detection area. (at simulation time 356.500,000,000 s)
2024-06-04 00:13:11,740 INFO  - Sent broadcast CAM message to all vehicles (at simulation time 356.500,000,000 s)
2024-06-04 00:13:11,741 INFO  - Received CAM message from veh_188 (at simulation time 356.501,400,000 s)
2024-06-04 00:13:11,741 INFO  - Atempting to process queue (at simulation time 356.600,000,000 s)
2024-06-04 00:13:11,741 INFO  - Vehicle is outside the detection area. (at simulation time 356.600,000,000 s)
2024-06-04 00:13:11,741 INFO  - Sent broadcast CAM message to all vehicles (at simulation time 356.600,000,000 s)
2024-06-04 00:13:11,742 INFO  - Received CAM message from veh_188 (at simulation time 356.600,400,000 s)
2024-06-04 00:13:11,743 INFO  - Atempting to process queue (at simulation time 356.700,000,000 s)
2024-06-04 00:13:11,743 INFO  - Vehicle is outside the detection area. (at simulation time 356.700,000,000 s)
2024-06-04 00:13:11,743 INFO  - Sent broadcast CAM message to all vehicles (at simulation time 356.700,000,000 s)
2024-06-04 00:13:11,743 INFO  - Received CAM message from veh_188 (at simulation time 356.700,900,000 s)
2024-06-04 00:13:11,744 INFO  - Atempting to process queue (at simulation time 356.800,000,000 s)
2024-06-04 00:13:11,744 INFO  - Vehicle is outside the detection area. (at simulation time 356.800,000,000 s)
2024-06-04 00:13:11,744 INFO  - Sent broadcast CAM message to all vehicles (at simulation time 356.800,000,000 s)
2024-06-04 00:13:11,745 INFO  - Received CAM message from veh_188 (at simulation time 356.802,400,000 s)
2024-06-04 00:13:11,745 INFO  - Atempting to process queue (at simulation time 356.900,000,000 s)
2024-06-04 00:13:11,745 INFO  - Vehicle is outside the detection area. (at simulation time 356.900,000,000 s)
2024-06-04 00:13:11,745 INFO  - Sent broadcast CAM message to all vehicles (at simulation time 356.900,000,000 s)
2024-06-04 00:13:11,746 INFO  - Received CAM message from veh_188 (at simulation time 356.901,900,000 s)
2024-06-04 00:13:11,751 INFO  - Atempting to process queue (at simulation time 357.000,000,000 s)
2024-06-04 00:13:11,751 INFO  - Vehicle is outside the detection area. (at simulation time 357.000,000,000 s)
2024-06-04 00:13:11,751 INFO  - Sent broadcast CAM message to all vehicles (at simulation time 357.000,000,000 s)
2024-06-04 00:13:11,754 INFO  - Atempting to process queue (at simulation time 357.100,000,000 s)
2024-06-04 00:13:11,754 INFO  - Vehicle is outside the detection area. (at simulation time 357.100,000,000 s)
2024-06-04 00:13:11,754 INFO  - Sent broadcast CAM message to all vehicles (at simulation time 357.100,000,000 s)
2024-06-04 00:13:11,756 INFO  - Atempting to process queue (at simulation time 357.200,000,000 s)
2024-06-04 00:13:11,756 INFO  - Vehicle is outside the detection area. (at simulation time 357.200,000,000 s)
2024-06-04 00:13:11,756 INFO  - Sent broadcast CAM message to all vehicles (at simulation time 357.200,000,000 s)
2024-06-04 00:13:11,758 INFO  - Atempting to process queue (at simulation time 357.300,000,000 s)
2024-06-04 00:13:11,758 INFO  - Vehicle is outside the detection area. (at simulation time 357.300,000,000 s)
2024-06-04 00:13:11,758 INFO  - Sent broadcast CAM message to all vehicles (at simulation time 357.300,000,000 s)
2024-06-04 00:13:11,759 INFO  - Atempting to process queue (at simulation time 357.400,000,000 s)
2024-06-04 00:13:11,759 INFO  - Vehicle is outside the detection area. (at simulation time 357.400,000,000 s)
2024-06-04 00:13:11,759 INFO  - Sent broadcast CAM message to all vehicles (at simulation time 357.400,000,000 s)
2024-06-04 00:13:11,760 INFO  - Atempting to process queue (at simulation time 357.500,000,000 s)
2024-06-04 00:13:11,760 INFO  - Vehicle is outside the detection area. (at simulation time 357.500,000,000 s)
2024-06-04 00:13:11,760 INFO  - Sent broadcast CAM message to all vehicles (at simulation time 357.500,000,000 s)
2024-06-04 00:13:11,762 INFO  - Atempting to process queue (at simulation time 357.600,000,000 s)
2024-06-04 00:13:11,762 INFO  - Vehicle is outside the detection area. (at simulation time 357.600,000,000 s)
2024-06-04 00:13:11,762 INFO  - Sent broadcast CAM message to all vehicles (at simulation time 357.600,000,000 s)
2024-06-04 00:13:11,764 INFO  - Atempting to process queue (at simulation time 357.700,000,000 s)
2024-06-04 00:13:11,764 INFO  - Vehicle is outside the detection area. (at simulation time 357.700,000,000 s)
2024-06-04 00:13:11,764 INFO  - Sent broadcast CAM message to all vehicles (at simulation time 357.700,000,000 s)
2024-06-04 00:13:11,766 INFO  - Atempting to process queue (at simulation time 357.800,000,000 s)
2024-06-04 00:13:11,766 INFO  - Vehicle is outside the detection area. (at simulation time 357.800,000,000 s)
2024-06-04 00:13:11,766 INFO  - Sent broadcast CAM message to all vehicles (at simulation time 357.800,000,000 s)
2024-06-04 00:13:11,768 INFO  - Atempting to process queue (at simulation time 357.900,000,000 s)
2024-06-04 00:13:11,768 INFO  - Vehicle is outside the detection area. (at simulation time 357.900,000,000 s)
2024-06-04 00:13:11,768 INFO  - Sent broadcast CAM message to all vehicles (at simulation time 357.900,000,000 s)
2024-06-04 00:13:11,772 INFO  - Atempting to process queue (at simulation time 358.000,000,000 s)
2024-06-04 00:13:11,772 INFO  - Vehicle is outside the detection area. (at simulation time 358.000,000,000 s)
2024-06-04 00:13:11,772 INFO  - Sent broadcast CAM message to all vehicles (at simulation time 358.000,000,000 s)
2024-06-04 00:13:11,774 INFO  - Atempting to process queue (at simulation time 358.100,000,000 s)
2024-06-04 00:13:11,774 INFO  - Vehicle is outside the detection area. (at simulation time 358.100,000,000 s)
2024-06-04 00:13:11,774 INFO  - Sent broadcast CAM message to all vehicles (at simulation time 358.100,000,000 s)
2024-06-04 00:13:11,776 INFO  - Atempting to process queue (at simulation time 358.200,000,000 s)
2024-06-04 00:13:11,776 INFO  - Vehicle is outside the detection area. (at simulation time 358.200,000,000 s)
2024-06-04 00:13:11,776 INFO  - Sent broadcast CAM message to all vehicles (at simulation time 358.200,000,000 s)
2024-06-04 00:13:11,777 INFO  - Atempting to process queue (at simulation time 358.300,000,000 s)
2024-06-04 00:13:11,777 INFO  - Vehicle is outside the detection area. (at simulation time 358.300,000,000 s)
2024-06-04 00:13:11,777 INFO  - Sent broadcast CAM message to all vehicles (at simulation time 358.300,000,000 s)
2024-06-04 00:13:11,778 INFO  - Atempting to process queue (at simulation time 358.400,000,000 s)
2024-06-04 00:13:11,778 INFO  - Vehicle is outside the detection area. (at simulation time 358.400,000,000 s)
2024-06-04 00:13:11,778 INFO  - Sent broadcast CAM message to all vehicles (at simulation time 358.400,000,000 s)
2024-06-04 00:13:11,780 INFO  - Atempting to process queue (at simulation time 358.500,000,000 s)
2024-06-04 00:13:11,780 INFO  - Vehicle is outside the detection area. (at simulation time 358.500,000,000 s)
2024-06-04 00:13:11,780 INFO  - Sent broadcast CAM message to all vehicles (at simulation time 358.500,000,000 s)
2024-06-04 00:13:11,781 INFO  - Atempting to process queue (at simulation time 358.600,000,000 s)
2024-06-04 00:13:11,781 INFO  - Vehicle is outside the detection area. (at simulation time 358.600,000,000 s)
2024-06-04 00:13:11,781 INFO  - Sent broadcast CAM message to all vehicles (at simulation time 358.600,000,000 s)
2024-06-04 00:13:11,782 INFO  - Atempting to process queue (at simulation time 358.700,000,000 s)
2024-06-04 00:13:11,782 INFO  - Vehicle is outside the detection area. (at simulation time 358.700,000,000 s)
2024-06-04 00:13:11,782 INFO  - Sent broadcast CAM message to all vehicles (at simulation time 358.700,000,000 s)
2024-06-04 00:13:11,784 INFO  - Atempting to process queue (at simulation time 358.800,000,000 s)
2024-06-04 00:13:11,784 INFO  - Vehicle is outside the detection area. (at simulation time 358.800,000,000 s)
2024-06-04 00:13:11,784 INFO  - Sent broadcast CAM message to all vehicles (at simulation time 358.800,000,000 s)
2024-06-04 00:13:11,786 INFO  - Atempting to process queue (at simulation time 358.900,000,000 s)
2024-06-04 00:13:11,786 INFO  - Vehicle is outside the detection area. (at simulation time 358.900,000,000 s)
2024-06-04 00:13:11,786 INFO  - Sent broadcast CAM message to all vehicles (at simulation time 358.900,000,000 s)
2024-06-04 00:13:11,790 INFO  - Shutdown application (at simulation time 359.000,000,000 s)
