2024-06-04 00:13:15,710 INFO  - Initialize application (at simulation time 493.000,000,000 s)
2024-06-04 00:13:15,711 INFO  - Activated WLAN Module (at simulation time 493.000,000,000 s)
2024-06-04 00:13:15,711 INFO  - Vehicle is outside the detection area. (at simulation time 493.000,000,000 s)
2024-06-04 00:13:15,711 INFO  - Sent broadcast CAM message to all vehicles (at simulation time 493.000,000,000 s)
2024-06-04 00:13:15,714 INFO  - Vehicle is outside the detection area. (at simulation time 493.100,000,000 s)
2024-06-04 00:13:15,714 INFO  - Sent broadcast CAM message to all vehicles (at simulation time 493.100,000,000 s)
2024-06-04 00:13:15,716 INFO  - Vehicle is outside the detection area. (at simulation time 493.200,000,000 s)
2024-06-04 00:13:15,716 INFO  - Sent broadcast CAM message to all vehicles (at simulation time 493.200,000,000 s)
2024-06-04 00:13:15,718 INFO  - Vehicle is outside the detection area. (at simulation time 493.300,000,000 s)
2024-06-04 00:13:15,718 INFO  - Sent broadcast CAM message to all vehicles (at simulation time 493.300,000,000 s)
2024-06-04 00:13:15,720 INFO  - Vehicle is outside the detection area. (at simulation time 493.400,000,000 s)
2024-06-04 00:13:15,720 INFO  - Sent broadcast CAM message to all vehicles (at simulation time 493.400,000,000 s)
2024-06-04 00:13:15,723 INFO  - Vehicle is outside the detection area. (at simulation time 493.500,000,000 s)
2024-06-04 00:13:15,723 INFO  - Sent broadcast CAM message to all vehicles (at simulation time 493.500,000,000 s)
2024-06-04 00:13:15,726 INFO  - Vehicle is outside the detection area. (at simulation time 493.600,000,000 s)
2024-06-04 00:13:15,726 INFO  - Sent broadcast CAM message to all vehicles (at simulation time 493.600,000,000 s)
2024-06-04 00:13:15,729 INFO  - Vehicle is outside the detection area. (at simulation time 493.700,000,000 s)
2024-06-04 00:13:15,729 INFO  - Sent broadcast CAM message to all vehicles (at simulation time 493.700,000,000 s)
2024-06-04 00:13:15,731 INFO  - Vehicle is outside the detection area. (at simulation time 493.800,000,000 s)
2024-06-04 00:13:15,731 INFO  - Sent broadcast CAM message to all vehicles (at simulation time 493.800,000,000 s)
2024-06-04 00:13:15,733 INFO  - Vehicle is outside the detection area. (at simulation time 493.900,000,000 s)
2024-06-04 00:13:15,733 INFO  - Sent broadcast CAM message to all vehicles (at simulation time 493.900,000,000 s)
2024-06-04 00:13:15,738 INFO  - Vehicle is outside the detection area. (at simulation time 494.000,000,000 s)
2024-06-04 00:13:15,738 INFO  - Sent broadcast CAM message to all vehicles (at simulation time 494.000,000,000 s)
2024-06-04 00:13:15,741 INFO  - Vehicle is outside the detection area. (at simulation time 494.100,000,000 s)
2024-06-04 00:13:15,741 INFO  - Sent broadcast CAM message to all vehicles (at simulation time 494.100,000,000 s)
2024-06-04 00:13:15,743 INFO  - Vehicle is outside the detection area. (at simulation time 494.200,000,000 s)
2024-06-04 00:13:15,743 INFO  - Sent broadcast CAM message to all vehicles (at simulation time 494.200,000,000 s)
2024-06-04 00:13:15,744 INFO  - Vehicle is outside the detection area. (at simulation time 494.300,000,000 s)
2024-06-04 00:13:15,744 INFO  - Sent broadcast CAM message to all vehicles (at simulation time 494.300,000,000 s)
2024-06-04 00:13:15,747 INFO  - Vehicle is outside the detection area. (at simulation time 494.400,000,000 s)
2024-06-04 00:13:15,747 INFO  - Sent broadcast CAM message to all vehicles (at simulation time 494.400,000,000 s)
2024-06-04 00:13:15,749 INFO  - Vehicle is outside the detection area. (at simulation time 494.500,000,000 s)
2024-06-04 00:13:15,749 INFO  - Sent broadcast CAM message to all vehicles (at simulation time 494.500,000,000 s)
2024-06-04 00:13:15,751 INFO  - Vehicle is outside the detection area. (at simulation time 494.600,000,000 s)
2024-06-04 00:13:15,752 INFO  - Sent broadcast CAM message to all vehicles (at simulation time 494.600,000,000 s)
2024-06-04 00:13:15,756 INFO  - Vehicle is outside the detection area. (at simulation time 494.700,000,000 s)
2024-06-04 00:13:15,756 INFO  - Sent broadcast CAM message to all vehicles (at simulation time 494.700,000,000 s)
2024-06-04 00:13:15,765 INFO  - Vehicle is outside the detection area. (at simulation time 494.800,000,000 s)
2024-06-04 00:13:15,765 INFO  - Sent broadcast CAM message to all vehicles (at simulation time 494.800,000,000 s)
2024-06-04 00:13:15,767 INFO  - Vehicle is outside the detection area. (at simulation time 494.900,000,000 s)
2024-06-04 00:13:15,767 INFO  - Sent broadcast CAM message to all vehicles (at simulation time 494.900,000,000 s)
2024-06-04 00:13:15,803 INFO  - Vehicle is inside the detection area. (at simulation time 495.000,000,000 s)
2024-06-04 00:13:15,803 INFO  - Vehicle is too far away from the traffic light. (at simulation time 495.000,000,000 s)
2024-06-04 00:13:15,803 INFO  - No vehicles in range. (at simulation time 495.000,000,000 s)
2024-06-04 00:13:15,803 INFO  - Neither the RSU nor any vehicle is in range. (at simulation time 495.000,000,000 s)
2024-06-04 00:13:15,803 INFO  - Sent broadcast CAM message to all vehicles (at simulation time 495.000,000,000 s)
2024-06-04 00:13:15,808 INFO  - Vehicle is inside the detection area. (at simulation time 495.100,000,000 s)
2024-06-04 00:13:15,808 INFO  - Vehicle is too far away from the traffic light. (at simulation time 495.100,000,000 s)
2024-06-04 00:13:15,808 INFO  - No vehicles in range. (at simulation time 495.100,000,000 s)
2024-06-04 00:13:15,808 INFO  - Neither the RSU nor any vehicle is in range. (at simulation time 495.100,000,000 s)
2024-06-04 00:13:15,808 INFO  - Sent broadcast CAM message to all vehicles (at simulation time 495.100,000,000 s)
2024-06-04 00:13:15,810 INFO  - Vehicle is inside the detection area. (at simulation time 495.200,000,000 s)
2024-06-04 00:13:15,810 INFO  - Vehicle is too far away from the traffic light. (at simulation time 495.200,000,000 s)
2024-06-04 00:13:15,810 INFO  - No vehicles in range. (at simulation time 495.200,000,000 s)
2024-06-04 00:13:15,810 INFO  - Neither the RSU nor any vehicle is in range. (at simulation time 495.200,000,000 s)
2024-06-04 00:13:15,810 INFO  - Sent broadcast CAM message to all vehicles (at simulation time 495.200,000,000 s)
2024-06-04 00:13:15,811 INFO  - Vehicle is inside the detection area. (at simulation time 495.300,000,000 s)
2024-06-04 00:13:15,811 INFO  - Vehicle is too far away from the traffic light. (at simulation time 495.300,000,000 s)
2024-06-04 00:13:15,811 INFO  - No vehicles in range. (at simulation time 495.300,000,000 s)
2024-06-04 00:13:15,811 INFO  - Neither the RSU nor any vehicle is in range. (at simulation time 495.300,000,000 s)
2024-06-04 00:13:15,811 INFO  - Sent broadcast CAM message to all vehicles (at simulation time 495.300,000,000 s)
2024-06-04 00:13:15,813 INFO  - Vehicle is inside the detection area. (at simulation time 495.400,000,000 s)
2024-06-04 00:13:15,813 INFO  - Vehicle is too far away from the traffic light. (at simulation time 495.400,000,000 s)
2024-06-04 00:13:15,813 INFO  - No vehicles in range. (at simulation time 495.400,000,000 s)
2024-06-04 00:13:15,813 INFO  - Neither the RSU nor any vehicle is in range. (at simulation time 495.400,000,000 s)
2024-06-04 00:13:15,813 INFO  - Sent broadcast CAM message to all vehicles (at simulation time 495.400,000,000 s)
2024-06-04 00:13:15,815 INFO  - Vehicle is inside the detection area. (at simulation time 495.500,000,000 s)
2024-06-04 00:13:15,815 INFO  - Vehicle is too far away from the traffic light. (at simulation time 495.500,000,000 s)
2024-06-04 00:13:15,815 INFO  - No vehicles in range. (at simulation time 495.500,000,000 s)
2024-06-04 00:13:15,815 INFO  - Neither the RSU nor any vehicle is in range. (at simulation time 495.500,000,000 s)
2024-06-04 00:13:15,815 INFO  - Sent broadcast CAM message to all vehicles (at simulation time 495.500,000,000 s)
2024-06-04 00:13:15,817 INFO  - Vehicle is inside the detection area. (at simulation time 495.600,000,000 s)
2024-06-04 00:13:15,817 INFO  - Vehicle is too far away from the traffic light. (at simulation time 495.600,000,000 s)
2024-06-04 00:13:15,817 INFO  - No vehicles in range. (at simulation time 495.600,000,000 s)
2024-06-04 00:13:15,817 INFO  - Neither the RSU nor any vehicle is in range. (at simulation time 495.600,000,000 s)
2024-06-04 00:13:15,817 INFO  - Sent broadcast CAM message to all vehicles (at simulation time 495.600,000,000 s)
2024-06-04 00:13:15,820 INFO  - Vehicle is inside the detection area. (at simulation time 495.700,000,000 s)
2024-06-04 00:13:15,820 INFO  - Vehicle is too far away from the traffic light. (at simulation time 495.700,000,000 s)
2024-06-04 00:13:15,820 INFO  - No vehicles in range. (at simulation time 495.700,000,000 s)
2024-06-04 00:13:15,820 INFO  - Neither the RSU nor any vehicle is in range. (at simulation time 495.700,000,000 s)
2024-06-04 00:13:15,820 INFO  - Sent broadcast CAM message to all vehicles (at simulation time 495.700,000,000 s)
2024-06-04 00:13:15,823 INFO  - Vehicle is inside the detection area. (at simulation time 495.800,000,000 s)
2024-06-04 00:13:15,823 INFO  - Vehicle is too far away from the traffic light. (at simulation time 495.800,000,000 s)
2024-06-04 00:13:15,823 INFO  - No vehicles in range. (at simulation time 495.800,000,000 s)
2024-06-04 00:13:15,823 INFO  - Neither the RSU nor any vehicle is in range. (at simulation time 495.800,000,000 s)
2024-06-04 00:13:15,823 INFO  - Sent broadcast CAM message to all vehicles (at simulation time 495.800,000,000 s)
2024-06-04 00:13:15,826 INFO  - Vehicle is inside the detection area. (at simulation time 495.900,000,000 s)
2024-06-04 00:13:15,826 INFO  - Vehicle is too far away from the traffic light. (at simulation time 495.900,000,000 s)
2024-06-04 00:13:15,826 INFO  - No vehicles in range. (at simulation time 495.900,000,000 s)
2024-06-04 00:13:15,826 INFO  - Neither the RSU nor any vehicle is in range. (at simulation time 495.900,000,000 s)
2024-06-04 00:13:15,826 INFO  - Sent broadcast CAM message to all vehicles (at simulation time 495.900,000,000 s)
2024-06-04 00:13:15,831 INFO  - Vehicle is inside the detection area. (at simulation time 496.000,000,000 s)
2024-06-04 00:13:15,831 INFO  - Vehicle is too far away from the traffic light. (at simulation time 496.000,000,000 s)
2024-06-04 00:13:15,831 INFO  - No vehicles in range. (at simulation time 496.000,000,000 s)
2024-06-04 00:13:15,831 INFO  - Neither the RSU nor any vehicle is in range. (at simulation time 496.000,000,000 s)
2024-06-04 00:13:15,831 INFO  - Sent broadcast CAM message to all vehicles (at simulation time 496.000,000,000 s)
2024-06-04 00:13:15,835 INFO  - Vehicle is inside the detection area. (at simulation time 496.100,000,000 s)
2024-06-04 00:13:15,835 INFO  - Vehicle is too far away from the traffic light. (at simulation time 496.100,000,000 s)
2024-06-04 00:13:15,835 INFO  - No vehicles in range. (at simulation time 496.100,000,000 s)
2024-06-04 00:13:15,835 INFO  - Neither the RSU nor any vehicle is in range. (at simulation time 496.100,000,000 s)
2024-06-04 00:13:15,835 INFO  - Sent broadcast CAM message to all vehicles (at simulation time 496.100,000,000 s)
2024-06-04 00:13:15,839 INFO  - Vehicle is inside the detection area. (at simulation time 496.200,000,000 s)
2024-06-04 00:13:15,839 INFO  - Vehicle is too far away from the traffic light. (at simulation time 496.200,000,000 s)
2024-06-04 00:13:15,839 INFO  - No vehicles in range. (at simulation time 496.200,000,000 s)
2024-06-04 00:13:15,839 INFO  - Neither the RSU nor any vehicle is in range. (at simulation time 496.200,000,000 s)
2024-06-04 00:13:15,839 INFO  - Sent broadcast CAM message to all vehicles (at simulation time 496.200,000,000 s)
2024-06-04 00:13:15,841 INFO  - Vehicle is inside the detection area. (at simulation time 496.300,000,000 s)
2024-06-04 00:13:15,841 INFO  - Vehicle is too far away from the traffic light. (at simulation time 496.300,000,000 s)
2024-06-04 00:13:15,841 INFO  - No vehicles in range. (at simulation time 496.300,000,000 s)
2024-06-04 00:13:15,841 INFO  - Neither the RSU nor any vehicle is in range. (at simulation time 496.300,000,000 s)
2024-06-04 00:13:15,841 INFO  - Sent broadcast CAM message to all vehicles (at simulation time 496.300,000,000 s)
2024-06-04 00:13:15,843 INFO  - Vehicle is inside the detection area. (at simulation time 496.400,000,000 s)
2024-06-04 00:13:15,843 INFO  - Vehicle is too far away from the traffic light. (at simulation time 496.400,000,000 s)
2024-06-04 00:13:15,843 INFO  - No vehicles in range. (at simulation time 496.400,000,000 s)
2024-06-04 00:13:15,843 INFO  - Neither the RSU nor any vehicle is in range. (at simulation time 496.400,000,000 s)
2024-06-04 00:13:15,843 INFO  - Sent broadcast CAM message to all vehicles (at simulation time 496.400,000,000 s)
2024-06-04 00:13:15,845 INFO  - Vehicle is inside the detection area. (at simulation time 496.500,000,000 s)
2024-06-04 00:13:15,845 INFO  - Vehicle is too far away from the traffic light. (at simulation time 496.500,000,000 s)
2024-06-04 00:13:15,845 INFO  - No vehicles in range. (at simulation time 496.500,000,000 s)
2024-06-04 00:13:15,845 INFO  - Neither the RSU nor any vehicle is in range. (at simulation time 496.500,000,000 s)
2024-06-04 00:13:15,845 INFO  - Sent broadcast CAM message to all vehicles (at simulation time 496.500,000,000 s)
2024-06-04 00:13:15,847 INFO  - Vehicle is inside the detection area. (at simulation time 496.600,000,000 s)
2024-06-04 00:13:15,847 INFO  - Vehicle is too far away from the traffic light. (at simulation time 496.600,000,000 s)
2024-06-04 00:13:15,847 INFO  - No vehicles in range. (at simulation time 496.600,000,000 s)
2024-06-04 00:13:15,847 INFO  - Neither the RSU nor any vehicle is in range. (at simulation time 496.600,000,000 s)
2024-06-04 00:13:15,847 INFO  - Sent broadcast CAM message to all vehicles (at simulation time 496.600,000,000 s)
2024-06-04 00:13:15,849 INFO  - Vehicle is inside the detection area. (at simulation time 496.700,000,000 s)
2024-06-04 00:13:15,849 INFO  - Vehicle is too far away from the traffic light. (at simulation time 496.700,000,000 s)
2024-06-04 00:13:15,849 INFO  - No vehicles in range. (at simulation time 496.700,000,000 s)
2024-06-04 00:13:15,849 INFO  - Neither the RSU nor any vehicle is in range. (at simulation time 496.700,000,000 s)
2024-06-04 00:13:15,849 INFO  - Sent broadcast CAM message to all vehicles (at simulation time 496.700,000,000 s)
2024-06-04 00:13:15,853 INFO  - Vehicle is inside the detection area. (at simulation time 496.800,000,000 s)
2024-06-04 00:13:15,853 INFO  - Vehicle is too far away from the traffic light. (at simulation time 496.800,000,000 s)
2024-06-04 00:13:15,853 INFO  - No vehicles in range. (at simulation time 496.800,000,000 s)
2024-06-04 00:13:15,853 INFO  - Neither the RSU nor any vehicle is in range. (at simulation time 496.800,000,000 s)
2024-06-04 00:13:15,853 INFO  - Sent broadcast CAM message to all vehicles (at simulation time 496.800,000,000 s)
2024-06-04 00:13:15,856 INFO  - Vehicle is inside the detection area. (at simulation time 496.900,000,000 s)
2024-06-04 00:13:15,856 INFO  - Vehicle is too far away from the traffic light. (at simulation time 496.900,000,000 s)
2024-06-04 00:13:15,856 INFO  - No vehicles in range. (at simulation time 496.900,000,000 s)
2024-06-04 00:13:15,856 INFO  - Neither the RSU nor any vehicle is in range. (at simulation time 496.900,000,000 s)
2024-06-04 00:13:15,856 INFO  - Sent broadcast CAM message to all vehicles (at simulation time 496.900,000,000 s)
2024-06-04 00:13:15,861 INFO  - Atempting to process queue (at simulation time 497.000,000,000 s)
2024-06-04 00:13:15,861 INFO  - Vehicle is inside the detection area. (at simulation time 497.000,000,000 s)
2024-06-04 00:13:15,861 INFO  - Sent Detection message to rsu_0 (at simulation time 497.000,000,000 s)
2024-06-04 00:13:15,861 INFO  - Sent broadcast CAM message to all vehicles (at simulation time 497.000,000,000 s)
2024-06-04 00:13:15,864 INFO  - Received CAM message from veh_177 (at simulation time 497.000,900,000 s)
2024-06-04 00:13:15,864 INFO  - Received CAM message from veh_174 (at simulation time 497.000,900,000 s)
2024-06-04 00:13:15,865 INFO  - Received CAM message from veh_126 (at simulation time 497.001,900,000 s)
2024-06-04 00:13:15,866 INFO  - Received CAM message from veh_144 (at simulation time 497.002,400,000 s)
2024-06-04 00:13:15,866 INFO  - Received CAM message from veh_135 (at simulation time 497.002,400,000 s)
2024-06-04 00:13:15,866 INFO  - Atempting to process queue (at simulation time 497.100,000,000 s)
2024-06-04 00:13:15,866 INFO  - Vehicle is inside the detection area. (at simulation time 497.100,000,000 s)
2024-06-04 00:13:15,866 INFO  - Sent Detection message to rsu_0 (at simulation time 497.100,000,000 s)
2024-06-04 00:13:15,866 INFO  - Sent broadcast CAM message to all vehicles (at simulation time 497.100,000,000 s)
2024-06-04 00:13:15,867 INFO  - Received CAM message from veh_135 (at simulation time 497.100,400,000 s)
2024-06-04 00:13:15,868 INFO  - Received CAM message from veh_177 (at simulation time 497.100,900,000 s)
2024-06-04 00:13:15,869 INFO  - Received CAM message from veh_144 (at simulation time 497.101,900,000 s)
2024-06-04 00:13:15,869 INFO  - Received CAM message from veh_174 (at simulation time 497.102,400,000 s)
2024-06-04 00:13:15,869 INFO  - Received CAM message from veh_126 (at simulation time 497.102,400,000 s)
2024-06-04 00:13:15,869 INFO  - Atempting to process queue (at simulation time 497.200,000,000 s)
2024-06-04 00:13:15,869 INFO  - Vehicle is inside the detection area. (at simulation time 497.200,000,000 s)
2024-06-04 00:13:15,869 INFO  - Sent Detection message to rsu_0 (at simulation time 497.200,000,000 s)
2024-06-04 00:13:15,869 INFO  - Sent broadcast CAM message to all vehicles (at simulation time 497.200,000,000 s)
2024-06-04 00:13:15,870 INFO  - Received CAM message from veh_126 (at simulation time 497.200,400,000 s)
2024-06-04 00:13:15,870 INFO  - Received CAM message from veh_135 (at simulation time 497.200,900,000 s)
2024-06-04 00:13:15,871 INFO  - Received CAM message from veh_177 (at simulation time 497.201,400,000 s)
2024-06-04 00:13:15,871 INFO  - Received CAM message from veh_144 (at simulation time 497.201,400,000 s)
2024-06-04 00:13:15,871 INFO  - Received CAM message from veh_174 (at simulation time 497.202,400,000 s)
2024-06-04 00:13:15,871 INFO  - Atempting to process queue (at simulation time 497.300,000,000 s)
2024-06-04 00:13:15,871 INFO  - Vehicle is inside the detection area. (at simulation time 497.300,000,000 s)
2024-06-04 00:13:15,871 INFO  - Sent Detection message to rsu_0 (at simulation time 497.300,000,000 s)
2024-06-04 00:13:15,871 INFO  - Sent broadcast CAM message to all vehicles (at simulation time 497.300,000,000 s)
2024-06-04 00:13:15,872 INFO  - Received CAM message from veh_177 (at simulation time 497.300,400,000 s)
2024-06-04 00:13:15,872 INFO  - Received CAM message from veh_126 (at simulation time 497.300,400,000 s)
2024-06-04 00:13:15,872 INFO  - Received CAM message from veh_144 (at simulation time 497.301,400,000 s)
2024-06-04 00:13:15,872 INFO  - Received CAM message from veh_135 (at simulation time 497.301,400,000 s)
2024-06-04 00:13:15,873 INFO  - Received CAM message from veh_174 (at simulation time 497.301,900,000 s)
2024-06-04 00:13:15,873 INFO  - Atempting to process queue (at simulation time 497.400,000,000 s)
2024-06-04 00:13:15,873 INFO  - Vehicle is inside the detection area. (at simulation time 497.400,000,000 s)
2024-06-04 00:13:15,873 INFO  - Sent Detection message to rsu_0 (at simulation time 497.400,000,000 s)
2024-06-04 00:13:15,873 INFO  - Sent broadcast CAM message to all vehicles (at simulation time 497.400,000,000 s)
2024-06-04 00:13:15,874 INFO  - Received CAM message from veh_174 (at simulation time 497.400,400,000 s)
2024-06-04 00:13:15,874 INFO  - Received CAM message from veh_126 (at simulation time 497.400,400,000 s)
2024-06-04 00:13:15,874 INFO  - Received CAM message from veh_144 (at simulation time 497.400,900,000 s)
2024-06-04 00:13:15,875 INFO  - Received CAM message from veh_177 (at simulation time 497.402,400,000 s)
2024-06-04 00:13:15,875 INFO  - Received CAM message from veh_135 (at simulation time 497.402,400,000 s)
2024-06-04 00:13:15,875 INFO  - Atempting to process queue (at simulation time 497.500,000,000 s)
2024-06-04 00:13:15,875 INFO  - Vehicle is inside the detection area. (at simulation time 497.500,000,000 s)
2024-06-04 00:13:15,875 INFO  - Sent Detection message to rsu_0 (at simulation time 497.500,000,000 s)
2024-06-04 00:13:15,875 INFO  - Sent broadcast CAM message to all vehicles (at simulation time 497.500,000,000 s)
2024-06-04 00:13:15,878 INFO  - Received CAM message from veh_144 (at simulation time 497.501,400,000 s)
2024-06-04 00:13:15,878 INFO  - Received CAM message from veh_135 (at simulation time 497.501,900,000 s)
2024-06-04 00:13:15,878 INFO  - Received CAM message from veh_126 (at simulation time 497.501,900,000 s)
2024-06-04 00:13:15,879 INFO  - Received CAM message from veh_177 (at simulation time 497.502,400,000 s)
2024-06-04 00:13:15,879 INFO  - Received CAM message from veh_174 (at simulation time 497.502,400,000 s)
2024-06-04 00:13:15,879 INFO  - Atempting to process queue (at simulation time 497.600,000,000 s)
2024-06-04 00:13:15,879 INFO  - Vehicle is inside the detection area. (at simulation time 497.600,000,000 s)
2024-06-04 00:13:15,879 INFO  - Sent Detection message to rsu_0 (at simulation time 497.600,000,000 s)
2024-06-04 00:13:15,879 INFO  - Sent broadcast CAM message to all vehicles (at simulation time 497.600,000,000 s)
2024-06-04 00:13:15,880 INFO  - Received CAM message from veh_177 (at simulation time 497.600,400,000 s)
2024-06-04 00:13:15,880 INFO  - Received CAM message from veh_126 (at simulation time 497.600,400,000 s)
2024-06-04 00:13:15,881 INFO  - Received CAM message from veh_135 (at simulation time 497.601,400,000 s)
2024-06-04 00:13:15,881 INFO  - Received CAM message from veh_174 (at simulation time 497.602,400,000 s)
2024-06-04 00:13:15,881 INFO  - Received CAM message from veh_144 (at simulation time 497.602,400,000 s)
2024-06-04 00:13:15,881 INFO  - Atempting to process queue (at simulation time 497.700,000,000 s)
2024-06-04 00:13:15,881 INFO  - Vehicle is inside the detection area. (at simulation time 497.700,000,000 s)
2024-06-04 00:13:15,881 INFO  - Sent Detection message to rsu_0 (at simulation time 497.700,000,000 s)
2024-06-04 00:13:15,881 INFO  - Sent broadcast CAM message to all vehicles (at simulation time 497.700,000,000 s)
2024-06-04 00:13:15,882 INFO  - Received CAM message from veh_177 (at simulation time 497.700,400,000 s)
2024-06-04 00:13:15,883 INFO  - Received CAM message from veh_135 (at simulation time 497.701,400,000 s)
2024-06-04 00:13:15,883 INFO  - Received CAM message from veh_144 (at simulation time 497.701,900,000 s)
2024-06-04 00:13:15,883 INFO  - Received CAM message from veh_174 (at simulation time 497.702,400,000 s)
2024-06-04 00:13:15,883 INFO  - Received CAM message from veh_126 (at simulation time 497.702,400,000 s)
2024-06-04 00:13:15,883 INFO  - Atempting to process queue (at simulation time 497.800,000,000 s)
2024-06-04 00:13:15,883 INFO  - Vehicle is inside the detection area. (at simulation time 497.800,000,000 s)
2024-06-04 00:13:15,883 INFO  - Sent Detection message to rsu_0 (at simulation time 497.800,000,000 s)
2024-06-04 00:13:15,883 INFO  - Sent broadcast CAM message to all vehicles (at simulation time 497.800,000,000 s)
2024-06-04 00:13:15,884 INFO  - Received CAM message from veh_135 (at simulation time 497.800,900,000 s)
2024-06-04 00:13:15,884 INFO  - Received CAM message from veh_144 (at simulation time 497.801,400,000 s)
2024-06-04 00:13:15,885 INFO  - Received CAM message from veh_177 (at simulation time 497.801,900,000 s)
2024-06-04 00:13:15,885 INFO  - Received CAM message from veh_174 (at simulation time 497.801,900,000 s)
2024-06-04 00:13:15,885 INFO  - Received CAM message from veh_126 (at simulation time 497.801,900,000 s)
2024-06-04 00:13:15,885 INFO  - Atempting to process queue (at simulation time 497.900,000,000 s)
2024-06-04 00:13:15,885 INFO  - Vehicle is inside the detection area. (at simulation time 497.900,000,000 s)
2024-06-04 00:13:15,885 INFO  - Sent Detection message to rsu_0 (at simulation time 497.900,000,000 s)
2024-06-04 00:13:15,885 INFO  - Sent broadcast CAM message to all vehicles (at simulation time 497.900,000,000 s)
2024-06-04 00:13:15,886 INFO  - Received CAM message from veh_144 (at simulation time 497.900,400,000 s)
2024-06-04 00:13:15,886 INFO  - Received CAM message from veh_126 (at simulation time 497.900,400,000 s)
2024-06-04 00:13:15,886 INFO  - Received CAM message from veh_135 (at simulation time 497.900,900,000 s)
2024-06-04 00:13:15,887 INFO  - Received CAM message from veh_177 (at simulation time 497.901,900,000 s)
2024-06-04 00:13:15,887 INFO  - Received CAM message from veh_174 (at simulation time 497.901,900,000 s)
2024-06-04 00:13:15,890 INFO  - Atempting to process queue (at simulation time 498.000,000,000 s)
2024-06-04 00:13:15,890 INFO  - Vehicle is inside the detection area. (at simulation time 498.000,000,000 s)
2024-06-04 00:13:15,890 INFO  - Sent Detection message to rsu_0 (at simulation time 498.000,000,000 s)
2024-06-04 00:13:15,890 INFO  - Sent broadcast CAM message to all vehicles (at simulation time 498.000,000,000 s)
2024-06-04 00:13:15,893 INFO  - Received CAM message from veh_144 (at simulation time 498.000,400,000 s)
2024-06-04 00:13:15,894 INFO  - Received CAM message from veh_156 (at simulation time 498.000,900,000 s)
2024-06-04 00:13:15,894 INFO  - Received CAM message from veh_147 (at simulation time 498.000,900,000 s)
2024-06-04 00:13:15,894 INFO  - Received CAM message from veh_186 (at simulation time 498.001,400,000 s)
2024-06-04 00:13:15,894 INFO  - Received CAM message from veh_183 (at simulation time 498.001,400,000 s)
2024-06-04 00:13:15,894 INFO  - Received CAM message from veh_177 (at simulation time 498.001,400,000 s)
2024-06-04 00:13:15,894 INFO  - Received CAM message from veh_192 (at simulation time 498.001,900,000 s)
2024-06-04 00:13:15,894 INFO  - Received CAM message from veh_174 (at simulation time 498.001,900,000 s)
2024-06-04 00:13:15,895 INFO  - Received CAM message from veh_126 (at simulation time 498.001,900,000 s)
2024-06-04 00:13:15,895 INFO  - Received CAM message from veh_135 (at simulation time 498.002,400,000 s)
2024-06-04 00:13:15,895 INFO  - Atempting to process queue (at simulation time 498.100,000,000 s)
2024-06-04 00:13:15,895 INFO  - Vehicle is inside the detection area. (at simulation time 498.100,000,000 s)
2024-06-04 00:13:15,895 INFO  - Sent Detection message to rsu_0 (at simulation time 498.100,000,000 s)
2024-06-04 00:13:15,895 INFO  - Sent broadcast CAM message to all vehicles (at simulation time 498.100,000,000 s)
2024-06-04 00:13:15,897 INFO  - Received CAM message from veh_156 (at simulation time 498.100,400,000 s)
2024-06-04 00:13:15,897 INFO  - Received CAM message from veh_192 (at simulation time 498.101,400,000 s)
2024-06-04 00:13:15,897 INFO  - Received CAM message from veh_144 (at simulation time 498.101,400,000 s)
2024-06-04 00:13:15,898 INFO  - Received CAM message from veh_186 (at simulation time 498.101,900,000 s)
2024-06-04 00:13:15,898 INFO  - Received CAM message from veh_183 (at simulation time 498.101,900,000 s)
2024-06-04 00:13:15,898 INFO  - Received CAM message from veh_126 (at simulation time 498.101,900,000 s)
2024-06-04 00:13:15,899 INFO  - Received CAM message from veh_177 (at simulation time 498.102,400,000 s)
2024-06-04 00:13:15,899 INFO  - Received CAM message from veh_174 (at simulation time 498.102,400,000 s)
2024-06-04 00:13:15,899 INFO  - Received CAM message from veh_147 (at simulation time 498.102,400,000 s)
2024-06-04 00:13:15,899 INFO  - Received CAM message from veh_135 (at simulation time 498.102,400,000 s)
2024-06-04 00:13:15,899 INFO  - Atempting to process queue (at simulation time 498.200,000,000 s)
2024-06-04 00:13:15,899 INFO  - Vehicle is inside the detection area. (at simulation time 498.200,000,000 s)
2024-06-04 00:13:15,899 INFO  - Sent Detection message to rsu_0 (at simulation time 498.200,000,000 s)
2024-06-04 00:13:15,899 INFO  - Sent broadcast CAM message to all vehicles (at simulation time 498.200,000,000 s)
2024-06-04 00:13:15,900 INFO  - Received CAM message from veh_126 (at simulation time 498.200,400,000 s)
2024-06-04 00:13:15,900 INFO  - Received CAM message from veh_147 (at simulation time 498.200,900,000 s)
2024-06-04 00:13:15,900 INFO  - Received CAM message from veh_144 (at simulation time 498.200,900,000 s)
2024-06-04 00:13:15,900 INFO  - Received CAM message from veh_156 (at simulation time 498.201,400,000 s)
2024-06-04 00:13:15,900 INFO  - Received CAM message from veh_135 (at simulation time 498.201,400,000 s)
2024-06-04 00:13:15,900 INFO  - Received CAM message from veh_183 (at simulation time 498.201,900,000 s)
2024-06-04 00:13:15,900 INFO  - Received CAM message from veh_177 (at simulation time 498.201,900,000 s)
2024-06-04 00:13:15,900 INFO  - Received CAM message from veh_174 (at simulation time 498.201,900,000 s)
2024-06-04 00:13:15,900 INFO  - Received CAM message from veh_192 (at simulation time 498.202,400,000 s)
2024-06-04 00:13:15,900 INFO  - Received CAM message from veh_186 (at simulation time 498.202,400,000 s)
2024-06-04 00:13:15,900 INFO  - Atempting to process queue (at simulation time 498.300,000,000 s)
2024-06-04 00:13:15,900 INFO  - Vehicle is inside the detection area. (at simulation time 498.300,000,000 s)
2024-06-04 00:13:15,900 INFO  - Sent Detection message to rsu_0 (at simulation time 498.300,000,000 s)
2024-06-04 00:13:15,900 INFO  - Sent broadcast CAM message to all vehicles (at simulation time 498.300,000,000 s)
2024-06-04 00:13:15,901 INFO  - Received CAM message from veh_186 (at simulation time 498.300,400,000 s)
2024-06-04 00:13:15,901 INFO  - Received CAM message from veh_126 (at simulation time 498.300,400,000 s)
2024-06-04 00:13:15,901 INFO  - Received CAM message from veh_192 (at simulation time 498.300,900,000 s)
2024-06-04 00:13:15,902 INFO  - Received CAM message from veh_177 (at simulation time 498.301,400,000 s)
2024-06-04 00:13:15,902 INFO  - Received CAM message from veh_147 (at simulation time 498.301,400,000 s)
2024-06-04 00:13:15,902 INFO  - Received CAM message from veh_183 (at simulation time 498.301,900,000 s)
2024-06-04 00:13:15,902 INFO  - Received CAM message from veh_174 (at simulation time 498.301,900,000 s)
2024-06-04 00:13:15,902 INFO  - Received CAM message from veh_144 (at simulation time 498.301,900,000 s)
2024-06-04 00:13:15,902 INFO  - Received CAM message from veh_156 (at simulation time 498.302,400,000 s)
2024-06-04 00:13:15,902 INFO  - Received CAM message from veh_135 (at simulation time 498.302,400,000 s)
2024-06-04 00:13:15,902 INFO  - Atempting to process queue (at simulation time 498.400,000,000 s)
2024-06-04 00:13:15,902 INFO  - Vehicle is inside the detection area. (at simulation time 498.400,000,000 s)
2024-06-04 00:13:15,902 INFO  - Sent Detection message to rsu_0 (at simulation time 498.400,000,000 s)
2024-06-04 00:13:15,902 INFO  - Sent broadcast CAM message to all vehicles (at simulation time 498.400,000,000 s)
2024-06-04 00:13:15,903 INFO  - Received CAM message from veh_156 (at simulation time 498.400,900,000 s)
2024-06-04 00:13:15,903 INFO  - Received CAM message from veh_135 (at simulation time 498.400,900,000 s)
2024-06-04 00:13:15,903 INFO  - Received CAM message from veh_186 (at simulation time 498.401,400,000 s)
2024-06-04 00:13:15,903 INFO  - Received CAM message from veh_147 (at simulation time 498.401,400,000 s)
2024-06-04 00:13:15,904 INFO  - Received CAM message from veh_177 (at simulation time 498.401,900,000 s)
2024-06-04 00:13:15,904 INFO  - Received CAM message from veh_192 (at simulation time 498.402,400,000 s)
2024-06-04 00:13:15,904 INFO  - Received CAM message from veh_183 (at simulation time 498.402,400,000 s)
2024-06-04 00:13:15,904 INFO  - Received CAM message from veh_174 (at simulation time 498.402,400,000 s)
2024-06-04 00:13:15,904 INFO  - Received CAM message from veh_144 (at simulation time 498.402,400,000 s)
2024-06-04 00:13:15,904 INFO  - Received CAM message from veh_126 (at simulation time 498.402,400,000 s)
2024-06-04 00:13:15,904 INFO  - Atempting to process queue (at simulation time 498.500,000,000 s)
2024-06-04 00:13:15,904 INFO  - Vehicle is inside the detection area. (at simulation time 498.500,000,000 s)
2024-06-04 00:13:15,904 INFO  - Sent Detection message to rsu_0 (at simulation time 498.500,000,000 s)
2024-06-04 00:13:15,904 INFO  - Sent broadcast CAM message to all vehicles (at simulation time 498.500,000,000 s)
2024-06-04 00:13:15,904 INFO  - Received CAM message from veh_183 (at simulation time 498.500,400,000 s)
2024-06-04 00:13:15,904 INFO  - Received CAM message from veh_174 (at simulation time 498.500,400,000 s)
2024-06-04 00:13:15,904 INFO  - Received CAM message from veh_135 (at simulation time 498.500,400,000 s)
2024-06-04 00:13:15,905 INFO  - Received CAM message from veh_192 (at simulation time 498.500,900,000 s)
2024-06-04 00:13:15,905 INFO  - Received CAM message from veh_147 (at simulation time 498.500,900,000 s)
2024-06-04 00:13:15,905 INFO  - Received CAM message from veh_177 (at simulation time 498.501,400,000 s)
2024-06-04 00:13:15,905 INFO  - Received CAM message from veh_156 (at simulation time 498.501,400,000 s)
2024-06-04 00:13:15,906 INFO  - Received CAM message from veh_186 (at simulation time 498.501,900,000 s)
2024-06-04 00:13:15,906 INFO  - Received CAM message from veh_144 (at simulation time 498.501,900,000 s)
2024-06-04 00:13:15,906 INFO  - Received CAM message from veh_126 (at simulation time 498.501,900,000 s)
2024-06-04 00:13:15,906 INFO  - Atempting to process queue (at simulation time 498.600,000,000 s)
2024-06-04 00:13:15,906 INFO  - Vehicle is inside the detection area. (at simulation time 498.600,000,000 s)
2024-06-04 00:13:15,906 INFO  - Sent Detection message to rsu_0 (at simulation time 498.600,000,000 s)
2024-06-04 00:13:15,906 INFO  - Sent broadcast CAM message to all vehicles (at simulation time 498.600,000,000 s)
2024-06-04 00:13:15,907 INFO  - Received CAM message from veh_192 (at simulation time 498.600,400,000 s)
2024-06-04 00:13:15,907 INFO  - Received CAM message from veh_186 (at simulation time 498.600,400,000 s)
2024-06-04 00:13:15,907 INFO  - Received CAM message from veh_144 (at simulation time 498.600,400,000 s)
2024-06-04 00:13:15,908 INFO  - Received CAM message from veh_183 (at simulation time 498.600,900,000 s)
2024-06-04 00:13:15,908 INFO  - Received CAM message from veh_147 (at simulation time 498.600,900,000 s)
2024-06-04 00:13:15,908 INFO  - Received CAM message from veh_135 (at simulation time 498.601,400,000 s)
2024-06-04 00:13:15,908 INFO  - Received CAM message from veh_126 (at simulation time 498.601,400,000 s)
2024-06-04 00:13:15,908 INFO  - Received CAM message from veh_177 (at simulation time 498.601,900,000 s)
2024-06-04 00:13:15,908 INFO  - Received CAM message from veh_174 (at simulation time 498.601,900,000 s)
2024-06-04 00:13:15,908 INFO  - Received CAM message from veh_156 (at simulation time 498.601,900,000 s)
2024-06-04 00:13:15,909 INFO  - Atempting to process queue (at simulation time 498.700,000,000 s)
2024-06-04 00:13:15,909 INFO  - Vehicle is inside the detection area. (at simulation time 498.700,000,000 s)
2024-06-04 00:13:15,909 INFO  - Sent Detection message to rsu_0 (at simulation time 498.700,000,000 s)
2024-06-04 00:13:15,909 INFO  - Sent broadcast CAM message to all vehicles (at simulation time 498.700,000,000 s)
2024-06-04 00:13:15,910 INFO  - Received CAM message from veh_186 (at simulation time 498.700,900,000 s)
2024-06-04 00:13:15,910 INFO  - Received CAM message from veh_156 (at simulation time 498.700,900,000 s)
2024-06-04 00:13:15,911 INFO  - Received CAM message from veh_147 (at simulation time 498.701,400,000 s)
2024-06-04 00:13:15,911 INFO  - Received CAM message from veh_126 (at simulation time 498.701,400,000 s)
2024-06-04 00:13:15,911 INFO  - Received CAM message from veh_192 (at simulation time 498.701,900,000 s)
2024-06-04 00:13:15,911 INFO  - Received CAM message from veh_183 (at simulation time 498.701,900,000 s)
2024-06-04 00:13:15,911 INFO  - Received CAM message from veh_174 (at simulation time 498.701,900,000 s)
2024-06-04 00:13:15,911 INFO  - Received CAM message from veh_177 (at simulation time 498.702,400,000 s)
2024-06-04 00:13:15,911 INFO  - Received CAM message from veh_144 (at simulation time 498.702,400,000 s)
2024-06-04 00:13:15,911 INFO  - Received CAM message from veh_135 (at simulation time 498.702,400,000 s)
2024-06-04 00:13:15,911 INFO  - Atempting to process queue (at simulation time 498.800,000,000 s)
2024-06-04 00:13:15,911 INFO  - Vehicle is inside the detection area. (at simulation time 498.800,000,000 s)
2024-06-04 00:13:15,911 INFO  - Sent Detection message to rsu_0 (at simulation time 498.800,000,000 s)
2024-06-04 00:13:15,911 INFO  - Sent broadcast CAM message to all vehicles (at simulation time 498.800,000,000 s)
2024-06-04 00:13:15,912 INFO  - Received CAM message from veh_183 (at simulation time 498.800,900,000 s)
2024-06-04 00:13:15,912 INFO  - Received CAM message from veh_174 (at simulation time 498.800,900,000 s)
2024-06-04 00:13:15,912 INFO  - Received CAM message from veh_147 (at simulation time 498.800,900,000 s)
2024-06-04 00:13:15,913 INFO  - Received CAM message from veh_186 (at simulation time 498.801,400,000 s)
2024-06-04 00:13:15,913 INFO  - Received CAM message from veh_144 (at simulation time 498.801,400,000 s)
2024-06-04 00:13:15,913 INFO  - Received CAM message from veh_126 (at simulation time 498.801,400,000 s)
2024-06-04 00:13:15,913 INFO  - Received CAM message from veh_192 (at simulation time 498.801,900,000 s)
2024-06-04 00:13:15,913 INFO  - Received CAM message from veh_156 (at simulation time 498.801,900,000 s)
2024-06-04 00:13:15,913 INFO  - Received CAM message from veh_135 (at simulation time 498.801,900,000 s)
2024-06-04 00:13:15,913 INFO  - Received CAM message from veh_177 (at simulation time 498.802,400,000 s)
2024-06-04 00:13:15,913 INFO  - Atempting to process queue (at simulation time 498.900,000,000 s)
2024-06-04 00:13:15,913 INFO  - Vehicle is inside the detection area. (at simulation time 498.900,000,000 s)
2024-06-04 00:13:15,913 INFO  - Sent Detection message to rsu_0 (at simulation time 498.900,000,000 s)
2024-06-04 00:13:15,913 INFO  - Sent broadcast CAM message to all vehicles (at simulation time 498.900,000,000 s)
2024-06-04 00:13:15,914 INFO  - Received CAM message from veh_174 (at simulation time 498.900,400,000 s)
2024-06-04 00:13:15,914 INFO  - Received CAM message from veh_126 (at simulation time 498.900,400,000 s)
2024-06-04 00:13:15,914 INFO  - Received CAM message from veh_144 (at simulation time 498.900,900,000 s)
2024-06-04 00:13:15,915 INFO  - Received CAM message from veh_135 (at simulation time 498.901,400,000 s)
2024-06-04 00:13:15,915 INFO  - Received CAM message from veh_183 (at simulation time 498.901,900,000 s)
2024-06-04 00:13:15,915 INFO  - Received CAM message from veh_177 (at simulation time 498.901,900,000 s)
2024-06-04 00:13:15,915 INFO  - Received CAM message from veh_156 (at simulation time 498.901,900,000 s)
2024-06-04 00:13:15,915 INFO  - Received CAM message from veh_192 (at simulation time 498.902,400,000 s)
2024-06-04 00:13:15,915 INFO  - Received CAM message from veh_186 (at simulation time 498.902,400,000 s)
2024-06-04 00:13:15,915 INFO  - Received CAM message from veh_147 (at simulation time 498.902,400,000 s)
2024-06-04 00:13:15,920 INFO  - Atempting to process queue (at simulation time 499.000,000,000 s)
2024-06-04 00:13:15,920 INFO  - Vehicle is outside the detection area. (at simulation time 499.000,000,000 s)
2024-06-04 00:13:15,920 INFO  - Sent broadcast CAM message to all vehicles (at simulation time 499.000,000,000 s)
2024-06-04 00:13:15,922 INFO  - Received CAM message from veh_147 (at simulation time 499.000,900,000 s)
2024-06-04 00:13:15,922 INFO  - Received CAM message from veh_174 (at simulation time 499.001,400,000 s)
2024-06-04 00:13:15,922 INFO  - Received CAM message from veh_144 (at simulation time 499.001,400,000 s)
2024-06-04 00:13:15,922 INFO  - Received CAM message from veh_126 (at simulation time 499.001,400,000 s)
2024-06-04 00:13:15,922 INFO  - Received CAM message from veh_186 (at simulation time 499.001,900,000 s)
2024-06-04 00:13:15,922 INFO  - Received CAM message from veh_183 (at simulation time 499.001,900,000 s)
2024-06-04 00:13:15,922 INFO  - Received CAM message from veh_156 (at simulation time 499.001,900,000 s)
2024-06-04 00:13:15,922 INFO  - Received CAM message from veh_135 (at simulation time 499.001,900,000 s)
2024-06-04 00:13:15,923 INFO  - Received CAM message from veh_192 (at simulation time 499.002,400,000 s)
2024-06-04 00:13:15,923 INFO  - Received CAM message from veh_177 (at simulation time 499.002,400,000 s)
2024-06-04 00:13:15,923 INFO  - Atempting to process queue (at simulation time 499.100,000,000 s)
2024-06-04 00:13:15,923 INFO  - Vehicle is outside the detection area. (at simulation time 499.100,000,000 s)
2024-06-04 00:13:15,923 INFO  - Sent broadcast CAM message to all vehicles (at simulation time 499.100,000,000 s)
2024-06-04 00:13:15,923 INFO  - Received CAM message from veh_186 (at simulation time 499.100,400,000 s)
2024-06-04 00:13:15,923 INFO  - Received CAM message from veh_144 (at simulation time 499.100,400,000 s)
2024-06-04 00:13:15,923 INFO  - Received CAM message from veh_135 (at simulation time 499.100,400,000 s)
2024-06-04 00:13:15,924 INFO  - Received CAM message from veh_177 (at simulation time 499.100,900,000 s)
2024-06-04 00:13:15,924 INFO  - Received CAM message from veh_147 (at simulation time 499.100,900,000 s)
2024-06-04 00:13:15,925 INFO  - Received CAM message from veh_192 (at simulation time 499.101,900,000 s)
2024-06-04 00:13:15,925 INFO  - Received CAM message from veh_183 (at simulation time 499.101,900,000 s)
2024-06-04 00:13:15,925 INFO  - Received CAM message from veh_126 (at simulation time 499.101,900,000 s)
2024-06-04 00:13:15,926 INFO  - Received CAM message from veh_174 (at simulation time 499.102,400,000 s)
2024-06-04 00:13:15,926 INFO  - Received CAM message from veh_156 (at simulation time 499.102,400,000 s)
2024-06-04 00:13:15,926 INFO  - Atempting to process queue (at simulation time 499.200,000,000 s)
2024-06-04 00:13:15,926 INFO  - Vehicle is outside the detection area. (at simulation time 499.200,000,000 s)
2024-06-04 00:13:15,926 INFO  - Sent broadcast CAM message to all vehicles (at simulation time 499.200,000,000 s)
2024-06-04 00:13:15,927 INFO  - Received CAM message from veh_192 (at simulation time 499.200,400,000 s)
2024-06-04 00:13:15,928 INFO  - Received CAM message from veh_186 (at simulation time 499.200,900,000 s)
2024-06-04 00:13:15,928 INFO  - Received CAM message from veh_174 (at simulation time 499.200,900,000 s)
2024-06-04 00:13:15,928 INFO  - Received CAM message from veh_156 (at simulation time 499.200,900,000 s)
2024-06-04 00:13:15,928 INFO  - Received CAM message from veh_147 (at simulation time 499.200,900,000 s)
2024-06-04 00:13:15,928 INFO  - Received CAM message from veh_126 (at simulation time 499.200,900,000 s)
2024-06-04 00:13:15,928 INFO  - Received CAM message from veh_183 (at simulation time 499.201,400,000 s)
2024-06-04 00:13:15,929 INFO  - Received CAM message from veh_144 (at simulation time 499.201,900,000 s)
2024-06-04 00:13:15,929 INFO  - Received CAM message from veh_135 (at simulation time 499.201,900,000 s)
2024-06-04 00:13:15,929 INFO  - Received CAM message from veh_177 (at simulation time 499.202,400,000 s)
2024-06-04 00:13:15,929 INFO  - Atempting to process queue (at simulation time 499.300,000,000 s)
2024-06-04 00:13:15,929 INFO  - Vehicle is outside the detection area. (at simulation time 499.300,000,000 s)
2024-06-04 00:13:15,929 INFO  - Sent broadcast CAM message to all vehicles (at simulation time 499.300,000,000 s)
2024-06-04 00:13:15,931 INFO  - Received CAM message from veh_186 (at simulation time 499.300,900,000 s)
2024-06-04 00:13:15,931 INFO  - Received CAM message from veh_174 (at simulation time 499.300,900,000 s)
2024-06-04 00:13:15,931 INFO  - Received CAM message from veh_177 (at simulation time 499.301,400,000 s)
2024-06-04 00:13:15,931 INFO  - Received CAM message from veh_144 (at simulation time 499.301,400,000 s)
2024-06-04 00:13:15,932 INFO  - Received CAM message from veh_147 (at simulation time 499.301,900,000 s)
2024-06-04 00:13:15,932 INFO  - Received CAM message from veh_135 (at simulation time 499.301,900,000 s)
2024-06-04 00:13:15,932 INFO  - Received CAM message from veh_192 (at simulation time 499.302,400,000 s)
2024-06-04 00:13:15,932 INFO  - Received CAM message from veh_183 (at simulation time 499.302,400,000 s)
2024-06-04 00:13:15,932 INFO  - Received CAM message from veh_156 (at simulation time 499.302,400,000 s)
2024-06-04 00:13:15,932 INFO  - Received CAM message from veh_126 (at simulation time 499.302,400,000 s)
2024-06-04 00:13:15,932 INFO  - Atempting to process queue (at simulation time 499.400,000,000 s)
2024-06-04 00:13:15,932 INFO  - Vehicle is outside the detection area. (at simulation time 499.400,000,000 s)
2024-06-04 00:13:15,932 INFO  - Sent broadcast CAM message to all vehicles (at simulation time 499.400,000,000 s)
2024-06-04 00:13:15,933 INFO  - Received CAM message from veh_144 (at simulation time 499.400,400,000 s)
2024-06-04 00:13:15,933 INFO  - Received CAM message from veh_135 (at simulation time 499.400,900,000 s)
2024-06-04 00:13:15,933 INFO  - Received CAM message from veh_174 (at simulation time 499.401,400,000 s)
2024-06-04 00:13:15,933 INFO  - Received CAM message from veh_192 (at simulation time 499.401,900,000 s)
2024-06-04 00:13:15,933 INFO  - Received CAM message from veh_183 (at simulation time 499.401,900,000 s)
2024-06-04 00:13:15,933 INFO  - Received CAM message from veh_156 (at simulation time 499.401,900,000 s)
2024-06-04 00:13:15,934 INFO  - Received CAM message from veh_186 (at simulation time 499.402,400,000 s)
2024-06-04 00:13:15,934 INFO  - Received CAM message from veh_177 (at simulation time 499.402,400,000 s)
2024-06-04 00:13:15,934 INFO  - Received CAM message from veh_147 (at simulation time 499.402,400,000 s)
2024-06-04 00:13:15,934 INFO  - Received CAM message from veh_126 (at simulation time 499.402,400,000 s)
2024-06-04 00:13:15,934 INFO  - Atempting to process queue (at simulation time 499.500,000,000 s)
2024-06-04 00:13:15,934 INFO  - Vehicle is outside the detection area. (at simulation time 499.500,000,000 s)
2024-06-04 00:13:15,934 INFO  - Sent broadcast CAM message to all vehicles (at simulation time 499.500,000,000 s)
2024-06-04 00:13:15,934 INFO  - Received CAM message from veh_192 (at simulation time 499.500,400,000 s)
2024-06-04 00:13:15,935 INFO  - Received CAM message from veh_144 (at simulation time 499.500,400,000 s)
2024-06-04 00:13:15,935 INFO  - Received CAM message from veh_135 (at simulation time 499.500,400,000 s)
2024-06-04 00:13:15,935 INFO  - Received CAM message from veh_147 (at simulation time 499.500,900,000 s)
2024-06-04 00:13:15,935 INFO  - Received CAM message from veh_186 (at simulation time 499.501,400,000 s)
2024-06-04 00:13:15,935 INFO  - Received CAM message from veh_183 (at simulation time 499.501,400,000 s)
2024-06-04 00:13:15,935 INFO  - Received CAM message from veh_174 (at simulation time 499.501,400,000 s)
2024-06-04 00:13:15,935 INFO  - Received CAM message from veh_156 (at simulation time 499.501,400,000 s)
2024-06-04 00:13:15,935 INFO  - Received CAM message from veh_177 (at simulation time 499.501,900,000 s)
2024-06-04 00:13:15,935 INFO  - Received CAM message from veh_126 (at simulation time 499.502,400,000 s)
2024-06-04 00:13:15,935 INFO  - Atempting to process queue (at simulation time 499.600,000,000 s)
2024-06-04 00:13:15,935 INFO  - Vehicle is outside the detection area. (at simulation time 499.600,000,000 s)
2024-06-04 00:13:15,935 INFO  - Sent broadcast CAM message to all vehicles (at simulation time 499.600,000,000 s)
2024-06-04 00:13:15,936 INFO  - Received CAM message from veh_183 (at simulation time 499.600,400,000 s)
2024-06-04 00:13:15,936 INFO  - Received CAM message from veh_156 (at simulation time 499.600,400,000 s)
2024-06-04 00:13:15,936 INFO  - Received CAM message from veh_174 (at simulation time 499.600,900,000 s)
2024-06-04 00:13:15,936 INFO  - Received CAM message from veh_144 (at simulation time 499.600,900,000 s)
2024-06-04 00:13:15,937 INFO  - Received CAM message from veh_135 (at simulation time 499.601,400,000 s)
2024-06-04 00:13:15,937 INFO  - Received CAM message from veh_186 (at simulation time 499.601,900,000 s)
2024-06-04 00:13:15,937 INFO  - Received CAM message from veh_177 (at simulation time 499.601,900,000 s)
2024-06-04 00:13:15,937 INFO  - Received CAM message from veh_126 (at simulation time 499.601,900,000 s)
2024-06-04 00:13:15,937 INFO  - Received CAM message from veh_192 (at simulation time 499.602,400,000 s)
2024-06-04 00:13:15,937 INFO  - Received CAM message from veh_147 (at simulation time 499.602,400,000 s)
2024-06-04 00:13:15,937 INFO  - Atempting to process queue (at simulation time 499.700,000,000 s)
2024-06-04 00:13:15,937 INFO  - Vehicle is outside the detection area. (at simulation time 499.700,000,000 s)
2024-06-04 00:13:15,937 INFO  - Sent broadcast CAM message to all vehicles (at simulation time 499.700,000,000 s)
2024-06-04 00:13:15,938 INFO  - Received CAM message from veh_156 (at simulation time 499.700,400,000 s)
2024-06-04 00:13:15,938 INFO  - Received CAM message from veh_135 (at simulation time 499.700,400,000 s)
2024-06-04 00:13:15,938 INFO  - Received CAM message from veh_183 (at simulation time 499.701,400,000 s)
2024-06-04 00:13:15,938 INFO  - Received CAM message from veh_144 (at simulation time 499.701,400,000 s)
2024-06-04 00:13:15,938 INFO  - Received CAM message from veh_126 (at simulation time 499.701,400,000 s)
2024-06-04 00:13:15,939 INFO  - Received CAM message from veh_177 (at simulation time 499.701,900,000 s)
2024-06-04 00:13:15,939 INFO  - Received CAM message from veh_174 (at simulation time 499.701,900,000 s)
2024-06-04 00:13:15,939 INFO  - Received CAM message from veh_147 (at simulation time 499.701,900,000 s)
2024-06-04 00:13:15,939 INFO  - Received CAM message from veh_192 (at simulation time 499.702,400,000 s)
2024-06-04 00:13:15,939 INFO  - Received CAM message from veh_186 (at simulation time 499.702,400,000 s)
2024-06-04 00:13:15,939 INFO  - Atempting to process queue (at simulation time 499.800,000,000 s)
2024-06-04 00:13:15,939 INFO  - Vehicle is outside the detection area. (at simulation time 499.800,000,000 s)
2024-06-04 00:13:15,939 INFO  - Sent broadcast CAM message to all vehicles (at simulation time 499.800,000,000 s)
2024-06-04 00:13:15,940 INFO  - Received CAM message from veh_192 (at simulation time 499.800,400,000 s)
2024-06-04 00:13:15,940 INFO  - Received CAM message from veh_177 (at simulation time 499.800,400,000 s)
2024-06-04 00:13:15,940 INFO  - Received CAM message from veh_147 (at simulation time 499.800,400,000 s)
2024-06-04 00:13:15,940 INFO  - Received CAM message from veh_174 (at simulation time 499.800,900,000 s)
2024-06-04 00:13:15,940 INFO  - Received CAM message from veh_135 (at simulation time 499.800,900,000 s)
2024-06-04 00:13:15,940 INFO  - Received CAM message from veh_126 (at simulation time 499.800,900,000 s)
2024-06-04 00:13:15,940 INFO  - Received CAM message from veh_144 (at simulation time 499.801,400,000 s)
2024-06-04 00:13:15,941 INFO  - Received CAM message from veh_156 (at simulation time 499.801,900,000 s)
2024-06-04 00:13:15,941 INFO  - Received CAM message from veh_186 (at simulation time 499.802,400,000 s)
2024-06-04 00:13:15,941 INFO  - Received CAM message from veh_183 (at simulation time 499.802,400,000 s)
2024-06-04 00:13:15,941 INFO  - Atempting to process queue (at simulation time 499.900,000,000 s)
2024-06-04 00:13:15,941 INFO  - Vehicle is outside the detection area. (at simulation time 499.900,000,000 s)
2024-06-04 00:13:15,941 INFO  - Sent broadcast CAM message to all vehicles (at simulation time 499.900,000,000 s)
2024-06-04 00:13:15,942 INFO  - Received CAM message from veh_192 (at simulation time 499.900,400,000 s)
2024-06-04 00:13:15,942 INFO  - Received CAM message from veh_144 (at simulation time 499.900,400,000 s)
2024-06-04 00:13:15,942 INFO  - Received CAM message from veh_135 (at simulation time 499.900,400,000 s)
2024-06-04 00:13:15,943 INFO  - Received CAM message from veh_156 (at simulation time 499.900,900,000 s)
2024-06-04 00:13:15,943 INFO  - Received CAM message from veh_126 (at simulation time 499.900,900,000 s)
2024-06-04 00:13:15,943 INFO  - Received CAM message from veh_183 (at simulation time 499.901,400,000 s)
2024-06-04 00:13:15,943 INFO  - Received CAM message from veh_177 (at simulation time 499.901,400,000 s)
2024-06-04 00:13:15,943 INFO  - Received CAM message from veh_186 (at simulation time 499.901,900,000 s)
2024-06-04 00:13:15,943 INFO  - Received CAM message from veh_174 (at simulation time 499.901,900,000 s)
2024-06-04 00:13:15,944 INFO  - Received CAM message from veh_147 (at simulation time 499.902,400,000 s)
2024-06-04 00:13:15,949 INFO  - Atempting to process queue (at simulation time 500.000,000,000 s)
2024-06-04 00:13:15,949 INFO  - Vehicle is outside the detection area. (at simulation time 500.000,000,000 s)
2024-06-04 00:13:15,949 INFO  - Sent broadcast CAM message to all vehicles (at simulation time 500.000,000,000 s)
2024-06-04 00:13:15,950 INFO  - Shutdown application (at simulation time 500.000,000,000 s)
