2024-06-04 00:13:05,899 INFO  - Initialize application (at simulation time 133.000,000,000 s)
2024-06-04 00:13:05,900 INFO  - Activated WLAN Module (at simulation time 133.000,000,000 s)
2024-06-04 00:13:05,900 INFO  - Vehicle is outside the detection area. (at simulation time 133.000,000,000 s)
2024-06-04 00:13:05,900 INFO  - Sent broadcast CAM message to all vehicles (at simulation time 133.000,000,000 s)
2024-06-04 00:13:05,905 INFO  - Vehicle is outside the detection area. (at simulation time 133.100,000,000 s)
2024-06-04 00:13:05,905 INFO  - Sent broadcast CAM message to all vehicles (at simulation time 133.100,000,000 s)
2024-06-04 00:13:05,908 INFO  - Vehicle is outside the detection area. (at simulation time 133.200,000,000 s)
2024-06-04 00:13:05,908 INFO  - Sent broadcast CAM message to all vehicles (at simulation time 133.200,000,000 s)
2024-06-04 00:13:05,910 INFO  - Vehicle is outside the detection area. (at simulation time 133.300,000,000 s)
2024-06-04 00:13:05,910 INFO  - Sent broadcast CAM message to all vehicles (at simulation time 133.300,000,000 s)
2024-06-04 00:13:05,913 INFO  - Vehicle is outside the detection area. (at simulation time 133.400,000,000 s)
2024-06-04 00:13:05,913 INFO  - Sent broadcast CAM message to all vehicles (at simulation time 133.400,000,000 s)
2024-06-04 00:13:05,915 INFO  - Vehicle is outside the detection area. (at simulation time 133.500,000,000 s)
2024-06-04 00:13:05,915 INFO  - Sent broadcast CAM message to all vehicles (at simulation time 133.500,000,000 s)
2024-06-04 00:13:05,918 INFO  - Vehicle is outside the detection area. (at simulation time 133.600,000,000 s)
2024-06-04 00:13:05,918 INFO  - Sent broadcast CAM message to all vehicles (at simulation time 133.600,000,000 s)
2024-06-04 00:13:05,920 INFO  - Vehicle is outside the detection area. (at simulation time 133.700,000,000 s)
2024-06-04 00:13:05,920 INFO  - Sent broadcast CAM message to all vehicles (at simulation time 133.700,000,000 s)
2024-06-04 00:13:05,922 INFO  - Vehicle is outside the detection area. (at simulation time 133.800,000,000 s)
2024-06-04 00:13:05,922 INFO  - Sent broadcast CAM message to all vehicles (at simulation time 133.800,000,000 s)
2024-06-04 00:13:05,924 INFO  - Vehicle is outside the detection area. (at simulation time 133.900,000,000 s)
2024-06-04 00:13:05,924 INFO  - Sent broadcast CAM message to all vehicles (at simulation time 133.900,000,000 s)
2024-06-04 00:13:06,030 INFO  - Vehicle is outside the detection area. (at simulation time 134.000,000,000 s)
2024-06-04 00:13:06,030 INFO  - Sent broadcast CAM message to all vehicles (at simulation time 134.000,000,000 s)
2024-06-04 00:13:06,033 INFO  - Vehicle is outside the detection area. (at simulation time 134.100,000,000 s)
2024-06-04 00:13:06,033 INFO  - Sent broadcast CAM message to all vehicles (at simulation time 134.100,000,000 s)
2024-06-04 00:13:06,035 INFO  - Vehicle is outside the detection area. (at simulation time 134.200,000,000 s)
2024-06-04 00:13:06,035 INFO  - Sent broadcast CAM message to all vehicles (at simulation time 134.200,000,000 s)
2024-06-04 00:13:06,037 INFO  - Vehicle is outside the detection area. (at simulation time 134.300,000,000 s)
2024-06-04 00:13:06,037 INFO  - Sent broadcast CAM message to all vehicles (at simulation time 134.300,000,000 s)
2024-06-04 00:13:06,039 INFO  - Vehicle is outside the detection area. (at simulation time 134.400,000,000 s)
2024-06-04 00:13:06,039 INFO  - Sent broadcast CAM message to all vehicles (at simulation time 134.400,000,000 s)
2024-06-04 00:13:06,040 INFO  - Vehicle is outside the detection area. (at simulation time 134.500,000,000 s)
2024-06-04 00:13:06,040 INFO  - Sent broadcast CAM message to all vehicles (at simulation time 134.500,000,000 s)
2024-06-04 00:13:06,042 INFO  - Vehicle is outside the detection area. (at simulation time 134.600,000,000 s)
2024-06-04 00:13:06,042 INFO  - Sent broadcast CAM message to all vehicles (at simulation time 134.600,000,000 s)
2024-06-04 00:13:06,043 INFO  - Vehicle is outside the detection area. (at simulation time 134.700,000,000 s)
2024-06-04 00:13:06,043 INFO  - Sent broadcast CAM message to all vehicles (at simulation time 134.700,000,000 s)
2024-06-04 00:13:06,045 INFO  - Vehicle is outside the detection area. (at simulation time 134.800,000,000 s)
2024-06-04 00:13:06,045 INFO  - Sent broadcast CAM message to all vehicles (at simulation time 134.800,000,000 s)
2024-06-04 00:13:06,046 INFO  - Vehicle is outside the detection area. (at simulation time 134.900,000,000 s)
2024-06-04 00:13:06,046 INFO  - Sent broadcast CAM message to all vehicles (at simulation time 134.900,000,000 s)
2024-06-04 00:13:06,052 INFO  - Vehicle is inside the detection area. (at simulation time 135.000,000,000 s)
2024-06-04 00:13:06,052 INFO  - Vehicle is too far away from the traffic light. (at simulation time 135.000,000,000 s)
2024-06-04 00:13:06,052 INFO  - No vehicles in range. (at simulation time 135.000,000,000 s)
2024-06-04 00:13:06,052 INFO  - Neither the RSU nor any vehicle is in range. (at simulation time 135.000,000,000 s)
2024-06-04 00:13:06,052 INFO  - Sent broadcast CAM message to all vehicles (at simulation time 135.000,000,000 s)
2024-06-04 00:13:06,055 INFO  - Vehicle is inside the detection area. (at simulation time 135.100,000,000 s)
2024-06-04 00:13:06,055 INFO  - Vehicle is too far away from the traffic light. (at simulation time 135.100,000,000 s)
2024-06-04 00:13:06,055 INFO  - No vehicles in range. (at simulation time 135.100,000,000 s)
2024-06-04 00:13:06,055 INFO  - Neither the RSU nor any vehicle is in range. (at simulation time 135.100,000,000 s)
2024-06-04 00:13:06,055 INFO  - Sent broadcast CAM message to all vehicles (at simulation time 135.100,000,000 s)
2024-06-04 00:13:06,058 INFO  - Vehicle is inside the detection area. (at simulation time 135.200,000,000 s)
2024-06-04 00:13:06,058 INFO  - Vehicle is too far away from the traffic light. (at simulation time 135.200,000,000 s)
2024-06-04 00:13:06,058 INFO  - No vehicles in range. (at simulation time 135.200,000,000 s)
2024-06-04 00:13:06,058 INFO  - Neither the RSU nor any vehicle is in range. (at simulation time 135.200,000,000 s)
2024-06-04 00:13:06,058 INFO  - Sent broadcast CAM message to all vehicles (at simulation time 135.200,000,000 s)
2024-06-04 00:13:06,059 INFO  - Vehicle is inside the detection area. (at simulation time 135.300,000,000 s)
2024-06-04 00:13:06,059 INFO  - Vehicle is too far away from the traffic light. (at simulation time 135.300,000,000 s)
2024-06-04 00:13:06,059 INFO  - No vehicles in range. (at simulation time 135.300,000,000 s)
2024-06-04 00:13:06,059 INFO  - Neither the RSU nor any vehicle is in range. (at simulation time 135.300,000,000 s)
2024-06-04 00:13:06,059 INFO  - Sent broadcast CAM message to all vehicles (at simulation time 135.300,000,000 s)
2024-06-04 00:13:06,061 INFO  - Vehicle is inside the detection area. (at simulation time 135.400,000,000 s)
2024-06-04 00:13:06,061 INFO  - Vehicle is too far away from the traffic light. (at simulation time 135.400,000,000 s)
2024-06-04 00:13:06,061 INFO  - No vehicles in range. (at simulation time 135.400,000,000 s)
2024-06-04 00:13:06,061 INFO  - Neither the RSU nor any vehicle is in range. (at simulation time 135.400,000,000 s)
2024-06-04 00:13:06,061 INFO  - Sent broadcast CAM message to all vehicles (at simulation time 135.400,000,000 s)
2024-06-04 00:13:06,062 INFO  - Vehicle is inside the detection area. (at simulation time 135.500,000,000 s)
2024-06-04 00:13:06,062 INFO  - Vehicle is too far away from the traffic light. (at simulation time 135.500,000,000 s)
2024-06-04 00:13:06,062 INFO  - No vehicles in range. (at simulation time 135.500,000,000 s)
2024-06-04 00:13:06,062 INFO  - Neither the RSU nor any vehicle is in range. (at simulation time 135.500,000,000 s)
2024-06-04 00:13:06,062 INFO  - Sent broadcast CAM message to all vehicles (at simulation time 135.500,000,000 s)
2024-06-04 00:13:06,064 INFO  - Vehicle is inside the detection area. (at simulation time 135.600,000,000 s)
2024-06-04 00:13:06,064 INFO  - Vehicle is too far away from the traffic light. (at simulation time 135.600,000,000 s)
2024-06-04 00:13:06,064 INFO  - No vehicles in range. (at simulation time 135.600,000,000 s)
2024-06-04 00:13:06,064 INFO  - Neither the RSU nor any vehicle is in range. (at simulation time 135.600,000,000 s)
2024-06-04 00:13:06,064 INFO  - Sent broadcast CAM message to all vehicles (at simulation time 135.600,000,000 s)
2024-06-04 00:13:06,065 INFO  - Vehicle is inside the detection area. (at simulation time 135.700,000,000 s)
2024-06-04 00:13:06,065 INFO  - Vehicle is too far away from the traffic light. (at simulation time 135.700,000,000 s)
2024-06-04 00:13:06,065 INFO  - No vehicles in range. (at simulation time 135.700,000,000 s)
2024-06-04 00:13:06,065 INFO  - Neither the RSU nor any vehicle is in range. (at simulation time 135.700,000,000 s)
2024-06-04 00:13:06,065 INFO  - Sent broadcast CAM message to all vehicles (at simulation time 135.700,000,000 s)
2024-06-04 00:13:06,068 INFO  - Vehicle is inside the detection area. (at simulation time 135.800,000,000 s)
2024-06-04 00:13:06,068 INFO  - Vehicle is too far away from the traffic light. (at simulation time 135.800,000,000 s)
2024-06-04 00:13:06,068 INFO  - No vehicles in range. (at simulation time 135.800,000,000 s)
2024-06-04 00:13:06,068 INFO  - Neither the RSU nor any vehicle is in range. (at simulation time 135.800,000,000 s)
2024-06-04 00:13:06,068 INFO  - Sent broadcast CAM message to all vehicles (at simulation time 135.800,000,000 s)
2024-06-04 00:13:06,070 INFO  - Vehicle is inside the detection area. (at simulation time 135.900,000,000 s)
2024-06-04 00:13:06,070 INFO  - Vehicle is too far away from the traffic light. (at simulation time 135.900,000,000 s)
2024-06-04 00:13:06,070 INFO  - No vehicles in range. (at simulation time 135.900,000,000 s)
2024-06-04 00:13:06,070 INFO  - Neither the RSU nor any vehicle is in range. (at simulation time 135.900,000,000 s)
2024-06-04 00:13:06,070 INFO  - Sent broadcast CAM message to all vehicles (at simulation time 135.900,000,000 s)
2024-06-04 00:13:06,074 INFO  - Vehicle is inside the detection area. (at simulation time 136.000,000,000 s)
2024-06-04 00:13:06,074 INFO  - Vehicle is too far away from the traffic light. (at simulation time 136.000,000,000 s)
2024-06-04 00:13:06,074 INFO  - No vehicles in range. (at simulation time 136.000,000,000 s)
2024-06-04 00:13:06,074 INFO  - Neither the RSU nor any vehicle is in range. (at simulation time 136.000,000,000 s)
2024-06-04 00:13:06,074 INFO  - Sent broadcast CAM message to all vehicles (at simulation time 136.000,000,000 s)
2024-06-04 00:13:06,076 INFO  - Vehicle is inside the detection area. (at simulation time 136.100,000,000 s)
2024-06-04 00:13:06,076 INFO  - Vehicle is too far away from the traffic light. (at simulation time 136.100,000,000 s)
2024-06-04 00:13:06,076 INFO  - No vehicles in range. (at simulation time 136.100,000,000 s)
2024-06-04 00:13:06,076 INFO  - Neither the RSU nor any vehicle is in range. (at simulation time 136.100,000,000 s)
2024-06-04 00:13:06,076 INFO  - Sent broadcast CAM message to all vehicles (at simulation time 136.100,000,000 s)
2024-06-04 00:13:06,077 INFO  - Vehicle is inside the detection area. (at simulation time 136.200,000,000 s)
2024-06-04 00:13:06,077 INFO  - Vehicle is too far away from the traffic light. (at simulation time 136.200,000,000 s)
2024-06-04 00:13:06,077 INFO  - No vehicles in range. (at simulation time 136.200,000,000 s)
2024-06-04 00:13:06,077 INFO  - Neither the RSU nor any vehicle is in range. (at simulation time 136.200,000,000 s)
2024-06-04 00:13:06,077 INFO  - Sent broadcast CAM message to all vehicles (at simulation time 136.200,000,000 s)
2024-06-04 00:13:06,079 INFO  - Vehicle is inside the detection area. (at simulation time 136.300,000,000 s)
2024-06-04 00:13:06,079 INFO  - Vehicle is too far away from the traffic light. (at simulation time 136.300,000,000 s)
2024-06-04 00:13:06,079 INFO  - No vehicles in range. (at simulation time 136.300,000,000 s)
2024-06-04 00:13:06,079 INFO  - Neither the RSU nor any vehicle is in range. (at simulation time 136.300,000,000 s)
2024-06-04 00:13:06,079 INFO  - Sent broadcast CAM message to all vehicles (at simulation time 136.300,000,000 s)
2024-06-04 00:13:06,080 INFO  - Vehicle is inside the detection area. (at simulation time 136.400,000,000 s)
2024-06-04 00:13:06,080 INFO  - Vehicle is too far away from the traffic light. (at simulation time 136.400,000,000 s)
2024-06-04 00:13:06,080 INFO  - No vehicles in range. (at simulation time 136.400,000,000 s)
2024-06-04 00:13:06,080 INFO  - Neither the RSU nor any vehicle is in range. (at simulation time 136.400,000,000 s)
2024-06-04 00:13:06,080 INFO  - Sent broadcast CAM message to all vehicles (at simulation time 136.400,000,000 s)
2024-06-04 00:13:06,082 INFO  - Vehicle is inside the detection area. (at simulation time 136.500,000,000 s)
2024-06-04 00:13:06,082 INFO  - Vehicle is too far away from the traffic light. (at simulation time 136.500,000,000 s)
2024-06-04 00:13:06,082 INFO  - No vehicles in range. (at simulation time 136.500,000,000 s)
2024-06-04 00:13:06,082 INFO  - Neither the RSU nor any vehicle is in range. (at simulation time 136.500,000,000 s)
2024-06-04 00:13:06,082 INFO  - Sent broadcast CAM message to all vehicles (at simulation time 136.500,000,000 s)
2024-06-04 00:13:06,084 INFO  - Vehicle is inside the detection area. (at simulation time 136.600,000,000 s)
2024-06-04 00:13:06,084 INFO  - Vehicle is too far away from the traffic light. (at simulation time 136.600,000,000 s)
2024-06-04 00:13:06,084 INFO  - No vehicles in range. (at simulation time 136.600,000,000 s)
2024-06-04 00:13:06,084 INFO  - Neither the RSU nor any vehicle is in range. (at simulation time 136.600,000,000 s)
2024-06-04 00:13:06,084 INFO  - Sent broadcast CAM message to all vehicles (at simulation time 136.600,000,000 s)
2024-06-04 00:13:06,086 INFO  - Vehicle is inside the detection area. (at simulation time 136.700,000,000 s)
2024-06-04 00:13:06,086 INFO  - Vehicle is too far away from the traffic light. (at simulation time 136.700,000,000 s)
2024-06-04 00:13:06,086 INFO  - No vehicles in range. (at simulation time 136.700,000,000 s)
2024-06-04 00:13:06,086 INFO  - Neither the RSU nor any vehicle is in range. (at simulation time 136.700,000,000 s)
2024-06-04 00:13:06,086 INFO  - Sent broadcast CAM message to all vehicles (at simulation time 136.700,000,000 s)
2024-06-04 00:13:06,087 INFO  - Vehicle is inside the detection area. (at simulation time 136.800,000,000 s)
2024-06-04 00:13:06,087 INFO  - Vehicle is too far away from the traffic light. (at simulation time 136.800,000,000 s)
2024-06-04 00:13:06,087 INFO  - No vehicles in range. (at simulation time 136.800,000,000 s)
2024-06-04 00:13:06,087 INFO  - Neither the RSU nor any vehicle is in range. (at simulation time 136.800,000,000 s)
2024-06-04 00:13:06,087 INFO  - Sent broadcast CAM message to all vehicles (at simulation time 136.800,000,000 s)
2024-06-04 00:13:06,089 INFO  - Vehicle is inside the detection area. (at simulation time 136.900,000,000 s)
2024-06-04 00:13:06,089 INFO  - Vehicle is too far away from the traffic light. (at simulation time 136.900,000,000 s)
2024-06-04 00:13:06,089 INFO  - No vehicles in range. (at simulation time 136.900,000,000 s)
2024-06-04 00:13:06,089 INFO  - Neither the RSU nor any vehicle is in range. (at simulation time 136.900,000,000 s)
2024-06-04 00:13:06,089 INFO  - Sent broadcast CAM message to all vehicles (at simulation time 136.900,000,000 s)
2024-06-04 00:13:06,094 INFO  - Atempting to process queue (at simulation time 137.000,000,000 s)
2024-06-04 00:13:06,094 INFO  - Vehicle is inside the detection area. (at simulation time 137.000,000,000 s)
2024-06-04 00:13:06,094 INFO  - Sent Detection message to rsu_0 (at simulation time 137.000,000,000 s)
2024-06-04 00:13:06,094 INFO  - Sent broadcast CAM message to all vehicles (at simulation time 137.000,000,000 s)
2024-06-04 00:13:06,095 INFO  - Received CAM message from veh_38 (at simulation time 137.000,400,000 s)
2024-06-04 00:13:06,095 INFO  - Received CAM message from veh_34 (at simulation time 137.000,400,000 s)
2024-06-04 00:13:06,095 INFO  - Received CAM message from veh_30 (at simulation time 137.000,900,000 s)
2024-06-04 00:13:06,096 INFO  - Received CAM message from veh_26 (at simulation time 137.002,400,000 s)
2024-06-04 00:13:06,096 INFO  - Atempting to process queue (at simulation time 137.100,000,000 s)
2024-06-04 00:13:06,096 INFO  - Vehicle is inside the detection area. (at simulation time 137.100,000,000 s)
2024-06-04 00:13:06,096 INFO  - Sent Detection message to rsu_0 (at simulation time 137.100,000,000 s)
2024-06-04 00:13:06,096 INFO  - Sent broadcast CAM message to all vehicles (at simulation time 137.100,000,000 s)
2024-06-04 00:13:06,096 INFO  - Received CAM message from veh_30 (at simulation time 137.100,400,000 s)
2024-06-04 00:13:06,096 INFO  - Received CAM message from veh_26 (at simulation time 137.100,400,000 s)
2024-06-04 00:13:06,097 INFO  - Received CAM message from veh_34 (at simulation time 137.100,900,000 s)
2024-06-04 00:13:06,097 INFO  - Received CAM message from veh_38 (at simulation time 137.101,400,000 s)
2024-06-04 00:13:06,097 INFO  - Atempting to process queue (at simulation time 137.200,000,000 s)
2024-06-04 00:13:06,097 INFO  - Vehicle is inside the detection area. (at simulation time 137.200,000,000 s)
2024-06-04 00:13:06,097 INFO  - Sent Detection message to rsu_0 (at simulation time 137.200,000,000 s)
2024-06-04 00:13:06,097 INFO  - Sent broadcast CAM message to all vehicles (at simulation time 137.200,000,000 s)
2024-06-04 00:13:06,098 INFO  - Received CAM message from veh_38 (at simulation time 137.200,400,000 s)
2024-06-04 00:13:06,098 INFO  - Received CAM message from veh_30 (at simulation time 137.200,900,000 s)
2024-06-04 00:13:06,099 INFO  - Received CAM message from veh_34 (at simulation time 137.201,400,000 s)
2024-06-04 00:13:06,099 INFO  - Received CAM message from veh_26 (at simulation time 137.202,400,000 s)
2024-06-04 00:13:06,099 INFO  - Atempting to process queue (at simulation time 137.300,000,000 s)
2024-06-04 00:13:06,099 INFO  - Vehicle is inside the detection area. (at simulation time 137.300,000,000 s)
2024-06-04 00:13:06,099 INFO  - Sent Detection message to rsu_0 (at simulation time 137.300,000,000 s)
2024-06-04 00:13:06,099 INFO  - Sent broadcast CAM message to all vehicles (at simulation time 137.300,000,000 s)
2024-06-04 00:13:06,100 INFO  - Received CAM message from veh_26 (at simulation time 137.300,400,000 s)
2024-06-04 00:13:06,100 INFO  - Received CAM message from veh_34 (at simulation time 137.301,400,000 s)
2024-06-04 00:13:06,100 INFO  - Received CAM message from veh_38 (at simulation time 137.302,400,000 s)
2024-06-04 00:13:06,100 INFO  - Received CAM message from veh_30 (at simulation time 137.302,400,000 s)
2024-06-04 00:13:06,100 INFO  - Atempting to process queue (at simulation time 137.400,000,000 s)
2024-06-04 00:13:06,100 INFO  - Vehicle is inside the detection area. (at simulation time 137.400,000,000 s)
2024-06-04 00:13:06,100 INFO  - Sent Detection message to rsu_0 (at simulation time 137.400,000,000 s)
2024-06-04 00:13:06,100 INFO  - Sent broadcast CAM message to all vehicles (at simulation time 137.400,000,000 s)
2024-06-04 00:13:06,101 INFO  - Received CAM message from veh_30 (at simulation time 137.400,400,000 s)
2024-06-04 00:13:06,102 INFO  - Received CAM message from veh_38 (at simulation time 137.401,900,000 s)
2024-06-04 00:13:06,102 INFO  - Received CAM message from veh_26 (at simulation time 137.401,900,000 s)
2024-06-04 00:13:06,102 INFO  - Received CAM message from veh_34 (at simulation time 137.402,400,000 s)
2024-06-04 00:13:06,102 INFO  - Atempting to process queue (at simulation time 137.500,000,000 s)
2024-06-04 00:13:06,102 INFO  - Vehicle is inside the detection area. (at simulation time 137.500,000,000 s)
2024-06-04 00:13:06,102 INFO  - Sent Detection message to rsu_0 (at simulation time 137.500,000,000 s)
2024-06-04 00:13:06,102 INFO  - Sent broadcast CAM message to all vehicles (at simulation time 137.500,000,000 s)
2024-06-04 00:13:06,109 INFO  - Received CAM message from veh_38 (at simulation time 137.500,900,000 s)
2024-06-04 00:13:06,109 INFO  - Received CAM message from veh_34 (at simulation time 137.501,900,000 s)
2024-06-04 00:13:06,109 INFO  - Received CAM message from veh_30 (at simulation time 137.501,900,000 s)
2024-06-04 00:13:06,109 INFO  - Received CAM message from veh_26 (at simulation time 137.501,900,000 s)
2024-06-04 00:13:06,109 INFO  - Atempting to process queue (at simulation time 137.600,000,000 s)
2024-06-04 00:13:06,109 INFO  - Vehicle is inside the detection area. (at simulation time 137.600,000,000 s)
2024-06-04 00:13:06,109 INFO  - Sent Detection message to rsu_0 (at simulation time 137.600,000,000 s)
2024-06-04 00:13:06,109 INFO  - Sent broadcast CAM message to all vehicles (at simulation time 137.600,000,000 s)
2024-06-04 00:13:06,110 INFO  - Received CAM message from veh_26 (at simulation time 137.600,400,000 s)
2024-06-04 00:13:06,110 INFO  - Received CAM message from veh_38 (at simulation time 137.600,900,000 s)
2024-06-04 00:13:06,110 INFO  - Received CAM message from veh_30 (at simulation time 137.600,900,000 s)
2024-06-04 00:13:06,110 INFO  - Received CAM message from veh_34 (at simulation time 137.601,900,000 s)
2024-06-04 00:13:06,110 INFO  - Atempting to process queue (at simulation time 137.700,000,000 s)
2024-06-04 00:13:06,110 INFO  - Vehicle is inside the detection area. (at simulation time 137.700,000,000 s)
2024-06-04 00:13:06,110 INFO  - Sent Detection message to rsu_0 (at simulation time 137.700,000,000 s)
2024-06-04 00:13:06,111 INFO  - Sent broadcast CAM message to all vehicles (at simulation time 137.700,000,000 s)
2024-06-04 00:13:06,111 INFO  - Received CAM message from veh_34 (at simulation time 137.700,900,000 s)
2024-06-04 00:13:06,111 INFO  - Received CAM message from veh_30 (at simulation time 137.700,900,000 s)
2024-06-04 00:13:06,111 INFO  - Received CAM message from veh_38 (at simulation time 137.701,400,000 s)
2024-06-04 00:13:06,112 INFO  - Received CAM message from veh_26 (at simulation time 137.702,400,000 s)
2024-06-04 00:13:06,112 INFO  - Atempting to process queue (at simulation time 137.800,000,000 s)
2024-06-04 00:13:06,112 INFO  - Vehicle is inside the detection area. (at simulation time 137.800,000,000 s)
2024-06-04 00:13:06,112 INFO  - Sent Detection message to rsu_0 (at simulation time 137.800,000,000 s)
2024-06-04 00:13:06,112 INFO  - Sent broadcast CAM message to all vehicles (at simulation time 137.800,000,000 s)
2024-06-04 00:13:06,112 INFO  - Received CAM message from veh_34 (at simulation time 137.800,400,000 s)
2024-06-04 00:13:06,113 INFO  - Received CAM message from veh_38 (at simulation time 137.801,400,000 s)
2024-06-04 00:13:06,113 INFO  - Received CAM message from veh_30 (at simulation time 137.801,400,000 s)
2024-06-04 00:13:06,113 INFO  - Received CAM message from veh_26 (at simulation time 137.801,900,000 s)
2024-06-04 00:13:06,113 INFO  - Atempting to process queue (at simulation time 137.900,000,000 s)
2024-06-04 00:13:06,113 INFO  - Vehicle is inside the detection area. (at simulation time 137.900,000,000 s)
2024-06-04 00:13:06,113 INFO  - Sent Detection message to rsu_0 (at simulation time 137.900,000,000 s)
2024-06-04 00:13:06,113 INFO  - Sent broadcast CAM message to all vehicles (at simulation time 137.900,000,000 s)
2024-06-04 00:13:06,114 INFO  - Received CAM message from veh_38 (at simulation time 137.900,900,000 s)
2024-06-04 00:13:06,114 INFO  - Received CAM message from veh_30 (at simulation time 137.900,900,000 s)
2024-06-04 00:13:06,114 INFO  - Received CAM message from veh_26 (at simulation time 137.901,400,000 s)
2024-06-04 00:13:06,114 INFO  - Received CAM message from veh_34 (at simulation time 137.901,900,000 s)
2024-06-04 00:13:06,118 INFO  - Atempting to process queue (at simulation time 138.000,000,000 s)
2024-06-04 00:13:06,118 INFO  - Vehicle is inside the detection area. (at simulation time 138.000,000,000 s)
2024-06-04 00:13:06,118 INFO  - Sent Detection message to rsu_0 (at simulation time 138.000,000,000 s)
2024-06-04 00:13:06,118 INFO  - Sent broadcast CAM message to all vehicles (at simulation time 138.000,000,000 s)
2024-06-04 00:13:06,120 INFO  - Received CAM message from veh_38 (at simulation time 138.000,400,000 s)
2024-06-04 00:13:06,120 INFO  - Received CAM message from veh_46 (at simulation time 138.001,400,000 s)
2024-06-04 00:13:06,120 INFO  - Received CAM message from veh_26 (at simulation time 138.001,400,000 s)
2024-06-04 00:13:06,120 INFO  - Received CAM message from veh_42 (at simulation time 138.001,900,000 s)
2024-06-04 00:13:06,120 INFO  - Received CAM message from veh_34 (at simulation time 138.001,900,000 s)
2024-06-04 00:13:06,120 INFO  - Received CAM message from veh_30 (at simulation time 138.001,900,000 s)
2024-06-04 00:13:06,121 INFO  - Atempting to process queue (at simulation time 138.100,000,000 s)
2024-06-04 00:13:06,121 INFO  - Vehicle is inside the detection area. (at simulation time 138.100,000,000 s)
2024-06-04 00:13:06,121 INFO  - Sent Detection message to rsu_0 (at simulation time 138.100,000,000 s)
2024-06-04 00:13:06,121 INFO  - Sent broadcast CAM message to all vehicles (at simulation time 138.100,000,000 s)
2024-06-04 00:13:06,122 INFO  - Received CAM message from veh_42 (at simulation time 138.100,900,000 s)
2024-06-04 00:13:06,122 INFO  - Received CAM message from veh_34 (at simulation time 138.100,900,000 s)
2024-06-04 00:13:06,122 INFO  - Received CAM message from veh_30 (at simulation time 138.100,900,000 s)
2024-06-04 00:13:06,122 INFO  - Received CAM message from veh_26 (at simulation time 138.101,900,000 s)
2024-06-04 00:13:06,122 INFO  - Received CAM message from veh_46 (at simulation time 138.102,400,000 s)
2024-06-04 00:13:06,122 INFO  - Received CAM message from veh_38 (at simulation time 138.102,400,000 s)
2024-06-04 00:13:06,122 INFO  - Atempting to process queue (at simulation time 138.200,000,000 s)
2024-06-04 00:13:06,122 INFO  - Vehicle is inside the detection area. (at simulation time 138.200,000,000 s)
2024-06-04 00:13:06,122 INFO  - Sent Detection message to rsu_0 (at simulation time 138.200,000,000 s)
2024-06-04 00:13:06,122 INFO  - Sent broadcast CAM message to all vehicles (at simulation time 138.200,000,000 s)
2024-06-04 00:13:06,123 INFO  - Received CAM message from veh_34 (at simulation time 138.200,400,000 s)
2024-06-04 00:13:06,123 INFO  - Received CAM message from veh_42 (at simulation time 138.200,900,000 s)
2024-06-04 00:13:06,123 INFO  - Received CAM message from veh_38 (at simulation time 138.200,900,000 s)
2024-06-04 00:13:06,124 INFO  - Received CAM message from veh_30 (at simulation time 138.201,900,000 s)
2024-06-04 00:13:06,124 INFO  - Received CAM message from veh_46 (at simulation time 138.202,400,000 s)
2024-06-04 00:13:06,124 INFO  - Received CAM message from veh_26 (at simulation time 138.202,400,000 s)
2024-06-04 00:13:06,124 INFO  - Atempting to process queue (at simulation time 138.300,000,000 s)
2024-06-04 00:13:06,124 INFO  - Vehicle is inside the detection area. (at simulation time 138.300,000,000 s)
2024-06-04 00:13:06,124 INFO  - Sent Detection message to rsu_0 (at simulation time 138.300,000,000 s)
2024-06-04 00:13:06,124 INFO  - Sent broadcast CAM message to all vehicles (at simulation time 138.300,000,000 s)
2024-06-04 00:13:06,125 INFO  - Received CAM message from veh_26 (at simulation time 138.300,400,000 s)
2024-06-04 00:13:06,125 INFO  - Received CAM message from veh_30 (at simulation time 138.301,400,000 s)
2024-06-04 00:13:06,125 INFO  - Received CAM message from veh_46 (at simulation time 138.301,900,000 s)
2024-06-04 00:13:06,125 INFO  - Received CAM message from veh_42 (at simulation time 138.301,900,000 s)
2024-06-04 00:13:06,125 INFO  - Received CAM message from veh_38 (at simulation time 138.301,900,000 s)
2024-06-04 00:13:06,125 INFO  - Received CAM message from veh_34 (at simulation time 138.301,900,000 s)
2024-06-04 00:13:06,125 INFO  - Atempting to process queue (at simulation time 138.400,000,000 s)
2024-06-04 00:13:06,125 INFO  - Vehicle is inside the detection area. (at simulation time 138.400,000,000 s)
2024-06-04 00:13:06,125 INFO  - Sent Detection message to rsu_0 (at simulation time 138.400,000,000 s)
2024-06-04 00:13:06,125 INFO  - Sent broadcast CAM message to all vehicles (at simulation time 138.400,000,000 s)
2024-06-04 00:13:06,126 INFO  - Received CAM message from veh_42 (at simulation time 138.400,400,000 s)
2024-06-04 00:13:06,126 INFO  - Received CAM message from veh_30 (at simulation time 138.400,400,000 s)
2024-06-04 00:13:06,126 INFO  - Received CAM message from veh_38 (at simulation time 138.401,400,000 s)
2024-06-04 00:13:06,126 INFO  - Received CAM message from veh_34 (at simulation time 138.401,400,000 s)
2024-06-04 00:13:06,127 INFO  - Received CAM message from veh_46 (at simulation time 138.402,400,000 s)
2024-06-04 00:13:06,127 INFO  - Received CAM message from veh_26 (at simulation time 138.402,400,000 s)
2024-06-04 00:13:06,127 INFO  - Atempting to process queue (at simulation time 138.500,000,000 s)
2024-06-04 00:13:06,127 INFO  - Vehicle is inside the detection area. (at simulation time 138.500,000,000 s)
2024-06-04 00:13:06,127 INFO  - Sent Detection message to rsu_0 (at simulation time 138.500,000,000 s)
2024-06-04 00:13:06,127 INFO  - Sent broadcast CAM message to all vehicles (at simulation time 138.500,000,000 s)
2024-06-04 00:13:06,127 INFO  - Received CAM message from veh_42 (at simulation time 138.500,400,000 s)
2024-06-04 00:13:06,128 INFO  - Received CAM message from veh_46 (at simulation time 138.500,900,000 s)
2024-06-04 00:13:06,128 INFO  - Received CAM message from veh_30 (at simulation time 138.500,900,000 s)
2024-06-04 00:13:06,128 INFO  - Received CAM message from veh_38 (at simulation time 138.501,900,000 s)
2024-06-04 00:13:06,128 INFO  - Received CAM message from veh_34 (at simulation time 138.501,900,000 s)
2024-06-04 00:13:06,128 INFO  - Received CAM message from veh_26 (at simulation time 138.502,400,000 s)
2024-06-04 00:13:06,128 INFO  - Atempting to process queue (at simulation time 138.600,000,000 s)
2024-06-04 00:13:06,128 INFO  - Vehicle is inside the detection area. (at simulation time 138.600,000,000 s)
2024-06-04 00:13:06,128 INFO  - Sent Detection message to rsu_0 (at simulation time 138.600,000,000 s)
2024-06-04 00:13:06,128 INFO  - Sent broadcast CAM message to all vehicles (at simulation time 138.600,000,000 s)
2024-06-04 00:13:06,129 INFO  - Received CAM message from veh_46 (at simulation time 138.600,400,000 s)
2024-06-04 00:13:06,129 INFO  - Received CAM message from veh_38 (at simulation time 138.600,900,000 s)
2024-06-04 00:13:06,129 INFO  - Received CAM message from veh_30 (at simulation time 138.601,400,000 s)
2024-06-04 00:13:06,129 INFO  - Received CAM message from veh_34 (at simulation time 138.601,900,000 s)
2024-06-04 00:13:06,130 INFO  - Received CAM message from veh_42 (at simulation time 138.602,400,000 s)
2024-06-04 00:13:06,130 INFO  - Received CAM message from veh_26 (at simulation time 138.602,400,000 s)
2024-06-04 00:13:06,130 INFO  - Atempting to process queue (at simulation time 138.700,000,000 s)
2024-06-04 00:13:06,130 INFO  - Vehicle is inside the detection area. (at simulation time 138.700,000,000 s)
2024-06-04 00:13:06,130 INFO  - Sent Detection message to rsu_0 (at simulation time 138.700,000,000 s)
2024-06-04 00:13:06,130 INFO  - Sent broadcast CAM message to all vehicles (at simulation time 138.700,000,000 s)
2024-06-04 00:13:06,130 INFO  - Received CAM message from veh_42 (at simulation time 138.700,900,000 s)
2024-06-04 00:13:06,130 INFO  - Received CAM message from veh_38 (at simulation time 138.700,900,000 s)
2024-06-04 00:13:06,131 INFO  - Received CAM message from veh_26 (at simulation time 138.701,900,000 s)
2024-06-04 00:13:06,131 INFO  - Received CAM message from veh_46 (at simulation time 138.702,400,000 s)
2024-06-04 00:13:06,131 INFO  - Received CAM message from veh_34 (at simulation time 138.702,400,000 s)
2024-06-04 00:13:06,131 INFO  - Received CAM message from veh_30 (at simulation time 138.702,400,000 s)
2024-06-04 00:13:06,131 INFO  - Atempting to process queue (at simulation time 138.800,000,000 s)
2024-06-04 00:13:06,131 INFO  - Vehicle is inside the detection area. (at simulation time 138.800,000,000 s)
2024-06-04 00:13:06,131 INFO  - Sent Detection message to rsu_0 (at simulation time 138.800,000,000 s)
2024-06-04 00:13:06,131 INFO  - Sent broadcast CAM message to all vehicles (at simulation time 138.800,000,000 s)
2024-06-04 00:13:06,132 INFO  - Received CAM message from veh_26 (at simulation time 138.800,400,000 s)
2024-06-04 00:13:06,132 INFO  - Received CAM message from veh_42 (at simulation time 138.801,400,000 s)
2024-06-04 00:13:06,132 INFO  - Received CAM message from veh_34 (at simulation time 138.801,400,000 s)
2024-06-04 00:13:06,132 INFO  - Received CAM message from veh_46 (at simulation time 138.801,900,000 s)
2024-06-04 00:13:06,132 INFO  - Received CAM message from veh_38 (at simulation time 138.801,900,000 s)
2024-06-04 00:13:06,133 INFO  - Received CAM message from veh_30 (at simulation time 138.802,400,000 s)
2024-06-04 00:13:06,133 INFO  - Atempting to process queue (at simulation time 138.900,000,000 s)
2024-06-04 00:13:06,133 INFO  - Vehicle is inside the detection area. (at simulation time 138.900,000,000 s)
2024-06-04 00:13:06,133 INFO  - Sent Detection message to rsu_0 (at simulation time 138.900,000,000 s)
2024-06-04 00:13:06,133 INFO  - Sent broadcast CAM message to all vehicles (at simulation time 138.900,000,000 s)
2024-06-04 00:13:06,133 INFO  - Received CAM message from veh_38 (at simulation time 138.900,400,000 s)
2024-06-04 00:13:06,134 INFO  - Received CAM message from veh_42 (at simulation time 138.900,900,000 s)
2024-06-04 00:13:06,134 INFO  - Received CAM message from veh_34 (at simulation time 138.900,900,000 s)
2024-06-04 00:13:06,134 INFO  - Received CAM message from veh_46 (at simulation time 138.901,900,000 s)
2024-06-04 00:13:06,134 INFO  - Received CAM message from veh_30 (at simulation time 138.901,900,000 s)
2024-06-04 00:13:06,134 INFO  - Received CAM message from veh_26 (at simulation time 138.901,900,000 s)
2024-06-04 00:13:06,141 INFO  - Atempting to process queue (at simulation time 139.000,000,000 s)
2024-06-04 00:13:06,141 INFO  - Vehicle is outside the detection area. (at simulation time 139.000,000,000 s)
2024-06-04 00:13:06,141 INFO  - Sent broadcast CAM message to all vehicles (at simulation time 139.000,000,000 s)
2024-06-04 00:13:06,142 INFO  - Received CAM message from veh_42 (at simulation time 139.000,400,000 s)
2024-06-04 00:13:06,143 INFO  - Received CAM message from veh_38 (at simulation time 139.000,900,000 s)
2024-06-04 00:13:06,143 INFO  - Received CAM message from veh_46 (at simulation time 139.001,400,000 s)
2024-06-04 00:13:06,143 INFO  - Received CAM message from veh_34 (at simulation time 139.001,400,000 s)
2024-06-04 00:13:06,143 INFO  - Received CAM message from veh_50 (at simulation time 139.001,900,000 s)
2024-06-04 00:13:06,143 INFO  - Received CAM message from veh_30 (at simulation time 139.001,900,000 s)
2024-06-04 00:13:06,143 INFO  - Received CAM message from veh_26 (at simulation time 139.002,400,000 s)
2024-06-04 00:13:06,143 INFO  - Atempting to process queue (at simulation time 139.100,000,000 s)
2024-06-04 00:13:06,143 INFO  - Vehicle is outside the detection area. (at simulation time 139.100,000,000 s)
2024-06-04 00:13:06,143 INFO  - Sent broadcast CAM message to all vehicles (at simulation time 139.100,000,000 s)
2024-06-04 00:13:06,144 INFO  - Received CAM message from veh_50 (at simulation time 139.100,900,000 s)
2024-06-04 00:13:06,144 INFO  - Received CAM message from veh_42 (at simulation time 139.100,900,000 s)
2024-06-04 00:13:06,144 INFO  - Received CAM message from veh_46 (at simulation time 139.101,900,000 s)
2024-06-04 00:13:06,144 INFO  - Received CAM message from veh_34 (at simulation time 139.101,900,000 s)
2024-06-04 00:13:06,144 INFO  - Received CAM message from veh_26 (at simulation time 139.101,900,000 s)
2024-06-04 00:13:06,145 INFO  - Received CAM message from veh_38 (at simulation time 139.102,400,000 s)
2024-06-04 00:13:06,145 INFO  - Received CAM message from veh_30 (at simulation time 139.102,400,000 s)
2024-06-04 00:13:06,145 INFO  - Atempting to process queue (at simulation time 139.200,000,000 s)
2024-06-04 00:13:06,145 INFO  - Vehicle is outside the detection area. (at simulation time 139.200,000,000 s)
2024-06-04 00:13:06,145 INFO  - Sent broadcast CAM message to all vehicles (at simulation time 139.200,000,000 s)
2024-06-04 00:13:06,145 INFO  - Received CAM message from veh_38 (at simulation time 139.200,400,000 s)
2024-06-04 00:13:06,145 INFO  - Received CAM message from veh_30 (at simulation time 139.200,400,000 s)
2024-06-04 00:13:06,146 INFO  - Received CAM message from veh_50 (at simulation time 139.201,400,000 s)
2024-06-04 00:13:06,146 INFO  - Received CAM message from veh_34 (at simulation time 139.201,400,000 s)
2024-06-04 00:13:06,146 INFO  - Received CAM message from veh_42 (at simulation time 139.201,900,000 s)
2024-06-04 00:13:06,146 INFO  - Received CAM message from veh_46 (at simulation time 139.202,400,000 s)
2024-06-04 00:13:06,146 INFO  - Received CAM message from veh_26 (at simulation time 139.202,400,000 s)
2024-06-04 00:13:06,146 INFO  - Atempting to process queue (at simulation time 139.300,000,000 s)
2024-06-04 00:13:06,146 INFO  - Vehicle is outside the detection area. (at simulation time 139.300,000,000 s)
2024-06-04 00:13:06,146 INFO  - Sent broadcast CAM message to all vehicles (at simulation time 139.300,000,000 s)
2024-06-04 00:13:06,147 INFO  - Received CAM message from veh_50 (at simulation time 139.300,400,000 s)
2024-06-04 00:13:06,147 INFO  - Received CAM message from veh_38 (at simulation time 139.300,400,000 s)
2024-06-04 00:13:06,147 INFO  - Received CAM message from veh_42 (at simulation time 139.301,400,000 s)
2024-06-04 00:13:06,147 INFO  - Received CAM message from veh_34 (at simulation time 139.301,900,000 s)
2024-06-04 00:13:06,147 INFO  - Received CAM message from veh_26 (at simulation time 139.301,900,000 s)
2024-06-04 00:13:06,148 INFO  - Received CAM message from veh_46 (at simulation time 139.302,400,000 s)
2024-06-04 00:13:06,148 INFO  - Received CAM message from veh_30 (at simulation time 139.302,400,000 s)
2024-06-04 00:13:06,148 INFO  - Atempting to process queue (at simulation time 139.400,000,000 s)
2024-06-04 00:13:06,148 INFO  - Vehicle is outside the detection area. (at simulation time 139.400,000,000 s)
2024-06-04 00:13:06,148 INFO  - Sent broadcast CAM message to all vehicles (at simulation time 139.400,000,000 s)
2024-06-04 00:13:06,149 INFO  - Received CAM message from veh_50 (at simulation time 139.400,400,000 s)
2024-06-04 00:13:06,149 INFO  - Received CAM message from veh_38 (at simulation time 139.400,400,000 s)
2024-06-04 00:13:06,149 INFO  - Received CAM message from veh_46 (at simulation time 139.400,900,000 s)
2024-06-04 00:13:06,149 INFO  - Received CAM message from veh_42 (at simulation time 139.401,400,000 s)
2024-06-04 00:13:06,149 INFO  - Received CAM message from veh_34 (at simulation time 139.402,400,000 s)
2024-06-04 00:13:06,149 INFO  - Received CAM message from veh_30 (at simulation time 139.402,400,000 s)
2024-06-04 00:13:06,149 INFO  - Received CAM message from veh_26 (at simulation time 139.402,400,000 s)
2024-06-04 00:13:06,149 INFO  - Atempting to process queue (at simulation time 139.500,000,000 s)
2024-06-04 00:13:06,149 INFO  - Vehicle is outside the detection area. (at simulation time 139.500,000,000 s)
2024-06-04 00:13:06,149 INFO  - Sent broadcast CAM message to all vehicles (at simulation time 139.500,000,000 s)
2024-06-04 00:13:06,150 INFO  - Received CAM message from veh_50 (at simulation time 139.500,400,000 s)
2024-06-04 00:13:06,150 INFO  - Received CAM message from veh_42 (at simulation time 139.500,400,000 s)
2024-06-04 00:13:06,150 INFO  - Received CAM message from veh_38 (at simulation time 139.500,400,000 s)
2024-06-04 00:13:06,150 INFO  - Received CAM message from veh_34 (at simulation time 139.500,400,000 s)
2024-06-04 00:13:06,151 INFO  - Received CAM message from veh_46 (at simulation time 139.500,900,000 s)
2024-06-04 00:13:06,151 INFO  - Received CAM message from veh_26 (at simulation time 139.500,900,000 s)
2024-06-04 00:13:06,151 INFO  - Received CAM message from veh_30 (at simulation time 139.502,400,000 s)
2024-06-04 00:13:06,151 INFO  - Atempting to process queue (at simulation time 139.600,000,000 s)
2024-06-04 00:13:06,151 INFO  - Vehicle is outside the detection area. (at simulation time 139.600,000,000 s)
2024-06-04 00:13:06,151 INFO  - Sent broadcast CAM message to all vehicles (at simulation time 139.600,000,000 s)
2024-06-04 00:13:06,152 INFO  - Received CAM message from veh_34 (at simulation time 139.600,400,000 s)
2024-06-04 00:13:06,152 INFO  - Received CAM message from veh_30 (at simulation time 139.600,400,000 s)
2024-06-04 00:13:06,152 INFO  - Received CAM message from veh_46 (at simulation time 139.600,900,000 s)
2024-06-04 00:13:06,153 INFO  - Received CAM message from veh_50 (at simulation time 139.601,400,000 s)
2024-06-04 00:13:06,153 INFO  - Received CAM message from veh_38 (at simulation time 139.601,400,000 s)
2024-06-04 00:13:06,153 INFO  - Received CAM message from veh_42 (at simulation time 139.601,900,000 s)
2024-06-04 00:13:06,153 INFO  - Received CAM message from veh_26 (at simulation time 139.602,400,000 s)
2024-06-04 00:13:06,153 INFO  - Atempting to process queue (at simulation time 139.700,000,000 s)
2024-06-04 00:13:06,153 INFO  - Vehicle is outside the detection area. (at simulation time 139.700,000,000 s)
2024-06-04 00:13:06,153 INFO  - Sent broadcast CAM message to all vehicles (at simulation time 139.700,000,000 s)
2024-06-04 00:13:06,154 INFO  - Received CAM message from veh_38 (at simulation time 139.700,400,000 s)
2024-06-04 00:13:06,154 INFO  - Received CAM message from veh_34 (at simulation time 139.700,400,000 s)
2024-06-04 00:13:06,154 INFO  - Received CAM message from veh_46 (at simulation time 139.701,400,000 s)
2024-06-04 00:13:06,154 INFO  - Received CAM message from veh_42 (at simulation time 139.701,400,000 s)
2024-06-04 00:13:06,154 INFO  - Received CAM message from veh_26 (at simulation time 139.701,400,000 s)
2024-06-04 00:13:06,154 INFO  - Received CAM message from veh_50 (at simulation time 139.701,900,000 s)
2024-06-04 00:13:06,154 INFO  - Received CAM message from veh_30 (at simulation time 139.701,900,000 s)
2024-06-04 00:13:06,155 INFO  - Atempting to process queue (at simulation time 139.800,000,000 s)
2024-06-04 00:13:06,155 INFO  - Vehicle is outside the detection area. (at simulation time 139.800,000,000 s)
2024-06-04 00:13:06,155 INFO  - Sent broadcast CAM message to all vehicles (at simulation time 139.800,000,000 s)
2024-06-04 00:13:06,156 INFO  - Received CAM message from veh_42 (at simulation time 139.800,900,000 s)
2024-06-04 00:13:06,156 INFO  - Received CAM message from veh_30 (at simulation time 139.800,900,000 s)
2024-06-04 00:13:06,156 INFO  - Received CAM message from veh_26 (at simulation time 139.800,900,000 s)
2024-06-04 00:13:06,156 INFO  - Received CAM message from veh_46 (at simulation time 139.801,400,000 s)
2024-06-04 00:13:06,156 INFO  - Received CAM message from veh_50 (at simulation time 139.801,900,000 s)
2024-06-04 00:13:06,156 INFO  - Received CAM message from veh_38 (at simulation time 139.801,900,000 s)
2024-06-04 00:13:06,156 INFO  - Received CAM message from veh_34 (at simulation time 139.801,900,000 s)
2024-06-04 00:13:06,157 INFO  - Atempting to process queue (at simulation time 139.900,000,000 s)
2024-06-04 00:13:06,157 INFO  - Vehicle is outside the detection area. (at simulation time 139.900,000,000 s)
2024-06-04 00:13:06,157 INFO  - Sent broadcast CAM message to all vehicles (at simulation time 139.900,000,000 s)
2024-06-04 00:13:06,157 INFO  - Received CAM message from veh_26 (at simulation time 139.900,400,000 s)
2024-06-04 00:13:06,158 INFO  - Received CAM message from veh_46 (at simulation time 139.900,900,000 s)
2024-06-04 00:13:06,158 INFO  - Received CAM message from veh_42 (at simulation time 139.900,900,000 s)
2024-06-04 00:13:06,158 INFO  - Received CAM message from veh_30 (at simulation time 139.900,900,000 s)
2024-06-04 00:13:06,158 INFO  - Received CAM message from veh_50 (at simulation time 139.901,400,000 s)
2024-06-04 00:13:06,158 INFO  - Received CAM message from veh_38 (at simulation time 139.901,900,000 s)
2024-06-04 00:13:06,159 INFO  - Received CAM message from veh_34 (at simulation time 139.902,400,000 s)
2024-06-04 00:13:06,161 INFO  - Atempting to process queue (at simulation time 140.000,000,000 s)
2024-06-04 00:13:06,161 INFO  - Vehicle is outside the detection area. (at simulation time 140.000,000,000 s)
2024-06-04 00:13:06,161 INFO  - Sent broadcast CAM message to all vehicles (at simulation time 140.000,000,000 s)
2024-06-04 00:13:06,163 INFO  - Received CAM message from veh_30 (at simulation time 140.000,400,000 s)
2024-06-04 00:13:06,163 INFO  - Received CAM message from veh_34 (at simulation time 140.000,900,000 s)
2024-06-04 00:13:06,164 INFO  - Received CAM message from veh_46 (at simulation time 140.001,900,000 s)
2024-06-04 00:13:06,164 INFO  - Received CAM message from veh_42 (at simulation time 140.001,900,000 s)
2024-06-04 00:13:06,164 INFO  - Received CAM message from veh_26 (at simulation time 140.001,900,000 s)
2024-06-04 00:13:06,164 INFO  - Received CAM message from veh_38 (at simulation time 140.002,400,000 s)
2024-06-04 00:13:06,164 INFO  - Atempting to process queue (at simulation time 140.100,000,000 s)
2024-06-04 00:13:06,164 INFO  - Vehicle is outside the detection area. (at simulation time 140.100,000,000 s)
2024-06-04 00:13:06,164 INFO  - Sent broadcast CAM message to all vehicles (at simulation time 140.100,000,000 s)
2024-06-04 00:13:06,165 INFO  - Received CAM message from veh_42 (at simulation time 140.100,400,000 s)
2024-06-04 00:13:06,165 INFO  - Received CAM message from veh_26 (at simulation time 140.100,400,000 s)
2024-06-04 00:13:06,165 INFO  - Received CAM message from veh_34 (at simulation time 140.100,900,000 s)
2024-06-04 00:13:06,165 INFO  - Received CAM message from veh_30 (at simulation time 140.100,900,000 s)
2024-06-04 00:13:06,165 INFO  - Received CAM message from veh_38 (at simulation time 140.101,400,000 s)
2024-06-04 00:13:06,166 INFO  - Received CAM message from veh_46 (at simulation time 140.102,400,000 s)
2024-06-04 00:13:06,166 INFO  - Atempting to process queue (at simulation time 140.200,000,000 s)
2024-06-04 00:13:06,166 INFO  - Vehicle is outside the detection area. (at simulation time 140.200,000,000 s)
2024-06-04 00:13:06,166 INFO  - Sent broadcast CAM message to all vehicles (at simulation time 140.200,000,000 s)
2024-06-04 00:13:06,167 INFO  - Received CAM message from veh_46 (at simulation time 140.201,400,000 s)
2024-06-04 00:13:06,167 INFO  - Received CAM message from veh_42 (at simulation time 140.201,900,000 s)
2024-06-04 00:13:06,167 INFO  - Received CAM message from veh_26 (at simulation time 140.201,900,000 s)
2024-06-04 00:13:06,168 INFO  - Received CAM message from veh_38 (at simulation time 140.202,400,000 s)
2024-06-04 00:13:06,168 INFO  - Received CAM message from veh_34 (at simulation time 140.202,400,000 s)
2024-06-04 00:13:06,168 INFO  - Received CAM message from veh_30 (at simulation time 140.202,400,000 s)
2024-06-04 00:13:06,168 INFO  - Atempting to process queue (at simulation time 140.300,000,000 s)
2024-06-04 00:13:06,168 INFO  - Vehicle is outside the detection area. (at simulation time 140.300,000,000 s)
2024-06-04 00:13:06,168 INFO  - Sent broadcast CAM message to all vehicles (at simulation time 140.300,000,000 s)
2024-06-04 00:13:06,169 INFO  - Received CAM message from veh_30 (at simulation time 140.300,400,000 s)
2024-06-04 00:13:06,169 INFO  - Received CAM message from veh_26 (at simulation time 140.300,400,000 s)
2024-06-04 00:13:06,169 INFO  - Received CAM message from veh_46 (at simulation time 140.301,400,000 s)
2024-06-04 00:13:06,169 INFO  - Received CAM message from veh_34 (at simulation time 140.301,400,000 s)
2024-06-04 00:13:06,169 INFO  - Received CAM message from veh_42 (at simulation time 140.301,900,000 s)
2024-06-04 00:13:06,169 INFO  - Received CAM message from veh_38 (at simulation time 140.301,900,000 s)
2024-06-04 00:13:06,170 INFO  - Atempting to process queue (at simulation time 140.400,000,000 s)
2024-06-04 00:13:06,170 INFO  - Vehicle is outside the detection area. (at simulation time 140.400,000,000 s)
2024-06-04 00:13:06,170 INFO  - Sent broadcast CAM message to all vehicles (at simulation time 140.400,000,000 s)
2024-06-04 00:13:06,170 INFO  - Received CAM message from veh_42 (at simulation time 140.400,400,000 s)
2024-06-04 00:13:06,170 INFO  - Received CAM message from veh_38 (at simulation time 140.400,400,000 s)
2024-06-04 00:13:06,171 INFO  - Received CAM message from veh_26 (at simulation time 140.400,900,000 s)
2024-06-04 00:13:06,171 INFO  - Received CAM message from veh_46 (at simulation time 140.401,400,000 s)
2024-06-04 00:13:06,171 INFO  - Received CAM message from veh_34 (at simulation time 140.401,400,000 s)
2024-06-04 00:13:06,171 INFO  - Received CAM message from veh_30 (at simulation time 140.402,400,000 s)
2024-06-04 00:13:06,171 INFO  - Atempting to process queue (at simulation time 140.500,000,000 s)
2024-06-04 00:13:06,171 INFO  - Vehicle is outside the detection area. (at simulation time 140.500,000,000 s)
2024-06-04 00:13:06,171 INFO  - Sent broadcast CAM message to all vehicles (at simulation time 140.500,000,000 s)
2024-06-04 00:13:06,172 INFO  - Received CAM message from veh_42 (at simulation time 140.500,400,000 s)
2024-06-04 00:13:06,172 INFO  - Received CAM message from veh_38 (at simulation time 140.500,400,000 s)
2024-06-04 00:13:06,172 INFO  - Received CAM message from veh_46 (at simulation time 140.500,900,000 s)
2024-06-04 00:13:06,172 INFO  - Received CAM message from veh_34 (at simulation time 140.500,900,000 s)
2024-06-04 00:13:06,173 INFO  - Received CAM message from veh_30 (at simulation time 140.501,400,000 s)
2024-06-04 00:13:06,173 INFO  - Received CAM message from veh_26 (at simulation time 140.501,400,000 s)
2024-06-04 00:13:06,173 INFO  - Atempting to process queue (at simulation time 140.600,000,000 s)
2024-06-04 00:13:06,173 INFO  - Vehicle is outside the detection area. (at simulation time 140.600,000,000 s)
2024-06-04 00:13:06,173 INFO  - Sent broadcast CAM message to all vehicles (at simulation time 140.600,000,000 s)
2024-06-04 00:13:06,174 INFO  - Received CAM message from veh_46 (at simulation time 140.600,900,000 s)
2024-06-04 00:13:06,174 INFO  - Received CAM message from veh_42 (at simulation time 140.600,900,000 s)
2024-06-04 00:13:06,174 INFO  - Received CAM message from veh_34 (at simulation time 140.600,900,000 s)
2024-06-04 00:13:06,175 INFO  - Received CAM message from veh_38 (at simulation time 140.601,400,000 s)
2024-06-04 00:13:06,175 INFO  - Received CAM message from veh_26 (at simulation time 140.601,400,000 s)
2024-06-04 00:13:06,175 INFO  - Received CAM message from veh_30 (at simulation time 140.601,900,000 s)
2024-06-04 00:13:06,175 INFO  - Atempting to process queue (at simulation time 140.700,000,000 s)
2024-06-04 00:13:06,175 INFO  - Vehicle is outside the detection area. (at simulation time 140.700,000,000 s)
2024-06-04 00:13:06,175 INFO  - Sent broadcast CAM message to all vehicles (at simulation time 140.700,000,000 s)
2024-06-04 00:13:06,176 INFO  - Received CAM message from veh_42 (at simulation time 140.700,900,000 s)
2024-06-04 00:13:06,176 INFO  - Received CAM message from veh_34 (at simulation time 140.700,900,000 s)
2024-06-04 00:13:06,176 INFO  - Received CAM message from veh_46 (at simulation time 140.701,900,000 s)
2024-06-04 00:13:06,176 INFO  - Received CAM message from veh_26 (at simulation time 140.701,900,000 s)
2024-06-04 00:13:06,177 INFO  - Received CAM message from veh_38 (at simulation time 140.702,400,000 s)
2024-06-04 00:13:06,177 INFO  - Received CAM message from veh_30 (at simulation time 140.702,400,000 s)
2024-06-04 00:13:06,177 INFO  - Atempting to process queue (at simulation time 140.800,000,000 s)
2024-06-04 00:13:06,177 INFO  - Vehicle is outside the detection area. (at simulation time 140.800,000,000 s)
2024-06-04 00:13:06,177 INFO  - Sent broadcast CAM message to all vehicles (at simulation time 140.800,000,000 s)
2024-06-04 00:13:06,177 INFO  - Received CAM message from veh_38 (at simulation time 140.800,400,000 s)
2024-06-04 00:13:06,178 INFO  - Received CAM message from veh_26 (at simulation time 140.800,900,000 s)
2024-06-04 00:13:06,178 INFO  - Received CAM message from veh_42 (at simulation time 140.801,400,000 s)
2024-06-04 00:13:06,178 INFO  - Received CAM message from veh_30 (at simulation time 140.801,400,000 s)
2024-06-04 00:13:06,178 INFO  - Received CAM message from veh_46 (at simulation time 140.801,900,000 s)
2024-06-04 00:13:06,178 INFO  - Received CAM message from veh_34 (at simulation time 140.801,900,000 s)
2024-06-04 00:13:06,178 INFO  - Atempting to process queue (at simulation time 140.900,000,000 s)
2024-06-04 00:13:06,178 INFO  - Vehicle is outside the detection area. (at simulation time 140.900,000,000 s)
2024-06-04 00:13:06,178 INFO  - Sent broadcast CAM message to all vehicles (at simulation time 140.900,000,000 s)
2024-06-04 00:13:06,179 INFO  - Received CAM message from veh_46 (at simulation time 140.900,400,000 s)
2024-06-04 00:13:06,179 INFO  - Received CAM message from veh_38 (at simulation time 140.900,400,000 s)
2024-06-04 00:13:06,179 INFO  - Received CAM message from veh_34 (at simulation time 140.900,400,000 s)
2024-06-04 00:13:06,179 INFO  - Received CAM message from veh_30 (at simulation time 140.900,900,000 s)
2024-06-04 00:13:06,179 INFO  - Received CAM message from veh_42 (at simulation time 140.901,400,000 s)
2024-06-04 00:13:06,179 INFO  - Received CAM message from veh_26 (at simulation time 140.901,400,000 s)
2024-06-04 00:13:06,183 INFO  - Atempting to process queue (at simulation time 141.000,000,000 s)
2024-06-04 00:13:06,183 INFO  - Vehicle is outside the detection area. (at simulation time 141.000,000,000 s)
2024-06-04 00:13:06,183 INFO  - Sent broadcast CAM message to all vehicles (at simulation time 141.000,000,000 s)
2024-06-04 00:13:06,185 INFO  - Received CAM message from veh_42 (at simulation time 141.000,900,000 s)
2024-06-04 00:13:06,185 INFO  - Received CAM message from veh_34 (at simulation time 141.000,900,000 s)
2024-06-04 00:13:06,185 INFO  - Received CAM message from veh_30 (at simulation time 141.000,900,000 s)
2024-06-04 00:13:06,185 INFO  - Received CAM message from veh_46 (at simulation time 141.001,900,000 s)
2024-06-04 00:13:06,185 INFO  - Received CAM message from veh_38 (at simulation time 141.002,400,000 s)
2024-06-04 00:13:06,185 INFO  - Received CAM message from veh_26 (at simulation time 141.002,400,000 s)
2024-06-04 00:13:06,185 INFO  - Atempting to process queue (at simulation time 141.100,000,000 s)
2024-06-04 00:13:06,185 INFO  - Vehicle is outside the detection area. (at simulation time 141.100,000,000 s)
2024-06-04 00:13:06,185 INFO  - Sent broadcast CAM message to all vehicles (at simulation time 141.100,000,000 s)
2024-06-04 00:13:06,186 INFO  - Received CAM message from veh_42 (at simulation time 141.100,400,000 s)
2024-06-04 00:13:06,186 INFO  - Received CAM message from veh_38 (at simulation time 141.100,400,000 s)
2024-06-04 00:13:06,186 INFO  - Received CAM message from veh_34 (at simulation time 141.100,400,000 s)
2024-06-04 00:13:06,186 INFO  - Received CAM message from veh_30 (at simulation time 141.100,400,000 s)
2024-06-04 00:13:06,187 INFO  - Received CAM message from veh_26 (at simulation time 141.101,400,000 s)
2024-06-04 00:13:06,187 INFO  - Received CAM message from veh_46 (at simulation time 141.101,900,000 s)
2024-06-04 00:13:06,187 INFO  - Atempting to process queue (at simulation time 141.200,000,000 s)
2024-06-04 00:13:06,187 INFO  - Vehicle is outside the detection area. (at simulation time 141.200,000,000 s)
2024-06-04 00:13:06,187 INFO  - Sent broadcast CAM message to all vehicles (at simulation time 141.200,000,000 s)
2024-06-04 00:13:06,188 INFO  - Received CAM message from veh_42 (at simulation time 141.200,400,000 s)
2024-06-04 00:13:06,188 INFO  - Received CAM message from veh_30 (at simulation time 141.200,400,000 s)
2024-06-04 00:13:06,188 INFO  - Received CAM message from veh_38 (at simulation time 141.200,900,000 s)
2024-06-04 00:13:06,188 INFO  - Received CAM message from veh_26 (at simulation time 141.200,900,000 s)
2024-06-04 00:13:06,189 INFO  - Received CAM message from veh_46 (at simulation time 141.201,900,000 s)
2024-06-04 00:13:06,189 INFO  - Received CAM message from veh_34 (at simulation time 141.202,400,000 s)
2024-06-04 00:13:06,189 INFO  - Atempting to process queue (at simulation time 141.300,000,000 s)
2024-06-04 00:13:06,189 INFO  - Vehicle is outside the detection area. (at simulation time 141.300,000,000 s)
2024-06-04 00:13:06,189 INFO  - Sent broadcast CAM message to all vehicles (at simulation time 141.300,000,000 s)
2024-06-04 00:13:06,190 INFO  - Received CAM message from veh_46 (at simulation time 141.300,400,000 s)
2024-06-04 00:13:06,190 INFO  - Received CAM message from veh_30 (at simulation time 141.300,400,000 s)
2024-06-04 00:13:06,190 INFO  - Received CAM message from veh_34 (at simulation time 141.300,900,000 s)
2024-06-04 00:13:06,190 INFO  - Received CAM message from veh_38 (at simulation time 141.301,400,000 s)
2024-06-04 00:13:06,191 INFO  - Received CAM message from veh_26 (at simulation time 141.301,900,000 s)
2024-06-04 00:13:06,191 INFO  - Received CAM message from veh_42 (at simulation time 141.302,400,000 s)
2024-06-04 00:13:06,191 INFO  - Atempting to process queue (at simulation time 141.400,000,000 s)
2024-06-04 00:13:06,191 INFO  - Vehicle is outside the detection area. (at simulation time 141.400,000,000 s)
2024-06-04 00:13:06,191 INFO  - Sent broadcast CAM message to all vehicles (at simulation time 141.400,000,000 s)
2024-06-04 00:13:06,193 INFO  - Received Control message from rsu_0 to veh_4 (at simulation time 141.400,400,000 s)
2024-06-04 00:13:06,193 INFO  - Forwarded Control message to veh_42 (at simulation time 141.400,400,000 s)
2024-06-04 00:13:06,193 INFO  - Received Control message from rsu_0 to veh_72 (at simulation time 141.400,400,000 s)
2024-06-04 00:13:06,193 INFO  - Forwarded Control message to veh_42 (at simulation time 141.400,400,000 s)
2024-06-04 00:13:06,193 INFO  - Received Control message from rsu_0 to veh_76 (at simulation time 141.400,400,000 s)
2024-06-04 00:13:06,193 INFO  - Forwarded Control message to veh_42 (at simulation time 141.400,400,000 s)
2024-06-04 00:13:06,194 INFO  - Received CAM message from veh_42 (at simulation time 141.400,900,000 s)
2024-06-04 00:13:06,195 INFO  - Received Control message from rsu_0 to veh_28 (at simulation time 141.400,900,000 s)
2024-06-04 00:13:06,195 INFO  - Forwarded Control message to veh_42 (at simulation time 141.400,900,000 s)
2024-06-04 00:13:06,195 INFO  - Received Control message from rsu_0 to veh_83 (at simulation time 141.400,900,000 s)
2024-06-04 00:13:06,195 INFO  - Forwarded Control message to veh_42 (at simulation time 141.400,900,000 s)
2024-06-04 00:13:06,195 INFO  - Received Control message from rsu_0 to veh_32 (at simulation time 141.400,900,000 s)
2024-06-04 00:13:06,195 INFO  - Forwarded Control message to veh_42 (at simulation time 141.400,900,000 s)
2024-06-04 00:13:06,195 INFO  - Received Control message from rsu_0 to veh_64 (at simulation time 141.400,900,000 s)
2024-06-04 00:13:06,195 INFO  - Forwarded Control message to veh_42 (at simulation time 141.400,900,000 s)
2024-06-04 00:13:06,196 INFO  - Received CAM message from veh_38 (at simulation time 141.401,400,000 s)
2024-06-04 00:13:06,196 INFO  - Received Control message from rsu_0 to veh_0 (at simulation time 141.401,400,000 s)
2024-06-04 00:13:06,196 INFO  - Forwarded Control message to veh_42 (at simulation time 141.401,400,000 s)
2024-06-04 00:13:06,196 INFO  - Received Control message from rsu_0 to veh_36 (at simulation time 141.401,400,000 s)
2024-06-04 00:13:06,196 INFO  - Forwarded Control message to veh_42 (at simulation time 141.401,400,000 s)
2024-06-04 00:13:06,196 INFO  - Received Control message from rsu_0 to veh_24 (at simulation time 141.401,400,000 s)
2024-06-04 00:13:06,196 INFO  - Forwarded Control message to veh_42 (at simulation time 141.401,400,000 s)
2024-06-04 00:13:06,196 INFO  - Received Control message from rsu_0 to veh_40 (at simulation time 141.401,400,000 s)
2024-06-04 00:13:06,196 INFO  - Forwarded Control message to veh_42 (at simulation time 141.401,400,000 s)
2024-06-04 00:13:06,196 INFO  - Received Control message from rsu_0 to veh_60 (at simulation time 141.401,400,000 s)
2024-06-04 00:13:06,196 INFO  - Forwarded Control message to veh_42 (at simulation time 141.401,400,000 s)
2024-06-04 00:13:06,196 INFO  - Received Control message from rsu_0 to veh_12 (at simulation time 141.401,400,000 s)
2024-06-04 00:13:06,197 INFO  - Forwarded Control message to veh_42 (at simulation time 141.401,400,000 s)
2024-06-04 00:13:06,197 INFO  - Received Control message from rsu_0 to veh_56 (at simulation time 141.401,400,000 s)
2024-06-04 00:13:06,197 INFO  - Forwarded Control message to veh_42 (at simulation time 141.401,400,000 s)
2024-06-04 00:13:06,197 INFO  - Received Control message from rsu_0 to veh_44 (at simulation time 141.401,400,000 s)
2024-06-04 00:13:06,197 INFO  - Forwarded Control message to veh_42 (at simulation time 141.401,400,000 s)
2024-06-04 00:13:06,197 INFO  - Received Control message from rsu_0 to veh_86 (at simulation time 141.401,400,000 s)
2024-06-04 00:13:06,197 INFO  - Current route: 1, lane: 0 (at simulation time 141.401,400,000 s)
2024-06-04 00:13:06,197 INFO  - Vehicle position: GeoPoint{lat=40.743375,lon=-73.988402,alt=0.00} (at simulation time 141.401,400,000 s)
2024-06-04 00:13:06,197 INFO  - Received CAM message from veh_46 (at simulation time 141.401,900,000 s)
2024-06-04 00:13:06,197 INFO  - Received CAM message from veh_30 (at simulation time 141.401,900,000 s)
2024-06-04 00:13:06,197 INFO  - Received CAM message from veh_26 (at simulation time 141.401,900,000 s)
2024-06-04 00:13:06,197 INFO  - Received Control message from rsu_0 to veh_80 (at simulation time 141.401,900,000 s)
2024-06-04 00:13:06,197 INFO  - Forwarded Control message to veh_42 (at simulation time 141.401,900,000 s)
2024-06-04 00:13:06,197 INFO  - Received Control message from rsu_0 to veh_16 (at simulation time 141.401,900,000 s)
2024-06-04 00:13:06,197 INFO  - Forwarded Control message to veh_42 (at simulation time 141.401,900,000 s)
2024-06-04 00:13:06,197 INFO  - Received Control message from rsu_0 to veh_48 (at simulation time 141.401,900,000 s)
2024-06-04 00:13:06,197 INFO  - Forwarded Control message to veh_42 (at simulation time 141.401,900,000 s)
2024-06-04 00:13:06,197 INFO  - Received Control message from rsu_0 to veh_68 (at simulation time 141.401,900,000 s)
2024-06-04 00:13:06,197 INFO  - Forwarded Control message to veh_42 (at simulation time 141.401,900,000 s)
2024-06-04 00:13:06,197 INFO  - Received Control message from rsu_0 to veh_52 (at simulation time 141.401,900,000 s)
2024-06-04 00:13:06,197 INFO  - Forwarded Control message to veh_42 (at simulation time 141.401,900,000 s)
2024-06-04 00:13:06,197 INFO  - Received Control message from rsu_0 to veh_8 (at simulation time 141.401,900,000 s)
2024-06-04 00:13:06,197 INFO  - Forwarded Control message to veh_42 (at simulation time 141.401,900,000 s)
2024-06-04 00:13:06,197 INFO  - Received Control message from rsu_0 to veh_20 (at simulation time 141.401,900,000 s)
2024-06-04 00:13:06,197 INFO  - Forwarded Control message to veh_42 (at simulation time 141.401,900,000 s)
2024-06-04 00:13:06,199 INFO  - Received CAM message from veh_34 (at simulation time 141.402,400,000 s)
2024-06-04 00:13:06,208 INFO  - Atempting to process queue (at simulation time 141.500,000,000 s)
2024-06-04 00:13:06,208 INFO  - Vehicle is outside the detection area. (at simulation time 141.500,000,000 s)
2024-06-04 00:13:06,208 INFO  - Sent broadcast CAM message to all vehicles (at simulation time 141.500,000,000 s)
2024-06-04 00:13:06,209 INFO  - Received CAM message from veh_42 (at simulation time 141.500,400,000 s)
2024-06-04 00:13:06,209 INFO  - Received CAM message from veh_34 (at simulation time 141.501,400,000 s)
2024-06-04 00:13:06,209 INFO  - Received CAM message from veh_26 (at simulation time 141.501,400,000 s)
2024-06-04 00:13:06,209 INFO  - Received CAM message from veh_30 (at simulation time 141.501,900,000 s)
2024-06-04 00:13:06,210 INFO  - Received CAM message from veh_46 (at simulation time 141.502,400,000 s)
2024-06-04 00:13:06,210 INFO  - Received CAM message from veh_38 (at simulation time 141.502,400,000 s)
2024-06-04 00:13:06,210 INFO  - Atempting to process queue (at simulation time 141.600,000,000 s)
2024-06-04 00:13:06,210 INFO  - Vehicle is outside the detection area. (at simulation time 141.600,000,000 s)
2024-06-04 00:13:06,210 INFO  - Sent broadcast CAM message to all vehicles (at simulation time 141.600,000,000 s)
2024-06-04 00:13:06,211 INFO  - Received CAM message from veh_46 (at simulation time 141.600,400,000 s)
2024-06-04 00:13:06,211 INFO  - Received CAM message from veh_34 (at simulation time 141.600,400,000 s)
2024-06-04 00:13:06,211 INFO  - Received CAM message from veh_38 (at simulation time 141.601,400,000 s)
2024-06-04 00:13:06,211 INFO  - Received CAM message from veh_42 (at simulation time 141.601,900,000 s)
2024-06-04 00:13:06,211 INFO  - Received CAM message from veh_30 (at simulation time 141.602,400,000 s)
2024-06-04 00:13:06,211 INFO  - Received CAM message from veh_26 (at simulation time 141.602,400,000 s)
2024-06-04 00:13:06,211 INFO  - Atempting to process queue (at simulation time 141.700,000,000 s)
2024-06-04 00:13:06,211 INFO  - Vehicle is outside the detection area. (at simulation time 141.700,000,000 s)
2024-06-04 00:13:06,211 INFO  - Sent broadcast CAM message to all vehicles (at simulation time 141.700,000,000 s)
2024-06-04 00:13:06,212 INFO  - Received CAM message from veh_42 (at simulation time 141.700,400,000 s)
2024-06-04 00:13:06,212 INFO  - Received CAM message from veh_34 (at simulation time 141.700,400,000 s)
2024-06-04 00:13:06,212 INFO  - Received CAM message from veh_30 (at simulation time 141.700,400,000 s)
2024-06-04 00:13:06,212 INFO  - Received CAM message from veh_46 (at simulation time 141.701,400,000 s)
2024-06-04 00:13:06,212 INFO  - Received CAM message from veh_38 (at simulation time 141.701,400,000 s)
2024-06-04 00:13:06,212 INFO  - Received CAM message from veh_26 (at simulation time 141.701,900,000 s)
2024-06-04 00:13:06,213 INFO  - Atempting to process queue (at simulation time 141.800,000,000 s)
2024-06-04 00:13:06,213 INFO  - Vehicle is outside the detection area. (at simulation time 141.800,000,000 s)
2024-06-04 00:13:06,213 INFO  - Sent broadcast CAM message to all vehicles (at simulation time 141.800,000,000 s)
2024-06-04 00:13:06,214 INFO  - Received CAM message from veh_42 (at simulation time 141.800,400,000 s)
2024-06-04 00:13:06,214 INFO  - Received CAM message from veh_30 (at simulation time 141.800,400,000 s)
2024-06-04 00:13:06,214 INFO  - Received CAM message from veh_26 (at simulation time 141.800,400,000 s)
2024-06-04 00:13:06,214 INFO  - Received CAM message from veh_34 (at simulation time 141.800,900,000 s)
2024-06-04 00:13:06,214 INFO  - Received CAM message from veh_38 (at simulation time 141.801,400,000 s)
2024-06-04 00:13:06,214 INFO  - Received CAM message from veh_46 (at simulation time 141.801,900,000 s)
2024-06-04 00:13:06,214 INFO  - Atempting to process queue (at simulation time 141.900,000,000 s)
2024-06-04 00:13:06,214 INFO  - Vehicle is outside the detection area. (at simulation time 141.900,000,000 s)
2024-06-04 00:13:06,214 INFO  - Sent broadcast CAM message to all vehicles (at simulation time 141.900,000,000 s)
2024-06-04 00:13:06,215 INFO  - Received CAM message from veh_42 (at simulation time 141.900,400,000 s)
2024-06-04 00:13:06,215 INFO  - Received CAM message from veh_30 (at simulation time 141.900,400,000 s)
2024-06-04 00:13:06,216 INFO  - Received CAM message from veh_34 (at simulation time 141.901,400,000 s)
2024-06-04 00:13:06,216 INFO  - Received CAM message from veh_26 (at simulation time 141.901,400,000 s)
2024-06-04 00:13:06,216 INFO  - Received CAM message from veh_46 (at simulation time 141.901,900,000 s)
2024-06-04 00:13:06,216 INFO  - Received CAM message from veh_38 (at simulation time 141.901,900,000 s)
2024-06-04 00:13:06,219 INFO  - Atempting to process queue (at simulation time 142.000,000,000 s)
2024-06-04 00:13:06,219 INFO  - Vehicle is outside the detection area. (at simulation time 142.000,000,000 s)
2024-06-04 00:13:06,219 INFO  - Sent broadcast CAM message to all vehicles (at simulation time 142.000,000,000 s)
2024-06-04 00:13:06,221 INFO  - Received CAM message from veh_34 (at simulation time 142.000,900,000 s)
2024-06-04 00:13:06,221 INFO  - Received CAM message from veh_46 (at simulation time 142.001,400,000 s)
2024-06-04 00:13:06,222 INFO  - Received CAM message from veh_26 (at simulation time 142.002,400,000 s)
2024-06-04 00:13:06,222 INFO  - Atempting to process queue (at simulation time 142.100,000,000 s)
2024-06-04 00:13:06,222 INFO  - Vehicle is outside the detection area. (at simulation time 142.100,000,000 s)
2024-06-04 00:13:06,222 INFO  - Sent broadcast CAM message to all vehicles (at simulation time 142.100,000,000 s)
2024-06-04 00:13:06,223 INFO  - Received CAM message from veh_26 (at simulation time 142.100,400,000 s)
2024-06-04 00:13:06,223 INFO  - Received CAM message from veh_34 (at simulation time 142.100,900,000 s)
2024-06-04 00:13:06,223 INFO  - Received CAM message from veh_46 (at simulation time 142.101,900,000 s)
2024-06-04 00:13:06,223 INFO  - Atempting to process queue (at simulation time 142.200,000,000 s)
2024-06-04 00:13:06,223 INFO  - Vehicle is outside the detection area. (at simulation time 142.200,000,000 s)
2024-06-04 00:13:06,223 INFO  - Sent broadcast CAM message to all vehicles (at simulation time 142.200,000,000 s)
2024-06-04 00:13:06,224 INFO  - Received CAM message from veh_34 (at simulation time 142.200,400,000 s)
2024-06-04 00:13:06,225 INFO  - Received CAM message from veh_46 (at simulation time 142.201,400,000 s)
2024-06-04 00:13:06,225 INFO  - Received CAM message from veh_26 (at simulation time 142.202,400,000 s)
2024-06-04 00:13:06,225 INFO  - Atempting to process queue (at simulation time 142.300,000,000 s)
2024-06-04 00:13:06,225 INFO  - Vehicle is outside the detection area. (at simulation time 142.300,000,000 s)
2024-06-04 00:13:06,225 INFO  - Sent broadcast CAM message to all vehicles (at simulation time 142.300,000,000 s)
2024-06-04 00:13:06,226 INFO  - Received CAM message from veh_46 (at simulation time 142.301,400,000 s)
2024-06-04 00:13:06,226 INFO  - Received CAM message from veh_34 (at simulation time 142.301,400,000 s)
2024-06-04 00:13:06,226 INFO  - Received CAM message from veh_26 (at simulation time 142.301,900,000 s)
2024-06-04 00:13:06,226 INFO  - Atempting to process queue (at simulation time 142.400,000,000 s)
2024-06-04 00:13:06,226 INFO  - Vehicle is outside the detection area. (at simulation time 142.400,000,000 s)
2024-06-04 00:13:06,226 INFO  - Sent broadcast CAM message to all vehicles (at simulation time 142.400,000,000 s)
2024-06-04 00:13:06,227 INFO  - Received CAM message from veh_34 (at simulation time 142.400,900,000 s)
2024-06-04 00:13:06,228 INFO  - Received CAM message from veh_46 (at simulation time 142.401,900,000 s)
2024-06-04 00:13:06,228 INFO  - Received CAM message from veh_26 (at simulation time 142.402,400,000 s)
2024-06-04 00:13:06,228 INFO  - Atempting to process queue (at simulation time 142.500,000,000 s)
2024-06-04 00:13:06,228 INFO  - Vehicle is outside the detection area. (at simulation time 142.500,000,000 s)
2024-06-04 00:13:06,228 INFO  - Sent broadcast CAM message to all vehicles (at simulation time 142.500,000,000 s)
2024-06-04 00:13:06,229 INFO  - Received CAM message from veh_34 (at simulation time 142.500,900,000 s)
2024-06-04 00:13:06,229 INFO  - Received CAM message from veh_26 (at simulation time 142.501,400,000 s)
2024-06-04 00:13:06,229 INFO  - Received CAM message from veh_46 (at simulation time 142.502,400,000 s)
2024-06-04 00:13:06,229 INFO  - Atempting to process queue (at simulation time 142.600,000,000 s)
2024-06-04 00:13:06,229 INFO  - Vehicle is outside the detection area. (at simulation time 142.600,000,000 s)
2024-06-04 00:13:06,229 INFO  - Sent broadcast CAM message to all vehicles (at simulation time 142.600,000,000 s)
2024-06-04 00:13:06,230 INFO  - Received CAM message from veh_46 (at simulation time 142.600,900,000 s)
2024-06-04 00:13:06,230 INFO  - Received CAM message from veh_34 (at simulation time 142.600,900,000 s)
2024-06-04 00:13:06,230 INFO  - Received CAM message from veh_26 (at simulation time 142.601,900,000 s)
2024-06-04 00:13:06,230 INFO  - Atempting to process queue (at simulation time 142.700,000,000 s)
2024-06-04 00:13:06,230 INFO  - Vehicle is outside the detection area. (at simulation time 142.700,000,000 s)
2024-06-04 00:13:06,230 INFO  - Sent broadcast CAM message to all vehicles (at simulation time 142.700,000,000 s)
2024-06-04 00:13:06,231 INFO  - Received CAM message from veh_34 (at simulation time 142.700,400,000 s)
2024-06-04 00:13:06,231 INFO  - Received CAM message from veh_46 (at simulation time 142.700,900,000 s)
2024-06-04 00:13:06,232 INFO  - Received CAM message from veh_26 (at simulation time 142.702,400,000 s)
2024-06-04 00:13:06,232 INFO  - Atempting to process queue (at simulation time 142.800,000,000 s)
2024-06-04 00:13:06,232 INFO  - Vehicle is outside the detection area. (at simulation time 142.800,000,000 s)
2024-06-04 00:13:06,232 INFO  - Sent broadcast CAM message to all vehicles (at simulation time 142.800,000,000 s)
2024-06-04 00:13:06,233 INFO  - Received CAM message from veh_26 (at simulation time 142.800,400,000 s)
2024-06-04 00:13:06,233 INFO  - Received CAM message from veh_34 (at simulation time 142.801,400,000 s)
2024-06-04 00:13:06,234 INFO  - Received CAM message from veh_46 (at simulation time 142.802,400,000 s)
2024-06-04 00:13:06,234 INFO  - Atempting to process queue (at simulation time 142.900,000,000 s)
2024-06-04 00:13:06,234 INFO  - Vehicle is outside the detection area. (at simulation time 142.900,000,000 s)
2024-06-04 00:13:06,234 INFO  - Sent broadcast CAM message to all vehicles (at simulation time 142.900,000,000 s)
2024-06-04 00:13:06,235 INFO  - Received CAM message from veh_34 (at simulation time 142.900,400,000 s)
2024-06-04 00:13:06,235 INFO  - Received CAM message from veh_46 (at simulation time 142.900,900,000 s)
2024-06-04 00:13:06,235 INFO  - Received CAM message from veh_26 (at simulation time 142.901,900,000 s)
2024-06-04 00:13:06,239 INFO  - Atempting to process queue (at simulation time 143.000,000,000 s)
2024-06-04 00:13:06,239 INFO  - Vehicle is outside the detection area. (at simulation time 143.000,000,000 s)
2024-06-04 00:13:06,239 INFO  - Sent broadcast CAM message to all vehicles (at simulation time 143.000,000,000 s)
2024-06-04 00:13:06,241 INFO  - Received CAM message from veh_26 (at simulation time 143.000,400,000 s)
2024-06-04 00:13:06,242 INFO  - Received CAM message from veh_46 (at simulation time 143.002,400,000 s)
2024-06-04 00:13:06,242 INFO  - Atempting to process queue (at simulation time 143.100,000,000 s)
2024-06-04 00:13:06,242 INFO  - Vehicle is outside the detection area. (at simulation time 143.100,000,000 s)
2024-06-04 00:13:06,242 INFO  - Sent broadcast CAM message to all vehicles (at simulation time 143.100,000,000 s)
2024-06-04 00:13:06,242 INFO  - Received CAM message from veh_26 (at simulation time 143.100,400,000 s)
2024-06-04 00:13:06,242 INFO  - Received CAM message from veh_46 (at simulation time 143.100,900,000 s)
2024-06-04 00:13:06,243 INFO  - Atempting to process queue (at simulation time 143.200,000,000 s)
2024-06-04 00:13:06,243 INFO  - Vehicle is outside the detection area. (at simulation time 143.200,000,000 s)
2024-06-04 00:13:06,243 INFO  - Sent broadcast CAM message to all vehicles (at simulation time 143.200,000,000 s)
2024-06-04 00:13:06,244 INFO  - Received CAM message from veh_26 (at simulation time 143.201,900,000 s)
2024-06-04 00:13:06,244 INFO  - Received CAM message from veh_46 (at simulation time 143.202,400,000 s)
2024-06-04 00:13:06,245 INFO  - Atempting to process queue (at simulation time 143.300,000,000 s)
2024-06-04 00:13:06,245 INFO  - Vehicle is outside the detection area. (at simulation time 143.300,000,000 s)
2024-06-04 00:13:06,245 INFO  - Sent broadcast CAM message to all vehicles (at simulation time 143.300,000,000 s)
2024-06-04 00:13:06,245 INFO  - Received CAM message from veh_46 (at simulation time 143.300,400,000 s)
2024-06-04 00:13:06,245 INFO  - Received CAM message from veh_26 (at simulation time 143.300,900,000 s)
2024-06-04 00:13:06,246 INFO  - Atempting to process queue (at simulation time 143.400,000,000 s)
2024-06-04 00:13:06,246 INFO  - Vehicle is outside the detection area. (at simulation time 143.400,000,000 s)
2024-06-04 00:13:06,246 INFO  - Sent broadcast CAM message to all vehicles (at simulation time 143.400,000,000 s)
2024-06-04 00:13:06,247 INFO  - Received CAM message from veh_26 (at simulation time 143.400,400,000 s)
2024-06-04 00:13:06,247 INFO  - Received CAM message from veh_46 (at simulation time 143.401,900,000 s)
2024-06-04 00:13:06,248 INFO  - Atempting to process queue (at simulation time 143.500,000,000 s)
2024-06-04 00:13:06,248 INFO  - Vehicle is outside the detection area. (at simulation time 143.500,000,000 s)
2024-06-04 00:13:06,248 INFO  - Sent broadcast CAM message to all vehicles (at simulation time 143.500,000,000 s)
2024-06-04 00:13:06,249 INFO  - Received CAM message from veh_46 (at simulation time 143.500,900,000 s)
2024-06-04 00:13:06,249 INFO  - Received CAM message from veh_26 (at simulation time 143.501,900,000 s)
2024-06-04 00:13:06,249 INFO  - Atempting to process queue (at simulation time 143.600,000,000 s)
2024-06-04 00:13:06,249 INFO  - Vehicle is outside the detection area. (at simulation time 143.600,000,000 s)
2024-06-04 00:13:06,249 INFO  - Sent broadcast CAM message to all vehicles (at simulation time 143.600,000,000 s)
2024-06-04 00:13:06,250 INFO  - Received CAM message from veh_26 (at simulation time 143.600,400,000 s)
2024-06-04 00:13:06,251 INFO  - Received CAM message from veh_46 (at simulation time 143.602,400,000 s)
2024-06-04 00:13:06,251 INFO  - Atempting to process queue (at simulation time 143.700,000,000 s)
2024-06-04 00:13:06,251 INFO  - Vehicle is outside the detection area. (at simulation time 143.700,000,000 s)
2024-06-04 00:13:06,251 INFO  - Sent broadcast CAM message to all vehicles (at simulation time 143.700,000,000 s)
2024-06-04 00:13:06,252 INFO  - Received CAM message from veh_46 (at simulation time 143.700,400,000 s)
2024-06-04 00:13:06,252 INFO  - Received CAM message from veh_26 (at simulation time 143.700,400,000 s)
2024-06-04 00:13:06,253 INFO  - Atempting to process queue (at simulation time 143.800,000,000 s)
2024-06-04 00:13:06,253 INFO  - Vehicle is outside the detection area. (at simulation time 143.800,000,000 s)
2024-06-04 00:13:06,253 INFO  - Sent broadcast CAM message to all vehicles (at simulation time 143.800,000,000 s)
2024-06-04 00:13:06,254 INFO  - Received CAM message from veh_46 (at simulation time 143.800,400,000 s)
2024-06-04 00:13:06,254 INFO  - Received CAM message from veh_26 (at simulation time 143.800,400,000 s)
2024-06-04 00:13:06,255 INFO  - Atempting to process queue (at simulation time 143.900,000,000 s)
2024-06-04 00:13:06,255 INFO  - Vehicle is outside the detection area. (at simulation time 143.900,000,000 s)
2024-06-04 00:13:06,255 INFO  - Sent broadcast CAM message to all vehicles (at simulation time 143.900,000,000 s)
2024-06-04 00:13:06,256 INFO  - Received CAM message from veh_26 (at simulation time 143.901,900,000 s)
2024-06-04 00:13:06,257 INFO  - Received CAM message from veh_46 (at simulation time 143.902,400,000 s)
2024-06-04 00:13:06,259 INFO  - Atempting to process queue (at simulation time 144.000,000,000 s)
2024-06-04 00:13:06,259 INFO  - Vehicle is outside the detection area. (at simulation time 144.000,000,000 s)
2024-06-04 00:13:06,259 INFO  - Sent broadcast CAM message to all vehicles (at simulation time 144.000,000,000 s)
2024-06-04 00:13:06,261 INFO  - Received CAM message from veh_46 (at simulation time 144.001,400,000 s)
2024-06-04 00:13:06,261 INFO  - Atempting to process queue (at simulation time 144.100,000,000 s)
2024-06-04 00:13:06,261 INFO  - Vehicle is outside the detection area. (at simulation time 144.100,000,000 s)
2024-06-04 00:13:06,261 INFO  - Sent broadcast CAM message to all vehicles (at simulation time 144.100,000,000 s)
2024-06-04 00:13:06,262 INFO  - Received CAM message from veh_46 (at simulation time 144.102,400,000 s)
2024-06-04 00:13:06,262 INFO  - Atempting to process queue (at simulation time 144.200,000,000 s)
2024-06-04 00:13:06,262 INFO  - Vehicle is outside the detection area. (at simulation time 144.200,000,000 s)
2024-06-04 00:13:06,262 INFO  - Sent broadcast CAM message to all vehicles (at simulation time 144.200,000,000 s)
2024-06-04 00:13:06,264 INFO  - Received CAM message from veh_46 (at simulation time 144.200,900,000 s)
2024-06-04 00:13:06,264 INFO  - Atempting to process queue (at simulation time 144.300,000,000 s)
2024-06-04 00:13:06,264 INFO  - Vehicle is outside the detection area. (at simulation time 144.300,000,000 s)
2024-06-04 00:13:06,264 INFO  - Sent broadcast CAM message to all vehicles (at simulation time 144.300,000,000 s)
2024-06-04 00:13:06,265 INFO  - Received CAM message from veh_46 (at simulation time 144.301,400,000 s)
2024-06-04 00:13:06,266 INFO  - Atempting to process queue (at simulation time 144.400,000,000 s)
2024-06-04 00:13:06,266 INFO  - Vehicle is outside the detection area. (at simulation time 144.400,000,000 s)
2024-06-04 00:13:06,266 INFO  - Sent broadcast CAM message to all vehicles (at simulation time 144.400,000,000 s)
2024-06-04 00:13:06,268 INFO  - Received CAM message from veh_46 (at simulation time 144.402,400,000 s)
2024-06-04 00:13:06,268 INFO  - Atempting to process queue (at simulation time 144.500,000,000 s)
2024-06-04 00:13:06,268 INFO  - Vehicle is outside the detection area. (at simulation time 144.500,000,000 s)
2024-06-04 00:13:06,268 INFO  - Sent broadcast CAM message to all vehicles (at simulation time 144.500,000,000 s)
2024-06-04 00:13:06,269 INFO  - Received CAM message from veh_46 (at simulation time 144.500,900,000 s)
2024-06-04 00:13:06,269 INFO  - Atempting to process queue (at simulation time 144.600,000,000 s)
2024-06-04 00:13:06,269 INFO  - Vehicle is outside the detection area. (at simulation time 144.600,000,000 s)
2024-06-04 00:13:06,269 INFO  - Sent broadcast CAM message to all vehicles (at simulation time 144.600,000,000 s)
2024-06-04 00:13:06,270 INFO  - Received CAM message from veh_46 (at simulation time 144.601,400,000 s)
2024-06-04 00:13:06,271 INFO  - Atempting to process queue (at simulation time 144.700,000,000 s)
2024-06-04 00:13:06,271 INFO  - Vehicle is outside the detection area. (at simulation time 144.700,000,000 s)
2024-06-04 00:13:06,271 INFO  - Sent broadcast CAM message to all vehicles (at simulation time 144.700,000,000 s)
2024-06-04 00:13:06,272 INFO  - Received CAM message from veh_46 (at simulation time 144.700,900,000 s)
2024-06-04 00:13:06,272 INFO  - Atempting to process queue (at simulation time 144.800,000,000 s)
2024-06-04 00:13:06,272 INFO  - Vehicle is outside the detection area. (at simulation time 144.800,000,000 s)
2024-06-04 00:13:06,272 INFO  - Sent broadcast CAM message to all vehicles (at simulation time 144.800,000,000 s)
2024-06-04 00:13:06,274 INFO  - Received CAM message from veh_46 (at simulation time 144.802,400,000 s)
2024-06-04 00:13:06,274 INFO  - Atempting to process queue (at simulation time 144.900,000,000 s)
2024-06-04 00:13:06,274 INFO  - Vehicle is outside the detection area. (at simulation time 144.900,000,000 s)
2024-06-04 00:13:06,274 INFO  - Sent broadcast CAM message to all vehicles (at simulation time 144.900,000,000 s)
2024-06-04 00:13:06,275 INFO  - Received CAM message from veh_46 (at simulation time 144.901,900,000 s)
2024-06-04 00:13:06,283 INFO  - Atempting to process queue (at simulation time 145.000,000,000 s)
2024-06-04 00:13:06,283 INFO  - Vehicle is outside the detection area. (at simulation time 145.000,000,000 s)
2024-06-04 00:13:06,283 INFO  - Sent broadcast CAM message to all vehicles (at simulation time 145.000,000,000 s)
2024-06-04 00:13:06,286 INFO  - Received CAM message from veh_46 (at simulation time 145.000,900,000 s)
2024-06-04 00:13:06,287 INFO  - Atempting to process queue (at simulation time 145.100,000,000 s)
2024-06-04 00:13:06,287 INFO  - Vehicle is outside the detection area. (at simulation time 145.100,000,000 s)
2024-06-04 00:13:06,287 INFO  - Sent broadcast CAM message to all vehicles (at simulation time 145.100,000,000 s)
2024-06-04 00:13:06,288 INFO  - Received CAM message from veh_46 (at simulation time 145.101,900,000 s)
2024-06-04 00:13:06,289 INFO  - Atempting to process queue (at simulation time 145.200,000,000 s)
2024-06-04 00:13:06,289 INFO  - Vehicle is outside the detection area. (at simulation time 145.200,000,000 s)
2024-06-04 00:13:06,289 INFO  - Sent broadcast CAM message to all vehicles (at simulation time 145.200,000,000 s)
2024-06-04 00:13:06,289 INFO  - Received CAM message from veh_46 (at simulation time 145.200,400,000 s)
2024-06-04 00:13:06,290 INFO  - Atempting to process queue (at simulation time 145.300,000,000 s)
2024-06-04 00:13:06,290 INFO  - Vehicle is outside the detection area. (at simulation time 145.300,000,000 s)
2024-06-04 00:13:06,290 INFO  - Sent broadcast CAM message to all vehicles (at simulation time 145.300,000,000 s)
2024-06-04 00:13:06,292 INFO  - Received CAM message from veh_46 (at simulation time 145.301,900,000 s)
2024-06-04 00:13:06,292 INFO  - Atempting to process queue (at simulation time 145.400,000,000 s)
2024-06-04 00:13:06,292 INFO  - Vehicle is outside the detection area. (at simulation time 145.400,000,000 s)
2024-06-04 00:13:06,292 INFO  - Sent broadcast CAM message to all vehicles (at simulation time 145.400,000,000 s)
2024-06-04 00:13:06,293 INFO  - Received CAM message from veh_46 (at simulation time 145.400,400,000 s)
2024-06-04 00:13:06,293 INFO  - Atempting to process queue (at simulation time 145.500,000,000 s)
2024-06-04 00:13:06,293 INFO  - Vehicle is outside the detection area. (at simulation time 145.500,000,000 s)
2024-06-04 00:13:06,293 INFO  - Sent broadcast CAM message to all vehicles (at simulation time 145.500,000,000 s)
2024-06-04 00:13:06,294 INFO  - Received CAM message from veh_46 (at simulation time 145.500,900,000 s)
2024-06-04 00:13:06,295 INFO  - Atempting to process queue (at simulation time 145.600,000,000 s)
2024-06-04 00:13:06,295 INFO  - Vehicle is outside the detection area. (at simulation time 145.600,000,000 s)
2024-06-04 00:13:06,295 INFO  - Sent broadcast CAM message to all vehicles (at simulation time 145.600,000,000 s)
2024-06-04 00:13:06,296 INFO  - Received CAM message from veh_46 (at simulation time 145.601,400,000 s)
2024-06-04 00:13:06,296 INFO  - Atempting to process queue (at simulation time 145.700,000,000 s)
2024-06-04 00:13:06,296 INFO  - Vehicle is outside the detection area. (at simulation time 145.700,000,000 s)
2024-06-04 00:13:06,296 INFO  - Sent broadcast CAM message to all vehicles (at simulation time 145.700,000,000 s)
2024-06-04 00:13:06,297 INFO  - Received CAM message from veh_46 (at simulation time 145.700,400,000 s)
2024-06-04 00:13:06,298 INFO  - Atempting to process queue (at simulation time 145.800,000,000 s)
2024-06-04 00:13:06,298 INFO  - Vehicle is outside the detection area. (at simulation time 145.800,000,000 s)
2024-06-04 00:13:06,298 INFO  - Sent broadcast CAM message to all vehicles (at simulation time 145.800,000,000 s)
2024-06-04 00:13:06,299 INFO  - Received CAM message from veh_46 (at simulation time 145.801,400,000 s)
2024-06-04 00:13:06,300 INFO  - Atempting to process queue (at simulation time 145.900,000,000 s)
2024-06-04 00:13:06,300 INFO  - Vehicle is outside the detection area. (at simulation time 145.900,000,000 s)
2024-06-04 00:13:06,300 INFO  - Sent broadcast CAM message to all vehicles (at simulation time 145.900,000,000 s)
2024-06-04 00:13:06,301 INFO  - Received CAM message from veh_46 (at simulation time 145.901,400,000 s)
2024-06-04 00:13:06,304 INFO  - Atempting to process queue (at simulation time 146.000,000,000 s)
2024-06-04 00:13:06,304 INFO  - Vehicle is outside the detection area. (at simulation time 146.000,000,000 s)
2024-06-04 00:13:06,304 INFO  - Sent broadcast CAM message to all vehicles (at simulation time 146.000,000,000 s)
2024-06-04 00:13:06,306 INFO  - Received CAM message from veh_46 (at simulation time 146.001,900,000 s)
2024-06-04 00:13:06,306 INFO  - Atempting to process queue (at simulation time 146.100,000,000 s)
2024-06-04 00:13:06,306 INFO  - Vehicle is outside the detection area. (at simulation time 146.100,000,000 s)
2024-06-04 00:13:06,306 INFO  - Sent broadcast CAM message to all vehicles (at simulation time 146.100,000,000 s)
2024-06-04 00:13:06,307 INFO  - Received CAM message from veh_46 (at simulation time 146.100,900,000 s)
2024-06-04 00:13:06,308 INFO  - Atempting to process queue (at simulation time 146.200,000,000 s)
2024-06-04 00:13:06,308 INFO  - Vehicle is outside the detection area. (at simulation time 146.200,000,000 s)
2024-06-04 00:13:06,308 INFO  - Sent broadcast CAM message to all vehicles (at simulation time 146.200,000,000 s)
2024-06-04 00:13:06,309 INFO  - Received CAM message from veh_46 (at simulation time 146.201,900,000 s)
2024-06-04 00:13:06,309 INFO  - Atempting to process queue (at simulation time 146.300,000,000 s)
2024-06-04 00:13:06,309 INFO  - Vehicle is outside the detection area. (at simulation time 146.300,000,000 s)
2024-06-04 00:13:06,309 INFO  - Sent broadcast CAM message to all vehicles (at simulation time 146.300,000,000 s)
2024-06-04 00:13:06,311 INFO  - Received CAM message from veh_46 (at simulation time 146.302,400,000 s)
2024-06-04 00:13:06,311 INFO  - Atempting to process queue (at simulation time 146.400,000,000 s)
2024-06-04 00:13:06,311 INFO  - Vehicle is outside the detection area. (at simulation time 146.400,000,000 s)
2024-06-04 00:13:06,311 INFO  - Sent broadcast CAM message to all vehicles (at simulation time 146.400,000,000 s)
2024-06-04 00:13:06,312 INFO  - Received CAM message from veh_46 (at simulation time 146.401,400,000 s)
2024-06-04 00:13:06,312 INFO  - Atempting to process queue (at simulation time 146.500,000,000 s)
2024-06-04 00:13:06,312 INFO  - Vehicle is outside the detection area. (at simulation time 146.500,000,000 s)
2024-06-04 00:13:06,312 INFO  - Sent broadcast CAM message to all vehicles (at simulation time 146.500,000,000 s)
2024-06-04 00:13:06,313 INFO  - Received CAM message from veh_46 (at simulation time 146.501,900,000 s)
2024-06-04 00:13:06,314 INFO  - Atempting to process queue (at simulation time 146.600,000,000 s)
2024-06-04 00:13:06,314 INFO  - Vehicle is outside the detection area. (at simulation time 146.600,000,000 s)
2024-06-04 00:13:06,314 INFO  - Sent broadcast CAM message to all vehicles (at simulation time 146.600,000,000 s)
2024-06-04 00:13:06,314 INFO  - Received CAM message from veh_46 (at simulation time 146.601,400,000 s)
2024-06-04 00:13:06,315 INFO  - Atempting to process queue (at simulation time 146.700,000,000 s)
2024-06-04 00:13:06,315 INFO  - Vehicle is outside the detection area. (at simulation time 146.700,000,000 s)
2024-06-04 00:13:06,315 INFO  - Sent broadcast CAM message to all vehicles (at simulation time 146.700,000,000 s)
2024-06-04 00:13:06,316 INFO  - Received CAM message from veh_46 (at simulation time 146.700,900,000 s)
2024-06-04 00:13:06,316 INFO  - Atempting to process queue (at simulation time 146.800,000,000 s)
2024-06-04 00:13:06,316 INFO  - Vehicle is outside the detection area. (at simulation time 146.800,000,000 s)
2024-06-04 00:13:06,316 INFO  - Sent broadcast CAM message to all vehicles (at simulation time 146.800,000,000 s)
2024-06-04 00:13:06,317 INFO  - Received CAM message from veh_46 (at simulation time 146.801,400,000 s)
2024-06-04 00:13:06,318 INFO  - Atempting to process queue (at simulation time 146.900,000,000 s)
2024-06-04 00:13:06,318 INFO  - Vehicle is outside the detection area. (at simulation time 146.900,000,000 s)
2024-06-04 00:13:06,318 INFO  - Sent broadcast CAM message to all vehicles (at simulation time 146.900,000,000 s)
2024-06-04 00:13:06,320 INFO  - Received CAM message from veh_46 (at simulation time 146.902,400,000 s)
2024-06-04 00:13:06,323 INFO  - Atempting to process queue (at simulation time 147.000,000,000 s)
2024-06-04 00:13:06,323 INFO  - Vehicle is outside the detection area. (at simulation time 147.000,000,000 s)
2024-06-04 00:13:06,323 INFO  - Sent broadcast CAM message to all vehicles (at simulation time 147.000,000,000 s)
2024-06-04 00:13:06,325 INFO  - Received CAM message from veh_46 (at simulation time 147.000,900,000 s)
2024-06-04 00:13:06,325 INFO  - Atempting to process queue (at simulation time 147.100,000,000 s)
2024-06-04 00:13:06,325 INFO  - Vehicle is outside the detection area. (at simulation time 147.100,000,000 s)
2024-06-04 00:13:06,325 INFO  - Sent broadcast CAM message to all vehicles (at simulation time 147.100,000,000 s)
2024-06-04 00:13:06,326 INFO  - Received CAM message from veh_46 (at simulation time 147.100,900,000 s)
2024-06-04 00:13:06,327 INFO  - Atempting to process queue (at simulation time 147.200,000,000 s)
2024-06-04 00:13:06,327 INFO  - Vehicle is outside the detection area. (at simulation time 147.200,000,000 s)
2024-06-04 00:13:06,327 INFO  - Sent broadcast CAM message to all vehicles (at simulation time 147.200,000,000 s)
2024-06-04 00:13:06,328 INFO  - Received CAM message from veh_46 (at simulation time 147.201,900,000 s)
2024-06-04 00:13:06,328 INFO  - Atempting to process queue (at simulation time 147.300,000,000 s)
2024-06-04 00:13:06,328 INFO  - Vehicle is outside the detection area. (at simulation time 147.300,000,000 s)
2024-06-04 00:13:06,328 INFO  - Sent broadcast CAM message to all vehicles (at simulation time 147.300,000,000 s)
2024-06-04 00:13:06,329 INFO  - Received CAM message from veh_46 (at simulation time 147.300,900,000 s)
2024-06-04 00:13:06,330 INFO  - Atempting to process queue (at simulation time 147.400,000,000 s)
2024-06-04 00:13:06,330 INFO  - Vehicle is outside the detection area. (at simulation time 147.400,000,000 s)
2024-06-04 00:13:06,330 INFO  - Sent broadcast CAM message to all vehicles (at simulation time 147.400,000,000 s)
2024-06-04 00:13:06,331 INFO  - Received CAM message from veh_46 (at simulation time 147.401,900,000 s)
2024-06-04 00:13:06,331 INFO  - Atempting to process queue (at simulation time 147.500,000,000 s)
2024-06-04 00:13:06,331 INFO  - Vehicle is outside the detection area. (at simulation time 147.500,000,000 s)
2024-06-04 00:13:06,331 INFO  - Sent broadcast CAM message to all vehicles (at simulation time 147.500,000,000 s)
2024-06-04 00:13:06,333 INFO  - Received CAM message from veh_46 (at simulation time 147.502,400,000 s)
2024-06-04 00:13:06,333 INFO  - Atempting to process queue (at simulation time 147.600,000,000 s)
2024-06-04 00:13:06,333 INFO  - Vehicle is outside the detection area. (at simulation time 147.600,000,000 s)
2024-06-04 00:13:06,333 INFO  - Sent broadcast CAM message to all vehicles (at simulation time 147.600,000,000 s)
2024-06-04 00:13:06,334 INFO  - Received CAM message from veh_46 (at simulation time 147.601,900,000 s)
2024-06-04 00:13:06,335 INFO  - Atempting to process queue (at simulation time 147.700,000,000 s)
2024-06-04 00:13:06,335 INFO  - Vehicle is outside the detection area. (at simulation time 147.700,000,000 s)
2024-06-04 00:13:06,335 INFO  - Sent broadcast CAM message to all vehicles (at simulation time 147.700,000,000 s)
2024-06-04 00:13:06,335 INFO  - Received CAM message from veh_46 (at simulation time 147.700,900,000 s)
2024-06-04 00:13:06,336 INFO  - Atempting to process queue (at simulation time 147.800,000,000 s)
2024-06-04 00:13:06,336 INFO  - Vehicle is outside the detection area. (at simulation time 147.800,000,000 s)
2024-06-04 00:13:06,336 INFO  - Sent broadcast CAM message to all vehicles (at simulation time 147.800,000,000 s)
2024-06-04 00:13:06,338 INFO  - Received CAM message from veh_46 (at simulation time 147.802,400,000 s)
2024-06-04 00:13:06,338 INFO  - Atempting to process queue (at simulation time 147.900,000,000 s)
2024-06-04 00:13:06,338 INFO  - Vehicle is outside the detection area. (at simulation time 147.900,000,000 s)
2024-06-04 00:13:06,338 INFO  - Sent broadcast CAM message to all vehicles (at simulation time 147.900,000,000 s)
2024-06-04 00:13:06,339 INFO  - Received CAM message from veh_46 (at simulation time 147.901,400,000 s)
2024-06-04 00:13:06,341 INFO  - Shutdown application (at simulation time 148.000,000,000 s)
