2024-06-04 00:13:09,550 INFO  - Initialize application (at simulation time 271.000,000,000 s)
2024-06-04 00:13:09,550 INFO  - Activated WLAN Module (at simulation time 271.000,000,000 s)
2024-06-04 00:13:09,550 INFO  - Vehicle is outside the detection area. (at simulation time 271.000,000,000 s)
2024-06-04 00:13:09,550 INFO  - Sent broadcast CAM message to all vehicles (at simulation time 271.000,000,000 s)
2024-06-04 00:13:09,552 INFO  - Vehicle is outside the detection area. (at simulation time 271.100,000,000 s)
2024-06-04 00:13:09,552 INFO  - Sent broadcast CAM message to all vehicles (at simulation time 271.100,000,000 s)
2024-06-04 00:13:09,554 INFO  - Vehicle is outside the detection area. (at simulation time 271.200,000,000 s)
2024-06-04 00:13:09,554 INFO  - Sent broadcast CAM message to all vehicles (at simulation time 271.200,000,000 s)
2024-06-04 00:13:09,555 INFO  - Vehicle is outside the detection area. (at simulation time 271.300,000,000 s)
2024-06-04 00:13:09,555 INFO  - Sent broadcast CAM message to all vehicles (at simulation time 271.300,000,000 s)
2024-06-04 00:13:09,556 INFO  - Vehicle is outside the detection area. (at simulation time 271.400,000,000 s)
2024-06-04 00:13:09,557 INFO  - Sent broadcast CAM message to all vehicles (at simulation time 271.400,000,000 s)
2024-06-04 00:13:09,558 INFO  - Vehicle is outside the detection area. (at simulation time 271.500,000,000 s)
2024-06-04 00:13:09,558 INFO  - Sent broadcast CAM message to all vehicles (at simulation time 271.500,000,000 s)
2024-06-04 00:13:09,560 INFO  - Vehicle is outside the detection area. (at simulation time 271.600,000,000 s)
2024-06-04 00:13:09,560 INFO  - Sent broadcast CAM message to all vehicles (at simulation time 271.600,000,000 s)
2024-06-04 00:13:09,561 INFO  - Vehicle is outside the detection area. (at simulation time 271.700,000,000 s)
2024-06-04 00:13:09,561 INFO  - Sent broadcast CAM message to all vehicles (at simulation time 271.700,000,000 s)
2024-06-04 00:13:09,563 INFO  - Vehicle is outside the detection area. (at simulation time 271.800,000,000 s)
2024-06-04 00:13:09,563 INFO  - Sent broadcast CAM message to all vehicles (at simulation time 271.800,000,000 s)
2024-06-04 00:13:09,565 INFO  - Vehicle is outside the detection area. (at simulation time 271.900,000,000 s)
2024-06-04 00:13:09,565 INFO  - Sent broadcast CAM message to all vehicles (at simulation time 271.900,000,000 s)
2024-06-04 00:13:09,569 INFO  - Vehicle is outside the detection area. (at simulation time 272.000,000,000 s)
2024-06-04 00:13:09,569 INFO  - Sent broadcast CAM message to all vehicles (at simulation time 272.000,000,000 s)
2024-06-04 00:13:09,571 INFO  - Vehicle is outside the detection area. (at simulation time 272.100,000,000 s)
2024-06-04 00:13:09,571 INFO  - Sent broadcast CAM message to all vehicles (at simulation time 272.100,000,000 s)
2024-06-04 00:13:09,573 INFO  - Vehicle is outside the detection area. (at simulation time 272.200,000,000 s)
2024-06-04 00:13:09,573 INFO  - Sent broadcast CAM message to all vehicles (at simulation time 272.200,000,000 s)
2024-06-04 00:13:09,574 INFO  - Vehicle is outside the detection area. (at simulation time 272.300,000,000 s)
2024-06-04 00:13:09,574 INFO  - Sent broadcast CAM message to all vehicles (at simulation time 272.300,000,000 s)
2024-06-04 00:13:09,576 INFO  - Vehicle is outside the detection area. (at simulation time 272.400,000,000 s)
2024-06-04 00:13:09,576 INFO  - Sent broadcast CAM message to all vehicles (at simulation time 272.400,000,000 s)
2024-06-04 00:13:09,577 INFO  - Vehicle is outside the detection area. (at simulation time 272.500,000,000 s)
2024-06-04 00:13:09,577 INFO  - Sent broadcast CAM message to all vehicles (at simulation time 272.500,000,000 s)
2024-06-04 00:13:09,579 INFO  - Vehicle is outside the detection area. (at simulation time 272.600,000,000 s)
2024-06-04 00:13:09,579 INFO  - Sent broadcast CAM message to all vehicles (at simulation time 272.600,000,000 s)
2024-06-04 00:13:09,581 INFO  - Vehicle is outside the detection area. (at simulation time 272.700,000,000 s)
2024-06-04 00:13:09,581 INFO  - Sent broadcast CAM message to all vehicles (at simulation time 272.700,000,000 s)
2024-06-04 00:13:09,600 INFO  - Vehicle is outside the detection area. (at simulation time 272.800,000,000 s)
2024-06-04 00:13:09,600 INFO  - Sent broadcast CAM message to all vehicles (at simulation time 272.800,000,000 s)
2024-06-04 00:13:09,603 INFO  - Vehicle is outside the detection area. (at simulation time 272.900,000,000 s)
2024-06-04 00:13:09,603 INFO  - Sent broadcast CAM message to all vehicles (at simulation time 272.900,000,000 s)
2024-06-04 00:13:09,609 INFO  - Vehicle is inside the detection area. (at simulation time 273.000,000,000 s)
2024-06-04 00:13:09,609 INFO  - Vehicle is too far away from the traffic light. (at simulation time 273.000,000,000 s)
2024-06-04 00:13:09,609 INFO  - No vehicles in range. (at simulation time 273.000,000,000 s)
2024-06-04 00:13:09,609 INFO  - Neither the RSU nor any vehicle is in range. (at simulation time 273.000,000,000 s)
2024-06-04 00:13:09,609 INFO  - Sent broadcast CAM message to all vehicles (at simulation time 273.000,000,000 s)
2024-06-04 00:13:09,610 INFO  - Vehicle is inside the detection area. (at simulation time 273.100,000,000 s)
2024-06-04 00:13:09,610 INFO  - Vehicle is too far away from the traffic light. (at simulation time 273.100,000,000 s)
2024-06-04 00:13:09,610 INFO  - No vehicles in range. (at simulation time 273.100,000,000 s)
2024-06-04 00:13:09,610 INFO  - Neither the RSU nor any vehicle is in range. (at simulation time 273.100,000,000 s)
2024-06-04 00:13:09,610 INFO  - Sent broadcast CAM message to all vehicles (at simulation time 273.100,000,000 s)
2024-06-04 00:13:09,612 INFO  - Vehicle is inside the detection area. (at simulation time 273.200,000,000 s)
2024-06-04 00:13:09,612 INFO  - Vehicle is too far away from the traffic light. (at simulation time 273.200,000,000 s)
2024-06-04 00:13:09,612 INFO  - No vehicles in range. (at simulation time 273.200,000,000 s)
2024-06-04 00:13:09,612 INFO  - Neither the RSU nor any vehicle is in range. (at simulation time 273.200,000,000 s)
2024-06-04 00:13:09,612 INFO  - Sent broadcast CAM message to all vehicles (at simulation time 273.200,000,000 s)
2024-06-04 00:13:09,613 INFO  - Vehicle is inside the detection area. (at simulation time 273.300,000,000 s)
2024-06-04 00:13:09,613 INFO  - Vehicle is too far away from the traffic light. (at simulation time 273.300,000,000 s)
2024-06-04 00:13:09,613 INFO  - No vehicles in range. (at simulation time 273.300,000,000 s)
2024-06-04 00:13:09,613 INFO  - Neither the RSU nor any vehicle is in range. (at simulation time 273.300,000,000 s)
2024-06-04 00:13:09,614 INFO  - Sent broadcast CAM message to all vehicles (at simulation time 273.300,000,000 s)
2024-06-04 00:13:09,615 INFO  - Vehicle is inside the detection area. (at simulation time 273.400,000,000 s)
2024-06-04 00:13:09,615 INFO  - Vehicle is too far away from the traffic light. (at simulation time 273.400,000,000 s)
2024-06-04 00:13:09,615 INFO  - No vehicles in range. (at simulation time 273.400,000,000 s)
2024-06-04 00:13:09,615 INFO  - Neither the RSU nor any vehicle is in range. (at simulation time 273.400,000,000 s)
2024-06-04 00:13:09,615 INFO  - Sent broadcast CAM message to all vehicles (at simulation time 273.400,000,000 s)
2024-06-04 00:13:09,617 INFO  - Vehicle is inside the detection area. (at simulation time 273.500,000,000 s)
2024-06-04 00:13:09,617 INFO  - Vehicle is too far away from the traffic light. (at simulation time 273.500,000,000 s)
2024-06-04 00:13:09,617 INFO  - No vehicles in range. (at simulation time 273.500,000,000 s)
2024-06-04 00:13:09,617 INFO  - Neither the RSU nor any vehicle is in range. (at simulation time 273.500,000,000 s)
2024-06-04 00:13:09,617 INFO  - Sent broadcast CAM message to all vehicles (at simulation time 273.500,000,000 s)
2024-06-04 00:13:09,618 INFO  - Vehicle is inside the detection area. (at simulation time 273.600,000,000 s)
2024-06-04 00:13:09,618 INFO  - Vehicle is too far away from the traffic light. (at simulation time 273.600,000,000 s)
2024-06-04 00:13:09,618 INFO  - No vehicles in range. (at simulation time 273.600,000,000 s)
2024-06-04 00:13:09,618 INFO  - Neither the RSU nor any vehicle is in range. (at simulation time 273.600,000,000 s)
2024-06-04 00:13:09,618 INFO  - Sent broadcast CAM message to all vehicles (at simulation time 273.600,000,000 s)
2024-06-04 00:13:09,620 INFO  - Vehicle is inside the detection area. (at simulation time 273.700,000,000 s)
2024-06-04 00:13:09,620 INFO  - Vehicle is too far away from the traffic light. (at simulation time 273.700,000,000 s)
2024-06-04 00:13:09,620 INFO  - No vehicles in range. (at simulation time 273.700,000,000 s)
2024-06-04 00:13:09,620 INFO  - Neither the RSU nor any vehicle is in range. (at simulation time 273.700,000,000 s)
2024-06-04 00:13:09,620 INFO  - Sent broadcast CAM message to all vehicles (at simulation time 273.700,000,000 s)
2024-06-04 00:13:09,621 INFO  - Vehicle is inside the detection area. (at simulation time 273.800,000,000 s)
2024-06-04 00:13:09,621 INFO  - Vehicle is too far away from the traffic light. (at simulation time 273.800,000,000 s)
2024-06-04 00:13:09,621 INFO  - No vehicles in range. (at simulation time 273.800,000,000 s)
2024-06-04 00:13:09,621 INFO  - Neither the RSU nor any vehicle is in range. (at simulation time 273.800,000,000 s)
2024-06-04 00:13:09,621 INFO  - Sent broadcast CAM message to all vehicles (at simulation time 273.800,000,000 s)
2024-06-04 00:13:09,622 INFO  - Vehicle is inside the detection area. (at simulation time 273.900,000,000 s)
2024-06-04 00:13:09,622 INFO  - Vehicle is too far away from the traffic light. (at simulation time 273.900,000,000 s)
2024-06-04 00:13:09,622 INFO  - No vehicles in range. (at simulation time 273.900,000,000 s)
2024-06-04 00:13:09,622 INFO  - Neither the RSU nor any vehicle is in range. (at simulation time 273.900,000,000 s)
2024-06-04 00:13:09,622 INFO  - Sent broadcast CAM message to all vehicles (at simulation time 273.900,000,000 s)
2024-06-04 00:13:09,627 INFO  - Vehicle is inside the detection area. (at simulation time 274.000,000,000 s)
2024-06-04 00:13:09,627 INFO  - Vehicle is too far away from the traffic light. (at simulation time 274.000,000,000 s)
2024-06-04 00:13:09,627 INFO  - No vehicles in range. (at simulation time 274.000,000,000 s)
2024-06-04 00:13:09,627 INFO  - Neither the RSU nor any vehicle is in range. (at simulation time 274.000,000,000 s)
2024-06-04 00:13:09,627 INFO  - Sent broadcast CAM message to all vehicles (at simulation time 274.000,000,000 s)
2024-06-04 00:13:09,635 INFO  - Received CAM message from veh_152 (at simulation time 274.000,900,000 s)
2024-06-04 00:13:09,635 INFO  - Atempting to process queue (at simulation time 274.100,000,000 s)
2024-06-04 00:13:09,635 INFO  - Vehicle is inside the detection area. (at simulation time 274.100,000,000 s)
2024-06-04 00:13:09,635 INFO  - Vehicle is too far away from the traffic light. (at simulation time 274.100,000,000 s)
2024-06-04 00:13:09,635 INFO  - Sent Detection message to veh_152 (at simulation time 274.100,000,000 s)
2024-06-04 00:13:09,635 INFO  - Sent broadcast CAM message to all vehicles (at simulation time 274.100,000,000 s)
2024-06-04 00:13:09,636 INFO  - Received CAM message from veh_152 (at simulation time 274.100,900,000 s)
2024-06-04 00:13:09,637 INFO  - Atempting to process queue (at simulation time 274.200,000,000 s)
2024-06-04 00:13:09,637 INFO  - Vehicle is inside the detection area. (at simulation time 274.200,000,000 s)
2024-06-04 00:13:09,637 INFO  - Vehicle is too far away from the traffic light. (at simulation time 274.200,000,000 s)
2024-06-04 00:13:09,637 INFO  - Sent Detection message to veh_152 (at simulation time 274.200,000,000 s)
2024-06-04 00:13:09,637 INFO  - Sent broadcast CAM message to all vehicles (at simulation time 274.200,000,000 s)
2024-06-04 00:13:09,638 INFO  - Received CAM message from veh_152 (at simulation time 274.201,400,000 s)
2024-06-04 00:13:09,638 INFO  - Atempting to process queue (at simulation time 274.300,000,000 s)
2024-06-04 00:13:09,638 INFO  - Vehicle is inside the detection area. (at simulation time 274.300,000,000 s)
2024-06-04 00:13:09,638 INFO  - Vehicle is too far away from the traffic light. (at simulation time 274.300,000,000 s)
2024-06-04 00:13:09,638 INFO  - Sent Detection message to veh_152 (at simulation time 274.300,000,000 s)
2024-06-04 00:13:09,638 INFO  - Sent broadcast CAM message to all vehicles (at simulation time 274.300,000,000 s)
2024-06-04 00:13:09,639 INFO  - Received CAM message from veh_152 (at simulation time 274.301,900,000 s)
2024-06-04 00:13:09,639 INFO  - Atempting to process queue (at simulation time 274.400,000,000 s)
2024-06-04 00:13:09,639 INFO  - Vehicle is inside the detection area. (at simulation time 274.400,000,000 s)
2024-06-04 00:13:09,639 INFO  - Vehicle is too far away from the traffic light. (at simulation time 274.400,000,000 s)
2024-06-04 00:13:09,639 INFO  - Sent Detection message to veh_152 (at simulation time 274.400,000,000 s)
2024-06-04 00:13:09,639 INFO  - Sent broadcast CAM message to all vehicles (at simulation time 274.400,000,000 s)
2024-06-04 00:13:09,640 INFO  - Received CAM message from veh_152 (at simulation time 274.401,400,000 s)
2024-06-04 00:13:09,641 INFO  - Atempting to process queue (at simulation time 274.500,000,000 s)
2024-06-04 00:13:09,641 INFO  - Vehicle is inside the detection area. (at simulation time 274.500,000,000 s)
2024-06-04 00:13:09,641 INFO  - Vehicle is too far away from the traffic light. (at simulation time 274.500,000,000 s)
2024-06-04 00:13:09,641 INFO  - Sent Detection message to veh_152 (at simulation time 274.500,000,000 s)
2024-06-04 00:13:09,641 INFO  - Sent broadcast CAM message to all vehicles (at simulation time 274.500,000,000 s)
2024-06-04 00:13:09,642 INFO  - Received CAM message from veh_152 (at simulation time 274.501,400,000 s)
2024-06-04 00:13:09,642 INFO  - Atempting to process queue (at simulation time 274.600,000,000 s)
2024-06-04 00:13:09,642 INFO  - Vehicle is inside the detection area. (at simulation time 274.600,000,000 s)
2024-06-04 00:13:09,642 INFO  - Vehicle is too far away from the traffic light. (at simulation time 274.600,000,000 s)
2024-06-04 00:13:09,642 INFO  - Sent Detection message to veh_152 (at simulation time 274.600,000,000 s)
2024-06-04 00:13:09,642 INFO  - Sent broadcast CAM message to all vehicles (at simulation time 274.600,000,000 s)
2024-06-04 00:13:09,644 INFO  - Received CAM message from veh_152 (at simulation time 274.601,900,000 s)
2024-06-04 00:13:09,644 INFO  - Atempting to process queue (at simulation time 274.700,000,000 s)
2024-06-04 00:13:09,644 INFO  - Vehicle is inside the detection area. (at simulation time 274.700,000,000 s)
2024-06-04 00:13:09,644 INFO  - Vehicle is too far away from the traffic light. (at simulation time 274.700,000,000 s)
2024-06-04 00:13:09,644 INFO  - Sent Detection message to veh_152 (at simulation time 274.700,000,000 s)
2024-06-04 00:13:09,644 INFO  - Sent broadcast CAM message to all vehicles (at simulation time 274.700,000,000 s)
2024-06-04 00:13:09,645 INFO  - Received CAM message from veh_152 (at simulation time 274.701,400,000 s)
2024-06-04 00:13:09,645 INFO  - Atempting to process queue (at simulation time 274.800,000,000 s)
2024-06-04 00:13:09,645 INFO  - Vehicle is inside the detection area. (at simulation time 274.800,000,000 s)
2024-06-04 00:13:09,645 INFO  - Vehicle is too far away from the traffic light. (at simulation time 274.800,000,000 s)
2024-06-04 00:13:09,645 INFO  - Sent Detection message to veh_152 (at simulation time 274.800,000,000 s)
2024-06-04 00:13:09,646 INFO  - Sent broadcast CAM message to all vehicles (at simulation time 274.800,000,000 s)
2024-06-04 00:13:09,647 INFO  - Received CAM message from veh_152 (at simulation time 274.801,900,000 s)
2024-06-04 00:13:09,647 INFO  - Atempting to process queue (at simulation time 274.900,000,000 s)
2024-06-04 00:13:09,647 INFO  - Vehicle is inside the detection area. (at simulation time 274.900,000,000 s)
2024-06-04 00:13:09,647 INFO  - Vehicle is too far away from the traffic light. (at simulation time 274.900,000,000 s)
2024-06-04 00:13:09,647 INFO  - Sent Detection message to veh_152 (at simulation time 274.900,000,000 s)
2024-06-04 00:13:09,647 INFO  - Sent broadcast CAM message to all vehicles (at simulation time 274.900,000,000 s)
2024-06-04 00:13:09,648 INFO  - Received CAM message from veh_152 (at simulation time 274.900,900,000 s)
2024-06-04 00:13:09,653 INFO  - Atempting to process queue (at simulation time 275.000,000,000 s)
2024-06-04 00:13:09,654 INFO  - Vehicle is inside the detection area. (at simulation time 275.000,000,000 s)
2024-06-04 00:13:09,654 INFO  - Sent Detection message to rsu_0 (at simulation time 275.000,000,000 s)
2024-06-04 00:13:09,654 INFO  - Sent broadcast CAM message to all vehicles (at simulation time 275.000,000,000 s)
2024-06-04 00:13:09,655 INFO  - Received CAM message from veh_152 (at simulation time 275.000,900,000 s)
2024-06-04 00:13:09,655 INFO  - Received CAM message from veh_78 (at simulation time 275.000,900,000 s)
2024-06-04 00:13:09,655 INFO  - Received CAM message from veh_111 (at simulation time 275.001,400,000 s)
2024-06-04 00:13:09,656 INFO  - Received CAM message from veh_81 (at simulation time 275.001,900,000 s)
2024-06-04 00:13:09,656 INFO  - Atempting to process queue (at simulation time 275.100,000,000 s)
2024-06-04 00:13:09,656 INFO  - Vehicle is inside the detection area. (at simulation time 275.100,000,000 s)
2024-06-04 00:13:09,656 INFO  - Sent Detection message to rsu_0 (at simulation time 275.100,000,000 s)
2024-06-04 00:13:09,656 INFO  - Sent broadcast CAM message to all vehicles (at simulation time 275.100,000,000 s)
2024-06-04 00:13:09,657 INFO  - Received CAM message from veh_81 (at simulation time 275.100,900,000 s)
2024-06-04 00:13:09,657 INFO  - Received CAM message from veh_78 (at simulation time 275.100,900,000 s)
2024-06-04 00:13:09,657 INFO  - Received CAM message from veh_152 (at simulation time 275.101,400,000 s)
2024-06-04 00:13:09,657 INFO  - Received CAM message from veh_111 (at simulation time 275.101,900,000 s)
2024-06-04 00:13:09,657 INFO  - Atempting to process queue (at simulation time 275.200,000,000 s)
2024-06-04 00:13:09,657 INFO  - Vehicle is inside the detection area. (at simulation time 275.200,000,000 s)
2024-06-04 00:13:09,657 INFO  - Sent Detection message to rsu_0 (at simulation time 275.200,000,000 s)
2024-06-04 00:13:09,657 INFO  - Sent broadcast CAM message to all vehicles (at simulation time 275.200,000,000 s)
2024-06-04 00:13:09,658 INFO  - Received CAM message from veh_111 (at simulation time 275.200,400,000 s)
2024-06-04 00:13:09,659 INFO  - Received CAM message from veh_81 (at simulation time 275.201,400,000 s)
2024-06-04 00:13:09,659 INFO  - Received CAM message from veh_152 (at simulation time 275.201,900,000 s)
2024-06-04 00:13:09,659 INFO  - Received CAM message from veh_78 (at simulation time 275.202,400,000 s)
2024-06-04 00:13:09,659 INFO  - Atempting to process queue (at simulation time 275.300,000,000 s)
2024-06-04 00:13:09,659 INFO  - Vehicle is inside the detection area. (at simulation time 275.300,000,000 s)
2024-06-04 00:13:09,659 INFO  - Sent Detection message to rsu_0 (at simulation time 275.300,000,000 s)
2024-06-04 00:13:09,659 INFO  - Sent broadcast CAM message to all vehicles (at simulation time 275.300,000,000 s)
2024-06-04 00:13:09,660 INFO  - Received CAM message from veh_152 (at simulation time 275.300,900,000 s)
2024-06-04 00:13:09,660 INFO  - Received CAM message from veh_111 (at simulation time 275.301,400,000 s)
2024-06-04 00:13:09,660 INFO  - Received CAM message from veh_78 (at simulation time 275.301,900,000 s)
2024-06-04 00:13:09,660 INFO  - Received CAM message from veh_81 (at simulation time 275.302,400,000 s)
2024-06-04 00:13:09,660 INFO  - Atempting to process queue (at simulation time 275.400,000,000 s)
2024-06-04 00:13:09,660 INFO  - Vehicle is inside the detection area. (at simulation time 275.400,000,000 s)
2024-06-04 00:13:09,660 INFO  - Sent Detection message to rsu_0 (at simulation time 275.400,000,000 s)
2024-06-04 00:13:09,660 INFO  - Sent broadcast CAM message to all vehicles (at simulation time 275.400,000,000 s)
2024-06-04 00:13:09,661 INFO  - Received CAM message from veh_81 (at simulation time 275.400,400,000 s)
2024-06-04 00:13:09,661 INFO  - Received CAM message from veh_78 (at simulation time 275.401,400,000 s)
2024-06-04 00:13:09,662 INFO  - Received CAM message from veh_152 (at simulation time 275.402,400,000 s)
2024-06-04 00:13:09,662 INFO  - Received CAM message from veh_111 (at simulation time 275.402,400,000 s)
2024-06-04 00:13:09,662 INFO  - Atempting to process queue (at simulation time 275.500,000,000 s)
2024-06-04 00:13:09,662 INFO  - Vehicle is inside the detection area. (at simulation time 275.500,000,000 s)
2024-06-04 00:13:09,662 INFO  - Sent Detection message to rsu_0 (at simulation time 275.500,000,000 s)
2024-06-04 00:13:09,662 INFO  - Sent broadcast CAM message to all vehicles (at simulation time 275.500,000,000 s)
2024-06-04 00:13:09,663 INFO  - Received CAM message from veh_78 (at simulation time 275.500,400,000 s)
2024-06-04 00:13:09,663 INFO  - Received CAM message from veh_152 (at simulation time 275.500,900,000 s)
2024-06-04 00:13:09,663 INFO  - Received CAM message from veh_81 (at simulation time 275.501,400,000 s)
2024-06-04 00:13:09,663 INFO  - Received CAM message from veh_111 (at simulation time 275.502,400,000 s)
2024-06-04 00:13:09,663 INFO  - Atempting to process queue (at simulation time 275.600,000,000 s)
2024-06-04 00:13:09,663 INFO  - Vehicle is inside the detection area. (at simulation time 275.600,000,000 s)
2024-06-04 00:13:09,663 INFO  - Sent Detection message to rsu_0 (at simulation time 275.600,000,000 s)
2024-06-04 00:13:09,663 INFO  - Sent broadcast CAM message to all vehicles (at simulation time 275.600,000,000 s)
2024-06-04 00:13:09,664 INFO  - Received CAM message from veh_111 (at simulation time 275.600,400,000 s)
2024-06-04 00:13:09,664 INFO  - Received CAM message from veh_152 (at simulation time 275.600,900,000 s)
2024-06-04 00:13:09,664 INFO  - Received CAM message from veh_81 (at simulation time 275.600,900,000 s)
2024-06-04 00:13:09,664 INFO  - Received CAM message from veh_78 (at simulation time 275.601,400,000 s)
2024-06-04 00:13:09,664 INFO  - Atempting to process queue (at simulation time 275.700,000,000 s)
2024-06-04 00:13:09,664 INFO  - Vehicle is inside the detection area. (at simulation time 275.700,000,000 s)
2024-06-04 00:13:09,664 INFO  - Sent Detection message to rsu_0 (at simulation time 275.700,000,000 s)
2024-06-04 00:13:09,664 INFO  - Sent broadcast CAM message to all vehicles (at simulation time 275.700,000,000 s)
2024-06-04 00:13:09,665 INFO  - Received CAM message from veh_111 (at simulation time 275.700,400,000 s)
2024-06-04 00:13:09,665 INFO  - Received CAM message from veh_81 (at simulation time 275.700,900,000 s)
2024-06-04 00:13:09,665 INFO  - Received CAM message from veh_78 (at simulation time 275.700,900,000 s)
2024-06-04 00:13:09,666 INFO  - Received CAM message from veh_152 (at simulation time 275.701,900,000 s)
2024-06-04 00:13:09,666 INFO  - Atempting to process queue (at simulation time 275.800,000,000 s)
2024-06-04 00:13:09,666 INFO  - Vehicle is inside the detection area. (at simulation time 275.800,000,000 s)
2024-06-04 00:13:09,666 INFO  - Sent Detection message to rsu_0 (at simulation time 275.800,000,000 s)
2024-06-04 00:13:09,666 INFO  - Sent broadcast CAM message to all vehicles (at simulation time 275.800,000,000 s)
2024-06-04 00:13:09,667 INFO  - Received CAM message from veh_111 (at simulation time 275.800,900,000 s)
2024-06-04 00:13:09,667 INFO  - Received CAM message from veh_78 (at simulation time 275.801,900,000 s)
2024-06-04 00:13:09,667 INFO  - Received CAM message from veh_152 (at simulation time 275.802,400,000 s)
2024-06-04 00:13:09,667 INFO  - Received CAM message from veh_81 (at simulation time 275.802,400,000 s)
2024-06-04 00:13:09,667 INFO  - Atempting to process queue (at simulation time 275.900,000,000 s)
2024-06-04 00:13:09,667 INFO  - Vehicle is inside the detection area. (at simulation time 275.900,000,000 s)
2024-06-04 00:13:09,667 INFO  - Sent Detection message to rsu_0 (at simulation time 275.900,000,000 s)
2024-06-04 00:13:09,667 INFO  - Sent broadcast CAM message to all vehicles (at simulation time 275.900,000,000 s)
2024-06-04 00:13:09,668 INFO  - Received CAM message from veh_152 (at simulation time 275.900,400,000 s)
2024-06-04 00:13:09,668 INFO  - Received CAM message from veh_111 (at simulation time 275.900,400,000 s)
2024-06-04 00:13:09,668 INFO  - Received CAM message from veh_78 (at simulation time 275.901,400,000 s)
2024-06-04 00:13:09,668 INFO  - Received CAM message from veh_81 (at simulation time 275.901,900,000 s)
2024-06-04 00:13:09,671 INFO  - Atempting to process queue (at simulation time 276.000,000,000 s)
2024-06-04 00:13:09,671 INFO  - Vehicle is inside the detection area. (at simulation time 276.000,000,000 s)
2024-06-04 00:13:09,671 INFO  - Sent Detection message to rsu_0 (at simulation time 276.000,000,000 s)
2024-06-04 00:13:09,671 INFO  - Sent broadcast CAM message to all vehicles (at simulation time 276.000,000,000 s)
2024-06-04 00:13:09,673 INFO  - Received CAM message from veh_78 (at simulation time 276.000,400,000 s)
2024-06-04 00:13:09,674 INFO  - Received CAM message from veh_81 (at simulation time 276.000,900,000 s)
2024-06-04 00:13:09,674 INFO  - Received CAM message from veh_152 (at simulation time 276.001,400,000 s)
2024-06-04 00:13:09,674 INFO  - Received CAM message from veh_93 (at simulation time 276.001,400,000 s)
2024-06-04 00:13:09,674 INFO  - Received CAM message from veh_111 (at simulation time 276.001,900,000 s)
2024-06-04 00:13:09,674 INFO  - Atempting to process queue (at simulation time 276.100,000,000 s)
2024-06-04 00:13:09,674 INFO  - Vehicle is inside the detection area. (at simulation time 276.100,000,000 s)
2024-06-04 00:13:09,674 INFO  - Sent Detection message to rsu_0 (at simulation time 276.100,000,000 s)
2024-06-04 00:13:09,674 INFO  - Sent broadcast CAM message to all vehicles (at simulation time 276.100,000,000 s)
2024-06-04 00:13:09,675 INFO  - Received CAM message from veh_152 (at simulation time 276.100,900,000 s)
2024-06-04 00:13:09,675 INFO  - Received CAM message from veh_111 (at simulation time 276.101,400,000 s)
2024-06-04 00:13:09,675 INFO  - Received CAM message from veh_93 (at simulation time 276.101,900,000 s)
2024-06-04 00:13:09,675 INFO  - Received CAM message from veh_78 (at simulation time 276.101,900,000 s)
2024-06-04 00:13:09,676 INFO  - Received CAM message from veh_81 (at simulation time 276.102,400,000 s)
2024-06-04 00:13:09,676 INFO  - Atempting to process queue (at simulation time 276.200,000,000 s)
2024-06-04 00:13:09,676 INFO  - Vehicle is inside the detection area. (at simulation time 276.200,000,000 s)
2024-06-04 00:13:09,676 INFO  - Sent Detection message to rsu_0 (at simulation time 276.200,000,000 s)
2024-06-04 00:13:09,676 INFO  - Sent broadcast CAM message to all vehicles (at simulation time 276.200,000,000 s)
2024-06-04 00:13:09,676 INFO  - Received CAM message from veh_152 (at simulation time 276.200,400,000 s)
2024-06-04 00:13:09,676 INFO  - Received CAM message from veh_111 (at simulation time 276.200,400,000 s)
2024-06-04 00:13:09,677 INFO  - Received CAM message from veh_93 (at simulation time 276.200,900,000 s)
2024-06-04 00:13:09,677 INFO  - Received CAM message from veh_78 (at simulation time 276.200,900,000 s)
2024-06-04 00:13:09,677 INFO  - Received CAM message from veh_81 (at simulation time 276.202,400,000 s)
2024-06-04 00:13:09,677 INFO  - Atempting to process queue (at simulation time 276.300,000,000 s)
2024-06-04 00:13:09,677 INFO  - Vehicle is inside the detection area. (at simulation time 276.300,000,000 s)
2024-06-04 00:13:09,677 INFO  - Sent Detection message to rsu_0 (at simulation time 276.300,000,000 s)
2024-06-04 00:13:09,677 INFO  - Sent broadcast CAM message to all vehicles (at simulation time 276.300,000,000 s)
2024-06-04 00:13:09,678 INFO  - Received CAM message from veh_111 (at simulation time 276.300,400,000 s)
2024-06-04 00:13:09,678 INFO  - Received CAM message from veh_93 (at simulation time 276.300,900,000 s)
2024-06-04 00:13:09,678 INFO  - Received CAM message from veh_81 (at simulation time 276.300,900,000 s)
2024-06-04 00:13:09,679 INFO  - Received CAM message from veh_152 (at simulation time 276.302,400,000 s)
2024-06-04 00:13:09,679 INFO  - Received CAM message from veh_78 (at simulation time 276.302,400,000 s)
2024-06-04 00:13:09,679 INFO  - Atempting to process queue (at simulation time 276.400,000,000 s)
2024-06-04 00:13:09,679 INFO  - Vehicle is inside the detection area. (at simulation time 276.400,000,000 s)
2024-06-04 00:13:09,679 INFO  - Sent Detection message to rsu_0 (at simulation time 276.400,000,000 s)
2024-06-04 00:13:09,679 INFO  - Sent broadcast CAM message to all vehicles (at simulation time 276.400,000,000 s)
2024-06-04 00:13:09,680 INFO  - Received CAM message from veh_81 (at simulation time 276.400,900,000 s)
2024-06-04 00:13:09,680 INFO  - Received CAM message from veh_111 (at simulation time 276.401,400,000 s)
2024-06-04 00:13:09,680 INFO  - Received CAM message from veh_93 (at simulation time 276.401,400,000 s)
2024-06-04 00:13:09,680 INFO  - Received CAM message from veh_152 (at simulation time 276.401,900,000 s)
2024-06-04 00:13:09,681 INFO  - Received CAM message from veh_78 (at simulation time 276.402,400,000 s)
2024-06-04 00:13:09,681 INFO  - Atempting to process queue (at simulation time 276.500,000,000 s)
2024-06-04 00:13:09,681 INFO  - Vehicle is inside the detection area. (at simulation time 276.500,000,000 s)
2024-06-04 00:13:09,681 INFO  - Sent Detection message to rsu_0 (at simulation time 276.500,000,000 s)
2024-06-04 00:13:09,681 INFO  - Sent broadcast CAM message to all vehicles (at simulation time 276.500,000,000 s)
2024-06-04 00:13:09,681 INFO  - Received CAM message from veh_111 (at simulation time 276.500,400,000 s)
2024-06-04 00:13:09,682 INFO  - Received CAM message from veh_152 (at simulation time 276.501,400,000 s)
2024-06-04 00:13:09,682 INFO  - Received CAM message from veh_93 (at simulation time 276.501,400,000 s)
2024-06-04 00:13:09,682 INFO  - Received CAM message from veh_81 (at simulation time 276.501,900,000 s)
2024-06-04 00:13:09,682 INFO  - Received CAM message from veh_78 (at simulation time 276.502,400,000 s)
2024-06-04 00:13:09,682 INFO  - Atempting to process queue (at simulation time 276.600,000,000 s)
2024-06-04 00:13:09,682 INFO  - Vehicle is inside the detection area. (at simulation time 276.600,000,000 s)
2024-06-04 00:13:09,682 INFO  - Sent Detection message to rsu_0 (at simulation time 276.600,000,000 s)
2024-06-04 00:13:09,682 INFO  - Sent broadcast CAM message to all vehicles (at simulation time 276.600,000,000 s)
2024-06-04 00:13:09,682 INFO  - Received CAM message from veh_78 (at simulation time 276.600,400,000 s)
2024-06-04 00:13:09,683 INFO  - Received CAM message from veh_152 (at simulation time 276.600,900,000 s)
2024-06-04 00:13:09,683 INFO  - Received CAM message from veh_111 (at simulation time 276.600,900,000 s)
2024-06-04 00:13:09,683 INFO  - Received CAM message from veh_81 (at simulation time 276.600,900,000 s)
2024-06-04 00:13:09,683 INFO  - Received CAM message from veh_93 (at simulation time 276.602,400,000 s)
2024-06-04 00:13:09,683 INFO  - Atempting to process queue (at simulation time 276.700,000,000 s)
2024-06-04 00:13:09,683 INFO  - Vehicle is inside the detection area. (at simulation time 276.700,000,000 s)
2024-06-04 00:13:09,683 INFO  - Sent Detection message to rsu_0 (at simulation time 276.700,000,000 s)
2024-06-04 00:13:09,683 INFO  - Sent broadcast CAM message to all vehicles (at simulation time 276.700,000,000 s)
2024-06-04 00:13:09,684 INFO  - Received CAM message from veh_152 (at simulation time 276.700,400,000 s)
2024-06-04 00:13:09,684 INFO  - Received CAM message from veh_93 (at simulation time 276.700,400,000 s)
2024-06-04 00:13:09,684 INFO  - Received CAM message from veh_78 (at simulation time 276.700,400,000 s)
2024-06-04 00:13:09,684 INFO  - Received CAM message from veh_111 (at simulation time 276.701,400,000 s)
2024-06-04 00:13:09,684 INFO  - Received CAM message from veh_81 (at simulation time 276.701,400,000 s)
2024-06-04 00:13:09,684 INFO  - Atempting to process queue (at simulation time 276.800,000,000 s)
2024-06-04 00:13:09,684 INFO  - Vehicle is inside the detection area. (at simulation time 276.800,000,000 s)
2024-06-04 00:13:09,684 INFO  - Sent Detection message to rsu_0 (at simulation time 276.800,000,000 s)
2024-06-04 00:13:09,684 INFO  - Sent broadcast CAM message to all vehicles (at simulation time 276.800,000,000 s)
2024-06-04 00:13:09,685 INFO  - Received CAM message from veh_111 (at simulation time 276.801,900,000 s)
2024-06-04 00:13:09,685 INFO  - Received CAM message from veh_93 (at simulation time 276.801,900,000 s)
2024-06-04 00:13:09,685 INFO  - Received CAM message from veh_81 (at simulation time 276.801,900,000 s)
2024-06-04 00:13:09,685 INFO  - Received CAM message from veh_78 (at simulation time 276.801,900,000 s)
2024-06-04 00:13:09,685 INFO  - Received CAM message from veh_152 (at simulation time 276.802,400,000 s)
2024-06-04 00:13:09,686 INFO  - Atempting to process queue (at simulation time 276.900,000,000 s)
2024-06-04 00:13:09,686 INFO  - Vehicle is inside the detection area. (at simulation time 276.900,000,000 s)
2024-06-04 00:13:09,686 INFO  - Sent Detection message to rsu_0 (at simulation time 276.900,000,000 s)
2024-06-04 00:13:09,686 INFO  - Sent broadcast CAM message to all vehicles (at simulation time 276.900,000,000 s)
2024-06-04 00:13:09,686 INFO  - Received CAM message from veh_93 (at simulation time 276.900,400,000 s)
2024-06-04 00:13:09,686 INFO  - Received CAM message from veh_78 (at simulation time 276.900,900,000 s)
2024-06-04 00:13:09,687 INFO  - Received CAM message from veh_152 (at simulation time 276.901,400,000 s)
2024-06-04 00:13:09,687 INFO  - Received CAM message from veh_111 (at simulation time 276.901,900,000 s)
2024-06-04 00:13:09,687 INFO  - Received CAM message from veh_81 (at simulation time 276.902,400,000 s)
2024-06-04 00:13:09,692 INFO  - Atempting to process queue (at simulation time 277.000,000,000 s)
2024-06-04 00:13:09,692 INFO  - Vehicle is outside the detection area. (at simulation time 277.000,000,000 s)
2024-06-04 00:13:09,692 INFO  - Sent broadcast CAM message to all vehicles (at simulation time 277.000,000,000 s)
2024-06-04 00:13:09,694 INFO  - Received CAM message from veh_152 (at simulation time 277.000,400,000 s)
2024-06-04 00:13:09,694 INFO  - Received CAM message from veh_93 (at simulation time 277.000,400,000 s)
2024-06-04 00:13:09,694 INFO  - Received CAM message from veh_114 (at simulation time 277.000,900,000 s)
2024-06-04 00:13:09,694 INFO  - Received CAM message from veh_81 (at simulation time 277.000,900,000 s)
2024-06-04 00:13:09,694 INFO  - Received CAM message from veh_78 (at simulation time 277.000,900,000 s)
2024-06-04 00:13:09,695 INFO  - Received CAM message from veh_111 (at simulation time 277.001,900,000 s)
2024-06-04 00:13:09,695 INFO  - Received CAM message from veh_105 (at simulation time 277.002,400,000 s)
2024-06-04 00:13:09,695 INFO  - Atempting to process queue (at simulation time 277.100,000,000 s)
2024-06-04 00:13:09,695 INFO  - Vehicle is outside the detection area. (at simulation time 277.100,000,000 s)
2024-06-04 00:13:09,695 INFO  - Sent broadcast CAM message to all vehicles (at simulation time 277.100,000,000 s)
2024-06-04 00:13:09,696 INFO  - Received CAM message from veh_114 (at simulation time 277.100,400,000 s)
2024-06-04 00:13:09,696 INFO  - Received CAM message from veh_93 (at simulation time 277.100,400,000 s)
2024-06-04 00:13:09,696 INFO  - Received CAM message from veh_81 (at simulation time 277.100,400,000 s)
2024-06-04 00:13:09,696 INFO  - Received CAM message from veh_78 (at simulation time 277.101,400,000 s)
2024-06-04 00:13:09,696 INFO  - Received CAM message from veh_152 (at simulation time 277.101,900,000 s)
2024-06-04 00:13:09,696 INFO  - Received CAM message from veh_105 (at simulation time 277.101,900,000 s)
2024-06-04 00:13:09,697 INFO  - Received CAM message from veh_111 (at simulation time 277.102,400,000 s)
2024-06-04 00:13:09,697 INFO  - Atempting to process queue (at simulation time 277.200,000,000 s)
2024-06-04 00:13:09,697 INFO  - Vehicle is outside the detection area. (at simulation time 277.200,000,000 s)
2024-06-04 00:13:09,697 INFO  - Sent broadcast CAM message to all vehicles (at simulation time 277.200,000,000 s)
2024-06-04 00:13:09,698 INFO  - Received CAM message from veh_111 (at simulation time 277.200,400,000 s)
2024-06-04 00:13:09,698 INFO  - Received CAM message from veh_114 (at simulation time 277.200,900,000 s)
2024-06-04 00:13:09,698 INFO  - Received CAM message from veh_93 (at simulation time 277.200,900,000 s)
2024-06-04 00:13:09,698 INFO  - Received CAM message from veh_81 (at simulation time 277.200,900,000 s)
2024-06-04 00:13:09,698 INFO  - Received CAM message from veh_78 (at simulation time 277.200,900,000 s)
2024-06-04 00:13:09,698 INFO  - Received CAM message from veh_105 (at simulation time 277.201,900,000 s)
2024-06-04 00:13:09,698 INFO  - Received CAM message from veh_152 (at simulation time 277.202,400,000 s)
2024-06-04 00:13:09,699 INFO  - Atempting to process queue (at simulation time 277.300,000,000 s)
2024-06-04 00:13:09,699 INFO  - Vehicle is outside the detection area. (at simulation time 277.300,000,000 s)
2024-06-04 00:13:09,699 INFO  - Sent broadcast CAM message to all vehicles (at simulation time 277.300,000,000 s)
2024-06-04 00:13:09,700 INFO  - Received CAM message from veh_105 (at simulation time 277.300,900,000 s)
2024-06-04 00:13:09,700 INFO  - Received CAM message from veh_114 (at simulation time 277.301,400,000 s)
2024-06-04 00:13:09,700 INFO  - Received CAM message from veh_81 (at simulation time 277.301,400,000 s)
2024-06-04 00:13:09,700 INFO  - Received CAM message from veh_111 (at simulation time 277.301,900,000 s)
2024-06-04 00:13:09,700 INFO  - Received CAM message from veh_93 (at simulation time 277.301,900,000 s)
2024-06-04 00:13:09,700 INFO  - Received CAM message from veh_78 (at simulation time 277.301,900,000 s)
2024-06-04 00:13:09,700 INFO  - Received CAM message from veh_152 (at simulation time 277.302,400,000 s)
2024-06-04 00:13:09,700 INFO  - Atempting to process queue (at simulation time 277.400,000,000 s)
2024-06-04 00:13:09,700 INFO  - Vehicle is outside the detection area. (at simulation time 277.400,000,000 s)
2024-06-04 00:13:09,700 INFO  - Sent broadcast CAM message to all vehicles (at simulation time 277.400,000,000 s)
2024-06-04 00:13:09,701 INFO  - Received CAM message from veh_93 (at simulation time 277.400,400,000 s)
2024-06-04 00:13:09,701 INFO  - Received CAM message from veh_78 (at simulation time 277.400,900,000 s)
2024-06-04 00:13:09,701 INFO  - Received CAM message from veh_114 (at simulation time 277.401,400,000 s)
2024-06-04 00:13:09,702 INFO  - Received CAM message from veh_152 (at simulation time 277.401,900,000 s)
2024-06-04 00:13:09,702 INFO  - Received CAM message from veh_111 (at simulation time 277.401,900,000 s)
2024-06-04 00:13:09,702 INFO  - Received CAM message from veh_105 (at simulation time 277.401,900,000 s)
2024-06-04 00:13:09,702 INFO  - Received CAM message from veh_81 (at simulation time 277.402,400,000 s)
2024-06-04 00:13:09,702 INFO  - Atempting to process queue (at simulation time 277.500,000,000 s)
2024-06-04 00:13:09,702 INFO  - Vehicle is outside the detection area. (at simulation time 277.500,000,000 s)
2024-06-04 00:13:09,702 INFO  - Sent broadcast CAM message to all vehicles (at simulation time 277.500,000,000 s)
2024-06-04 00:13:09,702 INFO  - Received CAM message from veh_111 (at simulation time 277.500,400,000 s)
2024-06-04 00:13:09,702 INFO  - Received CAM message from veh_93 (at simulation time 277.500,400,000 s)
2024-06-04 00:13:09,703 INFO  - Received CAM message from veh_105 (at simulation time 277.500,900,000 s)
2024-06-04 00:13:09,703 INFO  - Received CAM message from veh_81 (at simulation time 277.500,900,000 s)
2024-06-04 00:13:09,703 INFO  - Received CAM message from veh_152 (at simulation time 277.501,400,000 s)
2024-06-04 00:13:09,703 INFO  - Received CAM message from veh_114 (at simulation time 277.501,400,000 s)
2024-06-04 00:13:09,703 INFO  - Received CAM message from veh_78 (at simulation time 277.501,900,000 s)
2024-06-04 00:13:09,703 INFO  - Atempting to process queue (at simulation time 277.600,000,000 s)
2024-06-04 00:13:09,703 INFO  - Vehicle is outside the detection area. (at simulation time 277.600,000,000 s)
2024-06-04 00:13:09,703 INFO  - Sent broadcast CAM message to all vehicles (at simulation time 277.600,000,000 s)
2024-06-04 00:13:09,704 INFO  - Received CAM message from veh_152 (at simulation time 277.600,400,000 s)
2024-06-04 00:13:09,704 INFO  - Received CAM message from veh_81 (at simulation time 277.600,400,000 s)
2024-06-04 00:13:09,704 INFO  - Received CAM message from veh_78 (at simulation time 277.600,400,000 s)
2024-06-04 00:13:09,704 INFO  - Received CAM message from veh_111 (at simulation time 277.600,900,000 s)
2024-06-04 00:13:09,704 INFO  - Received CAM message from veh_114 (at simulation time 277.601,900,000 s)
2024-06-04 00:13:09,705 INFO  - Received CAM message from veh_105 (at simulation time 277.602,400,000 s)
2024-06-04 00:13:09,705 INFO  - Received CAM message from veh_93 (at simulation time 277.602,400,000 s)
2024-06-04 00:13:09,705 INFO  - Atempting to process queue (at simulation time 277.700,000,000 s)
2024-06-04 00:13:09,705 INFO  - Vehicle is outside the detection area. (at simulation time 277.700,000,000 s)
2024-06-04 00:13:09,705 INFO  - Sent broadcast CAM message to all vehicles (at simulation time 277.700,000,000 s)
2024-06-04 00:13:09,705 INFO  - Received CAM message from veh_152 (at simulation time 277.700,400,000 s)
2024-06-04 00:13:09,705 INFO  - Received CAM message from veh_93 (at simulation time 277.700,400,000 s)
2024-06-04 00:13:09,705 INFO  - Received CAM message from veh_81 (at simulation time 277.700,400,000 s)
2024-06-04 00:13:09,705 INFO  - Received CAM message from veh_114 (at simulation time 277.701,400,000 s)
2024-06-04 00:13:09,706 INFO  - Received CAM message from veh_105 (at simulation time 277.701,400,000 s)
2024-06-04 00:13:09,706 INFO  - Received CAM message from veh_111 (at simulation time 277.701,900,000 s)
2024-06-04 00:13:09,706 INFO  - Received CAM message from veh_78 (at simulation time 277.702,400,000 s)
2024-06-04 00:13:09,706 INFO  - Atempting to process queue (at simulation time 277.800,000,000 s)
2024-06-04 00:13:09,706 INFO  - Vehicle is outside the detection area. (at simulation time 277.800,000,000 s)
2024-06-04 00:13:09,706 INFO  - Sent broadcast CAM message to all vehicles (at simulation time 277.800,000,000 s)
2024-06-04 00:13:09,706 INFO  - Received CAM message from veh_111 (at simulation time 277.800,400,000 s)
2024-06-04 00:13:09,706 INFO  - Received CAM message from veh_81 (at simulation time 277.800,400,000 s)
2024-06-04 00:13:09,707 INFO  - Received CAM message from veh_152 (at simulation time 277.800,900,000 s)
2024-06-04 00:13:09,707 INFO  - Received CAM message from veh_93 (at simulation time 277.800,900,000 s)
2024-06-04 00:13:09,707 INFO  - Received CAM message from veh_114 (at simulation time 277.801,400,000 s)
2024-06-04 00:13:09,707 INFO  - Received CAM message from veh_105 (at simulation time 277.801,400,000 s)
2024-06-04 00:13:09,707 INFO  - Received CAM message from veh_78 (at simulation time 277.802,400,000 s)
2024-06-04 00:13:09,707 INFO  - Atempting to process queue (at simulation time 277.900,000,000 s)
2024-06-04 00:13:09,707 INFO  - Vehicle is outside the detection area. (at simulation time 277.900,000,000 s)
2024-06-04 00:13:09,707 INFO  - Sent broadcast CAM message to all vehicles (at simulation time 277.900,000,000 s)
2024-06-04 00:13:09,708 INFO  - Received CAM message from veh_93 (at simulation time 277.900,900,000 s)
2024-06-04 00:13:09,708 INFO  - Received CAM message from veh_111 (at simulation time 277.901,400,000 s)
2024-06-04 00:13:09,708 INFO  - Received CAM message from veh_105 (at simulation time 277.901,400,000 s)
2024-06-04 00:13:09,708 INFO  - Received CAM message from veh_81 (at simulation time 277.901,400,000 s)
2024-06-04 00:13:09,709 INFO  - Received CAM message from veh_152 (at simulation time 277.902,400,000 s)
2024-06-04 00:13:09,709 INFO  - Received CAM message from veh_114 (at simulation time 277.902,400,000 s)
2024-06-04 00:13:09,709 INFO  - Received CAM message from veh_78 (at simulation time 277.902,400,000 s)
2024-06-04 00:13:09,712 INFO  - Atempting to process queue (at simulation time 278.000,000,000 s)
2024-06-04 00:13:09,712 INFO  - Vehicle is outside the detection area. (at simulation time 278.000,000,000 s)
2024-06-04 00:13:09,712 INFO  - Sent broadcast CAM message to all vehicles (at simulation time 278.000,000,000 s)
2024-06-04 00:13:09,714 INFO  - Received CAM message from veh_81 (at simulation time 278.000,400,000 s)
2024-06-04 00:13:09,714 INFO  - Received CAM message from veh_93 (at simulation time 278.000,900,000 s)
2024-06-04 00:13:09,714 INFO  - Received CAM message from veh_152 (at simulation time 278.001,900,000 s)
2024-06-04 00:13:09,715 INFO  - Received CAM message from veh_111 (at simulation time 278.002,400,000 s)
2024-06-04 00:13:09,715 INFO  - Received CAM message from veh_78 (at simulation time 278.002,400,000 s)
2024-06-04 00:13:09,715 INFO  - Atempting to process queue (at simulation time 278.100,000,000 s)
2024-06-04 00:13:09,715 INFO  - Vehicle is outside the detection area. (at simulation time 278.100,000,000 s)
2024-06-04 00:13:09,715 INFO  - Sent broadcast CAM message to all vehicles (at simulation time 278.100,000,000 s)
2024-06-04 00:13:09,716 INFO  - Received CAM message from veh_93 (at simulation time 278.100,900,000 s)
2024-06-04 00:13:09,716 INFO  - Received CAM message from veh_152 (at simulation time 278.101,400,000 s)
2024-06-04 00:13:09,716 INFO  - Received CAM message from veh_111 (at simulation time 278.101,900,000 s)
2024-06-04 00:13:09,716 INFO  - Received CAM message from veh_78 (at simulation time 278.101,900,000 s)
2024-06-04 00:13:09,716 INFO  - Received CAM message from veh_81 (at simulation time 278.102,400,000 s)
2024-06-04 00:13:09,716 INFO  - Atempting to process queue (at simulation time 278.200,000,000 s)
2024-06-04 00:13:09,716 INFO  - Vehicle is outside the detection area. (at simulation time 278.200,000,000 s)
2024-06-04 00:13:09,716 INFO  - Sent broadcast CAM message to all vehicles (at simulation time 278.200,000,000 s)
2024-06-04 00:13:09,717 INFO  - Received CAM message from veh_81 (at simulation time 278.200,400,000 s)
2024-06-04 00:13:09,718 INFO  - Received CAM message from veh_111 (at simulation time 278.200,900,000 s)
2024-06-04 00:13:09,718 INFO  - Received CAM message from veh_93 (at simulation time 278.200,900,000 s)
2024-06-04 00:13:09,718 INFO  - Received CAM message from veh_78 (at simulation time 278.200,900,000 s)
2024-06-04 00:13:09,718 INFO  - Received CAM message from veh_152 (at simulation time 278.202,400,000 s)
2024-06-04 00:13:09,719 INFO  - Atempting to process queue (at simulation time 278.300,000,000 s)
2024-06-04 00:13:09,719 INFO  - Vehicle is outside the detection area. (at simulation time 278.300,000,000 s)
2024-06-04 00:13:09,719 INFO  - Sent broadcast CAM message to all vehicles (at simulation time 278.300,000,000 s)
2024-06-04 00:13:09,719 INFO  - Received CAM message from veh_93 (at simulation time 278.300,400,000 s)
2024-06-04 00:13:09,719 INFO  - Received CAM message from veh_152 (at simulation time 278.300,900,000 s)
2024-06-04 00:13:09,720 INFO  - Received CAM message from veh_78 (at simulation time 278.300,900,000 s)
2024-06-04 00:13:09,720 INFO  - Received CAM message from veh_81 (at simulation time 278.301,400,000 s)
2024-06-04 00:13:09,720 INFO  - Received CAM message from veh_111 (at simulation time 278.301,900,000 s)
2024-06-04 00:13:09,720 INFO  - Atempting to process queue (at simulation time 278.400,000,000 s)
2024-06-04 00:13:09,720 INFO  - Vehicle is outside the detection area. (at simulation time 278.400,000,000 s)
2024-06-04 00:13:09,720 INFO  - Sent broadcast CAM message to all vehicles (at simulation time 278.400,000,000 s)
2024-06-04 00:13:09,721 INFO  - Received CAM message from veh_152 (at simulation time 278.400,400,000 s)
2024-06-04 00:13:09,721 INFO  - Received CAM message from veh_78 (at simulation time 278.400,400,000 s)
2024-06-04 00:13:09,721 INFO  - Received CAM message from veh_81 (at simulation time 278.401,400,000 s)
2024-06-04 00:13:09,721 INFO  - Received CAM message from veh_111 (at simulation time 278.401,900,000 s)
2024-06-04 00:13:09,722 INFO  - Received CAM message from veh_93 (at simulation time 278.402,400,000 s)
2024-06-04 00:13:09,722 INFO  - Atempting to process queue (at simulation time 278.500,000,000 s)
2024-06-04 00:13:09,722 INFO  - Vehicle is outside the detection area. (at simulation time 278.500,000,000 s)
2024-06-04 00:13:09,722 INFO  - Sent broadcast CAM message to all vehicles (at simulation time 278.500,000,000 s)
2024-06-04 00:13:09,722 INFO  - Received CAM message from veh_152 (at simulation time 278.500,900,000 s)
2024-06-04 00:13:09,722 INFO  - Received CAM message from veh_111 (at simulation time 278.501,400,000 s)
2024-06-04 00:13:09,723 INFO  - Received CAM message from veh_81 (at simulation time 278.501,400,000 s)
2024-06-04 00:13:09,723 INFO  - Received CAM message from veh_78 (at simulation time 278.501,400,000 s)
2024-06-04 00:13:09,723 INFO  - Received CAM message from veh_93 (at simulation time 278.501,900,000 s)
2024-06-04 00:13:09,723 INFO  - Atempting to process queue (at simulation time 278.600,000,000 s)
2024-06-04 00:13:09,723 INFO  - Vehicle is outside the detection area. (at simulation time 278.600,000,000 s)
2024-06-04 00:13:09,723 INFO  - Sent broadcast CAM message to all vehicles (at simulation time 278.600,000,000 s)
2024-06-04 00:13:09,723 INFO  - Received CAM message from veh_93 (at simulation time 278.600,400,000 s)
2024-06-04 00:13:09,724 INFO  - Received CAM message from veh_81 (at simulation time 278.600,900,000 s)
2024-06-04 00:13:09,724 INFO  - Received CAM message from veh_111 (at simulation time 278.601,400,000 s)
2024-06-04 00:13:09,724 INFO  - Received CAM message from veh_78 (at simulation time 278.601,400,000 s)
2024-06-04 00:13:09,724 INFO  - Received CAM message from veh_152 (at simulation time 278.601,900,000 s)
2024-06-04 00:13:09,724 INFO  - Atempting to process queue (at simulation time 278.700,000,000 s)
2024-06-04 00:13:09,724 INFO  - Vehicle is outside the detection area. (at simulation time 278.700,000,000 s)
2024-06-04 00:13:09,724 INFO  - Sent broadcast CAM message to all vehicles (at simulation time 278.700,000,000 s)
2024-06-04 00:13:09,725 INFO  - Received CAM message from veh_152 (at simulation time 278.700,900,000 s)
2024-06-04 00:13:09,725 INFO  - Received CAM message from veh_111 (at simulation time 278.700,900,000 s)
2024-06-04 00:13:09,725 INFO  - Received CAM message from veh_93 (at simulation time 278.700,900,000 s)
2024-06-04 00:13:09,725 INFO  - Received CAM message from veh_81 (at simulation time 278.700,900,000 s)
2024-06-04 00:13:09,725 INFO  - Received CAM message from veh_78 (at simulation time 278.702,400,000 s)
2024-06-04 00:13:09,725 INFO  - Atempting to process queue (at simulation time 278.800,000,000 s)
2024-06-04 00:13:09,725 INFO  - Vehicle is outside the detection area. (at simulation time 278.800,000,000 s)
2024-06-04 00:13:09,725 INFO  - Sent broadcast CAM message to all vehicles (at simulation time 278.800,000,000 s)
2024-06-04 00:13:09,726 INFO  - Received CAM message from veh_93 (at simulation time 278.800,400,000 s)
2024-06-04 00:13:09,726 INFO  - Received CAM message from veh_111 (at simulation time 278.800,900,000 s)
2024-06-04 00:13:09,727 INFO  - Received CAM message from veh_152 (at simulation time 278.801,400,000 s)
2024-06-04 00:13:09,727 INFO  - Received CAM message from veh_81 (at simulation time 278.802,400,000 s)
2024-06-04 00:13:09,727 INFO  - Received CAM message from veh_78 (at simulation time 278.802,400,000 s)
2024-06-04 00:13:09,727 INFO  - Atempting to process queue (at simulation time 278.900,000,000 s)
2024-06-04 00:13:09,727 INFO  - Vehicle is outside the detection area. (at simulation time 278.900,000,000 s)
2024-06-04 00:13:09,727 INFO  - Sent broadcast CAM message to all vehicles (at simulation time 278.900,000,000 s)
2024-06-04 00:13:09,728 INFO  - Received CAM message from veh_93 (at simulation time 278.900,400,000 s)
2024-06-04 00:13:09,728 INFO  - Received CAM message from veh_111 (at simulation time 278.900,900,000 s)
2024-06-04 00:13:09,728 INFO  - Received CAM message from veh_78 (at simulation time 278.901,400,000 s)
2024-06-04 00:13:09,728 INFO  - Received CAM message from veh_152 (at simulation time 278.901,900,000 s)
2024-06-04 00:13:09,728 INFO  - Received CAM message from veh_81 (at simulation time 278.901,900,000 s)
2024-06-04 00:13:09,732 INFO  - Atempting to process queue (at simulation time 279.000,000,000 s)
2024-06-04 00:13:09,732 INFO  - Vehicle is outside the detection area. (at simulation time 279.000,000,000 s)
2024-06-04 00:13:09,732 INFO  - Sent broadcast CAM message to all vehicles (at simulation time 279.000,000,000 s)
2024-06-04 00:13:09,734 INFO  - Received CAM message from veh_152 (at simulation time 279.000,900,000 s)
2024-06-04 00:13:09,735 INFO  - Received CAM message from veh_93 (at simulation time 279.001,900,000 s)
2024-06-04 00:13:09,735 INFO  - Received CAM message from veh_111 (at simulation time 279.002,400,000 s)
2024-06-04 00:13:09,735 INFO  - Received CAM message from veh_78 (at simulation time 279.002,400,000 s)
2024-06-04 00:13:09,735 INFO  - Atempting to process queue (at simulation time 279.100,000,000 s)
2024-06-04 00:13:09,735 INFO  - Vehicle is outside the detection area. (at simulation time 279.100,000,000 s)
2024-06-04 00:13:09,735 INFO  - Sent broadcast CAM message to all vehicles (at simulation time 279.100,000,000 s)
2024-06-04 00:13:09,736 INFO  - Received CAM message from veh_111 (at simulation time 279.100,400,000 s)
2024-06-04 00:13:09,736 INFO  - Received CAM message from veh_93 (at simulation time 279.101,400,000 s)
2024-06-04 00:13:09,736 INFO  - Received CAM message from veh_78 (at simulation time 279.101,400,000 s)
2024-06-04 00:13:09,736 INFO  - Received CAM message from veh_152 (at simulation time 279.102,400,000 s)
2024-06-04 00:13:09,736 INFO  - Atempting to process queue (at simulation time 279.200,000,000 s)
2024-06-04 00:13:09,736 INFO  - Vehicle is outside the detection area. (at simulation time 279.200,000,000 s)
2024-06-04 00:13:09,736 INFO  - Sent broadcast CAM message to all vehicles (at simulation time 279.200,000,000 s)
2024-06-04 00:13:09,737 INFO  - Received CAM message from veh_152 (at simulation time 279.200,400,000 s)
2024-06-04 00:13:09,737 INFO  - Received CAM message from veh_111 (at simulation time 279.202,400,000 s)
2024-06-04 00:13:09,738 INFO  - Received CAM message from veh_93 (at simulation time 279.202,400,000 s)
2024-06-04 00:13:09,738 INFO  - Received CAM message from veh_78 (at simulation time 279.202,400,000 s)
2024-06-04 00:13:09,738 INFO  - Atempting to process queue (at simulation time 279.300,000,000 s)
2024-06-04 00:13:09,738 INFO  - Vehicle is outside the detection area. (at simulation time 279.300,000,000 s)
2024-06-04 00:13:09,738 INFO  - Sent broadcast CAM message to all vehicles (at simulation time 279.300,000,000 s)
2024-06-04 00:13:09,738 INFO  - Received CAM message from veh_152 (at simulation time 279.300,400,000 s)
2024-06-04 00:13:09,738 INFO  - Received CAM message from veh_111 (at simulation time 279.300,400,000 s)
2024-06-04 00:13:09,738 INFO  - Received CAM message from veh_93 (at simulation time 279.300,400,000 s)
2024-06-04 00:13:09,739 INFO  - Received CAM message from veh_78 (at simulation time 279.301,400,000 s)
2024-06-04 00:13:09,739 INFO  - Atempting to process queue (at simulation time 279.400,000,000 s)
2024-06-04 00:13:09,739 INFO  - Vehicle is outside the detection area. (at simulation time 279.400,000,000 s)
2024-06-04 00:13:09,739 INFO  - Sent broadcast CAM message to all vehicles (at simulation time 279.400,000,000 s)
2024-06-04 00:13:09,740 INFO  - Received CAM message from veh_111 (at simulation time 279.400,900,000 s)
2024-06-04 00:13:09,740 INFO  - Received CAM message from veh_152 (at simulation time 279.401,400,000 s)
2024-06-04 00:13:09,740 INFO  - Received CAM message from veh_93 (at simulation time 279.401,900,000 s)
2024-06-04 00:13:09,740 INFO  - Received CAM message from veh_78 (at simulation time 279.401,900,000 s)
2024-06-04 00:13:09,740 INFO  - Atempting to process queue (at simulation time 279.500,000,000 s)
2024-06-04 00:13:09,740 INFO  - Vehicle is outside the detection area. (at simulation time 279.500,000,000 s)
2024-06-04 00:13:09,740 INFO  - Sent broadcast CAM message to all vehicles (at simulation time 279.500,000,000 s)
2024-06-04 00:13:09,741 INFO  - Received CAM message from veh_152 (at simulation time 279.500,400,000 s)
2024-06-04 00:13:09,741 INFO  - Received CAM message from veh_111 (at simulation time 279.500,400,000 s)
2024-06-04 00:13:09,741 INFO  - Received CAM message from veh_93 (at simulation time 279.500,400,000 s)
2024-06-04 00:13:09,741 INFO  - Received CAM message from veh_78 (at simulation time 279.501,400,000 s)
2024-06-04 00:13:09,742 INFO  - Atempting to process queue (at simulation time 279.600,000,000 s)
2024-06-04 00:13:09,742 INFO  - Vehicle is outside the detection area. (at simulation time 279.600,000,000 s)
2024-06-04 00:13:09,742 INFO  - Sent broadcast CAM message to all vehicles (at simulation time 279.600,000,000 s)
2024-06-04 00:13:09,742 INFO  - Received CAM message from veh_111 (at simulation time 279.600,400,000 s)
2024-06-04 00:13:09,743 INFO  - Received CAM message from veh_78 (at simulation time 279.600,900,000 s)
2024-06-04 00:13:09,743 INFO  - Received CAM message from veh_152 (at simulation time 279.601,400,000 s)
2024-06-04 00:13:09,743 INFO  - Received CAM message from veh_93 (at simulation time 279.601,900,000 s)
2024-06-04 00:13:09,743 INFO  - Atempting to process queue (at simulation time 279.700,000,000 s)
2024-06-04 00:13:09,743 INFO  - Vehicle is outside the detection area. (at simulation time 279.700,000,000 s)
2024-06-04 00:13:09,743 INFO  - Sent broadcast CAM message to all vehicles (at simulation time 279.700,000,000 s)
2024-06-04 00:13:09,744 INFO  - Received CAM message from veh_152 (at simulation time 279.700,400,000 s)
2024-06-04 00:13:09,745 INFO  - Received CAM message from veh_93 (at simulation time 279.701,400,000 s)
2024-06-04 00:13:09,745 INFO  - Received CAM message from veh_111 (at simulation time 279.701,900,000 s)
2024-06-04 00:13:09,745 INFO  - Received CAM message from veh_78 (at simulation time 279.701,900,000 s)
2024-06-04 00:13:09,745 INFO  - Atempting to process queue (at simulation time 279.800,000,000 s)
2024-06-04 00:13:09,745 INFO  - Vehicle is outside the detection area. (at simulation time 279.800,000,000 s)
2024-06-04 00:13:09,745 INFO  - Sent broadcast CAM message to all vehicles (at simulation time 279.800,000,000 s)
2024-06-04 00:13:09,746 INFO  - Received CAM message from veh_111 (at simulation time 279.800,400,000 s)
2024-06-04 00:13:09,746 INFO  - Received CAM message from veh_93 (at simulation time 279.800,900,000 s)
2024-06-04 00:13:09,746 INFO  - Received CAM message from veh_152 (at simulation time 279.801,900,000 s)
2024-06-04 00:13:09,747 INFO  - Received CAM message from veh_78 (at simulation time 279.802,400,000 s)
2024-06-04 00:13:09,747 INFO  - Atempting to process queue (at simulation time 279.900,000,000 s)
2024-06-04 00:13:09,747 INFO  - Vehicle is outside the detection area. (at simulation time 279.900,000,000 s)
2024-06-04 00:13:09,747 INFO  - Sent broadcast CAM message to all vehicles (at simulation time 279.900,000,000 s)
2024-06-04 00:13:09,747 INFO  - Received CAM message from veh_111 (at simulation time 279.900,400,000 s)
2024-06-04 00:13:09,748 INFO  - Received CAM message from veh_78 (at simulation time 279.901,400,000 s)
2024-06-04 00:13:09,748 INFO  - Received CAM message from veh_152 (at simulation time 279.902,400,000 s)
2024-06-04 00:13:09,749 INFO  - Received CAM message from veh_93 (at simulation time 279.902,400,000 s)
2024-06-04 00:13:09,751 INFO  - Atempting to process queue (at simulation time 280.000,000,000 s)
2024-06-04 00:13:09,751 INFO  - Vehicle is outside the detection area. (at simulation time 280.000,000,000 s)
2024-06-04 00:13:09,751 INFO  - Sent broadcast CAM message to all vehicles (at simulation time 280.000,000,000 s)
2024-06-04 00:13:09,753 INFO  - Received CAM message from veh_152 (at simulation time 280.000,900,000 s)
2024-06-04 00:13:09,754 INFO  - Atempting to process queue (at simulation time 280.100,000,000 s)
2024-06-04 00:13:09,754 INFO  - Vehicle is outside the detection area. (at simulation time 280.100,000,000 s)
2024-06-04 00:13:09,754 INFO  - Sent broadcast CAM message to all vehicles (at simulation time 280.100,000,000 s)
2024-06-04 00:13:09,754 INFO  - Received CAM message from veh_152 (at simulation time 280.101,400,000 s)
2024-06-04 00:13:09,755 INFO  - Atempting to process queue (at simulation time 280.200,000,000 s)
2024-06-04 00:13:09,755 INFO  - Vehicle is outside the detection area. (at simulation time 280.200,000,000 s)
2024-06-04 00:13:09,755 INFO  - Sent broadcast CAM message to all vehicles (at simulation time 280.200,000,000 s)
2024-06-04 00:13:09,756 INFO  - Received CAM message from veh_152 (at simulation time 280.201,900,000 s)
2024-06-04 00:13:09,756 INFO  - Atempting to process queue (at simulation time 280.300,000,000 s)
2024-06-04 00:13:09,756 INFO  - Vehicle is outside the detection area. (at simulation time 280.300,000,000 s)
2024-06-04 00:13:09,756 INFO  - Sent broadcast CAM message to all vehicles (at simulation time 280.300,000,000 s)
2024-06-04 00:13:09,757 INFO  - Received CAM message from veh_152 (at simulation time 280.300,400,000 s)
2024-06-04 00:13:09,758 INFO  - Atempting to process queue (at simulation time 280.400,000,000 s)
2024-06-04 00:13:09,758 INFO  - Vehicle is outside the detection area. (at simulation time 280.400,000,000 s)
2024-06-04 00:13:09,758 INFO  - Sent broadcast CAM message to all vehicles (at simulation time 280.400,000,000 s)
2024-06-04 00:13:09,759 INFO  - Received CAM message from veh_152 (at simulation time 280.402,400,000 s)
2024-06-04 00:13:09,759 INFO  - Atempting to process queue (at simulation time 280.500,000,000 s)
2024-06-04 00:13:09,759 INFO  - Vehicle is outside the detection area. (at simulation time 280.500,000,000 s)
2024-06-04 00:13:09,759 INFO  - Sent broadcast CAM message to all vehicles (at simulation time 280.500,000,000 s)
2024-06-04 00:13:09,760 INFO  - Received CAM message from veh_152 (at simulation time 280.500,900,000 s)
2024-06-04 00:13:09,761 INFO  - Atempting to process queue (at simulation time 280.600,000,000 s)
2024-06-04 00:13:09,761 INFO  - Vehicle is outside the detection area. (at simulation time 280.600,000,000 s)
2024-06-04 00:13:09,761 INFO  - Sent broadcast CAM message to all vehicles (at simulation time 280.600,000,000 s)
2024-06-04 00:13:09,762 INFO  - Received CAM message from veh_152 (at simulation time 280.600,900,000 s)
2024-06-04 00:13:09,762 INFO  - Atempting to process queue (at simulation time 280.700,000,000 s)
2024-06-04 00:13:09,762 INFO  - Vehicle is outside the detection area. (at simulation time 280.700,000,000 s)
2024-06-04 00:13:09,762 INFO  - Sent broadcast CAM message to all vehicles (at simulation time 280.700,000,000 s)
2024-06-04 00:13:09,764 INFO  - Received CAM message from veh_152 (at simulation time 280.702,400,000 s)
2024-06-04 00:13:09,764 INFO  - Atempting to process queue (at simulation time 280.800,000,000 s)
2024-06-04 00:13:09,764 INFO  - Vehicle is outside the detection area. (at simulation time 280.800,000,000 s)
2024-06-04 00:13:09,764 INFO  - Sent broadcast CAM message to all vehicles (at simulation time 280.800,000,000 s)
2024-06-04 00:13:09,766 INFO  - Received CAM message from veh_152 (at simulation time 280.801,900,000 s)
2024-06-04 00:13:09,766 INFO  - Atempting to process queue (at simulation time 280.900,000,000 s)
2024-06-04 00:13:09,766 INFO  - Vehicle is outside the detection area. (at simulation time 280.900,000,000 s)
2024-06-04 00:13:09,766 INFO  - Sent broadcast CAM message to all vehicles (at simulation time 280.900,000,000 s)
2024-06-04 00:13:09,768 INFO  - Received CAM message from veh_152 (at simulation time 280.901,900,000 s)
2024-06-04 00:13:09,771 INFO  - Atempting to process queue (at simulation time 281.000,000,000 s)
2024-06-04 00:13:09,771 INFO  - Vehicle is outside the detection area. (at simulation time 281.000,000,000 s)
2024-06-04 00:13:09,771 INFO  - Sent broadcast CAM message to all vehicles (at simulation time 281.000,000,000 s)
2024-06-04 00:13:09,773 INFO  - Received CAM message from veh_152 (at simulation time 281.002,400,000 s)
2024-06-04 00:13:09,773 INFO  - Atempting to process queue (at simulation time 281.100,000,000 s)
2024-06-04 00:13:09,773 INFO  - Vehicle is outside the detection area. (at simulation time 281.100,000,000 s)
2024-06-04 00:13:09,774 INFO  - Sent broadcast CAM message to all vehicles (at simulation time 281.100,000,000 s)
2024-06-04 00:13:09,775 INFO  - Received CAM message from veh_152 (at simulation time 281.101,900,000 s)
2024-06-04 00:13:09,775 INFO  - Atempting to process queue (at simulation time 281.200,000,000 s)
2024-06-04 00:13:09,775 INFO  - Vehicle is outside the detection area. (at simulation time 281.200,000,000 s)
2024-06-04 00:13:09,775 INFO  - Sent broadcast CAM message to all vehicles (at simulation time 281.200,000,000 s)
2024-06-04 00:13:09,776 INFO  - Received CAM message from veh_152 (at simulation time 281.201,400,000 s)
2024-06-04 00:13:09,777 INFO  - Atempting to process queue (at simulation time 281.300,000,000 s)
2024-06-04 00:13:09,777 INFO  - Vehicle is outside the detection area. (at simulation time 281.300,000,000 s)
2024-06-04 00:13:09,777 INFO  - Sent broadcast CAM message to all vehicles (at simulation time 281.300,000,000 s)
2024-06-04 00:13:09,778 INFO  - Received CAM message from veh_152 (at simulation time 281.301,900,000 s)
2024-06-04 00:13:09,779 INFO  - Atempting to process queue (at simulation time 281.400,000,000 s)
2024-06-04 00:13:09,779 INFO  - Vehicle is outside the detection area. (at simulation time 281.400,000,000 s)
2024-06-04 00:13:09,779 INFO  - Sent broadcast CAM message to all vehicles (at simulation time 281.400,000,000 s)
2024-06-04 00:13:09,780 INFO  - Received CAM message from veh_152 (at simulation time 281.400,900,000 s)
2024-06-04 00:13:09,780 INFO  - Atempting to process queue (at simulation time 281.500,000,000 s)
2024-06-04 00:13:09,780 INFO  - Vehicle is outside the detection area. (at simulation time 281.500,000,000 s)
2024-06-04 00:13:09,780 INFO  - Sent broadcast CAM message to all vehicles (at simulation time 281.500,000,000 s)
2024-06-04 00:13:09,782 INFO  - Received CAM message from veh_152 (at simulation time 281.500,900,000 s)
2024-06-04 00:13:09,783 INFO  - Atempting to process queue (at simulation time 281.600,000,000 s)
2024-06-04 00:13:09,783 INFO  - Vehicle is outside the detection area. (at simulation time 281.600,000,000 s)
2024-06-04 00:13:09,783 INFO  - Sent broadcast CAM message to all vehicles (at simulation time 281.600,000,000 s)
2024-06-04 00:13:09,784 INFO  - Received CAM message from veh_152 (at simulation time 281.601,900,000 s)
2024-06-04 00:13:09,784 INFO  - Atempting to process queue (at simulation time 281.700,000,000 s)
2024-06-04 00:13:09,784 INFO  - Vehicle is outside the detection area. (at simulation time 281.700,000,000 s)
2024-06-04 00:13:09,784 INFO  - Sent broadcast CAM message to all vehicles (at simulation time 281.700,000,000 s)
2024-06-04 00:13:09,785 INFO  - Received CAM message from veh_152 (at simulation time 281.700,900,000 s)
2024-06-04 00:13:09,788 INFO  - Atempting to process queue (at simulation time 281.800,000,000 s)
2024-06-04 00:13:09,788 INFO  - Vehicle is outside the detection area. (at simulation time 281.800,000,000 s)
2024-06-04 00:13:09,788 INFO  - Sent broadcast CAM message to all vehicles (at simulation time 281.800,000,000 s)
2024-06-04 00:13:09,790 INFO  - Received CAM message from veh_152 (at simulation time 281.802,400,000 s)
2024-06-04 00:13:09,790 INFO  - Atempting to process queue (at simulation time 281.900,000,000 s)
2024-06-04 00:13:09,790 INFO  - Vehicle is outside the detection area. (at simulation time 281.900,000,000 s)
2024-06-04 00:13:09,790 INFO  - Sent broadcast CAM message to all vehicles (at simulation time 281.900,000,000 s)
2024-06-04 00:13:09,792 INFO  - Received CAM message from veh_152 (at simulation time 281.901,900,000 s)
2024-06-04 00:13:09,795 INFO  - Atempting to process queue (at simulation time 282.000,000,000 s)
2024-06-04 00:13:09,795 INFO  - Vehicle is outside the detection area. (at simulation time 282.000,000,000 s)
2024-06-04 00:13:09,795 INFO  - Sent broadcast CAM message to all vehicles (at simulation time 282.000,000,000 s)
2024-06-04 00:13:09,797 INFO  - Received CAM message from veh_152 (at simulation time 282.001,400,000 s)
2024-06-04 00:13:09,798 INFO  - Atempting to process queue (at simulation time 282.100,000,000 s)
2024-06-04 00:13:09,798 INFO  - Vehicle is outside the detection area. (at simulation time 282.100,000,000 s)
2024-06-04 00:13:09,798 INFO  - Sent broadcast CAM message to all vehicles (at simulation time 282.100,000,000 s)
2024-06-04 00:13:09,799 INFO  - Received CAM message from veh_152 (at simulation time 282.101,400,000 s)
2024-06-04 00:13:09,799 INFO  - Atempting to process queue (at simulation time 282.200,000,000 s)
2024-06-04 00:13:09,799 INFO  - Vehicle is outside the detection area. (at simulation time 282.200,000,000 s)
2024-06-04 00:13:09,799 INFO  - Sent broadcast CAM message to all vehicles (at simulation time 282.200,000,000 s)
2024-06-04 00:13:09,800 INFO  - Received CAM message from veh_152 (at simulation time 282.200,900,000 s)
2024-06-04 00:13:09,801 INFO  - Atempting to process queue (at simulation time 282.300,000,000 s)
2024-06-04 00:13:09,801 INFO  - Vehicle is outside the detection area. (at simulation time 282.300,000,000 s)
2024-06-04 00:13:09,801 INFO  - Sent broadcast CAM message to all vehicles (at simulation time 282.300,000,000 s)
2024-06-04 00:13:09,802 INFO  - Received CAM message from veh_152 (at simulation time 282.302,400,000 s)
2024-06-04 00:13:09,802 INFO  - Atempting to process queue (at simulation time 282.400,000,000 s)
2024-06-04 00:13:09,802 INFO  - Vehicle is outside the detection area. (at simulation time 282.400,000,000 s)
2024-06-04 00:13:09,802 INFO  - Sent broadcast CAM message to all vehicles (at simulation time 282.400,000,000 s)
2024-06-04 00:13:09,803 INFO  - Received CAM message from veh_152 (at simulation time 282.400,900,000 s)
2024-06-04 00:13:09,804 INFO  - Atempting to process queue (at simulation time 282.500,000,000 s)
2024-06-04 00:13:09,804 INFO  - Vehicle is outside the detection area. (at simulation time 282.500,000,000 s)
2024-06-04 00:13:09,804 INFO  - Sent broadcast CAM message to all vehicles (at simulation time 282.500,000,000 s)
2024-06-04 00:13:09,805 INFO  - Received CAM message from veh_152 (at simulation time 282.500,900,000 s)
2024-06-04 00:13:09,806 INFO  - Atempting to process queue (at simulation time 282.600,000,000 s)
2024-06-04 00:13:09,806 INFO  - Vehicle is outside the detection area. (at simulation time 282.600,000,000 s)
2024-06-04 00:13:09,806 INFO  - Sent broadcast CAM message to all vehicles (at simulation time 282.600,000,000 s)
2024-06-04 00:13:09,807 INFO  - Received CAM message from veh_152 (at simulation time 282.602,400,000 s)
2024-06-04 00:13:09,807 INFO  - Atempting to process queue (at simulation time 282.700,000,000 s)
2024-06-04 00:13:09,807 INFO  - Vehicle is outside the detection area. (at simulation time 282.700,000,000 s)
2024-06-04 00:13:09,807 INFO  - Sent broadcast CAM message to all vehicles (at simulation time 282.700,000,000 s)
2024-06-04 00:13:09,808 INFO  - Received CAM message from veh_152 (at simulation time 282.702,400,000 s)
2024-06-04 00:13:09,809 INFO  - Atempting to process queue (at simulation time 282.800,000,000 s)
2024-06-04 00:13:09,809 INFO  - Vehicle is outside the detection area. (at simulation time 282.800,000,000 s)
2024-06-04 00:13:09,809 INFO  - Sent broadcast CAM message to all vehicles (at simulation time 282.800,000,000 s)
2024-06-04 00:13:09,814 INFO  - Received CAM message from veh_152 (at simulation time 282.801,400,000 s)
2024-06-04 00:13:09,828 INFO  - Atempting to process queue (at simulation time 282.900,000,000 s)
2024-06-04 00:13:09,828 INFO  - Vehicle is outside the detection area. (at simulation time 282.900,000,000 s)
2024-06-04 00:13:09,828 INFO  - Sent broadcast CAM message to all vehicles (at simulation time 282.900,000,000 s)
2024-06-04 00:13:09,828 INFO  - Received CAM message from veh_152 (at simulation time 282.900,900,000 s)
2024-06-04 00:13:09,835 INFO  - Atempting to process queue (at simulation time 283.000,000,000 s)
2024-06-04 00:13:09,835 INFO  - Vehicle is outside the detection area. (at simulation time 283.000,000,000 s)
2024-06-04 00:13:09,835 INFO  - Sent broadcast CAM message to all vehicles (at simulation time 283.000,000,000 s)
2024-06-04 00:13:09,839 INFO  - Received CAM message from veh_152 (at simulation time 283.001,900,000 s)
2024-06-04 00:13:09,840 INFO  - Atempting to process queue (at simulation time 283.100,000,000 s)
2024-06-04 00:13:09,840 INFO  - Vehicle is outside the detection area. (at simulation time 283.100,000,000 s)
2024-06-04 00:13:09,840 INFO  - Sent broadcast CAM message to all vehicles (at simulation time 283.100,000,000 s)
2024-06-04 00:13:09,841 INFO  - Received CAM message from veh_152 (at simulation time 283.101,900,000 s)
2024-06-04 00:13:09,842 INFO  - Atempting to process queue (at simulation time 283.200,000,000 s)
2024-06-04 00:13:09,842 INFO  - Vehicle is outside the detection area. (at simulation time 283.200,000,000 s)
2024-06-04 00:13:09,842 INFO  - Sent broadcast CAM message to all vehicles (at simulation time 283.200,000,000 s)
2024-06-04 00:13:09,843 INFO  - Received CAM message from veh_152 (at simulation time 283.202,400,000 s)
2024-06-04 00:13:09,843 INFO  - Atempting to process queue (at simulation time 283.300,000,000 s)
2024-06-04 00:13:09,843 INFO  - Vehicle is outside the detection area. (at simulation time 283.300,000,000 s)
2024-06-04 00:13:09,843 INFO  - Sent broadcast CAM message to all vehicles (at simulation time 283.300,000,000 s)
2024-06-04 00:13:09,844 INFO  - Received CAM message from veh_152 (at simulation time 283.301,400,000 s)
2024-06-04 00:13:09,844 INFO  - Atempting to process queue (at simulation time 283.400,000,000 s)
2024-06-04 00:13:09,844 INFO  - Vehicle is outside the detection area. (at simulation time 283.400,000,000 s)
2024-06-04 00:13:09,844 INFO  - Sent broadcast CAM message to all vehicles (at simulation time 283.400,000,000 s)
2024-06-04 00:13:09,846 INFO  - Received CAM message from veh_152 (at simulation time 283.402,400,000 s)
2024-06-04 00:13:09,846 INFO  - Atempting to process queue (at simulation time 283.500,000,000 s)
2024-06-04 00:13:09,846 INFO  - Vehicle is outside the detection area. (at simulation time 283.500,000,000 s)
2024-06-04 00:13:09,846 INFO  - Sent broadcast CAM message to all vehicles (at simulation time 283.500,000,000 s)
2024-06-04 00:13:09,847 INFO  - Received CAM message from veh_152 (at simulation time 283.502,400,000 s)
2024-06-04 00:13:09,847 INFO  - Atempting to process queue (at simulation time 283.600,000,000 s)
2024-06-04 00:13:09,847 INFO  - Vehicle is outside the detection area. (at simulation time 283.600,000,000 s)
2024-06-04 00:13:09,847 INFO  - Sent broadcast CAM message to all vehicles (at simulation time 283.600,000,000 s)
2024-06-04 00:13:09,848 INFO  - Received CAM message from veh_152 (at simulation time 283.602,400,000 s)
2024-06-04 00:13:09,848 INFO  - Atempting to process queue (at simulation time 283.700,000,000 s)
2024-06-04 00:13:09,848 INFO  - Vehicle is outside the detection area. (at simulation time 283.700,000,000 s)
2024-06-04 00:13:09,848 INFO  - Sent broadcast CAM message to all vehicles (at simulation time 283.700,000,000 s)
2024-06-04 00:13:09,849 INFO  - Received CAM message from veh_152 (at simulation time 283.700,900,000 s)
2024-06-04 00:13:09,850 INFO  - Atempting to process queue (at simulation time 283.800,000,000 s)
2024-06-04 00:13:09,850 INFO  - Vehicle is outside the detection area. (at simulation time 283.800,000,000 s)
2024-06-04 00:13:09,850 INFO  - Sent broadcast CAM message to all vehicles (at simulation time 283.800,000,000 s)
2024-06-04 00:13:09,850 INFO  - Received CAM message from veh_152 (at simulation time 283.800,400,000 s)
2024-06-04 00:13:09,851 INFO  - Atempting to process queue (at simulation time 283.900,000,000 s)
2024-06-04 00:13:09,851 INFO  - Vehicle is outside the detection area. (at simulation time 283.900,000,000 s)
2024-06-04 00:13:09,851 INFO  - Sent broadcast CAM message to all vehicles (at simulation time 283.900,000,000 s)
2024-06-04 00:13:09,852 INFO  - Received CAM message from veh_152 (at simulation time 283.902,400,000 s)
2024-06-04 00:13:09,858 INFO  - Atempting to process queue (at simulation time 284.000,000,000 s)
2024-06-04 00:13:09,858 INFO  - Vehicle is outside the detection area. (at simulation time 284.000,000,000 s)
2024-06-04 00:13:09,858 INFO  - Sent broadcast CAM message to all vehicles (at simulation time 284.000,000,000 s)
2024-06-04 00:13:09,860 INFO  - Received CAM message from veh_152 (at simulation time 284.000,400,000 s)
2024-06-04 00:13:09,861 INFO  - Atempting to process queue (at simulation time 284.100,000,000 s)
2024-06-04 00:13:09,861 INFO  - Vehicle is outside the detection area. (at simulation time 284.100,000,000 s)
2024-06-04 00:13:09,861 INFO  - Sent broadcast CAM message to all vehicles (at simulation time 284.100,000,000 s)
2024-06-04 00:13:09,862 INFO  - Received CAM message from veh_152 (at simulation time 284.100,900,000 s)
2024-06-04 00:13:09,863 INFO  - Atempting to process queue (at simulation time 284.200,000,000 s)
2024-06-04 00:13:09,863 INFO  - Vehicle is outside the detection area. (at simulation time 284.200,000,000 s)
2024-06-04 00:13:09,863 INFO  - Sent broadcast CAM message to all vehicles (at simulation time 284.200,000,000 s)
2024-06-04 00:13:09,865 INFO  - Received CAM message from veh_152 (at simulation time 284.202,400,000 s)
2024-06-04 00:13:09,865 INFO  - Atempting to process queue (at simulation time 284.300,000,000 s)
2024-06-04 00:13:09,865 INFO  - Vehicle is outside the detection area. (at simulation time 284.300,000,000 s)
2024-06-04 00:13:09,865 INFO  - Sent broadcast CAM message to all vehicles (at simulation time 284.300,000,000 s)
2024-06-04 00:13:09,866 INFO  - Received CAM message from veh_152 (at simulation time 284.301,900,000 s)
2024-06-04 00:13:09,866 INFO  - Atempting to process queue (at simulation time 284.400,000,000 s)
2024-06-04 00:13:09,866 INFO  - Vehicle is outside the detection area. (at simulation time 284.400,000,000 s)
2024-06-04 00:13:09,866 INFO  - Sent broadcast CAM message to all vehicles (at simulation time 284.400,000,000 s)
2024-06-04 00:13:09,866 INFO  - Received CAM message from veh_152 (at simulation time 284.400,400,000 s)
2024-06-04 00:13:09,867 INFO  - Atempting to process queue (at simulation time 284.500,000,000 s)
2024-06-04 00:13:09,867 INFO  - Vehicle is outside the detection area. (at simulation time 284.500,000,000 s)
2024-06-04 00:13:09,867 INFO  - Sent broadcast CAM message to all vehicles (at simulation time 284.500,000,000 s)
2024-06-04 00:13:09,868 INFO  - Received CAM message from veh_152 (at simulation time 284.500,400,000 s)
2024-06-04 00:13:09,869 INFO  - Atempting to process queue (at simulation time 284.600,000,000 s)
2024-06-04 00:13:09,869 INFO  - Vehicle is outside the detection area. (at simulation time 284.600,000,000 s)
2024-06-04 00:13:09,869 INFO  - Sent broadcast CAM message to all vehicles (at simulation time 284.600,000,000 s)
2024-06-04 00:13:09,870 INFO  - Received CAM message from veh_152 (at simulation time 284.601,400,000 s)
2024-06-04 00:13:09,870 INFO  - Atempting to process queue (at simulation time 284.700,000,000 s)
2024-06-04 00:13:09,870 INFO  - Vehicle is outside the detection area. (at simulation time 284.700,000,000 s)
2024-06-04 00:13:09,870 INFO  - Sent broadcast CAM message to all vehicles (at simulation time 284.700,000,000 s)
2024-06-04 00:13:09,871 INFO  - Received CAM message from veh_152 (at simulation time 284.702,400,000 s)
2024-06-04 00:13:09,872 INFO  - Atempting to process queue (at simulation time 284.800,000,000 s)
2024-06-04 00:13:09,872 INFO  - Vehicle is outside the detection area. (at simulation time 284.800,000,000 s)
2024-06-04 00:13:09,872 INFO  - Sent broadcast CAM message to all vehicles (at simulation time 284.800,000,000 s)
2024-06-04 00:13:09,872 INFO  - Received CAM message from veh_152 (at simulation time 284.800,900,000 s)
2024-06-04 00:13:09,873 INFO  - Atempting to process queue (at simulation time 284.900,000,000 s)
2024-06-04 00:13:09,873 INFO  - Vehicle is outside the detection area. (at simulation time 284.900,000,000 s)
2024-06-04 00:13:09,873 INFO  - Sent broadcast CAM message to all vehicles (at simulation time 284.900,000,000 s)
2024-06-04 00:13:09,874 INFO  - Received CAM message from veh_152 (at simulation time 284.900,900,000 s)
2024-06-04 00:13:09,880 INFO  - Atempting to process queue (at simulation time 285.000,000,000 s)
2024-06-04 00:13:09,880 INFO  - Vehicle is outside the detection area. (at simulation time 285.000,000,000 s)
2024-06-04 00:13:09,880 INFO  - Sent broadcast CAM message to all vehicles (at simulation time 285.000,000,000 s)
2024-06-04 00:13:09,882 INFO  - Atempting to process queue (at simulation time 285.100,000,000 s)
2024-06-04 00:13:09,882 INFO  - Vehicle is outside the detection area. (at simulation time 285.100,000,000 s)
2024-06-04 00:13:09,882 INFO  - Sent broadcast CAM message to all vehicles (at simulation time 285.100,000,000 s)
2024-06-04 00:13:09,883 INFO  - Atempting to process queue (at simulation time 285.200,000,000 s)
2024-06-04 00:13:09,883 INFO  - Vehicle is outside the detection area. (at simulation time 285.200,000,000 s)
2024-06-04 00:13:09,883 INFO  - Sent broadcast CAM message to all vehicles (at simulation time 285.200,000,000 s)
2024-06-04 00:13:09,884 INFO  - Atempting to process queue (at simulation time 285.300,000,000 s)
2024-06-04 00:13:09,884 INFO  - Vehicle is outside the detection area. (at simulation time 285.300,000,000 s)
2024-06-04 00:13:09,884 INFO  - Sent broadcast CAM message to all vehicles (at simulation time 285.300,000,000 s)
2024-06-04 00:13:09,885 INFO  - Atempting to process queue (at simulation time 285.400,000,000 s)
2024-06-04 00:13:09,885 INFO  - Vehicle is outside the detection area. (at simulation time 285.400,000,000 s)
2024-06-04 00:13:09,885 INFO  - Sent broadcast CAM message to all vehicles (at simulation time 285.400,000,000 s)
2024-06-04 00:13:09,887 INFO  - Atempting to process queue (at simulation time 285.500,000,000 s)
2024-06-04 00:13:09,887 INFO  - Vehicle is outside the detection area. (at simulation time 285.500,000,000 s)
2024-06-04 00:13:09,887 INFO  - Sent broadcast CAM message to all vehicles (at simulation time 285.500,000,000 s)
2024-06-04 00:13:09,889 INFO  - Atempting to process queue (at simulation time 285.600,000,000 s)
2024-06-04 00:13:09,889 INFO  - Vehicle is outside the detection area. (at simulation time 285.600,000,000 s)
2024-06-04 00:13:09,889 INFO  - Sent broadcast CAM message to all vehicles (at simulation time 285.600,000,000 s)
2024-06-04 00:13:09,890 INFO  - Atempting to process queue (at simulation time 285.700,000,000 s)
2024-06-04 00:13:09,890 INFO  - Vehicle is outside the detection area. (at simulation time 285.700,000,000 s)
2024-06-04 00:13:09,890 INFO  - Sent broadcast CAM message to all vehicles (at simulation time 285.700,000,000 s)
2024-06-04 00:13:09,892 INFO  - Atempting to process queue (at simulation time 285.800,000,000 s)
2024-06-04 00:13:09,892 INFO  - Vehicle is outside the detection area. (at simulation time 285.800,000,000 s)
2024-06-04 00:13:09,892 INFO  - Sent broadcast CAM message to all vehicles (at simulation time 285.800,000,000 s)
2024-06-04 00:13:09,893 INFO  - Atempting to process queue (at simulation time 285.900,000,000 s)
2024-06-04 00:13:09,893 INFO  - Vehicle is outside the detection area. (at simulation time 285.900,000,000 s)
2024-06-04 00:13:09,893 INFO  - Sent broadcast CAM message to all vehicles (at simulation time 285.900,000,000 s)
2024-06-04 00:13:09,897 INFO  - Atempting to process queue (at simulation time 286.000,000,000 s)
2024-06-04 00:13:09,897 INFO  - Vehicle is outside the detection area. (at simulation time 286.000,000,000 s)
2024-06-04 00:13:09,897 INFO  - Sent broadcast CAM message to all vehicles (at simulation time 286.000,000,000 s)
2024-06-04 00:13:09,899 INFO  - Atempting to process queue (at simulation time 286.100,000,000 s)
2024-06-04 00:13:09,899 INFO  - Vehicle is outside the detection area. (at simulation time 286.100,000,000 s)
2024-06-04 00:13:09,899 INFO  - Sent broadcast CAM message to all vehicles (at simulation time 286.100,000,000 s)
2024-06-04 00:13:09,900 INFO  - Atempting to process queue (at simulation time 286.200,000,000 s)
2024-06-04 00:13:09,900 INFO  - Vehicle is outside the detection area. (at simulation time 286.200,000,000 s)
2024-06-04 00:13:09,900 INFO  - Sent broadcast CAM message to all vehicles (at simulation time 286.200,000,000 s)
2024-06-04 00:13:09,902 INFO  - Atempting to process queue (at simulation time 286.300,000,000 s)
2024-06-04 00:13:09,902 INFO  - Vehicle is outside the detection area. (at simulation time 286.300,000,000 s)
2024-06-04 00:13:09,902 INFO  - Sent broadcast CAM message to all vehicles (at simulation time 286.300,000,000 s)
2024-06-04 00:13:09,903 INFO  - Atempting to process queue (at simulation time 286.400,000,000 s)
2024-06-04 00:13:09,903 INFO  - Vehicle is outside the detection area. (at simulation time 286.400,000,000 s)
2024-06-04 00:13:09,903 INFO  - Sent broadcast CAM message to all vehicles (at simulation time 286.400,000,000 s)
2024-06-04 00:13:09,905 INFO  - Atempting to process queue (at simulation time 286.500,000,000 s)
2024-06-04 00:13:09,905 INFO  - Vehicle is outside the detection area. (at simulation time 286.500,000,000 s)
2024-06-04 00:13:09,905 INFO  - Sent broadcast CAM message to all vehicles (at simulation time 286.500,000,000 s)
2024-06-04 00:13:09,906 INFO  - Atempting to process queue (at simulation time 286.600,000,000 s)
2024-06-04 00:13:09,906 INFO  - Vehicle is outside the detection area. (at simulation time 286.600,000,000 s)
2024-06-04 00:13:09,906 INFO  - Sent broadcast CAM message to all vehicles (at simulation time 286.600,000,000 s)
2024-06-04 00:13:09,908 INFO  - Atempting to process queue (at simulation time 286.700,000,000 s)
2024-06-04 00:13:09,908 INFO  - Vehicle is outside the detection area. (at simulation time 286.700,000,000 s)
2024-06-04 00:13:09,908 INFO  - Sent broadcast CAM message to all vehicles (at simulation time 286.700,000,000 s)
2024-06-04 00:13:09,909 INFO  - Atempting to process queue (at simulation time 286.800,000,000 s)
2024-06-04 00:13:09,909 INFO  - Vehicle is outside the detection area. (at simulation time 286.800,000,000 s)
2024-06-04 00:13:09,909 INFO  - Sent broadcast CAM message to all vehicles (at simulation time 286.800,000,000 s)
2024-06-04 00:13:09,910 INFO  - Atempting to process queue (at simulation time 286.900,000,000 s)
2024-06-04 00:13:09,910 INFO  - Vehicle is outside the detection area. (at simulation time 286.900,000,000 s)
2024-06-04 00:13:09,910 INFO  - Sent broadcast CAM message to all vehicles (at simulation time 286.900,000,000 s)
2024-06-04 00:13:09,914 INFO  - Shutdown application (at simulation time 287.000,000,000 s)
